TN:
SF:/usr/include/c++/11/bits/basic_string.h
FN:533,_ZNSt7__cxx1112basic_stringIcSt11char_traitsIcESaIcEEC2IS3_EEPKcRKS3_
FNDA:0,_ZNSt7__cxx1112basic_stringIcSt11char_traitsIcESaIcEEC2IS3_EEPKcRKS3_
FN:553,_ZNSt7__cxx1112basic_stringIcSt11char_traitsIcESaIcEEC2IS3_EEmcRKS3_
FNDA:0,_ZNSt7__cxx1112basic_stringIcSt11char_traitsIcESaIcEEC2IS3_EEmcRKS3_
FN:6172,_ZStplIcSt11char_traitsIcESaIcEENSt7__cxx1112basic_stringIT_T0_T1_EEOS8_S9_
FNDA:0,_ZStplIcSt11char_traitsIcESaIcEENSt7__cxx1112basic_stringIT_T0_T1_EEOS8_S9_
FN:6206,_ZStplIcSt11char_traitsIcESaIcEENSt7__cxx1112basic_stringIT_T0_T1_EEOS8_PKS5_
FNDA:0,_ZStplIcSt11char_traitsIcESaIcEENSt7__cxx1112basic_stringIT_T0_T1_EEOS8_PKS5_
FN:6660,_ZNSt7__cxx119to_stringEi
FNDA:0,_ZNSt7__cxx119to_stringEi
DA:533,0
DA:534,0
DA:536,0
DA:539,0
DA:540,0
DA:553,0
DA:554,0
DA:555,0
DA:6172,0
DA:6177,0
DA:6179,0
DA:6182,0
DA:6185,0
DA:6186,0
DA:6187,0
DA:6189,0
DA:6206,0
DA:6208,0
DA:6660,0
DA:6662,0
DA:6663,0
DA:6664,0
DA:6665,0
DA:6666,0
DA:6667,0
DA:6668,0
end_of_record
SF:/usr/include/c++/11/bits/stl_iterator_base_funcs.h
FN:98,_ZSt10__distanceIPKcENSt15iterator_traitsIT_E15difference_typeES3_S3_St26random_access_iterator_tag
FNDA:0,_ZSt10__distanceIPKcENSt15iterator_traitsIT_E15difference_typeES3_S3_St26random_access_iterator_tag
FN:138,_ZSt8distanceIPKcENSt15iterator_traitsIT_E15difference_typeES3_S3_
FNDA:0,_ZSt8distanceIPKcENSt15iterator_traitsIT_E15difference_typeES3_S3_
DA:98,0
DA:104,0
DA:138,0
DA:141,0
DA:142,0
end_of_record
SF:/usr/include/c++/11/bits/alloc_traits.h
FN:463,_ZNSt16allocator_traitsISaIPNSt8__detail15_Hash_node_baseEEE8allocateERS3_m
FNDA:0,_ZNSt16allocator_traitsISaIPNSt8__detail15_Hash_node_baseEEE8allocateERS3_m
FN:463,_ZNSt16allocator_traitsISaI24napi_property_descriptorEE8allocateERS1_m
FNDA:0,_ZNSt16allocator_traitsISaI24napi_property_descriptorEE8allocateERS1_m
FN:463,_ZNSt16allocator_traitsISaINSt8__detail10_Hash_nodeIPhLb0EEEEE8allocateERS4_m
FNDA:0,_ZNSt16allocator_traitsISaINSt8__detail10_Hash_nodeIPhLb0EEEEE8allocateERS4_m
FN:463,_ZNSt16allocator_traitsISaI11AsyncBufferEE8allocateERS1_m
FNDA:0,_ZNSt16allocator_traitsISaI11AsyncBufferEE8allocateERS1_m
FN:495,_ZNSt16allocator_traitsISaIP12napi_value__EE10deallocateERS2_PS1_m
FNDA:0,_ZNSt16allocator_traitsISaIP12napi_value__EE10deallocateERS2_PS1_m
FN:495,_ZNSt16allocator_traitsISaIPNSt8__detail15_Hash_node_baseEEE10deallocateERS3_PS2_m
FNDA:0,_ZNSt16allocator_traitsISaIPNSt8__detail15_Hash_node_baseEEE10deallocateERS3_PS2_m
FN:495,_ZNSt16allocator_traitsISaI24napi_property_descriptorEE10deallocateERS1_PS0_m
FNDA:0,_ZNSt16allocator_traitsISaI24napi_property_descriptorEE10deallocateERS1_PS0_m
FN:495,_ZNSt16allocator_traitsISaI11AsyncBufferEE10deallocateERS1_PS0_m
FNDA:0,_ZNSt16allocator_traitsISaI11AsyncBufferEE10deallocateERS1_PS0_m
FN:495,_ZNSt16allocator_traitsISaINSt8__detail10_Hash_nodeIPhLb0EEEEE10deallocateERS4_PS3_m
FNDA:0,_ZNSt16allocator_traitsISaINSt8__detail10_Hash_nodeIPhLb0EEEEE10deallocateERS4_PS3_m
FN:511,_ZNSt16allocator_traitsISaI11AsyncBufferEE9constructIS0_JS0_EEEvRS1_PT_DpOT0_
FNDA:0,_ZNSt16allocator_traitsISaI11AsyncBufferEE9constructIS0_JS0_EEEvRS1_PT_DpOT0_
FN:511,_ZNSt16allocator_traitsISaINSt8__detail10_Hash_nodeIPhLb0EEEEE9constructIS2_JRS2_EEEvRS4_PT_DpOT0_
FNDA:0,_ZNSt16allocator_traitsISaINSt8__detail10_Hash_nodeIPhLb0EEEEE9constructIS2_JRS2_EEEvRS4_PT_DpOT0_
FN:531,_ZNSt16allocator_traitsISaINSt8__detail10_Hash_nodeIPhLb0EEEEE7destroyIS2_EEvRS4_PT_
FNDA:0,_ZNSt16allocator_traitsISaINSt8__detail10_Hash_nodeIPhLb0EEEEE7destroyIS2_EEvRS4_PT_
FN:531,_ZNSt16allocator_traitsISaI11AsyncBufferEE7destroyIS0_EEvRS1_PT_
FNDA:0,_ZNSt16allocator_traitsISaI11AsyncBufferEE7destroyIS0_EEvRS1_PT_
FN:547,_ZNSt16allocator_traitsISaI24napi_property_descriptorEE8max_sizeERKS1_
FNDA:0,_ZNSt16allocator_traitsISaI24napi_property_descriptorEE8max_sizeERKS1_
FN:547,_ZNSt16allocator_traitsISaI11AsyncBufferEE8max_sizeERKS1_
FNDA:0,_ZNSt16allocator_traitsISaI11AsyncBufferEE8max_sizeERKS1_
FN:851,_ZSt8_DestroyIP24napi_property_descriptorS0_EvT_S2_RSaIT0_E
FNDA:0,_ZSt8_DestroyIP24napi_property_descriptorS0_EvT_S2_RSaIT0_E
FN:851,_ZSt8_DestroyIP11AsyncBufferS0_EvT_S2_RSaIT0_E
FNDA:0,_ZSt8_DestroyIP11AsyncBufferS0_EvT_S2_RSaIT0_E
FN:851,_ZSt8_DestroyIPP12napi_value__S1_EvT_S3_RSaIT0_E
FNDA:0,_ZSt8_DestroyIPP12napi_value__S1_EvT_S3_RSaIT0_E
DA:463,0
DA:464,0
DA:463,0
DA:464,0
DA:463,0
DA:464,0
DA:463,0
DA:464,0
DA:495,0
DA:496,0
DA:495,0
DA:496,0
DA:495,0
DA:496,0
DA:495,0
DA:496,0
DA:495,0
DA:496,0
DA:511,0
DA:516,0
DA:520,0
DA:511,0
DA:516,0
DA:520,0
DA:531,0
DA:535,0
DA:539,0
DA:531,0
DA:535,0
DA:539,0
DA:547,0
DA:550,0
DA:547,0
DA:550,0
DA:851,0
DA:854,0
DA:855,0
DA:851,0
DA:854,0
DA:855,0
DA:851,0
DA:854,0
DA:855,0
end_of_record
SF:/usr/include/c++/11/bits/functional_hash.h
FN:110,_ZNKSt4hashIPhEclES0_
FNDA:0,_ZNKSt4hashIPhEclES0_
DA:110,0
DA:111,0
end_of_record
SF:/usr/include/c++/11/bits/exception.h
FN:64,_ZNSt9exceptionC2Ev
FNDA:0,_ZNSt9exceptionC2Ev
DA:64,0
end_of_record
SF:/usr/include/c++/11/bits/unordered_set.h
FN:135,_ZNSt13unordered_setIPhSt4hashIS0_ESt8equal_toIS0_ESaIS0_EEC2Ev
FNDA:0,_ZNSt13unordered_setIPhSt4hashIS0_ESt8equal_toIS0_ESaIS0_EEC2Ev
FN:334,_ZNSt13unordered_setIPhSt4hashIS0_ESt8equal_toIS0_ESaIS0_EE3endEv
FNDA:0,_ZNSt13unordered_setIPhSt4hashIS0_ESt8equal_toIS0_ESaIS0_EE3endEv
FN:377,_ZNSt13unordered_setIPhSt4hashIS0_ESt8equal_toIS0_ESaIS0_EE7emplaceIJRS0_EEESt4pairINSt8__detail14_Node_iteratorIS0_Lb1ELb0EEEbEDpOT_
FNDA:0,_ZNSt13unordered_setIPhSt4hashIS0_ESt8equal_toIS0_ESaIS0_EE7emplaceIJRS0_EEESt4pairINSt8__detail14_Node_iteratorIS0_Lb1ELb0EEEbEDpOT_
FN:545,_ZNSt13unordered_setIPhSt4hashIS0_ESt8equal_toIS0_ESaIS0_EE5eraseERKS0_
FNDA:0,_ZNSt13unordered_setIPhSt4hashIS0_ESt8equal_toIS0_ESaIS0_EE5eraseERKS0_
FN:650,_ZNSt13unordered_setIPhSt4hashIS0_ESt8equal_toIS0_ESaIS0_EE4findERKS0_
FNDA:0,_ZNSt13unordered_setIPhSt4hashIS0_ESt8equal_toIS0_ESaIS0_EE4findERKS0_
DA:135,0
DA:334,0
DA:335,0
DA:377,0
DA:378,0
DA:545,0
DA:546,0
DA:650,0
DA:651,0
end_of_record
SF:/usr/include/c++/11/tuple
FN:80,_ZNSt10_Head_baseILm1ESt14default_deleteISt6vectorI11AsyncBufferSaIS2_EEELb1EEC2Ev
FNDA:0,_ZNSt10_Head_baseILm1ESt14default_deleteISt6vectorI11AsyncBufferSaIS2_EEELb1EEC2Ev
FN:80,_ZNSt10_Head_baseILm1E7CloseFDLb1EEC2Ev
FNDA:0,_ZNSt10_Head_baseILm1E7CloseFDLb1EEC2Ev
FN:124,_ZNSt10_Head_baseILm1E7CloseFDLb1EE7_M_headERS1_
FNDA:0,_ZNSt10_Head_baseILm1E7CloseFDLb1EE7_M_headERS1_
FN:124,_ZNSt10_Head_baseILm1ESt14default_deleteISt6vectorI11AsyncBufferSaIS2_EEELb1EE7_M_headERS6_
FNDA:0,_ZNSt10_Head_baseILm1ESt14default_deleteISt6vectorI11AsyncBufferSaIS2_EEELb1EE7_M_headERS6_
FN:189,_ZNSt10_Head_baseILm0EPSt6vectorI11AsyncBufferSaIS1_EELb0EEC2Ev
FNDA:0,_ZNSt10_Head_baseILm0EPSt6vectorI11AsyncBufferSaIS1_EELb0EEC2Ev
FN:189,_ZNSt10_Head_baseILm0EPiLb0EEC2Ev
FNDA:0,_ZNSt10_Head_baseILm0EPiLb0EEC2Ev
FN:233,_ZNSt10_Head_baseILm0EPSt6vectorI11AsyncBufferSaIS1_EELb0EE7_M_headERS5_
FNDA:0,_ZNSt10_Head_baseILm0EPSt6vectorI11AsyncBufferSaIS1_EELb0EE7_M_headERS5_
FN:233,_ZNSt10_Head_baseILm0EPiLb0EE7_M_headERS1_
FNDA:0,_ZNSt10_Head_baseILm0EPiLb0EE7_M_headERS1_
FN:236,_ZNSt10_Head_baseILm0EPSt6vectorI11AsyncBufferSaIS1_EELb0EE7_M_headERKS5_
FNDA:0,_ZNSt10_Head_baseILm0EPSt6vectorI11AsyncBufferSaIS1_EELb0EE7_M_headERKS5_
FN:236,_ZNSt10_Head_baseILm0EPiLb0EE7_M_headERKS1_
FNDA:0,_ZNSt10_Head_baseILm0EPiLb0EE7_M_headERKS1_
FN:268,_ZNSt11_Tuple_implILm0EJPSt6vectorI11AsyncBufferSaIS1_EESt14default_deleteIS3_EEE7_M_headERS7_
FNDA:0,_ZNSt11_Tuple_implILm0EJPSt6vectorI11AsyncBufferSaIS1_EESt14default_deleteIS3_EEE7_M_headERS7_
FN:268,_ZNSt11_Tuple_implILm0EJPi7CloseFDEE7_M_headERS2_
FNDA:0,_ZNSt11_Tuple_implILm0EJPi7CloseFDEE7_M_headERS2_
FN:271,_ZNSt11_Tuple_implILm0EJPi7CloseFDEE7_M_headERKS2_
FNDA:0,_ZNSt11_Tuple_implILm0EJPi7CloseFDEE7_M_headERKS2_
FN:271,_ZNSt11_Tuple_implILm0EJPSt6vectorI11AsyncBufferSaIS1_EESt14default_deleteIS3_EEE7_M_headERKS7_
FNDA:0,_ZNSt11_Tuple_implILm0EJPSt6vectorI11AsyncBufferSaIS1_EESt14default_deleteIS3_EEE7_M_headERKS7_
FN:279,_ZNSt11_Tuple_implILm0EJPi7CloseFDEEC2Ev
FNDA:0,_ZNSt11_Tuple_implILm0EJPi7CloseFDEEC2Ev
FN:279,_ZNSt11_Tuple_implILm0EJPSt6vectorI11AsyncBufferSaIS1_EESt14default_deleteIS3_EEEC2Ev
FNDA:0,_ZNSt11_Tuple_implILm0EJPSt6vectorI11AsyncBufferSaIS1_EESt14default_deleteIS3_EEEC2Ev
FN:301,_ZNSt11_Tuple_implILm0EJPSt6vectorI11AsyncBufferSaIS1_EESt14default_deleteIS3_EEEC2EOS7_
FNDA:0,_ZNSt11_Tuple_implILm0EJPSt6vectorI11AsyncBufferSaIS1_EESt14default_deleteIS3_EEEC2EOS7_
FN:424,_ZNSt11_Tuple_implILm1EJ7CloseFDEE7_M_headERS1_
FNDA:0,_ZNSt11_Tuple_implILm1EJ7CloseFDEE7_M_headERS1_
FN:424,_ZNSt11_Tuple_implILm1EJSt14default_deleteISt6vectorI11AsyncBufferSaIS2_EEEEE7_M_headERS6_
FNDA:0,_ZNSt11_Tuple_implILm1EJSt14default_deleteISt6vectorI11AsyncBufferSaIS2_EEEEE7_M_headERS6_
FN:430,_ZNSt11_Tuple_implILm1EJSt14default_deleteISt6vectorI11AsyncBufferSaIS2_EEEEEC2Ev
FNDA:0,_ZNSt11_Tuple_implILm1EJSt14default_deleteISt6vectorI11AsyncBufferSaIS2_EEEEEC2Ev
FN:430,_ZNSt11_Tuple_implILm1EJ7CloseFDEEC2Ev
FNDA:0,_ZNSt11_Tuple_implILm1EJ7CloseFDEEC2Ev
FN:454,_ZNSt11_Tuple_implILm1EJSt14default_deleteISt6vectorI11AsyncBufferSaIS2_EEEEEC2EOS6_
FNDA:0,_ZNSt11_Tuple_implILm1EJSt14default_deleteISt6vectorI11AsyncBufferSaIS2_EEEEEC2EOS6_
FN:1053,_ZNSt5tupleIJPSt6vectorI11AsyncBufferSaIS1_EESt14default_deleteIS3_EEEC2ILb1ELb1EEEv
FNDA:0,_ZNSt5tupleIJPSt6vectorI11AsyncBufferSaIS1_EESt14default_deleteIS3_EEEC2ILb1ELb1EEEv
FN:1053,_ZNSt5tupleIJPi7CloseFDEEC2ILb1ELb1EEEv
FNDA:0,_ZNSt5tupleIJPi7CloseFDEEC2ILb1ELb1EEEv
FN:1094,_ZNSt5tupleIJPSt6vectorI11AsyncBufferSaIS1_EESt14default_deleteIS3_EEEC2EOS7_
FNDA:0,_ZNSt5tupleIJPSt6vectorI11AsyncBufferSaIS1_EESt14default_deleteIS3_EEEC2EOS7_
FN:1381,_ZSt12__get_helperILm1E7CloseFDJEERT0_RSt11_Tuple_implIXT_EJS1_DpT1_EE
FNDA:0,_ZSt12__get_helperILm1E7CloseFDJEERT0_RSt11_Tuple_implIXT_EJS1_DpT1_EE
FN:1381,_ZSt12__get_helperILm1ESt14default_deleteISt6vectorI11AsyncBufferSaIS2_EEEJEERT0_RSt11_Tuple_implIXT_EJS6_DpT1_EE
FNDA:0,_ZSt12__get_helperILm1ESt14default_deleteISt6vectorI11AsyncBufferSaIS2_EEEJEERT0_RSt11_Tuple_implIXT_EJS6_DpT1_EE
FN:1381,_ZSt12__get_helperILm0EPSt6vectorI11AsyncBufferSaIS1_EEJSt14default_deleteIS3_EEERT0_RSt11_Tuple_implIXT_EJS7_DpT1_EE
FNDA:0,_ZSt12__get_helperILm0EPSt6vectorI11AsyncBufferSaIS1_EEJSt14default_deleteIS3_EEERT0_RSt11_Tuple_implIXT_EJS7_DpT1_EE
FN:1381,_ZSt12__get_helperILm0EPiJ7CloseFDEERT0_RSt11_Tuple_implIXT_EJS2_DpT1_EE
FNDA:0,_ZSt12__get_helperILm0EPiJ7CloseFDEERT0_RSt11_Tuple_implIXT_EJS2_DpT1_EE
FN:1386,_ZSt12__get_helperILm0EPiJ7CloseFDEERKT0_RKSt11_Tuple_implIXT_EJS2_DpT1_EE
FNDA:0,_ZSt12__get_helperILm0EPiJ7CloseFDEERKT0_RKSt11_Tuple_implIXT_EJS2_DpT1_EE
FN:1386,_ZSt12__get_helperILm0EPSt6vectorI11AsyncBufferSaIS1_EEJSt14default_deleteIS3_EEERKT0_RKSt11_Tuple_implIXT_EJS7_DpT1_EE
FNDA:0,_ZSt12__get_helperILm0EPSt6vectorI11AsyncBufferSaIS1_EEJSt14default_deleteIS3_EEERKT0_RKSt11_Tuple_implIXT_EJS7_DpT1_EE
FN:1397,_ZSt3getILm1EJPSt6vectorI11AsyncBufferSaIS1_EESt14default_deleteIS3_EEERNSt13tuple_elementIXT_ESt5tupleIJDpT0_EEE4typeERSB_
FNDA:0,_ZSt3getILm1EJPSt6vectorI11AsyncBufferSaIS1_EESt14default_deleteIS3_EEERNSt13tuple_elementIXT_ESt5tupleIJDpT0_EEE4typeERSB_
FN:1397,_ZSt3getILm0EJPSt6vectorI11AsyncBufferSaIS1_EESt14default_deleteIS3_EEERNSt13tuple_elementIXT_ESt5tupleIJDpT0_EEE4typeERSB_
FNDA:0,_ZSt3getILm0EJPSt6vectorI11AsyncBufferSaIS1_EESt14default_deleteIS3_EEERNSt13tuple_elementIXT_ESt5tupleIJDpT0_EEE4typeERSB_
FN:1397,_ZSt3getILm0EJPi7CloseFDEERNSt13tuple_elementIXT_ESt5tupleIJDpT0_EEE4typeERS6_
FNDA:0,_ZSt3getILm0EJPi7CloseFDEERNSt13tuple_elementIXT_ESt5tupleIJDpT0_EEE4typeERS6_
FN:1397,_ZSt3getILm1EJPi7CloseFDEERNSt13tuple_elementIXT_ESt5tupleIJDpT0_EEE4typeERS6_
FNDA:0,_ZSt3getILm1EJPi7CloseFDEERNSt13tuple_elementIXT_ESt5tupleIJDpT0_EEE4typeERS6_
FN:1403,_ZSt3getILm0EJPi7CloseFDEERKNSt13tuple_elementIXT_ESt5tupleIJDpT0_EEE4typeERKS6_
FNDA:0,_ZSt3getILm0EJPi7CloseFDEERKNSt13tuple_elementIXT_ESt5tupleIJDpT0_EEE4typeERKS6_
FN:1403,_ZSt3getILm0EJPSt6vectorI11AsyncBufferSaIS1_EESt14default_deleteIS3_EEERKNSt13tuple_elementIXT_ESt5tupleIJDpT0_EEE4typeERKSB_
FNDA:0,_ZSt3getILm0EJPSt6vectorI11AsyncBufferSaIS1_EESt14default_deleteIS3_EEERKNSt13tuple_elementIXT_ESt5tupleIJDpT0_EEE4typeERKSB_
DA:80,0
DA:81,0
DA:80,0
DA:81,0
DA:124,0
DA:124,0
DA:189,0
DA:190,0
DA:189,0
DA:190,0
DA:233,0
DA:233,0
DA:236,0
DA:236,0
DA:268,0
DA:268,0
DA:271,0
DA:271,0
DA:279,0
DA:280,0
DA:279,0
DA:280,0
DA:301,0
DA:424,0
DA:424,0
DA:430,0
DA:431,0
DA:430,0
DA:431,0
DA:454,0
DA:457,0
DA:1053,0
DA:1055,0
DA:1053,0
DA:1055,0
DA:1094,0
DA:1381,0
DA:1382,0
DA:1381,0
DA:1382,0
DA:1381,0
DA:1382,0
DA:1381,0
DA:1382,0
DA:1386,0
DA:1387,0
DA:1386,0
DA:1387,0
DA:1397,0
DA:1398,0
DA:1397,0
DA:1398,0
DA:1397,0
DA:1398,0
DA:1397,0
DA:1398,0
DA:1403,0
DA:1404,0
DA:1403,0
DA:1404,0
end_of_record
SF:/usr/include/c++/11/initializer_list
FN:71,_ZNKSt16initializer_listIN4Napi23ClassPropertyDescriptorI9DisruptorEEE4sizeEv
FNDA:0,_ZNKSt16initializer_listIN4Napi23ClassPropertyDescriptorI9DisruptorEEE4sizeEv
FN:71,_ZNKSt16initializer_listIP12napi_value__E4sizeEv
FNDA:0,_ZNKSt16initializer_listIP12napi_value__E4sizeEv
FN:75,_ZNKSt16initializer_listIN4Napi23ClassPropertyDescriptorI9DisruptorEEE5beginEv
FNDA:0,_ZNKSt16initializer_listIN4Napi23ClassPropertyDescriptorI9DisruptorEEE5beginEv
FN:75,_ZNKSt16initializer_listIP12napi_value__E5beginEv
FNDA:0,_ZNKSt16initializer_listIP12napi_value__E5beginEv
DA:71,0
DA:71,0
DA:75,0
DA:75,0
end_of_record
SF:/usr/include/c++/11/bits/char_traits.h
FN:106,_ZN9__gnu_cxx11char_traitsIcE2eqERKcS3_
FNDA:0,_ZN9__gnu_cxx11char_traitsIcE2eqERKcS3_
FN:167,_ZN9__gnu_cxx11char_traitsIcE6lengthEPKc
FNDA:0,_ZN9__gnu_cxx11char_traitsIcE6lengthEPKc
FN:393,_ZNSt11char_traitsIcE6lengthEPKc
FNDA:0,_ZNSt11char_traitsIcE6lengthEPKc
FN:429,_ZNSt11char_traitsIcE4copyEPcPKcm
FNDA:0,_ZNSt11char_traitsIcE4copyEPcPKcm
DA:106,0
DA:107,0
DA:167,0
DA:170,0
DA:171,0
DA:172,0
DA:173,0
DA:290,0
DA:393,0
DA:396,0
DA:397,0
DA:399,0
DA:429,0
DA:431,0
DA:432,0
DA:437,0
end_of_record
SF:/usr/include/c++/11/bits/vector.tcc
FN:611,_ZNSt6vectorI11AsyncBufferSaIS0_EE17_M_default_appendEm
FNDA:0,_ZNSt6vectorI11AsyncBufferSaIS0_EE17_M_default_appendEm
DA:611,0
DA:614,0
DA:616,0
DA:617,0
DA:618,0
DA:620,0
DA:621,0
DA:623,0
DA:626,0
DA:627,0
DA:628,0
DA:634,0
DA:635,0
DA:640,0
DA:641,0
DA:643,0
DA:645,0
DA:646,0
DA:648,0
DA:649,0
DA:675,0
DA:676,0
DA:677,0
DA:678,0
DA:679,0
DA:680,0
DA:683,0
end_of_record
SF:/home/david/shared-memory-disruptor/node_modules/node-addon-api/napi-inl.h
FN:33,_ZN4Napi7detailsL10AttachDataINS_18MethodCallbackDataI9DisruptorPFNS_5ValueERKNS_12CallbackInfoEEEEEE11napi_statusP10napi_env__P12napi_value__PT_PFvSD_PvSI_ESI_
FNDA:0,_ZN4Napi7detailsL10AttachDataINS_18MethodCallbackDataI9DisruptorPFNS_5ValueERKNS_12CallbackInfoEEEEEE11napi_statusP10napi_env__P12napi_value__PT_PFvSD_PvSI_ESI_
FN:33,_ZN4Napi7detailsL10AttachDataINS_20AccessorCallbackDataI9DisruptorPFNS_5ValueERKNS_12CallbackInfoEEPFvS7_RKS4_EEEEE11napi_statusP10napi_env__P12napi_value__PT_PFvSH_PvSM_ESM_
FNDA:0,_ZN4Napi7detailsL10AttachDataINS_20AccessorCallbackDataI9DisruptorPFNS_5ValueERKNS_12CallbackInfoEEPFvS7_RKS4_EEEEE11napi_statusP10napi_env__P12napi_value__PT_PFvSH_PvSM_ESM_
FN:33,_ZN4Napi7detailsL10AttachDataINS_18MethodCallbackDataI9DisruptorMS3_FvRKNS_12CallbackInfoEEEEEE11napi_statusP10napi_env__P12napi_value__PT_PFvSC_PvSH_ESH_
FNDA:0,_ZN4Napi7detailsL10AttachDataINS_18MethodCallbackDataI9DisruptorMS3_FvRKNS_12CallbackInfoEEEEEE11napi_statusP10napi_env__P12napi_value__PT_PFvSC_PvSH_ESH_
FN:33,_ZN4Napi7detailsL10AttachDataINS_18MethodCallbackDataI9DisruptorMS3_FNS_5ValueERKNS_12CallbackInfoEEEEEE11napi_statusP10napi_env__P12napi_value__PT_PFvSD_PvSI_ESI_
FNDA:0,_ZN4Napi7detailsL10AttachDataINS_18MethodCallbackDataI9DisruptorMS3_FNS_5ValueERKNS_12CallbackInfoEEEEEE11napi_statusP10napi_env__P12napi_value__PT_PFvSD_PvSI_ESI_
FN:33,_ZN4Napi7detailsL10AttachDataINS_20AccessorCallbackDataI9DisruptorMS3_FNS_5ValueERKNS_12CallbackInfoEEMS3_FvS7_RKS4_EEEEE11napi_statusP10napi_env__P12napi_value__PT_PFvSH_PvSM_ESM_
FNDA:0,_ZN4Napi7detailsL10AttachDataINS_20AccessorCallbackDataI9DisruptorMS3_FNS_5ValueERKNS_12CallbackInfoEEMS3_FvS7_RKS4_EEEEE11napi_statusP10napi_env__P12napi_value__PT_PFvSH_PvSM_ESM_
FN:33,_ZN4Napi7detailsL10AttachDataINS_18MethodCallbackDataI9DisruptorPFvRKNS_12CallbackInfoEEEEEE11napi_statusP10napi_env__P12napi_value__PT_PFvSC_PvSH_ESH_
FNDA:0,_ZN4Napi7detailsL10AttachDataINS_18MethodCallbackDataI9DisruptorPFvRKNS_12CallbackInfoEEEEEE11napi_statusP10napi_env__P12napi_value__PT_PFvSC_PvSH_ESH_
FN:40,_ZZN4Napi7detailsL10AttachDataINS_18MethodCallbackDataI9DisruptorPFNS_5ValueERKNS_12CallbackInfoEEEEEE11napi_statusP10napi_env__P12napi_value__PT_PFvSD_PvSI_ESI_ENKUlSD_SI_SI_E_clESD_SI_SI_
FNDA:0,_ZZN4Napi7detailsL10AttachDataINS_18MethodCallbackDataI9DisruptorPFNS_5ValueERKNS_12CallbackInfoEEEEEE11napi_statusP10napi_env__P12napi_value__PT_PFvSD_PvSI_ESI_ENKUlSD_SI_SI_E_clESD_SI_SI_
FN:40,_ZZN4Napi7detailsL10AttachDataINS_20AccessorCallbackDataI9DisruptorMS3_FNS_5ValueERKNS_12CallbackInfoEEMS3_FvS7_RKS4_EEEEE11napi_statusP10napi_env__P12napi_value__PT_PFvSH_PvSM_ESM_ENKUlSH_SM_SM_E_clESH_SM_SM_
FNDA:0,_ZZN4Napi7detailsL10AttachDataINS_20AccessorCallbackDataI9DisruptorMS3_FNS_5ValueERKNS_12CallbackInfoEEMS3_FvS7_RKS4_EEEEE11napi_statusP10napi_env__P12napi_value__PT_PFvSH_PvSM_ESM_ENKUlSH_SM_SM_E_clESH_SM_SM_
FN:40,_ZZN4Napi7detailsL10AttachDataINS_18MethodCallbackDataI9DisruptorMS3_FNS_5ValueERKNS_12CallbackInfoEEEEEE11napi_statusP10napi_env__P12napi_value__PT_PFvSD_PvSI_ESI_ENKUlSD_SI_SI_E_clESD_SI_SI_
FNDA:0,_ZZN4Napi7detailsL10AttachDataINS_18MethodCallbackDataI9DisruptorMS3_FNS_5ValueERKNS_12CallbackInfoEEEEEE11napi_statusP10napi_env__P12napi_value__PT_PFvSD_PvSI_ESI_ENKUlSD_SI_SI_E_clESD_SI_SI_
FN:40,_ZZN4Napi7detailsL10AttachDataINS_20AccessorCallbackDataI9DisruptorPFNS_5ValueERKNS_12CallbackInfoEEPFvS7_RKS4_EEEEE11napi_statusP10napi_env__P12napi_value__PT_PFvSH_PvSM_ESM_ENKUlSH_SM_SM_E_clESH_SM_SM_
FNDA:0,_ZZN4Napi7detailsL10AttachDataINS_20AccessorCallbackDataI9DisruptorPFNS_5ValueERKNS_12CallbackInfoEEPFvS7_RKS4_EEEEE11napi_statusP10napi_env__P12napi_value__PT_PFvSH_PvSM_ESM_ENKUlSH_SM_SM_E_clESH_SM_SM_
FN:40,_ZZN4Napi7detailsL10AttachDataINS_18MethodCallbackDataI9DisruptorPFvRKNS_12CallbackInfoEEEEEE11napi_statusP10napi_env__P12napi_value__PT_PFvSC_PvSH_ESH_ENKUlSC_SH_SH_E_clESC_SH_SH_
FNDA:0,_ZZN4Napi7detailsL10AttachDataINS_18MethodCallbackDataI9DisruptorPFvRKNS_12CallbackInfoEEEEEE11napi_statusP10napi_env__P12napi_value__PT_PFvSC_PvSH_ESH_ENKUlSC_SH_SH_E_clESC_SH_SH_
FN:40,_ZZN4Napi7detailsL10AttachDataINS_18MethodCallbackDataI9DisruptorMS3_FvRKNS_12CallbackInfoEEEEEE11napi_statusP10napi_env__P12napi_value__PT_PFvSC_PvSH_ESH_ENKUlSC_SH_SH_E_clESC_SH_SH_
FNDA:0,_ZZN4Napi7detailsL10AttachDataINS_18MethodCallbackDataI9DisruptorMS3_FvRKNS_12CallbackInfoEEEEEE11napi_statusP10napi_env__P12napi_value__PT_PFvSC_PvSH_ESH_ENKUlSC_SH_SH_E_clESC_SH_SH_
FN:76,_ZN4Napi7details12WrapCallbackIZNS0_L25TemplatedInstanceCallbackI9DisruptorXadL_ZNS3_14GetElementSizeERKNS_12CallbackInfoEEEEEP12napi_value__P10napi_env__P20napi_callback_info__EUlvE_EES8_T_
FNDA:0,_ZN4Napi7details12WrapCallbackIZNS0_L25TemplatedInstanceCallbackI9DisruptorXadL_ZNS3_14GetElementSizeERKNS_12CallbackInfoEEEEEP12napi_value__P10napi_env__P20napi_callback_info__EUlvE_EES8_T_
FN:76,_ZN4Napi7details12WrapCallbackIZNS0_L25TemplatedInstanceCallbackI9DisruptorXadL_ZNS3_7GetSpinERKNS_12CallbackInfoEEEEEP12napi_value__P10napi_env__P20napi_callback_info__EUlvE_EES8_T_
FNDA:0,_ZN4Napi7details12WrapCallbackIZNS0_L25TemplatedInstanceCallbackI9DisruptorXadL_ZNS3_7GetSpinERKNS_12CallbackInfoEEEEEP12napi_value__P10napi_env__P20napi_callback_info__EUlvE_EES8_T_
FN:76,_ZN4Napi7details12WrapCallbackIZNS0_L25TemplatedInstanceCallbackI9DisruptorXadL_ZNS3_9GetStatusERKNS_12CallbackInfoEEEEEP12napi_value__P10napi_env__P20napi_callback_info__EUlvE_EES8_T_
FNDA:0,_ZN4Napi7details12WrapCallbackIZNS0_L25TemplatedInstanceCallbackI9DisruptorXadL_ZNS3_9GetStatusERKNS_12CallbackInfoEEEEEP12napi_value__P10napi_env__P20napi_callback_info__EUlvE_EES8_T_
FN:76,_ZN4Napi7details12WrapCallbackIZNS0_L25TemplatedInstanceCallbackI9DisruptorXadL_ZNS3_12GetConsumersERKNS_12CallbackInfoEEEEEP12napi_value__P10napi_env__P20napi_callback_info__EUlvE_EES8_T_
FNDA:0,_ZN4Napi7details12WrapCallbackIZNS0_L25TemplatedInstanceCallbackI9DisruptorXadL_ZNS3_12GetConsumersERKNS_12CallbackInfoEEEEEP12napi_value__P10napi_env__P20napi_callback_info__EUlvE_EES8_T_
FN:76,_ZN4Napi7details12WrapCallbackIZNS0_L25TemplatedInstanceCallbackI9DisruptorXadL_ZNS3_9GetCursorERKNS_12CallbackInfoEEEEEP12napi_value__P10napi_env__P20napi_callback_info__EUlvE_EES8_T_
FNDA:0,_ZN4Napi7details12WrapCallbackIZNS0_L25TemplatedInstanceCallbackI9DisruptorXadL_ZNS3_9GetCursorERKNS_12CallbackInfoEEEEEP12napi_value__P10napi_env__P20napi_callback_info__EUlvE_EES8_T_
FN:76,_ZN4Napi7details12WrapCallbackIZNS0_L25TemplatedInstanceCallbackI9DisruptorXadL_ZNS3_7GetNextERKNS_12CallbackInfoEEEEEP12napi_value__P10napi_env__P20napi_callback_info__EUlvE_EES8_T_
FNDA:0,_ZN4Napi7details12WrapCallbackIZNS0_L25TemplatedInstanceCallbackI9DisruptorXadL_ZNS3_7GetNextERKNS_12CallbackInfoEEEEEP12napi_value__P10napi_env__P20napi_callback_info__EUlvE_EES8_T_
FN:76,_ZN4Napi7details12WrapCallbackIZNS0_L25TemplatedInstanceCallbackI9DisruptorXadL_ZNS3_17GetPendingSeqNextERKNS_12CallbackInfoEEEEEP12napi_value__P10napi_env__P20napi_callback_info__EUlvE_EES8_T_
FNDA:0,_ZN4Napi7details12WrapCallbackIZNS0_L25TemplatedInstanceCallbackI9DisruptorXadL_ZNS3_17GetPendingSeqNextERKNS_12CallbackInfoEEEEEP12napi_value__P10napi_env__P20napi_callback_info__EUlvE_EES8_T_
FN:76,_ZN4Napi7details12WrapCallbackIZNS0_L25TemplatedInstanceCallbackI9DisruptorXadL_ZNS3_11GetElementsERKNS_12CallbackInfoEEEEEP12napi_value__P10napi_env__P20napi_callback_info__EUlvE_EES8_T_
FNDA:0,_ZN4Napi7details12WrapCallbackIZNS0_L25TemplatedInstanceCallbackI9DisruptorXadL_ZNS3_11GetElementsERKNS_12CallbackInfoEEEEEP12napi_value__P10napi_env__P20napi_callback_info__EUlvE_EES8_T_
FN:76,_ZN4Napi7details12WrapCallbackIZNS0_L25TemplatedInstanceCallbackI9DisruptorXadL_ZNS3_11GetConsumerERKNS_12CallbackInfoEEEEEP12napi_value__P10napi_env__P20napi_callback_info__EUlvE_EES8_T_
FNDA:0,_ZN4Napi7details12WrapCallbackIZNS0_L25TemplatedInstanceCallbackI9DisruptorXadL_ZNS3_11GetConsumerERKNS_12CallbackInfoEEEEEP12napi_value__P10napi_env__P20napi_callback_info__EUlvE_EES8_T_
FN:76,_ZN4Napi7details12WrapCallbackIZNS0_L25TemplatedInstanceCallbackI9DisruptorXadL_ZNS3_19GetPendingSeqCursorERKNS_12CallbackInfoEEEEEP12napi_value__P10napi_env__P20napi_callback_info__EUlvE_EES8_T_
FNDA:0,_ZN4Napi7details12WrapCallbackIZNS0_L25TemplatedInstanceCallbackI9DisruptorXadL_ZNS3_19GetPendingSeqCursorERKNS_12CallbackInfoEEEEEP12napi_value__P10napi_env__P20napi_callback_info__EUlvE_EES8_T_
FN:76,_ZN4Napi7details12WrapCallbackIZNS0_L29TemplatedInstanceVoidCallbackI9DisruptorXadL_ZNS3_15ConsumeNewAsyncERKNS_12CallbackInfoEEEEEP12napi_value__P10napi_env__P20napi_callback_info__EUlvE_EES8_T_
FNDA:0,_ZN4Napi7details12WrapCallbackIZNS0_L29TemplatedInstanceVoidCallbackI9DisruptorXadL_ZNS3_15ConsumeNewAsyncERKNS_12CallbackInfoEEEEEP12napi_value__P10napi_env__P20napi_callback_info__EUlvE_EES8_T_
FN:76,_ZN4Napi7details12WrapCallbackIZNS0_L29TemplatedInstanceVoidCallbackI9DisruptorXadL_ZNS3_17ProduceClaimAsyncERKNS_12CallbackInfoEEEEEP12napi_value__P10napi_env__P20napi_callback_info__EUlvE_EES8_T_
FNDA:0,_ZN4Napi7details12WrapCallbackIZNS0_L29TemplatedInstanceVoidCallbackI9DisruptorXadL_ZNS3_17ProduceClaimAsyncERKNS_12CallbackInfoEEEEEP12napi_value__P10napi_env__P20napi_callback_info__EUlvE_EES8_T_
FN:76,_ZN4Napi7details12WrapCallbackIZNS0_L29TemplatedInstanceVoidCallbackI9DisruptorXadL_ZNS3_21ProduceClaimManyAsyncERKNS_12CallbackInfoEEEEEP12napi_value__P10napi_env__P20napi_callback_info__EUlvE_EES8_T_
FNDA:0,_ZN4Napi7details12WrapCallbackIZNS0_L29TemplatedInstanceVoidCallbackI9DisruptorXadL_ZNS3_21ProduceClaimManyAsyncERKNS_12CallbackInfoEEEEEP12napi_value__P10napi_env__P20napi_callback_info__EUlvE_EES8_T_
FN:76,_ZN4Napi7details12WrapCallbackIZNS0_L29TemplatedInstanceVoidCallbackI9DisruptorXadL_ZNS3_22ProduceClaimAvailAsyncERKNS_12CallbackInfoEEEEEP12napi_value__P10napi_env__P20napi_callback_info__EUlvE_EES8_T_
FNDA:0,_ZN4Napi7details12WrapCallbackIZNS0_L29TemplatedInstanceVoidCallbackI9DisruptorXadL_ZNS3_22ProduceClaimAvailAsyncERKNS_12CallbackInfoEEEEEP12napi_value__P10napi_env__P20napi_callback_info__EUlvE_EES8_T_
FN:76,_ZN4Napi7details12WrapCallbackIZNS0_L29TemplatedInstanceVoidCallbackI9DisruptorXadL_ZNS3_18ProduceCommitAsyncERKNS_12CallbackInfoEEEEEP12napi_value__P10napi_env__P20napi_callback_info__EUlvE_EES8_T_
FNDA:0,_ZN4Napi7details12WrapCallbackIZNS0_L29TemplatedInstanceVoidCallbackI9DisruptorXadL_ZNS3_18ProduceCommitAsyncERKNS_12CallbackInfoEEEEEP12napi_value__P10napi_env__P20napi_callback_info__EUlvE_EES8_T_
FN:76,_ZN4Napi7details12WrapCallbackIZNS0_L25TemplatedInstanceCallbackI9DisruptorXadL_ZNS3_17ProduceCommitSyncERKNS_12CallbackInfoEEEEEP12napi_value__P10napi_env__P20napi_callback_info__EUlvE_EES8_T_
FNDA:0,_ZN4Napi7details12WrapCallbackIZNS0_L25TemplatedInstanceCallbackI9DisruptorXadL_ZNS3_17ProduceCommitSyncERKNS_12CallbackInfoEEEEEP12napi_value__P10napi_env__P20napi_callback_info__EUlvE_EES8_T_
FN:76,_ZN4Napi7details12WrapCallbackIZNS0_L21TemplatedVoidCallbackIXadL_Z12NullCallbackRKNS_12CallbackInfoEEEEEP12napi_value__P10napi_env__P20napi_callback_info__EUlvE_EES7_T_
FNDA:0,_ZN4Napi7details12WrapCallbackIZNS0_L21TemplatedVoidCallbackIXadL_Z12NullCallbackRKNS_12CallbackInfoEEEEEP12napi_value__P10napi_env__P20napi_callback_info__EUlvE_EES7_T_
FN:76,_ZN4Napi7details12WrapCallbackIZNS0_L25TemplatedInstanceCallbackI9DisruptorXadL_ZNS3_12ProduceClaimERKNS_12CallbackInfoEEEEEP12napi_value__P10napi_env__P20napi_callback_info__EUlvE_EES8_T_
FNDA:0,_ZN4Napi7details12WrapCallbackIZNS0_L25TemplatedInstanceCallbackI9DisruptorXadL_ZNS3_12ProduceClaimERKNS_12CallbackInfoEEEEEP12napi_value__P10napi_env__P20napi_callback_info__EUlvE_EES8_T_
FN:76,_ZN4Napi7details12WrapCallbackIZNS0_L25TemplatedInstanceCallbackI9DisruptorXadL_ZNS3_16ProduceClaimSyncERKNS_12CallbackInfoEEEEEP12napi_value__P10napi_env__P20napi_callback_info__EUlvE_EES8_T_
FNDA:0,_ZN4Napi7details12WrapCallbackIZNS0_L25TemplatedInstanceCallbackI9DisruptorXadL_ZNS3_16ProduceClaimSyncERKNS_12CallbackInfoEEEEEP12napi_value__P10napi_env__P20napi_callback_info__EUlvE_EES8_T_
FN:76,_ZN4Napi7details12WrapCallbackIZNS0_L25TemplatedInstanceCallbackI9DisruptorXadL_ZNS3_16ProduceClaimManyERKNS_12CallbackInfoEEEEEP12napi_value__P10napi_env__P20napi_callback_info__EUlvE_EES8_T_
FNDA:0,_ZN4Napi7details12WrapCallbackIZNS0_L25TemplatedInstanceCallbackI9DisruptorXadL_ZNS3_16ProduceClaimManyERKNS_12CallbackInfoEEEEEP12napi_value__P10napi_env__P20napi_callback_info__EUlvE_EES8_T_
FN:76,_ZN4Napi7details12WrapCallbackIZNS0_L25TemplatedInstanceCallbackI9DisruptorXadL_ZNS3_20ProduceClaimManySyncERKNS_12CallbackInfoEEEEEP12napi_value__P10napi_env__P20napi_callback_info__EUlvE_EES8_T_
FNDA:0,_ZN4Napi7details12WrapCallbackIZNS0_L25TemplatedInstanceCallbackI9DisruptorXadL_ZNS3_20ProduceClaimManySyncERKNS_12CallbackInfoEEEEEP12napi_value__P10napi_env__P20napi_callback_info__EUlvE_EES8_T_
FN:76,_ZN4Napi7details12WrapCallbackIZNS0_L25TemplatedInstanceCallbackI9DisruptorXadL_ZNS3_17ProduceClaimAvailERKNS_12CallbackInfoEEEEEP12napi_value__P10napi_env__P20napi_callback_info__EUlvE_EES8_T_
FNDA:0,_ZN4Napi7details12WrapCallbackIZNS0_L25TemplatedInstanceCallbackI9DisruptorXadL_ZNS3_17ProduceClaimAvailERKNS_12CallbackInfoEEEEEP12napi_value__P10napi_env__P20napi_callback_info__EUlvE_EES8_T_
FN:76,_ZN4Napi7details12WrapCallbackIZNS0_L25TemplatedInstanceCallbackI9DisruptorXadL_ZNS3_21ProduceClaimAvailSyncERKNS_12CallbackInfoEEEEEP12napi_value__P10napi_env__P20napi_callback_info__EUlvE_EES8_T_
FNDA:0,_ZN4Napi7details12WrapCallbackIZNS0_L25TemplatedInstanceCallbackI9DisruptorXadL_ZNS3_21ProduceClaimAvailSyncERKNS_12CallbackInfoEEEEEP12napi_value__P10napi_env__P20napi_callback_info__EUlvE_EES8_T_
FN:76,_ZN4Napi7details12WrapCallbackIZNS0_L25TemplatedInstanceCallbackI9DisruptorXadL_ZNS3_13ProduceCommitERKNS_12CallbackInfoEEEEEP12napi_value__P10napi_env__P20napi_callback_info__EUlvE_EES8_T_
FNDA:0,_ZN4Napi7details12WrapCallbackIZNS0_L25TemplatedInstanceCallbackI9DisruptorXadL_ZNS3_13ProduceCommitERKNS_12CallbackInfoEEEEEP12napi_value__P10napi_env__P20napi_callback_info__EUlvE_EES8_T_
FN:76,_ZN4Napi7details12WrapCallbackIZNS0_L25TemplatedInstanceCallbackI9DisruptorXadL_ZNS3_23GetAllConsumersIgnoringERKNS_12CallbackInfoEEEEEP12napi_value__P10napi_env__P20napi_callback_info__EUlvE_EES8_T_
FNDA:0,_ZN4Napi7details12WrapCallbackIZNS0_L25TemplatedInstanceCallbackI9DisruptorXadL_ZNS3_23GetAllConsumersIgnoringERKNS_12CallbackInfoEEEEEP12napi_value__P10napi_env__P20napi_callback_info__EUlvE_EES8_T_
FN:76,_ZN4Napi7details12WrapCallbackIZNS0_L25TemplatedInstanceCallbackI9DisruptorXadL_ZNS3_14ProduceRecoverERKNS_12CallbackInfoEEEEEP12napi_value__P10napi_env__P20napi_callback_info__EUlvE_EES8_T_
FNDA:0,_ZN4Napi7details12WrapCallbackIZNS0_L25TemplatedInstanceCallbackI9DisruptorXadL_ZNS3_14ProduceRecoverERKNS_12CallbackInfoEEEEEP12napi_value__P10napi_env__P20napi_callback_info__EUlvE_EES8_T_
FN:76,_ZN4Napi7details12WrapCallbackIZNS0_L25TemplatedInstanceCallbackI9DisruptorXadL_ZNS3_10ConsumeNewERKNS_12CallbackInfoEEEEEP12napi_value__P10napi_env__P20napi_callback_info__EUlvE_EES8_T_
FNDA:0,_ZN4Napi7details12WrapCallbackIZNS0_L25TemplatedInstanceCallbackI9DisruptorXadL_ZNS3_10ConsumeNewERKNS_12CallbackInfoEEEEEP12napi_value__P10napi_env__P20napi_callback_info__EUlvE_EES8_T_
FN:76,_ZN4Napi7details12WrapCallbackIZNS0_L25TemplatedInstanceCallbackI9DisruptorXadL_ZNS3_14ConsumeNewSyncERKNS_12CallbackInfoEEEEEP12napi_value__P10napi_env__P20napi_callback_info__EUlvE_EES8_T_
FNDA:0,_ZN4Napi7details12WrapCallbackIZNS0_L25TemplatedInstanceCallbackI9DisruptorXadL_ZNS3_14ConsumeNewSyncERKNS_12CallbackInfoEEEEEP12napi_value__P10napi_env__P20napi_callback_info__EUlvE_EES8_T_
FN:76,_ZN4Napi7details12WrapCallbackIZNS0_L25TemplatedInstanceCallbackI9DisruptorXadL_ZNS3_13ConsumeCommitERKNS_12CallbackInfoEEEEEP12napi_value__P10napi_env__P20napi_callback_info__EUlvE_EES8_T_
FNDA:0,_ZN4Napi7details12WrapCallbackIZNS0_L25TemplatedInstanceCallbackI9DisruptorXadL_ZNS3_13ConsumeCommitERKNS_12CallbackInfoEEEEEP12napi_value__P10napi_env__P20napi_callback_info__EUlvE_EES8_T_
FN:76,_ZN4Napi7details12WrapCallbackIZNS0_L29TemplatedInstanceVoidCallbackI9DisruptorXadL_ZNS3_7ReleaseERKNS_12CallbackInfoEEEEEP12napi_value__P10napi_env__P20napi_callback_info__EUlvE_EES8_T_
FNDA:0,_ZN4Napi7details12WrapCallbackIZNS0_L29TemplatedInstanceVoidCallbackI9DisruptorXadL_ZNS3_7ReleaseERKNS_12CallbackInfoEEEEEP12napi_value__P10napi_env__P20napi_callback_info__EUlvE_EES8_T_
FN:76,_ZN4Napi7details12WrapCallbackIZNS0_L25TemplatedInstanceCallbackI9DisruptorXadL_ZNS3_21GetPendingSeqConsumerERKNS_12CallbackInfoEEEEEP12napi_value__P10napi_env__P20napi_callback_info__EUlvE_EES8_T_
FNDA:0,_ZN4Napi7details12WrapCallbackIZNS0_L25TemplatedInstanceCallbackI9DisruptorXadL_ZNS3_21GetPendingSeqConsumerERKNS_12CallbackInfoEEEEEP12napi_value__P10napi_env__P20napi_callback_info__EUlvE_EES8_T_
FN:76,_ZN4Napi7details12WrapCallbackIZNS_12InstanceWrapI9DisruptorE29InstanceSetterCallbackWrapperEP10napi_env__P20napi_callback_info__EUlvE_EEP12napi_value__T_
FNDA:0,_ZN4Napi7details12WrapCallbackIZNS_12InstanceWrapI9DisruptorE29InstanceSetterCallbackWrapperEP10napi_env__P20napi_callback_info__EUlvE_EEP12napi_value__T_
FN:76,_ZN4Napi7details12WrapCallbackIZNS0_L25TemplatedInstanceCallbackI9DisruptorXadL_ZNS3_20GetPendingSeqNextEndERKNS_12CallbackInfoEEEEEP12napi_value__P10napi_env__P20napi_callback_info__EUlvE_EES8_T_
FNDA:0,_ZN4Napi7details12WrapCallbackIZNS0_L25TemplatedInstanceCallbackI9DisruptorXadL_ZNS3_20GetPendingSeqNextEndERKNS_12CallbackInfoEEEEEP12napi_value__P10napi_env__P20napi_callback_info__EUlvE_EES8_T_
FN:76,_ZN4Napi7details12WrapCallbackIZNS_11AsyncWorker14OnWorkCompleteENS_3EnvE11napi_statusEUlvE_EEP12napi_value__T_
FNDA:0,_ZN4Napi7details12WrapCallbackIZNS_11AsyncWorker14OnWorkCompleteENS_3EnvE11napi_statusEUlvE_EEP12napi_value__T_
FN:76,_ZN4Napi7details12WrapCallbackIZNS_14RegisterModuleEP10napi_env__P12napi_value__PFNS_6ObjectENS_3EnvES6_EEUlvE_EES5_T_
FNDA:0,_ZN4Napi7details12WrapCallbackIZNS_14RegisterModuleEP10napi_env__P12napi_value__PFNS_6ObjectENS_3EnvES6_EEUlvE_EES5_T_
FN:76,_ZN4Napi7details12WrapCallbackIZNS_12InstanceWrapI9DisruptorE33InstanceVoidMethodCallbackWrapperEP10napi_env__P20napi_callback_info__EUlvE_EEP12napi_value__T_
FNDA:0,_ZN4Napi7details12WrapCallbackIZNS_12InstanceWrapI9DisruptorE33InstanceVoidMethodCallbackWrapperEP10napi_env__P20napi_callback_info__EUlvE_EEP12napi_value__T_
FN:76,_ZN4Napi7details12WrapCallbackIZNS_10ObjectWrapI9DisruptorE27StaticSetterCallbackWrapperEP10napi_env__P20napi_callback_info__EUlvE_EEP12napi_value__T_
FNDA:0,_ZN4Napi7details12WrapCallbackIZNS_10ObjectWrapI9DisruptorE27StaticSetterCallbackWrapperEP10napi_env__P20napi_callback_info__EUlvE_EEP12napi_value__T_
FN:76,_ZN4Napi7details12WrapCallbackIZNS_10ObjectWrapI9DisruptorE27StaticGetterCallbackWrapperEP10napi_env__P20napi_callback_info__EUlvE_EEP12napi_value__T_
FNDA:0,_ZN4Napi7details12WrapCallbackIZNS_10ObjectWrapI9DisruptorE27StaticGetterCallbackWrapperEP10napi_env__P20napi_callback_info__EUlvE_EEP12napi_value__T_
FN:76,_ZN4Napi7details12WrapCallbackIZNS_10ObjectWrapI9DisruptorE26ConstructorCallbackWrapperEP10napi_env__P20napi_callback_info__EUlvE0_EEP12napi_value__T_
FNDA:0,_ZN4Napi7details12WrapCallbackIZNS_10ObjectWrapI9DisruptorE26ConstructorCallbackWrapperEP10napi_env__P20napi_callback_info__EUlvE0_EEP12napi_value__T_
FN:76,_ZN4Napi7details12WrapCallbackIZNS_10ObjectWrapI9DisruptorE26ConstructorCallbackWrapperEP10napi_env__P20napi_callback_info__EUlvE_EEP12napi_value__T_
FNDA:0,_ZN4Napi7details12WrapCallbackIZNS_10ObjectWrapI9DisruptorE26ConstructorCallbackWrapperEP10napi_env__P20napi_callback_info__EUlvE_EEP12napi_value__T_
FN:76,_ZN4Napi7details12WrapCallbackIZNS_12InstanceWrapI9DisruptorE29InstanceMethodCallbackWrapperEP10napi_env__P20napi_callback_info__EUlvE_EEP12napi_value__T_
FNDA:0,_ZN4Napi7details12WrapCallbackIZNS_12InstanceWrapI9DisruptorE29InstanceMethodCallbackWrapperEP10napi_env__P20napi_callback_info__EUlvE_EEP12napi_value__T_
FN:76,_ZN4Napi7details12WrapCallbackIZNS_10ObjectWrapI9DisruptorE31StaticVoidMethodCallbackWrapperEP10napi_env__P20napi_callback_info__EUlvE_EEP12napi_value__T_
FNDA:0,_ZN4Napi7details12WrapCallbackIZNS_10ObjectWrapI9DisruptorE31StaticVoidMethodCallbackWrapperEP10napi_env__P20napi_callback_info__EUlvE_EEP12napi_value__T_
FN:76,_ZN4Napi7details12WrapCallbackIZNS_10ObjectWrapI9DisruptorE27StaticMethodCallbackWrapperEP10napi_env__P20napi_callback_info__EUlvE_EEP12napi_value__T_
FNDA:0,_ZN4Napi7details12WrapCallbackIZNS_10ObjectWrapI9DisruptorE27StaticMethodCallbackWrapperEP10napi_env__P20napi_callback_info__EUlvE_EEP12napi_value__T_
FN:76,_ZN4Napi7details12WrapCallbackIZNS_12InstanceWrapI9DisruptorE13WrappedMethodIXadL_ZNS3_9SetStatusERKNS_12CallbackInfoERKNS_5ValueEEEEEP12napi_value__P10napi_env__P20napi_callback_info__EUlvE_EESD_T_
FNDA:0,_ZN4Napi7details12WrapCallbackIZNS_12InstanceWrapI9DisruptorE13WrappedMethodIXadL_ZNS3_9SetStatusERKNS_12CallbackInfoERKNS_5ValueEEEEEP12napi_value__P10napi_env__P20napi_callback_info__EUlvE_EESD_T_
FN:76,_ZN4Napi7details12WrapCallbackIZNS_12InstanceWrapI9DisruptorE29InstanceGetterCallbackWrapperEP10napi_env__P20napi_callback_info__EUlvE_EEP12napi_value__T_
FNDA:0,_ZN4Napi7details12WrapCallbackIZNS_12InstanceWrapI9DisruptorE29InstanceGetterCallbackWrapperEP10napi_env__P20napi_callback_info__EUlvE_EEP12napi_value__T_
FN:95,_ZN4Napi7details16WrapVoidCallbackIZNS0_12FinalizeDataIhZN9DisruptorC4ERKNS_12CallbackInfoEEUlNS_3EnvEPhE_vE7WrapperEP10napi_env__PvSD_EUlvE_EEvT_
FNDA:0,_ZN4Napi7details16WrapVoidCallbackIZNS0_12FinalizeDataIhZN9DisruptorC4ERKNS_12CallbackInfoEEUlNS_3EnvEPhE_vE7WrapperEP10napi_env__PvSD_EUlvE_EEvT_
FN:146,_ZN4Napi7detailsL21TemplatedVoidCallbackIXadL_Z12NullCallbackRKNS_12CallbackInfoEEEEEP12napi_value__P10napi_env__P20napi_callback_info__
FNDA:0,_ZN4Napi7detailsL21TemplatedVoidCallbackIXadL_Z12NullCallbackRKNS_12CallbackInfoEEEEEP12napi_value__P10napi_env__P20napi_callback_info__
FN:147,_ZZN4Napi7detailsL21TemplatedVoidCallbackIXadL_Z12NullCallbackRKNS_12CallbackInfoEEEEEP12napi_value__P10napi_env__P20napi_callback_info__ENKUlvE_clEv
FNDA:0,_ZZN4Napi7detailsL21TemplatedVoidCallbackIXadL_Z12NullCallbackRKNS_12CallbackInfoEEEEEP12napi_value__P10napi_env__P20napi_callback_info__ENKUlvE_clEv
FN:166,_ZN4Napi7detailsL25TemplatedInstanceCallbackI9DisruptorXadL_ZNS2_13ConsumeCommitERKNS_12CallbackInfoEEEEEP12napi_value__P10napi_env__P20napi_callback_info__
FNDA:0,_ZN4Napi7detailsL25TemplatedInstanceCallbackI9DisruptorXadL_ZNS2_13ConsumeCommitERKNS_12CallbackInfoEEEEEP12napi_value__P10napi_env__P20napi_callback_info__
FN:166,_ZN4Napi7detailsL25TemplatedInstanceCallbackI9DisruptorXadL_ZNS2_14ConsumeNewSyncERKNS_12CallbackInfoEEEEEP12napi_value__P10napi_env__P20napi_callback_info__
FNDA:0,_ZN4Napi7detailsL25TemplatedInstanceCallbackI9DisruptorXadL_ZNS2_14ConsumeNewSyncERKNS_12CallbackInfoEEEEEP12napi_value__P10napi_env__P20napi_callback_info__
FN:166,_ZN4Napi7detailsL25TemplatedInstanceCallbackI9DisruptorXadL_ZNS2_21GetPendingSeqConsumerERKNS_12CallbackInfoEEEEEP12napi_value__P10napi_env__P20napi_callback_info__
FNDA:0,_ZN4Napi7detailsL25TemplatedInstanceCallbackI9DisruptorXadL_ZNS2_21GetPendingSeqConsumerERKNS_12CallbackInfoEEEEEP12napi_value__P10napi_env__P20napi_callback_info__
FN:166,_ZN4Napi7detailsL25TemplatedInstanceCallbackI9DisruptorXadL_ZNS2_19GetPendingSeqCursorERKNS_12CallbackInfoEEEEEP12napi_value__P10napi_env__P20napi_callback_info__
FNDA:0,_ZN4Napi7detailsL25TemplatedInstanceCallbackI9DisruptorXadL_ZNS2_19GetPendingSeqCursorERKNS_12CallbackInfoEEEEEP12napi_value__P10napi_env__P20napi_callback_info__
FN:166,_ZN4Napi7detailsL25TemplatedInstanceCallbackI9DisruptorXadL_ZNS2_11GetConsumerERKNS_12CallbackInfoEEEEEP12napi_value__P10napi_env__P20napi_callback_info__
FNDA:0,_ZN4Napi7detailsL25TemplatedInstanceCallbackI9DisruptorXadL_ZNS2_11GetConsumerERKNS_12CallbackInfoEEEEEP12napi_value__P10napi_env__P20napi_callback_info__
FN:166,_ZN4Napi7detailsL25TemplatedInstanceCallbackI9DisruptorXadL_ZNS2_11GetElementsERKNS_12CallbackInfoEEEEEP12napi_value__P10napi_env__P20napi_callback_info__
FNDA:0,_ZN4Napi7detailsL25TemplatedInstanceCallbackI9DisruptorXadL_ZNS2_11GetElementsERKNS_12CallbackInfoEEEEEP12napi_value__P10napi_env__P20napi_callback_info__
FN:166,_ZN4Napi7detailsL25TemplatedInstanceCallbackI9DisruptorXadL_ZNS2_7GetNextERKNS_12CallbackInfoEEEEEP12napi_value__P10napi_env__P20napi_callback_info__
FNDA:0,_ZN4Napi7detailsL25TemplatedInstanceCallbackI9DisruptorXadL_ZNS2_7GetNextERKNS_12CallbackInfoEEEEEP12napi_value__P10napi_env__P20napi_callback_info__
FN:166,_ZN4Napi7detailsL25TemplatedInstanceCallbackI9DisruptorXadL_ZNS2_9GetCursorERKNS_12CallbackInfoEEEEEP12napi_value__P10napi_env__P20napi_callback_info__
FNDA:0,_ZN4Napi7detailsL25TemplatedInstanceCallbackI9DisruptorXadL_ZNS2_9GetCursorERKNS_12CallbackInfoEEEEEP12napi_value__P10napi_env__P20napi_callback_info__
FN:166,_ZN4Napi7detailsL25TemplatedInstanceCallbackI9DisruptorXadL_ZNS2_12GetConsumersERKNS_12CallbackInfoEEEEEP12napi_value__P10napi_env__P20napi_callback_info__
FNDA:0,_ZN4Napi7detailsL25TemplatedInstanceCallbackI9DisruptorXadL_ZNS2_12GetConsumersERKNS_12CallbackInfoEEEEEP12napi_value__P10napi_env__P20napi_callback_info__
FN:166,_ZN4Napi7detailsL25TemplatedInstanceCallbackI9DisruptorXadL_ZNS2_9GetStatusERKNS_12CallbackInfoEEEEEP12napi_value__P10napi_env__P20napi_callback_info__
FNDA:0,_ZN4Napi7detailsL25TemplatedInstanceCallbackI9DisruptorXadL_ZNS2_9GetStatusERKNS_12CallbackInfoEEEEEP12napi_value__P10napi_env__P20napi_callback_info__
FN:166,_ZN4Napi7detailsL25TemplatedInstanceCallbackI9DisruptorXadL_ZNS2_7GetSpinERKNS_12CallbackInfoEEEEEP12napi_value__P10napi_env__P20napi_callback_info__
FNDA:0,_ZN4Napi7detailsL25TemplatedInstanceCallbackI9DisruptorXadL_ZNS2_7GetSpinERKNS_12CallbackInfoEEEEEP12napi_value__P10napi_env__P20napi_callback_info__
FN:166,_ZN4Napi7detailsL25TemplatedInstanceCallbackI9DisruptorXadL_ZNS2_14GetElementSizeERKNS_12CallbackInfoEEEEEP12napi_value__P10napi_env__P20napi_callback_info__
FNDA:0,_ZN4Napi7detailsL25TemplatedInstanceCallbackI9DisruptorXadL_ZNS2_14GetElementSizeERKNS_12CallbackInfoEEEEEP12napi_value__P10napi_env__P20napi_callback_info__
FN:166,_ZN4Napi7detailsL25TemplatedInstanceCallbackI9DisruptorXadL_ZNS2_23GetAllConsumersIgnoringERKNS_12CallbackInfoEEEEEP12napi_value__P10napi_env__P20napi_callback_info__
FNDA:0,_ZN4Napi7detailsL25TemplatedInstanceCallbackI9DisruptorXadL_ZNS2_23GetAllConsumersIgnoringERKNS_12CallbackInfoEEEEEP12napi_value__P10napi_env__P20napi_callback_info__
FN:166,_ZN4Napi7detailsL25TemplatedInstanceCallbackI9DisruptorXadL_ZNS2_20GetPendingSeqNextEndERKNS_12CallbackInfoEEEEEP12napi_value__P10napi_env__P20napi_callback_info__
FNDA:0,_ZN4Napi7detailsL25TemplatedInstanceCallbackI9DisruptorXadL_ZNS2_20GetPendingSeqNextEndERKNS_12CallbackInfoEEEEEP12napi_value__P10napi_env__P20napi_callback_info__
FN:166,_ZN4Napi7detailsL25TemplatedInstanceCallbackI9DisruptorXadL_ZNS2_17GetPendingSeqNextERKNS_12CallbackInfoEEEEEP12napi_value__P10napi_env__P20napi_callback_info__
FNDA:0,_ZN4Napi7detailsL25TemplatedInstanceCallbackI9DisruptorXadL_ZNS2_17GetPendingSeqNextERKNS_12CallbackInfoEEEEEP12napi_value__P10napi_env__P20napi_callback_info__
FN:166,_ZN4Napi7detailsL25TemplatedInstanceCallbackI9DisruptorXadL_ZNS2_17ProduceCommitSyncERKNS_12CallbackInfoEEEEEP12napi_value__P10napi_env__P20napi_callback_info__
FNDA:0,_ZN4Napi7detailsL25TemplatedInstanceCallbackI9DisruptorXadL_ZNS2_17ProduceCommitSyncERKNS_12CallbackInfoEEEEEP12napi_value__P10napi_env__P20napi_callback_info__
FN:166,_ZN4Napi7detailsL25TemplatedInstanceCallbackI9DisruptorXadL_ZNS2_13ProduceCommitERKNS_12CallbackInfoEEEEEP12napi_value__P10napi_env__P20napi_callback_info__
FNDA:0,_ZN4Napi7detailsL25TemplatedInstanceCallbackI9DisruptorXadL_ZNS2_13ProduceCommitERKNS_12CallbackInfoEEEEEP12napi_value__P10napi_env__P20napi_callback_info__
FN:166,_ZN4Napi7detailsL25TemplatedInstanceCallbackI9DisruptorXadL_ZNS2_21ProduceClaimAvailSyncERKNS_12CallbackInfoEEEEEP12napi_value__P10napi_env__P20napi_callback_info__
FNDA:0,_ZN4Napi7detailsL25TemplatedInstanceCallbackI9DisruptorXadL_ZNS2_21ProduceClaimAvailSyncERKNS_12CallbackInfoEEEEEP12napi_value__P10napi_env__P20napi_callback_info__
FN:166,_ZN4Napi7detailsL25TemplatedInstanceCallbackI9DisruptorXadL_ZNS2_12ProduceClaimERKNS_12CallbackInfoEEEEEP12napi_value__P10napi_env__P20napi_callback_info__
FNDA:0,_ZN4Napi7detailsL25TemplatedInstanceCallbackI9DisruptorXadL_ZNS2_12ProduceClaimERKNS_12CallbackInfoEEEEEP12napi_value__P10napi_env__P20napi_callback_info__
FN:166,_ZN4Napi7detailsL25TemplatedInstanceCallbackI9DisruptorXadL_ZNS2_14ProduceRecoverERKNS_12CallbackInfoEEEEEP12napi_value__P10napi_env__P20napi_callback_info__
FNDA:0,_ZN4Napi7detailsL25TemplatedInstanceCallbackI9DisruptorXadL_ZNS2_14ProduceRecoverERKNS_12CallbackInfoEEEEEP12napi_value__P10napi_env__P20napi_callback_info__
FN:166,_ZN4Napi7detailsL25TemplatedInstanceCallbackI9DisruptorXadL_ZNS2_16ProduceClaimManyERKNS_12CallbackInfoEEEEEP12napi_value__P10napi_env__P20napi_callback_info__
FNDA:0,_ZN4Napi7detailsL25TemplatedInstanceCallbackI9DisruptorXadL_ZNS2_16ProduceClaimManyERKNS_12CallbackInfoEEEEEP12napi_value__P10napi_env__P20napi_callback_info__
FN:166,_ZN4Napi7detailsL25TemplatedInstanceCallbackI9DisruptorXadL_ZNS2_10ConsumeNewERKNS_12CallbackInfoEEEEEP12napi_value__P10napi_env__P20napi_callback_info__
FNDA:0,_ZN4Napi7detailsL25TemplatedInstanceCallbackI9DisruptorXadL_ZNS2_10ConsumeNewERKNS_12CallbackInfoEEEEEP12napi_value__P10napi_env__P20napi_callback_info__
FN:166,_ZN4Napi7detailsL25TemplatedInstanceCallbackI9DisruptorXadL_ZNS2_17ProduceClaimAvailERKNS_12CallbackInfoEEEEEP12napi_value__P10napi_env__P20napi_callback_info__
FNDA:0,_ZN4Napi7detailsL25TemplatedInstanceCallbackI9DisruptorXadL_ZNS2_17ProduceClaimAvailERKNS_12CallbackInfoEEEEEP12napi_value__P10napi_env__P20napi_callback_info__
FN:166,_ZN4Napi7detailsL25TemplatedInstanceCallbackI9DisruptorXadL_ZNS2_16ProduceClaimSyncERKNS_12CallbackInfoEEEEEP12napi_value__P10napi_env__P20napi_callback_info__
FNDA:0,_ZN4Napi7detailsL25TemplatedInstanceCallbackI9DisruptorXadL_ZNS2_16ProduceClaimSyncERKNS_12CallbackInfoEEEEEP12napi_value__P10napi_env__P20napi_callback_info__
FN:166,_ZN4Napi7detailsL25TemplatedInstanceCallbackI9DisruptorXadL_ZNS2_20ProduceClaimManySyncERKNS_12CallbackInfoEEEEEP12napi_value__P10napi_env__P20napi_callback_info__
FNDA:0,_ZN4Napi7detailsL25TemplatedInstanceCallbackI9DisruptorXadL_ZNS2_20ProduceClaimManySyncERKNS_12CallbackInfoEEEEEP12napi_value__P10napi_env__P20napi_callback_info__
FN:167,_ZZN4Napi7detailsL25TemplatedInstanceCallbackI9DisruptorXadL_ZNS2_7GetNextERKNS_12CallbackInfoEEEEEP12napi_value__P10napi_env__P20napi_callback_info__ENKUlvE_clEv
FNDA:0,_ZZN4Napi7detailsL25TemplatedInstanceCallbackI9DisruptorXadL_ZNS2_7GetNextERKNS_12CallbackInfoEEEEEP12napi_value__P10napi_env__P20napi_callback_info__ENKUlvE_clEv
FN:167,_ZZN4Napi7detailsL25TemplatedInstanceCallbackI9DisruptorXadL_ZNS2_7GetSpinERKNS_12CallbackInfoEEEEEP12napi_value__P10napi_env__P20napi_callback_info__ENKUlvE_clEv
FNDA:0,_ZZN4Napi7detailsL25TemplatedInstanceCallbackI9DisruptorXadL_ZNS2_7GetSpinERKNS_12CallbackInfoEEEEEP12napi_value__P10napi_env__P20napi_callback_info__ENKUlvE_clEv
FN:167,_ZZN4Napi7detailsL25TemplatedInstanceCallbackI9DisruptorXadL_ZNS2_19GetPendingSeqCursorERKNS_12CallbackInfoEEEEEP12napi_value__P10napi_env__P20napi_callback_info__ENKUlvE_clEv
FNDA:0,_ZZN4Napi7detailsL25TemplatedInstanceCallbackI9DisruptorXadL_ZNS2_19GetPendingSeqCursorERKNS_12CallbackInfoEEEEEP12napi_value__P10napi_env__P20napi_callback_info__ENKUlvE_clEv
FN:167,_ZZN4Napi7detailsL25TemplatedInstanceCallbackI9DisruptorXadL_ZNS2_20ProduceClaimManySyncERKNS_12CallbackInfoEEEEEP12napi_value__P10napi_env__P20napi_callback_info__ENKUlvE_clEv
FNDA:0,_ZZN4Napi7detailsL25TemplatedInstanceCallbackI9DisruptorXadL_ZNS2_20ProduceClaimManySyncERKNS_12CallbackInfoEEEEEP12napi_value__P10napi_env__P20napi_callback_info__ENKUlvE_clEv
FN:167,_ZZN4Napi7detailsL25TemplatedInstanceCallbackI9DisruptorXadL_ZNS2_11GetConsumerERKNS_12CallbackInfoEEEEEP12napi_value__P10napi_env__P20napi_callback_info__ENKUlvE_clEv
FNDA:0,_ZZN4Napi7detailsL25TemplatedInstanceCallbackI9DisruptorXadL_ZNS2_11GetConsumerERKNS_12CallbackInfoEEEEEP12napi_value__P10napi_env__P20napi_callback_info__ENKUlvE_clEv
FN:167,_ZZN4Napi7detailsL25TemplatedInstanceCallbackI9DisruptorXadL_ZNS2_11GetElementsERKNS_12CallbackInfoEEEEEP12napi_value__P10napi_env__P20napi_callback_info__ENKUlvE_clEv
FNDA:0,_ZZN4Napi7detailsL25TemplatedInstanceCallbackI9DisruptorXadL_ZNS2_11GetElementsERKNS_12CallbackInfoEEEEEP12napi_value__P10napi_env__P20napi_callback_info__ENKUlvE_clEv
FN:167,_ZZN4Napi7detailsL25TemplatedInstanceCallbackI9DisruptorXadL_ZNS2_17ProduceClaimAvailERKNS_12CallbackInfoEEEEEP12napi_value__P10napi_env__P20napi_callback_info__ENKUlvE_clEv
FNDA:0,_ZZN4Napi7detailsL25TemplatedInstanceCallbackI9DisruptorXadL_ZNS2_17ProduceClaimAvailERKNS_12CallbackInfoEEEEEP12napi_value__P10napi_env__P20napi_callback_info__ENKUlvE_clEv
FN:167,_ZZN4Napi7detailsL25TemplatedInstanceCallbackI9DisruptorXadL_ZNS2_17GetPendingSeqNextERKNS_12CallbackInfoEEEEEP12napi_value__P10napi_env__P20napi_callback_info__ENKUlvE_clEv
FNDA:0,_ZZN4Napi7detailsL25TemplatedInstanceCallbackI9DisruptorXadL_ZNS2_17GetPendingSeqNextERKNS_12CallbackInfoEEEEEP12napi_value__P10napi_env__P20napi_callback_info__ENKUlvE_clEv
FN:167,_ZZN4Napi7detailsL25TemplatedInstanceCallbackI9DisruptorXadL_ZNS2_9GetCursorERKNS_12CallbackInfoEEEEEP12napi_value__P10napi_env__P20napi_callback_info__ENKUlvE_clEv
FNDA:0,_ZZN4Napi7detailsL25TemplatedInstanceCallbackI9DisruptorXadL_ZNS2_9GetCursorERKNS_12CallbackInfoEEEEEP12napi_value__P10napi_env__P20napi_callback_info__ENKUlvE_clEv
FN:167,_ZZN4Napi7detailsL25TemplatedInstanceCallbackI9DisruptorXadL_ZNS2_21ProduceClaimAvailSyncERKNS_12CallbackInfoEEEEEP12napi_value__P10napi_env__P20napi_callback_info__ENKUlvE_clEv
FNDA:0,_ZZN4Napi7detailsL25TemplatedInstanceCallbackI9DisruptorXadL_ZNS2_21ProduceClaimAvailSyncERKNS_12CallbackInfoEEEEEP12napi_value__P10napi_env__P20napi_callback_info__ENKUlvE_clEv
FN:167,_ZZN4Napi7detailsL25TemplatedInstanceCallbackI9DisruptorXadL_ZNS2_12GetConsumersERKNS_12CallbackInfoEEEEEP12napi_value__P10napi_env__P20napi_callback_info__ENKUlvE_clEv
FNDA:0,_ZZN4Napi7detailsL25TemplatedInstanceCallbackI9DisruptorXadL_ZNS2_12GetConsumersERKNS_12CallbackInfoEEEEEP12napi_value__P10napi_env__P20napi_callback_info__ENKUlvE_clEv
FN:167,_ZZN4Napi7detailsL25TemplatedInstanceCallbackI9DisruptorXadL_ZNS2_9GetStatusERKNS_12CallbackInfoEEEEEP12napi_value__P10napi_env__P20napi_callback_info__ENKUlvE_clEv
FNDA:0,_ZZN4Napi7detailsL25TemplatedInstanceCallbackI9DisruptorXadL_ZNS2_9GetStatusERKNS_12CallbackInfoEEEEEP12napi_value__P10napi_env__P20napi_callback_info__ENKUlvE_clEv
FN:167,_ZZN4Napi7detailsL25TemplatedInstanceCallbackI9DisruptorXadL_ZNS2_13ProduceCommitERKNS_12CallbackInfoEEEEEP12napi_value__P10napi_env__P20napi_callback_info__ENKUlvE_clEv
FNDA:0,_ZZN4Napi7detailsL25TemplatedInstanceCallbackI9DisruptorXadL_ZNS2_13ProduceCommitERKNS_12CallbackInfoEEEEEP12napi_value__P10napi_env__P20napi_callback_info__ENKUlvE_clEv
FN:167,_ZZN4Napi7detailsL25TemplatedInstanceCallbackI9DisruptorXadL_ZNS2_14GetElementSizeERKNS_12CallbackInfoEEEEEP12napi_value__P10napi_env__P20napi_callback_info__ENKUlvE_clEv
FNDA:0,_ZZN4Napi7detailsL25TemplatedInstanceCallbackI9DisruptorXadL_ZNS2_14GetElementSizeERKNS_12CallbackInfoEEEEEP12napi_value__P10napi_env__P20napi_callback_info__ENKUlvE_clEv
FN:167,_ZZN4Napi7detailsL25TemplatedInstanceCallbackI9DisruptorXadL_ZNS2_17ProduceCommitSyncERKNS_12CallbackInfoEEEEEP12napi_value__P10napi_env__P20napi_callback_info__ENKUlvE_clEv
FNDA:0,_ZZN4Napi7detailsL25TemplatedInstanceCallbackI9DisruptorXadL_ZNS2_17ProduceCommitSyncERKNS_12CallbackInfoEEEEEP12napi_value__P10napi_env__P20napi_callback_info__ENKUlvE_clEv
FN:167,_ZZN4Napi7detailsL25TemplatedInstanceCallbackI9DisruptorXadL_ZNS2_12ProduceClaimERKNS_12CallbackInfoEEEEEP12napi_value__P10napi_env__P20napi_callback_info__ENKUlvE_clEv
FNDA:0,_ZZN4Napi7detailsL25TemplatedInstanceCallbackI9DisruptorXadL_ZNS2_12ProduceClaimERKNS_12CallbackInfoEEEEEP12napi_value__P10napi_env__P20napi_callback_info__ENKUlvE_clEv
FN:167,_ZZN4Napi7detailsL25TemplatedInstanceCallbackI9DisruptorXadL_ZNS2_16ProduceClaimSyncERKNS_12CallbackInfoEEEEEP12napi_value__P10napi_env__P20napi_callback_info__ENKUlvE_clEv
FNDA:0,_ZZN4Napi7detailsL25TemplatedInstanceCallbackI9DisruptorXadL_ZNS2_16ProduceClaimSyncERKNS_12CallbackInfoEEEEEP12napi_value__P10napi_env__P20napi_callback_info__ENKUlvE_clEv
FN:167,_ZZN4Napi7detailsL25TemplatedInstanceCallbackI9DisruptorXadL_ZNS2_23GetAllConsumersIgnoringERKNS_12CallbackInfoEEEEEP12napi_value__P10napi_env__P20napi_callback_info__ENKUlvE_clEv
FNDA:0,_ZZN4Napi7detailsL25TemplatedInstanceCallbackI9DisruptorXadL_ZNS2_23GetAllConsumersIgnoringERKNS_12CallbackInfoEEEEEP12napi_value__P10napi_env__P20napi_callback_info__ENKUlvE_clEv
FN:167,_ZZN4Napi7detailsL25TemplatedInstanceCallbackI9DisruptorXadL_ZNS2_14ConsumeNewSyncERKNS_12CallbackInfoEEEEEP12napi_value__P10napi_env__P20napi_callback_info__ENKUlvE_clEv
FNDA:0,_ZZN4Napi7detailsL25TemplatedInstanceCallbackI9DisruptorXadL_ZNS2_14ConsumeNewSyncERKNS_12CallbackInfoEEEEEP12napi_value__P10napi_env__P20napi_callback_info__ENKUlvE_clEv
FN:167,_ZZN4Napi7detailsL25TemplatedInstanceCallbackI9DisruptorXadL_ZNS2_16ProduceClaimManyERKNS_12CallbackInfoEEEEEP12napi_value__P10napi_env__P20napi_callback_info__ENKUlvE_clEv
FNDA:0,_ZZN4Napi7detailsL25TemplatedInstanceCallbackI9DisruptorXadL_ZNS2_16ProduceClaimManyERKNS_12CallbackInfoEEEEEP12napi_value__P10napi_env__P20napi_callback_info__ENKUlvE_clEv
FN:167,_ZZN4Napi7detailsL25TemplatedInstanceCallbackI9DisruptorXadL_ZNS2_21GetPendingSeqConsumerERKNS_12CallbackInfoEEEEEP12napi_value__P10napi_env__P20napi_callback_info__ENKUlvE_clEv
FNDA:0,_ZZN4Napi7detailsL25TemplatedInstanceCallbackI9DisruptorXadL_ZNS2_21GetPendingSeqConsumerERKNS_12CallbackInfoEEEEEP12napi_value__P10napi_env__P20napi_callback_info__ENKUlvE_clEv
FN:167,_ZZN4Napi7detailsL25TemplatedInstanceCallbackI9DisruptorXadL_ZNS2_13ConsumeCommitERKNS_12CallbackInfoEEEEEP12napi_value__P10napi_env__P20napi_callback_info__ENKUlvE_clEv
FNDA:0,_ZZN4Napi7detailsL25TemplatedInstanceCallbackI9DisruptorXadL_ZNS2_13ConsumeCommitERKNS_12CallbackInfoEEEEEP12napi_value__P10napi_env__P20napi_callback_info__ENKUlvE_clEv
FN:167,_ZZN4Napi7detailsL25TemplatedInstanceCallbackI9DisruptorXadL_ZNS2_14ProduceRecoverERKNS_12CallbackInfoEEEEEP12napi_value__P10napi_env__P20napi_callback_info__ENKUlvE_clEv
FNDA:0,_ZZN4Napi7detailsL25TemplatedInstanceCallbackI9DisruptorXadL_ZNS2_14ProduceRecoverERKNS_12CallbackInfoEEEEEP12napi_value__P10napi_env__P20napi_callback_info__ENKUlvE_clEv
FN:167,_ZZN4Napi7detailsL25TemplatedInstanceCallbackI9DisruptorXadL_ZNS2_20GetPendingSeqNextEndERKNS_12CallbackInfoEEEEEP12napi_value__P10napi_env__P20napi_callback_info__ENKUlvE_clEv
FNDA:0,_ZZN4Napi7detailsL25TemplatedInstanceCallbackI9DisruptorXadL_ZNS2_20GetPendingSeqNextEndERKNS_12CallbackInfoEEEEEP12napi_value__P10napi_env__P20napi_callback_info__ENKUlvE_clEv
FN:167,_ZZN4Napi7detailsL25TemplatedInstanceCallbackI9DisruptorXadL_ZNS2_10ConsumeNewERKNS_12CallbackInfoEEEEEP12napi_value__P10napi_env__P20napi_callback_info__ENKUlvE_clEv
FNDA:0,_ZZN4Napi7detailsL25TemplatedInstanceCallbackI9DisruptorXadL_ZNS2_10ConsumeNewERKNS_12CallbackInfoEEEEEP12napi_value__P10napi_env__P20napi_callback_info__ENKUlvE_clEv
FN:176,_ZN4Napi7detailsL29TemplatedInstanceVoidCallbackI9DisruptorXadL_ZNS2_7ReleaseERKNS_12CallbackInfoEEEEEP12napi_value__P10napi_env__P20napi_callback_info__
FNDA:0,_ZN4Napi7detailsL29TemplatedInstanceVoidCallbackI9DisruptorXadL_ZNS2_7ReleaseERKNS_12CallbackInfoEEEEEP12napi_value__P10napi_env__P20napi_callback_info__
FN:176,_ZN4Napi7detailsL29TemplatedInstanceVoidCallbackI9DisruptorXadL_ZNS2_17ProduceClaimAsyncERKNS_12CallbackInfoEEEEEP12napi_value__P10napi_env__P20napi_callback_info__
FNDA:0,_ZN4Napi7detailsL29TemplatedInstanceVoidCallbackI9DisruptorXadL_ZNS2_17ProduceClaimAsyncERKNS_12CallbackInfoEEEEEP12napi_value__P10napi_env__P20napi_callback_info__
FN:176,_ZN4Napi7detailsL29TemplatedInstanceVoidCallbackI9DisruptorXadL_ZNS2_18ProduceCommitAsyncERKNS_12CallbackInfoEEEEEP12napi_value__P10napi_env__P20napi_callback_info__
FNDA:0,_ZN4Napi7detailsL29TemplatedInstanceVoidCallbackI9DisruptorXadL_ZNS2_18ProduceCommitAsyncERKNS_12CallbackInfoEEEEEP12napi_value__P10napi_env__P20napi_callback_info__
FN:176,_ZN4Napi7detailsL29TemplatedInstanceVoidCallbackI9DisruptorXadL_ZNS2_22ProduceClaimAvailAsyncERKNS_12CallbackInfoEEEEEP12napi_value__P10napi_env__P20napi_callback_info__
FNDA:0,_ZN4Napi7detailsL29TemplatedInstanceVoidCallbackI9DisruptorXadL_ZNS2_22ProduceClaimAvailAsyncERKNS_12CallbackInfoEEEEEP12napi_value__P10napi_env__P20napi_callback_info__
FN:176,_ZN4Napi7detailsL29TemplatedInstanceVoidCallbackI9DisruptorXadL_ZNS2_21ProduceClaimManyAsyncERKNS_12CallbackInfoEEEEEP12napi_value__P10napi_env__P20napi_callback_info__
FNDA:0,_ZN4Napi7detailsL29TemplatedInstanceVoidCallbackI9DisruptorXadL_ZNS2_21ProduceClaimManyAsyncERKNS_12CallbackInfoEEEEEP12napi_value__P10napi_env__P20napi_callback_info__
FN:176,_ZN4Napi7detailsL29TemplatedInstanceVoidCallbackI9DisruptorXadL_ZNS2_15ConsumeNewAsyncERKNS_12CallbackInfoEEEEEP12napi_value__P10napi_env__P20napi_callback_info__
FNDA:0,_ZN4Napi7detailsL29TemplatedInstanceVoidCallbackI9DisruptorXadL_ZNS2_15ConsumeNewAsyncERKNS_12CallbackInfoEEEEEP12napi_value__P10napi_env__P20napi_callback_info__
FN:178,_ZZN4Napi7detailsL29TemplatedInstanceVoidCallbackI9DisruptorXadL_ZNS2_15ConsumeNewAsyncERKNS_12CallbackInfoEEEEEP12napi_value__P10napi_env__P20napi_callback_info__ENKUlvE_clEv
FNDA:0,_ZZN4Napi7detailsL29TemplatedInstanceVoidCallbackI9DisruptorXadL_ZNS2_15ConsumeNewAsyncERKNS_12CallbackInfoEEEEEP12napi_value__P10napi_env__P20napi_callback_info__ENKUlvE_clEv
FN:178,_ZZN4Napi7detailsL29TemplatedInstanceVoidCallbackI9DisruptorXadL_ZNS2_17ProduceClaimAsyncERKNS_12CallbackInfoEEEEEP12napi_value__P10napi_env__P20napi_callback_info__ENKUlvE_clEv
FNDA:0,_ZZN4Napi7detailsL29TemplatedInstanceVoidCallbackI9DisruptorXadL_ZNS2_17ProduceClaimAsyncERKNS_12CallbackInfoEEEEEP12napi_value__P10napi_env__P20napi_callback_info__ENKUlvE_clEv
FN:178,_ZZN4Napi7detailsL29TemplatedInstanceVoidCallbackI9DisruptorXadL_ZNS2_21ProduceClaimManyAsyncERKNS_12CallbackInfoEEEEEP12napi_value__P10napi_env__P20napi_callback_info__ENKUlvE_clEv
FNDA:0,_ZZN4Napi7detailsL29TemplatedInstanceVoidCallbackI9DisruptorXadL_ZNS2_21ProduceClaimManyAsyncERKNS_12CallbackInfoEEEEEP12napi_value__P10napi_env__P20napi_callback_info__ENKUlvE_clEv
FN:178,_ZZN4Napi7detailsL29TemplatedInstanceVoidCallbackI9DisruptorXadL_ZNS2_22ProduceClaimAvailAsyncERKNS_12CallbackInfoEEEEEP12napi_value__P10napi_env__P20napi_callback_info__ENKUlvE_clEv
FNDA:0,_ZZN4Napi7detailsL29TemplatedInstanceVoidCallbackI9DisruptorXadL_ZNS2_22ProduceClaimAvailAsyncERKNS_12CallbackInfoEEEEEP12napi_value__P10napi_env__P20napi_callback_info__ENKUlvE_clEv
FN:178,_ZZN4Napi7detailsL29TemplatedInstanceVoidCallbackI9DisruptorXadL_ZNS2_18ProduceCommitAsyncERKNS_12CallbackInfoEEEEEP12napi_value__P10napi_env__P20napi_callback_info__ENKUlvE_clEv
FNDA:0,_ZZN4Napi7detailsL29TemplatedInstanceVoidCallbackI9DisruptorXadL_ZNS2_18ProduceCommitAsyncERKNS_12CallbackInfoEEEEEP12napi_value__P10napi_env__P20napi_callback_info__ENKUlvE_clEv
FN:178,_ZZN4Napi7detailsL29TemplatedInstanceVoidCallbackI9DisruptorXadL_ZNS2_7ReleaseERKNS_12CallbackInfoEEEEEP12napi_value__P10napi_env__P20napi_callback_info__ENKUlvE_clEv
FNDA:0,_ZZN4Napi7detailsL29TemplatedInstanceVoidCallbackI9DisruptorXadL_ZNS2_7ReleaseERKNS_12CallbackInfoEEEEEP12napi_value__P10napi_env__P20napi_callback_info__ENKUlvE_clEv
FN:188,_ZN4Napi7details12FinalizeDataIhZN9DisruptorC4ERKNS_12CallbackInfoEEUlNS_3EnvEPhE_vE7WrapperEP10napi_env__PvSC_
FNDA:0,_ZN4Napi7details12FinalizeDataIhZN9DisruptorC4ERKNS_12CallbackInfoEEUlNS_3EnvEPhE_vE7WrapperEP10napi_env__PvSC_
FN:191,_ZZN4Napi7details12FinalizeDataIhZN9DisruptorC4ERKNS_12CallbackInfoEEUlNS_3EnvEPhE_vE7WrapperEP10napi_env__PvSC_ENKUlvE_clEv
FNDA:0,_ZZN4Napi7details12FinalizeDataIhZN9DisruptorC4ERKNS_12CallbackInfoEEUlNS_3EnvEPhE_vE7WrapperEP10napi_env__PvSC_ENKUlvE_clEv
FN:376,_ZN4Napi14RegisterModuleEP10napi_env__P12napi_value__PFNS_6ObjectENS_3EnvES4_E
FNDA:0,_ZN4Napi14RegisterModuleEP10napi_env__P12napi_value__PFNS_6ObjectENS_3EnvES4_E
FN:379,_ZZN4Napi14RegisterModuleEP10napi_env__P12napi_value__PFNS_6ObjectENS_3EnvES4_EENKUlvE_clEv
FNDA:0,_ZZN4Napi14RegisterModuleEP10napi_env__P12napi_value__PFNS_6ObjectENS_3EnvES4_EENKUlvE_clEv
FN:455,_ZN4Napi3EnvC2EP10napi_env__
FNDA:0,_ZN4Napi3EnvC2EP10napi_env__
FN:458,_ZNK4Napi3EnvcvP10napi_env__Ev
FNDA:0,_ZNK4Napi3EnvcvP10napi_env__Ev
FN:462,_ZNK4Napi3Env6GlobalEv
FNDA:0,_ZNK4Napi3Env6GlobalEv
FN:469,_ZNK4Napi3Env9UndefinedEv
FNDA:0,_ZNK4Napi3Env9UndefinedEv
FN:476,_ZNK4Napi3Env4NullEv
FNDA:0,_ZNK4Napi3Env4NullEv
FN:483,_ZNK4Napi3Env18IsExceptionPendingEv
FNDA:0,_ZNK4Napi3Env18IsExceptionPendingEv
FN:582,_ZN4Napi5ValueC2Ev
FNDA:0,_ZN4Napi5ValueC2Ev
FN:585,_ZN4Napi5ValueC2EP10napi_env__P12napi_value__
FNDA:0,_ZN4Napi5ValueC2EP10napi_env__P12napi_value__
FN:588,_ZNK4Napi5ValuecvP12napi_value__Ev
FNDA:0,_ZNK4Napi5ValuecvP12napi_value__Ev
FN:607,_ZNK4Napi5Value3EnvEv
FNDA:0,_ZNK4Napi5Value3EnvEv
FN:611,_ZNK4Napi5Value7IsEmptyEv
FNDA:0,_ZNK4Napi5Value7IsEmptyEv
FN:615,_ZNK4Napi5Value4TypeEv
FNDA:0,_ZNK4Napi5Value4TypeEv
FN:706,_ZNK4Napi5Value10IsFunctionEv
FNDA:0,_ZNK4Napi5Value10IsFunctionEv
FN:748,_ZNK4Napi5Value2AsINS_6ObjectEEET_v
FNDA:0,_ZNK4Napi5Value2AsINS_6ObjectEEET_v
FN:748,_ZNK4Napi5Value2AsINS_8FunctionEEET_v
FNDA:0,_ZNK4Napi5Value2AsINS_8FunctionEEET_v
FN:748,_ZNK4Napi5Value2AsINS_6StringEEET_v
FNDA:0,_ZNK4Napi5Value2AsINS_6StringEEET_v
FN:748,_ZNK4Napi5Value2AsINS_6BufferIhEEEET_v
FNDA:0,_ZNK4Napi5Value2AsINS_6BufferIhEEEET_v
FN:748,_ZNK4Napi5Value2AsINS_6NumberEEET_v
FNDA:0,_ZNK4Napi5Value2AsINS_6NumberEEET_v
FN:748,_ZNK4Napi5Value2AsINS_7BooleanEEET_v
FNDA:0,_ZNK4Napi5Value2AsINS_7BooleanEEET_v
FN:784,_ZN4Napi7Boolean3NewEP10napi_env__b
FNDA:0,_ZN4Napi7Boolean3NewEP10napi_env__b
FN:794,_ZN4Napi7BooleanC2EP10napi_env__P12napi_value__
FNDA:0,_ZN4Napi7BooleanC2EP10napi_env__P12napi_value__
FN:797,_ZNK4Napi7BooleancvbEv
FNDA:0,_ZNK4Napi7BooleancvbEv
FN:801,_ZNK4Napi7Boolean5ValueEv
FNDA:0,_ZNK4Napi7Boolean5ValueEv
FN:812,_ZN4Napi6Number3NewEP10napi_env__d
FNDA:0,_ZN4Napi6Number3NewEP10napi_env__d
FN:822,_ZN4Napi6NumberC2EP10napi_env__P12napi_value__
FNDA:0,_ZN4Napi6NumberC2EP10napi_env__P12napi_value__
FN:825,_ZNK4Napi6NumbercviEv
FNDA:0,_ZNK4Napi6NumbercviEv
FN:829,_ZNK4Napi6NumbercvjEv
FNDA:0,_ZNK4Napi6NumbercvjEv
FN:845,_ZNK4Napi6Number10Int32ValueEv
FNDA:0,_ZNK4Napi6Number10Int32ValueEv
FN:852,_ZNK4Napi6Number11Uint32ValueEv
FNDA:0,_ZNK4Napi6Number11Uint32ValueEv
FN:859,_ZNK4Napi6Number10Int64ValueEv
FNDA:0,_ZNK4Napi6Number10Int64ValueEv
FN:978,_ZN4Napi4NameC2EP10napi_env__P12napi_value__
FNDA:0,_ZN4Napi4NameC2EP10napi_env__P12napi_value__
FN:993,_ZN4Napi6String3NewEP10napi_env__PKc
FNDA:0,_ZN4Napi6String3NewEP10napi_env__PKc
FN:1036,_ZN4Napi6StringC2EP10napi_env__P12napi_value__
FNDA:0,_ZN4Napi6StringC2EP10napi_env__P12napi_value__
FN:1039,_ZNK4Napi6StringcvNSt7__cxx1112basic_stringIcSt11char_traitsIcESaIcEEEEv
FNDA:0,_ZNK4Napi6StringcvNSt7__cxx1112basic_stringIcSt11char_traitsIcESaIcEEEEv
FN:1047,_ZNK4Napi6String9Utf8ValueB5cxx11Ev
FNDA:0,_ZNK4Napi6String9Utf8ValueB5cxx11Ev
FN:1178,_ZN4Napi7details13vf_utf8_charp4FromEP10napi_env__PKc
FNDA:0,_ZN4Napi7details13vf_utf8_charp4FromEP10napi_env__PKc
FN:1202,_ZN4Napi7details11vf_fallbackINS_6BufferIhEEE4FromEP10napi_env__RKS3_
FNDA:0,_ZN4Napi7details11vf_fallbackINS_6BufferIhEEE4FromEP10napi_env__RKS3_
FN:1202,_ZN4Napi7details11vf_fallbackINS_5ValueEE4FromEP10napi_env__RKS2_
FNDA:0,_ZN4Napi7details11vf_fallbackINS_5ValueEE4FromEP10napi_env__RKS2_
FN:1202,_ZN4Napi7details11vf_fallbackIP12napi_value__E4FromEP10napi_env__RKS3_
FNDA:0,_ZN4Napi7details11vf_fallbackIP12napi_value__E4FromEP10napi_env__RKS3_
FN:1202,_ZN4Napi7details11vf_fallbackINS_8FunctionEE4FromEP10napi_env__RKS2_
FNDA:0,_ZN4Napi7details11vf_fallbackINS_8FunctionEE4FromEP10napi_env__RKS2_
FN:1222,_ZN4Napi5Value4FromIS0_EES0_P10napi_env__RKT_
FNDA:0,_ZN4Napi5Value4FromIS0_EES0_P10napi_env__RKT_
FN:1222,_ZN4Napi5Value4FromIP12napi_value__EES0_P10napi_env__RKT_
FNDA:0,_ZN4Napi5Value4FromIP12napi_value__EES0_P10napi_env__RKT_
FN:1222,_ZN4Napi5Value4FromINS_6BufferIhEEEES0_P10napi_env__RKT_
FNDA:0,_ZN4Napi5Value4FromINS_6BufferIhEEEES0_P10napi_env__RKT_
FN:1222,_ZN4Napi5Value4FromINS_8FunctionEEES0_P10napi_env__RKT_
FNDA:0,_ZN4Napi5Value4FromINS_8FunctionEEES0_P10napi_env__RKT_
FN:1236,_ZN4Napi6String4FromIPKcEES0_P10napi_env__RKT_
FNDA:0,_ZN4Napi6String4FromIPKcEES0_P10napi_env__RKT_
FN:1273,_ZN4Napi6Object14PropertyLValueIjEaSINS_5ValueEEERS2_T_
FNDA:0,_ZN4Napi6Object14PropertyLValueIjEaSINS_5ValueEEERS2_T_
FN:1285,_ZN4Napi6Object14PropertyLValueIjEC2ES0_j
FNDA:0,_ZN4Napi6Object14PropertyLValueIjEC2ES0_j
FN:1288,_ZN4Napi6Object3NewEP10napi_env__
FNDA:0,_ZN4Napi6Object3NewEP10napi_env__
FN:1295,_ZN4Napi6ObjectC2Ev
FNDA:0,_ZN4Napi6ObjectC2Ev
FN:1298,_ZN4Napi6ObjectC2EP10napi_env__P12napi_value__
FNDA:0,_ZN4Napi6ObjectC2EP10napi_env__P12napi_value__
FN:1311,_ZN4Napi6ObjectixEj
FNDA:0,_ZN4Napi6ObjectixEj
FN:1390,_ZNK4Napi6Object3GetEPKc
FNDA:0,_ZNK4Napi6Object3GetEPKc
FN:1416,_ZNK4Napi6Object3SetINS_8FunctionEEEbPKcRKT_
FNDA:0,_ZNK4Napi6Object3SetINS_8FunctionEEEbPKcRKT_
FN:1462,_ZNK4Napi6Object3SetINS_5ValueEEEbjRKT_
FNDA:0,_ZNK4Napi6Object3SetINS_5ValueEEEbjRKT_
FN:1462,_ZNK4Napi6Object3SetINS_6BufferIhEEEEbjRKT_
FNDA:0,_ZNK4Napi6Object3SetINS_6BufferIhEEEEbjRKT_
FN:1711,_ZN4Napi5Array3NewEP10napi_env__
FNDA:0,_ZN4Napi5Array3NewEP10napi_env__
FN:1728,_ZN4Napi5ArrayC2EP10napi_env__P12napi_value__
FNDA:0,_ZN4Napi5ArrayC2EP10napi_env__P12napi_value__
FN:1731,_ZNK4Napi5Array6LengthEv
FNDA:0,_ZNK4Napi5Array6LengthEv
FN:2019,_ZN4Napi10TypedArrayC2Ev
FNDA:0,_ZN4Napi10TypedArrayC2Ev
FN:2023,_ZN4Napi10TypedArrayC2EP10napi_env__P12napi_value__
FNDA:0,_ZN4Napi10TypedArrayC2EP10napi_env__P12napi_value__
FN:2129,_ZN4Napi12TypedArrayOfIhEC2Ev
FNDA:0,_ZN4Napi12TypedArrayOfIhEC2Ev
FN:2133,_ZN4Napi12TypedArrayOfIhEC2EP10napi_env__P12napi_value__
FNDA:0,_ZN4Napi12TypedArrayOfIhEC2EP10napi_env__P12napi_value__
FN:2188,_ZN4NapiL14CreateFunctionINS_18MethodCallbackDataI9DisruptorPFvRKNS_12CallbackInfoEEEEEE11napi_statusP10napi_env__PKcPFP12napi_value__SB_P20napi_callback_info__EPT_PSF_
FNDA:0,_ZN4NapiL14CreateFunctionINS_18MethodCallbackDataI9DisruptorPFvRKNS_12CallbackInfoEEEEEE11napi_statusP10napi_env__PKcPFP12napi_value__SB_P20napi_callback_info__EPT_PSF_
FN:2188,_ZN4NapiL14CreateFunctionINS_18MethodCallbackDataI9DisruptorPFNS_5ValueERKNS_12CallbackInfoEEEEEE11napi_statusP10napi_env__PKcPFP12napi_value__SC_P20napi_callback_info__EPT_PSG_
FNDA:0,_ZN4NapiL14CreateFunctionINS_18MethodCallbackDataI9DisruptorPFNS_5ValueERKNS_12CallbackInfoEEEEEE11napi_statusP10napi_env__PKcPFP12napi_value__SC_P20napi_callback_info__EPT_PSG_
FN:2203,_ZN4Napi8Function3NewIXadL_Z12NullCallbackRKNS_12CallbackInfoEEEEES0_P10napi_env__PKcPv
FNDA:0,_ZN4Napi8Function3NewIXadL_Z12NullCallbackRKNS_12CallbackInfoEEEEES0_P10napi_env__PKcPv
FN:2276,_ZN4Napi8FunctionC2EP10napi_env__P12napi_value__
FNDA:0,_ZN4Napi8FunctionC2EP10napi_env__P12napi_value__
FN:2304,_ZNK4Napi8Function4CallEP12napi_value__RKSt16initializer_listIS2_E
FNDA:0,_ZNK4Napi8Function4CallEP12napi_value__RKSt16initializer_listIS2_E
FN:2309,_ZNK4Napi8Function4CallEP12napi_value__RKSt6vectorIS2_SaIS2_EE
FNDA:0,_ZNK4Napi8Function4CallEP12napi_value__RKSt6vectorIS2_SaIS2_EE
FN:2335,_ZNK4Napi8Function4CallEP12napi_value__mPKS2_
FNDA:0,_ZNK4Napi8Function4CallEP12napi_value__mPKS2_
FN:2345,_ZNK4Napi8Function12MakeCallbackEP12napi_value__RKSt16initializer_listIS2_EP20napi_async_context__
FNDA:0,_ZNK4Napi8Function12MakeCallbackEP12napi_value__RKSt16initializer_listIS2_EP20napi_async_context__
FN:2359,_ZNK4Napi8Function12MakeCallbackEP12napi_value__mPKS2_P20napi_async_context__
FNDA:0,_ZNK4Napi8Function12MakeCallbackEP12napi_value__mPKS2_P20napi_async_context__
FN:2448,_ZN4Napi6BufferIhE3NewIZN9DisruptorC4ERKNS_12CallbackInfoEEUlNS_3EnvEPhE_EES1_P10napi_env__S8_mT_
FNDA:0,_ZN4Napi6BufferIhE3NewIZN9DisruptorC4ERKNS_12CallbackInfoEEUlNS_3EnvEPhE_EES1_P10napi_env__S8_mT_
FN:2505,_ZN4Napi6BufferIhEC2Ev
FNDA:0,_ZN4Napi6BufferIhEC2Ev
FN:2509,_ZN4Napi6BufferIhEC2EP10napi_env__P12napi_value__
FNDA:0,_ZN4Napi6BufferIhEC2EP10napi_env__P12napi_value__
FN:2514,_ZN4Napi6BufferIhEC2EP10napi_env__P12napi_value__mPh
FNDA:0,_ZN4Napi6BufferIhEC2EP10napi_env__P12napi_value__mPh
FN:2519,_ZNK4Napi6BufferIhE6LengthEv
FNDA:0,_ZNK4Napi6BufferIhE6LengthEv
FN:2531,_ZNK4Napi6BufferIhE10EnsureInfoEv
FNDA:0,_ZNK4Napi6BufferIhE10EnsureInfoEv
FN:2549,_ZN4Napi5Error3NewEP10napi_env__
FNDA:0,_ZN4Napi5Error3NewEP10napi_env__
FN:2609,_ZN4Napi5Error3NewEP10napi_env__PKc
FNDA:0,_ZN4Napi5Error3NewEP10napi_env__PKc
FN:2613,_ZN4Napi5Error3NewEP10napi_env__RKNSt7__cxx1112basic_stringIcSt11char_traitsIcESaIcEEE
FNDA:0,_ZN4Napi5Error3NewEP10napi_env__RKNSt7__cxx1112basic_stringIcSt11char_traitsIcESaIcEEE
FN:2617,_ZN4Napi5Error5FatalEPKcS2_
FNDA:0,_ZN4Napi5Error5FatalEPKcS2_
FN:2624,_ZN4Napi5ErrorC2EP10napi_env__P12napi_value__
FNDA:0,_ZN4Napi5ErrorC2EP10napi_env__P12napi_value__
FN:2662,_ZNK4Napi5Error5ValueEv
FNDA:0,_ZNK4Napi5Error5ValueEv
FN:2728,_ZNK4Napi5Error7MessageB5cxx11Ev
FNDA:0,_ZNK4Napi5Error7MessageB5cxx11Ev
FN:2753,_ZNK4Napi5Error26ThrowAsJavaScriptExceptionEv
FNDA:0,_ZNK4Napi5Error26ThrowAsJavaScriptExceptionEv
FN:2801,_ZNK4Napi5Error4whatEv
FNDA:0,_ZNK4Napi5Error4whatEv
FN:2807,_ZN4Napi5Error16ERROR_WRAP_VALUEEv
FNDA:0,_ZN4Napi5Error16ERROR_WRAP_VALUEEv
FN:2812,_ZN4Napi5Error3NewINS_9TypeErrorEEET_P10napi_env__PKcmPF11napi_statusS5_P12napi_value__SA_PSA_E
FNDA:0,_ZN4Napi5Error3NewINS_9TypeErrorEEET_P10napi_env__PKcmPF11napi_statusS5_P12napi_value__SA_PSA_E
FN:2812,_ZN4Napi5Error3NewIS0_EET_P10napi_env__PKcmPF11napi_statusS4_P12napi_value__S9_PS9_E
FNDA:0,_ZN4Napi5Error3NewIS0_EET_P10napi_env__PKcmPF11napi_statusS4_P12napi_value__S9_PS9_E
FN:2827,_ZN4Napi9TypeError3NewEP10napi_env__PKc
FNDA:0,_ZN4Napi9TypeError3NewEP10napi_env__PKc
FN:2838,_ZN4Napi9TypeErrorC2EP10napi_env__P12napi_value__
FNDA:0,_ZN4Napi9TypeErrorC2EP10napi_env__P12napi_value__
FN:2860,_ZN4Napi9ReferenceINS_6BufferIhEEE3NewERKS2_j
FNDA:0,_ZN4Napi9ReferenceINS_6BufferIhEEE3NewERKS2_j
FN:2860,_ZN4Napi9ReferenceINS_6ObjectEE3NewERKS1_j
FNDA:0,_ZN4Napi9ReferenceINS_6ObjectEE3NewERKS1_j
FN:2860,_ZN4Napi9ReferenceINS_8FunctionEE3NewERKS1_j
FNDA:0,_ZN4Napi9ReferenceINS_8FunctionEE3NewERKS1_j
FN:2877,_ZN4Napi9ReferenceINS_6BufferIhEEEC2Ev
FNDA:0,_ZN4Napi9ReferenceINS_6BufferIhEEEC2Ev
FN:2877,_ZN4Napi9ReferenceINS_8FunctionEEC2Ev
FNDA:0,_ZN4Napi9ReferenceINS_8FunctionEEC2Ev
FN:2877,_ZN4Napi9ReferenceINS_6ObjectEEC2Ev
FNDA:0,_ZN4Napi9ReferenceINS_6ObjectEEC2Ev
FN:2881,_ZN4Napi9ReferenceINS_6BufferIhEEEC2EP10napi_env__P10napi_ref__
FNDA:0,_ZN4Napi9ReferenceINS_6BufferIhEEEC2EP10napi_env__P10napi_ref__
FN:2881,_ZN4Napi9ReferenceINS_8FunctionEEC2EP10napi_env__P10napi_ref__
FNDA:0,_ZN4Napi9ReferenceINS_8FunctionEEC2EP10napi_env__P10napi_ref__
FN:2881,_ZN4Napi9ReferenceINS_6ObjectEEC2EP10napi_env__P10napi_ref__
FNDA:0,_ZN4Napi9ReferenceINS_6ObjectEEC2EP10napi_env__P10napi_ref__
FN:2886,_ZN4Napi9ReferenceINS_8FunctionEED2Ev
FNDA:0,_ZN4Napi9ReferenceINS_8FunctionEED2Ev
FN:2886,_ZN4Napi9ReferenceINS_6ObjectEED2Ev
FNDA:0,_ZN4Napi9ReferenceINS_6ObjectEED2Ev
FN:2886,_ZN4Napi9ReferenceINS_6BufferIhEEED2Ev
FNDA:0,_ZN4Napi9ReferenceINS_6BufferIhEEED2Ev
FN:2897,_ZN4Napi9ReferenceINS_8FunctionEEC2EOS2_
FNDA:0,_ZN4Napi9ReferenceINS_8FunctionEEC2EOS2_
FN:2897,_ZN4Napi9ReferenceINS_6ObjectEEC2EOS2_
FNDA:0,_ZN4Napi9ReferenceINS_6ObjectEEC2EOS2_
FN:2905,_ZN4Napi9ReferenceINS_8FunctionEEaSEOS2_
FNDA:0,_ZN4Napi9ReferenceINS_8FunctionEEaSEOS2_
FN:2905,_ZN4Napi9ReferenceINS_6BufferIhEEEaSEOS3_
FNDA:0,_ZN4Napi9ReferenceINS_6BufferIhEEEaSEOS3_
FN:2905,_ZN4Napi9ReferenceINS_6ObjectEEaSEOS2_
FNDA:0,_ZN4Napi9ReferenceINS_6ObjectEEaSEOS2_
FN:2947,_ZNK4Napi9ReferenceINS_8FunctionEE3EnvEv
FNDA:0,_ZNK4Napi9ReferenceINS_8FunctionEE3EnvEv
FN:2947,_ZNK4Napi9ReferenceINS_6ObjectEE3EnvEv
FNDA:0,_ZNK4Napi9ReferenceINS_6ObjectEE3EnvEv
FN:2952,_ZNK4Napi9ReferenceINS_6ObjectEE7IsEmptyEv
FNDA:0,_ZNK4Napi9ReferenceINS_6ObjectEE7IsEmptyEv
FN:2952,_ZNK4Napi9ReferenceINS_8FunctionEE7IsEmptyEv
FNDA:0,_ZNK4Napi9ReferenceINS_8FunctionEE7IsEmptyEv
FN:2957,_ZNK4Napi9ReferenceINS_6BufferIhEEE5ValueEv
FNDA:0,_ZNK4Napi9ReferenceINS_6BufferIhEEE5ValueEv
FN:2957,_ZNK4Napi9ReferenceINS_8FunctionEE5ValueEv
FNDA:0,_ZNK4Napi9ReferenceINS_8FunctionEE5ValueEv
FN:2957,_ZNK4Napi9ReferenceINS_6ObjectEE5ValueEv
FNDA:0,_ZNK4Napi9ReferenceINS_6ObjectEE5ValueEv
FN:2985,_ZN4Napi9ReferenceINS_6ObjectEE5ResetEv
FNDA:0,_ZN4Napi9ReferenceINS_6ObjectEE5ResetEv
FN:2985,_ZN4Napi9ReferenceINS_8FunctionEE5ResetEv
FNDA:0,_ZN4Napi9ReferenceINS_8FunctionEE5ResetEv
FN:2985,_ZN4Napi9ReferenceINS_6BufferIhEEE5ResetEv
FNDA:0,_ZN4Napi9ReferenceINS_6BufferIhEEE5ResetEv
FN:3024,_ZN4Napi10PersistentINS_6BufferIhEEEENS_9ReferenceIT_EES4_
FNDA:0,_ZN4Napi10PersistentINS_6BufferIhEEEENS_9ReferenceIT_EES4_
FN:3028,_ZN4Napi10PersistentENS_6ObjectE
FNDA:0,_ZN4Napi10PersistentENS_6ObjectE
FN:3032,_ZN4Napi10PersistentENS_8FunctionE
FNDA:0,_ZN4Napi10PersistentENS_8FunctionE
FN:3043,_ZN4Napi15ObjectReferenceC2EP10napi_env__P10napi_ref__
FNDA:0,_ZN4Napi15ObjectReferenceC2EP10napi_env__P10napi_ref__
FN:3046,_ZN4Napi15ObjectReferenceC2EONS_9ReferenceINS_6ObjectEEE
FNDA:0,_ZN4Napi15ObjectReferenceC2EONS_9ReferenceINS_6ObjectEEE
FN:3068,_ZNK4Napi15ObjectReference3GetEPKc
FNDA:0,_ZNK4Napi15ObjectReference3GetEPKc
FN:3218,_ZN4Napi17FunctionReferenceC2Ev
FNDA:0,_ZN4Napi17FunctionReferenceC2Ev
FN:3225,_ZN4Napi17FunctionReferenceC2EONS_9ReferenceINS_8FunctionEEE
FNDA:0,_ZN4Napi17FunctionReferenceC2EONS_9ReferenceINS_8FunctionEEE
FN:3238,_ZN4Napi17FunctionReferenceaSEOS0_
FNDA:0,_ZN4Napi17FunctionReferenceaSEOS0_
FN:3294,_ZNK4Napi17FunctionReference4CallEP12napi_value__RKSt16initializer_listIS2_E
FNDA:0,_ZNK4Napi17FunctionReference4CallEP12napi_value__RKSt16initializer_listIS2_E
FN:3311,_ZNK4Napi17FunctionReference4CallEP12napi_value__RKSt6vectorIS2_SaIS2_EE
FNDA:0,_ZNK4Napi17FunctionReference4CallEP12napi_value__RKSt6vectorIS2_SaIS2_EE
FN:3345,_ZNK4Napi17FunctionReference12MakeCallbackEP12napi_value__RKSt16initializer_listIS2_EP20napi_async_context__
FNDA:0,_ZNK4Napi17FunctionReference12MakeCallbackEP12napi_value__RKSt16initializer_listIS2_EP20napi_async_context__
FN:3443,_ZN4Napi12CallbackInfoC2EP10napi_env__P20napi_callback_info__
FNDA:0,_ZN4Napi12CallbackInfoC2EP10napi_env__P20napi_callback_info__
FN:3461,_ZN4Napi12CallbackInfoD2Ev
FNDA:0,_ZN4Napi12CallbackInfoD2Ev
FN:3478,_ZNK4Napi12CallbackInfo3EnvEv
FNDA:0,_ZNK4Napi12CallbackInfo3EnvEv
FN:3482,_ZNK4Napi12CallbackInfo6LengthEv
FNDA:0,_ZNK4Napi12CallbackInfo6LengthEv
FN:3486,_ZNK4Napi12CallbackInfoixEm
FNDA:0,_ZNK4Napi12CallbackInfoixEm
FN:3490,_ZNK4Napi12CallbackInfo4ThisEv
FNDA:0,_ZNK4Napi12CallbackInfo4ThisEv
FN:3497,_ZNK4Napi12CallbackInfo4DataEv
FNDA:0,_ZNK4Napi12CallbackInfo4DataEv
FN:3501,_ZN4Napi12CallbackInfo7SetDataEPv
FNDA:0,_ZN4Napi12CallbackInfo7SetDataEPv
FN:3825,_ZN4Napi12InstanceWrapI9DisruptorE14AttachPropDataEP10napi_env__P12napi_value__PK24napi_property_descriptor
FNDA:0,_ZN4Napi12InstanceWrapI9DisruptorE14AttachPropDataEP10napi_env__P12napi_value__PK24napi_property_descriptor
FN:3918,_ZN4Napi12InstanceWrapI9DisruptorE14InstanceMethodIXadL_ZNS1_15ConsumeNewAsyncERKNS_12CallbackInfoEEEEENS_23ClassPropertyDescriptorIS1_EEPKc24napi_property_attributesPv
FNDA:0,_ZN4Napi12InstanceWrapI9DisruptorE14InstanceMethodIXadL_ZNS1_15ConsumeNewAsyncERKNS_12CallbackInfoEEEEENS_23ClassPropertyDescriptorIS1_EEPKc24napi_property_attributesPv
FN:3918,_ZN4Napi12InstanceWrapI9DisruptorE14InstanceMethodIXadL_ZNS1_7ReleaseERKNS_12CallbackInfoEEEEENS_23ClassPropertyDescriptorIS1_EEPKc24napi_property_attributesPv
FNDA:0,_ZN4Napi12InstanceWrapI9DisruptorE14InstanceMethodIXadL_ZNS1_7ReleaseERKNS_12CallbackInfoEEEEENS_23ClassPropertyDescriptorIS1_EEPKc24napi_property_attributesPv
FN:3918,_ZN4Napi12InstanceWrapI9DisruptorE14InstanceMethodIXadL_ZNS1_17ProduceClaimAsyncERKNS_12CallbackInfoEEEEENS_23ClassPropertyDescriptorIS1_EEPKc24napi_property_attributesPv
FNDA:0,_ZN4Napi12InstanceWrapI9DisruptorE14InstanceMethodIXadL_ZNS1_17ProduceClaimAsyncERKNS_12CallbackInfoEEEEENS_23ClassPropertyDescriptorIS1_EEPKc24napi_property_attributesPv
FN:3918,_ZN4Napi12InstanceWrapI9DisruptorE14InstanceMethodIXadL_ZNS1_18ProduceCommitAsyncERKNS_12CallbackInfoEEEEENS_23ClassPropertyDescriptorIS1_EEPKc24napi_property_attributesPv
FNDA:0,_ZN4Napi12InstanceWrapI9DisruptorE14InstanceMethodIXadL_ZNS1_18ProduceCommitAsyncERKNS_12CallbackInfoEEEEENS_23ClassPropertyDescriptorIS1_EEPKc24napi_property_attributesPv
FN:3918,_ZN4Napi12InstanceWrapI9DisruptorE14InstanceMethodIXadL_ZNS1_22ProduceClaimAvailAsyncERKNS_12CallbackInfoEEEEENS_23ClassPropertyDescriptorIS1_EEPKc24napi_property_attributesPv
FNDA:0,_ZN4Napi12InstanceWrapI9DisruptorE14InstanceMethodIXadL_ZNS1_22ProduceClaimAvailAsyncERKNS_12CallbackInfoEEEEENS_23ClassPropertyDescriptorIS1_EEPKc24napi_property_attributesPv
FN:3918,_ZN4Napi12InstanceWrapI9DisruptorE14InstanceMethodIXadL_ZNS1_21ProduceClaimManyAsyncERKNS_12CallbackInfoEEEEENS_23ClassPropertyDescriptorIS1_EEPKc24napi_property_attributesPv
FNDA:0,_ZN4Napi12InstanceWrapI9DisruptorE14InstanceMethodIXadL_ZNS1_21ProduceClaimManyAsyncERKNS_12CallbackInfoEEEEENS_23ClassPropertyDescriptorIS1_EEPKc24napi_property_attributesPv
FN:3932,_ZN4Napi12InstanceWrapI9DisruptorE14InstanceMethodIXadL_ZNS1_20ProduceClaimManySyncERKNS_12CallbackInfoEEEEENS_23ClassPropertyDescriptorIS1_EEPKc24napi_property_attributesPv
FNDA:0,_ZN4Napi12InstanceWrapI9DisruptorE14InstanceMethodIXadL_ZNS1_20ProduceClaimManySyncERKNS_12CallbackInfoEEEEENS_23ClassPropertyDescriptorIS1_EEPKc24napi_property_attributesPv
FN:3932,_ZN4Napi12InstanceWrapI9DisruptorE14InstanceMethodIXadL_ZNS1_12ProduceClaimERKNS_12CallbackInfoEEEEENS_23ClassPropertyDescriptorIS1_EEPKc24napi_property_attributesPv
FNDA:0,_ZN4Napi12InstanceWrapI9DisruptorE14InstanceMethodIXadL_ZNS1_12ProduceClaimERKNS_12CallbackInfoEEEEENS_23ClassPropertyDescriptorIS1_EEPKc24napi_property_attributesPv
FN:3932,_ZN4Napi12InstanceWrapI9DisruptorE14InstanceMethodIXadL_ZNS1_16ProduceClaimSyncERKNS_12CallbackInfoEEEEENS_23ClassPropertyDescriptorIS1_EEPKc24napi_property_attributesPv
FNDA:0,_ZN4Napi12InstanceWrapI9DisruptorE14InstanceMethodIXadL_ZNS1_16ProduceClaimSyncERKNS_12CallbackInfoEEEEENS_23ClassPropertyDescriptorIS1_EEPKc24napi_property_attributesPv
FN:3932,_ZN4Napi12InstanceWrapI9DisruptorE14InstanceMethodIXadL_ZNS1_13ConsumeCommitERKNS_12CallbackInfoEEEEENS_23ClassPropertyDescriptorIS1_EEPKc24napi_property_attributesPv
FNDA:0,_ZN4Napi12InstanceWrapI9DisruptorE14InstanceMethodIXadL_ZNS1_13ConsumeCommitERKNS_12CallbackInfoEEEEENS_23ClassPropertyDescriptorIS1_EEPKc24napi_property_attributesPv
FN:3932,_ZN4Napi12InstanceWrapI9DisruptorE14InstanceMethodIXadL_ZNS1_10ConsumeNewERKNS_12CallbackInfoEEEEENS_23ClassPropertyDescriptorIS1_EEPKc24napi_property_attributesPv
FNDA:0,_ZN4Napi12InstanceWrapI9DisruptorE14InstanceMethodIXadL_ZNS1_10ConsumeNewERKNS_12CallbackInfoEEEEENS_23ClassPropertyDescriptorIS1_EEPKc24napi_property_attributesPv
FN:3932,_ZN4Napi12InstanceWrapI9DisruptorE14InstanceMethodIXadL_ZNS1_16ProduceClaimManyERKNS_12CallbackInfoEEEEENS_23ClassPropertyDescriptorIS1_EEPKc24napi_property_attributesPv
FNDA:0,_ZN4Napi12InstanceWrapI9DisruptorE14InstanceMethodIXadL_ZNS1_16ProduceClaimManyERKNS_12CallbackInfoEEEEENS_23ClassPropertyDescriptorIS1_EEPKc24napi_property_attributesPv
FN:3932,_ZN4Napi12InstanceWrapI9DisruptorE14InstanceMethodIXadL_ZNS1_17ProduceClaimAvailERKNS_12CallbackInfoEEEEENS_23ClassPropertyDescriptorIS1_EEPKc24napi_property_attributesPv
FNDA:0,_ZN4Napi12InstanceWrapI9DisruptorE14InstanceMethodIXadL_ZNS1_17ProduceClaimAvailERKNS_12CallbackInfoEEEEENS_23ClassPropertyDescriptorIS1_EEPKc24napi_property_attributesPv
FN:3932,_ZN4Napi12InstanceWrapI9DisruptorE14InstanceMethodIXadL_ZNS1_21ProduceClaimAvailSyncERKNS_12CallbackInfoEEEEENS_23ClassPropertyDescriptorIS1_EEPKc24napi_property_attributesPv
FNDA:0,_ZN4Napi12InstanceWrapI9DisruptorE14InstanceMethodIXadL_ZNS1_21ProduceClaimAvailSyncERKNS_12CallbackInfoEEEEENS_23ClassPropertyDescriptorIS1_EEPKc24napi_property_attributesPv
FN:3932,_ZN4Napi12InstanceWrapI9DisruptorE14InstanceMethodIXadL_ZNS1_13ProduceCommitERKNS_12CallbackInfoEEEEENS_23ClassPropertyDescriptorIS1_EEPKc24napi_property_attributesPv
FNDA:0,_ZN4Napi12InstanceWrapI9DisruptorE14InstanceMethodIXadL_ZNS1_13ProduceCommitERKNS_12CallbackInfoEEEEENS_23ClassPropertyDescriptorIS1_EEPKc24napi_property_attributesPv
FN:3932,_ZN4Napi12InstanceWrapI9DisruptorE14InstanceMethodIXadL_ZNS1_17ProduceCommitSyncERKNS_12CallbackInfoEEEEENS_23ClassPropertyDescriptorIS1_EEPKc24napi_property_attributesPv
FNDA:0,_ZN4Napi12InstanceWrapI9DisruptorE14InstanceMethodIXadL_ZNS1_17ProduceCommitSyncERKNS_12CallbackInfoEEEEENS_23ClassPropertyDescriptorIS1_EEPKc24napi_property_attributesPv
FN:3932,_ZN4Napi12InstanceWrapI9DisruptorE14InstanceMethodIXadL_ZNS1_14ConsumeNewSyncERKNS_12CallbackInfoEEEEENS_23ClassPropertyDescriptorIS1_EEPKc24napi_property_attributesPv
FNDA:0,_ZN4Napi12InstanceWrapI9DisruptorE14InstanceMethodIXadL_ZNS1_14ConsumeNewSyncERKNS_12CallbackInfoEEEEENS_23ClassPropertyDescriptorIS1_EEPKc24napi_property_attributesPv
[...]
FNDA:0,_ZN20DisruptorAsyncWorkerI10AsyncArrayI11AsyncBufferEm14AsyncUndefinedS3_E4OnOKEv
FN:383,_ZN20DisruptorAsyncWorkerI11AsyncBuffermmbE4OnOKEv
FNDA:0,_ZN20DisruptorAsyncWorkerI11AsyncBuffermmbE4OnOKEv
FN:383,_ZN20DisruptorAsyncWorkerI10AsyncArrayI11AsyncBufferEmmbE4OnOKEv
FNDA:0,_ZN20DisruptorAsyncWorkerI10AsyncArrayI11AsyncBufferEmmbE4OnOKEv
FN:383,_ZN20DisruptorAsyncWorkerI12AsyncBoolean14AsyncUndefinedS1_S1_E4OnOKEv
FNDA:0,_ZN20DisruptorAsyncWorkerI12AsyncBoolean14AsyncUndefinedS1_S1_E4OnOKEv
FN:418,_ZN7CloseFDclEPi
FNDA:0,_ZN7CloseFDclEPi
FN:425,_ZN9Disruptor15ThrowErrnoErrorERKN4Napi12CallbackInfoEPKc
FNDA:0,_ZN9Disruptor15ThrowErrnoErrorERKN4Napi12CallbackInfoEPKc
FN:444,_ZN9DisruptorC2ERKN4Napi12CallbackInfoE
FNDA:0,_ZN9DisruptorC2ERKN4Napi12CallbackInfoE
FN:595,_ZZN9DisruptorC4ERKN4Napi12CallbackInfoEENKUlNS0_3EnvEPhE_clES4_S5_
FNDA:0,_ZZN9DisruptorC4ERKN4Napi12CallbackInfoEENKUlNS0_3EnvEPhE_clES4_S5_
FN:622,_ZN9DisruptorD0Ev
FNDA:0,_ZN9DisruptorD0Ev
FN:622,_ZN9DisruptorD2Ev
FNDA:0,_ZN9DisruptorD2Ev
FN:627,_ZN9Disruptor7ReleaseEv
FNDA:0,_ZN9Disruptor7ReleaseEv
FN:649,_ZN9Disruptor7ReleaseERKN4Napi12CallbackInfoE
FNDA:0,_ZN9Disruptor7ReleaseERKN4Napi12CallbackInfoE
FN:667,_ZN9Disruptor14ConsumeNewSyncI10AsyncArrayI11AsyncBufferES2_EET_RKN4Napi3EnvEbRm
FNDA:0,_ZN9Disruptor14ConsumeNewSyncI10AsyncArrayI11AsyncBufferES2_EET_RKN4Napi3EnvEbRm
FN:667,_ZN9Disruptor14ConsumeNewSyncIN4Napi5ArrayE10SyncBufferEET_RKNS1_3EnvEbRm
FNDA:0,_ZN9Disruptor14ConsumeNewSyncIN4Napi5ArrayE10SyncBufferEET_RKNS1_3EnvEbRm
FN:712,_ZN9Disruptor14ConsumeNewSyncERKN4Napi12CallbackInfoE
FNDA:0,_ZN9Disruptor14ConsumeNewSyncERKN4Napi12CallbackInfoE
FN:722,_ZN21ConsumeNewAsyncWorkerC2EP9DisruptorRKN4Napi8FunctionE
FNDA:0,_ZN21ConsumeNewAsyncWorkerC2EP9DisruptorRKN4Napi8FunctionE
FN:731,_ZN21ConsumeNewAsyncWorker7ExecuteEv
FNDA:0,_ZN21ConsumeNewAsyncWorker7ExecuteEv
FN:738,_ZN21ConsumeNewAsyncWorker5RetryEv
FNDA:0,_ZN21ConsumeNewAsyncWorker5RetryEv
FN:744,_ZN9Disruptor15ConsumeNewAsyncERKN4Napi12CallbackInfoE
FNDA:0,_ZN9Disruptor15ConsumeNewAsyncERKN4Napi12CallbackInfoE
FN:749,_ZN9Disruptor10ConsumeNewERKN4Napi12CallbackInfoE
FNDA:0,_ZN9Disruptor10ConsumeNewERKN4Napi12CallbackInfoE
FN:764,_ZN9Disruptor13ConsumeCommitERKN4Napi12CallbackInfoE
FNDA:0,_ZN9Disruptor13ConsumeCommitERKN4Napi12CallbackInfoE
FN:769,_ZN9Disruptor13UpdatePendingEmm
FNDA:0,_ZN9Disruptor13UpdatePendingEmm
FN:775,_ZN9Disruptor13ConsumeCommitEv
FNDA:0,_ZN9Disruptor13ConsumeCommitEv
FN:795,_ZN9Disruptor16ProduceClaimSyncI11AsyncBufferEENT_6BufferERKN4Napi3EnvEbRmS8_Rb
FNDA:0,_ZN9Disruptor16ProduceClaimSyncI11AsyncBufferEENT_6BufferERKN4Napi3EnvEbRmS8_Rb
FN:795,_ZN9Disruptor16ProduceClaimSyncI10SyncBufferEENT_6BufferERKN4Napi3EnvEbRmS8_Rb
FNDA:0,_ZN9Disruptor16ProduceClaimSyncI10SyncBufferEENT_6BufferERKN4Napi3EnvEbRmS8_Rb
FN:852,_ZN9Disruptor16ProduceClaimSyncERKN4Napi12CallbackInfoE
FNDA:0,_ZN9Disruptor16ProduceClaimSyncERKN4Napi12CallbackInfoE
FN:863,_ZN23ProduceClaimAsyncWorkerC2EP9DisruptorRKN4Napi8FunctionE
FNDA:0,_ZN23ProduceClaimAsyncWorkerC2EP9DisruptorRKN4Napi8FunctionE
FN:874,_ZN23ProduceClaimAsyncWorker7ExecuteEv
FNDA:0,_ZN23ProduceClaimAsyncWorker7ExecuteEv
FN:882,_ZN23ProduceClaimAsyncWorker5RetryEv
FNDA:0,_ZN23ProduceClaimAsyncWorker5RetryEv
FN:888,_ZN9Disruptor17ProduceClaimAsyncERKN4Napi12CallbackInfoE
FNDA:0,_ZN9Disruptor17ProduceClaimAsyncERKN4Napi12CallbackInfoE
FN:893,_ZN9Disruptor12ProduceClaimERKN4Napi12CallbackInfoE
FNDA:0,_ZN9Disruptor12ProduceClaimERKN4Napi12CallbackInfoE
FN:910,_ZN9Disruptor17ProduceGetBuffersIN4Napi5ArrayE10SyncBufferEEvRKNS1_3EnvEmmbRT_
FNDA:0,_ZN9Disruptor17ProduceGetBuffersIN4Napi5ArrayE10SyncBufferEEvRKNS1_3EnvEmmbRT_
FN:910,_ZN9Disruptor17ProduceGetBuffersI10AsyncArrayI11AsyncBufferES2_EEvRKN4Napi3EnvEmmbRT_
FNDA:0,_ZN9Disruptor17ProduceGetBuffersI10AsyncArrayI11AsyncBufferES2_EEvRKN4Napi3EnvEmmbRT_
FN:933,_ZN9Disruptor20ProduceClaimManySyncIN4Napi5ArrayE10SyncBufferEET_RKNS1_3EnvEjbRmS8_Rb
FNDA:0,_ZN9Disruptor20ProduceClaimManySyncIN4Napi5ArrayE10SyncBufferEET_RKNS1_3EnvEjbRmS8_Rb
FN:933,_ZN9Disruptor20ProduceClaimManySyncI10AsyncArrayI11AsyncBufferES2_EET_RKN4Napi3EnvEjbRmS9_Rb
FNDA:0,_ZN9Disruptor20ProduceClaimManySyncI10AsyncArrayI11AsyncBufferES2_EET_RKN4Napi3EnvEjbRmS9_Rb
FN:991,_ZN9Disruptor20ProduceClaimManySyncERKN4Napi12CallbackInfoE
FNDA:0,_ZN9Disruptor20ProduceClaimManySyncERKN4Napi12CallbackInfoE
FN:1006,_ZN27ProduceClaimManyAsyncWorkerC2EP9DisruptorRKN4Napi8FunctionEj
FNDA:0,_ZN27ProduceClaimManyAsyncWorkerC2EP9DisruptorRKN4Napi8FunctionEj
FN:1022,_ZN27ProduceClaimManyAsyncWorker7ExecuteEv
FNDA:0,_ZN27ProduceClaimManyAsyncWorker7ExecuteEv
FN:1030,_ZN27ProduceClaimManyAsyncWorker5RetryEv
FNDA:0,_ZN27ProduceClaimManyAsyncWorker5RetryEv
FN:1039,_ZN9Disruptor21ProduceClaimManyAsyncERKN4Napi12CallbackInfoEj
FNDA:0,_ZN9Disruptor21ProduceClaimManyAsyncERKN4Napi12CallbackInfoEj
FN:1045,_ZN9Disruptor21ProduceClaimManyAsyncERKN4Napi12CallbackInfoE
FNDA:0,_ZN9Disruptor21ProduceClaimManyAsyncERKN4Napi12CallbackInfoE
FN:1050,_ZN9Disruptor16ProduceClaimManyERKN4Napi12CallbackInfoE
FNDA:0,_ZN9Disruptor16ProduceClaimManyERKN4Napi12CallbackInfoE
FN:1068,_ZN9Disruptor21ProduceClaimAvailSyncIN4Napi5ArrayE10SyncBufferEET_RKNS1_3EnvEjbRmS8_Rb
FNDA:0,_ZN9Disruptor21ProduceClaimAvailSyncIN4Napi5ArrayE10SyncBufferEET_RKNS1_3EnvEjbRmS8_Rb
FN:1068,_ZN9Disruptor21ProduceClaimAvailSyncI10AsyncArrayI11AsyncBufferES2_EET_RKN4Napi3EnvEjbRmS9_Rb
FNDA:0,_ZN9Disruptor21ProduceClaimAvailSyncI10AsyncArrayI11AsyncBufferES2_EET_RKN4Napi3EnvEjbRmS9_Rb
FN:1118,_ZN9Disruptor21ProduceClaimAvailSyncERKN4Napi12CallbackInfoE
FNDA:0,_ZN9Disruptor21ProduceClaimAvailSyncERKN4Napi12CallbackInfoE
FN:1133,_ZN28ProduceClaimAvailAsyncWorkerC2EP9DisruptorRKN4Napi8FunctionEj
FNDA:0,_ZN28ProduceClaimAvailAsyncWorkerC2EP9DisruptorRKN4Napi8FunctionEj
FN:1149,_ZN28ProduceClaimAvailAsyncWorker7ExecuteEv
FNDA:0,_ZN28ProduceClaimAvailAsyncWorker7ExecuteEv
FN:1157,_ZN28ProduceClaimAvailAsyncWorker5RetryEv
FNDA:0,_ZN28ProduceClaimAvailAsyncWorker5RetryEv
FN:1166,_ZN9Disruptor22ProduceClaimAvailAsyncERKN4Napi12CallbackInfoEj
FNDA:0,_ZN9Disruptor22ProduceClaimAvailAsyncERKN4Napi12CallbackInfoEj
FN:1173,_ZN9Disruptor22ProduceClaimAvailAsyncERKN4Napi12CallbackInfoE
FNDA:0,_ZN9Disruptor22ProduceClaimAvailAsyncERKN4Napi12CallbackInfoE
FN:1178,_ZN9Disruptor17ProduceClaimAvailERKN4Napi12CallbackInfoE
FNDA:0,_ZN9Disruptor17ProduceClaimAvailERKN4Napi12CallbackInfoE
FN:1195,_ZN9Disruptor14ProduceRecoverERKN4Napi12CallbackInfoE
FNDA:0,_ZN9Disruptor14ProduceRecoverERKN4Napi12CallbackInfoE
FN:1214,_ZN9Disruptor17ProduceCommitSyncI12AsyncBooleanEET_RKN4Napi3EnvEmmb
FNDA:0,_ZN9Disruptor17ProduceCommitSyncI12AsyncBooleanEET_RKN4Napi3EnvEmmb
FN:1214,_ZN9Disruptor17ProduceCommitSyncIN4Napi7BooleanEEET_RKNS1_3EnvEmmb
FNDA:0,_ZN9Disruptor17ProduceCommitSyncIN4Napi7BooleanEEET_RKNS1_3EnvEmmb
FN:1235,_ZN9Disruptor13UpdateSeqNextEmmb
FNDA:0,_ZN9Disruptor13UpdateSeqNextEmmb
FN:1244,_ZN9Disruptor10GetSeqNextERKN4Napi12CallbackInfoERmS4_
FNDA:0,_ZN9Disruptor10GetSeqNextERKN4Napi12CallbackInfoERmS4_
FN:1260,_ZN9Disruptor17ProduceCommitSyncERKN4Napi12CallbackInfoE
FNDA:0,_ZN9Disruptor17ProduceCommitSyncERKN4Napi12CallbackInfoE
FN:1271,_ZN24ProduceCommitAsyncWorkerC2EP9DisruptorRKN4Napi8FunctionEmm
FNDA:0,_ZN24ProduceCommitAsyncWorkerC2EP9DisruptorRKN4Napi8FunctionEmm
FN:1282,_ZN24ProduceCommitAsyncWorker7ExecuteEv
FNDA:0,_ZN24ProduceCommitAsyncWorker7ExecuteEv
FN:1289,_ZN24ProduceCommitAsyncWorker5RetryEv
FNDA:0,_ZN24ProduceCommitAsyncWorker5RetryEv
FN:1298,_ZN9Disruptor18ProduceCommitAsyncERKN4Napi12CallbackInfoEmmj
FNDA:0,_ZN9Disruptor18ProduceCommitAsyncERKN4Napi12CallbackInfoEmmj
FN:1307,_ZN9Disruptor18ProduceCommitAsyncERKN4Napi12CallbackInfoE
FNDA:0,_ZN9Disruptor18ProduceCommitAsyncERKN4Napi12CallbackInfoE
FN:1314,_ZN9Disruptor13ProduceCommitERKN4Napi12CallbackInfoE
FNDA:0,_ZN9Disruptor13ProduceCommitERKN4Napi12CallbackInfoE
FN:1329,_ZN9Disruptor12GetConsumersERKN4Napi12CallbackInfoE
FNDA:0,_ZN9Disruptor12GetConsumersERKN4Napi12CallbackInfoE
FN:1334,_ZN9Disruptor9GetCursorERKN4Napi12CallbackInfoE
FNDA:0,_ZN9Disruptor9GetCursorERKN4Napi12CallbackInfoE
FN:1339,_ZN9Disruptor7GetNextERKN4Napi12CallbackInfoE
FNDA:0,_ZN9Disruptor7GetNextERKN4Napi12CallbackInfoE
FN:1344,_ZN9Disruptor11GetElementsERKN4Napi12CallbackInfoE
FNDA:0,_ZN9Disruptor11GetElementsERKN4Napi12CallbackInfoE
FN:1349,_ZN9Disruptor11GetConsumerERKN4Napi12CallbackInfoE
FNDA:0,_ZN9Disruptor11GetConsumerERKN4Napi12CallbackInfoE
FN:1354,_ZN9Disruptor21GetPendingSeqConsumerERKN4Napi12CallbackInfoE
FNDA:0,_ZN9Disruptor21GetPendingSeqConsumerERKN4Napi12CallbackInfoE
FN:1359,_ZN9Disruptor19GetPendingSeqCursorERKN4Napi12CallbackInfoE
FNDA:0,_ZN9Disruptor19GetPendingSeqCursorERKN4Napi12CallbackInfoE
FN:1364,_ZN9Disruptor17GetPendingSeqNextERKN4Napi12CallbackInfoE
FNDA:0,_ZN9Disruptor17GetPendingSeqNextERKN4Napi12CallbackInfoE
FN:1369,_ZN9Disruptor20GetPendingSeqNextEndERKN4Napi12CallbackInfoE
FNDA:0,_ZN9Disruptor20GetPendingSeqNextEndERKN4Napi12CallbackInfoE
FN:1374,_ZN9Disruptor23GetAllConsumersIgnoringERKN4Napi12CallbackInfoE
FNDA:0,_ZN9Disruptor23GetAllConsumersIgnoringERKN4Napi12CallbackInfoE
FN:1379,_ZN9Disruptor14GetElementSizeERKN4Napi12CallbackInfoE
FNDA:0,_ZN9Disruptor14GetElementSizeERKN4Napi12CallbackInfoE
FN:1384,_ZN9Disruptor7GetSpinERKN4Napi12CallbackInfoE
FNDA:0,_ZN9Disruptor7GetSpinERKN4Napi12CallbackInfoE
FN:1389,_ZN9Disruptor9GetStatusERKN4Napi12CallbackInfoE
FNDA:0,_ZN9Disruptor9GetStatusERKN4Napi12CallbackInfoE
FN:1394,_ZN9Disruptor9SetStatusERKN4Napi12CallbackInfoERKNS0_5ValueE
FNDA:0,_ZN9Disruptor9SetStatusERKN4Napi12CallbackInfoERKNS0_5ValueE
FN:1399,_ZN9Disruptor10InitializeEN4Napi3EnvENS0_6ObjectE
FNDA:0,_ZN9Disruptor10InitializeEN4Napi3EnvENS0_6ObjectE
FN:1448,_Z10InitializeN4Napi3EnvENS_6ObjectE
FNDA:0,_Z10InitializeN4Napi3EnvENS_6ObjectE
FN:1453,_register_disruptor
FNDA:0,_register_disruptor
FN:1453,_ZL17__napi_InitializeP10napi_env__P12napi_value__
FNDA:0,_ZL17__napi_InitializeP10napi_env__P12napi_value__
DA:75,0
DA:77,0
DA:204,0
DA:206,0
DA:208,0
DA:209,0
DA:211,0
DA:223,0
DA:226,0
DA:231,0
DA:232,0
DA:233,0
DA:242,0
DA:244,0
DA:246,0
DA:248,0
DA:251,0
DA:253,0
DA:256,0
DA:258,0
DA:262,0
DA:263,0
DA:264,0
DA:265,0
DA:267,0
DA:278,0
DA:279,0
DA:281,0
DA:283,0
DA:285,0
DA:288,0
DA:290,0
DA:292,0
DA:295,0
DA:296,0
DA:298,0
DA:300,0
DA:301,0
DA:302,0
DA:304,0
DA:306,0
DA:309,0
DA:311,0
DA:321,0
DA:322,0
DA:324,0
DA:326,0
DA:328,0
DA:331,0
DA:333,0
DA:336,0
DA:338,0
DA:342,0
DA:343,0
DA:345,0
DA:354,0
DA:356,0
DA:359,0
DA:361,0
DA:371,0
DA:374,0
DA:375,0
DA:376,0
DA:378,0
DA:371,0
DA:374,0
DA:375,0
DA:376,0
DA:378,0
DA:371,0
DA:374,0
DA:375,0
DA:376,0
DA:378,0
DA:371,0
DA:374,0
DA:375,0
DA:376,0
DA:378,0
DA:383,0
DA:385,0
DA:387,0
DA:390,0
DA:392,0
DA:393,0
DA:396,0
DA:397,0
DA:398,0
DA:399,0
DA:400,0
DA:383,0
DA:385,0
DA:387,0
DA:390,0
DA:392,0
DA:393,0
DA:396,0
DA:397,0
DA:398,0
DA:399,0
DA:400,0
DA:383,0
DA:385,0
DA:387,0
DA:390,0
DA:392,0
DA:393,0
DA:396,0
DA:397,0
DA:398,0
DA:399,0
DA:400,0
DA:383,0
DA:385,0
DA:387,0
DA:390,0
DA:392,0
DA:393,0
DA:396,0
DA:397,0
DA:398,0
DA:399,0
DA:400,0
DA:418,0
DA:420,0
DA:421,0
DA:422,0
DA:425,0
DA:428,0
DA:429,0
DA:436,0
DA:440,0
DA:441,0
DA:444,0
DA:446,0
DA:449,0
DA:450,0
DA:451,0
DA:452,0
DA:453,0
DA:454,0
DA:455,0
DA:460,0
DA:461,0
DA:462,0
DA:465,0
DA:467,0
DA:468,0
DA:473,0
DA:475,0
DA:478,0
DA:486,0
DA:487,0
DA:488,0
DA:492,0
DA:498,0
DA:501,0
DA:503,0
DA:508,0
DA:509,0
DA:510,0
DA:511,0
DA:512,0
DA:513,0
DA:515,0
DA:516,0
DA:518,0
DA:519,0
DA:521,0
DA:563,0
DA:564,0
DA:565,0
DA:566,0
DA:568,0
DA:569,0
DA:570,0
DA:573,0
DA:575,0
DA:576,0
DA:577,0
DA:579,0
DA:580,0
DA:582,0
DA:584,0
DA:591,0
DA:595,0
DA:596,0
DA:597,0
DA:598,0
DA:601,0
DA:602,0
DA:603,0
DA:605,0
DA:607,0
DA:608,0
DA:610,0
DA:611,0
DA:612,0
DA:614,0
DA:615,0
DA:617,0
DA:618,0
DA:619,0
DA:620,0
DA:622,0
DA:625,0
DA:622,0
DA:624,0
DA:625,0
DA:627,0
DA:629,0
DA:630,0
DA:631,0
DA:632,0
DA:634,0
DA:636,0
DA:638,0
DA:643,0
DA:646,0
DA:649,0
DA:651,0
DA:652,0
DA:653,0
DA:655,0
DA:658,0
DA:662,0
DA:667,0
DA:674,0
DA:678,0
DA:679,0
DA:680,0
DA:681,0
DA:683,0
DA:685,0
DA:686,0
DA:687,0
DA:688,0
DA:689,0
DA:690,0
DA:692,0
DA:694,0
DA:695,0
DA:696,0
DA:698,0
DA:700,0
DA:701,0
DA:702,0
DA:703,0
DA:705,0
DA:707,0
DA:709,0
DA:667,0
DA:674,0
DA:678,0
DA:679,0
DA:680,0
DA:681,0
DA:683,0
DA:685,0
DA:686,0
DA:687,0
DA:688,0
DA:689,0
DA:692,0
DA:694,0
DA:695,0
DA:696,0
DA:698,0
DA:700,0
DA:701,0
DA:702,0
DA:705,0
DA:707,0
DA:709,0
DA:712,0
DA:715,0
DA:722,0
DA:723,0
DA:725,0
DA:727,0
DA:728,0
DA:731,0
DA:734,0
DA:735,0
DA:736,0
DA:738,0
DA:740,0
DA:741,0
DA:744,0
DA:746,0
DA:747,0
DA:749,0
DA:752,0
DA:753,0
DA:755,0
DA:757,0
DA:760,0
DA:761,0
DA:764,0
DA:766,0
DA:769,0
DA:771,0
DA:772,0
DA:773,0
DA:775,0
DA:777,0
DA:779,0
DA:781,0
DA:782,0
DA:788,0
DA:791,0
DA:795,0
DA:805,0
DA:807,0
DA:808,0
DA:810,0
DA:812,0
DA:814,0
DA:816,0
DA:818,0
DA:820,0
DA:821,0
DA:826,0
DA:828,0
DA:831,0
DA:832,0
DA:834,0
DA:835,0
DA:836,0
DA:837,0
DA:838,0
DA:839,0
DA:840,0
DA:843,0
DA:845,0
DA:846,0
DA:847,0
DA:848,0
DA:849,0
DA:795,0
DA:805,0
DA:807,0
DA:808,0
DA:810,0
DA:812,0
DA:814,0
DA:816,0
DA:818,0
DA:820,0
DA:821,0
DA:826,0
DA:828,0
DA:831,0
DA:832,0
DA:834,0
DA:835,0
DA:836,0
DA:837,0
DA:838,0
DA:839,0
DA:840,0
DA:843,0
DA:845,0
DA:846,0
DA:847,0
DA:848,0
DA:849,0
DA:852,0
DA:856,0
DA:863,0
DA:864,0
DA:866,0
DA:868,0
DA:869,0
DA:870,0
DA:871,0
DA:874,0
DA:877,0
DA:878,0
DA:879,0
DA:880,0
DA:882,0
DA:884,0
DA:885,0
DA:888,0
DA:890,0
DA:891,0
DA:893,0
DA:897,0
DA:898,0
DA:900,0
DA:902,0
DA:905,0
DA:906,0
DA:910,0
DA:916,0
DA:917,0
DA:919,0
DA:921,0
DA:922,0
DA:926,0
DA:929,0
DA:930,0
DA:910,0
DA:916,0
DA:917,0
DA:919,0
DA:921,0
DA:922,0
DA:926,0
DA:929,0
DA:930,0
DA:933,0
DA:944,0
DA:945,0
DA:947,0
DA:948,0
DA:950,0
DA:952,0
DA:954,0
DA:956,0
DA:958,0
DA:960,0
DA:961,0
DA:966,0
DA:968,0
DA:971,0
DA:972,0
DA:974,0
DA:975,0
DA:976,0
DA:977,0
DA:978,0
DA:979,0
DA:980,0
DA:982,0
DA:984,0
DA:985,0
DA:986,0
DA:987,0
DA:988,0
DA:933,0
DA:944,0
DA:945,0
DA:947,0
DA:948,0
DA:950,0
DA:952,0
DA:954,0
DA:956,0
DA:958,0
DA:960,0
DA:961,0
DA:966,0
DA:968,0
DA:971,0
DA:972,0
DA:974,0
DA:975,0
DA:976,0
DA:977,0
DA:978,0
DA:979,0
DA:982,0
DA:984,0
DA:985,0
DA:986,0
DA:987,0
DA:988,0
DA:991,0
DA:995,0
DA:996,0
DA:1006,0
DA:1008,0
DA:1014,0
DA:1016,0
DA:1017,0
DA:1018,0
DA:1019,0
DA:1022,0
DA:1025,0
DA:1026,0
DA:1027,0
DA:1028,0
DA:1030,0
DA:1032,0
DA:1033,0
DA:1039,0
DA:1042,0
DA:1043,0
DA:1045,0
DA:1047,0
DA:1048,0
DA:1050,0
DA:1052,0
DA:1055,0
DA:1056,0
DA:1058,0
DA:1060,0
DA:1063,0
DA:1064,0
DA:1068,0
DA:1079,0
DA:1080,0
DA:1081,0
DA:1083,0
DA:1085,0
DA:1086,0
DA:1088,0
DA:1089,0
DA:1093,0
DA:1095,0
DA:1098,0
DA:1099,0
DA:1101,0
DA:1102,0
DA:1103,0
DA:1104,0
DA:1105,0
DA:1106,0
DA:1107,0
DA:1109,0
DA:1111,0
DA:1112,0
DA:1113,0
DA:1114,0
DA:1115,0
DA:1068,0
DA:1079,0
DA:1080,0
DA:1081,0
DA:1083,0
DA:1085,0
DA:1086,0
DA:1088,0
DA:1089,0
DA:1093,0
DA:1095,0
DA:1098,0
DA:1099,0
DA:1101,0
DA:1102,0
DA:1103,0
DA:1104,0
DA:1105,0
DA:1106,0
DA:1109,0
DA:1111,0
DA:1112,0
DA:1113,0
DA:1114,0
DA:1115,0
DA:1118,0
DA:1122,0
DA:1123,0
DA:1133,0
DA:1135,0
DA:1141,0
DA:1143,0
DA:1144,0
DA:1145,0
DA:1146,0
DA:1149,0
DA:1152,0
DA:1153,0
DA:1154,0
DA:1155,0
DA:1157,0
DA:1159,0
DA:1160,0
DA:1166,0
DA:1169,0
DA:1170,0
DA:1173,0
DA:1175,0
DA:1176,0
DA:1178,0
DA:1180,0
DA:1183,0
DA:1184,0
DA:1186,0
DA:1188,0
DA:1191,0
DA:1192,0
DA:1195,0
DA:1197,0
DA:1198,0
DA:1200,0
DA:1202,0
DA:1203,0
DA:1204,0
DA:1206,0
DA:1207,0
DA:1210,0
DA:1214,0
DA:1219,0
DA:1223,0
DA:1224,0
DA:1226,0
DA:1229,0
DA:1232,0
DA:1214,0
DA:1219,0
DA:1223,0
DA:1224,0
DA:1226,0
DA:1229,0
DA:1232,0
DA:1235,0
DA:1239,0
DA:1240,0
DA:1241,0
DA:1242,0
DA:1244,0
DA:1248,0
DA:1250,0
DA:1251,0
DA:1252,0
DA:1255,0
DA:1256,0
DA:1257,0
DA:1260,0
DA:1263,0
DA:1264,0
DA:1271,0
DA:1274,0
DA:1276,0
DA:1277,0
DA:1279,0
DA:1282,0
DA:1285,0
DA:1286,0
DA:1287,0
DA:1289,0
DA:1291,0
DA:1292,0
DA:1298,0
DA:1304,0
DA:1305,0
DA:1307,0
DA:1310,0
DA:1311,0
DA:1312,0
DA:1314,0
DA:1317,0
DA:1319,0
DA:1320,0
DA:1322,0
DA:1325,0
DA:1326,0
DA:1329,0
DA:1331,0
DA:1334,0
DA:1336,0
DA:1339,0
DA:1341,0
DA:1344,0
DA:1346,0
DA:1349,0
DA:1351,0
DA:1354,0
DA:1356,0
DA:1359,0
DA:1361,0
DA:1364,0
DA:1366,0
DA:1369,0
DA:1371,0
DA:1374,0
DA:1376,0
DA:1379,0
DA:1381,0
DA:1384,0
DA:1386,0
DA:1389,0
DA:1391,0
DA:1394,0
DA:1396,0
DA:1397,0
DA:1399,0
DA:1402,0
DA:1403,0
DA:1404,0
DA:1406,0
DA:1408,0
DA:1410,0
DA:1411,0
DA:1412,0
DA:1413,0
DA:1414,0
DA:1415,0
DA:1416,0
DA:1417,0
DA:1418,0
DA:1419,0
DA:1420,0
DA:1421,0
DA:1422,0
DA:1423,0
DA:1424,0
DA:1425,0
DA:1426,0
DA:1427,0
DA:1428,0
DA:1429,0
DA:1432,0
DA:1433,0
DA:1434,0
DA:1435,0
DA:1436,0
DA:1437,0
DA:1438,0
DA:1439,0
DA:1440,0
DA:1441,0
DA:1442,0
DA:1445,0
DA:1448,0
DA:1450,0
DA:1453,0
DA:1453,0
end_of_record
SF:/usr/include/c++/11/bits/allocator.h
FN:156,_ZNSaI11AsyncBufferEC2Ev
FNDA:0,_ZNSaI11AsyncBufferEC2Ev
FN:156,_ZNSaI24napi_property_descriptorEC2Ev
FNDA:0,_ZNSaI24napi_property_descriptorEC2Ev
FN:156,_ZNSaINSt8__detail10_Hash_nodeIPhLb0EEEEC2Ev
FNDA:0,_ZNSaINSt8__detail10_Hash_nodeIPhLb0EEEEC2Ev
FN:156,_ZNSaIP12napi_value__EC2Ev
FNDA:0,_ZNSaIP12napi_value__EC2Ev
FN:159,_ZNSaI24napi_property_descriptorEC2ERKS0_
FNDA:0,_ZNSaI24napi_property_descriptorEC2ERKS0_
FN:169,_ZNSaIPNSt8__detail15_Hash_node_baseEEC2INS_10_Hash_nodeIPhLb0EEEEERKSaIT_E
FNDA:0,_ZNSaIPNSt8__detail15_Hash_node_baseEEC2INS_10_Hash_nodeIPhLb0EEEEERKSaIT_E
FN:174,_ZNSaIPNSt8__detail15_Hash_node_baseEED2Ev
FNDA:0,_ZNSaIPNSt8__detail15_Hash_node_baseEED2Ev
FN:174,_ZNSaI11AsyncBufferED2Ev
FNDA:0,_ZNSaI11AsyncBufferED2Ev
FN:174,_ZNSaI24napi_property_descriptorED2Ev
FNDA:0,_ZNSaI24napi_property_descriptorED2Ev
FN:174,_ZNSaIP12napi_value__ED2Ev
FNDA:0,_ZNSaIP12napi_value__ED2Ev
DA:156,0
DA:156,0
DA:156,0
DA:156,0
DA:159,0
DA:160,0
DA:169,0
DA:174,0
DA:174,0
DA:174,0
DA:174,0
end_of_record
SF:/usr/include/c++/11/bits/basic_string.tcc
FN:206,_ZNSt7__cxx1112basic_stringIcSt11char_traitsIcESaIcEE12_M_constructIPKcEEvT_S8_St20forward_iterator_tag
FNDA:0,_ZNSt7__cxx1112basic_stringIcSt11char_traitsIcESaIcEE12_M_constructIPKcEEvT_S8_St20forward_iterator_tag
DA:206,0
DA:211,0
DA:212,0
DA:215,0
DA:217,0
DA:219,0
DA:220,0
DA:225,0
DA:226,0
DA:228,0
DA:229,0
DA:232,0
DA:233,0
end_of_record
SF:/usr/include/c++/11/iostream
end_of_record
SF:/usr/include/c++/11/bits/stl_iterator_base_types.h
FN:238,_ZSt19__iterator_categoryIP24napi_property_descriptorENSt15iterator_traitsIT_E17iterator_categoryERKS3_
FNDA:0,_ZSt19__iterator_categoryIP24napi_property_descriptorENSt15iterator_traitsIT_E17iterator_categoryERKS3_
FN:238,_ZSt19__iterator_categoryIPKcENSt15iterator_traitsIT_E17iterator_categoryERKS3_
FNDA:0,_ZSt19__iterator_categoryIPKcENSt15iterator_traitsIT_E17iterator_categoryERKS3_
DA:238,0
DA:239,0
DA:238,0
DA:239,0
end_of_record
SF:/usr/include/c++/11/bits/std_mutex.h
FN:98,_ZNSt5mutex4lockEv
FNDA:0,_ZNSt5mutex4lockEv
FN:115,_ZNSt5mutex6unlockEv
FNDA:0,_ZNSt5mutex6unlockEv
FN:228,_ZNSt10lock_guardISt5mutexEC2ERS0_
FNDA:0,_ZNSt10lock_guardISt5mutexEC2ERS0_
FN:234,_ZNSt10lock_guardISt5mutexED2Ev
FNDA:0,_ZNSt10lock_guardISt5mutexED2Ev
DA:98,0
DA:100,0
DA:103,0
DA:104,0
DA:105,0
DA:115,0
DA:118,0
DA:119,0
DA:228,0
DA:229,0
DA:234,0
DA:235,0
end_of_record
SF:/usr/include/c++/11/bits/stl_pair.h
FN:352,_ZNSt4pairINSt8__detail14_Node_iteratorIPhLb1ELb0EEEbEC2IS3_bLb1EEEOT_OT0_
FNDA:0,_ZNSt4pairINSt8__detail14_Node_iteratorIPhLb1ELb0EEEbEC2IS3_bLb1EEEOT_OT0_
FN:352,_ZNSt4pairINSt8__detail14_Node_iteratorIPhLb1ELb0EEEbEC2IRS3_bLb1EEEOT_OT0_
FNDA:0,_ZNSt4pairINSt8__detail14_Node_iteratorIPhLb1ELb0EEEbEC2IRS3_bLb1EEEOT_OT0_
FN:567,_ZSt9make_pairINSt8__detail14_Node_iteratorIPhLb1ELb0EEEbESt4pairINSt25__strip_reference_wrapperINSt5decayIT_E4typeEE6__typeENS5_INS6_IT0_E4typeEE6__typeEEOS7_OSC_
FNDA:0,_ZSt9make_pairINSt8__detail14_Node_iteratorIPhLb1ELb0EEEbESt4pairINSt25__strip_reference_wrapperINSt5decayIT_E4typeEE6__typeENS5_INS6_IT0_E4typeEE6__typeEEOS7_OSC_
DA:352,0
DA:353,0
DA:352,0
DA:353,0
DA:567,0
DA:572,0
end_of_record
