TN:
SF:/home/david/shared-memory-disruptor/src/disruptor.cc
FN:72,_ZN9Disruptor4SpinEv
FN:191,_Z11GetCallbackRKN4Napi12CallbackInfoEj
FN:210,_ZN10SyncBuffer3NewEN4Napi3EnvEP9Disruptormm
FN:229,_ZN11AsyncBufferC2Ev
FN:233,_ZN11AsyncBuffer3NewEN4Napi3EnvEP9Disruptormm
FN:238,_ZN11AsyncBuffer7ToValueEN4Napi3EnvEP9Disruptor
FN:243,_ZN11AsyncBuffer6LengthEv
FN:249,_ZN11AsyncBufferC2Emmj
FN:265,_ZN10AsyncArrayI11AsyncBufferEC2Ev
FN:270,_ZN10AsyncArrayI11AsyncBufferE3NewEN4Napi3EnvE
FN:275,_ZN10AsyncArrayI11AsyncBufferE3SetEjOS0_
FN:285,_ZN10AsyncArrayI11AsyncBufferE7ToValueEN4Napi3EnvEP9Disruptor
FN:296,_ZN10AsyncArrayI11AsyncBufferE6LengthEv
FN:308,_ZN12AsyncBooleanC2Ev
FN:313,_ZN12AsyncBoolean3NewEN4Napi3EnvEb
FN:318,_ZN12AsyncBoolean7ToValueEN4Napi3EnvEP9Disruptor
FN:323,_ZNK12AsyncBooleancvbEv
FN:329,_ZN12AsyncBooleanC2Eb
FN:341,_Z7ToValueRKN4Napi3EnvEm
FN:346,_Z7ToValueRKN4Napi3EnvERK14AsyncUndefined
FN:355,_ZN20DisruptorAsyncWorkerI10AsyncArrayI11AsyncBufferEm14AsyncUndefinedEC2EP9DisruptorRKN4Napi8FunctionE
FN:355,_ZN20DisruptorAsyncWorkerI11AsyncBuffermmEC2EP9DisruptorRKN4Napi8FunctionE
FN:355,_ZN20DisruptorAsyncWorkerI12AsyncBoolean14AsyncUndefinedS1_EC2EP9DisruptorRKN4Napi8FunctionE
FN:355,_ZN20DisruptorAsyncWorkerI10AsyncArrayI11AsyncBufferEmmEC2EP9DisruptorRKN4Napi8FunctionE
FN:367,_ZN20DisruptorAsyncWorkerI11AsyncBuffermmE4OnOKEv
FN:367,_ZN20DisruptorAsyncWorkerI10AsyncArrayI11AsyncBufferEmmE4OnOKEv
FN:367,_ZN20DisruptorAsyncWorkerI12AsyncBoolean14AsyncUndefinedS1_E4OnOKEv
FN:367,_ZN20DisruptorAsyncWorkerI10AsyncArrayI11AsyncBufferEm14AsyncUndefinedE4OnOKEv
FN:400,_ZN7CloseFDclEPi
FN:407,_ZN9Disruptor15ThrowErrnoErrorERKN4Napi12CallbackInfoEPKc
FN:426,_ZN9DisruptorC2ERKN4Napi12CallbackInfoE
FN:575,_ZZN9DisruptorC4ERKN4Napi12CallbackInfoEENKUlNS0_3EnvEPhE_clES4_S5_
FN:602,_ZN9DisruptorD2Ev
FN:602,_ZN9DisruptorD0Ev
FN:607,_ZN9Disruptor7ReleaseEv
FN:629,_ZN9Disruptor7ReleaseERKN4Napi12CallbackInfoE
FN:640,_ZN9Disruptor14ConsumeNewSyncIN4Napi5ArrayE10SyncBufferEET_RKNS1_3EnvEbRm
FN:640,_ZN9Disruptor14ConsumeNewSyncI10AsyncArrayI11AsyncBufferES2_EET_RKN4Napi3EnvEbRm
FN:684,_ZN9Disruptor14ConsumeNewSyncERKN4Napi12CallbackInfoE
FN:696,_ZN21ConsumeNewAsyncWorkerC2EP9DisruptorRKN4Napi8FunctionE
FN:707,_ZN21ConsumeNewAsyncWorker7ExecuteEv
FN:714,_ZN21ConsumeNewAsyncWorker5RetryEv
FN:720,_ZN9Disruptor15ConsumeNewAsyncERKN4Napi12CallbackInfoE
FN:725,_ZN9Disruptor10ConsumeNewERKN4Napi12CallbackInfoE
FN:740,_ZN9Disruptor13ConsumeCommitERKN4Napi12CallbackInfoE
FN:745,_ZN9Disruptor13UpdatePendingEmm
FN:751,_ZN9Disruptor13ConsumeCommitEv
FN:771,_ZN9Disruptor16ProduceClaimSyncI10SyncBufferEENT_6BufferERKN4Napi3EnvEbRmS8_
FN:771,_ZN9Disruptor16ProduceClaimSyncI11AsyncBufferEENT_6BufferERKN4Napi3EnvEbRmS8_
FN:812,_ZN9Disruptor16ProduceClaimSyncERKN4Napi12CallbackInfoE
FN:822,_ZN23ProduceClaimAsyncWorkerC2EP9DisruptorRKN4Napi8FunctionE
FN:832,_ZN23ProduceClaimAsyncWorker7ExecuteEv
FN:840,_ZN23ProduceClaimAsyncWorker5RetryEv
FN:846,_ZN9Disruptor17ProduceClaimAsyncERKN4Napi12CallbackInfoE
FN:851,_ZN9Disruptor12ProduceClaimERKN4Napi12CallbackInfoE
FN:866,_ZN9Disruptor17ProduceGetBuffersI10AsyncArrayI11AsyncBufferES2_EEvRKN4Napi3EnvEmmRT_
FN:866,_ZN9Disruptor17ProduceGetBuffersIN4Napi5ArrayE10SyncBufferEEvRKNS1_3EnvEmmRT_
FN:888,_ZN9Disruptor20ProduceClaimManySyncI10AsyncArrayI11AsyncBufferES2_EET_RKN4Napi3EnvEjbRmS9_
FN:888,_ZN9Disruptor20ProduceClaimManySyncIN4Napi5ArrayE10SyncBufferEET_RKNS1_3EnvEjbRmS8_
FN:930,_ZN9Disruptor20ProduceClaimManySyncERKN4Napi12CallbackInfoE
FN:943,_ZN27ProduceClaimManyAsyncWorkerC2EP9DisruptorRKN4Napi8FunctionEj
FN:957,_ZN27ProduceClaimManyAsyncWorker7ExecuteEv
FN:965,_ZN27ProduceClaimManyAsyncWorker5RetryEv
FN:974,_ZN9Disruptor21ProduceClaimManyAsyncERKN4Napi12CallbackInfoEj
FN:980,_ZN9Disruptor21ProduceClaimManyAsyncERKN4Napi12CallbackInfoE
FN:985,_ZN9Disruptor16ProduceClaimManyERKN4Napi12CallbackInfoE
FN:1001,_ZN9Disruptor21ProduceClaimAvailSyncI10AsyncArrayI11AsyncBufferES2_EET_RKN4Napi3EnvEjbRmS9_
FN:1001,_ZN9Disruptor21ProduceClaimAvailSyncIN4Napi5ArrayE10SyncBufferEET_RKNS1_3EnvEjbRmS8_
FN:1036,_ZN9Disruptor21ProduceClaimAvailSyncERKN4Napi12CallbackInfoE
FN:1049,_ZN28ProduceClaimAvailAsyncWorkerC2EP9DisruptorRKN4Napi8FunctionEj
FN:1063,_ZN28ProduceClaimAvailAsyncWorker7ExecuteEv
FN:1071,_ZN28ProduceClaimAvailAsyncWorker5RetryEv
FN:1080,_ZN9Disruptor22ProduceClaimAvailAsyncERKN4Napi12CallbackInfoEj
FN:1087,_ZN9Disruptor22ProduceClaimAvailAsyncERKN4Napi12CallbackInfoE
FN:1092,_ZN9Disruptor17ProduceClaimAvailERKN4Napi12CallbackInfoE
FN:1107,_ZN9Disruptor14ProduceRecoverERKN4Napi12CallbackInfoE
FN:1126,_ZN9Disruptor17ProduceCommitSyncI12AsyncBooleanEET_RKN4Napi3EnvEmmb
FN:1126,_ZN9Disruptor17ProduceCommitSyncIN4Napi7BooleanEEET_RKNS1_3EnvEmmb
FN:1147,_ZN9Disruptor13UpdateSeqNextEmm
FN:1153,_ZN9Disruptor10GetSeqNextERKN4Napi12CallbackInfoERmS4_
FN:1169,_ZN9Disruptor17ProduceCommitSyncERKN4Napi12CallbackInfoE
FN:1180,_ZN24ProduceCommitAsyncWorkerC2EP9DisruptorRKN4Napi8FunctionEmm
FN:1192,_ZN24ProduceCommitAsyncWorker7ExecuteEv
FN:1199,_ZN24ProduceCommitAsyncWorker5RetryEv
FN:1208,_ZN9Disruptor18ProduceCommitAsyncERKN4Napi12CallbackInfoEmmj
FN:1217,_ZN9Disruptor18ProduceCommitAsyncERKN4Napi12CallbackInfoE
FN:1224,_ZN9Disruptor13ProduceCommitERKN4Napi12CallbackInfoE
FN:1239,_ZN9Disruptor12GetConsumersERKN4Napi12CallbackInfoE
FN:1244,_ZN9Disruptor9GetCursorERKN4Napi12CallbackInfoE
FN:1249,_ZN9Disruptor7GetNextERKN4Napi12CallbackInfoE
FN:1254,_ZN9Disruptor11GetElementsERKN4Napi12CallbackInfoE
FN:1259,_ZN9Disruptor11GetConsumerERKN4Napi12CallbackInfoE
FN:1264,_ZN9Disruptor21GetPendingSeqConsumerERKN4Napi12CallbackInfoE
FN:1269,_ZN9Disruptor19GetPendingSeqCursorERKN4Napi12CallbackInfoE
FN:1274,_ZN9Disruptor17GetPendingSeqNextERKN4Napi12CallbackInfoE
FN:1279,_ZN9Disruptor20GetPendingSeqNextEndERKN4Napi12CallbackInfoE
FN:1284,_ZN9Disruptor14GetElementSizeERKN4Napi12CallbackInfoE
FN:1289,_ZN9Disruptor7GetSpinERKN4Napi12CallbackInfoE
FN:1294,_ZN9Disruptor9GetStatusERKN4Napi12CallbackInfoE
FN:1299,_ZN9Disruptor9SetStatusERKN4Napi12CallbackInfoERKNS0_5ValueE
FN:1304,_ZN9Disruptor10InitializeEN4Napi3EnvENS0_6ObjectE
FN:1352,_Z10InitializeN4Napi3EnvENS_6ObjectE
FN:1357,_ZL17__napi_InitializeP10napi_env__P12napi_value__
FN:1357,_register_disruptor
FNDA:3271119,_ZN9Disruptor13ConsumeCommitEv
FNDA:4,_ZN9Disruptor15ThrowErrnoErrorERKN4Napi12CallbackInfoEPKc
FNDA:231959,_ZN11AsyncBuffer6LengthEv
FNDA:222,_ZN9Disruptor9GetCursorERKN4Napi12CallbackInfoE
FNDA:11,_ZN9Disruptor20ProduceClaimManySyncERKN4Napi12CallbackInfoE
FNDA:4231,_ZN9Disruptor7ReleaseERKN4Napi12CallbackInfoE
FNDA:12,_ZN9Disruptor12GetConsumersERKN4Napi12CallbackInfoE
FNDA:548271,_Z11GetCallbackRKN4Napi12CallbackInfoEj
FNDA:81388,_ZN9Disruptor21ProduceClaimAvailSyncI10AsyncArrayI11AsyncBufferES2_EET_RKN4Napi3EnvEjbRmS9_
FNDA:11,_ZN9Disruptor21ProduceClaimManyAsyncERKN4Napi12CallbackInfoE
FNDA:2,_ZN9Disruptor22ProduceClaimAvailAsyncERKN4Napi12CallbackInfoE
FNDA:677,_ZN9Disruptor22ProduceClaimAvailAsyncERKN4Napi12CallbackInfoEj
FNDA:1829,_ZN9Disruptor21ProduceClaimAvailSyncIN4Napi5ArrayE10SyncBufferEET_RKNS1_3EnvEjbRmS8_
FNDA:419819,_ZN9Disruptor15ConsumeNewAsyncERKN4Napi12CallbackInfoE
FNDA:76,_ZN9Disruptor14ProduceRecoverERKN4Napi12CallbackInfoE
FNDA:543849,_ZN11AsyncBuffer3NewEN4Napi3EnvEP9Disruptormm
FNDA:1510269,_ZN10SyncBuffer3NewEN4Napi3EnvEP9Disruptormm
FNDA:87,_ZN9Disruptor19GetPendingSeqCursorERKN4Napi12CallbackInfoE
FNDA:35,_ZN9Disruptor20ProduceClaimManySyncIN4Napi5ArrayE10SyncBufferEET_RKNS1_3EnvEjbRmS8_
FNDA:3724,_ZZN9DisruptorC4ERKN4Napi12CallbackInfoEENKUlNS0_3EnvEPhE_clES4_S5_
FNDA:157215,_ZN27ProduceClaimManyAsyncWorker7ExecuteEv
FNDA:231959,_ZN20DisruptorAsyncWorkerI11AsyncBuffermmE4OnOKEv
FNDA:1090,_ZN9Disruptor14GetElementSizeERKN4Napi12CallbackInfoE
FNDA:157215,_ZN9Disruptor20ProduceClaimManySyncI10AsyncArrayI11AsyncBufferES2_EET_RKN4Napi3EnvEjbRmS9_
FNDA:122195,_ZN12AsyncBoolean7ToValueEN4Napi3EnvEP9Disruptor
FNDA:3724,_ZN9DisruptorD2Ev
FNDA:505,_Z10InitializeN4Napi3EnvENS_6ObjectE
FNDA:4740,_ZN9DisruptorC2ERKN4Napi12CallbackInfoE
FNDA:1542212,_ZN24ProduceCommitAsyncWorker5RetryEv
FNDA:231959,_ZN20DisruptorAsyncWorkerI11AsyncBuffermmEC2EP9DisruptorRKN4Napi8FunctionE
FNDA:664209,_Z7ToValueRKN4Napi3EnvERK14AsyncUndefined
FNDA:9,_ZN9Disruptor9SetStatusERKN4Napi12CallbackInfoERKNS0_5ValueE
FNDA:1664407,_ZN20DisruptorAsyncWorkerI12AsyncBoolean14AsyncUndefinedS1_EC2EP9DisruptorRKN4Napi8FunctionE
FNDA:317452,_ZN11AsyncBuffer7ToValueEN4Napi3EnvEP9Disruptor
FNDA:18,_ZN9Disruptor21ProduceClaimManyAsyncERKN4Napi12CallbackInfoEj
FNDA:1090624,_ZN9Disruptor21GetPendingSeqConsumerERKN4Napi12CallbackInfoE
FNDA:222,_ZN9Disruptor7GetNextERKN4Napi12CallbackInfoE
FNDA:520248,_ZN9Disruptor16ProduceClaimSyncI10SyncBufferEENT_6BufferERKN4Napi3EnvEbRmS8_
FNDA:432333,_Z7ToValueRKN4Napi3EnvEm
FNDA:1090524,_ZN9Disruptor10ConsumeNewERKN4Napi12CallbackInfoE
FNDA:1827,_ZN9Disruptor17ProduceClaimAvailERKN4Napi12CallbackInfoE
FNDA:1664407,_ZN12AsyncBoolean3NewEN4Napi3EnvEb
FNDA:1090041,_ZN21ConsumeNewAsyncWorker7ExecuteEv
FNDA:1090041,_ZN20DisruptorAsyncWorkerI10AsyncArrayI11AsyncBufferEm14AsyncUndefinedEC2EP9DisruptorRKN4Napi8FunctionE
FNDA:1664407,_ZNK12AsyncBooleancvbEv
FNDA:1664407,_ZN9Disruptor17ProduceCommitSyncI12AsyncBooleanEET_RKN4Napi3EnvEmmb
FNDA:1556,_ZN9Disruptor11GetElementsERKN4Napi12CallbackInfoE
FNDA:505,_ZL17__napi_InitializeP10napi_env__P12napi_value__
FNDA:522158,_ZN9Disruptor17GetPendingSeqNextERKN4Napi12CallbackInfoE
FNDA:1090041,_ZN21ConsumeNewAsyncWorkerC2EP9DisruptorRKN4Napi8FunctionE
FNDA:670222,_ZN21ConsumeNewAsyncWorker5RetryEv
FNDA:505,_ZN9Disruptor10InitializeEN4Napi3EnvENS0_6ObjectE
FNDA:982419,_ZN9Disruptor13UpdatePendingEmm
FNDA:1328644,_ZN10AsyncArrayI11AsyncBufferE6LengthEv
FNDA:1328644,_ZN10AsyncArrayI11AsyncBufferE3NewEN4Napi3EnvE
FNDA:7955,_ZN9Disruptor7ReleaseEv
FNDA:226397,_ZN23ProduceClaimAsyncWorker5RetryEv
FNDA:1090541,_ZN9Disruptor13ConsumeCommitERKN4Napi12CallbackInfoE
FNDA:212233,_ZN9Disruptor9GetStatusERKN4Napi12CallbackInfoE
FNDA:807,_ZN9Disruptor16ProduceClaimSyncERKN4Napi12CallbackInfoE
FNDA:1664407,_ZN20DisruptorAsyncWorkerI12AsyncBoolean14AsyncUndefinedS1_E4OnOKEv
FNDA:1664407,_ZN24ProduceCommitAsyncWorker7ExecuteEv
FNDA:420514,_ZN10AsyncArrayI11AsyncBufferE7ToValueEN4Napi3EnvEP9Disruptor
FNDA:157197,_ZN27ProduceClaimManyAsyncWorker5RetryEv
FNDA:253,_register_disruptor
FNDA:1664407,_ZN12AsyncBooleanC2Eb
FNDA:81388,_ZN28ProduceClaimAvailAsyncWorker7ExecuteEv
FNDA:311890,_ZN10AsyncArrayI11AsyncBufferE3SetEjOS0_
FNDA:231959,_ZN9Disruptor16ProduceClaimSyncI11AsyncBufferEENT_6BufferERKN4Napi3EnvEbRmS8_
FNDA:238603,_ZN20DisruptorAsyncWorkerI10AsyncArrayI11AsyncBufferEmmE4OnOKEv
FNDA:520733,_ZN9Disruptor13ProduceCommitERKN4Napi12CallbackInfoE
FNDA:222,_ZN9Disruptor11GetConsumerERKN4Napi12CallbackInfoE
FNDA:519441,_ZN9Disruptor12ProduceClaimERKN4Napi12CallbackInfoE
FNDA:811,_ZN9Disruptor18ProduceCommitAsyncERKN4Napi12CallbackInfoE
FNDA:2,_ZN9Disruptor21ProduceClaimAvailSyncERKN4Napi12CallbackInfoE
FNDA:238603,_ZN20DisruptorAsyncWorkerI10AsyncArrayI11AsyncBufferEmmEC2EP9DisruptorRKN4Napi8FunctionE
FNDA:1020,_ZN9Disruptor7GetSpinERKN4Napi12CallbackInfoE
FNDA:152,_ZN9Disruptor17ProduceGetBuffersI10AsyncArrayI11AsyncBufferES2_EEvRKN4Napi3EnvEmmRT_
FNDA:5562,_ZN9Disruptor17ProduceClaimAsyncERKN4Napi12CallbackInfoE
FNDA:522158,_ZN9Disruptor20GetPendingSeqNextEndERKN4Napi12CallbackInfoE
FNDA:1090041,_ZN9Disruptor14ConsumeNewSyncI10AsyncArrayI11AsyncBufferES2_EET_RKN4Napi3EnvEbRm
FNDA:992694,_ZN9Disruptor13UpdateSeqNextEmm
FNDA:522355,_ZN9Disruptor10GetSeqNextERKN4Napi12CallbackInfoERmS4_
FNDA:1199,_ZN9Disruptor17ProduceGetBuffersIN4Napi5ArrayE10SyncBufferEEvRKNS1_3EnvEmmRT_
FNDA:80711,_ZN28ProduceClaimAvailAsyncWorker5RetryEv
FNDA:543849,_ZN11AsyncBufferC2Ev
FNDA:1664407,_ZN12AsyncBooleanC2Ev
FNDA:3225010,_ZN9Disruptor4SpinEv
FNDA:1090041,_ZN20DisruptorAsyncWorkerI10AsyncArrayI11AsyncBufferEm14AsyncUndefinedE4OnOKEv
FNDA:521544,_ZN9Disruptor17ProduceCommitSyncIN4Napi7BooleanEEET_RKNS1_3EnvEmmb
FNDA:811,_ZN9Disruptor17ProduceCommitSyncERKN4Napi12CallbackInfoE
FNDA:231959,_ZN23ProduceClaimAsyncWorkerC2EP9DisruptorRKN4Napi8FunctionE
FNDA:24,_ZN9Disruptor16ProduceClaimManyERKN4Napi12CallbackInfoE
FNDA:231959,_ZN23ProduceClaimAsyncWorker7ExecuteEv
FNDA:81388,_ZN28ProduceClaimAvailAsyncWorkerC2EP9DisruptorRKN4Napi8FunctionEj
FNDA:1090537,_ZN9Disruptor14ConsumeNewSyncIN4Napi5ArrayE10SyncBufferEET_RKNS1_3EnvEbRm
FNDA:3724,_ZN9DisruptorD0Ev
FNDA:4736,_ZN7CloseFDclEPi
FNDA:1087698,_ZN11AsyncBufferC2Emmj
FNDA:2657288,_ZN10AsyncArrayI11AsyncBufferEC2Ev
FNDA:13,_ZN9Disruptor14ConsumeNewSyncERKN4Napi12CallbackInfoE
FNDA:1664407,_ZN24ProduceCommitAsyncWorkerC2EP9DisruptorRKN4Napi8FunctionEmm
FNDA:157215,_ZN27ProduceClaimManyAsyncWorkerC2EP9DisruptorRKN4Napi8FunctionEj
FNDA:122195,_ZN9Disruptor18ProduceCommitAsyncERKN4Napi12CallbackInfoEmmj
FNF:104
FNH:104
DA:72,3225010
DA:74,3225010
DA:191,548271
DA:193,548271
DA:195,548271
DA:196,548271
DA:198,548271
DA:210,1510269
DA:213,4530807
DA:218,1510269
DA:219,3020538
DA:220,3020538
DA:229,543849
DA:231,543849
DA:233,543849
DA:235,543849
DA:238,317452
DA:240,317452
DA:243,231959
DA:245,231959
DA:249,1087698
DA:250,1087698
DA:251,1087698
DA:252,1087698
DA:254,1087698
DA:265,2657288
DA:266,2657288
DA:268,2657288
DA:270,1328644
DA:272,1328644
DA:275,311890
DA:277,311890
DA:279,311890
DA:282,311890
DA:283,311890
DA:285,420514
DA:287,420514
DA:288,420514
DA:289,732404
DA:291,311890
DA:293,420514
DA:296,1328644
DA:298,1328644
DA:308,1664407
DA:309,1664407
DA:311,1664407
DA:313,1664407
DA:315,1664407
DA:318,122195
DA:320,122195
DA:323,1664407
DA:325,1664407
DA:329,1664407
DA:330,1664407
DA:332,1664407
DA:341,432333
DA:343,432333
DA:346,664209
DA:348,664209
DA:355,3225010
DA:358,3225010
DA:359,3225010
DA:360,3225010
DA:362,3225010
DA:367,3225010
DA:369,3225010
DA:371,2676739
DA:374,548271
DA:376,3289626
DA:377,548271
DA:380,548271
DA:381,548271
DA:382,548271
DA:383,1096542
DA:400,4736
DA:402,4736
DA:403,4736
DA:404,4736
DA:407,4
DA:410,4
DA:411,4
DA:418,4
DA:422,4
DA:423,8
DA:426,4740
DA:428,4740
DA:431,4740
DA:432,4740
DA:433,4740
DA:434,4740
DA:435,4740
DA:436,4740
DA:437,4740
DA:442,4740
DA:443,4740
DA:447,4740
DA:449,264
DA:450,264
DA:455,4740
DA:457,4
DA:460,4736
DA:468,4736
DA:469,4736
DA:470,4736
DA:474,4736
DA:480,4736
DA:483,4736
DA:485,4736
DA:490,4736
DA:491,4736
DA:492,4736
DA:493,4736
DA:494,4736
DA:495,4736
DA:497,4736
DA:498,4736
DA:500,4736
DA:501,4736
DA:543,4736
DA:544,4736
DA:545,4736
DA:546,4736
DA:548,4736
DA:549,4736
DA:550,4736
DA:553,4736
DA:555,7330
DA:556,7330
DA:557,4736
DA:559,2594
DA:560,2594
DA:562,4736
DA:564,4736
DA:571,4736
DA:575,3724
DA:576,3724
DA:577,3724
DA:578,3724
DA:581,4736
DA:582,4736
DA:583,4736
DA:585,4736
DA:587,4736
DA:588,14208
DA:590,4736
DA:591,4736
DA:592,4736
DA:594,4736
DA:595,14208
DA:597,4736
DA:598,4736
DA:599,4736
DA:600,4760
DA:602,7448
DA:604,3724
DA:605,7448
DA:607,7955
DA:609,7955
DA:610,7955
DA:611,7955
DA:612,7955
DA:614,7955
DA:616,4735
DA:618,4735
DA:623,4735
DA:626,7955
DA:629,4231
DA:631,4231
DA:635,4231
DA:640,2180578
DA:647,2180578
DA:651,2180578
DA:652,2180578
DA:653,2180578
DA:654,2180578
DA:656,2180578
DA:658,876273
DA:659,876273
DA:660,876273
DA:661,876273
DA:662,876273
DA:663,311358
DA:665,1304305
DA:667,106146
DA:668,106146
DA:669,106146
DA:671,685
DA:673,106146
DA:674,106146
DA:675,106146
DA:676,332
DA:678,1198159
DA:680,1198159
DA:681,1198159
DA:684,13
DA:687,13
DA:696,1090041
DA:697,1090041
DA:701,1090041
DA:703,1090041
DA:704,1090041
DA:707,1090041
DA:710,1090041
DA:711,1090041
DA:712,1090041
DA:714,670222
DA:716,670222
DA:717,670222
DA:720,419819
DA:722,419819
DA:723,419819
DA:725,1090524
DA:728,1090524
DA:729,1090524
DA:731,1090524
DA:733,670718
DA:736,419806
DA:737,419806
DA:740,1090541
DA:742,1090541
DA:745,982419
DA:747,982419
DA:748,982419
DA:749,982419
DA:751,3271119
DA:753,3271119
DA:755,3271119
DA:757,982418
DA:758,982418
DA:764,982418
DA:767,3271119
DA:771,752207
DA:778,752207
DA:780,752207
DA:782,3307867
DA:784,2782193
DA:786,2782193
DA:788,226533
DA:789,226533
DA:793,1277881
DA:794,525674
DA:796,521039
DA:797,521039
DA:798,521039
DA:799,521039
DA:800,521039
DA:801,521039
DA:804,231168
DA:806,231168
DA:807,231168
DA:808,231168
DA:809,231168
DA:812,807
DA:815,807
DA:822,231959
DA:823,231959
DA:825,231959
DA:827,231959
DA:828,231959
DA:829,231959
DA:832,231959
DA:835,231959
DA:836,231959
DA:837,231959
DA:838,231959
DA:840,226397
DA:842,226397
DA:843,226397
DA:846,5562
DA:848,5562
DA:849,5562
DA:851,519441
DA:854,519441
DA:855,519441
DA:856,519441
DA:858,514686
DA:861,4755
DA:862,4755
DA:866,1351
DA:871,1351
DA:872,1351
DA:874,1351
DA:876,4
DA:877,4
DA:881,1347
DA:884,1351
DA:885,1351
DA:888,157250
DA:896,157250
DA:897,157250
DA:899,157250
DA:901,157284
DA:903,157250
DA:905,157250
DA:907,157216
DA:908,157216
DA:912,157284
DA:913,34
DA:915,34
DA:916,34
DA:917,34
DA:918,34
DA:919,34
DA:920,9
DA:922,157216
DA:924,157216
DA:925,157216
DA:926,157216
DA:927,157216
DA:930,11
DA:933,22
DA:934,33
DA:943,157215
DA:945,157215
DA:950,157215
DA:952,157215
DA:953,157215
DA:954,157215
DA:957,157215
DA:960,314430
DA:961,314430
DA:962,157215
DA:963,157215
DA:965,157197
DA:967,157197
DA:968,157197
DA:974,18
DA:977,18
DA:978,18
DA:980,11
DA:982,11
DA:983,11
DA:985,24
DA:987,24
DA:989,24
DA:990,24
DA:991,24
DA:993,17
DA:996,7
DA:997,7
DA:1001,83217
DA:1009,83217
DA:1010,83217
DA:1012,334266
DA:1014,251049
DA:1015,251049
DA:1018,84514
DA:1019,1297
DA:1021,1297
DA:1022,1297
DA:1023,1297
DA:1024,1297
DA:1025,1297
DA:1026,143
DA:1028,81920
DA:1030,81920
DA:1031,81920
DA:1032,81920
DA:1033,81920
DA:1036,2
DA:1039,4
DA:1040,6
DA:1049,81388
DA:1051,81388
DA:1056,81388
DA:1058,81388
DA:1059,81388
DA:1060,81388
DA:1063,81388
DA:1066,162776
DA:1067,162776
DA:1068,81388
DA:1069,81388
DA:1071,80711
DA:1073,80711
DA:1074,80711
DA:1080,677
DA:1083,677
DA:1084,677
DA:1087,2
DA:1089,2
DA:1090,2
DA:1092,1827
DA:1094,1827
DA:1096,1827
DA:1097,1827
DA:1098,1827
DA:1100,1152
DA:1103,675
DA:1104,675
DA:1107,76
DA:1109,76
DA:1110,76
DA:1112,76
DA:1114,140
DA:1115,116
DA:1116,40
DA:1118,20
DA:1119,40
DA:1122,76
DA:1126,2185951
DA:1131,2185951
DA:1135,2185939
DA:1136,2185939
DA:1138,522343
DA:1141,1663596
DA:1144,1663608
DA:1147,992694
DA:1149,992694
DA:1150,992694
DA:1151,992694
DA:1153,522355
DA:1157,522355
DA:1159,1300
DA:1160,1300
DA:1161,1300
DA:1164,521055
DA:1165,521055
DA:1166,521055
DA:1169,811
DA:1172,811
DA:1173,811
DA:1180,1664407
DA:1183,1664407
DA:1186,1664407
DA:1187,1664407
DA:1189,1664407
DA:1192,1664407
DA:1195,1664407
DA:1196,1664407
DA:1197,1664407
DA:1199,1542212
DA:1201,1542212
DA:1202,1542212
DA:1208,122195
DA:1214,122195
DA:1215,122195
DA:1217,811
DA:1220,811
DA:1221,811
DA:1222,811
DA:1224,520733
DA:1227,520733
DA:1229,520733
DA:1230,520733
DA:1232,399349
DA:1235,121384
DA:1236,121384
DA:1239,12
DA:1241,12
DA:1244,222
DA:1246,222
DA:1249,222
DA:1251,222
DA:1254,1556
DA:1256,1556
DA:1259,222
DA:1261,222
DA:1264,1090624
DA:1266,1090624
DA:1269,87
DA:1271,87
DA:1274,522158
DA:1276,522158
DA:1279,522158
DA:1281,522158
DA:1284,1090
DA:1286,1090
DA:1289,1020
DA:1291,1020
DA:1294,212233
DA:1296,212233
DA:1299,9
DA:1301,9
DA:1302,9
DA:1304,505
DA:1307,505
DA:1308,505
DA:1309,253
DA:1311,505
DA:1313,505
DA:1315,505
DA:1316,505
DA:1317,505
DA:1318,505
DA:1319,505
DA:1320,505
DA:1321,505
DA:1322,505
DA:1323,505
DA:1324,505
DA:1325,505
DA:1326,505
DA:1327,505
DA:1328,505
DA:1329,505
DA:1330,505
DA:1331,505
DA:1332,505
DA:1333,505
DA:1336,505
DA:1337,505
DA:1338,505
DA:1339,505
DA:1340,505
DA:1341,505
DA:1342,505
DA:1343,505
DA:1344,505
DA:1345,505
DA:1346,505
DA:1349,505
DA:1352,505
DA:1354,505
DA:1357,758
LF:515
LH:515
end_of_record
TN:
SF:lib/disruptor.js
FN:8,check
FN:18,Disruptor2
FN:54,_consumeNew
FN:61,consumeNew
FN:71,_produceClaim
FN:79,produceClaim
FN:89,_produceClaimMany
FN:97,produceClaimMany
FN:107,_produceClaimAvail
FN:115,produceClaimAvail
FN:125,_produceCommit
FN:135,produceCommit
FN:157,DisruptorReadStream
FN:169,__read
FN:192,_read
FN:223,read_again
FN:237,DisruptorWriteStream
FN:249,_write
FN:277,_final
FN:282,_destroy
FN:293,_commit
FN:319,commit_again
FN:323,write_again
FNDA:1,commit_again
FNDA:1018,_destroy
FNDA:1090524,_consumeNew
FNDA:519441,produceClaim
FNDA:520733,_produceCommit
FNDA:24,_produceClaimMany
FNDA:24,produceClaimMany
FNDA:1827,_produceClaimAvail
FNDA:1687,write_again
FNDA:318248,_read
FNDA:1287,_commit
FNDA:2132549,check
FNDA:4,_final
FNDA:520733,produceCommit
FNDA:211177,read_again
FNDA:13,DisruptorWriteStream
FNDA:320252,__read
FNDA:1823,_write
FNDA:4740,Disruptor2
FNDA:1090524,consumeNew
FNDA:519441,_produceClaim
FNDA:1009,DisruptorReadStream
FNDA:1827,produceClaimAvail
FNF:23
FNH:23
BRDA:1,0,0,505
BRDA:8,1,0,2132549
BRDA:11,2,0,1585922
BRDA:18,3,0,4740
BRDA:22,4,0,612713
BRDA:23,5,0,612713
BRDA:28,6,0,467553
BRDA:29,7,0,467553
BRDA:34,8,0,11
BRDA:35,9,0,11
BRDA:40,10,0,1823
BRDA:41,11,0,1823
BRDA:46,12,0,468840
BRDA:47,13,0,1286
BRDA:50,14,0,467554
BRDA:54,15,0,1090524
BRDA:61,16,0,1090524
BRDA:64,17,0,477811
BRDA:67,18,0,612713
BRDA:71,19,0,519441
BRDA:79,20,0,519441
BRDA:82,21,0,51888
BRDA:89,22,0,24
BRDA:97,23,0,24
BRDA:100,24,0,13
BRDA:103,25,0,11
BRDA:107,26,0,1827
BRDA:115,27,0,1827
BRDA:118,28,0,4
BRDA:125,29,0,520733
BRDA:128,30,0,1294
BRDA:135,31,0,520733
BRDA:138,32,0,1294
BRDA:140,33,0,8
BRDA:143,34,0,1286
BRDA:148,35,0,51885
BRDA:157,36,0,1009
BRDA:159,37,0,1
BRDA:162,38,0,1
BRDA:169,39,0,320252
BRDA:170,40,0,106064
BRDA:176,41,0,214187
BRDA:179,42,0,1
BRDA:184,43,0,1
BRDA:189,44,0,214187
BRDA:192,45,0,318248
BRDA:193,46,0,1
BRDA:196,47,0,318247
BRDA:197,48,0,212181
BRDA:198,49,0,105062
BRDA:202,50,0,107119
BRDA:202,51,0,2005
BRDA:207,52,0,1002
BRDA:211,53,0,1003
BRDA:215,54,0,105114
BRDA:215,55,0,1
BRDA:217,56,0,105113
BRDA:223,57,0,211177
BRDA:224,58,0,211177
BRDA:227,59,0,1007
BRDA:228,60,0,1
BRDA:230,61,0,1006
BRDA:237,62,0,13
BRDA:239,63,0,1
BRDA:242,64,0,1
BRDA:249,65,0,1823
BRDA:250,66,0,1
BRDA:256,67,0,1821
BRDA:257,68,0,1
BRDA:262,69,0,1
BRDA:267,70,0,1286
BRDA:271,71,0,534
BRDA:274,72,0,1286
BRDA:277,73,0,4
BRDA:282,74,0,11
BRDA:283,75,0,5
BRDA:286,76,0,2
BRDA:288,77,0,9
BRDA:293,78,0,1287
BRDA:294,79,0,1
BRDA:301,80,0,1
BRDA:306,81,0,1
BRDA:310,82,0,1
BRDA:313,83,0,1153
BRDA:316,84,0,130
BRDA:319,85,0,1
BRDA:320,86,0,1
BRDA:323,87,0,1687
BRDA:324,88,0,1687
BRF:89
BRH:89
DA:1,505
DA:2,505
DA:3,505
DA:4,505
DA:5,505
DA:6,505
DA:7,505
DA:8,2132549
DA:9,2132549
DA:10,2132549
DA:11,2132549
DA:12,1585922
DA:13,1585922
DA:14,2132549
DA:15,505
DA:16,505
DA:17,505
DA:18,505
DA:19,4740
DA:20,4740
DA:21,4740
DA:22,4740
DA:23,612713
DA:24,612713
DA:25,612713
DA:26,4740
DA:27,4740
DA:28,4740
DA:29,467553
DA:30,467553
DA:31,467553
DA:32,4740
DA:33,4740
DA:34,4740
DA:35,11
DA:36,11
DA:37,11
DA:38,4740
DA:39,4740
DA:40,4740
DA:41,1823
DA:42,1823
DA:43,1823
DA:44,4740
DA:45,4740
DA:46,4740
DA:47,468840
DA:48,1286
DA:49,1286
DA:50,467554
DA:51,4740
DA:52,4740
DA:53,505
DA:54,505
DA:55,1090524
DA:56,1090524
DA:57,1090524
DA:58,1090524
DA:59,1090524
DA:60,505
DA:61,505
DA:62,1090524
DA:63,1090524
DA:64,1090524
DA:65,477811
DA:66,477811
DA:67,612713
DA:68,612713
DA:69,1090524
DA:70,505
DA:71,505
DA:72,519441
DA:73,519441
DA:74,519441
DA:75,519441
DA:76,519441
DA:77,519441
DA:78,505
DA:79,505
DA:80,519441
DA:81,519441
DA:82,519441
DA:83,51888
DA:84,51888
DA:85,519441
DA:86,519441
DA:87,519441
DA:88,505
DA:89,505
DA:90,24
DA:91,24
DA:92,24
DA:93,24
DA:94,24
DA:95,24
DA:96,505
DA:97,505
DA:98,24
DA:99,24
DA:100,24
DA:101,13
DA:102,13
DA:103,11
DA:104,11
DA:105,24
DA:106,505
DA:107,505
DA:108,1827
DA:109,1827
DA:110,1827
DA:111,1827
DA:112,1827
DA:113,1827
DA:114,505
DA:115,505
DA:116,1827
DA:117,1827
DA:118,1827
DA:119,4
DA:120,4
DA:121,1827
DA:122,1827
DA:123,1827
DA:124,505
DA:125,505
DA:126,520733
DA:127,520733
DA:128,520733
DA:129,1294
DA:130,1294
DA:131,520733
DA:132,520733
DA:133,520733
DA:134,505
DA:135,505
DA:136,520733
DA:137,520733
DA:138,520733
DA:139,1294
DA:140,1294
DA:141,8
DA:142,8
DA:143,1286
DA:144,1286
DA:145,1286
DA:146,520733
DA:147,520733
DA:148,520733
DA:149,51885
DA:150,51885
DA:151,520733
DA:152,520733
DA:153,520733
DA:154,505
DA:155,505
DA:156,505
DA:157,505
DA:158,1009
DA:159,1009
DA:160,1
DA:161,1
DA:162,1009
DA:163,1
DA:164,1
DA:165,1009
DA:166,1009
DA:167,1009
DA:168,505
DA:169,505
DA:170,320252
DA:171,106064
DA:172,106064
DA:173,320252
DA:174,320252
DA:175,320252
DA:176,320252
DA:177,214187
DA:178,214187
DA:179,320252
DA:180,1
DA:181,1
DA:182,1
DA:183,320252
DA:184,320252
DA:185,1
DA:186,1
DA:187,1
DA:188,1
DA:189,214187
DA:190,320252
DA:191,505
DA:192,505
DA:193,318248
DA:194,1
DA:195,1
DA:196,318247
DA:197,318248
DA:198,212181
DA:199,105062
DA:200,105062
DA:201,105062
DA:202,212181
DA:203,2005
DA:204,2005
DA:205,2005
DA:206,2005
DA:207,2005
DA:208,1002
DA:209,1002
DA:210,1002
DA:211,2005
DA:212,1003
DA:213,1003
DA:214,2005
DA:215,107119
DA:216,1
DA:217,105114
DA:218,105113
DA:219,105113
DA:220,212181
DA:221,318248
DA:222,505
DA:223,505
DA:224,211177
DA:225,211177
DA:226,505
DA:227,505
DA:228,1007
DA:229,1
DA:230,1007
DA:231,1006
DA:232,1006
DA:233,1007
DA:234,505
DA:235,505
DA:236,505
DA:237,505
DA:238,13
DA:239,13
DA:240,1
DA:241,1
DA:242,13
DA:243,1
DA:244,1
DA:245,13
DA:246,13
DA:247,13
DA:248,505
DA:249,505
DA:250,1823
DA:251,1
DA:252,1
DA:253,1823
DA:254,1823
DA:255,1823
DA:256,1823
DA:257,1823
DA:258,1
DA:259,1
DA:260,1
DA:261,1823
DA:262,1823
DA:263,1
DA:264,1
DA:265,1
DA:266,1823
DA:267,1823
DA:268,1286
DA:269,1286
DA:270,1286
DA:271,1823
DA:272,534
DA:273,534
DA:274,1286
DA:275,1823
DA:276,505
DA:277,505
DA:278,4
DA:279,4
DA:280,4
DA:281,505
DA:282,505
DA:283,11
DA:284,5
DA:285,5
DA:286,11
DA:287,2
DA:288,11
DA:289,9
DA:290,9
DA:291,11
DA:292,505
DA:293,505
DA:294,1287
DA:295,1
DA:296,1
DA:297,1287
DA:298,1287
DA:299,1287
DA:300,1287
DA:301,1287
DA:302,1
DA:303,1
DA:304,1
DA:305,1287
DA:306,1287
DA:307,1
DA:308,1
DA:309,1
DA:310,1287
DA:311,1
DA:312,1
DA:313,1287
DA:314,1153
DA:315,1153
DA:316,130
DA:317,1287
DA:318,505
DA:319,505
DA:320,1
DA:321,1
DA:322,505
DA:323,505
DA:324,1687
DA:325,1687
DA:326,505
DA:327,505
DA:328,505
DA:329,505
DA:330,505
LF:330
LH:330
end_of_record
