TN:
SF:/home/david/shared-memory-disruptor/node_modules/node-addon-api/napi-inl.h
FN:54,_ZN4Napi7details12WrapCallbackIZNS_10ObjectWrapI9DisruptorE26ConstructorCallbackWrapperEP10napi_env__P20napi_callback_info__EUlvE_EEP12napi_value__T_
FN:54,_ZN4Napi7details12WrapCallbackIZNS_14RegisterModuleEP10napi_env__P12napi_value__S5_PFvNS_3EnvENS_6ObjectES7_EEUlvE_EES5_T_
FN:54,_ZN4Napi7details12WrapCallbackIZNS_11AsyncWorker14OnWorkCompleteEP10napi_env__11napi_statusPvEUlvE_EEP12napi_value__T_
FN:54,_ZN4Napi7details12WrapCallbackIZNS_10ObjectWrapI9DisruptorE33InstanceVoidMethodCallbackWrapperEP10napi_env__P20napi_callback_info__EUlvE_EEP12napi_value__T_
FN:54,_ZN4Napi7details12WrapCallbackIZNS_10ObjectWrapI9DisruptorE29InstanceGetterCallbackWrapperEP10napi_env__P20napi_callback_info__EUlvE_EEP12napi_value__T_
FN:54,_ZN4Napi7details12WrapCallbackIZNS_10ObjectWrapI9DisruptorE29InstanceSetterCallbackWrapperEP10napi_env__P20napi_callback_info__EUlvE_EEP12napi_value__T_
FN:54,_ZN4Napi7details12WrapCallbackIZNS0_12CallbackDataIPFvRKNS_12CallbackInfoEEvE7WrapperEP10napi_env__P20napi_callback_info__EUlvE_EEP12napi_value__T_
FN:54,_ZN4Napi7details12WrapCallbackIZNS_10ObjectWrapI9DisruptorE29InstanceMethodCallbackWrapperEP10napi_env__P20napi_callback_info__EUlvE_EEP12napi_value__T_
FN:89,_ZN4Napi7details12CallbackDataIPFvRKNS_12CallbackInfoEEvE7WrapperEP10napi_env__P20napi_callback_info__
FN:90,_ZZN4Napi7details12CallbackDataIPFvRKNS_12CallbackInfoEEvE7WrapperEP10napi_env__P20napi_callback_info__ENKUlvE_clEv
FN:169,_ZN4Napi14RegisterModuleEP10napi_env__P12napi_value__S3_PFvNS_3EnvENS_6ObjectES5_E
FN:173,_ZZN4Napi14RegisterModuleEP10napi_env__P12napi_value__S3_PFvNS_3EnvENS_6ObjectES5_EENKUlvE_clEv
FN:185,_ZN4Napi3EnvC2EP10napi_env__
FN:188,_ZNK4Napi3EnvcvP10napi_env__Ev
FN:199,_ZNK4Napi3Env9UndefinedEv
FN:206,_ZNK4Napi3Env4NullEv
FN:234,_ZN4Napi5ValueC2Ev
FN:237,_ZN4Napi5ValueC2EP10napi_env__P12napi_value__
FN:240,_ZNK4Napi5ValuecvP12napi_value__Ev
FN:259,_ZNK4Napi5Value3EnvEv
FN:267,_ZNK4Napi5Value4TypeEv
FN:339,_ZNK4Napi5Value10IsFunctionEv
FN:355,_ZNK4Napi5Value2AsINS_6NumberEEET_v
FN:355,_ZNK4Napi5Value2AsINS_6ObjectEEET_v
FN:355,_ZNK4Napi5Value2AsINS_8FunctionEEET_v
FN:355,_ZNK4Napi5Value2AsINS_7BooleanEEET_v
FN:355,_ZNK4Napi5Value2AsINS_6StringEEET_v
FN:391,_ZN4Napi7Boolean3NewEP10napi_env__b
FN:401,_ZN4Napi7BooleanC2EP10napi_env__P12napi_value__
FN:404,_ZNK4Napi7BooleancvbEv
FN:408,_ZNK4Napi7Boolean5ValueEv
FN:419,_ZN4Napi6Number3NewEP10napi_env__d
FN:429,_ZN4Napi6NumberC2EP10napi_env__P12napi_value__
FN:436,_ZNK4Napi6NumbercvjEv
FN:459,_ZNK4Napi6Number11Uint32ValueEv
FN:466,_ZNK4Napi6Number10Int64ValueEv
FN:491,_ZN4Napi4NameC2EP10napi_env__P12napi_value__
FN:537,_ZN4Napi6StringC2EP10napi_env__P12napi_value__
FN:540,_ZNK4Napi6StringcvNSt7__cxx1112basic_stringIcSt11char_traitsIcESaIcEEEB5cxx11Ev
FN:548,_ZNK4Napi6String9Utf8ValueB5cxx11Ev
FN:617,_ZN4Napi6Object14PropertyLValueIjEaSINS_5ValueEEERS2_T_
FN:623,_ZN4Napi6Object14PropertyLValueIjEC2ES0_j
FN:626,_ZN4Napi6Object3NewEP10napi_env__
FN:633,_ZN4Napi6ObjectC2Ev
FN:636,_ZN4Napi6ObjectC2EP10napi_env__P12napi_value__
FN:647,_ZN4Napi6ObjectixEj
FN:702,_ZNK4Napi6Object3GetEPKc
FN:723,_ZN4Napi6Object3SetEPKcNS_5ValueE
FN:784,_ZN4Napi6Object3SetEjNS_5ValueE
FN:912,_ZN4Napi5Array3NewEP10napi_env__
FN:929,_ZN4Napi5ArrayC2EP10napi_env__P12napi_value__
FN:932,_ZNK4Napi5Array6LengthEv
FN:1201,_ZN4Napi8Function3NewIPFvRKNS_12CallbackInfoEEEES0_P10napi_env__T_PKcPv
FN:1228,_ZN4Napi8FunctionC2EP10napi_env__P12napi_value__
FN:1263,_ZNK4Napi8Function12MakeCallbackEP12napi_value__RKSt16initializer_listIS2_E
FN:1273,_ZNK4Napi8Function12MakeCallbackEP12napi_value__mPKS2_
FN:1303,_ZN4Napi6BufferIhE3NewEP10napi_env__m
FN:1312,_ZN4Napi6BufferImE3NewEP10napi_env__Pmm
FN:1312,_ZN4Napi6BufferIhE3NewEP10napi_env__Phm
FN:1377,_ZN4Napi6BufferIhEC2Ev
FN:1386,_ZN4Napi6BufferImEC2EP10napi_env__P12napi_value__mPm
FN:1386,_ZN4Napi6BufferIhEC2EP10napi_env__P12napi_value__mPh
FN:1391,_ZNK4Napi6BufferIhE6LengthEv
FN:1403,_ZNK4Napi6BufferIhE10EnsureInfoEv
FN:1421,_ZN4Napi5Error3NewEP10napi_env__
FN:1479,_ZN4Napi5Error3NewEP10napi_env__RKNSt7__cxx1112basic_stringIcSt11char_traitsIcESaIcEEE
FN:1483,_ZN4Napi5Error5FatalEPKcS2_
FN:1490,_ZN4Napi5ErrorC2EP10napi_env__P12napi_value__
FN:1526,_ZNK4Napi5Error7MessageB5cxx11Ev
FN:1543,_ZNK4Napi5Error26ThrowAsJavaScriptExceptionEv
FN:1553,_ZNK4Napi5Error4whatEv
FN:1560,_ZN4Napi5Error3NewIS0_EET_P10napi_env__PKcmPF11napi_statusS4_P12napi_value__S9_PS9_E
FN:1608,_ZN4Napi9ReferenceINS_8FunctionEE3NewERKS1_j
FN:1608,_ZN4Napi9ReferenceINS_6ObjectEE3NewERKS1_j
FN:1625,_ZN4Napi9ReferenceINS_6ObjectEEC2Ev
FN:1629,_ZN4Napi9ReferenceINS_8FunctionEEC2EP10napi_env__P10napi_ref__
FN:1629,_ZN4Napi9ReferenceINS_6ObjectEEC2EP10napi_env__P10napi_ref__
FN:1634,_ZN4Napi9ReferenceINS_6ObjectEED2Ev
FN:1634,_ZN4Napi9ReferenceINS_8FunctionEED2Ev
FN:1645,_ZN4Napi9ReferenceINS_8FunctionEEC2EOS2_
FN:1645,_ZN4Napi9ReferenceINS_6ObjectEEC2EOS2_
FN:1653,_ZN4Napi9ReferenceINS_6ObjectEEaSEOS2_
FN:1700,_ZNK4Napi9ReferenceINS_6ObjectEE7IsEmptyEv
FN:1705,_ZNK4Napi9ReferenceINS_8FunctionEE5ValueEv
FN:1705,_ZNK4Napi9ReferenceINS_6ObjectEE5ValueEv
FN:1733,_ZN4Napi9ReferenceINS_6ObjectEE5ResetEv
FN:1776,_ZN4Napi10PersistentENS_6ObjectE
FN:1780,_ZN4Napi10PersistentENS_8FunctionE
FN:1791,_ZN4Napi15ObjectReferenceC2EP10napi_env__P10napi_ref__
FN:1794,_ZN4Napi15ObjectReferenceC2EONS_9ReferenceINS_6ObjectEEE
FN:1816,_ZNK4Napi15ObjectReference3GetEPKc
FN:1922,_ZN4Napi17FunctionReferenceC2EONS_9ReferenceINS_8FunctionEEE
FN:1968,_ZNK4Napi17FunctionReference12MakeCallbackEP12napi_value__RKSt16initializer_listIS2_E
FN:1994,_ZN4Napi12CallbackInfoC2EP10napi_env__P20napi_callback_info__
FN:2012,_ZN4Napi12CallbackInfoD2Ev
FN:2025,_ZNK4Napi12CallbackInfo3EnvEv
FN:2029,_ZNK4Napi12CallbackInfo6LengthEv
FN:2033,_ZNK4Napi12CallbackInfoixEm
FN:2037,_ZNK4Napi12CallbackInfo4ThisEv
FN:2044,_ZNK4Napi12CallbackInfo4DataEv
FN:2048,_ZN4Napi12CallbackInfo7SetDataEPv
FN:2287,_ZN4Napi10ObjectWrapI9DisruptorEC2ERKNS_12CallbackInfoE
FN:2301,_ZN4Napi10ObjectWrapI9DisruptorE6UnwrapENS_6ObjectE
FN:2309,_ZN4Napi10ObjectWrapI9DisruptorE11DefineClassENS_3EnvEPKcRKSt16initializer_listINS_23ClassPropertyDescriptorIS1_EEEPv
FN:2393,_ZN4Napi10ObjectWrapI9DisruptorE14InstanceMethodEPKcMS1_FvRKNS_12CallbackInfoEE24napi_property_attributesPv
FN:2411,_ZN4Napi10ObjectWrapI9DisruptorE14InstanceMethodEPKcMS1_FNS_5ValueERKNS_12CallbackInfoEE24napi_property_attributesPv
FN:2428,_ZN4Napi10ObjectWrapI9DisruptorE16InstanceAccessorEPKcMS1_FNS_5ValueERKNS_12CallbackInfoEEMS1_FvS8_RKS5_E24napi_property_attributesPv
FN:2470,_ZN4Napi10ObjectWrapI9DisruptorE26ConstructorCallbackWrapperEP10napi_env__P20napi_callback_info__
FN:2483,_ZZN4Napi10ObjectWrapI9DisruptorE26ConstructorCallbackWrapperEP10napi_env__P20napi_callback_info__ENKUlvE_clEv
FN:2547,_ZN4Napi10ObjectWrapI9DisruptorE33InstanceVoidMethodCallbackWrapperEP10napi_env__P20napi_callback_info__
FN:2550,_ZZN4Napi10ObjectWrapI9DisruptorE33InstanceVoidMethodCallbackWrapperEP10napi_env__P20napi_callback_info__ENKUlvE_clEv
FN:2563,_ZN4Napi10ObjectWrapI9DisruptorE29InstanceMethodCallbackWrapperEP10napi_env__P20napi_callback_info__
FN:2566,_ZZN4Napi10ObjectWrapI9DisruptorE29InstanceMethodCallbackWrapperEP10napi_env__P20napi_callback_info__ENKUlvE_clEv
FN:2578,_ZN4Napi10ObjectWrapI9DisruptorE29InstanceGetterCallbackWrapperEP10napi_env__P20napi_callback_info__
FN:2581,_ZZN4Napi10ObjectWrapI9DisruptorE29InstanceGetterCallbackWrapperEP10napi_env__P20napi_callback_info__ENKUlvE_clEv
FN:2593,_ZN4Napi10ObjectWrapI9DisruptorE29InstanceSetterCallbackWrapperEP10napi_env__P20napi_callback_info__
FN:2596,_ZZN4Napi10ObjectWrapI9DisruptorE29InstanceSetterCallbackWrapperEP10napi_env__P20napi_callback_info__ENKUlvE_clEv
FN:2609,_ZN4Napi10ObjectWrapI9DisruptorE16FinalizeCallbackEP10napi_env__PvS5_
FN:2622,_ZN4Napi11HandleScopeC2ENS_3EnvE
FN:2627,_ZN4Napi11HandleScopeD2Ev
FN:2647,_ZN4Napi20EscapableHandleScopeC2ENS_3EnvE
FN:2652,_ZN4Napi20EscapableHandleScopeD2Ev
FN:2664,_ZN4Napi20EscapableHandleScope6EscapeEP12napi_value__
FN:2675,_ZN4Napi11AsyncWorkerC2ERKNS_8FunctionE
FN:2679,_ZN4Napi11AsyncWorkerC2ERKNS_6ObjectERKNS_8FunctionE
FN:2688,_ZN4Napi11AsyncWorkerD0Ev
FN:2688,_ZN4Napi11AsyncWorkerD2Ev
FN:2720,_ZNK4Napi11AsyncWorker3EnvEv
FN:2724,_ZN4Napi11AsyncWorker5QueueEv
FN:2734,_ZN4Napi11AsyncWorker8ReceiverEv
FN:2738,_ZN4Napi11AsyncWorker8CallbackEv
FN:2742,_ZN4Napi11AsyncWorker4OnOKEv
FN:2746,_ZN4Napi11AsyncWorker7OnErrorERKNS_5ErrorE
FN:2750,_ZN4Napi11AsyncWorker8SetErrorERKNSt7__cxx1112basic_stringIcSt11char_traitsIcESaIcEEE
FN:2754,_ZN4Napi11AsyncWorker9OnExecuteEP10napi_env__Pv
FN:2767,_ZN4Napi11AsyncWorker14OnWorkCompleteEP10napi_env__11napi_statusPv
FN:2772,_ZZN4Napi11AsyncWorker14OnWorkCompleteEP10napi_env__11napi_statusPvENKUlvE_clEv
FNDA:3395,_ZN4Napi7details12WrapCallbackIZNS_10ObjectWrapI9DisruptorE26ConstructorCallbackWrapperEP10napi_env__P20napi_callback_info__EUlvE_EEP12napi_value__T_
FNDA:0,_ZN4Napi7details12WrapCallbackIZNS_10ObjectWrapI9DisruptorE29InstanceSetterCallbackWrapperEP10napi_env__P20napi_callback_info__EUlvE_EEP12napi_value__T_
FNDA:650354,_ZN4Napi7details12WrapCallbackIZNS_10ObjectWrapI9DisruptorE29InstanceGetterCallbackWrapperEP10napi_env__P20napi_callback_info__EUlvE_EEP12napi_value__T_
FNDA:4782,_ZN4Napi7details12WrapCallbackIZNS_10ObjectWrapI9DisruptorE33InstanceVoidMethodCallbackWrapperEP10napi_env__P20napi_callback_info__EUlvE_EEP12napi_value__T_
FNDA:1830182,_ZN4Napi7details12WrapCallbackIZNS_10ObjectWrapI9DisruptorE29InstanceMethodCallbackWrapperEP10napi_env__P20napi_callback_info__EUlvE_EEP12napi_value__T_
FNDA:1,_ZN4Napi7details12WrapCallbackIZNS0_12CallbackDataIPFvRKNS_12CallbackInfoEEvE7WrapperEP10napi_env__P20napi_callback_info__EUlvE_EEP12napi_value__T_
FNDA:3462920,_ZN4Napi7details12WrapCallbackIZNS_11AsyncWorker14OnWorkCompleteEP10napi_env__11napi_statusPvEUlvE_EEP12napi_value__T_
FNDA:253,_ZN4Napi7details12WrapCallbackIZNS_14RegisterModuleEP10napi_env__P12napi_value__S5_PFvNS_3EnvENS_6ObjectES7_EEUlvE_EES5_T_
FNDA:1,_ZN4Napi7details12CallbackDataIPFvRKNS_12CallbackInfoEEvE7WrapperEP10napi_env__P20napi_callback_info__
FNDA:1,_ZZN4Napi7details12CallbackDataIPFvRKNS_12CallbackInfoEEvE7WrapperEP10napi_env__P20napi_callback_info__ENKUlvE_clEv
FNDA:253,_ZN4Napi14RegisterModuleEP10napi_env__P12napi_value__S3_PFvNS_3EnvENS_6ObjectES5_E
FNDA:253,_ZZN4Napi14RegisterModuleEP10napi_env__P12napi_value__S3_PFvNS_3EnvENS_6ObjectES5_EENKUlvE_clEv
FNDA:30140610,_ZN4Napi3EnvC2EP10napi_env__
FNDA:29582559,_ZNK4Napi3EnvcvP10napi_env__Ev
FNDA:687647,_ZNK4Napi3Env9UndefinedEv
FNDA:321079,_ZNK4Napi3Env4NullEv
FNDA:273113,_ZN4Napi5ValueC2Ev
FNDA:22006216,_ZN4Napi5ValueC2EP10napi_env__P12napi_value__
FNDA:28578610,_ZNK4Napi5ValuecvP12napi_value__Ev
FNDA:20072218,_ZNK4Napi5Value3EnvEv
FNDA:321079,_ZNK4Napi5Value4TypeEv
FNDA:321079,_ZNK4Napi5Value10IsFunctionEv
FNDA:6790,_ZNK4Napi5Value2AsINS_7BooleanEEET_v
FNDA:13749,_ZNK4Napi5Value2AsINS_6NumberEEET_v
FNDA:321078,_ZNK4Napi5Value2AsINS_8FunctionEEET_v
FNDA:2485318,_ZNK4Napi5Value2AsINS_6ObjectEEET_v
FNDA:3395,_ZNK4Napi5Value2AsINS_6StringEEET_v
FNDA:963015,_ZN4Napi7Boolean3NewEP10napi_env__b
FNDA:969805,_ZN4Napi7BooleanC2EP10napi_env__P12napi_value__
FNDA:58682,_ZNK4Napi7BooleancvbEv
FNDA:58682,_ZNK4Napi7Boolean5ValueEv
FNDA:923126,_ZN4Napi6Number3NewEP10napi_env__d
FNDA:936875,_ZN4Napi6NumberC2EP10napi_env__P12napi_value__
FNDA:13615,_ZNK4Napi6NumbercvjEv
FNDA:13615,_ZNK4Napi6Number11Uint32ValueEv
FNDA:134,_ZNK4Napi6Number10Int64ValueEv
FNDA:3395,_ZN4Napi4NameC2EP10napi_env__P12napi_value__
FNDA:3395,_ZN4Napi6StringC2EP10napi_env__P12napi_value__
FNDA:0,_ZNK4Napi6StringcvNSt7__cxx1112basic_stringIcSt11char_traitsIcESaIcEEEB5cxx11Ev
FNDA:3395,_ZNK4Napi6String9Utf8ValueB5cxx11Ev
FNDA:272300,_ZN4Napi6Object14PropertyLValueIjEaSINS_5ValueEEERS2_T_
FNDA:272300,_ZN4Napi6Object14PropertyLValueIjEC2ES0_j
FNDA:3462920,_ZN4Napi6Object3NewEP10napi_env__
FNDA:273113,_ZN4Napi6ObjectC2Ev
FNDA:18100244,_ZN4Napi6ObjectC2EP10napi_env__P12napi_value__
FNDA:272300,_ZN4Napi6ObjectixEj
FNDA:0,_ZNK4Napi6Object3GetEPKc
FNDA:253,_ZN4Napi6Object3SetEPKcNS_5ValueE
FNDA:629419,_ZN4Napi6Object3SetEjNS_5ValueE
FNDA:901363,_ZN4Napi5Array3NewEP10napi_env__
FNDA:901363,_ZN4Napi5ArrayC2EP10napi_env__P12napi_value__
FNDA:543125,_ZNK4Napi5Array6LengthEv
FNDA:1,_ZN4Napi8Function3NewIPFvRKNS_12CallbackInfoEEEES0_P10napi_env__T_PKcPv
FNDA:3784252,_ZN4Napi8FunctionC2EP10napi_env__P12napi_value__
FNDA:321079,_ZNK4Napi8Function12MakeCallbackEP12napi_value__RKSt16initializer_listIS2_E
FNDA:321079,_ZNK4Napi8Function12MakeCallbackEP12napi_value__mPKS2_
FNDA:17,_ZN4Napi6BufferIhE3NewEP10napi_env__m
FNDA:917452,_ZN4Napi6BufferIhE3NewEP10napi_env__Phm
FNDA:9,_ZN4Napi6BufferImE3NewEP10napi_env__Pmm
FNDA:273113,_ZN4Napi6BufferIhEC2Ev
FNDA:917469,_ZN4Napi6BufferIhEC2EP10napi_env__P12napi_value__mPh
FNDA:9,_ZN4Napi6BufferImEC2EP10napi_env__P12napi_value__mPm
FNDA:51889,_ZNK4Napi6BufferIhE6LengthEv
FNDA:51889,_ZNK4Napi6BufferIhE10EnsureInfoEv
FNDA:0,_ZN4Napi5Error3NewEP10napi_env__
FNDA:3,_ZN4Napi5Error3NewEP10napi_env__RKNSt7__cxx1112basic_stringIcSt11char_traitsIcESaIcEEE
FNDA:0,_ZN4Napi5Error5FatalEPKcS2_
FNDA:3,_ZN4Napi5ErrorC2EP10napi_env__P12napi_value__
FNDA:0,_ZNK4Napi5Error7MessageB5cxx11Ev
FNDA:3,_ZNK4Napi5Error26ThrowAsJavaScriptExceptionEv
FNDA:0,_ZNK4Napi5Error4whatEv
FNDA:3,_ZN4Napi5Error3NewIS0_EET_P10napi_env__PKcmPF11napi_statusS4_P12napi_value__S9_PS9_E
FNDA:3462920,_ZN4Napi9ReferenceINS_8FunctionEE3NewERKS1_j
FNDA:6925840,_ZN4Napi9ReferenceINS_6ObjectEE3NewERKS1_j
FNDA:3395,_ZN4Napi9ReferenceINS_6ObjectEEC2Ev
FNDA:3462920,_ZN4Napi9ReferenceINS_8FunctionEEC2EP10napi_env__P10napi_ref__
FNDA:6929238,_ZN4Napi9ReferenceINS_6ObjectEEC2EP10napi_env__P10napi_ref__
FNDA:6925840,_ZN4Napi9ReferenceINS_8FunctionEED2Ev
FNDA:13857821,_ZN4Napi9ReferenceINS_6ObjectEED2Ev
FNDA:3462920,_ZN4Napi9ReferenceINS_8FunctionEEC2EOS2_
FNDA:6925840,_ZN4Napi9ReferenceINS_6ObjectEEC2EOS2_
FNDA:3395,_ZN4Napi9ReferenceINS_6ObjectEEaSEOS2_
FNDA:3,_ZNK4Napi9ReferenceINS_6ObjectEE7IsEmptyEv
FNDA:3462920,_ZNK4Napi9ReferenceINS_8FunctionEE5ValueEv
FNDA:3784002,_ZNK4Napi9ReferenceINS_6ObjectEE5ValueEv
FNDA:3395,_ZN4Napi9ReferenceINS_6ObjectEE5ResetEv
FNDA:6925840,_ZN4Napi10PersistentENS_6ObjectE
FNDA:3462920,_ZN4Napi10PersistentENS_8FunctionE
FNDA:3,_ZN4Napi15ObjectReferenceC2EP10napi_env__P10napi_ref__
FNDA:6925840,_ZN4Napi15ObjectReferenceC2EONS_9ReferenceINS_6ObjectEEE
FNDA:0,_ZNK4Napi15ObjectReference3GetEPKc
FNDA:3462920,_ZN4Napi17FunctionReferenceC2EONS_9ReferenceINS_8FunctionEEE
FNDA:321079,_ZNK4Napi17FunctionReference12MakeCallbackEP12napi_value__RKSt16initializer_listIS2_E
FNDA:2488714,_ZN4Napi12CallbackInfoC2EP10napi_env__P20napi_callback_info__
FNDA:2488714,_ZN4Napi12CallbackInfoD2Ev
FNDA:2803387,_ZNK4Napi12CallbackInfo3EnvEv
FNDA:607966,_ZNK4Napi12CallbackInfo6LengthEv
FNDA:345013,_ZNK4Napi12CallbackInfoixEm
FNDA:2492105,_ZNK4Napi12CallbackInfo4ThisEv
FNDA:2485319,_ZNK4Napi12CallbackInfo4DataEv
FNDA:2485319,_ZN4Napi12CallbackInfo7SetDataEPv
FNDA:3395,_ZN4Napi10ObjectWrapI9DisruptorEC2ERKNS_12CallbackInfoE
FNDA:2485318,_ZN4Napi10ObjectWrapI9DisruptorE6UnwrapENS_6ObjectE
FNDA:253,_ZN4Napi10ObjectWrapI9DisruptorE11DefineClassENS_3EnvEPKcRKSt16initializer_listINS_23ClassPropertyDescriptorIS1_EEEPv
FNDA:1265,_ZN4Napi10ObjectWrapI9DisruptorE14InstanceMethodEPKcMS1_FvRKNS_12CallbackInfoEE24napi_property_attributesPv
FNDA:2530,_ZN4Napi10ObjectWrapI9DisruptorE14InstanceMethodEPKcMS1_FNS_5ValueERKNS_12CallbackInfoEE24napi_property_attributesPv
FNDA:2277,_ZN4Napi10ObjectWrapI9DisruptorE16InstanceAccessorEPKcMS1_FNS_5ValueERKNS_12CallbackInfoEEMS1_FvS8_RKS5_E24napi_property_attributesPv
FNDA:3395,_ZN4Napi10ObjectWrapI9DisruptorE26ConstructorCallbackWrapperEP10napi_env__P20napi_callback_info__
FNDA:3395,_ZZN4Napi10ObjectWrapI9DisruptorE26ConstructorCallbackWrapperEP10napi_env__P20napi_callback_info__ENKUlvE_clEv
FNDA:4782,_ZN4Napi10ObjectWrapI9DisruptorE33InstanceVoidMethodCallbackWrapperEP10napi_env__P20napi_callback_info__
FNDA:4782,_ZZN4Napi10ObjectWrapI9DisruptorE33InstanceVoidMethodCallbackWrapperEP10napi_env__P20napi_callback_info__ENKUlvE_clEv
FNDA:1830182,_ZN4Napi10ObjectWrapI9DisruptorE29InstanceMethodCallbackWrapperEP10napi_env__P20napi_callback_info__
FNDA:1830182,_ZZN4Napi10ObjectWrapI9DisruptorE29InstanceMethodCallbackWrapperEP10napi_env__P20napi_callback_info__ENKUlvE_clEv
FNDA:650354,_ZN4Napi10ObjectWrapI9DisruptorE29InstanceGetterCallbackWrapperEP10napi_env__P20napi_callback_info__
FNDA:650354,_ZZN4Napi10ObjectWrapI9DisruptorE29InstanceGetterCallbackWrapperEP10napi_env__P20napi_callback_info__ENKUlvE_clEv
FNDA:0,_ZN4Napi10ObjectWrapI9DisruptorE29InstanceSetterCallbackWrapperEP10napi_env__P20napi_callback_info__
FNDA:0,_ZZN4Napi10ObjectWrapI9DisruptorE29InstanceSetterCallbackWrapperEP10napi_env__P20napi_callback_info__ENKUlvE_clEv
FNDA:2740,_ZN4Napi10ObjectWrapI9DisruptorE16FinalizeCallbackEP10napi_env__PvS5_
FNDA:3462923,_ZN4Napi11HandleScopeC2ENS_3EnvE
FNDA:3462923,_ZN4Napi11HandleScopeD2Ev
FNDA:321079,_ZN4Napi20EscapableHandleScopeC2ENS_3EnvE
FNDA:321079,_ZN4Napi20EscapableHandleScopeD2Ev
FNDA:321079,_ZN4Napi20EscapableHandleScope6EscapeEP12napi_value__
FNDA:3462920,_ZN4Napi11AsyncWorkerC2ERKNS_8FunctionE
FNDA:3462920,_ZN4Napi11AsyncWorkerC2ERKNS_6ObjectERKNS_8FunctionE
FNDA:0,_ZN4Napi11AsyncWorkerD0Ev
FNDA:3462920,_ZN4Napi11AsyncWorkerD2Ev
FNDA:3782127,_ZNK4Napi11AsyncWorker3EnvEv
FNDA:3462920,_ZN4Napi11AsyncWorker5QueueEv
FNDA:321079,_ZN4Napi11AsyncWorker8ReceiverEv
FNDA:3462920,_ZN4Napi11AsyncWorker8CallbackEv
FNDA:0,_ZN4Napi11AsyncWorker4OnOKEv
FNDA:0,_ZN4Napi11AsyncWorker7OnErrorERKNS_5ErrorE
FNDA:0,_ZN4Napi11AsyncWorker8SetErrorERKNSt7__cxx1112basic_stringIcSt11char_traitsIcESaIcEEE
FNDA:3462564,_ZN4Napi11AsyncWorker9OnExecuteEP10napi_env__Pv
FNDA:3462920,_ZN4Napi11AsyncWorker14OnWorkCompleteEP10napi_env__11napi_statusPv
FNDA:3462920,_ZZN4Napi11AsyncWorker14OnWorkCompleteEP10napi_env__11napi_statusPvENKUlvE_clEv
FNF:137
FNH:123
DA:54,5951887
DA:57,5951887
DA:58,6
DA:59,3
DA:60,3
DA:89,1
DA:90,2
DA:91,2
DA:93,1
DA:94,1
DA:95,1
DA:96,2
DA:97,1
DA:169,253
DA:173,253
DA:174,1012
DA:175,253
DA:176,506
DA:177,253
DA:178,253
DA:179,253
DA:185,30140610
DA:186,30140610
DA:188,29582559
DA:189,29582559
DA:199,687647
DA:201,687647
DA:202,687647
DA:203,687647
DA:206,321079
DA:208,321079
DA:209,321079
DA:210,321079
DA:234,273113
DA:235,273113
DA:237,22006216
DA:238,22006216
DA:240,28578610
DA:241,28578610
DA:259,20072218
DA:260,20072218
DA:267,321079
DA:268,321079
DA:269,0
DA:273,321079
DA:274,321079
DA:275,321079
DA:339,321079
DA:340,321079
DA:355,2830330
DA:356,2830330
DA:391,963015
DA:393,963015
DA:394,963015
DA:395,963015
DA:401,969805
DA:402,969805
DA:404,58682
DA:405,58682
DA:408,58682
DA:410,58682
DA:411,58682
DA:412,58682
DA:419,923126
DA:421,923126
DA:422,923126
DA:423,923126
DA:429,936875
DA:430,936875
DA:436,13615
DA:437,13615
DA:459,13615
DA:461,13615
DA:462,13615
DA:463,13615
DA:466,134
DA:468,134
DA:469,134
DA:470,134
DA:491,3395
DA:492,3395
DA:537,3395
DA:538,3395
DA:540,0
DA:541,0
DA:548,3395
DA:550,3395
DA:551,3395
DA:553,3395
DA:554,3395
DA:555,3395
DA:556,3395
DA:557,3395
DA:558,3395
DA:617,272300
DA:618,272300
DA:619,272300
DA:623,272300
DA:624,272300
DA:626,3462920
DA:628,3462920
DA:629,3462920
DA:630,3462920
DA:633,273113
DA:634,273113
DA:636,18100244
DA:637,18100244
DA:647,272300
DA:648,272300
DA:702,0
DA:704,0
DA:705,0
DA:706,0
DA:723,253
DA:724,253
DA:725,253
DA:726,253
DA:784,629419
DA:785,629419
DA:786,629419
DA:787,629419
DA:912,901363
DA:914,901363
DA:915,901363
DA:916,901363
DA:929,901363
DA:930,901363
DA:932,543125
DA:934,543125
DA:935,543125
DA:936,543125
DA:1201,1
DA:1208,1
DA:1211,1
DA:1212,1
DA:1213,1
DA:1214,1
DA:1228,3784252
DA:1229,3784252
DA:1263,321079
DA:1265,321079
DA:1273,321079
DA:1276,321079
DA:1277,642158
DA:1278,321079
DA:1279,321079
DA:1303,17
DA:1306,17
DA:1307,17
DA:1308,17
DA:1312,917461
DA:1314,917461
DA:1315,917461
DA:1316,917461
DA:1317,917461
DA:1377,273113
DA:1378,273113
DA:1386,917478
DA:1387,917478
DA:1388,917478
DA:1391,51889
DA:1392,51889
DA:1393,51889
DA:1403,51889
DA:1407,51889
DA:1410,0
DA:1411,0
DA:1412,0
DA:1413,0
DA:1415,51889
DA:1421,0
DA:1423,0
DA:1426,0
DA:1427,0
DA:1429,0
DA:1430,0
DA:1431,0
DA:1432,0
DA:1435,0
DA:1436,0
DA:1439,0
DA:1440,0
DA:1442,0
DA:1443,0
DA:1444,0
DA:1448,0
DA:1453,0
DA:1455,0
DA:1456,0
DA:1461,0
DA:1462,0
DA:1464,0
DA:1465,0
DA:1467,0
DA:1472,0
DA:1479,3
DA:1480,3
DA:1483,0
DA:1484,0
DA:1490,3
DA:1491,3
DA:1492,3
DA:1496,3
DA:1498,3
DA:1526,0
DA:1527,0
DA:1530,0
DA:1532,0
DA:1540,0
DA:1543,3
DA:1544,6
DA:1545,3
DA:1546,3
DA:1547,3
DA:1549,3
DA:1553,0
DA:1554,0
DA:1560,3
DA:1565,3
DA:1566,3
DA:1569,3
DA:1570,3
DA:1572,3
DA:1608,10388760
DA:1609,10388760
DA:1610,10388760
DA:1612,10388760
DA:1613,0
DA:1617,10388760
DA:1618,10388760
DA:1620,10388760
DA:1625,3395
DA:1626,3395
DA:1629,10392158
DA:1630,10392158
DA:1631,10392158
DA:1634,20783661
DA:1635,20783661
DA:1636,10391506
DA:1637,10391506
DA:1640,10391506
DA:1642,20783661
DA:1645,10388760
DA:1646,10388760
DA:1647,10388760
DA:1648,10388760
DA:1649,10388760
DA:1650,10388760
DA:1653,3395
DA:1654,3395
DA:1655,3395
DA:1656,3395
DA:1657,3395
DA:1658,3395
DA:1659,3395
DA:1660,3395
DA:1661,3395
DA:1700,3
DA:1701,3
DA:1705,7246922
DA:1706,7246922
DA:1707,0
DA:1711,7246922
DA:1712,7246922
DA:1713,7246922
DA:1733,3395
DA:1734,3395
DA:1735,0
DA:1736,0
DA:1737,0
DA:1739,3395
DA:1776,6925840
DA:1777,6925840
DA:1780,3462920
DA:1781,3462920
DA:1791,3
DA:1792,3
DA:1794,6925840
DA:1795,6925840
DA:1796,6925840
DA:1816,0
DA:1817,0
DA:1818,0
DA:1922,3462920
DA:1923,3462920
DA:1924,3462920
DA:1968,321079
DA:1970,642158
DA:1971,642158
DA:1994,2488714
DA:1995,2488714
DA:1996,2488714
DA:1997,2488714
DA:1998,2488714
DA:1999,2488714
DA:2001,2488714
DA:2004,3395
DA:2005,3395
DA:2007,3395
DA:2008,3395
DA:2010,2488714
DA:2012,4977428
DA:2013,2488714
DA:2014,3395
DA:2016,2488714
DA:2025,2803387
DA:2026,2803387
DA:2029,607966
DA:2030,607966
DA:2033,345013
DA:2034,345013
DA:2037,2492105
DA:2038,2492105
DA:2039,0
DA:2041,2492105
DA:2044,2485319
DA:2045,2485319
DA:2048,2485319
DA:2049,2485319
DA:2050,2485319
DA:2287,3395
DA:2288,3395
DA:2289,3395
DA:2292,3395
DA:2293,3395
DA:2294,3395
DA:2296,3395
DA:2297,3395
DA:2298,3395
DA:2301,2485318
DA:2303,2485318
DA:2304,2485318
DA:2305,2485318
DA:2309,253
DA:2315,253
DA:2317,506
DA:2318,253
DA:2320,253
DA:2393,1265
DA:2400,1265
DA:2402,1265
DA:2403,1265
DA:2404,1265
DA:2405,1265
DA:2406,1265
DA:2407,1265
DA:2411,2530
DA:2417,2530
DA:2419,2530
DA:2420,2530
DA:2421,2530
DA:2422,2530
DA:2423,2530
DA:2424,2530
DA:2428,2277
DA:2436,2277
DA:2438,2277
DA:2439,2277
DA:2440,2277
DA:2441,2277
DA:2442,2277
DA:2443,2277
DA:2444,2277
DA:2470,3395
DA:2474,3395
DA:2475,3395
DA:2477,3395
DA:2478,0
DA:2479,0
DA:2483,6790
DA:2484,6790
DA:2485,3398
DA:2486,6784
DA:2487,3395
DA:2489,3395
DA:2547,4782
DA:2550,9564
DA:2551,9564
DA:2553,4782
DA:2554,4782
DA:2555,4782
DA:2556,4782
DA:2557,4782
DA:2558,9564
DA:2559,4782
DA:2563,1830182
DA:2566,3660364
DA:2567,3660364
DA:2569,1830182
DA:2570,1830182
DA:2571,1830182
DA:2572,1830182
DA:2573,3660364
DA:2574,1830182
DA:2578,650354
DA:2581,1300708
DA:2582,1300708
DA:2584,650354
DA:2585,650354
DA:2586,650354
DA:2587,650354
DA:2588,1300708
DA:2589,650354
DA:2593,0
DA:2596,0
DA:2597,0
DA:2599,0
DA:2600,0
DA:2601,0
DA:2602,0
DA:2603,0
DA:2604,0
DA:2605,0
DA:2609,2740
DA:2610,2740
DA:2611,2740
DA:2612,2740
DA:2622,3462923
DA:2623,3462923
DA:2624,3462923
DA:2625,3462923
DA:2627,6925846
DA:2628,3462923
DA:2629,3462923
DA:2647,321079
DA:2648,321079
DA:2649,321079
DA:2650,321079
DA:2652,642158
DA:2653,321079
DA:2654,321079
DA:2664,321079
DA:2666,321079
DA:2667,321079
DA:2668,321079
DA:2675,3462920
DA:2676,3462920
DA:2677,3462920
DA:2679,3462920
DA:2680,6925840
DA:2682,10388760
DA:2683,3462920
DA:2684,3462920
DA:2685,3462920
DA:2686,3462920
DA:2688,6925840
DA:2689,3462920
DA:2690,3462920
DA:2691,3462920
DA:2693,3462920
DA:2720,3782127
DA:2721,3782127
DA:2724,3462920
DA:2725,3462920
DA:2726,3462920
DA:2727,3462920
DA:2734,321079
DA:2735,321079
DA:2738,3462920
DA:2739,3462920
DA:2742,0
DA:2743,0
DA:2744,0
DA:2746,0
DA:2747,0
DA:2748,0
DA:2750,0
DA:2751,0
DA:2752,0
DA:2754,3462564
DA:2755,3462564
DA:2758,3462564
DA:2759,0
DA:2760,0
DA:2765,3462453
DA:2767,3462920
DA:2769,3462920
DA:2770,3462920
DA:2771,6925840
DA:2772,3462920
DA:2773,10388760
DA:2774,10388760
DA:2777,0
DA:2779,3462920
DA:2780,3462920
DA:2782,3462920
DA:2783,3462920
LF:487
LH:409
end_of_record
SF:/home/david/shared-memory-disruptor/node_modules/node-addon-api/napi.h
FN:900,_ZN4Napi15ObjectReferenceD2Ev
FN:937,_ZN4Napi17FunctionReferenceD2Ev
FN:1062,_ZN4Napi5ErrorD2Ev
FN:1062,_ZN4Napi5ErrorD0Ev
FN:1248,_ZN4Napi23ClassPropertyDescriptorI9DisruptorEC2E24napi_property_descriptor
FN:1283,_ZN4Napi10ObjectWrapI9DisruptorED2Ev
FNDA:6925843,_ZN4Napi15ObjectReferenceD2Ev
FNDA:3462920,_ZN4Napi17FunctionReferenceD2Ev
FNDA:0,_ZN4Napi5ErrorD0Ev
FNDA:3,_ZN4Napi5ErrorD2Ev
FNDA:6072,_ZN4Napi23ClassPropertyDescriptorI9DisruptorEC2E24napi_property_descriptor
FNDA:2743,_ZN4Napi10ObjectWrapI9DisruptorED2Ev
FNF:6
FNH:5
DA:900,6925843
DA:937,3462920
DA:1062,3
DA:1248,6072
DA:1283,2743
LF:5
LH:5
end_of_record
SF:/usr/include/c++/6/bits/alloc_traits.h
FN:435,_ZNSt16allocator_traitsISaI11AsyncBufferIhEEE8allocateERS2_m
FN:461,_ZNSt16allocator_traitsISaI11AsyncBufferIhEEE10deallocateERS2_PS1_m
FN:495,_ZNSt16allocator_traitsISaI11AsyncBufferIhEEE8max_sizeERKS2_
FNDA:272278,_ZNSt16allocator_traitsISaI11AsyncBufferIhEEE8allocateERS2_m
FNDA:272300,_ZNSt16allocator_traitsISaI11AsyncBufferIhEEE10deallocateERS2_PS1_m
FNDA:544530,_ZNSt16allocator_traitsISaI11AsyncBufferIhEEE8max_sizeERKS2_
FNF:3
FNH:3
DA:435,272278
DA:436,272278
DA:461,272300
DA:462,272300
DA:495,544530
DA:496,544530
LF:6
LH:6
end_of_record
SF:/usr/include/c++/6/bits/allocator.h
FN:131,_ZNSaI11AsyncBufferIhEEC2Ev
FN:139,_ZNSaI11AsyncBufferIhEED2Ev
FNDA:2230332,_ZNSaI11AsyncBufferIhEEC2Ev
FNDA:2214094,_ZNSaI11AsyncBufferIhEED2Ev
FNF:2
FNH:2
DA:131,2230332
DA:139,2214094
LF:2
LH:2
end_of_record
SF:/usr/include/c++/6/bits/basic_string.h
FN:107,_ZNSt7__cxx1112basic_stringIcSt11char_traitsIcESaIcEE12_Alloc_hiderD2Ev
FN:192,_ZNSt7__cxx1112basic_stringIcSt11char_traitsIcESaIcEE16_M_construct_auxIPcEEvT_S7_St12__false_type
FN:212,_ZNSt7__cxx1112basic_stringIcSt11char_traitsIcESaIcEE12_M_constructIPcEEvT_S7_
FN:549,_ZNSt7__cxx1112basic_stringIcSt11char_traitsIcESaIcEEC2IPcvEET_S7_RKS3_
FN:5021,_ZStplIcSt11char_traitsIcESaIcEENSt7__cxx1112basic_stringIT_T0_T1_EEOS8_S9_
FN:5045,_ZStplIcSt11char_traitsIcESaIcEENSt7__cxx1112basic_stringIT_T0_T1_EEOS8_PKS5_
FN:5470,_ZNSt7__cxx119to_stringEi
FNDA:0,_ZNSt7__cxx1112basic_stringIcSt11char_traitsIcESaIcEE12_Alloc_hiderD2Ev
FNDA:0,_ZNSt7__cxx1112basic_stringIcSt11char_traitsIcESaIcEE16_M_construct_auxIPcEEvT_S7_St12__false_type
FNDA:0,_ZNSt7__cxx1112basic_stringIcSt11char_traitsIcESaIcEE12_M_constructIPcEEvT_S7_
FNDA:0,_ZNSt7__cxx1112basic_stringIcSt11char_traitsIcESaIcEEC2IPcvEET_S7_RKS3_
FNDA:3,_ZStplIcSt11char_traitsIcESaIcEENSt7__cxx1112basic_stringIT_T0_T1_EEOS8_S9_
FNDA:3,_ZStplIcSt11char_traitsIcESaIcEENSt7__cxx1112basic_stringIT_T0_T1_EEOS8_PKS5_
FNDA:0,_ZNSt7__cxx119to_stringEi
FNF:7
FNH:2
DA:107,0
DA:192,0
DA:196,0
DA:197,0
DA:212,0
DA:215,0
DA:216,0
DA:549,0
DA:551,0
DA:552,0
DA:5021,3
DA:5024,3
DA:5025,3
DA:5026,3
DA:5027,0
DA:5028,3
DA:5045,3
DA:5047,3
DA:5470,0
DA:5472,0
LF:20
LH:7
end_of_record
SF:/usr/include/c++/6/bits/basic_string.tcc
FN:206,_ZNSt7__cxx1112basic_stringIcSt11char_traitsIcESaIcEE12_M_constructIPcEEvT_S7_St20forward_iterator_tag
FNDA:0,_ZNSt7__cxx1112basic_stringIcSt11char_traitsIcESaIcEE12_M_constructIPcEEvT_S7_St20forward_iterator_tag
FNF:1
FNH:0
DA:206,0
DA:211,0
DA:212,0
DA:215,0
DA:217,0
DA:219,0
DA:220,0
DA:225,0
DA:226,0
DA:228,0
DA:229,0
DA:232,0
DA:233,0
LF:13
LH:0
end_of_record
SF:/usr/include/c++/6/bits/move.h
FN:47,_ZSt11__addressofI11AsyncBufferIhEEPT_RS2_
FN:76,_ZSt7forwardIPSt6vectorI11AsyncBufferIhESaIS2_EEEOT_RNSt16remove_referenceIS6_E4typeE
FN:76,_ZSt7forwardISt14default_deleteISt6vectorI11AsyncBufferIhESaIS3_EEEEOT_RNSt16remove_referenceIS7_E4typeE
FN:76,_ZSt7forwardI11AsyncBufferIhEEOT_RNSt16remove_referenceIS2_E4typeE
FN:101,_ZSt4moveIR11AsyncBufferIhEEONSt16remove_referenceIT_E4typeEOS4_
FN:101,_ZSt4moveIRPSt6vectorI11AsyncBufferIhESaIS2_EEEONSt16remove_referenceIT_E4typeEOS8_
FN:101,_ZSt4moveIRNSt7__cxx1112basic_stringIcSt11char_traitsIcESaIcEEEEONSt16remove_referenceIT_E4typeEOS8_
FN:101,_ZSt4moveIRN4Napi9ReferenceINS0_8FunctionEEEEONSt16remove_referenceIT_E4typeEOS6_
FN:101,_ZSt4moveIRN4Napi9ReferenceINS0_6ObjectEEEEONSt16remove_referenceIT_E4typeEOS6_
FN:179,_ZSt4swapIPSt6vectorI11AsyncBufferIhESaIS2_EEENSt9enable_ifIXsrSt6__and_IJSt21is_move_constructibleIT_ESt18is_move_assignableIS9_EEE5valueEvE4typeERS9_SG_
FNDA:272262,_ZSt11__addressofI11AsyncBufferIhEEPT_RS2_
FNDA:3,_ZSt7forwardI11AsyncBufferIhEEOT_RNSt16remove_referenceIS2_E4typeE
FNDA:27,_ZSt7forwardIPSt6vectorI11AsyncBufferIhESaIS2_EEEOT_RNSt16remove_referenceIS6_E4typeE
FNDA:1116386,_ZSt7forwardISt14default_deleteISt6vectorI11AsyncBufferIhESaIS3_EEEEOT_RNSt16remove_referenceIS7_E4typeE
FNDA:3348897,_ZSt4moveIRPSt6vectorI11AsyncBufferIhESaIS2_EEEONSt16remove_referenceIT_E4typeEOS8_
FNDA:272295,_ZSt4moveIR11AsyncBufferIhEEONSt16remove_referenceIT_E4typeEOS4_
FNDA:6,_ZSt4moveIRNSt7__cxx1112basic_stringIcSt11char_traitsIcESaIcEEEEONSt16remove_referenceIT_E4typeEOS8_
FNDA:3462920,_ZSt4moveIRN4Napi9ReferenceINS0_8FunctionEEEEONSt16remove_referenceIT_E4typeEOS6_
FNDA:6925840,_ZSt4moveIRN4Napi9ReferenceINS0_6ObjectEEEEONSt16remove_referenceIT_E4typeEOS6_
FNDA:1116313,_ZSt4swapIPSt6vectorI11AsyncBufferIhESaIS2_EEENSt9enable_ifIXsrSt6__and_IJSt21is_move_constructibleIT_ESt18is_move_assignableIS9_EEE5valueEvE4typeERS9_SG_
FNF:10
FNH:10
DA:47,272262
DA:50,272262
DA:76,1116416
DA:77,1116416
DA:101,14009958
DA:102,14009958
DA:179,1116313
DA:190,1116313
DA:191,1116329
DA:192,1116331
DA:193,1116320
LF:11
LH:11
end_of_record
SF:/usr/include/c++/6/bits/stl_algobase.h
FN:219,_ZSt3maxImERKT_S2_S2_
FNDA:272268,_ZSt3maxImERKT_S2_S2_
FNF:1
FNH:1
DA:219,272268
DA:224,272268
DA:225,272265
DA:226,3
LF:4
LH:4
end_of_record
SF:/usr/include/c++/6/bits/stl_construct.h
FN:74,_ZSt10_ConstructI11AsyncBufferIhEJEEvPT_DpOT0_
FN:74,_ZSt10_ConstructI11AsyncBufferIhEJS1_EEvPT_DpOT0_
FN:112,_ZNSt12_Destroy_auxILb1EE9__destroyIP11AsyncBufferIhEEEvT_S5_
FN:122,_ZSt8_DestroyIP11AsyncBufferIhEEvT_S3_
FN:148,_ZSt8_DestroyIP11AsyncBufferIhES1_EvT_S3_RSaIT0_E
FNDA:3,_ZSt10_ConstructI11AsyncBufferIhEJS1_EEvPT_DpOT0_
FNDA:272265,_ZSt10_ConstructI11AsyncBufferIhEJEEvPT_DpOT0_
FNDA:2489964,_ZNSt12_Destroy_auxILb1EE9__destroyIP11AsyncBufferIhEEEvT_S5_
FNDA:2489967,_ZSt8_DestroyIP11AsyncBufferIhEEvT_S3_
FNDA:2490412,_ZSt8_DestroyIP11AsyncBufferIhES1_EvT_S3_RSaIT0_E
FNF:5
FNH:5
DA:74,272268
DA:75,272268
DA:112,2489964
DA:122,2489967
DA:126,2489967
DA:128,2490499
DA:148,2490412
DA:151,2490412
DA:152,2491025
LF:9
LH:9
end_of_record
SF:/usr/include/c++/6/bits/stl_iterator.h
FN:1032,_ZNSt13move_iteratorIP11AsyncBufferIhEEC2ES2_
FN:1040,_ZNKSt13move_iteratorIP11AsyncBufferIhEE4baseEv
FN:1044,_ZNKSt13move_iteratorIP11AsyncBufferIhEEdeEv
FN:1052,_ZNSt13move_iteratorIP11AsyncBufferIhEEppEv
FN:1119,_ZSteqIP11AsyncBufferIhEEbRKSt13move_iteratorIT_ES7_
FN:1131,_ZStneIP11AsyncBufferIhEEbRKSt13move_iteratorIT_ES7_
FN:1223,_ZSt32__make_move_if_noexcept_iteratorI11AsyncBufferIhESt13move_iteratorIPS1_EET0_PT_
FNDA:544529,_ZNSt13move_iteratorIP11AsyncBufferIhEEC2ES2_
FNDA:544505,_ZNKSt13move_iteratorIP11AsyncBufferIhEE4baseEv
FNDA:3,_ZNKSt13move_iteratorIP11AsyncBufferIhEEdeEv
FNDA:3,_ZNSt13move_iteratorIP11AsyncBufferIhEEppEv
FNDA:272251,_ZSteqIP11AsyncBufferIhEEbRKSt13move_iteratorIT_ES7_
FNDA:272258,_ZStneIP11AsyncBufferIhEEbRKSt13move_iteratorIT_ES7_
FNDA:544525,_ZSt32__make_move_if_noexcept_iteratorI11AsyncBufferIhESt13move_iteratorIPS1_EET0_PT_
FNF:7
FNH:7
DA:1032,544529
DA:1033,544529
DA:1040,544505
DA:1041,544505
DA:1044,3
DA:1045,3
DA:1052,3
DA:1054,3
DA:1055,3
DA:1119,272251
DA:1121,272251
DA:1131,272258
DA:1133,272258
DA:1223,544525
DA:1224,544525
LF:15
LH:15
end_of_record
SF:/usr/include/c++/6/bits/stl_iterator_base_funcs.h
FN:96,_ZSt10__distanceIPcENSt15iterator_traitsIT_E15difference_typeES2_S2_St26random_access_iterator_tag
FN:135,_ZSt8distanceIPcENSt15iterator_traitsIT_E15difference_typeES2_S2_
FNDA:0,_ZSt10__distanceIPcENSt15iterator_traitsIT_E15difference_typeES2_S2_St26random_access_iterator_tag
FNDA:0,_ZSt8distanceIPcENSt15iterator_traitsIT_E15difference_typeES2_S2_
FNF:2
FNH:0
DA:96,0
DA:102,0
DA:135,0
DA:138,0
DA:139,0
LF:5
LH:0
end_of_record
SF:/usr/include/c++/6/bits/stl_iterator_base_types.h
FN:204,_ZSt19__iterator_categoryIPcENSt15iterator_traitsIT_E17iterator_categoryERKS2_
FNDA:0,_ZSt19__iterator_categoryIPcENSt15iterator_traitsIT_E17iterator_categoryERKS2_
FNF:1
FNH:0
DA:204,0
DA:205,0
LF:2
LH:0
end_of_record
SF:/usr/include/c++/6/bits/stl_uninitialized.h
FN:68,_ZNSt20__uninitialized_copyILb0EE13__uninit_copyISt13move_iteratorIP11AsyncBufferIhEES5_EET0_T_S8_S7_
FN:107,_ZSt18uninitialized_copyISt13move_iteratorIP11AsyncBufferIhEES3_ET0_T_S6_S5_
FN:279,_ZSt22__uninitialized_copy_aISt13move_iteratorIP11AsyncBufferIhEES3_S2_ET0_T_S6_S5_RSaIT1_E
FN:297,_ZSt34__uninitialized_move_if_noexcept_aIP11AsyncBufferIhES2_SaIS1_EET0_T_S5_S4_RT1_
FN:513,_ZNSt27__uninitialized_default_n_1ILb0EE18__uninit_default_nIP11AsyncBufferIhEmEET_S5_T0_
FN:566,_ZSt25__uninitialized_default_nIP11AsyncBufferIhEmET_S3_T0_
FN:635,_ZSt27__uninitialized_default_n_aIP11AsyncBufferIhEmS1_ET_S3_T0_RSaIT1_E
FNDA:272272,_ZNSt20__uninitialized_copyILb0EE13__uninit_copyISt13move_iteratorIP11AsyncBufferIhEES5_EET0_T_S8_S7_
FNDA:272281,_ZSt18uninitialized_copyISt13move_iteratorIP11AsyncBufferIhEES3_ET0_T_S6_S5_
FNDA:272282,_ZSt22__uninitialized_copy_aISt13move_iteratorIP11AsyncBufferIhEES3_S2_ET0_T_S6_S5_RSaIT1_E
FNDA:272285,_ZSt34__uninitialized_move_if_noexcept_aIP11AsyncBufferIhES2_SaIS1_EET0_T_S5_S4_RT1_
FNDA:272261,_ZNSt27__uninitialized_default_n_1ILb0EE18__uninit_default_nIP11AsyncBufferIhEmEET_S5_T0_
FNDA:272258,_ZSt25__uninitialized_default_nIP11AsyncBufferIhEmET_S3_T0_
FNDA:272263,_ZSt27__uninitialized_default_n_aIP11AsyncBufferIhEmS1_ET_S3_T0_RSaIT1_E
FNF:7
FNH:7
DA:68,272272
DA:71,272272
DA:74,272278
DA:75,3
DA:76,272269
DA:78,0
DA:80,0
DA:81,0
DA:107,272281
DA:120,272281
DA:126,272281
DA:279,272282
DA:281,272282
DA:297,272285
DA:303,272285
DA:304,272285
DA:513,272261
DA:515,272261
DA:518,816769
DA:519,272256
DA:520,272259
DA:566,272258
DA:571,272258
DA:575,272258
DA:635,272263
DA:637,272263
LF:26
LH:23
end_of_record
SF:/usr/include/c++/6/bits/stl_vector.h
FN:79,_ZNSt12_Vector_baseI11AsyncBufferIhESaIS1_EE12_Vector_implD2Ev
FN:86,_ZNSt12_Vector_baseI11AsyncBufferIhESaIS1_EE12_Vector_implC2Ev
FN:113,_ZNSt12_Vector_baseI11AsyncBufferIhESaIS1_EE19_M_get_Tp_allocatorEv
FN:117,_ZNKSt12_Vector_baseI11AsyncBufferIhESaIS1_EE19_M_get_Tp_allocatorEv
FN:124,_ZNSt12_Vector_baseI11AsyncBufferIhESaIS1_EEC2Ev
FN:159,_ZNSt12_Vector_baseI11AsyncBufferIhESaIS1_EED2Ev
FN:167,_ZNSt12_Vector_baseI11AsyncBufferIhESaIS1_EE11_M_allocateEm
FN:174,_ZNSt12_Vector_baseI11AsyncBufferIhESaIS1_EE13_M_deallocateEPS1_m
FN:255,_ZNSt6vectorI11AsyncBufferIhESaIS1_EEC2Ev
FN:425,_ZNSt6vectorI11AsyncBufferIhESaIS1_EED2Ev
FN:655,_ZNKSt6vectorI11AsyncBufferIhESaIS1_EE4sizeEv
FN:660,_ZNKSt6vectorI11AsyncBufferIhESaIS1_EE8max_sizeEv
FN:674,_ZNSt6vectorI11AsyncBufferIhESaIS1_EE6resizeEm
FN:780,_ZNSt6vectorI11AsyncBufferIhESaIS1_EEixEm
FN:1420,_ZNKSt6vectorI11AsyncBufferIhESaIS1_EE12_M_check_lenEmPKc
FN:1434,_ZNSt6vectorI11AsyncBufferIhESaIS1_EE15_M_erase_at_endEPS1_
FNDA:2213550,_ZNSt12_Vector_baseI11AsyncBufferIhESaIS1_EE12_Vector_implD2Ev
FNDA:2230400,_ZNSt12_Vector_baseI11AsyncBufferIhESaIS1_EE12_Vector_implC2Ev
FNDA:3031831,_ZNSt12_Vector_baseI11AsyncBufferIhESaIS1_EE19_M_get_Tp_allocatorEv
FNDA:544515,_ZNKSt12_Vector_baseI11AsyncBufferIhESaIS1_EE19_M_get_Tp_allocatorEv
FNDA:2230430,_ZNSt12_Vector_baseI11AsyncBufferIhESaIS1_EEC2Ev
FNDA:2219373,_ZNSt12_Vector_baseI11AsyncBufferIhESaIS1_EED2Ev
FNDA:272287,_ZNSt12_Vector_baseI11AsyncBufferIhESaIS1_EE11_M_allocateEm
FNDA:2490340,_ZNSt12_Vector_baseI11AsyncBufferIhESaIS1_EE13_M_deallocateEPS1_m
FNDA:2230448,_ZNSt6vectorI11AsyncBufferIhESaIS1_EEC2Ev
FNDA:2218583,_ZNSt6vectorI11AsyncBufferIhESaIS1_EED2Ev
FNDA:3564994,_ZNKSt6vectorI11AsyncBufferIhESaIS1_EE4sizeEv
FNDA:544513,_ZNKSt6vectorI11AsyncBufferIhESaIS1_EE8max_sizeEv
FNDA:272288,_ZNSt6vectorI11AsyncBufferIhESaIS1_EE6resizeEm
FNDA:544563,_ZNSt6vectorI11AsyncBufferIhESaIS1_EEixEm
FNDA:272263,_ZNKSt6vectorI11AsyncBufferIhESaIS1_EE12_M_check_lenEmPKc
FNDA:0,_ZNSt6vectorI11AsyncBufferIhESaIS1_EE15_M_erase_at_endEPS1_
FNF:16
FNH:15
DA:79,2213550
DA:86,2230400
DA:87,2230400
DA:88,2230345
DA:113,3031831
DA:114,3031831
DA:117,544515
DA:118,544515
DA:124,2230430
DA:125,2230430
DA:159,2219373
DA:160,4438746
DA:161,4432571
DA:167,272287
DA:170,272287
DA:174,2490340
DA:177,2490340
DA:178,272300
DA:179,2490340
DA:255,2230448
DA:259,2230448
DA:425,2218583
DA:426,2218611
DA:427,4438297
DA:655,3564994
DA:656,3564994
DA:660,544513
DA:661,544513
DA:674,272288
DA:676,272288
DA:677,272295
DA:678,0
DA:679,0
DA:680,272276
DA:780,544563
DA:781,544563
DA:1420,272263
DA:1422,272263
DA:1423,0
DA:1425,272269
DA:1426,272270
DA:1434,0
DA:1436,0
DA:1437,0
DA:1438,0
LF:45
LH:38
end_of_record
SF:/usr/include/c++/6/bits/unique_ptr.h
FN:57,_ZNSt14default_deleteISt6vectorI11AsyncBufferIhESaIS2_EEEC2Ev
FN:70,_ZNKSt14default_deleteISt6vectorI11AsyncBufferIhESaIS2_EEEclEPS4_
FN:170,_ZNSt10unique_ptrIi7CloseFDEC2EPi
FN:170,_ZNSt10unique_ptrISt6vectorI11AsyncBufferIhESaIS2_EESt14default_deleteIS4_EEC2EPS4_
FN:209,_ZNSt10unique_ptrISt6vectorI11AsyncBufferIhESaIS2_EESt14default_deleteIS4_EEC2EOS7_
FN:235,_ZNSt10unique_ptrISt6vectorI11AsyncBufferIhESaIS2_EESt14default_deleteIS4_EED2Ev
FN:235,_ZNSt10unique_ptrIi7CloseFDED2Ev
FN:252,_ZNSt10unique_ptrISt6vectorI11AsyncBufferIhESaIS2_EESt14default_deleteIS4_EEaSEOS7_
FN:291,_ZNKSt10unique_ptrIi7CloseFDEdeEv
FN:291,_ZNKSt10unique_ptrISt6vectorI11AsyncBufferIhESaIS2_EESt14default_deleteIS4_EEdeEv
FN:299,_ZNKSt10unique_ptrISt6vectorI11AsyncBufferIhESaIS2_EESt14default_deleteIS4_EEptEv
FN:307,_ZNKSt10unique_ptrISt6vectorI11AsyncBufferIhESaIS2_EESt14default_deleteIS4_EE3getEv
FN:307,_ZNKSt10unique_ptrIi7CloseFDE3getEv
FN:312,_ZNSt10unique_ptrIi7CloseFDE11get_deleterEv
FN:312,_ZNSt10unique_ptrISt6vectorI11AsyncBufferIhESaIS2_EESt14default_deleteIS4_EE11get_deleterEv
FN:328,_ZNSt10unique_ptrISt6vectorI11AsyncBufferIhESaIS2_EESt14default_deleteIS4_EE7releaseEv
FN:342,_ZNSt10unique_ptrISt6vectorI11AsyncBufferIhESaIS2_EESt14default_deleteIS4_EE5resetEPS4_
FN:790,_ZSt11make_uniqueISt6vectorI11AsyncBufferIhESaIS2_EEJEENSt9_MakeUniqIT_E15__single_objectEDpOT0_
FNDA:2227922,_ZNSt14default_deleteISt6vectorI11AsyncBufferIhESaIS2_EEEC2Ev
FNDA:2218266,_ZNKSt14default_deleteISt6vectorI11AsyncBufferIhESaIS2_EEEclEPS4_
FNDA:2230302,_ZNSt10unique_ptrISt6vectorI11AsyncBufferIhESaIS2_EESt14default_deleteIS4_EEC2EPS4_
FNDA:3395,_ZNSt10unique_ptrIi7CloseFDEC2EPi
FNDA:9,_ZNSt10unique_ptrISt6vectorI11AsyncBufferIhESaIS2_EESt14default_deleteIS4_EEC2EOS7_
FNDA:2211578,_ZNSt10unique_ptrISt6vectorI11AsyncBufferIhESaIS2_EESt14default_deleteIS4_EED2Ev
FNDA:3395,_ZNSt10unique_ptrIi7CloseFDED2Ev
FNDA:1116246,_ZNSt10unique_ptrISt6vectorI11AsyncBufferIhESaIS2_EESt14default_deleteIS4_EEaSEOS7_
FNDA:544551,_ZNKSt10unique_ptrISt6vectorI11AsyncBufferIhESaIS2_EESt14default_deleteIS4_EEdeEv
FNDA:6960,_ZNKSt10unique_ptrIi7CloseFDEdeEv
FNDA:1932119,_ZNKSt10unique_ptrISt6vectorI11AsyncBufferIhESaIS2_EESt14default_deleteIS4_EEptEv
FNDA:3589833,_ZNKSt10unique_ptrISt6vectorI11AsyncBufferIhESaIS2_EESt14default_deleteIS4_EE3getEv
FNDA:6960,_ZNKSt10unique_ptrIi7CloseFDE3getEv
FNDA:4416653,_ZNSt10unique_ptrISt6vectorI11AsyncBufferIhESaIS2_EESt14default_deleteIS4_EE11get_deleterEv
FNDA:3395,_ZNSt10unique_ptrIi7CloseFDE11get_deleterEv
FNDA:1116253,_ZNSt10unique_ptrISt6vectorI11AsyncBufferIhESaIS2_EESt14default_deleteIS4_EE7releaseEv
FNDA:1116306,_ZNSt10unique_ptrISt6vectorI11AsyncBufferIhESaIS2_EESt14default_deleteIS4_EE5resetEPS4_
FNDA:2225329,_ZSt11make_uniqueISt6vectorI11AsyncBufferIhESaIS2_EEJEENSt9_MakeUniqIT_E15__single_objectEDpOT0_
FNF:18
FNH:18
DA:57,2227922
DA:70,2218266
DA:76,2218266
DA:77,2230919
DA:170,2233697
DA:171,2233697
DA:173,2232339
DA:176,2232744
DA:209,9
DA:210,9
DA:235,2214973
DA:237,2214973
DA:238,2214692
DA:239,1119745
DA:240,2214692
DA:241,2214692
DA:252,1116246
DA:254,1116246
DA:255,1116338
DA:256,1116344
DA:291,551511
DA:294,551511
DA:299,1932119
DA:302,1932119
DA:307,3596793
DA:308,3596793
DA:312,4420048
DA:313,4420048
DA:328,1116253
DA:330,1116253
DA:331,1116336
DA:332,1116308
DA:342,1116306
DA:345,1116306
DA:346,1116320
DA:347,1116325
DA:348,1116333
DA:790,2225329
DA:791,2225329
LF:39
LH:39
end_of_record
SF:/usr/include/c++/6/bits/vector.tcc
FN:540,_ZNSt6vectorI11AsyncBufferIhESaIS1_EE17_M_default_appendEm
FNDA:272278,_ZNSt6vectorI11AsyncBufferIhESaIS1_EE17_M_default_appendEm
FNF:1
FNH:1
DA:540,272278
DA:543,272278
DA:545,544586
DA:546,272293
DA:548,2
DA:549,0
DA:550,0
DA:555,272293
DA:556,272285
DA:557,272287
DA:558,272295
DA:561,272290
DA:563,272290
DA:564,272295
DA:565,272264
DA:567,272264
DA:569,0
DA:571,0
DA:572,0
DA:573,0
DA:574,0
DA:576,272270
DA:577,272262
DA:578,272282
DA:579,272282
DA:580,272282
DA:581,272277
DA:582,272277
DA:583,272277
DA:586,272264
LF:30
LH:23
end_of_record
SF:/usr/include/c++/6/exception
FN:63,_ZNSt9exceptionC2Ev
FNDA:3,_ZNSt9exceptionC2Ev
FNF:1
FNH:1
DA:63,3
LF:1
LH:1
end_of_record
SF:/usr/include/c++/6/ext/new_allocator.h
FN:79,_ZN9__gnu_cxx13new_allocatorI11AsyncBufferIhEEC2Ev
FN:86,_ZN9__gnu_cxx13new_allocatorI11AsyncBufferIhEED2Ev
FN:99,_ZN9__gnu_cxx13new_allocatorI11AsyncBufferIhEE8allocateEmPKv
FN:109,_ZN9__gnu_cxx13new_allocatorI11AsyncBufferIhEE10deallocateEPS2_m
FN:113,_ZNK9__gnu_cxx13new_allocatorI11AsyncBufferIhEE8max_sizeEv
FNDA:2230268,_ZN9__gnu_cxx13new_allocatorI11AsyncBufferIhEEC2Ev
FNDA:2214376,_ZN9__gnu_cxx13new_allocatorI11AsyncBufferIhEED2Ev
FNDA:272280,_ZN9__gnu_cxx13new_allocatorI11AsyncBufferIhEE8allocateEmPKv
FNDA:272300,_ZN9__gnu_cxx13new_allocatorI11AsyncBufferIhEE10deallocateEPS2_m
FNDA:816752,_ZNK9__gnu_cxx13new_allocatorI11AsyncBufferIhEE8max_sizeEv
FNF:5
FNH:5
DA:79,2230268
DA:86,2214376
DA:99,272280
DA:101,272280
DA:102,0
DA:104,272282
DA:109,272300
DA:110,272300
DA:113,816752
DA:114,816752
LF:10
LH:9
end_of_record
SF:/usr/include/c++/6/ext/string_conversions.h
FN:89,_ZN9__gnu_cxx12__to_xstringINSt7__cxx1112basic_stringIcSt11char_traitsIcESaIcEEEcEET_PFiPT0_mPKS8_P13__va_list_tagEmSB_z
FNDA:0,_ZN9__gnu_cxx12__to_xstringINSt7__cxx1112basic_stringIcSt11char_traitsIcESaIcEEEcEET_PFiPT0_mPKS8_P13__va_list_tagEmSB_z
FNF:1
FNH:0
DA:89,0
DA:96,0
DA:99,0
DA:101,0
DA:103,0
DA:105,0
LF:6
LH:0
end_of_record
SF:/usr/include/c++/6/ext/type_traits.h
FN:152,_ZN9__gnu_cxx17__is_null_pointerIcEEbPT_
FNDA:0,_ZN9__gnu_cxx17__is_null_pointerIcEEbPT_
FNF:1
FNH:0
DA:152,0
DA:153,0
LF:2
LH:0
end_of_record
SF:/usr/include/c++/6/initializer_list
FN:66,_ZNSt16initializer_listIP12napi_value__EC1Ev
FN:71,_ZNKSt16initializer_listIP12napi_value__E4sizeEv
FN:71,_ZNKSt16initializer_listIN4Napi23ClassPropertyDescriptorI9DisruptorEEE4sizeEv
FN:75,_ZNKSt16initializer_listIP12napi_value__E5beginEv
FN:75,_ZNKSt16initializer_listIN4Napi23ClassPropertyDescriptorI9DisruptorEEE5beginEv
FNDA:0,_ZNSt16initializer_listIP12napi_value__EC1Ev
FNDA:253,_ZNKSt16initializer_listIN4Napi23ClassPropertyDescriptorI9DisruptorEEE4sizeEv
FNDA:321079,_ZNKSt16initializer_listIP12napi_value__E4sizeEv
FNDA:253,_ZNKSt16initializer_listIN4Napi23ClassPropertyDescriptorI9DisruptorEEE5beginEv
FNDA:321079,_ZNKSt16initializer_listIP12napi_value__E5beginEv
FNF:5
FNH:4
DA:66,0
DA:67,0
DA:71,321332
DA:75,321332
LF:4
LH:2
end_of_record
SF:/usr/include/c++/6/new
FN:146,_ZnwmPv
FNDA:272256,_ZnwmPv
FNF:1
FNH:1
DA:146,272256
DA:147,272256
LF:2
LH:2
end_of_record
SF:/usr/include/c++/6/tuple
FN:58,_ZNSt10_Head_baseILm1ESt14default_deleteISt6vectorI11AsyncBufferIhESaIS3_EEELb1EEC2Ev
FN:58,_ZNSt10_Head_baseILm1E7CloseFDLb1EEC2Ev
FN:68,_ZNSt10_Head_baseILm1ESt14default_deleteISt6vectorI11AsyncBufferIhESaIS3_EEELb1EEC2IS6_EEOT_
FN:95,_ZNSt10_Head_baseILm1E7CloseFDLb1EE7_M_headERS1_
FN:95,_ZNSt10_Head_baseILm1ESt14default_deleteISt6vectorI11AsyncBufferIhESaIS3_EEELb1EE7_M_headERS7_
FN:104,_ZNSt10_Head_baseILm0EPiLb0EEC2Ev
FN:104,_ZNSt10_Head_baseILm0EPSt6vectorI11AsyncBufferIhESaIS2_EELb0EEC2Ev
FN:114,_ZNSt10_Head_baseILm0EPSt6vectorI11AsyncBufferIhESaIS2_EELb0EEC2IS5_EEOT_
FN:142,_ZNSt10_Head_baseILm0EPSt6vectorI11AsyncBufferIhESaIS2_EELb0EE7_M_headERS6_
FN:142,_ZNSt10_Head_baseILm0EPiLb0EE7_M_headERS1_
FN:145,_ZNSt10_Head_baseILm0EPSt6vectorI11AsyncBufferIhESaIS2_EELb0EE7_M_headERKS6_
FN:145,_ZNSt10_Head_baseILm0EPiLb0EE7_M_headERKS1_
FN:190,_ZNSt11_Tuple_implILm0EJPi7CloseFDEE7_M_headERS2_
FN:190,_ZNSt11_Tuple_implILm0EJPSt6vectorI11AsyncBufferIhESaIS2_EESt14default_deleteIS4_EEE7_M_headERS8_
FN:193,_ZNSt11_Tuple_implILm0EJPSt6vectorI11AsyncBufferIhESaIS2_EESt14default_deleteIS4_EEE7_M_headERKS8_
FN:193,_ZNSt11_Tuple_implILm0EJPi7CloseFDEE7_M_headERKS2_
FN:201,_ZNSt11_Tuple_implILm0EJPSt6vectorI11AsyncBufferIhESaIS2_EESt14default_deleteIS4_EEEC2Ev
FN:201,_ZNSt11_Tuple_implILm0EJPi7CloseFDEEC2Ev
FN:211,_ZNSt11_Tuple_implILm0EJPSt6vectorI11AsyncBufferIhESaIS2_EESt14default_deleteIS4_EEEC2IS5_JS7_EvEEOT_DpOT0_
FN:346,_ZNSt11_Tuple_implILm1EJ7CloseFDEE7_M_headERS1_
FN:346,_ZNSt11_Tuple_implILm1EJSt14default_deleteISt6vectorI11AsyncBufferIhESaIS3_EEEEE7_M_headERS7_
FN:351,_ZNSt11_Tuple_implILm1EJ7CloseFDEEC2Ev
FN:351,_ZNSt11_Tuple_implILm1EJSt14default_deleteISt6vectorI11AsyncBufferIhESaIS3_EEEEEC2Ev
FN:360,_ZNSt11_Tuple_implILm1EJSt14default_deleteISt6vectorI11AsyncBufferIhESaIS3_EEEEEC2IS6_EEOT_
FN:878,_ZNSt5tupleIJPi7CloseFDEEC2IS0_S1_Lb1EEEv
FN:878,_ZNSt5tupleIJPSt6vectorI11AsyncBufferIhESaIS2_EESt14default_deleteIS4_EEEC2IS5_S7_Lb1EEEv
FN:930,_ZNSt5tupleIJPSt6vectorI11AsyncBufferIhESaIS2_EESt14default_deleteIS4_EEEC2IS5_S7_Lb1EEEOT_OT0_
FN:1247,_ZSt12__get_helperILm0EPSt6vectorI11AsyncBufferIhESaIS2_EEJSt14default_deleteIS4_EEERT0_RSt11_Tuple_implIXT_EJS8_DpT1_EE
FN:1247,_ZSt12__get_helperILm1ESt14default_deleteISt6vectorI11AsyncBufferIhESaIS3_EEEJEERT0_RSt11_Tuple_implIXT_EJS7_DpT1_EE
FN:1247,_ZSt12__get_helperILm0EPiJ7CloseFDEERT0_RSt11_Tuple_implIXT_EJS2_DpT1_EE
FN:1247,_ZSt12__get_helperILm1E7CloseFDJEERT0_RSt11_Tuple_implIXT_EJS1_DpT1_EE
FN:1252,_ZSt12__get_helperILm0EPSt6vectorI11AsyncBufferIhESaIS2_EEJSt14default_deleteIS4_EEERKT0_RKSt11_Tuple_implIXT_EJS8_DpT1_EE
FN:1252,_ZSt12__get_helperILm0EPiJ7CloseFDEERKT0_RKSt11_Tuple_implIXT_EJS2_DpT1_EE
FN:1258,_ZSt3getILm1EJPi7CloseFDEERNSt13tuple_elementIXT_ESt5tupleIJDpT0_EEE4typeERS6_
FN:1258,_ZSt3getILm1EJPSt6vectorI11AsyncBufferIhESaIS2_EESt14default_deleteIS4_EEERNSt13tuple_elementIXT_ESt5tupleIJDpT0_EEE4typeERSC_
FN:1258,_ZSt3getILm0EJPi7CloseFDEERNSt13tuple_elementIXT_ESt5tupleIJDpT0_EEE4typeERS6_
FN:1258,_ZSt3getILm0EJPSt6vectorI11AsyncBufferIhESaIS2_EESt14default_deleteIS4_EEERNSt13tuple_elementIXT_ESt5tupleIJDpT0_EEE4typeERSC_
FN:1264,_ZSt3getILm0EJPSt6vectorI11AsyncBufferIhESaIS2_EESt14default_deleteIS4_EEERKNSt13tuple_elementIXT_ESt5tupleIJDpT0_EEE4typeERKSC_
FN:1264,_ZSt3getILm0EJPi7CloseFDEERKNSt13tuple_elementIXT_ESt5tupleIJDpT0_EEE4typeERKS6_
FNDA:2229838,_ZNSt10_Head_baseILm1ESt14default_deleteISt6vectorI11AsyncBufferIhESaIS3_EEELb1EEC2Ev
FNDA:3395,_ZNSt10_Head_baseILm1E7CloseFDLb1EEC2Ev
FNDA:9,_ZNSt10_Head_baseILm1ESt14default_deleteISt6vectorI11AsyncBufferIhESaIS3_EEELb1EEC2IS6_EEOT_
FNDA:4429130,_ZNSt10_Head_baseILm1ESt14default_deleteISt6vectorI11AsyncBufferIhESaIS3_EEELb1EE7_M_headERS7_
FNDA:3395,_ZNSt10_Head_baseILm1E7CloseFDLb1EE7_M_headERS1_
FNDA:2228781,_ZNSt10_Head_baseILm0EPSt6vectorI11AsyncBufferIhESaIS2_EELb0EEC2Ev
FNDA:3395,_ZNSt10_Head_baseILm0EPiLb0EEC2Ev
FNDA:9,_ZNSt10_Head_baseILm0EPSt6vectorI11AsyncBufferIhESaIS2_EELb0EEC2IS5_EEOT_
FNDA:6622385,_ZNSt10_Head_baseILm0EPSt6vectorI11AsyncBufferIhESaIS2_EELb0EE7_M_headERS6_
FNDA:6790,_ZNSt10_Head_baseILm0EPiLb0EE7_M_headERS1_
FNDA:3591271,_ZNSt10_Head_baseILm0EPSt6vectorI11AsyncBufferIhESaIS2_EELb0EE7_M_headERKS6_
FNDA:6960,_ZNSt10_Head_baseILm0EPiLb0EE7_M_headERKS1_
FNDA:6621321,_ZNSt11_Tuple_implILm0EJPSt6vectorI11AsyncBufferIhESaIS2_EESt14default_deleteIS4_EEE7_M_headERS8_
FNDA:6790,_ZNSt11_Tuple_implILm0EJPi7CloseFDEE7_M_headERS2_
FNDA:3590625,_ZNSt11_Tuple_implILm0EJPSt6vectorI11AsyncBufferIhESaIS2_EESt14default_deleteIS4_EEE7_M_headERKS8_
FNDA:6960,_ZNSt11_Tuple_implILm0EJPi7CloseFDEE7_M_headERKS2_
FNDA:2229849,_ZNSt11_Tuple_implILm0EJPSt6vectorI11AsyncBufferIhESaIS2_EESt14default_deleteIS4_EEEC2Ev
FNDA:3395,_ZNSt11_Tuple_implILm0EJPi7CloseFDEEC2Ev
FNDA:9,_ZNSt11_Tuple_implILm0EJPSt6vectorI11AsyncBufferIhESaIS2_EESt14default_deleteIS4_EEEC2IS5_JS7_EvEEOT_DpOT0_
FNDA:4426479,_ZNSt11_Tuple_implILm1EJSt14default_deleteISt6vectorI11AsyncBufferIhESaIS3_EEEEE7_M_headERS7_
FNDA:3395,_ZNSt11_Tuple_implILm1EJ7CloseFDEE7_M_headERS1_
FNDA:2229688,_ZNSt11_Tuple_implILm1EJSt14default_deleteISt6vectorI11AsyncBufferIhESaIS3_EEEEEC2Ev
FNDA:3395,_ZNSt11_Tuple_implILm1EJ7CloseFDEEC2Ev
FNDA:9,_ZNSt11_Tuple_implILm1EJSt14default_deleteISt6vectorI11AsyncBufferIhESaIS3_EEEEEC2IS6_EEOT_
FNDA:2230204,_ZNSt5tupleIJPSt6vectorI11AsyncBufferIhESaIS2_EESt14default_deleteIS4_EEEC2IS5_S7_Lb1EEEv
FNDA:3395,_ZNSt5tupleIJPi7CloseFDEEC2IS0_S1_Lb1EEEv
FNDA:9,_ZNSt5tupleIJPSt6vectorI11AsyncBufferIhESaIS2_EESt14default_deleteIS4_EEEC2IS5_S7_Lb1EEEOT_OT0_
FNDA:4425009,_ZSt12__get_helperILm1ESt14default_deleteISt6vectorI11AsyncBufferIhESaIS3_EEEJEERT0_RSt11_Tuple_implIXT_EJS7_DpT1_EE
FNDA:3395,_ZSt12__get_helperILm1E7CloseFDJEERT0_RSt11_Tuple_implIXT_EJS1_DpT1_EE
FNDA:6621539,_ZSt12__get_helperILm0EPSt6vectorI11AsyncBufferIhESaIS2_EEJSt14default_deleteIS4_EEERT0_RSt11_Tuple_implIXT_EJS8_DpT1_EE
FNDA:6790,_ZSt12__get_helperILm0EPiJ7CloseFDEERT0_RSt11_Tuple_implIXT_EJS2_DpT1_EE
FNDA:3590250,_ZSt12__get_helperILm0EPSt6vectorI11AsyncBufferIhESaIS2_EEJSt14default_deleteIS4_EEERKT0_RKSt11_Tuple_implIXT_EJS8_DpT1_EE
FNDA:6960,_ZSt12__get_helperILm0EPiJ7CloseFDEERKT0_RKSt11_Tuple_implIXT_EJS2_DpT1_EE
FNDA:4420608,_ZSt3getILm1EJPSt6vectorI11AsyncBufferIhESaIS2_EESt14default_deleteIS4_EEERNSt13tuple_elementIXT_ESt5tupleIJDpT0_EEE4typeERSC_
FNDA:3395,_ZSt3getILm1EJPi7CloseFDEERNSt13tuple_elementIXT_ESt5tupleIJDpT0_EEE4typeERS6_
FNDA:6622065,_ZSt3getILm0EJPSt6vectorI11AsyncBufferIhESaIS2_EESt14default_deleteIS4_EEERNSt13tuple_elementIXT_ESt5tupleIJDpT0_EEE4typeERSC_
FNDA:6790,_ZSt3getILm0EJPi7CloseFDEERNSt13tuple_elementIXT_ESt5tupleIJDpT0_EEE4typeERS6_
FNDA:3590489,_ZSt3getILm0EJPSt6vectorI11AsyncBufferIhESaIS2_EESt14default_deleteIS4_EEERKNSt13tuple_elementIXT_ESt5tupleIJDpT0_EEE4typeERKSC_
FNDA:6960,_ZSt3getILm0EJPi7CloseFDEERKNSt13tuple_elementIXT_ESt5tupleIJDpT0_EEE4typeERKS6_
FNF:39
FNH:39
DA:58,2233233
DA:59,2233233
DA:68,9
DA:69,9
DA:95,4432525
DA:104,2232176
DA:105,2232176
DA:114,9
DA:115,9
DA:142,6629175
DA:145,3598231
DA:190,6628111
DA:193,3597585
DA:201,2233244
DA:202,2233244
DA:211,9
DA:213,9
DA:346,4429874
DA:351,2233083
DA:352,2233083
DA:360,9
DA:361,9
DA:878,2233599
DA:879,2233599
DA:930,9
DA:931,9
DA:1247,11056733
DA:1248,11056733
DA:1252,3597210
DA:1253,3597210
DA:1258,11052858
DA:1259,11052858
DA:1264,3597449
DA:1265,3597449
LF:34
LH:34
end_of_record
SF:/home/david/shared-memory-disruptor/src/disruptor.cc
FN:47,_ZN9Disruptor4SpinEv
FN:138,_Z12NullCallbackRKN4Napi12CallbackInfoE
FN:142,_Z11GetCallbackRKN4Napi12CallbackInfoEj
FN:160,_ZN11AsyncBufferIhEC2Ev
FN:166,_ZN11AsyncBufferIhE3NewEN4Napi3EnvEPhm
FN:171,_ZN11AsyncBufferIhE3NewEN4Napi3EnvEm
FN:176,_ZN11AsyncBufferIhE7ToValueEN4Napi3EnvE
FN:192,_ZN11AsyncBufferIhE6LengthEv
FN:198,_ZN11AsyncBufferIhEC2EPhm
FN:209,_ZN10AsyncArrayI11AsyncBufferIhEEaSEOS2_
FN:209,_ZN10AsyncArrayI11AsyncBufferIhEEC2EOS2_
FN:209,_ZN10AsyncArrayI11AsyncBufferIhEED2Ev
FN:212,_ZN10AsyncArrayI11AsyncBufferIhEEC2Ev
FN:217,_ZN10AsyncArrayI11AsyncBufferIhEE3NewEN4Napi3EnvE
FN:222,_ZN10AsyncArrayI11AsyncBufferIhEE3SetEjS1_
FN:232,_ZN10AsyncArrayI11AsyncBufferIhEE7ToValueEN4Napi3EnvE
FN:243,_ZN10AsyncArrayI11AsyncBufferIhEE6LengthEv
FN:255,_ZN12AsyncBooleanC2Ev
FN:260,_ZN12AsyncBoolean3NewEN4Napi3EnvEb
FN:265,_ZN12AsyncBoolean7ToValueEN4Napi3EnvE
FN:270,_ZNK12AsyncBooleancvbEv
FN:276,_ZN12AsyncBooleanC2Eb
FN:288,_Z7ToValueRKN4Napi3EnvEm
FN:293,_Z7ToValueRKN4Napi3EnvERK14AsyncUndefined
FN:299,_ZN20DisruptorAsyncWorkerI11AsyncBufferIhEmmED2Ev
FN:299,_ZN20DisruptorAsyncWorkerI10AsyncArrayI11AsyncBufferIhEEmmED0Ev
FN:299,_ZN20DisruptorAsyncWorkerI10AsyncArrayI11AsyncBufferIhEEm14AsyncUndefinedED2Ev
FN:299,_ZN20DisruptorAsyncWorkerI12AsyncBoolean14AsyncUndefinedS1_ED2Ev
FN:299,_ZN20DisruptorAsyncWorkerI10AsyncArrayI11AsyncBufferIhEEmmED2Ev
FN:299,_ZN20DisruptorAsyncWorkerI10AsyncArrayI11AsyncBufferIhEEm14AsyncUndefinedED0Ev
FN:299,_ZN20DisruptorAsyncWorkerI11AsyncBufferIhEmmED0Ev
FN:299,_ZN20DisruptorAsyncWorkerI12AsyncBoolean14AsyncUndefinedS1_ED0Ev
FN:302,_ZN20DisruptorAsyncWorkerI10AsyncArrayI11AsyncBufferIhEEmmEC2EP9DisruptorRKN4Napi8FunctionE
FN:302,_ZN20DisruptorAsyncWorkerI11AsyncBufferIhEmmEC2EP9DisruptorRKN4Napi8FunctionE
FN:302,_ZN20DisruptorAsyncWorkerI12AsyncBoolean14AsyncUndefinedS1_EC2EP9DisruptorRKN4Napi8FunctionE
FN:302,_ZN20DisruptorAsyncWorkerI10AsyncArrayI11AsyncBufferIhEEm14AsyncUndefinedEC2EP9DisruptorRKN4Napi8FunctionE
FN:314,_ZN20DisruptorAsyncWorkerI11AsyncBufferIhEmmE4OnOKEv
FN:314,_ZN20DisruptorAsyncWorkerI12AsyncBoolean14AsyncUndefinedS1_E4OnOKEv
FN:314,_ZN20DisruptorAsyncWorkerI10AsyncArrayI11AsyncBufferIhEEm14AsyncUndefinedE4OnOKEv
FN:314,_ZN20DisruptorAsyncWorkerI10AsyncArrayI11AsyncBufferIhEEmmE4OnOKEv
FN:347,_ZN7CloseFDclEPi
FN:354,_Z15ThrowErrnoErrorRKN4Napi12CallbackInfoEPKc
FN:365,_ZN9DisruptorC2ERKN4Napi12CallbackInfoE
FN:427,_ZN9DisruptorD2Ev
FN:432,_ZN9Disruptor7ReleaseEv
FN:449,_ZN9Disruptor7ReleaseERKN4Napi12CallbackInfoE
FN:458,_ZN9Disruptor14ConsumeNewSyncI10AsyncArrayI11AsyncBufferIhEES2_EET_RKN4Napi3EnvEbRm
FN:458,_ZN9Disruptor14ConsumeNewSyncIN4Napi5ArrayENS1_6BufferEEET_RKNS1_3EnvEbRm
FN:514,_ZN9Disruptor14ConsumeNewSyncERKN4Napi12CallbackInfoE
FN:520,_ZN21ConsumeNewAsyncWorkerD2Ev
FN:520,_ZN21ConsumeNewAsyncWorkerD0Ev
FN:526,_ZN21ConsumeNewAsyncWorkerC2EP9DisruptorRKN4Napi8FunctionE
FN:537,_ZN21ConsumeNewAsyncWorker7ExecuteEv
FN:544,_ZN21ConsumeNewAsyncWorker5RetryEv
FN:550,_ZN9Disruptor15ConsumeNewAsyncERKN4Napi12CallbackInfoE
FN:555,_ZN9Disruptor10ConsumeNewERKN4Napi12CallbackInfoE
FN:570,_ZN9Disruptor13ConsumeCommitERKN4Napi12CallbackInfoE
FN:575,_ZN9Disruptor13UpdatePendingEmm
FN:581,_ZN9Disruptor13ConsumeCommitEv
FN:597,_ZN9Disruptor16ProduceClaimSyncI11AsyncBufferEET_IhERKN4Napi3EnvEbRmS8_
FN:597,_ZN9Disruptor16ProduceClaimSyncIN4Napi6BufferEEET_IhERKNS1_3EnvEbRmS8_
FN:642,_ZN9Disruptor16ProduceClaimSyncERKN4Napi12CallbackInfoE
FN:649,_ZN23ProduceClaimAsyncWorkerD2Ev
FN:649,_ZN23ProduceClaimAsyncWorkerD0Ev
FN:653,_ZN23ProduceClaimAsyncWorkerC2EP9DisruptorRKN4Napi8FunctionE
FN:663,_ZN23ProduceClaimAsyncWorker7ExecuteEv
FN:671,_ZN23ProduceClaimAsyncWorker5RetryEv
FN:677,_ZN9Disruptor17ProduceClaimAsyncERKN4Napi12CallbackInfoE
FN:682,_ZN9Disruptor12ProduceClaimERKN4Napi12CallbackInfoE
FN:697,_ZN9Disruptor17ProduceGetBuffersIN4Napi5ArrayENS1_6BufferEEEvRKNS1_3EnvEmmRT_
FN:697,_ZN9Disruptor17ProduceGetBuffersI10AsyncArrayI11AsyncBufferIhEES2_EEvRKN4Napi3EnvEmmRT_
FN:729,_ZN9Disruptor20ProduceClaimManySyncIN4Napi5ArrayENS1_6BufferEEET_RKNS1_3EnvEjbRmS8_
FN:729,_ZN9Disruptor20ProduceClaimManySyncI10AsyncArrayI11AsyncBufferIhEES2_EET_RKN4Napi3EnvEjbRmSA_
FN:771,_ZN9Disruptor20ProduceClaimManySyncERKN4Napi12CallbackInfoE
FN:778,_ZN27ProduceClaimManyAsyncWorkerD0Ev
FN:778,_ZN27ProduceClaimManyAsyncWorkerD2Ev
FN:784,_ZN27ProduceClaimManyAsyncWorkerC2EP9DisruptorRKN4Napi8FunctionEj
FN:798,_ZN27ProduceClaimManyAsyncWorker7ExecuteEv
FN:806,_ZN27ProduceClaimManyAsyncWorker5RetryEv
FN:815,_ZN9Disruptor21ProduceClaimManyAsyncERKN4Napi12CallbackInfoEj
FN:821,_ZN9Disruptor21ProduceClaimManyAsyncERKN4Napi12CallbackInfoE
FN:826,_ZN9Disruptor16ProduceClaimManyERKN4Napi12CallbackInfoE
FN:841,_ZN9Disruptor14ProduceRecoverERKN4Napi12CallbackInfoE
FN:860,_ZN9Disruptor17ProduceCommitSyncI12AsyncBooleanEET_RKN4Napi3EnvEmmb
FN:860,_ZN9Disruptor17ProduceCommitSyncIN4Napi7BooleanEEET_RKNS1_3EnvEmmb
FN:880,_ZN9Disruptor13UpdateSeqNextEmm
FN:886,_ZN9Disruptor10GetSeqNextERKN4Napi12CallbackInfoERmS4_
FN:902,_ZN9Disruptor17ProduceCommitSyncERKN4Napi12CallbackInfoE
FN:909,_ZN24ProduceCommitAsyncWorkerD0Ev
FN:909,_ZN24ProduceCommitAsyncWorkerD2Ev
FN:913,_ZN24ProduceCommitAsyncWorkerC2EP9DisruptorRKN4Napi8FunctionEmm
FN:925,_ZN24ProduceCommitAsyncWorker7ExecuteEv
FN:932,_ZN24ProduceCommitAsyncWorker5RetryEv
FN:941,_ZN9Disruptor18ProduceCommitAsyncERKN4Napi12CallbackInfoEmmj
FN:950,_ZN9Disruptor18ProduceCommitAsyncERKN4Napi12CallbackInfoE
FN:957,_ZN9Disruptor13ProduceCommitERKN4Napi12CallbackInfoE
FN:972,_ZN9Disruptor12GetConsumersERKN4Napi12CallbackInfoE
FN:977,_ZN9Disruptor9GetCursorERKN4Napi12CallbackInfoE
FN:982,_ZN9Disruptor7GetNextERKN4Napi12CallbackInfoE
FN:987,_ZN9Disruptor11GetElementsERKN4Napi12CallbackInfoE
FN:992,_ZN9Disruptor11GetConsumerERKN4Napi12CallbackInfoE
FN:997,_ZN9Disruptor21GetPendingSeqConsumerERKN4Napi12CallbackInfoE
FN:1002,_ZN9Disruptor19GetPendingSeqCursorERKN4Napi12CallbackInfoE
FN:1007,_ZN9Disruptor17GetPendingSeqNextERKN4Napi12CallbackInfoE
FN:1012,_ZN9Disruptor18GetPendingSeqNextNERKN4Napi12CallbackInfoE
FN:1017,_ZN9Disruptor10InitializeEN4Napi3EnvENS0_6ObjectE
FN:1050,_Z10InitializeN4Napi3EnvENS_6ObjectES1_
FN:1055,_register_disruptor
FN:1055,_Z17__napi_InitializeP10napi_env__P12napi_value__S2_Pv
FNDA:3462920,_ZN9Disruptor4SpinEv
FNDA:1,_Z12NullCallbackRKN4Napi12CallbackInfoE
FNDA:321079,_Z11GetCallbackRKN4Napi12CallbackInfoEj
FNDA:610307,_ZN11AsyncBufferIhEC2Ev
FNDA:273080,_ZN11AsyncBufferIhE3NewEN4Napi3EnvEPhm
FNDA:337241,_ZN11AsyncBufferIhE3NewEN4Napi3EnvEm
FNDA:273113,_ZN11AsyncBufferIhE7ToValueEN4Napi3EnvE
FNDA:338046,_ZN11AsyncBufferIhE6LengthEv
FNDA:610249,_ZN11AsyncBufferIhEC2EPhm
FNDA:9,_ZN10AsyncArrayI11AsyncBufferIhEEC2EOS2_
FNDA:1116208,_ZN10AsyncArrayI11AsyncBufferIhEEaSEOS2_
FNDA:2211809,_ZN10AsyncArrayI11AsyncBufferIhEED2Ev
FNDA:2225329,_ZN10AsyncArrayI11AsyncBufferIhEEC2Ev
FNDA:1116333,_ZN10AsyncArrayI11AsyncBufferIhEE3NewEN4Napi3EnvE
FNDA:272203,_ZN10AsyncArrayI11AsyncBufferIhEE3SetEjS1_
FNDA:272307,_ZN10AsyncArrayI11AsyncBufferIhEE7ToValueEN4Napi3EnvE
FNDA:1116319,_ZN10AsyncArrayI11AsyncBufferIhEE6LengthEv
FNDA:2008524,_ZN12AsyncBooleanC2Ev
FNDA:2008432,_ZN12AsyncBoolean3NewEN4Napi3EnvEb
FNDA:47959,_ZN12AsyncBoolean7ToValueEN4Napi3EnvE
FNDA:2008360,_ZNK12AsyncBooleancvbEv
FNDA:2008412,_ZN12AsyncBooleanC2Eb
FNDA:273948,_Z7ToValueRKN4Napi3EnvEm
FNDA:368210,_Z7ToValueRKN4Napi3EnvERK14AsyncUndefined
FNDA:0,_ZN20DisruptorAsyncWorkerI12AsyncBoolean14AsyncUndefinedS1_ED0Ev
FNDA:2008524,_ZN20DisruptorAsyncWorkerI12AsyncBoolean14AsyncUndefinedS1_ED2Ev
FNDA:0,_ZN20DisruptorAsyncWorkerI10AsyncArrayI11AsyncBufferIhEEmmED0Ev
FNDA:283867,_ZN20DisruptorAsyncWorkerI10AsyncArrayI11AsyncBufferIhEEmmED2Ev
FNDA:0,_ZN20DisruptorAsyncWorkerI11AsyncBufferIhEmmED0Ev
FNDA:338046,_ZN20DisruptorAsyncWorkerI11AsyncBufferIhEmmED2Ev
FNDA:0,_ZN20DisruptorAsyncWorkerI10AsyncArrayI11AsyncBufferIhEEm14AsyncUndefinedED0Ev
FNDA:832483,_ZN20DisruptorAsyncWorkerI10AsyncArrayI11AsyncBufferIhEEm14AsyncUndefinedED2Ev
FNDA:2008524,_ZN20DisruptorAsyncWorkerI12AsyncBoolean14AsyncUndefinedS1_EC2EP9DisruptorRKN4Napi8FunctionE
FNDA:283867,_ZN20DisruptorAsyncWorkerI10AsyncArrayI11AsyncBufferIhEEmmEC2EP9DisruptorRKN4Napi8FunctionE
FNDA:338046,_ZN20DisruptorAsyncWorkerI11AsyncBufferIhEmmEC2EP9DisruptorRKN4Napi8FunctionE
FNDA:832483,_ZN20DisruptorAsyncWorkerI10AsyncArrayI11AsyncBufferIhEEm14AsyncUndefinedEC2EP9DisruptorRKN4Napi8FunctionE
FNDA:832483,_ZN20DisruptorAsyncWorkerI10AsyncArrayI11AsyncBufferIhEEm14AsyncUndefinedE4OnOKEv
FNDA:338046,_ZN20DisruptorAsyncWorkerI11AsyncBufferIhEmmE4OnOKEv
FNDA:283867,_ZN20DisruptorAsyncWorkerI10AsyncArrayI11AsyncBufferIhEEmmE4OnOKEv
FNDA:2008524,_ZN20DisruptorAsyncWorkerI12AsyncBoolean14AsyncUndefinedS1_E4OnOKEv
FNDA:3395,_ZN7CloseFDclEPi
FNDA:3,_Z15ThrowErrnoErrorRKN4Napi12CallbackInfoEPKc
FNDA:3395,_ZN9DisruptorC2ERKN4Napi12CallbackInfoE
FNDA:2740,_ZN9DisruptorD2Ev
FNDA:5880,_ZN9Disruptor7ReleaseEv
FNDA:3140,_ZN9Disruptor7ReleaseERKN4Napi12CallbackInfoE
FNDA:832476,_ZN9Disruptor14ConsumeNewSyncI10AsyncArrayI11AsyncBufferIhEES2_EET_RKN4Napi3EnvEbRm
FNDA:628975,_ZN9Disruptor14ConsumeNewSyncIN4Napi5ArrayENS1_6BufferEEET_RKNS1_3EnvEbRm
FNDA:85863,_ZN9Disruptor14ConsumeNewSyncERKN4Napi12CallbackInfoE
FNDA:832483,_ZN21ConsumeNewAsyncWorkerD0Ev
FNDA:832483,_ZN21ConsumeNewAsyncWorkerD2Ev
FNDA:832483,_ZN21ConsumeNewAsyncWorkerC2EP9DisruptorRKN4Napi8FunctionE
FNDA:832478,_ZN21ConsumeNewAsyncWorker7ExecuteEv
FNDA:560191,_ZN21ConsumeNewAsyncWorker5RetryEv
FNDA:272292,_ZN9Disruptor15ConsumeNewAsyncERKN4Napi12CallbackInfoE
FNDA:543112,_ZN9Disruptor10ConsumeNewERKN4Napi12CallbackInfoE
FNDA:628980,_ZN9Disruptor13ConsumeCommitERKN4Napi12CallbackInfoE
FNDA:628960,_ZN9Disruptor13UpdatePendingEmm
FNDA:2090432,_ZN9Disruptor13ConsumeCommitEv
FNDA:338046,_ZN9Disruptor16ProduceClaimSyncI11AsyncBufferEET_IhERKN4Napi3EnvEbRmS8_
FNDA:286070,_ZN9Disruptor16ProduceClaimSyncIN4Napi6BufferEEET_IhERKNS1_3EnvEbRmS8_
FNDA:234181,_ZN9Disruptor16ProduceClaimSyncERKN4Napi12CallbackInfoE
FNDA:338046,_ZN23ProduceClaimAsyncWorkerD0Ev
FNDA:338046,_ZN23ProduceClaimAsyncWorkerD2Ev
FNDA:338046,_ZN23ProduceClaimAsyncWorkerC2EP9DisruptorRKN4Napi8FunctionE
FNDA:338046,_ZN23ProduceClaimAsyncWorker7ExecuteEv
FNDA:337233,_ZN23ProduceClaimAsyncWorker5RetryEv
FNDA:813,_ZN9Disruptor17ProduceClaimAsyncERKN4Napi12CallbackInfoE
FNDA:51889,_ZN9Disruptor12ProduceClaimERKN4Napi12CallbackInfoE
FNDA:9,_ZN9Disruptor17ProduceGetBuffersI10AsyncArrayI11AsyncBufferIhEES2_EEvRKN4Napi3EnvEmmRT_
FNDA:32,_ZN9Disruptor17ProduceGetBuffersIN4Napi5ArrayENS1_6BufferEEEvRKNS1_3EnvEmmRT_
FNDA:283867,_ZN9Disruptor20ProduceClaimManySyncI10AsyncArrayI11AsyncBufferIhEES2_EET_RKN4Napi3EnvEjbRmSA_
FNDA:24,_ZN9Disruptor20ProduceClaimManySyncIN4Napi5ArrayENS1_6BufferEEET_RKNS1_3EnvEjbRmS8_
FNDA:11,_ZN9Disruptor20ProduceClaimManySyncERKN4Napi12CallbackInfoE
FNDA:283867,_ZN27ProduceClaimManyAsyncWorkerD0Ev
FNDA:283867,_ZN27ProduceClaimManyAsyncWorkerD2Ev
FNDA:283867,_ZN27ProduceClaimManyAsyncWorkerC2EP9DisruptorRKN4Napi8FunctionEj
FNDA:283867,_ZN27ProduceClaimManyAsyncWorker7ExecuteEv
FNDA:283852,_ZN27ProduceClaimManyAsyncWorker5RetryEv
FNDA:15,_ZN9Disruptor21ProduceClaimManyAsyncERKN4Napi12CallbackInfoEj
FNDA:11,_ZN9Disruptor21ProduceClaimManyAsyncERKN4Napi12CallbackInfoE
FNDA:13,_ZN9Disruptor16ProduceClaimManyERKN4Napi12CallbackInfoE
FNDA:57,_ZN9Disruptor14ProduceRecoverERKN4Napi12CallbackInfoE
FNDA:2007895,_ZN9Disruptor17ProduceCommitSyncI12AsyncBooleanEET_RKN4Napi3EnvEmmb
FNDA:286076,_ZN9Disruptor17ProduceCommitSyncIN4Napi7BooleanEEET_RKNS1_3EnvEmmb
FNDA:908022,_ZN9Disruptor13UpdateSeqNextEmm
FNDA:286887,_ZN9Disruptor10GetSeqNextERKN4Napi12CallbackInfoERmS4_
FNDA:234184,_ZN9Disruptor17ProduceCommitSyncERKN4Napi12CallbackInfoE
FNDA:2008524,_ZN24ProduceCommitAsyncWorkerD0Ev
FNDA:2008524,_ZN24ProduceCommitAsyncWorkerD2Ev
FNDA:2008524,_ZN24ProduceCommitAsyncWorkerC2EP9DisruptorRKN4Napi8FunctionEmm
FNDA:2007962,_ZN24ProduceCommitAsyncWorker7ExecuteEv
FNDA:1960565,_ZN24ProduceCommitAsyncWorker5RetryEv
FNDA:47959,_ZN9Disruptor18ProduceCommitAsyncERKN4Napi12CallbackInfoEmmj
FNDA:811,_ZN9Disruptor18ProduceCommitAsyncERKN4Napi12CallbackInfoE
FNDA:51892,_ZN9Disruptor13ProduceCommitERKN4Napi12CallbackInfoE
FNDA:9,_ZN9Disruptor12GetConsumersERKN4Napi12CallbackInfoE
FNDA:154,_ZN9Disruptor9GetCursorERKN4Napi12CallbackInfoE
FNDA:154,_ZN9Disruptor7GetNextERKN4Napi12CallbackInfoE
FNDA:1167,_ZN9Disruptor11GetElementsERKN4Napi12CallbackInfoE
FNDA:154,_ZN9Disruptor11GetConsumerERKN4Napi12CallbackInfoE
FNDA:543178,_ZN9Disruptor21GetPendingSeqConsumerERKN4Napi12CallbackInfoE
FNDA:54,_ZN9Disruptor19GetPendingSeqCursorERKN4Napi12CallbackInfoE
FNDA:52742,_ZN9Disruptor17GetPendingSeqNextERKN4Napi12CallbackInfoE
FNDA:52742,_ZN9Disruptor18GetPendingSeqNextNERKN4Napi12CallbackInfoE
FNDA:253,_ZN9Disruptor10InitializeEN4Napi3EnvENS0_6ObjectE
FNDA:253,_Z10InitializeN4Napi3EnvENS_6ObjectES1_
FNDA:253,_register_disruptor
FNDA:253,_Z17__napi_InitializeP10napi_env__P12napi_value__S2_Pv
FNF:109
FNH:105
DA:47,3462920
DA:49,3462920
DA:138,1
DA:140,1
DA:142,321079
DA:144,321079
DA:146,321079
DA:147,321079
DA:149,321078
DA:153,1
DA:160,610307
DA:162,610307
DA:164,610307
DA:166,273080
DA:168,273080
DA:171,337241
DA:173,337241
DA:176,273113
DA:178,273113
DA:180,273113
DA:182,273105
DA:186,8
DA:189,273113
DA:192,338046
DA:194,338046
DA:198,610249
DA:200,610249
DA:202,610249
DA:209,3328026
DA:212,2225329
DA:213,2225329
DA:215,2229349
DA:217,1116333
DA:219,1116333
DA:222,272203
DA:224,272203
DA:226,272288
DA:229,272274
DA:230,272294
DA:232,272307
DA:234,272307
DA:235,272307
DA:236,544607
DA:238,272300
DA:240,272307
DA:243,1116319
DA:245,1116319
DA:255,2008524
DA:256,2008524
DA:258,2008524
DA:260,2008432
DA:262,2008432
DA:265,47959
DA:267,47959
DA:270,2008360
DA:272,2008360
DA:276,2008412
DA:277,2008412
DA:279,2008412
DA:288,273948
DA:290,273948
DA:293,368210
DA:295,368210
DA:299,3462920
DA:302,3462920
DA:307,3462920
DA:309,3462920
DA:314,3462920
DA:316,3462920
DA:318,3141841
DA:321,321079
DA:323,1605395
DA:324,321079
DA:327,642158
DA:329,642158
DA:330,642158
DA:347,3395
DA:349,3395
DA:350,3395
DA:351,3395
DA:354,3
DA:356,3
DA:357,3
DA:358,3
DA:361,6
DA:362,9
DA:365,3395
DA:367,3398
DA:370,3395
DA:371,3395
DA:372,3395
DA:373,3395
DA:374,3395
DA:375,3395
DA:376,3395
DA:380,6790
DA:382,6790
DA:383,3395
DA:385,3
DA:392,6784
DA:393,3392
DA:397,3392
DA:403,3392
DA:406,3392
DA:408,3392
DA:414,3392
DA:415,3392
DA:416,3392
DA:417,3392
DA:418,3392
DA:420,3392
DA:421,3392
DA:423,3392
DA:424,3392
DA:425,3392
DA:427,5480
DA:429,2740
DA:430,2740
DA:432,5880
DA:434,5880
DA:436,3140
DA:438,3140
DA:443,3140
DA:446,5880
DA:449,3140
DA:451,3140
DA:455,3140
DA:458,1461451
DA:465,1461451
DA:467,1461454
DA:468,1461454
DA:470,275346115
DA:472,275975077
DA:473,275975077
DA:474,275975077
DA:475,275975077
DA:477,275975077
DA:479,1256822
DA:481,628411
DA:482,628411
DA:484,628421
DA:485,628395
DA:486,628395
DA:489,275346666
DA:491,1102
DA:493,551
DA:494,551
DA:496,551
DA:498,394
DA:501,394
DA:504,551
DA:505,551
DA:506,551
DA:511,1461422
DA:514,85863
DA:517,85863
DA:520,1664966
DA:526,832483
DA:527,832483
DA:531,832483
DA:533,832483
DA:534,832483
DA:537,832478
DA:540,832478
DA:541,832451
DA:542,832473
DA:544,560191
DA:546,560191
DA:547,560191
DA:550,272292
DA:552,272292
DA:553,272292
DA:555,543112
DA:559,543112
DA:561,543112
DA:563,270832
DA:566,272280
DA:567,272280
DA:570,628980
DA:572,628980
DA:575,628960
DA:577,628960
DA:578,628960
DA:579,628960
DA:581,2090432
DA:583,2090432
DA:585,2090432
DA:587,628980
DA:589,628980
DA:590,628980
DA:593,2090432
DA:597,38256896
DA:602,37970030
DA:604,38256896
DA:606,38256896
DA:608,48657317
DA:610,48357286
DA:612,48357286
DA:614,37956865
DA:615,37956865
DA:619,38556927
DA:620,300031
DA:622,573732
DA:624,286866
DA:625,573732
DA:627,286866
DA:628,286866
DA:629,286866
DA:631,286866
DA:636,337250
DA:637,337250
DA:638,337250
DA:639,337250
DA:642,234181
DA:645,468362
DA:646,702543
DA:649,676092
DA:653,338046
DA:654,338046
DA:656,338046
DA:658,338046
DA:659,338046
DA:660,338046
DA:663,338046
DA:666,338046
DA:667,676092
DA:668,338046
DA:669,338046
DA:671,337233
DA:673,337233
DA:674,337233
DA:677,813
DA:679,813
DA:680,813
DA:682,51889
DA:686,51889
DA:687,51889
DA:689,51884
DA:692,5
DA:693,5
DA:697,41
DA:702,41
DA:703,41
DA:705,41
DA:707,6
DA:709,3
DA:710,3
DA:712,3
DA:715,3
DA:719,76
DA:721,38
DA:722,38
DA:725,41
DA:726,41
DA:729,283891
DA:735,283865
DA:737,283891
DA:738,283891
DA:740,283891
DA:742,283917
DA:744,283891
DA:746,283891
DA:748,283865
DA:749,283865
DA:753,283917
DA:754,26
DA:756,35
DA:757,26
DA:758,26
DA:759,26
DA:760,26
DA:765,283865
DA:766,283865
DA:767,283865
DA:768,283865
DA:771,11
DA:774,22
DA:775,33
DA:778,567734
DA:784,283867
DA:786,283867
DA:791,283867
DA:793,283867
DA:794,283867
DA:795,283867
DA:798,283867
DA:801,851601
DA:802,851601
DA:803,283867
DA:804,283867
DA:806,283852
DA:808,283852
DA:809,283852
DA:815,15
DA:818,15
DA:819,15
DA:821,11
DA:823,11
DA:824,11
DA:826,13
DA:828,13
DA:831,13
DA:832,13
DA:834,9
DA:837,4
DA:838,4
DA:841,57
DA:843,57
DA:844,57
DA:846,57
DA:848,105
DA:849,87
DA:850,30
DA:853,15
DA:856,57
DA:860,2293971
DA:865,2293971
DA:867,203821247
DA:869,204108125
DA:871,286878
DA:877,2007093
DA:880,908022
DA:882,908022
DA:883,908022
DA:884,908022
DA:886,286887
DA:890,286887
DA:892,10
DA:893,10
DA:894,10
DA:897,286877
DA:898,286877
DA:899,286877
DA:902,234184
DA:905,234184
DA:906,234184
DA:909,4017048
DA:913,2008524
DA:916,2008524
DA:920,2008524
DA:922,2008524
DA:925,2007962
DA:928,2007962
DA:929,2008334
DA:930,2008358
DA:932,1960565
DA:934,1960565
DA:935,1960565
DA:941,47959
DA:947,47959
DA:948,47959
DA:950,811
DA:953,811
DA:954,811
DA:955,811
DA:957,51892
DA:960,51892
DA:962,51892
DA:963,51892
DA:965,4744
DA:968,47148
DA:969,47148
DA:972,9
DA:974,9
DA:977,154
DA:979,154
DA:982,154
DA:984,154
DA:987,1167
DA:989,1167
DA:992,154
DA:994,154
DA:997,543178
DA:999,543178
DA:1002,54
DA:1004,54
DA:1007,52742
DA:1009,52742
DA:1012,52742
DA:1014,52742
DA:1017,253
DA:1019,506
DA:1021,253
DA:1022,253
DA:1023,253
DA:1024,253
DA:1025,253
DA:1026,253
DA:1027,253
DA:1028,253
DA:1029,253
DA:1030,253
DA:1031,253
DA:1032,253
DA:1033,253
DA:1034,253
DA:1037,253
DA:1038,253
DA:1039,253
DA:1040,253
DA:1041,253
DA:1042,253
DA:1043,253
DA:1044,253
DA:1045,253
DA:1046,253
DA:1047,6578
DA:1048,253
DA:1050,253
DA:1052,253
DA:1053,253
DA:1055,506
LF:412
LH:412
end_of_record
