TN:
SF:/usr/include/c++/12/initializer_list
FN:71,_ZNKSt16initializer_listIN4Napi23ClassPropertyDescriptorI9DisruptorEEE4sizeEv
FNDA:506,_ZNKSt16initializer_listIN4Napi23ClassPropertyDescriptorI9DisruptorEEE4sizeEv
FN:71,_ZNKSt16initializer_listIP12napi_value__E4sizeEv
FNDA:2082128,_ZNKSt16initializer_listIP12napi_value__E4sizeEv
FN:75,_ZNKSt16initializer_listIN4Napi23ClassPropertyDescriptorI9DisruptorEEE5beginEv
FNDA:506,_ZNKSt16initializer_listIN4Napi23ClassPropertyDescriptorI9DisruptorEEE5beginEv
FN:75,_ZNKSt16initializer_listIP12napi_value__E5beginEv
FNDA:2082128,_ZNKSt16initializer_listIP12napi_value__E5beginEv
DA:71,506
DA:71,2082128
DA:75,506
DA:75,2082128
end_of_record
SF:/usr/include/c++/12/bits/allocator.h
FN:156,_ZNSaI11AsyncBufferEC2Ev
FNDA:2589014,_ZNSaI11AsyncBufferEC2Ev
FN:156,_ZNSaI24napi_property_descriptorEC2Ev
FNDA:506,_ZNSaI24napi_property_descriptorEC2Ev
FN:156,_ZNSaINSt8__detail10_Hash_nodeIPhLb0EEEEC2Ev
FNDA:254,_ZNSaINSt8__detail10_Hash_nodeIPhLb0EEEEC2Ev
FN:156,_ZNSaIP12napi_value__EC2Ev
FNDA:0,_ZNSaIP12napi_value__EC2Ev
FN:159,_ZNSaI24napi_property_descriptorEC2ERKS0_
FNDA:1012,_ZNSaI24napi_property_descriptorEC2ERKS0_
FN:169,_ZNSaIPNSt8__detail15_Hash_node_baseEEC2INS_10_Hash_nodeIPhLb0EEEEERKSaIT_E
FNDA:268,_ZNSaIPNSt8__detail15_Hash_node_baseEEC2INS_10_Hash_nodeIPhLb0EEEEERKSaIT_E
FN:174,_ZNSaIPNSt8__detail15_Hash_node_baseEED2Ev
FNDA:268,_ZNSaIPNSt8__detail15_Hash_node_baseEED2Ev
FN:174,_ZNSaI11AsyncBufferED2Ev
FNDA:2589014,_ZNSaI11AsyncBufferED2Ev
FN:174,_ZNSaI24napi_property_descriptorED2Ev
FNDA:1518,_ZNSaI24napi_property_descriptorED2Ev
FN:174,_ZNSaIP12napi_value__ED2Ev
FNDA:0,_ZNSaIP12napi_value__ED2Ev
DA:156,2589014
DA:156,506
DA:156,254
DA:156,0
DA:159,1012
DA:160,1012
DA:169,268
DA:174,268
DA:174,2589014
DA:174,1518
DA:174,0
end_of_record
SF:/usr/include/c++/12/bits/alloc_traits.h
FN:463,_ZNSt16allocator_traitsISaIPNSt8__detail15_Hash_node_baseEEE8allocateERS3_m
FNDA:261,_ZNSt16allocator_traitsISaIPNSt8__detail15_Hash_node_baseEEE8allocateERS3_m
FN:463,_ZNSt16allocator_traitsISaI24napi_property_descriptorEE8allocateERS1_m
FNDA:506,_ZNSt16allocator_traitsISaI24napi_property_descriptorEE8allocateERS1_m
FN:463,_ZNSt16allocator_traitsISaINSt8__detail10_Hash_nodeIPhLb0EEEEE8allocateERS4_m
FNDA:5763,_ZNSt16allocator_traitsISaINSt8__detail10_Hash_nodeIPhLb0EEEEE8allocateERS4_m
FN:463,_ZNSt16allocator_traitsISaI11AsyncBufferEE8allocateERS1_m
FNDA:355520,_ZNSt16allocator_traitsISaI11AsyncBufferEE8allocateERS1_m
FN:495,_ZNSt16allocator_traitsISaIP12napi_value__EE10deallocateERS2_PS1_m
FNDA:0,_ZNSt16allocator_traitsISaIP12napi_value__EE10deallocateERS2_PS1_m
FN:495,_ZNSt16allocator_traitsISaIPNSt8__detail15_Hash_node_baseEEE10deallocateERS3_PS2_m
FNDA:7,_ZNSt16allocator_traitsISaIPNSt8__detail15_Hash_node_baseEEE10deallocateERS3_PS2_m
FN:495,_ZNSt16allocator_traitsISaI24napi_property_descriptorEE10deallocateERS1_PS0_m
FNDA:506,_ZNSt16allocator_traitsISaI24napi_property_descriptorEE10deallocateERS1_PS0_m
FN:495,_ZNSt16allocator_traitsISaI11AsyncBufferEE10deallocateERS1_PS0_m
FNDA:355520,_ZNSt16allocator_traitsISaI11AsyncBufferEE10deallocateERS1_PS0_m
FN:495,_ZNSt16allocator_traitsISaINSt8__detail10_Hash_nodeIPhLb0EEEEE10deallocateERS4_PS3_m
FNDA:4758,_ZNSt16allocator_traitsISaINSt8__detail10_Hash_nodeIPhLb0EEEEE10deallocateERS4_PS3_m
FN:511,_ZNSt16allocator_traitsISaI11AsyncBufferEE9constructIS0_JS0_EEEvRS1_PT_DpOT0_
FNDA:50,_ZNSt16allocator_traitsISaI11AsyncBufferEE9constructIS0_JS0_EEEvRS1_PT_DpOT0_
FN:511,_ZNSt16allocator_traitsISaINSt8__detail10_Hash_nodeIPhLb0EEEEE9constructIS2_JRS2_EEEvRS4_PT_DpOT0_
FNDA:5763,_ZNSt16allocator_traitsISaINSt8__detail10_Hash_nodeIPhLb0EEEEE9constructIS2_JRS2_EEEvRS4_PT_DpOT0_
FN:531,_ZNSt16allocator_traitsISaINSt8__detail10_Hash_nodeIPhLb0EEEEE7destroyIS2_EEvRS4_PT_
FNDA:4758,_ZNSt16allocator_traitsISaINSt8__detail10_Hash_nodeIPhLb0EEEEE7destroyIS2_EEvRS4_PT_
FN:531,_ZNSt16allocator_traitsISaI11AsyncBufferEE7destroyIS0_EEvRS1_PT_
FNDA:50,_ZNSt16allocator_traitsISaI11AsyncBufferEE7destroyIS0_EEvRS1_PT_
FN:547,_ZNSt16allocator_traitsISaI24napi_property_descriptorEE8max_sizeERKS1_
FNDA:506,_ZNSt16allocator_traitsISaI24napi_property_descriptorEE8max_sizeERKS1_
FN:547,_ZNSt16allocator_traitsISaI11AsyncBufferEE8max_sizeERKS1_
FNDA:1422080,_ZNSt16allocator_traitsISaI11AsyncBufferEE8max_sizeERKS1_
FN:847,_ZSt8_DestroyIP24napi_property_descriptorS0_EvT_S2_RSaIT0_E
FNDA:506,_ZSt8_DestroyIP24napi_property_descriptorS0_EvT_S2_RSaIT0_E
FN:847,_ZSt8_DestroyIP11AsyncBufferS0_EvT_S2_RSaIT0_E
FNDA:2589014,_ZSt8_DestroyIP11AsyncBufferS0_EvT_S2_RSaIT0_E
FN:847,_ZSt8_DestroyIPP12napi_value__S1_EvT_S3_RSaIT0_E
FNDA:0,_ZSt8_DestroyIPP12napi_value__S1_EvT_S3_RSaIT0_E
DA:463,261
DA:464,261
DA:463,506
DA:464,506
DA:463,355520
DA:464,355520
DA:463,5763
DA:464,5763
DA:495,506
DA:496,506
DA:495,355520
DA:496,355520
DA:495,4758
DA:496,4758
DA:495,7
DA:496,7
DA:495,0
DA:496,0
DA:511,50
DA:516,50
DA:520,50
DA:511,5763
DA:516,5763
DA:520,5763
DA:531,50
DA:535,50
DA:539,50
DA:531,4758
DA:535,4758
DA:539,4758
DA:547,1422080
DA:550,1422080
DA:547,506
DA:550,506
DA:847,506
DA:850,506
DA:851,506
DA:847,2589014
DA:850,2589014
DA:851,2589014
DA:847,0
DA:850,0
DA:851,0
end_of_record
SF:/usr/include/c++/12/tuple
FN:80,_ZNSt10_Head_baseILm1ESt14default_deleteISt6vectorI11AsyncBufferSaIS2_EEELb1EEC2Ev
FNDA:2589014,_ZNSt10_Head_baseILm1ESt14default_deleteISt6vectorI11AsyncBufferSaIS2_EEELb1EEC2Ev
FN:80,_ZNSt10_Head_baseILm1E7CloseFDLb1EEC2Ev
FNDA:5763,_ZNSt10_Head_baseILm1E7CloseFDLb1EEC2Ev
FN:124,_ZNSt10_Head_baseILm1E7CloseFDLb1EE7_M_headERS1_
FNDA:5763,_ZNSt10_Head_baseILm1E7CloseFDLb1EE7_M_headERS1_
FN:124,_ZNSt10_Head_baseILm1ESt14default_deleteISt6vectorI11AsyncBufferSaIS2_EEELb1EE7_M_headERS6_
FNDA:5178028,_ZNSt10_Head_baseILm1ESt14default_deleteISt6vectorI11AsyncBufferSaIS2_EEELb1EE7_M_headERS6_
FN:189,_ZNSt10_Head_baseILm0EPSt6vectorI11AsyncBufferSaIS1_EELb0EEC2Ev
FNDA:2589014,_ZNSt10_Head_baseILm0EPSt6vectorI11AsyncBufferSaIS1_EELb0EEC2Ev
FN:189,_ZNSt10_Head_baseILm0EPiLb0EEC2Ev
FNDA:5763,_ZNSt10_Head_baseILm0EPiLb0EEC2Ev
FN:233,_ZNSt10_Head_baseILm0EPSt6vectorI11AsyncBufferSaIS1_EELb0EE7_M_headERS5_
FNDA:11066996,_ZNSt10_Head_baseILm0EPSt6vectorI11AsyncBufferSaIS1_EELb0EE7_M_headERS5_
FN:233,_ZNSt10_Head_baseILm0EPiLb0EE7_M_headERS1_
FNDA:11526,_ZNSt10_Head_baseILm0EPiLb0EE7_M_headERS1_
FN:236,_ZNSt10_Head_baseILm0EPSt6vectorI11AsyncBufferSaIS1_EELb0EE7_M_headERKS5_
FNDA:3072062,_ZNSt10_Head_baseILm0EPSt6vectorI11AsyncBufferSaIS1_EELb0EE7_M_headERKS5_
FN:236,_ZNSt10_Head_baseILm0EPiLb0EE7_M_headERKS1_
FNDA:6045,_ZNSt10_Head_baseILm0EPiLb0EE7_M_headERKS1_
FN:268,_ZNSt11_Tuple_implILm0EJPSt6vectorI11AsyncBufferSaIS1_EESt14default_deleteIS3_EEE7_M_headERS7_
FNDA:11066996,_ZNSt11_Tuple_implILm0EJPSt6vectorI11AsyncBufferSaIS1_EESt14default_deleteIS3_EEE7_M_headERS7_
FN:268,_ZNSt11_Tuple_implILm0EJPi7CloseFDEE7_M_headERS2_
FNDA:11526,_ZNSt11_Tuple_implILm0EJPi7CloseFDEE7_M_headERS2_
FN:271,_ZNSt11_Tuple_implILm0EJPi7CloseFDEE7_M_headERKS2_
FNDA:6045,_ZNSt11_Tuple_implILm0EJPi7CloseFDEE7_M_headERKS2_
FN:271,_ZNSt11_Tuple_implILm0EJPSt6vectorI11AsyncBufferSaIS1_EESt14default_deleteIS3_EEE7_M_headERKS7_
FNDA:3072062,_ZNSt11_Tuple_implILm0EJPSt6vectorI11AsyncBufferSaIS1_EESt14default_deleteIS3_EEE7_M_headERKS7_
FN:279,_ZNSt11_Tuple_implILm0EJPi7CloseFDEEC2Ev
FNDA:5763,_ZNSt11_Tuple_implILm0EJPi7CloseFDEEC2Ev
FN:279,_ZNSt11_Tuple_implILm0EJPSt6vectorI11AsyncBufferSaIS1_EESt14default_deleteIS3_EEEC2Ev
FNDA:2589014,_ZNSt11_Tuple_implILm0EJPSt6vectorI11AsyncBufferSaIS1_EESt14default_deleteIS3_EEEC2Ev
FN:301,_ZNSt11_Tuple_implILm0EJPSt6vectorI11AsyncBufferSaIS1_EESt14default_deleteIS3_EEEC2EOS7_
FNDA:355470,_ZNSt11_Tuple_implILm0EJPSt6vectorI11AsyncBufferSaIS1_EESt14default_deleteIS3_EEEC2EOS7_
FN:424,_ZNSt11_Tuple_implILm1EJ7CloseFDEE7_M_headERS1_
FNDA:5763,_ZNSt11_Tuple_implILm1EJ7CloseFDEE7_M_headERS1_
FN:424,_ZNSt11_Tuple_implILm1EJSt14default_deleteISt6vectorI11AsyncBufferSaIS2_EEEEE7_M_headERS6_
FNDA:5178028,_ZNSt11_Tuple_implILm1EJSt14default_deleteISt6vectorI11AsyncBufferSaIS2_EEEEE7_M_headERS6_
FN:430,_ZNSt11_Tuple_implILm1EJSt14default_deleteISt6vectorI11AsyncBufferSaIS2_EEEEEC2Ev
FNDA:2589014,_ZNSt11_Tuple_implILm1EJSt14default_deleteISt6vectorI11AsyncBufferSaIS2_EEEEEC2Ev
FN:430,_ZNSt11_Tuple_implILm1EJ7CloseFDEEC2Ev
FNDA:5763,_ZNSt11_Tuple_implILm1EJ7CloseFDEEC2Ev
FN:454,_ZNSt11_Tuple_implILm1EJSt14default_deleteISt6vectorI11AsyncBufferSaIS2_EEEEEC2EOS6_
FNDA:355470,_ZNSt11_Tuple_implILm1EJSt14default_deleteISt6vectorI11AsyncBufferSaIS2_EEEEEC2EOS6_
FN:1049,_ZNSt5tupleIJPSt6vectorI11AsyncBufferSaIS1_EESt14default_deleteIS3_EEEC2ILb1ELb1EEEv
FNDA:2589014,_ZNSt5tupleIJPSt6vectorI11AsyncBufferSaIS1_EESt14default_deleteIS3_EEEC2ILb1ELb1EEEv
FN:1049,_ZNSt5tupleIJPi7CloseFDEEC2ILb1ELb1EEEv
FNDA:5763,_ZNSt5tupleIJPi7CloseFDEEC2ILb1ELb1EEEv
FN:1090,_ZNSt5tupleIJPSt6vectorI11AsyncBufferSaIS1_EESt14default_deleteIS3_EEEC2EOS7_
FNDA:355470,_ZNSt5tupleIJPSt6vectorI11AsyncBufferSaIS1_EESt14default_deleteIS3_EEEC2EOS7_
FN:1364,_ZSt12__get_helperILm1E7CloseFDJEERT0_RSt11_Tuple_implIXT_EJS1_DpT1_EE
FNDA:5763,_ZSt12__get_helperILm1E7CloseFDJEERT0_RSt11_Tuple_implIXT_EJS1_DpT1_EE
FN:1364,_ZSt12__get_helperILm1ESt14default_deleteISt6vectorI11AsyncBufferSaIS2_EEEJEERT0_RSt11_Tuple_implIXT_EJS6_DpT1_EE
FNDA:5178028,_ZSt12__get_helperILm1ESt14default_deleteISt6vectorI11AsyncBufferSaIS2_EEEJEERT0_RSt11_Tuple_implIXT_EJS6_DpT1_EE
FN:1364,_ZSt12__get_helperILm0EPSt6vectorI11AsyncBufferSaIS1_EEJSt14default_deleteIS3_EEERT0_RSt11_Tuple_implIXT_EJS7_DpT1_EE
FNDA:11066996,_ZSt12__get_helperILm0EPSt6vectorI11AsyncBufferSaIS1_EEJSt14default_deleteIS3_EEERT0_RSt11_Tuple_implIXT_EJS7_DpT1_EE
FN:1364,_ZSt12__get_helperILm0EPiJ7CloseFDEERT0_RSt11_Tuple_implIXT_EJS2_DpT1_EE
FNDA:11526,_ZSt12__get_helperILm0EPiJ7CloseFDEERT0_RSt11_Tuple_implIXT_EJS2_DpT1_EE
FN:1369,_ZSt12__get_helperILm0EPiJ7CloseFDEERKT0_RKSt11_Tuple_implIXT_EJS2_DpT1_EE
FNDA:6045,_ZSt12__get_helperILm0EPiJ7CloseFDEERKT0_RKSt11_Tuple_implIXT_EJS2_DpT1_EE
FN:1369,_ZSt12__get_helperILm0EPSt6vectorI11AsyncBufferSaIS1_EEJSt14default_deleteIS3_EEERKT0_RKSt11_Tuple_implIXT_EJS7_DpT1_EE
FNDA:3072062,_ZSt12__get_helperILm0EPSt6vectorI11AsyncBufferSaIS1_EEJSt14default_deleteIS3_EEERKT0_RKSt11_Tuple_implIXT_EJS7_DpT1_EE
FN:1380,_ZSt3getILm1EJPSt6vectorI11AsyncBufferSaIS1_EESt14default_deleteIS3_EEERNSt13tuple_elementIXT_ESt5tupleIJDpT0_EEE4typeERSB_
FNDA:5178028,_ZSt3getILm1EJPSt6vectorI11AsyncBufferSaIS1_EESt14default_deleteIS3_EEERNSt13tuple_elementIXT_ESt5tupleIJDpT0_EEE4typeERSB_
FN:1380,_ZSt3getILm0EJPSt6vectorI11AsyncBufferSaIS1_EESt14default_deleteIS3_EEERNSt13tuple_elementIXT_ESt5tupleIJDpT0_EEE4typeERSB_
FNDA:11066996,_ZSt3getILm0EJPSt6vectorI11AsyncBufferSaIS1_EESt14default_deleteIS3_EEERNSt13tuple_elementIXT_ESt5tupleIJDpT0_EEE4typeERSB_
FN:1380,_ZSt3getILm0EJPi7CloseFDEERNSt13tuple_elementIXT_ESt5tupleIJDpT0_EEE4typeERS6_
FNDA:11526,_ZSt3getILm0EJPi7CloseFDEERNSt13tuple_elementIXT_ESt5tupleIJDpT0_EEE4typeERS6_
FN:1380,_ZSt3getILm1EJPi7CloseFDEERNSt13tuple_elementIXT_ESt5tupleIJDpT0_EEE4typeERS6_
FNDA:5763,_ZSt3getILm1EJPi7CloseFDEERNSt13tuple_elementIXT_ESt5tupleIJDpT0_EEE4typeERS6_
FN:1386,_ZSt3getILm0EJPi7CloseFDEERKNSt13tuple_elementIXT_ESt5tupleIJDpT0_EEE4typeERKS6_
FNDA:6045,_ZSt3getILm0EJPi7CloseFDEERKNSt13tuple_elementIXT_ESt5tupleIJDpT0_EEE4typeERKS6_
FN:1386,_ZSt3getILm0EJPSt6vectorI11AsyncBufferSaIS1_EESt14default_deleteIS3_EEERKNSt13tuple_elementIXT_ESt5tupleIJDpT0_EEE4typeERKSB_
FNDA:3072062,_ZSt3getILm0EJPSt6vectorI11AsyncBufferSaIS1_EESt14default_deleteIS3_EEERKNSt13tuple_elementIXT_ESt5tupleIJDpT0_EEE4typeERKSB_
DA:80,2589014
DA:81,2589014
DA:80,5763
DA:81,5763
DA:124,5763
DA:124,5178028
DA:189,2589014
DA:190,2589014
DA:189,5763
DA:190,5763
DA:233,11066996
DA:233,11526
DA:236,3072062
DA:236,6045
DA:268,11066996
DA:268,11526
DA:271,3072062
DA:271,6045
DA:279,2589014
DA:280,2589014
DA:279,5763
DA:280,5763
DA:301,355470
DA:424,5763
DA:424,5178028
DA:430,2589014
DA:431,2589014
DA:430,5763
DA:431,5763
DA:454,355470
DA:457,355470
DA:1049,2589014
DA:1051,2589014
DA:1049,5763
DA:1051,5763
DA:1090,355470
DA:1364,5763
DA:1365,5763
DA:1364,5178028
DA:1365,5178028
DA:1364,11066996
DA:1365,11066996
DA:1364,11526
DA:1365,11526
DA:1369,3072062
DA:1370,3072062
DA:1369,6045
DA:1370,6045
DA:1380,5763
DA:1381,5763
DA:1380,5178028
DA:1381,5178028
DA:1380,11066996
DA:1381,11066996
DA:1380,11526
DA:1381,11526
DA:1386,3072062
DA:1387,3072062
DA:1386,6045
DA:1387,6045
end_of_record
SF:/usr/include/c++/12/bits/new_allocator.h
FN:80,_ZNSt15__new_allocatorIcEC2Ev
FNDA:0,_ZNSt15__new_allocatorIcEC2Ev
FN:80,_ZNSt15__new_allocatorIP12napi_value__EC2Ev
FNDA:0,_ZNSt15__new_allocatorIP12napi_value__EC2Ev
FN:80,_ZNSt15__new_allocatorINSt8__detail10_Hash_nodeIPhLb0EEEEC2Ev
FNDA:254,_ZNSt15__new_allocatorINSt8__detail10_Hash_nodeIPhLb0EEEEC2Ev
FN:80,_ZNSt15__new_allocatorI24napi_property_descriptorEC2Ev
FNDA:506,_ZNSt15__new_allocatorI24napi_property_descriptorEC2Ev
FN:80,_ZNSt15__new_allocatorI11AsyncBufferEC2Ev
FNDA:2589014,_ZNSt15__new_allocatorI11AsyncBufferEC2Ev
FN:80,_ZNSt15__new_allocatorIPNSt8__detail15_Hash_node_baseEEC2Ev
FNDA:268,_ZNSt15__new_allocatorIPNSt8__detail15_Hash_node_baseEEC2Ev
FN:83,_ZNSt15__new_allocatorI24napi_property_descriptorEC2ERKS1_
FNDA:1012,_ZNSt15__new_allocatorI24napi_property_descriptorEC2ERKS1_
FN:90,_ZNSt15__new_allocatorIcED2Ev
FNDA:0,_ZNSt15__new_allocatorIcED2Ev
FN:90,_ZNSt15__new_allocatorIP12napi_value__ED2Ev
FNDA:0,_ZNSt15__new_allocatorIP12napi_value__ED2Ev
FN:90,_ZNSt15__new_allocatorI24napi_property_descriptorED2Ev
FNDA:1518,_ZNSt15__new_allocatorI24napi_property_descriptorED2Ev
FN:90,_ZNSt15__new_allocatorI11AsyncBufferED2Ev
FNDA:2589014,_ZNSt15__new_allocatorI11AsyncBufferED2Ev
FN:90,_ZNSt15__new_allocatorIPNSt8__detail15_Hash_node_baseEED2Ev
FNDA:268,_ZNSt15__new_allocatorIPNSt8__detail15_Hash_node_baseEED2Ev
FN:112,_ZNSt15__new_allocatorINSt8__detail10_Hash_nodeIPhLb0EEEE8allocateEmPKv
FNDA:5763,_ZNSt15__new_allocatorINSt8__detail10_Hash_nodeIPhLb0EEEE8allocateEmPKv
FN:112,_ZNSt15__new_allocatorI11AsyncBufferE8allocateEmPKv
FNDA:355520,_ZNSt15__new_allocatorI11AsyncBufferE8allocateEmPKv
FN:112,_ZNSt15__new_allocatorIPNSt8__detail15_Hash_node_baseEE8allocateEmPKv
FNDA:261,_ZNSt15__new_allocatorIPNSt8__detail15_Hash_node_baseEE8allocateEmPKv
FN:112,_ZNSt15__new_allocatorI24napi_property_descriptorE8allocateEmPKv
FNDA:506,_ZNSt15__new_allocatorI24napi_property_descriptorE8allocateEmPKv
FN:142,_ZNSt15__new_allocatorINSt8__detail10_Hash_nodeIPhLb0EEEE10deallocateEPS3_m
FNDA:4758,_ZNSt15__new_allocatorINSt8__detail10_Hash_nodeIPhLb0EEEE10deallocateEPS3_m
FN:142,_ZNSt15__new_allocatorI11AsyncBufferE10deallocateEPS0_m
FNDA:355520,_ZNSt15__new_allocatorI11AsyncBufferE10deallocateEPS0_m
FN:142,_ZNSt15__new_allocatorIPNSt8__detail15_Hash_node_baseEE10deallocateEPS2_m
FNDA:7,_ZNSt15__new_allocatorIPNSt8__detail15_Hash_node_baseEE10deallocateEPS2_m
FN:142,_ZNSt15__new_allocatorI24napi_property_descriptorE10deallocateEPS0_m
FNDA:506,_ZNSt15__new_allocatorI24napi_property_descriptorE10deallocateEPS0_m
FN:142,_ZNSt15__new_allocatorIP12napi_value__E10deallocateEPS1_m
FNDA:0,_ZNSt15__new_allocatorIP12napi_value__E10deallocateEPS1_m
FN:167,_ZNKSt15__new_allocatorI24napi_property_descriptorE8max_sizeEv
FNDA:506,_ZNKSt15__new_allocatorI24napi_property_descriptorE8max_sizeEv
FN:167,_ZNKSt15__new_allocatorI11AsyncBufferE8max_sizeEv
FNDA:1422080,_ZNKSt15__new_allocatorI11AsyncBufferE8max_sizeEv
FN:173,_ZNSt15__new_allocatorINSt8__detail10_Hash_nodeIPhLb0EEEE9constructIS2_JRS2_EEEvPT_DpOT0_
FNDA:5763,_ZNSt15__new_allocatorINSt8__detail10_Hash_nodeIPhLb0EEEE9constructIS2_JRS2_EEEvPT_DpOT0_
FN:173,_ZNSt15__new_allocatorI11AsyncBufferE9constructIS0_JS0_EEEvPT_DpOT0_
FNDA:50,_ZNSt15__new_allocatorI11AsyncBufferE9constructIS0_JS0_EEEvPT_DpOT0_
FN:179,_ZNSt15__new_allocatorI11AsyncBufferE7destroyIS0_EEvPT_
FNDA:50,_ZNSt15__new_allocatorI11AsyncBufferE7destroyIS0_EEvPT_
FN:179,_ZNSt15__new_allocatorINSt8__detail10_Hash_nodeIPhLb0EEEE7destroyIS2_EEvPT_
FNDA:4758,_ZNSt15__new_allocatorINSt8__detail10_Hash_nodeIPhLb0EEEE7destroyIS2_EEvPT_
FN:210,_ZNKSt15__new_allocatorI24napi_property_descriptorE11_M_max_sizeEv
FNDA:1012,_ZNKSt15__new_allocatorI24napi_property_descriptorE11_M_max_sizeEv
FN:210,_ZNKSt15__new_allocatorI11AsyncBufferE11_M_max_sizeEv
FNDA:1777600,_ZNKSt15__new_allocatorI11AsyncBufferE11_M_max_sizeEv
FN:210,_ZNKSt15__new_allocatorINSt8__detail10_Hash_nodeIPhLb0EEEE11_M_max_sizeEv
FNDA:5763,_ZNKSt15__new_allocatorINSt8__detail10_Hash_nodeIPhLb0EEEE11_M_max_sizeEv
FN:210,_ZNKSt15__new_allocatorIPNSt8__detail15_Hash_node_baseEE11_M_max_sizeEv
FNDA:261,_ZNKSt15__new_allocatorIPNSt8__detail15_Hash_node_baseEE11_M_max_sizeEv
DA:80,268
DA:80,2589014
DA:80,506
DA:80,254
DA:80,0
DA:80,0
DA:83,1012
DA:90,268
DA:90,2589014
DA:90,1518
DA:90,0
DA:90,0
DA:112,261
DA:120,261
DA:124,0
DA:125,0
DA:126,0
DA:137,261
DA:112,506
DA:120,506
DA:124,0
DA:125,0
DA:126,0
DA:137,506
DA:112,355520
DA:120,355520
DA:124,0
DA:125,0
DA:126,0
DA:137,355520
DA:112,5763
DA:120,5763
DA:124,0
DA:125,0
DA:126,0
DA:137,5763
DA:142,506
DA:158,506
DA:142,355520
DA:158,355520
DA:142,4758
DA:158,4758
DA:142,7
DA:158,7
DA:142,0
DA:158,0
DA:167,1422080
DA:168,1422080
DA:167,506
DA:168,506
DA:173,50
DA:175,50
DA:173,5763
DA:175,5763
DA:179,50
DA:181,50
DA:179,4758
DA:181,4758
DA:210,261
DA:213,261
DA:210,1012
DA:213,1012
DA:210,1777600
DA:213,1777600
DA:210,5763
DA:213,5763
end_of_record
SF:/usr/include/x86_64-linux-gnu/c++/12/bits/gthr-default.h
FN:300,_ZL18__gthread_active_pv
FNDA:33580,_ZL18__gthread_active_pv
FN:746,_ZL20__gthread_mutex_lockP15pthread_mutex_t
FNDA:16790,_ZL20__gthread_mutex_lockP15pthread_mutex_t
FN:776,_ZL22__gthread_mutex_unlockP15pthread_mutex_t
FNDA:16790,_ZL22__gthread_mutex_unlockP15pthread_mutex_t
DA:300,33580
DA:302,33580
DA:746,16790
DA:748,16790
DA:749,16790
DA:751,0
DA:776,16790
DA:778,16790
DA:779,16790
DA:781,0
end_of_record
SF:/usr/include/c++/12/bits/basic_string.h
FN:634,_ZNSt7__cxx1112basic_stringIcSt11char_traitsIcESaIcEEC2IS3_EEPKcRKS3_
FNDA:16,_ZNSt7__cxx1112basic_stringIcSt11char_traitsIcESaIcEEC2IS3_EEPKcRKS3_
FN:657,_ZNSt7__cxx1112basic_stringIcSt11char_traitsIcESaIcEEC2IS3_EEmcRKS3_
FNDA:0,_ZNSt7__cxx1112basic_stringIcSt11char_traitsIcESaIcEEC2IS3_EEmcRKS3_
FN:3516,_ZStplIcSt11char_traitsIcESaIcEENSt7__cxx1112basic_stringIT_T0_T1_EEOS8_S9_
FNDA:0,_ZStplIcSt11char_traitsIcESaIcEENSt7__cxx1112basic_stringIT_T0_T1_EEOS8_S9_
FN:3553,_ZStplIcSt11char_traitsIcESaIcEENSt7__cxx1112basic_stringIT_T0_T1_EEOS8_PKS5_
FNDA:0,_ZStplIcSt11char_traitsIcESaIcEENSt7__cxx1112basic_stringIT_T0_T1_EEOS8_PKS5_
FN:4012,_ZNSt7__cxx119to_stringEi
FNDA:0,_ZNSt7__cxx119to_stringEi
DA:358,0
DA:634,16
DA:635,16
DA:638,16
DA:639,0
DA:641,16
DA:642,16
DA:643,16
DA:657,0
DA:658,0
DA:659,0
DA:3516,0
DA:3521,0
DA:3523,0
DA:3526,0
DA:3529,0
DA:3530,0
DA:3531,0
DA:3533,0
DA:3553,0
DA:3555,0
DA:4012,0
DA:4017,0
DA:4018,0
DA:4019,0
DA:4020,0
DA:4021,0
DA:4022,0
end_of_record
SF:/usr/include/c++/12/bits/exception.h
FN:64,_ZNSt9exceptionC2Ev
FNDA:8,_ZNSt9exceptionC2Ev
DA:64,8
end_of_record
SF:/usr/include/c++/12/bits/stl_uninitialized.h
FN:632,_ZNSt27__uninitialized_default_n_1ILb0EE18__uninit_default_nIP11AsyncBuffermEET_S4_T0_
FNDA:355520,_ZNSt27__uninitialized_default_n_1ILb0EE18__uninit_default_nIP11AsyncBuffermEET_S4_T0_
FN:655,_ZNSt27__uninitialized_default_n_1ILb1EE18__uninit_default_nIP24napi_property_descriptormEET_S4_T0_
FNDA:506,_ZNSt27__uninitialized_default_n_1ILb1EE18__uninit_default_nIP24napi_property_descriptormEET_S4_T0_
FN:691,_ZSt25__uninitialized_default_nIP24napi_property_descriptormET_S2_T0_
FNDA:506,_ZSt25__uninitialized_default_nIP24napi_property_descriptormET_S2_T0_
FN:691,_ZSt25__uninitialized_default_nIP11AsyncBuffermET_S2_T0_
FNDA:355520,_ZSt25__uninitialized_default_nIP11AsyncBuffermET_S2_T0_
FN:764,_ZSt27__uninitialized_default_n_aIP24napi_property_descriptormS0_ET_S2_T0_RSaIT1_E
FNDA:506,_ZSt27__uninitialized_default_n_aIP24napi_property_descriptormS0_ET_S2_T0_RSaIT1_E
FN:764,_ZSt27__uninitialized_default_n_aIP11AsyncBuffermS0_ET_S2_T0_RSaIT1_E
FNDA:355520,_ZSt27__uninitialized_default_n_aIP11AsyncBuffermS0_ET_S2_T0_RSaIT1_E
FN:1056,_ZSt19__relocate_object_aI11AsyncBufferS0_SaIS0_EEvPT_PT0_RT1_
FNDA:50,_ZSt19__relocate_object_aI11AsyncBufferS0_SaIS0_EEvPT_PT0_RT1_
FN:1078,_ZSt14__relocate_a_1IP11AsyncBufferS1_SaIS0_EET0_T_S4_S3_RT1_
FNDA:355520,_ZSt14__relocate_a_1IP11AsyncBufferS1_SaIS0_EET0_T_S4_S3_RT1_
FN:1127,_ZSt12__relocate_aIP11AsyncBufferS1_SaIS0_EET0_T_S4_S3_RT1_
FNDA:355520,_ZSt12__relocate_aIP11AsyncBufferS1_SaIS0_EET0_T_S4_S3_RT1_
DA:632,355520
DA:634,355520
DA:637,711040
DA:638,355520
DA:639,355520
DA:641,0
DA:643,0
DA:644,0
DA:655,506
DA:657,506
DA:660,506
DA:661,506
DA:662,506
DA:663,506
DA:665,506
DA:691,506
DA:696,506
DA:701,506
DA:691,355520
DA:696,355520
DA:701,355520
DA:764,506
DA:766,506
DA:764,355520
DA:766,355520
DA:1056,50
DA:1064,50
DA:1065,50
DA:1066,50
DA:1078,355520
DA:1090,355520
DA:1091,355570
DA:1092,50
DA:1094,355520
DA:1127,355520
DA:1133,355520
DA:1135,355520
end_of_record
SF:/usr/include/c++/12/bits/stl_vector.h
FN:99,_ZNSt12_Vector_baseI24napi_property_descriptorSaIS0_EE17_Vector_impl_dataC2Ev
FNDA:506,_ZNSt12_Vector_baseI24napi_property_descriptorSaIS0_EE17_Vector_impl_dataC2Ev
FN:99,_ZNSt12_Vector_baseIP12napi_value__SaIS1_EE17_Vector_impl_dataC2Ev
FNDA:0,_ZNSt12_Vector_baseIP12napi_value__SaIS1_EE17_Vector_impl_dataC2Ev
FN:99,_ZNSt12_Vector_baseI11AsyncBufferSaIS0_EE17_Vector_impl_dataC2Ev
FNDA:2589014,_ZNSt12_Vector_baseI11AsyncBufferSaIS0_EE17_Vector_impl_dataC2Ev
FN:137,_ZNSt12_Vector_baseIP12napi_value__SaIS1_EE12_Vector_implC2Ev
FNDA:0,_ZNSt12_Vector_baseIP12napi_value__SaIS1_EE12_Vector_implC2Ev
FN:137,_ZNSt12_Vector_baseI11AsyncBufferSaIS0_EE12_Vector_implC2Ev
FNDA:2589014,_ZNSt12_Vector_baseI11AsyncBufferSaIS0_EE12_Vector_implC2Ev
FN:143,_ZNSt12_Vector_baseI24napi_property_descriptorSaIS0_EE12_Vector_implC2ERKS1_
FNDA:506,_ZNSt12_Vector_baseI24napi_property_descriptorSaIS0_EE12_Vector_implC2ERKS1_
FN:298,_ZNSt12_Vector_baseIP12napi_value__SaIS1_EE19_M_get_Tp_allocatorEv
FNDA:0,_ZNSt12_Vector_baseIP12napi_value__SaIS1_EE19_M_get_Tp_allocatorEv
FN:298,_ZNSt12_Vector_baseI11AsyncBufferSaIS0_EE19_M_get_Tp_allocatorEv
FNDA:3300054,_ZNSt12_Vector_baseI11AsyncBufferSaIS0_EE19_M_get_Tp_allocatorEv
FN:298,_ZNSt12_Vector_baseI24napi_property_descriptorSaIS0_EE19_M_get_Tp_allocatorEv
FNDA:1012,_ZNSt12_Vector_baseI24napi_property_descriptorSaIS0_EE19_M_get_Tp_allocatorEv
FN:303,_ZNKSt12_Vector_baseI11AsyncBufferSaIS0_EE19_M_get_Tp_allocatorEv
FNDA:1422080,_ZNKSt12_Vector_baseI11AsyncBufferSaIS0_EE19_M_get_Tp_allocatorEv
FN:312,_ZNSt12_Vector_baseIP12napi_value__SaIS1_EEC2Ev
FNDA:0,_ZNSt12_Vector_baseIP12napi_value__SaIS1_EEC2Ev
FN:312,_ZNSt12_Vector_baseI11AsyncBufferSaIS0_EEC2Ev
FNDA:2589014,_ZNSt12_Vector_baseI11AsyncBufferSaIS0_EEC2Ev
FN:330,_ZNSt12_Vector_baseI24napi_property_descriptorSaIS0_EEC2EmRKS1_
FNDA:506,_ZNSt12_Vector_baseI24napi_property_descriptorSaIS0_EEC2EmRKS1_
FN:364,_ZNSt12_Vector_baseI11AsyncBufferSaIS0_EED2Ev
FNDA:2589014,_ZNSt12_Vector_baseI11AsyncBufferSaIS0_EED2Ev
FN:364,_ZNSt12_Vector_baseI24napi_property_descriptorSaIS0_EED2Ev
FNDA:506,_ZNSt12_Vector_baseI24napi_property_descriptorSaIS0_EED2Ev
FN:364,_ZNSt12_Vector_baseIP12napi_value__SaIS1_EED2Ev
FNDA:0,_ZNSt12_Vector_baseIP12napi_value__SaIS1_EED2Ev
FN:375,_ZNSt12_Vector_baseI24napi_property_descriptorSaIS0_EE11_M_allocateEm
FNDA:506,_ZNSt12_Vector_baseI24napi_property_descriptorSaIS0_EE11_M_allocateEm
FN:375,_ZNSt12_Vector_baseI11AsyncBufferSaIS0_EE11_M_allocateEm
FNDA:355520,_ZNSt12_Vector_baseI11AsyncBufferSaIS0_EE11_M_allocateEm
FN:383,_ZNSt12_Vector_baseI11AsyncBufferSaIS0_EE13_M_deallocateEPS0_m
FNDA:2944534,_ZNSt12_Vector_baseI11AsyncBufferSaIS0_EE13_M_deallocateEPS0_m
FN:383,_ZNSt12_Vector_baseIP12napi_value__SaIS1_EE13_M_deallocateEPS1_m
FNDA:0,_ZNSt12_Vector_baseIP12napi_value__SaIS1_EE13_M_deallocateEPS1_m
FN:383,_ZNSt12_Vector_baseI24napi_property_descriptorSaIS0_EE13_M_deallocateEPS0_m
FNDA:506,_ZNSt12_Vector_baseI24napi_property_descriptorSaIS0_EE13_M_deallocateEPS0_m
FN:393,_ZNSt12_Vector_baseI24napi_property_descriptorSaIS0_EE17_M_create_storageEm
FNDA:506,_ZNSt12_Vector_baseI24napi_property_descriptorSaIS0_EE17_M_create_storageEm
FN:499,_ZNSt6vectorI11AsyncBufferSaIS0_EE11_S_relocateEPS0_S3_S3_RS1_
FNDA:355520,_ZNSt6vectorI11AsyncBufferSaIS0_EE11_S_relocateEPS0_S3_S3_RS1_
FN:526,_ZNSt6vectorIP12napi_value__SaIS1_EEC2Ev
FNDA:0,_ZNSt6vectorIP12napi_value__SaIS1_EEC2Ev
FN:526,_ZNSt6vectorI11AsyncBufferSaIS0_EEC2Ev
FNDA:2589014,_ZNSt6vectorI11AsyncBufferSaIS0_EEC2Ev
FN:551,_ZNSt6vectorI24napi_property_descriptorSaIS0_EEC2EmRKS1_
FNDA:506,_ZNSt6vectorI24napi_property_descriptorSaIS0_EEC2EmRKS1_
FN:728,_ZNSt6vectorIP12napi_value__SaIS1_EED2Ev
FNDA:0,_ZNSt6vectorIP12napi_value__SaIS1_EED2Ev
FN:728,_ZNSt6vectorI24napi_property_descriptorSaIS0_EED2Ev
FNDA:506,_ZNSt6vectorI24napi_property_descriptorSaIS0_EED2Ev
FN:728,_ZNSt6vectorI11AsyncBufferSaIS0_EED2Ev
FNDA:2589014,_ZNSt6vectorI11AsyncBufferSaIS0_EED2Ev
FN:987,_ZNKSt6vectorIP12napi_value__SaIS1_EE4sizeEv
FNDA:0,_ZNKSt6vectorIP12napi_value__SaIS1_EE4sizeEv
FN:987,_ZNKSt6vectorI11AsyncBufferSaIS0_EE4sizeEv
FNDA:4494142,_ZNKSt6vectorI11AsyncBufferSaIS0_EE4sizeEv
FN:993,_ZNKSt6vectorI11AsyncBufferSaIS0_EE8max_sizeEv
FNDA:1422080,_ZNKSt6vectorI11AsyncBufferSaIS0_EE8max_sizeEv
FN:1008,_ZNSt6vectorI11AsyncBufferSaIS0_EE6resizeEm
FNDA:355520,_ZNSt6vectorI11AsyncBufferSaIS0_EE6resizeEm
FN:1121,_ZNSt6vectorI11AsyncBufferSaIS0_EEixEm
FNDA:711040,_ZNSt6vectorI11AsyncBufferSaIS0_EEixEm
FN:1121,_ZNSt6vectorI24napi_property_descriptorSaIS0_EEixEm
FNDA:47058,_ZNSt6vectorI24napi_property_descriptorSaIS0_EEixEm
FN:1255,_ZNSt6vectorI24napi_property_descriptorSaIS0_EE4dataEv
FNDA:506,_ZNSt6vectorI24napi_property_descriptorSaIS0_EE4dataEv
FN:1260,_ZNKSt6vectorIP12napi_value__SaIS1_EE4dataEv
FNDA:0,_ZNKSt6vectorIP12napi_value__SaIS1_EE4dataEv
FN:1710,_ZNSt6vectorI24napi_property_descriptorSaIS0_EE21_M_default_initializeEm
FNDA:506,_ZNSt6vectorI24napi_property_descriptorSaIS0_EE21_M_default_initializeEm
FN:1891,_ZNKSt6vectorI11AsyncBufferSaIS0_EE12_M_check_lenEmPKc
FNDA:355520,_ZNKSt6vectorI11AsyncBufferSaIS0_EE12_M_check_lenEmPKc
FN:1902,_ZNSt6vectorI24napi_property_descriptorSaIS0_EE17_S_check_init_lenEmRKS1_
FNDA:506,_ZNSt6vectorI24napi_property_descriptorSaIS0_EE17_S_check_init_lenEmRKS1_
FN:1911,_ZNSt6vectorI24napi_property_descriptorSaIS0_EE11_S_max_sizeERKS1_
FNDA:506,_ZNSt6vectorI24napi_property_descriptorSaIS0_EE11_S_max_sizeERKS1_
FN:1911,_ZNSt6vectorI11AsyncBufferSaIS0_EE11_S_max_sizeERKS1_
FNDA:1422080,_ZNSt6vectorI11AsyncBufferSaIS0_EE11_S_max_sizeERKS1_
FN:1928,_ZNSt6vectorI11AsyncBufferSaIS0_EE15_M_erase_at_endEPS0_
FNDA:0,_ZNSt6vectorI11AsyncBufferSaIS0_EE15_M_erase_at_endEPS0_
FN:1985,_ZNKSt6vectorIP12napi_value__SaIS1_EE11_M_data_ptrIS1_EEPT_S6_
FNDA:0,_ZNKSt6vectorIP12napi_value__SaIS1_EE11_M_data_ptrIS1_EEPT_S6_
FN:1985,_ZNKSt6vectorI24napi_property_descriptorSaIS0_EE11_M_data_ptrIS0_EEPT_S5_
FNDA:506,_ZNKSt6vectorI24napi_property_descriptorSaIS0_EE11_M_data_ptrIS0_EEPT_S5_
DA:99,506
DA:100,506
DA:101,506
DA:99,2589014
DA:100,2589014
DA:101,2589014
DA:99,0
DA:100,0
DA:101,0
DA:137,2589014
DA:139,2589014
DA:140,2589014
DA:137,0
DA:139,0
DA:140,0
DA:143,506
DA:144,506
DA:145,506
DA:298,1012
DA:299,1012
DA:298,3300054
DA:299,3300054
DA:298,0
DA:299,0
DA:303,1422080
DA:304,1422080
DA:312,2589014
DA:312,0
DA:330,506
DA:331,506
DA:332,506
DA:364,506
DA:366,506
DA:367,506
DA:368,506
DA:364,2589014
DA:366,2589014
DA:367,2589014
DA:368,2589014
DA:364,0
DA:366,0
DA:367,0
DA:368,0
DA:375,506
DA:378,506
DA:375,355520
DA:378,355520
DA:383,506
DA:386,506
DA:387,506
DA:388,506
DA:383,2944534
DA:386,2944534
DA:387,355520
DA:388,2944534
DA:383,0
DA:386,0
DA:387,0
DA:388,0
DA:393,506
DA:395,506
DA:396,506
DA:397,506
DA:398,506
DA:499,355520
DA:504,355520
DA:526,2589014
DA:526,0
DA:551,506
DA:552,506
DA:553,506
DA:728,506
DA:730,506
DA:731,506
DA:733,506
DA:728,2589014
DA:730,2589014
DA:731,2589014
DA:733,2589014
DA:728,0
DA:730,0
DA:731,0
DA:733,0
DA:987,4494142
DA:988,4494142
DA:987,0
DA:988,0
DA:993,1422080
DA:994,1422080
DA:1008,355520
DA:1010,355520
DA:1011,355520
DA:1012,0
DA:1013,0
DA:1014,355520
DA:1121,47058
DA:1124,47058
DA:1121,711040
DA:1124,711040
DA:1255,506
DA:1256,506
DA:1260,0
DA:1261,0
DA:1710,506
DA:1712,506
DA:1713,506
DA:1714,506
DA:1715,506
DA:1891,355520
DA:1893,355520
DA:1894,0
DA:1896,355520
DA:1897,355520
DA:1902,506
DA:1904,506
DA:1905,0
DA:1907,506
DA:1911,1422080
DA:1916,1422080
DA:1918,1422080
DA:1919,1422080
DA:1911,506
DA:1916,506
DA:1918,506
DA:1919,506
DA:1928,0
DA:1930,0
DA:1932,0
DA:1933,0
DA:1934,0
DA:1937,0
DA:1985,506
DA:1986,506
DA:1985,0
DA:1986,0
end_of_record
SF:/usr/include/c++/12/bits/stl_iterator_base_funcs.h
FN:99,_ZSt10__distanceIPKcENSt15iterator_traitsIT_E15difference_typeES3_S3_St26random_access_iterator_tag
FNDA:0,_ZSt10__distanceIPKcENSt15iterator_traitsIT_E15difference_typeES3_S3_St26random_access_iterator_tag
FN:147,_ZSt8distanceIPKcENSt15iterator_traitsIT_E15difference_typeES3_S3_
FNDA:0,_ZSt8distanceIPKcENSt15iterator_traitsIT_E15difference_typeES3_S3_
DA:99,0
DA:105,0
DA:147,0
DA:150,0
DA:151,0
end_of_record
SF:/usr/include/c++/12/bits/stl_algobase.h
FN:230,_ZSt3minIjERKT_S2_S2_
FNDA:304548,_ZSt3minIjERKT_S2_S2_
FN:230,_ZSt3minImERKT_S2_S2_
FNDA:1685476,_ZSt3minImERKT_S2_S2_
FN:254,_ZSt3maxImERKT_S2_S2_
FNDA:355520,_ZSt3maxImERKT_S2_S2_
FN:313,_ZSt12__niter_baseIP11AsyncBufferET_S2_
FNDA:1066560,_ZSt12__niter_baseIP11AsyncBufferET_S2_
FN:906,_ZSt9__fill_a1IP24napi_property_descriptorS0_EN9__gnu_cxx11__enable_ifIXntsrSt11__is_scalarIT0_E7__valueEvE6__typeET_S9_RKS5_
FNDA:506,_ZSt9__fill_a1IP24napi_property_descriptorS0_EN9__gnu_cxx11__enable_ifIXntsrSt11__is_scalarIT0_E7__valueEvE6__typeET_S9_RKS5_
FN:967,_ZSt8__fill_aIP24napi_property_descriptorS0_EvT_S2_RKT0_
FNDA:506,_ZSt8__fill_aIP24napi_property_descriptorS0_EvT_S2_RKT0_
FN:1009,_ZSt17__size_to_integerm
FNDA:506,_ZSt17__size_to_integerm
FN:1108,_ZSt10__fill_n_aIP24napi_property_descriptormS0_ET_S2_T0_RKT1_St26random_access_iterator_tag
FNDA:506,_ZSt10__fill_n_aIP24napi_property_descriptormS0_ET_S2_T0_RKT1_St26random_access_iterator_tag
FN:1143,_ZSt6fill_nIP24napi_property_descriptormS0_ET_S2_T0_RKT1_
FNDA:506,_ZSt6fill_nIP24napi_property_descriptormS0_ET_S2_T0_RKT1_
DA:230,304548
DA:235,304548
DA:236,1174
DA:237,303374
DA:230,1685476
DA:235,1685476
DA:236,154826
DA:237,1530650
DA:254,355520
DA:259,355520
DA:260,355470
DA:261,50
DA:313,1066560
DA:315,1066560
DA:906,506
DA:909,15686
DA:910,15180
DA:911,506
DA:967,506
DA:968,506
DA:1009,506
DA:1108,506
DA:1114,506
DA:1115,0
DA:1119,506
DA:1120,506
DA:1143,506
DA:1148,506
DA:1149,1012
end_of_record
SF:/usr/include/c++/12/bits/stl_construct.h
FN:109,_ZSt10_ConstructI24napi_property_descriptorJEEvPT_DpOT0_
FNDA:506,_ZSt10_ConstructI24napi_property_descriptorJEEvPT_DpOT0_
FN:109,_ZSt10_ConstructI11AsyncBufferJEEvPT_DpOT0_
FNDA:355520,_ZSt10_ConstructI11AsyncBufferJEEvPT_DpOT0_
FN:172,_ZNSt12_Destroy_auxILb1EE9__destroyIP24napi_property_descriptorEEvT_S4_
FNDA:506,_ZNSt12_Destroy_auxILb1EE9__destroyIP24napi_property_descriptorEEvT_S4_
FN:172,_ZNSt12_Destroy_auxILb1EE9__destroyIP11AsyncBufferEEvT_S4_
FNDA:2589014,_ZNSt12_Destroy_auxILb1EE9__destroyIP11AsyncBufferEEvT_S4_
FN:172,_ZNSt12_Destroy_auxILb1EE9__destroyIPP12napi_value__EEvT_S5_
FNDA:0,_ZNSt12_Destroy_auxILb1EE9__destroyIPP12napi_value__EEvT_S5_
FN:182,_ZSt8_DestroyIP24napi_property_descriptorEvT_S2_
FNDA:506,_ZSt8_DestroyIP24napi_property_descriptorEvT_S2_
FN:182,_ZSt8_DestroyIP11AsyncBufferEvT_S2_
FNDA:2589014,_ZSt8_DestroyIP11AsyncBufferEvT_S2_
FN:182,_ZSt8_DestroyIPP12napi_value__EvT_S3_
FNDA:0,_ZSt8_DestroyIPP12napi_value__EvT_S3_
DA:109,506
DA:119,506
DA:120,506
DA:109,355520
DA:119,355520
DA:120,355520
DA:172,506
DA:172,2589014
DA:172,0
DA:182,506
DA:196,506
DA:197,506
DA:182,2589014
DA:196,2589014
DA:197,2589014
DA:182,0
DA:196,0
DA:197,0
end_of_record
SF:/usr/include/c++/12/bits/stl_pair.h
FN:534,_ZNSt4pairINSt8__detail14_Node_iteratorIPhLb1ELb0EEEbEC2IS3_bLb1EEEOT_OT0_
FNDA:0,_ZNSt4pairINSt8__detail14_Node_iteratorIPhLb1ELb0EEEbEC2IS3_bLb1EEEOT_OT0_
FN:534,_ZNSt4pairINSt8__detail14_Node_iteratorIPhLb1ELb0EEEbEC2IRS3_bLb1EEEOT_OT0_
FNDA:5763,_ZNSt4pairINSt8__detail14_Node_iteratorIPhLb1ELb0EEEbEC2IRS3_bLb1EEEOT_OT0_
DA:534,0
DA:535,0
DA:534,5763
DA:535,5763
end_of_record
SF:/usr/include/c++/12/bits/std_mutex.h
FN:98,_ZNSt5mutex4lockEv
FNDA:16790,_ZNSt5mutex4lockEv
FN:115,_ZNSt5mutex6unlockEv
FNDA:16790,_ZNSt5mutex6unlockEv
FN:228,_ZNSt10lock_guardISt5mutexEC2ERS0_
FNDA:16790,_ZNSt10lock_guardISt5mutexEC2ERS0_
FN:234,_ZNSt10lock_guardISt5mutexED2Ev
FNDA:16790,_ZNSt10lock_guardISt5mutexED2Ev
DA:98,16790
DA:100,16790
DA:103,16790
DA:104,0
DA:105,16790
DA:115,16790
DA:118,16790
DA:119,16790
DA:228,16790
DA:229,16790
DA:234,16790
DA:235,16790
end_of_record
SF:/usr/include/c++/12/bits/char_traits.h
FN:121,_ZN9__gnu_cxx11char_traitsIcE2eqERKcS3_
FNDA:0,_ZN9__gnu_cxx11char_traitsIcE2eqERKcS3_
FN:182,_ZN9__gnu_cxx11char_traitsIcE6lengthEPKc
FNDA:0,_ZN9__gnu_cxx11char_traitsIcE6lengthEPKc
FN:389,_ZNSt11char_traitsIcE6lengthEPKc
FNDA:0,_ZNSt11char_traitsIcE6lengthEPKc
FN:423,_ZNSt11char_traitsIcE4copyEPcPKcm
FNDA:0,_ZNSt11char_traitsIcE4copyEPcPKcm
DA:121,0
DA:122,0
DA:182,0
DA:185,0
DA:186,0
DA:187,0
DA:188,0
DA:389,0
DA:392,0
DA:393,0
DA:395,0
DA:423,0
DA:425,0
DA:426,0
DA:431,0
end_of_record
SF:/home/david/shared-memory-disruptor/node_modules/node-addon-api/napi-inl.h
FN:33,_ZN4Napi7details10AttachDataINS_18MethodCallbackDataI9DisruptorPFNS_5ValueERKNS_12CallbackInfoEEEEEE11napi_statusP10napi_env__P12napi_value__PT_PFvSD_PvSI_ESI_
FNDA:0,_ZN4Napi7details10AttachDataINS_18MethodCallbackDataI9DisruptorPFNS_5ValueERKNS_12CallbackInfoEEEEEE11napi_statusP10napi_env__P12napi_value__PT_PFvSD_PvSI_ESI_
FN:33,_ZN4Napi7details10AttachDataINS_20AccessorCallbackDataI9DisruptorPFNS_5ValueERKNS_12CallbackInfoEEPFvS7_RKS4_EEEEE11napi_statusP10napi_env__P12napi_value__PT_PFvSH_PvSM_ESM_
FNDA:0,_ZN4Napi7details10AttachDataINS_20AccessorCallbackDataI9DisruptorPFNS_5ValueERKNS_12CallbackInfoEEPFvS7_RKS4_EEEEE11napi_statusP10napi_env__P12napi_value__PT_PFvSH_PvSM_ESM_
FN:33,_ZN4Napi7details10AttachDataINS_18MethodCallbackDataI9DisruptorMS3_FvRKNS_12CallbackInfoEEEEEE11napi_statusP10napi_env__P12napi_value__PT_PFvSC_PvSH_ESH_
FNDA:0,_ZN4Napi7details10AttachDataINS_18MethodCallbackDataI9DisruptorMS3_FvRKNS_12CallbackInfoEEEEEE11napi_statusP10napi_env__P12napi_value__PT_PFvSC_PvSH_ESH_
FN:33,_ZN4Napi7details10AttachDataINS_18MethodCallbackDataI9DisruptorMS3_FNS_5ValueERKNS_12CallbackInfoEEEEEE11napi_statusP10napi_env__P12napi_value__PT_PFvSD_PvSI_ESI_
FNDA:0,_ZN4Napi7details10AttachDataINS_18MethodCallbackDataI9DisruptorMS3_FNS_5ValueERKNS_12CallbackInfoEEEEEE11napi_statusP10napi_env__P12napi_value__PT_PFvSD_PvSI_ESI_
FN:33,_ZN4Napi7details10AttachDataINS_20AccessorCallbackDataI9DisruptorMS3_FNS_5ValueERKNS_12CallbackInfoEEMS3_FvS7_RKS4_EEEEE11napi_statusP10napi_env__P12napi_value__PT_PFvSH_PvSM_ESM_
FNDA:0,_ZN4Napi7details10AttachDataINS_20AccessorCallbackDataI9DisruptorMS3_FNS_5ValueERKNS_12CallbackInfoEEMS3_FvS7_RKS4_EEEEE11napi_statusP10napi_env__P12napi_value__PT_PFvSH_PvSM_ESM_
FN:33,_ZN4Napi7details10AttachDataINS_18MethodCallbackDataI9DisruptorPFvRKNS_12CallbackInfoEEEEEE11napi_statusP10napi_env__P12napi_value__PT_PFvSC_PvSH_ESH_
FNDA:0,_ZN4Napi7details10AttachDataINS_18MethodCallbackDataI9DisruptorPFvRKNS_12CallbackInfoEEEEEE11napi_statusP10napi_env__P12napi_value__PT_PFvSC_PvSH_ESH_
FN:40,_ZZN4Napi7details10AttachDataINS_18MethodCallbackDataI9DisruptorPFNS_5ValueERKNS_12CallbackInfoEEEEEE11napi_statusP10napi_env__P12napi_value__PT_PFvSD_PvSI_ESI_ENKUlSD_SI_SI_E_clESD_SI_SI_
FNDA:0,_ZZN4Napi7details10AttachDataINS_18MethodCallbackDataI9DisruptorPFNS_5ValueERKNS_12CallbackInfoEEEEEE11napi_statusP10napi_env__P12napi_value__PT_PFvSD_PvSI_ESI_ENKUlSD_SI_SI_E_clESD_SI_SI_
FN:40,_ZZN4Napi7details10AttachDataINS_20AccessorCallbackDataI9DisruptorMS3_FNS_5ValueERKNS_12CallbackInfoEEMS3_FvS7_RKS4_EEEEE11napi_statusP10napi_env__P12napi_value__PT_PFvSH_PvSM_ESM_ENKUlSH_SM_SM_E_clESH_SM_SM_
FNDA:0,_ZZN4Napi7details10AttachDataINS_20AccessorCallbackDataI9DisruptorMS3_FNS_5ValueERKNS_12CallbackInfoEEMS3_FvS7_RKS4_EEEEE11napi_statusP10napi_env__P12napi_value__PT_PFvSH_PvSM_ESM_ENKUlSH_SM_SM_E_clESH_SM_SM_
FN:40,_ZZN4Napi7details10AttachDataINS_18MethodCallbackDataI9DisruptorMS3_FNS_5ValueERKNS_12CallbackInfoEEEEEE11napi_statusP10napi_env__P12napi_value__PT_PFvSD_PvSI_ESI_ENKUlSD_SI_SI_E_clESD_SI_SI_
FNDA:0,_ZZN4Napi7details10AttachDataINS_18MethodCallbackDataI9DisruptorMS3_FNS_5ValueERKNS_12CallbackInfoEEEEEE11napi_statusP10napi_env__P12napi_value__PT_PFvSD_PvSI_ESI_ENKUlSD_SI_SI_E_clESD_SI_SI_
FN:40,_ZZN4Napi7details10AttachDataINS_20AccessorCallbackDataI9DisruptorPFNS_5ValueERKNS_12CallbackInfoEEPFvS7_RKS4_EEEEE11napi_statusP10napi_env__P12napi_value__PT_PFvSH_PvSM_ESM_ENKUlSH_SM_SM_E_clESH_SM_SM_
FNDA:0,_ZZN4Napi7details10AttachDataINS_20AccessorCallbackDataI9DisruptorPFNS_5ValueERKNS_12CallbackInfoEEPFvS7_RKS4_EEEEE11napi_statusP10napi_env__P12napi_value__PT_PFvSH_PvSM_ESM_ENKUlSH_SM_SM_E_clESH_SM_SM_
FN:40,_ZZN4Napi7details10AttachDataINS_18MethodCallbackDataI9DisruptorPFvRKNS_12CallbackInfoEEEEEE11napi_statusP10napi_env__P12napi_value__PT_PFvSC_PvSH_ESH_ENKUlSC_SH_SH_E_clESC_SH_SH_
FNDA:0,_ZZN4Napi7details10AttachDataINS_18MethodCallbackDataI9DisruptorPFvRKNS_12CallbackInfoEEEEEE11napi_statusP10napi_env__P12napi_value__PT_PFvSC_PvSH_ESH_ENKUlSC_SH_SH_E_clESC_SH_SH_
FN:40,_ZZN4Napi7details10AttachDataINS_18MethodCallbackDataI9DisruptorMS3_FvRKNS_12CallbackInfoEEEEEE11napi_statusP10napi_env__P12napi_value__PT_PFvSC_PvSH_ESH_ENKUlSC_SH_SH_E_clESC_SH_SH_
FNDA:0,_ZZN4Napi7details10AttachDataINS_18MethodCallbackDataI9DisruptorMS3_FvRKNS_12CallbackInfoEEEEEE11napi_statusP10napi_env__P12napi_value__PT_PFvSC_PvSH_ESH_ENKUlSC_SH_SH_E_clESC_SH_SH_
FN:70,_ZN4Napi7details12WrapCallbackIZNS0_25TemplatedInstanceCallbackI9DisruptorXadL_ZNS3_14GetElementSizeERKNS_12CallbackInfoEEEEEP12napi_value__P10napi_env__P20napi_callback_info__EUlvE_EES8_T_
FNDA:2104,_ZN4Napi7details12WrapCallbackIZNS0_25TemplatedInstanceCallbackI9DisruptorXadL_ZNS3_14GetElementSizeERKNS_12CallbackInfoEEEEEP12napi_value__P10napi_env__P20napi_callback_info__EUlvE_EES8_T_
FN:70,_ZN4Napi7details12WrapCallbackIZNS0_25TemplatedInstanceCallbackI9DisruptorXadL_ZNS3_7GetSpinERKNS_12CallbackInfoEEEEEP12napi_value__P10napi_env__P20napi_callback_info__EUlvE_EES8_T_
FNDA:2026,_ZN4Napi7details12WrapCallbackIZNS0_25TemplatedInstanceCallbackI9DisruptorXadL_ZNS3_7GetSpinERKNS_12CallbackInfoEEEEEP12napi_value__P10napi_env__P20napi_callback_info__EUlvE_EES8_T_
FN:70,_ZN4Napi7details12WrapCallbackIZNS0_25TemplatedInstanceCallbackI9DisruptorXadL_ZNS3_9GetStatusERKNS_12CallbackInfoEEEEEP12napi_value__P10napi_env__P20napi_callback_info__EUlvE_EES8_T_
FNDA:12036314,_ZN4Napi7details12WrapCallbackIZNS0_25TemplatedInstanceCallbackI9DisruptorXadL_ZNS3_9GetStatusERKNS_12CallbackInfoEEEEEP12napi_value__P10napi_env__P20napi_callback_info__EUlvE_EES8_T_
FN:70,_ZN4Napi7details12WrapCallbackIZNS0_25TemplatedInstanceCallbackI9DisruptorXadL_ZNS3_12GetConsumersERKNS_12CallbackInfoEEEEEP12napi_value__P10napi_env__P20napi_callback_info__EUlvE_EES8_T_
FNDA:12,_ZN4Napi7details12WrapCallbackIZNS0_25TemplatedInstanceCallbackI9DisruptorXadL_ZNS3_12GetConsumersERKNS_12CallbackInfoEEEEEP12napi_value__P10napi_env__P20napi_callback_info__EUlvE_EES8_T_
FN:70,_ZN4Napi7details12WrapCallbackIZNS0_25TemplatedInstanceCallbackI9DisruptorXadL_ZNS3_9GetCursorERKNS_12CallbackInfoEEEEEP12napi_value__P10napi_env__P20napi_callback_info__EUlvE_EES8_T_
FNDA:222,_ZN4Napi7details12WrapCallbackIZNS0_25TemplatedInstanceCallbackI9DisruptorXadL_ZNS3_9GetCursorERKNS_12CallbackInfoEEEEEP12napi_value__P10napi_env__P20napi_callback_info__EUlvE_EES8_T_
FN:70,_ZN4Napi7details12WrapCallbackIZNS0_25TemplatedInstanceCallbackI9DisruptorXadL_ZNS3_7GetNextERKNS_12CallbackInfoEEEEEP12napi_value__P10napi_env__P20napi_callback_info__EUlvE_EES8_T_
FNDA:222,_ZN4Napi7details12WrapCallbackIZNS0_25TemplatedInstanceCallbackI9DisruptorXadL_ZNS3_7GetNextERKNS_12CallbackInfoEEEEEP12napi_value__P10napi_env__P20napi_callback_info__EUlvE_EES8_T_
FN:70,_ZN4Napi7details12WrapCallbackIZNS0_25TemplatedInstanceCallbackI9DisruptorXadL_ZNS3_17GetPendingSeqNextERKNS_12CallbackInfoEEEEEP12napi_value__P10napi_env__P20napi_callback_info__EUlvE_EES8_T_
FNDA:604663,_ZN4Napi7details12WrapCallbackIZNS0_25TemplatedInstanceCallbackI9DisruptorXadL_ZNS3_17GetPendingSeqNextERKNS_12CallbackInfoEEEEEP12napi_value__P10napi_env__P20napi_callback_info__EUlvE_EES8_T_
FN:70,_ZN4Napi7details12WrapCallbackIZNS0_25TemplatedInstanceCallbackI9DisruptorXadL_ZNS3_11GetElementsERKNS_12CallbackInfoEEEEEP12napi_value__P10napi_env__P20napi_callback_info__EUlvE_EES8_T_
FNDA:1556,_ZN4Napi7details12WrapCallbackIZNS0_25TemplatedInstanceCallbackI9DisruptorXadL_ZNS3_11GetElementsERKNS_12CallbackInfoEEEEEP12napi_value__P10napi_env__P20napi_callback_info__EUlvE_EES8_T_
FN:70,_ZN4Napi7details12WrapCallbackIZNS0_25TemplatedInstanceCallbackI9DisruptorXadL_ZNS3_11GetConsumerERKNS_12CallbackInfoEEEEEP12napi_value__P10napi_env__P20napi_callback_info__EUlvE_EES8_T_
FNDA:222,_ZN4Napi7details12WrapCallbackIZNS0_25TemplatedInstanceCallbackI9DisruptorXadL_ZNS3_11GetConsumerERKNS_12CallbackInfoEEEEEP12napi_value__P10napi_env__P20napi_callback_info__EUlvE_EES8_T_
FN:70,_ZN4Napi7details12WrapCallbackIZNS0_25TemplatedInstanceCallbackI9DisruptorXadL_ZNS3_19GetPendingSeqCursorERKNS_12CallbackInfoEEEEEP12napi_value__P10napi_env__P20napi_callback_info__EUlvE_EES8_T_
FNDA:87,_ZN4Napi7details12WrapCallbackIZNS0_25TemplatedInstanceCallbackI9DisruptorXadL_ZNS3_19GetPendingSeqCursorERKNS_12CallbackInfoEEEEEP12napi_value__P10napi_env__P20napi_callback_info__EUlvE_EES8_T_
FN:70,_ZN4Napi7details12WrapCallbackIZNS0_29TemplatedInstanceVoidCallbackI9DisruptorXadL_ZNS3_15ConsumeNewAsyncERKNS_12CallbackInfoEEEEEP12napi_value__P10napi_env__P20napi_callback_info__EUlvE_EES8_T_
FNDA:13,_ZN4Napi7details12WrapCallbackIZNS0_29TemplatedInstanceVoidCallbackI9DisruptorXadL_ZNS3_15ConsumeNewAsyncERKNS_12CallbackInfoEEEEEP12napi_value__P10napi_env__P20napi_callback_info__EUlvE_EES8_T_
FN:70,_ZN4Napi7details12WrapCallbackIZNS0_29TemplatedInstanceVoidCallbackI9DisruptorXadL_ZNS3_17ProduceClaimAsyncERKNS_12CallbackInfoEEEEEP12napi_value__P10napi_env__P20napi_callback_info__EUlvE_EES8_T_
FNDA:807,_ZN4Napi7details12WrapCallbackIZNS0_29TemplatedInstanceVoidCallbackI9DisruptorXadL_ZNS3_17ProduceClaimAsyncERKNS_12CallbackInfoEEEEEP12napi_value__P10napi_env__P20napi_callback_info__EUlvE_EES8_T_
FN:70,_ZN4Napi7details12WrapCallbackIZNS0_29TemplatedInstanceVoidCallbackI9DisruptorXadL_ZNS3_21ProduceClaimManyAsyncERKNS_12CallbackInfoEEEEEP12napi_value__P10napi_env__P20napi_callback_info__EUlvE_EES8_T_
FNDA:11,_ZN4Napi7details12WrapCallbackIZNS0_29TemplatedInstanceVoidCallbackI9DisruptorXadL_ZNS3_21ProduceClaimManyAsyncERKNS_12CallbackInfoEEEEEP12napi_value__P10napi_env__P20napi_callback_info__EUlvE_EES8_T_
FN:70,_ZN4Napi7details12WrapCallbackIZNS0_29TemplatedInstanceVoidCallbackI9DisruptorXadL_ZNS3_22ProduceClaimAvailAsyncERKNS_12CallbackInfoEEEEEP12napi_value__P10napi_env__P20napi_callback_info__EUlvE_EES8_T_
FNDA:2,_ZN4Napi7details12WrapCallbackIZNS0_29TemplatedInstanceVoidCallbackI9DisruptorXadL_ZNS3_22ProduceClaimAvailAsyncERKNS_12CallbackInfoEEEEEP12napi_value__P10napi_env__P20napi_callback_info__EUlvE_EES8_T_
FN:70,_ZN4Napi7details12WrapCallbackIZNS0_29TemplatedInstanceVoidCallbackI9DisruptorXadL_ZNS3_18ProduceCommitAsyncERKNS_12CallbackInfoEEEEEP12napi_value__P10napi_env__P20napi_callback_info__EUlvE_EES8_T_
FNDA:811,_ZN4Napi7details12WrapCallbackIZNS0_29TemplatedInstanceVoidCallbackI9DisruptorXadL_ZNS3_18ProduceCommitAsyncERKNS_12CallbackInfoEEEEEP12napi_value__P10napi_env__P20napi_callback_info__EUlvE_EES8_T_
FN:70,_ZN4Napi7details12WrapCallbackIZNS0_25TemplatedInstanceCallbackI9DisruptorXadL_ZNS3_17ProduceCommitSyncERKNS_12CallbackInfoEEEEEP12napi_value__P10napi_env__P20napi_callback_info__EUlvE_EES8_T_
FNDA:811,_ZN4Napi7details12WrapCallbackIZNS0_25TemplatedInstanceCallbackI9DisruptorXadL_ZNS3_17ProduceCommitSyncERKNS_12CallbackInfoEEEEEP12napi_value__P10napi_env__P20napi_callback_info__EUlvE_EES8_T_
FN:70,_ZN4Napi7details12WrapCallbackIZNS0_21TemplatedVoidCallbackIXadL_Z12NullCallbackRKNS_12CallbackInfoEEEEEP12napi_value__P10napi_env__P20napi_callback_info__EUlvE_EES7_T_
FNDA:0,_ZN4Napi7details12WrapCallbackIZNS0_21TemplatedVoidCallbackIXadL_Z12NullCallbackRKNS_12CallbackInfoEEEEEP12napi_value__P10napi_env__P20napi_callback_info__EUlvE_EES7_T_
FN:70,_ZN4Napi7details12WrapCallbackIZNS0_25TemplatedInstanceCallbackI9DisruptorXadL_ZNS3_12ProduceClaimERKNS_12CallbackInfoEEEEEP12napi_value__P10napi_env__P20napi_callback_info__EUlvE_EES8_T_
FNDA:519445,_ZN4Napi7details12WrapCallbackIZNS0_25TemplatedInstanceCallbackI9DisruptorXadL_ZNS3_12ProduceClaimERKNS_12CallbackInfoEEEEEP12napi_value__P10napi_env__P20napi_callback_info__EUlvE_EES8_T_
FN:70,_ZN4Napi7details12WrapCallbackIZNS0_25TemplatedInstanceCallbackI9DisruptorXadL_ZNS3_16ProduceClaimSyncERKNS_12CallbackInfoEEEEEP12napi_value__P10napi_env__P20napi_callback_info__EUlvE_EES8_T_
FNDA:807,_ZN4Napi7details12WrapCallbackIZNS0_25TemplatedInstanceCallbackI9DisruptorXadL_ZNS3_16ProduceClaimSyncERKNS_12CallbackInfoEEEEEP12napi_value__P10napi_env__P20napi_callback_info__EUlvE_EES8_T_
FN:70,_ZN4Napi7details12WrapCallbackIZNS0_25TemplatedInstanceCallbackI9DisruptorXadL_ZNS3_16ProduceClaimManyERKNS_12CallbackInfoEEEEEP12napi_value__P10napi_env__P20napi_callback_info__EUlvE_EES8_T_
FNDA:40,_ZN4Napi7details12WrapCallbackIZNS0_25TemplatedInstanceCallbackI9DisruptorXadL_ZNS3_16ProduceClaimManyERKNS_12CallbackInfoEEEEEP12napi_value__P10napi_env__P20napi_callback_info__EUlvE_EES8_T_
FN:70,_ZN4Napi7details12WrapCallbackIZNS0_25TemplatedInstanceCallbackI9DisruptorXadL_ZNS3_20ProduceClaimManySyncERKNS_12CallbackInfoEEEEEP12napi_value__P10napi_env__P20napi_callback_info__EUlvE_EES8_T_
FNDA:11,_ZN4Napi7details12WrapCallbackIZNS0_25TemplatedInstanceCallbackI9DisruptorXadL_ZNS3_20ProduceClaimManySyncERKNS_12CallbackInfoEEEEEP12napi_value__P10napi_env__P20napi_callback_info__EUlvE_EES8_T_
FN:70,_ZN4Napi7details12WrapCallbackIZNS0_25TemplatedInstanceCallbackI9DisruptorXadL_ZNS3_17ProduceClaimAvailERKNS_12CallbackInfoEEEEEP12napi_value__P10napi_env__P20napi_callback_info__EUlvE_EES8_T_
FNDA:84312,_ZN4Napi7details12WrapCallbackIZNS0_25TemplatedInstanceCallbackI9DisruptorXadL_ZNS3_17ProduceClaimAvailERKNS_12CallbackInfoEEEEEP12napi_value__P10napi_env__P20napi_callback_info__EUlvE_EES8_T_
FN:70,_ZN4Napi7details12WrapCallbackIZNS0_25TemplatedInstanceCallbackI9DisruptorXadL_ZNS3_21ProduceClaimAvailSyncERKNS_12CallbackInfoEEEEEP12napi_value__P10napi_env__P20napi_callback_info__EUlvE_EES8_T_
FNDA:2,_ZN4Napi7details12WrapCallbackIZNS0_25TemplatedInstanceCallbackI9DisruptorXadL_ZNS3_21ProduceClaimAvailSyncERKNS_12CallbackInfoEEEEEP12napi_value__P10napi_env__P20napi_callback_info__EUlvE_EES8_T_
FN:70,_ZN4Napi7details12WrapCallbackIZNS0_25TemplatedInstanceCallbackI9DisruptorXadL_ZNS3_13ProduceCommitERKNS_12CallbackInfoEEEEEP12napi_value__P10napi_env__P20napi_callback_info__EUlvE_EES8_T_
FNDA:521618,_ZN4Napi7details12WrapCallbackIZNS0_25TemplatedInstanceCallbackI9DisruptorXadL_ZNS3_13ProduceCommitERKNS_12CallbackInfoEEEEEP12napi_value__P10napi_env__P20napi_callback_info__EUlvE_EES8_T_
FN:70,_ZN4Napi7details12WrapCallbackIZNS0_25TemplatedInstanceCallbackI9DisruptorXadL_ZNS3_23GetAllConsumersIgnoringERKNS_12CallbackInfoEEEEEP12napi_value__P10napi_env__P20napi_callback_info__EUlvE_EES8_T_
FNDA:604649,_ZN4Napi7details12WrapCallbackIZNS0_25TemplatedInstanceCallbackI9DisruptorXadL_ZNS3_23GetAllConsumersIgnoringERKNS_12CallbackInfoEEEEEP12napi_value__P10napi_env__P20napi_callback_info__EUlvE_EES8_T_
FN:70,_ZN4Napi7details12WrapCallbackIZNS0_25TemplatedInstanceCallbackI9DisruptorXadL_ZNS3_14ProduceRecoverERKNS_12CallbackInfoEEEEEP12napi_value__P10napi_env__P20napi_callback_info__EUlvE_EES8_T_
FNDA:76,_ZN4Napi7details12WrapCallbackIZNS0_25TemplatedInstanceCallbackI9DisruptorXadL_ZNS3_14ProduceRecoverERKNS_12CallbackInfoEEEEEP12napi_value__P10napi_env__P20napi_callback_info__EUlvE_EES8_T_
FN:70,_ZN4Napi7details12WrapCallbackIZNS0_25TemplatedInstanceCallbackI9DisruptorXadL_ZNS3_10ConsumeNewERKNS_12CallbackInfoEEEEEP12napi_value__P10napi_env__P20napi_callback_info__EUlvE_EES8_T_
FNDA:7074862,_ZN4Napi7details12WrapCallbackIZNS0_25TemplatedInstanceCallbackI9DisruptorXadL_ZNS3_10ConsumeNewERKNS_12CallbackInfoEEEEEP12napi_value__P10napi_env__P20napi_callback_info__EUlvE_EES8_T_
FN:70,_ZN4Napi7details12WrapCallbackIZNS0_25TemplatedInstanceCallbackI9DisruptorXadL_ZNS3_14ConsumeNewSyncERKNS_12CallbackInfoEEEEEP12napi_value__P10napi_env__P20napi_callback_info__EUlvE_EES8_T_
FNDA:13,_ZN4Napi7details12WrapCallbackIZNS0_25TemplatedInstanceCallbackI9DisruptorXadL_ZNS3_14ConsumeNewSyncERKNS_12CallbackInfoEEEEEP12napi_value__P10napi_env__P20napi_callback_info__EUlvE_EES8_T_
FN:70,_ZN4Napi7details12WrapCallbackIZNS0_25TemplatedInstanceCallbackI9DisruptorXadL_ZNS3_13ConsumeCommitERKNS_12CallbackInfoEEEEEP12napi_value__P10napi_env__P20napi_callback_info__EUlvE_EES8_T_
FNDA:7074880,_ZN4Napi7details12WrapCallbackIZNS0_25TemplatedInstanceCallbackI9DisruptorXadL_ZNS3_13ConsumeCommitERKNS_12CallbackInfoEEEEEP12napi_value__P10napi_env__P20napi_callback_info__EUlvE_EES8_T_
FN:70,_ZN4Napi7details12WrapCallbackIZNS0_29TemplatedInstanceVoidCallbackI9DisruptorXadL_ZNS3_7ReleaseERKNS_12CallbackInfoEEEEEP12napi_value__P10napi_env__P20napi_callback_info__EUlvE_EES8_T_
FNDA:5257,_ZN4Napi7details12WrapCallbackIZNS0_29TemplatedInstanceVoidCallbackI9DisruptorXadL_ZNS3_7ReleaseERKNS_12CallbackInfoEEEEEP12napi_value__P10napi_env__P20napi_callback_info__EUlvE_EES8_T_
FN:70,_ZN4Napi7details12WrapCallbackIZNS0_25TemplatedInstanceCallbackI9DisruptorXadL_ZNS3_21GetPendingSeqConsumerERKNS_12CallbackInfoEEEEEP12napi_value__P10napi_env__P20napi_callback_info__EUlvE_EES8_T_
FNDA:7074962,_ZN4Napi7details12WrapCallbackIZNS0_25TemplatedInstanceCallbackI9DisruptorXadL_ZNS3_21GetPendingSeqConsumerERKNS_12CallbackInfoEEEEEP12napi_value__P10napi_env__P20napi_callback_info__EUlvE_EES8_T_
FN:70,_ZN4Napi7details12WrapCallbackIZNS_12InstanceWrapI9DisruptorE29InstanceSetterCallbackWrapperEP10napi_env__P20napi_callback_info__EUlvE_EEP12napi_value__T_
FNDA:0,_ZN4Napi7details12WrapCallbackIZNS_12InstanceWrapI9DisruptorE29InstanceSetterCallbackWrapperEP10napi_env__P20napi_callback_info__EUlvE_EEP12napi_value__T_
FN:70,_ZN4Napi7details12WrapCallbackIZNS0_25TemplatedInstanceCallbackI9DisruptorXadL_ZNS3_20GetPendingSeqNextEndERKNS_12CallbackInfoEEEEEP12napi_value__P10napi_env__P20napi_callback_info__EUlvE_EES8_T_
FNDA:604663,_ZN4Napi7details12WrapCallbackIZNS0_25TemplatedInstanceCallbackI9DisruptorXadL_ZNS3_20GetPendingSeqNextEndERKNS_12CallbackInfoEEEEEP12napi_value__P10napi_env__P20napi_callback_info__EUlvE_EES8_T_
FN:70,_ZN4Napi7details12WrapCallbackIZNS_11AsyncWorker14OnWorkCompleteENS_3EnvE11napi_statusEUlvE_EEP12napi_value__T_
FNDA:3596153,_ZN4Napi7details12WrapCallbackIZNS_11AsyncWorker14OnWorkCompleteENS_3EnvE11napi_statusEUlvE_EEP12napi_value__T_
FN:70,_ZN4Napi7details12WrapCallbackIZNS_14RegisterModuleEP10napi_env__P12napi_value__PFNS_6ObjectENS_3EnvES6_EEUlvE_EES5_T_
FNDA:506,_ZN4Napi7details12WrapCallbackIZNS_14RegisterModuleEP10napi_env__P12napi_value__PFNS_6ObjectENS_3EnvES6_EEUlvE_EES5_T_
FN:70,_ZN4Napi7details12WrapCallbackIZNS_12InstanceWrapI9DisruptorE33InstanceVoidMethodCallbackWrapperEP10napi_env__P20napi_callback_info__EUlvE_EEP12napi_value__T_
FNDA:0,_ZN4Napi7details12WrapCallbackIZNS_12InstanceWrapI9DisruptorE33InstanceVoidMethodCallbackWrapperEP10napi_env__P20napi_callback_info__EUlvE_EEP12napi_value__T_
FN:70,_ZN4Napi7details12WrapCallbackIZNS_10ObjectWrapI9DisruptorE27StaticSetterCallbackWrapperEP10napi_env__P20napi_callback_info__EUlvE_EEP12napi_value__T_
FNDA:0,_ZN4Napi7details12WrapCallbackIZNS_10ObjectWrapI9DisruptorE27StaticSetterCallbackWrapperEP10napi_env__P20napi_callback_info__EUlvE_EEP12napi_value__T_
FN:70,_ZN4Napi7details12WrapCallbackIZNS_10ObjectWrapI9DisruptorE27StaticGetterCallbackWrapperEP10napi_env__P20napi_callback_info__EUlvE_EEP12napi_value__T_
FNDA:0,_ZN4Napi7details12WrapCallbackIZNS_10ObjectWrapI9DisruptorE27StaticGetterCallbackWrapperEP10napi_env__P20napi_callback_info__EUlvE_EEP12napi_value__T_
FN:70,_ZN4Napi7details12WrapCallbackIZNS_10ObjectWrapI9DisruptorE26ConstructorCallbackWrapperEP10napi_env__P20napi_callback_info__EUlvE0_EEP12napi_value__T_
FNDA:5771,_ZN4Napi7details12WrapCallbackIZNS_10ObjectWrapI9DisruptorE26ConstructorCallbackWrapperEP10napi_env__P20napi_callback_info__EUlvE0_EEP12napi_value__T_
FN:70,_ZN4Napi7details12WrapCallbackIZNS_10ObjectWrapI9DisruptorE26ConstructorCallbackWrapperEP10napi_env__P20napi_callback_info__EUlvE_EEP12napi_value__T_
FNDA:0,_ZN4Napi7details12WrapCallbackIZNS_10ObjectWrapI9DisruptorE26ConstructorCallbackWrapperEP10napi_env__P20napi_callback_info__EUlvE_EEP12napi_value__T_
FN:70,_ZN4Napi7details12WrapCallbackIZNS_12InstanceWrapI9DisruptorE29InstanceMethodCallbackWrapperEP10napi_env__P20napi_callback_info__EUlvE_EEP12napi_value__T_
FNDA:0,_ZN4Napi7details12WrapCallbackIZNS_12InstanceWrapI9DisruptorE29InstanceMethodCallbackWrapperEP10napi_env__P20napi_callback_info__EUlvE_EEP12napi_value__T_
FN:70,_ZN4Napi7details12WrapCallbackIZNS_10ObjectWrapI9DisruptorE31StaticVoidMethodCallbackWrapperEP10napi_env__P20napi_callback_info__EUlvE_EEP12napi_value__T_
FNDA:0,_ZN4Napi7details12WrapCallbackIZNS_10ObjectWrapI9DisruptorE31StaticVoidMethodCallbackWrapperEP10napi_env__P20napi_callback_info__EUlvE_EEP12napi_value__T_
FN:70,_ZN4Napi7details12WrapCallbackIZNS_10ObjectWrapI9DisruptorE27StaticMethodCallbackWrapperEP10napi_env__P20napi_callback_info__EUlvE_EEP12napi_value__T_
FNDA:0,_ZN4Napi7details12WrapCallbackIZNS_10ObjectWrapI9DisruptorE27StaticMethodCallbackWrapperEP10napi_env__P20napi_callback_info__EUlvE_EEP12napi_value__T_
FN:70,_ZN4Napi7details12WrapCallbackIZNS_12InstanceWrapI9DisruptorE13WrappedMethodIXadL_ZNS3_9SetStatusERKNS_12CallbackInfoERKNS_5ValueEEEEEP12napi_value__P10napi_env__P20napi_callback_info__EUlvE_EESD_T_
FNDA:11,_ZN4Napi7details12WrapCallbackIZNS_12InstanceWrapI9DisruptorE13WrappedMethodIXadL_ZNS3_9SetStatusERKNS_12CallbackInfoERKNS_5ValueEEEEEP12napi_value__P10napi_env__P20napi_callback_info__EUlvE_EESD_T_
FN:70,_ZN4Napi7details12WrapCallbackIZNS_12InstanceWrapI9DisruptorE29InstanceGetterCallbackWrapperEP10napi_env__P20napi_callback_info__EUlvE_EEP12napi_value__T_
FNDA:0,_ZN4Napi7details12WrapCallbackIZNS_12InstanceWrapI9DisruptorE29InstanceGetterCallbackWrapperEP10napi_env__P20napi_callback_info__EUlvE_EEP12napi_value__T_
FN:89,_ZN4Napi7details16WrapVoidCallbackIZNS0_12FinalizeDataIhZN9DisruptorC4ERKNS_12CallbackInfoEEUlNS_3EnvEPhE_vE7WrapperEP10napi_env__PvSD_EUlvE_EEvT_
FNDA:4758,_ZN4Napi7details16WrapVoidCallbackIZNS0_12FinalizeDataIhZN9DisruptorC4ERKNS_12CallbackInfoEEUlNS_3EnvEPhE_vE7WrapperEP10napi_env__PvSD_EUlvE_EEvT_
FN:137,_ZN4Napi7details21TemplatedVoidCallbackIXadL_Z12NullCallbackRKNS_12CallbackInfoEEEEEP12napi_value__P10napi_env__P20napi_callback_info__
FNDA:0,_ZN4Napi7details21TemplatedVoidCallbackIXadL_Z12NullCallbackRKNS_12CallbackInfoEEEEEP12napi_value__P10napi_env__P20napi_callback_info__
FN:139,_ZZN4Napi7details21TemplatedVoidCallbackIXadL_Z12NullCallbackRKNS_12CallbackInfoEEEEEP12napi_value__P10napi_env__P20napi_callback_info__ENKUlvE_clEv
FNDA:0,_ZZN4Napi7details21TemplatedVoidCallbackIXadL_Z12NullCallbackRKNS_12CallbackInfoEEEEEP12napi_value__P10napi_env__P20napi_callback_info__ENKUlvE_clEv
FN:157,_ZN4Napi7details25TemplatedInstanceCallbackI9DisruptorXadL_ZNS2_13ConsumeCommitERKNS_12CallbackInfoEEEEEP12napi_value__P10napi_env__P20napi_callback_info__
FNDA:7074880,_ZN4Napi7details25TemplatedInstanceCallbackI9DisruptorXadL_ZNS2_13ConsumeCommitERKNS_12CallbackInfoEEEEEP12napi_value__P10napi_env__P20napi_callback_info__
FN:157,_ZN4Napi7details25TemplatedInstanceCallbackI9DisruptorXadL_ZNS2_14ConsumeNewSyncERKNS_12CallbackInfoEEEEEP12napi_value__P10napi_env__P20napi_callback_info__
FNDA:13,_ZN4Napi7details25TemplatedInstanceCallbackI9DisruptorXadL_ZNS2_14ConsumeNewSyncERKNS_12CallbackInfoEEEEEP12napi_value__P10napi_env__P20napi_callback_info__
FN:157,_ZN4Napi7details25TemplatedInstanceCallbackI9DisruptorXadL_ZNS2_21GetPendingSeqConsumerERKNS_12CallbackInfoEEEEEP12napi_value__P10napi_env__P20napi_callback_info__
FNDA:7074962,_ZN4Napi7details25TemplatedInstanceCallbackI9DisruptorXadL_ZNS2_21GetPendingSeqConsumerERKNS_12CallbackInfoEEEEEP12napi_value__P10napi_env__P20napi_callback_info__
FN:157,_ZN4Napi7details25TemplatedInstanceCallbackI9DisruptorXadL_ZNS2_19GetPendingSeqCursorERKNS_12CallbackInfoEEEEEP12napi_value__P10napi_env__P20napi_callback_info__
FNDA:87,_ZN4Napi7details25TemplatedInstanceCallbackI9DisruptorXadL_ZNS2_19GetPendingSeqCursorERKNS_12CallbackInfoEEEEEP12napi_value__P10napi_env__P20napi_callback_info__
FN:157,_ZN4Napi7details25TemplatedInstanceCallbackI9DisruptorXadL_ZNS2_11GetConsumerERKNS_12CallbackInfoEEEEEP12napi_value__P10napi_env__P20napi_callback_info__
FNDA:222,_ZN4Napi7details25TemplatedInstanceCallbackI9DisruptorXadL_ZNS2_11GetConsumerERKNS_12CallbackInfoEEEEEP12napi_value__P10napi_env__P20napi_callback_info__
FN:157,_ZN4Napi7details25TemplatedInstanceCallbackI9DisruptorXadL_ZNS2_11GetElementsERKNS_12CallbackInfoEEEEEP12napi_value__P10napi_env__P20napi_callback_info__
FNDA:1556,_ZN4Napi7details25TemplatedInstanceCallbackI9DisruptorXadL_ZNS2_11GetElementsERKNS_12CallbackInfoEEEEEP12napi_value__P10napi_env__P20napi_callback_info__
FN:157,_ZN4Napi7details25TemplatedInstanceCallbackI9DisruptorXadL_ZNS2_7GetNextERKNS_12CallbackInfoEEEEEP12napi_value__P10napi_env__P20napi_callback_info__
FNDA:222,_ZN4Napi7details25TemplatedInstanceCallbackI9DisruptorXadL_ZNS2_7GetNextERKNS_12CallbackInfoEEEEEP12napi_value__P10napi_env__P20napi_callback_info__
FN:157,_ZN4Napi7details25TemplatedInstanceCallbackI9DisruptorXadL_ZNS2_9GetCursorERKNS_12CallbackInfoEEEEEP12napi_value__P10napi_env__P20napi_callback_info__
FNDA:222,_ZN4Napi7details25TemplatedInstanceCallbackI9DisruptorXadL_ZNS2_9GetCursorERKNS_12CallbackInfoEEEEEP12napi_value__P10napi_env__P20napi_callback_info__
FN:157,_ZN4Napi7details25TemplatedInstanceCallbackI9DisruptorXadL_ZNS2_12GetConsumersERKNS_12CallbackInfoEEEEEP12napi_value__P10napi_env__P20napi_callback_info__
FNDA:12,_ZN4Napi7details25TemplatedInstanceCallbackI9DisruptorXadL_ZNS2_12GetConsumersERKNS_12CallbackInfoEEEEEP12napi_value__P10napi_env__P20napi_callback_info__
FN:157,_ZN4Napi7details25TemplatedInstanceCallbackI9DisruptorXadL_ZNS2_9GetStatusERKNS_12CallbackInfoEEEEEP12napi_value__P10napi_env__P20napi_callback_info__
FNDA:12036314,_ZN4Napi7details25TemplatedInstanceCallbackI9DisruptorXadL_ZNS2_9GetStatusERKNS_12CallbackInfoEEEEEP12napi_value__P10napi_env__P20napi_callback_info__
FN:157,_ZN4Napi7details25TemplatedInstanceCallbackI9DisruptorXadL_ZNS2_7GetSpinERKNS_12CallbackInfoEEEEEP12napi_value__P10napi_env__P20napi_callback_info__
FNDA:2026,_ZN4Napi7details25TemplatedInstanceCallbackI9DisruptorXadL_ZNS2_7GetSpinERKNS_12CallbackInfoEEEEEP12napi_value__P10napi_env__P20napi_callback_info__
FN:157,_ZN4Napi7details25TemplatedInstanceCallbackI9DisruptorXadL_ZNS2_14GetElementSizeERKNS_12CallbackInfoEEEEEP12napi_value__P10napi_env__P20napi_callback_info__
FNDA:2104,_ZN4Napi7details25TemplatedInstanceCallbackI9DisruptorXadL_ZNS2_14GetElementSizeERKNS_12CallbackInfoEEEEEP12napi_value__P10napi_env__P20napi_callback_info__
FN:157,_ZN4Napi7details25TemplatedInstanceCallbackI9DisruptorXadL_ZNS2_23GetAllConsumersIgnoringERKNS_12CallbackInfoEEEEEP12napi_value__P10napi_env__P20napi_callback_info__
FNDA:604649,_ZN4Napi7details25TemplatedInstanceCallbackI9DisruptorXadL_ZNS2_23GetAllConsumersIgnoringERKNS_12CallbackInfoEEEEEP12napi_value__P10napi_env__P20napi_callback_info__
FN:157,_ZN4Napi7details25TemplatedInstanceCallbackI9DisruptorXadL_ZNS2_20GetPendingSeqNextEndERKNS_12CallbackInfoEEEEEP12napi_value__P10napi_env__P20napi_callback_info__
FNDA:604663,_ZN4Napi7details25TemplatedInstanceCallbackI9DisruptorXadL_ZNS2_20GetPendingSeqNextEndERKNS_12CallbackInfoEEEEEP12napi_value__P10napi_env__P20napi_callback_info__
FN:157,_ZN4Napi7details25TemplatedInstanceCallbackI9DisruptorXadL_ZNS2_17GetPendingSeqNextERKNS_12CallbackInfoEEEEEP12napi_value__P10napi_env__P20napi_callback_info__
FNDA:604663,_ZN4Napi7details25TemplatedInstanceCallbackI9DisruptorXadL_ZNS2_17GetPendingSeqNextERKNS_12CallbackInfoEEEEEP12napi_value__P10napi_env__P20napi_callback_info__
FN:157,_ZN4Napi7details25TemplatedInstanceCallbackI9DisruptorXadL_ZNS2_17ProduceCommitSyncERKNS_12CallbackInfoEEEEEP12napi_value__P10napi_env__P20napi_callback_info__
FNDA:811,_ZN4Napi7details25TemplatedInstanceCallbackI9DisruptorXadL_ZNS2_17ProduceCommitSyncERKNS_12CallbackInfoEEEEEP12napi_value__P10napi_env__P20napi_callback_info__
FN:157,_ZN4Napi7details25TemplatedInstanceCallbackI9DisruptorXadL_ZNS2_13ProduceCommitERKNS_12CallbackInfoEEEEEP12napi_value__P10napi_env__P20napi_callback_info__
FNDA:521618,_ZN4Napi7details25TemplatedInstanceCallbackI9DisruptorXadL_ZNS2_13ProduceCommitERKNS_12CallbackInfoEEEEEP12napi_value__P10napi_env__P20napi_callback_info__
FN:157,_ZN4Napi7details25TemplatedInstanceCallbackI9DisruptorXadL_ZNS2_21ProduceClaimAvailSyncERKNS_12CallbackInfoEEEEEP12napi_value__P10napi_env__P20napi_callback_info__
FNDA:2,_ZN4Napi7details25TemplatedInstanceCallbackI9DisruptorXadL_ZNS2_21ProduceClaimAvailSyncERKNS_12CallbackInfoEEEEEP12napi_value__P10napi_env__P20napi_callback_info__
FN:157,_ZN4Napi7details25TemplatedInstanceCallbackI9DisruptorXadL_ZNS2_12ProduceClaimERKNS_12CallbackInfoEEEEEP12napi_value__P10napi_env__P20napi_callback_info__
FNDA:519445,_ZN4Napi7details25TemplatedInstanceCallbackI9DisruptorXadL_ZNS2_12ProduceClaimERKNS_12CallbackInfoEEEEEP12napi_value__P10napi_env__P20napi_callback_info__
FN:157,_ZN4Napi7details25TemplatedInstanceCallbackI9DisruptorXadL_ZNS2_14ProduceRecoverERKNS_12CallbackInfoEEEEEP12napi_value__P10napi_env__P20napi_callback_info__
FNDA:76,_ZN4Napi7details25TemplatedInstanceCallbackI9DisruptorXadL_ZNS2_14ProduceRecoverERKNS_12CallbackInfoEEEEEP12napi_value__P10napi_env__P20napi_callback_info__
FN:157,_ZN4Napi7details25TemplatedInstanceCallbackI9DisruptorXadL_ZNS2_16ProduceClaimManyERKNS_12CallbackInfoEEEEEP12napi_value__P10napi_env__P20napi_callback_info__
FNDA:40,_ZN4Napi7details25TemplatedInstanceCallbackI9DisruptorXadL_ZNS2_16ProduceClaimManyERKNS_12CallbackInfoEEEEEP12napi_value__P10napi_env__P20napi_callback_info__
FN:157,_ZN4Napi7details25TemplatedInstanceCallbackI9DisruptorXadL_ZNS2_10ConsumeNewERKNS_12CallbackInfoEEEEEP12napi_value__P10napi_env__P20napi_callback_info__
FNDA:7074862,_ZN4Napi7details25TemplatedInstanceCallbackI9DisruptorXadL_ZNS2_10ConsumeNewERKNS_12CallbackInfoEEEEEP12napi_value__P10napi_env__P20napi_callback_info__
FN:157,_ZN4Napi7details25TemplatedInstanceCallbackI9DisruptorXadL_ZNS2_17ProduceClaimAvailERKNS_12CallbackInfoEEEEEP12napi_value__P10napi_env__P20napi_callback_info__
FNDA:84312,_ZN4Napi7details25TemplatedInstanceCallbackI9DisruptorXadL_ZNS2_17ProduceClaimAvailERKNS_12CallbackInfoEEEEEP12napi_value__P10napi_env__P20napi_callback_info__
FN:157,_ZN4Napi7details25TemplatedInstanceCallbackI9DisruptorXadL_ZNS2_16ProduceClaimSyncERKNS_12CallbackInfoEEEEEP12napi_value__P10napi_env__P20napi_callback_info__
FNDA:807,_ZN4Napi7details25TemplatedInstanceCallbackI9DisruptorXadL_ZNS2_16ProduceClaimSyncERKNS_12CallbackInfoEEEEEP12napi_value__P10napi_env__P20napi_callback_info__
FN:157,_ZN4Napi7details25TemplatedInstanceCallbackI9DisruptorXadL_ZNS2_20ProduceClaimManySyncERKNS_12CallbackInfoEEEEEP12napi_value__P10napi_env__P20napi_callback_info__
FNDA:11,_ZN4Napi7details25TemplatedInstanceCallbackI9DisruptorXadL_ZNS2_20ProduceClaimManySyncERKNS_12CallbackInfoEEEEEP12napi_value__P10napi_env__P20napi_callback_info__
FN:159,_ZZN4Napi7details25TemplatedInstanceCallbackI9DisruptorXadL_ZNS2_7GetNextERKNS_12CallbackInfoEEEEEP12napi_value__P10napi_env__P20napi_callback_info__ENKUlvE_clEv
FNDA:222,_ZZN4Napi7details25TemplatedInstanceCallbackI9DisruptorXadL_ZNS2_7GetNextERKNS_12CallbackInfoEEEEEP12napi_value__P10napi_env__P20napi_callback_info__ENKUlvE_clEv
FN:159,_ZZN4Napi7details25TemplatedInstanceCallbackI9DisruptorXadL_ZNS2_7GetSpinERKNS_12CallbackInfoEEEEEP12napi_value__P10napi_env__P20napi_callback_info__ENKUlvE_clEv
FNDA:2026,_ZZN4Napi7details25TemplatedInstanceCallbackI9DisruptorXadL_ZNS2_7GetSpinERKNS_12CallbackInfoEEEEEP12napi_value__P10napi_env__P20napi_callback_info__ENKUlvE_clEv
FN:159,_ZZN4Napi7details25TemplatedInstanceCallbackI9DisruptorXadL_ZNS2_19GetPendingSeqCursorERKNS_12CallbackInfoEEEEEP12napi_value__P10napi_env__P20napi_callback_info__ENKUlvE_clEv
FNDA:87,_ZZN4Napi7details25TemplatedInstanceCallbackI9DisruptorXadL_ZNS2_19GetPendingSeqCursorERKNS_12CallbackInfoEEEEEP12napi_value__P10napi_env__P20napi_callback_info__ENKUlvE_clEv
FN:159,_ZZN4Napi7details25TemplatedInstanceCallbackI9DisruptorXadL_ZNS2_20ProduceClaimManySyncERKNS_12CallbackInfoEEEEEP12napi_value__P10napi_env__P20napi_callback_info__ENKUlvE_clEv
FNDA:11,_ZZN4Napi7details25TemplatedInstanceCallbackI9DisruptorXadL_ZNS2_20ProduceClaimManySyncERKNS_12CallbackInfoEEEEEP12napi_value__P10napi_env__P20napi_callback_info__ENKUlvE_clEv
FN:159,_ZZN4Napi7details25TemplatedInstanceCallbackI9DisruptorXadL_ZNS2_11GetConsumerERKNS_12CallbackInfoEEEEEP12napi_value__P10napi_env__P20napi_callback_info__ENKUlvE_clEv
FNDA:222,_ZZN4Napi7details25TemplatedInstanceCallbackI9DisruptorXadL_ZNS2_11GetConsumerERKNS_12CallbackInfoEEEEEP12napi_value__P10napi_env__P20napi_callback_info__ENKUlvE_clEv
FN:159,_ZZN4Napi7details25TemplatedInstanceCallbackI9DisruptorXadL_ZNS2_11GetElementsERKNS_12CallbackInfoEEEEEP12napi_value__P10napi_env__P20napi_callback_info__ENKUlvE_clEv
FNDA:1556,_ZZN4Napi7details25TemplatedInstanceCallbackI9DisruptorXadL_ZNS2_11GetElementsERKNS_12CallbackInfoEEEEEP12napi_value__P10napi_env__P20napi_callback_info__ENKUlvE_clEv
FN:159,_ZZN4Napi7details25TemplatedInstanceCallbackI9DisruptorXadL_ZNS2_17ProduceClaimAvailERKNS_12CallbackInfoEEEEEP12napi_value__P10napi_env__P20napi_callback_info__ENKUlvE_clEv
FNDA:84312,_ZZN4Napi7details25TemplatedInstanceCallbackI9DisruptorXadL_ZNS2_17ProduceClaimAvailERKNS_12CallbackInfoEEEEEP12napi_value__P10napi_env__P20napi_callback_info__ENKUlvE_clEv
FN:159,_ZZN4Napi7details25TemplatedInstanceCallbackI9DisruptorXadL_ZNS2_17GetPendingSeqNextERKNS_12CallbackInfoEEEEEP12napi_value__P10napi_env__P20napi_callback_info__ENKUlvE_clEv
FNDA:604663,_ZZN4Napi7details25TemplatedInstanceCallbackI9DisruptorXadL_ZNS2_17GetPendingSeqNextERKNS_12CallbackInfoEEEEEP12napi_value__P10napi_env__P20napi_callback_info__ENKUlvE_clEv
FN:159,_ZZN4Napi7details25TemplatedInstanceCallbackI9DisruptorXadL_ZNS2_9GetCursorERKNS_12CallbackInfoEEEEEP12napi_value__P10napi_env__P20napi_callback_info__ENKUlvE_clEv
FNDA:222,_ZZN4Napi7details25TemplatedInstanceCallbackI9DisruptorXadL_ZNS2_9GetCursorERKNS_12CallbackInfoEEEEEP12napi_value__P10napi_env__P20napi_callback_info__ENKUlvE_clEv
FN:159,_ZZN4Napi7details25TemplatedInstanceCallbackI9DisruptorXadL_ZNS2_21ProduceClaimAvailSyncERKNS_12CallbackInfoEEEEEP12napi_value__P10napi_env__P20napi_callback_info__ENKUlvE_clEv
FNDA:2,_ZZN4Napi7details25TemplatedInstanceCallbackI9DisruptorXadL_ZNS2_21ProduceClaimAvailSyncERKNS_12CallbackInfoEEEEEP12napi_value__P10napi_env__P20napi_callback_info__ENKUlvE_clEv
FN:159,_ZZN4Napi7details25TemplatedInstanceCallbackI9DisruptorXadL_ZNS2_12GetConsumersERKNS_12CallbackInfoEEEEEP12napi_value__P10napi_env__P20napi_callback_info__ENKUlvE_clEv
FNDA:12,_ZZN4Napi7details25TemplatedInstanceCallbackI9DisruptorXadL_ZNS2_12GetConsumersERKNS_12CallbackInfoEEEEEP12napi_value__P10napi_env__P20napi_callback_info__ENKUlvE_clEv
FN:159,_ZZN4Napi7details25TemplatedInstanceCallbackI9DisruptorXadL_ZNS2_9GetStatusERKNS_12CallbackInfoEEEEEP12napi_value__P10napi_env__P20napi_callback_info__ENKUlvE_clEv
FNDA:12036314,_ZZN4Napi7details25TemplatedInstanceCallbackI9DisruptorXadL_ZNS2_9GetStatusERKNS_12CallbackInfoEEEEEP12napi_value__P10napi_env__P20napi_callback_info__ENKUlvE_clEv
FN:159,_ZZN4Napi7details25TemplatedInstanceCallbackI9DisruptorXadL_ZNS2_13ProduceCommitERKNS_12CallbackInfoEEEEEP12napi_value__P10napi_env__P20napi_callback_info__ENKUlvE_clEv
FNDA:521618,_ZZN4Napi7details25TemplatedInstanceCallbackI9DisruptorXadL_ZNS2_13ProduceCommitERKNS_12CallbackInfoEEEEEP12napi_value__P10napi_env__P20napi_callback_info__ENKUlvE_clEv
FN:159,_ZZN4Napi7details25TemplatedInstanceCallbackI9DisruptorXadL_ZNS2_14GetElementSizeERKNS_12CallbackInfoEEEEEP12napi_value__P10napi_env__P20napi_callback_info__ENKUlvE_clEv
FNDA:2104,_ZZN4Napi7details25TemplatedInstanceCallbackI9DisruptorXadL_ZNS2_14GetElementSizeERKNS_12CallbackInfoEEEEEP12napi_value__P10napi_env__P20napi_callback_info__ENKUlvE_clEv
FN:159,_ZZN4Napi7details25TemplatedInstanceCallbackI9DisruptorXadL_ZNS2_17ProduceCommitSyncERKNS_12CallbackInfoEEEEEP12napi_value__P10napi_env__P20napi_callback_info__ENKUlvE_clEv
FNDA:811,_ZZN4Napi7details25TemplatedInstanceCallbackI9DisruptorXadL_ZNS2_17ProduceCommitSyncERKNS_12CallbackInfoEEEEEP12napi_value__P10napi_env__P20napi_callback_info__ENKUlvE_clEv
FN:159,_ZZN4Napi7details25TemplatedInstanceCallbackI9DisruptorXadL_ZNS2_12ProduceClaimERKNS_12CallbackInfoEEEEEP12napi_value__P10napi_env__P20napi_callback_info__ENKUlvE_clEv
FNDA:519445,_ZZN4Napi7details25TemplatedInstanceCallbackI9DisruptorXadL_ZNS2_12ProduceClaimERKNS_12CallbackInfoEEEEEP12napi_value__P10napi_env__P20napi_callback_info__ENKUlvE_clEv
FN:159,_ZZN4Napi7details25TemplatedInstanceCallbackI9DisruptorXadL_ZNS2_16ProduceClaimSyncERKNS_12CallbackInfoEEEEEP12napi_value__P10napi_env__P20napi_callback_info__ENKUlvE_clEv
FNDA:807,_ZZN4Napi7details25TemplatedInstanceCallbackI9DisruptorXadL_ZNS2_16ProduceClaimSyncERKNS_12CallbackInfoEEEEEP12napi_value__P10napi_env__P20napi_callback_info__ENKUlvE_clEv
FN:159,_ZZN4Napi7details25TemplatedInstanceCallbackI9DisruptorXadL_ZNS2_23GetAllConsumersIgnoringERKNS_12CallbackInfoEEEEEP12napi_value__P10napi_env__P20napi_callback_info__ENKUlvE_clEv
FNDA:604649,_ZZN4Napi7details25TemplatedInstanceCallbackI9DisruptorXadL_ZNS2_23GetAllConsumersIgnoringERKNS_12CallbackInfoEEEEEP12napi_value__P10napi_env__P20napi_callback_info__ENKUlvE_clEv
FN:159,_ZZN4Napi7details25TemplatedInstanceCallbackI9DisruptorXadL_ZNS2_14ConsumeNewSyncERKNS_12CallbackInfoEEEEEP12napi_value__P10napi_env__P20napi_callback_info__ENKUlvE_clEv
FNDA:13,_ZZN4Napi7details25TemplatedInstanceCallbackI9DisruptorXadL_ZNS2_14ConsumeNewSyncERKNS_12CallbackInfoEEEEEP12napi_value__P10napi_env__P20napi_callback_info__ENKUlvE_clEv
FN:159,_ZZN4Napi7details25TemplatedInstanceCallbackI9DisruptorXadL_ZNS2_16ProduceClaimManyERKNS_12CallbackInfoEEEEEP12napi_value__P10napi_env__P20napi_callback_info__ENKUlvE_clEv
FNDA:40,_ZZN4Napi7details25TemplatedInstanceCallbackI9DisruptorXadL_ZNS2_16ProduceClaimManyERKNS_12CallbackInfoEEEEEP12napi_value__P10napi_env__P20napi_callback_info__ENKUlvE_clEv
FN:159,_ZZN4Napi7details25TemplatedInstanceCallbackI9DisruptorXadL_ZNS2_21GetPendingSeqConsumerERKNS_12CallbackInfoEEEEEP12napi_value__P10napi_env__P20napi_callback_info__ENKUlvE_clEv
FNDA:7074962,_ZZN4Napi7details25TemplatedInstanceCallbackI9DisruptorXadL_ZNS2_21GetPendingSeqConsumerERKNS_12CallbackInfoEEEEEP12napi_value__P10napi_env__P20napi_callback_info__ENKUlvE_clEv
FN:159,_ZZN4Napi7details25TemplatedInstanceCallbackI9DisruptorXadL_ZNS2_13ConsumeCommitERKNS_12CallbackInfoEEEEEP12napi_value__P10napi_env__P20napi_callback_info__ENKUlvE_clEv
FNDA:7074880,_ZZN4Napi7details25TemplatedInstanceCallbackI9DisruptorXadL_ZNS2_13ConsumeCommitERKNS_12CallbackInfoEEEEEP12napi_value__P10napi_env__P20napi_callback_info__ENKUlvE_clEv
FN:159,_ZZN4Napi7details25TemplatedInstanceCallbackI9DisruptorXadL_ZNS2_14ProduceRecoverERKNS_12CallbackInfoEEEEEP12napi_value__P10napi_env__P20napi_callback_info__ENKUlvE_clEv
FNDA:76,_ZZN4Napi7details25TemplatedInstanceCallbackI9DisruptorXadL_ZNS2_14ProduceRecoverERKNS_12CallbackInfoEEEEEP12napi_value__P10napi_env__P20napi_callback_info__ENKUlvE_clEv
FN:159,_ZZN4Napi7details25TemplatedInstanceCallbackI9DisruptorXadL_ZNS2_20GetPendingSeqNextEndERKNS_12CallbackInfoEEEEEP12napi_value__P10napi_env__P20napi_callback_info__ENKUlvE_clEv
FNDA:604663,_ZZN4Napi7details25TemplatedInstanceCallbackI9DisruptorXadL_ZNS2_20GetPendingSeqNextEndERKNS_12CallbackInfoEEEEEP12napi_value__P10napi_env__P20napi_callback_info__ENKUlvE_clEv
FN:159,_ZZN4Napi7details25TemplatedInstanceCallbackI9DisruptorXadL_ZNS2_10ConsumeNewERKNS_12CallbackInfoEEEEEP12napi_value__P10napi_env__P20napi_callback_info__ENKUlvE_clEv
FNDA:7074862,_ZZN4Napi7details25TemplatedInstanceCallbackI9DisruptorXadL_ZNS2_10ConsumeNewERKNS_12CallbackInfoEEEEEP12napi_value__P10napi_env__P20napi_callback_info__ENKUlvE_clEv
FN:167,_ZN4Napi7details29TemplatedInstanceVoidCallbackI9DisruptorXadL_ZNS2_7ReleaseERKNS_12CallbackInfoEEEEEP12napi_value__P10napi_env__P20napi_callback_info__
FNDA:5257,_ZN4Napi7details29TemplatedInstanceVoidCallbackI9DisruptorXadL_ZNS2_7ReleaseERKNS_12CallbackInfoEEEEEP12napi_value__P10napi_env__P20napi_callback_info__
FN:167,_ZN4Napi7details29TemplatedInstanceVoidCallbackI9DisruptorXadL_ZNS2_17ProduceClaimAsyncERKNS_12CallbackInfoEEEEEP12napi_value__P10napi_env__P20napi_callback_info__
FNDA:807,_ZN4Napi7details29TemplatedInstanceVoidCallbackI9DisruptorXadL_ZNS2_17ProduceClaimAsyncERKNS_12CallbackInfoEEEEEP12napi_value__P10napi_env__P20napi_callback_info__
FN:167,_ZN4Napi7details29TemplatedInstanceVoidCallbackI9DisruptorXadL_ZNS2_18ProduceCommitAsyncERKNS_12CallbackInfoEEEEEP12napi_value__P10napi_env__P20napi_callback_info__
FNDA:811,_ZN4Napi7details29TemplatedInstanceVoidCallbackI9DisruptorXadL_ZNS2_18ProduceCommitAsyncERKNS_12CallbackInfoEEEEEP12napi_value__P10napi_env__P20napi_callback_info__
FN:167,_ZN4Napi7details29TemplatedInstanceVoidCallbackI9DisruptorXadL_ZNS2_22ProduceClaimAvailAsyncERKNS_12CallbackInfoEEEEEP12napi_value__P10napi_env__P20napi_callback_info__
FNDA:2,_ZN4Napi7details29TemplatedInstanceVoidCallbackI9DisruptorXadL_ZNS2_22ProduceClaimAvailAsyncERKNS_12CallbackInfoEEEEEP12napi_value__P10napi_env__P20napi_callback_info__
FN:167,_ZN4Napi7details29TemplatedInstanceVoidCallbackI9DisruptorXadL_ZNS2_21ProduceClaimManyAsyncERKNS_12CallbackInfoEEEEEP12napi_value__P10napi_env__P20napi_callback_info__
FNDA:11,_ZN4Napi7details29TemplatedInstanceVoidCallbackI9DisruptorXadL_ZNS2_21ProduceClaimManyAsyncERKNS_12CallbackInfoEEEEEP12napi_value__P10napi_env__P20napi_callback_info__
FN:167,_ZN4Napi7details29TemplatedInstanceVoidCallbackI9DisruptorXadL_ZNS2_15ConsumeNewAsyncERKNS_12CallbackInfoEEEEEP12napi_value__P10napi_env__P20napi_callback_info__
FNDA:13,_ZN4Napi7details29TemplatedInstanceVoidCallbackI9DisruptorXadL_ZNS2_15ConsumeNewAsyncERKNS_12CallbackInfoEEEEEP12napi_value__P10napi_env__P20napi_callback_info__
FN:169,_ZZN4Napi7details29TemplatedInstanceVoidCallbackI9DisruptorXadL_ZNS2_15ConsumeNewAsyncERKNS_12CallbackInfoEEEEEP12napi_value__P10napi_env__P20napi_callback_info__ENKUlvE_clEv
FNDA:13,_ZZN4Napi7details29TemplatedInstanceVoidCallbackI9DisruptorXadL_ZNS2_15ConsumeNewAsyncERKNS_12CallbackInfoEEEEEP12napi_value__P10napi_env__P20napi_callback_info__ENKUlvE_clEv
FN:169,_ZZN4Napi7details29TemplatedInstanceVoidCallbackI9DisruptorXadL_ZNS2_17ProduceClaimAsyncERKNS_12CallbackInfoEEEEEP12napi_value__P10napi_env__P20napi_callback_info__ENKUlvE_clEv
FNDA:807,_ZZN4Napi7details29TemplatedInstanceVoidCallbackI9DisruptorXadL_ZNS2_17ProduceClaimAsyncERKNS_12CallbackInfoEEEEEP12napi_value__P10napi_env__P20napi_callback_info__ENKUlvE_clEv
FN:169,_ZZN4Napi7details29TemplatedInstanceVoidCallbackI9DisruptorXadL_ZNS2_21ProduceClaimManyAsyncERKNS_12CallbackInfoEEEEEP12napi_value__P10napi_env__P20napi_callback_info__ENKUlvE_clEv
FNDA:11,_ZZN4Napi7details29TemplatedInstanceVoidCallbackI9DisruptorXadL_ZNS2_21ProduceClaimManyAsyncERKNS_12CallbackInfoEEEEEP12napi_value__P10napi_env__P20napi_callback_info__ENKUlvE_clEv
FN:169,_ZZN4Napi7details29TemplatedInstanceVoidCallbackI9DisruptorXadL_ZNS2_22ProduceClaimAvailAsyncERKNS_12CallbackInfoEEEEEP12napi_value__P10napi_env__P20napi_callback_info__ENKUlvE_clEv
FNDA:2,_ZZN4Napi7details29TemplatedInstanceVoidCallbackI9DisruptorXadL_ZNS2_22ProduceClaimAvailAsyncERKNS_12CallbackInfoEEEEEP12napi_value__P10napi_env__P20napi_callback_info__ENKUlvE_clEv
FN:169,_ZZN4Napi7details29TemplatedInstanceVoidCallbackI9DisruptorXadL_ZNS2_18ProduceCommitAsyncERKNS_12CallbackInfoEEEEEP12napi_value__P10napi_env__P20napi_callback_info__ENKUlvE_clEv
FNDA:811,_ZZN4Napi7details29TemplatedInstanceVoidCallbackI9DisruptorXadL_ZNS2_18ProduceCommitAsyncERKNS_12CallbackInfoEEEEEP12napi_value__P10napi_env__P20napi_callback_info__ENKUlvE_clEv
FN:169,_ZZN4Napi7details29TemplatedInstanceVoidCallbackI9DisruptorXadL_ZNS2_7ReleaseERKNS_12CallbackInfoEEEEEP12napi_value__P10napi_env__P20napi_callback_info__ENKUlvE_clEv
FNDA:5257,_ZZN4Napi7details29TemplatedInstanceVoidCallbackI9DisruptorXadL_ZNS2_7ReleaseERKNS_12CallbackInfoEEEEEP12napi_value__P10napi_env__P20napi_callback_info__ENKUlvE_clEv
FN:179,_ZN4Napi7details12FinalizeDataIhZN9DisruptorC4ERKNS_12CallbackInfoEEUlNS_3EnvEPhE_vE7WrapperEP10napi_env__PvSC_
FNDA:4758,_ZN4Napi7details12FinalizeDataIhZN9DisruptorC4ERKNS_12CallbackInfoEEUlNS_3EnvEPhE_vE7WrapperEP10napi_env__PvSC_
FN:182,_ZZN4Napi7details12FinalizeDataIhZN9DisruptorC4ERKNS_12CallbackInfoEEUlNS_3EnvEPhE_vE7WrapperEP10napi_env__PvSC_ENKUlvE_clEv
FNDA:4758,_ZZN4Napi7details12FinalizeDataIhZN9DisruptorC4ERKNS_12CallbackInfoEEUlNS_3EnvEPhE_vE7WrapperEP10napi_env__PvSC_ENKUlvE_clEv
FN:363,_ZN4Napi14RegisterModuleEP10napi_env__P12napi_value__PFNS_6ObjectENS_3EnvES4_E
FNDA:506,_ZN4Napi14RegisterModuleEP10napi_env__P12napi_value__PFNS_6ObjectENS_3EnvES4_E
FN:366,_ZZN4Napi14RegisterModuleEP10napi_env__P12napi_value__PFNS_6ObjectENS_3EnvES4_EENKUlvE_clEv
FNDA:506,_ZZN4Napi14RegisterModuleEP10napi_env__P12napi_value__PFNS_6ObjectENS_3EnvES4_EENKUlvE_clEv
FN:442,_ZN4Napi3EnvC2EP10napi_env__
FNDA:110763238,_ZN4Napi3EnvC2EP10napi_env__
FN:444,_ZNK4Napi3EnvcvP10napi_env__Ev
FNDA:106177516,_ZNK4Napi3EnvcvP10napi_env__Ev
FN:448,_ZNK4Napi3Env6GlobalEv
FNDA:5763,_ZNK4Napi3Env6GlobalEv
FN:455,_ZNK4Napi3Env9UndefinedEv
FNDA:1580662,_ZNK4Napi3Env9UndefinedEv
FN:462,_ZNK4Napi3Env4NullEv
FNDA:488217,_ZNK4Napi3Env4NullEv
FN:469,_ZNK4Napi3Env18IsExceptionPendingEv
FNDA:499743,_ZNK4Napi3Env18IsExceptionPendingEv
FN:573,_ZN4Napi5ValueC2Ev
FNDA:5763,_ZN4Napi5ValueC2Ev
FN:575,_ZN4Napi5ValueC2EP10napi_env__P12napi_value__
FNDA:139179809,_ZN4Napi5ValueC2EP10napi_env__P12napi_value__
FN:578,_ZNK4Napi5ValuecvP12napi_value__Ev
FNDA:108336847,_ZNK4Napi5ValuecvP12napi_value__Ev
FN:597,_ZNK4Napi5Value3EnvEv
FNDA:58170981,_ZNK4Napi5Value3EnvEv
FN:601,_ZNK4Napi5Value7IsEmptyEv
FNDA:492983,_ZNK4Napi5Value7IsEmptyEv
FN:605,_ZNK4Napi5Value4TypeEv
FNDA:488217,_ZNK4Napi5Value4TypeEv
FN:696,_ZNK4Napi5Value10IsFunctionEv
FNDA:488217,_ZNK4Napi5Value10IsFunctionEv
FN:738,_ZNK4Napi5Value2AsINS_6ObjectEEET_v
FNDA:36221254,_ZNK4Napi5Value2AsINS_6ObjectEEET_v
FN:738,_ZNK4Napi5Value2AsINS_8FunctionEEET_v
FNDA:499743,_ZNK4Napi5Value2AsINS_8FunctionEEET_v
FN:738,_ZNK4Napi5Value2AsINS_6StringEEET_v
FNDA:5771,_ZNK4Napi5Value2AsINS_6StringEEET_v
FN:738,_ZNK4Napi5Value2AsINS_6BufferIhEEEET_v
FNDA:1593911,_ZNK4Napi5Value2AsINS_6BufferIhEEEET_v
FN:738,_ZNK4Napi5Value2AsINS_6NumberEEET_v
FNDA:111979,_ZNK4Napi5Value2AsINS_6NumberEEET_v
FN:738,_ZNK4Napi5Value2AsINS_7BooleanEEET_v
FNDA:12550,_ZNK4Napi5Value2AsINS_7BooleanEEET_v
FN:774,_ZN4Napi7Boolean3NewEP10napi_env__b
FNDA:8331707,_ZN4Napi7Boolean3NewEP10napi_env__b
FN:783,_ZN4Napi7BooleanC2EP10napi_env__P12napi_value__
FNDA:8344257,_ZN4Napi7BooleanC2EP10napi_env__P12napi_value__
FN:786,_ZNK4Napi7BooleancvbEv
FNDA:534168,_ZNK4Napi7BooleancvbEv
FN:790,_ZNK4Napi7Boolean5ValueEv
FNDA:534168,_ZNK4Napi7Boolean5ValueEv
[...]
FNDA:8,_ZN9Disruptor15ThrowErrnoErrorERKN4Napi12CallbackInfoEPKc
FN:444,_ZN9DisruptorC2ERKN4Napi12CallbackInfoE
FNDA:5771,_ZN9DisruptorC2ERKN4Napi12CallbackInfoE
FN:595,_ZZN9DisruptorC4ERKN4Napi12CallbackInfoEENKUlNS0_3EnvEPhE_clES4_S5_
FNDA:4758,_ZZN9DisruptorC4ERKN4Napi12CallbackInfoEENKUlNS0_3EnvEPhE_clES4_S5_
FN:622,_ZN9DisruptorD0Ev
FNDA:4758,_ZN9DisruptorD0Ev
FN:622,_ZN9DisruptorD2Ev
FNDA:4758,_ZN9DisruptorD2Ev
FN:627,_ZN9Disruptor7ReleaseEv
FNDA:10015,_ZN9Disruptor7ReleaseEv
FN:649,_ZN9Disruptor7ReleaseERKN4Napi12CallbackInfoE
FNDA:5257,_ZN9Disruptor7ReleaseERKN4Napi12CallbackInfoE
FN:667,_ZN9Disruptor14ConsumeNewSyncI10AsyncArrayI11AsyncBufferES2_EET_RKN4Napi3EnvEbRm
FNDA:1074324,_ZN9Disruptor14ConsumeNewSyncI10AsyncArrayI11AsyncBufferES2_EET_RKN4Napi3EnvEbRm
FN:667,_ZN9Disruptor14ConsumeNewSyncIN4Napi5ArrayE10SyncBufferEET_RKNS1_3EnvEbRm
FNDA:7074875,_ZN9Disruptor14ConsumeNewSyncIN4Napi5ArrayE10SyncBufferEET_RKNS1_3EnvEbRm
FN:712,_ZN9Disruptor14ConsumeNewSyncERKN4Napi12CallbackInfoE
FNDA:13,_ZN9Disruptor14ConsumeNewSyncERKN4Napi12CallbackInfoE
FN:722,_ZN21ConsumeNewAsyncWorkerC2EP9DisruptorRKN4Napi8FunctionE
FNDA:1074324,_ZN21ConsumeNewAsyncWorkerC2EP9DisruptorRKN4Napi8FunctionE
FN:731,_ZN21ConsumeNewAsyncWorker7ExecuteEv
FNDA:1074324,_ZN21ConsumeNewAsyncWorker7ExecuteEv
FN:738,_ZN21ConsumeNewAsyncWorker5RetryEv
FNDA:718864,_ZN21ConsumeNewAsyncWorker5RetryEv
FN:744,_ZN9Disruptor15ConsumeNewAsyncERKN4Napi12CallbackInfoE
FNDA:355460,_ZN9Disruptor15ConsumeNewAsyncERKN4Napi12CallbackInfoE
FN:749,_ZN9Disruptor10ConsumeNewERKN4Napi12CallbackInfoE
FNDA:7074862,_ZN9Disruptor10ConsumeNewERKN4Napi12CallbackInfoE
FN:764,_ZN9Disruptor13ConsumeCommitERKN4Napi12CallbackInfoE
FNDA:7074880,_ZN9Disruptor13ConsumeCommitERKN4Napi12CallbackInfoE
FN:769,_ZN9Disruptor13UpdatePendingEmm
FNDA:1054217,_ZN9Disruptor13UpdatePendingEmm
FN:775,_ZN9Disruptor13ConsumeCommitEv
FNDA:15224079,_ZN9Disruptor13ConsumeCommitEv
FN:795,_ZN9Disruptor16ProduceClaimSyncI11AsyncBufferEENT_6BufferERKN4Napi3EnvEbRmS8_Rb
FNDA:170845,_ZN9Disruptor16ProduceClaimSyncI11AsyncBufferEENT_6BufferERKN4Napi3EnvEbRmS8_Rb
FN:795,_ZN9Disruptor16ProduceClaimSyncI10SyncBufferEENT_6BufferERKN4Napi3EnvEbRmS8_Rb
FNDA:520252,_ZN9Disruptor16ProduceClaimSyncI10SyncBufferEENT_6BufferERKN4Napi3EnvEbRmS8_Rb
FN:852,_ZN9Disruptor16ProduceClaimSyncERKN4Napi12CallbackInfoE
FNDA:807,_ZN9Disruptor16ProduceClaimSyncERKN4Napi12CallbackInfoE
FN:863,_ZN23ProduceClaimAsyncWorkerC2EP9DisruptorRKN4Napi8FunctionE
FNDA:170845,_ZN23ProduceClaimAsyncWorkerC2EP9DisruptorRKN4Napi8FunctionE
FN:874,_ZN23ProduceClaimAsyncWorker7ExecuteEv
FNDA:170845,_ZN23ProduceClaimAsyncWorker7ExecuteEv
FN:882,_ZN23ProduceClaimAsyncWorker5RetryEv
FNDA:165826,_ZN23ProduceClaimAsyncWorker5RetryEv
FN:888,_ZN9Disruptor17ProduceClaimAsyncERKN4Napi12CallbackInfoE
FNDA:5019,_ZN9Disruptor17ProduceClaimAsyncERKN4Napi12CallbackInfoE
FN:893,_ZN9Disruptor12ProduceClaimERKN4Napi12CallbackInfoE
FNDA:519445,_ZN9Disruptor12ProduceClaimERKN4Napi12CallbackInfoE
FN:910,_ZN9Disruptor17ProduceGetBuffersIN4Napi5ArrayE10SyncBufferEEvRKNS1_3EnvEmmbRT_
FNDA:2224,_ZN9Disruptor17ProduceGetBuffersIN4Napi5ArrayE10SyncBufferEEvRKNS1_3EnvEmmbRT_
FN:910,_ZN9Disruptor17ProduceGetBuffersI10AsyncArrayI11AsyncBufferES2_EEvRKN4Napi3EnvEmmbRT_
FNDA:12,_ZN9Disruptor17ProduceGetBuffersI10AsyncArrayI11AsyncBufferES2_EEvRKN4Napi3EnvEmmbRT_
FN:933,_ZN9Disruptor20ProduceClaimManySyncIN4Napi5ArrayE10SyncBufferEET_RKNS1_3EnvEjbRmS8_Rb
FNDA:51,_ZN9Disruptor20ProduceClaimManySyncIN4Napi5ArrayE10SyncBufferEET_RKNS1_3EnvEjbRmS8_Rb
FN:933,_ZN9Disruptor20ProduceClaimManySyncI10AsyncArrayI11AsyncBufferES2_EET_RKN4Napi3EnvEjbRmS9_Rb
FNDA:147496,_ZN9Disruptor20ProduceClaimManySyncI10AsyncArrayI11AsyncBufferES2_EET_RKN4Napi3EnvEjbRmS9_Rb
FN:991,_ZN9Disruptor20ProduceClaimManySyncERKN4Napi12CallbackInfoE
FNDA:11,_ZN9Disruptor20ProduceClaimManySyncERKN4Napi12CallbackInfoE
FN:1006,_ZN27ProduceClaimManyAsyncWorkerC2EP9DisruptorRKN4Napi8FunctionEj
FNDA:147496,_ZN27ProduceClaimManyAsyncWorkerC2EP9DisruptorRKN4Napi8FunctionEj
FN:1022,_ZN27ProduceClaimManyAsyncWorker7ExecuteEv
FNDA:147496,_ZN27ProduceClaimManyAsyncWorker7ExecuteEv
FN:1030,_ZN27ProduceClaimManyAsyncWorker5RetryEv
FNDA:147484,_ZN27ProduceClaimManyAsyncWorker5RetryEv
FN:1039,_ZN9Disruptor21ProduceClaimManyAsyncERKN4Napi12CallbackInfoEj
FNDA:12,_ZN9Disruptor21ProduceClaimManyAsyncERKN4Napi12CallbackInfoEj
FN:1045,_ZN9Disruptor21ProduceClaimManyAsyncERKN4Napi12CallbackInfoE
FNDA:11,_ZN9Disruptor21ProduceClaimManyAsyncERKN4Napi12CallbackInfoE
FN:1050,_ZN9Disruptor16ProduceClaimManyERKN4Napi12CallbackInfoE
FNDA:40,_ZN9Disruptor16ProduceClaimManyERKN4Napi12CallbackInfoE
FN:1068,_ZN9Disruptor21ProduceClaimAvailSyncIN4Napi5ArrayE10SyncBufferEET_RKNS1_3EnvEjbRmS8_Rb
FNDA:84314,_ZN9Disruptor21ProduceClaimAvailSyncIN4Napi5ArrayE10SyncBufferEET_RKNS1_3EnvEjbRmS8_Rb
FN:1068,_ZN9Disruptor21ProduceClaimAvailSyncI10AsyncArrayI11AsyncBufferES2_EET_RKN4Napi3EnvEjbRmS9_Rb
FNDA:72687,_ZN9Disruptor21ProduceClaimAvailSyncI10AsyncArrayI11AsyncBufferES2_EET_RKN4Napi3EnvEjbRmS9_Rb
FN:1118,_ZN9Disruptor21ProduceClaimAvailSyncERKN4Napi12CallbackInfoE
FNDA:2,_ZN9Disruptor21ProduceClaimAvailSyncERKN4Napi12CallbackInfoE
FN:1133,_ZN28ProduceClaimAvailAsyncWorkerC2EP9DisruptorRKN4Napi8FunctionEj
FNDA:72687,_ZN28ProduceClaimAvailAsyncWorkerC2EP9DisruptorRKN4Napi8FunctionEj
FN:1149,_ZN28ProduceClaimAvailAsyncWorker7ExecuteEv
FNDA:72687,_ZN28ProduceClaimAvailAsyncWorker7ExecuteEv
FN:1157,_ZN28ProduceClaimAvailAsyncWorker5RetryEv
FNDA:72684,_ZN28ProduceClaimAvailAsyncWorker5RetryEv
FN:1166,_ZN9Disruptor22ProduceClaimAvailAsyncERKN4Napi12CallbackInfoEj
FNDA:3,_ZN9Disruptor22ProduceClaimAvailAsyncERKN4Napi12CallbackInfoEj
FN:1173,_ZN9Disruptor22ProduceClaimAvailAsyncERKN4Napi12CallbackInfoE
FNDA:2,_ZN9Disruptor22ProduceClaimAvailAsyncERKN4Napi12CallbackInfoE
FN:1178,_ZN9Disruptor17ProduceClaimAvailERKN4Napi12CallbackInfoE
FNDA:84312,_ZN9Disruptor17ProduceClaimAvailERKN4Napi12CallbackInfoE
FN:1195,_ZN9Disruptor14ProduceRecoverERKN4Napi12CallbackInfoE
FNDA:76,_ZN9Disruptor14ProduceRecoverERKN4Napi12CallbackInfoE
FN:1214,_ZN9Disruptor17ProduceCommitSyncI12AsyncBooleanEET_RKN4Napi3EnvEmmb
FNDA:2130801,_ZN9Disruptor17ProduceCommitSyncI12AsyncBooleanEET_RKN4Napi3EnvEmmb
FN:1214,_ZN9Disruptor17ProduceCommitSyncIN4Napi7BooleanEEET_RKNS1_3EnvEmmb
FNDA:522429,_ZN9Disruptor17ProduceCommitSyncIN4Napi7BooleanEEET_RKNS1_3EnvEmmb
FN:1235,_ZN9Disruptor13UpdateSeqNextEmmb
FNDA:995665,_ZN9Disruptor13UpdateSeqNextEmmb
FN:1244,_ZN9Disruptor10GetSeqNextERKN4Napi12CallbackInfoERmS4_
FNDA:523240,_ZN9Disruptor10GetSeqNextERKN4Napi12CallbackInfoERmS4_
FN:1260,_ZN9Disruptor17ProduceCommitSyncERKN4Napi12CallbackInfoE
FNDA:811,_ZN9Disruptor17ProduceCommitSyncERKN4Napi12CallbackInfoE
FN:1271,_ZN24ProduceCommitAsyncWorkerC2EP9DisruptorRKN4Napi8FunctionEmm
FNDA:2130801,_ZN24ProduceCommitAsyncWorkerC2EP9DisruptorRKN4Napi8FunctionEmm
FN:1282,_ZN24ProduceCommitAsyncWorker7ExecuteEv
FNDA:2130801,_ZN24ProduceCommitAsyncWorker7ExecuteEv
FN:1289,_ZN24ProduceCommitAsyncWorker5RetryEv
FNDA:2003078,_ZN24ProduceCommitAsyncWorker5RetryEv
FN:1298,_ZN9Disruptor18ProduceCommitAsyncERKN4Napi12CallbackInfoEmmj
FNDA:127723,_ZN9Disruptor18ProduceCommitAsyncERKN4Napi12CallbackInfoEmmj
FN:1307,_ZN9Disruptor18ProduceCommitAsyncERKN4Napi12CallbackInfoE
FNDA:811,_ZN9Disruptor18ProduceCommitAsyncERKN4Napi12CallbackInfoE
FN:1314,_ZN9Disruptor13ProduceCommitERKN4Napi12CallbackInfoE
FNDA:521618,_ZN9Disruptor13ProduceCommitERKN4Napi12CallbackInfoE
FN:1329,_ZN9Disruptor12GetConsumersERKN4Napi12CallbackInfoE
FNDA:12,_ZN9Disruptor12GetConsumersERKN4Napi12CallbackInfoE
FN:1334,_ZN9Disruptor9GetCursorERKN4Napi12CallbackInfoE
FNDA:222,_ZN9Disruptor9GetCursorERKN4Napi12CallbackInfoE
FN:1339,_ZN9Disruptor7GetNextERKN4Napi12CallbackInfoE
FNDA:222,_ZN9Disruptor7GetNextERKN4Napi12CallbackInfoE
FN:1344,_ZN9Disruptor11GetElementsERKN4Napi12CallbackInfoE
FNDA:1556,_ZN9Disruptor11GetElementsERKN4Napi12CallbackInfoE
FN:1349,_ZN9Disruptor11GetConsumerERKN4Napi12CallbackInfoE
FNDA:222,_ZN9Disruptor11GetConsumerERKN4Napi12CallbackInfoE
FN:1354,_ZN9Disruptor21GetPendingSeqConsumerERKN4Napi12CallbackInfoE
FNDA:7074962,_ZN9Disruptor21GetPendingSeqConsumerERKN4Napi12CallbackInfoE
FN:1359,_ZN9Disruptor19GetPendingSeqCursorERKN4Napi12CallbackInfoE
FNDA:87,_ZN9Disruptor19GetPendingSeqCursorERKN4Napi12CallbackInfoE
FN:1364,_ZN9Disruptor17GetPendingSeqNextERKN4Napi12CallbackInfoE
FNDA:604663,_ZN9Disruptor17GetPendingSeqNextERKN4Napi12CallbackInfoE
FN:1369,_ZN9Disruptor20GetPendingSeqNextEndERKN4Napi12CallbackInfoE
FNDA:604663,_ZN9Disruptor20GetPendingSeqNextEndERKN4Napi12CallbackInfoE
FN:1374,_ZN9Disruptor23GetAllConsumersIgnoringERKN4Napi12CallbackInfoE
FNDA:604649,_ZN9Disruptor23GetAllConsumersIgnoringERKN4Napi12CallbackInfoE
FN:1379,_ZN9Disruptor14GetElementSizeERKN4Napi12CallbackInfoE
FNDA:2104,_ZN9Disruptor14GetElementSizeERKN4Napi12CallbackInfoE
FN:1384,_ZN9Disruptor7GetSpinERKN4Napi12CallbackInfoE
FNDA:2026,_ZN9Disruptor7GetSpinERKN4Napi12CallbackInfoE
FN:1389,_ZN9Disruptor9GetStatusERKN4Napi12CallbackInfoE
FNDA:12036314,_ZN9Disruptor9GetStatusERKN4Napi12CallbackInfoE
FN:1394,_ZN9Disruptor9SetStatusERKN4Napi12CallbackInfoERKNS0_5ValueE
FNDA:11,_ZN9Disruptor9SetStatusERKN4Napi12CallbackInfoERKNS0_5ValueE
FN:1399,_ZN9Disruptor10InitializeEN4Napi3EnvENS0_6ObjectE
FNDA:506,_ZN9Disruptor10InitializeEN4Napi3EnvENS0_6ObjectE
FN:1448,_Z10InitializeN4Napi3EnvENS_6ObjectE
FNDA:506,_Z10InitializeN4Napi3EnvENS_6ObjectE
FN:1453,_register_disruptor
FNDA:254,_register_disruptor
FN:1453,_ZL17__napi_InitializeP10napi_env__P12napi_value__
FNDA:506,_ZL17__napi_InitializeP10napi_env__P12napi_value__
DA:75,3596153
DA:77,3596153
DA:204,488217
DA:206,488217
DA:208,488217
DA:209,488217
DA:211,488217
DA:223,1582385
DA:226,4747155
DA:231,1582385
DA:232,3164770
DA:233,3164770
DA:242,526365
DA:244,526365
DA:246,526365
DA:248,526365
DA:251,360539
DA:253,360539
DA:256,170845
DA:258,170845
DA:262,1052730
DA:263,1052730
DA:264,1052730
DA:265,1052730
DA:267,1052730
DA:278,2589014
DA:279,2589014
DA:281,2589014
DA:283,1294507
DA:285,1294507
DA:288,355520
DA:290,355520
DA:292,355520
DA:295,355520
DA:296,355520
DA:298,355475
DA:300,355475
DA:301,355475
DA:302,710995
DA:304,355520
DA:306,355475
DA:309,1294507
DA:311,1294507
DA:321,2130801
DA:322,2130801
DA:324,2130801
DA:326,2130801
DA:328,2130801
DA:331,127723
DA:333,127723
DA:336,2130801
DA:338,2130801
DA:342,2130801
DA:343,2130801
DA:345,2130801
DA:354,370562
DA:356,370562
DA:359,1094089
DA:361,1094089
DA:371,2130801
DA:374,2130801
DA:375,2130801
DA:376,2130801
DA:378,2130801
DA:371,220183
DA:374,220183
DA:375,220183
DA:376,220183
DA:378,220183
DA:371,170845
DA:374,170845
DA:375,170845
DA:376,170845
DA:378,170845
DA:371,1074324
DA:374,1074324
DA:375,1074324
DA:376,1074324
DA:378,1074324
DA:383,1074324
DA:385,1074324
DA:387,718864
DA:390,355460
DA:392,2488220
DA:393,355460
DA:396,355460
DA:397,355460
DA:398,355460
DA:399,355460
DA:400,710920
DA:383,170845
DA:385,170845
DA:387,165826
DA:390,5019
DA:392,35133
DA:393,5019
DA:396,5019
DA:397,5019
DA:398,5019
DA:399,5019
DA:400,10038
DA:383,220183
DA:385,220183
DA:387,220168
DA:390,15
DA:392,105
DA:393,15
DA:396,15
DA:397,15
DA:398,15
DA:399,15
DA:400,30
DA:383,2130801
DA:385,2130801
DA:387,2003078
DA:390,127723
DA:392,894061
DA:393,127723
DA:396,127723
DA:397,127723
DA:398,127723
DA:399,127723
DA:400,255446
DA:418,5763
DA:420,5763
DA:421,5763
DA:422,5763
DA:425,8
DA:428,8
DA:429,8
DA:436,8
DA:440,8
DA:441,16
DA:444,5771
DA:446,5771
DA:449,5771
DA:450,5771
DA:451,5771
DA:452,5771
DA:453,5771
DA:454,5771
DA:455,5771
DA:460,5771
DA:461,5771
DA:462,5771
DA:465,5771
DA:467,282
DA:468,282
DA:473,5771
DA:475,8
DA:478,5763
DA:486,5763
DA:487,5763
DA:488,5763
DA:492,5763
DA:498,5763
DA:501,5763
DA:503,5763
DA:508,5763
DA:509,5763
DA:510,5763
DA:511,5763
DA:512,5763
DA:513,5763
DA:515,5763
DA:516,5763
DA:518,5763
DA:519,5763
DA:521,5763
DA:563,5763
DA:564,5763
DA:565,5763
DA:566,5763
DA:568,5763
DA:569,5763
DA:570,5763
DA:573,5763
DA:575,9818
DA:576,9818
DA:577,5763
DA:579,4055
DA:580,4055
DA:582,5763
DA:584,5763
DA:591,5763
DA:595,4758
DA:596,4758
DA:597,4758
DA:598,4758
DA:601,5763
DA:602,5763
DA:603,5763
DA:605,5763
DA:607,5763
DA:608,17289
DA:610,5763
DA:611,5763
DA:612,5763
DA:614,5763
DA:615,17289
DA:617,5763
DA:618,5763
DA:619,5763
DA:620,5811
DA:622,4758
DA:625,4758
DA:622,4758
DA:624,4758
DA:625,4758
DA:627,10015
DA:629,10015
DA:630,10015
DA:631,10015
DA:632,10015
DA:634,10015
DA:636,5762
DA:638,5762
DA:643,5762
DA:646,10015
DA:649,5257
DA:651,15771
DA:652,6265
DA:653,6265
DA:655,1008
DA:658,5257
DA:662,5257
DA:667,1074324
DA:674,1074324
DA:678,1074324
DA:679,1074324
DA:680,1074324
DA:681,1074324
DA:683,1074324
DA:685,355318
DA:686,355318
DA:687,355318
DA:688,355318
DA:689,355318
DA:690,355318
DA:692,719006
DA:694,140
DA:695,140
DA:696,140
DA:698,49
DA:700,140
DA:701,140
DA:702,140
DA:703,140
DA:705,718866
DA:707,718866
DA:709,718866
DA:667,7074875
DA:674,7074875
DA:678,7074875
DA:679,7074875
DA:680,7074875
DA:681,7074875
DA:683,7074875
DA:685,592742
DA:686,592742
DA:687,592742
DA:688,592742
DA:689,592742
DA:692,6482133
DA:694,106017
DA:695,106017
DA:696,106017
DA:698,604
DA:700,106017
DA:701,106017
DA:702,106017
DA:705,6376116
DA:707,6376116
DA:709,6376116
DA:712,13
DA:715,13
DA:722,1074324
DA:723,1074324
DA:725,1074324
DA:727,1074324
DA:728,1074324
DA:731,1074324
DA:734,1074324
DA:735,1074324
DA:736,1074324
DA:738,718864
DA:740,718864
DA:741,718864
DA:744,355460
DA:746,355460
DA:747,355460
DA:749,7074862
DA:752,7074862
DA:753,7074862
DA:755,7074862
DA:757,6719415
DA:760,355447
DA:761,355447
DA:764,7074880
DA:766,7074880
DA:769,1054217
DA:771,1054217
DA:772,1054217
DA:773,1054217
DA:775,15224079
DA:777,15224079
DA:779,15224079
DA:781,1054216
DA:782,1054216
DA:788,1054216
DA:791,15224079
DA:795,170845
DA:805,170845
DA:807,170845
DA:808,170845
DA:810,182135
DA:812,177103
DA:814,177103
DA:816,177103
DA:818,177103
DA:820,165813
DA:821,165813
DA:826,170845
DA:828,0
DA:831,175877
DA:832,5032
DA:834,5015
DA:835,5015
DA:836,5015
DA:837,5015
DA:838,5015
DA:839,5015
DA:840,5015
DA:843,165830
DA:845,165830
DA:846,165830
DA:847,165830
DA:848,165830
DA:849,165830
DA:795,520252
DA:805,520252
DA:807,520252
DA:808,520252
DA:810,3054626
DA:812,2534399
DA:814,2534399
DA:816,2534391
DA:818,2534391
DA:820,25
DA:821,25
DA:826,520252
DA:828,4
DA:831,1040471
DA:832,520223
DA:834,516024
DA:835,516024
DA:836,516024
DA:837,516024
DA:838,516024
DA:839,516024
DA:840,516024
DA:843,4224
DA:845,4228
DA:846,4228
DA:847,4228
DA:848,4228
DA:849,4228
DA:852,807
DA:856,807
DA:863,170845
DA:864,170845
DA:866,170845
DA:868,170845
DA:869,170845
DA:870,170845
DA:871,170845
DA:874,170845
DA:877,170845
DA:878,170845
DA:879,170845
DA:880,170845
DA:882,165826
DA:884,165826
DA:885,165826
DA:888,5019
DA:890,5019
DA:891,5019
DA:893,519445
DA:897,519445
DA:898,519445
DA:900,519445
DA:902,515233
DA:905,4212
DA:906,4212
DA:910,12
DA:916,12
DA:917,12
DA:919,12
DA:921,1
DA:922,1
DA:926,11
DA:929,12
DA:930,12
DA:910,2224
DA:916,2224
DA:917,2224
DA:919,2224
DA:921,7
DA:922,7
DA:926,2217
DA:929,2224
DA:930,2224
DA:933,147496
DA:944,147496
DA:945,147496
DA:947,147496
DA:948,147496
DA:950,147505
DA:952,147496
DA:954,147496
DA:956,147496
DA:958,147496
DA:960,147487
DA:961,147487
DA:966,147496
DA:968,0
DA:971,147505
DA:972,9
DA:974,9
DA:975,9
DA:976,9
DA:977,9
DA:978,9
DA:979,9
DA:980,9
DA:982,147487
DA:984,147487
DA:985,147487
DA:986,147487
DA:987,147487
DA:988,147487
DA:933,51
DA:944,51
DA:945,51
DA:947,51
DA:948,51
DA:950,104
DA:952,67
DA:954,67
DA:956,55
DA:958,55
DA:960,14
DA:961,14
DA:966,51
DA:968,4
DA:971,80
DA:972,33
DA:974,33
DA:975,33
DA:976,33
DA:977,33
DA:978,33
DA:979,33
DA:982,14
DA:984,18
DA:985,18
DA:986,18
DA:987,18
DA:988,18
DA:991,11
DA:995,22
DA:996,33
DA:1006,147496
DA:1008,147496
DA:1014,147496
DA:1016,147496
DA:1017,147496
DA:1018,147496
DA:1019,147496
DA:1022,147496
DA:1025,294992
DA:1026,294992
DA:1027,147496
DA:1028,147496
DA:1030,147484
DA:1032,147484
DA:1033,147484
DA:1039,12
DA:1042,12
DA:1043,12
DA:1045,11
DA:1047,11
DA:1048,11
DA:1050,40
DA:1052,40
DA:1055,40
DA:1056,40
DA:1058,40
DA:1060,39
DA:1063,1
DA:1064,1
DA:1068,72687
DA:1079,72687
DA:1080,72687
DA:1081,72687
DA:1083,145374
DA:1085,72687
DA:1086,72687
DA:1088,72687
DA:1089,72687
DA:1093,72687
DA:1095,0
DA:1098,72690
DA:1099,3
DA:1101,3
DA:1102,3
DA:1103,3
DA:1104,3
DA:1105,3
DA:1106,3
DA:1107,3
DA:1109,72684
DA:1111,72684
DA:1112,72684
DA:1113,72684
DA:1114,72684
DA:1115,72684
DA:1068,84314
DA:1079,84314
DA:1080,84314
DA:1081,84314
DA:1083,275525
DA:1085,191211
DA:1086,191211
DA:1088,190203
DA:1089,190203
DA:1093,84314
DA:1095,5
DA:1098,86480
DA:1099,2171
DA:1101,2171
DA:1102,2171
DA:1103,2171
DA:1104,2171
DA:1105,2171
DA:1106,2171
DA:1109,82138
DA:1111,82143
DA:1112,82143
DA:1113,82143
DA:1114,82143
DA:1115,82143
DA:1118,2
DA:1122,4
DA:1123,6
DA:1133,72687
DA:1135,72687
DA:1141,72687
DA:1143,72687
DA:1144,72687
DA:1145,72687
DA:1146,72687
DA:1149,72687
DA:1152,145374
DA:1153,145374
DA:1154,72687
DA:1155,72687
DA:1157,72684
DA:1159,72684
DA:1160,72684
DA:1166,3
DA:1169,3
DA:1170,3
DA:1173,2
DA:1175,2
DA:1176,2
DA:1178,84312
DA:1180,84312
DA:1183,84312
DA:1184,84312
DA:1186,84312
DA:1188,84311
DA:1191,1
DA:1192,1
DA:1195,76
DA:1197,76
DA:1198,76
DA:1200,76
DA:1202,140
DA:1203,116
DA:1204,40
DA:1206,20
DA:1207,40
DA:1210,76
DA:1214,2130801
DA:1219,2130801
DA:1223,2130799
DA:1224,2130799
DA:1226,127720
DA:1229,2003079
DA:1232,2003081
DA:1214,522429
DA:1219,522429
DA:1223,522423
DA:1224,522423
DA:1226,395508
DA:1229,126915
DA:1232,126921
DA:1235,995665
DA:1239,995665
DA:1240,995665
DA:1241,995665
DA:1242,995665
DA:1244,523240
DA:1248,523240
DA:1250,2177
DA:1251,2177
DA:1252,2177
DA:1255,521063
DA:1256,521063
DA:1257,521063
DA:1260,811
DA:1263,811
DA:1264,811
DA:1271,2130801
DA:1274,2130801
DA:1276,2130801
DA:1277,2130801
DA:1279,2130801
DA:1282,2130801
DA:1285,2130801
DA:1286,2130801
DA:1287,2130801
DA:1289,2003078
DA:1291,2003078
DA:1292,2003078
DA:1298,127723
DA:1304,127723
DA:1305,127723
DA:1307,811
DA:1310,811
DA:1311,811
DA:1312,811
DA:1314,521618
DA:1317,521618
DA:1319,521618
DA:1320,521618
DA:1322,394706
DA:1325,126912
DA:1326,126912
DA:1329,12
DA:1331,12
DA:1334,222
DA:1336,222
DA:1339,222
DA:1341,222
DA:1344,1556
DA:1346,1556
DA:1349,222
DA:1351,222
DA:1354,7074962
DA:1356,7074962
DA:1359,87
DA:1361,87
DA:1364,604663
DA:1366,604663
DA:1369,604663
DA:1371,604663
DA:1374,604649
DA:1376,604649
DA:1379,2104
DA:1381,2104
DA:1384,2026
DA:1386,2026
DA:1389,12036314
DA:1391,12036314
DA:1394,11
DA:1396,11
DA:1397,11
DA:1399,506
DA:1402,506
DA:1403,506
DA:1404,254
DA:1406,506
DA:1408,506
DA:1410,506
DA:1411,506
DA:1412,506
DA:1413,506
DA:1414,506
DA:1415,506
DA:1416,506
DA:1417,506
DA:1418,506
DA:1419,506
DA:1420,506
DA:1421,506
DA:1422,506
DA:1423,506
DA:1424,506
DA:1425,506
DA:1426,506
DA:1427,506
DA:1428,506
DA:1429,506
DA:1432,506
DA:1433,506
DA:1434,506
DA:1435,506
DA:1436,506
DA:1437,506
DA:1438,506
DA:1439,506
DA:1440,506
DA:1441,506
DA:1442,506
DA:1445,506
DA:1448,506
DA:1450,506
DA:1453,254
DA:1453,506
end_of_record
SF:/usr/include/c++/12/bits/basic_string.tcc
FN:217,_ZNSt7__cxx1112basic_stringIcSt11char_traitsIcESaIcEE12_M_constructIPKcEEvT_S8_St20forward_iterator_tag
FNDA:0,_ZNSt7__cxx1112basic_stringIcSt11char_traitsIcESaIcEE12_M_constructIPKcEEvT_S8_St20forward_iterator_tag
FN:235,_ZZNSt7__cxx1112basic_stringIcSt11char_traitsIcESaIcEE12_M_constructIPKcEEvT_S8_St20forward_iterator_tagEN6_GuardC2EPS4_
FNDA:0,_ZZNSt7__cxx1112basic_stringIcSt11char_traitsIcESaIcEE12_M_constructIPKcEEvT_S8_St20forward_iterator_tagEN6_GuardC2EPS4_
FN:238,_ZZNSt7__cxx1112basic_stringIcSt11char_traitsIcESaIcEE12_M_constructIPKcEEvT_S8_St20forward_iterator_tagEN6_GuardD2Ev
FNDA:0,_ZZNSt7__cxx1112basic_stringIcSt11char_traitsIcESaIcEE12_M_constructIPKcEEvT_S8_St20forward_iterator_tagEN6_GuardD2Ev
DA:217,0
DA:221,0
DA:223,0
DA:225,0
DA:226,0
DA:235,0
DA:238,0
DA:241,0
DA:243,0
DA:245,0
DA:247,0
DA:248,0
end_of_record
