TN:
SF:/home/david/shared-memory-disruptor/node_modules/node-addon-api/napi-inl.h
FN:54,_ZN4Napi7details12WrapCallbackIZNS_14RegisterModuleEP10napi_env__P12napi_value__PFNS_6ObjectENS_3EnvES6_EEUlvE_EES5_T_
FN:54,_ZN4Napi7details12WrapCallbackIZNS_10ObjectWrapI9DisruptorE26ConstructorCallbackWrapperEP10napi_env__P20napi_callback_info__EUlvE_EEP12napi_value__T_
FN:54,_ZN4Napi7details12WrapCallbackIZNS0_12CallbackDataIPFvRKNS_12CallbackInfoEEvE7WrapperEP10napi_env__P20napi_callback_info__EUlvE_EEP12napi_value__T_
FN:54,_ZN4Napi7details12WrapCallbackIZNS_10ObjectWrapI9DisruptorE29InstanceGetterCallbackWrapperEP10napi_env__P20napi_callback_info__EUlvE_EEP12napi_value__T_
FN:54,_ZN4Napi7details12WrapCallbackIZNS_11AsyncWorker14OnWorkCompleteEP10napi_env__11napi_statusPvEUlvE_EEP12napi_value__T_
FN:54,_ZN4Napi7details12WrapCallbackIZNS_10ObjectWrapI9DisruptorE29InstanceMethodCallbackWrapperEP10napi_env__P20napi_callback_info__EUlvE_EEP12napi_value__T_
FN:54,_ZN4Napi7details12WrapCallbackIZNS_10ObjectWrapI9DisruptorE29InstanceSetterCallbackWrapperEP10napi_env__P20napi_callback_info__EUlvE_EEP12napi_value__T_
FN:54,_ZN4Napi7details12WrapCallbackIZNS_10ObjectWrapI9DisruptorE33InstanceVoidMethodCallbackWrapperEP10napi_env__P20napi_callback_info__EUlvE_EEP12napi_value__T_
FN:89,_ZN4Napi7details12CallbackDataIPFvRKNS_12CallbackInfoEEvE7WrapperEP10napi_env__P20napi_callback_info__
FN:90,_ZZN4Napi7details12CallbackDataIPFvRKNS_12CallbackInfoEEvE7WrapperEP10napi_env__P20napi_callback_info__ENKUlvE_clEv
FN:167,_ZN4Napi14RegisterModuleEP10napi_env__P12napi_value__PFNS_6ObjectENS_3EnvES4_E
FN:170,_ZZN4Napi14RegisterModuleEP10napi_env__P12napi_value__PFNS_6ObjectENS_3EnvES4_EENKUlvE_clEv
FN:180,_ZN4Napi3EnvC2EP10napi_env__
FN:183,_ZNK4Napi3EnvcvP10napi_env__Ev
FN:194,_ZNK4Napi3Env9UndefinedEv
FN:201,_ZNK4Napi3Env4NullEv
FN:229,_ZN4Napi5ValueC2Ev
FN:232,_ZN4Napi5ValueC2EP10napi_env__P12napi_value__
FN:235,_ZNK4Napi5ValuecvP12napi_value__Ev
FN:254,_ZNK4Napi5Value3EnvEv
FN:262,_ZNK4Napi5Value4TypeEv
FN:334,_ZNK4Napi5Value10IsFunctionEv
FN:350,_ZNK4Napi5Value2AsINS_8FunctionEEET_v
FN:350,_ZNK4Napi5Value2AsINS_7BooleanEEET_v
FN:350,_ZNK4Napi5Value2AsINS_6StringEEET_v
FN:350,_ZNK4Napi5Value2AsINS_6NumberEEET_v
FN:350,_ZNK4Napi5Value2AsINS_6ObjectEEET_v
FN:386,_ZN4Napi7Boolean3NewEP10napi_env__b
FN:396,_ZN4Napi7BooleanC2EP10napi_env__P12napi_value__
FN:399,_ZNK4Napi7BooleancvbEv
FN:403,_ZNK4Napi7Boolean5ValueEv
FN:414,_ZN4Napi6Number3NewEP10napi_env__d
FN:424,_ZN4Napi6NumberC2EP10napi_env__P12napi_value__
FN:431,_ZNK4Napi6NumbercvjEv
FN:454,_ZNK4Napi6Number11Uint32ValueEv
FN:461,_ZNK4Napi6Number10Int64ValueEv
FN:486,_ZN4Napi4NameC2EP10napi_env__P12napi_value__
FN:532,_ZN4Napi6StringC2EP10napi_env__P12napi_value__
FN:535,_ZNK4Napi6StringcvNSt7__cxx1112basic_stringIcSt11char_traitsIcESaIcEEEEv
FN:543,_ZNK4Napi6String9Utf8ValueB5cxx11Ev
FN:612,_ZN4Napi6Object14PropertyLValueIjEaSINS_5ValueEEERS2_T_
FN:618,_ZN4Napi6Object14PropertyLValueIjEC2ES0_j
FN:621,_ZN4Napi6Object3NewEP10napi_env__
FN:628,_ZN4Napi6ObjectC2Ev
FN:631,_ZN4Napi6ObjectC2EP10napi_env__P12napi_value__
FN:642,_ZN4Napi6ObjectixEj
FN:697,_ZNK4Napi6Object3GetEPKc
FN:718,_ZN4Napi6Object3SetEPKcNS_5ValueE
FN:779,_ZN4Napi6Object3SetEjNS_5ValueE
FN:907,_ZN4Napi5Array3NewEP10napi_env__
FN:924,_ZN4Napi5ArrayC2EP10napi_env__P12napi_value__
FN:927,_ZNK4Napi5Array6LengthEv
FN:1196,_ZN4Napi8Function3NewIPFvRKNS_12CallbackInfoEEEES0_P10napi_env__T_PKcPv
FN:1223,_ZN4Napi8FunctionC2EP10napi_env__P12napi_value__
FN:1258,_ZNK4Napi8Function12MakeCallbackEP12napi_value__RKSt16initializer_listIS2_E
FN:1268,_ZNK4Napi8Function12MakeCallbackEP12napi_value__mPKS2_
FN:1298,_ZN4Napi6BufferIhE3NewEP10napi_env__m
FN:1307,_ZN4Napi6BufferImE3NewEP10napi_env__Pmm
FN:1307,_ZN4Napi6BufferIhE3NewEP10napi_env__Phm
FN:1372,_ZN4Napi6BufferIhEC2Ev
FN:1381,_ZN4Napi6BufferIhEC2EP10napi_env__P12napi_value__mPh
FN:1381,_ZN4Napi6BufferImEC2EP10napi_env__P12napi_value__mPm
FN:1386,_ZNK4Napi6BufferIhE6LengthEv
FN:1398,_ZNK4Napi6BufferIhE10EnsureInfoEv
FN:1416,_ZN4Napi5Error3NewEP10napi_env__
FN:1474,_ZN4Napi5Error3NewEP10napi_env__RKNSt7__cxx1112basic_stringIcSt11char_traitsIcESaIcEEE
FN:1478,_ZN4Napi5Error5FatalEPKcS2_
FN:1485,_ZN4Napi5ErrorC2EP10napi_env__P12napi_value__
FN:1521,_ZNK4Napi5Error7MessageB5cxx11Ev
FN:1538,_ZNK4Napi5Error26ThrowAsJavaScriptExceptionEv
FN:1548,_ZNK4Napi5Error4whatEv
FN:1555,_ZN4Napi5Error3NewIS0_EET_P10napi_env__PKcmPF11napi_statusS4_P12napi_value__S9_PS9_E
FN:1603,_ZN4Napi9ReferenceINS_8FunctionEE3NewERKS1_j
FN:1603,_ZN4Napi9ReferenceINS_6ObjectEE3NewERKS1_j
FN:1620,_ZN4Napi9ReferenceINS_6ObjectEEC2Ev
FN:1624,_ZN4Napi9ReferenceINS_6ObjectEEC2EP10napi_env__P10napi_ref__
FN:1624,_ZN4Napi9ReferenceINS_8FunctionEEC2EP10napi_env__P10napi_ref__
FN:1629,_ZN4Napi9ReferenceINS_8FunctionEED2Ev
FN:1629,_ZN4Napi9ReferenceINS_6ObjectEED2Ev
FN:1640,_ZN4Napi9ReferenceINS_8FunctionEEC2EOS2_
FN:1640,_ZN4Napi9ReferenceINS_6ObjectEEC2EOS2_
FN:1648,_ZN4Napi9ReferenceINS_6ObjectEEaSEOS2_
FN:1695,_ZNK4Napi9ReferenceINS_6ObjectEE7IsEmptyEv
FN:1700,_ZNK4Napi9ReferenceINS_8FunctionEE5ValueEv
FN:1700,_ZNK4Napi9ReferenceINS_6ObjectEE5ValueEv
FN:1728,_ZN4Napi9ReferenceINS_6ObjectEE5ResetEv
FN:1771,_ZN4Napi10PersistentENS_6ObjectE
FN:1775,_ZN4Napi10PersistentENS_8FunctionE
FN:1786,_ZN4Napi15ObjectReferenceC2EP10napi_env__P10napi_ref__
FN:1789,_ZN4Napi15ObjectReferenceC2EONS_9ReferenceINS_6ObjectEEE
FN:1811,_ZNK4Napi15ObjectReference3GetEPKc
FN:1917,_ZN4Napi17FunctionReferenceC2EONS_9ReferenceINS_8FunctionEEE
FN:1963,_ZNK4Napi17FunctionReference12MakeCallbackEP12napi_value__RKSt16initializer_listIS2_E
FN:1989,_ZN4Napi12CallbackInfoC2EP10napi_env__P20napi_callback_info__
FN:2007,_ZN4Napi12CallbackInfoD2Ev
FN:2024,_ZNK4Napi12CallbackInfo3EnvEv
FN:2028,_ZNK4Napi12CallbackInfo6LengthEv
FN:2032,_ZNK4Napi12CallbackInfoixEm
FN:2036,_ZNK4Napi12CallbackInfo4ThisEv
FN:2043,_ZNK4Napi12CallbackInfo4DataEv
FN:2047,_ZN4Napi12CallbackInfo7SetDataEPv
FN:2286,_ZN4Napi10ObjectWrapI9DisruptorEC2ERKNS_12CallbackInfoE
FN:2300,_ZN4Napi10ObjectWrapI9DisruptorE6UnwrapENS_6ObjectE
FN:2308,_ZN4Napi10ObjectWrapI9DisruptorE11DefineClassENS_3EnvEPKcRKSt16initializer_listINS_23ClassPropertyDescriptorIS1_EEEPv
FN:2394,_ZN4Napi10ObjectWrapI9DisruptorE14InstanceMethodEPKcMS1_FvRKNS_12CallbackInfoEE24napi_property_attributesPv
FN:2412,_ZN4Napi10ObjectWrapI9DisruptorE14InstanceMethodEPKcMS1_FNS_5ValueERKNS_12CallbackInfoEE24napi_property_attributesPv
FN:2429,_ZN4Napi10ObjectWrapI9DisruptorE16InstanceAccessorEPKcMS1_FNS_5ValueERKNS_12CallbackInfoEEMS1_FvS8_RKS5_E24napi_property_attributesPv
FN:2471,_ZN4Napi10ObjectWrapI9DisruptorE26ConstructorCallbackWrapperEP10napi_env__P20napi_callback_info__
FN:2485,_ZZN4Napi10ObjectWrapI9DisruptorE26ConstructorCallbackWrapperEP10napi_env__P20napi_callback_info__ENKUlvE_clEv
FN:2549,_ZN4Napi10ObjectWrapI9DisruptorE33InstanceVoidMethodCallbackWrapperEP10napi_env__P20napi_callback_info__
FN:2552,_ZZN4Napi10ObjectWrapI9DisruptorE33InstanceVoidMethodCallbackWrapperEP10napi_env__P20napi_callback_info__ENKUlvE_clEv
FN:2565,_ZN4Napi10ObjectWrapI9DisruptorE29InstanceMethodCallbackWrapperEP10napi_env__P20napi_callback_info__
FN:2568,_ZZN4Napi10ObjectWrapI9DisruptorE29InstanceMethodCallbackWrapperEP10napi_env__P20napi_callback_info__ENKUlvE_clEv
FN:2580,_ZN4Napi10ObjectWrapI9DisruptorE29InstanceGetterCallbackWrapperEP10napi_env__P20napi_callback_info__
FN:2583,_ZZN4Napi10ObjectWrapI9DisruptorE29InstanceGetterCallbackWrapperEP10napi_env__P20napi_callback_info__ENKUlvE_clEv
FN:2595,_ZN4Napi10ObjectWrapI9DisruptorE29InstanceSetterCallbackWrapperEP10napi_env__P20napi_callback_info__
FN:2598,_ZZN4Napi10ObjectWrapI9DisruptorE29InstanceSetterCallbackWrapperEP10napi_env__P20napi_callback_info__ENKUlvE_clEv
FN:2611,_ZN4Napi10ObjectWrapI9DisruptorE16FinalizeCallbackEP10napi_env__PvS5_
FN:2624,_ZN4Napi11HandleScopeC2ENS_3EnvE
FN:2629,_ZN4Napi11HandleScopeD2Ev
FN:2649,_ZN4Napi20EscapableHandleScopeC2ENS_3EnvE
FN:2654,_ZN4Napi20EscapableHandleScopeD2Ev
FN:2666,_ZN4Napi20EscapableHandleScope6EscapeEP12napi_value__
FN:2677,_ZN4Napi11AsyncWorkerC2ERKNS_8FunctionE
FN:2681,_ZN4Napi11AsyncWorkerC2ERKNS_6ObjectERKNS_8FunctionE
FN:2696,_ZN4Napi11AsyncWorkerD0Ev
FN:2696,_ZN4Napi11AsyncWorkerD2Ev
FN:2728,_ZNK4Napi11AsyncWorker3EnvEv
FN:2732,_ZN4Napi11AsyncWorker5QueueEv
FN:2742,_ZN4Napi11AsyncWorker8ReceiverEv
FN:2746,_ZN4Napi11AsyncWorker8CallbackEv
FN:2750,_ZN4Napi11AsyncWorker4OnOKEv
FN:2754,_ZN4Napi11AsyncWorker7OnErrorERKNS_5ErrorE
FN:2758,_ZN4Napi11AsyncWorker8SetErrorERKNSt7__cxx1112basic_stringIcSt11char_traitsIcESaIcEEE
FN:2762,_ZN4Napi11AsyncWorker9OnExecuteEP10napi_env__Pv
FN:2775,_ZN4Napi11AsyncWorker14OnWorkCompleteEP10napi_env__11napi_statusPv
FN:2780,_ZZN4Napi11AsyncWorker14OnWorkCompleteEP10napi_env__11napi_statusPvENKUlvE_clEv
FNDA:3395,_ZN4Napi7details12WrapCallbackIZNS_10ObjectWrapI9DisruptorE26ConstructorCallbackWrapperEP10napi_env__P20napi_callback_info__EUlvE_EEP12napi_value__T_
FNDA:0,_ZN4Napi7details12WrapCallbackIZNS_10ObjectWrapI9DisruptorE29InstanceSetterCallbackWrapperEP10napi_env__P20napi_callback_info__EUlvE_EEP12napi_value__T_
FNDA:308335,_ZN4Napi7details12WrapCallbackIZNS_10ObjectWrapI9DisruptorE29InstanceGetterCallbackWrapperEP10napi_env__P20napi_callback_info__EUlvE_EEP12napi_value__T_
FNDA:4782,_ZN4Napi7details12WrapCallbackIZNS_10ObjectWrapI9DisruptorE33InstanceVoidMethodCallbackWrapperEP10napi_env__P20napi_callback_info__EUlvE_EEP12napi_value__T_
FNDA:1419766,_ZN4Napi7details12WrapCallbackIZNS_10ObjectWrapI9DisruptorE29InstanceMethodCallbackWrapperEP10napi_env__P20napi_callback_info__EUlvE_EEP12napi_value__T_
FNDA:1,_ZN4Napi7details12WrapCallbackIZNS0_12CallbackDataIPFvRKNS_12CallbackInfoEEvE7WrapperEP10napi_env__P20napi_callback_info__EUlvE_EEP12napi_value__T_
FNDA:1712107,_ZN4Napi7details12WrapCallbackIZNS_11AsyncWorker14OnWorkCompleteEP10napi_env__11napi_statusPvEUlvE_EEP12napi_value__T_
FNDA:253,_ZN4Napi7details12WrapCallbackIZNS_14RegisterModuleEP10napi_env__P12napi_value__PFNS_6ObjectENS_3EnvES6_EEUlvE_EES5_T_
FNDA:1,_ZN4Napi7details12CallbackDataIPFvRKNS_12CallbackInfoEEvE7WrapperEP10napi_env__P20napi_callback_info__
FNDA:1,_ZZN4Napi7details12CallbackDataIPFvRKNS_12CallbackInfoEEvE7WrapperEP10napi_env__P20napi_callback_info__ENKUlvE_clEv
FNDA:253,_ZN4Napi14RegisterModuleEP10napi_env__P12napi_value__PFNS_6ObjectENS_3EnvES4_E
FNDA:253,_ZZN4Napi14RegisterModuleEP10napi_env__P12napi_value__PFNS_6ObjectENS_3EnvES4_EENKUlvE_clEv
FNDA:15992803,_ZN4Napi3EnvC2EP10napi_env__
FNDA:15636992,_ZNK4Napi3EnvcvP10napi_env__Ev
FNDA:339836,_ZNK4Napi3Env9UndefinedEv
FNDA:148028,_ZNK4Napi3Env4NullEv
FNDA:101771,_ZN4Napi5ValueC2Ev
FNDA:12389058,_ZN4Napi5ValueC2EP10napi_env__P12napi_value__
FNDA:15154158,_ZNK4Napi5ValuecvP12napi_value__Ev
FNDA:10394376,_ZNK4Napi5Value3EnvEv
FNDA:148028,_ZNK4Napi5Value4TypeEv
FNDA:148028,_ZNK4Napi5Value10IsFunctionEv
FNDA:6790,_ZNK4Napi5Value2AsINS_7BooleanEEET_v
FNDA:13749,_ZNK4Napi5Value2AsINS_6NumberEEET_v
FNDA:148027,_ZNK4Napi5Value2AsINS_8FunctionEEET_v
FNDA:1732883,_ZNK4Napi5Value2AsINS_6ObjectEEET_v
FNDA:3395,_ZNK4Napi5Value2AsINS_6StringEEET_v
FNDA:756098,_ZN4Napi7Boolean3NewEP10napi_env__b
FNDA:762888,_ZN4Napi7BooleanC2EP10napi_env__P12napi_value__
FNDA:58682,_ZNK4Napi7BooleancvbEv
FNDA:58682,_ZNK4Napi7Boolean5ValueEv
FNDA:409765,_ZN4Napi6Number3NewEP10napi_env__d
FNDA:423514,_ZN4Napi6NumberC2EP10napi_env__P12napi_value__
FNDA:13615,_ZNK4Napi6NumbercvjEv
FNDA:13615,_ZNK4Napi6Number11Uint32ValueEv
FNDA:134,_ZNK4Napi6Number10Int64ValueEv
FNDA:3395,_ZN4Napi4NameC2EP10napi_env__P12napi_value__
FNDA:3395,_ZN4Napi6StringC2EP10napi_env__P12napi_value__
FNDA:0,_ZNK4Napi6StringcvNSt7__cxx1112basic_stringIcSt11char_traitsIcESaIcEEEEv
FNDA:3395,_ZNK4Napi6String9Utf8ValueB5cxx11Ev
FNDA:100958,_ZN4Napi6Object14PropertyLValueIjEaSINS_5ValueEEERS2_T_
FNDA:100958,_ZN4Napi6Object14PropertyLValueIjEC2ES0_j
FNDA:1712107,_ZN4Napi6Object3NewEP10napi_env__
FNDA:101771,_ZN4Napi6ObjectC2Ev
FNDA:10243379,_ZN4Napi6ObjectC2EP10napi_env__P12napi_value__
FNDA:100958,_ZN4Napi6ObjectixEj
FNDA:0,_ZNK4Napi6Object3GetEPKc
FNDA:253,_ZN4Napi6Object3SetEPKcNS_5ValueE
FNDA:424110,_ZN4Napi6Object3SetEjNS_5ValueE
FNDA:524813,_ZN4Napi5Array3NewEP10napi_env__
FNDA:524813,_ZN4Napi5ArrayC2EP10napi_env__P12napi_value__
FNDA:201043,_ZNK4Napi5Array6LengthEv
FNDA:1,_ZN4Napi8Function3NewIPFvRKNS_12CallbackInfoEEEES0_P10napi_env__T_PKcPv
FNDA:1860388,_ZN4Napi8FunctionC2EP10napi_env__P12napi_value__
FNDA:148028,_ZNK4Napi8Function12MakeCallbackEP12napi_value__RKSt16initializer_listIS2_E
FNDA:148028,_ZNK4Napi8Function12MakeCallbackEP12napi_value__mPKS2_
FNDA:17,_ZN4Napi6BufferIhE3NewEP10napi_env__m
FNDA:712143,_ZN4Napi6BufferIhE3NewEP10napi_env__Phm
FNDA:9,_ZN4Napi6BufferImE3NewEP10napi_env__Pmm
FNDA:101771,_ZN4Napi6BufferIhEC2Ev
FNDA:712160,_ZN4Napi6BufferIhEC2EP10napi_env__P12napi_value__mPh
FNDA:9,_ZN4Napi6BufferImEC2EP10napi_env__P12napi_value__mPm
FNDA:51889,_ZNK4Napi6BufferIhE6LengthEv
FNDA:51889,_ZNK4Napi6BufferIhE10EnsureInfoEv
FNDA:0,_ZN4Napi5Error3NewEP10napi_env__
FNDA:3,_ZN4Napi5Error3NewEP10napi_env__RKNSt7__cxx1112basic_stringIcSt11char_traitsIcESaIcEEE
FNDA:0,_ZN4Napi5Error5FatalEPKcS2_
FNDA:3,_ZN4Napi5ErrorC2EP10napi_env__P12napi_value__
FNDA:0,_ZNK4Napi5Error7MessageB5cxx11Ev
FNDA:3,_ZNK4Napi5Error26ThrowAsJavaScriptExceptionEv
FNDA:0,_ZNK4Napi5Error4whatEv
FNDA:3,_ZN4Napi5Error3NewIS0_EET_P10napi_env__PKcmPF11napi_statusS4_P12napi_value__S9_PS9_E
FNDA:1712107,_ZN4Napi9ReferenceINS_8FunctionEE3NewERKS1_j
FNDA:3424214,_ZN4Napi9ReferenceINS_6ObjectEE3NewERKS1_j
FNDA:3395,_ZN4Napi9ReferenceINS_6ObjectEEC2Ev
FNDA:1712107,_ZN4Napi9ReferenceINS_8FunctionEEC2EP10napi_env__P10napi_ref__
FNDA:3427612,_ZN4Napi9ReferenceINS_6ObjectEEC2EP10napi_env__P10napi_ref__
FNDA:3424214,_ZN4Napi9ReferenceINS_8FunctionEED2Ev
FNDA:6854569,_ZN4Napi9ReferenceINS_6ObjectEED2Ev
FNDA:1712107,_ZN4Napi9ReferenceINS_8FunctionEEC2EOS2_
FNDA:3424214,_ZN4Napi9ReferenceINS_6ObjectEEC2EOS2_
FNDA:3395,_ZN4Napi9ReferenceINS_6ObjectEEaSEOS2_
FNDA:3,_ZNK4Napi9ReferenceINS_6ObjectEE7IsEmptyEv
FNDA:1712107,_ZNK4Napi9ReferenceINS_8FunctionEE5ValueEv
FNDA:1860138,_ZNK4Napi9ReferenceINS_6ObjectEE5ValueEv
FNDA:3395,_ZN4Napi9ReferenceINS_6ObjectEE5ResetEv
FNDA:3424214,_ZN4Napi10PersistentENS_6ObjectE
FNDA:1712107,_ZN4Napi10PersistentENS_8FunctionE
FNDA:3,_ZN4Napi15ObjectReferenceC2EP10napi_env__P10napi_ref__
FNDA:3424214,_ZN4Napi15ObjectReferenceC2EONS_9ReferenceINS_6ObjectEEE
FNDA:0,_ZNK4Napi15ObjectReference3GetEPKc
FNDA:1712107,_ZN4Napi17FunctionReferenceC2EONS_9ReferenceINS_8FunctionEEE
FNDA:148028,_ZNK4Napi17FunctionReference12MakeCallbackEP12napi_value__RKSt16initializer_listIS2_E
FNDA:1736279,_ZN4Napi12CallbackInfoC2EP10napi_env__P20napi_callback_info__
FNDA:1736279,_ZN4Napi12CallbackInfoD2Ev
FNDA:1877901,_ZNK4Napi12CallbackInfo3EnvEv
FNDA:434915,_ZNK4Napi12CallbackInfo6LengthEv
FNDA:171962,_ZNK4Napi12CallbackInfoixEm
FNDA:1739670,_ZNK4Napi12CallbackInfo4ThisEv
FNDA:1732884,_ZNK4Napi12CallbackInfo4DataEv
FNDA:1732884,_ZN4Napi12CallbackInfo7SetDataEPv
FNDA:3395,_ZN4Napi10ObjectWrapI9DisruptorEC2ERKNS_12CallbackInfoE
FNDA:1732883,_ZN4Napi10ObjectWrapI9DisruptorE6UnwrapENS_6ObjectE
FNDA:253,_ZN4Napi10ObjectWrapI9DisruptorE11DefineClassENS_3EnvEPKcRKSt16initializer_listINS_23ClassPropertyDescriptorIS1_EEEPv
FNDA:1265,_ZN4Napi10ObjectWrapI9DisruptorE14InstanceMethodEPKcMS1_FvRKNS_12CallbackInfoEE24napi_property_attributesPv
FNDA:2530,_ZN4Napi10ObjectWrapI9DisruptorE14InstanceMethodEPKcMS1_FNS_5ValueERKNS_12CallbackInfoEE24napi_property_attributesPv
FNDA:2530,_ZN4Napi10ObjectWrapI9DisruptorE16InstanceAccessorEPKcMS1_FNS_5ValueERKNS_12CallbackInfoEEMS1_FvS8_RKS5_E24napi_property_attributesPv
FNDA:3395,_ZN4Napi10ObjectWrapI9DisruptorE26ConstructorCallbackWrapperEP10napi_env__P20napi_callback_info__
FNDA:3395,_ZZN4Napi10ObjectWrapI9DisruptorE26ConstructorCallbackWrapperEP10napi_env__P20napi_callback_info__ENKUlvE_clEv
FNDA:4782,_ZN4Napi10ObjectWrapI9DisruptorE33InstanceVoidMethodCallbackWrapperEP10napi_env__P20napi_callback_info__
FNDA:4782,_ZZN4Napi10ObjectWrapI9DisruptorE33InstanceVoidMethodCallbackWrapperEP10napi_env__P20napi_callback_info__ENKUlvE_clEv
FNDA:1419766,_ZN4Napi10ObjectWrapI9DisruptorE29InstanceMethodCallbackWrapperEP10napi_env__P20napi_callback_info__
FNDA:1419766,_ZZN4Napi10ObjectWrapI9DisruptorE29InstanceMethodCallbackWrapperEP10napi_env__P20napi_callback_info__ENKUlvE_clEv
FNDA:308335,_ZN4Napi10ObjectWrapI9DisruptorE29InstanceGetterCallbackWrapperEP10napi_env__P20napi_callback_info__
FNDA:308335,_ZZN4Napi10ObjectWrapI9DisruptorE29InstanceGetterCallbackWrapperEP10napi_env__P20napi_callback_info__ENKUlvE_clEv
FNDA:0,_ZN4Napi10ObjectWrapI9DisruptorE29InstanceSetterCallbackWrapperEP10napi_env__P20napi_callback_info__
FNDA:0,_ZZN4Napi10ObjectWrapI9DisruptorE29InstanceSetterCallbackWrapperEP10napi_env__P20napi_callback_info__ENKUlvE_clEv
FNDA:2740,_ZN4Napi10ObjectWrapI9DisruptorE16FinalizeCallbackEP10napi_env__PvS5_
FNDA:1712110,_ZN4Napi11HandleScopeC2ENS_3EnvE
FNDA:1712110,_ZN4Napi11HandleScopeD2Ev
FNDA:148028,_ZN4Napi20EscapableHandleScopeC2ENS_3EnvE
FNDA:148028,_ZN4Napi20EscapableHandleScopeD2Ev
FNDA:148028,_ZN4Napi20EscapableHandleScope6EscapeEP12napi_value__
FNDA:1712107,_ZN4Napi11AsyncWorkerC2ERKNS_8FunctionE
FNDA:1712107,_ZN4Napi11AsyncWorkerC2ERKNS_6ObjectERKNS_8FunctionE
FNDA:0,_ZN4Napi11AsyncWorkerD0Ev
FNDA:1712107,_ZN4Napi11AsyncWorkerD2Ev
FNDA:1860135,_ZNK4Napi11AsyncWorker3EnvEv
FNDA:1712107,_ZN4Napi11AsyncWorker5QueueEv
FNDA:148028,_ZN4Napi11AsyncWorker8ReceiverEv
FNDA:1712107,_ZN4Napi11AsyncWorker8CallbackEv
FNDA:0,_ZN4Napi11AsyncWorker4OnOKEv
FNDA:0,_ZN4Napi11AsyncWorker7OnErrorERKNS_5ErrorE
FNDA:0,_ZN4Napi11AsyncWorker8SetErrorERKNSt7__cxx1112basic_stringIcSt11char_traitsIcESaIcEEE
FNDA:1712107,_ZN4Napi11AsyncWorker9OnExecuteEP10napi_env__Pv
FNDA:1712107,_ZN4Napi11AsyncWorker14OnWorkCompleteEP10napi_env__11napi_statusPv
FNDA:1712107,_ZZN4Napi11AsyncWorker14OnWorkCompleteEP10napi_env__11napi_statusPvENKUlvE_clEv
FNF:137
FNH:123
DA:54,3448639
DA:57,3448639
DA:58,6
DA:59,3
DA:60,3
DA:89,1
DA:90,2
DA:91,2
DA:92,1
DA:94,1
DA:95,1
DA:96,2
DA:97,1
DA:167,253
DA:170,506
DA:171,759
DA:172,253
DA:173,759
DA:180,15992803
DA:181,15992803
DA:183,15636992
DA:184,15636992
DA:194,339836
DA:196,339836
DA:197,339836
DA:198,339836
DA:201,148028
DA:203,148028
DA:204,148028
DA:205,148028
DA:229,101771
DA:230,101771
DA:232,12389058
DA:233,12389058
DA:235,15154158
DA:236,15154158
DA:254,10394376
DA:255,10394376
DA:262,148028
DA:263,148028
DA:264,0
DA:268,148028
DA:269,148028
DA:270,148028
DA:334,148028
DA:335,148028
DA:350,1904844
DA:351,1904844
DA:386,756098
DA:388,756098
DA:389,756098
DA:390,756098
DA:396,762888
DA:397,762888
DA:399,58682
DA:400,58682
DA:403,58682
DA:405,58682
DA:406,58682
DA:407,58682
DA:414,409765
DA:416,409765
DA:417,409765
DA:418,409765
DA:424,423514
DA:425,423514
DA:431,13615
DA:432,13615
DA:454,13615
DA:456,13615
DA:457,13615
DA:458,13615
DA:461,134
DA:463,134
DA:464,134
DA:465,134
DA:486,3395
DA:487,3395
DA:532,3395
DA:533,3395
DA:535,0
DA:536,0
DA:543,3395
DA:545,3395
DA:546,3395
DA:548,3395
DA:549,3395
DA:550,3395
DA:551,3395
DA:552,3395
DA:553,3395
DA:612,100958
DA:613,100958
DA:614,100958
DA:618,100958
DA:619,100958
DA:621,1712107
DA:623,1712107
DA:624,1712107
DA:625,1712107
DA:628,101771
DA:629,101771
DA:631,10243379
DA:632,10243379
DA:642,100958
DA:643,100958
DA:697,0
DA:699,0
DA:700,0
DA:701,0
DA:718,253
DA:719,253
DA:720,253
DA:721,253
DA:779,424110
DA:780,424110
DA:781,424110
DA:782,424110
DA:907,524813
DA:909,524813
DA:910,524813
DA:911,524813
DA:924,524813
DA:925,524813
DA:927,201043
DA:929,201043
DA:930,201043
DA:931,201043
DA:1196,1
DA:1203,1
DA:1206,1
DA:1208,1
DA:1209,1
DA:1223,1860388
DA:1224,1860388
DA:1258,148028
DA:1260,148028
DA:1268,148028
DA:1271,148028
DA:1272,296056
DA:1273,148028
DA:1274,148028
DA:1298,17
DA:1301,17
DA:1302,17
DA:1303,17
DA:1307,712152
DA:1309,712152
DA:1311,712152
DA:1312,712152
DA:1372,101771
DA:1373,101771
DA:1381,712169
DA:1382,712169
DA:1383,712169
DA:1386,51889
DA:1387,51889
DA:1388,51889
DA:1398,51889
DA:1402,51889
DA:1405,0
DA:1406,0
DA:1407,0
DA:1408,0
DA:1410,51889
DA:1416,0
DA:1418,0
DA:1421,0
DA:1422,0
DA:1424,0
DA:1425,0
DA:1426,0
DA:1427,0
DA:1430,0
DA:1431,0
DA:1434,0
DA:1435,0
DA:1437,0
DA:1438,0
DA:1439,0
DA:1443,0
DA:1448,0
DA:1450,0
DA:1451,0
DA:1452,0
DA:1456,0
DA:1457,0
DA:1458,0
DA:1459,0
DA:1460,0
DA:1462,0
DA:1467,0
DA:1474,3
DA:1475,3
DA:1478,0
DA:1479,0
DA:1485,3
DA:1486,3
DA:1487,3
DA:1491,3
DA:1493,3
DA:1521,0
DA:1522,0
DA:1525,0
DA:1527,0
DA:1535,0
DA:1538,3
DA:1539,6
DA:1540,3
DA:1541,3
DA:1542,3
DA:1544,3
DA:1548,0
DA:1549,0
DA:1555,3
DA:1560,3
DA:1561,3
DA:1564,3
DA:1565,3
DA:1567,3
DA:1603,5136321
DA:1604,5136321
DA:1605,5136321
DA:1607,5136321
DA:1608,0
DA:1612,5136321
DA:1613,5136321
DA:1615,5136321
DA:1620,3395
DA:1621,3395
DA:1624,5139719
DA:1625,5139719
DA:1626,5139719
DA:1629,10278783
DA:1630,10278783
DA:1631,5139067
DA:1632,5139067
DA:1635,5139067
DA:1637,10278783
DA:1640,5136321
DA:1641,5136321
DA:1642,5136321
DA:1643,5136321
DA:1644,5136321
DA:1645,5136321
DA:1648,3395
DA:1649,3395
DA:1650,3395
DA:1651,3395
DA:1652,3395
DA:1653,3395
DA:1654,3395
DA:1655,3395
DA:1656,3395
DA:1695,3
DA:1696,3
DA:1700,3572245
DA:1701,3572245
DA:1702,0
DA:1706,3572245
DA:1707,3572245
DA:1708,3572245
DA:1728,3395
DA:1729,3395
DA:1730,0
DA:1731,0
DA:1732,0
DA:1734,3395
DA:1771,3424214
DA:1772,3424214
DA:1775,1712107
DA:1776,1712107
DA:1786,3
DA:1787,3
DA:1789,3424214
DA:1790,3424214
DA:1791,3424214
DA:1811,0
DA:1812,0
DA:1813,0
DA:1917,1712107
DA:1918,1712107
DA:1919,1712107
DA:1963,148028
DA:1965,296056
DA:1966,296056
DA:1989,1736279
DA:1990,1736279
DA:1991,1736279
DA:1992,1736279
DA:1993,1736279
DA:1994,1736279
DA:1996,1736279
DA:1999,3395
DA:2000,3395
DA:2002,3395
DA:2003,3395
DA:2005,1736279
DA:2007,3472558
DA:2008,1736279
DA:2009,3395
DA:2011,1736279
DA:2024,1877901
DA:2025,1877901
DA:2028,434915
DA:2029,434915
DA:2032,171962
DA:2033,171962
DA:2036,1739670
DA:2037,1739670
DA:2038,0
DA:2040,1739670
DA:2043,1732884
DA:2044,1732884
DA:2047,1732884
DA:2048,1732884
DA:2049,1732884
DA:2286,3395
DA:2287,3395
DA:2288,3395
DA:2291,3395
DA:2292,3395
DA:2293,3395
DA:2295,3395
DA:2296,3395
DA:2297,3395
DA:2300,1732883
DA:2302,1732883
DA:2303,1732883
DA:2304,1732883
DA:2308,253
DA:2314,253
DA:2317,253
DA:2318,253
DA:2320,253
DA:2394,1265
DA:2400,1265
DA:2401,1265
DA:2403,1265
DA:2404,1265
DA:2405,1265
DA:2406,1265
DA:2407,1265
DA:2408,1265
DA:2412,2530
DA:2418,2530
DA:2420,2530
DA:2421,2530
DA:2422,2530
DA:2423,2530
DA:2424,2530
DA:2425,2530
DA:2429,2530
DA:2436,2530
DA:2437,2530
DA:2439,2530
DA:2440,2530
DA:2441,2530
DA:2442,2530
DA:2443,2530
DA:2444,2530
DA:2445,2530
DA:2471,3395
DA:2475,3395
DA:2476,3395
DA:2478,3395
DA:2479,3395
DA:2480,0
DA:2481,0
DA:2485,6790
DA:2486,6790
DA:2487,3398
DA:2488,6784
DA:2491,3395
DA:2549,4782
DA:2552,9564
DA:2553,9564
DA:2554,4782
DA:2556,4782
DA:2557,4782
DA:2558,4782
DA:2559,4782
DA:2560,9564
DA:2561,4782
DA:2565,1419766
DA:2568,2839532
DA:2569,2839532
DA:2570,1419766
DA:2572,1419766
DA:2573,1419766
DA:2574,1419766
DA:2575,2839532
DA:2576,1419766
DA:2580,308335
DA:2583,616670
DA:2584,616670
DA:2585,308335
DA:2587,308335
DA:2588,308335
DA:2589,308335
DA:2590,616670
DA:2591,308335
DA:2595,0
DA:2598,0
DA:2599,0
DA:2600,0
DA:2602,0
DA:2603,0
DA:2604,0
DA:2605,0
DA:2606,0
DA:2607,0
DA:2611,2740
DA:2612,2740
DA:2613,2740
DA:2614,2740
DA:2624,1712110
DA:2625,1712110
DA:2626,1712110
DA:2627,1712110
DA:2629,3424220
DA:2630,1712110
DA:2631,1712110
DA:2649,148028
DA:2650,148028
DA:2651,148028
DA:2652,148028
DA:2654,296056
DA:2655,148028
DA:2656,148028
DA:2666,148028
DA:2668,148028
DA:2669,148028
DA:2670,148028
DA:2677,1712107
DA:2678,1712107
DA:2679,1712107
DA:2681,1712107
DA:2682,3424214
DA:2684,5136321
DA:2687,1712107
DA:2688,1712107
DA:2689,1712107
DA:2691,1712107
DA:2693,1712107
DA:2694,1712107
DA:2696,3424214
DA:2697,1712107
DA:2698,1712107
DA:2699,1712107
DA:2701,1712107
DA:2728,1860135
DA:2729,1860135
DA:2732,1712107
DA:2733,1712107
DA:2734,1712107
DA:2735,1712107
DA:2742,148028
DA:2743,148028
DA:2746,1712107
DA:2747,1712107
DA:2750,0
DA:2751,0
DA:2752,0
DA:2754,0
DA:2755,0
DA:2756,0
DA:2758,0
DA:2759,0
DA:2760,0
DA:2762,1712107
DA:2763,1712107
DA:2766,1712107
DA:2767,0
DA:2768,0
DA:2773,1712107
DA:2775,1712107
DA:2777,1712107
DA:2778,1712107
DA:2779,3424214
DA:2780,3424214
DA:2781,5136321
DA:2782,5136321
DA:2785,0
DA:2787,1712107
DA:2790,1712107
DA:2791,1712107
LF:487
LH:407
end_of_record
SF:/home/david/shared-memory-disruptor/node_modules/node-addon-api/napi.h
FN:900,_ZN4Napi15ObjectReferenceD2Ev
FN:937,_ZN4Napi17FunctionReferenceD2Ev
FN:1062,_ZN4Napi5ErrorD2Ev
FN:1062,_ZN4Napi5ErrorD0Ev
FN:1249,_ZN4Napi23ClassPropertyDescriptorI9DisruptorEC2E24napi_property_descriptor
FN:1284,_ZN4Napi10ObjectWrapI9DisruptorED2Ev
FNDA:3424217,_ZN4Napi15ObjectReferenceD2Ev
FNDA:1712107,_ZN4Napi17FunctionReferenceD2Ev
FNDA:0,_ZN4Napi5ErrorD0Ev
FNDA:3,_ZN4Napi5ErrorD2Ev
FNDA:6325,_ZN4Napi23ClassPropertyDescriptorI9DisruptorEC2E24napi_property_descriptor
FNDA:2743,_ZN4Napi10ObjectWrapI9DisruptorED2Ev
FNF:6
FNH:5
DA:900,3424217
DA:937,1712107
DA:1062,3
DA:1249,6325
DA:1284,2743
LF:5
LH:5
end_of_record
SF:/usr/include/c++/7/bits/alloc_traits.h
FN:435,_ZNSt16allocator_traitsISaI11AsyncBufferIhEEE8allocateERS2_m
FN:461,_ZNSt16allocator_traitsISaI11AsyncBufferIhEEE10deallocateERS2_PS1_m
FN:495,_ZNSt16allocator_traitsISaI11AsyncBufferIhEEE8max_sizeERKS2_
FNDA:100958,_ZNSt16allocator_traitsISaI11AsyncBufferIhEEE8allocateERS2_m
FNDA:100958,_ZNSt16allocator_traitsISaI11AsyncBufferIhEEE10deallocateERS2_PS1_m
FNDA:201916,_ZNSt16allocator_traitsISaI11AsyncBufferIhEEE8max_sizeERKS2_
FNF:3
FNH:3
DA:435,100958
DA:436,100958
DA:461,100958
DA:462,100958
DA:495,201916
DA:496,201916
LF:6
LH:6
end_of_record
SF:/usr/include/c++/7/bits/allocator.h
FN:131,_ZNSaI11AsyncBufferIhEEC2Ev
FN:139,_ZNSaI11AsyncBufferIhEED2Ev
FNDA:1179708,_ZNSaI11AsyncBufferIhEEC2Ev
FNDA:1179708,_ZNSaI11AsyncBufferIhEED2Ev
FNF:2
FNH:2
DA:131,1179708
DA:139,1179708
LF:2
LH:2
end_of_record
SF:/usr/include/c++/7/bits/basic_string.h
FN:139,_ZNSt7__cxx1112basic_stringIcSt11char_traitsIcESaIcEE12_Alloc_hiderD2Ev
FN:232,_ZNSt7__cxx1112basic_stringIcSt11char_traitsIcESaIcEE16_M_construct_auxIPcEEvT_S7_St12__false_type
FN:252,_ZNSt7__cxx1112basic_stringIcSt11char_traitsIcESaIcEE12_M_constructIPcEEvT_S7_
FN:604,_ZNSt7__cxx1112basic_stringIcSt11char_traitsIcESaIcEEC2IPcvEET_S7_RKS3_
FN:5953,_ZStplIcSt11char_traitsIcESaIcEENSt7__cxx1112basic_stringIT_T0_T1_EEOS8_S9_
FN:5977,_ZStplIcSt11char_traitsIcESaIcEENSt7__cxx1112basic_stringIT_T0_T1_EEOS8_PKS5_
FN:6402,_ZNSt7__cxx119to_stringEi
FNDA:0,_ZNSt7__cxx1112basic_stringIcSt11char_traitsIcESaIcEE12_Alloc_hiderD2Ev
FNDA:0,_ZNSt7__cxx1112basic_stringIcSt11char_traitsIcESaIcEE16_M_construct_auxIPcEEvT_S7_St12__false_type
FNDA:0,_ZNSt7__cxx1112basic_stringIcSt11char_traitsIcESaIcEE12_M_constructIPcEEvT_S7_
FNDA:0,_ZNSt7__cxx1112basic_stringIcSt11char_traitsIcESaIcEEC2IPcvEET_S7_RKS3_
FNDA:3,_ZStplIcSt11char_traitsIcESaIcEENSt7__cxx1112basic_stringIT_T0_T1_EEOS8_S9_
FNDA:3,_ZStplIcSt11char_traitsIcESaIcEENSt7__cxx1112basic_stringIT_T0_T1_EEOS8_PKS5_
FNDA:0,_ZNSt7__cxx119to_stringEi
FNF:7
FNH:2
DA:139,0
DA:232,0
DA:236,0
DA:237,0
DA:252,0
DA:255,0
DA:256,0
DA:604,0
DA:606,0
DA:607,0
DA:5953,3
DA:5956,3
DA:5957,6
DA:5958,3
DA:5959,0
DA:5960,3
DA:5977,3
DA:5979,3
DA:6402,0
DA:6404,0
LF:20
LH:7
end_of_record
SF:/usr/include/c++/7/bits/basic_string.tcc
FN:206,_ZNSt7__cxx1112basic_stringIcSt11char_traitsIcESaIcEE12_M_constructIPcEEvT_S7_St20forward_iterator_tag
FNDA:0,_ZNSt7__cxx1112basic_stringIcSt11char_traitsIcESaIcEE12_M_constructIPcEEvT_S7_St20forward_iterator_tag
FNF:1
FNH:0
DA:206,0
DA:211,0
DA:212,0
DA:215,0
DA:217,0
DA:219,0
DA:220,0
DA:225,0
DA:226,0
DA:228,0
DA:229,0
DA:232,0
DA:233,0
LF:13
LH:0
end_of_record
SF:/usr/include/c++/7/bits/exception.h
FN:63,_ZNSt9exceptionC2Ev
FNDA:3,_ZNSt9exceptionC2Ev
FNF:1
FNH:1
DA:63,3
LF:1
LH:1
end_of_record
SF:/usr/include/c++/7/bits/move.h
FN:47,_ZSt11__addressofI11AsyncBufferIhEEPT_RS2_
FN:73,_ZSt7forwardISt14default_deleteISt6vectorI11AsyncBufferIhESaIS3_EEEEOT_RNSt16remove_referenceIS7_E4typeE
FN:73,_ZSt7forwardI11AsyncBufferIhEEOT_RNSt16remove_referenceIS2_E4typeE
FN:73,_ZSt7forwardIRPSt6vectorI11AsyncBufferIhESaIS2_EEEOT_RNSt16remove_referenceIS7_E4typeE
FN:98,_ZSt4moveIRN4Napi9ReferenceINS0_8FunctionEEEEONSt16remove_referenceIT_E4typeEOS6_
FN:98,_ZSt4moveIRNSt7__cxx1112basic_stringIcSt11char_traitsIcESaIcEEEEONSt16remove_referenceIT_E4typeEOS8_
FN:98,_ZSt4moveIRPSt6vectorI11AsyncBufferIhESaIS2_EEEONSt16remove_referenceIT_E4typeEOS8_
FN:98,_ZSt4moveIR11AsyncBufferIhEEONSt16remove_referenceIT_E4typeEOS4_
FN:98,_ZSt4moveIRN4Napi9ReferenceINS0_6ObjectEEEEONSt16remove_referenceIT_E4typeEOS6_
FN:187,_ZSt4swapIPSt6vectorI11AsyncBufferIhESaIS2_EEENSt9enable_ifIXsrSt6__and_IJSt6__not_ISt15__is_tuple_likeIT_EESt21is_move_constructibleISA_ESt18is_move_assignableISA_EEE5valueEvE4typeERSA_SK_
FNDA:100961,_ZSt11__addressofI11AsyncBufferIhEEPT_RS2_
FNDA:3,_ZSt7forwardI11AsyncBufferIhEEOT_RNSt16remove_referenceIS2_E4typeE
FNDA:302865,_ZSt7forwardIRPSt6vectorI11AsyncBufferIhESaIS2_EEEOT_RNSt16remove_referenceIS7_E4typeE
FNDA:1195584,_ZSt7forwardISt14default_deleteISt6vectorI11AsyncBufferIhESaIS3_EEEEOT_RNSt16remove_referenceIS7_E4typeE
FNDA:1769562,_ZSt4moveIRPSt6vectorI11AsyncBufferIhESaIS2_EEEONSt16remove_referenceIT_E4typeEOS8_
FNDA:100958,_ZSt4moveIR11AsyncBufferIhEEONSt16remove_referenceIT_E4typeEOS4_
FNDA:6,_ZSt4moveIRNSt7__cxx1112basic_stringIcSt11char_traitsIcESaIcEEEEONSt16remove_referenceIT_E4typeEOS8_
FNDA:1712107,_ZSt4moveIRN4Napi9ReferenceINS0_8FunctionEEEEONSt16remove_referenceIT_E4typeEOS6_
FNDA:3424214,_ZSt4moveIRN4Napi9ReferenceINS0_6ObjectEEEEONSt16remove_referenceIT_E4typeEOS6_
FNDA:589854,_ZSt4swapIPSt6vectorI11AsyncBufferIhESaIS2_EEENSt9enable_ifIXsrSt6__and_IJSt6__not_ISt15__is_tuple_likeIT_EESt21is_move_constructibleISA_ESt18is_move_assignableISA_EEE5valueEvE4typeERSA_SK_
FNF:10
FNH:10
DA:47,100961
DA:48,100961
DA:73,1498452
DA:74,1498452
DA:98,7006847
DA:99,7006847
DA:187,589854
DA:198,589854
DA:199,589854
DA:200,589854
DA:201,589854
LF:11
LH:11
end_of_record
SF:/usr/include/c++/7/bits/stl_algobase.h
FN:219,_ZSt3maxImERKT_S2_S2_
FNDA:100958,_ZSt3maxImERKT_S2_S2_
FNF:1
FNH:1
DA:219,100958
DA:224,100958
DA:225,100955
DA:226,3
LF:4
LH:4
end_of_record
SF:/usr/include/c++/7/bits/stl_construct.h
FN:74,_ZSt10_ConstructI11AsyncBufferIhEJS1_EEvPT_DpOT0_
FN:74,_ZSt10_ConstructI11AsyncBufferIhEJEEvPT_DpOT0_
FN:117,_ZNSt12_Destroy_auxILb1EE9__destroyIP11AsyncBufferIhEEEvT_S5_
FN:127,_ZSt8_DestroyIP11AsyncBufferIhEEvT_S3_
FN:203,_ZSt8_DestroyIP11AsyncBufferIhES1_EvT_S3_RSaIT0_E
FNDA:3,_ZSt10_ConstructI11AsyncBufferIhEJS1_EEvPT_DpOT0_
FNDA:100958,_ZSt10_ConstructI11AsyncBufferIhEJEEvPT_DpOT0_
FNDA:1280666,_ZNSt12_Destroy_auxILb1EE9__destroyIP11AsyncBufferIhEEEvT_S5_
FNDA:1280666,_ZSt8_DestroyIP11AsyncBufferIhEEvT_S3_
FNDA:1280666,_ZSt8_DestroyIP11AsyncBufferIhES1_EvT_S3_RSaIT0_E
FNF:5
FNH:5
DA:74,100961
DA:75,100961
DA:117,1280666
DA:127,1280666
DA:137,1280666
DA:138,1280666
DA:203,1280666
DA:206,1280666
DA:207,1280666
LF:9
LH:9
end_of_record
SF:/usr/include/c++/7/bits/stl_iterator.h
FN:1036,_ZNSt13move_iteratorIP11AsyncBufferIhEEC2ES2_
FN:1045,_ZNKSt13move_iteratorIP11AsyncBufferIhEE4baseEv
FN:1049,_ZNKSt13move_iteratorIP11AsyncBufferIhEEdeEv
FN:1057,_ZNSt13move_iteratorIP11AsyncBufferIhEEppEv
FN:1124,_ZSteqIP11AsyncBufferIhEEbRKSt13move_iteratorIT_ES7_
FN:1136,_ZStneIP11AsyncBufferIhEEbRKSt13move_iteratorIT_ES7_
FN:1221,_ZSt32__make_move_if_noexcept_iteratorI11AsyncBufferIhESt13move_iteratorIPS1_EET0_PT_
FNDA:201916,_ZNSt13move_iteratorIP11AsyncBufferIhEEC2ES2_
FNDA:201922,_ZNKSt13move_iteratorIP11AsyncBufferIhEE4baseEv
FNDA:3,_ZNKSt13move_iteratorIP11AsyncBufferIhEEdeEv
FNDA:3,_ZNSt13move_iteratorIP11AsyncBufferIhEEppEv
FNDA:100961,_ZSteqIP11AsyncBufferIhEEbRKSt13move_iteratorIT_ES7_
FNDA:100961,_ZStneIP11AsyncBufferIhEEbRKSt13move_iteratorIT_ES7_
FNDA:201916,_ZSt32__make_move_if_noexcept_iteratorI11AsyncBufferIhESt13move_iteratorIPS1_EET0_PT_
FNF:7
FNH:7
DA:1036,201916
DA:1037,201916
DA:1045,201922
DA:1046,201922
DA:1049,3
DA:1050,3
DA:1057,3
DA:1059,3
DA:1060,3
DA:1124,100961
DA:1126,100961
DA:1136,100961
DA:1138,100961
DA:1221,201916
DA:1222,201916
LF:15
LH:15
end_of_record
SF:/usr/include/c++/7/bits/stl_iterator_base_funcs.h
FN:98,_ZSt10__distanceIPcENSt15iterator_traitsIT_E15difference_typeES2_S2_St26random_access_iterator_tag
FN:138,_ZSt8distanceIPcENSt15iterator_traitsIT_E15difference_typeES2_S2_
FNDA:0,_ZSt10__distanceIPcENSt15iterator_traitsIT_E15difference_typeES2_S2_St26random_access_iterator_tag
FNDA:0,_ZSt8distanceIPcENSt15iterator_traitsIT_E15difference_typeES2_S2_
FNF:2
FNH:0
DA:98,0
DA:104,0
DA:138,0
DA:141,0
DA:142,0
LF:5
LH:0
end_of_record
SF:/usr/include/c++/7/bits/stl_iterator_base_types.h
FN:205,_ZSt19__iterator_categoryIPcENSt15iterator_traitsIT_E17iterator_categoryERKS2_
FNDA:0,_ZSt19__iterator_categoryIPcENSt15iterator_traitsIT_E17iterator_categoryERKS2_
FNF:1
FNH:0
DA:205,0
DA:206,0
LF:2
LH:0
end_of_record
SF:/usr/include/c++/7/bits/stl_uninitialized.h
FN:76,_ZNSt20__uninitialized_copyILb0EE13__uninit_copyISt13move_iteratorIP11AsyncBufferIhEES5_EET0_T_S8_S7_
FN:115,_ZSt18uninitialized_copyISt13move_iteratorIP11AsyncBufferIhEES3_ET0_T_S6_S5_
FN:287,_ZSt22__uninitialized_copy_aISt13move_iteratorIP11AsyncBufferIhEES3_S2_ET0_T_S6_S5_RSaIT1_E
FN:305,_ZSt34__uninitialized_move_if_noexcept_aIP11AsyncBufferIhES2_SaIS1_EET0_T_S5_S4_RT1_
FN:521,_ZNSt27__uninitialized_default_n_1ILb0EE18__uninit_default_nIP11AsyncBufferIhEmEET_S5_T0_
FN:574,_ZSt25__uninitialized_default_nIP11AsyncBufferIhEmET_S3_T0_
FN:643,_ZSt27__uninitialized_default_n_aIP11AsyncBufferIhEmS1_ET_S3_T0_RSaIT1_E
FNDA:100958,_ZNSt20__uninitialized_copyILb0EE13__uninit_copyISt13move_iteratorIP11AsyncBufferIhEES5_EET0_T_S8_S7_
FNDA:100958,_ZSt18uninitialized_copyISt13move_iteratorIP11AsyncBufferIhEES3_ET0_T_S6_S5_
FNDA:100958,_ZSt22__uninitialized_copy_aISt13move_iteratorIP11AsyncBufferIhEES3_S2_ET0_T_S6_S5_RSaIT1_E
FNDA:100958,_ZSt34__uninitialized_move_if_noexcept_aIP11AsyncBufferIhES2_SaIS1_EET0_T_S5_S4_RT1_
FNDA:100958,_ZNSt27__uninitialized_default_n_1ILb0EE18__uninit_default_nIP11AsyncBufferIhEmEET_S5_T0_
FNDA:100958,_ZSt25__uninitialized_default_nIP11AsyncBufferIhEmET_S3_T0_
FNDA:100958,_ZSt27__uninitialized_default_n_aIP11AsyncBufferIhEmS1_ET_S3_T0_RSaIT1_E
FNF:7
FNH:7
DA:76,100958
DA:79,100958
DA:82,100964
DA:83,3
DA:84,100958
DA:86,0
DA:88,0
DA:89,0
DA:115,100958
DA:128,100958
DA:134,100958
DA:287,100958
DA:289,100958
DA:305,100958
DA:311,100958
DA:312,100958
DA:521,100958
DA:523,100958
DA:526,302874
DA:527,100958
DA:528,100958
DA:574,100958
DA:579,100958
DA:583,100958
DA:643,100958
DA:645,100958
LF:26
LH:23
end_of_record
SF:/usr/include/c++/7/bits/stl_vector.h
FN:81,_ZNSt12_Vector_baseI11AsyncBufferIhESaIS1_EE12_Vector_implD2Ev
FN:88,_ZNSt12_Vector_baseI11AsyncBufferIhESaIS1_EE12_Vector_implC2Ev
FN:115,_ZNSt12_Vector_baseI11AsyncBufferIhESaIS1_EE19_M_get_Tp_allocatorEv
FN:119,_ZNKSt12_Vector_baseI11AsyncBufferIhESaIS1_EE19_M_get_Tp_allocatorEv
FN:126,_ZNSt12_Vector_baseI11AsyncBufferIhESaIS1_EEC2Ev
FN:161,_ZNSt12_Vector_baseI11AsyncBufferIhESaIS1_EED2Ev
FN:169,_ZNSt12_Vector_baseI11AsyncBufferIhESaIS1_EE11_M_allocateEm
FN:176,_ZNSt12_Vector_baseI11AsyncBufferIhESaIS1_EE13_M_deallocateEPS1_m
FN:259,_ZNSt6vectorI11AsyncBufferIhESaIS1_EEC2Ev
FN:433,_ZNSt6vectorI11AsyncBufferIhESaIS1_EED2Ev
FN:670,_ZNKSt6vectorI11AsyncBufferIhESaIS1_EE4sizeEv
FN:675,_ZNKSt6vectorI11AsyncBufferIhESaIS1_EE8max_sizeEv
FN:689,_ZNSt6vectorI11AsyncBufferIhESaIS1_EE6resizeEm
FN:795,_ZNSt6vectorI11AsyncBufferIhESaIS1_EEixEm
FN:1497,_ZNKSt6vectorI11AsyncBufferIhESaIS1_EE12_M_check_lenEmPKc
FN:1511,_ZNSt6vectorI11AsyncBufferIhESaIS1_EE15_M_erase_at_endEPS1_
FNDA:1179708,_ZNSt12_Vector_baseI11AsyncBufferIhESaIS1_EE12_Vector_implD2Ev
FNDA:1179708,_ZNSt12_Vector_baseI11AsyncBufferIhESaIS1_EE12_Vector_implC2Ev
FNDA:1482582,_ZNSt12_Vector_baseI11AsyncBufferIhESaIS1_EE19_M_get_Tp_allocatorEv
FNDA:201916,_ZNKSt12_Vector_baseI11AsyncBufferIhESaIS1_EE19_M_get_Tp_allocatorEv
FNDA:1179708,_ZNSt12_Vector_baseI11AsyncBufferIhESaIS1_EEC2Ev
FNDA:1179708,_ZNSt12_Vector_baseI11AsyncBufferIhESaIS1_EED2Ev
FNDA:100958,_ZNSt12_Vector_baseI11AsyncBufferIhESaIS1_EE11_M_allocateEm
FNDA:1280666,_ZNSt12_Vector_baseI11AsyncBufferIhESaIS1_EE13_M_deallocateEPS1_m
FNDA:1179708,_ZNSt6vectorI11AsyncBufferIhESaIS1_EEC2Ev
FNDA:1179708,_ZNSt6vectorI11AsyncBufferIhESaIS1_EED2Ev
FNDA:1498483,_ZNKSt6vectorI11AsyncBufferIhESaIS1_EE4sizeEv
FNDA:201916,_ZNKSt6vectorI11AsyncBufferIhESaIS1_EE8max_sizeEv
FNDA:100958,_ZNSt6vectorI11AsyncBufferIhESaIS1_EE6resizeEm
FNDA:201916,_ZNSt6vectorI11AsyncBufferIhESaIS1_EEixEm
FNDA:100958,_ZNKSt6vectorI11AsyncBufferIhESaIS1_EE12_M_check_lenEmPKc
FNDA:0,_ZNSt6vectorI11AsyncBufferIhESaIS1_EE15_M_erase_at_endEPS1_
FNF:16
FNH:15
DA:81,1179708
DA:88,1179708
DA:89,1179708
DA:90,1179708
DA:115,1482582
DA:116,1482582
DA:119,201916
DA:120,201916
DA:126,1179708
DA:127,1179708
DA:161,1179708
DA:162,2359416
DA:163,2359416
DA:169,100958
DA:172,100958
DA:176,1280666
DA:179,1280666
DA:180,100958
DA:181,1280666
DA:259,1179708
DA:263,1179708
DA:433,1179708
DA:434,1179708
DA:435,2359416
DA:670,1498483
DA:671,1498483
DA:675,201916
DA:676,201916
DA:689,100958
DA:691,100958
DA:692,100958
DA:693,0
DA:694,0
DA:695,100958
DA:795,201916
DA:798,201916
DA:1497,100958
DA:1499,100958
DA:1500,0
DA:1502,100958
DA:1503,100958
DA:1511,0
DA:1513,0
DA:1514,0
DA:1515,0
LF:45
LH:38
end_of_record
SF:/usr/include/c++/7/bits/unique_ptr.h
FN:72,_ZNKSt14default_deleteISt6vectorI11AsyncBufferIhESaIS2_EEEclEPS4_
FN:140,_ZNSt15__uniq_ptr_implISt6vectorI11AsyncBufferIhESaIS2_EESt14default_deleteIS4_EEC2EPS4_
FN:140,_ZNSt15__uniq_ptr_implIi7CloseFDEC2EPi
FN:143,_ZNSt15__uniq_ptr_implISt6vectorI11AsyncBufferIhESaIS2_EESt14default_deleteIS4_EEC2IS6_EEPS4_OT_
FN:146,_ZNSt15__uniq_ptr_implIi7CloseFDE6_M_ptrEv
FN:146,_ZNSt15__uniq_ptr_implISt6vectorI11AsyncBufferIhESaIS2_EESt14default_deleteIS4_EE6_M_ptrEv
FN:147,_ZNKSt15__uniq_ptr_implISt6vectorI11AsyncBufferIhESaIS2_EESt14default_deleteIS4_EE6_M_ptrEv
FN:147,_ZNKSt15__uniq_ptr_implIi7CloseFDE6_M_ptrEv
FN:148,_ZNSt15__uniq_ptr_implISt6vectorI11AsyncBufferIhESaIS2_EESt14default_deleteIS4_EE10_M_deleterEv
FN:148,_ZNSt15__uniq_ptr_implIi7CloseFDE10_M_deleterEv
FN:201,_ZNSt10unique_ptrIi7CloseFDEC2IS0_vEEPi
FN:201,_ZNSt10unique_ptrISt6vectorI11AsyncBufferIhESaIS2_EESt14default_deleteIS4_EEC2IS6_vEEPS4_
FN:238,_ZNSt10unique_ptrISt6vectorI11AsyncBufferIhESaIS2_EESt14default_deleteIS4_EEC2EOS7_
FN:264,_ZNSt10unique_ptrIi7CloseFDED2Ev
FN:264,_ZNSt10unique_ptrISt6vectorI11AsyncBufferIhESaIS2_EESt14default_deleteIS4_EED2Ev
FN:281,_ZNSt10unique_ptrISt6vectorI11AsyncBufferIhESaIS2_EESt14default_deleteIS4_EEaSEOS7_
FN:320,_ZNKSt10unique_ptrIi7CloseFDEdeEv
FN:320,_ZNKSt10unique_ptrISt6vectorI11AsyncBufferIhESaIS2_EESt14default_deleteIS4_EEdeEv
FN:328,_ZNKSt10unique_ptrISt6vectorI11AsyncBufferIhESaIS2_EESt14default_deleteIS4_EEptEv
FN:336,_ZNKSt10unique_ptrISt6vectorI11AsyncBufferIhESaIS2_EESt14default_deleteIS4_EE3getEv
FN:336,_ZNKSt10unique_ptrIi7CloseFDE3getEv
FN:341,_ZNSt10unique_ptrISt6vectorI11AsyncBufferIhESaIS2_EESt14default_deleteIS4_EE11get_deleterEv
FN:341,_ZNSt10unique_ptrIi7CloseFDE11get_deleterEv
FN:357,_ZNSt10unique_ptrISt6vectorI11AsyncBufferIhESaIS2_EESt14default_deleteIS4_EE7releaseEv
FN:371,_ZNSt10unique_ptrISt6vectorI11AsyncBufferIhESaIS2_EESt14default_deleteIS4_EE5resetEPS4_
FN:824,_ZSt11make_uniqueISt6vectorI11AsyncBufferIhESaIS2_EEJEENSt9_MakeUniqIT_E15__single_objectEDpOT0_
FNDA:1179708,_ZNKSt14default_deleteISt6vectorI11AsyncBufferIhESaIS2_EEEclEPS4_
FNDA:1179708,_ZNSt15__uniq_ptr_implISt6vectorI11AsyncBufferIhESaIS2_EESt14default_deleteIS4_EEC2EPS4_
FNDA:3395,_ZNSt15__uniq_ptr_implIi7CloseFDEC2EPi
FNDA:100955,_ZNSt15__uniq_ptr_implISt6vectorI11AsyncBufferIhESaIS2_EESt14default_deleteIS4_EEC2IS6_EEPS4_OT_
FNDA:3741034,_ZNSt15__uniq_ptr_implISt6vectorI11AsyncBufferIhESaIS2_EESt14default_deleteIS4_EE6_M_ptrEv
FNDA:6790,_ZNSt15__uniq_ptr_implIi7CloseFDE6_M_ptrEv
FNDA:1785460,_ZNKSt15__uniq_ptr_implISt6vectorI11AsyncBufferIhESaIS2_EESt14default_deleteIS4_EE6_M_ptrEv
FNDA:6960,_ZNKSt15__uniq_ptr_implIi7CloseFDE6_M_ptrEv
FNDA:2460371,_ZNSt15__uniq_ptr_implISt6vectorI11AsyncBufferIhESaIS2_EESt14default_deleteIS4_EE10_M_deleterEv
FNDA:3395,_ZNSt15__uniq_ptr_implIi7CloseFDE10_M_deleterEv
FNDA:1179708,_ZNSt10unique_ptrISt6vectorI11AsyncBufferIhESaIS2_EESt14default_deleteIS4_EEC2IS6_vEEPS4_
FNDA:3395,_ZNSt10unique_ptrIi7CloseFDEC2IS0_vEEPi
FNDA:100955,_ZNSt10unique_ptrISt6vectorI11AsyncBufferIhESaIS2_EESt14default_deleteIS4_EEC2EOS7_
FNDA:1280663,_ZNSt10unique_ptrISt6vectorI11AsyncBufferIhESaIS2_EESt14default_deleteIS4_EED2Ev
FNDA:3395,_ZNSt10unique_ptrIi7CloseFDED2Ev
FNDA:589854,_ZNSt10unique_ptrISt6vectorI11AsyncBufferIhESaIS2_EESt14default_deleteIS4_EEaSEOS7_
FNDA:201916,_ZNKSt10unique_ptrISt6vectorI11AsyncBufferIhESaIS2_EESt14default_deleteIS4_EEdeEv
FNDA:6960,_ZNKSt10unique_ptrIi7CloseFDEdeEv
FNDA:892735,_ZNKSt10unique_ptrISt6vectorI11AsyncBufferIhESaIS2_EESt14default_deleteIS4_EEptEv
FNDA:1785460,_ZNKSt10unique_ptrISt6vectorI11AsyncBufferIhESaIS2_EESt14default_deleteIS4_EE3getEv
FNDA:6960,_ZNKSt10unique_ptrIi7CloseFDE3getEv
FNDA:2460371,_ZNSt10unique_ptrISt6vectorI11AsyncBufferIhESaIS2_EESt14default_deleteIS4_EE11get_deleterEv
FNDA:3395,_ZNSt10unique_ptrIi7CloseFDE11get_deleterEv
FNDA:690809,_ZNSt10unique_ptrISt6vectorI11AsyncBufferIhESaIS2_EESt14default_deleteIS4_EE7releaseEv
FNDA:589854,_ZNSt10unique_ptrISt6vectorI11AsyncBufferIhESaIS2_EESt14default_deleteIS4_EE5resetEPS4_
FNDA:1179708,_ZSt11make_uniqueISt6vectorI11AsyncBufferIhESaIS2_EEJEENSt9_MakeUniqIT_E15__single_objectEDpOT0_
FNF:26
FNH:26
DA:72,1179708
DA:78,1179708
DA:79,1179708
DA:140,1183103
DA:143,100955
DA:144,100955
DA:146,3747824
DA:147,1792420
DA:148,2463766
DA:201,1183103
DA:202,1183103
DA:203,1183103
DA:238,100955
DA:239,100955
DA:264,1284058
DA:266,1284058
DA:267,1284058
DA:268,593249
DA:269,1284058
DA:270,1284058
DA:281,589854
DA:283,589854
DA:284,589854
DA:285,589854
DA:320,208876
DA:323,208876
DA:328,892735
DA:331,892735
DA:336,1792420
DA:337,1792420
DA:341,2463766
DA:342,2463766
DA:357,690809
DA:359,690809
DA:360,690809
DA:361,690809
DA:371,589854
DA:374,589854
DA:375,589854
DA:376,589854
DA:377,589854
DA:824,1179708
DA:825,1179708
LF:43
LH:43
end_of_record
SF:/usr/include/c++/7/bits/vector.tcc
FN:554,_ZNSt6vectorI11AsyncBufferIhESaIS1_EE17_M_default_appendEm
FNDA:100958,_ZNSt6vectorI11AsyncBufferIhESaIS1_EE17_M_default_appendEm
FNF:1
FNH:1
DA:554,100958
DA:557,100958
DA:559,201916
DA:560,100958
DA:562,0
DA:563,0
DA:564,0
DA:568,100958
DA:570,100958
DA:571,100958
DA:572,100958
DA:575,100958
DA:577,100958
DA:578,100958
DA:579,100958
DA:581,100958
DA:583,0
DA:585,0
DA:586,0
DA:587,0
DA:588,0
DA:590,100958
DA:591,100958
DA:592,201916
DA:593,100958
DA:594,100958
DA:595,100958
DA:596,100958
DA:597,100958
DA:600,100958
LF:30
LH:22
end_of_record
SF:/usr/include/c++/7/ext/new_allocator.h
FN:79,_ZN9__gnu_cxx13new_allocatorI11AsyncBufferIhEEC2Ev
FN:86,_ZN9__gnu_cxx13new_allocatorI11AsyncBufferIhEED2Ev
FN:99,_ZN9__gnu_cxx13new_allocatorI11AsyncBufferIhEE8allocateEmPKv
FN:116,_ZN9__gnu_cxx13new_allocatorI11AsyncBufferIhEE10deallocateEPS2_m
FN:129,_ZNK9__gnu_cxx13new_allocatorI11AsyncBufferIhEE8max_sizeEv
FNDA:1179708,_ZN9__gnu_cxx13new_allocatorI11AsyncBufferIhEEC2Ev
FNDA:1179708,_ZN9__gnu_cxx13new_allocatorI11AsyncBufferIhEED2Ev
FNDA:100958,_ZN9__gnu_cxx13new_allocatorI11AsyncBufferIhEE8allocateEmPKv
FNDA:100958,_ZN9__gnu_cxx13new_allocatorI11AsyncBufferIhEE10deallocateEPS2_m
FNDA:302874,_ZNK9__gnu_cxx13new_allocatorI11AsyncBufferIhEE8max_sizeEv
FNF:5
FNH:5
DA:79,1179708
DA:86,1179708
DA:99,100958
DA:101,100958
DA:102,0
DA:111,100958
DA:116,100958
DA:125,100958
DA:126,100958
DA:129,302874
DA:130,302874
LF:11
LH:10
end_of_record
SF:/usr/include/c++/7/ext/string_conversions.h
FN:99,_ZN9__gnu_cxx12__to_xstringINSt7__cxx1112basic_stringIcSt11char_traitsIcESaIcEEEcEET_PFiPT0_mPKS8_P13__va_list_tagEmSB_z
FNDA:0,_ZN9__gnu_cxx12__to_xstringINSt7__cxx1112basic_stringIcSt11char_traitsIcESaIcEEEcEET_PFiPT0_mPKS8_P13__va_list_tagEmSB_z
FNF:1
FNH:0
DA:99,0
DA:105,0
DA:109,0
DA:111,0
DA:113,0
DA:115,0
LF:6
LH:0
end_of_record
SF:/usr/include/c++/7/ext/type_traits.h
FN:152,_ZN9__gnu_cxx17__is_null_pointerIcEEbPT_
FNDA:0,_ZN9__gnu_cxx17__is_null_pointerIcEEbPT_
FNF:1
FNH:0
DA:152,0
DA:153,0
LF:2
LH:0
end_of_record
SF:/usr/include/c++/7/initializer_list
FN:66,_ZNSt16initializer_listIP12napi_value__EC1Ev
FN:71,_ZNKSt16initializer_listIN4Napi23ClassPropertyDescriptorI9DisruptorEEE4sizeEv
FN:71,_ZNKSt16initializer_listIP12napi_value__E4sizeEv
FN:75,_ZNKSt16initializer_listIN4Napi23ClassPropertyDescriptorI9DisruptorEEE5beginEv
FN:75,_ZNKSt16initializer_listIP12napi_value__E5beginEv
FNDA:0,_ZNSt16initializer_listIP12napi_value__EC1Ev
FNDA:253,_ZNKSt16initializer_listIN4Napi23ClassPropertyDescriptorI9DisruptorEEE4sizeEv
FNDA:148028,_ZNKSt16initializer_listIP12napi_value__E4sizeEv
FNDA:253,_ZNKSt16initializer_listIN4Napi23ClassPropertyDescriptorI9DisruptorEEE5beginEv
FNDA:148028,_ZNKSt16initializer_listIP12napi_value__E5beginEv
FNF:5
FNH:4
DA:66,0
DA:67,0
DA:71,148281
DA:75,148281
LF:4
LH:2
end_of_record
SF:/usr/include/c++/7/new
FN:168,_ZnwmPv
FNDA:100961,_ZnwmPv
FNF:1
FNH:1
DA:168,100961
DA:169,100961
LF:2
LH:2
end_of_record
SF:/usr/include/c++/7/tuple
FN:76,_ZNSt10_Head_baseILm1E7CloseFDLb1EEC2Ev
FN:76,_ZNSt10_Head_baseILm1ESt14default_deleteISt6vectorI11AsyncBufferIhESaIS3_EEELb1EEC2Ev
FN:86,_ZNSt10_Head_baseILm1ESt14default_deleteISt6vectorI11AsyncBufferIhESaIS3_EEELb1EEC2IS6_EEOT_
FN:113,_ZNSt10_Head_baseILm1ESt14default_deleteISt6vectorI11AsyncBufferIhESaIS3_EEELb1EE7_M_headERS7_
FN:113,_ZNSt10_Head_baseILm1E7CloseFDLb1EE7_M_headERS1_
FN:122,_ZNSt10_Head_baseILm0EPSt6vectorI11AsyncBufferIhESaIS2_EELb0EEC2Ev
FN:122,_ZNSt10_Head_baseILm0EPiLb0EEC2Ev
FN:132,_ZNSt10_Head_baseILm0EPSt6vectorI11AsyncBufferIhESaIS2_EELb0EEC2IRS5_EEOT_
FN:160,_ZNSt10_Head_baseILm0EPiLb0EE7_M_headERS1_
FN:160,_ZNSt10_Head_baseILm0EPSt6vectorI11AsyncBufferIhESaIS2_EELb0EE7_M_headERS6_
FN:163,_ZNSt10_Head_baseILm0EPiLb0EE7_M_headERKS1_
FN:163,_ZNSt10_Head_baseILm0EPSt6vectorI11AsyncBufferIhESaIS2_EELb0EE7_M_headERKS6_
FN:195,_ZNSt11_Tuple_implILm0EJPSt6vectorI11AsyncBufferIhESaIS2_EESt14default_deleteIS4_EEE7_M_headERS8_
FN:195,_ZNSt11_Tuple_implILm0EJPi7CloseFDEE7_M_headERS2_
FN:198,_ZNSt11_Tuple_implILm0EJPSt6vectorI11AsyncBufferIhESaIS2_EESt14default_deleteIS4_EEE7_M_headERKS8_
FN:198,_ZNSt11_Tuple_implILm0EJPi7CloseFDEE7_M_headERKS2_
FN:206,_ZNSt11_Tuple_implILm0EJPSt6vectorI11AsyncBufferIhESaIS2_EESt14default_deleteIS4_EEEC2Ev
FN:206,_ZNSt11_Tuple_implILm0EJPi7CloseFDEEC2Ev
FN:216,_ZNSt11_Tuple_implILm0EJPSt6vectorI11AsyncBufferIhESaIS2_EESt14default_deleteIS4_EEEC2IRS5_JS7_EvEEOT_DpOT0_
FN:351,_ZNSt11_Tuple_implILm1EJSt14default_deleteISt6vectorI11AsyncBufferIhESaIS3_EEEEE7_M_headERS7_
FN:351,_ZNSt11_Tuple_implILm1EJ7CloseFDEE7_M_headERS1_
FN:356,_ZNSt11_Tuple_implILm1EJSt14default_deleteISt6vectorI11AsyncBufferIhESaIS3_EEEEEC2Ev
FN:356,_ZNSt11_Tuple_implILm1EJ7CloseFDEEC2Ev
FN:365,_ZNSt11_Tuple_implILm1EJSt14default_deleteISt6vectorI11AsyncBufferIhESaIS3_EEEEEC2IS6_EEOT_
FN:919,_ZNSt5tupleIJPSt6vectorI11AsyncBufferIhESaIS2_EESt14default_deleteIS4_EEEC2IS5_S7_Lb1EEEv
FN:919,_ZNSt5tupleIJPi7CloseFDEEC2IS0_S1_Lb1EEEv
FN:971,_ZNSt5tupleIJPSt6vectorI11AsyncBufferIhESaIS2_EESt14default_deleteIS4_EEEC2IRS5_S7_Lb1EEEOT_OT0_
FN:1303,_ZSt12__get_helperILm0EPiJ7CloseFDEERT0_RSt11_Tuple_implIXT_EJS2_DpT1_EE
FN:1303,_ZSt12__get_helperILm0EPSt6vectorI11AsyncBufferIhESaIS2_EEJSt14default_deleteIS4_EEERT0_RSt11_Tuple_implIXT_EJS8_DpT1_EE
FN:1303,_ZSt12__get_helperILm1E7CloseFDJEERT0_RSt11_Tuple_implIXT_EJS1_DpT1_EE
FN:1303,_ZSt12__get_helperILm1ESt14default_deleteISt6vectorI11AsyncBufferIhESaIS3_EEEJEERT0_RSt11_Tuple_implIXT_EJS7_DpT1_EE
FN:1308,_ZSt12__get_helperILm0EPiJ7CloseFDEERKT0_RKSt11_Tuple_implIXT_EJS2_DpT1_EE
FN:1308,_ZSt12__get_helperILm0EPSt6vectorI11AsyncBufferIhESaIS2_EEJSt14default_deleteIS4_EEERKT0_RKSt11_Tuple_implIXT_EJS8_DpT1_EE
FN:1314,_ZSt3getILm0EJPi7CloseFDEERNSt13tuple_elementIXT_ESt5tupleIJDpT0_EEE4typeERS6_
FN:1314,_ZSt3getILm0EJPSt6vectorI11AsyncBufferIhESaIS2_EESt14default_deleteIS4_EEERNSt13tuple_elementIXT_ESt5tupleIJDpT0_EEE4typeERSC_
FN:1314,_ZSt3getILm1EJPSt6vectorI11AsyncBufferIhESaIS2_EESt14default_deleteIS4_EEERNSt13tuple_elementIXT_ESt5tupleIJDpT0_EEE4typeERSC_
FN:1314,_ZSt3getILm1EJPi7CloseFDEERNSt13tuple_elementIXT_ESt5tupleIJDpT0_EEE4typeERS6_
FN:1320,_ZSt3getILm0EJPSt6vectorI11AsyncBufferIhESaIS2_EESt14default_deleteIS4_EEERKNSt13tuple_elementIXT_ESt5tupleIJDpT0_EEE4typeERKSC_
FN:1320,_ZSt3getILm0EJPi7CloseFDEERKNSt13tuple_elementIXT_ESt5tupleIJDpT0_EEE4typeERKS6_
FNDA:1179708,_ZNSt10_Head_baseILm1ESt14default_deleteISt6vectorI11AsyncBufferIhESaIS3_EEELb1EEC2Ev
FNDA:3395,_ZNSt10_Head_baseILm1E7CloseFDLb1EEC2Ev
FNDA:100955,_ZNSt10_Head_baseILm1ESt14default_deleteISt6vectorI11AsyncBufferIhESaIS3_EEELb1EEC2IS6_EEOT_
FNDA:2460371,_ZNSt10_Head_baseILm1ESt14default_deleteISt6vectorI11AsyncBufferIhESaIS3_EEELb1EE7_M_headERS7_
FNDA:3395,_ZNSt10_Head_baseILm1E7CloseFDLb1EE7_M_headERS1_
FNDA:1179708,_ZNSt10_Head_baseILm0EPSt6vectorI11AsyncBufferIhESaIS2_EELb0EEC2Ev
FNDA:3395,_ZNSt10_Head_baseILm0EPiLb0EEC2Ev
FNDA:100955,_ZNSt10_Head_baseILm0EPSt6vectorI11AsyncBufferIhESaIS2_EELb0EEC2IRS5_EEOT_
FNDA:3741034,_ZNSt10_Head_baseILm0EPSt6vectorI11AsyncBufferIhESaIS2_EELb0EE7_M_headERS6_
FNDA:6790,_ZNSt10_Head_baseILm0EPiLb0EE7_M_headERS1_
FNDA:1785460,_ZNSt10_Head_baseILm0EPSt6vectorI11AsyncBufferIhESaIS2_EELb0EE7_M_headERKS6_
FNDA:6960,_ZNSt10_Head_baseILm0EPiLb0EE7_M_headERKS1_
FNDA:3741034,_ZNSt11_Tuple_implILm0EJPSt6vectorI11AsyncBufferIhESaIS2_EESt14default_deleteIS4_EEE7_M_headERS8_
FNDA:6790,_ZNSt11_Tuple_implILm0EJPi7CloseFDEE7_M_headERS2_
FNDA:1785460,_ZNSt11_Tuple_implILm0EJPSt6vectorI11AsyncBufferIhESaIS2_EESt14default_deleteIS4_EEE7_M_headERKS8_
FNDA:6960,_ZNSt11_Tuple_implILm0EJPi7CloseFDEE7_M_headERKS2_
FNDA:1179708,_ZNSt11_Tuple_implILm0EJPSt6vectorI11AsyncBufferIhESaIS2_EESt14default_deleteIS4_EEEC2Ev
FNDA:3395,_ZNSt11_Tuple_implILm0EJPi7CloseFDEEC2Ev
FNDA:100955,_ZNSt11_Tuple_implILm0EJPSt6vectorI11AsyncBufferIhESaIS2_EESt14default_deleteIS4_EEEC2IRS5_JS7_EvEEOT_DpOT0_
FNDA:2460371,_ZNSt11_Tuple_implILm1EJSt14default_deleteISt6vectorI11AsyncBufferIhESaIS3_EEEEE7_M_headERS7_
FNDA:3395,_ZNSt11_Tuple_implILm1EJ7CloseFDEE7_M_headERS1_
FNDA:1179708,_ZNSt11_Tuple_implILm1EJSt14default_deleteISt6vectorI11AsyncBufferIhESaIS3_EEEEEC2Ev
FNDA:3395,_ZNSt11_Tuple_implILm1EJ7CloseFDEEC2Ev
FNDA:100955,_ZNSt11_Tuple_implILm1EJSt14default_deleteISt6vectorI11AsyncBufferIhESaIS3_EEEEEC2IS6_EEOT_
FNDA:1179708,_ZNSt5tupleIJPSt6vectorI11AsyncBufferIhESaIS2_EESt14default_deleteIS4_EEEC2IS5_S7_Lb1EEEv
FNDA:3395,_ZNSt5tupleIJPi7CloseFDEEC2IS0_S1_Lb1EEEv
FNDA:100955,_ZNSt5tupleIJPSt6vectorI11AsyncBufferIhESaIS2_EESt14default_deleteIS4_EEEC2IRS5_S7_Lb1EEEOT_OT0_
FNDA:2460371,_ZSt12__get_helperILm1ESt14default_deleteISt6vectorI11AsyncBufferIhESaIS3_EEEJEERT0_RSt11_Tuple_implIXT_EJS7_DpT1_EE
FNDA:3395,_ZSt12__get_helperILm1E7CloseFDJEERT0_RSt11_Tuple_implIXT_EJS1_DpT1_EE
FNDA:3741034,_ZSt12__get_helperILm0EPSt6vectorI11AsyncBufferIhESaIS2_EEJSt14default_deleteIS4_EEERT0_RSt11_Tuple_implIXT_EJS8_DpT1_EE
FNDA:6790,_ZSt12__get_helperILm0EPiJ7CloseFDEERT0_RSt11_Tuple_implIXT_EJS2_DpT1_EE
FNDA:1785460,_ZSt12__get_helperILm0EPSt6vectorI11AsyncBufferIhESaIS2_EEJSt14default_deleteIS4_EEERKT0_RKSt11_Tuple_implIXT_EJS8_DpT1_EE
FNDA:6960,_ZSt12__get_helperILm0EPiJ7CloseFDEERKT0_RKSt11_Tuple_implIXT_EJS2_DpT1_EE
FNDA:2460371,_ZSt3getILm1EJPSt6vectorI11AsyncBufferIhESaIS2_EESt14default_deleteIS4_EEERNSt13tuple_elementIXT_ESt5tupleIJDpT0_EEE4typeERSC_
FNDA:3395,_ZSt3getILm1EJPi7CloseFDEERNSt13tuple_elementIXT_ESt5tupleIJDpT0_EEE4typeERS6_
FNDA:3741034,_ZSt3getILm0EJPSt6vectorI11AsyncBufferIhESaIS2_EESt14default_deleteIS4_EEERNSt13tuple_elementIXT_ESt5tupleIJDpT0_EEE4typeERSC_
FNDA:6790,_ZSt3getILm0EJPi7CloseFDEERNSt13tuple_elementIXT_ESt5tupleIJDpT0_EEE4typeERS6_
FNDA:1785460,_ZSt3getILm0EJPSt6vectorI11AsyncBufferIhESaIS2_EESt14default_deleteIS4_EEERKNSt13tuple_elementIXT_ESt5tupleIJDpT0_EEE4typeERKSC_
FNDA:6960,_ZSt3getILm0EJPi7CloseFDEERKNSt13tuple_elementIXT_ESt5tupleIJDpT0_EEE4typeERKS6_
FNF:39
FNH:39
DA:76,1183103
DA:77,1183103
DA:86,100955
DA:87,100955
DA:113,2463766
DA:122,1183103
DA:123,1183103
DA:132,100955
DA:133,100955
DA:160,3747824
DA:163,1792420
DA:195,3747824
DA:198,1792420
DA:206,1183103
DA:207,1183103
DA:216,100955
DA:218,100955
DA:351,2463766
DA:356,1183103
DA:357,1183103
DA:365,100955
DA:366,100955
DA:919,1183103
DA:920,1183103
DA:971,100955
DA:972,100955
DA:1303,6211590
DA:1304,6211590
DA:1308,1792420
DA:1309,1792420
DA:1314,6211590
DA:1315,6211590
DA:1320,1792420
DA:1321,1792420
LF:34
LH:34
end_of_record
SF:/home/david/shared-memory-disruptor/src/disruptor.cc
FN:47,_ZN9Disruptor4SpinEv
FN:139,_Z12NullCallbackRKN4Napi12CallbackInfoE
FN:143,_Z11GetCallbackRKN4Napi12CallbackInfoEj
FN:161,_ZN11AsyncBufferIhEC2Ev
FN:167,_ZN11AsyncBufferIhE3NewEN4Napi3EnvEPhm
FN:172,_ZN11AsyncBufferIhE3NewEN4Napi3EnvEm
FN:177,_ZN11AsyncBufferIhE7ToValueEN4Napi3EnvE
FN:193,_ZN11AsyncBufferIhE6LengthEv
FN:199,_ZN11AsyncBufferIhEC2EPhm
FN:210,_ZN10AsyncArrayI11AsyncBufferIhEEaSEOS2_
FN:210,_ZN10AsyncArrayI11AsyncBufferIhEED2Ev
FN:210,_ZN10AsyncArrayI11AsyncBufferIhEEC2EOS2_
FN:213,_ZN10AsyncArrayI11AsyncBufferIhEEC2Ev
FN:218,_ZN10AsyncArrayI11AsyncBufferIhEE3NewEN4Napi3EnvE
FN:223,_ZN10AsyncArrayI11AsyncBufferIhEE3SetEjS1_
FN:233,_ZN10AsyncArrayI11AsyncBufferIhEE7ToValueEN4Napi3EnvE
FN:244,_ZN10AsyncArrayI11AsyncBufferIhEE6LengthEv
FN:256,_ZN12AsyncBooleanC2Ev
FN:261,_ZN12AsyncBoolean3NewEN4Napi3EnvEb
FN:266,_ZN12AsyncBoolean7ToValueEN4Napi3EnvE
FN:271,_ZNK12AsyncBooleancvbEv
FN:277,_ZN12AsyncBooleanC2Eb
FN:289,_Z7ToValueRKN4Napi3EnvEm
FN:294,_Z7ToValueRKN4Napi3EnvERK14AsyncUndefined
FN:300,_ZN20DisruptorAsyncWorkerI12AsyncBoolean14AsyncUndefinedS1_ED0Ev
FN:300,_ZN20DisruptorAsyncWorkerI10AsyncArrayI11AsyncBufferIhEEm14AsyncUndefinedED2Ev
FN:300,_ZN20DisruptorAsyncWorkerI12AsyncBoolean14AsyncUndefinedS1_ED2Ev
FN:300,_ZN20DisruptorAsyncWorkerI11AsyncBufferIhEmmED0Ev
FN:300,_ZN20DisruptorAsyncWorkerI10AsyncArrayI11AsyncBufferIhEEm14AsyncUndefinedED0Ev
FN:300,_ZN20DisruptorAsyncWorkerI10AsyncArrayI11AsyncBufferIhEEmmED0Ev
FN:300,_ZN20DisruptorAsyncWorkerI11AsyncBufferIhEmmED2Ev
FN:300,_ZN20DisruptorAsyncWorkerI10AsyncArrayI11AsyncBufferIhEEmmED2Ev
FN:303,_ZN20DisruptorAsyncWorkerI12AsyncBoolean14AsyncUndefinedS1_EC2EP9DisruptorRKN4Napi8FunctionE
FN:303,_ZN20DisruptorAsyncWorkerI10AsyncArrayI11AsyncBufferIhEEmmEC2EP9DisruptorRKN4Napi8FunctionE
FN:303,_ZN20DisruptorAsyncWorkerI10AsyncArrayI11AsyncBufferIhEEm14AsyncUndefinedEC2EP9DisruptorRKN4Napi8FunctionE
FN:303,_ZN20DisruptorAsyncWorkerI11AsyncBufferIhEmmEC2EP9DisruptorRKN4Napi8FunctionE
FN:315,_ZN20DisruptorAsyncWorkerI10AsyncArrayI11AsyncBufferIhEEm14AsyncUndefinedE4OnOKEv
FN:315,_ZN20DisruptorAsyncWorkerI11AsyncBufferIhEmmE4OnOKEv
FN:315,_ZN20DisruptorAsyncWorkerI12AsyncBoolean14AsyncUndefinedS1_E4OnOKEv
FN:315,_ZN20DisruptorAsyncWorkerI10AsyncArrayI11AsyncBufferIhEEmmE4OnOKEv
FN:348,_ZN7CloseFDclEPi
FN:355,_Z15ThrowErrnoErrorRKN4Napi12CallbackInfoEPKc
FN:366,_ZN9DisruptorC2ERKN4Napi12CallbackInfoE
FN:428,_ZN9DisruptorD2Ev
FN:433,_ZN9Disruptor7ReleaseEv
FN:450,_ZN9Disruptor7ReleaseERKN4Napi12CallbackInfoE
FN:459,_ZN9Disruptor14ConsumeNewSyncI10AsyncArrayI11AsyncBufferIhEES2_EET_RKN4Napi3EnvEbRm
FN:459,_ZN9Disruptor14ConsumeNewSyncIN4Napi5ArrayENS1_6BufferEEET_RKNS1_3EnvEbRm
FN:517,_ZN9Disruptor14ConsumeNewSyncERKN4Napi12CallbackInfoE
FN:523,_ZN21ConsumeNewAsyncWorkerD0Ev
FN:523,_ZN21ConsumeNewAsyncWorkerD2Ev
FN:529,_ZN21ConsumeNewAsyncWorkerC2EP9DisruptorRKN4Napi8FunctionE
FN:540,_ZN21ConsumeNewAsyncWorker7ExecuteEv
FN:547,_ZN21ConsumeNewAsyncWorker5RetryEv
FN:553,_ZN9Disruptor15ConsumeNewAsyncERKN4Napi12CallbackInfoE
FN:558,_ZN9Disruptor10ConsumeNewERKN4Napi12CallbackInfoE
FN:573,_ZN9Disruptor13ConsumeCommitERKN4Napi12CallbackInfoE
FN:578,_ZN9Disruptor13UpdatePendingEmm
FN:584,_ZN9Disruptor13ConsumeCommitEv
FN:600,_ZN9Disruptor16ProduceClaimSyncIN4Napi6BufferEEET_IhERKNS1_3EnvEbRmS8_
FN:600,_ZN9Disruptor16ProduceClaimSyncI11AsyncBufferEET_IhERKN4Napi3EnvEbRmS8_
FN:645,_ZN9Disruptor16ProduceClaimSyncERKN4Napi12CallbackInfoE
FN:652,_ZN23ProduceClaimAsyncWorkerD0Ev
FN:652,_ZN23ProduceClaimAsyncWorkerD2Ev
FN:656,_ZN23ProduceClaimAsyncWorkerC2EP9DisruptorRKN4Napi8FunctionE
FN:666,_ZN23ProduceClaimAsyncWorker7ExecuteEv
FN:674,_ZN23ProduceClaimAsyncWorker5RetryEv
FN:680,_ZN9Disruptor17ProduceClaimAsyncERKN4Napi12CallbackInfoE
FN:685,_ZN9Disruptor12ProduceClaimERKN4Napi12CallbackInfoE
FN:700,_ZN9Disruptor17ProduceGetBuffersI10AsyncArrayI11AsyncBufferIhEES2_EEvRKN4Napi3EnvEmmRT_
FN:700,_ZN9Disruptor17ProduceGetBuffersIN4Napi5ArrayENS1_6BufferEEEvRKNS1_3EnvEmmRT_
FN:732,_ZN9Disruptor20ProduceClaimManySyncI10AsyncArrayI11AsyncBufferIhEES2_EET_RKN4Napi3EnvEjbRmSA_
FN:732,_ZN9Disruptor20ProduceClaimManySyncIN4Napi5ArrayENS1_6BufferEEET_RKNS1_3EnvEjbRmS8_
FN:774,_ZN9Disruptor20ProduceClaimManySyncERKN4Napi12CallbackInfoE
FN:781,_ZN27ProduceClaimManyAsyncWorkerD0Ev
FN:781,_ZN27ProduceClaimManyAsyncWorkerD2Ev
FN:787,_ZN27ProduceClaimManyAsyncWorkerC2EP9DisruptorRKN4Napi8FunctionEj
FN:801,_ZN27ProduceClaimManyAsyncWorker7ExecuteEv
FN:809,_ZN27ProduceClaimManyAsyncWorker5RetryEv
FN:818,_ZN9Disruptor21ProduceClaimManyAsyncERKN4Napi12CallbackInfoEj
FN:824,_ZN9Disruptor21ProduceClaimManyAsyncERKN4Napi12CallbackInfoE
FN:829,_ZN9Disruptor16ProduceClaimManyERKN4Napi12CallbackInfoE
FN:844,_ZN9Disruptor14ProduceRecoverERKN4Napi12CallbackInfoE
FN:863,_ZN9Disruptor17ProduceCommitSyncIN4Napi7BooleanEEET_RKNS1_3EnvEmmb
FN:863,_ZN9Disruptor17ProduceCommitSyncI12AsyncBooleanEET_RKN4Napi3EnvEmmb
FN:883,_ZN9Disruptor13UpdateSeqNextEmm
FN:889,_ZN9Disruptor10GetSeqNextERKN4Napi12CallbackInfoERmS4_
FN:905,_ZN9Disruptor17ProduceCommitSyncERKN4Napi12CallbackInfoE
FN:912,_ZN24ProduceCommitAsyncWorkerD0Ev
FN:912,_ZN24ProduceCommitAsyncWorkerD2Ev
FN:916,_ZN24ProduceCommitAsyncWorkerC2EP9DisruptorRKN4Napi8FunctionEmm
FN:928,_ZN24ProduceCommitAsyncWorker7ExecuteEv
FN:935,_ZN24ProduceCommitAsyncWorker5RetryEv
FN:944,_ZN9Disruptor18ProduceCommitAsyncERKN4Napi12CallbackInfoEmmj
FN:953,_ZN9Disruptor18ProduceCommitAsyncERKN4Napi12CallbackInfoE
FN:960,_ZN9Disruptor13ProduceCommitERKN4Napi12CallbackInfoE
FN:975,_ZN9Disruptor12GetConsumersERKN4Napi12CallbackInfoE
FN:980,_ZN9Disruptor9GetCursorERKN4Napi12CallbackInfoE
FN:985,_ZN9Disruptor7GetNextERKN4Napi12CallbackInfoE
FN:990,_ZN9Disruptor11GetElementsERKN4Napi12CallbackInfoE
FN:995,_ZN9Disruptor11GetConsumerERKN4Napi12CallbackInfoE
FN:1000,_ZN9Disruptor21GetPendingSeqConsumerERKN4Napi12CallbackInfoE
FN:1005,_ZN9Disruptor19GetPendingSeqCursorERKN4Napi12CallbackInfoE
FN:1010,_ZN9Disruptor17GetPendingSeqNextERKN4Napi12CallbackInfoE
FN:1015,_ZN9Disruptor20GetPendingSeqNextEndERKN4Napi12CallbackInfoE
FN:1020,_ZN9Disruptor14GetElementSizeERKN4Napi12CallbackInfoE
FN:1025,_ZN9Disruptor10InitializeEN4Napi3EnvENS0_6ObjectE
FN:1061,_Z10InitializeN4Napi3EnvENS_6ObjectE
FN:1066,_register_disruptor
FN:1066,_Z17__napi_InitializeP10napi_env__P12napi_value__
FNDA:1712107,_ZN9Disruptor4SpinEv
FNDA:1,_Z12NullCallbackRKN4Napi12CallbackInfoE
FNDA:148028,_Z11GetCallbackRKN4Napi12CallbackInfoEj
FNDA:357344,_ZN11AsyncBufferIhEC2Ev
FNDA:101763,_ZN11AsyncBufferIhE3NewEN4Napi3EnvEPhm
FNDA:255581,_ZN11AsyncBufferIhE3NewEN4Napi3EnvEm
FNDA:101771,_ZN11AsyncBufferIhE7ToValueEN4Napi3EnvE
FNDA:256386,_ZN11AsyncBufferIhE6LengthEv
FNDA:357344,_ZN11AsyncBufferIhEC2EPhm
FNDA:100955,_ZN10AsyncArrayI11AsyncBufferIhEEC2EOS2_
FNDA:589854,_ZN10AsyncArrayI11AsyncBufferIhEEaSEOS2_
FNDA:1280663,_ZN10AsyncArrayI11AsyncBufferIhEED2Ev
FNDA:1179708,_ZN10AsyncArrayI11AsyncBufferIhEEC2Ev
FNDA:589854,_ZN10AsyncArrayI11AsyncBufferIhEE3NewEN4Napi3EnvE
FNDA:100958,_ZN10AsyncArrayI11AsyncBufferIhEE3SetEjS1_
FNDA:100965,_ZN10AsyncArrayI11AsyncBufferIhEE7ToValueEN4Napi3EnvE
FNDA:589854,_ZN10AsyncArrayI11AsyncBufferIhEE6LengthEv
FNDA:865867,_ZN12AsyncBooleanC2Ev
FNDA:865867,_ZN12AsyncBoolean3NewEN4Napi3EnvEb
FNDA:46250,_ZN12AsyncBoolean7ToValueEN4Napi3EnvE
FNDA:865867,_ZNK12AsyncBooleancvbEv
FNDA:865867,_ZN12AsyncBooleanC2Eb
FNDA:102606,_Z7ToValueRKN4Napi3EnvEm
FNDA:193450,_Z7ToValueRKN4Napi3EnvERK14AsyncUndefined
FNDA:0,_ZN20DisruptorAsyncWorkerI12AsyncBoolean14AsyncUndefinedS1_ED0Ev
FNDA:865867,_ZN20DisruptorAsyncWorkerI12AsyncBoolean14AsyncUndefinedS1_ED2Ev
FNDA:0,_ZN20DisruptorAsyncWorkerI10AsyncArrayI11AsyncBufferIhEEmmED0Ev
FNDA:190015,_ZN20DisruptorAsyncWorkerI10AsyncArrayI11AsyncBufferIhEEmmED2Ev
FNDA:0,_ZN20DisruptorAsyncWorkerI11AsyncBufferIhEmmED0Ev
FNDA:256386,_ZN20DisruptorAsyncWorkerI11AsyncBufferIhEmmED2Ev
FNDA:0,_ZN20DisruptorAsyncWorkerI10AsyncArrayI11AsyncBufferIhEEm14AsyncUndefinedED0Ev
FNDA:399839,_ZN20DisruptorAsyncWorkerI10AsyncArrayI11AsyncBufferIhEEm14AsyncUndefinedED2Ev
FNDA:865867,_ZN20DisruptorAsyncWorkerI12AsyncBoolean14AsyncUndefinedS1_EC2EP9DisruptorRKN4Napi8FunctionE
FNDA:190015,_ZN20DisruptorAsyncWorkerI10AsyncArrayI11AsyncBufferIhEEmmEC2EP9DisruptorRKN4Napi8FunctionE
FNDA:256386,_ZN20DisruptorAsyncWorkerI11AsyncBufferIhEmmEC2EP9DisruptorRKN4Napi8FunctionE
FNDA:399839,_ZN20DisruptorAsyncWorkerI10AsyncArrayI11AsyncBufferIhEEm14AsyncUndefinedEC2EP9DisruptorRKN4Napi8FunctionE
FNDA:399839,_ZN20DisruptorAsyncWorkerI10AsyncArrayI11AsyncBufferIhEEm14AsyncUndefinedE4OnOKEv
FNDA:256386,_ZN20DisruptorAsyncWorkerI11AsyncBufferIhEmmE4OnOKEv
FNDA:190015,_ZN20DisruptorAsyncWorkerI10AsyncArrayI11AsyncBufferIhEEmmE4OnOKEv
FNDA:865867,_ZN20DisruptorAsyncWorkerI12AsyncBoolean14AsyncUndefinedS1_E4OnOKEv
FNDA:3395,_ZN7CloseFDclEPi
FNDA:3,_Z15ThrowErrnoErrorRKN4Napi12CallbackInfoEPKc
FNDA:3395,_ZN9DisruptorC2ERKN4Napi12CallbackInfoE
FNDA:2740,_ZN9DisruptorD2Ev
FNDA:5880,_ZN9Disruptor7ReleaseEv
FNDA:3140,_ZN9Disruptor7ReleaseERKN4Napi12CallbackInfoE
FNDA:399839,_ZN9Disruptor14ConsumeNewSyncI10AsyncArrayI11AsyncBufferIhEES2_EET_RKN4Napi3EnvEbRm
FNDA:423767,_ZN9Disruptor14ConsumeNewSyncIN4Napi5ArrayENS1_6BufferEEET_RKNS1_3EnvEbRm
FNDA:222737,_ZN9Disruptor14ConsumeNewSyncERKN4Napi12CallbackInfoE
FNDA:399839,_ZN21ConsumeNewAsyncWorkerD0Ev
FNDA:399839,_ZN21ConsumeNewAsyncWorkerD2Ev
FNDA:399839,_ZN21ConsumeNewAsyncWorkerC2EP9DisruptorRKN4Napi8FunctionE
FNDA:399839,_ZN21ConsumeNewAsyncWorker7ExecuteEv
FNDA:298889,_ZN21ConsumeNewAsyncWorker5RetryEv
FNDA:100950,_ZN9Disruptor15ConsumeNewAsyncERKN4Napi12CallbackInfoE
FNDA:201030,_ZN9Disruptor10ConsumeNewERKN4Napi12CallbackInfoE
FNDA:423772,_ZN9Disruptor13ConsumeCommitERKN4Napi12CallbackInfoE
FNDA:423773,_ZN9Disruptor13UpdatePendingEmm
FNDA:1247378,_ZN9Disruptor13ConsumeCommitEv
FNDA:256386,_ZN9Disruptor16ProduceClaimSyncI11AsyncBufferEET_IhERKN4Napi3EnvEbRmS8_
FNDA:286070,_ZN9Disruptor16ProduceClaimSyncIN4Napi6BufferEEET_IhERKNS1_3EnvEbRmS8_
FNDA:234181,_ZN9Disruptor16ProduceClaimSyncERKN4Napi12CallbackInfoE
FNDA:256386,_ZN23ProduceClaimAsyncWorkerD0Ev
FNDA:256386,_ZN23ProduceClaimAsyncWorkerD2Ev
FNDA:256386,_ZN23ProduceClaimAsyncWorkerC2EP9DisruptorRKN4Napi8FunctionE
FNDA:256386,_ZN23ProduceClaimAsyncWorker7ExecuteEv
FNDA:255573,_ZN23ProduceClaimAsyncWorker5RetryEv
FNDA:813,_ZN9Disruptor17ProduceClaimAsyncERKN4Napi12CallbackInfoE
FNDA:51889,_ZN9Disruptor12ProduceClaimERKN4Napi12CallbackInfoE
FNDA:9,_ZN9Disruptor17ProduceGetBuffersI10AsyncArrayI11AsyncBufferIhEES2_EEvRKN4Napi3EnvEmmRT_
FNDA:32,_ZN9Disruptor17ProduceGetBuffersIN4Napi5ArrayENS1_6BufferEEEvRKNS1_3EnvEmmRT_
FNDA:190015,_ZN9Disruptor20ProduceClaimManySyncI10AsyncArrayI11AsyncBufferIhEES2_EET_RKN4Napi3EnvEjbRmSA_
FNDA:24,_ZN9Disruptor20ProduceClaimManySyncIN4Napi5ArrayENS1_6BufferEEET_RKNS1_3EnvEjbRmS8_
FNDA:11,_ZN9Disruptor20ProduceClaimManySyncERKN4Napi12CallbackInfoE
FNDA:190015,_ZN27ProduceClaimManyAsyncWorkerD0Ev
FNDA:190015,_ZN27ProduceClaimManyAsyncWorkerD2Ev
FNDA:190015,_ZN27ProduceClaimManyAsyncWorkerC2EP9DisruptorRKN4Napi8FunctionEj
FNDA:190015,_ZN27ProduceClaimManyAsyncWorker7ExecuteEv
FNDA:190000,_ZN27ProduceClaimManyAsyncWorker5RetryEv
FNDA:15,_ZN9Disruptor21ProduceClaimManyAsyncERKN4Napi12CallbackInfoEj
FNDA:11,_ZN9Disruptor21ProduceClaimManyAsyncERKN4Napi12CallbackInfoE
FNDA:13,_ZN9Disruptor16ProduceClaimManyERKN4Napi12CallbackInfoE
FNDA:57,_ZN9Disruptor14ProduceRecoverERKN4Napi12CallbackInfoE
FNDA:865867,_ZN9Disruptor17ProduceCommitSyncI12AsyncBooleanEET_RKN4Napi3EnvEmmb
FNDA:286076,_ZN9Disruptor17ProduceCommitSyncIN4Napi7BooleanEEET_RKNS1_3EnvEmmb
FNDA:732510,_ZN9Disruptor13UpdateSeqNextEmm
FNDA:286887,_ZN9Disruptor10GetSeqNextERKN4Napi12CallbackInfoERmS4_
FNDA:234184,_ZN9Disruptor17ProduceCommitSyncERKN4Napi12CallbackInfoE
FNDA:865867,_ZN24ProduceCommitAsyncWorkerD0Ev
FNDA:865867,_ZN24ProduceCommitAsyncWorkerD2Ev
FNDA:865867,_ZN24ProduceCommitAsyncWorkerC2EP9DisruptorRKN4Napi8FunctionEmm
FNDA:865867,_ZN24ProduceCommitAsyncWorker7ExecuteEv
FNDA:819617,_ZN24ProduceCommitAsyncWorker5RetryEv
FNDA:46250,_ZN9Disruptor18ProduceCommitAsyncERKN4Napi12CallbackInfoEmmj
FNDA:811,_ZN9Disruptor18ProduceCommitAsyncERKN4Napi12CallbackInfoE
FNDA:51892,_ZN9Disruptor13ProduceCommitERKN4Napi12CallbackInfoE
FNDA:9,_ZN9Disruptor12GetConsumersERKN4Napi12CallbackInfoE
FNDA:154,_ZN9Disruptor9GetCursorERKN4Napi12CallbackInfoE
FNDA:154,_ZN9Disruptor7GetNextERKN4Napi12CallbackInfoE
FNDA:1167,_ZN9Disruptor11GetElementsERKN4Napi12CallbackInfoE
FNDA:154,_ZN9Disruptor11GetConsumerERKN4Napi12CallbackInfoE
FNDA:201096,_ZN9Disruptor21GetPendingSeqConsumerERKN4Napi12CallbackInfoE
FNDA:54,_ZN9Disruptor19GetPendingSeqCursorERKN4Napi12CallbackInfoE
FNDA:52748,_ZN9Disruptor17GetPendingSeqNextERKN4Napi12CallbackInfoE
FNDA:52748,_ZN9Disruptor20GetPendingSeqNextEndERKN4Napi12CallbackInfoE
FNDA:51,_ZN9Disruptor14GetElementSizeERKN4Napi12CallbackInfoE
FNDA:253,_ZN9Disruptor10InitializeEN4Napi3EnvENS0_6ObjectE
FNDA:253,_Z10InitializeN4Napi3EnvENS_6ObjectE
FNDA:253,_register_disruptor
FNDA:253,_Z17__napi_InitializeP10napi_env__P12napi_value__
FNF:110
FNH:106
DA:47,1712107
DA:49,1712107
DA:139,1
DA:141,1
DA:143,148028
DA:145,148028
DA:147,148028
DA:148,148028
DA:150,148027
DA:154,1
DA:161,357344
DA:163,357344
DA:165,357344
DA:167,101763
DA:169,101763
DA:172,255581
DA:174,255581
DA:177,101771
DA:179,101771
DA:181,101771
DA:183,101763
DA:187,8
DA:190,101771
DA:193,256386
DA:195,256386
DA:199,357344
DA:201,357344
DA:203,357344
DA:210,1971472
DA:213,1179708
DA:214,1179708
DA:216,1179708
DA:218,589854
DA:220,589854
DA:223,100958
DA:225,100958
DA:227,100958
DA:230,100958
DA:231,100958
DA:233,100965
DA:235,100965
DA:236,100965
DA:237,201923
DA:239,100958
DA:241,100965
DA:244,589854
DA:246,589854
DA:256,865867
DA:257,865867
DA:259,865867
DA:261,865867
DA:263,865867
DA:266,46250
DA:268,46250
DA:271,865867
DA:273,865867
DA:277,865867
DA:278,865867
DA:280,865867
DA:289,102606
DA:291,102606
DA:294,193450
DA:296,193450
DA:300,1712107
DA:303,1712107
DA:308,1712107
DA:310,1712107
DA:315,1712107
DA:317,1712107
DA:319,1564079
DA:322,148028
DA:324,1036196
DA:325,296056
DA:328,296056
DA:330,296056
DA:331,296056
DA:348,3395
DA:350,3395
DA:351,3395
DA:352,3395
DA:355,3
DA:357,3
DA:358,3
DA:359,3
DA:362,6
DA:363,9
DA:366,3395
DA:368,3398
DA:371,3395
DA:372,3395
DA:373,3395
DA:374,3395
DA:375,3395
DA:376,3395
DA:377,3395
DA:381,6790
DA:383,6790
DA:384,3395
DA:386,3
DA:393,6784
DA:394,3392
DA:398,3392
DA:404,3392
DA:407,3392
DA:409,3392
DA:415,3392
DA:416,3392
DA:417,3392
DA:418,3392
DA:419,3392
DA:421,3392
DA:422,3392
DA:424,3392
DA:425,3392
DA:426,3392
DA:428,5480
DA:430,2740
DA:431,2740
DA:433,5880
DA:435,5880
DA:437,3140
DA:439,3140
DA:444,3140
DA:447,5880
DA:450,3140
DA:452,3140
DA:456,3140
DA:459,823606
DA:466,823606
DA:468,401279686
DA:470,401703459
DA:471,401703459
DA:472,401703459
DA:473,401703459
DA:475,401703459
DA:477,524164
DA:479,846444
DA:481,423222
DA:482,423222
DA:484,423222
DA:485,423222
DA:486,423222
DA:489,401280237
DA:491,555
DA:493,1102
DA:495,551
DA:496,551
DA:498,551
DA:500,293
DA:503,293
DA:506,551
DA:507,551
DA:508,551
DA:513,399833
DA:514,399833
DA:517,222737
DA:520,222737
DA:523,799678
DA:529,399839
DA:530,399839
DA:534,399839
DA:536,399839
DA:537,399839
DA:540,399839
DA:543,399839
DA:544,399839
DA:545,399839
DA:547,298889
DA:549,298889
DA:550,298889
DA:553,100950
DA:555,100950
DA:556,100950
DA:558,201030
DA:562,201030
DA:564,201030
DA:566,100092
DA:569,100938
DA:570,100938
DA:573,423772
DA:575,423772
DA:578,423773
DA:580,423773
DA:581,423773
DA:582,423773
DA:584,1247378
DA:586,1247378
DA:588,1247378
DA:590,423772
DA:593,423772
DA:596,1247378
DA:600,7332089
DA:605,7045223
DA:607,7332089
DA:609,7332089
DA:611,12575036
DA:613,12270906
DA:615,12270906
DA:617,7027959
DA:618,7027959
DA:622,7636219
DA:623,304130
DA:625,573732
DA:627,286866
DA:628,286866
DA:630,286866
DA:631,286866
DA:632,286866
DA:634,286866
DA:639,255590
DA:640,255590
DA:641,255590
DA:642,255590
DA:645,234181
DA:648,468362
DA:649,702543
DA:652,512772
DA:656,256386
DA:657,256386
DA:659,256386
DA:661,256386
DA:662,256386
DA:663,256386
DA:666,256386
DA:669,512772
DA:670,512772
DA:671,256386
DA:672,256386
DA:674,255573
DA:676,255573
DA:677,255573
DA:680,813
DA:682,813
DA:683,813
DA:685,51889
DA:689,51889
DA:690,51889
DA:692,51884
DA:695,5
DA:696,5
DA:700,41
DA:705,41
DA:706,41
DA:708,41
DA:710,8
DA:712,3
DA:713,3
DA:715,5
DA:718,3
DA:722,106
DA:724,38
DA:725,38
DA:728,41
DA:729,41
DA:732,190039
DA:738,190013
DA:740,190039
DA:741,190039
DA:743,190039
DA:745,190065
DA:747,190039
DA:749,190039
DA:751,190013
DA:752,190013
DA:756,190065
DA:757,26
DA:759,35
DA:760,26
DA:761,26
DA:762,26
DA:763,26
DA:768,190013
DA:769,190013
DA:770,190013
DA:771,190013
DA:774,11
DA:777,22
DA:778,33
DA:781,380030
DA:787,190015
DA:789,190015
DA:794,190015
DA:796,190015
DA:797,190015
DA:798,190015
DA:801,190015
DA:804,570045
DA:805,570045
DA:806,190015
DA:807,190015
DA:809,190000
DA:811,190000
DA:812,190000
DA:818,15
DA:821,15
DA:822,15
DA:824,11
DA:826,11
DA:827,11
DA:829,13
DA:831,13
DA:834,13
DA:835,13
DA:837,9
DA:840,4
DA:841,4
DA:844,57
DA:846,57
DA:847,57
DA:849,57
DA:851,105
DA:852,87
DA:853,30
DA:855,15
DA:856,30
DA:859,57
DA:863,1151943
DA:868,1151943
DA:870,259666761
DA:872,259953639
DA:874,286878
DA:880,865065
DA:883,732510
DA:885,732510
DA:886,732510
DA:887,732510
DA:889,286887
DA:893,286887
DA:895,10
DA:896,10
DA:897,10
DA:900,286877
DA:901,286877
DA:902,286877
DA:905,234184
DA:908,234184
DA:909,234184
DA:912,1731734
DA:916,865867
DA:919,865867
DA:923,865867
DA:925,865867
DA:928,865867
DA:931,865867
DA:932,865867
DA:933,865867
DA:935,819617
DA:937,819617
DA:938,819617
DA:944,46250
DA:950,46250
DA:951,46250
DA:953,811
DA:956,811
DA:957,811
DA:958,811
DA:960,51892
DA:963,51892
DA:965,51892
DA:966,51892
DA:968,6453
DA:971,45439
DA:972,45439
DA:975,9
DA:977,9
DA:980,154
DA:982,154
DA:985,154
DA:987,154
DA:990,1167
DA:992,1167
DA:995,154
DA:997,154
DA:1000,201096
DA:1002,201096
DA:1005,54
DA:1007,54
DA:1010,52748
DA:1012,52748
DA:1015,52748
DA:1017,52748
DA:1020,51
DA:1022,51
DA:1025,253
DA:1027,253
DA:1029,253
DA:1030,253
DA:1031,253
DA:1032,253
DA:1033,253
DA:1034,253
DA:1035,253
DA:1036,253
DA:1037,253
DA:1038,253
DA:1039,253
DA:1040,253
DA:1041,253
DA:1042,253
DA:1043,253
DA:1046,253
DA:1047,253
DA:1048,253
DA:1049,253
DA:1050,253
DA:1051,253
DA:1052,253
DA:1053,253
DA:1054,253
DA:1055,253
DA:1056,6578
DA:1058,253
DA:1061,253
DA:1063,253
DA:1066,506
LF:415
LH:415
end_of_record
