TN:
SF:/home/david/shared-memory-disruptor/node_modules/node-addon-api/napi-inl.h
FN:27,_ZN4Napi7detailsL10AttachDataINS_10ObjectWrapI9DisruptorE18MethodCallbackDataIPFvRKNS_12CallbackInfoEEEEEE11napi_statusP10napi_env__P12napi_value__PT_PFvSE_PvSJ_ESJ_
FN:27,_ZN4Napi7detailsL10AttachDataINS_10ObjectWrapI9DisruptorE20AccessorCallbackDataIMS3_FNS_5ValueERKNS_12CallbackInfoEEMS3_FvS9_RKS6_EEEEE11napi_statusP10napi_env__P12napi_value__PT_PFvSJ_PvSO_ESO_
FN:27,_ZN4Napi7detailsL10AttachDataINS_10ObjectWrapI9DisruptorE18MethodCallbackDataIMS3_FvRKNS_12CallbackInfoEEEEEE11napi_statusP10napi_env__P12napi_value__PT_PFvSE_PvSJ_ESJ_
FN:27,_ZN4Napi7detailsL10AttachDataINS_10ObjectWrapI9DisruptorE18MethodCallbackDataIPFNS_5ValueERKNS_12CallbackInfoEEEEEE11napi_statusP10napi_env__P12napi_value__PT_PFvSF_PvSK_ESK_
FN:27,_ZN4Napi7detailsL10AttachDataINS_10ObjectWrapI9DisruptorE18MethodCallbackDataIMS3_FNS_5ValueERKNS_12CallbackInfoEEEEEE11napi_statusP10napi_env__P12napi_value__PT_PFvSF_PvSK_ESK_
FN:27,_ZN4Napi7detailsL10AttachDataINS_10ObjectWrapI9DisruptorE20AccessorCallbackDataIPFNS_5ValueERKNS_12CallbackInfoEEPFvS9_RKS6_EEEEE11napi_statusP10napi_env__P12napi_value__PT_PFvSJ_PvSO_ESO_
FN:34,_ZZN4Napi7detailsL10AttachDataINS_10ObjectWrapI9DisruptorE18MethodCallbackDataIPFvRKNS_12CallbackInfoEEEEEE11napi_statusP10napi_env__P12napi_value__PT_PFvSE_PvSJ_ESJ_ENKUlSE_SJ_SJ_E_clESE_SJ_SJ_
FN:34,_ZZN4Napi7detailsL10AttachDataINS_10ObjectWrapI9DisruptorE18MethodCallbackDataIMS3_FNS_5ValueERKNS_12CallbackInfoEEEEEE11napi_statusP10napi_env__P12napi_value__PT_PFvSF_PvSK_ESK_ENKUlSF_SK_SK_E_clESF_SK_SK_
FN:34,_ZZN4Napi7detailsL10AttachDataINS_10ObjectWrapI9DisruptorE18MethodCallbackDataIPFNS_5ValueERKNS_12CallbackInfoEEEEEE11napi_statusP10napi_env__P12napi_value__PT_PFvSF_PvSK_ESK_ENKUlSF_SK_SK_E_clESF_SK_SK_
FN:34,_ZZN4Napi7detailsL10AttachDataINS_10ObjectWrapI9DisruptorE20AccessorCallbackDataIMS3_FNS_5ValueERKNS_12CallbackInfoEEMS3_FvS9_RKS6_EEEEE11napi_statusP10napi_env__P12napi_value__PT_PFvSJ_PvSO_ESO_ENKUlSJ_SO_SO_E_clESJ_SO_SO_
FN:34,_ZZN4Napi7detailsL10AttachDataINS_10ObjectWrapI9DisruptorE20AccessorCallbackDataIPFNS_5ValueERKNS_12CallbackInfoEEPFvS9_RKS6_EEEEE11napi_statusP10napi_env__P12napi_value__PT_PFvSJ_PvSO_ESO_ENKUlSJ_SO_SO_E_clESJ_SO_SO_
FN:34,_ZZN4Napi7detailsL10AttachDataINS_10ObjectWrapI9DisruptorE18MethodCallbackDataIMS3_FvRKNS_12CallbackInfoEEEEEE11napi_statusP10napi_env__P12napi_value__PT_PFvSE_PvSJ_ESJ_ENKUlSE_SJ_SJ_E_clESE_SJ_SJ_
FN:70,_ZN4Napi7details12WrapCallbackIZNS_10ObjectWrapI9DisruptorE27StaticMethodCallbackWrapperEP10napi_env__P20napi_callback_info__EUlvE_EEP12napi_value__T_
FN:70,_ZN4Napi7details12WrapCallbackIZNS_10ObjectWrapI9DisruptorE13WrappedMethodIXadL_ZNS3_9GetCursorERKNS_12CallbackInfoEEEEEP12napi_value__P10napi_env__P20napi_callback_info__EUlvE_EESA_T_
FN:70,_ZN4Napi7details12WrapCallbackIZNS_10ObjectWrapI9DisruptorE13WrappedMethodIXadL_ZNS3_20GetPendingSeqNextEndERKNS_12CallbackInfoEEEEEP12napi_value__P10napi_env__P20napi_callback_info__EUlvE_EESA_T_
FN:70,_ZN4Napi7details12WrapCallbackIZNS_10ObjectWrapI9DisruptorE13WrappedMethodIXadL_ZNS3_17GetPendingSeqNextERKNS_12CallbackInfoEEEEEP12napi_value__P10napi_env__P20napi_callback_info__EUlvE_EESA_T_
FN:70,_ZN4Napi7details12WrapCallbackIZNS_10ObjectWrapI9DisruptorE13WrappedMethodIXadL_ZNS3_21GetPendingSeqConsumerERKNS_12CallbackInfoEEEEEP12napi_value__P10napi_env__P20napi_callback_info__EUlvE_EESA_T_
FN:70,_ZN4Napi7details12WrapCallbackIZNS_10ObjectWrapI9DisruptorE13WrappedMethodIXadL_ZNS3_7ReleaseERKNS_12CallbackInfoEEEEEP12napi_value__P10napi_env__P20napi_callback_info__EUlvE_EESA_T_
FN:70,_ZN4Napi7details12WrapCallbackIZNS_10ObjectWrapI9DisruptorE31StaticVoidMethodCallbackWrapperEP10napi_env__P20napi_callback_info__EUlvE_EEP12napi_value__T_
FN:70,_ZN4Napi7details12WrapCallbackIZNS_10ObjectWrapI9DisruptorE13WrappedMethodIXadL_ZNS3_15ConsumeNewAsyncERKNS_12CallbackInfoEEEEEP12napi_value__P10napi_env__P20napi_callback_info__EUlvE_EESA_T_
FN:70,_ZN4Napi7details12WrapCallbackIZNS_10ObjectWrapI9DisruptorE29InstanceSetterCallbackWrapperEP10napi_env__P20napi_callback_info__EUlvE_EEP12napi_value__T_
FN:70,_ZN4Napi7details12WrapCallbackIZNS_10ObjectWrapI9DisruptorE27StaticSetterCallbackWrapperEP10napi_env__P20napi_callback_info__EUlvE_EEP12napi_value__T_
FN:70,_ZN4Napi7details12WrapCallbackIZNS_10ObjectWrapI9DisruptorE13WrappedMethodIXadL_ZNS3_16ProduceClaimSyncERKNS_12CallbackInfoEEEEEP12napi_value__P10napi_env__P20napi_callback_info__EUlvE_EESA_T_
FN:70,_ZN4Napi7details12WrapCallbackIZNS_10ObjectWrapI9DisruptorE13WrappedMethodIXadL_ZNS3_13ConsumeCommitERKNS_12CallbackInfoEEEEEP12napi_value__P10napi_env__P20napi_callback_info__EUlvE_EESA_T_
FN:70,_ZN4Napi7details12WrapCallbackIZNS_10ObjectWrapI9DisruptorE13WrappedMethodIXadL_ZNS3_11GetElementsERKNS_12CallbackInfoEEEEEP12napi_value__P10napi_env__P20napi_callback_info__EUlvE_EESA_T_
FN:70,_ZN4Napi7details12WrapCallbackIZNS_10ObjectWrapI9DisruptorE29InstanceGetterCallbackWrapperEP10napi_env__P20napi_callback_info__EUlvE_EEP12napi_value__T_
FN:70,_ZN4Napi7details12WrapCallbackIZNS_10ObjectWrapI9DisruptorE13WrappedMethodIXadL_ZNS3_18ProduceCommitAsyncERKNS_12CallbackInfoEEEEEP12napi_value__P10napi_env__P20napi_callback_info__EUlvE_EESA_T_
FN:70,_ZN4Napi7details12WrapCallbackIZNS_10ObjectWrapI9DisruptorE13WrappedMethodIXadL_ZNS3_10ConsumeNewERKNS_12CallbackInfoEEEEEP12napi_value__P10napi_env__P20napi_callback_info__EUlvE_EESA_T_
FN:70,_ZN4Napi7details12WrapCallbackIZNS_10ObjectWrapI9DisruptorE13WrappedMethodIXadL_ZNS3_13ProduceCommitERKNS_12CallbackInfoEEEEEP12napi_value__P10napi_env__P20napi_callback_info__EUlvE_EESA_T_
FN:70,_ZN4Napi7details12WrapCallbackIZNS_10ObjectWrapI9DisruptorE13WrappedMethodIXadL_ZNS3_14ConsumeNewSyncERKNS_12CallbackInfoEEEEEP12napi_value__P10napi_env__P20napi_callback_info__EUlvE_EESA_T_
FN:70,_ZN4Napi7details12WrapCallbackIZNS_10ObjectWrapI9DisruptorE33InstanceVoidMethodCallbackWrapperEP10napi_env__P20napi_callback_info__EUlvE_EEP12napi_value__T_
FN:70,_ZN4Napi7details12WrapCallbackIZNS_10ObjectWrapI9DisruptorE13WrappedMethodIXadL_ZNS3_20ProduceClaimManySyncERKNS_12CallbackInfoEEEEEP12napi_value__P10napi_env__P20napi_callback_info__EUlvE_EESA_T_
FN:70,_ZN4Napi7details12WrapCallbackIZNS_10ObjectWrapI9DisruptorE13WrappedMethodIXadL_ZNS3_11GetConsumerERKNS_12CallbackInfoEEEEEP12napi_value__P10napi_env__P20napi_callback_info__EUlvE_EESA_T_
FN:70,_ZN4Napi7details12WrapCallbackIZZNS_8Function3NewIXadL_Z12NullCallbackRKNS_12CallbackInfoEEEEES2_P10napi_env__PKcPvENKUlS8_P20napi_callback_info__E_clES8_SD_EUlvE_EEP12napi_value__T_
FN:70,_ZN4Napi7details12WrapCallbackIZNS_14RegisterModuleEP10napi_env__P12napi_value__PFNS_6ObjectENS_3EnvES6_EEUlvE_EES5_T_
FN:70,_ZN4Napi7details12WrapCallbackIZNS_11AsyncWorker14OnWorkCompleteENS_3EnvE11napi_statusEUlvE_EEP12napi_value__T_
FN:70,_ZN4Napi7details12WrapCallbackIZNS_10ObjectWrapI9DisruptorE13WrappedMethodIXadL_ZNS3_17ProduceCommitSyncERKNS_12CallbackInfoEEEEEP12napi_value__P10napi_env__P20napi_callback_info__EUlvE_EESA_T_
FN:70,_ZN4Napi7details12WrapCallbackIZNS_10ObjectWrapI9DisruptorE27StaticGetterCallbackWrapperEP10napi_env__P20napi_callback_info__EUlvE_EEP12napi_value__T_
FN:70,_ZN4Napi7details12WrapCallbackIZNS_10ObjectWrapI9DisruptorE13WrappedMethodIXadL_ZNS3_19GetPendingSeqCursorERKNS_12CallbackInfoEEEEEP12napi_value__P10napi_env__P20napi_callback_info__EUlvE_EESA_T_
FN:70,_ZN4Napi7details12WrapCallbackIZNS_10ObjectWrapI9DisruptorE13WrappedMethodIXadL_ZNS3_21ProduceClaimManyAsyncERKNS_12CallbackInfoEEEEEP12napi_value__P10napi_env__P20napi_callback_info__EUlvE_EESA_T_
FN:70,_ZN4Napi7details12WrapCallbackIZNS_10ObjectWrapI9DisruptorE13WrappedMethodIXadL_ZNS3_14GetElementSizeERKNS_12CallbackInfoEEEEEP12napi_value__P10napi_env__P20napi_callback_info__EUlvE_EESA_T_
FN:70,_ZN4Napi7details12WrapCallbackIZNS_10ObjectWrapI9DisruptorE26ConstructorCallbackWrapperEP10napi_env__P20napi_callback_info__EUlvE_EEP12napi_value__T_
FN:70,_ZN4Napi7details12WrapCallbackIZNS_10ObjectWrapI9DisruptorE13WrappedMethodIXadL_ZNS3_7GetNextERKNS_12CallbackInfoEEEEEP12napi_value__P10napi_env__P20napi_callback_info__EUlvE_EESA_T_
FN:70,_ZN4Napi7details12WrapCallbackIZNS_10ObjectWrapI9DisruptorE13WrappedMethodIXadL_ZNS3_14ProduceRecoverERKNS_12CallbackInfoEEEEEP12napi_value__P10napi_env__P20napi_callback_info__EUlvE_EESA_T_
FN:70,_ZN4Napi7details12WrapCallbackIZNS_10ObjectWrapI9DisruptorE13WrappedMethodIXadL_ZNS3_12GetConsumersERKNS_12CallbackInfoEEEEEP12napi_value__P10napi_env__P20napi_callback_info__EUlvE_EESA_T_
FN:70,_ZN4Napi7details12WrapCallbackIZNS_10ObjectWrapI9DisruptorE13WrappedMethodIXadL_ZNS3_17ProduceClaimAsyncERKNS_12CallbackInfoEEEEEP12napi_value__P10napi_env__P20napi_callback_info__EUlvE_EESA_T_
FN:70,_ZN4Napi7details12WrapCallbackIZNS_10ObjectWrapI9DisruptorE13WrappedMethodIXadL_ZNS3_12ProduceClaimERKNS_12CallbackInfoEEEEEP12napi_value__P10napi_env__P20napi_callback_info__EUlvE_EESA_T_
FN:70,_ZN4Napi7details12WrapCallbackIZNS_10ObjectWrapI9DisruptorE13WrappedMethodIXadL_ZNS3_16ProduceClaimManyERKNS_12CallbackInfoEEEEEP12napi_value__P10napi_env__P20napi_callback_info__EUlvE_EESA_T_
FN:70,_ZN4Napi7details12WrapCallbackIZNS_10ObjectWrapI9DisruptorE29InstanceMethodCallbackWrapperEP10napi_env__P20napi_callback_info__EUlvE_EEP12napi_value__T_
FN:123,_ZN4Napi7details12FinalizeDataIhZN9DisruptorC4ERKNS_12CallbackInfoEEUlNS_3EnvEPhE_vE7WrapperEP10napi_env__PvSC_
FN:251,_ZN4Napi14RegisterModuleEP10napi_env__P12napi_value__PFNS_6ObjectENS_3EnvES4_E
FN:254,_ZZN4Napi14RegisterModuleEP10napi_env__P12napi_value__PFNS_6ObjectENS_3EnvES4_EENKUlvE_clEv
FN:264,_ZN4Napi3EnvC2EP10napi_env__
FN:267,_ZNK4Napi3EnvcvP10napi_env__Ev
FN:271,_ZNK4Napi3Env6GlobalEv
FN:278,_ZNK4Napi3Env9UndefinedEv
FN:285,_ZNK4Napi3Env4NullEv
FN:292,_ZNK4Napi3Env18IsExceptionPendingEv
FN:371,_ZN4Napi5ValueC2Ev
FN:374,_ZN4Napi5ValueC2EP10napi_env__P12napi_value__
FN:377,_ZNK4Napi5ValuecvP12napi_value__Ev
FN:396,_ZNK4Napi5Value3EnvEv
FN:400,_ZNK4Napi5Value7IsEmptyEv
FN:404,_ZNK4Napi5Value4TypeEv
FN:495,_ZNK4Napi5Value10IsFunctionEv
FN:537,_ZNK4Napi5Value2AsINS_6ObjectEEET_v
FN:537,_ZNK4Napi5Value2AsINS_6StringEEET_v
FN:537,_ZNK4Napi5Value2AsINS_8FunctionEEET_v
FN:537,_ZNK4Napi5Value2AsINS_6BufferIhEEEET_v
FN:537,_ZNK4Napi5Value2AsINS_6NumberEEET_v
FN:537,_ZNK4Napi5Value2AsINS_7BooleanEEET_v
FN:573,_ZN4Napi7Boolean3NewEP10napi_env__b
FN:583,_ZN4Napi7BooleanC2EP10napi_env__P12napi_value__
FN:586,_ZNK4Napi7BooleancvbEv
FN:590,_ZNK4Napi7Boolean5ValueEv
FN:601,_ZN4Napi6Number3NewEP10napi_env__d
FN:611,_ZN4Napi6NumberC2EP10napi_env__P12napi_value__
FN:618,_ZNK4Napi6NumbercvjEv
FN:641,_ZNK4Napi6Number11Uint32ValueEv
FN:648,_ZNK4Napi6Number10Int64ValueEv
FN:767,_ZN4Napi4NameC2EP10napi_env__P12napi_value__
FN:813,_ZN4Napi6StringC2EP10napi_env__P12napi_value__
FN:816,_ZNK4Napi6StringcvNSt7__cxx1112basic_stringIcSt11char_traitsIcESaIcEEEEv
FN:824,_ZNK4Napi6String9Utf8ValueB5cxx11Ev
FN:931,_ZN4Napi7details11vf_fallbackINS_5ValueEE4FromEP10napi_env__RKS2_
FN:931,_ZN4Napi7details11vf_fallbackINS_8FunctionEE4FromEP10napi_env__RKS2_
FN:931,_ZN4Napi7details11vf_fallbackINS_6BufferIhEEE4FromEP10napi_env__RKS3_
FN:951,_ZN4Napi5Value4FromIS0_EES0_P10napi_env__RKT_
FN:951,_ZN4Napi5Value4FromINS_6BufferIhEEEES0_P10napi_env__RKT_
FN:951,_ZN4Napi5Value4FromINS_8FunctionEEES0_P10napi_env__RKT_
FN:997,_ZN4Napi6Object14PropertyLValueIjEaSINS_5ValueEEERS2_T_
FN:1003,_ZN4Napi6Object14PropertyLValueIjEC2ES0_j
FN:1006,_ZN4Napi6Object3NewEP10napi_env__
FN:1013,_ZN4Napi6ObjectC2Ev
FN:1016,_ZN4Napi6ObjectC2EP10napi_env__P12napi_value__
FN:1027,_ZN4Napi6ObjectixEj
FN:1107,_ZNK4Napi6Object3GetEPKc
FN:1133,_ZN4Napi6Object3SetINS_8FunctionEEEvPKcRKT_
FN:1181,_ZN4Napi6Object3SetINS_6BufferIhEEEEvjRKT_
FN:1181,_ZN4Napi6Object3SetINS_5ValueEEEvjRKT_
FN:1335,_ZN4Napi5Array3NewEP10napi_env__
FN:1352,_ZN4Napi5ArrayC2EP10napi_env__P12napi_value__
FN:1355,_ZNK4Napi5Array6LengthEv
FN:1627,_ZN4Napi10TypedArrayC2Ev
FN:1631,_ZN4Napi10TypedArrayC2EP10napi_env__P12napi_value__
FN:1737,_ZN4Napi12TypedArrayOfIhEC2Ev
FN:1741,_ZN4Napi12TypedArrayOfIhEC2EP10napi_env__P12napi_value__
FN:1788,_ZN4NapiL14CreateFunctionINS_10ObjectWrapI9DisruptorE18MethodCallbackDataIPFvRKNS_12CallbackInfoEEEEEE11napi_statusP10napi_env__PKcPFP12napi_value__SD_P20napi_callback_info__EPT_PSH_
FN:1788,_ZN4NapiL14CreateFunctionINS_10ObjectWrapI9DisruptorE18MethodCallbackDataIPFNS_5ValueERKNS_12CallbackInfoEEEEEE11napi_statusP10napi_env__PKcPFP12napi_value__SE_P20napi_callback_info__EPT_PSI_
FN:1803,_ZN4Napi8Function3NewIXadL_Z12NullCallbackRKNS_12CallbackInfoEEEEES0_P10napi_env__PKcPv
FN:1807,_ZZN4Napi8Function3NewIXadL_Z12NullCallbackRKNS_12CallbackInfoEEEEES0_P10napi_env__PKcPvENKUlS6_P20napi_callback_info__E_clES6_SB_
FN:1809,_ZZZN4Napi8Function3NewIXadL_Z12NullCallbackRKNS_12CallbackInfoEEEEES0_P10napi_env__PKcPvENKUlS6_P20napi_callback_info__E_clES6_SB_ENKUlvE_clEv
FN:1881,_ZN4Napi8FunctionC2EP10napi_env__P12napi_value__
FN:1900,_ZNK4Napi8Function4CallEP12napi_value__RKSt16initializer_listIS2_E
FN:1904,_ZNK4Napi8Function4CallEP12napi_value__RKSt6vectorIS2_SaIS2_EE
FN:1908,_ZNK4Napi8Function4CallEP12napi_value__mPKS2_
FN:1916,_ZNK4Napi8Function12MakeCallbackEP12napi_value__RKSt16initializer_listIS2_EP20napi_async_context__
FN:1930,_ZNK4Napi8Function12MakeCallbackEP12napi_value__mPKS2_P20napi_async_context__
FN:2016,_ZN4Napi6BufferIhE3NewIZN9DisruptorC4ERKNS_12CallbackInfoEEUlNS_3EnvEPhE_EES1_P10napi_env__S8_mT_
FN:2071,_ZN4Napi6BufferIhEC2Ev
FN:2075,_ZN4Napi6BufferIhEC2EP10napi_env__P12napi_value__
FN:2080,_ZN4Napi6BufferIhEC2EP10napi_env__P12napi_value__mPh
FN:2085,_ZNK4Napi6BufferIhE6LengthEv
FN:2097,_ZNK4Napi6BufferIhE10EnsureInfoEv
FN:2115,_ZN4Napi5Error3NewEP10napi_env__
FN:2163,_ZN4Napi5Error3NewEP10napi_env__PKc
FN:2167,_ZN4Napi5Error3NewEP10napi_env__RKNSt7__cxx1112basic_stringIcSt11char_traitsIcESaIcEEE
FN:2171,_ZN4Napi5Error5FatalEPKcS2_
FN:2178,_ZN4Napi5ErrorC2EP10napi_env__P12napi_value__
FN:2214,_ZNK4Napi5Error7MessageB5cxx11Ev
FN:2231,_ZNK4Napi5Error26ThrowAsJavaScriptExceptionEv
FN:2253,_ZNK4Napi5Error4whatEv
FN:2260,_ZN4Napi5Error3NewIS0_EET_P10napi_env__PKcmPF11napi_statusS4_P12napi_value__S9_PS9_E
FN:2308,_ZN4Napi9ReferenceINS_6BufferIhEEE3NewERKS2_j
FN:2308,_ZN4Napi9ReferenceINS_8FunctionEE3NewERKS1_j
FN:2308,_ZN4Napi9ReferenceINS_6ObjectEE3NewERKS1_j
FN:2325,_ZN4Napi9ReferenceINS_6ObjectEEC2Ev
FN:2325,_ZN4Napi9ReferenceINS_8FunctionEEC2Ev
FN:2325,_ZN4Napi9ReferenceINS_6BufferIhEEEC2Ev
FN:2329,_ZN4Napi9ReferenceINS_6BufferIhEEEC2EP10napi_env__P10napi_ref__
FN:2329,_ZN4Napi9ReferenceINS_6ObjectEEC2EP10napi_env__P10napi_ref__
FN:2329,_ZN4Napi9ReferenceINS_8FunctionEEC2EP10napi_env__P10napi_ref__
FN:2334,_ZN4Napi9ReferenceINS_6BufferIhEEED2Ev
FN:2334,_ZN4Napi9ReferenceINS_8FunctionEED2Ev
FN:2334,_ZN4Napi9ReferenceINS_6ObjectEED2Ev
FN:2345,_ZN4Napi9ReferenceINS_8FunctionEEC2EOS2_
FN:2345,_ZN4Napi9ReferenceINS_6ObjectEEC2EOS2_
FN:2353,_ZN4Napi9ReferenceINS_6BufferIhEEEaSEOS3_
FN:2353,_ZN4Napi9ReferenceINS_6ObjectEEaSEOS2_
FN:2353,_ZN4Napi9ReferenceINS_8FunctionEEaSEOS2_
FN:2395,_ZNK4Napi9ReferenceINS_6ObjectEE3EnvEv
FN:2395,_ZNK4Napi9ReferenceINS_8FunctionEE3EnvEv
FN:2400,_ZNK4Napi9ReferenceINS_6ObjectEE7IsEmptyEv
FN:2400,_ZNK4Napi9ReferenceINS_8FunctionEE7IsEmptyEv
FN:2405,_ZNK4Napi9ReferenceINS_6ObjectEE5ValueEv
FN:2405,_ZNK4Napi9ReferenceINS_8FunctionEE5ValueEv
FN:2405,_ZNK4Napi9ReferenceINS_6BufferIhEEE5ValueEv
FN:2433,_ZN4Napi9ReferenceINS_8FunctionEE5ResetEv
FN:2433,_ZN4Napi9ReferenceINS_6ObjectEE5ResetEv
FN:2433,_ZN4Napi9ReferenceINS_6BufferIhEEE5ResetEv
FN:2472,_ZN4Napi10PersistentINS_6BufferIhEEEENS_9ReferenceIT_EES4_
FN:2476,_ZN4Napi10PersistentENS_6ObjectE
FN:2480,_ZN4Napi10PersistentENS_8FunctionE
FN:2491,_ZN4Napi15ObjectReferenceC2EP10napi_env__P10napi_ref__
FN:2494,_ZN4Napi15ObjectReferenceC2EONS_9ReferenceINS_6ObjectEEE
FN:2516,_ZNK4Napi15ObjectReference3GetEPKc
FN:2615,_ZN4Napi17FunctionReferenceC2Ev
FN:2622,_ZN4Napi17FunctionReferenceC2EONS_9ReferenceINS_8FunctionEEE
FN:2635,_ZN4Napi17FunctionReferenceaSEOS0_
FN:2664,_ZNK4Napi17FunctionReference4CallEP12napi_value__RKSt16initializer_listIS2_E
FN:2674,_ZNK4Napi17FunctionReference4CallEP12napi_value__RKSt6vectorIS2_SaIS2_EE
FN:2694,_ZNK4Napi17FunctionReference12MakeCallbackEP12napi_value__RKSt16initializer_listIS2_EP20napi_async_context__
FN:2745,_ZN4Napi12CallbackInfoC2EP10napi_env__P20napi_callback_info__
FN:2763,_ZN4Napi12CallbackInfoD2Ev
FN:2780,_ZNK4Napi12CallbackInfo3EnvEv
FN:2784,_ZNK4Napi12CallbackInfo6LengthEv
FN:2788,_ZNK4Napi12CallbackInfoixEm
FN:2792,_ZNK4Napi12CallbackInfo4ThisEv
FN:2799,_ZNK4Napi12CallbackInfo4DataEv
FN:2803,_ZN4Napi12CallbackInfo7SetDataEPv
FN:3144,_ZN4Napi10ObjectWrapI9DisruptorEC2ERKNS_12CallbackInfoE
FN:3157,_ZN4Napi10ObjectWrapI9DisruptorED0Ev
FN:3157,_ZN4Napi10ObjectWrapI9DisruptorED2Ev
FN:3171,_ZN4Napi10ObjectWrapI9DisruptorE6UnwrapENS_6ObjectE
FN:3180,_ZN4Napi10ObjectWrapI9DisruptorE11DefineClassENS_3EnvEPKcmPK24napi_property_descriptorPv
FN:3268,_ZN4Napi10ObjectWrapI9DisruptorE11DefineClassENS_3EnvEPKcRKSt16initializer_listINS_23ClassPropertyDescriptorIS1_EEEPv
FN:3551,_ZN4Napi10ObjectWrapI9DisruptorE14InstanceMethodIXadL_ZNS1_7ReleaseERKNS_12CallbackInfoEEEEENS_23ClassPropertyDescriptorIS1_EEPKc24napi_property_attributesPv
FN:3551,_ZN4Napi10ObjectWrapI9DisruptorE14InstanceMethodIXadL_ZNS1_21ProduceClaimManyAsyncERKNS_12CallbackInfoEEEEENS_23ClassPropertyDescriptorIS1_EEPKc24napi_property_attributesPv
FN:3551,_ZN4Napi10ObjectWrapI9DisruptorE14InstanceMethodIXadL_ZNS1_15ConsumeNewAsyncERKNS_12CallbackInfoEEEEENS_23ClassPropertyDescriptorIS1_EEPKc24napi_property_attributesPv
FN:3551,_ZN4Napi10ObjectWrapI9DisruptorE14InstanceMethodIXadL_ZNS1_18ProduceCommitAsyncERKNS_12CallbackInfoEEEEENS_23ClassPropertyDescriptorIS1_EEPKc24napi_property_attributesPv
FN:3551,_ZN4Napi10ObjectWrapI9DisruptorE14InstanceMethodIXadL_ZNS1_17ProduceClaimAsyncERKNS_12CallbackInfoEEEEENS_23ClassPropertyDescriptorIS1_EEPKc24napi_property_attributesPv
FN:3565,_ZN4Napi10ObjectWrapI9DisruptorE14InstanceMethodIXadL_ZNS1_13ConsumeCommitERKNS_12CallbackInfoEEEEENS_23ClassPropertyDescriptorIS1_EEPKc24napi_property_attributesPv
FN:3565,_ZN4Napi10ObjectWrapI9DisruptorE14InstanceMethodIXadL_ZNS1_12ProduceClaimERKNS_12CallbackInfoEEEEENS_23ClassPropertyDescriptorIS1_EEPKc24napi_property_attributesPv
FN:3565,_ZN4Napi10ObjectWrapI9DisruptorE14InstanceMethodIXadL_ZNS1_10ConsumeNewERKNS_12CallbackInfoEEEEENS_23ClassPropertyDescriptorIS1_EEPKc24napi_property_attributesPv
FN:3565,_ZN4Napi10ObjectWrapI9DisruptorE14InstanceMethodIXadL_ZNS1_16ProduceClaimSyncERKNS_12CallbackInfoEEEEENS_23ClassPropertyDescriptorIS1_EEPKc24napi_property_attributesPv
FN:3565,_ZN4Napi10ObjectWrapI9DisruptorE14InstanceMethodIXadL_ZNS1_14ConsumeNewSyncERKNS_12CallbackInfoEEEEENS_23ClassPropertyDescriptorIS1_EEPKc24napi_property_attributesPv
FN:3565,_ZN4Napi10ObjectWrapI9DisruptorE14InstanceMethodIXadL_ZNS1_16ProduceClaimManyERKNS_12CallbackInfoEEEEENS_23ClassPropertyDescriptorIS1_EEPKc24napi_property_attributesPv
FN:3565,_ZN4Napi10ObjectWrapI9DisruptorE14InstanceMethodIXadL_ZNS1_20ProduceClaimManySyncERKNS_12CallbackInfoEEEEENS_23ClassPropertyDescriptorIS1_EEPKc24napi_property_attributesPv
FN:3565,_ZN4Napi10ObjectWrapI9DisruptorE14InstanceMethodIXadL_ZNS1_17ProduceCommitSyncERKNS_12CallbackInfoEEEEENS_23ClassPropertyDescriptorIS1_EEPKc24napi_property_attributesPv
FN:3565,_ZN4Napi10ObjectWrapI9DisruptorE14InstanceMethodIXadL_ZNS1_14ProduceRecoverERKNS_12CallbackInfoEEEEENS_23ClassPropertyDescriptorIS1_EEPKc24napi_property_attributesPv
FN:3565,_ZN4Napi10ObjectWrapI9DisruptorE14InstanceMethodIXadL_ZNS1_13ProduceCommitERKNS_12CallbackInfoEEEEENS_23ClassPropertyDescriptorIS1_EEPKc24napi_property_attributesPv
FN:3646,_ZN4Napi10ObjectWrapI9DisruptorE16InstanceAccessorIXadL_ZNS1_17GetPendingSeqNextERKNS_12CallbackInfoEEELMS1_FvS6_RKNS_5ValueEE0EEENS_23ClassPropertyDescriptorIS1_EEPKc24napi_property_attributesPv
FN:3646,_ZN4Napi10ObjectWrapI9DisruptorE16InstanceAccessorIXadL_ZNS1_14GetElementSizeERKNS_12CallbackInfoEEELMS1_FvS6_RKNS_5ValueEE0EEENS_23ClassPropertyDescriptorIS1_EEPKc24napi_property_attributesPv
FN:3646,_ZN4Napi10ObjectWrapI9DisruptorE16InstanceAccessorIXadL_ZNS1_7GetNextERKNS_12CallbackInfoEEELMS1_FvS6_RKNS_5ValueEE0EEENS_23ClassPropertyDescriptorIS1_EEPKc24napi_property_attributesPv
FN:3646,_ZN4Napi10ObjectWrapI9DisruptorE16InstanceAccessorIXadL_ZNS1_12GetConsumersERKNS_12CallbackInfoEEELMS1_FvS6_RKNS_5ValueEE0EEENS_23ClassPropertyDescriptorIS1_EEPKc24napi_property_attributesPv
FN:3646,_ZN4Napi10ObjectWrapI9DisruptorE16InstanceAccessorIXadL_ZNS1_19GetPendingSeqCursorERKNS_12CallbackInfoEEELMS1_FvS6_RKNS_5ValueEE0EEENS_23ClassPropertyDescriptorIS1_EEPKc24napi_property_attributesPv
FN:3646,_ZN4Napi10ObjectWrapI9DisruptorE16InstanceAccessorIXadL_ZNS1_21GetPendingSeqConsumerERKNS_12CallbackInfoEEELMS1_FvS6_RKNS_5ValueEE0EEENS_23ClassPropertyDescriptorIS1_EEPKc24napi_property_attributesPv
FN:3646,_ZN4Napi10ObjectWrapI9DisruptorE16InstanceAccessorIXadL_ZNS1_11GetElementsERKNS_12CallbackInfoEEELMS1_FvS6_RKNS_5ValueEE0EEENS_23ClassPropertyDescriptorIS1_EEPKc24napi_property_attributesPv
FN:3646,_ZN4Napi10ObjectWrapI9DisruptorE16InstanceAccessorIXadL_ZNS1_9GetCursorERKNS_12CallbackInfoEEELMS1_FvS6_RKNS_5ValueEE0EEENS_23ClassPropertyDescriptorIS1_EEPKc24napi_property_attributesPv
FN:3646,_ZN4Napi10ObjectWrapI9DisruptorE16InstanceAccessorIXadL_ZNS1_11GetConsumerERKNS_12CallbackInfoEEELMS1_FvS6_RKNS_5ValueEE0EEENS_23ClassPropertyDescriptorIS1_EEPKc24napi_property_attributesPv
FN:3646,_ZN4Napi10ObjectWrapI9DisruptorE16InstanceAccessorIXadL_ZNS1_20GetPendingSeqNextEndERKNS_12CallbackInfoEEELMS1_FvS6_RKNS_5ValueEE0EEENS_23ClassPropertyDescriptorIS1_EEPKc24napi_property_attributesPv
FN:3720,_ZN4Napi10ObjectWrapI9DisruptorE8FinalizeENS_3EnvE
FN:3723,_ZN4Napi10ObjectWrapI9DisruptorE26ConstructorCallbackWrapperEP10napi_env__P20napi_callback_info__
FN:3736,_ZZN4Napi10ObjectWrapI9DisruptorE26ConstructorCallbackWrapperEP10napi_env__P20napi_callback_info__ENKUlvE_clEv
FN:3758,_ZN4Napi10ObjectWrapI9DisruptorE31StaticVoidMethodCallbackWrapperEP10napi_env__P20napi_callback_info__
FN:3761,_ZZN4Napi10ObjectWrapI9DisruptorE31StaticVoidMethodCallbackWrapperEP10napi_env__P20napi_callback_info__ENKUlvE_clEv
FN:3772,_ZN4Napi10ObjectWrapI9DisruptorE27StaticMethodCallbackWrapperEP10napi_env__P20napi_callback_info__
FN:3775,_ZZN4Napi10ObjectWrapI9DisruptorE27StaticMethodCallbackWrapperEP10napi_env__P20napi_callback_info__ENKUlvE_clEv
FN:3785,_ZN4Napi10ObjectWrapI9DisruptorE27StaticGetterCallbackWrapperEP10napi_env__P20napi_callback_info__
FN:3788,_ZZN4Napi10ObjectWrapI9DisruptorE27StaticGetterCallbackWrapperEP10napi_env__P20napi_callback_info__ENKUlvE_clEv
FN:3798,_ZN4Napi10ObjectWrapI9DisruptorE27StaticSetterCallbackWrapperEP10napi_env__P20napi_callback_info__
FN:3801,_ZZN4Napi10ObjectWrapI9DisruptorE27StaticSetterCallbackWrapperEP10napi_env__P20napi_callback_info__ENKUlvE_clEv
FN:3812,_ZN4Napi10ObjectWrapI9DisruptorE33InstanceVoidMethodCallbackWrapperEP10napi_env__P20napi_callback_info__
FN:3815,_ZZN4Napi10ObjectWrapI9DisruptorE33InstanceVoidMethodCallbackWrapperEP10napi_env__P20napi_callback_info__ENKUlvE_clEv
FN:3828,_ZN4Napi10ObjectWrapI9DisruptorE29InstanceMethodCallbackWrapperEP10napi_env__P20napi_callback_info__
FN:3831,_ZZN4Napi10ObjectWrapI9DisruptorE29InstanceMethodCallbackWrapperEP10napi_env__P20napi_callback_info__ENKUlvE_clEv
FN:3843,_ZN4Napi10ObjectWrapI9DisruptorE29InstanceGetterCallbackWrapperEP10napi_env__P20napi_callback_info__
FN:3846,_ZZN4Napi10ObjectWrapI9DisruptorE29InstanceGetterCallbackWrapperEP10napi_env__P20napi_callback_info__ENKUlvE_clEv
FN:3858,_ZN4Napi10ObjectWrapI9DisruptorE29InstanceSetterCallbackWrapperEP10napi_env__P20napi_callback_info__
FN:3861,_ZZN4Napi10ObjectWrapI9DisruptorE29InstanceSetterCallbackWrapperEP10napi_env__P20napi_callback_info__ENKUlvE_clEv
FN:3874,_ZN4Napi10ObjectWrapI9DisruptorE16FinalizeCallbackEP10napi_env__PvS5_
FN:3899,_ZN4Napi10ObjectWrapI9DisruptorE13WrappedMethodIXadL_ZNS1_18ProduceCommitAsyncERKNS_12CallbackInfoEEEEEP12napi_value__P10napi_env__P20napi_callback_info__
FN:3899,_ZN4Napi10ObjectWrapI9DisruptorE13WrappedMethodIXadL_ZNS1_21ProduceClaimManyAsyncERKNS_12CallbackInfoEEEEEP12napi_value__P10napi_env__P20napi_callback_info__
FN:3899,_ZN4Napi10ObjectWrapI9DisruptorE13WrappedMethodIXadL_ZNS1_7ReleaseERKNS_12CallbackInfoEEEEEP12napi_value__P10napi_env__P20napi_callback_info__
FN:3899,_ZN4Napi10ObjectWrapI9DisruptorE13WrappedMethodIXadL_ZNS1_17ProduceClaimAsyncERKNS_12CallbackInfoEEEEEP12napi_value__P10napi_env__P20napi_callback_info__
FN:3899,_ZN4Napi10ObjectWrapI9DisruptorE13WrappedMethodIXadL_ZNS1_15ConsumeNewAsyncERKNS_12CallbackInfoEEEEEP12napi_value__P10napi_env__P20napi_callback_info__
FN:3900,_ZZN4Napi10ObjectWrapI9DisruptorE13WrappedMethodIXadL_ZNS1_18ProduceCommitAsyncERKNS_12CallbackInfoEEEEEP12napi_value__P10napi_env__P20napi_callback_info__ENKUlvE_clEv
FN:3900,_ZZN4Napi10ObjectWrapI9DisruptorE13WrappedMethodIXadL_ZNS1_21ProduceClaimManyAsyncERKNS_12CallbackInfoEEEEEP12napi_value__P10napi_env__P20napi_callback_info__ENKUlvE_clEv
FN:3900,_ZZN4Napi10ObjectWrapI9DisruptorE13WrappedMethodIXadL_ZNS1_7ReleaseERKNS_12CallbackInfoEEEEEP12napi_value__P10napi_env__P20napi_callback_info__ENKUlvE_clEv
FN:3900,_ZZN4Napi10ObjectWrapI9DisruptorE13WrappedMethodIXadL_ZNS1_15ConsumeNewAsyncERKNS_12CallbackInfoEEEEEP12napi_value__P10napi_env__P20napi_callback_info__ENKUlvE_clEv
FN:3900,_ZZN4Napi10ObjectWrapI9DisruptorE13WrappedMethodIXadL_ZNS1_17ProduceClaimAsyncERKNS_12CallbackInfoEEEEEP12napi_value__P10napi_env__P20napi_callback_info__ENKUlvE_clEv
FN:3910,_ZN4Napi10ObjectWrapI9DisruptorE13WrappedMethodIXadL_ZNS1_11GetConsumerERKNS_12CallbackInfoEEEEEP12napi_value__P10napi_env__P20napi_callback_info__
FN:3910,_ZN4Napi10ObjectWrapI9DisruptorE13WrappedMethodIXadL_ZNS1_14ConsumeNewSyncERKNS_12CallbackInfoEEEEEP12napi_value__P10napi_env__P20napi_callback_info__
FN:3910,_ZN4Napi10ObjectWrapI9DisruptorE13WrappedMethodIXadL_ZNS1_21GetPendingSeqConsumerERKNS_12CallbackInfoEEEEEP12napi_value__P10napi_env__P20napi_callback_info__
FN:3910,_ZN4Napi10ObjectWrapI9DisruptorE13WrappedMethodIXadL_ZNS1_14GetElementSizeERKNS_12CallbackInfoEEEEEP12napi_value__P10napi_env__P20napi_callback_info__
FN:3910,_ZN4Napi10ObjectWrapI9DisruptorE13WrappedMethodIXadL_ZNS1_19GetPendingSeqCursorERKNS_12CallbackInfoEEEEEP12napi_value__P10napi_env__P20napi_callback_info__
FN:3910,_ZN4Napi10ObjectWrapI9DisruptorE13WrappedMethodIXadL_ZNS1_11GetElementsERKNS_12CallbackInfoEEEEEP12napi_value__P10napi_env__P20napi_callback_info__
FN:3910,_ZN4Napi10ObjectWrapI9DisruptorE13WrappedMethodIXadL_ZNS1_17GetPendingSeqNextERKNS_12CallbackInfoEEEEEP12napi_value__P10napi_env__P20napi_callback_info__
FN:3910,_ZN4Napi10ObjectWrapI9DisruptorE13WrappedMethodIXadL_ZNS1_16ProduceClaimManyERKNS_12CallbackInfoEEEEEP12napi_value__P10napi_env__P20napi_callback_info__
FN:3910,_ZN4Napi10ObjectWrapI9DisruptorE13WrappedMethodIXadL_ZNS1_14ProduceRecoverERKNS_12CallbackInfoEEEEEP12napi_value__P10napi_env__P20napi_callback_info__
FN:3910,_ZN4Napi10ObjectWrapI9DisruptorE13WrappedMethodIXadL_ZNS1_9GetCursorERKNS_12CallbackInfoEEEEEP12napi_value__P10napi_env__P20napi_callback_info__
FN:3910,_ZN4Napi10ObjectWrapI9DisruptorE13WrappedMethodIXadL_ZNS1_10ConsumeNewERKNS_12CallbackInfoEEEEEP12napi_value__P10napi_env__P20napi_callback_info__
FN:3910,_ZN4Napi10ObjectWrapI9DisruptorE13WrappedMethodIXadL_ZNS1_20GetPendingSeqNextEndERKNS_12CallbackInfoEEEEEP12napi_value__P10napi_env__P20napi_callback_info__
FN:3910,_ZN4Napi10ObjectWrapI9DisruptorE13WrappedMethodIXadL_ZNS1_17ProduceCommitSyncERKNS_12CallbackInfoEEEEEP12napi_value__P10napi_env__P20napi_callback_info__
FN:3910,_ZN4Napi10ObjectWrapI9DisruptorE13WrappedMethodIXadL_ZNS1_13ProduceCommitERKNS_12CallbackInfoEEEEEP12napi_value__P10napi_env__P20napi_callback_info__
FN:3910,_ZN4Napi10ObjectWrapI9DisruptorE13WrappedMethodIXadL_ZNS1_12ProduceClaimERKNS_12CallbackInfoEEEEEP12napi_value__P10napi_env__P20napi_callback_info__
FN:3910,_ZN4Napi10ObjectWrapI9DisruptorE13WrappedMethodIXadL_ZNS1_20ProduceClaimManySyncERKNS_12CallbackInfoEEEEEP12napi_value__P10napi_env__P20napi_callback_info__
FN:3910,_ZN4Napi10ObjectWrapI9DisruptorE13WrappedMethodIXadL_ZNS1_16ProduceClaimSyncERKNS_12CallbackInfoEEEEEP12napi_value__P10napi_env__P20napi_callback_info__
FN:3910,_ZN4Napi10ObjectWrapI9DisruptorE13WrappedMethodIXadL_ZNS1_7GetNextERKNS_12CallbackInfoEEEEEP12napi_value__P10napi_env__P20napi_callback_info__
FN:3910,_ZN4Napi10ObjectWrapI9DisruptorE13WrappedMethodIXadL_ZNS1_12GetConsumersERKNS_12CallbackInfoEEEEEP12napi_value__P10napi_env__P20napi_callback_info__
FN:3910,_ZN4Napi10ObjectWrapI9DisruptorE13WrappedMethodIXadL_ZNS1_13ConsumeCommitERKNS_12CallbackInfoEEEEEP12napi_value__P10napi_env__P20napi_callback_info__
FN:3911,_ZZN4Napi10ObjectWrapI9DisruptorE13WrappedMethodIXadL_ZNS1_10ConsumeNewERKNS_12CallbackInfoEEEEEP12napi_value__P10napi_env__P20napi_callback_info__ENKUlvE_clEv
FN:3911,_ZZN4Napi10ObjectWrapI9DisruptorE13WrappedMethodIXadL_ZNS1_20GetPendingSeqNextEndERKNS_12CallbackInfoEEEEEP12napi_value__P10napi_env__P20napi_callback_info__ENKUlvE_clEv
FN:3911,_ZZN4Napi10ObjectWrapI9DisruptorE13WrappedMethodIXadL_ZNS1_13ConsumeCommitERKNS_12CallbackInfoEEEEEP12napi_value__P10napi_env__P20napi_callback_info__ENKUlvE_clEv
FN:3911,_ZZN4Napi10ObjectWrapI9DisruptorE13WrappedMethodIXadL_ZNS1_11GetConsumerERKNS_12CallbackInfoEEEEEP12napi_value__P10napi_env__P20napi_callback_info__ENKUlvE_clEv
FN:3911,_ZZN4Napi10ObjectWrapI9DisruptorE13WrappedMethodIXadL_ZNS1_14ConsumeNewSyncERKNS_12CallbackInfoEEEEEP12napi_value__P10napi_env__P20napi_callback_info__ENKUlvE_clEv
FN:3911,_ZZN4Napi10ObjectWrapI9DisruptorE13WrappedMethodIXadL_ZNS1_21GetPendingSeqConsumerERKNS_12CallbackInfoEEEEEP12napi_value__P10napi_env__P20napi_callback_info__ENKUlvE_clEv
FN:3911,_ZZN4Napi10ObjectWrapI9DisruptorE13WrappedMethodIXadL_ZNS1_17GetPendingSeqNextERKNS_12CallbackInfoEEEEEP12napi_value__P10napi_env__P20napi_callback_info__ENKUlvE_clEv
FN:3911,_ZZN4Napi10ObjectWrapI9DisruptorE13WrappedMethodIXadL_ZNS1_12GetConsumersERKNS_12CallbackInfoEEEEEP12napi_value__P10napi_env__P20napi_callback_info__ENKUlvE_clEv
FN:3911,_ZZN4Napi10ObjectWrapI9DisruptorE13WrappedMethodIXadL_ZNS1_11GetElementsERKNS_12CallbackInfoEEEEEP12napi_value__P10napi_env__P20napi_callback_info__ENKUlvE_clEv
FN:3911,_ZZN4Napi10ObjectWrapI9DisruptorE13WrappedMethodIXadL_ZNS1_16ProduceClaimManyERKNS_12CallbackInfoEEEEEP12napi_value__P10napi_env__P20napi_callback_info__ENKUlvE_clEv
FN:3911,_ZZN4Napi10ObjectWrapI9DisruptorE13WrappedMethodIXadL_ZNS1_13ProduceCommitERKNS_12CallbackInfoEEEEEP12napi_value__P10napi_env__P20napi_callback_info__ENKUlvE_clEv
FN:3911,_ZZN4Napi10ObjectWrapI9DisruptorE13WrappedMethodIXadL_ZNS1_14GetElementSizeERKNS_12CallbackInfoEEEEEP12napi_value__P10napi_env__P20napi_callback_info__ENKUlvE_clEv
FN:3911,_ZZN4Napi10ObjectWrapI9DisruptorE13WrappedMethodIXadL_ZNS1_17ProduceCommitSyncERKNS_12CallbackInfoEEEEEP12napi_value__P10napi_env__P20napi_callback_info__ENKUlvE_clEv
FN:3911,_ZZN4Napi10ObjectWrapI9DisruptorE13WrappedMethodIXadL_ZNS1_16ProduceClaimSyncERKNS_12CallbackInfoEEEEEP12napi_value__P10napi_env__P20napi_callback_info__ENKUlvE_clEv
FN:3911,_ZZN4Napi10ObjectWrapI9DisruptorE13WrappedMethodIXadL_ZNS1_7GetNextERKNS_12CallbackInfoEEEEEP12napi_value__P10napi_env__P20napi_callback_info__ENKUlvE_clEv
FN:3911,_ZZN4Napi10ObjectWrapI9DisruptorE13WrappedMethodIXadL_ZNS1_12ProduceClaimERKNS_12CallbackInfoEEEEEP12napi_value__P10napi_env__P20napi_callback_info__ENKUlvE_clEv
FN:3911,_ZZN4Napi10ObjectWrapI9DisruptorE13WrappedMethodIXadL_ZNS1_19GetPendingSeqCursorERKNS_12CallbackInfoEEEEEP12napi_value__P10napi_env__P20napi_callback_info__ENKUlvE_clEv
FN:3911,_ZZN4Napi10ObjectWrapI9DisruptorE13WrappedMethodIXadL_ZNS1_14ProduceRecoverERKNS_12CallbackInfoEEEEEP12napi_value__P10napi_env__P20napi_callback_info__ENKUlvE_clEv
FN:3911,_ZZN4Napi10ObjectWrapI9DisruptorE13WrappedMethodIXadL_ZNS1_20ProduceClaimManySyncERKNS_12CallbackInfoEEEEEP12napi_value__P10napi_env__P20napi_callback_info__ENKUlvE_clEv
FN:3911,_ZZN4Napi10ObjectWrapI9DisruptorE13WrappedMethodIXadL_ZNS1_9GetCursorERKNS_12CallbackInfoEEEEEP12napi_value__P10napi_env__P20napi_callback_info__ENKUlvE_clEv
FN:3947,_ZN4Napi11HandleScopeC2ENS_3EnvE
FN:3952,_ZN4Napi11HandleScopeD2Ev
FN:3975,_ZN4Napi20EscapableHandleScopeC2ENS_3EnvE
FN:3980,_ZN4Napi20EscapableHandleScopeD2Ev
FN:3991,_ZNK4Napi20EscapableHandleScope3EnvEv
FN:3995,_ZN4Napi20EscapableHandleScope6EscapeEP12napi_value__
FN:4019,_ZN4Napi13CallbackScopeD0Ev
FN:4019,_ZN4Napi13CallbackScopeD2Ev
FN:4057,_ZN4Napi12AsyncContextD0Ev
FN:4057,_ZN4Napi12AsyncContextD2Ev
FN:4091,_ZN4Napi11AsyncWorkerC2ERKNS_8FunctionE
FN:4095,_ZN4Napi11AsyncWorkerC2ERKNS_8FunctionEPKc
FN:4100,_ZN4Napi11AsyncWorkerC2ERKNS_8FunctionEPKcRKNS_6ObjectE
FN:4123,_ZN4Napi11AsyncWorkerC2ERKNS_6ObjectERKNS_8FunctionEPKcS3_
FN:4167,_ZN4Napi11AsyncWorkerD2Ev
FN:4167,_ZN4Napi11AsyncWorkerD0Ev
FN:4174,_ZN4Napi11AsyncWorker7DestroyEv
FN:4205,_ZNK4Napi11AsyncWorker3EnvEv
FN:4209,_ZN4Napi11AsyncWorker5QueueEv
FN:4219,_ZN4Napi11AsyncWorker8ReceiverEv
FN:4223,_ZN4Napi11AsyncWorker8CallbackEv
FN:4231,_ZN4Napi11AsyncWorker4OnOKEv
FN:4237,_ZN4Napi11AsyncWorker7OnErrorERKNS_5ErrorE
FN:4243,_ZN4Napi11AsyncWorker8SetErrorERKNSt7__cxx1112basic_stringIcSt11char_traitsIcESaIcEEE
FN:4247,_ZN4Napi11AsyncWorker9GetResultENS_3EnvE
FN:4254,_ZN4Napi11AsyncWorker18OnAsyncWorkExecuteEP10napi_env__Pv
FN:4262,_ZN4Napi11AsyncWorker9OnExecuteENS_3EnvE
FN:4274,_ZN4Napi11AsyncWorker19OnAsyncWorkCompleteEP10napi_env__11napi_statusPv
FN:4280,_ZN4Napi11AsyncWorker14OnWorkCompleteENS_3EnvE11napi_status
FN:4283,_ZZN4Napi11AsyncWorker14OnWorkCompleteENS_3EnvE11napi_statusENKUlvE_clEv
FNDA:0,_ZN4Napi10ObjectWrapI9DisruptorED0Ev
FNDA:197,_ZZN4Napi10ObjectWrapI9DisruptorE13WrappedMethodIXadL_ZNS1_11GetConsumerERKNS_12CallbackInfoEEEEEP12napi_value__P10napi_env__P20napi_callback_info__ENKUlvE_clEv
FNDA:634243,_ZZN4Napi10ObjectWrapI9DisruptorE13WrappedMethodIXadL_ZNS1_13ConsumeCommitERKNS_12CallbackInfoEEEEEP12napi_value__P10napi_env__P20napi_callback_info__ENKUlvE_clEv
FNDA:505,_ZN4Napi10ObjectWrapI9DisruptorE14InstanceMethodIXadL_ZNS1_10ConsumeNewERKNS_12CallbackInfoEEEEENS_23ClassPropertyDescriptorIS1_EEPKc24napi_property_attributesPv
FNDA:0,_ZN4Napi7detailsL10AttachDataINS_10ObjectWrapI9DisruptorE18MethodCallbackDataIMS3_FvRKNS_12CallbackInfoEEEEEE11napi_statusP10napi_env__P12napi_value__PT_PFvSE_PvSJ_ESJ_
FNDA:0,_ZN4Napi7details12WrapCallbackIZNS_10ObjectWrapI9DisruptorE31StaticVoidMethodCallbackWrapperEP10napi_env__P20napi_callback_info__EUlvE_EEP12napi_value__T_
FNDA:12,_ZN4Napi7details12WrapCallbackIZNS_10ObjectWrapI9DisruptorE13WrappedMethodIXadL_ZNS3_15ConsumeNewAsyncERKNS_12CallbackInfoEEEEEP12napi_value__P10napi_env__P20napi_callback_info__EUlvE_EESA_T_
FNDA:0,_ZNK4Napi17FunctionReference4CallEP12napi_value__RKSt6vectorIS2_SaIS2_EE
FNDA:3716,_ZNK4Napi5Value2AsINS_6StringEEET_v
FNDA:0,_ZN4Napi13CallbackScopeD0Ev
FNDA:12,_ZZN4Napi10ObjectWrapI9DisruptorE13WrappedMethodIXadL_ZNS1_14ConsumeNewSyncERKNS_12CallbackInfoEEEEEP12napi_value__P10napi_env__P20napi_callback_info__ENKUlvE_clEv
FNDA:3716,_ZN4Napi10ObjectWrapI9DisruptorE26ConstructorCallbackWrapperEP10napi_env__P20napi_callback_info__
FNDA:0,_ZNK4Napi8Function4CallEP12napi_value__RKSt6vectorIS2_SaIS2_EE
FNDA:64,_ZN4Napi10ObjectWrapI9DisruptorE13WrappedMethodIXadL_ZNS1_14GetElementSizeERKNS_12CallbackInfoEEEEEP12napi_value__P10napi_env__P20napi_callback_info__
FNDA:4527280,_ZN4Napi10PersistentENS_6ObjectE
FNDA:0,_ZN4Napi7details12WrapCallbackIZNS_10ObjectWrapI9DisruptorE27StaticSetterCallbackWrapperEP10napi_env__P20napi_callback_info__EUlvE_EEP12napi_value__T_
FNDA:519441,_ZNK4Napi6BufferIhE6LengthEv
FNDA:0,_ZN4Napi7details12WrapCallbackIZNS_10ObjectWrapI9DisruptorE29InstanceSetterCallbackWrapperEP10napi_env__P20napi_callback_info__EUlvE_EEP12napi_value__T_
FNDA:2263640,_ZN4Napi11HandleScopeD2Ev
FNDA:1167190,_ZNK4Napi8Function4CallEP12napi_value__mPKS2_
FNDA:234301,_ZN4Napi6ObjectixEj
FNDA:3712,_ZN4Napi6ObjectC2Ev
FNDA:634312,_ZN4Napi10ObjectWrapI9DisruptorE13WrappedMethodIXadL_ZNS1_21GetPendingSeqConsumerERKNS_12CallbackInfoEEEEEP12napi_value__P10napi_env__P20napi_callback_info__
FNDA:810,_ZN4Napi10ObjectWrapI9DisruptorE13WrappedMethodIXadL_ZNS1_18ProduceCommitAsyncERKNS_12CallbackInfoEEEEEP12napi_value__P10napi_env__P20napi_callback_info__
FNDA:12,_ZN4Napi10ObjectWrapI9DisruptorE13WrappedMethodIXadL_ZNS1_14ConsumeNewSyncERKNS_12CallbackInfoEEEEEP12napi_value__P10napi_env__P20napi_callback_info__
FNDA:0,_ZN4Napi10ObjectWrapI9DisruptorE27StaticSetterCallbackWrapperEP10napi_env__P20napi_callback_info__
FNDA:0,_ZZN4Napi10ObjectWrapI9DisruptorE27StaticMethodCallbackWrapperEP10napi_env__P20napi_callback_info__ENKUlvE_clEv
FNDA:3208,_ZN4Napi7details12WrapCallbackIZNS_10ObjectWrapI9DisruptorE13WrappedMethodIXadL_ZNS3_7ReleaseERKNS_12CallbackInfoEEEEEP12napi_value__P10napi_env__P20napi_callback_info__EUlvE_EESA_T_
FNDA:0,_ZN4Napi11AsyncWorker8SetErrorERKNSt7__cxx1112basic_stringIcSt11char_traitsIcESaIcEEE
FNDA:4,_ZNK4Napi5Error26ThrowAsJavaScriptExceptionEv
FNDA:505,_ZN4Napi10ObjectWrapI9DisruptorE16InstanceAccessorIXadL_ZNS1_14GetElementSizeERKNS_12CallbackInfoEEELMS1_FvS6_RKNS_5ValueEE0EEENS_23ClassPropertyDescriptorIS1_EEPKc24napi_property_attributesPv
FNDA:505,_ZN4Napi10ObjectWrapI9DisruptorE14InstanceMethodIXadL_ZNS1_12ProduceClaimERKNS_12CallbackInfoEEEEENS_23ClassPropertyDescriptorIS1_EEPKc24napi_property_attributesPv
FNDA:520319,_ZZN4Napi10ObjectWrapI9DisruptorE13WrappedMethodIXadL_ZNS1_20GetPendingSeqNextEndERKNS_12CallbackInfoEEEEEP12napi_value__P10napi_env__P20napi_callback_info__ENKUlvE_clEv
FNDA:0,_ZN4Napi8Function3NewIXadL_Z12NullCallbackRKNS_12CallbackInfoEEEEES0_P10napi_env__PKcPv
FNDA:2263640,_ZN4Napi11AsyncWorkerD2Ev
FNDA:634228,_ZZN4Napi10ObjectWrapI9DisruptorE13WrappedMethodIXadL_ZNS1_10ConsumeNewERKNS_12CallbackInfoEEEEEP12napi_value__P10napi_env__P20napi_callback_info__ENKUlvE_clEv
FNDA:520319,_ZN4Napi7details12WrapCallbackIZNS_10ObjectWrapI9DisruptorE13WrappedMethodIXadL_ZNS3_17GetPendingSeqNextERKNS_12CallbackInfoEEEEEP12napi_value__P10napi_env__P20napi_callback_info__EUlvE_EESA_T_
FNDA:400657,_ZN4Napi6Object3SetINS_6BufferIhEEEEvjRKT_
FNDA:375591,_ZNK4Napi5Value4TypeEv
FNDA:3994900,_ZNK4Napi5Value2AsINS_6ObjectEEET_v
FNDA:3716,_ZN4Napi9ReferenceINS_6ObjectEEC2Ev
FNDA:0,_ZZN4Napi10ObjectWrapI9DisruptorE29InstanceMethodCallbackWrapperEP10napi_env__P20napi_callback_info__ENKUlvE_clEv
FNDA:0,_ZZN4Napi10ObjectWrapI9DisruptorE31StaticVoidMethodCallbackWrapperEP10napi_env__P20napi_callback_info__ENKUlvE_clEv
FNDA:3994910,_ZN4Napi12CallbackInfoD2Ev
FNDA:634312,_ZN4Napi7details12WrapCallbackIZNS_10ObjectWrapI9DisruptorE13WrappedMethodIXadL_ZNS3_21GetPendingSeqConsumerERKNS_12CallbackInfoEEEEEP12napi_value__P10napi_env__P20napi_callback_info__EUlvE_EESA_T_
FNDA:0,_ZNK4Napi9ReferenceINS_8FunctionEE3EnvEv
FNDA:383015,_ZNK4Napi3Env18IsExceptionPendingEv
FNDA:868429,_ZN4Napi5Array3NewEP10napi_env__
FNDA:505,_ZN4Napi10ObjectWrapI9DisruptorE16InstanceAccessorIXadL_ZNS1_17GetPendingSeqNextERKNS_12CallbackInfoEEELMS1_FvS6_RKNS_5ValueEE0EEENS_23ClassPropertyDescriptorIS1_EEPKc24napi_property_attributesPv
FNDA:234301,_ZN4Napi7details11vf_fallbackINS_5ValueEE4FromEP10napi_env__RKS2_
FNDA:505,_ZN4Napi10ObjectWrapI9DisruptorE14InstanceMethodIXadL_ZNS1_13ConsumeCommitERKNS_12CallbackInfoEEEEENS_23ClassPropertyDescriptorIS1_EEPKc24napi_property_attributesPv
FNDA:32227300,_ZN4Napi5ValueC2EP10napi_env__P12napi_value__
FNDA:383015,_ZNK4Napi20EscapableHandleScope3EnvEv
FNDA:0,_ZZN4Napi8Function3NewIXadL_Z12NullCallbackRKNS_12CallbackInfoEEEEES0_P10napi_env__PKcPvENKUlS6_P20napi_callback_info__E_clES6_SB_
FNDA:0,_ZN4Napi7details12WrapCallbackIZNS_10ObjectWrapI9DisruptorE27StaticMethodCallbackWrapperEP10napi_env__P20napi_callback_info__EUlvE_EEP12napi_value__T_
FNDA:0,_ZN4Napi7detailsL10AttachDataINS_10ObjectWrapI9DisruptorE18MethodCallbackDataIPFvRKNS_12CallbackInfoEEEEEE11napi_statusP10napi_env__P12napi_value__PT_PFvSE_PvSJ_ESJ_
FNDA:3716,_ZN4Napi6StringC2EP10napi_env__P12napi_value__
FNDA:810,_ZZN4Napi10ObjectWrapI9DisruptorE13WrappedMethodIXadL_ZNS1_18ProduceCommitAsyncERKNS_12CallbackInfoEEEEEP12napi_value__P10napi_env__P20napi_callback_info__ENKUlvE_clEv
FNDA:3716,_ZN4Napi4NameC2EP10napi_env__P12napi_value__
FNDA:401825,_ZNK4Napi12CallbackInfoixEm
FNDA:197,_ZN4Napi7details12WrapCallbackIZNS_10ObjectWrapI9DisruptorE13WrappedMethodIXadL_ZNS3_9GetCursorERKNS_12CallbackInfoEEEEEP12napi_value__P10napi_env__P20napi_callback_info__EUlvE_EESA_T_
FNDA:22424600,_ZN4Napi6ObjectC2EP10napi_env__P12napi_value__
FNDA:505,_ZN4Napi7details11vf_fallbackINS_8FunctionEE4FromEP10napi_env__RKS2_
FNDA:0,_ZN4Napi10ObjectWrapI9DisruptorE29InstanceGetterCallbackWrapperEP10napi_env__P20napi_callback_info__
FNDA:0,_ZN4Napi10ObjectWrapI9DisruptorE27StaticGetterCallbackWrapperEP10napi_env__P20napi_callback_info__
FNDA:520319,_ZN4Napi7details12WrapCallbackIZNS_10ObjectWrapI9DisruptorE13WrappedMethodIXadL_ZNS3_20GetPendingSeqNextEndERKNS_12CallbackInfoEEEEEP12napi_value__P10napi_env__P20napi_callback_info__EUlvE_EESA_T_
FNDA:11136,_ZN4Napi9ReferenceINS_6BufferIhEEEC2EP10napi_env__P10napi_ref__
FNDA:197,_ZN4Napi10ObjectWrapI9DisruptorE13WrappedMethodIXadL_ZNS1_11GetConsumerERKNS_12CallbackInfoEEEEEP12napi_value__P10napi_env__P20napi_callback_info__
FNDA:4,_ZNK4Napi9ReferenceINS_6ObjectEE3EnvEv
FNDA:0,_ZN4Napi7detailsL10AttachDataINS_10ObjectWrapI9DisruptorE20AccessorCallbackDataIMS3_FNS_5ValueERKNS_12CallbackInfoEEMS3_FvS9_RKS6_EEEEE11napi_statusP10napi_env__P12napi_value__PT_PFvSJ_PvSO_ESO_
FNDA:31128400,_ZNK4Napi5ValuecvP12napi_value__Ev
FNDA:0,_ZN4NapiL14CreateFunctionINS_10ObjectWrapI9DisruptorE18MethodCallbackDataIPFvRKNS_12CallbackInfoEEEEEE11napi_statusP10napi_env__PKcPFP12napi_value__SD_P20napi_callback_info__EPT_PSH_
FNDA:0,_ZN4Napi11AsyncWorker4OnOKEv
FNDA:2267350,_ZN4Napi17FunctionReferenceC2EONS_9ReferenceINS_8FunctionEEE
FNDA:505,_ZN4Napi10ObjectWrapI9DisruptorE14InstanceMethodIXadL_ZNS1_16ProduceClaimManyERKNS_12CallbackInfoEEEEENS_23ClassPropertyDescriptorIS1_EEPKc24napi_property_attributesPv
FNDA:2263640,_ZN4Napi11AsyncWorker18OnAsyncWorkExecuteEP10napi_env__Pv
FNDA:3612,_ZN4Napi10ObjectWrapI9DisruptorE16FinalizeCallbackEP10napi_env__PvS5_
FNDA:11136,_ZN4Napi9ReferenceINS_6BufferIhEEE3NewERKS2_j
FNDA:64,_ZZN4Napi10ObjectWrapI9DisruptorE13WrappedMethodIXadL_ZNS1_14GetElementSizeERKNS_12CallbackInfoEEEEEP12napi_value__P10napi_env__P20napi_callback_info__ENKUlvE_clEv
FNDA:21984,_ZN4Napi9ReferenceINS_6BufferIhEEED2Ev
FNDA:234301,_ZN4Napi6Object3SetINS_5ValueEEEvjRKT_
FNDA:0,_ZN4Napi7details12WrapCallbackIZZNS_8Function3NewIXadL_Z12NullCallbackRKNS_12CallbackInfoEEEEES2_P10napi_env__PKcPvENKUlS8_P20napi_callback_info__E_clES8_SD_EUlvE_EEP12napi_value__T_
FNDA:2263640,_ZN4Napi11AsyncWorker14OnWorkCompleteENS_3EnvE11napi_status
FNDA:3430830,_ZNK4Napi9ReferenceINS_8FunctionEE5ValueEv
FNDA:400657,_ZN4Napi7details11vf_fallbackINS_6BufferIhEEE4FromEP10napi_env__RKS3_
FNDA:11,_ZZN4Napi10ObjectWrapI9DisruptorE13WrappedMethodIXadL_ZNS1_21ProduceClaimManyAsyncERKNS_12CallbackInfoEEEEEP12napi_value__P10napi_env__P20napi_callback_info__ENKUlvE_clEv
FNDA:3616,_ZN4Napi10ObjectWrapI9DisruptorED2Ev
FNDA:519447,_ZZN4Napi10ObjectWrapI9DisruptorE13WrappedMethodIXadL_ZNS1_13ProduceCommitERKNS_12CallbackInfoEEEEEP12napi_value__P10napi_env__P20napi_callback_info__ENKUlvE_clEv
FNDA:505,_ZN4Napi7details12WrapCallbackIZNS_14RegisterModuleEP10napi_env__P12napi_value__PFNS_6ObjectENS_3EnvES6_EEUlvE_EES5_T_
FNDA:375591,_ZN4Napi11AsyncWorker8ReceiverEv
FNDA:0,_ZN4Napi5Error5FatalEPKcS2_
FNDA:505,_ZN4Napi14RegisterModuleEP10napi_env__P12napi_value__PFNS_6ObjectENS_3EnvES4_E
FNDA:4268370,_ZN4Napi6NumberC2EP10napi_env__P12napi_value__
FNDA:2263640,_ZN4Napi11AsyncWorkerC2ERKNS_6ObjectERKNS_8FunctionEPKcS3_
FNDA:12,_ZZN4Napi10ObjectWrapI9DisruptorE13WrappedMethodIXadL_ZNS1_12GetConsumersERKNS_12CallbackInfoEEEEEP12napi_value__P10napi_env__P20napi_callback_info__ENKUlvE_clEv
FNDA:4531000,_ZN4Napi9ReferenceINS_6ObjectEEC2EP10napi_env__P10napi_ref__
FNDA:505,_ZN4Napi10ObjectWrapI9DisruptorE14InstanceMethodIXadL_ZNS1_14ConsumeNewSyncERKNS_12CallbackInfoEEEEENS_23ClassPropertyDescriptorIS1_EEPKc24napi_property_attributesPv
FNDA:379207,_ZNK4Napi5Value7IsEmptyEv
FNDA:896658,_ZNK4Napi12CallbackInfo6LengthEv
FNDA:505,_ZN4Napi10ObjectWrapI9DisruptorE16InstanceAccessorIXadL_ZNS1_19GetPendingSeqCursorERKNS_12CallbackInfoEEELMS1_FvS6_RKNS_5ValueEE0EEENS_23ClassPropertyDescriptorIS1_EEPKc24napi_property_attributesPv
FNDA:11136,_ZN4Napi9ReferenceINS_6BufferIhEEEaSEOS3_
FNDA:24,_ZZN4Napi10ObjectWrapI9DisruptorE13WrappedMethodIXadL_ZNS1_16ProduceClaimManyERKNS_12CallbackInfoEEEEEP12napi_value__P10napi_env__P20napi_callback_info__ENKUlvE_clEv
FNDA:1556,_ZZN4Napi10ObjectWrapI9DisruptorE13WrappedMethodIXadL_ZNS1_11GetElementsERKNS_12CallbackInfoEEEEEP12napi_value__P10napi_env__P20napi_callback_info__ENKUlvE_clEv
FNDA:197,_ZN4Napi7details12WrapCallbackIZNS_10ObjectWrapI9DisruptorE13WrappedMethodIXadL_ZNS3_11GetConsumerERKNS_12CallbackInfoEEEEEP12napi_value__P10napi_env__P20napi_callback_info__EUlvE_EESA_T_
FNDA:0,_ZNK4Napi15ObjectReference3GetEPKc
FNDA:3208,_ZN4Napi10ObjectWrapI9DisruptorE13WrappedMethodIXadL_ZNS1_7ReleaseERKNS_12CallbackInfoEEEEEP12napi_value__P10napi_env__P20napi_callback_info__
FNDA:4,_ZN4Napi5ErrorC2EP10napi_env__P12napi_value__
FNDA:2642850,_ZNK4Napi9ReferenceINS_6ObjectEE5ValueEv
FNDA:3716,_ZZN4Napi10ObjectWrapI9DisruptorE26ConstructorCallbackWrapperEP10napi_env__P20napi_callback_info__ENKUlvE_clEv
FNDA:11,_ZN4Napi7details12WrapCallbackIZNS_10ObjectWrapI9DisruptorE13WrappedMethodIXadL_ZNS3_20ProduceClaimManySyncERKNS_12CallbackInfoEEEEEP12napi_value__P10napi_env__P20napi_callback_info__EUlvE_EESA_T_
FNDA:0,_ZN4Napi7details12WrapCallbackIZNS_10ObjectWrapI9DisruptorE33InstanceVoidMethodCallbackWrapperEP10napi_env__P20napi_callback_info__EUlvE_EEP12napi_value__T_
FNDA:234301,_ZN4Napi5Value4FromIS0_EES0_P10napi_env__RKT_
FNDA:0,_ZZN4Napi10ObjectWrapI9DisruptorE27StaticSetterCallbackWrapperEP10napi_env__P20napi_callback_info__ENKUlvE_clEv
FNDA:383015,_ZNK4Napi5Value2AsINS_8FunctionEEET_v
FNDA:634312,_ZZN4Napi10ObjectWrapI9DisruptorE13WrappedMethodIXadL_ZNS1_21GetPendingSeqConsumerERKNS_12CallbackInfoEEEEEP12napi_value__P10napi_env__P20napi_callback_info__ENKUlvE_clEv
FNDA:634228,_ZN4Napi7details12WrapCallbackIZNS_10ObjectWrapI9DisruptorE13WrappedMethodIXadL_ZNS3_10ConsumeNewERKNS_12CallbackInfoEEEEEP12napi_value__P10napi_env__P20napi_callback_info__EUlvE_EESA_T_
FNDA:810,_ZN4Napi7details12WrapCallbackIZNS_10ObjectWrapI9DisruptorE13WrappedMethodIXadL_ZNS3_18ProduceCommitAsyncERKNS_12CallbackInfoEEEEEP12napi_value__P10napi_env__P20napi_callback_info__EUlvE_EESA_T_
FNDA:234301,_ZN4Napi6Object14PropertyLValueIjEC2ES0_j
FNDA:3712,_ZN4Napi6BufferIhE3NewIZN9DisruptorC4ERKNS_12CallbackInfoEEUlNS_3EnvEPhE_EES1_P10napi_env__S8_mT_
FNDA:505,_ZN4Napi10ObjectWrapI9DisruptorE16InstanceAccessorIXadL_ZNS1_12GetConsumersERKNS_12CallbackInfoEEELMS1_FvS6_RKNS_5ValueEE0EEENS_23ClassPropertyDescriptorIS1_EEPKc24napi_property_attributesPv
FNDA:0,_ZN4Napi7details12WrapCallbackIZNS_10ObjectWrapI9DisruptorE29InstanceGetterCallbackWrapperEP10napi_env__P20napi_callback_info__EUlvE_EEP12napi_value__T_
FNDA:11,_ZN4Napi10ObjectWrapI9DisruptorE13WrappedMethodIXadL_ZNS1_21ProduceClaimManyAsyncERKNS_12CallbackInfoEEEEEP12napi_value__P10napi_env__P20napi_callback_info__
FNDA:3716,_ZN4Napi10ObjectWrapI9DisruptorEC2ERKNS_12CallbackInfoE
FNDA:1556,_ZN4Napi10ObjectWrapI9DisruptorE13WrappedMethodIXadL_ZNS1_11GetElementsERKNS_12CallbackInfoEEEEEP12napi_value__P10napi_env__P20napi_callback_info__
FNDA:520319,_ZZN4Napi10ObjectWrapI9DisruptorE13WrappedMethodIXadL_ZNS1_17GetPendingSeqNextERKNS_12CallbackInfoEEEEEP12napi_value__P10napi_env__P20napi_callback_info__ENKUlvE_clEv
FNDA:24,_ZN4Napi10ObjectWrapI9DisruptorE13WrappedMethodIXadL_ZNS1_16ProduceClaimManyERKNS_12CallbackInfoEEEEEP12napi_value__P10napi_env__P20napi_callback_info__
FNDA:520319,_ZN4Napi10ObjectWrapI9DisruptorE13WrappedMethodIXadL_ZNS1_17GetPendingSeqNextERKNS_12CallbackInfoEEEEEP12napi_value__P10napi_env__P20napi_callback_info__
FNDA:3991190,_ZN4Napi10ObjectWrapI9DisruptorE6UnwrapENS_6ObjectE
FNDA:12,_ZN4Napi7details12WrapCallbackIZNS_10ObjectWrapI9DisruptorE13WrappedMethodIXadL_ZNS3_14ConsumeNewSyncERKNS_12CallbackInfoEEEEEP12napi_value__P10napi_env__P20napi_callback_info__EUlvE_EESA_T_
FNDA:3612,_ZN4Napi10ObjectWrapI9DisruptorE8FinalizeENS_3EnvE
FNDA:519447,_ZN4Napi7details12WrapCallbackIZNS_10ObjectWrapI9DisruptorE13WrappedMethodIXadL_ZNS3_13ProduceCommitERKNS_12CallbackInfoEEEEEP12napi_value__P10napi_env__P20napi_callback_info__EUlvE_EESA_T_
FNDA:0,_ZZZN4Napi8Function3NewIXadL_Z12NullCallbackRKNS_12CallbackInfoEEEEES0_P10napi_env__PKcPvENKUlS6_P20napi_callback_info__E_clES6_SB_ENKUlvE_clEv
FNDA:2263640,_ZN4Napi11AsyncWorkerC2ERKNS_8FunctionEPKc
FNDA:72,_ZN4Napi10ObjectWrapI9DisruptorE13WrappedMethodIXadL_ZNS1_19GetPendingSeqCursorERKNS_12CallbackInfoEEEEEP12napi_value__P10napi_env__P20napi_callback_info__
FNDA:3620,_ZNK4Napi9ReferenceINS_6ObjectEE7IsEmptyEv
FNDA:634243,_ZN4Napi7details12WrapCallbackIZNS_10ObjectWrapI9DisruptorE13WrappedMethodIXadL_ZNS3_13ConsumeCommitERKNS_12CallbackInfoEEEEEP12napi_value__P10napi_env__P20napi_callback_info__EUlvE_EESA_T_
FNDA:505,_ZN4Napi10ObjectWrapI9DisruptorE16InstanceAccessorIXadL_ZNS1_7GetNextERKNS_12CallbackInfoEEELMS1_FvS6_RKNS_5ValueEE0EEENS_23ClassPropertyDescriptorIS1_EEPKc24napi_property_attributesPv
FNDA:0,_ZN4Napi11AsyncWorkerD0Ev
FNDA:2263640,_ZN4Napi11AsyncWorker5QueueEv
FNDA:807,_ZN4Napi7details12WrapCallbackIZNS_10ObjectWrapI9DisruptorE13WrappedMethodIXadL_ZNS3_16ProduceClaimSyncERKNS_12CallbackInfoEEEEEP12napi_value__P10napi_env__P20napi_callback_info__EUlvE_EESA_T_
FNDA:11136,_ZN4Napi10PersistentINS_6BufferIhEEEENS_9ReferenceIT_EES4_
FNDA:1556,_ZN4Napi7details12WrapCallbackIZNS_10ObjectWrapI9DisruptorE13WrappedMethodIXadL_ZNS3_11GetElementsERKNS_12CallbackInfoEEEEEP12napi_value__P10napi_env__P20napi_callback_info__EUlvE_EESA_T_
FNDA:0,_ZN4Napi10ObjectWrapI9DisruptorE29InstanceMethodCallbackWrapperEP10napi_env__P20napi_callback_info__
FNDA:0,_ZZN4Napi7detailsL10AttachDataINS_10ObjectWrapI9DisruptorE18MethodCallbackDataIPFvRKNS_12CallbackInfoEEEEEE11napi_statusP10napi_env__P12napi_value__PT_PFvSE_PvSJ_ESJ_ENKUlSE_SJ_SJ_E_clESE_SJ_SJ_
FNDA:2263640,_ZZN4Napi11AsyncWorker14OnWorkCompleteENS_3EnvE11napi_statusENKUlvE_clEv
FNDA:0,_ZN4NapiL14CreateFunctionINS_10ObjectWrapI9DisruptorE18MethodCallbackDataIPFNS_5ValueERKNS_12CallbackInfoEEEEEE11napi_statusP10napi_env__PKcPFP12napi_value__SE_P20napi_callback_info__EPT_PSI_
FNDA:3712,_ZNK4Napi3Env6GlobalEv
FNDA:2339670,_ZN4Napi10TypedArrayC2EP10napi_env__P12napi_value__
FNDA:0,_ZN4Napi5Error3NewEP10napi_env__
FNDA:505,_ZN4Napi10ObjectWrapI9DisruptorE14InstanceMethodIXadL_ZNS1_16ProduceClaimSyncERKNS_12CallbackInfoEEEEENS_23ClassPropertyDescriptorIS1_EEPKc24napi_property_attributesPv
FNDA:519441,_ZNK4Napi6BufferIhE10EnsureInfoEv
FNDA:3716,_ZN4Napi9ReferenceINS_6ObjectEE5ResetEv
FNDA:11,_ZN4Napi10ObjectWrapI9DisruptorE13WrappedMethodIXadL_ZNS1_20ProduceClaimManySyncERKNS_12CallbackInfoEEEEEP12napi_value__P10napi_env__P20napi_callback_info__
FNDA:4538320,_ZN4Napi9ReferenceINS_8FunctionEED2Ev
FNDA:1298880,_ZN4Napi7BooleanC2EP10napi_env__P12napi_value__
FNDA:2263640,_ZN4Napi11AsyncWorker7DestroyEv
FNDA:4527280,_ZN4Napi6Object3NewEP10napi_env__
FNDA:197,_ZZN4Napi10ObjectWrapI9DisruptorE13WrappedMethodIXadL_ZNS1_7GetNextERKNS_12CallbackInfoEEEEEP12napi_value__P10napi_env__P20napi_callback_info__ENKUlvE_clEv
FNDA:3998620,_ZNK4Napi12CallbackInfo4ThisEv
FNDA:7424,_ZNK4Napi17FunctionReference4CallEP12napi_value__RKSt16initializer_listIS2_E
FNDA:526879,_ZNK4Napi7BooleancvbEv
FNDA:807,_ZZN4Napi10ObjectWrapI9DisruptorE13WrappedMethodIXadL_ZNS1_16ProduceClaimSyncERKNS_12CallbackInfoEEEEEP12napi_value__P10napi_env__P20napi_callback_info__ENKUlvE_clEv
FNDA:505,_ZN4Napi10ObjectWrapI9DisruptorE14InstanceMethodIXadL_ZNS1_20ProduceClaimManySyncERKNS_12CallbackInfoEEEEENS_23ClassPropertyDescriptorIS1_EEPKc24napi_property_attributesPv
FNDA:197,_ZN4Napi10ObjectWrapI9DisruptorE13WrappedMethodIXadL_ZNS1_7GetNextERKNS_12CallbackInfoEEEEEP12napi_value__P10napi_env__P20napi_callback_info__
FNDA:3716,_ZN4Napi7details12WrapCallbackIZNS_10ObjectWrapI9DisruptorE26ConstructorCallbackWrapperEP10napi_env__P20napi_callback_info__EUlvE_EEP12napi_value__T_
FNDA:505,_ZN4Napi5Value4FromINS_8FunctionEEES0_P10napi_env__RKT_
FNDA:0,_ZN4Napi12AsyncContextD0Ev
FNDA:64,_ZN4Napi7details12WrapCallbackIZNS_10ObjectWrapI9DisruptorE13WrappedMethodIXadL_ZNS3_14GetElementSizeERKNS_12CallbackInfoEEEEEP12napi_value__P10napi_env__P20napi_callback_info__EUlvE_EESA_T_
FNDA:807,_ZN4Napi10ObjectWrapI9DisruptorE13WrappedMethodIXadL_ZNS1_16ProduceClaimSyncERKNS_12CallbackInfoEEEEEP12napi_value__P10napi_env__P20napi_callback_info__
FNDA:3712,_ZN4Napi5ValueC2Ev
FNDA:2267350,_ZN4Napi9ReferenceINS_8FunctionEEC2EOS2_
FNDA:505,_ZN4Napi10ObjectWrapI9DisruptorE16InstanceAccessorIXadL_ZNS1_11GetElementsERKNS_12CallbackInfoEEELMS1_FvS6_RKNS_5ValueEE0EEENS_23ClassPropertyDescriptorIS1_EEPKc24napi_property_attributesPv
FNDA:4253280,_ZN4Napi6Number3NewEP10napi_env__d
FNDA:0,_ZZN4Napi7detailsL10AttachDataINS_10ObjectWrapI9DisruptorE20AccessorCallbackDataIMS3_FNS_5ValueERKNS_12CallbackInfoEEMS3_FvS9_RKS6_EEEEE11napi_statusP10napi_env__P12napi_value__PT_PFvSJ_PvSO_ESO_ENKUlSJ_SO_SO_E_clESJ_SO_SO_
FNDA:868429,_ZN4Napi5ArrayC2EP10napi_env__P12napi_value__
FNDA:505,_ZN4Napi10ObjectWrapI9DisruptorE11DefineClassENS_3EnvEPKcmPK24napi_property_descriptorPv
FNDA:0,_ZN4Napi10ObjectWrapI9DisruptorE33InstanceVoidMethodCallbackWrapperEP10napi_env__P20napi_callback_info__
FNDA:375591,_ZNK4Napi5Value10IsFunctionEv
FNDA:505,_ZN4Napi6Object3SetINS_8FunctionEEEvPKcRKT_
FNDA:0,_ZN4Napi7details12WrapCallbackIZNS_10ObjectWrapI9DisruptorE27StaticGetterCallbackWrapperEP10napi_env__P20napi_callback_info__EUlvE_EEP12napi_value__T_
FNDA:72,_ZN4Napi7details12WrapCallbackIZNS_10ObjectWrapI9DisruptorE13WrappedMethodIXadL_ZNS3_19GetPendingSeqCursorERKNS_12CallbackInfoEEEEEP12napi_value__P10napi_env__P20napi_callback_info__EUlvE_EESA_T_
FNDA:3712,_ZN4Napi10TypedArrayC2Ev
FNDA:11136,_ZNK4Napi6Object3GetEPKc
FNDA:383015,_ZN4Napi20EscapableHandleScopeD2Ev
FNDA:2263640,_ZN4Napi11AsyncWorker9OnExecuteENS_3EnvE
FNDA:519447,_ZN4Napi10ObjectWrapI9DisruptorE13WrappedMethodIXadL_ZNS1_13ProduceCommitERKNS_12CallbackInfoEEEEEP12napi_value__P10napi_env__P20napi_callback_info__
FNDA:519441,_ZN4Napi10ObjectWrapI9DisruptorE13WrappedMethodIXadL_ZNS1_12ProduceClaimERKNS_12CallbackInfoEEEEEP12napi_value__P10napi_env__P20napi_callback_info__
FNDA:0,_ZZN4Napi10ObjectWrapI9DisruptorE27StaticGetterCallbackWrapperEP10napi_env__P20napi_callback_info__ENKUlvE_clEv
FNDA:505,_ZN4Napi10ObjectWrapI9DisruptorE14InstanceMethodIXadL_ZNS1_15ConsumeNewAsyncERKNS_12CallbackInfoEEEEENS_23ClassPropertyDescriptorIS1_EEPKc24napi_property_attributesPv
FNDA:3712,_ZN4Napi17FunctionReferenceaSEOS0_
FNDA:2263640,_ZN4Napi11AsyncWorkerC2ERKNS_8FunctionEPKcRKNS_6ObjectE
FNDA:810,_ZZN4Napi10ObjectWrapI9DisruptorE13WrappedMethodIXadL_ZNS1_17ProduceCommitSyncERKNS_12CallbackInfoEEEEEP12napi_value__P10napi_env__P20napi_callback_info__ENKUlvE_clEv
FNDA:807,_ZN4Napi10ObjectWrapI9DisruptorE13WrappedMethodIXadL_ZNS1_17ProduceClaimAsyncERKNS_12CallbackInfoEEEEEP12napi_value__P10napi_env__P20napi_callback_info__
FNDA:11,_ZN4Napi7details12WrapCallbackIZNS_10ObjectWrapI9DisruptorE13WrappedMethodIXadL_ZNS3_21ProduceClaimManyAsyncERKNS_12CallbackInfoEEEEEP12napi_value__P10napi_env__P20napi_callback_info__EUlvE_EESA_T_
FNDA:0,_ZZN4Napi7detailsL10AttachDataINS_10ObjectWrapI9DisruptorE18MethodCallbackDataIPFNS_5ValueERKNS_12CallbackInfoEEEEEE11napi_statusP10napi_env__P12napi_value__PT_PFvSF_PvSK_ESK_ENKUlSF_SK_SK_E_clESF_SK_SK_
FNDA:32392300,_ZN4Napi3EnvC2EP10napi_env__
FNDA:0,_ZN4Napi13CallbackScopeD2Ev
FNDA:2263640,_ZN4Napi11HandleScopeC2ENS_3EnvE
FNDA:520319,_ZN4Napi10ObjectWrapI9DisruptorE13WrappedMethodIXadL_ZNS1_20GetPendingSeqNextEndERKNS_12CallbackInfoEEEEEP12napi_value__P10napi_env__P20napi_callback_info__
FNDA:810,_ZN4Napi10ObjectWrapI9DisruptorE13WrappedMethodIXadL_ZNS1_17ProduceCommitSyncERKNS_12CallbackInfoEEEEEP12napi_value__P10napi_env__P20napi_callback_info__
FNDA:1168760,_ZNK4Napi9ReferenceINS_6BufferIhEEE5ValueEv
FNDA:505,_ZN4Napi10ObjectWrapI9DisruptorE14InstanceMethodIXadL_ZNS1_21ProduceClaimManyAsyncERKNS_12CallbackInfoEEEEENS_23ClassPropertyDescriptorIS1_EEPKc24napi_property_attributesPv
FNDA:0,_ZN4Napi7detailsL10AttachDataINS_10ObjectWrapI9DisruptorE18MethodCallbackDataIPFNS_5ValueERKNS_12CallbackInfoEEEEEE11napi_statusP10napi_env__P12napi_value__PT_PFvSF_PvSK_ESK_
FNDA:12,_ZZN4Napi10ObjectWrapI9DisruptorE13WrappedMethodIXadL_ZNS1_15ConsumeNewAsyncERKNS_12CallbackInfoEEEEEP12napi_value__P10napi_env__P20napi_callback_info__ENKUlvE_clEv
FNDA:3716,_ZN4Napi17FunctionReferenceC2Ev
FNDA:810,_ZN4Napi7details12WrapCallbackIZNS_10ObjectWrapI9DisruptorE13WrappedMethodIXadL_ZNS3_17ProduceCommitSyncERKNS_12CallbackInfoEEEEEP12napi_value__P10napi_env__P20napi_callback_info__EUlvE_EESA_T_
FNDA:0,_ZNK4Napi5Error7MessageB5cxx11Ev
FNDA:505,_ZZN4Napi14RegisterModuleEP10napi_env__P12napi_value__PFNS_6ObjectENS_3EnvES4_EENKUlvE_clEv
FNDA:634228,_ZN4Napi10ObjectWrapI9DisruptorE13WrappedMethodIXadL_ZNS1_10ConsumeNewERKNS_12CallbackInfoEEEEEP12napi_value__P10napi_env__P20napi_callback_info__
FNDA:375591,_ZNK4Napi8Function12MakeCallbackEP12napi_value__mPKS2_P20napi_async_context__
FNDA:3208,_ZZN4Napi10ObjectWrapI9DisruptorE13WrappedMethodIXadL_ZNS1_7ReleaseERKNS_12CallbackInfoEEEEEP12napi_value__P10napi_env__P20napi_callback_info__ENKUlvE_clEv
FNDA:400657,_ZN4Napi5Value4FromINS_6BufferIhEEEES0_P10napi_env__RKT_
FNDA:76,_ZN4Napi10ObjectWrapI9DisruptorE13WrappedMethodIXadL_ZNS1_14ProduceRecoverERKNS_12CallbackInfoEEEEEP12napi_value__P10napi_env__P20napi_callback_info__
FNDA:2263640,_ZN4Napi7details12WrapCallbackIZNS_11AsyncWorker14OnWorkCompleteENS_3EnvE11napi_statusEUlvE_EEP12napi_value__T_
FNDA:10532,_ZN4Napi9ReferenceINS_8FunctionEE5ResetEv
FNDA:505,_ZN4Napi10ObjectWrapI9DisruptorE14InstanceMethodIXadL_ZNS1_7ReleaseERKNS_12CallbackInfoEEEEENS_23ClassPropertyDescriptorIS1_EEPKc24napi_property_attributesPv
FNDA:197,_ZN4Napi10ObjectWrapI9DisruptorE13WrappedMethodIXadL_ZNS1_9GetCursorERKNS_12CallbackInfoEEEEEP12napi_value__P10napi_env__P20napi_callback_info__
FNDA:14910,_ZNK4Napi6NumbercvjEv
FNDA:0,_ZNK4Napi5Error4whatEv
FNDA:0,_ZZN4Napi7detailsL10AttachDataINS_10ObjectWrapI9DisruptorE18MethodCallbackDataIMS3_FNS_5ValueERKNS_12CallbackInfoEEEEEE11napi_statusP10napi_env__P12napi_value__PT_PFvSF_PvSK_ESK_ENKUlSF_SK_SK_E_clESF_SK_SK_
FNDA:2267350,_ZN4Napi9ReferenceINS_8FunctionEE3NewERKS1_j
FNDA:634252,_ZNK4Napi5Array6LengthEv
FNDA:1167190,_ZNK4Napi5Value2AsINS_6BufferIhEEEET_v
FNDA:526879,_ZNK4Napi7Boolean5ValueEv
FNDA:505,_ZN4Napi10ObjectWrapI9DisruptorE16InstanceAccessorIXadL_ZNS1_21GetPendingSeqConsumerERKNS_12CallbackInfoEEELMS1_FvS6_RKNS_5ValueEE0EEENS_23ClassPropertyDescriptorIS1_EEPKc24napi_property_attributesPv
FNDA:3712,_ZN4Napi6BufferIhEC2Ev
FNDA:176,_ZNK4Napi6Number10Int64ValueEv
FNDA:17822200,_ZNK4Napi5Value3EnvEv
FNDA:11148,_ZN4Napi9ReferenceINS_6BufferIhEEEC2Ev
FNDA:0,_ZZN4Napi7detailsL10AttachDataINS_10ObjectWrapI9DisruptorE18MethodCallbackDataIMS3_FvRKNS_12CallbackInfoEEEEEE11napi_statusP10napi_env__P12napi_value__PT_PFvSE_PvSJ_ESJ_ENKUlSE_SJ_SJ_E_clESE_SJ_SJ_
FNDA:0,_ZN4Napi12CallbackInfo7SetDataEPv
FNDA:4,_ZN4Napi15ObjectReferenceC2EP10napi_env__P10napi_ref__
FNDA:505,_ZN4Napi10ObjectWrapI9DisruptorE14InstanceMethodIXadL_ZNS1_17ProduceClaimAsyncERKNS_12CallbackInfoEEEEENS_23ClassPropertyDescriptorIS1_EEPKc24napi_property_attributesPv
FNDA:11,_ZZN4Napi10ObjectWrapI9DisruptorE13WrappedMethodIXadL_ZNS1_20ProduceClaimManySyncERKNS_12CallbackInfoEEEEEP12napi_value__P10napi_env__P20napi_callback_info__ENKUlvE_clEv
FNDA:807,_ZN4Napi7details12WrapCallbackIZNS_10ObjectWrapI9DisruptorE13WrappedMethodIXadL_ZNS3_17ProduceClaimAsyncERKNS_12CallbackInfoEEEEEP12napi_value__P10napi_env__P20napi_callback_info__EUlvE_EESA_T_
FNDA:505,_ZN4Napi10ObjectWrapI9DisruptorE14InstanceMethodIXadL_ZNS1_13ProduceCommitERKNS_12CallbackInfoEEEEENS_23ClassPropertyDescriptorIS1_EEPKc24napi_property_attributesPv
FNDA:0,_ZZN4Napi10ObjectWrapI9DisruptorE33InstanceVoidMethodCallbackWrapperEP10napi_env__P20napi_callback_info__ENKUlvE_clEv
FNDA:197,_ZZN4Napi10ObjectWrapI9DisruptorE13WrappedMethodIXadL_ZNS1_9GetCursorERKNS_12CallbackInfoEEEEEP12napi_value__P10napi_env__P20napi_callback_info__ENKUlvE_clEv
FNDA:0,_ZN4Napi7details12WrapCallbackIZNS_10ObjectWrapI9DisruptorE29InstanceMethodCallbackWrapperEP10napi_env__P20napi_callback_info__EUlvE_EEP12napi_value__T_
FNDA:24,_ZN4Napi7details12WrapCallbackIZNS_10ObjectWrapI9DisruptorE13WrappedMethodIXadL_ZNS3_16ProduceClaimManyERKNS_12CallbackInfoEEEEEP12napi_value__P10napi_env__P20napi_callback_info__EUlvE_EESA_T_
FNDA:234301,_ZN4Napi6Object14PropertyLValueIjEaSINS_5ValueEEERS2_T_
FNDA:1291450,_ZN4Napi7Boolean3NewEP10napi_env__b
FNDA:519441,_ZN4Napi7details12WrapCallbackIZNS_10ObjectWrapI9DisruptorE13WrappedMethodIXadL_ZNS3_12ProduceClaimERKNS_12CallbackInfoEEEEEP12napi_value__P10napi_env__P20napi_callback_info__EUlvE_EESA_T_
FNDA:383015,_ZN4Napi20EscapableHandleScope6EscapeEP12napi_value__
FNDA:3814350,_ZN4Napi8FunctionC2EP10napi_env__P12napi_value__
FNDA:505,_ZN4Napi10ObjectWrapI9DisruptorE16InstanceAccessorIXadL_ZNS1_20GetPendingSeqNextEndERKNS_12CallbackInfoEEELMS1_FvS6_RKNS_5ValueEE0EEENS_23ClassPropertyDescriptorIS1_EEPKc24napi_property_attributesPv
FNDA:76,_ZZN4Napi10ObjectWrapI9DisruptorE13WrappedMethodIXadL_ZNS1_14ProduceRecoverERKNS_12CallbackInfoEEEEEP12napi_value__P10napi_env__P20napi_callback_info__ENKUlvE_clEv
FNDA:4527280,_ZN4Napi9ReferenceINS_6ObjectEE3NewERKS1_j
FNDA:634243,_ZN4Napi10ObjectWrapI9DisruptorE13WrappedMethodIXadL_ZNS1_13ConsumeCommitERKNS_12CallbackInfoEEEEEP12napi_value__P10napi_env__P20napi_callback_info__
FNDA:2263640,_ZN4Napi11AsyncWorkerC2ERKNS_8FunctionE
FNDA:3994910,_ZN4Napi12CallbackInfoC2EP10napi_env__P20napi_callback_info__
FNDA:3712,_ZN4Napi9ReferenceINS_8FunctionEEaSEOS2_
FNDA:0,_ZN4Napi7detailsL10AttachDataINS_10ObjectWrapI9DisruptorE20AccessorCallbackDataIPFNS_5ValueERKNS_12CallbackInfoEEPFvS9_RKS6_EEEEE11napi_statusP10napi_env__P12napi_value__PT_PFvSJ_PvSO_ESO_
FNDA:0,_ZZN4Napi10ObjectWrapI9DisruptorE29InstanceSetterCallbackWrapperEP10napi_env__P20napi_callback_info__ENKUlvE_clEv
FNDA:4,_ZN4Napi5Error3NewEP10napi_env__RKNSt7__cxx1112basic_stringIcSt11char_traitsIcESaIcEEE
FNDA:9061900,_ZN4Napi9ReferenceINS_6ObjectEED2Ev
FNDA:12,_ZN4Napi10ObjectWrapI9DisruptorE13WrappedMethodIXadL_ZNS1_15ConsumeNewAsyncERKNS_12CallbackInfoEEEEEP12napi_value__P10napi_env__P20napi_callback_info__
FNDA:1167190,_ZNK4Napi8Function4CallEP12napi_value__RKSt16initializer_listIS2_E
FNDA:0,_ZZN4Napi10ObjectWrapI9DisruptorE29InstanceGetterCallbackWrapperEP10napi_env__P20napi_callback_info__ENKUlvE_clEv
FNDA:2267350,_ZN4Napi10PersistentENS_8FunctionE
FNDA:505,_ZN4Napi10ObjectWrapI9DisruptorE14InstanceMethodIXadL_ZNS1_14ProduceRecoverERKNS_12CallbackInfoEEEEENS_23ClassPropertyDescriptorIS1_EEPKc24napi_property_attributesPv
FNDA:0,_ZZN4Napi7detailsL10AttachDataINS_10ObjectWrapI9DisruptorE20AccessorCallbackDataIPFNS_5ValueERKNS_12CallbackInfoEEPFvS9_RKS6_EEEEE11napi_statusP10napi_env__P12napi_value__PT_PFvSJ_PvSO_ESO_ENKUlSJ_SO_SO_E_clESJ_SO_SO_
FNDA:505,_ZN4Napi10ObjectWrapI9DisruptorE11DefineClassENS_3EnvEPKcRKSt16initializer_listINS_23ClassPropertyDescriptorIS1_EEEPv
FNDA:12,_ZN4Napi7details12WrapCallbackIZNS_10ObjectWrapI9DisruptorE13WrappedMethodIXadL_ZNS3_12GetConsumersERKNS_12CallbackInfoEEEEEP12napi_value__P10napi_env__P20napi_callback_info__EUlvE_EESA_T_
FNDA:383015,_ZN4Napi20EscapableHandleScopeC2ENS_3EnvE
FNDA:375591,_ZNK4Napi17FunctionReference12MakeCallbackEP12napi_value__RKSt16initializer_listIS2_EP20napi_async_context__
FNDA:505,_ZN4Napi10ObjectWrapI9DisruptorE16InstanceAccessorIXadL_ZNS1_11GetConsumerERKNS_12CallbackInfoEEELMS1_FvS6_RKNS_5ValueEE0EEENS_23ClassPropertyDescriptorIS1_EEPKc24napi_property_attributesPv
FNDA:0,_ZN4Napi11AsyncWorker7OnErrorERKNS_5ErrorE
FNDA:3716,_ZNK4Napi6String9Utf8ValueB5cxx11Ev
FNDA:505,_ZN4Napi10ObjectWrapI9DisruptorE14InstanceMethodIXadL_ZNS1_17ProduceCommitSyncERKNS_12CallbackInfoEEEEENS_23ClassPropertyDescriptorIS1_EEPKc24napi_property_attributesPv
FNDA:3716,_ZN4Napi9ReferenceINS_6ObjectEEaSEOS2_
FNDA:31596,_ZN4Napi9ReferenceINS_6BufferIhEEE5ResetEv
FNDA:0,_ZN4Napi10ObjectWrapI9DisruptorE31StaticVoidMethodCallbackWrapperEP10napi_env__P20napi_callback_info__
FNDA:2335950,_ZN4Napi6BufferIhEC2EP10napi_env__P12napi_value__
FNDA:2263640,_ZN4Napi11AsyncWorker19OnAsyncWorkCompleteEP10napi_env__11napi_statusPv
FNDA:3712,_ZN4Napi12TypedArrayOfIhEC2Ev
FNDA:375591,_ZNK4Napi3Env4NullEv
FNDA:0,_ZN4Napi10ObjectWrapI9DisruptorE27StaticMethodCallbackWrapperEP10napi_env__P20napi_callback_info__
FNDA:2339670,_ZN4Napi12TypedArrayOfIhEC2EP10napi_env__P12napi_value__
FNDA:505,_ZN4Napi10ObjectWrapI9DisruptorE16InstanceAccessorIXadL_ZNS1_9GetCursorERKNS_12CallbackInfoEEELMS1_FvS6_RKNS_5ValueEE0EEENS_23ClassPropertyDescriptorIS1_EEPKc24napi_property_attributesPv
FNDA:0,_ZN4Napi10ObjectWrapI9DisruptorE29InstanceSetterCallbackWrapperEP10napi_env__P20napi_callback_info__
FNDA:2639230,_ZNK4Napi11AsyncWorker3EnvEv
FNDA:0,_ZN4Napi12AsyncContextD2Ev
FNDA:29412900,_ZNK4Napi3EnvcvP10napi_env__Ev
FNDA:0,_ZNK4Napi6StringcvNSt7__cxx1112basic_stringIcSt11char_traitsIcESaIcEEEEv
FNDA:72,_ZZN4Napi10ObjectWrapI9DisruptorE13WrappedMethodIXadL_ZNS1_19GetPendingSeqCursorERKNS_12CallbackInfoEEEEEP12napi_value__P10napi_env__P20napi_callback_info__ENKUlvE_clEv
FNDA:0,_ZN4Napi7detailsL10AttachDataINS_10ObjectWrapI9DisruptorE18MethodCallbackDataIMS3_FNS_5ValueERKNS_12CallbackInfoEEEEEE11napi_statusP10napi_env__P12napi_value__PT_PFvSF_PvSK_ESK_
FNDA:881911,_ZNK4Napi3Env9UndefinedEv
FNDA:7432,_ZNK4Napi5Value2AsINS_7BooleanEEET_v
FNDA:12,_ZN4Napi10ObjectWrapI9DisruptorE13WrappedMethodIXadL_ZNS1_12GetConsumersERKNS_12CallbackInfoEEEEEP12napi_value__P10napi_env__P20napi_callback_info__
FNDA:505,_ZN4Napi10ObjectWrapI9DisruptorE14InstanceMethodIXadL_ZNS1_18ProduceCommitAsyncERKNS_12CallbackInfoEEEEENS_23ClassPropertyDescriptorIS1_EEPKc24napi_property_attributesPv
FNDA:0,_ZN4Napi11AsyncWorker9GetResultENS_3EnvE
FNDA:375591,_ZNK4Napi8Function12MakeCallbackEP12napi_value__RKSt16initializer_listIS2_EP20napi_async_context__
FNDA:15086,_ZNK4Napi5Value2AsINS_6NumberEEET_v
FNDA:14910,_ZNK4Napi6Number11Uint32ValueEv
FNDA:0,_ZNK4Napi9ReferenceINS_8FunctionEE7IsEmptyEv
FNDA:4527280,_ZN4Napi9ReferenceINS_6ObjectEEC2EOS2_
FNDA:4,_ZN4Napi5Error3NewIS0_EET_P10napi_env__PKcmPF11napi_statusS4_P12napi_value__S9_PS9_E
FNDA:3716,_ZN4Napi9ReferenceINS_8FunctionEEC2Ev
FNDA:3612,_ZN4Napi7details12FinalizeDataIhZN9DisruptorC4ERKNS_12CallbackInfoEEUlNS_3EnvEPhE_vE7WrapperEP10napi_env__PvSC_
FNDA:4527280,_ZN4Napi15ObjectReferenceC2EONS_9ReferenceINS_6ObjectEEE
FNDA:76,_ZN4Napi7details12WrapCallbackIZNS_10ObjectWrapI9DisruptorE13WrappedMethodIXadL_ZNS3_14ProduceRecoverERKNS_12CallbackInfoEEEEEP12napi_value__P10napi_env__P20napi_callback_info__EUlvE_EESA_T_
FNDA:0,_ZN4Napi5Error3NewEP10napi_env__PKc
FNDA:519441,_ZZN4Napi10ObjectWrapI9DisruptorE13WrappedMethodIXadL_ZNS1_12ProduceClaimERKNS_12CallbackInfoEEEEEP12napi_value__P10napi_env__P20napi_callback_info__ENKUlvE_clEv
FNDA:3712,_ZN4Napi6BufferIhEC2EP10napi_env__P12napi_value__mPh
FNDA:4366180,_ZNK4Napi12CallbackInfo3EnvEv
FNDA:0,_ZNK4Napi12CallbackInfo4DataEv
FNDA:197,_ZN4Napi7details12WrapCallbackIZNS_10ObjectWrapI9DisruptorE13WrappedMethodIXadL_ZNS3_7GetNextERKNS_12CallbackInfoEEEEEP12napi_value__P10napi_env__P20napi_callback_info__EUlvE_EESA_T_
FNDA:2267350,_ZN4Napi9ReferenceINS_8FunctionEEC2EP10napi_env__P10napi_ref__
FNDA:2263640,_ZN4Napi11AsyncWorker8CallbackEv
FNDA:807,_ZZN4Napi10ObjectWrapI9DisruptorE13WrappedMethodIXadL_ZNS1_17ProduceClaimAsyncERKNS_12CallbackInfoEEEEEP12napi_value__P10napi_env__P20napi_callback_info__ENKUlvE_clEv
FNF:311
FNH:246
DA:27,0
DA:33,0
DA:34,0
DA:35,0
DA:62,0
DA:64,0
DA:70,6259053
DA:73,6259053
DA:74,4
DA:75,4
DA:76,4
DA:123,3612
DA:124,3612
DA:125,3612
DA:126,3612
DA:127,3612
DA:251,505
DA:254,505
DA:255,1010
DA:256,1515
DA:257,505
DA:264,32392300
DA:265,32392300
DA:267,29412900
DA:268,29412900
DA:271,3712
DA:273,3712
DA:274,3712
DA:275,3712
DA:278,881911
DA:280,881911
DA:281,881911
DA:282,881911
DA:285,375591
DA:287,375591
DA:288,375591
DA:289,375591
DA:292,383015
DA:294,383015
DA:295,383015
DA:296,383015
DA:371,3712
DA:372,3712
DA:374,32227300
DA:375,32227300
DA:377,31128400
DA:378,31128400
DA:396,17822200
DA:397,17822200
DA:400,379207
DA:401,379207
DA:404,375591
DA:405,375591
DA:406,0
DA:410,375591
DA:411,375591
DA:412,375591
DA:495,375591
DA:496,375591
DA:537,5571339
DA:538,5571339
DA:573,1291450
DA:575,1291450
DA:576,1291450
DA:577,1291450
DA:583,1298880
DA:584,1298880
DA:586,526879
DA:587,526879
DA:590,526879
DA:592,526879
DA:593,526879
DA:594,526879
DA:601,4253280
DA:603,4253280
DA:604,4253280
DA:605,4253280
DA:611,4268370
DA:612,4268370
DA:618,14910
DA:619,14910
DA:641,14910
DA:643,14910
DA:644,14910
DA:645,14910
DA:648,176
DA:650,176
DA:651,176
DA:652,176
DA:767,3716
DA:768,3716
DA:813,3716
DA:814,3716
DA:816,0
DA:817,0
DA:824,3716
DA:826,3716
DA:827,3716
DA:829,3716
DA:830,3716
DA:831,3716
DA:832,3716
DA:833,3716
DA:834,7432
DA:931,635463
DA:932,635463
DA:951,635463
DA:961,635463
DA:997,234301
DA:998,234301
DA:999,234301
DA:1003,234301
DA:1004,234301
DA:1006,4527280
DA:1008,4527280
DA:1009,4527280
DA:1010,4527280
DA:1013,3712
DA:1014,3712
DA:1016,22424600
DA:1017,22424600
DA:1027,234301
DA:1028,234301
DA:1107,11136
DA:1109,11136
DA:1110,11136
DA:1111,11136
DA:1133,505
DA:1135,505
DA:1136,505
DA:1137,505
DA:1181,634958
DA:1183,634958
DA:1184,634958
DA:1185,634958
DA:1335,868429
DA:1337,868429
DA:1338,868429
DA:1339,868429
DA:1352,868429
DA:1353,868429
DA:1355,634252
DA:1357,634252
DA:1358,634252
DA:1359,634252
DA:1627,3712
DA:1628,3712
DA:1629,3712
DA:1631,2339670
DA:1632,2339670
DA:1633,2339670
DA:1737,3712
DA:1738,3712
DA:1741,2339670
DA:1742,2339670
DA:1743,4679330
DA:1744,2339670
DA:1745,2339670
DA:1746,2339670
DA:1788,0
DA:1794,0
DA:1795,0
DA:1796,0
DA:1799,0
DA:1803,0
DA:1804,0
DA:1805,0
DA:1807,0
DA:1808,0
DA:1809,0
DA:1810,0
DA:1811,0
DA:1812,0
DA:1814,0
DA:1815,0
DA:1881,3814350
DA:1882,3814350
DA:1900,1167190
DA:1901,1167190
DA:1904,0
DA:1905,0
DA:1908,1167190
DA:1910,2334390
DA:1911,1167190
DA:1912,1167190
DA:1913,1167190
DA:1916,375591
DA:1920,375591
DA:1930,375591
DA:1936,751182
DA:1937,375591
DA:1938,375591
DA:1939,375591
DA:2016,3712
DA:2021,3712
DA:2022,3712
DA:2023,3712
DA:2030,3712
DA:2031,0
DA:2032,0
DA:2034,7424
DA:2071,3712
DA:2072,3712
DA:2075,2335950
DA:2076,2335950
DA:2077,2335950
DA:2080,3712
DA:2081,3712
DA:2082,3712
DA:2085,519441
DA:2086,519441
DA:2087,519441
DA:2097,519441
DA:2101,519441
DA:2104,519441
DA:2105,519441
DA:2106,519441
DA:2107,519441
DA:2109,519441
DA:2115,0
DA:2117,0
DA:2123,0
DA:2124,0
DA:2126,0
DA:2127,0
DA:2130,0
DA:2131,0
DA:2132,0
DA:2135,0
DA:2136,0
DA:2139,0
DA:2144,0
DA:2146,0
DA:2147,0
DA:2151,0
DA:2152,0
DA:2153,0
DA:2154,0
DA:2155,0
DA:2157,0
DA:2160,0
DA:2163,0
DA:2164,0
DA:2167,4
DA:2168,4
DA:2171,0
DA:2172,0
DA:2178,4
DA:2179,4
DA:2180,4
DA:2184,4
DA:2186,4
DA:2214,0
DA:2215,0
DA:2218,0
DA:2220,0
DA:2228,0
DA:2231,4
DA:2232,8
DA:2233,4
DA:2239,4
DA:2242,4
DA:2243,0
DA:2249,4
DA:2253,0
DA:2254,0
DA:2260,4
DA:2265,4
DA:2266,4
DA:2269,4
DA:2270,4
DA:2272,8
DA:2308,6805766
DA:2309,6805766
DA:2310,6805766
DA:2312,6805766
DA:2313,0
DA:2317,6805766
DA:2318,6805766
DA:2320,6805766
DA:2325,18580
DA:2326,18580
DA:2329,6809486
DA:2330,6809486
DA:2331,6809486
DA:2334,13622204
DA:2335,13622204
DA:2336,6794540
DA:2337,6794540
DA:2340,6794540
DA:2342,13622204
DA:2345,6794630
DA:2346,6794630
DA:2347,6794630
DA:2348,6794630
DA:2349,6794630
DA:2350,6794630
DA:2353,18564
DA:2354,18564
DA:2355,18564
DA:2356,18564
DA:2357,18564
DA:2358,18564
DA:2359,18564
DA:2360,18564
DA:2361,18564
DA:2395,4
DA:2396,4
DA:2400,3620
DA:2401,3620
DA:2405,7242440
DA:2406,7242440
DA:2407,0
DA:2411,7242440
DA:2412,7242440
DA:2413,7242440
DA:2433,45844
DA:2434,45844
DA:2435,14848
DA:2436,14848
DA:2437,14848
DA:2439,45844
DA:2472,11136
DA:2473,11136
DA:2476,4527280
DA:2477,9054560
DA:2480,2267350
DA:2481,4534710
DA:2491,4
DA:2492,4
DA:2494,4527280
DA:2495,4527280
DA:2496,4527280
DA:2516,0
DA:2517,0
DA:2518,0
DA:2615,3716
DA:2616,3716
DA:2622,2267350
DA:2623,2267350
DA:2624,2267350
DA:2635,3712
DA:2636,3712
DA:2637,3712
DA:2664,7424
DA:2666,14848
DA:2667,7424
DA:2668,7424
DA:2669,0
DA:2671,7424
DA:2674,0
DA:2676,0
DA:2677,0
DA:2678,0
DA:2679,0
DA:2681,0
DA:2694,375591
DA:2698,751182
DA:2699,375591
DA:2700,375591
DA:2701,0
DA:2703,375591
DA:2745,3994910
DA:2746,3994910
DA:2747,3994910
DA:2748,3994910
DA:2749,3994910
DA:2750,3994910
DA:2752,3994910
DA:2755,3716
DA:2756,3716
DA:2758,3716
DA:2759,3716
DA:2761,3994910
DA:2763,7989820
DA:2764,3994910
DA:2765,3716
DA:2767,3994910
DA:2780,4366180
DA:2781,4366180
DA:2784,896658
DA:2785,896658
DA:2788,401825
DA:2789,803650
DA:2792,3998620
DA:2793,3998620
DA:2794,0
DA:2796,3998620
DA:2799,0
DA:2800,0
DA:2803,0
DA:2804,0
DA:2805,0
DA:3144,3716
DA:3145,3716
DA:3146,3716
DA:3149,3716
DA:3150,3716
DA:3152,3716
DA:3153,3716
DA:3154,3716
DA:3157,3616
DA:3160,3616
DA:3161,3616
DA:3164,3616
DA:3165,4
DA:3168,7232
DA:3171,3991190
DA:3173,3991190
DA:3174,3991190
DA:3175,3991190
DA:3180,505
DA:3186,505
DA:3196,13130
DA:3197,12625
DA:3198,12625
DA:3199,12625
DA:3200,0
DA:3203,0
DA:3205,0
DA:3206,0
DA:3207,0
DA:3208,12625
DA:3209,0
DA:3212,0
DA:3214,0
DA:3215,0
DA:3216,0
DA:3221,505
DA:3227,505
DA:3229,505
DA:3234,13130
DA:3235,12625
DA:3237,12625
DA:3238,12625
DA:3239,0
DA:3241,0
DA:3242,0
DA:3243,12625
DA:3244,12625
DA:3245,0
DA:3247,0
DA:3248,0
DA:3249,12625
DA:3250,7575
DA:3251,0
DA:3253,0
DA:3254,0
DA:3255,7575
DA:3256,0
DA:3258,0
DA:3259,0
DA:3264,1010
DA:3268,505
DA:3273,505
DA:3276,505
DA:3277,505
DA:3551,2525
DA:3555,2525
DA:3556,2525
DA:3557,2525
DA:3558,2525
DA:3559,2525
DA:3560,2525
DA:3565,5050
DA:3569,5050
DA:3570,5050
DA:3571,5050
DA:3572,5050
DA:3573,5050
DA:3574,5050
DA:3646,5050
DA:3650,5050
DA:3651,5050
DA:3652,5050
DA:3653,5050
DA:3654,5050
DA:3655,5050
DA:3656,5050
DA:3720,3612
DA:3723,3716
DA:3727,3716
DA:3728,3716
DA:3730,3716
DA:3731,3716
DA:3732,0
DA:3733,0
DA:3736,3716
DA:3737,7432
DA:3738,3716
DA:3740,3712
DA:3751,7424
DA:3754,3716
DA:3758,0
DA:3761,0
DA:3762,0
DA:3764,0
DA:3765,0
DA:3766,0
DA:3767,0
DA:3768,0
DA:3772,0
DA:3775,0
DA:3776,0
DA:3778,0
DA:3779,0
DA:3780,0
DA:3781,0
DA:3785,0
DA:3788,0
DA:3789,0
DA:3791,0
DA:3792,0
DA:3793,0
DA:3794,0
DA:3798,0
DA:3801,0
DA:3802,0
DA:3804,0
DA:3805,0
DA:3806,0
DA:3807,0
DA:3808,0
DA:3812,0
DA:3815,0
DA:3816,0
DA:3818,0
DA:3819,0
DA:3820,0
DA:3821,0
DA:3822,0
DA:3823,0
DA:3824,0
DA:3828,0
DA:3831,0
DA:3832,0
DA:3834,0
DA:3835,0
DA:3836,0
DA:3837,0
DA:3838,0
DA:3839,0
DA:3843,0
DA:3846,0
DA:3847,0
DA:3849,0
DA:3850,0
DA:3851,0
DA:3852,0
DA:3853,0
DA:3854,0
DA:3858,0
DA:3861,0
DA:3862,0
DA:3864,0
DA:3865,0
DA:3866,0
DA:3867,0
DA:3868,0
DA:3869,0
DA:3870,0
DA:3874,3612
DA:3875,3612
DA:3876,3612
DA:3877,3612
DA:3878,3612
DA:3899,4848
DA:3900,9696
DA:3901,4848
DA:3902,4848
DA:3903,4848
DA:3904,9696
DA:3905,4848
DA:3910,3986344
DA:3911,7972688
DA:3912,7972690
DA:3913,3986340
DA:3914,7972690
DA:3915,3986344
DA:3947,2263640
DA:3948,2263640
DA:3949,2263640
DA:3950,2263640
DA:3952,4527290
DA:3953,2263640
DA:3954,2263640
DA:3957,2263640
DA:3975,383015
DA:3976,383015
DA:3977,383015
DA:3978,383015
DA:3980,766030
DA:3981,383015
DA:3982,383015
DA:3985,383015
DA:3991,383015
DA:3992,383015
DA:3995,383015
DA:3997,383015
DA:3998,383015
DA:3999,383015
DA:4019,0
DA:4020,0
DA:4021,0
DA:4024,0
DA:4057,0
DA:4058,0
DA:4059,0
DA:4060,0
DA:4062,0
DA:4091,2263640
DA:4092,2263640
DA:4093,2263640
DA:4095,2263640
DA:4096,2263640
DA:4097,2263640
DA:4098,2263640
DA:4100,2263640
DA:4102,2263640
DA:4103,2263640
DA:4106,2263640
DA:4107,2263640
DA:4123,2263640
DA:4126,2263640
DA:4127,0
DA:4130,2263640
DA:4132,2263640
DA:4134,2263640
DA:4136,2263640
DA:4138,2263640
DA:4139,2263640
DA:4167,2263640
DA:4168,2263640
DA:4169,2263640
DA:4170,2263640
DA:4172,2263640
DA:4174,2263640
DA:4175,2263640
DA:4176,2263640
DA:4205,2639230
DA:4206,2639230
DA:4209,2263640
DA:4210,2263640
DA:4211,2263640
DA:4212,2263640
DA:4219,375591
DA:4220,375591
DA:4223,2263640
DA:4224,2263640
DA:4231,0
DA:4232,0
DA:4233,0
DA:4235,0
DA:4237,0
DA:4238,0
DA:4239,0
DA:4241,0
DA:4243,0
DA:4244,0
DA:4245,0
DA:4247,0
DA:4248,0
DA:4254,2263640
DA:4255,2263640
DA:4256,2263640
DA:4257,2263640
DA:4262,2263640
DA:4265,2263640
DA:4266,0
DA:4267,0
DA:4272,2263640
DA:4274,2263640
DA:4277,2263640
DA:4278,2263640
DA:4279,2263640
DA:4280,2263640
DA:4281,2263640
DA:4282,4527280
DA:4283,2263640
DA:4284,2263640
DA:4285,2263640
DA:4288,0
DA:4290,2263640
DA:4293,2263640
DA:4294,2263640
DA:4296,2263640
LF:686
LH:486
end_of_record
TN:
SF:/home/david/shared-memory-disruptor/node_modules/node-addon-api/napi.h
FN:1641,_ZN4Napi23ClassPropertyDescriptorI9DisruptorEC2E24napi_property_descriptor
FN:1889,_ZN4Napi10ObjectWrapI9DisruptorE10WrapGetterIXadL_ZNS1_12GetConsumersERKNS_12CallbackInfoEEEEEPFP12napi_value__P10napi_env__P20napi_callback_info__ENS2_9GetterTagIXT_EEE
FN:1889,_ZN4Napi10ObjectWrapI9DisruptorE10WrapGetterIXadL_ZNS1_9GetCursorERKNS_12CallbackInfoEEEEEPFP12napi_value__P10napi_env__P20napi_callback_info__ENS2_9GetterTagIXT_EEE
FN:1889,_ZN4Napi10ObjectWrapI9DisruptorE10WrapGetterIXadL_ZNS1_11GetElementsERKNS_12CallbackInfoEEEEEPFP12napi_value__P10napi_env__P20napi_callback_info__ENS2_9GetterTagIXT_EEE
FN:1889,_ZN4Napi10ObjectWrapI9DisruptorE10WrapGetterIXadL_ZNS1_21GetPendingSeqConsumerERKNS_12CallbackInfoEEEEEPFP12napi_value__P10napi_env__P20napi_callback_info__ENS2_9GetterTagIXT_EEE
FN:1889,_ZN4Napi10ObjectWrapI9DisruptorE10WrapGetterIXadL_ZNS1_7GetNextERKNS_12CallbackInfoEEEEEPFP12napi_value__P10napi_env__P20napi_callback_info__ENS2_9GetterTagIXT_EEE
FN:1889,_ZN4Napi10ObjectWrapI9DisruptorE10WrapGetterIXadL_ZNS1_17GetPendingSeqNextERKNS_12CallbackInfoEEEEEPFP12napi_value__P10napi_env__P20napi_callback_info__ENS2_9GetterTagIXT_EEE
FN:1889,_ZN4Napi10ObjectWrapI9DisruptorE10WrapGetterIXadL_ZNS1_20GetPendingSeqNextEndERKNS_12CallbackInfoEEEEEPFP12napi_value__P10napi_env__P20napi_callback_info__ENS2_9GetterTagIXT_EEE
FN:1889,_ZN4Napi10ObjectWrapI9DisruptorE10WrapGetterIXadL_ZNS1_11GetConsumerERKNS_12CallbackInfoEEEEEPFP12napi_value__P10napi_env__P20napi_callback_info__ENS2_9GetterTagIXT_EEE
FN:1889,_ZN4Napi10ObjectWrapI9DisruptorE10WrapGetterIXadL_ZNS1_19GetPendingSeqCursorERKNS_12CallbackInfoEEEEEPFP12napi_value__P10napi_env__P20napi_callback_info__ENS2_9GetterTagIXT_EEE
FN:1889,_ZN4Napi10ObjectWrapI9DisruptorE10WrapGetterIXadL_ZNS1_14GetElementSizeERKNS_12CallbackInfoEEEEEPFP12napi_value__P10napi_env__P20napi_callback_info__ENS2_9GetterTagIXT_EEE
FN:1894,_ZN4Napi10ObjectWrapI9DisruptorE10WrapSetterENS2_9SetterTagILMS1_FvRKNS_12CallbackInfoERKNS_5ValueEE0EEE
FNDA:505,_ZN4Napi10ObjectWrapI9DisruptorE10WrapGetterIXadL_ZNS1_12GetConsumersERKNS_12CallbackInfoEEEEEPFP12napi_value__P10napi_env__P20napi_callback_info__ENS2_9GetterTagIXT_EEE
FNDA:12625,_ZN4Napi23ClassPropertyDescriptorI9DisruptorEC2E24napi_property_descriptor
FNDA:505,_ZN4Napi10ObjectWrapI9DisruptorE10WrapGetterIXadL_ZNS1_11GetElementsERKNS_12CallbackInfoEEEEEPFP12napi_value__P10napi_env__P20napi_callback_info__ENS2_9GetterTagIXT_EEE
FNDA:505,_ZN4Napi10ObjectWrapI9DisruptorE10WrapGetterIXadL_ZNS1_9GetCursorERKNS_12CallbackInfoEEEEEPFP12napi_value__P10napi_env__P20napi_callback_info__ENS2_9GetterTagIXT_EEE
FNDA:5050,_ZN4Napi10ObjectWrapI9DisruptorE10WrapSetterENS2_9SetterTagILMS1_FvRKNS_12CallbackInfoERKNS_5ValueEE0EEE
FNDA:505,_ZN4Napi10ObjectWrapI9DisruptorE10WrapGetterIXadL_ZNS1_21GetPendingSeqConsumerERKNS_12CallbackInfoEEEEEPFP12napi_value__P10napi_env__P20napi_callback_info__ENS2_9GetterTagIXT_EEE
[...]
FNDA:7375910,_ZNSt15__uniq_ptr_implISt6vectorI11AsyncBufferSaIS1_EESt14default_deleteIS3_EE6_M_ptrEv
FNDA:4839250,_ZNSt10unique_ptrISt6vectorI11AsyncBufferSaIS1_EESt14default_deleteIS3_EE11get_deleterEv
FNDA:234063,_ZNSt15__uniq_ptr_implISt6vectorI11AsyncBufferSaIS1_EESt14default_deleteIS3_EEC2IS5_EEPS3_OT_
FNDA:2302590,_ZSt11make_uniqueISt6vectorI11AsyncBufferSaIS1_EEJEENSt9_MakeUniqIT_E15__single_objectEDpOT0_
FNDA:1385360,_ZNSt10unique_ptrISt6vectorI11AsyncBufferSaIS1_EESt14default_deleteIS3_EE7releaseEv
FNDA:3952,_ZNKSt15__uniq_ptr_implIi7CloseFDE6_M_ptrEv
FNDA:2302590,_ZNSt15__uniq_ptr_implISt6vectorI11AsyncBufferSaIS1_EESt14default_deleteIS3_EEC2EPS3_
FNDA:234063,_ZNSt10unique_ptrISt6vectorI11AsyncBufferSaIS1_EESt14default_deleteIS3_EEC2EOS6_
FNDA:3712,_ZNSt15__uniq_ptr_implIi7CloseFDE10_M_deleterEv
FNDA:3707940,_ZNKSt15__uniq_ptr_implISt6vectorI11AsyncBufferSaIS1_EESt14default_deleteIS3_EE6_M_ptrEv
FNDA:1853980,_ZNKSt10unique_ptrISt6vectorI11AsyncBufferSaIS1_EESt14default_deleteIS3_EEptEv
FNDA:468602,_ZNKSt10unique_ptrISt6vectorI11AsyncBufferSaIS1_EESt14default_deleteIS3_EEdeEv
FNDA:3712,_ZNSt10unique_ptrIi7CloseFDE11get_deleterEv
FNDA:3952,_ZNKSt10unique_ptrIi7CloseFDE3getEv
FNDA:3712,_ZNSt10unique_ptrIi7CloseFDED2Ev
FNF:26
FNH:26
DA:75,2302590
DA:81,2302590
DA:82,2302590
DA:147,2306302
DA:150,234063
DA:151,234063
DA:153,7383334
DA:154,3711892
DA:155,4842962
DA:211,2306302
DA:212,2306302
DA:213,2306302
DA:257,234063
DA:258,234063
DA:286,2540372
DA:290,2540372
DA:291,2540372
DA:292,1155012
DA:293,2540372
DA:294,2540372
DA:305,1151300
DA:307,1151300
DA:308,1151300
DA:309,1151300
DA:344,472554
DA:347,472554
DA:352,1853980
DA:355,1853980
DA:360,3711892
DA:361,3711892
DA:365,4842962
DA:366,4842962
DA:381,1385360
DA:383,1385360
DA:384,1385360
DA:385,1385360
DA:395,1151300
DA:400,1151300
DA:401,1151300
DA:402,1151300
DA:403,1151300
DA:856,2302590
DA:857,2302590
LF:43
LH:43
end_of_record
TN:
SF:/usr/include/c++/9/bits/unordered_set.h
FN:135,_ZNSt13unordered_setIPhSt4hashIS0_ESt8equal_toIS0_ESaIS0_EEC2Ev
FN:333,_ZNSt13unordered_setIPhSt4hashIS0_ESt8equal_toIS0_ESaIS0_EE3endEv
FN:376,_ZNSt13unordered_setIPhSt4hashIS0_ESt8equal_toIS0_ESaIS0_EE7emplaceIJRS0_EEESt4pairINSt8__detail14_Node_iteratorIS0_Lb1ELb0EEEbEDpOT_
FN:544,_ZNSt13unordered_setIPhSt4hashIS0_ESt8equal_toIS0_ESaIS0_EE5eraseERKS0_
FN:649,_ZNSt13unordered_setIPhSt4hashIS0_ESt8equal_toIS0_ESaIS0_EE4findERKS0_
FNDA:3712,_ZNSt13unordered_setIPhSt4hashIS0_ESt8equal_toIS0_ESaIS0_EE7emplaceIJRS0_EEESt4pairINSt8__detail14_Node_iteratorIS0_Lb1ELb0EEEbEDpOT_
FNDA:6631,_ZNSt13unordered_setIPhSt4hashIS0_ESt8equal_toIS0_ESaIS0_EE3endEv
FNDA:3612,_ZNSt13unordered_setIPhSt4hashIS0_ESt8equal_toIS0_ESaIS0_EE5eraseERKS0_
FNDA:253,_ZNSt13unordered_setIPhSt4hashIS0_ESt8equal_toIS0_ESaIS0_EEC2Ev
FNDA:6631,_ZNSt13unordered_setIPhSt4hashIS0_ESt8equal_toIS0_ESaIS0_EE4findERKS0_
FNF:5
FNH:5
DA:135,253
DA:333,6631
DA:334,6631
DA:376,3712
DA:377,3712
DA:544,3612
DA:545,3612
DA:649,6631
DA:650,6631
LF:9
LH:9
end_of_record
TN:
SF:/usr/include/c++/9/bits/vector.tcc
FN:611,_ZNSt6vectorI11AsyncBufferSaIS0_EE17_M_default_appendEm
FNDA:234301,_ZNSt6vectorI11AsyncBufferSaIS0_EE17_M_default_appendEm
FNF:1
FNH:1
DA:611,234301
DA:614,234301
DA:616,234301
DA:617,234301
DA:618,234301
DA:620,234301
DA:621,0
DA:623,234301
DA:626,0
DA:627,0
DA:628,0
DA:633,234301
DA:635,234301
DA:636,234301
DA:640,234301
DA:641,234301
DA:643,0
DA:645,0
DA:646,0
DA:648,234301
DA:649,234301
DA:653,0
DA:656,0
DA:657,0
DA:658,0
DA:659,0
DA:661,0
DA:663,0
DA:665,0
DA:666,0
DA:667,0
DA:668,0
DA:669,0
DA:671,0
DA:672,0
DA:675,234301
DA:676,234301
DA:677,234301
DA:678,234301
DA:679,234301
DA:680,234301
DA:683,234301
LF:42
LH:21
end_of_record
TN:
SF:/usr/include/c++/9/ext/aligned_buffer.h
FN:102,_ZN9__gnu_cxx16__aligned_bufferIPhE7_M_addrEv
FN:108,_ZNK9__gnu_cxx16__aligned_bufferIPhE7_M_addrEv
FN:114,_ZN9__gnu_cxx16__aligned_bufferIPhE6_M_ptrEv
FN:118,_ZNK9__gnu_cxx16__aligned_bufferIPhE6_M_ptrEv
FNDA:24831,_ZN9__gnu_cxx16__aligned_bufferIPhE6_M_ptrEv
FNDA:11512,_ZNK9__gnu_cxx16__aligned_bufferIPhE7_M_addrEv
FNDA:24831,_ZN9__gnu_cxx16__aligned_bufferIPhE7_M_addrEv
FNDA:11512,_ZNK9__gnu_cxx16__aligned_bufferIPhE6_M_ptrEv
FNF:4
FNH:4
DA:102,24831
DA:104,24831
DA:108,11512
DA:110,11512
DA:114,24831
DA:115,24831
DA:118,11512
DA:119,11512
LF:8
LH:8
end_of_record
TN:
SF:/usr/include/c++/9/ext/new_allocator.h
FN:80,_ZN9__gnu_cxx13new_allocatorIcEC2Ev
FN:80,_ZN9__gnu_cxx13new_allocatorIPNSt8__detail15_Hash_node_baseEEC2Ev
FN:80,_ZN9__gnu_cxx13new_allocatorI24napi_property_descriptorEC2Ev
FN:80,_ZN9__gnu_cxx13new_allocatorI11AsyncBufferEC2Ev
FN:80,_ZN9__gnu_cxx13new_allocatorIP12napi_value__EC2Ev
FN:80,_ZN9__gnu_cxx13new_allocatorINSt8__detail10_Hash_nodeIPhLb0EEEEC2Ev
FN:83,_ZN9__gnu_cxx13new_allocatorI24napi_property_descriptorEC2ERKS2_
FN:89,_ZN9__gnu_cxx13new_allocatorI11AsyncBufferED2Ev
FN:89,_ZN9__gnu_cxx13new_allocatorIP12napi_value__ED2Ev
FN:89,_ZN9__gnu_cxx13new_allocatorI24napi_property_descriptorED2Ev
FN:89,_ZN9__gnu_cxx13new_allocatorIcED2Ev
FN:89,_ZN9__gnu_cxx13new_allocatorIPNSt8__detail15_Hash_node_baseEED2Ev
FN:102,_ZN9__gnu_cxx13new_allocatorI24napi_property_descriptorE8allocateEmPKv
FN:102,_ZN9__gnu_cxx13new_allocatorIPNSt8__detail15_Hash_node_baseEE8allocateEmPKv
FN:102,_ZN9__gnu_cxx13new_allocatorI11AsyncBufferE8allocateEmPKv
FN:102,_ZN9__gnu_cxx13new_allocatorINSt8__detail10_Hash_nodeIPhLb0EEEE8allocateEmPKv
FN:119,_ZN9__gnu_cxx13new_allocatorI24napi_property_descriptorE10deallocateEPS1_m
FN:119,_ZN9__gnu_cxx13new_allocatorINSt8__detail10_Hash_nodeIPhLb0EEEE10deallocateEPS4_m
FN:119,_ZN9__gnu_cxx13new_allocatorIPNSt8__detail15_Hash_node_baseEE10deallocateEPS3_m
FN:119,_ZN9__gnu_cxx13new_allocatorI11AsyncBufferE10deallocateEPS1_m
FN:119,_ZN9__gnu_cxx13new_allocatorIP12napi_value__E10deallocateEPS2_m
FN:132,_ZNK9__gnu_cxx13new_allocatorIPNSt8__detail15_Hash_node_baseEE8max_sizeEv
FN:132,_ZNK9__gnu_cxx13new_allocatorI11AsyncBufferE8max_sizeEv
FN:132,_ZNK9__gnu_cxx13new_allocatorINSt8__detail10_Hash_nodeIPhLb0EEEE8max_sizeEv
FN:132,_ZNK9__gnu_cxx13new_allocatorI24napi_property_descriptorE8max_sizeEv
FN:144,_ZN9__gnu_cxx13new_allocatorINSt8__detail10_Hash_nodeIPhLb0EEEE9constructIS3_JRS3_EEEvPT_DpOT0_
FN:144,_ZN9__gnu_cxx13new_allocatorI11AsyncBufferE9constructIS1_JS1_EEEvPT_DpOT0_
FN:151,_ZN9__gnu_cxx13new_allocatorINSt8__detail10_Hash_nodeIPhLb0EEEE7destroyIS3_EEvPT_
FN:151,_ZN9__gnu_cxx13new_allocatorI11AsyncBufferE7destroyIS1_EEvPT_
FNDA:3712,_ZN9__gnu_cxx13new_allocatorINSt8__detail10_Hash_nodeIPhLb0EEEE8allocateEmPKv
FNDA:253,_ZN9__gnu_cxx13new_allocatorINSt8__detail10_Hash_nodeIPhLb0EEEEC2Ev
FNDA:238,_ZN9__gnu_cxx13new_allocatorI11AsyncBufferE7destroyIS1_EEvPT_
FNDA:1010,_ZN9__gnu_cxx13new_allocatorI24napi_property_descriptorEC2ERKS2_
FNDA:234301,_ZN9__gnu_cxx13new_allocatorI11AsyncBufferE8allocateEmPKv
FNDA:257,_ZN9__gnu_cxx13new_allocatorIPNSt8__detail15_Hash_node_baseEE8allocateEmPKv
FNDA:0,_ZN9__gnu_cxx13new_allocatorIP12napi_value__E10deallocateEPS2_m
FNDA:0,_ZN9__gnu_cxx13new_allocatorIP12napi_value__EC2Ev
FNDA:261,_ZN9__gnu_cxx13new_allocatorIPNSt8__detail15_Hash_node_baseEED2Ev
FNDA:0,_ZN9__gnu_cxx13new_allocatorIcED2Ev
FNDA:1010,_ZNK9__gnu_cxx13new_allocatorI24napi_property_descriptorE8max_sizeEv
FNDA:234301,_ZN9__gnu_cxx13new_allocatorI11AsyncBufferE10deallocateEPS1_m
FNDA:1171500,_ZNK9__gnu_cxx13new_allocatorI11AsyncBufferE8max_sizeEv
FNDA:3712,_ZNK9__gnu_cxx13new_allocatorINSt8__detail10_Hash_nodeIPhLb0EEEE8max_sizeEv
FNDA:4,_ZN9__gnu_cxx13new_allocatorIPNSt8__detail15_Hash_node_baseEE10deallocateEPS3_m
FNDA:505,_ZN9__gnu_cxx13new_allocatorI24napi_property_descriptorE10deallocateEPS1_m
FNDA:3612,_ZN9__gnu_cxx13new_allocatorINSt8__detail10_Hash_nodeIPhLb0EEEE10deallocateEPS4_m
FNDA:1515,_ZN9__gnu_cxx13new_allocatorI24napi_property_descriptorED2Ev
FNDA:505,_ZN9__gnu_cxx13new_allocatorI24napi_property_descriptorEC2Ev
FNDA:2302590,_ZN9__gnu_cxx13new_allocatorI11AsyncBufferEC2Ev
FNDA:261,_ZN9__gnu_cxx13new_allocatorIPNSt8__detail15_Hash_node_baseEEC2Ev
FNDA:0,_ZN9__gnu_cxx13new_allocatorIcEC2Ev
FNDA:0,_ZN9__gnu_cxx13new_allocatorIP12napi_value__ED2Ev
FNDA:238,_ZN9__gnu_cxx13new_allocatorI11AsyncBufferE9constructIS1_JS1_EEEvPT_DpOT0_
FNDA:3612,_ZN9__gnu_cxx13new_allocatorINSt8__detail10_Hash_nodeIPhLb0EEEE7destroyIS3_EEvPT_
FNDA:257,_ZNK9__gnu_cxx13new_allocatorIPNSt8__detail15_Hash_node_baseEE8max_sizeEv
FNDA:2302590,_ZN9__gnu_cxx13new_allocatorI11AsyncBufferED2Ev
FNDA:3712,_ZN9__gnu_cxx13new_allocatorINSt8__detail10_Hash_nodeIPhLb0EEEE9constructIS3_JRS3_EEEvPT_DpOT0_
FNDA:505,_ZN9__gnu_cxx13new_allocatorI24napi_property_descriptorE8allocateEmPKv
FNF:29
FNH:24
DA:80,2303609
DA:83,1010
DA:89,2304366
DA:102,238775
DA:104,238775
DA:105,0
DA:114,238775
DA:119,238422
DA:128,238422
DA:129,238422
DA:132,1176479
DA:135,1176479
DA:144,3950
DA:147,3950
DA:151,3850
DA:153,3850
LF:16
LH:15
end_of_record
TN:
SF:/usr/include/c++/9/ext/string_conversions.h
FN:99,_ZN9__gnu_cxx12__to_xstringINSt7__cxx1112basic_stringIcSt11char_traitsIcESaIcEEEcEET_PFiPT0_mPKS8_P13__va_list_tagEmSB_z
FNDA:0,_ZN9__gnu_cxx12__to_xstringINSt7__cxx1112basic_stringIcSt11char_traitsIcESaIcEEEcEET_PFiPT0_mPKS8_P13__va_list_tagEmSB_z
FNF:1
FNH:0
DA:99,0
DA:105,0
DA:109,0
DA:111,0
DA:113,0
DA:115,0
LF:6
LH:0
end_of_record
TN:
SF:/usr/include/c++/9/ext/type_traits.h
FN:152,_ZN9__gnu_cxx17__is_null_pointerIKcEEbPT_
FN:152,_ZN9__gnu_cxx17__is_null_pointerIcEEbPT_
FNDA:0,_ZN9__gnu_cxx17__is_null_pointerIKcEEbPT_
FNDA:0,_ZN9__gnu_cxx17__is_null_pointerIcEEbPT_
FNF:2
FNH:0
DA:152,0
DA:153,0
LF:2
LH:0
end_of_record
TN:
SF:/usr/include/c++/9/initializer_list
FN:71,_ZNKSt16initializer_listIN4Napi23ClassPropertyDescriptorI9DisruptorEEE4sizeEv
FN:71,_ZNKSt16initializer_listIP12napi_value__E4sizeEv
FN:75,_ZNKSt16initializer_listIP12napi_value__E5beginEv
FN:75,_ZNKSt16initializer_listIN4Napi23ClassPropertyDescriptorI9DisruptorEEE5beginEv
FNDA:505,_ZNKSt16initializer_listIN4Napi23ClassPropertyDescriptorI9DisruptorEEE5beginEv
FNDA:505,_ZNKSt16initializer_listIN4Napi23ClassPropertyDescriptorI9DisruptorEEE4sizeEv
FNDA:1542780,_ZNKSt16initializer_listIP12napi_value__E5beginEv
FNDA:1542780,_ZNKSt16initializer_listIP12napi_value__E4sizeEv
FNF:4
FNH:4
DA:71,1543285
DA:75,1543285
LF:2
LH:2
end_of_record
TN:
SF:/usr/include/c++/9/new
FN:173,_ZnwmPv
FN:179,_ZdlPvS_
FNDA:0,_ZdlPvS_
FNDA:241963,_ZnwmPv
FNF:2
FNH:1
DA:173,241963
DA:174,241963
DA:179,0
LF:3
LH:2
end_of_record
TN:
SF:/usr/include/c++/9/tuple
FN:76,_ZNSt10_Head_baseILm1ESt14default_deleteISt6vectorI11AsyncBufferSaIS2_EEELb1EEC2Ev
FN:76,_ZNSt10_Head_baseILm1E7CloseFDLb1EEC2Ev
FN:86,_ZNSt10_Head_baseILm1ESt14default_deleteISt6vectorI11AsyncBufferSaIS2_EEELb1EEC2IS5_EEOT_
FN:113,_ZNSt10_Head_baseILm1E7CloseFDLb1EE7_M_headERS1_
FN:113,_ZNSt10_Head_baseILm1ESt14default_deleteISt6vectorI11AsyncBufferSaIS2_EEELb1EE7_M_headERS6_
FN:122,_ZNSt10_Head_baseILm0EPiLb0EEC2Ev
FN:122,_ZNSt10_Head_baseILm0EPSt6vectorI11AsyncBufferSaIS1_EELb0EEC2Ev
FN:132,_ZNSt10_Head_baseILm0EPSt6vectorI11AsyncBufferSaIS1_EELb0EEC2IRS4_EEOT_
FN:160,_ZNSt10_Head_baseILm0EPSt6vectorI11AsyncBufferSaIS1_EELb0EE7_M_headERS5_
FN:160,_ZNSt10_Head_baseILm0EPiLb0EE7_M_headERS1_
FN:163,_ZNSt10_Head_baseILm0EPiLb0EE7_M_headERKS1_
FN:163,_ZNSt10_Head_baseILm0EPSt6vectorI11AsyncBufferSaIS1_EELb0EE7_M_headERKS5_
FN:195,_ZNSt11_Tuple_implILm0EJPi7CloseFDEE7_M_headERS2_
FN:195,_ZNSt11_Tuple_implILm0EJPSt6vectorI11AsyncBufferSaIS1_EESt14default_deleteIS3_EEE7_M_headERS7_
FN:198,_ZNSt11_Tuple_implILm0EJPSt6vectorI11AsyncBufferSaIS1_EESt14default_deleteIS3_EEE7_M_headERKS7_
FN:198,_ZNSt11_Tuple_implILm0EJPi7CloseFDEE7_M_headERKS2_
FN:206,_ZNSt11_Tuple_implILm0EJPi7CloseFDEEC2Ev
FN:206,_ZNSt11_Tuple_implILm0EJPSt6vectorI11AsyncBufferSaIS1_EESt14default_deleteIS3_EEEC2Ev
FN:216,_ZNSt11_Tuple_implILm0EJPSt6vectorI11AsyncBufferSaIS1_EESt14default_deleteIS3_EEEC2IRS4_JS6_EvEEOT_DpOT0_
FN:334,_ZNSt11_Tuple_implILm1EJSt14default_deleteISt6vectorI11AsyncBufferSaIS2_EEEEE7_M_headERS6_
FN:334,_ZNSt11_Tuple_implILm1EJ7CloseFDEE7_M_headERS1_
FN:339,_ZNSt11_Tuple_implILm1EJSt14default_deleteISt6vectorI11AsyncBufferSaIS2_EEEEEC2Ev
FN:339,_ZNSt11_Tuple_implILm1EJ7CloseFDEEC2Ev
FN:348,_ZNSt11_Tuple_implILm1EJSt14default_deleteISt6vectorI11AsyncBufferSaIS2_EEEEEC2IS5_EEOT_
FN:918,_ZNSt5tupleIJPSt6vectorI11AsyncBufferSaIS1_EESt14default_deleteIS3_EEEC2IS4_S6_Lb1EEEv
FN:918,_ZNSt5tupleIJPi7CloseFDEEC2IS0_S1_Lb1EEEv
FN:968,_ZNSt5tupleIJPSt6vectorI11AsyncBufferSaIS1_EESt14default_deleteIS3_EEEC2IRS4_S6_Lb1EEEOT_OT0_
FN:1309,_ZSt12__get_helperILm1ESt14default_deleteISt6vectorI11AsyncBufferSaIS2_EEEJEERT0_RSt11_Tuple_implIXT_EJS6_DpT1_EE
FN:1309,_ZSt12__get_helperILm1E7CloseFDJEERT0_RSt11_Tuple_implIXT_EJS1_DpT1_EE
FN:1309,_ZSt12__get_helperILm0EPiJ7CloseFDEERT0_RSt11_Tuple_implIXT_EJS2_DpT1_EE
FN:1309,_ZSt12__get_helperILm0EPSt6vectorI11AsyncBufferSaIS1_EEJSt14default_deleteIS3_EEERT0_RSt11_Tuple_implIXT_EJS7_DpT1_EE
FN:1314,_ZSt12__get_helperILm0EPiJ7CloseFDEERKT0_RKSt11_Tuple_implIXT_EJS2_DpT1_EE
FN:1314,_ZSt12__get_helperILm0EPSt6vectorI11AsyncBufferSaIS1_EEJSt14default_deleteIS3_EEERKT0_RKSt11_Tuple_implIXT_EJS7_DpT1_EE
FN:1320,_ZSt3getILm0EJPi7CloseFDEERNSt13tuple_elementIXT_ESt5tupleIJDpT0_EEE4typeERS6_
FN:1320,_ZSt3getILm1EJPSt6vectorI11AsyncBufferSaIS1_EESt14default_deleteIS3_EEERNSt13tuple_elementIXT_ESt5tupleIJDpT0_EEE4typeERSB_
FN:1320,_ZSt3getILm1EJPi7CloseFDEERNSt13tuple_elementIXT_ESt5tupleIJDpT0_EEE4typeERS6_
FN:1320,_ZSt3getILm0EJPSt6vectorI11AsyncBufferSaIS1_EESt14default_deleteIS3_EEERNSt13tuple_elementIXT_ESt5tupleIJDpT0_EEE4typeERSB_
FN:1326,_ZSt3getILm0EJPi7CloseFDEERKNSt13tuple_elementIXT_ESt5tupleIJDpT0_EEE4typeERKS6_
FN:1326,_ZSt3getILm0EJPSt6vectorI11AsyncBufferSaIS1_EESt14default_deleteIS3_EEERKNSt13tuple_elementIXT_ESt5tupleIJDpT0_EEE4typeERKSB_
FNDA:7424,_ZSt12__get_helperILm0EPiJ7CloseFDEERT0_RSt11_Tuple_implIXT_EJS2_DpT1_EE
FNDA:7375910,_ZSt12__get_helperILm0EPSt6vectorI11AsyncBufferSaIS1_EEJSt14default_deleteIS3_EEERT0_RSt11_Tuple_implIXT_EJS7_DpT1_EE
FNDA:3952,_ZNSt11_Tuple_implILm0EJPi7CloseFDEE7_M_headERKS2_
FNDA:7375910,_ZSt3getILm0EJPSt6vectorI11AsyncBufferSaIS1_EESt14default_deleteIS3_EEERNSt13tuple_elementIXT_ESt5tupleIJDpT0_EEE4typeERSB_
FNDA:2302590,_ZNSt10_Head_baseILm0EPSt6vectorI11AsyncBufferSaIS1_EELb0EEC2Ev
FNDA:3712,_ZSt12__get_helperILm1E7CloseFDJEERT0_RSt11_Tuple_implIXT_EJS1_DpT1_EE
FNDA:234063,_ZNSt10_Head_baseILm0EPSt6vectorI11AsyncBufferSaIS1_EELb0EEC2IRS4_EEOT_
FNDA:234063,_ZNSt5tupleIJPSt6vectorI11AsyncBufferSaIS1_EESt14default_deleteIS3_EEEC2IRS4_S6_Lb1EEEOT_OT0_
FNDA:3712,_ZNSt11_Tuple_implILm1EJ7CloseFDEEC2Ev
FNDA:7424,_ZNSt10_Head_baseILm0EPiLb0EE7_M_headERS1_
FNDA:3712,_ZSt3getILm1EJPi7CloseFDEERNSt13tuple_elementIXT_ESt5tupleIJDpT0_EEE4typeERS6_
FNDA:234063,_ZNSt11_Tuple_implILm1EJSt14default_deleteISt6vectorI11AsyncBufferSaIS2_EEEEEC2IS5_EEOT_
FNDA:4839250,_ZNSt10_Head_baseILm1ESt14default_deleteISt6vectorI11AsyncBufferSaIS2_EEELb1EE7_M_headERS6_
FNDA:3712,_ZNSt10_Head_baseILm0EPiLb0EEC2Ev
FNDA:7375910,_ZNSt11_Tuple_implILm0EJPSt6vectorI11AsyncBufferSaIS1_EESt14default_deleteIS3_EEE7_M_headERS7_
FNDA:3707940,_ZNSt10_Head_baseILm0EPSt6vectorI11AsyncBufferSaIS1_EELb0EE7_M_headERKS5_
FNDA:2302590,_ZNSt11_Tuple_implILm1EJSt14default_deleteISt6vectorI11AsyncBufferSaIS2_EEEEEC2Ev
FNDA:4839250,_ZSt3getILm1EJPSt6vectorI11AsyncBufferSaIS1_EESt14default_deleteIS3_EEERNSt13tuple_elementIXT_ESt5tupleIJDpT0_EEE4typeERSB_
FNDA:3712,_ZNSt11_Tuple_implILm1EJ7CloseFDEE7_M_headERS1_
FNDA:3952,_ZNSt10_Head_baseILm0EPiLb0EE7_M_headERKS1_
FNDA:3712,_ZNSt10_Head_baseILm1E7CloseFDLb1EEC2Ev
FNDA:7424,_ZSt3getILm0EJPi7CloseFDEERNSt13tuple_elementIXT_ESt5tupleIJDpT0_EEE4typeERS6_
FNDA:4839250,_ZSt12__get_helperILm1ESt14default_deleteISt6vectorI11AsyncBufferSaIS2_EEEJEERT0_RSt11_Tuple_implIXT_EJS6_DpT1_EE
FNDA:3707940,_ZSt12__get_helperILm0EPSt6vectorI11AsyncBufferSaIS1_EEJSt14default_deleteIS3_EEERKT0_RKSt11_Tuple_implIXT_EJS7_DpT1_EE
FNDA:3712,_ZNSt5tupleIJPi7CloseFDEEC2IS0_S1_Lb1EEEv
FNDA:3707940,_ZSt3getILm0EJPSt6vectorI11AsyncBufferSaIS1_EESt14default_deleteIS3_EEERKNSt13tuple_elementIXT_ESt5tupleIJDpT0_EEE4typeERKSB_
FNDA:3952,_ZSt12__get_helperILm0EPiJ7CloseFDEERKT0_RKSt11_Tuple_implIXT_EJS2_DpT1_EE
FNDA:3707940,_ZNSt11_Tuple_implILm0EJPSt6vectorI11AsyncBufferSaIS1_EESt14default_deleteIS3_EEE7_M_headERKS7_
FNDA:4839250,_ZNSt11_Tuple_implILm1EJSt14default_deleteISt6vectorI11AsyncBufferSaIS2_EEEEE7_M_headERS6_
FNDA:2302590,_ZNSt11_Tuple_implILm0EJPSt6vectorI11AsyncBufferSaIS1_EESt14default_deleteIS3_EEEC2Ev
FNDA:3712,_ZNSt10_Head_baseILm1E7CloseFDLb1EE7_M_headERS1_
FNDA:3952,_ZSt3getILm0EJPi7CloseFDEERKNSt13tuple_elementIXT_ESt5tupleIJDpT0_EEE4typeERKS6_
FNDA:2302590,_ZNSt10_Head_baseILm1ESt14default_deleteISt6vectorI11AsyncBufferSaIS2_EEELb1EEC2Ev
FNDA:234063,_ZNSt10_Head_baseILm1ESt14default_deleteISt6vectorI11AsyncBufferSaIS2_EEELb1EEC2IS5_EEOT_
FNDA:2302590,_ZNSt5tupleIJPSt6vectorI11AsyncBufferSaIS1_EESt14default_deleteIS3_EEEC2IS4_S6_Lb1EEEv
FNDA:7424,_ZNSt11_Tuple_implILm0EJPi7CloseFDEE7_M_headERS2_
FNDA:7375910,_ZNSt10_Head_baseILm0EPSt6vectorI11AsyncBufferSaIS1_EELb0EE7_M_headERS5_
FNDA:3712,_ZNSt11_Tuple_implILm0EJPi7CloseFDEEC2Ev
FNDA:234063,_ZNSt11_Tuple_implILm0EJPSt6vectorI11AsyncBufferSaIS1_EESt14default_deleteIS3_EEEC2IRS4_JS6_EvEEOT_DpOT0_
FNF:39
FNH:39
DA:76,2306302
DA:77,2306302
DA:86,234063
DA:87,234063
DA:113,4842962
DA:122,2306302
DA:123,2306302
DA:132,234063
DA:133,234063
DA:160,7383334
DA:163,3711892
DA:195,7383334
DA:198,3711892
DA:206,2306302
DA:207,2306302
DA:216,234063
DA:218,234063
DA:334,4842962
DA:339,2306302
DA:340,2306302
DA:348,234063
DA:349,234063
DA:918,2306302
DA:919,2306302
DA:968,234063
DA:969,234063
DA:1309,12226296
DA:1310,12226296
DA:1314,3711892
DA:1315,3711892
DA:1320,12226296
DA:1321,12226296
DA:1326,3711892
DA:1327,3711892
LF:34
LH:34
end_of_record
TN:
SF:/usr/include/x86_64-linux-gnu/c++/9/bits/gthr-default.h
FN:248,_ZL18__gthread_active_pv
FN:746,_ZL20__gthread_mutex_lockP15pthread_mutex_t
FN:776,_ZL22__gthread_mutex_unlockP15pthread_mutex_t
FNDA:11541,_ZL22__gthread_mutex_unlockP15pthread_mutex_t
FNDA:23082,_ZL18__gthread_active_pv
FNDA:11541,_ZL20__gthread_mutex_lockP15pthread_mutex_t
FNF:3
FNH:3
DA:248,23082
DA:252,23082
DA:746,11541
DA:748,11541
DA:749,11541
DA:751,0
DA:776,11541
DA:778,11541
DA:779,11541
DA:781,0
LF:10
LH:8
end_of_record
TN:
SF:lib/disruptor.js
FN:4,check
FN:14,(anonymous_1)
FN:18,(anonymous_2)
FN:19,(anonymous_3)
FN:24,(anonymous_4)
FN:25,(anonymous_5)
FN:30,(anonymous_6)
FN:31,(anonymous_7)
FN:36,(anonymous_8)
FN:44,(anonymous_9)
FN:51,(anonymous_10)
FN:61,(anonymous_11)
FN:69,(anonymous_12)
FN:79,(anonymous_13)
FN:87,(anonymous_14)
FN:97,(anonymous_15)
FN:107,(anonymous_16)
FNDA:519447,(anonymous_15)
FNDA:3716,(anonymous_1)
FNDA:11,(anonymous_7)
FNDA:519441,(anonymous_11)
FNDA:634228,(anonymous_9)
FNDA:519447,(anonymous_16)
FNDA:467553,(anonymous_5)
FNDA:24,(anonymous_14)
FNDA:11,(anonymous_6)
FNDA:24,(anonymous_13)
FNDA:415663,(anonymous_3)
FNDA:467556,(anonymous_8)
FNDA:519441,(anonymous_12)
FNDA:467553,(anonymous_4)
FNDA:415663,(anonymous_2)
FNDA:1673140,check
FNDA:634228,(anonymous_10)
FNF:17
FNH:17
BRDA:6,0,0,1299189
BRDA:6,0,1,373951
BRDA:37,1,0,2
BRDA:37,1,1,467554
BRDA:53,2,0,218565
BRDA:53,2,1,415663
BRDA:71,3,0,51888
BRDA:71,3,1,467553
BRDA:89,4,0,13
BRDA:89,4,1,11
BRDA:99,5,0,8
BRDA:99,5,1,519439
BRDA:109,6,0,8
BRDA:109,6,1,519439
BRDA:111,7,0,6
BRDA:111,7,1,2
BRDA:119,8,0,51885
BRDA:119,8,1,467554
BRF:18
BRH:18
DA:1,505
DA:2,505
DA:6,1673140
DA:8,1299189
DA:16,3716
DA:18,3712
DA:19,415663
DA:20,415663
DA:24,3712
DA:25,467553
DA:26,467553
DA:30,3712
DA:31,11
DA:32,11
DA:36,3712
DA:37,467556
DA:38,2
DA:40,467554
DA:46,634228
DA:53,634228
DA:55,218565
DA:58,415663
DA:63,519441
DA:71,519441
DA:73,51888
DA:76,467553
DA:81,24
DA:89,24
DA:91,13
DA:94,11
DA:99,519447
DA:101,8
DA:104,519439
DA:109,519447
DA:111,8
DA:113,6
DA:116,2
DA:119,519439
DA:121,51885
DA:124,467554
DA:128,505
LF:41
LH:41
end_of_record
