TN:
SF:/home/david/shared-memory-disruptor/node_modules/node-addon-api/napi-inl.h
FN:33,_ZN4Napi7details10AttachDataINS_18MethodCallbackDataI9DisruptorMS3_FNS_5ValueERKNS_12CallbackInfoEEEEEE11napi_statusP10napi_env__P12napi_value__PT_PFvSD_PvSI_ESI_
FN:33,_ZN4Napi7details10AttachDataINS_18MethodCallbackDataI9DisruptorMS3_FvRKNS_12CallbackInfoEEEEEE11napi_statusP10napi_env__P12napi_value__PT_PFvSC_PvSH_ESH_
FN:33,_ZN4Napi7details10AttachDataINS_18MethodCallbackDataI9DisruptorPFvRKNS_12CallbackInfoEEEEEE11napi_statusP10napi_env__P12napi_value__PT_PFvSC_PvSH_ESH_
FN:33,_ZN4Napi7details10AttachDataINS_20AccessorCallbackDataI9DisruptorMS3_FNS_5ValueERKNS_12CallbackInfoEEMS3_FvS7_RKS4_EEEEE11napi_statusP10napi_env__P12napi_value__PT_PFvSH_PvSM_ESM_
FN:33,_ZN4Napi7details10AttachDataINS_18MethodCallbackDataI9DisruptorPFNS_5ValueERKNS_12CallbackInfoEEEEEE11napi_statusP10napi_env__P12napi_value__PT_PFvSD_PvSI_ESI_
FN:33,_ZN4Napi7details10AttachDataINS_20AccessorCallbackDataI9DisruptorPFNS_5ValueERKNS_12CallbackInfoEEPFvS7_RKS4_EEEEE11napi_statusP10napi_env__P12napi_value__PT_PFvSH_PvSM_ESM_
FN:40,_ZZN4Napi7details10AttachDataINS_18MethodCallbackDataI9DisruptorMS3_FvRKNS_12CallbackInfoEEEEEE11napi_statusP10napi_env__P12napi_value__PT_PFvSC_PvSH_ESH_ENKUlSC_SH_SH_E_clESC_SH_SH_
FN:40,_ZZN4Napi7details10AttachDataINS_18MethodCallbackDataI9DisruptorPFNS_5ValueERKNS_12CallbackInfoEEEEEE11napi_statusP10napi_env__P12napi_value__PT_PFvSD_PvSI_ESI_ENKUlSD_SI_SI_E_clESD_SI_SI_
FN:40,_ZZN4Napi7details10AttachDataINS_18MethodCallbackDataI9DisruptorPFvRKNS_12CallbackInfoEEEEEE11napi_statusP10napi_env__P12napi_value__PT_PFvSC_PvSH_ESH_ENKUlSC_SH_SH_E_clESC_SH_SH_
FN:40,_ZZN4Napi7details10AttachDataINS_18MethodCallbackDataI9DisruptorMS3_FNS_5ValueERKNS_12CallbackInfoEEEEEE11napi_statusP10napi_env__P12napi_value__PT_PFvSD_PvSI_ESI_ENKUlSD_SI_SI_E_clESD_SI_SI_
FN:40,_ZZN4Napi7details10AttachDataINS_20AccessorCallbackDataI9DisruptorMS3_FNS_5ValueERKNS_12CallbackInfoEEMS3_FvS7_RKS4_EEEEE11napi_statusP10napi_env__P12napi_value__PT_PFvSH_PvSM_ESM_ENKUlSH_SM_SM_E_clESH_SM_SM_
FN:40,_ZZN4Napi7details10AttachDataINS_20AccessorCallbackDataI9DisruptorPFNS_5ValueERKNS_12CallbackInfoEEPFvS7_RKS4_EEEEE11napi_statusP10napi_env__P12napi_value__PT_PFvSH_PvSM_ESM_ENKUlSH_SM_SM_E_clESH_SM_SM_
FN:70,_ZN4Napi7details12WrapCallbackIZNS0_29TemplatedInstanceVoidCallbackI9DisruptorXadL_ZNS3_7ReleaseERKNS_12CallbackInfoEEEEEP12napi_value__P10napi_env__P20napi_callback_info__EUlvE_EES8_T_
FN:70,_ZN4Napi7details12WrapCallbackIZNS_12InstanceWrapI9DisruptorE29InstanceGetterCallbackWrapperEP10napi_env__P20napi_callback_info__EUlvE_EEP12napi_value__T_
FN:70,_ZN4Napi7details12WrapCallbackIZNS0_25TemplatedInstanceCallbackI9DisruptorXadL_ZNS3_9GetStatusERKNS_12CallbackInfoEEEEEP12napi_value__P10napi_env__P20napi_callback_info__EUlvE_EES8_T_
FN:70,_ZN4Napi7details12WrapCallbackIZNS0_25TemplatedInstanceCallbackI9DisruptorXadL_ZNS3_21GetPendingSeqConsumerERKNS_12CallbackInfoEEEEEP12napi_value__P10napi_env__P20napi_callback_info__EUlvE_EES8_T_
FN:70,_ZN4Napi7details12WrapCallbackIZNS0_25TemplatedInstanceCallbackI9DisruptorXadL_ZNS3_16ProduceClaimSyncERKNS_12CallbackInfoEEEEEP12napi_value__P10napi_env__P20napi_callback_info__EUlvE_EES8_T_
FN:70,_ZN4Napi7details12WrapCallbackIZNS0_25TemplatedInstanceCallbackI9DisruptorXadL_ZNS3_17ProduceClaimAvailERKNS_12CallbackInfoEEEEEP12napi_value__P10napi_env__P20napi_callback_info__EUlvE_EES8_T_
FN:70,_ZN4Napi7details12WrapCallbackIZNS0_25TemplatedInstanceCallbackI9DisruptorXadL_ZNS3_17ProduceCommitSyncERKNS_12CallbackInfoEEEEEP12napi_value__P10napi_env__P20napi_callback_info__EUlvE_EES8_T_
FN:70,_ZN4Napi7details12WrapCallbackIZNS_10ObjectWrapI9DisruptorE27StaticMethodCallbackWrapperEP10napi_env__P20napi_callback_info__EUlvE_EEP12napi_value__T_
FN:70,_ZN4Napi7details12WrapCallbackIZNS0_25TemplatedInstanceCallbackI9DisruptorXadL_ZNS3_20GetPendingSeqNextEndERKNS_12CallbackInfoEEEEEP12napi_value__P10napi_env__P20napi_callback_info__EUlvE_EES8_T_
FN:70,_ZN4Napi7details12WrapCallbackIZNS0_25TemplatedInstanceCallbackI9DisruptorXadL_ZNS3_12GetConsumersERKNS_12CallbackInfoEEEEEP12napi_value__P10napi_env__P20napi_callback_info__EUlvE_EES8_T_
FN:70,_ZN4Napi7details12WrapCallbackIZNS0_25TemplatedInstanceCallbackI9DisruptorXadL_ZNS3_14GetElementSizeERKNS_12CallbackInfoEEEEEP12napi_value__P10napi_env__P20napi_callback_info__EUlvE_EES8_T_
FN:70,_ZN4Napi7details12WrapCallbackIZNS0_29TemplatedInstanceVoidCallbackI9DisruptorXadL_ZNS3_17ProduceClaimAsyncERKNS_12CallbackInfoEEEEEP12napi_value__P10napi_env__P20napi_callback_info__EUlvE_EES8_T_
FN:70,_ZN4Napi7details12WrapCallbackIZNS0_25TemplatedInstanceCallbackI9DisruptorXadL_ZNS3_13ProduceCommitERKNS_12CallbackInfoEEEEEP12napi_value__P10napi_env__P20napi_callback_info__EUlvE_EES8_T_
FN:70,_ZN4Napi7details12WrapCallbackIZNS0_21TemplatedVoidCallbackIXadL_Z12NullCallbackRKNS_12CallbackInfoEEEEEP12napi_value__P10napi_env__P20napi_callback_info__EUlvE_EES7_T_
FN:70,_ZN4Napi7details12WrapCallbackIZNS_12InstanceWrapI9DisruptorE13WrappedMethodIXadL_ZNS3_9SetStatusERKNS_12CallbackInfoERKNS_5ValueEEEEEP12napi_value__P10napi_env__P20napi_callback_info__EUlvE_EESD_T_
FN:70,_ZN4Napi7details12WrapCallbackIZNS0_25TemplatedInstanceCallbackI9DisruptorXadL_ZNS3_19GetPendingSeqCursorERKNS_12CallbackInfoEEEEEP12napi_value__P10napi_env__P20napi_callback_info__EUlvE_EES8_T_
FN:70,_ZN4Napi7details12WrapCallbackIZNS0_25TemplatedInstanceCallbackI9DisruptorXadL_ZNS3_21ProduceClaimAvailSyncERKNS_12CallbackInfoEEEEEP12napi_value__P10napi_env__P20napi_callback_info__EUlvE_EES8_T_
FN:70,_ZN4Napi7details12WrapCallbackIZNS0_25TemplatedInstanceCallbackI9DisruptorXadL_ZNS3_7GetSpinERKNS_12CallbackInfoEEEEEP12napi_value__P10napi_env__P20napi_callback_info__EUlvE_EES8_T_
FN:70,_ZN4Napi7details12WrapCallbackIZNS0_25TemplatedInstanceCallbackI9DisruptorXadL_ZNS3_14ConsumeNewSyncERKNS_12CallbackInfoEEEEEP12napi_value__P10napi_env__P20napi_callback_info__EUlvE_EES8_T_
FN:70,_ZN4Napi7details12WrapCallbackIZNS0_25TemplatedInstanceCallbackI9DisruptorXadL_ZNS3_12ProduceClaimERKNS_12CallbackInfoEEEEEP12napi_value__P10napi_env__P20napi_callback_info__EUlvE_EES8_T_
FN:70,_ZN4Napi7details12WrapCallbackIZNS0_29TemplatedInstanceVoidCallbackI9DisruptorXadL_ZNS3_15ConsumeNewAsyncERKNS_12CallbackInfoEEEEEP12napi_value__P10napi_env__P20napi_callback_info__EUlvE_EES8_T_
FN:70,_ZN4Napi7details12WrapCallbackIZNS0_25TemplatedInstanceCallbackI9DisruptorXadL_ZNS3_17GetPendingSeqNextERKNS_12CallbackInfoEEEEEP12napi_value__P10napi_env__P20napi_callback_info__EUlvE_EES8_T_
FN:70,_ZN4Napi7details12WrapCallbackIZNS0_25TemplatedInstanceCallbackI9DisruptorXadL_ZNS3_20ProduceClaimManySyncERKNS_12CallbackInfoEEEEEP12napi_value__P10napi_env__P20napi_callback_info__EUlvE_EES8_T_
FN:70,_ZN4Napi7details12WrapCallbackIZNS0_25TemplatedInstanceCallbackI9DisruptorXadL_ZNS3_10ConsumeNewERKNS_12CallbackInfoEEEEEP12napi_value__P10napi_env__P20napi_callback_info__EUlvE_EES8_T_
FN:70,_ZN4Napi7details12WrapCallbackIZNS0_25TemplatedInstanceCallbackI9DisruptorXadL_ZNS3_23GetAllConsumersIgnoringERKNS_12CallbackInfoEEEEEP12napi_value__P10napi_env__P20napi_callback_info__EUlvE_EES8_T_
FN:70,_ZN4Napi7details12WrapCallbackIZNS0_29TemplatedInstanceVoidCallbackI9DisruptorXadL_ZNS3_22ProduceClaimAvailAsyncERKNS_12CallbackInfoEEEEEP12napi_value__P10napi_env__P20napi_callback_info__EUlvE_EES8_T_
FN:70,_ZN4Napi7details12WrapCallbackIZNS_10ObjectWrapI9DisruptorE26ConstructorCallbackWrapperEP10napi_env__P20napi_callback_info__EUlvE_EEP12napi_value__T_
FN:70,_ZN4Napi7details12WrapCallbackIZNS0_29TemplatedInstanceVoidCallbackI9DisruptorXadL_ZNS3_21ProduceClaimManyAsyncERKNS_12CallbackInfoEEEEEP12napi_value__P10napi_env__P20napi_callback_info__EUlvE_EES8_T_
FN:70,_ZN4Napi7details12WrapCallbackIZNS0_29TemplatedInstanceVoidCallbackI9DisruptorXadL_ZNS3_18ProduceCommitAsyncERKNS_12CallbackInfoEEEEEP12napi_value__P10napi_env__P20napi_callback_info__EUlvE_EES8_T_
FN:70,_ZN4Napi7details12WrapCallbackIZNS_11AsyncWorker14OnWorkCompleteENS_3EnvE11napi_statusEUlvE_EEP12napi_value__T_
FN:70,_ZN4Napi7details12WrapCallbackIZNS_10ObjectWrapI9DisruptorE31StaticVoidMethodCallbackWrapperEP10napi_env__P20napi_callback_info__EUlvE_EEP12napi_value__T_
FN:70,_ZN4Napi7details12WrapCallbackIZNS0_25TemplatedInstanceCallbackI9DisruptorXadL_ZNS3_16ProduceClaimManyERKNS_12CallbackInfoEEEEEP12napi_value__P10napi_env__P20napi_callback_info__EUlvE_EES8_T_
FN:70,_ZN4Napi7details12WrapCallbackIZNS0_25TemplatedInstanceCallbackI9DisruptorXadL_ZNS3_11GetConsumerERKNS_12CallbackInfoEEEEEP12napi_value__P10napi_env__P20napi_callback_info__EUlvE_EES8_T_
FN:70,_ZN4Napi7details12WrapCallbackIZNS_10ObjectWrapI9DisruptorE27StaticGetterCallbackWrapperEP10napi_env__P20napi_callback_info__EUlvE_EEP12napi_value__T_
FN:70,_ZN4Napi7details12WrapCallbackIZNS0_25TemplatedInstanceCallbackI9DisruptorXadL_ZNS3_11GetElementsERKNS_12CallbackInfoEEEEEP12napi_value__P10napi_env__P20napi_callback_info__EUlvE_EES8_T_
FN:70,_ZN4Napi7details12WrapCallbackIZNS_12InstanceWrapI9DisruptorE29InstanceSetterCallbackWrapperEP10napi_env__P20napi_callback_info__EUlvE_EEP12napi_value__T_
FN:70,_ZN4Napi7details12WrapCallbackIZNS0_25TemplatedInstanceCallbackI9DisruptorXadL_ZNS3_9GetCursorERKNS_12CallbackInfoEEEEEP12napi_value__P10napi_env__P20napi_callback_info__EUlvE_EES8_T_
FN:70,_ZN4Napi7details12WrapCallbackIZNS_12InstanceWrapI9DisruptorE33InstanceVoidMethodCallbackWrapperEP10napi_env__P20napi_callback_info__EUlvE_EEP12napi_value__T_
FN:70,_ZN4Napi7details12WrapCallbackIZNS_14RegisterModuleEP10napi_env__P12napi_value__PFNS_6ObjectENS_3EnvES6_EEUlvE_EES5_T_
FN:70,_ZN4Napi7details12WrapCallbackIZNS0_25TemplatedInstanceCallbackI9DisruptorXadL_ZNS3_14ProduceRecoverERKNS_12CallbackInfoEEEEEP12napi_value__P10napi_env__P20napi_callback_info__EUlvE_EES8_T_
FN:70,_ZN4Napi7details12WrapCallbackIZNS_12InstanceWrapI9DisruptorE29InstanceMethodCallbackWrapperEP10napi_env__P20napi_callback_info__EUlvE_EEP12napi_value__T_
FN:70,_ZN4Napi7details12WrapCallbackIZNS_10ObjectWrapI9DisruptorE26ConstructorCallbackWrapperEP10napi_env__P20napi_callback_info__EUlvE0_EEP12napi_value__T_
FN:70,_ZN4Napi7details12WrapCallbackIZNS0_25TemplatedInstanceCallbackI9DisruptorXadL_ZNS3_13ConsumeCommitERKNS_12CallbackInfoEEEEEP12napi_value__P10napi_env__P20napi_callback_info__EUlvE_EES8_T_
FN:70,_ZN4Napi7details12WrapCallbackIZNS0_25TemplatedInstanceCallbackI9DisruptorXadL_ZNS3_7GetNextERKNS_12CallbackInfoEEEEEP12napi_value__P10napi_env__P20napi_callback_info__EUlvE_EES8_T_
FN:70,_ZN4Napi7details12WrapCallbackIZNS_10ObjectWrapI9DisruptorE27StaticSetterCallbackWrapperEP10napi_env__P20napi_callback_info__EUlvE_EEP12napi_value__T_
FN:89,_ZN4Napi7details16WrapVoidCallbackIZNS0_12FinalizeDataIhZN9DisruptorC4ERKNS_12CallbackInfoEEUlNS_3EnvEPhE_vE7WrapperEP10napi_env__PvSD_EUlvE_EEvT_
FN:137,_ZN4Napi7details21TemplatedVoidCallbackIXadL_Z12NullCallbackRKNS_12CallbackInfoEEEEEP12napi_value__P10napi_env__P20napi_callback_info__
FN:139,_ZZN4Napi7details21TemplatedVoidCallbackIXadL_Z12NullCallbackRKNS_12CallbackInfoEEEEEP12napi_value__P10napi_env__P20napi_callback_info__ENKUlvE_clEv
FN:157,_ZN4Napi7details25TemplatedInstanceCallbackI9DisruptorXadL_ZNS2_9GetStatusERKNS_12CallbackInfoEEEEEP12napi_value__P10napi_env__P20napi_callback_info__
FN:157,_ZN4Napi7details25TemplatedInstanceCallbackI9DisruptorXadL_ZNS2_11GetElementsERKNS_12CallbackInfoEEEEEP12napi_value__P10napi_env__P20napi_callback_info__
FN:157,_ZN4Napi7details25TemplatedInstanceCallbackI9DisruptorXadL_ZNS2_13ConsumeCommitERKNS_12CallbackInfoEEEEEP12napi_value__P10napi_env__P20napi_callback_info__
FN:157,_ZN4Napi7details25TemplatedInstanceCallbackI9DisruptorXadL_ZNS2_7GetSpinERKNS_12CallbackInfoEEEEEP12napi_value__P10napi_env__P20napi_callback_info__
FN:157,_ZN4Napi7details25TemplatedInstanceCallbackI9DisruptorXadL_ZNS2_14ConsumeNewSyncERKNS_12CallbackInfoEEEEEP12napi_value__P10napi_env__P20napi_callback_info__
FN:157,_ZN4Napi7details25TemplatedInstanceCallbackI9DisruptorXadL_ZNS2_20ProduceClaimManySyncERKNS_12CallbackInfoEEEEEP12napi_value__P10napi_env__P20napi_callback_info__
FN:157,_ZN4Napi7details25TemplatedInstanceCallbackI9DisruptorXadL_ZNS2_16ProduceClaimSyncERKNS_12CallbackInfoEEEEEP12napi_value__P10napi_env__P20napi_callback_info__
FN:157,_ZN4Napi7details25TemplatedInstanceCallbackI9DisruptorXadL_ZNS2_14GetElementSizeERKNS_12CallbackInfoEEEEEP12napi_value__P10napi_env__P20napi_callback_info__
FN:157,_ZN4Napi7details25TemplatedInstanceCallbackI9DisruptorXadL_ZNS2_10ConsumeNewERKNS_12CallbackInfoEEEEEP12napi_value__P10napi_env__P20napi_callback_info__
FN:157,_ZN4Napi7details25TemplatedInstanceCallbackI9DisruptorXadL_ZNS2_19GetPendingSeqCursorERKNS_12CallbackInfoEEEEEP12napi_value__P10napi_env__P20napi_callback_info__
FN:157,_ZN4Napi7details25TemplatedInstanceCallbackI9DisruptorXadL_ZNS2_17GetPendingSeqNextERKNS_12CallbackInfoEEEEEP12napi_value__P10napi_env__P20napi_callback_info__
FN:157,_ZN4Napi7details25TemplatedInstanceCallbackI9DisruptorXadL_ZNS2_21GetPendingSeqConsumerERKNS_12CallbackInfoEEEEEP12napi_value__P10napi_env__P20napi_callback_info__
FN:157,_ZN4Napi7details25TemplatedInstanceCallbackI9DisruptorXadL_ZNS2_13ProduceCommitERKNS_12CallbackInfoEEEEEP12napi_value__P10napi_env__P20napi_callback_info__
FN:157,_ZN4Napi7details25TemplatedInstanceCallbackI9DisruptorXadL_ZNS2_11GetConsumerERKNS_12CallbackInfoEEEEEP12napi_value__P10napi_env__P20napi_callback_info__
FN:157,_ZN4Napi7details25TemplatedInstanceCallbackI9DisruptorXadL_ZNS2_17ProduceCommitSyncERKNS_12CallbackInfoEEEEEP12napi_value__P10napi_env__P20napi_callback_info__
FN:157,_ZN4Napi7details25TemplatedInstanceCallbackI9DisruptorXadL_ZNS2_7GetNextERKNS_12CallbackInfoEEEEEP12napi_value__P10napi_env__P20napi_callback_info__
FN:157,_ZN4Napi7details25TemplatedInstanceCallbackI9DisruptorXadL_ZNS2_20GetPendingSeqNextEndERKNS_12CallbackInfoEEEEEP12napi_value__P10napi_env__P20napi_callback_info__
FN:157,_ZN4Napi7details25TemplatedInstanceCallbackI9DisruptorXadL_ZNS2_21ProduceClaimAvailSyncERKNS_12CallbackInfoEEEEEP12napi_value__P10napi_env__P20napi_callback_info__
FN:157,_ZN4Napi7details25TemplatedInstanceCallbackI9DisruptorXadL_ZNS2_23GetAllConsumersIgnoringERKNS_12CallbackInfoEEEEEP12napi_value__P10napi_env__P20napi_callback_info__
FN:157,_ZN4Napi7details25TemplatedInstanceCallbackI9DisruptorXadL_ZNS2_17ProduceClaimAvailERKNS_12CallbackInfoEEEEEP12napi_value__P10napi_env__P20napi_callback_info__
FN:157,_ZN4Napi7details25TemplatedInstanceCallbackI9DisruptorXadL_ZNS2_16ProduceClaimManyERKNS_12CallbackInfoEEEEEP12napi_value__P10napi_env__P20napi_callback_info__
FN:157,_ZN4Napi7details25TemplatedInstanceCallbackI9DisruptorXadL_ZNS2_14ProduceRecoverERKNS_12CallbackInfoEEEEEP12napi_value__P10napi_env__P20napi_callback_info__
FN:157,_ZN4Napi7details25TemplatedInstanceCallbackI9DisruptorXadL_ZNS2_12GetConsumersERKNS_12CallbackInfoEEEEEP12napi_value__P10napi_env__P20napi_callback_info__
FN:157,_ZN4Napi7details25TemplatedInstanceCallbackI9DisruptorXadL_ZNS2_12ProduceClaimERKNS_12CallbackInfoEEEEEP12napi_value__P10napi_env__P20napi_callback_info__
FN:157,_ZN4Napi7details25TemplatedInstanceCallbackI9DisruptorXadL_ZNS2_9GetCursorERKNS_12CallbackInfoEEEEEP12napi_value__P10napi_env__P20napi_callback_info__
FN:159,_ZZN4Napi7details25TemplatedInstanceCallbackI9DisruptorXadL_ZNS2_11GetElementsERKNS_12CallbackInfoEEEEEP12napi_value__P10napi_env__P20napi_callback_info__ENKUlvE_clEv
FN:159,_ZZN4Napi7details25TemplatedInstanceCallbackI9DisruptorXadL_ZNS2_16ProduceClaimSyncERKNS_12CallbackInfoEEEEEP12napi_value__P10napi_env__P20napi_callback_info__ENKUlvE_clEv
FN:159,_ZZN4Napi7details25TemplatedInstanceCallbackI9DisruptorXadL_ZNS2_7GetSpinERKNS_12CallbackInfoEEEEEP12napi_value__P10napi_env__P20napi_callback_info__ENKUlvE_clEv
FN:159,_ZZN4Napi7details25TemplatedInstanceCallbackI9DisruptorXadL_ZNS2_14ProduceRecoverERKNS_12CallbackInfoEEEEEP12napi_value__P10napi_env__P20napi_callback_info__ENKUlvE_clEv
FN:159,_ZZN4Napi7details25TemplatedInstanceCallbackI9DisruptorXadL_ZNS2_23GetAllConsumersIgnoringERKNS_12CallbackInfoEEEEEP12napi_value__P10napi_env__P20napi_callback_info__ENKUlvE_clEv
FN:159,_ZZN4Napi7details25TemplatedInstanceCallbackI9DisruptorXadL_ZNS2_9GetStatusERKNS_12CallbackInfoEEEEEP12napi_value__P10napi_env__P20napi_callback_info__ENKUlvE_clEv
FN:159,_ZZN4Napi7details25TemplatedInstanceCallbackI9DisruptorXadL_ZNS2_9GetCursorERKNS_12CallbackInfoEEEEEP12napi_value__P10napi_env__P20napi_callback_info__ENKUlvE_clEv
FN:159,_ZZN4Napi7details25TemplatedInstanceCallbackI9DisruptorXadL_ZNS2_14GetElementSizeERKNS_12CallbackInfoEEEEEP12napi_value__P10napi_env__P20napi_callback_info__ENKUlvE_clEv
FN:159,_ZZN4Napi7details25TemplatedInstanceCallbackI9DisruptorXadL_ZNS2_13ProduceCommitERKNS_12CallbackInfoEEEEEP12napi_value__P10napi_env__P20napi_callback_info__ENKUlvE_clEv
FN:159,_ZZN4Napi7details25TemplatedInstanceCallbackI9DisruptorXadL_ZNS2_17GetPendingSeqNextERKNS_12CallbackInfoEEEEEP12napi_value__P10napi_env__P20napi_callback_info__ENKUlvE_clEv
FN:159,_ZZN4Napi7details25TemplatedInstanceCallbackI9DisruptorXadL_ZNS2_17ProduceClaimAvailERKNS_12CallbackInfoEEEEEP12napi_value__P10napi_env__P20napi_callback_info__ENKUlvE_clEv
FN:159,_ZZN4Napi7details25TemplatedInstanceCallbackI9DisruptorXadL_ZNS2_11GetConsumerERKNS_12CallbackInfoEEEEEP12napi_value__P10napi_env__P20napi_callback_info__ENKUlvE_clEv
FN:159,_ZZN4Napi7details25TemplatedInstanceCallbackI9DisruptorXadL_ZNS2_21GetPendingSeqConsumerERKNS_12CallbackInfoEEEEEP12napi_value__P10napi_env__P20napi_callback_info__ENKUlvE_clEv
FN:159,_ZZN4Napi7details25TemplatedInstanceCallbackI9DisruptorXadL_ZNS2_12GetConsumersERKNS_12CallbackInfoEEEEEP12napi_value__P10napi_env__P20napi_callback_info__ENKUlvE_clEv
FN:159,_ZZN4Napi7details25TemplatedInstanceCallbackI9DisruptorXadL_ZNS2_10ConsumeNewERKNS_12CallbackInfoEEEEEP12napi_value__P10napi_env__P20napi_callback_info__ENKUlvE_clEv
FN:159,_ZZN4Napi7details25TemplatedInstanceCallbackI9DisruptorXadL_ZNS2_20GetPendingSeqNextEndERKNS_12CallbackInfoEEEEEP12napi_value__P10napi_env__P20napi_callback_info__ENKUlvE_clEv
FN:159,_ZZN4Napi7details25TemplatedInstanceCallbackI9DisruptorXadL_ZNS2_17ProduceCommitSyncERKNS_12CallbackInfoEEEEEP12napi_value__P10napi_env__P20napi_callback_info__ENKUlvE_clEv
FN:159,_ZZN4Napi7details25TemplatedInstanceCallbackI9DisruptorXadL_ZNS2_13ConsumeCommitERKNS_12CallbackInfoEEEEEP12napi_value__P10napi_env__P20napi_callback_info__ENKUlvE_clEv
FN:159,_ZZN4Napi7details25TemplatedInstanceCallbackI9DisruptorXadL_ZNS2_19GetPendingSeqCursorERKNS_12CallbackInfoEEEEEP12napi_value__P10napi_env__P20napi_callback_info__ENKUlvE_clEv
FN:159,_ZZN4Napi7details25TemplatedInstanceCallbackI9DisruptorXadL_ZNS2_12ProduceClaimERKNS_12CallbackInfoEEEEEP12napi_value__P10napi_env__P20napi_callback_info__ENKUlvE_clEv
FN:159,_ZZN4Napi7details25TemplatedInstanceCallbackI9DisruptorXadL_ZNS2_20ProduceClaimManySyncERKNS_12CallbackInfoEEEEEP12napi_value__P10napi_env__P20napi_callback_info__ENKUlvE_clEv
FN:159,_ZZN4Napi7details25TemplatedInstanceCallbackI9DisruptorXadL_ZNS2_16ProduceClaimManyERKNS_12CallbackInfoEEEEEP12napi_value__P10napi_env__P20napi_callback_info__ENKUlvE_clEv
FN:159,_ZZN4Napi7details25TemplatedInstanceCallbackI9DisruptorXadL_ZNS2_14ConsumeNewSyncERKNS_12CallbackInfoEEEEEP12napi_value__P10napi_env__P20napi_callback_info__ENKUlvE_clEv
FN:159,_ZZN4Napi7details25TemplatedInstanceCallbackI9DisruptorXadL_ZNS2_21ProduceClaimAvailSyncERKNS_12CallbackInfoEEEEEP12napi_value__P10napi_env__P20napi_callback_info__ENKUlvE_clEv
FN:159,_ZZN4Napi7details25TemplatedInstanceCallbackI9DisruptorXadL_ZNS2_7GetNextERKNS_12CallbackInfoEEEEEP12napi_value__P10napi_env__P20napi_callback_info__ENKUlvE_clEv
FN:167,_ZN4Napi7details29TemplatedInstanceVoidCallbackI9DisruptorXadL_ZNS2_17ProduceClaimAsyncERKNS_12CallbackInfoEEEEEP12napi_value__P10napi_env__P20napi_callback_info__
FN:167,_ZN4Napi7details29TemplatedInstanceVoidCallbackI9DisruptorXadL_ZNS2_22ProduceClaimAvailAsyncERKNS_12CallbackInfoEEEEEP12napi_value__P10napi_env__P20napi_callback_info__
FN:167,_ZN4Napi7details29TemplatedInstanceVoidCallbackI9DisruptorXadL_ZNS2_21ProduceClaimManyAsyncERKNS_12CallbackInfoEEEEEP12napi_value__P10napi_env__P20napi_callback_info__
FN:167,_ZN4Napi7details29TemplatedInstanceVoidCallbackI9DisruptorXadL_ZNS2_18ProduceCommitAsyncERKNS_12CallbackInfoEEEEEP12napi_value__P10napi_env__P20napi_callback_info__
FN:167,_ZN4Napi7details29TemplatedInstanceVoidCallbackI9DisruptorXadL_ZNS2_15ConsumeNewAsyncERKNS_12CallbackInfoEEEEEP12napi_value__P10napi_env__P20napi_callback_info__
FN:167,_ZN4Napi7details29TemplatedInstanceVoidCallbackI9DisruptorXadL_ZNS2_7ReleaseERKNS_12CallbackInfoEEEEEP12napi_value__P10napi_env__P20napi_callback_info__
FN:169,_ZZN4Napi7details29TemplatedInstanceVoidCallbackI9DisruptorXadL_ZNS2_15ConsumeNewAsyncERKNS_12CallbackInfoEEEEEP12napi_value__P10napi_env__P20napi_callback_info__ENKUlvE_clEv
FN:169,_ZZN4Napi7details29TemplatedInstanceVoidCallbackI9DisruptorXadL_ZNS2_18ProduceCommitAsyncERKNS_12CallbackInfoEEEEEP12napi_value__P10napi_env__P20napi_callback_info__ENKUlvE_clEv
FN:169,_ZZN4Napi7details29TemplatedInstanceVoidCallbackI9DisruptorXadL_ZNS2_22ProduceClaimAvailAsyncERKNS_12CallbackInfoEEEEEP12napi_value__P10napi_env__P20napi_callback_info__ENKUlvE_clEv
FN:169,_ZZN4Napi7details29TemplatedInstanceVoidCallbackI9DisruptorXadL_ZNS2_17ProduceClaimAsyncERKNS_12CallbackInfoEEEEEP12napi_value__P10napi_env__P20napi_callback_info__ENKUlvE_clEv
FN:169,_ZZN4Napi7details29TemplatedInstanceVoidCallbackI9DisruptorXadL_ZNS2_7ReleaseERKNS_12CallbackInfoEEEEEP12napi_value__P10napi_env__P20napi_callback_info__ENKUlvE_clEv
FN:169,_ZZN4Napi7details29TemplatedInstanceVoidCallbackI9DisruptorXadL_ZNS2_21ProduceClaimManyAsyncERKNS_12CallbackInfoEEEEEP12napi_value__P10napi_env__P20napi_callback_info__ENKUlvE_clEv
FN:179,_ZN4Napi7details12FinalizeDataIhZN9DisruptorC4ERKNS_12CallbackInfoEEUlNS_3EnvEPhE_vE7WrapperEP10napi_env__PvSC_
FN:182,_ZZN4Napi7details12FinalizeDataIhZN9DisruptorC4ERKNS_12CallbackInfoEEUlNS_3EnvEPhE_vE7WrapperEP10napi_env__PvSC_ENKUlvE_clEv
FN:363,_ZN4Napi14RegisterModuleEP10napi_env__P12napi_value__PFNS_6ObjectENS_3EnvES4_E
FN:366,_ZZN4Napi14RegisterModuleEP10napi_env__P12napi_value__PFNS_6ObjectENS_3EnvES4_EENKUlvE_clEv
FN:442,_ZN4Napi3EnvC2EP10napi_env__
FN:444,_ZNK4Napi3EnvcvP10napi_env__Ev
FN:448,_ZNK4Napi3Env6GlobalEv
FN:455,_ZNK4Napi3Env9UndefinedEv
FN:462,_ZNK4Napi3Env4NullEv
FN:469,_ZNK4Napi3Env18IsExceptionPendingEv
FN:573,_ZN4Napi5ValueC2Ev
FN:575,_ZN4Napi5ValueC2EP10napi_env__P12napi_value__
FN:578,_ZNK4Napi5ValuecvP12napi_value__Ev
FN:597,_ZNK4Napi5Value3EnvEv
FN:601,_ZNK4Napi5Value7IsEmptyEv
FN:605,_ZNK4Napi5Value4TypeEv
FN:696,_ZNK4Napi5Value10IsFunctionEv
FN:738,_ZNK4Napi5Value2AsINS_8FunctionEEET_v
FN:738,_ZNK4Napi5Value2AsINS_6StringEEET_v
FN:738,_ZNK4Napi5Value2AsINS_6NumberEEET_v
FN:738,_ZNK4Napi5Value2AsINS_7BooleanEEET_v
FN:738,_ZNK4Napi5Value2AsINS_6BufferIhEEEET_v
FN:738,_ZNK4Napi5Value2AsINS_6ObjectEEET_v
FN:774,_ZN4Napi7Boolean3NewEP10napi_env__b
FN:783,_ZN4Napi7BooleanC2EP10napi_env__P12napi_value__
FN:786,_ZNK4Napi7BooleancvbEv
FN:790,_ZNK4Napi7Boolean5ValueEv
FN:801,_ZN4Napi6Number3NewEP10napi_env__d
FN:810,_ZN4Napi6NumberC2EP10napi_env__P12napi_value__
FN:812,_ZNK4Napi6NumbercviEv
FN:816,_ZNK4Napi6NumbercvjEv
FN:832,_ZNK4Napi6Number10Int32ValueEv
FN:839,_ZNK4Napi6Number11Uint32ValueEv
FN:846,_ZNK4Napi6Number10Int64ValueEv
FN:965,_ZN4Napi4NameC2EP10napi_env__P12napi_value__
FN:979,_ZN4Napi6String3NewEP10napi_env__PKc
FN:1023,_ZN4Napi6StringC2EP10napi_env__P12napi_value__
FN:1025,_ZNK4Napi6StringcvNSt7__cxx1112basic_stringIcSt11char_traitsIcESaIcEEEEv
FN:1033,_ZNK4Napi6String9Utf8ValueB5cxx11Ev
FN:1172,_ZN4Napi7details13vf_utf8_charp4FromEP10napi_env__PKc
FN:1196,_ZN4Napi7details11vf_fallbackIP12napi_value__E4FromEP10napi_env__RKS3_
FN:1196,_ZN4Napi7details11vf_fallbackINS_6BufferIhEEE4FromEP10napi_env__RKS3_
FN:1196,_ZN4Napi7details11vf_fallbackINS_5ValueEE4FromEP10napi_env__RKS2_
FN:1196,_ZN4Napi7details11vf_fallbackINS_8FunctionEE4FromEP10napi_env__RKS2_
FN:1216,_ZN4Napi5Value4FromINS_8FunctionEEES0_P10napi_env__RKT_
FN:1216,_ZN4Napi5Value4FromIP12napi_value__EES0_P10napi_env__RKT_
FN:1216,_ZN4Napi5Value4FromIS0_EES0_P10napi_env__RKT_
FN:1216,_ZN4Napi5Value4FromINS_6BufferIhEEEES0_P10napi_env__RKT_
FN:1227,_ZN4Napi6String4FromIPKcEES0_P10napi_env__RKT_
FN:1261,_ZN4Napi6Object14PropertyLValueIjEaSINS_5ValueEEERS2_T_
FN:1274,_ZN4Napi6Object14PropertyLValueIjEC2ES0_j
FN:1277,_ZN4Napi6Object3NewEP10napi_env__
FN:1284,_ZN4Napi6ObjectC2Ev
FN:1286,_ZN4Napi6ObjectC2EP10napi_env__P12napi_value__
FN:1298,_ZN4Napi6ObjectixEj
FN:1378,_ZNK4Napi6Object3GetEPKc
FN:1404,_ZNK4Napi6Object3SetINS_8FunctionEEEbPKcRKT_
FN:1450,_ZNK4Napi6Object3SetINS_6BufferIhEEEEbjRKT_
FN:1450,_ZNK4Napi6Object3SetINS_5ValueEEEbjRKT_
FN:1721,_ZN4Napi5Array3NewEP10napi_env__
FN:1737,_ZN4Napi5ArrayC2EP10napi_env__P12napi_value__
FN:1739,_ZNK4Napi5Array6LengthEv
FN:2021,_ZN4Napi10TypedArrayC2Ev
FN:2024,_ZN4Napi10TypedArrayC2EP10napi_env__P12napi_value__
FN:2133,_ZN4Napi12TypedArrayOfIhEC2Ev
FN:2136,_ZN4Napi12TypedArrayOfIhEC2EP10napi_env__P12napi_value__
FN:2193,_ZN4Napi14CreateFunctionINS_18MethodCallbackDataI9DisruptorPFNS_5ValueERKNS_12CallbackInfoEEEEEE11napi_statusP10napi_env__PKcPFP12napi_value__SC_P20napi_callback_info__EPT_PSG_
FN:2193,_ZN4Napi14CreateFunctionINS_18MethodCallbackDataI9DisruptorPFvRKNS_12CallbackInfoEEEEEE11napi_statusP10napi_env__PKcPFP12napi_value__SB_P20napi_callback_info__EPT_PSF_
FN:2208,_ZN4Napi8Function3NewIXadL_Z12NullCallbackRKNS_12CallbackInfoEEEEES0_P10napi_env__PKcPv
FN:2277,_ZN4Napi8FunctionC2EP10napi_env__P12napi_value__
FN:2305,_ZNK4Napi8Function4CallEP12napi_value__RKSt16initializer_listIS2_E
FN:2310,_ZNK4Napi8Function4CallEP12napi_value__RKSt6vectorIS2_SaIS2_EE
FN:2336,_ZNK4Napi8Function4CallEP12napi_value__mPKS2_
FN:2346,_ZNK4Napi8Function12MakeCallbackEP12napi_value__RKSt16initializer_listIS2_EP20napi_async_context__
FN:2360,_ZNK4Napi8Function12MakeCallbackEP12napi_value__mPKS2_P20napi_async_context__
FN:2448,_ZN4Napi6BufferIhE3NewIZN9DisruptorC4ERKNS_12CallbackInfoEEUlNS_3EnvEPhE_EES1_P10napi_env__S8_mT_
FN:2505,_ZN4Napi6BufferIhEC2Ev
FN:2508,_ZN4Napi6BufferIhEC2EP10napi_env__P12napi_value__
FN:2512,_ZN4Napi6BufferIhEC2EP10napi_env__P12napi_value__mPh
FN:2516,_ZNK4Napi6BufferIhE6LengthEv
FN:2528,_ZNK4Napi6BufferIhE10EnsureInfoEv
FN:2547,_ZN4Napi5Error3NewEP10napi_env__
FN:2604,_ZN4Napi5Error3NewEP10napi_env__PKc
FN:2609,_ZN4Napi5Error3NewEP10napi_env__RKNSt7__cxx1112basic_stringIcSt11char_traitsIcESaIcEEE
FN:2614,_ZN4Napi5Error5FatalEPKcS2_
FN:2621,_ZN4Napi5ErrorC2EP10napi_env__P12napi_value__
FN:2660,_ZNK4Napi5Error5ValueEv
FN:2724,_ZNK4Napi5Error7MessageB5cxx11Ev
FN:2748,_ZNK4Napi5Error26ThrowAsJavaScriptExceptionEv
FN:2797,_ZNK4Napi5Error4whatEv
FN:2803,_ZN4Napi5Error16ERROR_WRAP_VALUEEv
FN:2808,_ZN4Napi5Error3NewIS0_EET_P10napi_env__PKcmPF11napi_statusS4_P12napi_value__S9_PS9_E
FN:2808,_ZN4Napi5Error3NewINS_9TypeErrorEEET_P10napi_env__PKcmPF11napi_statusS5_P12napi_value__SA_PSA_E
FN:2823,_ZN4Napi9TypeError3NewEP10napi_env__PKc
FN:2835,_ZN4Napi9TypeErrorC2EP10napi_env__P12napi_value__
FN:2858,_ZN4Napi9ReferenceINS_8FunctionEE3NewERKS1_j
FN:2858,_ZN4Napi9ReferenceINS_6ObjectEE3NewERKS1_j
FN:2858,_ZN4Napi9ReferenceINS_6BufferIhEEE3NewERKS2_j
FN:2875,_ZN4Napi9ReferenceINS_6ObjectEEC2Ev
FN:2875,_ZN4Napi9ReferenceINS_8FunctionEEC2Ev
FN:2875,_ZN4Napi9ReferenceINS_6BufferIhEEEC2Ev
FN:2879,_ZN4Napi9ReferenceINS_6ObjectEEC2EP10napi_env__P10napi_ref__
FN:2879,_ZN4Napi9ReferenceINS_8FunctionEEC2EP10napi_env__P10napi_ref__
FN:2879,_ZN4Napi9ReferenceINS_6BufferIhEEEC2EP10napi_env__P10napi_ref__
FN:2883,_ZN4Napi9ReferenceINS_6ObjectEED2Ev
FN:2883,_ZN4Napi9ReferenceINS_8FunctionEED2Ev
FN:2883,_ZN4Napi9ReferenceINS_6BufferIhEEED2Ev
FN:2894,_ZN4Napi9ReferenceINS_6ObjectEEC2EOS2_
FN:2894,_ZN4Napi9ReferenceINS_8FunctionEEC2EOS2_
FN:2904,_ZN4Napi9ReferenceINS_8FunctionEEaSEOS2_
FN:2904,_ZN4Napi9ReferenceINS_6BufferIhEEEaSEOS3_
FN:2904,_ZN4Napi9ReferenceINS_6ObjectEEaSEOS2_
FN:2948,_ZNK4Napi9ReferenceINS_6ObjectEE3EnvEv
FN:2948,_ZNK4Napi9ReferenceINS_8FunctionEE3EnvEv
FN:2953,_ZNK4Napi9ReferenceINS_6ObjectEE7IsEmptyEv
FN:2953,_ZNK4Napi9ReferenceINS_8FunctionEE7IsEmptyEv
FN:2958,_ZNK4Napi9ReferenceINS_6BufferIhEEE5ValueEv
FN:2958,_ZNK4Napi9ReferenceINS_6ObjectEE5ValueEv
FN:2958,_ZNK4Napi9ReferenceINS_8FunctionEE5ValueEv
FN:2986,_ZN4Napi9ReferenceINS_6BufferIhEEE5ResetEv
FN:2986,_ZN4Napi9ReferenceINS_6ObjectEE5ResetEv
FN:2986,_ZN4Napi9ReferenceINS_8FunctionEE5ResetEv
FN:3025,_ZN4Napi10PersistentINS_6BufferIhEEEENS_9ReferenceIT_EES4_
FN:3029,_ZN4Napi10PersistentENS_6ObjectE
FN:3033,_ZN4Napi10PersistentENS_8FunctionE
FN:3043,_ZN4Napi15ObjectReferenceC2EP10napi_env__P10napi_ref__
FN:3046,_ZN4Napi15ObjectReferenceC2EONS_9ReferenceINS_6ObjectEEE
FN:3065,_ZNK4Napi15ObjectReference3GetEPKc
FN:3215,_ZN4Napi17FunctionReferenceC2Ev
FN:3220,_ZN4Napi17FunctionReferenceC2EONS_9ReferenceINS_8FunctionEEE
FN:3232,_ZN4Napi17FunctionReferenceaSEOS0_
FN:3289,_ZNK4Napi17FunctionReference4CallEP12napi_value__RKSt16initializer_listIS2_E
FN:3306,_ZNK4Napi17FunctionReference4CallEP12napi_value__RKSt6vectorIS2_SaIS2_EE
FN:3340,_ZNK4Napi17FunctionReference12MakeCallbackEP12napi_value__RKSt16initializer_listIS2_EP20napi_async_context__
FN:3438,_ZN4Napi12CallbackInfoC2EP10napi_env__P20napi_callback_info__
FN:3461,_ZN4Napi12CallbackInfoD2Ev
FN:3482,_ZNK4Napi12CallbackInfo3EnvEv
FN:3486,_ZNK4Napi12CallbackInfo6LengthEv
FN:3490,_ZNK4Napi12CallbackInfoixEm
FN:3494,_ZNK4Napi12CallbackInfo4ThisEv
FN:3501,_ZNK4Napi12CallbackInfo4DataEv
FN:3505,_ZN4Napi12CallbackInfo7SetDataEPv
FN:3817,_ZN4Napi12InstanceWrapI9DisruptorE14AttachPropDataEP10napi_env__P12napi_value__PK24napi_property_descriptor
FN:3908,_ZN4Napi12InstanceWrapI9DisruptorE14InstanceMethodIXadL_ZNS1_22ProduceClaimAvailAsyncERKNS_12CallbackInfoEEEEENS_23ClassPropertyDescriptorIS1_EEPKc24napi_property_attributesPv
FN:3908,_ZN4Napi12InstanceWrapI9DisruptorE14InstanceMethodIXadL_ZNS1_15ConsumeNewAsyncERKNS_12CallbackInfoEEEEENS_23ClassPropertyDescriptorIS1_EEPKc24napi_property_attributesPv
FN:3908,_ZN4Napi12InstanceWrapI9DisruptorE14InstanceMethodIXadL_ZNS1_21ProduceClaimManyAsyncERKNS_12CallbackInfoEEEEENS_23ClassPropertyDescriptorIS1_EEPKc24napi_property_attributesPv
FN:3908,_ZN4Napi12InstanceWrapI9DisruptorE14InstanceMethodIXadL_ZNS1_7ReleaseERKNS_12CallbackInfoEEEEENS_23ClassPropertyDescriptorIS1_EEPKc24napi_property_attributesPv
FN:3908,_ZN4Napi12InstanceWrapI9DisruptorE14InstanceMethodIXadL_ZNS1_18ProduceCommitAsyncERKNS_12CallbackInfoEEEEENS_23ClassPropertyDescriptorIS1_EEPKc24napi_property_attributesPv
FN:3908,_ZN4Napi12InstanceWrapI9DisruptorE14InstanceMethodIXadL_ZNS1_17ProduceClaimAsyncERKNS_12CallbackInfoEEEEENS_23ClassPropertyDescriptorIS1_EEPKc24napi_property_attributesPv
FN:3920,_ZN4Napi12InstanceWrapI9DisruptorE14InstanceMethodIXadL_ZNS1_10ConsumeNewERKNS_12CallbackInfoEEEEENS_23ClassPropertyDescriptorIS1_EEPKc24napi_property_attributesPv
FN:3920,_ZN4Napi12InstanceWrapI9DisruptorE14InstanceMethodIXadL_ZNS1_12ProduceClaimERKNS_12CallbackInfoEEEEENS_23ClassPropertyDescriptorIS1_EEPKc24napi_property_attributesPv
FN:3920,_ZN4Napi12InstanceWrapI9DisruptorE14InstanceMethodIXadL_ZNS1_16ProduceClaimSyncERKNS_12CallbackInfoEEEEENS_23ClassPropertyDescriptorIS1_EEPKc24napi_property_attributesPv
FN:3920,_ZN4Napi12InstanceWrapI9DisruptorE14InstanceMethodIXadL_ZNS1_21ProduceClaimAvailSyncERKNS_12CallbackInfoEEEEENS_23ClassPropertyDescriptorIS1_EEPKc24napi_property_attributesPv
FN:3920,_ZN4Napi12InstanceWrapI9DisruptorE14InstanceMethodIXadL_ZNS1_13ConsumeCommitERKNS_12CallbackInfoEEEEENS_23ClassPropertyDescriptorIS1_EEPKc24napi_property_attributesPv
FN:3920,_ZN4Napi12InstanceWrapI9DisruptorE14InstanceMethodIXadL_ZNS1_14ConsumeNewSyncERKNS_12CallbackInfoEEEEENS_23ClassPropertyDescriptorIS1_EEPKc24napi_property_attributesPv
FN:3920,_ZN4Napi12InstanceWrapI9DisruptorE14InstanceMethodIXadL_ZNS1_20ProduceClaimManySyncERKNS_12CallbackInfoEEEEENS_23ClassPropertyDescriptorIS1_EEPKc24napi_property_attributesPv
FN:3920,_ZN4Napi12InstanceWrapI9DisruptorE14InstanceMethodIXadL_ZNS1_14ProduceRecoverERKNS_12CallbackInfoEEEEENS_23ClassPropertyDescriptorIS1_EEPKc24napi_property_attributesPv
FN:3920,_ZN4Napi12InstanceWrapI9DisruptorE14InstanceMethodIXadL_ZNS1_17ProduceClaimAvailERKNS_12CallbackInfoEEEEENS_23ClassPropertyDescriptorIS1_EEPKc24napi_property_attributesPv
FN:3920,_ZN4Napi12InstanceWrapI9DisruptorE14InstanceMethodIXadL_ZNS1_16ProduceClaimManyERKNS_12CallbackInfoEEEEENS_23ClassPropertyDescriptorIS1_EEPKc24napi_property_attributesPv
FN:3920,_ZN4Napi12InstanceWrapI9DisruptorE14InstanceMethodIXadL_ZNS1_13ProduceCommitERKNS_12CallbackInfoEEEEENS_23ClassPropertyDescriptorIS1_EEPKc24napi_property_attributesPv
FN:3920,_ZN4Napi12InstanceWrapI9DisruptorE14InstanceMethodIXadL_ZNS1_17ProduceCommitSyncERKNS_12CallbackInfoEEEEENS_23ClassPropertyDescriptorIS1_EEPKc24napi_property_attributesPv
FN:3995,_ZN4Napi12InstanceWrapI9DisruptorE16InstanceAccessorIXadL_ZNS1_9GetStatusERKNS_12CallbackInfoEEEXadL_ZNS1_9SetStatusES6_RKNS_5ValueEEEEENS_23ClassPropertyDescriptorIS1_EEPKc24napi_property_attributesPv
FN:3995,_ZN4Napi12InstanceWrapI9DisruptorE16InstanceAccessorIXadL_ZNS1_11GetConsumerERKNS_12CallbackInfoEEELMS1_FvS6_RKNS_5ValueEE0EEENS_23ClassPropertyDescriptorIS1_EEPKc24napi_property_attributesPv
FN:3995,_ZN4Napi12InstanceWrapI9DisruptorE16InstanceAccessorIXadL_ZNS1_17GetPendingSeqNextERKNS_12CallbackInfoEEELMS1_FvS6_RKNS_5ValueEE0EEENS_23ClassPropertyDescriptorIS1_EEPKc24napi_property_attributesPv
FN:3995,_ZN4Napi12InstanceWrapI9DisruptorE16InstanceAccessorIXadL_ZNS1_7GetSpinERKNS_12CallbackInfoEEELMS1_FvS6_RKNS_5ValueEE0EEENS_23ClassPropertyDescriptorIS1_EEPKc24napi_property_attributesPv
FN:3995,_ZN4Napi12InstanceWrapI9DisruptorE16InstanceAccessorIXadL_ZNS1_19GetPendingSeqCursorERKNS_12CallbackInfoEEELMS1_FvS6_RKNS_5ValueEE0EEENS_23ClassPropertyDescriptorIS1_EEPKc24napi_property_attributesPv
FN:3995,_ZN4Napi12InstanceWrapI9DisruptorE16InstanceAccessorIXadL_ZNS1_21GetPendingSeqConsumerERKNS_12CallbackInfoEEELMS1_FvS6_RKNS_5ValueEE0EEENS_23ClassPropertyDescriptorIS1_EEPKc24napi_property_attributesPv
FN:3995,_ZN4Napi12InstanceWrapI9DisruptorE16InstanceAccessorIXadL_ZNS1_23GetAllConsumersIgnoringERKNS_12CallbackInfoEEELMS1_FvS6_RKNS_5ValueEE0EEENS_23ClassPropertyDescriptorIS1_EEPKc24napi_property_attributesPv
FN:3995,_ZN4Napi12InstanceWrapI9DisruptorE16InstanceAccessorIXadL_ZNS1_7GetNextERKNS_12CallbackInfoEEELMS1_FvS6_RKNS_5ValueEE0EEENS_23ClassPropertyDescriptorIS1_EEPKc24napi_property_attributesPv
FN:3995,_ZN4Napi12InstanceWrapI9DisruptorE16InstanceAccessorIXadL_ZNS1_14GetElementSizeERKNS_12CallbackInfoEEELMS1_FvS6_RKNS_5ValueEE0EEENS_23ClassPropertyDescriptorIS1_EEPKc24napi_property_attributesPv
FN:3995,_ZN4Napi12InstanceWrapI9DisruptorE16InstanceAccessorIXadL_ZNS1_9GetCursorERKNS_12CallbackInfoEEELMS1_FvS6_RKNS_5ValueEE0EEENS_23ClassPropertyDescriptorIS1_EEPKc24napi_property_attributesPv
FN:3995,_ZN4Napi12InstanceWrapI9DisruptorE16InstanceAccessorIXadL_ZNS1_20GetPendingSeqNextEndERKNS_12CallbackInfoEEELMS1_FvS6_RKNS_5ValueEE0EEENS_23ClassPropertyDescriptorIS1_EEPKc24napi_property_attributesPv
FN:3995,_ZN4Napi12InstanceWrapI9DisruptorE16InstanceAccessorIXadL_ZNS1_12GetConsumersERKNS_12CallbackInfoEEELMS1_FvS6_RKNS_5ValueEE0EEENS_23ClassPropertyDescriptorIS1_EEPKc24napi_property_attributesPv
FN:3995,_ZN4Napi12InstanceWrapI9DisruptorE16InstanceAccessorIXadL_ZNS1_11GetElementsERKNS_12CallbackInfoEEELMS1_FvS6_RKNS_5ValueEE0EEENS_23ClassPropertyDescriptorIS1_EEPKc24napi_property_attributesPv
FN:4043,_ZN4Napi12InstanceWrapI9DisruptorE33InstanceVoidMethodCallbackWrapperEP10napi_env__P20napi_callback_info__
FN:4045,_ZZN4Napi12InstanceWrapI9DisruptorE33InstanceVoidMethodCallbackWrapperEP10napi_env__P20napi_callback_info__ENKUlvE_clEv
FN:4058,_ZN4Napi12InstanceWrapI9DisruptorE29InstanceMethodCallbackWrapperEP10napi_env__P20napi_callback_info__
FN:4060,_ZZN4Napi12InstanceWrapI9DisruptorE29InstanceMethodCallbackWrapperEP10napi_env__P20napi_callback_info__ENKUlvE_clEv
FN:4072,_ZN4Napi12InstanceWrapI9DisruptorE29InstanceGetterCallbackWrapperEP10napi_env__P20napi_callback_info__
FN:4074,_ZZN4Napi12InstanceWrapI9DisruptorE29InstanceGetterCallbackWrapperEP10napi_env__P20napi_callback_info__ENKUlvE_clEv
FN:4086,_ZN4Napi12InstanceWrapI9DisruptorE29InstanceSetterCallbackWrapperEP10napi_env__P20napi_callback_info__
FN:4088,_ZZN4Napi12InstanceWrapI9DisruptorE29InstanceSetterCallbackWrapperEP10napi_env__P20napi_callback_info__ENKUlvE_clEv
FN:4102,_ZN4Napi12InstanceWrapI9DisruptorE13WrappedMethodIXadL_ZNS1_9SetStatusERKNS_12CallbackInfoERKNS_5ValueEEEEEP12napi_value__P10napi_env__P20napi_callback_info__
FN:4104,_ZZN4Napi12InstanceWrapI9DisruptorE13WrappedMethodIXadL_ZNS1_9SetStatusERKNS_12CallbackInfoERKNS_5ValueEEEEEP12napi_value__P10napi_env__P20napi_callback_info__ENKUlvE_clEv
FN:4117,_ZN4Napi10ObjectWrapI9DisruptorEC2ERKNS_12CallbackInfoE
FN:4131,_ZN4Napi10ObjectWrapI9DisruptorED0Ev
FN:4131,_ZN4Napi10ObjectWrapI9DisruptorED2Ev
FN:4145,_ZN4Napi10ObjectWrapI9DisruptorE6UnwrapENS_6ObjectE
FN:4153,_ZN4Napi10ObjectWrapI9DisruptorE11DefineClassENS_3EnvEPKcmPK24napi_property_descriptorPv
FN:4229,_ZN4Napi10ObjectWrapI9DisruptorE11DefineClassENS_3EnvEPKcRKSt16initializer_listINS_23ClassPropertyDescriptorIS1_EEEPv
FN:4475,_ZN4Napi10ObjectWrapI9DisruptorE18OnCalledAsFunctionERKNS_12CallbackInfoE
FN:4484,_ZN4Napi10ObjectWrapI9DisruptorE8FinalizeENS_3EnvE
FN:4487,_ZN4Napi10ObjectWrapI9DisruptorE26ConstructorCallbackWrapperEP10napi_env__P20napi_callback_info__
FN:4496,_ZZN4Napi10ObjectWrapI9DisruptorE26ConstructorCallbackWrapperEP10napi_env__P20napi_callback_info__ENKUlvE_clEv
FN:4499,_ZZN4Napi10ObjectWrapI9DisruptorE26ConstructorCallbackWrapperEP10napi_env__P20napi_callback_info__ENKUlvE0_clEv
FN:4521,_ZN4Napi10ObjectWrapI9DisruptorE31StaticVoidMethodCallbackWrapperEP10napi_env__P20napi_callback_info__
FN:4523,_ZZN4Napi10ObjectWrapI9DisruptorE31StaticVoidMethodCallbackWrapperEP10napi_env__P20napi_callback_info__ENKUlvE_clEv
FN:4534,_ZN4Napi10ObjectWrapI9DisruptorE27StaticMethodCallbackWrapperEP10napi_env__P20napi_callback_info__
FN:4536,_ZZN4Napi10ObjectWrapI9DisruptorE27StaticMethodCallbackWrapperEP10napi_env__P20napi_callback_info__ENKUlvE_clEv
FN:4546,_ZN4Napi10ObjectWrapI9DisruptorE27StaticGetterCallbackWrapperEP10napi_env__P20napi_callback_info__
FN:4548,_ZZN4Napi10ObjectWrapI9DisruptorE27StaticGetterCallbackWrapperEP10napi_env__P20napi_callback_info__ENKUlvE_clEv
FN:4558,_ZN4Napi10ObjectWrapI9DisruptorE27StaticSetterCallbackWrapperEP10napi_env__P20napi_callback_info__
FN:4560,_ZZN4Napi10ObjectWrapI9DisruptorE27StaticSetterCallbackWrapperEP10napi_env__P20napi_callback_info__ENKUlvE_clEv
FN:4571,_ZN4Napi10ObjectWrapI9DisruptorE16FinalizeCallbackEP10napi_env__PvS5_
FN:4598,_ZN4Napi11HandleScopeC2ENS_3EnvE
FN:4603,_ZN4Napi11HandleScopeD2Ev
FN:4625,_ZN4Napi20EscapableHandleScopeC2ENS_3EnvE
FN:4630,_ZN4Napi20EscapableHandleScopeD2Ev
FN:4641,_ZNK4Napi20EscapableHandleScope3EnvEv
FN:4645,_ZN4Napi20EscapableHandleScope6EscapeEP12napi_value__
FN:4667,_ZN4Napi13CallbackScopeD2Ev
FN:4667,_ZN4Napi13CallbackScopeD0Ev
FN:4702,_ZN4Napi12AsyncContextD0Ev
FN:4702,_ZN4Napi12AsyncContextD2Ev
FN:4736,_ZN4Napi11AsyncWorkerC2ERKNS_8FunctionE
FN:4739,_ZN4Napi11AsyncWorkerC2ERKNS_8FunctionEPKc
FN:4743,_ZN4Napi11AsyncWorkerC2ERKNS_8FunctionEPKcRKNS_6ObjectE
FN:4759,_ZN4Napi11AsyncWorkerC2ERKNS_6ObjectERKNS_8FunctionEPKcS3_
FN:4806,_ZN4Napi11AsyncWorkerD0Ev
FN:4806,_ZN4Napi11AsyncWorkerD2Ev
FN:4813,_ZN4Napi11AsyncWorker7DestroyEv
FN:4821,_ZNK4Napi11AsyncWorker3EnvEv
FN:4825,_ZN4Napi11AsyncWorker5QueueEv
FN:4835,_ZN4Napi11AsyncWorker8ReceiverEv
FN:4839,_ZN4Napi11AsyncWorker8CallbackEv
FN:4847,_ZN4Napi11AsyncWorker4OnOKEv
FN:4853,_ZN4Napi11AsyncWorker7OnErrorERKNS_5ErrorE
FN:4860,_ZN4Napi11AsyncWorker8SetErrorERKNSt7__cxx1112basic_stringIcSt11char_traitsIcESaIcEEE
FN:4864,_ZN4Napi11AsyncWorker9GetResultENS_3EnvE
FN:4871,_ZN4Napi11AsyncWorker18OnAsyncWorkExecuteEP10napi_env__Pv
FN:4879,_ZN4Napi11AsyncWorker9OnExecuteENS_3EnvE
FN:4891,_ZN4Napi11AsyncWorker19OnAsyncWorkCompleteEP10napi_env__11napi_statusPv
FN:4897,_ZN4Napi11AsyncWorker14OnWorkCompleteENS_3EnvE11napi_status
FN:4900,_ZZN4Napi11AsyncWorker14OnWorkCompleteENS_3EnvE11napi_statusENKUlvE_clEv
FNDA:12036314,_ZN4Napi7details25TemplatedInstanceCallbackI9DisruptorXadL_ZNS2_9GetStatusERKNS_12CallbackInfoEEEEEP12napi_value__P10napi_env__P20napi_callback_info__
FNDA:3596153,_ZN4Napi11AsyncWorkerC2ERKNS_8FunctionEPKcRKNS_6ObjectE
FNDA:0,_ZN4Napi12InstanceWrapI9DisruptorE29InstanceMethodCallbackWrapperEP10napi_env__P20napi_callback_info__
FNDA:0,_ZN4Napi5Error3NewEP10napi_env__PKc
FNDA:0,_ZN4Napi10ObjectWrapI9DisruptorE27StaticSetterCallbackWrapperEP10napi_env__P20napi_callback_info__
FNDA:506,_ZN4Napi12InstanceWrapI9DisruptorE14InstanceMethodIXadL_ZNS1_10ConsumeNewERKNS_12CallbackInfoEEEEENS_23ClassPropertyDescriptorIS1_EEPKc24napi_property_attributesPv
FNDA:488217,_ZNK4Napi5Value10IsFunctionEv
FNDA:3596153,_ZZN4Napi11AsyncWorker14OnWorkCompleteENS_3EnvE11napi_statusENKUlvE_clEv
FNDA:5763,_ZN4Napi9ReferenceINS_8FunctionEEaSEOS2_
FNDA:0,_ZN4Napi7details12WrapCallbackIZNS_12InstanceWrapI9DisruptorE29InstanceGetterCallbackWrapperEP10napi_env__P20napi_callback_info__EUlvE_EEP12napi_value__T_
FNDA:7192306,_ZN4Napi9ReferenceINS_6ObjectEEC2EOS2_
FNDA:5257,_ZN4Napi7details12WrapCallbackIZNS0_29TemplatedInstanceVoidCallbackI9DisruptorXadL_ZNS3_7ReleaseERKNS_12CallbackInfoEEEEEP12napi_value__P10napi_env__P20napi_callback_info__EUlvE_EES8_T_
FNDA:5771,_ZN4Napi9ReferenceINS_6ObjectEEC2Ev
FNDA:17289,_ZNK4Napi6Object3GetEPKc
FNDA:0,_ZN4Napi7details10AttachDataINS_18MethodCallbackDataI9DisruptorMS3_FNS_5ValueERKNS_12CallbackInfoEEEEEE11napi_statusP10napi_env__P12napi_value__PT_PFvSD_PvSI_ESI_
FNDA:108336847,_ZNK4Napi5ValuecvP12napi_value__Ev
FNDA:1556,_ZZN4Napi7details25TemplatedInstanceCallbackI9DisruptorXadL_ZNS2_11GetElementsERKNS_12CallbackInfoEEEEEP12napi_value__P10napi_env__P20napi_callback_info__ENKUlvE_clEv
FNDA:5763,_ZN4Napi6ObjectC2Ev
FNDA:4506,_ZNK4Napi6Number10Int64ValueEv
FNDA:4758,_ZN4Napi7details16WrapVoidCallbackIZNS0_12FinalizeDataIhZN9DisruptorC4ERKNS_12CallbackInfoEEUlNS_3EnvEPhE_vE7WrapperEP10napi_env__PvSD_EUlvE_EEvT_
FNDA:506,_ZN4Napi5Value4FromINS_8FunctionEEES0_P10napi_env__RKT_
FNDA:5763,_ZN4Napi12TypedArrayOfIhEC2Ev
FNDA:499743,_ZNK4Napi3Env18IsExceptionPendingEv
FNDA:807,_ZZN4Napi7details25TemplatedInstanceCallbackI9DisruptorXadL_ZNS2_16ProduceClaimSyncERKNS_12CallbackInfoEEEEEP12napi_value__P10napi_env__P20napi_callback_info__ENKUlvE_clEv
FNDA:1593911,_ZNK4Napi8Function4CallEP12napi_value__RKSt16initializer_listIS2_E
FNDA:499743,_ZN4Napi20EscapableHandleScopeD2Ev
FNDA:488217,_ZNK4Napi5Value4TypeEv
FNDA:2026,_ZN4Napi7details25TemplatedInstanceCallbackI9DisruptorXadL_ZNS2_7GetSpinERKNS_12CallbackInfoEEEEEP12napi_value__P10napi_env__P20napi_callback_info__
FNDA:807,_ZN4Napi7details12WrapCallbackIZNS0_25TemplatedInstanceCallbackI9DisruptorXadL_ZNS3_16ProduceClaimSyncERKNS_12CallbackInfoEEEEEP12napi_value__P10napi_env__P20napi_callback_info__EUlvE_EES8_T_
FNDA:499743,_ZN4Napi20EscapableHandleScope6EscapeEP12napi_value__
FNDA:7074962,_ZN4Napi7details12WrapCallbackIZNS0_25TemplatedInstanceCallbackI9DisruptorXadL_ZNS3_21GetPendingSeqConsumerERKNS_12CallbackInfoEEEEEP12napi_value__P10napi_env__P20napi_callback_info__EUlvE_EES8_T_
FNDA:8,_ZN4Napi5Error3NewIS0_EET_P10napi_env__PKcmPF11napi_statusS4_P12napi_value__S9_PS9_E
FNDA:7074880,_ZN4Napi7details25TemplatedInstanceCallbackI9DisruptorXadL_ZNS2_13ConsumeCommitERKNS_12CallbackInfoEEEEEP12napi_value__P10napi_env__P20napi_callback_info__
FNDA:0,_ZN4Napi11AsyncWorkerD0Ev
FNDA:1556,_ZN4Napi7details25TemplatedInstanceCallbackI9DisruptorXadL_ZNS2_11GetElementsERKNS_12CallbackInfoEEEEEP12napi_value__P10napi_env__P20napi_callback_info__
FNDA:5763,_ZN4Napi6BufferIhEC2Ev
FNDA:0,_ZZN4Napi7details21TemplatedVoidCallbackIXadL_Z12NullCallbackRKNS_12CallbackInfoEEEEEP12napi_value__P10napi_env__P20napi_callback_info__ENKUlvE_clEv
FNDA:12036314,_ZN4Napi7details12WrapCallbackIZNS0_25TemplatedInstanceCallbackI9DisruptorXadL_ZNS3_9GetStatusERKNS_12CallbackInfoEEEEEP12napi_value__P10napi_env__P20napi_callback_info__EUlvE_EES8_T_
FNDA:5763,_ZN4Napi5ValueC2Ev
FNDA:36221262,_ZN4Napi12CallbackInfoC2EP10napi_env__P20napi_callback_info__
FNDA:534168,_ZNK4Napi7BooleancvbEv
FNDA:11,_ZNK4Napi6NumbercviEv
FNDA:0,_ZNK4Napi17FunctionReference4CallEP12napi_value__RKSt6vectorIS2_SaIS2_EE
FNDA:807,_ZN4Napi7details29TemplatedInstanceVoidCallbackI9DisruptorXadL_ZNS2_17ProduceClaimAsyncERKNS_12CallbackInfoEEEEEP12napi_value__P10napi_env__P20napi_callback_info__
FNDA:2026,_ZZN4Napi7details25TemplatedInstanceCallbackI9DisruptorXadL_ZNS2_7GetSpinERKNS_12CallbackInfoEEEEEP12napi_value__P10napi_env__P20napi_callback_info__ENKUlvE_clEv
FNDA:8331707,_ZN4Napi7Boolean3NewEP10napi_env__b
FNDA:84312,_ZN4Napi7details12WrapCallbackIZNS0_25TemplatedInstanceCallbackI9DisruptorXadL_ZNS3_17ProduceClaimAvailERKNS_12CallbackInfoEEEEEP12napi_value__P10napi_env__P20napi_callback_info__EUlvE_EES8_T_
FNDA:7192306,_ZN4Napi15ObjectReferenceC2EONS_9ReferenceINS_6ObjectEEE
FNDA:5771,_ZN4Napi9ReferenceINS_8FunctionEEC2Ev
FNDA:13,_ZN4Napi7details25TemplatedInstanceCallbackI9DisruptorXadL_ZNS2_14ConsumeNewSyncERKNS_12CallbackInfoEEEEEP12napi_value__P10napi_env__P20napi_callback_info__
FNDA:2,_ZN4Napi7details29TemplatedInstanceVoidCallbackI9DisruptorXadL_ZNS2_22ProduceClaimAvailAsyncERKNS_12CallbackInfoEEEEEP12napi_value__P10napi_env__P20napi_callback_info__
FNDA:5763,_ZNK4Napi3Env6GlobalEv
FNDA:0,_ZN4Napi9TypeErrorC2EP10napi_env__P12napi_value__
FNDA:0,_ZN4Napi7details21TemplatedVoidCallbackIXadL_Z12NullCallbackRKNS_12CallbackInfoEEEEEP12napi_value__P10napi_env__P20napi_callback_info__
FNDA:3601916,_ZN4Napi17FunctionReferenceC2EONS_9ReferenceINS_8FunctionEEE
FNDA:8,_ZN4Napi7details13vf_utf8_charp4FromEP10napi_env__PKc
FNDA:3596153,_ZN4Napi11AsyncWorker14OnWorkCompleteENS_3EnvE11napi_status
FNDA:506,_ZN4Napi12InstanceWrapI9DisruptorE14InstanceMethodIXadL_ZNS1_22ProduceClaimAvailAsyncERKNS_12CallbackInfoEEEEENS_23ClassPropertyDescriptorIS1_EEPKc24napi_property_attributesPv
FNDA:2104,_ZZN4Napi7details25TemplatedInstanceCallbackI9DisruptorXadL_ZNS2_14GetElementSizeERKNS_12CallbackInfoEEEEEP12napi_value__P10napi_env__P20napi_callback_info__ENKUlvE_clEv
FNDA:506,_ZN4Napi12InstanceWrapI9DisruptorE16InstanceAccessorIXadL_ZNS1_9GetStatusERKNS_12CallbackInfoEEEXadL_ZNS1_9SetStatusES6_RKNS_5ValueEEEEENS_23ClassPropertyDescriptorIS1_EEPKc24napi_property_attributesPv
FNDA:3596153,_ZN4Napi11AsyncWorker18OnAsyncWorkExecuteEP10napi_env__Pv
FNDA:0,_ZN4Napi7details12WrapCallbackIZNS_10ObjectWrapI9DisruptorE27StaticMethodCallbackWrapperEP10napi_env__P20napi_callback_info__EUlvE_EEP12napi_value__T_
FNDA:222,_ZZN4Napi7details25TemplatedInstanceCallbackI9DisruptorXadL_ZNS2_9GetCursorERKNS_12CallbackInfoEEEEEP12napi_value__P10napi_env__P20napi_callback_info__ENKUlvE_clEv
FNDA:811,_ZN4Napi7details12WrapCallbackIZNS0_25TemplatedInstanceCallbackI9DisruptorXadL_ZNS3_17ProduceCommitSyncERKNS_12CallbackInfoEEEEEP12napi_value__P10napi_env__P20napi_callback_info__EUlvE_EES8_T_
FNDA:3195153,_ZN4Napi10TypedArrayC2EP10napi_env__P12napi_value__
FNDA:0,_ZN4Napi12AsyncContextD0Ev
FNDA:807,_ZN4Napi7details25TemplatedInstanceCallbackI9DisruptorXadL_ZNS2_16ProduceClaimSyncERKNS_12CallbackInfoEEEEEP12napi_value__P10napi_env__P20napi_callback_info__
FNDA:4758,_ZZN4Napi7details12FinalizeDataIhZN9DisruptorC4ERKNS_12CallbackInfoEEUlNS_3EnvEPhE_vE7WrapperEP10napi_env__PvSC_ENKUlvE_clEv
FNDA:15686,_ZN4Napi12InstanceWrapI9DisruptorE14AttachPropDataEP10napi_env__P12napi_value__PK24napi_property_descriptor
FNDA:521618,_ZZN4Napi7details25TemplatedInstanceCallbackI9DisruptorXadL_ZNS2_13ProduceCommitERKNS_12CallbackInfoEEEEEP12napi_value__P10napi_env__P20napi_callback_info__ENKUlvE_clEv
FNDA:519445,_ZNK4Napi6BufferIhE10EnsureInfoEv
FNDA:17313,_ZN4Napi9ReferenceINS_6BufferIhEEEC2Ev
FNDA:488217,_ZNK4Napi3Env4NullEv
FNDA:5771,_ZNK4Napi5Value2AsINS_6StringEEET_v
FNDA:13,_ZZN4Napi7details29TemplatedInstanceVoidCallbackI9DisruptorXadL_ZNS2_15ConsumeNewAsyncERKNS_12CallbackInfoEEEEEP12napi_value__P10napi_env__P20napi_callback_info__ENKUlvE_clEv
FNDA:0,_ZN4Napi5Error5FatalEPKcS2_
FNDA:76,_ZZN4Napi7details25TemplatedInstanceCallbackI9DisruptorXadL_ZNS2_14ProduceRecoverERKNS_12CallbackInfoEEEEEP12napi_value__P10napi_env__P20napi_callback_info__ENKUlvE_clEv
FNDA:604649,_ZZN4Napi7details25TemplatedInstanceCallbackI9DisruptorXadL_ZNS2_23GetAllConsumersIgnoringERKNS_12CallbackInfoEEEEEP12napi_value__P10napi_env__P20napi_callback_info__ENKUlvE_clEv
FNDA:506,_ZN4Napi12InstanceWrapI9DisruptorE14InstanceMethodIXadL_ZNS1_15ConsumeNewAsyncERKNS_12CallbackInfoEEEEENS_23ClassPropertyDescriptorIS1_EEPKc24napi_property_attributesPv
FNDA:17289,_ZN4Napi9ReferenceINS_6BufferIhEEEaSEOS3_
FNDA:11,_ZN4Napi7details25TemplatedInstanceCallbackI9DisruptorXadL_ZNS2_20ProduceClaimManySyncERKNS_12CallbackInfoEEEEEP12napi_value__P10napi_env__P20napi_callback_info__
FNDA:3601916,_ZN4Napi9ReferenceINS_8FunctionEE3NewERKS1_j
FNDA:499743,_ZNK4Napi5Value2AsINS_8FunctionEEET_v
FNDA:11,_ZN4Napi7details29TemplatedInstanceVoidCallbackI9DisruptorXadL_ZNS2_21ProduceClaimManyAsyncERKNS_12CallbackInfoEEEEEP12napi_value__P10napi_env__P20napi_callback_info__
FNDA:12036314,_ZZN4Napi7details25TemplatedInstanceCallbackI9DisruptorXadL_ZNS2_9GetStatusERKNS_12CallbackInfoEEEEEP12napi_value__P10napi_env__P20napi_callback_info__ENKUlvE_clEv
FNDA:5771,_ZNK4Napi6String9Utf8ValueB5cxx11Ev
FNDA:1580662,_ZNK4Napi3Env9UndefinedEv
FNDA:0,_ZN4Napi8Function3NewIXadL_Z12NullCallbackRKNS_12CallbackInfoEEEEES0_P10napi_env__PKcPv
FNDA:222,_ZZN4Napi7details25TemplatedInstanceCallbackI9DisruptorXadL_ZNS2_11GetConsumerERKNS_12CallbackInfoEEEEEP12napi_value__P10napi_env__P20napi_callback_info__ENKUlvE_clEv
FNDA:0,_ZNK4Napi5Error4whatEv
FNDA:355520,_ZN4Napi6ObjectixEj
FNDA:499743,_ZN4Napi20EscapableHandleScopeC2ENS_3EnvE
FNDA:8,_ZNK4Napi9ReferenceINS_6ObjectEE3EnvEv
FNDA:13,_ZN4Napi7details29TemplatedInstanceVoidCallbackI9DisruptorXadL_ZNS2_15ConsumeNewAsyncERKNS_12CallbackInfoEEEEEP12napi_value__P10napi_env__P20napi_callback_info__
FNDA:0,_ZN4Napi11AsyncWorker8SetErrorERKNSt7__cxx1112basic_stringIcSt11char_traitsIcESaIcEEE
FNDA:7074962,_ZZN4Napi7details25TemplatedInstanceCallbackI9DisruptorXadL_ZNS2_21GetPendingSeqConsumerERKNS_12CallbackInfoEEEEEP12napi_value__P10napi_env__P20napi_callback_info__ENKUlvE_clEv
FNDA:23881843,_ZN4Napi6Number3NewEP10napi_env__d
FNDA:0,_ZN4Napi7details10AttachDataINS_18MethodCallbackDataI9DisruptorPFvRKNS_12CallbackInfoEEEEEE11napi_statusP10napi_env__P12napi_value__PT_PFvSC_PvSH_ESH_
FNDA:0,_ZN4Napi12CallbackInfo7SetDataEPv
FNDA:8344257,_ZN4Napi7BooleanC2EP10napi_env__P12napi_value__
FNDA:506,_ZN4Napi12InstanceWrapI9DisruptorE16InstanceAccessorIXadL_ZNS1_11GetConsumerERKNS_12CallbackInfoEEELMS1_FvS6_RKNS_5ValueEE0EEENS_23ClassPropertyDescriptorIS1_EEPKc24napi_property_attributesPv
FNDA:0,_ZN4Napi7details10AttachDataINS_18MethodCallbackDataI9DisruptorMS3_FvRKNS_12CallbackInfoEEEEEE11napi_statusP10napi_env__P12napi_value__PT_PFvSC_PvSH_ESH_
FNDA:3601916,_ZN4Napi10PersistentENS_8FunctionE
FNDA:604663,_ZN4Napi7details12WrapCallbackIZNS0_25TemplatedInstanceCallbackI9DisruptorXadL_ZNS3_20GetPendingSeqNextEndERKNS_12CallbackInfoEEEEEP12napi_value__P10napi_env__P20napi_callback_info__EUlvE_EES8_T_
FNDA:604663,_ZZN4Napi7details25TemplatedInstanceCallbackI9DisruptorXadL_ZNS2_17GetPendingSeqNextERKNS_12CallbackInfoEEEEEP12napi_value__P10napi_env__P20napi_callback_info__ENKUlvE_clEv
FNDA:506,_ZN4Napi12InstanceWrapI9DisruptorE16InstanceAccessorIXadL_ZNS1_17GetPendingSeqNextERKNS_12CallbackInfoEEELMS1_FvS6_RKNS_5ValueEE0EEENS_23ClassPropertyDescriptorIS1_EEPKc24napi_property_attributesPv
FNDA:811,_ZN4Napi7details29TemplatedInstanceVoidCallbackI9DisruptorXadL_ZNS2_18ProduceCommitAsyncERKNS_12CallbackInfoEEEEEP12napi_value__P10napi_env__P20napi_callback_info__
FNDA:84312,_ZZN4Napi7details25TemplatedInstanceCallbackI9DisruptorXadL_ZNS2_17ProduceClaimAvailERKNS_12CallbackInfoEEEEEP12napi_value__P10napi_env__P20napi_callback_info__ENKUlvE_clEv
FNDA:110763238,_ZN4Napi3EnvC2EP10napi_env__
FNDA:12,_ZN4Napi7details12WrapCallbackIZNS0_25TemplatedInstanceCallbackI9DisruptorXadL_ZNS3_12GetConsumersERKNS_12CallbackInfoEEEEEP12napi_value__P10napi_env__P20napi_callback_info__EUlvE_EES8_T_
FNDA:58170981,_ZNK4Napi5Value3EnvEv
FNDA:355520,_ZN4Napi5Value4FromIS0_EES0_P10napi_env__RKT_
FNDA:0,_ZN4Napi7details12WrapCallbackIZNS0_21TemplatedVoidCallbackIXadL_Z12NullCallbackRKNS_12CallbackInfoEEEEEP12napi_value__P10napi_env__P20napi_callback_info__EUlvE_EES7_T_
FNDA:11,_ZN4Napi7details12WrapCallbackIZNS_12InstanceWrapI9DisruptorE13WrappedMethodIXadL_ZNS3_9SetStatusERKNS_12CallbackInfoERKNS_5ValueEEEEEP12napi_value__P10napi_env__P20napi_callback_info__EUlvE_EESD_T_
FNDA:5771,_ZN4Napi10ObjectWrapI9DisruptorEC2ERKNS_12CallbackInfoE
FNDA:0,_ZN4Napi11AsyncWorker4OnOKEv
FNDA:0,_ZNK4Napi8Function4CallEP12napi_value__RKSt6vectorIS2_SaIS2_EE
FNDA:355520,_ZN4Napi6Object14PropertyLValueIjEC2ES0_j
FNDA:3600919,_ZN4Napi11HandleScopeC2ENS_3EnvE
FNDA:0,_ZN4Napi14CreateFunctionINS_18MethodCallbackDataI9DisruptorPFNS_5ValueERKNS_12CallbackInfoEEEEEE11napi_statusP10napi_env__PKcPFP12napi_value__SC_P20napi_callback_info__EPT_PSG_
FNDA:506,_ZN4Napi12InstanceWrapI9DisruptorE14InstanceMethodIXadL_ZNS1_12ProduceClaimERKNS_12CallbackInfoEEEEENS_23ClassPropertyDescriptorIS1_EEPKc24napi_property_attributesPv
FNDA:7198085,_ZN4Napi9ReferenceINS_6ObjectEEC2EP10napi_env__P10napi_ref__
FNDA:3596153,_ZN4Napi11AsyncWorker5QueueEv
FNDA:5763,_ZN4Napi17FunctionReferenceaSEOS0_
FNDA:0,_ZN4Napi5Value4FromIP12napi_value__EES0_P10napi_env__RKT_
FNDA:506,_ZN4Napi12InstanceWrapI9DisruptorE14InstanceMethodIXadL_ZNS1_16ProduceClaimSyncERKNS_12CallbackInfoEEEEENS_23ClassPropertyDescriptorIS1_EEPKc24napi_property_attributesPv
FNDA:0,_ZN4Napi7details11vf_fallbackIP12napi_value__E4FromEP10napi_env__RKS3_
FNDA:5771,_ZN4Napi17FunctionReferenceC2Ev
FNDA:7192306,_ZN4Napi9ReferenceINS_6ObjectEE3NewERKS1_j
FNDA:521618,_ZN4Napi7details12WrapCallbackIZNS0_25TemplatedInstanceCallbackI9DisruptorXadL_ZNS3_13ProduceCommitERKNS_12CallbackInfoEEEEEP12napi_value__P10napi_env__P20napi_callback_info__EUlvE_EES8_T_
FNDA:506,_ZN4Napi12InstanceWrapI9DisruptorE14InstanceMethodIXadL_ZNS1_21ProduceClaimAvailSyncERKNS_12CallbackInfoEEEEENS_23ClassPropertyDescriptorIS1_EEPKc24napi_property_attributesPv
FNDA:11,_ZZN4Napi12InstanceWrapI9DisruptorE13WrappedMethodIXadL_ZNS1_9SetStatusERKNS_12CallbackInfoERKNS_5ValueEEEEEP12napi_value__P10napi_env__P20napi_callback_info__ENKUlvE_clEv
FNDA:2104,_ZN4Napi7details12WrapCallbackIZNS0_25TemplatedInstanceCallbackI9DisruptorXadL_ZNS3_14GetElementSizeERKNS_12CallbackInfoEEEEEP12napi_value__P10napi_env__P20napi_callback_info__EUlvE_EES8_T_
FNDA:8,_ZN4Napi5Error16ERROR_WRAP_VALUEEv
FNDA:2104,_ZN4Napi7details25TemplatedInstanceCallbackI9DisruptorXadL_ZNS2_14GetElementSizeERKNS_12CallbackInfoEEEEEP12napi_value__P10napi_env__P20napi_callback_info__
FNDA:807,_ZN4Napi7details12WrapCallbackIZNS0_29TemplatedInstanceVoidCallbackI9DisruptorXadL_ZNS3_17ProduceClaimAsyncERKNS_12CallbackInfoEEEEEP12napi_value__P10napi_env__P20napi_callback_info__EUlvE_EES8_T_
FNDA:506,_ZN4Napi12InstanceWrapI9DisruptorE16InstanceAccessorIXadL_ZNS1_7GetSpinERKNS_12CallbackInfoEEELMS1_FvS6_RKNS_5ValueEE0EEENS_23ClassPropertyDescriptorIS1_EEPKc24napi_property_attributesPv
FNDA:2,_ZN4Napi7details12WrapCallbackIZNS0_25TemplatedInstanceCallbackI9DisruptorXadL_ZNS3_21ProduceClaimAvailSyncERKNS_12CallbackInfoEEEEEP12napi_value__P10napi_env__P20napi_callback_info__EUlvE_EES8_T_
FNDA:604663,_ZZN4Napi7details25TemplatedInstanceCallbackI9DisruptorXadL_ZNS2_20GetPendingSeqNextEndERKNS_12CallbackInfoEEEEEP12napi_value__P10napi_env__P20napi_callback_info__ENKUlvE_clEv
FNDA:7074862,_ZZN4Napi7details25TemplatedInstanceCallbackI9DisruptorXadL_ZNS2_10ConsumeNewERKNS_12CallbackInfoEEEEEP12napi_value__P10napi_env__P20napi_callback_info__ENKUlvE_clEv
FNDA:355520,_ZN4Napi6Object14PropertyLValueIjEaSINS_5ValueEEERS2_T_
FNDA:604663,_ZN4Napi7details25TemplatedInstanceCallbackI9DisruptorXadL_ZNS2_17GetPendingSeqNextERKNS_12CallbackInfoEEEEEP12napi_value__P10napi_env__P20napi_callback_info__
FNDA:0,_ZN4Napi5Error3NewINS_9TypeErrorEEET_P10napi_env__PKcmPF11napi_statusS5_P12napi_value__SA_PSA_E
FNDA:355520,_ZN4Napi7details11vf_fallbackINS_5ValueEE4FromEP10napi_env__RKS2_
FNDA:701594,_ZN4Napi7details11vf_fallbackINS_6BufferIhEEE4FromEP10napi_env__RKS3_
FNDA:87,_ZN4Napi7details12WrapCallbackIZNS0_25TemplatedInstanceCallbackI9DisruptorXadL_ZNS3_19GetPendingSeqCursorERKNS_12CallbackInfoEEEEEP12napi_value__P10napi_env__P20napi_callback_info__EUlvE_EES8_T_
FNDA:0,_ZN4Napi10ObjectWrapI9DisruptorE31StaticVoidMethodCallbackWrapperEP10napi_env__P20napi_callback_info__
FNDA:506,_ZN4Napi10ObjectWrapI9DisruptorE11DefineClassENS_3EnvEPKcmPK24napi_property_descriptorPv
FNDA:3189390,_ZN4Napi6BufferIhEC2EP10napi_env__P12napi_value__
FNDA:811,_ZZN4Napi7details29TemplatedInstanceVoidCallbackI9DisruptorXadL_ZNS2_18ProduceCommitAsyncERKNS_12CallbackInfoEEEEEP12napi_value__P10napi_env__P20napi_callback_info__ENKUlvE_clEv
FNDA:11526,_ZNK4Napi17FunctionReference4CallEP12napi_value__RKSt16initializer_listIS2_E
FNDA:0,_ZN4Napi7details10AttachDataINS_20AccessorCallbackDataI9DisruptorMS3_FNS_5ValueERKNS_12CallbackInfoEEMS3_FvS7_RKS4_EEEEE11napi_statusP10napi_env__P12napi_value__PT_PFvSH_PvSM_ESM_
FNDA:7074862,_ZN4Napi7details25TemplatedInstanceCallbackI9DisruptorXadL_ZNS2_10ConsumeNewERKNS_12CallbackInfoEEEEEP12napi_value__P10napi_env__P20napi_callback_info__
FNDA:5763,_ZN4Napi6BufferIhE3NewIZN9DisruptorC4ERKNS_12CallbackInfoEEUlNS_3EnvEPhE_EES1_P10napi_env__S8_mT_
FNDA:0,_ZN4Napi11AsyncWorker9GetResultENS_3EnvE
FNDA:5690313,_ZN4Napi8FunctionC2EP10napi_env__P12napi_value__
FNDA:87,_ZN4Napi7details25TemplatedInstanceCallbackI9DisruptorXadL_ZNS2_19GetPendingSeqCursorERKNS_12CallbackInfoEEEEEP12napi_value__P10napi_env__P20napi_callback_info__
FNDA:0,_ZZN4Napi10ObjectWrapI9DisruptorE26ConstructorCallbackWrapperEP10napi_env__P20napi_callback_info__ENKUlvE_clEv
FNDA:7192306,_ZN4Napi10PersistentENS_6ObjectE
FNDA:4774,_ZNK4Napi9ReferenceINS_6ObjectEE7IsEmptyEv
FNDA:12,_ZZN4Napi7details25TemplatedInstanceCallbackI9DisruptorXadL_ZNS2_12GetConsumersERKNS_12CallbackInfoEEEEEP12napi_value__P10napi_env__P20napi_callback_info__ENKUlvE_clEv
FNDA:488217,_ZN4Napi11AsyncWorker8ReceiverEv
FNDA:107462,_ZNK4Napi6NumbercvjEv
FNDA:0,_ZZN4Napi10ObjectWrapI9DisruptorE27StaticGetterCallbackWrapperEP10napi_env__P20napi_callback_info__ENKUlvE_clEv
FNDA:0,_ZN4Napi10ObjectWrapI9DisruptorED0Ev
FNDA:47334,_ZN4Napi9ReferenceINS_6BufferIhEEE5ResetEv
FNDA:13,_ZN4Napi7details12WrapCallbackIZNS0_25TemplatedInstanceCallbackI9DisruptorXadL_ZNS3_14ConsumeNewSyncERKNS_12CallbackInfoEEEEEP12napi_value__P10napi_env__P20napi_callback_info__EUlvE_EES8_T_
FNDA:17289,_ZN4Napi10PersistentINS_6BufferIhEEEENS_9ReferenceIT_EES4_
FNDA:2026,_ZN4Napi7details12WrapCallbackIZNS0_25TemplatedInstanceCallbackI9DisruptorXadL_ZNS3_7GetSpinERKNS_12CallbackInfoEEEEEP12napi_value__P10napi_env__P20napi_callback_info__EUlvE_EES8_T_
FNDA:7514791,_ZN4Napi5ArrayC2EP10napi_env__P12napi_value__
FNDA:506,_ZN4Napi12InstanceWrapI9DisruptorE16InstanceAccessorIXadL_ZNS1_23GetAllConsumersIgnoringERKNS_12CallbackInfoEEELMS1_FvS6_RKNS_5ValueEE0EEENS_23ClassPropertyDescriptorIS1_EEPKc24napi_property_attributesPv
FNDA:519445,_ZN4Napi7details12WrapCallbackIZNS0_25TemplatedInstanceCallbackI9DisruptorXadL_ZNS3_12ProduceClaimERKNS_12CallbackInfoEEEEEP12napi_value__P10napi_env__P20napi_callback_info__EUlvE_EES8_T_
FNDA:3596153,_ZN4Napi11AsyncWorker7DestroyEv
FNDA:0,_ZZN4Napi7details10AttachDataINS_18MethodCallbackDataI9DisruptorPFNS_5ValueERKNS_12CallbackInfoEEEEEE11napi_statusP10napi_env__P12napi_value__PT_PFvSD_PvSI_ESI_ENKUlSD_SI_SI_E_clESD_SI_SI_
FNDA:521618,_ZN4Napi7details25TemplatedInstanceCallbackI9DisruptorXadL_ZNS2_13ProduceCommitERKNS_12CallbackInfoEEEEEP12napi_value__P10napi_env__P20napi_callback_info__
FNDA:7074880,_ZZN4Napi7details25TemplatedInstanceCallbackI9DisruptorXadL_ZNS2_13ConsumeCommitERKNS_12CallbackInfoEEEEEP12napi_value__P10napi_env__P20napi_callback_info__ENKUlvE_clEv
FNDA:0,_ZN4Napi7details10AttachDataINS_18MethodCallbackDataI9DisruptorPFNS_5ValueERKNS_12CallbackInfoEEEEEE11napi_statusP10napi_env__P12napi_value__PT_PFvSD_PvSI_ESI_
FNDA:222,_ZN4Napi7details25TemplatedInstanceCallbackI9DisruptorXadL_ZNS2_11GetConsumerERKNS_12CallbackInfoEEEEEP12napi_value__P10napi_env__P20napi_callback_info__
FNDA:7074962,_ZN4Napi7details25TemplatedInstanceCallbackI9DisruptorXadL_ZNS2_21GetPendingSeqConsumerERKNS_12CallbackInfoEEEEEP12napi_value__P10napi_env__P20napi_callback_info__
FNDA:36215491,_ZN4Napi10ObjectWrapI9DisruptorE6UnwrapENS_6ObjectE
FNDA:3596153,_ZN4Napi11AsyncWorkerD2Ev
FNDA:3596153,_ZN4Napi11AsyncWorkerC2ERKNS_8FunctionE
FNDA:0,_ZNK4Napi12CallbackInfo4DataEv
FNDA:811,_ZZN4Napi7details25TemplatedInstanceCallbackI9DisruptorXadL_ZNS2_17ProduceCommitSyncERKNS_12CallbackInfoEEEEEP12napi_value__P10napi_env__P20napi_callback_info__ENKUlvE_clEv
FNDA:0,_ZZN4Napi7details10AttachDataINS_18MethodCallbackDataI9DisruptorMS3_FvRKNS_12CallbackInfoEEEEEE11napi_statusP10napi_env__P12napi_value__PT_PFvSC_PvSH_ESH_ENKUlSC_SH_SH_E_clESC_SH_SH_
FNDA:7159214,_ZNK4Napi5Array6LengthEv
FNDA:506,_ZN4Napi12InstanceWrapI9DisruptorE16InstanceAccessorIXadL_ZNS1_19GetPendingSeqCursorERKNS_12CallbackInfoEEELMS1_FvS6_RKNS_5ValueEE0EEENS_23ClassPropertyDescriptorIS1_EEPKc24napi_property_attributesPv
FNDA:506,_ZN4Napi12InstanceWrapI9DisruptorE16InstanceAccessorIXadL_ZNS1_21GetPendingSeqConsumerERKNS_12CallbackInfoEEELMS1_FvS6_RKNS_5ValueEE0EEENS_23ClassPropertyDescriptorIS1_EEPKc24napi_property_attributesPv
FNDA:5771,_ZN4Napi10ObjectWrapI9DisruptorE26ConstructorCallbackWrapperEP10napi_env__P20napi_callback_info__
FNDA:506,_ZN4Napi10ObjectWrapI9DisruptorE11DefineClassENS_3EnvEPKcRKSt16initializer_listINS_23ClassPropertyDescriptorIS1_EEEPv
FNDA:488217,_ZNK4Napi17FunctionReference12MakeCallbackEP12napi_value__RKSt16initializer_listIS2_EP20napi_async_context__
FNDA:8,_ZN4Napi6String4FromIPKcEES0_P10napi_env__RKT_
FNDA:8,_ZN4Napi6String3NewEP10napi_env__PKc
FNDA:506,_ZN4Napi12InstanceWrapI9DisruptorE16InstanceAccessorIXadL_ZNS1_7GetNextERKNS_12CallbackInfoEEELMS1_FvS6_RKNS_5ValueEE0EEENS_23ClassPropertyDescriptorIS1_EEPKc24napi_property_attributesPv
FNDA:506,_ZN4Napi12InstanceWrapI9DisruptorE14InstanceMethodIXadL_ZNS1_20ProduceClaimManySyncERKNS_12CallbackInfoEEEEENS_23ClassPropertyDescriptorIS1_EEPKc24napi_property_attributesPv
FNDA:519445,_ZZN4Napi7details25TemplatedInstanceCallbackI9DisruptorXadL_ZNS2_12ProduceClaimERKNS_12CallbackInfoEEEEEP12napi_value__P10napi_env__P20napi_callback_info__ENKUlvE_clEv
FNDA:506,_ZN4Napi12InstanceWrapI9DisruptorE14InstanceMethodIXadL_ZNS1_14ProduceRecoverERKNS_12CallbackInfoEEEEENS_23ClassPropertyDescriptorIS1_EEPKc24napi_property_attributesPv
FNDA:2,_ZZN4Napi7details29TemplatedInstanceVoidCallbackI9DisruptorXadL_ZNS2_22ProduceClaimAvailAsyncERKNS_12CallbackInfoEEEEEP12napi_value__P10napi_env__P20napi_callback_info__ENKUlvE_clEv
FNDA:506,_ZN4Napi12InstanceWrapI9DisruptorE14InstanceMethodIXadL_ZNS1_14ConsumeNewSyncERKNS_12CallbackInfoEEEEENS_23ClassPropertyDescriptorIS1_EEPKc24napi_property_attributesPv
FNDA:604649,_ZN4Napi7details12WrapCallbackIZNS0_25TemplatedInstanceCallbackI9DisruptorXadL_ZNS3_23GetAllConsumersIgnoringERKNS_12CallbackInfoEEEEEP12napi_value__P10napi_env__P20napi_callback_info__EUlvE_EES8_T_
FNDA:2,_ZN4Napi7details12WrapCallbackIZNS0_29TemplatedInstanceVoidCallbackI9DisruptorXadL_ZNS3_22ProduceClaimAvailAsyncERKNS_12CallbackInfoEEEEEP12napi_value__P10napi_env__P20napi_callback_info__EUlvE_EES8_T_
FNDA:1595479,_ZNK4Napi9ReferenceINS_6BufferIhEEE5ValueEv
FNDA:4758,_ZN4Napi10ObjectWrapI9DisruptorE16FinalizeCallbackEP10napi_env__PvS5_
FNDA:0,_ZN4Napi10ObjectWrapI9DisruptorE27StaticGetterCallbackWrapperEP10napi_env__P20napi_callback_info__
FNDA:506,_ZN4Napi12InstanceWrapI9DisruptorE14InstanceMethodIXadL_ZNS1_21ProduceClaimManyAsyncERKNS_12CallbackInfoEEEEENS_23ClassPropertyDescriptorIS1_EEPKc24napi_property_attributesPv
FNDA:604663,_ZN4Napi7details12WrapCallbackIZNS0_25TemplatedInstanceCallbackI9DisruptorXadL_ZNS3_17GetPendingSeqNextERKNS_12CallbackInfoEEEEEP12napi_value__P10napi_env__P20napi_callback_info__EUlvE_EES8_T_
FNDA:506,_ZN4Napi7details11vf_fallbackINS_8FunctionEE4FromEP10napi_env__RKS2_
FNDA:3601916,_ZN4Napi9ReferenceINS_8FunctionEEC2EOS2_
FNDA:11,_ZN4Napi7details12WrapCallbackIZNS0_25TemplatedInstanceCallbackI9DisruptorXadL_ZNS3_20ProduceClaimManySyncERKNS_12CallbackInfoEEEEEP12napi_value__P10napi_env__P20napi_callback_info__EUlvE_EES8_T_
FNDA:13,_ZN4Napi7details12WrapCallbackIZNS0_29TemplatedInstanceVoidCallbackI9DisruptorXadL_ZNS3_15ConsumeNewAsyncERKNS_12CallbackInfoEEEEEP12napi_value__P10napi_env__P20napi_callback_info__EUlvE_EES8_T_
FNDA:7514791,_ZN4Napi5Array3NewEP10napi_env__
FNDA:100491775,_ZN4Napi6ObjectC2EP10napi_env__P12napi_value__
FNDA:87,_ZZN4Napi7details25TemplatedInstanceCallbackI9DisruptorXadL_ZNS2_19GetPendingSeqCursorERKNS_12CallbackInfoEEEEEP12napi_value__P10napi_env__P20napi_callback_info__ENKUlvE_clEv
FNDA:3596153,_ZN4Napi11AsyncWorkerC2ERKNS_8FunctionEPKc
FNDA:811,_ZN4Napi7details25TemplatedInstanceCallbackI9DisruptorXadL_ZNS2_17ProduceCommitSyncERKNS_12CallbackInfoEEEEEP12napi_value__P10napi_env__P20napi_callback_info__
FNDA:7074862,_ZN4Napi7details12WrapCallbackIZNS0_25TemplatedInstanceCallbackI9DisruptorXadL_ZNS3_10ConsumeNewERKNS_12CallbackInfoEEEEEP12napi_value__P10napi_env__P20napi_callback_info__EUlvE_EES8_T_
FNDA:506,_ZN4Napi12InstanceWrapI9DisruptorE14InstanceMethodIXadL_ZNS1_13ConsumeCommitERKNS_12CallbackInfoEEEEENS_23ClassPropertyDescriptorIS1_EEPKc24napi_property_attributesPv
FNDA:5771,_ZN4Napi9ReferenceINS_6ObjectEEaSEOS2_
FNDA:11,_ZZN4Napi7details25TemplatedInstanceCallbackI9DisruptorXadL_ZNS2_20ProduceClaimManySyncERKNS_12CallbackInfoEEEEEP12napi_value__P10napi_env__P20napi_callback_info__ENKUlvE_clEv
FNDA:506,_ZN4Napi12InstanceWrapI9DisruptorE14InstanceMethodIXadL_ZNS1_7ReleaseERKNS_12CallbackInfoEEEEENS_23ClassPropertyDescriptorIS1_EEPKc24napi_property_attributesPv
FNDA:107462,_ZNK4Napi6Number11Uint32ValueEv
FNDA:3596153,_ZN4Napi11AsyncWorker9OnExecuteENS_3EnvE
FNDA:4766,_ZN4Napi10ObjectWrapI9DisruptorED2Ev
FNDA:1593911,_ZNK4Napi8Function4CallEP12napi_value__mPKS2_
FNDA:222,_ZN4Napi7details25TemplatedInstanceCallbackI9DisruptorXadL_ZNS2_7GetNextERKNS_12CallbackInfoEEEEEP12napi_value__P10napi_env__P20napi_callback_info__
FNDA:506,_ZN4Napi12InstanceWrapI9DisruptorE16InstanceAccessorIXadL_ZNS1_14GetElementSizeERKNS_12CallbackInfoEEELMS1_FvS6_RKNS_5ValueEE0EEENS_23ClassPropertyDescriptorIS1_EEPKc24napi_property_attributesPv
FNDA:0,_ZZN4Napi10ObjectWrapI9DisruptorE31StaticVoidMethodCallbackWrapperEP10napi_env__P20napi_callback_info__ENKUlvE_clEv
FNDA:11,_ZN4Napi7details12WrapCallbackIZNS0_29TemplatedInstanceVoidCallbackI9DisruptorXadL_ZNS3_21ProduceClaimManyAsyncERKNS_12CallbackInfoEEEEEP12napi_value__P10napi_env__P20napi_callback_info__EUlvE_EES8_T_
FNDA:811,_ZN4Napi7details12WrapCallbackIZNS0_29TemplatedInstanceVoidCallbackI9DisruptorXadL_ZNS3_18ProduceCommitAsyncERKNS_12CallbackInfoEEEEEP12napi_value__P10napi_env__P20napi_callback_info__EUlvE_EES8_T_
FNDA:0,_ZN4Napi13CallbackScopeD2Ev
FNDA:0,_ZNK4Napi6StringcvNSt7__cxx1112basic_stringIcSt11char_traitsIcESaIcEEEEv
FNDA:506,_ZN4Napi12InstanceWrapI9DisruptorE14InstanceMethodIXadL_ZNS1_17ProduceClaimAvailERKNS_12CallbackInfoEEEEENS_23ClassPropertyDescriptorIS1_EEPKc24napi_property_attributesPv
FNDA:499743,_ZNK4Napi20EscapableHandleScope3EnvEv
FNDA:0,_ZN4Napi7details12WrapCallbackIZNS_10ObjectWrapI9DisruptorE26ConstructorCallbackWrapperEP10napi_env__P20napi_callback_info__EUlvE_EEP12napi_value__T_
FNDA:0,_ZN4Napi12InstanceWrapI9DisruptorE29InstanceGetterCallbackWrapperEP10napi_env__P20napi_callback_info__
FNDA:5771,_ZN4Napi9ReferenceINS_6ObjectEE5ResetEv
FNDA:111979,_ZNK4Napi5Value2AsINS_6NumberEEET_v
FNDA:14395157,_ZN4Napi9ReferenceINS_6ObjectEED2Ev
FNDA:604663,_ZN4Napi7details25TemplatedInstanceCallbackI9DisruptorXadL_ZNS2_20GetPendingSeqNextEndERKNS_12CallbackInfoEEEEEP12napi_value__P10napi_env__P20napi_callback_info__
FNDA:40,_ZZN4Napi7details25TemplatedInstanceCallbackI9DisruptorXadL_ZNS2_16ProduceClaimManyERKNS_12CallbackInfoEEEEEP12napi_value__P10napi_env__P20napi_callback_info__ENKUlvE_clEv
FNDA:0,_ZN4Napi7details12WrapCallbackIZNS_10ObjectWrapI9DisruptorE31StaticVoidMethodCallbackWrapperEP10napi_env__P20napi_callback_info__EUlvE_EEP12napi_value__T_
FNDA:8,_ZN4Napi5Error3NewEP10napi_env__RKNSt7__cxx1112basic_stringIcSt11char_traitsIcESaIcEEE
FNDA:40,_ZN4Napi7details12WrapCallbackIZNS0_25TemplatedInstanceCallbackI9DisruptorXadL_ZNS3_16ProduceClaimManyERKNS_12CallbackInfoEEEEEP12napi_value__P10napi_env__P20napi_callback_info__EUlvE_EES8_T_
FNDA:8,_ZNK4Napi5Error5ValueEv
FNDA:0,_ZZN4Napi12InstanceWrapI9DisruptorE33InstanceVoidMethodCallbackWrapperEP10napi_env__P20napi_callback_info__ENKUlvE_clEv
FNDA:7192306,_ZN4Napi6Object3NewEP10napi_env__
FNDA:701594,_ZN4Napi5Value4FromINS_6BufferIhEEEES0_P10napi_env__RKT_
FNDA:534168,_ZNK4Napi7Boolean5ValueEv
FNDA:2,_ZN4Napi7details25TemplatedInstanceCallbackI9DisruptorXadL_ZNS2_21ProduceClaimAvailSyncERKNS_12CallbackInfoEEEEEP12napi_value__P10napi_env__P20napi_callback_info__
FNDA:7208598,_ZN4Napi9ReferenceINS_8FunctionEED2Ev
FNDA:0,_ZNK4Napi9ReferenceINS_8FunctionEE3EnvEv
FNDA:506,_ZN4Napi14RegisterModuleEP10napi_env__P12napi_value__PFNS_6ObjectENS_3EnvES4_E
FNDA:506,_ZN4Napi12InstanceWrapI9DisruptorE14InstanceMethodIXadL_ZNS1_18ProduceCommitAsyncERKNS_12CallbackInfoEEEEENS_23ClassPropertyDescriptorIS1_EEPKc24napi_property_attributesPv
FNDA:807,_ZZN4Napi7details29TemplatedInstanceVoidCallbackI9DisruptorXadL_ZNS2_17ProduceClaimAsyncERKNS_12CallbackInfoEEEEEP12napi_value__P10napi_env__P20napi_callback_info__ENKUlvE_clEv
FNDA:3596153,_ZN4Napi7details12WrapCallbackIZNS_11AsyncWorker14OnWorkCompleteENS_3EnvE11napi_statusEUlvE_EEP12napi_value__T_
FNDA:488217,_ZNK4Napi8Function12MakeCallbackEP12napi_value__mPKS2_P20napi_async_context__
FNDA:0,_ZNK4Napi5Error7MessageB5cxx11Ev
FNDA:0,_ZZN4Napi7details10AttachDataINS_18MethodCallbackDataI9DisruptorPFvRKNS_12CallbackInfoEEEEEE11napi_statusP10napi_env__P12napi_value__PT_PFvSC_PvSH_ESH_ENKUlSC_SH_SH_E_clESC_SH_SH_
FNDA:5257,_ZN4Napi7details29TemplatedInstanceVoidCallbackI9DisruptorXadL_ZNS2_7ReleaseERKNS_12CallbackInfoEEEEEP12napi_value__P10napi_env__P20napi_callback_info__
FNDA:0,_ZN4Napi14CreateFunctionINS_18MethodCallbackDataI9DisruptorPFvRKNS_12CallbackInfoEEEEEE11napi_statusP10napi_env__PKcPFP12napi_value__SB_P20napi_callback_info__EPT_PSF_
FNDA:3195153,_ZN4Napi12TypedArrayOfIhEC2EP10napi_env__P12napi_value__
FNDA:506,_ZN4Napi12InstanceWrapI9DisruptorE16InstanceAccessorIXadL_ZNS1_9GetCursorERKNS_12CallbackInfoEEELMS1_FvS6_RKNS_5ValueEE0EEENS_23ClassPropertyDescriptorIS1_EEPKc24napi_property_attributesPv
FNDA:4089136,_ZNK4Napi9ReferenceINS_6ObjectEE5ValueEv
FNDA:701594,_ZNK4Napi6Object3SetINS_6BufferIhEEEEbjRKT_
FNDA:0,_ZZN4Napi7details10AttachDataINS_18MethodCallbackDataI9DisruptorMS3_FNS_5ValueERKNS_12CallbackInfoEEEEEE11napi_statusP10napi_env__P12napi_value__PT_PFvSD_PvSI_ESI_ENKUlSD_SI_SI_E_clESD_SI_SI_
FNDA:3596153,_ZN4Napi11AsyncWorker8CallbackEv
FNDA:0,_ZN4Napi7details10AttachDataINS_20AccessorCallbackDataI9DisruptorPFNS_5ValueERKNS_12CallbackInfoEEPFvS7_RKS4_EEEEE11napi_statusP10napi_env__P12napi_value__PT_PFvSH_PvSM_ESM_
FNDA:3601916,_ZN4Napi9ReferenceINS_8FunctionEEC2EP10napi_env__P10napi_ref__
FNDA:506,_ZN4Napi12InstanceWrapI9DisruptorE14InstanceMethodIXadL_ZNS1_16ProduceClaimManyERKNS_12CallbackInfoEEEEENS_23ClassPropertyDescriptorIS1_EEPKc24napi_property_attributesPv
FNDA:8,_ZNK4Napi5Error26ThrowAsJavaScriptExceptionEv
FNDA:222,_ZN4Napi7details12WrapCallbackIZNS0_25TemplatedInstanceCallbackI9DisruptorXadL_ZNS3_11GetConsumerERKNS_12CallbackInfoEEEEEP12napi_value__P10napi_env__P20napi_callback_info__EUlvE_EES8_T_
FNDA:5779,_ZN4Napi6StringC2EP10napi_env__P12napi_value__
FNDA:3600919,_ZN4Napi11HandleScopeD2Ev
FNDA:40,_ZN4Napi7details25TemplatedInstanceCallbackI9DisruptorXadL_ZNS2_16ProduceClaimManyERKNS_12CallbackInfoEEEEEP12napi_value__P10napi_env__P20napi_callback_info__
FNDA:11,_ZNK4Napi6Number10Int32ValueEv
FNDA:36705146,_ZNK4Napi12CallbackInfo3EnvEv
FNDA:17289,_ZN4Napi9ReferenceINS_6BufferIhEEEC2EP10napi_env__P10napi_ref__
FNDA:1556,_ZN4Napi7details12WrapCallbackIZNS0_25TemplatedInstanceCallbackI9DisruptorXadL_ZNS3_11GetElementsERKNS_12CallbackInfoEEEEEP12napi_value__P10napi_env__P20napi_callback_info__EUlvE_EES8_T_
FNDA:8,_ZN4Napi5ErrorC2EP10napi_env__P12napi_value__
FNDA:506,_ZN4Napi12InstanceWrapI9DisruptorE16InstanceAccessorIXadL_ZNS1_20GetPendingSeqNextEndERKNS_12CallbackInfoEEELMS1_FvS6_RKNS_5ValueEE0EEENS_23ClassPropertyDescriptorIS1_EEPKc24napi_property_attributesPv
FNDA:0,_ZN4Napi7details12WrapCallbackIZNS_12InstanceWrapI9DisruptorE29InstanceSetterCallbackWrapperEP10napi_env__P20napi_callback_info__EUlvE_EEP12napi_value__T_
FNDA:0,_ZNK4Napi9ReferenceINS_8FunctionEE7IsEmptyEv
FNDA:36227025,_ZNK4Napi12CallbackInfo4ThisEv
FNDA:0,_ZN4Napi10ObjectWrapI9DisruptorE27StaticMethodCallbackWrapperEP10napi_env__P20napi_callback_info__
FNDA:492983,_ZNK4Napi5Value7IsEmptyEv
FNDA:0,_ZZN4Napi10ObjectWrapI9DisruptorE27StaticMethodCallbackWrapperEP10napi_env__P20napi_callback_info__ENKUlvE_clEv
FNDA:139179809,_ZN4Napi5ValueC2EP10napi_env__P12napi_value__
FNDA:11,_ZN4Napi12InstanceWrapI9DisruptorE13WrappedMethodIXadL_ZNS1_9SetStatusERKNS_12CallbackInfoERKNS_5ValueEEEEEP12napi_value__P10napi_env__P20napi_callback_info__
FNDA:488217,_ZNK4Napi8Function12MakeCallbackEP12napi_value__RKSt16initializer_listIS2_EP20napi_async_context__
FNDA:0,_ZN4Napi9TypeError3NewEP10napi_env__PKc
FNDA:0,_ZN4Napi10ObjectWrapI9DisruptorE18OnCalledAsFunctionERKNS_12CallbackInfoE
FNDA:0,_ZZN4Napi10ObjectWrapI9DisruptorE27StaticSetterCallbackWrapperEP10napi_env__P20napi_callback_info__ENKUlvE_clEv
FNDA:0,_ZN4Napi7details12WrapCallbackIZNS_10ObjectWrapI9DisruptorE27StaticGetterCallbackWrapperEP10napi_env__P20napi_callback_info__EUlvE_EEP12napi_value__T_
FNDA:0,_ZN4Napi12InstanceWrapI9DisruptorE33InstanceVoidMethodCallbackWrapperEP10napi_env__P20napi_callback_info__
FNDA:618517,_ZNK4Napi12CallbackInfoixEm
FNDA:604649,_ZN4Napi7details25TemplatedInstanceCallbackI9DisruptorXadL_ZNS2_23GetAllConsumersIgnoringERKNS_12CallbackInfoEEEEEP12napi_value__P10napi_env__P20napi_callback_info__
FNDA:5190064,_ZNK4Napi9ReferenceINS_8FunctionEE5ValueEv
FNDA:84312,_ZN4Napi7details25TemplatedInstanceCallbackI9DisruptorXadL_ZNS2_17ProduceClaimAvailERKNS_12CallbackInfoEEEEEP12napi_value__P10napi_env__P20napi_callback_info__
FNDA:15778,_ZN4Napi9ReferenceINS_8FunctionEE5ResetEv
FNDA:506,_ZNK4Napi6Object3SetINS_8FunctionEEEbPKcRKT_
FNDA:0,_ZN4Napi13CallbackScopeD0Ev
FNDA:222,_ZN4Napi7details12WrapCallbackIZNS0_25TemplatedInstanceCallbackI9DisruptorXadL_ZNS3_9GetCursorERKNS_12CallbackInfoEEEEEP12napi_value__P10napi_env__P20napi_callback_info__EUlvE_EES8_T_
FNDA:31587,_ZN4Napi9ReferenceINS_6BufferIhEEED2Ev
FNDA:0,_ZN4Napi7details12WrapCallbackIZNS_12InstanceWrapI9DisruptorE33InstanceVoidMethodCallbackWrapperEP10napi_env__P20napi_callback_info__EUlvE_EEP12napi_value__T_
FNDA:0,_ZZN4Napi7details10AttachDataINS_20AccessorCallbackDataI9DisruptorMS3_FNS_5ValueERKNS_12CallbackInfoEEMS3_FvS7_RKS4_EEEEE11napi_statusP10napi_env__P12napi_value__PT_PFvSH_PvSM_ESM_ENKUlSH_SM_SM_E_clESH_SM_SM_
FNDA:0,_ZN4Napi11AsyncWorker7OnErrorERKNS_5ErrorE
FNDA:506,_ZN4Napi12InstanceWrapI9DisruptorE16InstanceAccessorIXadL_ZNS1_11GetElementsERKNS_12CallbackInfoEEELMS1_FvS6_RKNS_5ValueEE0EEENS_23ClassPropertyDescriptorIS1_EEPKc24napi_property_attributesPv
FNDA:4758,_ZN4Napi10ObjectWrapI9DisruptorE8FinalizeENS_3EnvE
FNDA:5763,_ZN4Napi6BufferIhEC2EP10napi_env__P12napi_value__mPh
FNDA:506,_ZZN4Napi14RegisterModuleEP10napi_env__P12napi_value__PFNS_6ObjectENS_3EnvES4_EENKUlvE_clEv
FNDA:0,_ZZN4Napi12InstanceWrapI9DisruptorE29InstanceMethodCallbackWrapperEP10napi_env__P20napi_callback_info__ENKUlvE_clEv
FNDA:36221262,_ZN4Napi12CallbackInfoD2Ev
FNDA:13,_ZZN4Napi7details25TemplatedInstanceCallbackI9DisruptorXadL_ZNS2_14ConsumeNewSyncERKNS_12CallbackInfoEEEEEP12napi_value__P10napi_env__P20napi_callback_info__ENKUlvE_clEv
FNDA:3596153,_ZN4Napi11AsyncWorker19OnAsyncWorkCompleteEP10napi_env__11napi_statusPv
FNDA:0,_ZN4Napi5Error3NewEP10napi_env__
FNDA:506,_ZN4Napi12InstanceWrapI9DisruptorE16InstanceAccessorIXadL_ZNS1_12GetConsumersERKNS_12CallbackInfoEEELMS1_FvS6_RKNS_5ValueEE0EEENS_23ClassPropertyDescriptorIS1_EEPKc24napi_property_attributesPv
FNDA:506,_ZN4Napi12InstanceWrapI9DisruptorE14InstanceMethodIXadL_ZNS1_13ProduceCommitERKNS_12CallbackInfoEEEEENS_23ClassPropertyDescriptorIS1_EEPKc24napi_property_attributesPv
FNDA:17289,_ZN4Napi9ReferenceINS_6BufferIhEEE3NewERKS2_j
FNDA:0,_ZNK4Napi15ObjectReference3GetEPKc
FNDA:0,_ZN4Napi12AsyncContextD2Ev
FNDA:0,_ZZN4Napi12InstanceWrapI9DisruptorE29InstanceSetterCallbackWrapperEP10napi_env__P20napi_callback_info__ENKUlvE_clEv
FNDA:0,_ZZN4Napi12InstanceWrapI9DisruptorE29InstanceGetterCallbackWrapperEP10napi_env__P20napi_callback_info__ENKUlvE_clEv
FNDA:519445,_ZN4Napi7details25TemplatedInstanceCallbackI9DisruptorXadL_ZNS2_12ProduceClaimERKNS_12CallbackInfoEEEEEP12napi_value__P10napi_env__P20napi_callback_info__
FNDA:0,_ZZN4Napi7details10AttachDataINS_20AccessorCallbackDataI9DisruptorPFNS_5ValueERKNS_12CallbackInfoEEPFvS7_RKS4_EEEEE11napi_statusP10napi_env__P12napi_value__PT_PFvSH_PvSM_ESM_ENKUlSH_SM_SM_E_clESH_SM_SM_
FNDA:1593911,_ZNK4Napi5Value2AsINS_6BufferIhEEEET_v
FNDA:5771,_ZN4Napi7details12WrapCallbackIZNS_10ObjectWrapI9DisruptorE26ConstructorCallbackWrapperEP10napi_env__P20napi_callback_info__EUlvE0_EEP12napi_value__T_
FNDA:5779,_ZN4Napi4NameC2EP10napi_env__P12napi_value__
FNDA:5257,_ZZN4Napi7details29TemplatedInstanceVoidCallbackI9DisruptorXadL_ZNS2_7ReleaseERKNS_12CallbackInfoEEEEEP12napi_value__P10napi_env__P20napi_callback_info__ENKUlvE_clEv
FNDA:2,_ZZN4Napi7details25TemplatedInstanceCallbackI9DisruptorXadL_ZNS2_21ProduceClaimAvailSyncERKNS_12CallbackInfoEEEEEP12napi_value__P10napi_env__P20napi_callback_info__ENKUlvE_clEv
FNDA:12,_ZN4Napi7details25TemplatedInstanceCallbackI9DisruptorXadL_ZNS2_12GetConsumersERKNS_12CallbackInfoEEEEEP12napi_value__P10napi_env__P20napi_callback_info__
FNDA:23993822,_ZN4Napi6NumberC2EP10napi_env__P12napi_value__
FNDA:76,_ZN4Napi7details25TemplatedInstanceCallbackI9DisruptorXadL_ZNS2_14ProduceRecoverERKNS_12CallbackInfoEEEEEP12napi_value__P10napi_env__P20napi_callback_info__
FNDA:0,_ZN4Napi7details12WrapCallbackIZNS_12InstanceWrapI9DisruptorE29InstanceMethodCallbackWrapperEP10napi_env__P20napi_callback_info__EUlvE_EEP12napi_value__T_
FNDA:8,_ZN4Napi15ObjectReferenceC2EP10napi_env__P10napi_ref__
FNDA:506,_ZN4Napi12InstanceWrapI9DisruptorE14InstanceMethodIXadL_ZNS1_17ProduceCommitSyncERKNS_12CallbackInfoEEEEENS_23ClassPropertyDescriptorIS1_EEPKc24napi_property_attributesPv
FNDA:12550,_ZNK4Napi5Value2AsINS_7BooleanEEET_v
FNDA:506,_ZN4Napi7details12WrapCallbackIZNS_14RegisterModuleEP10napi_env__P12napi_value__PFNS_6ObjectENS_3EnvES6_EEUlvE_EES5_T_
FNDA:76,_ZN4Napi7details12WrapCallbackIZNS0_25TemplatedInstanceCallbackI9DisruptorXadL_ZNS3_14ProduceRecoverERKNS_12CallbackInfoEEEEEP12napi_value__P10napi_env__P20napi_callback_info__EUlvE_EES8_T_
FNDA:222,_ZN4Napi7details25TemplatedInstanceCallbackI9DisruptorXadL_ZNS2_9GetCursorERKNS_12CallbackInfoEEEEEP12napi_value__P10napi_env__P20napi_callback_info__
FNDA:3596153,_ZN4Napi11AsyncWorkerC2ERKNS_6ObjectERKNS_8FunctionEPKcS3_
FNDA:106177516,_ZNK4Napi3EnvcvP10napi_env__Ev
FNDA:222,_ZZN4Napi7details25TemplatedInstanceCallbackI9DisruptorXadL_ZNS2_7GetNextERKNS_12CallbackInfoEEEEEP12napi_value__P10napi_env__P20napi_callback_info__ENKUlvE_clEv
FNDA:222,_ZN4Napi7details12WrapCallbackIZNS0_25TemplatedInstanceCallbackI9DisruptorXadL_ZNS3_7GetNextERKNS_12CallbackInfoEEEEEP12napi_value__P10napi_env__P20napi_callback_info__EUlvE_EES8_T_
[...]
FNDA:11526,_ZNSt15__uniq_ptr_implIi7CloseFDE6_M_ptrEv
FNDA:5763,_ZNSt15__uniq_ptr_implIi7CloseFDE10_M_deleterEv
FNDA:355470,_ZNSt15__uniq_ptr_implISt6vectorI11AsyncBufferSaIS1_EESt14default_deleteIS3_EEC2EOS6_
FNDA:5178028,_ZNSt15__uniq_ptr_implISt6vectorI11AsyncBufferSaIS1_EESt14default_deleteIS3_EE10_M_deleterEv
FNDA:6045,_ZNKSt10unique_ptrIi7CloseFDE3getEv
FNDA:11066996,_ZNSt15__uniq_ptr_implISt6vectorI11AsyncBufferSaIS1_EESt14default_deleteIS3_EE6_M_ptrEv
FNDA:2944484,_ZNSt10unique_ptrISt6vectorI11AsyncBufferSaIS1_EESt14default_deleteIS3_EED2Ev
FNDA:2589014,_ZNKSt14default_deleteISt6vectorI11AsyncBufferSaIS1_EEEclEPS3_
FNDA:1294507,_ZNSt15__uniq_ptr_implISt6vectorI11AsyncBufferSaIS1_EESt14default_deleteIS3_EE5resetEPS3_
FNDA:711040,_ZNKSt10unique_ptrISt6vectorI11AsyncBufferSaIS1_EESt14default_deleteIS3_EEdeEv
FNDA:6045,_ZNKSt10unique_ptrIi7CloseFDEdeEv
FNDA:1294507,_ZNSt10unique_ptrISt6vectorI11AsyncBufferSaIS1_EESt14default_deleteIS3_EE11get_deleterEv
FNDA:1294507,_ZNSt15__uniq_ptr_implISt6vectorI11AsyncBufferSaIS1_EESt14default_deleteIS3_EE7releaseEv
FNDA:5763,_ZNSt10unique_ptrIi7CloseFDED2Ev
FNDA:2589014,_ZSt11make_uniqueISt6vectorI11AsyncBufferSaIS1_EEJEENSt8__detail9_MakeUniqIT_E15__single_objectEDpOT0_
FNDA:6045,_ZNKSt15__uniq_ptr_implIi7CloseFDE6_M_ptrEv
FNDA:5763,_ZNSt10unique_ptrIi7CloseFDEC2IS0_vEEPi
FNDA:5763,_ZNSt10unique_ptrIi7CloseFDE11get_deleterEv
FNF:29
FNH:29
DA:89,2589014
DA:95,2589014
DA:96,2589014
DA:168,2594777
DA:176,355470
DA:177,355470
DA:178,355470
DA:181,1294507
DA:183,1294507
DA:184,1294507
DA:185,1294507
DA:189,11078522
DA:191,3078107
DA:193,5183791
DA:198,1294507
DA:200,1294507
DA:201,1294507
DA:202,1294507
DA:203,1294507
DA:204,1294507
DA:207,1294507
DA:209,1294507
DA:210,1294507
DA:211,1294507
DA:234,355470
DA:235,1294507
DA:309,2594777
DA:310,2594777
DA:311,2594777
DA:358,355470
DA:390,2950247
DA:394,2950247
DA:395,2950247
DA:396,1300270
DA:397,2950247
DA:398,2950247
DA:406,1294507
DA:443,717085
DA:445,717085
DA:446,717085
DA:452,2361022
DA:455,2361022
DA:461,3078107
DA:462,3078107
DA:467,1300270
DA:468,1300270
DA:1064,2589014
DA:1065,2589014
LF:48
LH:48
end_of_record
TN:
SF:/usr/include/c++/12/bits/unordered_set.h
FN:135,_ZNSt13unordered_setIPhSt4hashIS0_ESt8equal_toIS0_ESaIS0_EEC2Ev
FN:334,_ZNSt13unordered_setIPhSt4hashIS0_ESt8equal_toIS0_ESaIS0_EE3endEv
FN:377,_ZNSt13unordered_setIPhSt4hashIS0_ESt8equal_toIS0_ESaIS0_EE7emplaceIJRS0_EEESt4pairINSt8__detail14_Node_iteratorIS0_Lb1ELb0EEEbEDpOT_
FN:545,_ZNSt13unordered_setIPhSt4hashIS0_ESt8equal_toIS0_ESaIS0_EE5eraseERKS0_
FN:650,_ZNSt13unordered_setIPhSt4hashIS0_ESt8equal_toIS0_ESaIS0_EE4findERKS0_
FNDA:254,_ZNSt13unordered_setIPhSt4hashIS0_ESt8equal_toIS0_ESaIS0_EEC2Ev
FNDA:4758,_ZNSt13unordered_setIPhSt4hashIS0_ESt8equal_toIS0_ESaIS0_EE5eraseERKS0_
FNDA:9818,_ZNSt13unordered_setIPhSt4hashIS0_ESt8equal_toIS0_ESaIS0_EE4findERKS0_
FNDA:9818,_ZNSt13unordered_setIPhSt4hashIS0_ESt8equal_toIS0_ESaIS0_EE3endEv
FNDA:5763,_ZNSt13unordered_setIPhSt4hashIS0_ESt8equal_toIS0_ESaIS0_EE7emplaceIJRS0_EEESt4pairINSt8__detail14_Node_iteratorIS0_Lb1ELb0EEEbEDpOT_
FNF:5
FNH:5
DA:135,254
DA:334,9818
DA:335,9818
DA:377,5763
DA:378,5763
DA:545,4758
DA:546,4758
DA:650,9818
DA:651,9818
LF:9
LH:9
end_of_record
TN:
SF:/usr/include/c++/12/bits/vector.tcc
FN:626,_ZNSt6vectorI11AsyncBufferSaIS0_EE17_M_default_appendEm
FNDA:355520,_ZNSt6vectorI11AsyncBufferSaIS0_EE17_M_default_appendEm
FNF:1
FNH:1
DA:626,355520
DA:629,355520
DA:631,355520
DA:632,355520
DA:633,355520
DA:635,355520
DA:636,0
DA:638,355520
DA:641,0
DA:642,0
DA:643,0
DA:649,355520
DA:650,355520
DA:655,355520
DA:656,355520
DA:658,0
DA:660,0
DA:661,0
DA:663,355520
DA:664,355520
DA:690,355520
DA:691,355520
DA:692,355520
DA:693,355520
DA:694,355520
DA:695,355520
DA:698,355520
LF:27
LH:20
end_of_record
TN:
SF:/usr/include/c++/12/ext/aligned_buffer.h
FN:102,_ZN9__gnu_cxx16__aligned_bufferIPhE7_M_addrEv
FN:108,_ZNK9__gnu_cxx16__aligned_bufferIPhE7_M_addrEv
FN:114,_ZN9__gnu_cxx16__aligned_bufferIPhE6_M_ptrEv
FN:118,_ZNK9__gnu_cxx16__aligned_bufferIPhE6_M_ptrEv
FNDA:50442,_ZNK9__gnu_cxx16__aligned_bufferIPhE7_M_addrEv
FNDA:50442,_ZNK9__gnu_cxx16__aligned_bufferIPhE6_M_ptrEv
FNDA:16284,_ZN9__gnu_cxx16__aligned_bufferIPhE6_M_ptrEv
FNDA:16284,_ZN9__gnu_cxx16__aligned_bufferIPhE7_M_addrEv
FNF:4
FNH:4
DA:102,16284
DA:104,16284
DA:108,50442
DA:110,50442
DA:114,16284
DA:115,16284
DA:118,50442
DA:119,50442
LF:8
LH:8
end_of_record
TN:
SF:/usr/include/c++/12/initializer_list
FN:71,_ZNKSt16initializer_listIP12napi_value__E4sizeEv
FN:71,_ZNKSt16initializer_listIN4Napi23ClassPropertyDescriptorI9DisruptorEEE4sizeEv
FN:75,_ZNKSt16initializer_listIP12napi_value__E5beginEv
FN:75,_ZNKSt16initializer_listIN4Napi23ClassPropertyDescriptorI9DisruptorEEE5beginEv
FNDA:506,_ZNKSt16initializer_listIN4Napi23ClassPropertyDescriptorI9DisruptorEEE4sizeEv
FNDA:2082128,_ZNKSt16initializer_listIP12napi_value__E4sizeEv
FNDA:506,_ZNKSt16initializer_listIN4Napi23ClassPropertyDescriptorI9DisruptorEEE5beginEv
FNDA:2082128,_ZNKSt16initializer_listIP12napi_value__E5beginEv
FNF:4
FNH:4
DA:71,2082634
DA:75,2082634
LF:2
LH:2
end_of_record
TN:
SF:/usr/include/c++/12/new
FN:174,_ZnwmPv
FN:180,_ZdlPvS_
FNDA:367602,_ZnwmPv
FNDA:0,_ZdlPvS_
FNF:2
FNH:1
DA:174,367602
DA:175,367602
DA:180,0
LF:3
LH:2
end_of_record
TN:
SF:/usr/include/c++/12/tuple
FN:80,_ZNSt10_Head_baseILm1E7CloseFDLb1EEC2Ev
FN:80,_ZNSt10_Head_baseILm1ESt14default_deleteISt6vectorI11AsyncBufferSaIS2_EEELb1EEC2Ev
FN:124,_ZNSt10_Head_baseILm1ESt14default_deleteISt6vectorI11AsyncBufferSaIS2_EEELb1EE7_M_headERS6_
FN:124,_ZNSt10_Head_baseILm1E7CloseFDLb1EE7_M_headERS1_
FN:189,_ZNSt10_Head_baseILm0EPiLb0EEC2Ev
FN:189,_ZNSt10_Head_baseILm0EPSt6vectorI11AsyncBufferSaIS1_EELb0EEC2Ev
FN:233,_ZNSt10_Head_baseILm0EPSt6vectorI11AsyncBufferSaIS1_EELb0EE7_M_headERS5_
FN:233,_ZNSt10_Head_baseILm0EPiLb0EE7_M_headERS1_
FN:236,_ZNSt10_Head_baseILm0EPiLb0EE7_M_headERKS1_
FN:236,_ZNSt10_Head_baseILm0EPSt6vectorI11AsyncBufferSaIS1_EELb0EE7_M_headERKS5_
FN:268,_ZNSt11_Tuple_implILm0EJPSt6vectorI11AsyncBufferSaIS1_EESt14default_deleteIS3_EEE7_M_headERS7_
FN:268,_ZNSt11_Tuple_implILm0EJPi7CloseFDEE7_M_headERS2_
FN:271,_ZNSt11_Tuple_implILm0EJPi7CloseFDEE7_M_headERKS2_
FN:271,_ZNSt11_Tuple_implILm0EJPSt6vectorI11AsyncBufferSaIS1_EESt14default_deleteIS3_EEE7_M_headERKS7_
FN:279,_ZNSt11_Tuple_implILm0EJPSt6vectorI11AsyncBufferSaIS1_EESt14default_deleteIS3_EEEC2Ev
FN:279,_ZNSt11_Tuple_implILm0EJPi7CloseFDEEC2Ev
FN:301,_ZNSt11_Tuple_implILm0EJPSt6vectorI11AsyncBufferSaIS1_EESt14default_deleteIS3_EEEC2EOS7_
FN:424,_ZNSt11_Tuple_implILm1EJ7CloseFDEE7_M_headERS1_
FN:424,_ZNSt11_Tuple_implILm1EJSt14default_deleteISt6vectorI11AsyncBufferSaIS2_EEEEE7_M_headERS6_
FN:430,_ZNSt11_Tuple_implILm1EJ7CloseFDEEC2Ev
FN:430,_ZNSt11_Tuple_implILm1EJSt14default_deleteISt6vectorI11AsyncBufferSaIS2_EEEEEC2Ev
FN:454,_ZNSt11_Tuple_implILm1EJSt14default_deleteISt6vectorI11AsyncBufferSaIS2_EEEEEC2EOS6_
FN:1049,_ZNSt5tupleIJPSt6vectorI11AsyncBufferSaIS1_EESt14default_deleteIS3_EEEC2ILb1ELb1EEEv
FN:1049,_ZNSt5tupleIJPi7CloseFDEEC2ILb1ELb1EEEv
FN:1090,_ZNSt5tupleIJPSt6vectorI11AsyncBufferSaIS1_EESt14default_deleteIS3_EEEC2EOS7_
FN:1364,_ZSt12__get_helperILm0EPiJ7CloseFDEERT0_RSt11_Tuple_implIXT_EJS2_DpT1_EE
FN:1364,_ZSt12__get_helperILm1ESt14default_deleteISt6vectorI11AsyncBufferSaIS2_EEEJEERT0_RSt11_Tuple_implIXT_EJS6_DpT1_EE
FN:1364,_ZSt12__get_helperILm1E7CloseFDJEERT0_RSt11_Tuple_implIXT_EJS1_DpT1_EE
FN:1364,_ZSt12__get_helperILm0EPSt6vectorI11AsyncBufferSaIS1_EEJSt14default_deleteIS3_EEERT0_RSt11_Tuple_implIXT_EJS7_DpT1_EE
FN:1369,_ZSt12__get_helperILm0EPSt6vectorI11AsyncBufferSaIS1_EEJSt14default_deleteIS3_EEERKT0_RKSt11_Tuple_implIXT_EJS7_DpT1_EE
FN:1369,_ZSt12__get_helperILm0EPiJ7CloseFDEERKT0_RKSt11_Tuple_implIXT_EJS2_DpT1_EE
FN:1380,_ZSt3getILm1EJPSt6vectorI11AsyncBufferSaIS1_EESt14default_deleteIS3_EEERNSt13tuple_elementIXT_ESt5tupleIJDpT0_EEE4typeERSB_
FN:1380,_ZSt3getILm0EJPSt6vectorI11AsyncBufferSaIS1_EESt14default_deleteIS3_EEERNSt13tuple_elementIXT_ESt5tupleIJDpT0_EEE4typeERSB_
FN:1380,_ZSt3getILm1EJPi7CloseFDEERNSt13tuple_elementIXT_ESt5tupleIJDpT0_EEE4typeERS6_
FN:1380,_ZSt3getILm0EJPi7CloseFDEERNSt13tuple_elementIXT_ESt5tupleIJDpT0_EEE4typeERS6_
FN:1386,_ZSt3getILm0EJPSt6vectorI11AsyncBufferSaIS1_EESt14default_deleteIS3_EEERKNSt13tuple_elementIXT_ESt5tupleIJDpT0_EEE4typeERKSB_
FN:1386,_ZSt3getILm0EJPi7CloseFDEERKNSt13tuple_elementIXT_ESt5tupleIJDpT0_EEE4typeERKS6_
FNDA:355470,_ZNSt5tupleIJPSt6vectorI11AsyncBufferSaIS1_EESt14default_deleteIS3_EEEC2EOS7_
FNDA:5178028,_ZSt3getILm1EJPSt6vectorI11AsyncBufferSaIS1_EESt14default_deleteIS3_EEERNSt13tuple_elementIXT_ESt5tupleIJDpT0_EEE4typeERSB_
FNDA:3072062,_ZSt12__get_helperILm0EPSt6vectorI11AsyncBufferSaIS1_EEJSt14default_deleteIS3_EEERKT0_RKSt11_Tuple_implIXT_EJS7_DpT1_EE
FNDA:5763,_ZNSt10_Head_baseILm0EPiLb0EEC2Ev
FNDA:355470,_ZNSt11_Tuple_implILm0EJPSt6vectorI11AsyncBufferSaIS1_EESt14default_deleteIS3_EEEC2EOS7_
FNDA:11066996,_ZSt3getILm0EJPSt6vectorI11AsyncBufferSaIS1_EESt14default_deleteIS3_EEERNSt13tuple_elementIXT_ESt5tupleIJDpT0_EEE4typeERSB_
FNDA:6045,_ZNSt11_Tuple_implILm0EJPi7CloseFDEE7_M_headERKS2_
FNDA:6045,_ZNSt10_Head_baseILm0EPiLb0EE7_M_headERKS1_
FNDA:355470,_ZNSt11_Tuple_implILm1EJSt14default_deleteISt6vectorI11AsyncBufferSaIS2_EEEEEC2EOS6_
FNDA:11526,_ZNSt10_Head_baseILm0EPiLb0EE7_M_headERS1_
FNDA:5763,_ZNSt11_Tuple_implILm1EJ7CloseFDEE7_M_headERS1_
FNDA:11066996,_ZNSt10_Head_baseILm0EPSt6vectorI11AsyncBufferSaIS1_EELb0EE7_M_headERS5_
FNDA:5178028,_ZSt12__get_helperILm1ESt14default_deleteISt6vectorI11AsyncBufferSaIS2_EEEJEERT0_RSt11_Tuple_implIXT_EJS6_DpT1_EE
FNDA:11526,_ZSt12__get_helperILm0EPiJ7CloseFDEERT0_RSt11_Tuple_implIXT_EJS2_DpT1_EE
FNDA:5763,_ZNSt11_Tuple_implILm1EJ7CloseFDEEC2Ev
FNDA:5763,_ZSt3getILm1EJPi7CloseFDEERNSt13tuple_elementIXT_ESt5tupleIJDpT0_EEE4typeERS6_
FNDA:5178028,_ZNSt10_Head_baseILm1ESt14default_deleteISt6vectorI11AsyncBufferSaIS2_EEELb1EE7_M_headERS6_
FNDA:3072062,_ZNSt11_Tuple_implILm0EJPSt6vectorI11AsyncBufferSaIS1_EESt14default_deleteIS3_EEE7_M_headERKS7_
FNDA:5763,_ZNSt10_Head_baseILm1E7CloseFDLb1EEC2Ev
FNDA:2589014,_ZNSt11_Tuple_implILm1EJSt14default_deleteISt6vectorI11AsyncBufferSaIS2_EEEEEC2Ev
FNDA:11066996,_ZNSt11_Tuple_implILm0EJPSt6vectorI11AsyncBufferSaIS1_EESt14default_deleteIS3_EEE7_M_headERS7_
FNDA:2589014,_ZNSt10_Head_baseILm1ESt14default_deleteISt6vectorI11AsyncBufferSaIS2_EEELb1EEC2Ev
FNDA:2589014,_ZNSt10_Head_baseILm0EPSt6vectorI11AsyncBufferSaIS1_EELb0EEC2Ev
FNDA:2589014,_ZNSt5tupleIJPSt6vectorI11AsyncBufferSaIS1_EESt14default_deleteIS3_EEEC2ILb1ELb1EEEv
FNDA:6045,_ZSt12__get_helperILm0EPiJ7CloseFDEERKT0_RKSt11_Tuple_implIXT_EJS2_DpT1_EE
FNDA:11526,_ZNSt11_Tuple_implILm0EJPi7CloseFDEE7_M_headERS2_
FNDA:2589014,_ZNSt11_Tuple_implILm0EJPSt6vectorI11AsyncBufferSaIS1_EESt14default_deleteIS3_EEEC2Ev
FNDA:5178028,_ZNSt11_Tuple_implILm1EJSt14default_deleteISt6vectorI11AsyncBufferSaIS2_EEEEE7_M_headERS6_
FNDA:3072062,_ZSt3getILm0EJPSt6vectorI11AsyncBufferSaIS1_EESt14default_deleteIS3_EEERKNSt13tuple_elementIXT_ESt5tupleIJDpT0_EEE4typeERKSB_
FNDA:5763,_ZNSt11_Tuple_implILm0EJPi7CloseFDEEC2Ev
FNDA:5763,_ZNSt5tupleIJPi7CloseFDEEC2ILb1ELb1EEEv
FNDA:5763,_ZSt12__get_helperILm1E7CloseFDJEERT0_RSt11_Tuple_implIXT_EJS1_DpT1_EE
FNDA:5763,_ZNSt10_Head_baseILm1E7CloseFDLb1EE7_M_headERS1_
FNDA:3072062,_ZNSt10_Head_baseILm0EPSt6vectorI11AsyncBufferSaIS1_EELb0EE7_M_headERKS5_
FNDA:11066996,_ZSt12__get_helperILm0EPSt6vectorI11AsyncBufferSaIS1_EEJSt14default_deleteIS3_EEERT0_RSt11_Tuple_implIXT_EJS7_DpT1_EE
FNDA:11526,_ZSt3getILm0EJPi7CloseFDEERNSt13tuple_elementIXT_ESt5tupleIJDpT0_EEE4typeERS6_
FNDA:6045,_ZSt3getILm0EJPi7CloseFDEERKNSt13tuple_elementIXT_ESt5tupleIJDpT0_EEE4typeERKS6_
FNF:37
FNH:37
DA:80,2594777
DA:81,2594777
DA:124,5183791
DA:189,2594777
DA:190,2594777
DA:233,11078522
DA:236,3078107
DA:268,11078522
DA:271,3078107
DA:279,2594777
DA:280,2594777
DA:301,355470
DA:424,5183791
DA:430,2594777
DA:431,2594777
DA:454,355470
DA:457,355470
DA:1049,2594777
DA:1051,2594777
DA:1090,355470
DA:1364,16262313
DA:1365,16262313
DA:1369,3078107
DA:1370,3078107
DA:1380,16262313
DA:1381,16262313
DA:1386,3078107
DA:1387,3078107
LF:28
LH:28
end_of_record
TN:
SF:/usr/include/x86_64-linux-gnu/c++/12/bits/c++config.h
FN:516,_ZSt23__is_constant_evaluatedv
FNDA:717085,_ZSt23__is_constant_evaluatedv
FNF:1
FNH:1
DA:516,717085
DA:523,717085
LF:2
LH:2
end_of_record
TN:
SF:/usr/include/x86_64-linux-gnu/c++/12/bits/gthr-default.h
FN:300,_ZL18__gthread_active_pv
FN:746,_ZL20__gthread_mutex_lockP15pthread_mutex_t
FN:776,_ZL22__gthread_mutex_unlockP15pthread_mutex_t
FNDA:16790,_ZL20__gthread_mutex_lockP15pthread_mutex_t
FNDA:33580,_ZL18__gthread_active_pv
FNDA:16790,_ZL22__gthread_mutex_unlockP15pthread_mutex_t
FNF:3
FNH:3
DA:300,33580
DA:302,33580
DA:746,16790
DA:748,16790
DA:749,16790
DA:751,0
DA:776,16790
DA:778,16790
DA:779,16790
DA:781,0
LF:10
LH:8
end_of_record
TN:
SF:lib/disruptor.js
FN:8,check
FN:18,Disruptor2
FN:54,_consumeNew
FN:61,consumeNew
FN:71,_produceClaim
FN:80,produceClaim
FN:90,_produceClaimMany
FN:99,produceClaimMany
FN:109,_produceClaimAvail
FN:118,produceClaimAvail
FN:128,_produceCommit
FN:138,produceCommit
FN:160,DisruptorReadStream
FN:172,__read
FN:195,_read
FN:221,read_again
FN:235,DisruptorWriteStream
FN:247,_write
FN:282,_final
FN:287,_destroy
FN:298,_commit
FN:324,commit_again
FN:328,write_again
FNDA:16,DisruptorWriteStream
FNDA:521618,_produceCommit
FNDA:7074862,consumeNew
FNDA:1,commit_again
FNDA:2164,_commit
FNDA:5771,Disruptor2
FNDA:40,_produceClaimMany
FNDA:519445,_produceClaim
FNDA:40,produceClaimMany
FNDA:6128592,__read
FNDA:84312,produceClaimAvail
FNDA:2012,DisruptorReadStream
FNDA:2024,_destroy
FNDA:519445,produceClaim
FNDA:84304,_write
FNDA:521618,produceCommit
FNDA:6125578,read_again
FNDA:84312,_produceClaimAvail
FNDA:83290,write_again
FNDA:6235515,_read
FNDA:7074862,_consumeNew
FNDA:5,_final
FNDA:8200277,check
FNF:23
FNH:23
BRDA:1,0,0,506
BRDA:8,1,0,8200277
BRDA:11,2,0,7713704
BRDA:18,3,0,5771
BRDA:22,4,0,6529800
BRDA:23,5,0,6529800
BRDA:28,6,0,467557
BRDA:29,7,0,467557
BRDA:34,8,0,27
BRDA:35,9,0,27
BRDA:40,10,0,84308
BRDA:41,11,0,84308
BRDA:46,12,0,469725
BRDA:47,13,0,2163
BRDA:50,14,0,467562
BRDA:54,15,0,7074862
BRDA:61,16,0,7074862
BRDA:64,17,0,545062
BRDA:67,18,0,6529800
BRDA:71,19,0,519445
BRDA:80,20,0,519445
BRDA:83,21,0,51888
BRDA:86,22,0,467557
BRDA:90,23,0,40
BRDA:99,24,0,40
BRDA:102,25,0,13
BRDA:105,26,0,27
BRDA:109,27,0,84312
BRDA:118,28,0,84312
BRDA:121,29,0,4
BRDA:124,30,0,84308
BRDA:128,31,0,521618
BRDA:131,32,0,2171
BRDA:134,33,0,519447
BRDA:138,34,0,521618
BRDA:141,35,0,2171
BRDA:143,36,0,8
BRDA:146,37,0,2163
BRDA:149,38,0,520618
BRDA:149,39,0,519447
BRDA:151,40,0,51885
BRDA:154,41,0,467562
BRDA:160,42,0,2012
BRDA:162,43,0,1
BRDA:165,44,0,2011
BRDA:165,45,0,1
BRDA:168,46,0,2010
BRDA:172,47,0,6128592
BRDA:173,48,0,1
BRDA:176,49,0,6128591
BRDA:179,50,0,6128590
BRDA:182,51,0,1
BRDA:186,52,0,6128591
BRDA:187,53,0,1001
BRDA:192,54,0,6127590
BRDA:195,55,0,6235515
BRDA:196,56,0,107927
BRDA:199,57,0,6127588
BRDA:200,58,0,6126585
BRDA:201,59,0,107926
BRDA:202,60,0,107924
BRDA:205,61,0,6018659
BRDA:205,62,0,1004
BRDA:213,63,0,6017655
BRDA:213,64,0,1
BRDA:215,65,0,6017654
BRDA:221,66,0,6125578
BRDA:222,67,0,6125578
BRDA:225,68,0,2010
BRDA:226,69,0,1001
BRDA:228,70,0,1009
BRDA:235,71,0,16
BRDA:237,72,0,1
BRDA:240,73,0,15
BRDA:240,74,0,1
BRDA:243,75,0,14
BRDA:247,76,0,84304
BRDA:248,77,0,1
BRDA:251,78,0,84303
BRDA:258,79,0,84302
BRDA:259,80,0,1
BRDA:263,81,0,84302
BRDA:264,82,0,1
BRDA:268,83,0,84301
BRDA:269,84,0,2167
BRDA:273,85,0,84301
BRDA:273,86,0,82138
BRDA:274,87,0,1
BRDA:277,88,0,82137
BRDA:279,89,0,2163
BRDA:282,90,0,5
BRDA:287,91,0,14
BRDA:288,92,0,6
BRDA:291,93,0,2
BRDA:293,94,0,12
BRDA:298,95,0,2164
BRDA:299,96,0,1
BRDA:302,97,0,2163
BRDA:306,98,0,2162
BRDA:306,99,0,1
BRDA:310,100,0,2162
BRDA:311,101,0,1
BRDA:315,102,0,2161
BRDA:315,103,0,1
BRDA:318,104,0,2160
BRDA:318,105,0,1153
BRDA:321,106,0,1007
BRDA:324,107,0,1
BRDA:325,108,0,1
BRDA:328,109,0,83290
BRDA:329,110,0,83290
BRF:111
BRH:111
DA:1,506
DA:2,506
DA:3,506
DA:4,506
DA:5,506
DA:6,506
DA:7,506
DA:8,8200277
DA:9,8200277
DA:10,8200277
DA:11,8200277
DA:12,7713704
DA:13,7713704
DA:14,8200277
DA:15,506
DA:16,506
DA:17,506
DA:18,506
DA:19,5771
DA:20,5771
DA:21,5771
DA:22,5771
DA:23,6529800
DA:24,6529800
DA:25,6529800
DA:26,5771
DA:27,5771
DA:28,5771
DA:29,467557
DA:30,467557
DA:31,467557
DA:32,5771
DA:33,5771
DA:34,5771
DA:35,27
DA:36,27
DA:37,27
DA:38,5771
DA:39,5771
DA:40,5771
DA:41,84308
DA:42,84308
DA:43,84308
DA:44,5771
DA:45,5771
DA:46,5771
DA:47,469725
DA:48,2163
DA:49,2163
DA:50,467562
DA:51,5771
DA:52,5771
DA:53,506
DA:54,506
DA:55,7074862
DA:56,7074862
DA:57,7074862
DA:58,7074862
DA:59,7074862
DA:60,506
DA:61,506
DA:62,7074862
DA:63,7074862
DA:64,7074862
DA:65,545062
DA:66,545062
DA:67,6529800
DA:68,6529800
DA:69,7074862
DA:70,506
DA:71,506
DA:72,519445
DA:73,519445
DA:74,519445
DA:75,519445
DA:76,519445
DA:77,519445
DA:78,519445
DA:79,506
DA:80,506
DA:81,519445
DA:82,519445
DA:83,519445
DA:84,51888
DA:85,51888
DA:86,467557
DA:87,467557
DA:88,519445
DA:89,506
DA:90,506
DA:91,40
DA:92,40
DA:93,40
DA:94,40
DA:95,40
DA:96,40
DA:97,40
DA:98,506
DA:99,506
DA:100,40
DA:101,40
DA:102,40
DA:103,13
DA:104,13
DA:105,27
DA:106,27
DA:107,40
DA:108,506
DA:109,506
DA:110,84312
DA:111,84312
DA:112,84312
DA:113,84312
DA:114,84312
DA:115,84312
DA:116,84312
DA:117,506
DA:118,506
DA:119,84312
DA:120,84312
DA:121,84312
DA:122,4
DA:123,4
DA:124,84308
DA:125,84308
DA:126,84312
DA:127,506
DA:128,506
DA:129,521618
DA:130,521618
DA:131,521618
DA:132,2171
DA:133,2171
DA:134,519447
DA:135,519447
DA:136,521618
DA:137,506
DA:138,506
DA:139,521618
DA:140,521618
DA:141,521618
DA:142,2171
DA:143,2171
DA:144,8
DA:145,8
DA:146,2163
DA:147,2163
DA:148,2163
DA:149,519447
DA:150,519447
DA:151,520618
DA:152,51885
DA:153,51885
DA:154,467562
DA:155,467562
DA:156,521618
DA:157,506
DA:158,506
DA:159,506
DA:160,506
DA:161,2012
DA:162,2012
DA:163,1
DA:164,1
DA:165,2012
DA:166,1
DA:167,1
DA:168,2010
DA:169,2010
DA:170,2012
DA:171,506
DA:172,506
DA:173,6128592
DA:174,1
DA:175,1
DA:176,6128591
DA:177,6128591
DA:178,6128591
DA:179,6128592
DA:180,6128590
DA:181,6128590
DA:182,6128592
DA:183,1
DA:184,1
DA:185,1
DA:186,6128591
DA:187,6128592
DA:188,1001
DA:189,1001
DA:190,1001
DA:191,1001
DA:192,6127590
DA:193,6128592
DA:194,506
DA:195,506
DA:196,6235515
DA:197,107927
DA:198,107927
DA:199,6127588
DA:200,6235515
DA:201,6126585
DA:202,107926
DA:203,107924
DA:204,107924
DA:205,6126585
DA:206,1004
DA:207,1004
DA:208,1004
DA:209,1004
DA:210,1004
DA:211,1004
DA:212,1004
DA:213,6018659
DA:214,1
DA:215,6017655
DA:216,6017654
DA:217,6017654
DA:218,6126585
DA:219,6235515
DA:220,506
DA:221,506
DA:222,6125578
DA:223,6125578
DA:224,506
DA:225,506
DA:226,2010
DA:227,1001
DA:228,2010
DA:229,1009
DA:230,1009
DA:231,2010
DA:232,506
DA:233,506
DA:234,506
DA:235,506
DA:236,16
DA:237,16
DA:238,1
DA:239,1
DA:240,16
DA:241,1
DA:242,1
DA:243,14
DA:244,14
DA:245,16
DA:246,506
DA:247,506
DA:248,84304
DA:249,1
DA:250,1
DA:251,84303
DA:252,84303
DA:253,84303
DA:254,84303
DA:255,84303
DA:256,84303
DA:257,84303
DA:258,84304
DA:259,84304
DA:260,1
DA:261,1
DA:262,1
DA:263,84302
DA:264,84304
DA:265,1
DA:266,1
DA:267,1
DA:268,84301
DA:269,84304
DA:270,2167
DA:271,2167
DA:272,2167
DA:273,84304
DA:274,82138
DA:275,1
DA:276,1
DA:277,82137
DA:278,82137
DA:279,2163
DA:280,84304
DA:281,506
DA:282,506
DA:283,5
DA:284,5
DA:285,5
DA:286,506
DA:287,506
DA:288,14
DA:289,6
DA:290,6
DA:291,14
DA:292,2
DA:293,14
DA:294,12
DA:295,12
DA:296,14
DA:297,506
DA:298,506
DA:299,2164
DA:300,1
DA:301,1
DA:302,2163
DA:303,2163
DA:304,2163
DA:305,2163
DA:306,2164
DA:307,1
DA:308,1
DA:309,1
DA:310,2162
DA:311,2164
DA:312,1
DA:313,1
DA:314,1
DA:315,2164
DA:316,1
DA:317,1
DA:318,2164
DA:319,1153
DA:320,1153
DA:321,1007
DA:322,2164
DA:323,506
DA:324,506
DA:325,1
DA:326,1
DA:327,506
DA:328,506
DA:329,83290
DA:330,83290
DA:331,506
DA:332,506
DA:333,506
DA:334,506
DA:335,506
LF:335
LH:335
end_of_record
