TN:
SF:/home/david/shared-memory-disruptor/node_modules/node-addon-api/napi-inl.h
FN:27,_ZN4Napi7detailsL10AttachDataINS_10ObjectWrapI9DisruptorE20AccessorCallbackDataIMS3_FNS_5ValueERKNS_12CallbackInfoEEMS3_FvS9_RKS6_EEEEE11napi_statusP10napi_env__P12napi_value__PT_PFvSJ_PvSO_ESO_
FNDA:5050,_ZN4Napi7detailsL10AttachDataINS_10ObjectWrapI9DisruptorE20AccessorCallbackDataIMS3_FNS_5ValueERKNS_12CallbackInfoEEMS3_FvS9_RKS6_EEEEE11napi_statusP10napi_env__P12napi_value__PT_PFvSJ_PvSO_ESO_
FN:27,_ZN4Napi7detailsL10AttachDataINS_10ObjectWrapI9DisruptorE18MethodCallbackDataIMS3_FvRKNS_12CallbackInfoEEEEEE11napi_statusP10napi_env__P12napi_value__PT_PFvSE_PvSJ_ESJ_
FNDA:2525,_ZN4Napi7detailsL10AttachDataINS_10ObjectWrapI9DisruptorE18MethodCallbackDataIMS3_FvRKNS_12CallbackInfoEEEEEE11napi_statusP10napi_env__P12napi_value__PT_PFvSE_PvSJ_ESJ_
FN:27,_ZN4Napi7detailsL10AttachDataINS_10ObjectWrapI9DisruptorE18MethodCallbackDataIPFvRKNS_12CallbackInfoEEEEEE11napi_statusP10napi_env__P12napi_value__PT_PFvSE_PvSJ_ESJ_
FNDA:0,_ZN4Napi7detailsL10AttachDataINS_10ObjectWrapI9DisruptorE18MethodCallbackDataIPFvRKNS_12CallbackInfoEEEEEE11napi_statusP10napi_env__P12napi_value__PT_PFvSE_PvSJ_ESJ_
FN:27,_ZN4Napi7detailsL10AttachDataINS_10ObjectWrapI9DisruptorE18MethodCallbackDataIMS3_FNS_5ValueERKNS_12CallbackInfoEEEEEE11napi_statusP10napi_env__P12napi_value__PT_PFvSF_PvSK_ESK_
FNDA:5050,_ZN4Napi7detailsL10AttachDataINS_10ObjectWrapI9DisruptorE18MethodCallbackDataIMS3_FNS_5ValueERKNS_12CallbackInfoEEEEEE11napi_statusP10napi_env__P12napi_value__PT_PFvSF_PvSK_ESK_
FN:27,_ZN4Napi7detailsL10AttachDataINS0_12CallbackDataIPFvRKNS_12CallbackInfoEEvEEEE11napi_statusP10napi_env__P12napi_value__PT_PFvSB_PvSG_ESG_
FNDA:0,_ZN4Napi7detailsL10AttachDataINS0_12CallbackDataIPFvRKNS_12CallbackInfoEEvEEEE11napi_statusP10napi_env__P12napi_value__PT_PFvSB_PvSG_ESG_
FN:27,_ZN4Napi7detailsL10AttachDataINS_10ObjectWrapI9DisruptorE18MethodCallbackDataIPFNS_5ValueERKNS_12CallbackInfoEEEEEE11napi_statusP10napi_env__P12napi_value__PT_PFvSF_PvSK_ESK_
FNDA:0,_ZN4Napi7detailsL10AttachDataINS_10ObjectWrapI9DisruptorE18MethodCallbackDataIPFNS_5ValueERKNS_12CallbackInfoEEEEEE11napi_statusP10napi_env__P12napi_value__PT_PFvSF_PvSK_ESK_
FN:27,_ZN4Napi7detailsL10AttachDataINS_10ObjectWrapI9DisruptorE20AccessorCallbackDataIPFNS_5ValueERKNS_12CallbackInfoEEPFvS9_RKS6_EEEEE11napi_statusP10napi_env__P12napi_value__PT_PFvSJ_PvSO_ESO_
FNDA:0,_ZN4Napi7detailsL10AttachDataINS_10ObjectWrapI9DisruptorE20AccessorCallbackDataIPFNS_5ValueERKNS_12CallbackInfoEEPFvS9_RKS6_EEEEE11napi_statusP10napi_env__P12napi_value__PT_PFvSJ_PvSO_ESO_
FN:34,_ZZN4Napi7detailsL10AttachDataINS_10ObjectWrapI9DisruptorE18MethodCallbackDataIPFNS_5ValueERKNS_12CallbackInfoEEEEEE11napi_statusP10napi_env__P12napi_value__PT_PFvSF_PvSK_ESK_ENKUlSF_SK_SK_E_clESF_SK_SK_
FNDA:0,_ZZN4Napi7detailsL10AttachDataINS_10ObjectWrapI9DisruptorE18MethodCallbackDataIPFNS_5ValueERKNS_12CallbackInfoEEEEEE11napi_statusP10napi_env__P12napi_value__PT_PFvSF_PvSK_ESK_ENKUlSF_SK_SK_E_clESF_SK_SK_
FN:34,_ZZN4Napi7detailsL10AttachDataINS_10ObjectWrapI9DisruptorE20AccessorCallbackDataIMS3_FNS_5ValueERKNS_12CallbackInfoEEMS3_FvS9_RKS6_EEEEE11napi_statusP10napi_env__P12napi_value__PT_PFvSJ_PvSO_ESO_ENKUlSJ_SO_SO_E_clESJ_SO_SO_
FNDA:5040,_ZZN4Napi7detailsL10AttachDataINS_10ObjectWrapI9DisruptorE20AccessorCallbackDataIMS3_FNS_5ValueERKNS_12CallbackInfoEEMS3_FvS9_RKS6_EEEEE11napi_statusP10napi_env__P12napi_value__PT_PFvSJ_PvSO_ESO_ENKUlSJ_SO_SO_E_clESJ_SO_SO_
FN:34,_ZZN4Napi7detailsL10AttachDataINS_10ObjectWrapI9DisruptorE18MethodCallbackDataIMS3_FvRKNS_12CallbackInfoEEEEEE11napi_statusP10napi_env__P12napi_value__PT_PFvSE_PvSJ_ESJ_ENKUlSE_SJ_SJ_E_clESE_SJ_SJ_
FNDA:2520,_ZZN4Napi7detailsL10AttachDataINS_10ObjectWrapI9DisruptorE18MethodCallbackDataIMS3_FvRKNS_12CallbackInfoEEEEEE11napi_statusP10napi_env__P12napi_value__PT_PFvSE_PvSJ_ESJ_ENKUlSE_SJ_SJ_E_clESE_SJ_SJ_
FN:34,_ZZN4Napi7detailsL10AttachDataINS_10ObjectWrapI9DisruptorE18MethodCallbackDataIMS3_FNS_5ValueERKNS_12CallbackInfoEEEEEE11napi_statusP10napi_env__P12napi_value__PT_PFvSF_PvSK_ESK_ENKUlSF_SK_SK_E_clESF_SK_SK_
FNDA:5040,_ZZN4Napi7detailsL10AttachDataINS_10ObjectWrapI9DisruptorE18MethodCallbackDataIMS3_FNS_5ValueERKNS_12CallbackInfoEEEEEE11napi_statusP10napi_env__P12napi_value__PT_PFvSF_PvSK_ESK_ENKUlSF_SK_SK_E_clESF_SK_SK_
FN:34,_ZZN4Napi7detailsL10AttachDataINS0_12CallbackDataIPFvRKNS_12CallbackInfoEEvEEEE11napi_statusP10napi_env__P12napi_value__PT_PFvSB_PvSG_ESG_ENKUlSB_SG_SG_E_clESB_SG_SG_
FNDA:0,_ZZN4Napi7detailsL10AttachDataINS0_12CallbackDataIPFvRKNS_12CallbackInfoEEvEEEE11napi_statusP10napi_env__P12napi_value__PT_PFvSB_PvSG_ESG_ENKUlSB_SG_SG_E_clESB_SG_SG_
FN:34,_ZZN4Napi7detailsL10AttachDataINS_10ObjectWrapI9DisruptorE20AccessorCallbackDataIPFNS_5ValueERKNS_12CallbackInfoEEPFvS9_RKS6_EEEEE11napi_statusP10napi_env__P12napi_value__PT_PFvSJ_PvSO_ESO_ENKUlSJ_SO_SO_E_clESJ_SO_SO_
FNDA:0,_ZZN4Napi7detailsL10AttachDataINS_10ObjectWrapI9DisruptorE20AccessorCallbackDataIPFNS_5ValueERKNS_12CallbackInfoEEPFvS9_RKS6_EEEEE11napi_statusP10napi_env__P12napi_value__PT_PFvSJ_PvSO_ESO_ENKUlSJ_SO_SO_E_clESJ_SO_SO_
FN:34,_ZZN4Napi7detailsL10AttachDataINS_10ObjectWrapI9DisruptorE18MethodCallbackDataIPFvRKNS_12CallbackInfoEEEEEE11napi_statusP10napi_env__P12napi_value__PT_PFvSE_PvSJ_ESJ_ENKUlSE_SJ_SJ_E_clESE_SJ_SJ_
FNDA:0,_ZZN4Napi7detailsL10AttachDataINS_10ObjectWrapI9DisruptorE18MethodCallbackDataIPFvRKNS_12CallbackInfoEEEEEE11napi_statusP10napi_env__P12napi_value__PT_PFvSE_PvSJ_ESJ_ENKUlSE_SJ_SJ_E_clESE_SJ_SJ_
FN:70,_ZN4Napi7details12WrapCallbackIZNS_14RegisterModuleEP10napi_env__P12napi_value__PFNS_6ObjectENS_3EnvES6_EEUlvE_EES5_T_
FNDA:505,_ZN4Napi7details12WrapCallbackIZNS_14RegisterModuleEP10napi_env__P12napi_value__PFNS_6ObjectENS_3EnvES6_EEUlvE_EES5_T_
FN:70,_ZN4Napi7details12WrapCallbackIZNS_11AsyncWorker14OnWorkCompleteEP10napi_env__11napi_statusPvEUlvE_EEP12napi_value__T_
FNDA:2483340,_ZN4Napi7details12WrapCallbackIZNS_11AsyncWorker14OnWorkCompleteEP10napi_env__11napi_statusPvEUlvE_EEP12napi_value__T_
FN:70,_ZN4Napi7details12WrapCallbackIZNS_10ObjectWrapI9DisruptorE29InstanceMethodCallbackWrapperEP10napi_env__P20napi_callback_info__EUlvE_EEP12napi_value__T_
FNDA:2237560,_ZN4Napi7details12WrapCallbackIZNS_10ObjectWrapI9DisruptorE29InstanceMethodCallbackWrapperEP10napi_env__P20napi_callback_info__EUlvE_EEP12napi_value__T_
FN:70,_ZN4Napi7details12WrapCallbackIZNS_10ObjectWrapI9DisruptorE33InstanceVoidMethodCallbackWrapperEP10napi_env__P20napi_callback_info__EUlvE_EEP12napi_value__T_
FNDA:4848,_ZN4Napi7details12WrapCallbackIZNS_10ObjectWrapI9DisruptorE33InstanceVoidMethodCallbackWrapperEP10napi_env__P20napi_callback_info__EUlvE_EEP12napi_value__T_
FN:70,_ZN4Napi7details12WrapCallbackIZNS_10ObjectWrapI9DisruptorE29InstanceGetterCallbackWrapperEP10napi_env__P20napi_callback_info__EUlvE_EEP12napi_value__T_
FNDA:1641480,_ZN4Napi7details12WrapCallbackIZNS_10ObjectWrapI9DisruptorE29InstanceGetterCallbackWrapperEP10napi_env__P20napi_callback_info__EUlvE_EEP12napi_value__T_
FN:70,_ZN4Napi7details12WrapCallbackIZNS_10ObjectWrapI9DisruptorE29InstanceSetterCallbackWrapperEP10napi_env__P20napi_callback_info__EUlvE_EEP12napi_value__T_
FNDA:0,_ZN4Napi7details12WrapCallbackIZNS_10ObjectWrapI9DisruptorE29InstanceSetterCallbackWrapperEP10napi_env__P20napi_callback_info__EUlvE_EEP12napi_value__T_
FN:70,_ZN4Napi7details12WrapCallbackIZNS0_12CallbackDataIPFvRKNS_12CallbackInfoEEvE7WrapperEP10napi_env__P20napi_callback_info__EUlvE_EEP12napi_value__T_
FNDA:0,_ZN4Napi7details12WrapCallbackIZNS0_12CallbackDataIPFvRKNS_12CallbackInfoEEvE7WrapperEP10napi_env__P20napi_callback_info__EUlvE_EEP12napi_value__T_
FN:70,_ZN4Napi7details12WrapCallbackIZNS_10ObjectWrapI9DisruptorE27StaticMethodCallbackWrapperEP10napi_env__P20napi_callback_info__EUlvE_EEP12napi_value__T_
FNDA:0,_ZN4Napi7details12WrapCallbackIZNS_10ObjectWrapI9DisruptorE27StaticMethodCallbackWrapperEP10napi_env__P20napi_callback_info__EUlvE_EEP12napi_value__T_
FN:70,_ZN4Napi7details12WrapCallbackIZNS_10ObjectWrapI9DisruptorE31StaticVoidMethodCallbackWrapperEP10napi_env__P20napi_callback_info__EUlvE_EEP12napi_value__T_
FNDA:0,_ZN4Napi7details12WrapCallbackIZNS_10ObjectWrapI9DisruptorE31StaticVoidMethodCallbackWrapperEP10napi_env__P20napi_callback_info__EUlvE_EEP12napi_value__T_
FN:70,_ZN4Napi7details12WrapCallbackIZNS_10ObjectWrapI9DisruptorE26ConstructorCallbackWrapperEP10napi_env__P20napi_callback_info__EUlvE_EEP12napi_value__T_
FNDA:3716,_ZN4Napi7details12WrapCallbackIZNS_10ObjectWrapI9DisruptorE26ConstructorCallbackWrapperEP10napi_env__P20napi_callback_info__EUlvE_EEP12napi_value__T_
FN:70,_ZN4Napi7details12WrapCallbackIZNS_10ObjectWrapI9DisruptorE27StaticGetterCallbackWrapperEP10napi_env__P20napi_callback_info__EUlvE_EEP12napi_value__T_
FNDA:0,_ZN4Napi7details12WrapCallbackIZNS_10ObjectWrapI9DisruptorE27StaticGetterCallbackWrapperEP10napi_env__P20napi_callback_info__EUlvE_EEP12napi_value__T_
FN:70,_ZN4Napi7details12WrapCallbackIZNS_10ObjectWrapI9DisruptorE27StaticSetterCallbackWrapperEP10napi_env__P20napi_callback_info__EUlvE_EEP12napi_value__T_
FNDA:0,_ZN4Napi7details12WrapCallbackIZNS_10ObjectWrapI9DisruptorE27StaticSetterCallbackWrapperEP10napi_env__P20napi_callback_info__EUlvE_EEP12napi_value__T_
FN:105,_ZN4Napi7details12CallbackDataIPFvRKNS_12CallbackInfoEEvE7WrapperEP10napi_env__P20napi_callback_info__
FNDA:0,_ZN4Napi7details12CallbackDataIPFvRKNS_12CallbackInfoEEvE7WrapperEP10napi_env__P20napi_callback_info__
FN:106,_ZZN4Napi7details12CallbackDataIPFvRKNS_12CallbackInfoEEvE7WrapperEP10napi_env__P20napi_callback_info__ENKUlvE_clEv
FNDA:0,_ZZN4Napi7details12CallbackDataIPFvRKNS_12CallbackInfoEEvE7WrapperEP10napi_env__P20napi_callback_info__ENKUlvE_clEv
FN:264,_ZN4Napi14RegisterModuleEP10napi_env__P12napi_value__PFNS_6ObjectENS_3EnvES4_E
FNDA:505,_ZN4Napi14RegisterModuleEP10napi_env__P12napi_value__PFNS_6ObjectENS_3EnvES4_E
FN:267,_ZZN4Napi14RegisterModuleEP10napi_env__P12napi_value__PFNS_6ObjectENS_3EnvES4_EENKUlvE_clEv
FNDA:505,_ZZN4Napi14RegisterModuleEP10napi_env__P12napi_value__PFNS_6ObjectENS_3EnvES4_EENKUlvE_clEv
FN:277,_ZN4Napi3EnvC2EP10napi_env__
FNDA:29304400,_ZN4Napi3EnvC2EP10napi_env__
FN:280,_ZNK4Napi3EnvcvP10napi_env__Ev
FNDA:29400400,_ZNK4Napi3EnvcvP10napi_env__Ev
FN:291,_ZNK4Napi3Env9UndefinedEv
FNDA:875026,_ZNK4Napi3Env9UndefinedEv
FN:298,_ZNK4Napi3Env4NullEv
FNDA:365148,_ZNK4Napi3Env4NullEv
FN:305,_ZNK4Napi3Env18IsExceptionPendingEv
FNDA:365148,_ZNK4Napi3Env18IsExceptionPendingEv
FN:326,_ZN4Napi5ValueC2Ev
FNDA:213557,_ZN4Napi5ValueC2Ev
FN:329,_ZN4Napi5ValueC2EP10napi_env__P12napi_value__
FNDA:26697900,_ZN4Napi5ValueC2EP10napi_env__P12napi_value__
FN:332,_ZNK4Napi5ValuecvP12napi_value__Ev
FNDA:28752600,_ZNK4Napi5ValuecvP12napi_value__Ev
FN:351,_ZNK4Napi5Value3EnvEv
FNDA:18992100,_ZNK4Napi5Value3EnvEv
FN:355,_ZNK4Napi5Value7IsEmptyEv
FNDA:365152,_ZNK4Napi5Value7IsEmptyEv
FN:359,_ZNK4Napi5Value4TypeEv
FNDA:365148,_ZNK4Napi5Value4TypeEv
FN:453,_ZNK4Napi5Value10IsFunctionEv
FNDA:365148,_ZNK4Napi5Value10IsFunctionEv
FN:495,_ZNK4Napi5Value2AsINS_6StringEEET_v
FNDA:3716,_ZNK4Napi5Value2AsINS_6StringEEET_v
FN:495,_ZNK4Napi5Value2AsINS_8FunctionEEET_v
FNDA:365148,_ZNK4Napi5Value2AsINS_8FunctionEEET_v
FN:495,_ZNK4Napi5Value2AsINS_6NumberEEET_v
FNDA:15086,_ZNK4Napi5Value2AsINS_6NumberEEET_v
FN:495,_ZNK4Napi5Value2AsINS_7BooleanEEET_v
FNDA:7432,_ZNK4Napi5Value2AsINS_7BooleanEEET_v
FN:495,_ZNK4Napi5Value2AsINS_6ObjectEEET_v
FNDA:3883890,_ZNK4Napi5Value2AsINS_6ObjectEEET_v
FN:531,_ZN4Napi7Boolean3NewEP10napi_env__b
FNDA:1270510,_ZN4Napi7Boolean3NewEP10napi_env__b
FN:541,_ZN4Napi7BooleanC2EP10napi_env__P12napi_value__
FNDA:1277940,_ZN4Napi7BooleanC2EP10napi_env__P12napi_value__
FN:544,_ZNK4Napi7BooleancvbEv
FNDA:526879,_ZNK4Napi7BooleancvbEv
FN:548,_ZNK4Napi7Boolean5ValueEv
FNDA:526879,_ZNK4Napi7Boolean5ValueEv
FN:559,_ZN4Napi6Number3NewEP10napi_env__d
FNDA:1858690,_ZN4Napi6Number3NewEP10napi_env__d
FN:569,_ZN4Napi6NumberC2EP10napi_env__P12napi_value__
FNDA:1873770,_ZN4Napi6NumberC2EP10napi_env__P12napi_value__
FN:576,_ZNK4Napi6NumbercvjEv
FNDA:14910,_ZNK4Napi6NumbercvjEv
FN:599,_ZNK4Napi6Number11Uint32ValueEv
FNDA:14910,_ZNK4Napi6Number11Uint32ValueEv
FN:606,_ZNK4Napi6Number10Int64ValueEv
FNDA:176,_ZNK4Napi6Number10Int64ValueEv
FN:728,_ZN4Napi4NameC2EP10napi_env__P12napi_value__
FNDA:3716,_ZN4Napi4NameC2EP10napi_env__P12napi_value__
FN:774,_ZN4Napi6StringC2EP10napi_env__P12napi_value__
FNDA:3716,_ZN4Napi6StringC2EP10napi_env__P12napi_value__
FN:777,_ZNK4Napi6StringcvNSt7__cxx1112basic_stringIcSt11char_traitsIcESaIcEEEEv
FNDA:0,_ZNK4Napi6StringcvNSt7__cxx1112basic_stringIcSt11char_traitsIcESaIcEEEEv
FN:785,_ZNK4Napi6String9Utf8ValueB5cxx11Ev
FNDA:3716,_ZNK4Napi6String9Utf8ValueB5cxx11Ev
FN:892,_ZN4Napi7details11vf_fallbackINS_8FunctionEE4FromEP10napi_env__RKS2_
FNDA:505,_ZN4Napi7details11vf_fallbackINS_8FunctionEE4FromEP10napi_env__RKS2_
FN:892,_ZN4Napi7details11vf_fallbackINS_5ValueEE4FromEP10napi_env__RKS2_
FNDA:208168,_ZN4Napi7details11vf_fallbackINS_5ValueEE4FromEP10napi_env__RKS2_
FN:892,_ZN4Napi7details11vf_fallbackINS_6BufferIhEEE4FromEP10napi_env__RKS3_
FNDA:390961,_ZN4Napi7details11vf_fallbackINS_6BufferIhEEE4FromEP10napi_env__RKS3_
FN:912,_ZN4Napi5Value4FromINS_6BufferIhEEEES0_P10napi_env__RKT_
FNDA:390961,_ZN4Napi5Value4FromINS_6BufferIhEEEES0_P10napi_env__RKT_
FN:912,_ZN4Napi5Value4FromIS0_EES0_P10napi_env__RKT_
FNDA:208168,_ZN4Napi5Value4FromIS0_EES0_P10napi_env__RKT_
FN:912,_ZN4Napi5Value4FromINS_8FunctionEEES0_P10napi_env__RKT_
FNDA:505,_ZN4Napi5Value4FromINS_8FunctionEEES0_P10napi_env__RKT_
FN:958,_ZN4Napi6Object14PropertyLValueIjEaSINS_5ValueEEERS2_T_
FNDA:208168,_ZN4Napi6Object14PropertyLValueIjEaSINS_5ValueEEERS2_T_
FN:964,_ZN4Napi6Object14PropertyLValueIjEC2ES0_j
FNDA:208168,_ZN4Napi6Object14PropertyLValueIjEC2ES0_j
FN:967,_ZN4Napi6Object3NewEP10napi_env__
FNDA:4966680,_ZN4Napi6Object3NewEP10napi_env__
FN:974,_ZN4Napi6ObjectC2Ev
FNDA:213557,_ZN4Napi6ObjectC2Ev
FN:977,_ZN4Napi6ObjectC2EP10napi_env__P12napi_value__
FNDA:20581000,_ZN4Napi6ObjectC2EP10napi_env__P12napi_value__
FN:988,_ZN4Napi6ObjectixEj
FNDA:208168,_ZN4Napi6ObjectixEj
FN:1068,_ZNK4Napi6Object3GetEPKc
FNDA:0,_ZNK4Napi6Object3GetEPKc
FN:1094,_ZN4Napi6Object3SetINS_8FunctionEEEvPKcRKT_
FNDA:505,_ZN4Napi6Object3SetINS_8FunctionEEEvPKcRKT_
FN:1142,_ZN4Napi6Object3SetINS_5ValueEEEvjRKT_
FNDA:208168,_ZN4Napi6Object3SetINS_5ValueEEEvjRKT_
FN:1142,_ZN4Napi6Object3SetINS_6BufferIhEEEEvjRKT_
FNDA:390961,_ZN4Napi6Object3SetINS_6BufferIhEEEEvjRKT_
FN:1296,_ZN4Napi5Array3NewEP10napi_env__
FNDA:806566,_ZN4Napi5Array3NewEP10napi_env__
FN:1313,_ZN4Napi5ArrayC2EP10napi_env__P12napi_value__
FNDA:806566,_ZN4Napi5ArrayC2EP10napi_env__P12napi_value__
FN:1316,_ZNK4Napi5Array6LengthEv
FNDA:598485,_ZNK4Napi5Array6LengthEv
FN:1598,_ZN4Napi10TypedArrayC2Ev
FNDA:213557,_ZN4Napi10TypedArrayC2Ev
FN:1602,_ZN4Napi10TypedArrayC2EP10napi_env__P12napi_value__
FNDA:1126330,_ZN4Napi10TypedArrayC2EP10napi_env__P12napi_value__
FN:1704,_ZN4Napi12TypedArrayOfIhEC2Ev
FNDA:213557,_ZN4Napi12TypedArrayOfIhEC2Ev
FN:1708,_ZN4Napi12TypedArrayOfIhEC2EP10napi_env__P12napi_value__
FNDA:1126330,_ZN4Napi12TypedArrayOfIhEC2EP10napi_env__P12napi_value__
FN:1755,_ZN4NapiL14CreateFunctionINS_10ObjectWrapI9DisruptorE18MethodCallbackDataIPFvRKNS_12CallbackInfoEEEEEE11napi_statusP10napi_env__PKcPFP12napi_value__SD_P20napi_callback_info__EPT_PSH_
FNDA:0,_ZN4NapiL14CreateFunctionINS_10ObjectWrapI9DisruptorE18MethodCallbackDataIPFvRKNS_12CallbackInfoEEEEEE11napi_statusP10napi_env__PKcPFP12napi_value__SD_P20napi_callback_info__EPT_PSH_
FN:1755,_ZN4NapiL14CreateFunctionINS_10ObjectWrapI9DisruptorE18MethodCallbackDataIPFNS_5ValueERKNS_12CallbackInfoEEEEEE11napi_statusP10napi_env__PKcPFP12napi_value__SE_P20napi_callback_info__EPT_PSI_
FNDA:0,_ZN4NapiL14CreateFunctionINS_10ObjectWrapI9DisruptorE18MethodCallbackDataIPFNS_5ValueERKNS_12CallbackInfoEEEEEE11napi_statusP10napi_env__PKcPFP12napi_value__SE_P20napi_callback_info__EPT_PSI_
FN:1755,_ZN4NapiL14CreateFunctionINS_7details12CallbackDataIPFvRKNS_12CallbackInfoEEvEEEE11napi_statusP10napi_env__PKcPFP12napi_value__SB_P20napi_callback_info__EPT_PSF_
FNDA:0,_ZN4NapiL14CreateFunctionINS_7details12CallbackDataIPFvRKNS_12CallbackInfoEEvEEEE11napi_statusP10napi_env__PKcPFP12napi_value__SB_P20napi_callback_info__EPT_PSF_
FN:1770,_ZN4Napi8Function3NewIPFvRKNS_12CallbackInfoEEEES0_P10napi_env__T_PKcPv
FNDA:0,_ZN4Napi8Function3NewIPFvRKNS_12CallbackInfoEEEES0_P10napi_env__T_PKcPv
FN:1803,_ZN4Napi8FunctionC2EP10napi_env__P12napi_value__
FNDA:2849000,_ZN4Napi8FunctionC2EP10napi_env__P12napi_value__
FN:1822,_ZNK4Napi8Function4CallEP12napi_value__RKSt16initializer_listIS2_E
FNDA:0,_ZNK4Napi8Function4CallEP12napi_value__RKSt16initializer_listIS2_E
FN:1826,_ZNK4Napi8Function4CallEP12napi_value__RKSt6vectorIS2_SaIS2_EE
FNDA:0,_ZNK4Napi8Function4CallEP12napi_value__RKSt6vectorIS2_SaIS2_EE
FN:1830,_ZNK4Napi8Function4CallEP12napi_value__mPKS2_
FNDA:0,_ZNK4Napi8Function4CallEP12napi_value__mPKS2_
FN:1838,_ZNK4Napi8Function12MakeCallbackEP12napi_value__RKSt16initializer_listIS2_EP20napi_async_context__
FNDA:365148,_ZNK4Napi8Function12MakeCallbackEP12napi_value__RKSt16initializer_listIS2_EP20napi_async_context__
FN:1852,_ZNK4Napi8Function12MakeCallbackEP12napi_value__mPKS2_P20napi_async_context__
FNDA:365148,_ZNK4Napi8Function12MakeCallbackEP12napi_value__mPKS2_P20napi_async_context__
FN:1919,_ZN4Napi6BufferIhE3NewEP10napi_env__m
FNDA:4598,_ZN4Napi6BufferIhE3NewEP10napi_env__m
FN:1928,_ZN4Napi6BufferIhE3NewEP10napi_env__Phm
FNDA:1121720,_ZN4Napi6BufferIhE3NewEP10napi_env__Phm
FN:1928,_ZN4Napi6BufferImE3NewEP10napi_env__Pmm
FNDA:12,_ZN4Napi6BufferImE3NewEP10napi_env__Pmm
FN:1993,_ZN4Napi6BufferIhEC2Ev
FNDA:213557,_ZN4Napi6BufferIhEC2Ev
FN:2002,_ZN4Napi6BufferImEC2EP10napi_env__P12napi_value__mPm
FNDA:12,_ZN4Napi6BufferImEC2EP10napi_env__P12napi_value__mPm
FN:2002,_ZN4Napi6BufferIhEC2EP10napi_env__P12napi_value__mPh
FNDA:1126320,_ZN4Napi6BufferIhEC2EP10napi_env__P12napi_value__mPh
FN:2007,_ZNK4Napi6BufferIhE6LengthEv
FNDA:519441,_ZNK4Napi6BufferIhE6LengthEv
FN:2019,_ZNK4Napi6BufferIhE10EnsureInfoEv
FNDA:519441,_ZNK4Napi6BufferIhE10EnsureInfoEv
FN:2037,_ZN4Napi5Error3NewEP10napi_env__
FNDA:0,_ZN4Napi5Error3NewEP10napi_env__
FN:2091,_ZN4Napi5Error3NewEP10napi_env__RKNSt7__cxx1112basic_stringIcSt11char_traitsIcESaIcEEE
FNDA:4,_ZN4Napi5Error3NewEP10napi_env__RKNSt7__cxx1112basic_stringIcSt11char_traitsIcESaIcEEE
FN:2095,_ZN4Napi5Error5FatalEPKcS2_
FNDA:0,_ZN4Napi5Error5FatalEPKcS2_
FN:2102,_ZN4Napi5ErrorC2EP10napi_env__P12napi_value__
FNDA:4,_ZN4Napi5ErrorC2EP10napi_env__P12napi_value__
FN:2138,_ZNK4Napi5Error7MessageB5cxx11Ev
FNDA:0,_ZNK4Napi5Error7MessageB5cxx11Ev
FN:2155,_ZNK4Napi5Error26ThrowAsJavaScriptExceptionEv
FNDA:4,_ZNK4Napi5Error26ThrowAsJavaScriptExceptionEv
FN:2177,_ZNK4Napi5Error4whatEv
FNDA:0,_ZNK4Napi5Error4whatEv
FN:2184,_ZN4Napi5Error3NewIS0_EET_P10napi_env__PKcmPF11napi_statusS4_P12napi_value__S9_PS9_E
FNDA:4,_ZN4Napi5Error3NewIS0_EET_P10napi_env__PKcmPF11napi_statusS4_P12napi_value__S9_PS9_E
FN:2232,_ZN4Napi9ReferenceINS_6ObjectEE3NewERKS1_j
FNDA:4966680,_ZN4Napi9ReferenceINS_6ObjectEE3NewERKS1_j
FN:2232,_ZN4Napi9ReferenceINS_8FunctionEE3NewERKS1_j
FNDA:2483340,_ZN4Napi9ReferenceINS_8FunctionEE3NewERKS1_j
FN:2249,_ZN4Napi9ReferenceINS_6ObjectEEC2Ev
FNDA:3716,_ZN4Napi9ReferenceINS_6ObjectEEC2Ev
FN:2253,_ZN4Napi9ReferenceINS_8FunctionEEC2EP10napi_env__P10napi_ref__
FNDA:2483340,_ZN4Napi9ReferenceINS_8FunctionEEC2EP10napi_env__P10napi_ref__
FN:2253,_ZN4Napi9ReferenceINS_6ObjectEEC2EP10napi_env__P10napi_ref__
FNDA:4970400,_ZN4Napi9ReferenceINS_6ObjectEEC2EP10napi_env__P10napi_ref__
FN:2258,_ZN4Napi9ReferenceINS_6ObjectEED2Ev
FNDA:9940400,_ZN4Napi9ReferenceINS_6ObjectEED2Ev
FN:2258,_ZN4Napi9ReferenceINS_8FunctionEED2Ev
FNDA:4966680,_ZN4Napi9ReferenceINS_8FunctionEED2Ev
FN:2269,_ZN4Napi9ReferenceINS_8FunctionEEC2EOS2_
FNDA:2483340,_ZN4Napi9ReferenceINS_8FunctionEEC2EOS2_
FN:2269,_ZN4Napi9ReferenceINS_6ObjectEEC2EOS2_
FNDA:4966680,_ZN4Napi9ReferenceINS_6ObjectEEC2EOS2_
FN:2277,_ZN4Napi9ReferenceINS_6ObjectEEaSEOS2_
FNDA:3716,_ZN4Napi9ReferenceINS_6ObjectEEaSEOS2_
FN:2319,_ZNK4Napi9ReferenceINS_6ObjectEE3EnvEv
FNDA:4,_ZNK4Napi9ReferenceINS_6ObjectEE3EnvEv
FN:2319,_ZNK4Napi9ReferenceINS_8FunctionEE3EnvEv
FNDA:0,_ZNK4Napi9ReferenceINS_8FunctionEE3EnvEv
FN:2324,_ZNK4Napi9ReferenceINS_8FunctionEE7IsEmptyEv
FNDA:0,_ZNK4Napi9ReferenceINS_8FunctionEE7IsEmptyEv
FN:2324,_ZNK4Napi9ReferenceINS_6ObjectEE7IsEmptyEv
FNDA:8,_ZNK4Napi9ReferenceINS_6ObjectEE7IsEmptyEv
FN:2329,_ZNK4Napi9ReferenceINS_8FunctionEE5ValueEv
FNDA:2483340,_ZNK4Napi9ReferenceINS_8FunctionEE5ValueEv
FN:2329,_ZNK4Napi9ReferenceINS_6ObjectEE5ValueEv
FNDA:2848500,_ZNK4Napi9ReferenceINS_6ObjectEE5ValueEv
FN:2357,_ZN4Napi9ReferenceINS_6ObjectEE5ResetEv
FNDA:3716,_ZN4Napi9ReferenceINS_6ObjectEE5ResetEv
FN:2400,_ZN4Napi10PersistentENS_6ObjectE
FNDA:4966680,_ZN4Napi10PersistentENS_6ObjectE
FN:2404,_ZN4Napi10PersistentENS_8FunctionE
FNDA:2483340,_ZN4Napi10PersistentENS_8FunctionE
FN:2415,_ZN4Napi15ObjectReferenceC2EP10napi_env__P10napi_ref__
FNDA:4,_ZN4Napi15ObjectReferenceC2EP10napi_env__P10napi_ref__
FN:2418,_ZN4Napi15ObjectReferenceC2EONS_9ReferenceINS_6ObjectEEE
FNDA:4966680,_ZN4Napi15ObjectReferenceC2EONS_9ReferenceINS_6ObjectEEE
FN:2440,_ZNK4Napi15ObjectReference3GetEPKc
FNDA:0,_ZNK4Napi15ObjectReference3GetEPKc
FN:2546,_ZN4Napi17FunctionReferenceC2EONS_9ReferenceINS_8FunctionEEE
FNDA:2483340,_ZN4Napi17FunctionReferenceC2EONS_9ReferenceINS_8FunctionEEE
FN:2588,_ZNK4Napi17FunctionReference4CallEP12napi_value__RKSt16initializer_listIS2_E
FNDA:0,_ZNK4Napi17FunctionReference4CallEP12napi_value__RKSt16initializer_listIS2_E
FN:2598,_ZNK4Napi17FunctionReference4CallEP12napi_value__RKSt6vectorIS2_SaIS2_EE
FNDA:0,_ZNK4Napi17FunctionReference4CallEP12napi_value__RKSt6vectorIS2_SaIS2_EE
FN:2618,_ZNK4Napi17FunctionReference12MakeCallbackEP12napi_value__RKSt16initializer_listIS2_EP20napi_async_context__
FNDA:365148,_ZNK4Napi17FunctionReference12MakeCallbackEP12napi_value__RKSt16initializer_listIS2_EP20napi_async_context__
FN:2669,_ZN4Napi12CallbackInfoC2EP10napi_env__P20napi_callback_info__
FNDA:3887610,_ZN4Napi12CallbackInfoC2EP10napi_env__P20napi_callback_info__
FN:2687,_ZN4Napi12CallbackInfoD2Ev
FNDA:3887610,_ZN4Napi12CallbackInfoD2Ev
FN:2704,_ZNK4Napi12CallbackInfo3EnvEv
FNDA:4246290,_ZNK4Napi12CallbackInfo3EnvEv
FN:2708,_ZNK4Napi12CallbackInfo6LengthEv
FNDA:886215,_ZNK4Napi12CallbackInfo6LengthEv
FN:2712,_ZNK4Napi12CallbackInfoixEm
FNDA:391382,_ZNK4Napi12CallbackInfoixEm
FN:2716,_ZNK4Napi12CallbackInfo4ThisEv
FNDA:3891320,_ZNK4Napi12CallbackInfo4ThisEv
FN:2723,_ZNK4Napi12CallbackInfo4DataEv
FNDA:3883890,_ZNK4Napi12CallbackInfo4DataEv
FN:2727,_ZN4Napi12CallbackInfo7SetDataEPv
FNDA:3883890,_ZN4Napi12CallbackInfo7SetDataEPv
FN:2966,_ZN4Napi10ObjectWrapI9DisruptorEC2ERKNS_12CallbackInfoE
FNDA:3716,_ZN4Napi10ObjectWrapI9DisruptorEC2ERKNS_12CallbackInfoE
FN:2980,_ZN4Napi10ObjectWrapI9DisruptorED0Ev
FNDA:0,_ZN4Napi10ObjectWrapI9DisruptorED0Ev
FN:2980,_ZN4Napi10ObjectWrapI9DisruptorED2Ev
FNDA:3316,_ZN4Napi10ObjectWrapI9DisruptorED2Ev
FN:2983,_ZN4Napi10ObjectWrapI9DisruptorE6UnwrapENS_6ObjectE
FNDA:3883890,_ZN4Napi10ObjectWrapI9DisruptorE6UnwrapENS_6ObjectE
FN:2992,_ZN4Napi10ObjectWrapI9DisruptorE11DefineClassENS_3EnvEPKcmPK24napi_property_descriptorPv
FNDA:505,_ZN4Napi10ObjectWrapI9DisruptorE11DefineClassENS_3EnvEPKcmPK24napi_property_descriptorPv
FN:3080,_ZN4Napi10ObjectWrapI9DisruptorE11DefineClassENS_3EnvEPKcRKSt16initializer_listINS_23ClassPropertyDescriptorIS1_EEEPv
FNDA:505,_ZN4Napi10ObjectWrapI9DisruptorE11DefineClassENS_3EnvEPKcRKSt16initializer_listINS_23ClassPropertyDescriptorIS1_EEEPv
FN:3208,_ZN4Napi10ObjectWrapI9DisruptorE14InstanceMethodEPKcMS1_FvRKNS_12CallbackInfoEE24napi_property_attributesPv
FNDA:2525,_ZN4Napi10ObjectWrapI9DisruptorE14InstanceMethodEPKcMS1_FvRKNS_12CallbackInfoEE24napi_property_attributesPv
FN:3225,_ZN4Napi10ObjectWrapI9DisruptorE14InstanceMethodEPKcMS1_FNS_5ValueERKNS_12CallbackInfoEE24napi_property_attributesPv
FNDA:5050,_ZN4Napi10ObjectWrapI9DisruptorE14InstanceMethodEPKcMS1_FNS_5ValueERKNS_12CallbackInfoEE24napi_property_attributesPv
FN:3274,_ZN4Napi10ObjectWrapI9DisruptorE16InstanceAccessorEPKcMS1_FNS_5ValueERKNS_12CallbackInfoEEMS1_FvS8_RKS5_E24napi_property_attributesPv
FNDA:5050,_ZN4Napi10ObjectWrapI9DisruptorE16InstanceAccessorEPKcMS1_FNS_5ValueERKNS_12CallbackInfoEEMS1_FvS8_RKS5_E24napi_property_attributesPv
FN:3356,_ZN4Napi10ObjectWrapI9DisruptorE8FinalizeENS_3EnvE
FNDA:3312,_ZN4Napi10ObjectWrapI9DisruptorE8FinalizeENS_3EnvE
FN:3359,_ZN4Napi10ObjectWrapI9DisruptorE26ConstructorCallbackWrapperEP10napi_env__P20napi_callback_info__
FNDA:3716,_ZN4Napi10ObjectWrapI9DisruptorE26ConstructorCallbackWrapperEP10napi_env__P20napi_callback_info__
FN:3373,_ZZN4Napi10ObjectWrapI9DisruptorE26ConstructorCallbackWrapperEP10napi_env__P20napi_callback_info__ENKUlvE_clEv
FNDA:3716,_ZZN4Napi10ObjectWrapI9DisruptorE26ConstructorCallbackWrapperEP10napi_env__P20napi_callback_info__ENKUlvE_clEv
FN:3383,_ZN4Napi10ObjectWrapI9DisruptorE31StaticVoidMethodCallbackWrapperEP10napi_env__P20napi_callback_info__
FNDA:0,_ZN4Napi10ObjectWrapI9DisruptorE31StaticVoidMethodCallbackWrapperEP10napi_env__P20napi_callback_info__
FN:3386,_ZZN4Napi10ObjectWrapI9DisruptorE31StaticVoidMethodCallbackWrapperEP10napi_env__P20napi_callback_info__ENKUlvE_clEv
FNDA:0,_ZZN4Napi10ObjectWrapI9DisruptorE31StaticVoidMethodCallbackWrapperEP10napi_env__P20napi_callback_info__ENKUlvE_clEv
FN:3397,_ZN4Napi10ObjectWrapI9DisruptorE27StaticMethodCallbackWrapperEP10napi_env__P20napi_callback_info__
FNDA:0,_ZN4Napi10ObjectWrapI9DisruptorE27StaticMethodCallbackWrapperEP10napi_env__P20napi_callback_info__
FN:3400,_ZZN4Napi10ObjectWrapI9DisruptorE27StaticMethodCallbackWrapperEP10napi_env__P20napi_callback_info__ENKUlvE_clEv
FNDA:0,_ZZN4Napi10ObjectWrapI9DisruptorE27StaticMethodCallbackWrapperEP10napi_env__P20napi_callback_info__ENKUlvE_clEv
FN:3410,_ZN4Napi10ObjectWrapI9DisruptorE27StaticGetterCallbackWrapperEP10napi_env__P20napi_callback_info__
FNDA:0,_ZN4Napi10ObjectWrapI9DisruptorE27StaticGetterCallbackWrapperEP10napi_env__P20napi_callback_info__
FN:3413,_ZZN4Napi10ObjectWrapI9DisruptorE27StaticGetterCallbackWrapperEP10napi_env__P20napi_callback_info__ENKUlvE_clEv
FNDA:0,_ZZN4Napi10ObjectWrapI9DisruptorE27StaticGetterCallbackWrapperEP10napi_env__P20napi_callback_info__ENKUlvE_clEv
FN:3423,_ZN4Napi10ObjectWrapI9DisruptorE27StaticSetterCallbackWrapperEP10napi_env__P20napi_callback_info__
FNDA:0,_ZN4Napi10ObjectWrapI9DisruptorE27StaticSetterCallbackWrapperEP10napi_env__P20napi_callback_info__
FN:3426,_ZZN4Napi10ObjectWrapI9DisruptorE27StaticSetterCallbackWrapperEP10napi_env__P20napi_callback_info__ENKUlvE_clEv
FNDA:0,_ZZN4Napi10ObjectWrapI9DisruptorE27StaticSetterCallbackWrapperEP10napi_env__P20napi_callback_info__ENKUlvE_clEv
FN:3437,_ZN4Napi10ObjectWrapI9DisruptorE33InstanceVoidMethodCallbackWrapperEP10napi_env__P20napi_callback_info__
FNDA:4848,_ZN4Napi10ObjectWrapI9DisruptorE33InstanceVoidMethodCallbackWrapperEP10napi_env__P20napi_callback_info__
FN:3440,_ZZN4Napi10ObjectWrapI9DisruptorE33InstanceVoidMethodCallbackWrapperEP10napi_env__P20napi_callback_info__ENKUlvE_clEv
FNDA:4848,_ZZN4Napi10ObjectWrapI9DisruptorE33InstanceVoidMethodCallbackWrapperEP10napi_env__P20napi_callback_info__ENKUlvE_clEv
FN:3453,_ZN4Napi10ObjectWrapI9DisruptorE29InstanceMethodCallbackWrapperEP10napi_env__P20napi_callback_info__
FNDA:2237560,_ZN4Napi10ObjectWrapI9DisruptorE29InstanceMethodCallbackWrapperEP10napi_env__P20napi_callback_info__
FN:3456,_ZZN4Napi10ObjectWrapI9DisruptorE29InstanceMethodCallbackWrapperEP10napi_env__P20napi_callback_info__ENKUlvE_clEv
FNDA:2237560,_ZZN4Napi10ObjectWrapI9DisruptorE29InstanceMethodCallbackWrapperEP10napi_env__P20napi_callback_info__ENKUlvE_clEv
FN:3468,_ZN4Napi10ObjectWrapI9DisruptorE29InstanceGetterCallbackWrapperEP10napi_env__P20napi_callback_info__
FNDA:1641480,_ZN4Napi10ObjectWrapI9DisruptorE29InstanceGetterCallbackWrapperEP10napi_env__P20napi_callback_info__
FN:3471,_ZZN4Napi10ObjectWrapI9DisruptorE29InstanceGetterCallbackWrapperEP10napi_env__P20napi_callback_info__ENKUlvE_clEv
FNDA:1641480,_ZZN4Napi10ObjectWrapI9DisruptorE29InstanceGetterCallbackWrapperEP10napi_env__P20napi_callback_info__ENKUlvE_clEv
FN:3483,_ZN4Napi10ObjectWrapI9DisruptorE29InstanceSetterCallbackWrapperEP10napi_env__P20napi_callback_info__
FNDA:0,_ZN4Napi10ObjectWrapI9DisruptorE29InstanceSetterCallbackWrapperEP10napi_env__P20napi_callback_info__
FN:3486,_ZZN4Napi10ObjectWrapI9DisruptorE29InstanceSetterCallbackWrapperEP10napi_env__P20napi_callback_info__ENKUlvE_clEv
FNDA:0,_ZZN4Napi10ObjectWrapI9DisruptorE29InstanceSetterCallbackWrapperEP10napi_env__P20napi_callback_info__ENKUlvE_clEv
FN:3499,_ZN4Napi10ObjectWrapI9DisruptorE16FinalizeCallbackEP10napi_env__PvS5_
FNDA:3312,_ZN4Napi10ObjectWrapI9DisruptorE16FinalizeCallbackEP10napi_env__PvS5_
FN:3513,_ZN4Napi11HandleScopeC2ENS_3EnvE
FNDA:2483350,_ZN4Napi11HandleScopeC2ENS_3EnvE
FN:3518,_ZN4Napi11HandleScopeD2Ev
FNDA:2483350,_ZN4Napi11HandleScopeD2Ev
FN:3541,_ZN4Napi20EscapableHandleScopeC2ENS_3EnvE
FNDA:365148,_ZN4Napi20EscapableHandleScopeC2ENS_3EnvE
FN:3546,_ZN4Napi20EscapableHandleScopeD2Ev
FNDA:365148,_ZN4Napi20EscapableHandleScopeD2Ev
FN:3557,_ZNK4Napi20EscapableHandleScope3EnvEv
FNDA:365148,_ZNK4Napi20EscapableHandleScope3EnvEv
FN:3561,_ZN4Napi20EscapableHandleScope6EscapeEP12napi_value__
FNDA:365148,_ZN4Napi20EscapableHandleScope6EscapeEP12napi_value__
FN:3585,_ZN4Napi13CallbackScopeD2Ev
FNDA:0,_ZN4Napi13CallbackScopeD2Ev
FN:3585,_ZN4Napi13CallbackScopeD0Ev
FNDA:0,_ZN4Napi13CallbackScopeD0Ev
FN:3623,_ZN4Napi12AsyncContextD2Ev
FNDA:0,_ZN4Napi12AsyncContextD2Ev
FN:3623,_ZN4Napi12AsyncContextD0Ev
FNDA:0,_ZN4Napi12AsyncContextD0Ev
FN:3657,_ZN4Napi11AsyncWorkerC2ERKNS_8FunctionE
FNDA:2483340,_ZN4Napi11AsyncWorkerC2ERKNS_8FunctionE
FN:3661,_ZN4Napi11AsyncWorkerC2ERKNS_8FunctionEPKc
FNDA:2483340,_ZN4Napi11AsyncWorkerC2ERKNS_8FunctionEPKc
FN:3666,_ZN4Napi11AsyncWorkerC2ERKNS_8FunctionEPKcRKNS_6ObjectE
FNDA:2483340,_ZN4Napi11AsyncWorkerC2ERKNS_8FunctionEPKcRKNS_6ObjectE
FN:3689,_ZN4Napi11AsyncWorkerC2ERKNS_6ObjectERKNS_8FunctionEPKcS3_
FNDA:2483340,_ZN4Napi11AsyncWorkerC2ERKNS_6ObjectERKNS_8FunctionEPKcS3_
FN:3733,_ZN4Napi11AsyncWorkerD0Ev
FNDA:0,_ZN4Napi11AsyncWorkerD0Ev
FN:3733,_ZN4Napi11AsyncWorkerD2Ev
FNDA:2483340,_ZN4Napi11AsyncWorkerD2Ev
FN:3740,_ZN4Napi11AsyncWorker7DestroyEv
FNDA:2483340,_ZN4Napi11AsyncWorker7DestroyEv
FN:3771,_ZNK4Napi11AsyncWorker3EnvEv
FNDA:2848490,_ZNK4Napi11AsyncWorker3EnvEv
FN:3775,_ZN4Napi11AsyncWorker5QueueEv
FNDA:2483340,_ZN4Napi11AsyncWorker5QueueEv
FN:3785,_ZN4Napi11AsyncWorker8ReceiverEv
FNDA:365148,_ZN4Napi11AsyncWorker8ReceiverEv
FN:3789,_ZN4Napi11AsyncWorker8CallbackEv
FNDA:2483340,_ZN4Napi11AsyncWorker8CallbackEv
FN:3797,_ZN4Napi11AsyncWorker4OnOKEv
FNDA:0,_ZN4Napi11AsyncWorker4OnOKEv
FN:3803,_ZN4Napi11AsyncWorker7OnErrorERKNS_5ErrorE
FNDA:0,_ZN4Napi11AsyncWorker7OnErrorERKNS_5ErrorE
FN:3809,_ZN4Napi11AsyncWorker8SetErrorERKNSt7__cxx1112basic_stringIcSt11char_traitsIcESaIcEEE
FNDA:0,_ZN4Napi11AsyncWorker8SetErrorERKNSt7__cxx1112basic_stringIcSt11char_traitsIcESaIcEEE
FN:3813,_ZN4Napi11AsyncWorker9GetResultENS_3EnvE
FNDA:0,_ZN4Napi11AsyncWorker9GetResultENS_3EnvE
FN:3820,_ZN4Napi11AsyncWorker9OnExecuteEP10napi_env__Pv
FNDA:2483340,_ZN4Napi11AsyncWorker9OnExecuteEP10napi_env__Pv
FN:3833,_ZN4Napi11AsyncWorker14OnWorkCompleteEP10napi_env__11napi_statusPv
FNDA:2483340,_ZN4Napi11AsyncWorker14OnWorkCompleteEP10napi_env__11napi_statusPv
FN:3838,_ZZN4Napi11AsyncWorker14OnWorkCompleteEP10napi_env__11napi_statusPvENKUlvE_clEv
FNDA:2483340,_ZZN4Napi11AsyncWorker14OnWorkCompleteEP10napi_env__11napi_statusPvENKUlvE_clEv
DA:27,0
DA:33,0
DA:34,0
DA:62,0
DA:64,0
DA:27,0
DA:33,0
DA:34,0
DA:62,0
DA:64,0
DA:27,5050
DA:33,5050
DA:34,5050
DA:62,5050
DA:64,5050
DA:27,2525
DA:33,2525
DA:34,2525
DA:62,2525
DA:64,2525
DA:27,5050
DA:33,5050
DA:34,5050
DA:62,5050
DA:64,5050
DA:27,0
DA:33,0
DA:34,0
DA:62,0
DA:64,0
DA:27,0
DA:33,0
DA:34,0
DA:62,0
DA:64,0
DA:34,0
DA:34,0
DA:34,10080
DA:34,5040
DA:34,10080
DA:34,0
DA:34,0
DA:35,12600
DA:70,0
DA:73,0
DA:74,0
DA:75,0
DA:76,0
DA:70,0
DA:73,0
DA:74,0
DA:75,0
DA:76,0
DA:70,3716
DA:73,3716
DA:74,4
DA:75,4
DA:76,4
DA:70,0
DA:73,0
DA:74,0
DA:75,0
DA:76,0
DA:70,0
DA:73,0
DA:74,0
DA:75,0
DA:76,0
DA:70,0
DA:73,0
DA:74,0
DA:75,0
DA:76,0
DA:70,1641480
DA:73,1641480
DA:74,0
DA:75,0
DA:76,0
DA:70,4848
DA:73,4848
DA:74,0
DA:75,0
DA:76,0
DA:70,2237560
DA:73,2237560
DA:74,0
DA:75,0
DA:76,0
DA:70,0
DA:73,0
DA:74,0
DA:75,0
DA:76,0
DA:70,2483340
DA:73,2483340
DA:74,0
DA:75,0
DA:76,0
DA:70,505
DA:73,505
DA:74,0
DA:75,0
DA:76,0
DA:105,0
DA:106,0
DA:107,0
DA:109,0
DA:110,0
DA:111,0
DA:112,0
DA:113,0
DA:264,505
DA:267,505
DA:268,1010
DA:269,1515
DA:270,505
DA:277,29304400
DA:278,29304400
DA:280,29400400
DA:281,29400400
DA:291,875026
DA:293,875026
DA:294,875026
DA:295,875026
DA:298,365148
DA:300,365148
DA:301,365148
DA:302,365148
DA:305,365148
DA:307,365148
DA:308,365148
DA:309,365148
DA:326,213557
DA:327,213557
DA:329,26697900
DA:330,26697900
DA:332,28752600
DA:333,28752600
DA:351,18992100
DA:352,18992100
DA:355,365152
DA:356,365152
DA:359,365148
DA:360,365148
DA:361,0
DA:365,365148
DA:366,365148
DA:367,365148
DA:453,365148
DA:454,365148
DA:495,7432
DA:496,7432
DA:495,15086
DA:496,15086
DA:495,365148
DA:496,365148
DA:495,3716
DA:496,3716
DA:495,3883890
DA:496,3883890
DA:531,1270510
DA:533,1270510
DA:534,1270510
DA:535,1270510
DA:541,1277940
DA:542,1277940
DA:544,526879
DA:545,526879
DA:548,526879
DA:550,526879
DA:551,526879
DA:552,526879
DA:559,1858690
DA:561,1858690
DA:562,1858690
DA:563,1858690
DA:569,1873770
DA:570,1873770
DA:576,14910
DA:577,14910
DA:599,14910
DA:601,14910
DA:602,14910
DA:603,14910
DA:606,176
DA:608,176
DA:609,176
DA:610,176
DA:728,3716
DA:729,3716
DA:774,3716
DA:775,3716
DA:777,0
DA:778,0
DA:785,3716
DA:787,3716
DA:788,3716
DA:790,3716
DA:791,3716
DA:792,3716
DA:793,3716
DA:794,3716
DA:795,7432
DA:892,390961
DA:893,390961
DA:892,505
DA:893,505
DA:892,208168
DA:893,208168
DA:912,390961
DA:922,390961
DA:912,505
DA:922,505
DA:912,208168
DA:922,208168
DA:958,208168
DA:959,208168
DA:960,208168
DA:964,208168
DA:965,208168
DA:967,4966680
DA:969,4966680
DA:970,4966680
DA:971,4966680
DA:974,213557
DA:975,213557
DA:977,20581000
DA:978,20581000
DA:988,208168
DA:989,208168
DA:1068,0
DA:1070,0
DA:1071,0
DA:1072,0
DA:1094,505
DA:1096,505
DA:1097,505
DA:1098,505
DA:1142,390961
DA:1144,390961
DA:1145,390961
DA:1146,390961
DA:1142,208168
DA:1144,208168
DA:1145,208168
DA:1146,208168
DA:1296,806566
DA:1298,806566
DA:1299,806566
DA:1300,806566
DA:1313,806566
DA:1314,806566
DA:1316,598485
DA:1318,598485
DA:1319,598485
DA:1320,598485
DA:1598,213557
DA:1599,213557
DA:1600,213557
DA:1602,1126330
DA:1603,1126330
DA:1604,1126330
DA:1704,213557
DA:1705,213557
DA:1708,1126330
DA:1709,1126330
DA:1710,2252670
DA:1711,1126330
DA:1712,1126330
DA:1713,1126330
DA:1755,0
DA:1761,0
DA:1762,0
DA:1763,0
DA:1766,0
DA:1755,0
DA:1761,0
DA:1762,0
DA:1763,0
DA:1766,0
DA:1755,0
DA:1761,0
DA:1762,0
DA:1763,0
DA:1766,0
DA:1770,0
DA:1776,0
DA:1779,0
DA:1784,0
DA:1785,0
DA:1786,0
DA:1789,0
DA:1803,2849000
DA:1804,2849000
DA:1822,0
DA:1823,0
DA:1826,0
DA:1827,0
DA:1830,0
DA:1832,0
DA:1833,0
DA:1834,0
DA:1835,0
DA:1838,365148
DA:1842,365148
DA:1852,365148
DA:1858,730296
DA:1859,365148
DA:1860,365148
DA:1861,365148
DA:1919,4598
DA:1922,4598
DA:1923,4598
DA:1924,9196
DA:1928,1121720
DA:1930,1121720
DA:1932,1121720
DA:1933,2243450
DA:1928,12
DA:1930,12
DA:1932,12
DA:1933,24
DA:1993,213557
DA:1994,213557
DA:2002,1126320
DA:2003,1126320
DA:2004,1126320
DA:2002,12
DA:2003,12
DA:2004,12
DA:2007,519441
DA:2008,519441
DA:2009,519441
DA:2019,519441
DA:2023,519441
DA:2026,4582
DA:2027,4582
DA:2028,4582
DA:2029,4582
DA:2031,519441
DA:2037,0
DA:2039,0
DA:2042,0
DA:2043,0
DA:2045,0
DA:2046,0
DA:2047,0
DA:2050,0
DA:2051,0
DA:2054,0
DA:2055,0
DA:2057,0
DA:2058,0
DA:2059,0
DA:2063,0
DA:2068,0
DA:2070,0
DA:2071,0
DA:2075,0
DA:2076,0
DA:2077,0
DA:2078,0
DA:2079,0
DA:2081,0
DA:2084,0
DA:2091,4
DA:2092,4
DA:2095,0
DA:2096,0
DA:2102,4
DA:2103,4
DA:2104,4
DA:2108,4
DA:2110,4
DA:2138,0
DA:2139,0
DA:2142,0
DA:2144,0
DA:2152,0
DA:2155,4
DA:2156,8
DA:2157,4
DA:2163,4
DA:2166,4
DA:2167,0
DA:2173,4
DA:2177,0
DA:2178,0
DA:2184,4
DA:2189,4
DA:2190,4
DA:2193,4
DA:2194,4
DA:2196,8
DA:2232,2483340
DA:2233,2483340
DA:2234,2483340
DA:2236,2483340
DA:2237,0
DA:2241,2483340
DA:2242,2483340
DA:2244,2483340
DA:2232,4966680
DA:2233,4966680
DA:2234,4966680
DA:2236,4966680
DA:2237,0
DA:2241,4966680
DA:2242,4966680
DA:2244,4966680
DA:2249,3716
DA:2250,3716
DA:2253,2483340
DA:2254,2483340
DA:2255,2483340
DA:2253,4970400
DA:2254,4970400
DA:2255,4970400
DA:2258,4966680
DA:2259,4966680
DA:2260,2483340
DA:2261,2483340
DA:2264,2483340
DA:2266,4966680
DA:2258,9940400
DA:2259,9940400
DA:2260,4970000
DA:2261,4970000
DA:2264,4970000
DA:2266,9940400
DA:2269,2483340
DA:2270,2483340
DA:2271,2483340
DA:2272,2483340
DA:2273,2483340
DA:2274,2483340
DA:2269,4966680
DA:2270,4966680
DA:2271,4966680
DA:2272,4966680
DA:2273,4966680
DA:2274,4966680
DA:2277,3716
DA:2278,3716
DA:2279,3716
DA:2280,3716
DA:2281,3716
DA:2282,3716
DA:2283,3716
DA:2284,3716
DA:2285,3716
DA:2319,0
DA:2320,0
DA:2319,4
DA:2320,4
DA:2324,0
DA:2325,0
DA:2324,8
DA:2325,8
DA:2329,2483340
DA:2330,2483340
DA:2331,0
DA:2335,2483340
DA:2336,2483340
DA:2337,2483340
DA:2329,2848500
DA:2330,2848500
DA:2331,0
DA:2335,2848500
DA:2336,2848500
DA:2337,2848500
DA:2357,3716
DA:2358,3716
DA:2359,0
DA:2360,0
DA:2361,0
DA:2363,3716
DA:2400,4966680
DA:2401,9933370
DA:2404,2483340
DA:2405,4966680
DA:2415,4
DA:2416,4
DA:2418,4966680
DA:2419,4966680
DA:2420,4966680
DA:2440,0
DA:2441,0
DA:2442,0
DA:2546,2483340
DA:2547,2483340
DA:2548,2483340
DA:2588,0
DA:2590,0
DA:2591,0
DA:2592,0
DA:2593,0
DA:2595,0
DA:2598,0
DA:2600,0
DA:2601,0
DA:2602,0
DA:2603,0
DA:2605,0
DA:2618,365148
DA:2622,730296
DA:2623,365148
DA:2624,365148
DA:2625,0
DA:2627,365148
DA:2669,3887610
DA:2670,3887610
DA:2671,3887610
DA:2672,3887610
DA:2673,3887610
DA:2674,3887610
DA:2676,3887610
DA:2679,3716
DA:2680,3716
DA:2682,3716
DA:2683,3716
DA:2685,3887610
DA:2687,7775210
DA:2688,3887610
DA:2689,3716
DA:2691,3887610
DA:2704,4246290
DA:2705,4246290
DA:2708,886215
DA:2709,886215
DA:2712,391382
DA:2713,782764
DA:2716,3891320
DA:2717,3891320
DA:2718,0
DA:2720,3891320
DA:2723,3883890
DA:2724,3883890
DA:2727,3883890
DA:2728,3883890
DA:2729,3883890
DA:2966,3716
DA:2967,3716
DA:2968,3716
DA:2971,3716
DA:2972,3716
DA:2973,3716
DA:2975,3716
DA:2976,3716
DA:2977,3716
DA:2980,0
DA:2980,3316
DA:2983,3883890
DA:2985,3883890
DA:2986,3883890
DA:2987,3883890
DA:2992,505
DA:2998,505
DA:3008,13130
DA:3009,12625
DA:3010,12625
DA:3011,12625
DA:3012,0
DA:3015,0
DA:3017,0
DA:3018,0
DA:3019,0
DA:3020,12625
DA:3021,0
DA:3024,0
DA:3026,0
DA:3027,0
DA:3028,0
DA:3033,505
DA:3039,505
DA:3041,505
DA:3046,13130
DA:3047,12625
DA:3049,12625
DA:3050,12625
DA:3051,0
DA:3053,0
DA:3054,0
DA:3055,12625
DA:3056,7575
DA:3057,5050
DA:3059,5050
DA:3060,5050
DA:3061,7575
DA:3062,7575
DA:3063,2525
DA:3065,2525
DA:3066,2525
DA:3067,5050
DA:3068,5050
DA:3070,5050
DA:3071,5050
DA:3076,1010
DA:3080,505
DA:3085,505
DA:3088,505
DA:3089,505
DA:3208,2525
DA:3213,2525
DA:3214,2525
DA:3216,2525
DA:3217,2525
DA:3218,2525
DA:3219,2525
DA:3220,2525
DA:3221,5050
DA:3225,5050
DA:3230,5050
DA:3232,5050
DA:3233,5050
DA:3234,5050
DA:3235,5050
DA:3236,5050
DA:3237,10100
DA:3274,5050
DA:3280,5050
DA:3281,5050
DA:3283,5050
DA:3284,5050
DA:3285,5050
DA:3286,5050
DA:3287,5050
DA:3288,5050
DA:3289,10100
DA:3356,3312
DA:3359,3716
DA:3363,3716
DA:3364,3716
DA:3366,3716
DA:3367,3716
DA:3368,0
DA:3369,0
DA:3373,3716
DA:3374,7432
DA:3375,3716
DA:3376,7424
DA:3379,3716
DA:3383,0
DA:3386,0
DA:3387,0
DA:3389,0
DA:3390,0
DA:3391,0
DA:3392,0
DA:3393,0
DA:3397,0
DA:3400,0
DA:3401,0
DA:3403,0
DA:3404,0
DA:3405,0
DA:3406,0
DA:3410,0
DA:3413,0
DA:3414,0
DA:3416,0
DA:3417,0
DA:3418,0
DA:3419,0
DA:3423,0
DA:3426,0
DA:3427,0
DA:3429,0
DA:3430,0
DA:3431,0
DA:3432,0
DA:3433,0
DA:3437,4848
DA:3440,4848
DA:3441,4848
DA:3443,4848
DA:3444,4848
DA:3445,4848
DA:3446,4848
DA:3447,4848
DA:3448,9696
DA:3449,4848
DA:3453,2237560
DA:3456,2237560
DA:3457,4475130
DA:3459,2237560
DA:3460,2237560
DA:3461,2237560
DA:3462,2237560
DA:3463,4475130
DA:3464,2237560
DA:3468,1641480
DA:3471,1641480
DA:3472,3282960
DA:3474,1641480
DA:3475,1641480
DA:3476,1641480
DA:3477,1641480
DA:3478,3282960
DA:3479,1641480
DA:3483,0
DA:3486,0
DA:3487,0
DA:3489,0
DA:3490,0
DA:3491,0
DA:3492,0
DA:3493,0
DA:3494,0
DA:3495,0
DA:3499,3312
DA:3500,3312
DA:3501,3312
DA:3502,3312
DA:3503,3312
DA:3513,2483350
DA:3514,2483350
DA:3515,2483350
DA:3516,2483350
DA:3518,4966690
DA:3519,2483350
DA:3520,2483350
DA:3523,2483350
DA:3541,365148
DA:3542,365148
DA:3543,365148
DA:3544,365148
DA:3546,730296
DA:3547,365148
DA:3548,365148
DA:3551,365148
DA:3557,365148
DA:3558,365148
DA:3561,365148
DA:3563,365148
DA:3564,365148
DA:3565,365148
DA:3585,0
DA:3590,0
DA:3585,0
DA:3586,0
DA:3587,0
DA:3590,0
DA:3623,0
DA:3628,0
DA:3623,0
DA:3624,0
DA:3625,0
DA:3626,0
DA:3628,0
DA:3657,2483340
DA:3658,2483340
DA:3659,2483340
DA:3661,2483340
DA:3662,2483340
DA:3663,2483340
DA:3664,2483340
DA:3666,2483340
DA:3668,2483340
DA:3669,2483340
DA:3672,2483340
DA:3673,2483340
DA:3689,2483340
DA:3692,2483340
DA:3693,0
DA:3696,2483340
DA:3698,2483340
DA:3700,2483340
DA:3702,2483340
DA:3704,2483340
DA:3705,2483340
DA:3733,0
DA:3738,0
DA:3733,2483340
DA:3734,2483340
DA:3735,2483340
DA:3736,2483340
DA:3738,2483340
DA:3740,2483340
DA:3741,2483340
DA:3742,2483340
DA:3771,2848490
DA:3772,2848490
DA:3775,2483340
DA:3776,2483340
DA:3777,2483340
DA:3778,2483340
DA:3785,365148
DA:3786,365148
DA:3789,2483340
DA:3790,2483340
DA:3797,0
DA:3798,0
DA:3799,0
DA:3801,0
DA:3803,0
DA:3804,0
DA:3805,0
DA:3807,0
DA:3809,0
DA:3810,0
DA:3811,0
DA:3813,0
DA:3814,0
DA:3820,2483340
DA:3821,2483340
DA:3824,2483340
DA:3825,0
DA:3826,0
DA:3831,2483340
DA:3833,2483340
DA:3835,2483340
DA:3836,2483340
DA:3837,4966680
DA:3838,2483340
DA:3839,2483340
DA:3840,2483340
DA:3843,0
DA:3845,2483340
DA:3848,2483340
DA:3849,2483340
DA:3851,2483340
end_of_record
SF:/usr/include/c++/9/bits/alloc_traits.h
FN:443,_ZNSt16allocator_traitsISaI24napi_property_descriptorEE8allocateERS1_m
FNDA:505,_ZNSt16allocator_traitsISaI24napi_property_descriptorEE8allocateERS1_m
FN:443,_ZNSt16allocator_traitsISaI11AsyncBufferIhEEE8allocateERS2_m
FNDA:208168,_ZNSt16allocator_traitsISaI11AsyncBufferIhEEE8allocateERS2_m
FN:469,_ZNSt16allocator_traitsISaI24napi_property_descriptorEE10deallocateERS1_PS0_m
FNDA:505,_ZNSt16allocator_traitsISaI24napi_property_descriptorEE10deallocateERS1_PS0_m
FN:469,_ZNSt16allocator_traitsISaI11AsyncBufferIhEEE10deallocateERS2_PS1_m
FNDA:208168,_ZNSt16allocator_traitsISaI11AsyncBufferIhEEE10deallocateERS2_PS1_m
FN:469,_ZNSt16allocator_traitsISaIP12napi_value__EE10deallocateERS2_PS1_m
FNDA:0,_ZNSt16allocator_traitsISaIP12napi_value__EE10deallocateERS2_PS1_m
FN:482,_ZNSt16allocator_traitsISaI11AsyncBufferIhEEE9constructIS1_JS1_EEEvRS2_PT_DpOT0_
FNDA:201,_ZNSt16allocator_traitsISaI11AsyncBufferIhEEE9constructIS1_JS1_EEEvRS2_PT_DpOT0_
FN:495,_ZNSt16allocator_traitsISaI11AsyncBufferIhEEE7destroyIS1_EEvRS2_PT_
FNDA:201,_ZNSt16allocator_traitsISaI11AsyncBufferIhEEE7destroyIS1_EEvRS2_PT_
FN:505,_ZNSt16allocator_traitsISaI11AsyncBufferIhEEE8max_sizeERKS2_
FNDA:832672,_ZNSt16allocator_traitsISaI11AsyncBufferIhEEE8max_sizeERKS2_
FN:505,_ZNSt16allocator_traitsISaI24napi_property_descriptorEE8max_sizeERKS1_
FNDA:505,_ZNSt16allocator_traitsISaI24napi_property_descriptorEE8max_sizeERKS1_
DA:443,505
DA:444,505
DA:443,208168
DA:444,208168
DA:469,505
DA:470,505
DA:469,208168
DA:470,208168
DA:469,0
DA:470,0
DA:482,201
DA:484,201
DA:495,201
DA:497,201
DA:505,832672
DA:506,832672
DA:505,505
DA:506,505
end_of_record
SF:/usr/include/c++/9/bits/stl_construct.h
FN:74,_ZSt10_ConstructI11AsyncBufferIhEJS1_EEvPT_DpOT0_
FNDA:0,_ZSt10_ConstructI11AsyncBufferIhEJS1_EEvPT_DpOT0_
FN:74,_ZSt10_ConstructI11AsyncBufferIhEJEEvPT_DpOT0_
FNDA:208168,_ZSt10_ConstructI11AsyncBufferIhEJEEvPT_DpOT0_
FN:117,_ZNSt12_Destroy_auxILb1EE9__destroyIP24napi_property_descriptorEEvT_S4_
FNDA:505,_ZNSt12_Destroy_auxILb1EE9__destroyIP24napi_property_descriptorEEvT_S4_
FN:117,_ZNSt12_Destroy_auxILb1EE9__destroyIP11AsyncBufferIhEEEvT_S5_
FNDA:2242430,_ZNSt12_Destroy_auxILb1EE9__destroyIP11AsyncBufferIhEEEvT_S5_
FN:117,_ZNSt12_Destroy_auxILb1EE9__destroyIPP12napi_value__EEvT_S5_
FNDA:0,_ZNSt12_Destroy_auxILb1EE9__destroyIPP12napi_value__EEvT_S5_
FN:127,_ZSt8_DestroyIP24napi_property_descriptorEvT_S2_
FNDA:505,_ZSt8_DestroyIP24napi_property_descriptorEvT_S2_
FN:127,_ZSt8_DestroyIP11AsyncBufferIhEEvT_S3_
FNDA:2242430,_ZSt8_DestroyIP11AsyncBufferIhEEvT_S3_
FN:127,_ZSt8_DestroyIPP12napi_value__EvT_S3_
FNDA:0,_ZSt8_DestroyIPP12napi_value__EvT_S3_
FN:203,_ZSt8_DestroyIP24napi_property_descriptorS0_EvT_S2_RSaIT0_E
FNDA:505,_ZSt8_DestroyIP24napi_property_descriptorS0_EvT_S2_RSaIT0_E
FN:203,_ZSt8_DestroyIP11AsyncBufferIhES1_EvT_S3_RSaIT0_E
FNDA:2242430,_ZSt8_DestroyIP11AsyncBufferIhES1_EvT_S3_RSaIT0_E
FN:203,_ZSt8_DestroyIPP12napi_value__S1_EvT_S3_RSaIT0_E
FNDA:0,_ZSt8_DestroyIPP12napi_value__S1_EvT_S3_RSaIT0_E
DA:74,0
DA:75,0
DA:74,208168
DA:75,208168
DA:117,505
DA:117,2242430
DA:117,0
DA:127,505
DA:137,505
DA:138,505
DA:127,2242430
DA:137,2242430
DA:138,2242430
DA:127,0
DA:137,0
DA:138,0
DA:203,505
DA:206,505
DA:207,505
DA:203,2242430
DA:206,2242430
DA:207,2242430
DA:203,0
DA:206,0
DA:207,0
end_of_record
SF:/usr/include/c++/9/bits/stl_iterator.h
FN:1057,_ZNSt13move_iteratorIP11AsyncBufferIhEEC2ES2_
FNDA:0,_ZNSt13move_iteratorIP11AsyncBufferIhEEC2ES2_
FN:1066,_ZNKSt13move_iteratorIP11AsyncBufferIhEE4baseEv
FNDA:0,_ZNKSt13move_iteratorIP11AsyncBufferIhEE4baseEv
FN:1070,_ZNKSt13move_iteratorIP11AsyncBufferIhEEdeEv
FNDA:0,_ZNKSt13move_iteratorIP11AsyncBufferIhEEdeEv
FN:1078,_ZNSt13move_iteratorIP11AsyncBufferIhEEppEv
FNDA:0,_ZNSt13move_iteratorIP11AsyncBufferIhEEppEv
FN:1145,_ZSteqIP11AsyncBufferIhEEbRKSt13move_iteratorIT_ES7_
FNDA:0,_ZSteqIP11AsyncBufferIhEEbRKSt13move_iteratorIT_ES7_
FN:1157,_ZStneIP11AsyncBufferIhEEbRKSt13move_iteratorIT_ES7_
FNDA:0,_ZStneIP11AsyncBufferIhEEbRKSt13move_iteratorIT_ES7_
FN:1242,_ZSt32__make_move_if_noexcept_iteratorI11AsyncBufferIhESt13move_iteratorIPS1_EET0_PT_
FNDA:0,_ZSt32__make_move_if_noexcept_iteratorI11AsyncBufferIhESt13move_iteratorIPS1_EET0_PT_
DA:1057,0
DA:1058,0
DA:1066,0
DA:1067,0
DA:1070,0
DA:1071,0
DA:1078,0
DA:1080,0
DA:1081,0
DA:1145,0
DA:1147,0
DA:1157,0
DA:1159,0
DA:1242,0
DA:1243,0
end_of_record
SF:/usr/include/c++/9/bits/char_traits.h
FN:329,_ZNSt11char_traitsIcE6lengthEPKc
FNDA:0,_ZNSt11char_traitsIcE6lengthEPKc
FN:361,_ZNSt11char_traitsIcE4copyEPcPKcm
FNDA:0,_ZNSt11char_traitsIcE4copyEPcPKcm
DA:329,0
DA:335,0
DA:361,0
DA:363,0
DA:364,0
DA:365,0
end_of_record
SF:/usr/include/c++/9/bits/basic_string.tcc
FN:206,_ZNSt7__cxx1112basic_stringIcSt11char_traitsIcESaIcEE12_M_constructIPcEEvT_S7_St20forward_iterator_tag
FNDA:0,_ZNSt7__cxx1112basic_stringIcSt11char_traitsIcESaIcEE12_M_constructIPcEEvT_S7_St20forward_iterator_tag
FN:206,_ZNSt7__cxx1112basic_stringIcSt11char_traitsIcESaIcEE12_M_constructIPKcEEvT_S8_St20forward_iterator_tag
FNDA:0,_ZNSt7__cxx1112basic_stringIcSt11char_traitsIcESaIcEE12_M_constructIPKcEEvT_S8_St20forward_iterator_tag
DA:206,0
DA:211,0
DA:212,0
DA:215,0
DA:217,0
DA:219,0
DA:220,0
DA:225,0
DA:226,0
DA:228,0
DA:229,0
DA:232,0
DA:233,0
DA:206,0
DA:211,0
DA:212,0
DA:215,0
DA:217,0
DA:219,0
DA:220,0
DA:225,0
DA:226,0
DA:228,0
DA:229,0
DA:232,0
DA:233,0
end_of_record
SF:/usr/include/c++/9/bits/unique_ptr.h
FN:75,_ZNKSt14default_deleteISt6vectorI11AsyncBufferIhESaIS2_EEEclEPS4_
FNDA:2242430,_ZNKSt14default_deleteISt6vectorI11AsyncBufferIhESaIS2_EEEclEPS4_
FN:147,_ZNSt15__uniq_ptr_implISt6vectorI11AsyncBufferIhESaIS2_EESt14default_deleteIS4_EEC2EPS4_
FNDA:2242430,_ZNSt15__uniq_ptr_implISt6vectorI11AsyncBufferIhESaIS2_EESt14default_deleteIS4_EEC2EPS4_
FN:147,_ZNSt15__uniq_ptr_implIi7CloseFDEC2EPi
FNDA:3712,_ZNSt15__uniq_ptr_implIi7CloseFDEC2EPi
FN:150,_ZNSt15__uniq_ptr_implISt6vectorI11AsyncBufferIhESaIS2_EESt14default_deleteIS4_EEC2IS6_EEPS4_OT_
FNDA:207967,_ZNSt15__uniq_ptr_implISt6vectorI11AsyncBufferIhESaIS2_EESt14default_deleteIS4_EEC2IS6_EEPS4_OT_
FN:153,_ZNSt15__uniq_ptr_implIi7CloseFDE6_M_ptrEv
FNDA:7424,_ZNSt15__uniq_ptr_implIi7CloseFDE6_M_ptrEv
FN:153,_ZNSt15__uniq_ptr_implISt6vectorI11AsyncBufferIhESaIS2_EESt14default_deleteIS4_EE6_M_ptrEv
FNDA:7143240,_ZNSt15__uniq_ptr_implISt6vectorI11AsyncBufferIhESaIS2_EESt14default_deleteIS4_EE6_M_ptrEv
FN:154,_ZNKSt15__uniq_ptr_implISt6vectorI11AsyncBufferIhESaIS2_EESt14default_deleteIS4_EE6_M_ptrEv
FNDA:3491060,_ZNKSt15__uniq_ptr_implISt6vectorI11AsyncBufferIhESaIS2_EESt14default_deleteIS4_EE6_M_ptrEv
FN:154,_ZNKSt15__uniq_ptr_implIi7CloseFDE6_M_ptrEv
FNDA:3952,_ZNKSt15__uniq_ptr_implIi7CloseFDE6_M_ptrEv
FN:155,_ZNSt15__uniq_ptr_implISt6vectorI11AsyncBufferIhESaIS2_EESt14default_deleteIS4_EE10_M_deleterEv
FNDA:4692840,_ZNSt15__uniq_ptr_implISt6vectorI11AsyncBufferIhESaIS2_EESt14default_deleteIS4_EE10_M_deleterEv
FN:155,_ZNSt15__uniq_ptr_implIi7CloseFDE10_M_deleterEv
FNDA:3712,_ZNSt15__uniq_ptr_implIi7CloseFDE10_M_deleterEv
FN:203,_ZNSt10unique_ptrIi7CloseFDEC2IS0_vEEPi
FNDA:3712,_ZNSt10unique_ptrIi7CloseFDEC2IS0_vEEPi
FN:203,_ZNSt10unique_ptrISt6vectorI11AsyncBufferIhESaIS2_EESt14default_deleteIS4_EEC2IS6_vEEPS4_
FNDA:2242430,_ZNSt10unique_ptrISt6vectorI11AsyncBufferIhESaIS2_EESt14default_deleteIS4_EEC2IS6_vEEPS4_
FN:249,_ZNSt10unique_ptrISt6vectorI11AsyncBufferIhESaIS2_EESt14default_deleteIS4_EEC2EOS7_
FNDA:207967,_ZNSt10unique_ptrISt6vectorI11AsyncBufferIhESaIS2_EESt14default_deleteIS4_EEC2EOS7_
FN:278,_ZNSt10unique_ptrISt6vectorI11AsyncBufferIhESaIS2_EESt14default_deleteIS4_EED2Ev
FNDA:2450400,_ZNSt10unique_ptrISt6vectorI11AsyncBufferIhESaIS2_EESt14default_deleteIS4_EED2Ev
FN:278,_ZNSt10unique_ptrIi7CloseFDED2Ev
FNDA:3712,_ZNSt10unique_ptrIi7CloseFDED2Ev
FN:297,_ZNSt10unique_ptrISt6vectorI11AsyncBufferIhESaIS2_EESt14default_deleteIS4_EEaSEOS7_
FNDA:1121220,_ZNSt10unique_ptrISt6vectorI11AsyncBufferIhESaIS2_EESt14default_deleteIS4_EEaSEOS7_
FN:336,_ZNKSt10unique_ptrISt6vectorI11AsyncBufferIhESaIS2_EESt14default_deleteIS4_EEdeEv
FNDA:416336,_ZNKSt10unique_ptrISt6vectorI11AsyncBufferIhESaIS2_EESt14default_deleteIS4_EEdeEv
FN:336,_ZNKSt10unique_ptrIi7CloseFDEdeEv
FNDA:3952,_ZNKSt10unique_ptrIi7CloseFDEdeEv
FN:344,_ZNKSt10unique_ptrISt6vectorI11AsyncBufferIhESaIS2_EESt14default_deleteIS4_EEptEv
FNDA:1745540,_ZNKSt10unique_ptrISt6vectorI11AsyncBufferIhESaIS2_EESt14default_deleteIS4_EEptEv
FN:352,_ZNKSt10unique_ptrIi7CloseFDE3getEv
FNDA:3952,_ZNKSt10unique_ptrIi7CloseFDE3getEv
FN:352,_ZNKSt10unique_ptrISt6vectorI11AsyncBufferIhESaIS2_EESt14default_deleteIS4_EE3getEv
FNDA:3491060,_ZNKSt10unique_ptrISt6vectorI11AsyncBufferIhESaIS2_EESt14default_deleteIS4_EE3getEv
FN:357,_ZNSt10unique_ptrISt6vectorI11AsyncBufferIhESaIS2_EESt14default_deleteIS4_EE11get_deleterEv
FNDA:4692840,_ZNSt10unique_ptrISt6vectorI11AsyncBufferIhESaIS2_EESt14default_deleteIS4_EE11get_deleterEv
FN:357,_ZNSt10unique_ptrIi7CloseFDE11get_deleterEv
FNDA:3712,_ZNSt10unique_ptrIi7CloseFDE11get_deleterEv
FN:373,_ZNSt10unique_ptrISt6vectorI11AsyncBufferIhESaIS2_EESt14default_deleteIS4_EE7releaseEv
FNDA:1329180,_ZNSt10unique_ptrISt6vectorI11AsyncBufferIhESaIS2_EESt14default_deleteIS4_EE7releaseEv
FN:387,_ZNSt10unique_ptrISt6vectorI11AsyncBufferIhESaIS2_EESt14default_deleteIS4_EE5resetEPS4_
FNDA:1121220,_ZNSt10unique_ptrISt6vectorI11AsyncBufferIhESaIS2_EESt14default_deleteIS4_EE5resetEPS4_
FN:848,_ZSt11make_uniqueISt6vectorI11AsyncBufferIhESaIS2_EEJEENSt9_MakeUniqIT_E15__single_objectEDpOT0_
FNDA:2242430,_ZSt11make_uniqueISt6vectorI11AsyncBufferIhESaIS2_EEJEENSt9_MakeUniqIT_E15__single_objectEDpOT0_
DA:75,2242430
DA:81,2242430
DA:82,2242430
DA:147,2242430
DA:147,3712
DA:150,207967
DA:151,207967
DA:153,7143240
DA:153,7424
DA:154,3491060
DA:154,3952
DA:155,4692840
DA:155,3712
DA:203,2242430
DA:204,2242430
DA:205,2242430
DA:203,3712
DA:204,3712
DA:205,3712
DA:249,207967
DA:250,207967
DA:278,2450400
DA:282,2450400
DA:283,2450400
DA:284,1121220
DA:285,2450400
DA:286,2450400
DA:278,3712
DA:282,3712
DA:283,3712
DA:284,3712
DA:285,3712
DA:286,3712
DA:297,1121220
DA:299,1121220
DA:300,1121220
DA:301,1121220
DA:336,416336
DA:339,416336
DA:336,3952
DA:339,3952
DA:344,1745540
DA:347,1745540
DA:352,3491060
DA:353,3491060
DA:352,3952
DA:353,3952
DA:357,4692840
DA:358,4692840
DA:357,3712
DA:358,3712
DA:373,1329180
DA:375,1329180
DA:376,1329180
DA:377,1329180
DA:387,1121220
DA:392,1121220
DA:393,1121220
DA:394,1121220
DA:395,1121220
DA:848,2242430
DA:849,2242430
end_of_record
SF:/usr/include/c++/9/bits/stl_algobase.h
FN:198,_ZSt3minImERKT_S2_S2_
FNDA:833177,_ZSt3minImERKT_S2_S2_
FN:222,_ZSt3maxImERKT_S2_S2_
FNDA:208168,_ZSt3maxImERKT_S2_S2_
FN:280,_ZSt12__niter_baseIP24napi_property_descriptorET_S2_
FNDA:505,_ZSt12__niter_baseIP24napi_property_descriptorET_S2_
FN:280,_ZSt12__niter_baseIP11AsyncBufferIhEET_S3_
FNDA:624504,_ZSt12__niter_baseIP11AsyncBufferIhEET_S3_
FN:295,_ZSt12__niter_wrapIP24napi_property_descriptorET_RKS2_S2_
FNDA:505,_ZSt12__niter_wrapIP24napi_property_descriptorET_RKS2_S2_
FN:756,_ZSt10__fill_n_aIP24napi_property_descriptormS0_EN9__gnu_cxx11__enable_ifIXntsrSt11__is_scalarIT1_E7__valueET_E6__typeES7_T0_RKS5_
FNDA:505,_ZSt10__fill_n_aIP24napi_property_descriptormS0_EN9__gnu_cxx11__enable_ifIXntsrSt11__is_scalarIT1_E7__valueET_E6__typeES7_T0_RKS5_
FN:802,_ZSt6fill_nIP24napi_property_descriptormS0_ET_S2_T0_RKT1_
FNDA:505,_ZSt6fill_nIP24napi_property_descriptormS0_ET_S2_T0_RKT1_
DA:198,833177
DA:203,833177
DA:204,0
DA:205,833177
DA:222,208168
DA:227,208168
DA:228,207967
DA:229,201
DA:280,505
DA:282,505
DA:280,624504
DA:282,624504
DA:295,505
DA:296,505
DA:756,505
DA:758,505
DA:759,13130
DA:760,12625
DA:761,505
DA:802,505
DA:808,505
DA:809,505
end_of_record
SF:/usr/include/c++/9/bits/stl_uninitialized.h
FN:76,_ZNSt20__uninitialized_copyILb0EE13__uninit_copyISt13move_iteratorIP11AsyncBufferIhEES5_EET0_T_S8_S7_
FNDA:0,_ZNSt20__uninitialized_copyILb0EE13__uninit_copyISt13move_iteratorIP11AsyncBufferIhEES5_EET0_T_S8_S7_
FN:115,_ZSt18uninitialized_copyISt13move_iteratorIP11AsyncBufferIhEES3_ET0_T_S6_S5_
FNDA:0,_ZSt18uninitialized_copyISt13move_iteratorIP11AsyncBufferIhEES3_ET0_T_S6_S5_
FN:287,_ZSt22__uninitialized_copy_aISt13move_iteratorIP11AsyncBufferIhEES3_S2_ET0_T_S6_S5_RSaIT1_E
FNDA:0,_ZSt22__uninitialized_copy_aISt13move_iteratorIP11AsyncBufferIhEES3_S2_ET0_T_S6_S5_RSaIT1_E
FN:305,_ZSt34__uninitialized_move_if_noexcept_aIP11AsyncBufferIhES2_SaIS1_EET0_T_S5_S4_RT1_
FNDA:0,_ZSt34__uninitialized_move_if_noexcept_aIP11AsyncBufferIhES2_SaIS1_EET0_T_S5_S4_RT1_
FN:521,_ZNSt27__uninitialized_default_n_1ILb0EE18__uninit_default_nIP11AsyncBufferIhEmEET_S5_T0_
FNDA:208168,_ZNSt27__uninitialized_default_n_1ILb0EE18__uninit_default_nIP11AsyncBufferIhEmEET_S5_T0_
FN:543,_ZNSt27__uninitialized_default_n_1ILb1EE18__uninit_default_nIP24napi_property_descriptormEET_S4_T0_
FNDA:505,_ZNSt27__uninitialized_default_n_1ILb1EE18__uninit_default_nIP24napi_property_descriptormEET_S4_T0_
FN:574,_ZSt25__uninitialized_default_nIP24napi_property_descriptormET_S2_T0_
FNDA:505,_ZSt25__uninitialized_default_nIP24napi_property_descriptormET_S2_T0_
FN:574,_ZSt25__uninitialized_default_nIP11AsyncBufferIhEmET_S3_T0_
FNDA:208168,_ZSt25__uninitialized_default_nIP11AsyncBufferIhEmET_S3_T0_
FN:643,_ZSt27__uninitialized_default_n_aIP24napi_property_descriptormS0_ET_S2_T0_RSaIT1_E
FNDA:505,_ZSt27__uninitialized_default_n_aIP24napi_property_descriptormS0_ET_S2_T0_RSaIT1_E
FN:643,_ZSt27__uninitialized_default_n_aIP11AsyncBufferIhEmS1_ET_S3_T0_RSaIT1_E
FNDA:208168,_ZSt27__uninitialized_default_n_aIP11AsyncBufferIhEmS1_ET_S3_T0_RSaIT1_E
FN:887,_ZSt19__relocate_object_aI11AsyncBufferIhES1_SaIS1_EEvPT_PT0_RT1_
FNDA:201,_ZSt19__relocate_object_aI11AsyncBufferIhES1_SaIS1_EEvPT_PT0_RT1_
FN:918,_ZSt14__relocate_a_1IP11AsyncBufferIhES2_SaIS1_EET0_T_S5_S4_RT1_
FNDA:208168,_ZSt14__relocate_a_1IP11AsyncBufferIhES2_SaIS1_EET0_T_S5_S4_RT1_
FN:940,_ZSt12__relocate_aIP11AsyncBufferIhES2_SaIS1_EET0_T_S5_S4_RT1_
FNDA:208168,_ZSt12__relocate_aIP11AsyncBufferIhES2_SaIS1_EET0_T_S5_S4_RT1_
DA:76,0
DA:79,0
DA:82,0
DA:83,0
DA:84,0
DA:86,0
DA:88,0
DA:89,0
DA:115,0
DA:128,0
DA:134,0
DA:287,0
DA:289,0
DA:305,0
DA:311,0
DA:312,0
DA:521,208168
DA:523,208168
DA:526,416336
DA:527,208168
DA:528,208168
DA:543,505
DA:548,505
DA:574,505
DA:579,505
DA:583,505
DA:574,208168
DA:579,208168
DA:583,208168
DA:643,505
DA:645,505
DA:643,208168
DA:645,208168
DA:887,201
DA:894,201
DA:895,201
DA:896,201
DA:918,208168
DA:930,208168
DA:931,208369
DA:932,201
DA:934,208168
DA:940,208168
DA:946,208168
DA:948,208168
end_of_record
SF:/usr/include/c++/9/ext/type_traits.h
FN:152,_ZN9__gnu_cxx17__is_null_pointerIcEEbPT_
FNDA:0,_ZN9__gnu_cxx17__is_null_pointerIcEEbPT_
FN:152,_ZN9__gnu_cxx17__is_null_pointerIKcEEbPT_
FNDA:0,_ZN9__gnu_cxx17__is_null_pointerIKcEEbPT_
DA:152,0
DA:153,0
DA:152,0
DA:153,0
end_of_record
SF:/usr/include/c++/9/bits/move.h
FN:47,_ZSt11__addressofI11AsyncBufferIhEEPT_RS2_
FNDA:208771,_ZSt11__addressofI11AsyncBufferIhEEPT_RS2_
FN:74,_ZSt7forwardI11AsyncBufferIhEEOT_RNSt16remove_referenceIS2_E4typeE
FNDA:402,_ZSt7forwardI11AsyncBufferIhEEOT_RNSt16remove_referenceIS2_E4typeE
FN:74,_ZSt7forwardIRPSt6vectorI11AsyncBufferIhESaIS2_EEEOT_RNSt16remove_referenceIS7_E4typeE
FNDA:623901,_ZSt7forwardIRPSt6vectorI11AsyncBufferIhESaIS2_EEEOT_RNSt16remove_referenceIS7_E4typeE
FN:74,_ZSt7forwardISt14default_deleteISt6vectorI11AsyncBufferIhESaIS3_EEEEOT_RNSt16remove_referenceIS7_E4typeE
FNDA:2369020,_ZSt7forwardISt14default_deleteISt6vectorI11AsyncBufferIhESaIS3_EEEEOT_RNSt16remove_referenceIS7_E4typeE
FN:99,_ZSt4moveIR11AsyncBufferIhEEONSt16remove_referenceIT_E4typeEOS4_
FNDA:208369,_ZSt4moveIR11AsyncBufferIhEEONSt16remove_referenceIT_E4typeEOS4_
FN:99,_ZSt4moveIRPSt6vectorI11AsyncBufferIhESaIS2_EEEONSt16remove_referenceIT_E4typeEOS8_
FNDA:5606080,_ZSt4moveIRPSt6vectorI11AsyncBufferIhESaIS2_EEEONSt16remove_referenceIT_E4typeEOS8_
FN:99,_ZSt4moveIRPiEONSt16remove_referenceIT_E4typeEOS3_
FNDA:3712,_ZSt4moveIRPiEONSt16remove_referenceIT_E4typeEOS3_
FN:99,_ZSt4moveIRSaIcEEONSt16remove_referenceIT_E4typeEOS3_
FNDA:0,_ZSt4moveIRSaIcEEONSt16remove_referenceIT_E4typeEOS3_
FN:99,_ZSt4moveIRNSt7__cxx1112basic_stringIcSt11char_traitsIcESaIcEEEEONSt16remove_referenceIT_E4typeEOS8_
FNDA:8,_ZSt4moveIRNSt7__cxx1112basic_stringIcSt11char_traitsIcESaIcEEEEONSt16remove_referenceIT_E4typeEOS8_
FN:99,_ZSt4moveIRN4Napi9ReferenceINS0_8FunctionEEEEONSt16remove_referenceIT_E4typeEOS6_
FNDA:2483340,_ZSt4moveIRN4Napi9ReferenceINS0_8FunctionEEEEONSt16remove_referenceIT_E4typeEOS6_
FN:99,_ZSt4moveIRN4Napi9ReferenceINS0_6ObjectEEEEONSt16remove_referenceIT_E4typeEOS6_
FNDA:4966680,_ZSt4moveIRN4Napi9ReferenceINS0_6ObjectEEEEONSt16remove_referenceIT_E4typeEOS6_
FN:182,_ZSt4swapIPSt6vectorI11AsyncBufferIhESaIS2_EEENSt9enable_ifIXsrSt6__and_IJSt6__not_ISt15__is_tuple_likeIT_EESt21is_move_constructibleISA_ESt18is_move_assignableISA_EEE5valueEvE4typeERSA_SK_
FNDA:1121220,_ZSt4swapIPSt6vectorI11AsyncBufferIhESaIS2_EEENSt9enable_ifIXsrSt6__and_IJSt6__not_ISt15__is_tuple_likeIT_EESt21is_move_constructibleISA_ESt18is_move_assignableISA_EEE5valueEvE4typeERSA_SK_
DA:47,208771
DA:48,208771
DA:74,402
DA:75,402
DA:74,623901
DA:75,623901
DA:74,2369020
DA:75,2369020
DA:99,208369
DA:100,208369
DA:99,5606080
DA:100,5606080
DA:99,3712
DA:100,3712
DA:99,0
DA:100,0
DA:99,8
DA:100,8
DA:99,2483340
DA:100,2483340
DA:99,4966680
DA:100,4966680
DA:182,1121220
DA:193,1121220
DA:194,1121220
DA:195,1121220
DA:196,1121220
end_of_record
SF:/usr/include/c++/9/bits/exception.h
FN:63,_ZNSt9exceptionC2Ev
FNDA:4,_ZNSt9exceptionC2Ev
DA:63,4
end_of_record
SF:/usr/include/c++/9/new
FN:173,_ZnwmPv
FNDA:208369,_ZnwmPv
DA:173,208369
DA:174,208369
end_of_record
SF:/usr/include/c++/9/initializer_list
FN:71,_ZNKSt16initializer_listIN4Napi23ClassPropertyDescriptorI9DisruptorEEE4sizeEv
FNDA:505,_ZNKSt16initializer_listIN4Napi23ClassPropertyDescriptorI9DisruptorEEE4sizeEv
FN:71,_ZNKSt16initializer_listIP12napi_value__E4sizeEv
FNDA:365148,_ZNKSt16initializer_listIP12napi_value__E4sizeEv
FN:75,_ZNKSt16initializer_listIN4Napi23ClassPropertyDescriptorI9DisruptorEEE5beginEv
FNDA:505,_ZNKSt16initializer_listIN4Napi23ClassPropertyDescriptorI9DisruptorEEE5beginEv
FN:75,_ZNKSt16initializer_listIP12napi_value__E5beginEv
FNDA:365148,_ZNKSt16initializer_listIP12napi_value__E5beginEv
DA:71,505
DA:71,365148
DA:75,505
DA:75,365148
end_of_record
SF:/home/david/shared-memory-disruptor/src/disruptor.cc
FN:47,_ZN9Disruptor4SpinEv
FNDA:2483340,_ZN9Disruptor4SpinEv
FN:149,_Z11GetCallbackRKN4Napi12CallbackInfoEj
FNDA:365148,_Z11GetCallbackRKN4Napi12CallbackInfoEj
FN:167,_ZN11AsyncBufferIhEC2Ev
FNDA:401102,_ZN11AsyncBufferIhEC2Ev
FN:173,_ZN11AsyncBufferIhE3NewEN4Napi3EnvEPhm
FNDA:213545,_ZN11AsyncBufferIhE3NewEN4Napi3EnvEPhm
FN:178,_ZN11AsyncBufferIhE3NewEN4Napi3EnvEm
FNDA:187557,_ZN11AsyncBufferIhE3NewEN4Napi3EnvEm
FN:183,_ZN11AsyncBufferIhE7ToValueEN4Napi3EnvE
FNDA:213557,_ZN11AsyncBufferIhE7ToValueEN4Napi3EnvE
FN:199,_ZN11AsyncBufferIhE6LengthEv
FNDA:192934,_ZN11AsyncBufferIhE6LengthEv
FN:205,_ZN11AsyncBufferIhEC2EPhm
FNDA:401102,_ZN11AsyncBufferIhEC2EPhm
FN:219,_ZN10AsyncArrayI11AsyncBufferIhEEC2Ev
FNDA:2242430,_ZN10AsyncArrayI11AsyncBufferIhEEC2Ev
FN:224,_ZN10AsyncArrayI11AsyncBufferIhEE3NewEN4Napi3EnvE
FNDA:1121220,_ZN10AsyncArrayI11AsyncBufferIhEE3NewEN4Napi3EnvE
FN:229,_ZN10AsyncArrayI11AsyncBufferIhEE3SetEjS1_
FNDA:208168,_ZN10AsyncArrayI11AsyncBufferIhEE3SetEjS1_
FN:239,_ZN10AsyncArrayI11AsyncBufferIhEE7ToValueEN4Napi3EnvE
FNDA:207982,_ZN10AsyncArrayI11AsyncBufferIhEE7ToValueEN4Napi3EnvE
FN:250,_ZN10AsyncArrayI11AsyncBufferIhEE6LengthEv
FNDA:1121220,_ZN10AsyncArrayI11AsyncBufferIhEE6LengthEv
FN:262,_ZN12AsyncBooleanC2Ev
FNDA:1169190,_ZN12AsyncBooleanC2Ev
FN:267,_ZN12AsyncBoolean3NewEN4Napi3EnvEb
FNDA:1169190,_ZN12AsyncBoolean3NewEN4Napi3EnvEb
FN:272,_ZN12AsyncBoolean7ToValueEN4Napi3EnvE
FNDA:151777,_ZN12AsyncBoolean7ToValueEN4Napi3EnvE
FN:277,_ZNK12AsyncBooleancvbEv
FNDA:1169190,_ZNK12AsyncBooleancvbEv
FN:283,_ZN12AsyncBooleanC2Eb
FNDA:1169190,_ZN12AsyncBooleanC2Eb
FN:295,_Z7ToValueRKN4Napi3EnvEm
FNDA:218778,_Z7ToValueRKN4Napi3EnvEm
FN:300,_Z7ToValueRKN4Napi3EnvERK14AsyncUndefined
FNDA:511518,_Z7ToValueRKN4Napi3EnvERK14AsyncUndefined
FN:309,_ZN20DisruptorAsyncWorkerI11AsyncBufferIhEmmEC2EP9DisruptorRKN4Napi8FunctionE
FNDA:192934,_ZN20DisruptorAsyncWorkerI11AsyncBufferIhEmmEC2EP9DisruptorRKN4Napi8FunctionE
FN:309,_ZN20DisruptorAsyncWorkerI10AsyncArrayI11AsyncBufferIhEEm14AsyncUndefinedEC2EP9DisruptorRKN4Napi8FunctionE
FNDA:970340,_ZN20DisruptorAsyncWorkerI10AsyncArrayI11AsyncBufferIhEEm14AsyncUndefinedEC2EP9DisruptorRKN4Napi8FunctionE
FN:309,_ZN20DisruptorAsyncWorkerI10AsyncArrayI11AsyncBufferIhEEmmEC2EP9DisruptorRKN4Napi8FunctionE
FNDA:150877,_ZN20DisruptorAsyncWorkerI10AsyncArrayI11AsyncBufferIhEEmmEC2EP9DisruptorRKN4Napi8FunctionE
FN:309,_ZN20DisruptorAsyncWorkerI12AsyncBoolean14AsyncUndefinedS1_EC2EP9DisruptorRKN4Napi8FunctionE
FNDA:1169190,_ZN20DisruptorAsyncWorkerI12AsyncBoolean14AsyncUndefinedS1_EC2EP9DisruptorRKN4Napi8FunctionE
FN:321,_ZN20DisruptorAsyncWorkerI12AsyncBoolean14AsyncUndefinedS1_E4OnOKEv
FNDA:1169190,_ZN20DisruptorAsyncWorkerI12AsyncBoolean14AsyncUndefinedS1_E4OnOKEv
FN:321,_ZN20DisruptorAsyncWorkerI10AsyncArrayI11AsyncBufferIhEEmmE4OnOKEv
FNDA:150877,_ZN20DisruptorAsyncWorkerI10AsyncArrayI11AsyncBufferIhEEmmE4OnOKEv
FN:321,_ZN20DisruptorAsyncWorkerI11AsyncBufferIhEmmE4OnOKEv
FNDA:192934,_ZN20DisruptorAsyncWorkerI11AsyncBufferIhEmmE4OnOKEv
FN:321,_ZN20DisruptorAsyncWorkerI10AsyncArrayI11AsyncBufferIhEEm14AsyncUndefinedE4OnOKEv
FNDA:970340,_ZN20DisruptorAsyncWorkerI10AsyncArrayI11AsyncBufferIhEEm14AsyncUndefinedE4OnOKEv
FN:354,_ZN7CloseFDclEPi
FNDA:3712,_ZN7CloseFDclEPi
FN:361,_ZN9Disruptor15ThrowErrnoErrorERKN4Napi12CallbackInfoEPKcb
FNDA:4,_ZN9Disruptor15ThrowErrnoErrorERKN4Napi12CallbackInfoEPKcb
FN:393,_ZN9DisruptorC2ERKN4Napi12CallbackInfoE
FNDA:3716,_ZN9DisruptorC2ERKN4Napi12CallbackInfoE
FN:468,_ZN9DisruptorD2Ev
FNDA:3312,_ZN9DisruptorD2Ev
FN:468,_ZN9DisruptorD0Ev
FNDA:3312,_ZN9DisruptorD0Ev
FN:473,_ZN9Disruptor7ReleaseEv
FNDA:6520,_ZN9Disruptor7ReleaseEv
FN:490,_ZN9Disruptor7ReleaseERKN4Napi12CallbackInfoE
FNDA:3208,_ZN9Disruptor7ReleaseERKN4Napi12CallbackInfoE
FN:499,_ZN9Disruptor14ConsumeNewSyncI10AsyncArrayI11AsyncBufferIhEES2_EET_RKN4Napi3EnvEbRm
FNDA:970340,_ZN9Disruptor14ConsumeNewSyncI10AsyncArrayI11AsyncBufferIhEES2_EET_RKN4Napi3EnvEbRm
FN:499,_ZN9Disruptor14ConsumeNewSyncIN4Napi5ArrayENS1_6BufferEEET_RKNS1_3EnvEbRm
FNDA:598473,_ZN9Disruptor14ConsumeNewSyncIN4Napi5ArrayENS1_6BufferEEET_RKNS1_3EnvEbRm
FN:557,_ZN9Disruptor14ConsumeNewSyncERKN4Napi12CallbackInfoE
FNDA:12,_ZN9Disruptor14ConsumeNewSyncERKN4Napi12CallbackInfoE
FN:569,_ZN21ConsumeNewAsyncWorkerC2EP9DisruptorRKN4Napi8FunctionE
FNDA:970340,_ZN21ConsumeNewAsyncWorkerC2EP9DisruptorRKN4Napi8FunctionE
FN:580,_ZN21ConsumeNewAsyncWorker7ExecuteEv
FNDA:970340,_ZN21ConsumeNewAsyncWorker7ExecuteEv
FN:587,_ZN21ConsumeNewAsyncWorker5RetryEv
FNDA:762376,_ZN21ConsumeNewAsyncWorker5RetryEv
FN:593,_ZN9Disruptor15ConsumeNewAsyncERKN4Napi12CallbackInfoE
FNDA:207964,_ZN9Disruptor15ConsumeNewAsyncERKN4Napi12CallbackInfoE
FN:598,_ZN9Disruptor10ConsumeNewERKN4Napi12CallbackInfoE
FNDA:598461,_ZN9Disruptor10ConsumeNewERKN4Napi12CallbackInfoE
FN:613,_ZN9Disruptor13ConsumeCommitERKN4Napi12CallbackInfoE
FNDA:598476,_ZN9Disruptor13ConsumeCommitERKN4Napi12CallbackInfoE
FN:618,_ZN9Disruptor13UpdatePendingEmm
FNDA:598477,_ZN9Disruptor13UpdatePendingEmm
FN:624,_ZN9Disruptor13ConsumeCommitEv
FNDA:2167290,_ZN9Disruptor13ConsumeCommitEv
FN:640,_ZN9Disruptor16ProduceClaimSyncI11AsyncBufferEET_IhERKN4Napi3EnvEbRmS8_
FNDA:192934,_ZN9Disruptor16ProduceClaimSyncI11AsyncBufferEET_IhERKN4Napi3EnvEbRmS8_
FN:640,_ZN9Disruptor16ProduceClaimSyncIN4Napi6BufferEEET_IhERKNS1_3EnvEbRmS8_
FNDA:520248,_ZN9Disruptor16ProduceClaimSyncIN4Napi6BufferEEET_IhERKNS1_3EnvEbRmS8_
FN:685,_ZN9Disruptor16ProduceClaimSyncERKN4Napi12CallbackInfoE
FNDA:807,_ZN9Disruptor16ProduceClaimSyncERKN4Napi12CallbackInfoE
FN:696,_ZN23ProduceClaimAsyncWorkerC2EP9DisruptorRKN4Napi8FunctionE
FNDA:192934,_ZN23ProduceClaimAsyncWorkerC2EP9DisruptorRKN4Napi8FunctionE
FN:706,_ZN23ProduceClaimAsyncWorker7ExecuteEv
FNDA:192934,_ZN23ProduceClaimAsyncWorker7ExecuteEv
FN:714,_ZN23ProduceClaimAsyncWorker5RetryEv
FNDA:187545,_ZN23ProduceClaimAsyncWorker5RetryEv
FN:720,_ZN9Disruptor17ProduceClaimAsyncERKN4Napi12CallbackInfoE
FNDA:5389,_ZN9Disruptor17ProduceClaimAsyncERKN4Napi12CallbackInfoE
FN:725,_ZN9Disruptor12ProduceClaimERKN4Napi12CallbackInfoE
FNDA:519441,_ZN9Disruptor12ProduceClaimERKN4Napi12CallbackInfoE
FN:740,_ZN9Disruptor17ProduceGetBuffersI10AsyncArrayI11AsyncBufferIhEES2_EEvRKN4Napi3EnvEmmRT_
FNDA:9,_ZN9Disruptor17ProduceGetBuffersI10AsyncArrayI11AsyncBufferIhEES2_EEvRKN4Napi3EnvEmmRT_
FN:740,_ZN9Disruptor17ProduceGetBuffersIN4Napi5ArrayENS1_6BufferEEEvRKNS1_3EnvEmmRT_
FNDA:45,_ZN9Disruptor17ProduceGetBuffersIN4Napi5ArrayENS1_6BufferEEEvRKNS1_3EnvEmmRT_
FN:772,_ZN9Disruptor20ProduceClaimManySyncIN4Napi5ArrayENS1_6BufferEEET_RKNS1_3EnvEjbRmS8_
FNDA:35,_ZN9Disruptor20ProduceClaimManySyncIN4Napi5ArrayENS1_6BufferEEET_RKNS1_3EnvEjbRmS8_
FN:772,_ZN9Disruptor20ProduceClaimManySyncI10AsyncArrayI11AsyncBufferIhEES2_EET_RKN4Napi3EnvEjbRmSA_
FNDA:150877,_ZN9Disruptor20ProduceClaimManySyncI10AsyncArrayI11AsyncBufferIhEES2_EET_RKN4Napi3EnvEjbRmSA_
FN:814,_ZN9Disruptor20ProduceClaimManySyncERKN4Napi12CallbackInfoE
FNDA:11,_ZN9Disruptor20ProduceClaimManySyncERKN4Napi12CallbackInfoE
FN:827,_ZN27ProduceClaimManyAsyncWorkerC2EP9DisruptorRKN4Napi8FunctionEj
FNDA:150877,_ZN27ProduceClaimManyAsyncWorkerC2EP9DisruptorRKN4Napi8FunctionEj
FN:841,_ZN27ProduceClaimManyAsyncWorker7ExecuteEv
FNDA:150877,_ZN27ProduceClaimManyAsyncWorker7ExecuteEv
FN:849,_ZN27ProduceClaimManyAsyncWorker5RetryEv
FNDA:150859,_ZN27ProduceClaimManyAsyncWorker5RetryEv
FN:858,_ZN9Disruptor21ProduceClaimManyAsyncERKN4Napi12CallbackInfoEj
FNDA:18,_ZN9Disruptor21ProduceClaimManyAsyncERKN4Napi12CallbackInfoEj
FN:864,_ZN9Disruptor21ProduceClaimManyAsyncERKN4Napi12CallbackInfoE
FNDA:11,_ZN9Disruptor21ProduceClaimManyAsyncERKN4Napi12CallbackInfoE
FN:869,_ZN9Disruptor16ProduceClaimManyERKN4Napi12CallbackInfoE
FNDA:24,_ZN9Disruptor16ProduceClaimManyERKN4Napi12CallbackInfoE
FN:884,_ZN9Disruptor14ProduceRecoverERKN4Napi12CallbackInfoE
FNDA:76,_ZN9Disruptor14ProduceRecoverERKN4Napi12CallbackInfoE
FN:903,_ZN9Disruptor17ProduceCommitSyncI12AsyncBooleanEET_RKN4Napi3EnvEmmb
FNDA:1169190,_ZN9Disruptor17ProduceCommitSyncI12AsyncBooleanEET_RKN4Napi3EnvEmmb
FN:903,_ZN9Disruptor17ProduceCommitSyncIN4Napi7BooleanEEET_RKNS1_3EnvEmmb
FNDA:520257,_ZN9Disruptor17ProduceCommitSyncIN4Napi7BooleanEEET_RKNS1_3EnvEmmb
FN:923,_ZN9Disruptor13UpdateSeqNextEmm
FNDA:864114,_ZN9Disruptor13UpdateSeqNextEmm
FN:929,_ZN9Disruptor10GetSeqNextERKN4Napi12CallbackInfoERmS4_
FNDA:521067,_ZN9Disruptor10GetSeqNextERKN4Napi12CallbackInfoERmS4_
FN:945,_ZN9Disruptor17ProduceCommitSyncERKN4Napi12CallbackInfoE
FNDA:810,_ZN9Disruptor17ProduceCommitSyncERKN4Napi12CallbackInfoE
FN:956,_ZN24ProduceCommitAsyncWorkerC2EP9DisruptorRKN4Napi8FunctionEmm
FNDA:1169190,_ZN24ProduceCommitAsyncWorkerC2EP9DisruptorRKN4Napi8FunctionEmm
FN:968,_ZN24ProduceCommitAsyncWorker7ExecuteEv
FNDA:1169190,_ZN24ProduceCommitAsyncWorker7ExecuteEv
FN:975,_ZN24ProduceCommitAsyncWorker5RetryEv
FNDA:1017410,_ZN24ProduceCommitAsyncWorker5RetryEv
FN:984,_ZN9Disruptor18ProduceCommitAsyncERKN4Napi12CallbackInfoEmmj
FNDA:151777,_ZN9Disruptor18ProduceCommitAsyncERKN4Napi12CallbackInfoEmmj
FN:993,_ZN9Disruptor18ProduceCommitAsyncERKN4Napi12CallbackInfoE
FNDA:810,_ZN9Disruptor18ProduceCommitAsyncERKN4Napi12CallbackInfoE
FN:1000,_ZN9Disruptor13ProduceCommitERKN4Napi12CallbackInfoE
FNDA:519447,_ZN9Disruptor13ProduceCommitERKN4Napi12CallbackInfoE
FN:1015,_ZN9Disruptor12GetConsumersERKN4Napi12CallbackInfoE
FNDA:12,_ZN9Disruptor12GetConsumersERKN4Napi12CallbackInfoE
FN:1020,_ZN9Disruptor9GetCursorERKN4Napi12CallbackInfoE
FNDA:197,_ZN9Disruptor9GetCursorERKN4Napi12CallbackInfoE
FN:1025,_ZN9Disruptor7GetNextERKN4Napi12CallbackInfoE
FNDA:197,_ZN9Disruptor7GetNextERKN4Napi12CallbackInfoE
FN:1030,_ZN9Disruptor11GetElementsERKN4Napi12CallbackInfoE
FNDA:1556,_ZN9Disruptor11GetElementsERKN4Napi12CallbackInfoE
FN:1035,_ZN9Disruptor11GetConsumerERKN4Napi12CallbackInfoE
FNDA:197,_ZN9Disruptor11GetConsumerERKN4Napi12CallbackInfoE
FN:1040,_ZN9Disruptor21GetPendingSeqConsumerERKN4Napi12CallbackInfoE
FNDA:598545,_ZN9Disruptor21GetPendingSeqConsumerERKN4Napi12CallbackInfoE
FN:1045,_ZN9Disruptor19GetPendingSeqCursorERKN4Napi12CallbackInfoE
FNDA:72,_ZN9Disruptor19GetPendingSeqCursorERKN4Napi12CallbackInfoE
FN:1050,_ZN9Disruptor17GetPendingSeqNextERKN4Napi12CallbackInfoE
FNDA:520319,_ZN9Disruptor17GetPendingSeqNextERKN4Napi12CallbackInfoE
FN:1055,_ZN9Disruptor20GetPendingSeqNextEndERKN4Napi12CallbackInfoE
FNDA:520319,_ZN9Disruptor20GetPendingSeqNextEndERKN4Napi12CallbackInfoE
FN:1060,_ZN9Disruptor14GetElementSizeERKN4Napi12CallbackInfoE
FNDA:64,_ZN9Disruptor14GetElementSizeERKN4Napi12CallbackInfoE
FN:1065,_ZN9Disruptor10InitializeEN4Napi3EnvENS0_6ObjectE
FNDA:505,_ZN9Disruptor10InitializeEN4Napi3EnvENS0_6ObjectE
FN:1101,_Z10InitializeN4Napi3EnvENS_6ObjectE
FNDA:505,_Z10InitializeN4Napi3EnvENS_6ObjectE
FN:1106,_Z17__napi_InitializeP10napi_env__P12napi_value__
FNDA:505,_Z17__napi_InitializeP10napi_env__P12napi_value__
FN:1106,_register_disruptor
FNDA:253,_register_disruptor
DA:47,2483340
DA:49,2483340
DA:149,365148
DA:151,365148
DA:153,365148
DA:154,365148
DA:156,365148
DA:167,401102
DA:169,401102
DA:171,401102
DA:173,213545
DA:175,213545
DA:178,187557
DA:180,187557
DA:183,213557
DA:185,213557
DA:187,213557
DA:189,213545
DA:193,12
DA:196,213557
DA:199,192934
DA:201,192934
DA:205,401102
DA:207,401102
DA:209,401102
DA:219,2242430
DA:220,2242430
DA:222,2242430
DA:224,1121220
DA:226,1121220
DA:229,208168
DA:231,208168
DA:233,208168
DA:236,208168
DA:237,208168
DA:239,207982
DA:241,207982
DA:242,207982
DA:243,416150
DA:245,208168
DA:247,207982
DA:250,1121220
DA:252,1121220
DA:262,1169190
DA:263,1169190
DA:265,1169190
DA:267,1169190
DA:269,1169190
DA:272,151777
DA:274,151777
DA:277,1169190
DA:279,1169190
DA:283,1169190
DA:284,1169190
DA:286,1169190
DA:295,218778
DA:297,218778
DA:300,511518
DA:302,511518
DA:309,1169190
DA:314,1169190
DA:316,1169190
DA:309,150877
DA:314,150877
DA:316,150877
DA:309,192934
DA:314,192934
DA:316,192934
DA:309,970340
DA:314,970340
DA:316,970340
DA:321,970340
DA:323,970340
DA:325,762376
DA:328,207964
DA:330,1039820
DA:331,207964
DA:334,207964
DA:336,207964
DA:337,415928
DA:321,192934
DA:323,192934
DA:325,187545
DA:328,5389
DA:330,26945
DA:331,5389
DA:334,5389
DA:336,5389
DA:337,10778
DA:321,150877
DA:323,150877
DA:325,150859
DA:328,18
DA:330,90
DA:331,18
DA:334,18
DA:336,18
DA:337,36
DA:321,1169190
DA:323,1169190
DA:325,1017410
DA:328,151777
DA:330,758885
DA:331,151777
DA:334,151777
DA:336,151777
DA:337,303554
DA:354,3712
DA:356,3712
DA:357,3712
DA:358,3712
DA:361,4
DA:368,4
DA:370,4
DA:371,4
DA:373,4
DA:377,4
DA:378,4
DA:385,4
DA:389,4
DA:390,8
DA:393,3716
DA:395,3720
DA:398,3716
DA:399,3716
DA:400,3716
DA:401,3716
DA:402,3716
DA:403,3716
DA:404,3716
DA:409,3716
DA:410,3716
DA:414,3716
DA:416,240
DA:417,240
DA:422,3716
DA:424,4
DA:427,3712
DA:433,3712
DA:434,3712
DA:438,3712
DA:444,3712
DA:447,3712
DA:449,3712
DA:455,3712
DA:456,3712
DA:457,3712
DA:458,3712
DA:459,3712
DA:461,3712
DA:462,3712
DA:464,3712
DA:465,3712
DA:466,3712
DA:468,3312
DA:471,3312
DA:468,3312
DA:470,3312
DA:471,3312
DA:473,6520
DA:475,6520
DA:477,3712
DA:479,3712
DA:484,3712
DA:487,6520
DA:490,3208
DA:492,3208
DA:496,3208
DA:499,970340
DA:506,970340
DA:508,762382
DA:510,970340
DA:511,970340
DA:512,970340
DA:513,970340
DA:515,970340
DA:517,415218
DA:519,207609
DA:521,207609
DA:522,207609
DA:524,207609
DA:525,207609
DA:526,207609
DA:529,762731
DA:531,698
DA:533,349
DA:535,349
DA:536,349
DA:538,349
DA:540,200
DA:543,200
DA:546,349
DA:547,349
DA:548,349
DA:553,762382
DA:554,762382
DA:499,598473
DA:506,598473
DA:508,207954
DA:510,598473
DA:511,598473
DA:512,598473
DA:513,598473
DA:515,598473
DA:517,389775
DA:519,389775
DA:521,389775
DA:522,389775
DA:524,389775
DA:525,389775
DA:526,389775
DA:529,208698
DA:531,744
DA:533,744
DA:535,744
DA:536,744
DA:538,744
DA:540,394
DA:543,394
DA:546,744
DA:547,744
DA:548,744
DA:553,207954
DA:554,207954
DA:557,12
DA:560,12
DA:569,970340
DA:570,970340
DA:574,970340
DA:576,970340
DA:577,970340
DA:580,970340
DA:583,970340
DA:584,970340
DA:585,970340
DA:587,762376
DA:589,762376
DA:590,762376
DA:593,207964
DA:595,207964
DA:596,207964
DA:598,598461
DA:602,598461
DA:604,598461
DA:606,390509
DA:609,207952
DA:610,415904
DA:613,598476
DA:615,598476
DA:618,598477
DA:620,598477
DA:621,598477
DA:622,598477
DA:624,2167290
DA:626,2167290
DA:628,2167290
DA:630,598476
DA:633,598476
DA:636,2167290
DA:640,192934
DA:645,187557
DA:647,192934
DA:649,192934
DA:651,209263
DA:653,203877
DA:655,203877
DA:657,187548
DA:658,187548
DA:662,198320
DA:663,5386
DA:665,5377
DA:667,5377
DA:668,5377
DA:670,5377
DA:671,5377
DA:672,5377
DA:674,5377
DA:679,187557
DA:680,187557
DA:681,187557
DA:682,187557
DA:640,520248
DA:645,4586
DA:647,520248
DA:649,520248
DA:651,3054600
DA:653,2534380
DA:655,2534380
DA:657,28
DA:658,28
DA:662,1040470
DA:663,520220
DA:665,515662
DA:667,515662
DA:668,515662
DA:670,515662
DA:671,515662
DA:672,515662
DA:674,515662
DA:679,4586
DA:680,4586
DA:681,4586
DA:682,4586
DA:685,807
DA:688,807
DA:689,807
DA:696,192934
DA:697,192934
DA:699,192934
DA:701,192934
DA:702,192934
DA:703,192934
DA:706,192934
DA:709,192934
DA:710,192934
DA:711,192934
DA:712,192934
DA:714,187545
DA:716,187545
DA:717,187545
DA:720,5389
DA:722,5389
DA:723,5389
DA:725,519441
DA:729,519441
DA:730,519441
DA:732,514859
DA:735,4582
DA:736,9164
DA:740,9
DA:745,9
DA:746,9
DA:748,9
DA:750,1
DA:752,1
DA:753,1
DA:755,1
DA:758,1
DA:762,8
DA:764,8
DA:765,8
DA:768,9
DA:769,9
DA:740,45
DA:745,45
DA:746,45
DA:748,45
DA:750,3
DA:752,3
DA:753,3
DA:755,3
DA:758,3
DA:762,42
DA:764,42
DA:765,42
DA:768,45
DA:769,45
DA:772,150877
DA:778,150868
DA:780,150877
DA:781,150877
DA:783,150877
DA:785,150886
DA:787,150877
DA:789,150877
DA:791,150868
DA:792,150868
DA:796,150886
DA:797,9
DA:799,18
DA:800,9
DA:801,9
DA:802,9
DA:803,9
DA:808,150868
DA:809,150868
DA:810,150868
DA:811,150868
DA:772,35
DA:778,10
DA:780,35
DA:781,35
DA:783,35
DA:785,60
DA:787,35
DA:789,35
DA:791,10
DA:792,10
DA:796,60
DA:797,25
DA:799,25
DA:800,25
DA:801,25
DA:802,25
DA:803,25
DA:808,10
DA:809,10
DA:810,10
DA:811,10
DA:814,11
DA:817,11
DA:818,11
DA:827,150877
DA:829,150877
DA:834,150877
DA:836,150877
DA:837,150877
DA:838,150877
DA:841,150877
DA:844,301754
DA:845,301754
DA:846,150877
DA:847,150877
DA:849,150859
DA:851,150859
DA:852,150859
DA:858,18
DA:861,18
DA:862,18
DA:864,11
DA:866,11
DA:867,11
DA:869,24
DA:871,24
DA:874,24
DA:875,24
DA:877,17
DA:880,7
DA:881,14
DA:884,76
DA:886,76
DA:887,76
DA:889,76
DA:891,140
DA:892,116
DA:893,40
DA:895,20
DA:896,40
DA:899,76
DA:903,1169190
DA:908,1169190
DA:910,1017420
DA:912,1169180
DA:914,151768
DA:920,1017420
DA:903,520257
DA:908,520257
DA:910,150964
DA:912,520251
DA:914,369287
DA:920,150970
DA:923,864114
DA:925,864114
DA:926,864114
DA:927,864114
DA:929,521067
DA:933,521067
DA:935,12
DA:936,12
DA:937,12
DA:940,521055
DA:941,521055
DA:942,521055
DA:945,810
DA:948,810
DA:949,810
DA:956,1169190
DA:959,1169190
DA:963,1169190
DA:965,1169190
DA:968,1169190
DA:971,1169190
DA:972,1169190
DA:973,1169190
DA:975,1017410
DA:977,1017410
DA:978,1017410
DA:984,151777
DA:990,151777
DA:991,151777
DA:993,810
DA:996,810
DA:997,810
DA:998,810
DA:1000,519447
DA:1003,519447
DA:1005,519447
DA:1006,519447
DA:1008,368480
DA:1011,150967
DA:1012,301934
DA:1015,12
DA:1017,12
DA:1020,197
DA:1022,197
DA:1025,197
DA:1027,197
DA:1030,1556
DA:1032,1556
DA:1035,197
DA:1037,197
DA:1040,598545
DA:1042,598545
DA:1045,72
DA:1047,72
DA:1050,520319
DA:1052,520319
DA:1055,520319
DA:1057,520319
DA:1060,64
DA:1062,64
DA:1065,505
DA:1067,505
DA:1069,505
DA:1070,505
DA:1071,505
DA:1072,505
DA:1073,505
DA:1074,505
DA:1075,505
DA:1076,505
DA:1077,505
DA:1078,505
DA:1079,505
DA:1080,505
DA:1081,505
DA:1082,505
DA:1083,505
DA:1086,505
DA:1087,505
DA:1088,505
DA:1089,505
DA:1090,505
DA:1091,505
DA:1092,505
DA:1093,505
DA:1094,505
DA:1095,505
DA:1096,505
DA:1098,505
DA:1101,505
DA:1103,505
DA:1106,253
DA:1106,505
end_of_record
SF:/usr/include/c++/9/bits/stl_vector.h
FN:94,_ZNSt12_Vector_baseI24napi_property_descriptorSaIS0_EE17_Vector_impl_dataC2Ev
FNDA:505,_ZNSt12_Vector_baseI24napi_property_descriptorSaIS0_EE17_Vector_impl_dataC2Ev
FN:94,_ZNSt12_Vector_baseIP12napi_value__SaIS1_EE17_Vector_impl_dataC2Ev
FNDA:0,_ZNSt12_Vector_baseIP12napi_value__SaIS1_EE17_Vector_impl_dataC2Ev
FN:94,_ZNSt12_Vector_baseI11AsyncBufferIhESaIS1_EE17_Vector_impl_dataC2Ev
FNDA:2242430,_ZNSt12_Vector_baseI11AsyncBufferIhESaIS1_EE17_Vector_impl_dataC2Ev
FN:128,_ZNSt12_Vector_baseIP12napi_value__SaIS1_EE12_Vector_implC2Ev
FNDA:0,_ZNSt12_Vector_baseIP12napi_value__SaIS1_EE12_Vector_implC2Ev
FN:128,_ZNSt12_Vector_baseI11AsyncBufferIhESaIS1_EE12_Vector_implC2Ev
FNDA:2242430,_ZNSt12_Vector_baseI11AsyncBufferIhESaIS1_EE12_Vector_implC2Ev
FN:133,_ZNSt12_Vector_baseI24napi_property_descriptorSaIS0_EE12_Vector_implC2ERKS1_
FNDA:505,_ZNSt12_Vector_baseI24napi_property_descriptorSaIS0_EE12_Vector_implC2ERKS1_
FN:273,_ZNSt12_Vector_baseI11AsyncBufferIhESaIS1_EE19_M_get_Tp_allocatorEv
FNDA:2658770,_ZNSt12_Vector_baseI11AsyncBufferIhESaIS1_EE19_M_get_Tp_allocatorEv
FN:273,_ZNSt12_Vector_baseIP12napi_value__SaIS1_EE19_M_get_Tp_allocatorEv
FNDA:0,_ZNSt12_Vector_baseIP12napi_value__SaIS1_EE19_M_get_Tp_allocatorEv
FN:273,_ZNSt12_Vector_baseI24napi_property_descriptorSaIS0_EE19_M_get_Tp_allocatorEv
FNDA:1010,_ZNSt12_Vector_baseI24napi_property_descriptorSaIS0_EE19_M_get_Tp_allocatorEv
FN:277,_ZNKSt12_Vector_baseI11AsyncBufferIhESaIS1_EE19_M_get_Tp_allocatorEv
FNDA:832672,_ZNKSt12_Vector_baseI11AsyncBufferIhESaIS1_EE19_M_get_Tp_allocatorEv
FN:285,_ZNSt12_Vector_baseIP12napi_value__SaIS1_EEC2Ev
FNDA:0,_ZNSt12_Vector_baseIP12napi_value__SaIS1_EEC2Ev
FN:285,_ZNSt12_Vector_baseI11AsyncBufferIhESaIS1_EEC2Ev
[...]
FNDA:505,_ZNSt6vectorI24napi_property_descriptorSaIS0_EEC2EmRKS1_
FN:675,_ZNSt6vectorI24napi_property_descriptorSaIS0_EED2Ev
FNDA:505,_ZNSt6vectorI24napi_property_descriptorSaIS0_EED2Ev
FN:675,_ZNSt6vectorI11AsyncBufferIhESaIS1_EED2Ev
FNDA:2242430,_ZNSt6vectorI11AsyncBufferIhESaIS1_EED2Ev
FN:675,_ZNSt6vectorIP12napi_value__SaIS1_EED2Ev
FNDA:0,_ZNSt6vectorIP12napi_value__SaIS1_EED2Ev
FN:915,_ZNKSt6vectorI11AsyncBufferIhESaIS1_EE4sizeEv
FNDA:2994540,_ZNKSt6vectorI11AsyncBufferIhESaIS1_EE4sizeEv
FN:915,_ZNKSt6vectorIP12napi_value__SaIS1_EE4sizeEv
FNDA:0,_ZNKSt6vectorIP12napi_value__SaIS1_EE4sizeEv
FN:920,_ZNKSt6vectorI11AsyncBufferIhESaIS1_EE8max_sizeEv
FNDA:832672,_ZNKSt6vectorI11AsyncBufferIhESaIS1_EE8max_sizeEv
FN:934,_ZNSt6vectorI11AsyncBufferIhESaIS1_EE6resizeEm
FNDA:208168,_ZNSt6vectorI11AsyncBufferIhESaIS1_EE6resizeEm
FN:1040,_ZNSt6vectorI24napi_property_descriptorSaIS0_EEixEm
FNDA:37875,_ZNSt6vectorI24napi_property_descriptorSaIS0_EEixEm
FN:1040,_ZNSt6vectorI11AsyncBufferIhESaIS1_EEixEm
FNDA:416336,_ZNSt6vectorI11AsyncBufferIhESaIS1_EEixEm
FN:1165,_ZNSt6vectorI24napi_property_descriptorSaIS0_EE4dataEv
FNDA:505,_ZNSt6vectorI24napi_property_descriptorSaIS0_EE4dataEv
FN:1169,_ZNKSt6vectorIP12napi_value__SaIS1_EE4dataEv
FNDA:0,_ZNKSt6vectorIP12napi_value__SaIS1_EE4dataEv
FN:1600,_ZNSt6vectorI24napi_property_descriptorSaIS0_EE21_M_default_initializeEm
FNDA:505,_ZNSt6vectorI24napi_property_descriptorSaIS0_EE21_M_default_initializeEm
FN:1753,_ZNKSt6vectorI11AsyncBufferIhESaIS1_EE12_M_check_lenEmPKc
FNDA:208168,_ZNKSt6vectorI11AsyncBufferIhESaIS1_EE12_M_check_lenEmPKc
FN:1764,_ZNSt6vectorI24napi_property_descriptorSaIS0_EE17_S_check_init_lenEmRKS1_
FNDA:505,_ZNSt6vectorI24napi_property_descriptorSaIS0_EE17_S_check_init_lenEmRKS1_
FN:1773,_ZNSt6vectorI11AsyncBufferIhESaIS1_EE11_S_max_sizeERKS2_
FNDA:832672,_ZNSt6vectorI11AsyncBufferIhESaIS1_EE11_S_max_sizeERKS2_
FN:1773,_ZNSt6vectorI24napi_property_descriptorSaIS0_EE11_S_max_sizeERKS1_
FNDA:505,_ZNSt6vectorI24napi_property_descriptorSaIS0_EE11_S_max_sizeERKS1_
FN:1789,_ZNSt6vectorI11AsyncBufferIhESaIS1_EE15_M_erase_at_endEPS1_
FNDA:0,_ZNSt6vectorI11AsyncBufferIhESaIS1_EE15_M_erase_at_endEPS1_
FN:1840,_ZNKSt6vectorIP12napi_value__SaIS1_EE11_M_data_ptrIS1_EEPT_S6_
FNDA:0,_ZNKSt6vectorIP12napi_value__SaIS1_EE11_M_data_ptrIS1_EEPT_S6_
FN:1840,_ZNKSt6vectorI24napi_property_descriptorSaIS0_EE11_M_data_ptrIS0_EEPT_S5_
FNDA:505,_ZNKSt6vectorI24napi_property_descriptorSaIS0_EE11_M_data_ptrIS0_EEPT_S5_
DA:94,505
DA:95,505
DA:96,505
DA:94,2242430
DA:95,2242430
DA:96,2242430
DA:94,0
DA:95,0
DA:96,0
DA:128,2242430
DA:130,2242430
DA:131,2242430
DA:128,0
DA:130,0
DA:131,0
DA:133,505
DA:134,505
DA:135,505
DA:273,1010
DA:274,1010
DA:273,2658770
DA:274,2658770
DA:273,0
DA:274,0
DA:277,832672
DA:278,832672
DA:285,2242430
DA:285,0
DA:300,505
DA:301,505
DA:302,505
DA:330,505
DA:332,505
DA:333,505
DA:334,505
DA:330,2242430
DA:332,2242430
DA:333,2242430
DA:334,2242430
DA:330,0
DA:332,0
DA:333,0
DA:334,0
DA:340,505
DA:343,505
DA:340,208168
DA:343,208168
DA:347,505
DA:350,505
DA:351,505
DA:352,505
DA:347,2450600
DA:350,2450600
DA:351,208168
DA:352,2450600
DA:347,0
DA:350,0
DA:351,0
DA:352,0
DA:356,505
DA:358,505
DA:359,505
DA:360,505
DA:361,505
DA:428,208168
DA:433,208168
DA:441,208168
DA:446,208168
DA:450,208168
DA:453,208168
DA:462,208168
DA:466,208168
DA:484,2242430
DA:484,0
DA:507,505
DA:508,505
DA:509,505
DA:675,505
DA:677,505
DA:678,505
DA:680,505
DA:675,2242430
DA:677,2242430
DA:678,2242430
DA:680,2242430
DA:675,0
DA:677,0
DA:678,0
DA:680,0
DA:915,2994540
DA:916,2994540
DA:915,0
DA:916,0
DA:920,832672
DA:921,832672
DA:934,208168
DA:936,208168
DA:937,208168
DA:938,0
DA:939,0
DA:940,208168
DA:1040,37875
DA:1043,37875
DA:1040,416336
DA:1043,416336
DA:1165,505
DA:1166,505
DA:1169,0
DA:1170,0
DA:1600,505
DA:1602,505
DA:1603,505
DA:1604,505
DA:1605,505
DA:1753,208168
DA:1755,208168
DA:1756,0
DA:1758,208168
DA:1759,208168
DA:1764,505
DA:1766,505
DA:1767,0
DA:1769,505
DA:1773,832672
DA:1778,832672
DA:1780,832672
DA:1781,832672
DA:1773,505
DA:1778,505
DA:1780,505
DA:1781,505
DA:1789,0
DA:1791,0
DA:1793,0
DA:1794,0
DA:1795,0
DA:1798,0
DA:1840,505
DA:1841,505
DA:1840,0
DA:1841,0
end_of_record
SF:/usr/include/c++/9/bits/vector.tcc
FN:611,_ZNSt6vectorI11AsyncBufferIhESaIS1_EE17_M_default_appendEm
FNDA:208168,_ZNSt6vectorI11AsyncBufferIhESaIS1_EE17_M_default_appendEm
DA:611,208168
DA:614,208168
DA:616,208168
DA:617,208168
DA:618,208168
DA:620,208168
DA:621,0
DA:623,208168
DA:626,0
DA:627,0
DA:628,0
DA:633,208168
DA:635,208168
DA:636,208168
DA:640,208168
DA:641,208168
DA:643,0
DA:645,0
DA:646,0
DA:648,208168
DA:649,208168
DA:653,0
DA:656,0
DA:657,0
DA:658,0
DA:659,0
DA:661,0
DA:663,0
DA:665,0
DA:666,0
DA:667,0
DA:668,0
DA:669,0
DA:671,0
DA:672,0
DA:675,208168
DA:676,208168
DA:677,208168
DA:678,208168
DA:679,208168
DA:680,208168
DA:683,208168
end_of_record
SF:/usr/include/c++/9/bits/stl_iterator_base_funcs.h
FN:98,_ZSt10__distanceIPcENSt15iterator_traitsIT_E15difference_typeES2_S2_St26random_access_iterator_tag
FNDA:0,_ZSt10__distanceIPcENSt15iterator_traitsIT_E15difference_typeES2_S2_St26random_access_iterator_tag
FN:98,_ZSt10__distanceIPKcENSt15iterator_traitsIT_E15difference_typeES3_S3_St26random_access_iterator_tag
FNDA:0,_ZSt10__distanceIPKcENSt15iterator_traitsIT_E15difference_typeES3_S3_St26random_access_iterator_tag
FN:138,_ZSt8distanceIPcENSt15iterator_traitsIT_E15difference_typeES2_S2_
FNDA:0,_ZSt8distanceIPcENSt15iterator_traitsIT_E15difference_typeES2_S2_
FN:138,_ZSt8distanceIPKcENSt15iterator_traitsIT_E15difference_typeES3_S3_
FNDA:0,_ZSt8distanceIPKcENSt15iterator_traitsIT_E15difference_typeES3_S3_
DA:98,0
DA:104,0
DA:98,0
DA:104,0
DA:138,0
DA:141,0
DA:142,0
DA:138,0
DA:141,0
DA:142,0
end_of_record
SF:/usr/include/c++/9/bits/basic_string.h
FN:243,_ZNSt7__cxx1112basic_stringIcSt11char_traitsIcESaIcEE16_M_construct_auxIPcEEvT_S7_St12__false_type
FNDA:0,_ZNSt7__cxx1112basic_stringIcSt11char_traitsIcESaIcEE16_M_construct_auxIPcEEvT_S7_St12__false_type
FN:243,_ZNSt7__cxx1112basic_stringIcSt11char_traitsIcESaIcEE16_M_construct_auxIPKcEEvT_S8_St12__false_type
FNDA:0,_ZNSt7__cxx1112basic_stringIcSt11char_traitsIcESaIcEE16_M_construct_auxIPKcEEvT_S8_St12__false_type
FN:263,_ZNSt7__cxx1112basic_stringIcSt11char_traitsIcESaIcEE12_M_constructIPcEEvT_S7_
FNDA:0,_ZNSt7__cxx1112basic_stringIcSt11char_traitsIcESaIcEE12_M_constructIPcEEvT_S7_
FN:263,_ZNSt7__cxx1112basic_stringIcSt11char_traitsIcESaIcEE12_M_constructIPKcEEvT_S8_
FNDA:0,_ZNSt7__cxx1112basic_stringIcSt11char_traitsIcESaIcEE12_M_constructIPKcEEvT_S8_
FN:625,_ZNSt7__cxx1112basic_stringIcSt11char_traitsIcESaIcEEC2IPcvEET_S7_RKS3_
FNDA:0,_ZNSt7__cxx1112basic_stringIcSt11char_traitsIcESaIcEEC2IPcvEET_S7_RKS3_
FN:6097,_ZStplIcSt11char_traitsIcESaIcEENSt7__cxx1112basic_stringIT_T0_T1_EEOS8_S9_
FNDA:4,_ZStplIcSt11char_traitsIcESaIcEENSt7__cxx1112basic_stringIT_T0_T1_EEOS8_S9_
FN:6121,_ZStplIcSt11char_traitsIcESaIcEENSt7__cxx1112basic_stringIT_T0_T1_EEOS8_PKS5_
FNDA:4,_ZStplIcSt11char_traitsIcESaIcEENSt7__cxx1112basic_stringIT_T0_T1_EEOS8_PKS5_
FN:6546,_ZNSt7__cxx119to_stringEi
FNDA:0,_ZNSt7__cxx119to_stringEi
DA:243,0
DA:247,0
DA:248,0
DA:243,0
DA:247,0
DA:248,0
DA:263,0
DA:266,0
DA:267,0
DA:263,0
DA:266,0
DA:267,0
DA:625,0
DA:627,0
DA:628,0
DA:6097,4
DA:6100,4
DA:6101,4
DA:6102,4
DA:6103,0
DA:6104,4
DA:6121,4
DA:6123,4
DA:6546,0
DA:6548,0
end_of_record
SF:/usr/include/c++/9/ext/new_allocator.h
FN:80,_ZN9__gnu_cxx13new_allocatorI11AsyncBufferIhEEC2Ev
FNDA:2242430,_ZN9__gnu_cxx13new_allocatorI11AsyncBufferIhEEC2Ev
FN:80,_ZN9__gnu_cxx13new_allocatorIcEC2Ev
FNDA:0,_ZN9__gnu_cxx13new_allocatorIcEC2Ev
FN:80,_ZN9__gnu_cxx13new_allocatorIP12napi_value__EC2Ev
FNDA:0,_ZN9__gnu_cxx13new_allocatorIP12napi_value__EC2Ev
FN:80,_ZN9__gnu_cxx13new_allocatorI24napi_property_descriptorEC2Ev
FNDA:505,_ZN9__gnu_cxx13new_allocatorI24napi_property_descriptorEC2Ev
FN:83,_ZN9__gnu_cxx13new_allocatorI24napi_property_descriptorEC2ERKS2_
FNDA:1010,_ZN9__gnu_cxx13new_allocatorI24napi_property_descriptorEC2ERKS2_
FN:89,_ZN9__gnu_cxx13new_allocatorI11AsyncBufferIhEED2Ev
FNDA:2242430,_ZN9__gnu_cxx13new_allocatorI11AsyncBufferIhEED2Ev
FN:89,_ZN9__gnu_cxx13new_allocatorI24napi_property_descriptorED2Ev
FNDA:1515,_ZN9__gnu_cxx13new_allocatorI24napi_property_descriptorED2Ev
FN:89,_ZN9__gnu_cxx13new_allocatorIP12napi_value__ED2Ev
FNDA:0,_ZN9__gnu_cxx13new_allocatorIP12napi_value__ED2Ev
FN:89,_ZN9__gnu_cxx13new_allocatorIcED2Ev
FNDA:0,_ZN9__gnu_cxx13new_allocatorIcED2Ev
FN:102,_ZN9__gnu_cxx13new_allocatorI11AsyncBufferIhEE8allocateEmPKv
FNDA:208168,_ZN9__gnu_cxx13new_allocatorI11AsyncBufferIhEE8allocateEmPKv
FN:102,_ZN9__gnu_cxx13new_allocatorI24napi_property_descriptorE8allocateEmPKv
FNDA:505,_ZN9__gnu_cxx13new_allocatorI24napi_property_descriptorE8allocateEmPKv
FN:119,_ZN9__gnu_cxx13new_allocatorI24napi_property_descriptorE10deallocateEPS1_m
FNDA:505,_ZN9__gnu_cxx13new_allocatorI24napi_property_descriptorE10deallocateEPS1_m
FN:119,_ZN9__gnu_cxx13new_allocatorI11AsyncBufferIhEE10deallocateEPS2_m
FNDA:208168,_ZN9__gnu_cxx13new_allocatorI11AsyncBufferIhEE10deallocateEPS2_m
FN:119,_ZN9__gnu_cxx13new_allocatorIP12napi_value__E10deallocateEPS2_m
FNDA:0,_ZN9__gnu_cxx13new_allocatorIP12napi_value__E10deallocateEPS2_m
FN:132,_ZNK9__gnu_cxx13new_allocatorI24napi_property_descriptorE8max_sizeEv
FNDA:1010,_ZNK9__gnu_cxx13new_allocatorI24napi_property_descriptorE8max_sizeEv
FN:132,_ZNK9__gnu_cxx13new_allocatorI11AsyncBufferIhEE8max_sizeEv
FNDA:1040840,_ZNK9__gnu_cxx13new_allocatorI11AsyncBufferIhEE8max_sizeEv
FN:144,_ZN9__gnu_cxx13new_allocatorI11AsyncBufferIhEE9constructIS2_JS2_EEEvPT_DpOT0_
FNDA:201,_ZN9__gnu_cxx13new_allocatorI11AsyncBufferIhEE9constructIS2_JS2_EEEvPT_DpOT0_
FN:151,_ZN9__gnu_cxx13new_allocatorI11AsyncBufferIhEE7destroyIS2_EEvPT_
FNDA:201,_ZN9__gnu_cxx13new_allocatorI11AsyncBufferIhEE7destroyIS2_EEvPT_
DA:80,2242430
DA:80,505
DA:80,0
DA:80,0
DA:83,1010
DA:89,2242430
DA:89,1515
DA:89,0
DA:89,0
DA:102,505
DA:104,505
DA:105,0
DA:114,505
DA:102,208168
DA:104,208168
DA:105,0
DA:114,208168
DA:119,505
DA:128,505
DA:129,505
DA:119,208168
DA:128,208168
DA:129,208168
DA:119,0
DA:128,0
DA:129,0
DA:132,1040840
DA:135,1040840
DA:132,1010
DA:135,1010
DA:144,201
DA:147,201
DA:151,201
DA:153,201
end_of_record
SF:/usr/include/c++/9/ext/string_conversions.h
FN:99,_ZN9__gnu_cxx12__to_xstringINSt7__cxx1112basic_stringIcSt11char_traitsIcESaIcEEEcEET_PFiPT0_mPKS8_P13__va_list_tagEmSB_z
FNDA:0,_ZN9__gnu_cxx12__to_xstringINSt7__cxx1112basic_stringIcSt11char_traitsIcESaIcEEEcEET_PFiPT0_mPKS8_P13__va_list_tagEmSB_z
DA:99,0
DA:105,0
DA:109,0
DA:111,0
DA:113,0
DA:115,0
end_of_record
SF:/usr/include/c++/9/bits/allocator.h
FN:138,_ZNSaI11AsyncBufferIhEEC2Ev
FNDA:2242430,_ZNSaI11AsyncBufferIhEEC2Ev
FN:138,_ZNSaI24napi_property_descriptorEC2Ev
FNDA:505,_ZNSaI24napi_property_descriptorEC2Ev
FN:138,_ZNSaIP12napi_value__EC2Ev
FNDA:0,_ZNSaIP12napi_value__EC2Ev
FN:141,_ZNSaI24napi_property_descriptorEC2ERKS0_
FNDA:1010,_ZNSaI24napi_property_descriptorEC2ERKS0_
FN:153,_ZNSaI11AsyncBufferIhEED2Ev
FNDA:2242430,_ZNSaI11AsyncBufferIhEED2Ev
FN:153,_ZNSaI24napi_property_descriptorED2Ev
FNDA:1515,_ZNSaI24napi_property_descriptorED2Ev
FN:153,_ZNSaIP12napi_value__ED2Ev
FNDA:0,_ZNSaIP12napi_value__ED2Ev
DA:138,2242430
DA:138,505
DA:138,0
DA:141,1010
DA:142,1010
DA:153,2242430
DA:153,1515
DA:153,0
end_of_record
SF:/home/david/shared-memory-disruptor/node_modules/node-addon-api/napi.h
FN:1573,_ZN4Napi23ClassPropertyDescriptorI9DisruptorEC2E24napi_property_descriptor
FNDA:12625,_ZN4Napi23ClassPropertyDescriptorI9DisruptorEC2E24napi_property_descriptor
DA:1573,12625
end_of_record
SF:/usr/include/c++/9/tuple
FN:76,_ZNSt10_Head_baseILm1ESt14default_deleteISt6vectorI11AsyncBufferIhESaIS3_EEELb1EEC2Ev
FNDA:2242430,_ZNSt10_Head_baseILm1ESt14default_deleteISt6vectorI11AsyncBufferIhESaIS3_EEELb1EEC2Ev
FN:76,_ZNSt10_Head_baseILm1E7CloseFDLb1EEC2Ev
FNDA:3712,_ZNSt10_Head_baseILm1E7CloseFDLb1EEC2Ev
FN:86,_ZNSt10_Head_baseILm1ESt14default_deleteISt6vectorI11AsyncBufferIhESaIS3_EEELb1EEC2IS6_EEOT_
FNDA:207967,_ZNSt10_Head_baseILm1ESt14default_deleteISt6vectorI11AsyncBufferIhESaIS3_EEELb1EEC2IS6_EEOT_
FN:113,_ZNSt10_Head_baseILm1ESt14default_deleteISt6vectorI11AsyncBufferIhESaIS3_EEELb1EE7_M_headERS7_
FNDA:4692840,_ZNSt10_Head_baseILm1ESt14default_deleteISt6vectorI11AsyncBufferIhESaIS3_EEELb1EE7_M_headERS7_
FN:113,_ZNSt10_Head_baseILm1E7CloseFDLb1EE7_M_headERS1_
FNDA:3712,_ZNSt10_Head_baseILm1E7CloseFDLb1EE7_M_headERS1_
FN:122,_ZNSt10_Head_baseILm0EPSt6vectorI11AsyncBufferIhESaIS2_EELb0EEC2Ev
FNDA:2242430,_ZNSt10_Head_baseILm0EPSt6vectorI11AsyncBufferIhESaIS2_EELb0EEC2Ev
FN:122,_ZNSt10_Head_baseILm0EPiLb0EEC2Ev
FNDA:3712,_ZNSt10_Head_baseILm0EPiLb0EEC2Ev
FN:132,_ZNSt10_Head_baseILm0EPSt6vectorI11AsyncBufferIhESaIS2_EELb0EEC2IRS5_EEOT_
FNDA:207967,_ZNSt10_Head_baseILm0EPSt6vectorI11AsyncBufferIhESaIS2_EELb0EEC2IRS5_EEOT_
FN:160,_ZNSt10_Head_baseILm0EPiLb0EE7_M_headERS1_
FNDA:7424,_ZNSt10_Head_baseILm0EPiLb0EE7_M_headERS1_
FN:160,_ZNSt10_Head_baseILm0EPSt6vectorI11AsyncBufferIhESaIS2_EELb0EE7_M_headERS6_
FNDA:7143240,_ZNSt10_Head_baseILm0EPSt6vectorI11AsyncBufferIhESaIS2_EELb0EE7_M_headERS6_
FN:163,_ZNSt10_Head_baseILm0EPSt6vectorI11AsyncBufferIhESaIS2_EELb0EE7_M_headERKS6_
FNDA:3491060,_ZNSt10_Head_baseILm0EPSt6vectorI11AsyncBufferIhESaIS2_EELb0EE7_M_headERKS6_
FN:163,_ZNSt10_Head_baseILm0EPiLb0EE7_M_headERKS1_
FNDA:3952,_ZNSt10_Head_baseILm0EPiLb0EE7_M_headERKS1_
FN:195,_ZNSt11_Tuple_implILm0EJPSt6vectorI11AsyncBufferIhESaIS2_EESt14default_deleteIS4_EEE7_M_headERS8_
FNDA:7143240,_ZNSt11_Tuple_implILm0EJPSt6vectorI11AsyncBufferIhESaIS2_EESt14default_deleteIS4_EEE7_M_headERS8_
FN:195,_ZNSt11_Tuple_implILm0EJPi7CloseFDEE7_M_headERS2_
FNDA:7424,_ZNSt11_Tuple_implILm0EJPi7CloseFDEE7_M_headERS2_
FN:198,_ZNSt11_Tuple_implILm0EJPi7CloseFDEE7_M_headERKS2_
FNDA:3952,_ZNSt11_Tuple_implILm0EJPi7CloseFDEE7_M_headERKS2_
FN:198,_ZNSt11_Tuple_implILm0EJPSt6vectorI11AsyncBufferIhESaIS2_EESt14default_deleteIS4_EEE7_M_headERKS8_
FNDA:3491060,_ZNSt11_Tuple_implILm0EJPSt6vectorI11AsyncBufferIhESaIS2_EESt14default_deleteIS4_EEE7_M_headERKS8_
FN:206,_ZNSt11_Tuple_implILm0EJPi7CloseFDEEC2Ev
FNDA:3712,_ZNSt11_Tuple_implILm0EJPi7CloseFDEEC2Ev
FN:206,_ZNSt11_Tuple_implILm0EJPSt6vectorI11AsyncBufferIhESaIS2_EESt14default_deleteIS4_EEEC2Ev
FNDA:2242430,_ZNSt11_Tuple_implILm0EJPSt6vectorI11AsyncBufferIhESaIS2_EESt14default_deleteIS4_EEEC2Ev
FN:216,_ZNSt11_Tuple_implILm0EJPSt6vectorI11AsyncBufferIhESaIS2_EESt14default_deleteIS4_EEEC2IRS5_JS7_EvEEOT_DpOT0_
FNDA:207967,_ZNSt11_Tuple_implILm0EJPSt6vectorI11AsyncBufferIhESaIS2_EESt14default_deleteIS4_EEEC2IRS5_JS7_EvEEOT_DpOT0_
FN:334,_ZNSt11_Tuple_implILm1EJSt14default_deleteISt6vectorI11AsyncBufferIhESaIS3_EEEEE7_M_headERS7_
FNDA:4692840,_ZNSt11_Tuple_implILm1EJSt14default_deleteISt6vectorI11AsyncBufferIhESaIS3_EEEEE7_M_headERS7_
FN:334,_ZNSt11_Tuple_implILm1EJ7CloseFDEE7_M_headERS1_
FNDA:3712,_ZNSt11_Tuple_implILm1EJ7CloseFDEE7_M_headERS1_
FN:339,_ZNSt11_Tuple_implILm1EJ7CloseFDEEC2Ev
FNDA:3712,_ZNSt11_Tuple_implILm1EJ7CloseFDEEC2Ev
FN:339,_ZNSt11_Tuple_implILm1EJSt14default_deleteISt6vectorI11AsyncBufferIhESaIS3_EEEEEC2Ev
FNDA:2242430,_ZNSt11_Tuple_implILm1EJSt14default_deleteISt6vectorI11AsyncBufferIhESaIS3_EEEEEC2Ev
FN:348,_ZNSt11_Tuple_implILm1EJSt14default_deleteISt6vectorI11AsyncBufferIhESaIS3_EEEEEC2IS6_EEOT_
FNDA:207967,_ZNSt11_Tuple_implILm1EJSt14default_deleteISt6vectorI11AsyncBufferIhESaIS3_EEEEEC2IS6_EEOT_
FN:918,_ZNSt5tupleIJPi7CloseFDEEC2IS0_S1_Lb1EEEv
FNDA:3712,_ZNSt5tupleIJPi7CloseFDEEC2IS0_S1_Lb1EEEv
FN:918,_ZNSt5tupleIJPSt6vectorI11AsyncBufferIhESaIS2_EESt14default_deleteIS4_EEEC2IS5_S7_Lb1EEEv
FNDA:2242430,_ZNSt5tupleIJPSt6vectorI11AsyncBufferIhESaIS2_EESt14default_deleteIS4_EEEC2IS5_S7_Lb1EEEv
FN:968,_ZNSt5tupleIJPSt6vectorI11AsyncBufferIhESaIS2_EESt14default_deleteIS4_EEEC2IRS5_S7_Lb1EEEOT_OT0_
FNDA:207967,_ZNSt5tupleIJPSt6vectorI11AsyncBufferIhESaIS2_EESt14default_deleteIS4_EEEC2IRS5_S7_Lb1EEEOT_OT0_
FN:1309,_ZSt12__get_helperILm1E7CloseFDJEERT0_RSt11_Tuple_implIXT_EJS1_DpT1_EE
FNDA:3712,_ZSt12__get_helperILm1E7CloseFDJEERT0_RSt11_Tuple_implIXT_EJS1_DpT1_EE
FN:1309,_ZSt12__get_helperILm1ESt14default_deleteISt6vectorI11AsyncBufferIhESaIS3_EEEJEERT0_RSt11_Tuple_implIXT_EJS7_DpT1_EE
FNDA:4692840,_ZSt12__get_helperILm1ESt14default_deleteISt6vectorI11AsyncBufferIhESaIS3_EEEJEERT0_RSt11_Tuple_implIXT_EJS7_DpT1_EE
FN:1309,_ZSt12__get_helperILm0EPSt6vectorI11AsyncBufferIhESaIS2_EEJSt14default_deleteIS4_EEERT0_RSt11_Tuple_implIXT_EJS8_DpT1_EE
FNDA:7143240,_ZSt12__get_helperILm0EPSt6vectorI11AsyncBufferIhESaIS2_EEJSt14default_deleteIS4_EEERT0_RSt11_Tuple_implIXT_EJS8_DpT1_EE
FN:1309,_ZSt12__get_helperILm0EPiJ7CloseFDEERT0_RSt11_Tuple_implIXT_EJS2_DpT1_EE
FNDA:7424,_ZSt12__get_helperILm0EPiJ7CloseFDEERT0_RSt11_Tuple_implIXT_EJS2_DpT1_EE
FN:1314,_ZSt12__get_helperILm0EPiJ7CloseFDEERKT0_RKSt11_Tuple_implIXT_EJS2_DpT1_EE
FNDA:3952,_ZSt12__get_helperILm0EPiJ7CloseFDEERKT0_RKSt11_Tuple_implIXT_EJS2_DpT1_EE
FN:1314,_ZSt12__get_helperILm0EPSt6vectorI11AsyncBufferIhESaIS2_EEJSt14default_deleteIS4_EEERKT0_RKSt11_Tuple_implIXT_EJS8_DpT1_EE
FNDA:3491060,_ZSt12__get_helperILm0EPSt6vectorI11AsyncBufferIhESaIS2_EEJSt14default_deleteIS4_EEERKT0_RKSt11_Tuple_implIXT_EJS8_DpT1_EE
FN:1320,_ZSt3getILm1EJPSt6vectorI11AsyncBufferIhESaIS2_EESt14default_deleteIS4_EEERNSt13tuple_elementIXT_ESt5tupleIJDpT0_EEE4typeERSC_
FNDA:4692840,_ZSt3getILm1EJPSt6vectorI11AsyncBufferIhESaIS2_EESt14default_deleteIS4_EEERNSt13tuple_elementIXT_ESt5tupleIJDpT0_EEE4typeERSC_
FN:1320,_ZSt3getILm1EJPi7CloseFDEERNSt13tuple_elementIXT_ESt5tupleIJDpT0_EEE4typeERS6_
FNDA:3712,_ZSt3getILm1EJPi7CloseFDEERNSt13tuple_elementIXT_ESt5tupleIJDpT0_EEE4typeERS6_
FN:1320,_ZSt3getILm0EJPSt6vectorI11AsyncBufferIhESaIS2_EESt14default_deleteIS4_EEERNSt13tuple_elementIXT_ESt5tupleIJDpT0_EEE4typeERSC_
FNDA:7143240,_ZSt3getILm0EJPSt6vectorI11AsyncBufferIhESaIS2_EESt14default_deleteIS4_EEERNSt13tuple_elementIXT_ESt5tupleIJDpT0_EEE4typeERSC_
FN:1320,_ZSt3getILm0EJPi7CloseFDEERNSt13tuple_elementIXT_ESt5tupleIJDpT0_EEE4typeERS6_
FNDA:7424,_ZSt3getILm0EJPi7CloseFDEERNSt13tuple_elementIXT_ESt5tupleIJDpT0_EEE4typeERS6_
FN:1326,_ZSt3getILm0EJPSt6vectorI11AsyncBufferIhESaIS2_EESt14default_deleteIS4_EEERKNSt13tuple_elementIXT_ESt5tupleIJDpT0_EEE4typeERKSC_
FNDA:3491060,_ZSt3getILm0EJPSt6vectorI11AsyncBufferIhESaIS2_EESt14default_deleteIS4_EEERKNSt13tuple_elementIXT_ESt5tupleIJDpT0_EEE4typeERKSC_
FN:1326,_ZSt3getILm0EJPi7CloseFDEERKNSt13tuple_elementIXT_ESt5tupleIJDpT0_EEE4typeERKS6_
FNDA:3952,_ZSt3getILm0EJPi7CloseFDEERKNSt13tuple_elementIXT_ESt5tupleIJDpT0_EEE4typeERKS6_
DA:76,2242430
DA:77,2242430
DA:76,3712
DA:77,3712
DA:86,207967
DA:87,207967
DA:113,4692840
DA:113,3712
DA:122,2242430
DA:123,2242430
DA:122,3712
DA:123,3712
DA:132,207967
DA:133,207967
DA:160,7143240
DA:160,7424
DA:163,3491060
DA:163,3952
DA:195,7143240
DA:195,7424
DA:198,3491060
DA:198,3952
DA:206,2242430
DA:207,2242430
DA:206,3712
DA:207,3712
DA:216,207967
DA:218,207967
DA:334,4692840
DA:334,3712
DA:339,2242430
DA:340,2242430
DA:339,3712
DA:340,3712
DA:348,207967
DA:349,207967
DA:918,2242430
DA:919,2242430
DA:918,3712
DA:919,3712
DA:968,207967
DA:969,207967
DA:1309,4692840
DA:1310,4692840
DA:1309,3712
DA:1310,3712
DA:1309,7143240
DA:1310,7143240
DA:1309,7424
DA:1310,7424
DA:1314,3491060
DA:1315,3491060
DA:1314,3952
DA:1315,3952
DA:1320,4692840
DA:1321,4692840
DA:1320,3712
DA:1321,3712
DA:1320,7143240
DA:1321,7143240
DA:1320,7424
DA:1321,7424
DA:1326,3491060
DA:1327,3491060
DA:1326,3952
DA:1327,3952
end_of_record
SF:/usr/include/c++/9/bits/stl_iterator_base_types.h
FN:205,_ZSt19__iterator_categoryIPcENSt15iterator_traitsIT_E17iterator_categoryERKS2_
FNDA:0,_ZSt19__iterator_categoryIPcENSt15iterator_traitsIT_E17iterator_categoryERKS2_
FN:205,_ZSt19__iterator_categoryIPKcENSt15iterator_traitsIT_E17iterator_categoryERKS3_
FNDA:0,_ZSt19__iterator_categoryIPKcENSt15iterator_traitsIT_E17iterator_categoryERKS3_
DA:205,0
DA:206,0
DA:205,0
DA:206,0
end_of_record
