TN:
SF:/home/david/shared-memory-disruptor/node_modules/node-addon-api/napi-inl.h
FN:55,_ZN4Napi7details12WrapCallbackIZNS_10ObjectWrapI9DisruptorE29InstanceSetterCallbackWrapperEP10napi_env__P20napi_callback_info__EUlvE_EEP12napi_value__T_
FN:55,_ZN4Napi7details12WrapCallbackIZNS_10ObjectWrapI9DisruptorE26ConstructorCallbackWrapperEP10napi_env__P20napi_callback_info__EUlvE_EEP12napi_value__T_
FN:55,_ZN4Napi7details12WrapCallbackIZNS_10ObjectWrapI9DisruptorE29InstanceGetterCallbackWrapperEP10napi_env__P20napi_callback_info__EUlvE_EEP12napi_value__T_
FN:55,_ZN4Napi7details12WrapCallbackIZNS_11AsyncWorker14OnWorkCompleteEP10napi_env__11napi_statusPvEUlvE_EEP12napi_value__T_
FN:55,_ZN4Napi7details12WrapCallbackIZNS_10ObjectWrapI9DisruptorE33InstanceVoidMethodCallbackWrapperEP10napi_env__P20napi_callback_info__EUlvE_EEP12napi_value__T_
FN:55,_ZN4Napi7details12WrapCallbackIZNS0_12CallbackDataIPFvRKNS_12CallbackInfoEEvE7WrapperEP10napi_env__P20napi_callback_info__EUlvE_EEP12napi_value__T_
FN:55,_ZN4Napi7details12WrapCallbackIZNS_14RegisterModuleEP10napi_env__P12napi_value__PFNS_6ObjectENS_3EnvES6_EEUlvE_EES5_T_
FN:55,_ZN4Napi7details12WrapCallbackIZNS_10ObjectWrapI9DisruptorE29InstanceMethodCallbackWrapperEP10napi_env__P20napi_callback_info__EUlvE_EEP12napi_value__T_
FN:90,_ZN4Napi7details12CallbackDataIPFvRKNS_12CallbackInfoEEvE7WrapperEP10napi_env__P20napi_callback_info__
FN:91,_ZZN4Napi7details12CallbackDataIPFvRKNS_12CallbackInfoEEvE7WrapperEP10napi_env__P20napi_callback_info__ENKUlvE_clEv
FN:168,_ZN4Napi14RegisterModuleEP10napi_env__P12napi_value__PFNS_6ObjectENS_3EnvES4_E
FN:171,_ZZN4Napi14RegisterModuleEP10napi_env__P12napi_value__PFNS_6ObjectENS_3EnvES4_EENKUlvE_clEv
FN:181,_ZN4Napi3EnvC2EP10napi_env__
FN:184,_ZNK4Napi3EnvcvP10napi_env__Ev
FN:195,_ZNK4Napi3Env9UndefinedEv
FN:202,_ZNK4Napi3Env4NullEv
FN:230,_ZN4Napi5ValueC2Ev
FN:233,_ZN4Napi5ValueC2EP10napi_env__P12napi_value__
FN:236,_ZNK4Napi5ValuecvP12napi_value__Ev
FN:255,_ZNK4Napi5Value3EnvEv
FN:263,_ZNK4Napi5Value4TypeEv
FN:335,_ZNK4Napi5Value10IsFunctionEv
FN:375,_ZNK4Napi5Value2AsINS_6ObjectEEET_v
FN:375,_ZNK4Napi5Value2AsINS_6NumberEEET_v
FN:375,_ZNK4Napi5Value2AsINS_8FunctionEEET_v
FN:375,_ZNK4Napi5Value2AsINS_6StringEEET_v
FN:375,_ZNK4Napi5Value2AsINS_7BooleanEEET_v
FN:411,_ZN4Napi7Boolean3NewEP10napi_env__b
FN:421,_ZN4Napi7BooleanC2EP10napi_env__P12napi_value__
FN:424,_ZNK4Napi7BooleancvbEv
FN:428,_ZNK4Napi7Boolean5ValueEv
FN:439,_ZN4Napi6Number3NewEP10napi_env__d
FN:449,_ZN4Napi6NumberC2EP10napi_env__P12napi_value__
FN:456,_ZNK4Napi6NumbercvjEv
FN:479,_ZNK4Napi6Number11Uint32ValueEv
FN:486,_ZNK4Napi6Number10Int64ValueEv
FN:511,_ZN4Napi4NameC2EP10napi_env__P12napi_value__
FN:557,_ZN4Napi6StringC2EP10napi_env__P12napi_value__
FN:560,_ZNK4Napi6StringcvNSt7__cxx1112basic_stringIcSt11char_traitsIcESaIcEEEEv
FN:568,_ZNK4Napi6String9Utf8ValueB5cxx11Ev
FN:675,_ZN4Napi7details11vf_fallbackINS_5ValueEE4FromEP10napi_env__RKS2_
FN:675,_ZN4Napi7details11vf_fallbackINS_6BufferIhEEE4FromEP10napi_env__RKS3_
FN:675,_ZN4Napi7details11vf_fallbackINS_8FunctionEE4FromEP10napi_env__RKS2_
FN:695,_ZN4Napi5Value4FromIS0_EES0_P10napi_env__RKT_
FN:695,_ZN4Napi5Value4FromINS_6BufferIhEEEES0_P10napi_env__RKT_
FN:695,_ZN4Napi5Value4FromINS_8FunctionEEES0_P10napi_env__RKT_
FN:741,_ZN4Napi6Object14PropertyLValueIjEaSINS_5ValueEEERS2_T_
FN:747,_ZN4Napi6Object14PropertyLValueIjEC2ES0_j
FN:750,_ZN4Napi6Object3NewEP10napi_env__
FN:757,_ZN4Napi6ObjectC2Ev
FN:760,_ZN4Napi6ObjectC2EP10napi_env__P12napi_value__
FN:771,_ZN4Napi6ObjectixEj
FN:851,_ZNK4Napi6Object3GetEPKc
FN:877,_ZN4Napi6Object3SetINS_8FunctionEEEvPKcRKT_
FN:925,_ZN4Napi6Object3SetINS_5ValueEEEvjRKT_
FN:925,_ZN4Napi6Object3SetINS_6BufferIhEEEEvjRKT_
FN:1045,_ZN4Napi5Array3NewEP10napi_env__
FN:1062,_ZN4Napi5ArrayC2EP10napi_env__P12napi_value__
FN:1065,_ZNK4Napi5Array6LengthEv
FN:1178,_ZN4Napi10TypedArrayC2Ev
FN:1182,_ZN4Napi10TypedArrayC2EP10napi_env__P12napi_value__
FN:1284,_ZN4Napi12TypedArrayOfIhEC2Ev
FN:1288,_ZN4Napi12TypedArrayOfIhEC2EP10napi_env__P12napi_value__
FN:1334,_ZN4Napi8Function3NewIPFvRKNS_12CallbackInfoEEEES0_P10napi_env__T_PKcPv
FN:1361,_ZN4Napi8FunctionC2EP10napi_env__P12napi_value__
FN:1396,_ZNK4Napi8Function12MakeCallbackEP12napi_value__RKSt16initializer_listIS2_E
FN:1406,_ZNK4Napi8Function12MakeCallbackEP12napi_value__mPKS2_
FN:1466,_ZN4Napi6BufferIhE3NewEP10napi_env__m
FN:1475,_ZN4Napi6BufferIhE3NewEP10napi_env__Phm
FN:1475,_ZN4Napi6BufferImE3NewEP10napi_env__Pmm
FN:1540,_ZN4Napi6BufferIhEC2Ev
FN:1549,_ZN4Napi6BufferIhEC2EP10napi_env__P12napi_value__mPh
FN:1549,_ZN4Napi6BufferImEC2EP10napi_env__P12napi_value__mPm
FN:1554,_ZNK4Napi6BufferIhE6LengthEv
FN:1566,_ZNK4Napi6BufferIhE10EnsureInfoEv
FN:1584,_ZN4Napi5Error3NewEP10napi_env__
FN:1642,_ZN4Napi5Error3NewEP10napi_env__RKNSt7__cxx1112basic_stringIcSt11char_traitsIcESaIcEEE
FN:1646,_ZN4Napi5Error5FatalEPKcS2_
FN:1653,_ZN4Napi5ErrorC2EP10napi_env__P12napi_value__
FN:1689,_ZNK4Napi5Error7MessageB5cxx11Ev
FN:1706,_ZNK4Napi5Error26ThrowAsJavaScriptExceptionEv
FN:1716,_ZNK4Napi5Error4whatEv
FN:1723,_ZN4Napi5Error3NewIS0_EET_P10napi_env__PKcmPF11napi_statusS4_P12napi_value__S9_PS9_E
FN:1771,_ZN4Napi9ReferenceINS_8FunctionEE3NewERKS1_j
FN:1771,_ZN4Napi9ReferenceINS_6ObjectEE3NewERKS1_j
FN:1788,_ZN4Napi9ReferenceINS_6ObjectEEC2Ev
FN:1792,_ZN4Napi9ReferenceINS_8FunctionEEC2EP10napi_env__P10napi_ref__
FN:1792,_ZN4Napi9ReferenceINS_6ObjectEEC2EP10napi_env__P10napi_ref__
FN:1797,_ZN4Napi9ReferenceINS_8FunctionEED2Ev
FN:1797,_ZN4Napi9ReferenceINS_6ObjectEED2Ev
FN:1808,_ZN4Napi9ReferenceINS_8FunctionEEC2EOS2_
FN:1808,_ZN4Napi9ReferenceINS_6ObjectEEC2EOS2_
FN:1816,_ZN4Napi9ReferenceINS_6ObjectEEaSEOS2_
FN:1863,_ZNK4Napi9ReferenceINS_6ObjectEE7IsEmptyEv
FN:1868,_ZNK4Napi9ReferenceINS_8FunctionEE5ValueEv
FN:1868,_ZNK4Napi9ReferenceINS_6ObjectEE5ValueEv
FN:1896,_ZN4Napi9ReferenceINS_6ObjectEE5ResetEv
FN:1939,_ZN4Napi10PersistentENS_6ObjectE
FN:1943,_ZN4Napi10PersistentENS_8FunctionE
FN:1954,_ZN4Napi15ObjectReferenceC2EP10napi_env__P10napi_ref__
FN:1957,_ZN4Napi15ObjectReferenceC2EONS_9ReferenceINS_6ObjectEEE
FN:1979,_ZNK4Napi15ObjectReference3GetEPKc
FN:2085,_ZN4Napi17FunctionReferenceC2EONS_9ReferenceINS_8FunctionEEE
FN:2131,_ZNK4Napi17FunctionReference12MakeCallbackEP12napi_value__RKSt16initializer_listIS2_E
FN:2157,_ZN4Napi12CallbackInfoC2EP10napi_env__P20napi_callback_info__
FN:2175,_ZN4Napi12CallbackInfoD2Ev
FN:2192,_ZNK4Napi12CallbackInfo3EnvEv
FN:2196,_ZNK4Napi12CallbackInfo6LengthEv
FN:2200,_ZNK4Napi12CallbackInfoixEm
FN:2204,_ZNK4Napi12CallbackInfo4ThisEv
FN:2211,_ZNK4Napi12CallbackInfo4DataEv
FN:2215,_ZN4Napi12CallbackInfo7SetDataEPv
FN:2454,_ZN4Napi10ObjectWrapI9DisruptorEC2ERKNS_12CallbackInfoE
FN:2468,_ZN4Napi10ObjectWrapI9DisruptorE6UnwrapENS_6ObjectE
FN:2476,_ZN4Napi10ObjectWrapI9DisruptorE11DefineClassENS_3EnvEPKcRKSt16initializer_listINS_23ClassPropertyDescriptorIS1_EEEPv
FN:2562,_ZN4Napi10ObjectWrapI9DisruptorE14InstanceMethodEPKcMS1_FvRKNS_12CallbackInfoEE24napi_property_attributesPv
FN:2580,_ZN4Napi10ObjectWrapI9DisruptorE14InstanceMethodEPKcMS1_FNS_5ValueERKNS_12CallbackInfoEE24napi_property_attributesPv
FN:2632,_ZN4Napi10ObjectWrapI9DisruptorE16InstanceAccessorEPKcMS1_FNS_5ValueERKNS_12CallbackInfoEEMS1_FvS8_RKS5_E24napi_property_attributesPv
FN:2674,_ZN4Napi10ObjectWrapI9DisruptorE26ConstructorCallbackWrapperEP10napi_env__P20napi_callback_info__
FN:2688,_ZZN4Napi10ObjectWrapI9DisruptorE26ConstructorCallbackWrapperEP10napi_env__P20napi_callback_info__ENKUlvE_clEv
FN:2752,_ZN4Napi10ObjectWrapI9DisruptorE33InstanceVoidMethodCallbackWrapperEP10napi_env__P20napi_callback_info__
FN:2755,_ZZN4Napi10ObjectWrapI9DisruptorE33InstanceVoidMethodCallbackWrapperEP10napi_env__P20napi_callback_info__ENKUlvE_clEv
FN:2768,_ZN4Napi10ObjectWrapI9DisruptorE29InstanceMethodCallbackWrapperEP10napi_env__P20napi_callback_info__
FN:2771,_ZZN4Napi10ObjectWrapI9DisruptorE29InstanceMethodCallbackWrapperEP10napi_env__P20napi_callback_info__ENKUlvE_clEv
FN:2783,_ZN4Napi10ObjectWrapI9DisruptorE29InstanceGetterCallbackWrapperEP10napi_env__P20napi_callback_info__
FN:2786,_ZZN4Napi10ObjectWrapI9DisruptorE29InstanceGetterCallbackWrapperEP10napi_env__P20napi_callback_info__ENKUlvE_clEv
FN:2798,_ZN4Napi10ObjectWrapI9DisruptorE29InstanceSetterCallbackWrapperEP10napi_env__P20napi_callback_info__
FN:2801,_ZZN4Napi10ObjectWrapI9DisruptorE29InstanceSetterCallbackWrapperEP10napi_env__P20napi_callback_info__ENKUlvE_clEv
FN:2814,_ZN4Napi10ObjectWrapI9DisruptorE16FinalizeCallbackEP10napi_env__PvS5_
FN:2827,_ZN4Napi11HandleScopeC2ENS_3EnvE
FN:2832,_ZN4Napi11HandleScopeD2Ev
FN:2852,_ZN4Napi20EscapableHandleScopeC2ENS_3EnvE
FN:2857,_ZN4Napi20EscapableHandleScopeD2Ev
FN:2869,_ZN4Napi20EscapableHandleScope6EscapeEP12napi_value__
FN:2880,_ZN4Napi11AsyncWorkerC2ERKNS_8FunctionE
FN:2884,_ZN4Napi11AsyncWorkerC2ERKNS_6ObjectERKNS_8FunctionE
FN:2899,_ZN4Napi11AsyncWorkerD2Ev
FN:2899,_ZN4Napi11AsyncWorkerD0Ev
FN:2931,_ZNK4Napi11AsyncWorker3EnvEv
FN:2935,_ZN4Napi11AsyncWorker5QueueEv
FN:2945,_ZN4Napi11AsyncWorker8ReceiverEv
FN:2949,_ZN4Napi11AsyncWorker8CallbackEv
FN:2953,_ZN4Napi11AsyncWorker4OnOKEv
FN:2957,_ZN4Napi11AsyncWorker7OnErrorERKNS_5ErrorE
FN:2961,_ZN4Napi11AsyncWorker8SetErrorERKNSt7__cxx1112basic_stringIcSt11char_traitsIcESaIcEEE
FN:2965,_ZN4Napi11AsyncWorker9OnExecuteEP10napi_env__Pv
FN:2978,_ZN4Napi11AsyncWorker14OnWorkCompleteEP10napi_env__11napi_statusPv
FN:2983,_ZZN4Napi11AsyncWorker14OnWorkCompleteEP10napi_env__11napi_statusPvENKUlvE_clEv
FNDA:3395,_ZN4Napi7details12WrapCallbackIZNS_10ObjectWrapI9DisruptorE26ConstructorCallbackWrapperEP10napi_env__P20napi_callback_info__EUlvE_EEP12napi_value__T_
FNDA:0,_ZN4Napi7details12WrapCallbackIZNS_10ObjectWrapI9DisruptorE29InstanceSetterCallbackWrapperEP10napi_env__P20napi_callback_info__EUlvE_EEP12napi_value__T_
FNDA:353630,_ZN4Napi7details12WrapCallbackIZNS_10ObjectWrapI9DisruptorE29InstanceGetterCallbackWrapperEP10napi_env__P20napi_callback_info__EUlvE_EEP12napi_value__T_
FNDA:4782,_ZN4Napi7details12WrapCallbackIZNS_10ObjectWrapI9DisruptorE33InstanceVoidMethodCallbackWrapperEP10napi_env__P20napi_callback_info__EUlvE_EEP12napi_value__T_
FNDA:1572316,_ZN4Napi7details12WrapCallbackIZNS_10ObjectWrapI9DisruptorE29InstanceMethodCallbackWrapperEP10napi_env__P20napi_callback_info__EUlvE_EEP12napi_value__T_
FNDA:1,_ZN4Napi7details12WrapCallbackIZNS0_12CallbackDataIPFvRKNS_12CallbackInfoEEvE7WrapperEP10napi_env__P20napi_callback_info__EUlvE_EEP12napi_value__T_
FNDA:1566103,_ZN4Napi7details12WrapCallbackIZNS_11AsyncWorker14OnWorkCompleteEP10napi_env__11napi_statusPvEUlvE_EEP12napi_value__T_
FNDA:253,_ZN4Napi7details12WrapCallbackIZNS_14RegisterModuleEP10napi_env__P12napi_value__PFNS_6ObjectENS_3EnvES6_EEUlvE_EES5_T_
FNDA:1,_ZN4Napi7details12CallbackDataIPFvRKNS_12CallbackInfoEEvE7WrapperEP10napi_env__P20napi_callback_info__
FNDA:1,_ZZN4Napi7details12CallbackDataIPFvRKNS_12CallbackInfoEEvE7WrapperEP10napi_env__P20napi_callback_info__ENKUlvE_clEv
FNDA:253,_ZN4Napi14RegisterModuleEP10napi_env__P12napi_value__PFNS_6ObjectENS_3EnvES4_E
FNDA:253,_ZZN4Napi14RegisterModuleEP10napi_env__P12napi_value__PFNS_6ObjectENS_3EnvES4_EENKUlvE_clEv
FNDA:15456294,_ZN4Napi3EnvC2EP10napi_env__
FNDA:15457215,_ZNK4Napi3EnvcvP10napi_env__Ev
FNDA:384599,_ZNK4Napi3Env9UndefinedEv
FNDA:170460,_ZNK4Napi3Env4NullEv
FNDA:124304,_ZN4Napi5ValueC2Ev
FNDA:13368271,_ZN4Napi5ValueC2EP10napi_env__P12napi_value__
FNDA:15407786,_ZNK4Napi5ValuecvP12napi_value__Ev
FNDA:9884734,_ZNK4Napi5Value3EnvEv
FNDA:170460,_ZNK4Napi5Value4TypeEv
FNDA:170460,_ZNK4Napi5Value10IsFunctionEv
FNDA:6790,_ZNK4Napi5Value2AsINS_7BooleanEEET_v
FNDA:13749,_ZNK4Napi5Value2AsINS_6NumberEEET_v
FNDA:170459,_ZNK4Napi5Value2AsINS_8FunctionEEET_v
FNDA:3395,_ZNK4Napi5Value2AsINS_6StringEEET_v
FNDA:1930728,_ZNK4Napi5Value2AsINS_6ObjectEEET_v
FNDA:832272,_ZN4Napi7Boolean3NewEP10napi_env__b
FNDA:839062,_ZN4Napi7BooleanC2EP10napi_env__P12napi_value__
FNDA:58682,_ZNK4Napi7BooleancvbEv
FNDA:58682,_ZNK4Napi7Boolean5ValueEv
FNDA:477593,_ZN4Napi6Number3NewEP10napi_env__d
FNDA:491342,_ZN4Napi6NumberC2EP10napi_env__P12napi_value__
FNDA:13615,_ZNK4Napi6NumbercvjEv
FNDA:13615,_ZNK4Napi6Number11Uint32ValueEv
FNDA:134,_ZNK4Napi6Number10Int64ValueEv
FNDA:3395,_ZN4Napi4NameC2EP10napi_env__P12napi_value__
FNDA:3395,_ZN4Napi6StringC2EP10napi_env__P12napi_value__
FNDA:0,_ZNK4Napi6StringcvNSt7__cxx1112basic_stringIcSt11char_traitsIcESaIcEEEEv
FNDA:3395,_ZNK4Napi6String9Utf8ValueB5cxx11Ev
FNDA:376856,_ZN4Napi7details11vf_fallbackINS_6BufferIhEEE4FromEP10napi_env__RKS3_
FNDA:253,_ZN4Napi7details11vf_fallbackINS_8FunctionEE4FromEP10napi_env__RKS2_
FNDA:123491,_ZN4Napi7details11vf_fallbackINS_5ValueEE4FromEP10napi_env__RKS2_
FNDA:376856,_ZN4Napi5Value4FromINS_6BufferIhEEEES0_P10napi_env__RKT_
FNDA:253,_ZN4Napi5Value4FromINS_8FunctionEEES0_P10napi_env__RKT_
FNDA:123491,_ZN4Napi5Value4FromIS0_EES0_P10napi_env__RKT_
FNDA:123491,_ZN4Napi6Object14PropertyLValueIjEaSINS_5ValueEEERS2_T_
FNDA:123491,_ZN4Napi6Object14PropertyLValueIjEC2ES0_j
FNDA:1566103,_ZN4Napi6Object3NewEP10napi_env__
FNDA:124304,_ZN4Napi6ObjectC2Ev
FNDA:10443499,_ZN4Napi6ObjectC2EP10napi_env__P12napi_value__
FNDA:123491,_ZN4Napi6ObjectixEj
FNDA:0,_ZNK4Napi6Object3GetEPKc
FNDA:253,_ZN4Napi6Object3SetINS_8FunctionEEEvPKcRKT_
FNDA:376856,_ZN4Napi6Object3SetINS_6BufferIhEEEEvjRKT_
FNDA:123491,_ZN4Napi6Object3SetINS_5ValueEEEvjRKT_
FNDA:623621,_ZN4Napi5Array3NewEP10napi_env__
FNDA:623621,_ZN4Napi5ArrayC2EP10napi_env__P12napi_value__
FNDA:246338,_ZNK4Napi5Array6LengthEv
FNDA:124304,_ZN4Napi10TypedArrayC2Ev
FNDA:788406,_ZN4Napi10TypedArrayC2EP10napi_env__P12napi_value__
FNDA:124304,_ZN4Napi12TypedArrayOfIhEC2Ev
FNDA:788406,_ZN4Napi12TypedArrayOfIhEC2EP10napi_env__P12napi_value__
FNDA:1,_ZN4Napi8Function3NewIPFvRKNS_12CallbackInfoEEEES0_P10napi_env__T_PKcPv
FNDA:1736816,_ZN4Napi8FunctionC2EP10napi_env__P12napi_value__
FNDA:170460,_ZNK4Napi8Function12MakeCallbackEP12napi_value__RKSt16initializer_listIS2_E
FNDA:170460,_ZNK4Napi8Function12MakeCallbackEP12napi_value__mPKS2_
FNDA:17,_ZN4Napi6BufferIhE3NewEP10napi_env__m
FNDA:788380,_ZN4Napi6BufferIhE3NewEP10napi_env__Phm
FNDA:9,_ZN4Napi6BufferImE3NewEP10napi_env__Pmm
FNDA:124304,_ZN4Napi6BufferIhEC2Ev
FNDA:788397,_ZN4Napi6BufferIhEC2EP10napi_env__P12napi_value__mPh
FNDA:9,_ZN4Napi6BufferImEC2EP10napi_env__P12napi_value__mPm
FNDA:51889,_ZNK4Napi6BufferIhE6LengthEv
FNDA:51889,_ZNK4Napi6BufferIhE10EnsureInfoEv
FNDA:0,_ZN4Napi5Error3NewEP10napi_env__
FNDA:3,_ZN4Napi5Error3NewEP10napi_env__RKNSt7__cxx1112basic_stringIcSt11char_traitsIcESaIcEEE
FNDA:0,_ZN4Napi5Error5FatalEPKcS2_
FNDA:3,_ZN4Napi5ErrorC2EP10napi_env__P12napi_value__
FNDA:0,_ZNK4Napi5Error7MessageB5cxx11Ev
FNDA:3,_ZNK4Napi5Error26ThrowAsJavaScriptExceptionEv
FNDA:0,_ZNK4Napi5Error4whatEv
FNDA:3,_ZN4Napi5Error3NewIS0_EET_P10napi_env__PKcmPF11napi_statusS4_P12napi_value__S9_PS9_E
FNDA:1566103,_ZN4Napi9ReferenceINS_8FunctionEE3NewERKS1_j
FNDA:3132206,_ZN4Napi9ReferenceINS_6ObjectEE3NewERKS1_j
FNDA:3395,_ZN4Napi9ReferenceINS_6ObjectEEC2Ev
FNDA:1566103,_ZN4Napi9ReferenceINS_8FunctionEEC2EP10napi_env__P10napi_ref__
FNDA:3135604,_ZN4Napi9ReferenceINS_6ObjectEEC2EP10napi_env__P10napi_ref__
FNDA:3132206,_ZN4Napi9ReferenceINS_8FunctionEED2Ev
FNDA:6270653,_ZN4Napi9ReferenceINS_6ObjectEED2Ev
FNDA:1566103,_ZN4Napi9ReferenceINS_8FunctionEEC2EOS2_
FNDA:3132206,_ZN4Napi9ReferenceINS_6ObjectEEC2EOS2_
FNDA:3395,_ZN4Napi9ReferenceINS_6ObjectEEaSEOS2_
FNDA:3,_ZNK4Napi9ReferenceINS_6ObjectEE7IsEmptyEv
FNDA:1566103,_ZNK4Napi9ReferenceINS_8FunctionEE5ValueEv
FNDA:1736566,_ZNK4Napi9ReferenceINS_6ObjectEE5ValueEv
FNDA:3395,_ZN4Napi9ReferenceINS_6ObjectEE5ResetEv
FNDA:3132206,_ZN4Napi10PersistentENS_6ObjectE
FNDA:1566103,_ZN4Napi10PersistentENS_8FunctionE
FNDA:3,_ZN4Napi15ObjectReferenceC2EP10napi_env__P10napi_ref__
FNDA:3132206,_ZN4Napi15ObjectReferenceC2EONS_9ReferenceINS_6ObjectEEE
FNDA:0,_ZNK4Napi15ObjectReference3GetEPKc
FNDA:1566103,_ZN4Napi17FunctionReferenceC2EONS_9ReferenceINS_8FunctionEEE
FNDA:170460,_ZNK4Napi17FunctionReference12MakeCallbackEP12napi_value__RKSt16initializer_listIS2_E
FNDA:1934124,_ZN4Napi12CallbackInfoC2EP10napi_env__P20napi_callback_info__
FNDA:1934124,_ZN4Napi12CallbackInfoD2Ev
FNDA:2098178,_ZNK4Napi12CallbackInfo3EnvEv
FNDA:457347,_ZNK4Napi12CallbackInfo6LengthEv
FNDA:194394,_ZNK4Napi12CallbackInfoixEm
FNDA:1937515,_ZNK4Napi12CallbackInfo4ThisEv
FNDA:1930729,_ZNK4Napi12CallbackInfo4DataEv
FNDA:1930729,_ZN4Napi12CallbackInfo7SetDataEPv
FNDA:3395,_ZN4Napi10ObjectWrapI9DisruptorEC2ERKNS_12CallbackInfoE
FNDA:1930728,_ZN4Napi10ObjectWrapI9DisruptorE6UnwrapENS_6ObjectE
FNDA:253,_ZN4Napi10ObjectWrapI9DisruptorE11DefineClassENS_3EnvEPKcRKSt16initializer_listINS_23ClassPropertyDescriptorIS1_EEEPv
FNDA:1265,_ZN4Napi10ObjectWrapI9DisruptorE14InstanceMethodEPKcMS1_FvRKNS_12CallbackInfoEE24napi_property_attributesPv
FNDA:2530,_ZN4Napi10ObjectWrapI9DisruptorE14InstanceMethodEPKcMS1_FNS_5ValueERKNS_12CallbackInfoEE24napi_property_attributesPv
FNDA:2530,_ZN4Napi10ObjectWrapI9DisruptorE16InstanceAccessorEPKcMS1_FNS_5ValueERKNS_12CallbackInfoEEMS1_FvS8_RKS5_E24napi_property_attributesPv
FNDA:3395,_ZN4Napi10ObjectWrapI9DisruptorE26ConstructorCallbackWrapperEP10napi_env__P20napi_callback_info__
FNDA:3395,_ZZN4Napi10ObjectWrapI9DisruptorE26ConstructorCallbackWrapperEP10napi_env__P20napi_callback_info__ENKUlvE_clEv
FNDA:4782,_ZN4Napi10ObjectWrapI9DisruptorE33InstanceVoidMethodCallbackWrapperEP10napi_env__P20napi_callback_info__
FNDA:4782,_ZZN4Napi10ObjectWrapI9DisruptorE33InstanceVoidMethodCallbackWrapperEP10napi_env__P20napi_callback_info__ENKUlvE_clEv
FNDA:1572316,_ZN4Napi10ObjectWrapI9DisruptorE29InstanceMethodCallbackWrapperEP10napi_env__P20napi_callback_info__
FNDA:1572316,_ZZN4Napi10ObjectWrapI9DisruptorE29InstanceMethodCallbackWrapperEP10napi_env__P20napi_callback_info__ENKUlvE_clEv
FNDA:353630,_ZN4Napi10ObjectWrapI9DisruptorE29InstanceGetterCallbackWrapperEP10napi_env__P20napi_callback_info__
FNDA:353630,_ZZN4Napi10ObjectWrapI9DisruptorE29InstanceGetterCallbackWrapperEP10napi_env__P20napi_callback_info__ENKUlvE_clEv
FNDA:0,_ZN4Napi10ObjectWrapI9DisruptorE29InstanceSetterCallbackWrapperEP10napi_env__P20napi_callback_info__
FNDA:0,_ZZN4Napi10ObjectWrapI9DisruptorE29InstanceSetterCallbackWrapperEP10napi_env__P20napi_callback_info__ENKUlvE_clEv
FNDA:2840,_ZN4Napi10ObjectWrapI9DisruptorE16FinalizeCallbackEP10napi_env__PvS5_
FNDA:1566106,_ZN4Napi11HandleScopeC2ENS_3EnvE
FNDA:1566106,_ZN4Napi11HandleScopeD2Ev
FNDA:170460,_ZN4Napi20EscapableHandleScopeC2ENS_3EnvE
FNDA:170460,_ZN4Napi20EscapableHandleScopeD2Ev
FNDA:170460,_ZN4Napi20EscapableHandleScope6EscapeEP12napi_value__
FNDA:1566103,_ZN4Napi11AsyncWorkerC2ERKNS_8FunctionE
FNDA:1566103,_ZN4Napi11AsyncWorkerC2ERKNS_6ObjectERKNS_8FunctionE
FNDA:0,_ZN4Napi11AsyncWorkerD0Ev
FNDA:1566103,_ZN4Napi11AsyncWorkerD2Ev
FNDA:1736563,_ZNK4Napi11AsyncWorker3EnvEv
FNDA:1566103,_ZN4Napi11AsyncWorker5QueueEv
FNDA:170460,_ZN4Napi11AsyncWorker8ReceiverEv
FNDA:1566103,_ZN4Napi11AsyncWorker8CallbackEv
FNDA:0,_ZN4Napi11AsyncWorker4OnOKEv
FNDA:0,_ZN4Napi11AsyncWorker7OnErrorERKNS_5ErrorE
FNDA:0,_ZN4Napi11AsyncWorker8SetErrorERKNSt7__cxx1112basic_stringIcSt11char_traitsIcESaIcEEE
FNDA:1566103,_ZN4Napi11AsyncWorker9OnExecuteEP10napi_env__Pv
FNDA:1566103,_ZN4Napi11AsyncWorker14OnWorkCompleteEP10napi_env__11napi_statusPv
FNDA:1566103,_ZZN4Napi11AsyncWorker14OnWorkCompleteEP10napi_env__11napi_statusPvENKUlvE_clEv
FNF:148
FNH:134
DA:55,3500480
DA:58,3500480
DA:59,6
DA:60,3
DA:61,3
DA:90,1
DA:91,2
DA:92,2
DA:93,1
DA:95,1
DA:96,1
DA:97,2
DA:98,1
DA:168,253
DA:171,506
DA:172,759
DA:173,253
DA:174,759
DA:181,15456294
DA:182,15456294
DA:184,15457215
DA:185,15457215
DA:195,384599
DA:197,384599
DA:198,384599
DA:199,384599
DA:202,170460
DA:204,170460
DA:205,170460
DA:206,170460
DA:230,124304
DA:231,124304
DA:233,13368271
DA:234,13368271
DA:236,15407786
DA:237,15407786
DA:255,9884734
DA:256,9884734
DA:263,170460
DA:264,170460
DA:265,0
DA:269,170460
DA:270,170460
DA:271,170460
DA:335,170460
DA:336,170460
DA:375,2125121
DA:376,2125121
DA:411,832272
DA:413,832272
DA:414,832272
DA:415,832272
DA:421,839062
DA:422,839062
DA:424,58682
DA:425,58682
DA:428,58682
DA:430,58682
DA:431,58682
DA:432,58682
DA:439,477593
DA:441,477593
DA:442,477593
DA:443,477593
DA:449,491342
DA:450,491342
DA:456,13615
DA:457,13615
DA:479,13615
DA:481,13615
DA:482,13615
DA:483,13615
DA:486,134
DA:488,134
DA:489,134
DA:490,134
DA:511,3395
DA:512,3395
DA:557,3395
DA:558,3395
DA:560,0
DA:561,0
DA:568,3395
DA:570,3395
DA:571,3395
DA:573,3395
DA:574,3395
DA:575,3395
DA:576,3395
DA:577,3395
DA:578,3395
DA:675,500600
DA:676,500600
DA:695,500600
DA:705,500600
DA:741,123491
DA:742,123491
DA:743,123491
DA:747,123491
DA:748,123491
DA:750,1566103
DA:752,1566103
DA:753,1566103
DA:754,1566103
DA:757,124304
DA:758,124304
DA:760,10443499
DA:761,10443499
DA:771,123491
DA:772,123491
DA:851,0
DA:853,0
DA:854,0
DA:855,0
DA:877,253
DA:878,253
DA:879,506
DA:880,253
DA:881,253
DA:925,500347
DA:926,500347
DA:927,1000694
DA:928,500347
DA:929,500347
DA:1045,623621
DA:1047,623621
DA:1048,623621
DA:1049,623621
DA:1062,623621
DA:1063,623621
DA:1065,246338
DA:1067,246338
DA:1068,246338
DA:1069,246338
DA:1178,124304
DA:1179,124304
DA:1180,124304
DA:1182,788406
DA:1183,788406
DA:1184,788406
DA:1284,124304
DA:1285,124304
DA:1288,788406
DA:1289,788406
DA:1290,788406
DA:1292,788406
DA:1293,788406
DA:1334,1
DA:1341,1
DA:1344,1
DA:1346,1
DA:1347,1
DA:1361,1736816
DA:1362,1736816
DA:1396,170460
DA:1398,170460
DA:1406,170460
DA:1409,170460
DA:1410,340920
DA:1411,170460
DA:1412,170460
DA:1466,17
DA:1469,17
DA:1470,17
DA:1471,17
DA:1475,788389
DA:1477,788389
DA:1479,788389
DA:1480,788389
DA:1540,124304
DA:1541,124304
DA:1549,788406
DA:1550,788406
DA:1551,788406
DA:1554,51889
DA:1555,51889
DA:1556,51889
DA:1566,51889
DA:1570,51889
DA:1573,0
DA:1574,0
DA:1575,0
DA:1576,0
DA:1578,51889
DA:1584,0
DA:1586,0
DA:1589,0
DA:1590,0
DA:1592,0
DA:1593,0
DA:1594,0
DA:1595,0
DA:1598,0
DA:1599,0
DA:1602,0
DA:1603,0
DA:1605,0
DA:1606,0
DA:1607,0
DA:1611,0
DA:1616,0
DA:1618,0
DA:1619,0
DA:1620,0
DA:1624,0
DA:1625,0
DA:1626,0
DA:1627,0
DA:1628,0
DA:1630,0
DA:1635,0
DA:1642,3
DA:1643,3
DA:1646,0
DA:1647,0
DA:1653,3
DA:1654,3
DA:1655,3
DA:1659,3
DA:1661,3
DA:1689,0
DA:1690,0
DA:1693,0
DA:1695,0
DA:1703,0
DA:1706,3
DA:1707,6
DA:1708,3
DA:1709,3
DA:1710,3
DA:1712,3
DA:1716,0
DA:1717,0
DA:1723,3
DA:1728,3
DA:1729,3
DA:1732,3
DA:1733,3
DA:1735,3
DA:1771,4698309
DA:1772,4698309
DA:1773,4698309
DA:1775,4698309
DA:1776,0
DA:1780,4698309
DA:1781,4698309
DA:1783,4698309
DA:1788,3395
DA:1789,3395
DA:1792,4701707
DA:1793,4701707
DA:1794,4701707
DA:1797,9402859
DA:1798,9402859
DA:1799,4701155
DA:1800,4701155
DA:1803,4701155
DA:1805,9402859
DA:1808,4698309
DA:1809,4698309
DA:1810,4698309
DA:1811,4698309
DA:1812,4698309
DA:1813,4698309
DA:1816,3395
DA:1817,3395
DA:1818,3395
DA:1819,3395
DA:1820,3395
DA:1821,3395
DA:1822,3395
DA:1823,3395
DA:1824,3395
DA:1863,3
DA:1864,3
DA:1868,3302669
DA:1869,3302669
DA:1870,0
DA:1874,3302669
DA:1875,3302669
DA:1876,3302669
DA:1896,3395
DA:1897,3395
DA:1898,0
DA:1899,0
DA:1900,0
DA:1902,3395
DA:1939,3132206
DA:1940,3132206
DA:1943,1566103
DA:1944,1566103
DA:1954,3
DA:1955,3
DA:1957,3132206
DA:1958,3132206
DA:1959,3132206
DA:1979,0
DA:1980,0
DA:1981,0
DA:2085,1566103
DA:2086,1566103
DA:2087,1566103
DA:2131,170460
DA:2133,340920
DA:2134,340920
DA:2157,1934124
DA:2158,1934124
DA:2159,1934124
DA:2160,1934124
DA:2161,1934124
DA:2162,1934124
DA:2164,1934124
DA:2167,3395
DA:2168,3395
DA:2170,3395
DA:2171,3395
DA:2173,1934124
DA:2175,3868248
DA:2176,1934124
DA:2177,3395
DA:2179,1934124
DA:2192,2098178
DA:2193,2098178
DA:2196,457347
DA:2197,457347
DA:2200,194394
DA:2201,194394
DA:2204,1937515
DA:2205,1937515
DA:2206,0
DA:2208,1937515
DA:2211,1930729
DA:2212,1930729
DA:2215,1930729
DA:2216,1930729
DA:2217,1930729
DA:2454,3395
DA:2455,3395
DA:2456,3395
DA:2459,3395
DA:2460,3395
DA:2461,3395
DA:2463,3395
DA:2464,3395
DA:2465,3395
DA:2468,1930728
DA:2470,1930728
DA:2471,1930728
DA:2472,1930728
DA:2476,253
DA:2482,253
DA:2485,253
DA:2486,253
DA:2488,253
DA:2562,1265
DA:2568,1265
DA:2569,1265
DA:2571,1265
DA:2572,1265
DA:2573,1265
DA:2574,1265
DA:2575,1265
DA:2576,1265
DA:2580,2530
DA:2586,2530
DA:2588,2530
DA:2589,2530
DA:2590,2530
DA:2591,2530
DA:2592,2530
DA:2593,2530
DA:2632,2530
DA:2639,2530
DA:2640,2530
DA:2642,2530
DA:2643,2530
DA:2644,2530
DA:2645,2530
DA:2646,2530
DA:2647,2530
DA:2648,2530
DA:2674,3395
DA:2678,3395
DA:2679,3395
DA:2681,3395
DA:2682,3395
DA:2683,0
DA:2684,0
DA:2688,6790
DA:2689,6790
DA:2690,3398
DA:2691,6784
DA:2694,3395
DA:2752,4782
DA:2755,9564
DA:2756,9564
DA:2757,4782
DA:2759,4782
DA:2760,4782
DA:2761,4782
DA:2762,4782
DA:2763,9564
DA:2764,4782
DA:2768,1572316
DA:2771,3144632
DA:2772,3144632
DA:2773,1572316
DA:2775,1572316
DA:2776,1572316
DA:2777,1572316
DA:2778,3144632
DA:2779,1572316
DA:2783,353630
DA:2786,707260
DA:2787,707260
DA:2788,353630
DA:2790,353630
DA:2791,353630
DA:2792,353630
DA:2793,707260
DA:2794,353630
DA:2798,0
DA:2801,0
DA:2802,0
DA:2803,0
DA:2805,0
DA:2806,0
DA:2807,0
DA:2808,0
DA:2809,0
DA:2810,0
DA:2814,2840
DA:2815,2840
DA:2816,2840
DA:2817,2840
DA:2827,1566106
DA:2828,1566106
DA:2829,1566106
DA:2830,1566106
DA:2832,3132212
DA:2833,1566106
DA:2834,1566106
DA:2852,170460
DA:2853,170460
DA:2854,170460
DA:2855,170460
DA:2857,340920
DA:2858,170460
DA:2859,170460
DA:2869,170460
DA:2871,170460
DA:2872,170460
DA:2873,170460
DA:2880,1566103
DA:2881,1566103
DA:2882,1566103
DA:2884,1566103
DA:2885,3132206
DA:2887,4698309
DA:2890,1566103
DA:2891,1566103
DA:2892,1566103
DA:2894,1566103
DA:2896,1566103
DA:2897,1566103
DA:2899,3132206
DA:2900,1566103
DA:2901,1566103
DA:2902,1566103
DA:2904,1566103
DA:2931,1736563
DA:2932,1736563
DA:2935,1566103
DA:2936,1566103
DA:2937,1566103
DA:2938,1566103
DA:2945,170460
DA:2946,170460
DA:2949,1566103
DA:2950,1566103
DA:2953,0
DA:2954,0
DA:2955,0
DA:2957,0
DA:2958,0
DA:2959,0
DA:2961,0
DA:2962,0
DA:2963,0
DA:2965,1566103
DA:2966,1566103
DA:2969,1566103
DA:2970,0
DA:2971,0
DA:2976,1566103
DA:2978,1566103
DA:2980,1566103
DA:2981,1566103
DA:2982,3132206
DA:2983,3132206
DA:2984,4698309
DA:2985,4698309
DA:2988,0
DA:2990,1566103
DA:2993,1566103
DA:2994,1566103
LF:506
LH:426
end_of_record
SF:/home/david/shared-memory-disruptor/node_modules/node-addon-api/napi.h
FN:925,_ZN4Napi15ObjectReferenceD2Ev
FN:962,_ZN4Napi17FunctionReferenceD2Ev
FN:1087,_ZN4Napi5ErrorD2Ev
FN:1087,_ZN4Napi5ErrorD0Ev
FN:1274,_ZN4Napi23ClassPropertyDescriptorI9DisruptorEC2E24napi_property_descriptor
FN:1309,_ZN4Napi10ObjectWrapI9DisruptorED2Ev
FNDA:3132209,_ZN4Napi15ObjectReferenceD2Ev
FNDA:1566103,_ZN4Napi17FunctionReferenceD2Ev
FNDA:0,_ZN4Napi5ErrorD0Ev
FNDA:3,_ZN4Napi5ErrorD2Ev
FNDA:6325,_ZN4Napi23ClassPropertyDescriptorI9DisruptorEC2E24napi_property_descriptor
FNDA:2843,_ZN4Napi10ObjectWrapI9DisruptorED2Ev
FNF:6
FNH:5
DA:925,3132209
DA:962,1566103
DA:1087,3
DA:1274,6325
DA:1309,2843
LF:5
LH:5
end_of_record
SF:/usr/include/c++/7/bits/alloc_traits.h
FN:435,_ZNSt16allocator_traitsISaI11AsyncBufferIhEEE8allocateERS2_m
FN:461,_ZNSt16allocator_traitsISaI11AsyncBufferIhEEE10deallocateERS2_PS1_m
FN:495,_ZNSt16allocator_traitsISaI11AsyncBufferIhEEE8max_sizeERKS2_
FNDA:123491,_ZNSt16allocator_traitsISaI11AsyncBufferIhEEE8allocateERS2_m
FNDA:123491,_ZNSt16allocator_traitsISaI11AsyncBufferIhEEE10deallocateERS2_PS1_m
FNDA:246982,_ZNSt16allocator_traitsISaI11AsyncBufferIhEEE8max_sizeERKS2_
FNF:3
FNH:3
DA:435,123491
DA:436,123491
DA:461,123491
DA:462,123491
DA:495,246982
DA:496,246982
LF:6
LH:6
end_of_record
SF:/usr/include/c++/7/bits/allocator.h
FN:131,_ZNSaI11AsyncBufferIhEEC2Ev
FN:139,_ZNSaI11AsyncBufferIhEED2Ev
FNDA:1124762,_ZNSaI11AsyncBufferIhEEC2Ev
FNDA:1124762,_ZNSaI11AsyncBufferIhEED2Ev
FNF:2
FNH:2
DA:131,1124762
DA:139,1124762
LF:2
LH:2
end_of_record
SF:/usr/include/c++/7/bits/basic_string.h
FN:139,_ZNSt7__cxx1112basic_stringIcSt11char_traitsIcESaIcEE12_Alloc_hiderD2Ev
FN:232,_ZNSt7__cxx1112basic_stringIcSt11char_traitsIcESaIcEE16_M_construct_auxIPcEEvT_S7_St12__false_type
FN:252,_ZNSt7__cxx1112basic_stringIcSt11char_traitsIcESaIcEE12_M_constructIPcEEvT_S7_
FN:604,_ZNSt7__cxx1112basic_stringIcSt11char_traitsIcESaIcEEC2IPcvEET_S7_RKS3_
FN:5953,_ZStplIcSt11char_traitsIcESaIcEENSt7__cxx1112basic_stringIT_T0_T1_EEOS8_S9_
FN:5977,_ZStplIcSt11char_traitsIcESaIcEENSt7__cxx1112basic_stringIT_T0_T1_EEOS8_PKS5_
FN:6402,_ZNSt7__cxx119to_stringEi
FNDA:0,_ZNSt7__cxx1112basic_stringIcSt11char_traitsIcESaIcEE12_Alloc_hiderD2Ev
FNDA:0,_ZNSt7__cxx1112basic_stringIcSt11char_traitsIcESaIcEE16_M_construct_auxIPcEEvT_S7_St12__false_type
FNDA:0,_ZNSt7__cxx1112basic_stringIcSt11char_traitsIcESaIcEE12_M_constructIPcEEvT_S7_
FNDA:0,_ZNSt7__cxx1112basic_stringIcSt11char_traitsIcESaIcEEC2IPcvEET_S7_RKS3_
FNDA:3,_ZStplIcSt11char_traitsIcESaIcEENSt7__cxx1112basic_stringIT_T0_T1_EEOS8_S9_
FNDA:3,_ZStplIcSt11char_traitsIcESaIcEENSt7__cxx1112basic_stringIT_T0_T1_EEOS8_PKS5_
FNDA:0,_ZNSt7__cxx119to_stringEi
FNF:7
FNH:2
DA:139,0
DA:232,0
DA:236,0
DA:237,0
DA:252,0
DA:255,0
DA:256,0
DA:604,0
DA:606,0
DA:607,0
DA:5953,3
DA:5956,3
DA:5957,6
DA:5958,3
DA:5959,0
DA:5960,3
DA:5977,3
DA:5979,3
DA:6402,0
DA:6404,0
LF:20
LH:7
end_of_record
SF:/usr/include/c++/7/bits/basic_string.tcc
FN:206,_ZNSt7__cxx1112basic_stringIcSt11char_traitsIcESaIcEE12_M_constructIPcEEvT_S7_St20forward_iterator_tag
FNDA:0,_ZNSt7__cxx1112basic_stringIcSt11char_traitsIcESaIcEE12_M_constructIPcEEvT_S7_St20forward_iterator_tag
FNF:1
FNH:0
DA:206,0
DA:211,0
DA:212,0
DA:215,0
DA:217,0
DA:219,0
DA:220,0
DA:225,0
DA:226,0
DA:228,0
DA:229,0
DA:232,0
DA:233,0
LF:13
LH:0
end_of_record
SF:/usr/include/c++/7/bits/exception.h
FN:63,_ZNSt9exceptionC2Ev
FNDA:3,_ZNSt9exceptionC2Ev
FNF:1
FNH:1
DA:63,3
LF:1
LH:1
end_of_record
SF:/usr/include/c++/7/bits/move.h
FN:47,_ZSt11__addressofI11AsyncBufferIhEEPT_RS2_
FN:73,_ZSt7forwardISt14default_deleteISt6vectorI11AsyncBufferIhESaIS3_EEEEOT_RNSt16remove_referenceIS7_E4typeE
FN:73,_ZSt7forwardI11AsyncBufferIhEEOT_RNSt16remove_referenceIS2_E4typeE
FN:73,_ZSt7forwardIRPSt6vectorI11AsyncBufferIhESaIS2_EEEOT_RNSt16remove_referenceIS7_E4typeE
FN:98,_ZSt4moveIRN4Napi9ReferenceINS0_8FunctionEEEEONSt16remove_referenceIT_E4typeEOS6_
FN:98,_ZSt4moveIRNSt7__cxx1112basic_stringIcSt11char_traitsIcESaIcEEEEONSt16remove_referenceIT_E4typeEOS8_
FN:98,_ZSt4moveIRPSt6vectorI11AsyncBufferIhESaIS2_EEEONSt16remove_referenceIT_E4typeEOS8_
FN:98,_ZSt4moveIR11AsyncBufferIhEEONSt16remove_referenceIT_E4typeEOS4_
FN:98,_ZSt4moveIRN4Napi9ReferenceINS0_6ObjectEEEEONSt16remove_referenceIT_E4typeEOS6_
FN:187,_ZSt4swapIPSt6vectorI11AsyncBufferIhESaIS2_EEENSt9enable_ifIXsrSt6__and_IJSt6__not_ISt15__is_tuple_likeIT_EESt21is_move_constructibleISA_ESt18is_move_assignableISA_EEE5valueEvE4typeERSA_SK_
FNDA:123494,_ZSt11__addressofI11AsyncBufferIhEEPT_RS2_
FNDA:3,_ZSt7forwardI11AsyncBufferIhEEOT_RNSt16remove_referenceIS2_E4typeE
FNDA:370464,_ZSt7forwardIRPSt6vectorI11AsyncBufferIhESaIS2_EEEOT_RNSt16remove_referenceIS7_E4typeE
FNDA:1303309,_ZSt7forwardISt14default_deleteISt6vectorI11AsyncBufferIhESaIS3_EEEEOT_RNSt16remove_referenceIS7_E4typeE
FNDA:1687143,_ZSt4moveIRPSt6vectorI11AsyncBufferIhESaIS2_EEEONSt16remove_referenceIT_E4typeEOS8_
FNDA:123491,_ZSt4moveIR11AsyncBufferIhEEONSt16remove_referenceIT_E4typeEOS4_
FNDA:6,_ZSt4moveIRNSt7__cxx1112basic_stringIcSt11char_traitsIcESaIcEEEEONSt16remove_referenceIT_E4typeEOS8_
FNDA:1566103,_ZSt4moveIRN4Napi9ReferenceINS0_8FunctionEEEEONSt16remove_referenceIT_E4typeEOS6_
FNDA:3132206,_ZSt4moveIRN4Napi9ReferenceINS0_6ObjectEEEEONSt16remove_referenceIT_E4typeEOS6_
FNDA:562381,_ZSt4swapIPSt6vectorI11AsyncBufferIhESaIS2_EEENSt9enable_ifIXsrSt6__and_IJSt6__not_ISt15__is_tuple_likeIT_EESt21is_move_constructibleISA_ESt18is_move_assignableISA_EEE5valueEvE4typeERSA_SK_
FNF:10
FNH:10
DA:47,123494
DA:48,123494
DA:73,1673776
DA:74,1673776
DA:98,6508949
DA:99,6508949
DA:187,562381
DA:198,562381
DA:199,562381
DA:200,562381
DA:201,562381
LF:11
LH:11
end_of_record
SF:/usr/include/c++/7/bits/stl_algobase.h
FN:219,_ZSt3maxImERKT_S2_S2_
FNDA:123491,_ZSt3maxImERKT_S2_S2_
FNF:1
FNH:1
DA:219,123491
DA:224,123491
DA:225,123488
DA:226,3
LF:4
LH:4
end_of_record
SF:/usr/include/c++/7/bits/stl_construct.h
FN:74,_ZSt10_ConstructI11AsyncBufferIhEJS1_EEvPT_DpOT0_
FN:74,_ZSt10_ConstructI11AsyncBufferIhEJEEvPT_DpOT0_
FN:117,_ZNSt12_Destroy_auxILb1EE9__destroyIP11AsyncBufferIhEEEvT_S5_
FN:127,_ZSt8_DestroyIP11AsyncBufferIhEEvT_S3_
FN:203,_ZSt8_DestroyIP11AsyncBufferIhES1_EvT_S3_RSaIT0_E
FNDA:3,_ZSt10_ConstructI11AsyncBufferIhEJS1_EEvPT_DpOT0_
FNDA:123491,_ZSt10_ConstructI11AsyncBufferIhEJEEvPT_DpOT0_
FNDA:1248253,_ZNSt12_Destroy_auxILb1EE9__destroyIP11AsyncBufferIhEEEvT_S5_
FNDA:1248253,_ZSt8_DestroyIP11AsyncBufferIhEEvT_S3_
FNDA:1248253,_ZSt8_DestroyIP11AsyncBufferIhES1_EvT_S3_RSaIT0_E
FNF:5
FNH:5
DA:74,123494
DA:75,123494
DA:117,1248253
DA:127,1248253
DA:137,1248253
DA:138,1248253
DA:203,1248253
DA:206,1248253
DA:207,1248253
LF:9
LH:9
end_of_record
SF:/usr/include/c++/7/bits/stl_iterator.h
FN:1036,_ZNSt13move_iteratorIP11AsyncBufferIhEEC2ES2_
FN:1045,_ZNKSt13move_iteratorIP11AsyncBufferIhEE4baseEv
FN:1049,_ZNKSt13move_iteratorIP11AsyncBufferIhEEdeEv
FN:1057,_ZNSt13move_iteratorIP11AsyncBufferIhEEppEv
FN:1124,_ZSteqIP11AsyncBufferIhEEbRKSt13move_iteratorIT_ES7_
FN:1136,_ZStneIP11AsyncBufferIhEEbRKSt13move_iteratorIT_ES7_
FN:1221,_ZSt32__make_move_if_noexcept_iteratorI11AsyncBufferIhESt13move_iteratorIPS1_EET0_PT_
FNDA:246982,_ZNSt13move_iteratorIP11AsyncBufferIhEEC2ES2_
FNDA:246988,_ZNKSt13move_iteratorIP11AsyncBufferIhEE4baseEv
FNDA:3,_ZNKSt13move_iteratorIP11AsyncBufferIhEEdeEv
FNDA:3,_ZNSt13move_iteratorIP11AsyncBufferIhEEppEv
FNDA:123494,_ZSteqIP11AsyncBufferIhEEbRKSt13move_iteratorIT_ES7_
FNDA:123494,_ZStneIP11AsyncBufferIhEEbRKSt13move_iteratorIT_ES7_
FNDA:246982,_ZSt32__make_move_if_noexcept_iteratorI11AsyncBufferIhESt13move_iteratorIPS1_EET0_PT_
FNF:7
FNH:7
DA:1036,246982
DA:1037,246982
DA:1045,246988
DA:1046,246988
DA:1049,3
DA:1050,3
DA:1057,3
DA:1059,3
DA:1060,3
DA:1124,123494
DA:1126,123494
DA:1136,123494
DA:1138,123494
DA:1221,246982
DA:1222,246982
LF:15
LH:15
end_of_record
SF:/usr/include/c++/7/bits/stl_iterator_base_funcs.h
FN:98,_ZSt10__distanceIPcENSt15iterator_traitsIT_E15difference_typeES2_S2_St26random_access_iterator_tag
FN:138,_ZSt8distanceIPcENSt15iterator_traitsIT_E15difference_typeES2_S2_
FNDA:0,_ZSt10__distanceIPcENSt15iterator_traitsIT_E15difference_typeES2_S2_St26random_access_iterator_tag
FNDA:0,_ZSt8distanceIPcENSt15iterator_traitsIT_E15difference_typeES2_S2_
FNF:2
FNH:0
DA:98,0
DA:104,0
DA:138,0
DA:141,0
DA:142,0
LF:5
LH:0
end_of_record
SF:/usr/include/c++/7/bits/stl_iterator_base_types.h
FN:205,_ZSt19__iterator_categoryIPcENSt15iterator_traitsIT_E17iterator_categoryERKS2_
FNDA:0,_ZSt19__iterator_categoryIPcENSt15iterator_traitsIT_E17iterator_categoryERKS2_
FNF:1
FNH:0
DA:205,0
DA:206,0
LF:2
LH:0
end_of_record
SF:/usr/include/c++/7/bits/stl_uninitialized.h
FN:76,_ZNSt20__uninitialized_copyILb0EE13__uninit_copyISt13move_iteratorIP11AsyncBufferIhEES5_EET0_T_S8_S7_
FN:115,_ZSt18uninitialized_copyISt13move_iteratorIP11AsyncBufferIhEES3_ET0_T_S6_S5_
FN:287,_ZSt22__uninitialized_copy_aISt13move_iteratorIP11AsyncBufferIhEES3_S2_ET0_T_S6_S5_RSaIT1_E
FN:305,_ZSt34__uninitialized_move_if_noexcept_aIP11AsyncBufferIhES2_SaIS1_EET0_T_S5_S4_RT1_
FN:521,_ZNSt27__uninitialized_default_n_1ILb0EE18__uninit_default_nIP11AsyncBufferIhEmEET_S5_T0_
FN:574,_ZSt25__uninitialized_default_nIP11AsyncBufferIhEmET_S3_T0_
FN:643,_ZSt27__uninitialized_default_n_aIP11AsyncBufferIhEmS1_ET_S3_T0_RSaIT1_E
FNDA:123491,_ZNSt20__uninitialized_copyILb0EE13__uninit_copyISt13move_iteratorIP11AsyncBufferIhEES5_EET0_T_S8_S7_
FNDA:123491,_ZSt18uninitialized_copyISt13move_iteratorIP11AsyncBufferIhEES3_ET0_T_S6_S5_
FNDA:123491,_ZSt22__uninitialized_copy_aISt13move_iteratorIP11AsyncBufferIhEES3_S2_ET0_T_S6_S5_RSaIT1_E
FNDA:123491,_ZSt34__uninitialized_move_if_noexcept_aIP11AsyncBufferIhES2_SaIS1_EET0_T_S5_S4_RT1_
FNDA:123491,_ZNSt27__uninitialized_default_n_1ILb0EE18__uninit_default_nIP11AsyncBufferIhEmEET_S5_T0_
FNDA:123491,_ZSt25__uninitialized_default_nIP11AsyncBufferIhEmET_S3_T0_
FNDA:123491,_ZSt27__uninitialized_default_n_aIP11AsyncBufferIhEmS1_ET_S3_T0_RSaIT1_E
FNF:7
FNH:7
DA:76,123491
DA:79,123491
DA:82,123497
DA:83,3
DA:84,123491
DA:86,0
DA:88,0
DA:89,0
DA:115,123491
DA:128,123491
DA:134,123491
DA:287,123491
DA:289,123491
DA:305,123491
DA:311,123491
DA:312,123491
DA:521,123491
DA:523,123491
DA:526,370473
DA:527,123491
DA:528,123491
DA:574,123491
DA:579,123491
DA:583,123491
DA:643,123491
DA:645,123491
LF:26
LH:23
end_of_record
SF:/usr/include/c++/7/bits/stl_vector.h
FN:81,_ZNSt12_Vector_baseI11AsyncBufferIhESaIS1_EE12_Vector_implD2Ev
FN:88,_ZNSt12_Vector_baseI11AsyncBufferIhESaIS1_EE12_Vector_implC2Ev
FN:115,_ZNSt12_Vector_baseI11AsyncBufferIhESaIS1_EE19_M_get_Tp_allocatorEv
FN:119,_ZNKSt12_Vector_baseI11AsyncBufferIhESaIS1_EE19_M_get_Tp_allocatorEv
FN:126,_ZNSt12_Vector_baseI11AsyncBufferIhESaIS1_EEC2Ev
FN:161,_ZNSt12_Vector_baseI11AsyncBufferIhESaIS1_EED2Ev
FN:169,_ZNSt12_Vector_baseI11AsyncBufferIhESaIS1_EE11_M_allocateEm
FN:176,_ZNSt12_Vector_baseI11AsyncBufferIhESaIS1_EE13_M_deallocateEPS1_m
FN:259,_ZNSt6vectorI11AsyncBufferIhESaIS1_EEC2Ev
FN:433,_ZNSt6vectorI11AsyncBufferIhESaIS1_EED2Ev
FN:670,_ZNKSt6vectorI11AsyncBufferIhESaIS1_EE4sizeEv
FN:675,_ZNKSt6vectorI11AsyncBufferIhESaIS1_EE8max_sizeEv
FN:689,_ZNSt6vectorI11AsyncBufferIhESaIS1_EE6resizeEm
FN:795,_ZNSt6vectorI11AsyncBufferIhESaIS1_EEixEm
FN:1497,_ZNKSt6vectorI11AsyncBufferIhESaIS1_EE12_M_check_lenEmPKc
FN:1511,_ZNSt6vectorI11AsyncBufferIhESaIS1_EE15_M_erase_at_endEPS1_
FNDA:1124762,_ZNSt12_Vector_baseI11AsyncBufferIhESaIS1_EE12_Vector_implD2Ev
FNDA:1124762,_ZNSt12_Vector_baseI11AsyncBufferIhESaIS1_EE12_Vector_implC2Ev
FNDA:1495235,_ZNSt12_Vector_baseI11AsyncBufferIhESaIS1_EE19_M_get_Tp_allocatorEv
FNDA:246982,_ZNKSt12_Vector_baseI11AsyncBufferIhESaIS1_EE19_M_get_Tp_allocatorEv
FNDA:1124762,_ZNSt12_Vector_baseI11AsyncBufferIhESaIS1_EEC2Ev
FNDA:1124762,_ZNSt12_Vector_baseI11AsyncBufferIhESaIS1_EED2Ev
FNDA:123491,_ZNSt12_Vector_baseI11AsyncBufferIhESaIS1_EE11_M_allocateEm
FNDA:1248253,_ZNSt12_Vector_baseI11AsyncBufferIhESaIS1_EE13_M_deallocateEPS1_m
FNDA:1124762,_ZNSt6vectorI11AsyncBufferIhESaIS1_EEC2Ev
FNDA:1124762,_ZNSt6vectorI11AsyncBufferIhESaIS1_EED2Ev
FNDA:1673807,_ZNKSt6vectorI11AsyncBufferIhESaIS1_EE4sizeEv
FNDA:246982,_ZNKSt6vectorI11AsyncBufferIhESaIS1_EE8max_sizeEv
FNDA:123491,_ZNSt6vectorI11AsyncBufferIhESaIS1_EE6resizeEm
FNDA:246982,_ZNSt6vectorI11AsyncBufferIhESaIS1_EEixEm
FNDA:123491,_ZNKSt6vectorI11AsyncBufferIhESaIS1_EE12_M_check_lenEmPKc
FNDA:0,_ZNSt6vectorI11AsyncBufferIhESaIS1_EE15_M_erase_at_endEPS1_
FNF:16
FNH:15
DA:81,1124762
DA:88,1124762
DA:89,1124762
DA:90,1124762
DA:115,1495235
DA:116,1495235
DA:119,246982
DA:120,246982
DA:126,1124762
DA:127,1124762
DA:161,1124762
DA:162,2249524
DA:163,2249524
DA:169,123491
DA:172,123491
DA:176,1248253
DA:179,1248253
DA:180,123491
DA:181,1248253
DA:259,1124762
DA:263,1124762
DA:433,1124762
DA:434,1124762
DA:435,2249524
DA:670,1673807
DA:671,1673807
DA:675,246982
DA:676,246982
DA:689,123491
DA:691,123491
DA:692,123491
DA:693,0
DA:694,0
DA:695,123491
DA:795,246982
DA:798,246982
DA:1497,123491
DA:1499,123491
DA:1500,0
DA:1502,123491
DA:1503,123491
DA:1511,0
DA:1513,0
DA:1514,0
DA:1515,0
LF:45
LH:38
end_of_record
SF:/usr/include/c++/7/bits/unique_ptr.h
FN:72,_ZNKSt14default_deleteISt6vectorI11AsyncBufferIhESaIS2_EEEclEPS4_
FN:140,_ZNSt15__uniq_ptr_implIi7CloseFDEC2EPi
FN:140,_ZNSt15__uniq_ptr_implISt6vectorI11AsyncBufferIhESaIS2_EESt14default_deleteIS4_EEC2EPS4_
FN:143,_ZNSt15__uniq_ptr_implISt6vectorI11AsyncBufferIhESaIS2_EESt14default_deleteIS4_EEC2IS6_EEPS4_OT_
FN:146,_ZNSt15__uniq_ptr_implIi7CloseFDE6_M_ptrEv
FN:146,_ZNSt15__uniq_ptr_implISt6vectorI11AsyncBufferIhESaIS2_EESt14default_deleteIS4_EE6_M_ptrEv
FN:147,_ZNKSt15__uniq_ptr_implIi7CloseFDE6_M_ptrEv
FN:147,_ZNKSt15__uniq_ptr_implISt6vectorI11AsyncBufferIhESaIS2_EESt14default_deleteIS4_EE6_M_ptrEv
FN:148,_ZNSt15__uniq_ptr_implISt6vectorI11AsyncBufferIhESaIS2_EESt14default_deleteIS4_EE10_M_deleterEv
FN:148,_ZNSt15__uniq_ptr_implIi7CloseFDE10_M_deleterEv
FN:201,_ZNSt10unique_ptrISt6vectorI11AsyncBufferIhESaIS2_EESt14default_deleteIS4_EEC2IS6_vEEPS4_
FN:201,_ZNSt10unique_ptrIi7CloseFDEC2IS0_vEEPi
FN:238,_ZNSt10unique_ptrISt6vectorI11AsyncBufferIhESaIS2_EESt14default_deleteIS4_EEC2EOS7_
FN:264,_ZNSt10unique_ptrISt6vectorI11AsyncBufferIhESaIS2_EESt14default_deleteIS4_EED2Ev
FN:264,_ZNSt10unique_ptrIi7CloseFDED2Ev
FN:281,_ZNSt10unique_ptrISt6vectorI11AsyncBufferIhESaIS2_EESt14default_deleteIS4_EEaSEOS7_
FN:320,_ZNKSt10unique_ptrISt6vectorI11AsyncBufferIhESaIS2_EESt14default_deleteIS4_EEdeEv
FN:320,_ZNKSt10unique_ptrIi7CloseFDEdeEv
FN:328,_ZNKSt10unique_ptrISt6vectorI11AsyncBufferIhESaIS2_EESt14default_deleteIS4_EEptEv
FN:336,_ZNKSt10unique_ptrIi7CloseFDE3getEv
FN:336,_ZNKSt10unique_ptrISt6vectorI11AsyncBufferIhESaIS2_EESt14default_deleteIS4_EE3getEv
FN:341,_ZNSt10unique_ptrIi7CloseFDE11get_deleterEv
FN:341,_ZNSt10unique_ptrISt6vectorI11AsyncBufferIhESaIS2_EESt14default_deleteIS4_EE11get_deleterEv
FN:357,_ZNSt10unique_ptrISt6vectorI11AsyncBufferIhESaIS2_EESt14default_deleteIS4_EE7releaseEv
FN:371,_ZNSt10unique_ptrISt6vectorI11AsyncBufferIhESaIS2_EESt14default_deleteIS4_EE5resetEPS4_
FN:824,_ZSt11make_uniqueISt6vectorI11AsyncBufferIhESaIS2_EEJEENSt9_MakeUniqIT_E15__single_objectEDpOT0_
FNDA:1124762,_ZNKSt14default_deleteISt6vectorI11AsyncBufferIhESaIS2_EEEclEPS4_
FNDA:1124762,_ZNSt15__uniq_ptr_implISt6vectorI11AsyncBufferIhESaIS2_EESt14default_deleteIS4_EEC2EPS4_
FNDA:3395,_ZNSt15__uniq_ptr_implIi7CloseFDEC2EPi
FNDA:123488,_ZNSt15__uniq_ptr_implISt6vectorI11AsyncBufferIhESaIS2_EESt14default_deleteIS4_EEC2IS6_EEPS4_OT_
FNDA:3621262,_ZNSt15__uniq_ptr_implISt6vectorI11AsyncBufferIhESaIS2_EESt14default_deleteIS4_EE6_M_ptrEv
FNDA:6790,_ZNSt15__uniq_ptr_implIi7CloseFDE6_M_ptrEv
FNDA:1865712,_ZNKSt15__uniq_ptr_implISt6vectorI11AsyncBufferIhESaIS2_EESt14default_deleteIS4_EE6_M_ptrEv
FNDA:6960,_ZNKSt15__uniq_ptr_implIi7CloseFDE6_M_ptrEv
FNDA:2373012,_ZNSt15__uniq_ptr_implISt6vectorI11AsyncBufferIhESaIS2_EESt14default_deleteIS4_EE10_M_deleterEv
FNDA:3395,_ZNSt15__uniq_ptr_implIi7CloseFDE10_M_deleterEv
FNDA:1124762,_ZNSt10unique_ptrISt6vectorI11AsyncBufferIhESaIS2_EESt14default_deleteIS4_EEC2IS6_vEEPS4_
FNDA:3395,_ZNSt10unique_ptrIi7CloseFDEC2IS0_vEEPi
FNDA:123488,_ZNSt10unique_ptrISt6vectorI11AsyncBufferIhESaIS2_EESt14default_deleteIS4_EEC2EOS7_
FNDA:1248250,_ZNSt10unique_ptrISt6vectorI11AsyncBufferIhESaIS2_EESt14default_deleteIS4_EED2Ev
FNDA:3395,_ZNSt10unique_ptrIi7CloseFDED2Ev
FNDA:562381,_ZNSt10unique_ptrISt6vectorI11AsyncBufferIhESaIS2_EESt14default_deleteIS4_EEaSEOS7_
FNDA:246982,_ZNKSt10unique_ptrISt6vectorI11AsyncBufferIhESaIS2_EESt14default_deleteIS4_EEdeEv
FNDA:6960,_ZNKSt10unique_ptrIi7CloseFDEdeEv
FNDA:932861,_ZNKSt10unique_ptrISt6vectorI11AsyncBufferIhESaIS2_EESt14default_deleteIS4_EEptEv
FNDA:1865712,_ZNKSt10unique_ptrISt6vectorI11AsyncBufferIhESaIS2_EESt14default_deleteIS4_EE3getEv
FNDA:6960,_ZNKSt10unique_ptrIi7CloseFDE3getEv
FNDA:2373012,_ZNSt10unique_ptrISt6vectorI11AsyncBufferIhESaIS2_EESt14default_deleteIS4_EE11get_deleterEv
FNDA:3395,_ZNSt10unique_ptrIi7CloseFDE11get_deleterEv
FNDA:685869,_ZNSt10unique_ptrISt6vectorI11AsyncBufferIhESaIS2_EESt14default_deleteIS4_EE7releaseEv
FNDA:562381,_ZNSt10unique_ptrISt6vectorI11AsyncBufferIhESaIS2_EESt14default_deleteIS4_EE5resetEPS4_
FNDA:1124762,_ZSt11make_uniqueISt6vectorI11AsyncBufferIhESaIS2_EEJEENSt9_MakeUniqIT_E15__single_objectEDpOT0_
FNF:26
FNH:26
DA:72,1124762
DA:78,1124762
DA:79,1124762
DA:140,1128157
DA:143,123488
DA:144,123488
DA:146,3628052
DA:147,1872672
DA:148,2376407
DA:201,1128157
DA:202,1128157
DA:203,1128157
DA:238,123488
DA:239,123488
DA:264,1251645
DA:266,1251645
DA:267,1251645
DA:268,565776
DA:269,1251645
DA:270,1251645
DA:281,562381
DA:283,562381
DA:284,562381
DA:285,562381
DA:320,253942
DA:323,253942
DA:328,932861
DA:331,932861
DA:336,1872672
DA:337,1872672
DA:341,2376407
DA:342,2376407
DA:357,685869
DA:359,685869
DA:360,685869
DA:361,685869
DA:371,562381
DA:374,562381
DA:375,562381
DA:376,562381
DA:377,562381
DA:824,1124762
DA:825,1124762
LF:43
LH:43
end_of_record
SF:/usr/include/c++/7/bits/vector.tcc
FN:554,_ZNSt6vectorI11AsyncBufferIhESaIS1_EE17_M_default_appendEm
FNDA:123491,_ZNSt6vectorI11AsyncBufferIhESaIS1_EE17_M_default_appendEm
FNF:1
FNH:1
DA:554,123491
DA:557,123491
DA:559,246982
DA:560,123491
DA:562,0
DA:563,0
DA:564,0
DA:568,123491
DA:570,123491
DA:571,123491
DA:572,123491
DA:575,123491
DA:577,123491
DA:578,123491
DA:579,123491
DA:581,123491
DA:583,0
DA:585,0
DA:586,0
DA:587,0
DA:588,0
DA:590,123491
DA:591,123491
DA:592,246982
DA:593,123491
DA:594,123491
DA:595,123491
DA:596,123491
DA:597,123491
DA:600,123491
LF:30
LH:22
end_of_record
SF:/usr/include/c++/7/ext/new_allocator.h
FN:79,_ZN9__gnu_cxx13new_allocatorI11AsyncBufferIhEEC2Ev
FN:86,_ZN9__gnu_cxx13new_allocatorI11AsyncBufferIhEED2Ev
FN:99,_ZN9__gnu_cxx13new_allocatorI11AsyncBufferIhEE8allocateEmPKv
FN:116,_ZN9__gnu_cxx13new_allocatorI11AsyncBufferIhEE10deallocateEPS2_m
FN:129,_ZNK9__gnu_cxx13new_allocatorI11AsyncBufferIhEE8max_sizeEv
FNDA:1124762,_ZN9__gnu_cxx13new_allocatorI11AsyncBufferIhEEC2Ev
FNDA:1124762,_ZN9__gnu_cxx13new_allocatorI11AsyncBufferIhEED2Ev
FNDA:123491,_ZN9__gnu_cxx13new_allocatorI11AsyncBufferIhEE8allocateEmPKv
FNDA:123491,_ZN9__gnu_cxx13new_allocatorI11AsyncBufferIhEE10deallocateEPS2_m
FNDA:370473,_ZNK9__gnu_cxx13new_allocatorI11AsyncBufferIhEE8max_sizeEv
FNF:5
FNH:5
DA:79,1124762
DA:86,1124762
DA:99,123491
DA:101,123491
DA:102,0
DA:111,123491
DA:116,123491
DA:125,123491
DA:126,123491
DA:129,370473
DA:130,370473
LF:11
LH:10
end_of_record
SF:/usr/include/c++/7/ext/string_conversions.h
FN:99,_ZN9__gnu_cxx12__to_xstringINSt7__cxx1112basic_stringIcSt11char_traitsIcESaIcEEEcEET_PFiPT0_mPKS8_P13__va_list_tagEmSB_z
FNDA:0,_ZN9__gnu_cxx12__to_xstringINSt7__cxx1112basic_stringIcSt11char_traitsIcESaIcEEEcEET_PFiPT0_mPKS8_P13__va_list_tagEmSB_z
FNF:1
FNH:0
DA:99,0
DA:105,0
DA:109,0
DA:111,0
DA:113,0
DA:115,0
LF:6
LH:0
end_of_record
SF:/usr/include/c++/7/ext/type_traits.h
FN:152,_ZN9__gnu_cxx17__is_null_pointerIcEEbPT_
FNDA:0,_ZN9__gnu_cxx17__is_null_pointerIcEEbPT_
FNF:1
FNH:0
DA:152,0
DA:153,0
LF:2
LH:0
end_of_record
SF:/usr/include/c++/7/initializer_list
FN:66,_ZNSt16initializer_listIP12napi_value__EC1Ev
FN:71,_ZNKSt16initializer_listIN4Napi23ClassPropertyDescriptorI9DisruptorEEE4sizeEv
FN:71,_ZNKSt16initializer_listIP12napi_value__E4sizeEv
FN:75,_ZNKSt16initializer_listIN4Napi23ClassPropertyDescriptorI9DisruptorEEE5beginEv
FN:75,_ZNKSt16initializer_listIP12napi_value__E5beginEv
FNDA:0,_ZNSt16initializer_listIP12napi_value__EC1Ev
FNDA:253,_ZNKSt16initializer_listIN4Napi23ClassPropertyDescriptorI9DisruptorEEE4sizeEv
FNDA:170460,_ZNKSt16initializer_listIP12napi_value__E4sizeEv
FNDA:253,_ZNKSt16initializer_listIN4Napi23ClassPropertyDescriptorI9DisruptorEEE5beginEv
FNDA:170460,_ZNKSt16initializer_listIP12napi_value__E5beginEv
FNF:5
FNH:4
DA:66,0
DA:67,0
DA:71,170713
DA:75,170713
LF:4
LH:2
end_of_record
SF:/usr/include/c++/7/new
FN:168,_ZnwmPv
FNDA:123494,_ZnwmPv
FNF:1
FNH:1
DA:168,123494
DA:169,123494
LF:2
LH:2
end_of_record
SF:/usr/include/c++/7/tuple
FN:76,_ZNSt10_Head_baseILm1E7CloseFDLb1EEC2Ev
FN:76,_ZNSt10_Head_baseILm1ESt14default_deleteISt6vectorI11AsyncBufferIhESaIS3_EEELb1EEC2Ev
FN:86,_ZNSt10_Head_baseILm1ESt14default_deleteISt6vectorI11AsyncBufferIhESaIS3_EEELb1EEC2IS6_EEOT_
FN:113,_ZNSt10_Head_baseILm1E7CloseFDLb1EE7_M_headERS1_
FN:113,_ZNSt10_Head_baseILm1ESt14default_deleteISt6vectorI11AsyncBufferIhESaIS3_EEELb1EE7_M_headERS7_
FN:122,_ZNSt10_Head_baseILm0EPiLb0EEC2Ev
FN:122,_ZNSt10_Head_baseILm0EPSt6vectorI11AsyncBufferIhESaIS2_EELb0EEC2Ev
FN:132,_ZNSt10_Head_baseILm0EPSt6vectorI11AsyncBufferIhESaIS2_EELb0EEC2IRS5_EEOT_
FN:160,_ZNSt10_Head_baseILm0EPiLb0EE7_M_headERS1_
FN:160,_ZNSt10_Head_baseILm0EPSt6vectorI11AsyncBufferIhESaIS2_EELb0EE7_M_headERS6_
FN:163,_ZNSt10_Head_baseILm0EPiLb0EE7_M_headERKS1_
FN:163,_ZNSt10_Head_baseILm0EPSt6vectorI11AsyncBufferIhESaIS2_EELb0EE7_M_headERKS6_
FN:195,_ZNSt11_Tuple_implILm0EJPSt6vectorI11AsyncBufferIhESaIS2_EESt14default_deleteIS4_EEE7_M_headERS8_
FN:195,_ZNSt11_Tuple_implILm0EJPi7CloseFDEE7_M_headERS2_
FN:198,_ZNSt11_Tuple_implILm0EJPi7CloseFDEE7_M_headERKS2_
FN:198,_ZNSt11_Tuple_implILm0EJPSt6vectorI11AsyncBufferIhESaIS2_EESt14default_deleteIS4_EEE7_M_headERKS8_
FN:206,_ZNSt11_Tuple_implILm0EJPSt6vectorI11AsyncBufferIhESaIS2_EESt14default_deleteIS4_EEEC2Ev
FN:206,_ZNSt11_Tuple_implILm0EJPi7CloseFDEEC2Ev
FN:216,_ZNSt11_Tuple_implILm0EJPSt6vectorI11AsyncBufferIhESaIS2_EESt14default_deleteIS4_EEEC2IRS5_JS7_EvEEOT_DpOT0_
FN:351,_ZNSt11_Tuple_implILm1EJSt14default_deleteISt6vectorI11AsyncBufferIhESaIS3_EEEEE7_M_headERS7_
FN:351,_ZNSt11_Tuple_implILm1EJ7CloseFDEE7_M_headERS1_
FN:356,_ZNSt11_Tuple_implILm1EJ7CloseFDEEC2Ev
FN:356,_ZNSt11_Tuple_implILm1EJSt14default_deleteISt6vectorI11AsyncBufferIhESaIS3_EEEEEC2Ev
FN:365,_ZNSt11_Tuple_implILm1EJSt14default_deleteISt6vectorI11AsyncBufferIhESaIS3_EEEEEC2IS6_EEOT_
FN:919,_ZNSt5tupleIJPSt6vectorI11AsyncBufferIhESaIS2_EESt14default_deleteIS4_EEEC2IS5_S7_Lb1EEEv
FN:919,_ZNSt5tupleIJPi7CloseFDEEC2IS0_S1_Lb1EEEv
FN:971,_ZNSt5tupleIJPSt6vectorI11AsyncBufferIhESaIS2_EESt14default_deleteIS4_EEEC2IRS5_S7_Lb1EEEOT_OT0_
FN:1303,_ZSt12__get_helperILm0EPSt6vectorI11AsyncBufferIhESaIS2_EEJSt14default_deleteIS4_EEERT0_RSt11_Tuple_implIXT_EJS8_DpT1_EE
FN:1303,_ZSt12__get_helperILm1ESt14default_deleteISt6vectorI11AsyncBufferIhESaIS3_EEEJEERT0_RSt11_Tuple_implIXT_EJS7_DpT1_EE
FN:1303,_ZSt12__get_helperILm1E7CloseFDJEERT0_RSt11_Tuple_implIXT_EJS1_DpT1_EE
FN:1303,_ZSt12__get_helperILm0EPiJ7CloseFDEERT0_RSt11_Tuple_implIXT_EJS2_DpT1_EE
FN:1308,_ZSt12__get_helperILm0EPSt6vectorI11AsyncBufferIhESaIS2_EEJSt14default_deleteIS4_EEERKT0_RKSt11_Tuple_implIXT_EJS8_DpT1_EE
FN:1308,_ZSt12__get_helperILm0EPiJ7CloseFDEERKT0_RKSt11_Tuple_implIXT_EJS2_DpT1_EE
FN:1314,_ZSt3getILm0EJPSt6vectorI11AsyncBufferIhESaIS2_EESt14default_deleteIS4_EEERNSt13tuple_elementIXT_ESt5tupleIJDpT0_EEE4typeERSC_
FN:1314,_ZSt3getILm1EJPSt6vectorI11AsyncBufferIhESaIS2_EESt14default_deleteIS4_EEERNSt13tuple_elementIXT_ESt5tupleIJDpT0_EEE4typeERSC_
FN:1314,_ZSt3getILm0EJPi7CloseFDEERNSt13tuple_elementIXT_ESt5tupleIJDpT0_EEE4typeERS6_
FN:1314,_ZSt3getILm1EJPi7CloseFDEERNSt13tuple_elementIXT_ESt5tupleIJDpT0_EEE4typeERS6_
FN:1320,_ZSt3getILm0EJPi7CloseFDEERKNSt13tuple_elementIXT_ESt5tupleIJDpT0_EEE4typeERKS6_
FN:1320,_ZSt3getILm0EJPSt6vectorI11AsyncBufferIhESaIS2_EESt14default_deleteIS4_EEERKNSt13tuple_elementIXT_ESt5tupleIJDpT0_EEE4typeERKSC_
FNDA:1124762,_ZNSt10_Head_baseILm1ESt14default_deleteISt6vectorI11AsyncBufferIhESaIS3_EEELb1EEC2Ev
FNDA:3395,_ZNSt10_Head_baseILm1E7CloseFDLb1EEC2Ev
FNDA:123488,_ZNSt10_Head_baseILm1ESt14default_deleteISt6vectorI11AsyncBufferIhESaIS3_EEELb1EEC2IS6_EEOT_
FNDA:2373012,_ZNSt10_Head_baseILm1ESt14default_deleteISt6vectorI11AsyncBufferIhESaIS3_EEELb1EE7_M_headERS7_
FNDA:3395,_ZNSt10_Head_baseILm1E7CloseFDLb1EE7_M_headERS1_
FNDA:1124762,_ZNSt10_Head_baseILm0EPSt6vectorI11AsyncBufferIhESaIS2_EELb0EEC2Ev
FNDA:3395,_ZNSt10_Head_baseILm0EPiLb0EEC2Ev
FNDA:123488,_ZNSt10_Head_baseILm0EPSt6vectorI11AsyncBufferIhESaIS2_EELb0EEC2IRS5_EEOT_
FNDA:3621262,_ZNSt10_Head_baseILm0EPSt6vectorI11AsyncBufferIhESaIS2_EELb0EE7_M_headERS6_
FNDA:6790,_ZNSt10_Head_baseILm0EPiLb0EE7_M_headERS1_
FNDA:1865712,_ZNSt10_Head_baseILm0EPSt6vectorI11AsyncBufferIhESaIS2_EELb0EE7_M_headERKS6_
FNDA:6960,_ZNSt10_Head_baseILm0EPiLb0EE7_M_headERKS1_
FNDA:3621262,_ZNSt11_Tuple_implILm0EJPSt6vectorI11AsyncBufferIhESaIS2_EESt14default_deleteIS4_EEE7_M_headERS8_
FNDA:6790,_ZNSt11_Tuple_implILm0EJPi7CloseFDEE7_M_headERS2_
FNDA:1865712,_ZNSt11_Tuple_implILm0EJPSt6vectorI11AsyncBufferIhESaIS2_EESt14default_deleteIS4_EEE7_M_headERKS8_
FNDA:6960,_ZNSt11_Tuple_implILm0EJPi7CloseFDEE7_M_headERKS2_
FNDA:1124762,_ZNSt11_Tuple_implILm0EJPSt6vectorI11AsyncBufferIhESaIS2_EESt14default_deleteIS4_EEEC2Ev
FNDA:3395,_ZNSt11_Tuple_implILm0EJPi7CloseFDEEC2Ev
FNDA:123488,_ZNSt11_Tuple_implILm0EJPSt6vectorI11AsyncBufferIhESaIS2_EESt14default_deleteIS4_EEEC2IRS5_JS7_EvEEOT_DpOT0_
FNDA:2373012,_ZNSt11_Tuple_implILm1EJSt14default_deleteISt6vectorI11AsyncBufferIhESaIS3_EEEEE7_M_headERS7_
FNDA:3395,_ZNSt11_Tuple_implILm1EJ7CloseFDEE7_M_headERS1_
FNDA:1124762,_ZNSt11_Tuple_implILm1EJSt14default_deleteISt6vectorI11AsyncBufferIhESaIS3_EEEEEC2Ev
FNDA:3395,_ZNSt11_Tuple_implILm1EJ7CloseFDEEC2Ev
FNDA:123488,_ZNSt11_Tuple_implILm1EJSt14default_deleteISt6vectorI11AsyncBufferIhESaIS3_EEEEEC2IS6_EEOT_
FNDA:1124762,_ZNSt5tupleIJPSt6vectorI11AsyncBufferIhESaIS2_EESt14default_deleteIS4_EEEC2IS5_S7_Lb1EEEv
FNDA:3395,_ZNSt5tupleIJPi7CloseFDEEC2IS0_S1_Lb1EEEv
FNDA:123488,_ZNSt5tupleIJPSt6vectorI11AsyncBufferIhESaIS2_EESt14default_deleteIS4_EEEC2IRS5_S7_Lb1EEEOT_OT0_
FNDA:2373012,_ZSt12__get_helperILm1ESt14default_deleteISt6vectorI11AsyncBufferIhESaIS3_EEEJEERT0_RSt11_Tuple_implIXT_EJS7_DpT1_EE
FNDA:3395,_ZSt12__get_helperILm1E7CloseFDJEERT0_RSt11_Tuple_implIXT_EJS1_DpT1_EE
FNDA:3621262,_ZSt12__get_helperILm0EPSt6vectorI11AsyncBufferIhESaIS2_EEJSt14default_deleteIS4_EEERT0_RSt11_Tuple_implIXT_EJS8_DpT1_EE
FNDA:6790,_ZSt12__get_helperILm0EPiJ7CloseFDEERT0_RSt11_Tuple_implIXT_EJS2_DpT1_EE
FNDA:1865712,_ZSt12__get_helperILm0EPSt6vectorI11AsyncBufferIhESaIS2_EEJSt14default_deleteIS4_EEERKT0_RKSt11_Tuple_implIXT_EJS8_DpT1_EE
FNDA:6960,_ZSt12__get_helperILm0EPiJ7CloseFDEERKT0_RKSt11_Tuple_implIXT_EJS2_DpT1_EE
FNDA:2373012,_ZSt3getILm1EJPSt6vectorI11AsyncBufferIhESaIS2_EESt14default_deleteIS4_EEERNSt13tuple_elementIXT_ESt5tupleIJDpT0_EEE4typeERSC_
FNDA:3395,_ZSt3getILm1EJPi7CloseFDEERNSt13tuple_elementIXT_ESt5tupleIJDpT0_EEE4typeERS6_
FNDA:3621262,_ZSt3getILm0EJPSt6vectorI11AsyncBufferIhESaIS2_EESt14default_deleteIS4_EEERNSt13tuple_elementIXT_ESt5tupleIJDpT0_EEE4typeERSC_
FNDA:6790,_ZSt3getILm0EJPi7CloseFDEERNSt13tuple_elementIXT_ESt5tupleIJDpT0_EEE4typeERS6_
FNDA:1865712,_ZSt3getILm0EJPSt6vectorI11AsyncBufferIhESaIS2_EESt14default_deleteIS4_EEERKNSt13tuple_elementIXT_ESt5tupleIJDpT0_EEE4typeERKSC_
FNDA:6960,_ZSt3getILm0EJPi7CloseFDEERKNSt13tuple_elementIXT_ESt5tupleIJDpT0_EEE4typeERKS6_
FNF:39
FNH:39
DA:76,1128157
DA:77,1128157
DA:86,123488
DA:87,123488
DA:113,2376407
DA:122,1128157
DA:123,1128157
DA:132,123488
DA:133,123488
DA:160,3628052
DA:163,1872672
DA:195,3628052
DA:198,1872672
DA:206,1128157
DA:207,1128157
DA:216,123488
DA:218,123488
DA:351,2376407
DA:356,1128157
DA:357,1128157
DA:365,123488
DA:366,123488
DA:919,1128157
DA:920,1128157
DA:971,123488
DA:972,123488
DA:1303,6004459
DA:1304,6004459
DA:1308,1872672
DA:1309,1872672
DA:1314,6004459
DA:1315,6004459
DA:1320,1872672
DA:1321,1872672
LF:34
LH:34
end_of_record
SF:/home/david/shared-memory-disruptor/src/disruptor.cc
FN:47,_ZN9Disruptor4SpinEv
FN:139,_Z12NullCallbackRKN4Napi12CallbackInfoE
FN:143,_Z11GetCallbackRKN4Napi12CallbackInfoEj
FN:161,_ZN11AsyncBufferIhEC2Ev
FN:167,_ZN11AsyncBufferIhE3NewEN4Napi3EnvEPhm
FN:172,_ZN11AsyncBufferIhE3NewEN4Napi3EnvEm
FN:177,_ZN11AsyncBufferIhE7ToValueEN4Napi3EnvE
FN:193,_ZN11AsyncBufferIhE6LengthEv
FN:199,_ZN11AsyncBufferIhEC2EPhm
FN:210,_ZN10AsyncArrayI11AsyncBufferIhEEC2EOS2_
FN:210,_ZN10AsyncArrayI11AsyncBufferIhEED2Ev
FN:210,_ZN10AsyncArrayI11AsyncBufferIhEEaSEOS2_
FN:213,_ZN10AsyncArrayI11AsyncBufferIhEEC2Ev
FN:218,_ZN10AsyncArrayI11AsyncBufferIhEE3NewEN4Napi3EnvE
FN:223,_ZN10AsyncArrayI11AsyncBufferIhEE3SetEjS1_
FN:233,_ZN10AsyncArrayI11AsyncBufferIhEE7ToValueEN4Napi3EnvE
FN:244,_ZN10AsyncArrayI11AsyncBufferIhEE6LengthEv
FN:256,_ZN12AsyncBooleanC2Ev
FN:261,_ZN12AsyncBoolean3NewEN4Napi3EnvEb
FN:266,_ZN12AsyncBoolean7ToValueEN4Napi3EnvE
FN:271,_ZNK12AsyncBooleancvbEv
FN:277,_ZN12AsyncBooleanC2Eb
FN:289,_Z7ToValueRKN4Napi3EnvEm
FN:294,_Z7ToValueRKN4Napi3EnvERK14AsyncUndefined
FN:300,_ZN20DisruptorAsyncWorkerI10AsyncArrayI11AsyncBufferIhEEm14AsyncUndefinedED0Ev
FN:300,_ZN20DisruptorAsyncWorkerI11AsyncBufferIhEmmED2Ev
FN:300,_ZN20DisruptorAsyncWorkerI12AsyncBoolean14AsyncUndefinedS1_ED0Ev
FN:300,_ZN20DisruptorAsyncWorkerI10AsyncArrayI11AsyncBufferIhEEmmED2Ev
FN:300,_ZN20DisruptorAsyncWorkerI10AsyncArrayI11AsyncBufferIhEEm14AsyncUndefinedED2Ev
FN:300,_ZN20DisruptorAsyncWorkerI12AsyncBoolean14AsyncUndefinedS1_ED2Ev
FN:300,_ZN20DisruptorAsyncWorkerI11AsyncBufferIhEmmED0Ev
FN:300,_ZN20DisruptorAsyncWorkerI10AsyncArrayI11AsyncBufferIhEEmmED0Ev
FN:303,_ZN20DisruptorAsyncWorkerI10AsyncArrayI11AsyncBufferIhEEm14AsyncUndefinedEC2EP9DisruptorRKN4Napi8FunctionE
FN:303,_ZN20DisruptorAsyncWorkerI10AsyncArrayI11AsyncBufferIhEEmmEC2EP9DisruptorRKN4Napi8FunctionE
FN:303,_ZN20DisruptorAsyncWorkerI12AsyncBoolean14AsyncUndefinedS1_EC2EP9DisruptorRKN4Napi8FunctionE
FN:303,_ZN20DisruptorAsyncWorkerI11AsyncBufferIhEmmEC2EP9DisruptorRKN4Napi8FunctionE
FN:315,_ZN20DisruptorAsyncWorkerI11AsyncBufferIhEmmE4OnOKEv
FN:315,_ZN20DisruptorAsyncWorkerI10AsyncArrayI11AsyncBufferIhEEmmE4OnOKEv
FN:315,_ZN20DisruptorAsyncWorkerI12AsyncBoolean14AsyncUndefinedS1_E4OnOKEv
FN:315,_ZN20DisruptorAsyncWorkerI10AsyncArrayI11AsyncBufferIhEEm14AsyncUndefinedE4OnOKEv
FN:348,_ZN7CloseFDclEPi
FN:355,_Z15ThrowErrnoErrorRKN4Napi12CallbackInfoEPKc
FN:366,_ZN9DisruptorC2ERKN4Napi12CallbackInfoE
FN:428,_ZN9DisruptorD2Ev
FN:433,_ZN9Disruptor7ReleaseEv
FN:450,_ZN9Disruptor7ReleaseERKN4Napi12CallbackInfoE
FN:459,_ZN9Disruptor14ConsumeNewSyncI10AsyncArrayI11AsyncBufferIhEES2_EET_RKN4Napi3EnvEbRm
FN:459,_ZN9Disruptor14ConsumeNewSyncIN4Napi5ArrayENS1_6BufferEEET_RKNS1_3EnvEbRm
FN:517,_ZN9Disruptor14ConsumeNewSyncERKN4Napi12CallbackInfoE
FN:523,_ZN21ConsumeNewAsyncWorkerD2Ev
FN:523,_ZN21ConsumeNewAsyncWorkerD0Ev
FN:529,_ZN21ConsumeNewAsyncWorkerC2EP9DisruptorRKN4Napi8FunctionE
FN:540,_ZN21ConsumeNewAsyncWorker7ExecuteEv
FN:547,_ZN21ConsumeNewAsyncWorker5RetryEv
FN:553,_ZN9Disruptor15ConsumeNewAsyncERKN4Napi12CallbackInfoE
FN:558,_ZN9Disruptor10ConsumeNewERKN4Napi12CallbackInfoE
FN:573,_ZN9Disruptor13ConsumeCommitERKN4Napi12CallbackInfoE
FN:578,_ZN9Disruptor13UpdatePendingEmm
FN:584,_ZN9Disruptor13ConsumeCommitEv
FN:600,_ZN9Disruptor16ProduceClaimSyncIN4Napi6BufferEEET_IhERKNS1_3EnvEbRmS8_
FN:600,_ZN9Disruptor16ProduceClaimSyncI11AsyncBufferEET_IhERKN4Napi3EnvEbRmS8_
FN:645,_ZN9Disruptor16ProduceClaimSyncERKN4Napi12CallbackInfoE
FN:652,_ZN23ProduceClaimAsyncWorkerD2Ev
FN:652,_ZN23ProduceClaimAsyncWorkerD0Ev
FN:656,_ZN23ProduceClaimAsyncWorkerC2EP9DisruptorRKN4Napi8FunctionE
FN:666,_ZN23ProduceClaimAsyncWorker7ExecuteEv
FN:674,_ZN23ProduceClaimAsyncWorker5RetryEv
FN:680,_ZN9Disruptor17ProduceClaimAsyncERKN4Napi12CallbackInfoE
FN:685,_ZN9Disruptor12ProduceClaimERKN4Napi12CallbackInfoE
FN:700,_ZN9Disruptor17ProduceGetBuffersIN4Napi5ArrayENS1_6BufferEEEvRKNS1_3EnvEmmRT_
FN:700,_ZN9Disruptor17ProduceGetBuffersI10AsyncArrayI11AsyncBufferIhEES2_EEvRKN4Napi3EnvEmmRT_
FN:732,_ZN9Disruptor20ProduceClaimManySyncIN4Napi5ArrayENS1_6BufferEEET_RKNS1_3EnvEjbRmS8_
FN:732,_ZN9Disruptor20ProduceClaimManySyncI10AsyncArrayI11AsyncBufferIhEES2_EET_RKN4Napi3EnvEjbRmSA_
FN:774,_ZN9Disruptor20ProduceClaimManySyncERKN4Napi12CallbackInfoE
FN:781,_ZN27ProduceClaimManyAsyncWorkerD2Ev
FN:781,_ZN27ProduceClaimManyAsyncWorkerD0Ev
FN:787,_ZN27ProduceClaimManyAsyncWorkerC2EP9DisruptorRKN4Napi8FunctionEj
FN:801,_ZN27ProduceClaimManyAsyncWorker7ExecuteEv
FN:809,_ZN27ProduceClaimManyAsyncWorker5RetryEv
FN:818,_ZN9Disruptor21ProduceClaimManyAsyncERKN4Napi12CallbackInfoEj
FN:824,_ZN9Disruptor21ProduceClaimManyAsyncERKN4Napi12CallbackInfoE
FN:829,_ZN9Disruptor16ProduceClaimManyERKN4Napi12CallbackInfoE
FN:844,_ZN9Disruptor14ProduceRecoverERKN4Napi12CallbackInfoE
FN:863,_ZN9Disruptor17ProduceCommitSyncI12AsyncBooleanEET_RKN4Napi3EnvEmmb
FN:863,_ZN9Disruptor17ProduceCommitSyncIN4Napi7BooleanEEET_RKNS1_3EnvEmmb
FN:883,_ZN9Disruptor13UpdateSeqNextEmm
FN:889,_ZN9Disruptor10GetSeqNextERKN4Napi12CallbackInfoERmS4_
FN:905,_ZN9Disruptor17ProduceCommitSyncERKN4Napi12CallbackInfoE
FN:912,_ZN24ProduceCommitAsyncWorkerD0Ev
FN:912,_ZN24ProduceCommitAsyncWorkerD2Ev
FN:916,_ZN24ProduceCommitAsyncWorkerC2EP9DisruptorRKN4Napi8FunctionEmm
FN:928,_ZN24ProduceCommitAsyncWorker7ExecuteEv
FN:935,_ZN24ProduceCommitAsyncWorker5RetryEv
FN:944,_ZN9Disruptor18ProduceCommitAsyncERKN4Napi12CallbackInfoEmmj
FN:953,_ZN9Disruptor18ProduceCommitAsyncERKN4Napi12CallbackInfoE
FN:960,_ZN9Disruptor13ProduceCommitERKN4Napi12CallbackInfoE
FN:975,_ZN9Disruptor12GetConsumersERKN4Napi12CallbackInfoE
FN:980,_ZN9Disruptor9GetCursorERKN4Napi12CallbackInfoE
FN:985,_ZN9Disruptor7GetNextERKN4Napi12CallbackInfoE
FN:990,_ZN9Disruptor11GetElementsERKN4Napi12CallbackInfoE
FN:995,_ZN9Disruptor11GetConsumerERKN4Napi12CallbackInfoE
FN:1000,_ZN9Disruptor21GetPendingSeqConsumerERKN4Napi12CallbackInfoE
FN:1005,_ZN9Disruptor19GetPendingSeqCursorERKN4Napi12CallbackInfoE
FN:1010,_ZN9Disruptor17GetPendingSeqNextERKN4Napi12CallbackInfoE
FN:1015,_ZN9Disruptor20GetPendingSeqNextEndERKN4Napi12CallbackInfoE
FN:1020,_ZN9Disruptor14GetElementSizeERKN4Napi12CallbackInfoE
FN:1025,_ZN9Disruptor10InitializeEN4Napi3EnvENS0_6ObjectE
FN:1061,_Z10InitializeN4Napi3EnvENS_6ObjectE
FN:1066,_register_disruptor
FN:1066,_Z17__napi_InitializeP10napi_env__P12napi_value__
FNDA:1566103,_ZN9Disruptor4SpinEv
FNDA:1,_Z12NullCallbackRKN4Napi12CallbackInfoE
FNDA:170460,_Z11GetCallbackRKN4Napi12CallbackInfoEj
FNDA:319391,_ZN11AsyncBufferIhEC2Ev
FNDA:124296,_ZN11AsyncBufferIhE3NewEN4Napi3EnvEPhm
FNDA:195095,_ZN11AsyncBufferIhE3NewEN4Napi3EnvEm
FNDA:124304,_ZN11AsyncBufferIhE7ToValueEN4Napi3EnvE
FNDA:195900,_ZN11AsyncBufferIhE6LengthEv
FNDA:319391,_ZN11AsyncBufferIhEC2EPhm
FNDA:123488,_ZN10AsyncArrayI11AsyncBufferIhEEC2EOS2_
FNDA:562381,_ZN10AsyncArrayI11AsyncBufferIhEEaSEOS2_
FNDA:1248250,_ZN10AsyncArrayI11AsyncBufferIhEED2Ev
FNDA:1124762,_ZN10AsyncArrayI11AsyncBufferIhEEC2Ev
FNDA:562381,_ZN10AsyncArrayI11AsyncBufferIhEE3NewEN4Napi3EnvE
FNDA:123491,_ZN10AsyncArrayI11AsyncBufferIhEE3SetEjS1_
FNDA:123498,_ZN10AsyncArrayI11AsyncBufferIhEE7ToValueEN4Napi3EnvE
FNDA:562381,_ZN10AsyncArrayI11AsyncBufferIhEE6LengthEv
FNDA:807822,_ZN12AsyncBooleanC2Ev
FNDA:807822,_ZN12AsyncBoolean3NewEN4Napi3EnvEb
FNDA:46149,_ZN12AsyncBoolean7ToValueEN4Napi3EnvE
FNDA:807822,_ZNK12AsyncBooleancvbEv
FNDA:807822,_ZN12AsyncBooleanC2Eb
FNDA:125139,_Z7ToValueRKN4Napi3EnvEm
FNDA:215781,_Z7ToValueRKN4Napi3EnvERK14AsyncUndefined
FNDA:0,_ZN20DisruptorAsyncWorkerI12AsyncBoolean14AsyncUndefinedS1_ED0Ev
FNDA:807822,_ZN20DisruptorAsyncWorkerI12AsyncBoolean14AsyncUndefinedS1_ED2Ev
FNDA:0,_ZN20DisruptorAsyncWorkerI10AsyncArrayI11AsyncBufferIhEEmmED0Ev
FNDA:155145,_ZN20DisruptorAsyncWorkerI10AsyncArrayI11AsyncBufferIhEEmmED2Ev
FNDA:0,_ZN20DisruptorAsyncWorkerI11AsyncBufferIhEmmED0Ev
FNDA:195900,_ZN20DisruptorAsyncWorkerI11AsyncBufferIhEmmED2Ev
FNDA:0,_ZN20DisruptorAsyncWorkerI10AsyncArrayI11AsyncBufferIhEEm14AsyncUndefinedED0Ev
FNDA:407236,_ZN20DisruptorAsyncWorkerI10AsyncArrayI11AsyncBufferIhEEm14AsyncUndefinedED2Ev
FNDA:807822,_ZN20DisruptorAsyncWorkerI12AsyncBoolean14AsyncUndefinedS1_EC2EP9DisruptorRKN4Napi8FunctionE
FNDA:155145,_ZN20DisruptorAsyncWorkerI10AsyncArrayI11AsyncBufferIhEEmmEC2EP9DisruptorRKN4Napi8FunctionE
FNDA:195900,_ZN20DisruptorAsyncWorkerI11AsyncBufferIhEmmEC2EP9DisruptorRKN4Napi8FunctionE
FNDA:407236,_ZN20DisruptorAsyncWorkerI10AsyncArrayI11AsyncBufferIhEEm14AsyncUndefinedEC2EP9DisruptorRKN4Napi8FunctionE
FNDA:407236,_ZN20DisruptorAsyncWorkerI10AsyncArrayI11AsyncBufferIhEEm14AsyncUndefinedE4OnOKEv
FNDA:195900,_ZN20DisruptorAsyncWorkerI11AsyncBufferIhEmmE4OnOKEv
FNDA:155145,_ZN20DisruptorAsyncWorkerI10AsyncArrayI11AsyncBufferIhEEmmE4OnOKEv
FNDA:807822,_ZN20DisruptorAsyncWorkerI12AsyncBoolean14AsyncUndefinedS1_E4OnOKEv
FNDA:3395,_ZN7CloseFDclEPi
FNDA:3,_Z15ThrowErrnoErrorRKN4Napi12CallbackInfoEPKc
FNDA:3395,_ZN9DisruptorC2ERKN4Napi12CallbackInfoE
FNDA:2840,_ZN9DisruptorD2Ev
FNDA:5980,_ZN9Disruptor7ReleaseEv
FNDA:3140,_ZN9Disruptor7ReleaseERKN4Napi12CallbackInfoE
FNDA:407236,_ZN9Disruptor14ConsumeNewSyncI10AsyncArrayI11AsyncBufferIhEES2_EET_RKN4Napi3EnvEbRm
FNDA:500042,_ZN9Disruptor14ConsumeNewSyncIN4Napi5ArrayENS1_6BufferEEET_RKNS1_3EnvEbRm
FNDA:253717,_ZN9Disruptor14ConsumeNewSyncERKN4Napi12CallbackInfoE
FNDA:407236,_ZN21ConsumeNewAsyncWorkerD0Ev
FNDA:407236,_ZN21ConsumeNewAsyncWorkerD2Ev
FNDA:407236,_ZN21ConsumeNewAsyncWorkerC2EP9DisruptorRKN4Napi8FunctionE
FNDA:407236,_ZN21ConsumeNewAsyncWorker7ExecuteEv
FNDA:283753,_ZN21ConsumeNewAsyncWorker5RetryEv
FNDA:123483,_ZN9Disruptor15ConsumeNewAsyncERKN4Napi12CallbackInfoE
FNDA:246325,_ZN9Disruptor10ConsumeNewERKN4Napi12CallbackInfoE
FNDA:500047,_ZN9Disruptor13ConsumeCommitERKN4Napi12CallbackInfoE
FNDA:500048,_ZN9Disruptor13UpdatePendingEmm
FNDA:1407325,_ZN9Disruptor13ConsumeCommitEv
FNDA:195900,_ZN9Disruptor16ProduceClaimSyncI11AsyncBufferEET_IhERKN4Napi3EnvEbRmS8_
FNDA:286070,_ZN9Disruptor16ProduceClaimSyncIN4Napi6BufferEEET_IhERKNS1_3EnvEbRmS8_
FNDA:234181,_ZN9Disruptor16ProduceClaimSyncERKN4Napi12CallbackInfoE
FNDA:195900,_ZN23ProduceClaimAsyncWorkerD0Ev
FNDA:195900,_ZN23ProduceClaimAsyncWorkerD2Ev
FNDA:195900,_ZN23ProduceClaimAsyncWorkerC2EP9DisruptorRKN4Napi8FunctionE
FNDA:195900,_ZN23ProduceClaimAsyncWorker7ExecuteEv
FNDA:195087,_ZN23ProduceClaimAsyncWorker5RetryEv
FNDA:813,_ZN9Disruptor17ProduceClaimAsyncERKN4Napi12CallbackInfoE
FNDA:51889,_ZN9Disruptor12ProduceClaimERKN4Napi12CallbackInfoE
FNDA:9,_ZN9Disruptor17ProduceGetBuffersI10AsyncArrayI11AsyncBufferIhEES2_EEvRKN4Napi3EnvEmmRT_
FNDA:32,_ZN9Disruptor17ProduceGetBuffersIN4Napi5ArrayENS1_6BufferEEEvRKNS1_3EnvEmmRT_
FNDA:155145,_ZN9Disruptor20ProduceClaimManySyncI10AsyncArrayI11AsyncBufferIhEES2_EET_RKN4Napi3EnvEjbRmSA_
FNDA:24,_ZN9Disruptor20ProduceClaimManySyncIN4Napi5ArrayENS1_6BufferEEET_RKNS1_3EnvEjbRmS8_
FNDA:11,_ZN9Disruptor20ProduceClaimManySyncERKN4Napi12CallbackInfoE
FNDA:155145,_ZN27ProduceClaimManyAsyncWorkerD0Ev
FNDA:155145,_ZN27ProduceClaimManyAsyncWorkerD2Ev
FNDA:155145,_ZN27ProduceClaimManyAsyncWorkerC2EP9DisruptorRKN4Napi8FunctionEj
FNDA:155145,_ZN27ProduceClaimManyAsyncWorker7ExecuteEv
FNDA:155130,_ZN27ProduceClaimManyAsyncWorker5RetryEv
FNDA:15,_ZN9Disruptor21ProduceClaimManyAsyncERKN4Napi12CallbackInfoEj
FNDA:11,_ZN9Disruptor21ProduceClaimManyAsyncERKN4Napi12CallbackInfoE
FNDA:13,_ZN9Disruptor16ProduceClaimManyERKN4Napi12CallbackInfoE
FNDA:57,_ZN9Disruptor14ProduceRecoverERKN4Napi12CallbackInfoE
FNDA:807822,_ZN9Disruptor17ProduceCommitSyncI12AsyncBooleanEET_RKN4Napi3EnvEmmb
FNDA:286076,_ZN9Disruptor17ProduceCommitSyncIN4Napi7BooleanEEET_RKNS1_3EnvEmmb
FNDA:637154,_ZN9Disruptor13UpdateSeqNextEmm
FNDA:286887,_ZN9Disruptor10GetSeqNextERKN4Napi12CallbackInfoERmS4_
FNDA:234184,_ZN9Disruptor17ProduceCommitSyncERKN4Napi12CallbackInfoE
FNDA:807822,_ZN24ProduceCommitAsyncWorkerD0Ev
FNDA:807822,_ZN24ProduceCommitAsyncWorkerD2Ev
FNDA:807822,_ZN24ProduceCommitAsyncWorkerC2EP9DisruptorRKN4Napi8FunctionEmm
FNDA:807822,_ZN24ProduceCommitAsyncWorker7ExecuteEv
FNDA:761673,_ZN24ProduceCommitAsyncWorker5RetryEv
FNDA:46149,_ZN9Disruptor18ProduceCommitAsyncERKN4Napi12CallbackInfoEmmj
FNDA:811,_ZN9Disruptor18ProduceCommitAsyncERKN4Napi12CallbackInfoE
FNDA:51892,_ZN9Disruptor13ProduceCommitERKN4Napi12CallbackInfoE
FNDA:9,_ZN9Disruptor12GetConsumersERKN4Napi12CallbackInfoE
FNDA:154,_ZN9Disruptor9GetCursorERKN4Napi12CallbackInfoE
FNDA:154,_ZN9Disruptor7GetNextERKN4Napi12CallbackInfoE
FNDA:1167,_ZN9Disruptor11GetElementsERKN4Napi12CallbackInfoE
FNDA:154,_ZN9Disruptor11GetConsumerERKN4Napi12CallbackInfoE
FNDA:246391,_ZN9Disruptor21GetPendingSeqConsumerERKN4Napi12CallbackInfoE
FNDA:54,_ZN9Disruptor19GetPendingSeqCursorERKN4Napi12CallbackInfoE
FNDA:52748,_ZN9Disruptor17GetPendingSeqNextERKN4Napi12CallbackInfoE
FNDA:52748,_ZN9Disruptor20GetPendingSeqNextEndERKN4Napi12CallbackInfoE
FNDA:51,_ZN9Disruptor14GetElementSizeERKN4Napi12CallbackInfoE
FNDA:253,_ZN9Disruptor10InitializeEN4Napi3EnvENS0_6ObjectE
FNDA:253,_Z10InitializeN4Napi3EnvENS_6ObjectE
FNDA:253,_register_disruptor
FNDA:253,_Z17__napi_InitializeP10napi_env__P12napi_value__
FNF:110
FNH:106
DA:47,1566103
DA:49,1566103
DA:139,1
DA:141,1
DA:143,170460
DA:145,170460
DA:147,170460
DA:148,170460
DA:150,170459
DA:154,1
DA:161,319391
DA:163,319391
DA:165,319391
DA:167,124296
DA:169,124296
DA:172,195095
DA:174,195095
DA:177,124304
DA:179,124304
DA:181,124304
DA:183,124296
DA:187,8
DA:190,124304
DA:193,195900
DA:195,195900
DA:199,319391
DA:201,319391
DA:203,319391
DA:210,1934119
DA:213,1124762
DA:214,1124762
DA:216,1124762
DA:218,562381
DA:220,562381
DA:223,123491
DA:225,123491
DA:227,123491
DA:230,123491
DA:231,123491
DA:233,123498
DA:235,123498
DA:236,123498
DA:237,246989
DA:239,123491
DA:241,123498
DA:244,562381
DA:246,562381
DA:256,807822
DA:257,807822
DA:259,807822
DA:261,807822
DA:263,807822
DA:266,46149
DA:268,46149
DA:271,807822
DA:273,807822
DA:277,807822
DA:278,807822
DA:280,807822
DA:289,125139
DA:291,125139
DA:294,215781
DA:296,215781
DA:300,1566103
DA:303,1566103
DA:308,1566103
DA:310,1566103
DA:315,1566103
DA:317,1566103
DA:319,1395643
DA:322,170460
DA:324,1193220
DA:325,340920
DA:328,340920
DA:330,340920
DA:331,340920
DA:348,3395
DA:350,3395
DA:351,3395
DA:352,3395
DA:355,3
DA:357,3
DA:358,3
DA:359,3
DA:362,6
DA:363,9
DA:366,3395
DA:368,3398
DA:371,3395
DA:372,3395
DA:373,3395
DA:374,3395
DA:375,3395
DA:376,3395
DA:377,3395
DA:381,6790
DA:383,6790
DA:384,3395
DA:386,3
DA:393,6784
DA:394,3392
DA:398,3392
DA:404,3392
DA:407,3392
DA:409,3392
DA:415,3392
DA:416,3392
DA:417,3392
DA:418,3392
DA:419,3392
DA:421,3392
DA:422,3392
DA:424,3392
DA:425,3392
DA:426,3392
DA:428,5680
DA:430,2840
DA:431,2840
DA:433,5980
DA:435,5980
DA:437,3140
DA:439,3140
DA:444,3140
DA:447,5980
DA:450,3140
DA:452,3140
DA:456,3140
DA:459,907278
DA:466,907278
DA:468,1223985848
DA:470,1224485896
DA:471,1224485896
DA:472,1224485896
DA:473,1224485896
DA:475,1224485896
DA:477,622972
DA:479,998994
DA:481,499497
DA:482,499497
DA:484,499497
DA:485,499497
DA:486,499497
DA:489,1223986399
DA:491,555
DA:493,1102
DA:495,551
DA:496,551
DA:498,551
DA:500,255
DA:503,255
DA:506,551
DA:507,551
DA:508,551
DA:513,407230
DA:514,407230
DA:517,253717
DA:520,253717
DA:523,814472
DA:529,407236
DA:530,407236
DA:534,407236
DA:536,407236
DA:537,407236
DA:540,407236
DA:543,407236
DA:544,407236
DA:545,407236
DA:547,283753
DA:549,283753
DA:550,283753
DA:553,123483
DA:555,123483
DA:556,123483
DA:558,246325
DA:562,246325
DA:564,246325
DA:566,122854
DA:569,123471
DA:570,123471
DA:573,500047
DA:575,500047
DA:578,500048
DA:580,500048
DA:581,500048
DA:582,500048
DA:584,1407325
DA:586,1407325
DA:588,1407325
DA:590,500047
DA:593,500047
DA:596,1407325
DA:600,6700489
DA:605,6413623
DA:607,6700489
DA:609,6700489
DA:611,11561344
DA:613,11254700
DA:615,11254700
DA:617,6393845
DA:618,6393845
DA:622,7007133
DA:623,306644
DA:625,573732
DA:627,286866
DA:628,286866
DA:630,286866
DA:631,286866
DA:632,286866
DA:634,286866
DA:639,195104
DA:640,195104
DA:641,195104
DA:642,195104
DA:645,234181
DA:648,468362
DA:649,702543
DA:652,391800
DA:656,195900
DA:657,195900
DA:659,195900
DA:661,195900
DA:662,195900
DA:663,195900
DA:666,195900
DA:669,391800
DA:670,391800
DA:671,195900
DA:672,195900
DA:674,195087
DA:676,195087
DA:677,195087
DA:680,813
DA:682,813
DA:683,813
DA:685,51889
DA:689,51889
DA:690,51889
DA:692,51884
DA:695,5
DA:696,5
DA:700,41
DA:705,41
DA:706,41
DA:708,41
DA:710,8
DA:712,3
DA:713,3
DA:715,5
DA:718,3
DA:722,106
DA:724,38
DA:725,38
DA:728,41
DA:729,41
DA:732,155169
DA:738,155143
DA:740,155169
DA:741,155169
DA:743,155169
DA:745,155195
DA:747,155169
DA:749,155169
DA:751,155143
DA:752,155143
DA:756,155195
DA:757,26
DA:759,35
DA:760,26
DA:761,26
DA:762,26
DA:763,26
DA:768,155143
DA:769,155143
DA:770,155143
DA:771,155143
DA:774,11
DA:777,22
DA:778,33
DA:781,310290
DA:787,155145
DA:789,155145
DA:794,155145
DA:796,155145
DA:797,155145
DA:798,155145
DA:801,155145
DA:804,465435
DA:805,465435
DA:806,155145
DA:807,155145
DA:809,155130
DA:811,155130
DA:812,155130
DA:818,15
DA:821,15
DA:822,15
DA:824,11
DA:826,11
DA:827,11
DA:829,13
DA:831,13
DA:834,13
DA:835,13
DA:837,9
DA:840,4
DA:841,4
DA:844,57
DA:846,57
DA:847,57
DA:849,57
DA:851,105
DA:852,87
DA:853,30
DA:855,15
DA:856,30
DA:859,57
DA:863,1093898
DA:868,1093898
DA:870,1381180755
DA:872,1381467633
DA:874,286878
DA:880,807020
DA:883,637154
DA:885,637154
DA:886,637154
DA:887,637154
DA:889,286887
DA:893,286887
DA:895,10
DA:896,10
DA:897,10
DA:900,286877
DA:901,286877
DA:902,286877
DA:905,234184
DA:908,234184
DA:909,234184
DA:912,1615644
DA:916,807822
DA:919,807822
DA:923,807822
DA:925,807822
DA:928,807822
DA:931,807822
DA:932,807822
DA:933,807822
DA:935,761673
DA:937,761673
DA:938,761673
DA:944,46149
DA:950,46149
DA:951,46149
DA:953,811
DA:956,811
DA:957,811
DA:958,811
DA:960,51892
DA:963,51892
DA:965,51892
DA:966,51892
DA:968,6554
DA:971,45338
DA:972,45338
DA:975,9
DA:977,9
DA:980,154
DA:982,154
DA:985,154
DA:987,154
DA:990,1167
DA:992,1167
DA:995,154
DA:997,154
DA:1000,246391
DA:1002,246391
DA:1005,54
DA:1007,54
DA:1010,52748
DA:1012,52748
DA:1015,52748
DA:1017,52748
DA:1020,51
DA:1022,51
DA:1025,253
DA:1027,253
DA:1029,253
DA:1030,253
DA:1031,253
DA:1032,253
DA:1033,253
DA:1034,253
DA:1035,253
DA:1036,253
DA:1037,253
DA:1038,253
DA:1039,253
DA:1040,253
DA:1041,253
DA:1042,253
DA:1043,253
DA:1046,253
DA:1047,253
DA:1048,253
DA:1049,253
DA:1050,253
DA:1051,253
DA:1052,253
DA:1053,253
DA:1054,253
DA:1055,253
DA:1056,6578
DA:1058,253
DA:1061,253
DA:1063,253
DA:1066,506
LF:415
LH:415
end_of_record
