TN:
SF:/usr/include/c++/11/initializer_list
FN:71,_ZNKSt16initializer_listIN4Napi23ClassPropertyDescriptorI9DisruptorEEE4sizeEv
FNDA:0,_ZNKSt16initializer_listIN4Napi23ClassPropertyDescriptorI9DisruptorEEE4sizeEv
FN:71,_ZNKSt16initializer_listIP12napi_value__E4sizeEv
FNDA:0,_ZNKSt16initializer_listIP12napi_value__E4sizeEv
FN:75,_ZNKSt16initializer_listIN4Napi23ClassPropertyDescriptorI9DisruptorEEE5beginEv
FNDA:0,_ZNKSt16initializer_listIN4Napi23ClassPropertyDescriptorI9DisruptorEEE5beginEv
FN:75,_ZNKSt16initializer_listIP12napi_value__E5beginEv
FNDA:0,_ZNKSt16initializer_listIP12napi_value__E5beginEv
DA:71,0
DA:71,0
DA:75,0
DA:75,0
end_of_record
SF:/usr/include/c++/11/bits/hashtable.h
FN:287,_ZNSt10_HashtableIPhS0_SaIS0_ENSt8__detail9_IdentityESt8equal_toIS0_ESt4hashIS0_ENS2_18_Mod_range_hashingENS2_20_Default_ranged_hashENS2_20_Prime_rehash_policyENS2_17_Hashtable_traitsILb0ELb1ELb1EEEE12_Scoped_nodeC2IJRS0_EEEPNS2_16_Hashtable_allocISaINS2_10_Hash_nodeIS0_Lb0EEEEEEDpOT_
FNDA:0,_ZNSt10_HashtableIPhS0_SaIS0_ENSt8__detail9_IdentityESt8equal_toIS0_ESt4hashIS0_ENS2_18_Mod_range_hashingENS2_20_Default_ranged_hashENS2_20_Prime_rehash_policyENS2_17_Hashtable_traitsILb0ELb1ELb1EEEE12_Scoped_nodeC2IJRS0_EEEPNS2_16_Hashtable_allocISaINS2_10_Hash_nodeIS0_Lb0EEEEEEDpOT_
FN:293,_ZNSt10_HashtableIPhS0_SaIS0_ENSt8__detail9_IdentityESt8equal_toIS0_ESt4hashIS0_ENS2_18_Mod_range_hashingENS2_20_Default_ranged_hashENS2_20_Prime_rehash_policyENS2_17_Hashtable_traitsILb0ELb1ELb1EEEE12_Scoped_nodeD2Ev
FNDA:0,_ZNSt10_HashtableIPhS0_SaIS0_ENSt8__detail9_IdentityESt8equal_toIS0_ESt4hashIS0_ENS2_18_Mod_range_hashingENS2_20_Default_ranged_hashENS2_20_Prime_rehash_policyENS2_17_Hashtable_traitsILb0ELb1ELb1EEEE12_Scoped_nodeD2Ev
FN:406,_ZNKSt10_HashtableIPhS0_SaIS0_ENSt8__detail9_IdentityESt8equal_toIS0_ESt4hashIS0_ENS2_18_Mod_range_hashingENS2_20_Default_ranged_hashENS2_20_Prime_rehash_policyENS2_17_Hashtable_traitsILb0ELb1ELb1EEEE21_M_uses_single_bucketEPPNS2_15_Hash_node_baseE
FNDA:0,_ZNKSt10_HashtableIPhS0_SaIS0_ENSt8__detail9_IdentityESt8equal_toIS0_ESt4hashIS0_ENS2_18_Mod_range_hashingENS2_20_Default_ranged_hashENS2_20_Prime_rehash_policyENS2_17_Hashtable_traitsILb0ELb1ELb1EEEE21_M_uses_single_bucketEPPNS2_15_Hash_node_baseE
FN:417,_ZNSt10_HashtableIPhS0_SaIS0_ENSt8__detail9_IdentityESt8equal_toIS0_ESt4hashIS0_ENS2_18_Mod_range_hashingENS2_20_Default_ranged_hashENS2_20_Prime_rehash_policyENS2_17_Hashtable_traitsILb0ELb1ELb1EEEE19_M_allocate_bucketsEm
FNDA:0,_ZNSt10_HashtableIPhS0_SaIS0_ENSt8__detail9_IdentityESt8equal_toIS0_ESt4hashIS0_ENS2_18_Mod_range_hashingENS2_20_Default_ranged_hashENS2_20_Prime_rehash_policyENS2_17_Hashtable_traitsILb0ELb1ELb1EEEE19_M_allocate_bucketsEm
FN:429,_ZNSt10_HashtableIPhS0_SaIS0_ENSt8__detail9_IdentityESt8equal_toIS0_ESt4hashIS0_ENS2_18_Mod_range_hashingENS2_20_Default_ranged_hashENS2_20_Prime_rehash_policyENS2_17_Hashtable_traitsILb0ELb1ELb1EEEE21_M_deallocate_bucketsEPPNS2_15_Hash_node_baseEm
FNDA:0,_ZNSt10_HashtableIPhS0_SaIS0_ENSt8__detail9_IdentityESt8equal_toIS0_ESt4hashIS0_ENS2_18_Mod_range_hashingENS2_20_Default_ranged_hashENS2_20_Prime_rehash_policyENS2_17_Hashtable_traitsILb0ELb1ELb1EEEE21_M_deallocate_bucketsEPPNS2_15_Hash_node_baseEm
FN:438,_ZNSt10_HashtableIPhS0_SaIS0_ENSt8__detail9_IdentityESt8equal_toIS0_ESt4hashIS0_ENS2_18_Mod_range_hashingENS2_20_Default_ranged_hashENS2_20_Prime_rehash_policyENS2_17_Hashtable_traitsILb0ELb1ELb1EEEE21_M_deallocate_bucketsEv
FNDA:0,_ZNSt10_HashtableIPhS0_SaIS0_ENSt8__detail9_IdentityESt8equal_toIS0_ESt4hashIS0_ENS2_18_Mod_range_hashingENS2_20_Default_ranged_hashENS2_20_Prime_rehash_policyENS2_17_Hashtable_traitsILb0ELb1ELb1EEEE21_M_deallocate_bucketsEv
FN:447,_ZNKSt10_HashtableIPhS0_SaIS0_ENSt8__detail9_IdentityESt8equal_toIS0_ESt4hashIS0_ENS2_18_Mod_range_hashingENS2_20_Default_ranged_hashENS2_20_Prime_rehash_policyENS2_17_Hashtable_traitsILb0ELb1ELb1EEEE8_M_beginEv
FNDA:0,_ZNKSt10_HashtableIPhS0_SaIS0_ENSt8__detail9_IdentityESt8equal_toIS0_ESt4hashIS0_ENS2_18_Mod_range_hashingENS2_20_Default_ranged_hashENS2_20_Prime_rehash_policyENS2_17_Hashtable_traitsILb0ELb1ELb1EEEE8_M_beginEv
FN:512,_ZNSt10_HashtableIPhS0_SaIS0_ENSt8__detail9_IdentityESt8equal_toIS0_ESt4hashIS0_ENS2_18_Mod_range_hashingENS2_20_Default_ranged_hashENS2_20_Prime_rehash_policyENS2_17_Hashtable_traitsILb0ELb1ELb1EEEEC2Ev
FNDA:0,_ZNSt10_HashtableIPhS0_SaIS0_ENSt8__detail9_IdentityESt8equal_toIS0_ESt4hashIS0_ENS2_18_Mod_range_hashingENS2_20_Default_ranged_hashENS2_20_Prime_rehash_policyENS2_17_Hashtable_traitsILb0ELb1ELb1EEEEC2Ev
FN:612,_ZNSt10_HashtableIPhS0_SaIS0_ENSt8__detail9_IdentityESt8equal_toIS0_ESt4hashIS0_ENS2_18_Mod_range_hashingENS2_20_Default_ranged_hashENS2_20_Prime_rehash_policyENS2_17_Hashtable_traitsILb0ELb1ELb1EEEE3endEv
FNDA:0,_ZNSt10_HashtableIPhS0_SaIS0_ENSt8__detail9_IdentityESt8equal_toIS0_ESt4hashIS0_ENS2_18_Mod_range_hashingENS2_20_Default_ranged_hashENS2_20_Prime_rehash_policyENS2_17_Hashtable_traitsILb0ELb1ELb1EEEE3endEv
FN:773,_ZNKSt10_HashtableIPhS0_SaIS0_ENSt8__detail9_IdentityESt8equal_toIS0_ESt4hashIS0_ENS2_18_Mod_range_hashingENS2_20_Default_ranged_hashENS2_20_Prime_rehash_policyENS2_17_Hashtable_traitsILb0ELb1ELb1EEEE15_M_bucket_indexERKNS2_16_Hash_node_valueIS0_Lb0EEE
FNDA:0,_ZNKSt10_HashtableIPhS0_SaIS0_ENSt8__detail9_IdentityESt8equal_toIS0_ESt4hashIS0_ENS2_18_Mod_range_hashingENS2_20_Default_ranged_hashENS2_20_Prime_rehash_policyENS2_17_Hashtable_traitsILb0ELb1ELb1EEEE15_M_bucket_indexERKNS2_16_Hash_node_valueIS0_Lb0EEE
FN:777,_ZNKSt10_HashtableIPhS0_SaIS0_ENSt8__detail9_IdentityESt8equal_toIS0_ESt4hashIS0_ENS2_18_Mod_range_hashingENS2_20_Default_ranged_hashENS2_20_Prime_rehash_policyENS2_17_Hashtable_traitsILb0ELb1ELb1EEEE15_M_bucket_indexEm
FNDA:0,_ZNKSt10_HashtableIPhS0_SaIS0_ENSt8__detail9_IdentityESt8equal_toIS0_ESt4hashIS0_ENS2_18_Mod_range_hashingENS2_20_Default_ranged_hashENS2_20_Prime_rehash_policyENS2_17_Hashtable_traitsILb0ELb1ELb1EEEE15_M_bucket_indexEm
FN:790,_ZNKSt10_HashtableIPhS0_SaIS0_ENSt8__detail9_IdentityESt8equal_toIS0_ESt4hashIS0_ENS2_18_Mod_range_hashingENS2_20_Default_ranged_hashENS2_20_Prime_rehash_policyENS2_17_Hashtable_traitsILb0ELb1ELb1EEEE12_M_find_nodeEmRKS0_m
FNDA:0,_ZNKSt10_HashtableIPhS0_SaIS0_ENSt8__detail9_IdentityESt8equal_toIS0_ESt4hashIS0_ENS2_18_Mod_range_hashingENS2_20_Default_ranged_hashENS2_20_Prime_rehash_policyENS2_17_Hashtable_traitsILb0ELb1ELb1EEEE12_M_find_nodeEmRKS0_m
FN:897,_ZNSt10_HashtableIPhS0_SaIS0_ENSt8__detail9_IdentityESt8equal_toIS0_ESt4hashIS0_ENS2_18_Mod_range_hashingENS2_20_Default_ranged_hashENS2_20_Prime_rehash_policyENS2_17_Hashtable_traitsILb0ELb1ELb1EEEE7emplaceIJRS0_EEESt4pairINS2_14_Node_iteratorIS0_Lb1ELb0EEEbEDpOT_
FNDA:0,_ZNSt10_HashtableIPhS0_SaIS0_ENSt8__detail9_IdentityESt8equal_toIS0_ESt4hashIS0_ENS2_18_Mod_range_hashingENS2_20_Default_ranged_hashENS2_20_Prime_rehash_policyENS2_17_Hashtable_traitsILb0ELb1ELb1EEEE7emplaceIJRS0_EEESt4pairINS2_14_Node_iteratorIS0_Lb1ELb0EEEbEDpOT_
FN:920,_ZNSt10_HashtableIPhS0_SaIS0_ENSt8__detail9_IdentityESt8equal_toIS0_ESt4hashIS0_ENS2_18_Mod_range_hashingENS2_20_Default_ranged_hashENS2_20_Prime_rehash_policyENS2_17_Hashtable_traitsILb0ELb1ELb1EEEE5eraseERKS0_
FNDA:0,_ZNSt10_HashtableIPhS0_SaIS0_ENSt8__detail9_IdentityESt8equal_toIS0_ESt4hashIS0_ENS2_18_Mod_range_hashingENS2_20_Default_ranged_hashENS2_20_Prime_rehash_policyENS2_17_Hashtable_traitsILb0ELb1ELb1EEEE5eraseERKS0_
FN:1567,_ZNSt10_HashtableIPhS0_SaIS0_ENSt8__detail9_IdentityESt8equal_toIS0_ESt4hashIS0_ENS2_18_Mod_range_hashingENS2_20_Default_ranged_hashENS2_20_Prime_rehash_policyENS2_17_Hashtable_traitsILb0ELb1ELb1EEEE4findERKS0_
FNDA:0,_ZNSt10_HashtableIPhS0_SaIS0_ENSt8__detail9_IdentityESt8equal_toIS0_ESt4hashIS0_ENS2_18_Mod_range_hashingENS2_20_Default_ranged_hashENS2_20_Prime_rehash_policyENS2_17_Hashtable_traitsILb0ELb1ELb1EEEE4findERKS0_
FN:1806,_ZNKSt10_HashtableIPhS0_SaIS0_ENSt8__detail9_IdentityESt8equal_toIS0_ESt4hashIS0_ENS2_18_Mod_range_hashingENS2_20_Default_ranged_hashENS2_20_Prime_rehash_policyENS2_17_Hashtable_traitsILb0ELb1ELb1EEEE19_M_find_before_nodeEmRKS0_m
FNDA:0,_ZNKSt10_HashtableIPhS0_SaIS0_ENSt8__detail9_IdentityESt8equal_toIS0_ESt4hashIS0_ENS2_18_Mod_range_hashingENS2_20_Default_ranged_hashENS2_20_Prime_rehash_policyENS2_17_Hashtable_traitsILb0ELb1ELb1EEEE19_M_find_before_nodeEmRKS0_m
FN:1865,_ZNSt10_HashtableIPhS0_SaIS0_ENSt8__detail9_IdentityESt8equal_toIS0_ESt4hashIS0_ENS2_18_Mod_range_hashingENS2_20_Default_ranged_hashENS2_20_Prime_rehash_policyENS2_17_Hashtable_traitsILb0ELb1ELb1EEEE22_M_insert_bucket_beginEmPNS2_10_Hash_nodeIS0_Lb0EEE
FNDA:0,_ZNSt10_HashtableIPhS0_SaIS0_ENSt8__detail9_IdentityESt8equal_toIS0_ESt4hashIS0_ENS2_18_Mod_range_hashingENS2_20_Default_ranged_hashENS2_20_Prime_rehash_policyENS2_17_Hashtable_traitsILb0ELb1ELb1EEEE22_M_insert_bucket_beginEmPNS2_10_Hash_nodeIS0_Lb0EEE
FN:1898,_ZNSt10_HashtableIPhS0_SaIS0_ENSt8__detail9_IdentityESt8equal_toIS0_ESt4hashIS0_ENS2_18_Mod_range_hashingENS2_20_Default_ranged_hashENS2_20_Prime_rehash_policyENS2_17_Hashtable_traitsILb0ELb1ELb1EEEE22_M_remove_bucket_beginEmPNS2_10_Hash_nodeIS0_Lb0EEEm
FNDA:0,_ZNSt10_HashtableIPhS0_SaIS0_ENSt8__detail9_IdentityESt8equal_toIS0_ESt4hashIS0_ENS2_18_Mod_range_hashingENS2_20_Default_ranged_hashENS2_20_Prime_rehash_policyENS2_17_Hashtable_traitsILb0ELb1ELb1EEEE22_M_remove_bucket_beginEmPNS2_10_Hash_nodeIS0_Lb0EEEm
FN:1939,_ZNSt10_HashtableIPhS0_SaIS0_ENSt8__detail9_IdentityESt8equal_toIS0_ESt4hashIS0_ENS2_18_Mod_range_hashingENS2_20_Default_ranged_hashENS2_20_Prime_rehash_policyENS2_17_Hashtable_traitsILb0ELb1ELb1EEEE10_M_emplaceIJRS0_EEESt4pairINS2_14_Node_iteratorIS0_Lb1ELb0EEEbESt17integral_constantIbLb1EEDpOT_
FNDA:0,_ZNSt10_HashtableIPhS0_SaIS0_ENSt8__detail9_IdentityESt8equal_toIS0_ESt4hashIS0_ENS2_18_Mod_range_hashingENS2_20_Default_ranged_hashENS2_20_Prime_rehash_policyENS2_17_Hashtable_traitsILb0ELb1ELb1EEEE10_M_emplaceIJRS0_EEESt4pairINS2_14_Node_iteratorIS0_Lb1ELb0EEEbESt17integral_constantIbLb1EEDpOT_
FN:1987,_ZNSt10_HashtableIPhS0_SaIS0_ENSt8__detail9_IdentityESt8equal_toIS0_ESt4hashIS0_ENS2_18_Mod_range_hashingENS2_20_Default_ranged_hashENS2_20_Prime_rehash_policyENS2_17_Hashtable_traitsILb0ELb1ELb1EEEE21_M_insert_unique_nodeEmmPNS2_10_Hash_nodeIS0_Lb0EEEm
FNDA:0,_ZNSt10_HashtableIPhS0_SaIS0_ENSt8__detail9_IdentityESt8equal_toIS0_ESt4hashIS0_ENS2_18_Mod_range_hashingENS2_20_Default_ranged_hashENS2_20_Prime_rehash_policyENS2_17_Hashtable_traitsILb0ELb1ELb1EEEE21_M_insert_unique_nodeEmmPNS2_10_Hash_nodeIS0_Lb0EEEm
FN:2145,_ZNSt10_HashtableIPhS0_SaIS0_ENSt8__detail9_IdentityESt8equal_toIS0_ESt4hashIS0_ENS2_18_Mod_range_hashingENS2_20_Default_ranged_hashENS2_20_Prime_rehash_policyENS2_17_Hashtable_traitsILb0ELb1ELb1EEEE8_M_eraseEmPNS2_15_Hash_node_baseEPNS2_10_Hash_nodeIS0_Lb0EEE
FNDA:0,_ZNSt10_HashtableIPhS0_SaIS0_ENSt8__detail9_IdentityESt8equal_toIS0_ESt4hashIS0_ENS2_18_Mod_range_hashingENS2_20_Default_ranged_hashENS2_20_Prime_rehash_policyENS2_17_Hashtable_traitsILb0ELb1ELb1EEEE8_M_eraseEmPNS2_15_Hash_node_baseEPNS2_10_Hash_nodeIS0_Lb0EEE
FN:2173,_ZNSt10_HashtableIPhS0_SaIS0_ENSt8__detail9_IdentityESt8equal_toIS0_ESt4hashIS0_ENS2_18_Mod_range_hashingENS2_20_Default_ranged_hashENS2_20_Prime_rehash_policyENS2_17_Hashtable_traitsILb0ELb1ELb1EEEE8_M_eraseESt17integral_constantIbLb1EERKS0_
FNDA:0,_ZNSt10_HashtableIPhS0_SaIS0_ENSt8__detail9_IdentityESt8equal_toIS0_ESt4hashIS0_ENS2_18_Mod_range_hashingENS2_20_Default_ranged_hashENS2_20_Prime_rehash_policyENS2_17_Hashtable_traitsILb0ELb1ELb1EEEE8_M_eraseESt17integral_constantIbLb1EERKS0_
FN:2334,_ZNSt10_HashtableIPhS0_SaIS0_ENSt8__detail9_IdentityESt8equal_toIS0_ESt4hashIS0_ENS2_18_Mod_range_hashingENS2_20_Default_ranged_hashENS2_20_Prime_rehash_policyENS2_17_Hashtable_traitsILb0ELb1ELb1EEEE9_M_rehashEmRKm
FNDA:0,_ZNSt10_HashtableIPhS0_SaIS0_ENSt8__detail9_IdentityESt8equal_toIS0_ESt4hashIS0_ENS2_18_Mod_range_hashingENS2_20_Default_ranged_hashENS2_20_Prime_rehash_policyENS2_17_Hashtable_traitsILb0ELb1ELb1EEEE9_M_rehashEmRKm
FN:2357,_ZNSt10_HashtableIPhS0_SaIS0_ENSt8__detail9_IdentityESt8equal_toIS0_ESt4hashIS0_ENS2_18_Mod_range_hashingENS2_20_Default_ranged_hashENS2_20_Prime_rehash_policyENS2_17_Hashtable_traitsILb0ELb1ELb1EEEE13_M_rehash_auxEmSt17integral_constantIbLb1EE
FNDA:0,_ZNSt10_HashtableIPhS0_SaIS0_ENSt8__detail9_IdentityESt8equal_toIS0_ESt4hashIS0_ENS2_18_Mod_range_hashingENS2_20_Default_ranged_hashENS2_20_Prime_rehash_policyENS2_17_Hashtable_traitsILb0ELb1ELb1EEEE13_M_rehash_auxEmSt17integral_constantIbLb1EE
DA:287,0
DA:288,0
DA:289,0
DA:290,0
DA:293,0
DA:406,0
DA:407,0
DA:417,0
DA:419,0
DA:421,0
DA:422,0
DA:425,0
DA:429,0
DA:431,0
DA:432,0
DA:434,0
DA:438,0
DA:439,0
DA:447,0
DA:448,0
DA:512,0
DA:612,0
DA:613,0
DA:773,0
DA:774,0
DA:777,0
DA:778,0
DA:790,0
DA:793,0
DA:794,0
DA:795,0
DA:796,0
DA:897,0
DA:898,0
DA:920,0
DA:921,0
DA:1567,0
DA:1572,0
DA:1573,0
DA:1574,0
DA:1806,0
DA:1812,0
DA:1813,0
DA:1814,0
DA:1816,0
DA:1817,0
DA:1819,0
DA:1820,0
DA:1822,0
DA:1823,0
DA:1824,0
DA:1827,0
DA:1865,0
DA:1869,0
DA:1873,0
DA:1874,0
DA:1881,0
DA:1882,0
DA:1884,0
DA:1887,0
DA:1889,0
DA:1891,0
DA:1898,0
DA:1903,0
DA:1907,0
DA:1908,0
DA:1911,0
DA:1912,0
DA:1913,0
DA:1915,0
DA:1939,0
DA:1945,0
DA:1946,0
DA:1947,0
DA:1948,0
DA:1949,0
DA:1951,0
DA:1954,0
DA:1955,0
DA:1956,0
DA:1957,0
DA:1987,0
DA:1993,0
DA:1995,0
DA:1998,0
DA:2000,0
DA:2001,0
DA:2004,0
DA:2007,0
DA:2008,0
DA:2009,0
DA:2145,0
DA:2150,0
DA:2151,0
DA:2152,0
DA:2153,0
DA:2155,0
DA:2156,0
DA:2157,0
DA:2160,0
DA:2161,0
DA:2162,0
DA:2163,0
DA:2165,0
DA:2173,0
DA:2178,0
DA:2179,0
DA:2182,0
DA:2183,0
DA:2184,0
DA:2187,0
DA:2188,0
DA:2189,0
DA:2334,0
DA:2340,0
DA:2342,0
DA:2346,0
DA:2347,0
DA:2349,0
DA:2357,0
DA:2361,0
DA:2362,0
DA:2363,0
DA:2364,0
DA:2365,0
DA:2367,0
DA:2369,0
DA:2370,0
DA:2372,0
DA:2373,0
DA:2374,0
DA:2375,0
DA:2376,0
DA:2377,0
DA:2381,0
DA:2382,0
DA:2385,0
DA:2388,0
DA:2389,0
DA:2390,0
DA:2391,0
end_of_record
SF:/usr/include/c++/11/bits/unique_ptr.h
FN:79,_ZNKSt14default_deleteISt6vectorI11AsyncBufferSaIS1_EEEclEPS3_
FNDA:0,_ZNKSt14default_deleteISt6vectorI11AsyncBufferSaIS1_EEEclEPS3_
FN:155,_ZNSt15__uniq_ptr_implISt6vectorI11AsyncBufferSaIS1_EESt14default_deleteIS3_EEC2EPS3_
FNDA:0,_ZNSt15__uniq_ptr_implISt6vectorI11AsyncBufferSaIS1_EESt14default_deleteIS3_EEC2EPS3_
FN:155,_ZNSt15__uniq_ptr_implIi7CloseFDEC2EPi
FNDA:0,_ZNSt15__uniq_ptr_implIi7CloseFDEC2EPi
FN:161,_ZNSt15__uniq_ptr_implISt6vectorI11AsyncBufferSaIS1_EESt14default_deleteIS3_EEC2EOS6_
FNDA:0,_ZNSt15__uniq_ptr_implISt6vectorI11AsyncBufferSaIS1_EESt14default_deleteIS3_EEC2EOS6_
FN:165,_ZNSt15__uniq_ptr_implISt6vectorI11AsyncBufferSaIS1_EESt14default_deleteIS3_EEaSEOS6_
FNDA:0,_ZNSt15__uniq_ptr_implISt6vectorI11AsyncBufferSaIS1_EESt14default_deleteIS3_EEaSEOS6_
FN:172,_ZNSt15__uniq_ptr_implIi7CloseFDE6_M_ptrEv
FNDA:0,_ZNSt15__uniq_ptr_implIi7CloseFDE6_M_ptrEv
FN:172,_ZNSt15__uniq_ptr_implISt6vectorI11AsyncBufferSaIS1_EESt14default_deleteIS3_EE6_M_ptrEv
FNDA:0,_ZNSt15__uniq_ptr_implISt6vectorI11AsyncBufferSaIS1_EESt14default_deleteIS3_EE6_M_ptrEv
FN:173,_ZNKSt15__uniq_ptr_implISt6vectorI11AsyncBufferSaIS1_EESt14default_deleteIS3_EE6_M_ptrEv
FNDA:0,_ZNKSt15__uniq_ptr_implISt6vectorI11AsyncBufferSaIS1_EESt14default_deleteIS3_EE6_M_ptrEv
FN:173,_ZNKSt15__uniq_ptr_implIi7CloseFDE6_M_ptrEv
FNDA:0,_ZNKSt15__uniq_ptr_implIi7CloseFDE6_M_ptrEv
FN:174,_ZNSt15__uniq_ptr_implIi7CloseFDE10_M_deleterEv
FNDA:0,_ZNSt15__uniq_ptr_implIi7CloseFDE10_M_deleterEv
FN:174,_ZNSt15__uniq_ptr_implISt6vectorI11AsyncBufferSaIS1_EESt14default_deleteIS3_EE10_M_deleterEv
FNDA:0,_ZNSt15__uniq_ptr_implISt6vectorI11AsyncBufferSaIS1_EESt14default_deleteIS3_EE10_M_deleterEv
FN:177,_ZNSt15__uniq_ptr_implISt6vectorI11AsyncBufferSaIS1_EESt14default_deleteIS3_EE5resetEPS3_
FNDA:0,_ZNSt15__uniq_ptr_implISt6vectorI11AsyncBufferSaIS1_EESt14default_deleteIS3_EE5resetEPS3_
FN:185,_ZNSt15__uniq_ptr_implISt6vectorI11AsyncBufferSaIS1_EESt14default_deleteIS3_EE7releaseEv
FNDA:0,_ZNSt15__uniq_ptr_implISt6vectorI11AsyncBufferSaIS1_EESt14default_deleteIS3_EE7releaseEv
FN:211,_ZNSt15__uniq_ptr_dataISt6vectorI11AsyncBufferSaIS1_EESt14default_deleteIS3_ELb1ELb1EEC2EOS6_
FNDA:0,_ZNSt15__uniq_ptr_dataISt6vectorI11AsyncBufferSaIS1_EESt14default_deleteIS3_ELb1ELb1EEC2EOS6_
FN:212,_ZNSt15__uniq_ptr_dataISt6vectorI11AsyncBufferSaIS1_EESt14default_deleteIS3_ELb1ELb1EEaSEOS6_
FNDA:0,_ZNSt15__uniq_ptr_dataISt6vectorI11AsyncBufferSaIS1_EESt14default_deleteIS3_ELb1ELb1EEaSEOS6_
FN:281,_ZNSt10unique_ptrIi7CloseFDEC2IS0_vEEPi
FNDA:0,_ZNSt10unique_ptrIi7CloseFDEC2IS0_vEEPi
FN:281,_ZNSt10unique_ptrISt6vectorI11AsyncBufferSaIS1_EESt14default_deleteIS3_EEC2IS5_vEEPS3_
FNDA:0,_ZNSt10unique_ptrISt6vectorI11AsyncBufferSaIS1_EESt14default_deleteIS3_EEC2IS5_vEEPS3_
FN:327,_ZNSt10unique_ptrISt6vectorI11AsyncBufferSaIS1_EESt14default_deleteIS3_EEC2EOS6_
FNDA:0,_ZNSt10unique_ptrISt6vectorI11AsyncBufferSaIS1_EESt14default_deleteIS3_EEC2EOS6_
FN:355,_ZNSt10unique_ptrISt6vectorI11AsyncBufferSaIS1_EESt14default_deleteIS3_EED2Ev
FNDA:0,_ZNSt10unique_ptrISt6vectorI11AsyncBufferSaIS1_EESt14default_deleteIS3_EED2Ev
FN:355,_ZNSt10unique_ptrIi7CloseFDED2Ev
FNDA:0,_ZNSt10unique_ptrIi7CloseFDED2Ev
FN:371,_ZNSt10unique_ptrISt6vectorI11AsyncBufferSaIS1_EESt14default_deleteIS3_EEaSEOS6_
FNDA:0,_ZNSt10unique_ptrISt6vectorI11AsyncBufferSaIS1_EESt14default_deleteIS3_EEaSEOS6_
FN:405,_ZNKSt10unique_ptrISt6vectorI11AsyncBufferSaIS1_EESt14default_deleteIS3_EEdeEv
FNDA:0,_ZNKSt10unique_ptrISt6vectorI11AsyncBufferSaIS1_EESt14default_deleteIS3_EEdeEv
FN:405,_ZNKSt10unique_ptrIi7CloseFDEdeEv
FNDA:0,_ZNKSt10unique_ptrIi7CloseFDEdeEv
FN:413,_ZNKSt10unique_ptrISt6vectorI11AsyncBufferSaIS1_EESt14default_deleteIS3_EEptEv
FNDA:0,_ZNKSt10unique_ptrISt6vectorI11AsyncBufferSaIS1_EESt14default_deleteIS3_EEptEv
FN:421,_ZNKSt10unique_ptrIi7CloseFDE3getEv
FNDA:0,_ZNKSt10unique_ptrIi7CloseFDE3getEv
FN:421,_ZNKSt10unique_ptrISt6vectorI11AsyncBufferSaIS1_EESt14default_deleteIS3_EE3getEv
FNDA:0,_ZNKSt10unique_ptrISt6vectorI11AsyncBufferSaIS1_EESt14default_deleteIS3_EE3getEv
FN:426,_ZNSt10unique_ptrISt6vectorI11AsyncBufferSaIS1_EESt14default_deleteIS3_EE11get_deleterEv
FNDA:0,_ZNSt10unique_ptrISt6vectorI11AsyncBufferSaIS1_EESt14default_deleteIS3_EE11get_deleterEv
FN:426,_ZNSt10unique_ptrIi7CloseFDE11get_deleterEv
FNDA:0,_ZNSt10unique_ptrIi7CloseFDE11get_deleterEv
FN:961,_ZSt11make_uniqueISt6vectorI11AsyncBufferSaIS1_EEJEENSt9_MakeUniqIT_E15__single_objectEDpOT0_
FNDA:0,_ZSt11make_uniqueISt6vectorI11AsyncBufferSaIS1_EEJEENSt9_MakeUniqIT_E15__single_objectEDpOT0_
DA:79,0
DA:85,0
DA:86,0
DA:155,0
DA:155,0
DA:161,0
DA:162,0
DA:163,0
DA:165,0
DA:167,0
DA:168,0
DA:169,0
DA:172,0
DA:172,0
DA:173,0
DA:173,0
DA:174,0
DA:174,0
DA:177,0
DA:179,0
DA:180,0
DA:181,0
DA:182,0
DA:183,0
DA:185,0
DA:187,0
DA:188,0
DA:189,0
DA:211,0
DA:212,0
DA:281,0
DA:282,0
DA:283,0
DA:281,0
DA:282,0
DA:283,0
DA:327,0
DA:355,0
DA:359,0
DA:360,0
DA:361,0
DA:362,0
DA:363,0
DA:355,0
DA:359,0
DA:360,0
DA:361,0
DA:362,0
DA:363,0
DA:371,0
DA:405,0
DA:407,0
DA:408,0
DA:405,0
DA:407,0
DA:408,0
DA:413,0
DA:416,0
DA:421,0
DA:422,0
DA:421,0
DA:422,0
DA:426,0
DA:427,0
DA:426,0
DA:427,0
DA:961,0
DA:962,0
end_of_record
SF:/usr/include/c++/11/bits/stl_pair.h
FN:352,_ZNSt4pairINSt8__detail14_Node_iteratorIPhLb1ELb0EEEbEC2IS3_bLb1EEEOT_OT0_
FNDA:0,_ZNSt4pairINSt8__detail14_Node_iteratorIPhLb1ELb0EEEbEC2IS3_bLb1EEEOT_OT0_
FN:352,_ZNSt4pairINSt8__detail14_Node_iteratorIPhLb1ELb0EEEbEC2IRS3_bLb1EEEOT_OT0_
FNDA:0,_ZNSt4pairINSt8__detail14_Node_iteratorIPhLb1ELb0EEEbEC2IRS3_bLb1EEEOT_OT0_
FN:567,_ZSt9make_pairINSt8__detail14_Node_iteratorIPhLb1ELb0EEEbESt4pairINSt25__strip_reference_wrapperINSt5decayIT_E4typeEE6__typeENS5_INS6_IT0_E4typeEE6__typeEEOS7_OSC_
FNDA:0,_ZSt9make_pairINSt8__detail14_Node_iteratorIPhLb1ELb0EEEbESt4pairINSt25__strip_reference_wrapperINSt5decayIT_E4typeEE6__typeENS5_INS6_IT0_E4typeEE6__typeEEOS7_OSC_
DA:352,0
DA:353,0
DA:352,0
DA:353,0
DA:567,0
DA:572,0
end_of_record
SF:/usr/include/c++/11/bits/hashtable_policy.h
FN:84,_ZNKSt8__detail9_IdentityclIRPhEEOT_S5_
FNDA:0,_ZNKSt8__detail9_IdentityclIRPhEEOT_S5_
FN:84,_ZNKSt8__detail9_IdentityclIRKPhEEOT_S6_
FNDA:0,_ZNKSt8__detail9_IdentityclIRKPhEEOT_S6_
FN:218,_ZNSt8__detail15_Hash_node_baseC2Ev
FNDA:0,_ZNSt8__detail15_Hash_node_baseC2Ev
FN:236,_ZNSt8__detail21_Hash_node_value_baseIPhE9_M_valptrEv
FNDA:0,_ZNSt8__detail21_Hash_node_value_baseIPhE9_M_valptrEv
FN:240,_ZNKSt8__detail21_Hash_node_value_baseIPhE9_M_valptrEv
FNDA:0,_ZNKSt8__detail21_Hash_node_value_baseIPhE9_M_valptrEv
FN:244,_ZNSt8__detail21_Hash_node_value_baseIPhE4_M_vEv
FNDA:0,_ZNSt8__detail21_Hash_node_value_baseIPhE4_M_vEv
FN:248,_ZNKSt8__detail21_Hash_node_value_baseIPhE4_M_vEv
FNDA:0,_ZNKSt8__detail21_Hash_node_value_baseIPhE4_M_vEv
FN:281,_ZNKSt8__detail10_Hash_nodeIPhLb0EE7_M_nextEv
FNDA:0,_ZNKSt8__detail10_Hash_nodeIPhLb0EE7_M_nextEv
FN:294,_ZNSt8__detail19_Node_iterator_baseIPhLb0EEC2EPNS_10_Hash_nodeIS1_Lb0EEE
FNDA:0,_ZNSt8__detail19_Node_iterator_baseIPhLb0EEC2EPNS_10_Hash_nodeIS1_Lb0EEE
FN:302,_ZNSt8__detaileqERKNS_19_Node_iterator_baseIPhLb0EEES4_
FNDA:0,_ZNSt8__detaileqERKNS_19_Node_iterator_baseIPhLb0EEES4_
FN:337,_ZNSt8__detail14_Node_iteratorIPhLb1ELb0EEC2EPNS_10_Hash_nodeIS1_Lb0EEE
FNDA:0,_ZNSt8__detail14_Node_iteratorIPhLb1ELb0EEC2EPNS_10_Hash_nodeIS1_Lb0EEE
FN:427,_ZNKSt8__detail18_Mod_range_hashingclEmm
FNDA:0,_ZNKSt8__detail18_Mod_range_hashingclEmm
FN:445,_ZNSt8__detail20_Prime_rehash_policyC2Ef
FNDA:0,_ZNSt8__detail20_Prime_rehash_policyC2Ef
FN:472,_ZNKSt8__detail20_Prime_rehash_policy8_M_stateEv
FNDA:0,_ZNKSt8__detail20_Prime_rehash_policy8_M_stateEv
FN:480,_ZNSt8__detail20_Prime_rehash_policy8_M_resetEm
FNDA:0,_ZNSt8__detail20_Prime_rehash_policy8_M_resetEm
FN:1126,_ZNSt8__detail21_Hashtable_ebo_helperILi0ESaINS_10_Hash_nodeIPhLb0EEEELb1EEC2Ev
FNDA:0,_ZNSt8__detail21_Hashtable_ebo_helperILi0ESaINS_10_Hash_nodeIPhLb0EEEELb1EEC2Ev
FN:1133,_ZNKSt8__detail21_Hashtable_ebo_helperILi0ESt8equal_toIPhELb1EE7_M_cgetEv
FNDA:0,_ZNKSt8__detail21_Hashtable_ebo_helperILi0ESt8equal_toIPhELb1EE7_M_cgetEv
FN:1133,_ZNKSt8__detail21_Hashtable_ebo_helperILi1ESt4hashIPhELb1EE7_M_cgetEv
FNDA:0,_ZNKSt8__detail21_Hashtable_ebo_helperILi1ESt4hashIPhELb1EE7_M_cgetEv
FN:1134,_ZNSt8__detail21_Hashtable_ebo_helperILi0ESaINS_10_Hash_nodeIPhLb0EEEELb1EE6_M_getEv
FNDA:0,_ZNSt8__detail21_Hashtable_ebo_helperILi0ESaINS_10_Hash_nodeIPhLb0EEEELb1EE6_M_getEv
FN:1213,_ZNKSt8__detail15_Hash_code_baseIPhS1_NS_9_IdentityESt4hashIS1_ENS_18_Mod_range_hashingENS_20_Default_ranged_hashELb0EE12_M_hash_codeERKS1_
FNDA:0,_ZNKSt8__detail15_Hash_code_baseIPhS1_NS_9_IdentityESt4hashIS1_ENS_18_Mod_range_hashingENS_20_Default_ranged_hashELb0EE12_M_hash_codeERKS1_
FN:1230,_ZNKSt8__detail15_Hash_code_baseIPhS1_NS_9_IdentityESt4hashIS1_ENS_18_Mod_range_hashingENS_20_Default_ranged_hashELb0EE15_M_bucket_indexEmm
FNDA:0,_ZNKSt8__detail15_Hash_code_baseIPhS1_NS_9_IdentityESt4hashIS1_ENS_18_Mod_range_hashingENS_20_Default_ranged_hashELb0EE15_M_bucket_indexEmm
FN:1234,_ZNKSt8__detail15_Hash_code_baseIPhS1_NS_9_IdentityESt4hashIS1_ENS_18_Mod_range_hashingENS_20_Default_ranged_hashELb0EE15_M_bucket_indexERKNS_16_Hash_node_valueIS1_Lb0EEEm
FNDA:0,_ZNKSt8__detail15_Hash_code_baseIPhS1_NS_9_IdentityESt4hashIS1_ENS_18_Mod_range_hashingENS_20_Default_ranged_hashELb0EE15_M_bucket_indexERKNS_16_Hash_node_valueIS1_Lb0EEEm
FN:1252,_ZNKSt8__detail15_Hash_code_baseIPhS1_NS_9_IdentityESt4hashIS1_ENS_18_Mod_range_hashingENS_20_Default_ranged_hashELb0EE13_M_store_codeERNS_21_Hash_node_code_cacheILb0EEEm
FNDA:0,_ZNKSt8__detail15_Hash_code_baseIPhS1_NS_9_IdentityESt4hashIS1_ENS_18_Mod_range_hashingENS_20_Default_ranged_hashELb0EE13_M_store_codeERNS_21_Hash_node_code_cacheILb0EEEm
FN:1274,_ZNKSt8__detail15_Hash_code_baseIPhS1_NS_9_IdentityESt4hashIS1_ENS_18_Mod_range_hashingENS_20_Default_ranged_hashELb0EE7_M_hashEv
FNDA:0,_ZNKSt8__detail15_Hash_code_baseIPhS1_NS_9_IdentityESt4hashIS1_ENS_18_Mod_range_hashingENS_20_Default_ranged_hashELb0EE7_M_hashEv
FN:1584,_ZNSt8__detail15_Hashtable_baseIPhS1_NS_9_IdentityESt8equal_toIS1_ESt4hashIS1_ENS_18_Mod_range_hashingENS_20_Default_ranged_hashENS_17_Hashtable_traitsILb0ELb1ELb1EEEE9_S_equalsEmRKNS_21_Hash_node_code_cacheILb0EEE
FNDA:0,_ZNSt8__detail15_Hashtable_baseIPhS1_NS_9_IdentityESt8equal_toIS1_ESt4hashIS1_ENS_18_Mod_range_hashingENS_20_Default_ranged_hashENS_17_Hashtable_traitsILb0ELb1ELb1EEEE9_S_equalsEmRKNS_21_Hash_node_code_cacheILb0EEE
FN:1608,_ZNKSt8__detail15_Hashtable_baseIPhS1_NS_9_IdentityESt8equal_toIS1_ESt4hashIS1_ENS_18_Mod_range_hashingENS_20_Default_ranged_hashENS_17_Hashtable_traitsILb0ELb1ELb1EEEE9_M_equalsERKS1_mRKNS_16_Hash_node_valueIS1_Lb0EEE
FNDA:0,_ZNKSt8__detail15_Hashtable_baseIPhS1_NS_9_IdentityESt8equal_toIS1_ESt4hashIS1_ENS_18_Mod_range_hashingENS_20_Default_ranged_hashENS_17_Hashtable_traitsILb0ELb1ELb1EEEE9_M_equalsERKS1_mRKNS_16_Hash_node_valueIS1_Lb0EEE
FN:1647,_ZNKSt8__detail15_Hashtable_baseIPhS1_NS_9_IdentityESt8equal_toIS1_ESt4hashIS1_ENS_18_Mod_range_hashingENS_20_Default_ranged_hashENS_17_Hashtable_traitsILb0ELb1ELb1EEEE5_M_eqEv
FNDA:0,_ZNKSt8__detail15_Hashtable_baseIPhS1_NS_9_IdentityESt8equal_toIS1_ESt4hashIS1_ENS_18_Mod_range_hashingENS_20_Default_ranged_hashENS_17_Hashtable_traitsILb0ELb1ELb1EEEE5_M_eqEv
FN:1820,_ZNSt8__detail16_Hashtable_allocISaINS_10_Hash_nodeIPhLb0EEEEEC2Ev
FNDA:0,_ZNSt8__detail16_Hashtable_allocISaINS_10_Hash_nodeIPhLb0EEEEEC2Ev
FN:1830,_ZNSt8__detail16_Hashtable_allocISaINS_10_Hash_nodeIPhLb0EEEEE17_M_node_allocatorEv
FNDA:0,_ZNSt8__detail16_Hashtable_allocISaINS_10_Hash_nodeIPhLb0EEEEE17_M_node_allocatorEv
FN:1867,_ZNSt8__detail16_Hashtable_allocISaINS_10_Hash_nodeIPhLb0EEEEE16_M_allocate_nodeIJRS2_EEEPS3_DpOT_
FNDA:0,_ZNSt8__detail16_Hashtable_allocISaINS_10_Hash_nodeIPhLb0EEEEE16_M_allocate_nodeIJRS2_EEEPS3_DpOT_
FN:1889,_ZNSt8__detail16_Hashtable_allocISaINS_10_Hash_nodeIPhLb0EEEEE18_M_deallocate_nodeEPS3_
FNDA:0,_ZNSt8__detail16_Hashtable_allocISaINS_10_Hash_nodeIPhLb0EEEEE18_M_deallocate_nodeEPS3_
FN:1897,_ZNSt8__detail16_Hashtable_allocISaINS_10_Hash_nodeIPhLb0EEEEE22_M_deallocate_node_ptrEPS3_
FNDA:0,_ZNSt8__detail16_Hashtable_allocISaINS_10_Hash_nodeIPhLb0EEEEE22_M_deallocate_node_ptrEPS3_
FN:1919,_ZNSt8__detail16_Hashtable_allocISaINS_10_Hash_nodeIPhLb0EEEEE19_M_allocate_bucketsEm
FNDA:0,_ZNSt8__detail16_Hashtable_allocISaINS_10_Hash_nodeIPhLb0EEEEE19_M_allocate_bucketsEm
FN:1932,_ZNSt8__detail16_Hashtable_allocISaINS_10_Hash_nodeIPhLb0EEEEE21_M_deallocate_bucketsEPPNS_15_Hash_node_baseEm
FNDA:0,_ZNSt8__detail16_Hashtable_allocISaINS_10_Hash_nodeIPhLb0EEEEE21_M_deallocate_bucketsEPPNS_15_Hash_node_baseEm
DA:84,0
DA:85,0
DA:84,0
DA:85,0
DA:218,0
DA:236,0
DA:237,0
DA:240,0
DA:241,0
DA:244,0
DA:245,0
DA:248,0
DA:249,0
DA:281,0
DA:282,0
DA:294,0
DA:295,0
DA:302,0
DA:304,0
DA:337,0
DA:338,0
DA:427,0
DA:429,0
DA:445,0
DA:446,0
DA:472,0
DA:473,0
DA:480,0
DA:481,0
DA:1126,0
DA:1133,0
DA:1133,0
DA:1134,0
DA:1213,0
DA:1217,0
DA:1230,0
DA:1231,0
DA:1234,0
DA:1240,0
DA:1241,0
DA:1252,0
DA:1253,0
DA:1274,0
DA:1584,0
DA:1585,0
DA:1608,0
DA:1614,0
DA:1647,0
DA:1820,0
DA:1830,0
DA:1831,0
DA:1867,0
DA:1870,0
DA:1871,0
DA:1874,0
DA:1875,0
DA:1878,0
DA:1880,0
DA:1882,0
DA:1883,0
DA:1889,0
DA:1891,0
DA:1892,0
DA:1893,0
DA:1897,0
DA:1900,0
DA:1901,0
DA:1902,0
DA:1903,0
DA:1919,0
DA:1922,0
DA:1924,0
DA:1925,0
DA:1926,0
DA:1927,0
DA:1928,0
DA:1932,0
DA:1937,0
DA:1938,0
DA:1939,0
DA:1940,0
end_of_record
SF:/usr/include/c++/11/iostream
end_of_record
SF:/usr/include/c++/11/new
FN:174,_ZnwmPv
FNDA:0,_ZnwmPv
FN:180,_ZdlPvS_
FNDA:0,_ZdlPvS_
DA:174,0
DA:175,0
DA:180,0
end_of_record
SF:/usr/include/c++/11/ext/type_traits.h
FN:152,_ZN9__gnu_cxx17__is_null_pointerIKcEEbPT_
FNDA:0,_ZN9__gnu_cxx17__is_null_pointerIKcEEbPT_
DA:152,0
DA:153,0
end_of_record
SF:/usr/include/c++/11/bits/std_mutex.h
FN:98,_ZNSt5mutex4lockEv
FNDA:0,_ZNSt5mutex4lockEv
FN:115,_ZNSt5mutex6unlockEv
FNDA:0,_ZNSt5mutex6unlockEv
FN:228,_ZNSt10lock_guardISt5mutexEC2ERS0_
FNDA:0,_ZNSt10lock_guardISt5mutexEC2ERS0_
FN:234,_ZNSt10lock_guardISt5mutexED2Ev
FNDA:0,_ZNSt10lock_guardISt5mutexED2Ev
DA:98,0
DA:100,0
DA:103,0
DA:104,0
DA:105,0
DA:115,0
DA:118,0
DA:119,0
DA:228,0
DA:229,0
DA:234,0
DA:235,0
end_of_record
SF:/usr/include/c++/11/bits/stl_function.h
FN:355,_ZNKSt8equal_toIPhEclERKS0_S3_
FNDA:0,_ZNKSt8equal_toIPhEclERKS0_S3_
DA:355,0
DA:356,0
end_of_record
SF:/usr/include/c++/11/bits/vector.tcc
FN:611,_ZNSt6vectorI11AsyncBufferSaIS0_EE17_M_default_appendEm
FNDA:0,_ZNSt6vectorI11AsyncBufferSaIS0_EE17_M_default_appendEm
DA:611,0
DA:614,0
DA:616,0
DA:617,0
DA:618,0
DA:620,0
DA:621,0
DA:623,0
DA:626,0
DA:627,0
DA:628,0
DA:634,0
DA:635,0
DA:640,0
DA:641,0
DA:643,0
DA:645,0
DA:646,0
DA:648,0
DA:649,0
DA:675,0
DA:676,0
DA:677,0
DA:678,0
DA:679,0
DA:680,0
DA:683,0
end_of_record
SF:/usr/include/c++/11/bits/stl_iterator_base_types.h
FN:238,_ZSt19__iterator_categoryIP24napi_property_descriptorENSt15iterator_traitsIT_E17iterator_categoryERKS3_
FNDA:0,_ZSt19__iterator_categoryIP24napi_property_descriptorENSt15iterator_traitsIT_E17iterator_categoryERKS3_
FN:238,_ZSt19__iterator_categoryIPKcENSt15iterator_traitsIT_E17iterator_categoryERKS3_
FNDA:0,_ZSt19__iterator_categoryIPKcENSt15iterator_traitsIT_E17iterator_categoryERKS3_
DA:238,0
DA:239,0
DA:238,0
DA:239,0
end_of_record
SF:/usr/include/c++/11/bits/unordered_set.h
FN:135,_ZNSt13unordered_setIPhSt4hashIS0_ESt8equal_toIS0_ESaIS0_EEC2Ev
FNDA:0,_ZNSt13unordered_setIPhSt4hashIS0_ESt8equal_toIS0_ESaIS0_EEC2Ev
FN:334,_ZNSt13unordered_setIPhSt4hashIS0_ESt8equal_toIS0_ESaIS0_EE3endEv
FNDA:0,_ZNSt13unordered_setIPhSt4hashIS0_ESt8equal_toIS0_ESaIS0_EE3endEv
FN:377,_ZNSt13unordered_setIPhSt4hashIS0_ESt8equal_toIS0_ESaIS0_EE7emplaceIJRS0_EEESt4pairINSt8__detail14_Node_iteratorIS0_Lb1ELb0EEEbEDpOT_
FNDA:0,_ZNSt13unordered_setIPhSt4hashIS0_ESt8equal_toIS0_ESaIS0_EE7emplaceIJRS0_EEESt4pairINSt8__detail14_Node_iteratorIS0_Lb1ELb0EEEbEDpOT_
FN:545,_ZNSt13unordered_setIPhSt4hashIS0_ESt8equal_toIS0_ESaIS0_EE5eraseERKS0_
FNDA:0,_ZNSt13unordered_setIPhSt4hashIS0_ESt8equal_toIS0_ESaIS0_EE5eraseERKS0_
FN:650,_ZNSt13unordered_setIPhSt4hashIS0_ESt8equal_toIS0_ESaIS0_EE4findERKS0_
FNDA:0,_ZNSt13unordered_setIPhSt4hashIS0_ESt8equal_toIS0_ESaIS0_EE4findERKS0_
DA:135,0
DA:334,0
DA:335,0
DA:377,0
DA:378,0
DA:545,0
DA:546,0
DA:650,0
DA:651,0
end_of_record
SF:/usr/include/c++/11/bits/alloc_traits.h
FN:459,_ZNSt16allocator_traitsISaIPNSt8__detail15_Hash_node_baseEEE8allocateERS3_m
FNDA:0,_ZNSt16allocator_traitsISaIPNSt8__detail15_Hash_node_baseEEE8allocateERS3_m
FN:459,_ZNSt16allocator_traitsISaI24napi_property_descriptorEE8allocateERS1_m
FNDA:0,_ZNSt16allocator_traitsISaI24napi_property_descriptorEE8allocateERS1_m
FN:459,_ZNSt16allocator_traitsISaINSt8__detail10_Hash_nodeIPhLb0EEEEE8allocateERS4_m
FNDA:0,_ZNSt16allocator_traitsISaINSt8__detail10_Hash_nodeIPhLb0EEEEE8allocateERS4_m
FN:459,_ZNSt16allocator_traitsISaI11AsyncBufferEE8allocateERS1_m
FNDA:0,_ZNSt16allocator_traitsISaI11AsyncBufferEE8allocateERS1_m
FN:491,_ZNSt16allocator_traitsISaIP12napi_value__EE10deallocateERS2_PS1_m
FNDA:0,_ZNSt16allocator_traitsISaIP12napi_value__EE10deallocateERS2_PS1_m
FN:491,_ZNSt16allocator_traitsISaIPNSt8__detail15_Hash_node_baseEEE10deallocateERS3_PS2_m
FNDA:0,_ZNSt16allocator_traitsISaIPNSt8__detail15_Hash_node_baseEEE10deallocateERS3_PS2_m
FN:491,_ZNSt16allocator_traitsISaI24napi_property_descriptorEE10deallocateERS1_PS0_m
FNDA:0,_ZNSt16allocator_traitsISaI24napi_property_descriptorEE10deallocateERS1_PS0_m
FN:491,_ZNSt16allocator_traitsISaI11AsyncBufferEE10deallocateERS1_PS0_m
FNDA:0,_ZNSt16allocator_traitsISaI11AsyncBufferEE10deallocateERS1_PS0_m
FN:491,_ZNSt16allocator_traitsISaINSt8__detail10_Hash_nodeIPhLb0EEEEE10deallocateERS4_PS3_m
FNDA:0,_ZNSt16allocator_traitsISaINSt8__detail10_Hash_nodeIPhLb0EEEEE10deallocateERS4_PS3_m
FN:507,_ZNSt16allocator_traitsISaI11AsyncBufferEE9constructIS0_JS0_EEEvRS1_PT_DpOT0_
FNDA:0,_ZNSt16allocator_traitsISaI11AsyncBufferEE9constructIS0_JS0_EEEvRS1_PT_DpOT0_
FN:507,_ZNSt16allocator_traitsISaINSt8__detail10_Hash_nodeIPhLb0EEEEE9constructIS2_JRS2_EEEvRS4_PT_DpOT0_
FNDA:0,_ZNSt16allocator_traitsISaINSt8__detail10_Hash_nodeIPhLb0EEEEE9constructIS2_JRS2_EEEvRS4_PT_DpOT0_
FN:527,_ZNSt16allocator_traitsISaINSt8__detail10_Hash_nodeIPhLb0EEEEE7destroyIS2_EEvRS4_PT_
FNDA:0,_ZNSt16allocator_traitsISaINSt8__detail10_Hash_nodeIPhLb0EEEEE7destroyIS2_EEvRS4_PT_
FN:527,_ZNSt16allocator_traitsISaI11AsyncBufferEE7destroyIS0_EEvRS1_PT_
FNDA:0,_ZNSt16allocator_traitsISaI11AsyncBufferEE7destroyIS0_EEvRS1_PT_
FN:543,_ZNSt16allocator_traitsISaI24napi_property_descriptorEE8max_sizeERKS1_
FNDA:0,_ZNSt16allocator_traitsISaI24napi_property_descriptorEE8max_sizeERKS1_
FN:543,_ZNSt16allocator_traitsISaI11AsyncBufferEE8max_sizeERKS1_
FNDA:0,_ZNSt16allocator_traitsISaI11AsyncBufferEE8max_sizeERKS1_
FN:743,_ZSt8_DestroyIP24napi_property_descriptorS0_EvT_S2_RSaIT0_E
FNDA:0,_ZSt8_DestroyIP24napi_property_descriptorS0_EvT_S2_RSaIT0_E
FN:743,_ZSt8_DestroyIP11AsyncBufferS0_EvT_S2_RSaIT0_E
FNDA:0,_ZSt8_DestroyIP11AsyncBufferS0_EvT_S2_RSaIT0_E
FN:743,_ZSt8_DestroyIPP12napi_value__S1_EvT_S3_RSaIT0_E
FNDA:0,_ZSt8_DestroyIPP12napi_value__S1_EvT_S3_RSaIT0_E
DA:459,0
DA:460,0
DA:459,0
DA:460,0
DA:459,0
DA:460,0
DA:459,0
DA:460,0
DA:491,0
DA:492,0
DA:491,0
DA:492,0
DA:491,0
DA:492,0
DA:491,0
DA:492,0
DA:491,0
DA:492,0
DA:507,0
DA:512,0
DA:516,0
DA:507,0
DA:512,0
DA:516,0
DA:527,0
DA:531,0
DA:535,0
DA:527,0
DA:531,0
DA:535,0
DA:543,0
DA:546,0
DA:543,0
DA:546,0
DA:743,0
DA:746,0
DA:747,0
DA:743,0
DA:746,0
DA:747,0
DA:743,0
DA:746,0
DA:747,0
end_of_record
SF:/usr/include/c++/11/bits/charconv.h
FN:47,_ZNSt8__detail14__to_chars_lenIjEEjT_i
FNDA:0,_ZNSt8__detail14__to_chars_lenIjEEjT_i
FN:72,_ZNSt8__detail18__to_chars_10_implIjEEvPcjT_
FNDA:0,_ZNSt8__detail18__to_chars_10_implIjEEvPcjT_
DA:47,0
DA:52,0
DA:53,0
DA:54,0
DA:55,0
DA:58,0
DA:59,0
DA:60,0
DA:61,0
DA:62,0
DA:63,0
DA:72,0
DA:83,0
DA:84,0
DA:86,0
DA:87,0
DA:88,0
DA:89,0
DA:90,0
DA:92,0
DA:94,0
DA:95,0
DA:96,0
DA:99,0
DA:100,0
end_of_record
SF:/usr/include/c++/11/bits/stl_construct.h
FN:108,_ZSt10_ConstructI24napi_property_descriptorJEEvPT_DpOT0_
FNDA:0,_ZSt10_ConstructI24napi_property_descriptorJEEvPT_DpOT0_
FN:108,_ZSt10_ConstructI11AsyncBufferJEEvPT_DpOT0_
FNDA:0,_ZSt10_ConstructI11AsyncBufferJEEvPT_DpOT0_
FN:161,_ZNSt12_Destroy_auxILb1EE9__destroyIP24napi_property_descriptorEEvT_S4_
FNDA:0,_ZNSt12_Destroy_auxILb1EE9__destroyIP24napi_property_descriptorEEvT_S4_
FN:161,_ZNSt12_Destroy_auxILb1EE9__destroyIP11AsyncBufferEEvT_S4_
FNDA:0,_ZNSt12_Destroy_auxILb1EE9__destroyIP11AsyncBufferEEvT_S4_
FN:161,_ZNSt12_Destroy_auxILb1EE9__destroyIPP12napi_value__EEvT_S5_
FNDA:0,_ZNSt12_Destroy_auxILb1EE9__destroyIPP12napi_value__EEvT_S5_
FN:171,_ZSt8_DestroyIP24napi_property_descriptorEvT_S2_
FNDA:0,_ZSt8_DestroyIP24napi_property_descriptorEvT_S2_
FN:171,_ZSt8_DestroyIP11AsyncBufferEvT_S2_
FNDA:0,_ZSt8_DestroyIP11AsyncBufferEvT_S2_
FN:171,_ZSt8_DestroyIPP12napi_value__EvT_S3_
FNDA:0,_ZSt8_DestroyIPP12napi_value__EvT_S3_
DA:108,0
DA:109,0
DA:108,0
DA:109,0
DA:161,0
DA:161,0
DA:161,0
DA:171,0
DA:185,0
DA:186,0
DA:171,0
DA:185,0
DA:186,0
DA:171,0
DA:185,0
DA:186,0
end_of_record
SF:/usr/include/c++/11/ext/new_allocator.h
FN:79,_ZN9__gnu_cxx13new_allocatorIcEC2Ev
FNDA:0,_ZN9__gnu_cxx13new_allocatorIcEC2Ev
FN:79,_ZN9__gnu_cxx13new_allocatorI11AsyncBufferEC2Ev
FNDA:0,_ZN9__gnu_cxx13new_allocatorI11AsyncBufferEC2Ev
FN:79,_ZN9__gnu_cxx13new_allocatorI24napi_property_descriptorEC2Ev
FNDA:0,_ZN9__gnu_cxx13new_allocatorI24napi_property_descriptorEC2Ev
FN:79,_ZN9__gnu_cxx13new_allocatorIPNSt8__detail15_Hash_node_baseEEC2Ev
FNDA:0,_ZN9__gnu_cxx13new_allocatorIPNSt8__detail15_Hash_node_baseEEC2Ev
FN:79,_ZN9__gnu_cxx13new_allocatorIP12napi_value__EC2Ev
FNDA:0,_ZN9__gnu_cxx13new_allocatorIP12napi_value__EC2Ev
FN:79,_ZN9__gnu_cxx13new_allocatorINSt8__detail10_Hash_nodeIPhLb0EEEEC2Ev
FNDA:0,_ZN9__gnu_cxx13new_allocatorINSt8__detail10_Hash_nodeIPhLb0EEEEC2Ev
FN:82,_ZN9__gnu_cxx13new_allocatorI24napi_property_descriptorEC2ERKS2_
FNDA:0,_ZN9__gnu_cxx13new_allocatorI24napi_property_descriptorEC2ERKS2_
FN:89,_ZN9__gnu_cxx13new_allocatorI24napi_property_descriptorED2Ev
FNDA:0,_ZN9__gnu_cxx13new_allocatorI24napi_property_descriptorED2Ev
FN:89,_ZN9__gnu_cxx13new_allocatorI11AsyncBufferED2Ev
FNDA:0,_ZN9__gnu_cxx13new_allocatorI11AsyncBufferED2Ev
FN:89,_ZN9__gnu_cxx13new_allocatorIPNSt8__detail15_Hash_node_baseEED2Ev
FNDA:0,_ZN9__gnu_cxx13new_allocatorIPNSt8__detail15_Hash_node_baseEED2Ev
FN:89,_ZN9__gnu_cxx13new_allocatorIP12napi_value__ED2Ev
FNDA:0,_ZN9__gnu_cxx13new_allocatorIP12napi_value__ED2Ev
FN:89,_ZN9__gnu_cxx13new_allocatorIcED2Ev
FNDA:0,_ZN9__gnu_cxx13new_allocatorIcED2Ev
FN:103,_ZN9__gnu_cxx13new_allocatorI11AsyncBufferE8allocateEmPKv
FNDA:0,_ZN9__gnu_cxx13new_allocatorI11AsyncBufferE8allocateEmPKv
FN:103,_ZN9__gnu_cxx13new_allocatorINSt8__detail10_Hash_nodeIPhLb0EEEE8allocateEmPKv
FNDA:0,_ZN9__gnu_cxx13new_allocatorINSt8__detail10_Hash_nodeIPhLb0EEEE8allocateEmPKv
FN:103,_ZN9__gnu_cxx13new_allocatorI24napi_property_descriptorE8allocateEmPKv
FNDA:0,_ZN9__gnu_cxx13new_allocatorI24napi_property_descriptorE8allocateEmPKv
FN:103,_ZN9__gnu_cxx13new_allocatorIPNSt8__detail15_Hash_node_baseEE8allocateEmPKv
FNDA:0,_ZN9__gnu_cxx13new_allocatorIPNSt8__detail15_Hash_node_baseEE8allocateEmPKv
FN:132,_ZN9__gnu_cxx13new_allocatorI11AsyncBufferE10deallocateEPS1_m
FNDA:0,_ZN9__gnu_cxx13new_allocatorI11AsyncBufferE10deallocateEPS1_m
FN:132,_ZN9__gnu_cxx13new_allocatorINSt8__detail10_Hash_nodeIPhLb0EEEE10deallocateEPS4_m
FNDA:0,_ZN9__gnu_cxx13new_allocatorINSt8__detail10_Hash_nodeIPhLb0EEEE10deallocateEPS4_m
FN:132,_ZN9__gnu_cxx13new_allocatorIP12napi_value__E10deallocateEPS2_m
FNDA:0,_ZN9__gnu_cxx13new_allocatorIP12napi_value__E10deallocateEPS2_m
FN:132,_ZN9__gnu_cxx13new_allocatorI24napi_property_descriptorE10deallocateEPS1_m
FNDA:0,_ZN9__gnu_cxx13new_allocatorI24napi_property_descriptorE10deallocateEPS1_m
FN:132,_ZN9__gnu_cxx13new_allocatorIPNSt8__detail15_Hash_node_baseEE10deallocateEPS3_m
FNDA:0,_ZN9__gnu_cxx13new_allocatorIPNSt8__detail15_Hash_node_baseEE10deallocateEPS3_m
FN:154,_ZNK9__gnu_cxx13new_allocatorI24napi_property_descriptorE8max_sizeEv
FNDA:0,_ZNK9__gnu_cxx13new_allocatorI24napi_property_descriptorE8max_sizeEv
FN:154,_ZNK9__gnu_cxx13new_allocatorI11AsyncBufferE8max_sizeEv
FNDA:0,_ZNK9__gnu_cxx13new_allocatorI11AsyncBufferE8max_sizeEv
FN:160,_ZN9__gnu_cxx13new_allocatorI11AsyncBufferE9constructIS1_JS1_EEEvPT_DpOT0_
FNDA:0,_ZN9__gnu_cxx13new_allocatorI11AsyncBufferE9constructIS1_JS1_EEEvPT_DpOT0_
FN:160,_ZN9__gnu_cxx13new_allocatorINSt8__detail10_Hash_nodeIPhLb0EEEE9constructIS3_JRS3_EEEvPT_DpOT0_
FNDA:0,_ZN9__gnu_cxx13new_allocatorINSt8__detail10_Hash_nodeIPhLb0EEEE9constructIS3_JRS3_EEEvPT_DpOT0_
FN:166,_ZN9__gnu_cxx13new_allocatorINSt8__detail10_Hash_nodeIPhLb0EEEE7destroyIS3_EEvPT_
FNDA:0,_ZN9__gnu_cxx13new_allocatorINSt8__detail10_Hash_nodeIPhLb0EEEE7destroyIS3_EEvPT_
FN:166,_ZN9__gnu_cxx13new_allocatorI11AsyncBufferE7destroyIS1_EEvPT_
FNDA:0,_ZN9__gnu_cxx13new_allocatorI11AsyncBufferE7destroyIS1_EEvPT_
FN:197,_ZNK9__gnu_cxx13new_allocatorINSt8__detail10_Hash_nodeIPhLb0EEEE11_M_max_sizeEv
FNDA:0,_ZNK9__gnu_cxx13new_allocatorINSt8__detail10_Hash_nodeIPhLb0EEEE11_M_max_sizeEv
FN:197,_ZNK9__gnu_cxx13new_allocatorI11AsyncBufferE11_M_max_sizeEv
FNDA:0,_ZNK9__gnu_cxx13new_allocatorI11AsyncBufferE11_M_max_sizeEv
FN:197,_ZNK9__gnu_cxx13new_allocatorI24napi_property_descriptorE11_M_max_sizeEv
FNDA:0,_ZNK9__gnu_cxx13new_allocatorI24napi_property_descriptorE11_M_max_sizeEv
FN:197,_ZNK9__gnu_cxx13new_allocatorIPNSt8__detail15_Hash_node_baseEE11_M_max_sizeEv
FNDA:0,_ZNK9__gnu_cxx13new_allocatorIPNSt8__detail15_Hash_node_baseEE11_M_max_sizeEv
DA:79,0
DA:79,0
DA:79,0
DA:79,0
DA:79,0
DA:79,0
DA:82,0
DA:89,0
DA:89,0
DA:89,0
DA:89,0
DA:89,0
DA:103,0
DA:111,0
DA:115,0
DA:116,0
DA:117,0
DA:127,0
DA:103,0
DA:111,0
DA:115,0
DA:116,0
DA:117,0
DA:127,0
DA:103,0
DA:111,0
DA:115,0
DA:116,0
DA:117,0
DA:127,0
DA:103,0
DA:111,0
DA:115,0
DA:116,0
DA:117,0
DA:127,0
DA:132,0
DA:145,0
DA:132,0
DA:145,0
DA:132,0
DA:145,0
DA:132,0
DA:145,0
DA:132,0
DA:145,0
DA:154,0
DA:155,0
DA:154,0
DA:155,0
DA:160,0
DA:162,0
DA:160,0
DA:162,0
DA:166,0
DA:168,0
DA:166,0
DA:168,0
DA:197,0
DA:200,0
DA:197,0
DA:200,0
DA:197,0
DA:200,0
DA:197,0
DA:200,0
end_of_record
SF:/usr/include/x86_64-linux-gnu/c++/11/bits/gthr-default.h
FN:248,_ZL18__gthread_active_pv
FNDA:0,_ZL18__gthread_active_pv
FN:746,_ZL20__gthread_mutex_lockP15pthread_mutex_t
FNDA:0,_ZL20__gthread_mutex_lockP15pthread_mutex_t
FN:776,_ZL22__gthread_mutex_unlockP15pthread_mutex_t
FNDA:0,_ZL22__gthread_mutex_unlockP15pthread_mutex_t
DA:248,0
DA:252,0
DA:746,0
DA:748,0
DA:749,0
DA:751,0
DA:776,0
DA:778,0
DA:779,0
DA:781,0
end_of_record
SF:/usr/include/c++/11/bits/exception.h
FN:64,_ZNSt9exceptionC2Ev
FNDA:0,_ZNSt9exceptionC2Ev
DA:64,0
end_of_record
SF:/usr/include/c++/11/bits/stl_iterator_base_funcs.h
FN:98,_ZSt10__distanceIPKcENSt15iterator_traitsIT_E15difference_typeES3_S3_St26random_access_iterator_tag
FNDA:0,_ZSt10__distanceIPKcENSt15iterator_traitsIT_E15difference_typeES3_S3_St26random_access_iterator_tag
FN:138,_ZSt8distanceIPKcENSt15iterator_traitsIT_E15difference_typeES3_S3_
FNDA:0,_ZSt8distanceIPKcENSt15iterator_traitsIT_E15difference_typeES3_S3_
DA:98,0
DA:104,0
DA:138,0
DA:141,0
DA:142,0
end_of_record
SF:/usr/include/c++/11/bits/allocator.h
FN:168,_ZNSaI11AsyncBufferEC2Ev
FNDA:0,_ZNSaI11AsyncBufferEC2Ev
FN:168,_ZNSaI24napi_property_descriptorEC2Ev
FNDA:0,_ZNSaI24napi_property_descriptorEC2Ev
FN:168,_ZNSaIP12napi_value__EC2Ev
FNDA:0,_ZNSaIP12napi_value__EC2Ev
FN:168,_ZNSaINSt8__detail10_Hash_nodeIPhLb0EEEEC2Ev
FNDA:0,_ZNSaINSt8__detail10_Hash_nodeIPhLb0EEEEC2Ev
FN:171,_ZNSaI24napi_property_descriptorEC2ERKS0_
FNDA:0,_ZNSaI24napi_property_descriptorEC2ERKS0_
FN:181,_ZNSaIPNSt8__detail15_Hash_node_baseEEC2INS_10_Hash_nodeIPhLb0EEEEERKSaIT_E
FNDA:0,_ZNSaIPNSt8__detail15_Hash_node_baseEEC2INS_10_Hash_nodeIPhLb0EEEEERKSaIT_E
FN:186,_ZNSaIPNSt8__detail15_Hash_node_baseEED2Ev
FNDA:0,_ZNSaIPNSt8__detail15_Hash_node_baseEED2Ev
FN:186,_ZNSaI11AsyncBufferED2Ev
FNDA:0,_ZNSaI11AsyncBufferED2Ev
FN:186,_ZNSaI24napi_property_descriptorED2Ev
FNDA:0,_ZNSaI24napi_property_descriptorED2Ev
FN:186,_ZNSaIP12napi_value__ED2Ev
FNDA:0,_ZNSaIP12napi_value__ED2Ev
DA:168,0
DA:168,0
DA:168,0
DA:168,0
DA:171,0
DA:172,0
DA:181,0
DA:186,0
DA:186,0
DA:186,0
DA:186,0
end_of_record
SF:/usr/include/c++/11/bits/functional_hash.h
FN:110,_ZNKSt4hashIPhEclES0_
FNDA:0,_ZNKSt4hashIPhEclES0_
DA:110,0
DA:111,0
end_of_record
SF:/usr/include/c++/11/bits/ptr_traits.h
FN:146,_ZNSt14pointer_traitsIPNSt8__detail10_Hash_nodeIPhLb0EEEE10pointer_toERS3_
FNDA:0,_ZNSt14pointer_traitsIPNSt8__detail10_Hash_nodeIPhLb0EEEE10pointer_toERS3_
FN:146,_ZNSt14pointer_traitsIPPNSt8__detail15_Hash_node_baseEE10pointer_toERS2_
FNDA:0,_ZNSt14pointer_traitsIPPNSt8__detail15_Hash_node_baseEE10pointer_toERS2_
FN:156,_ZSt12__to_addressIPNSt8__detail15_Hash_node_baseEEPT_S4_
FNDA:0,_ZSt12__to_addressIPNSt8__detail15_Hash_node_baseEEPT_S4_
FN:156,_ZSt12__to_addressINSt8__detail10_Hash_nodeIPhLb0EEEEPT_S5_
FNDA:0,_ZSt12__to_addressINSt8__detail10_Hash_nodeIPhLb0EEEEPT_S5_
DA:146,0
DA:147,0
DA:146,0
DA:147,0
DA:156,0
DA:159,0
DA:156,0
DA:159,0
end_of_record
SF:/usr/include/c++/11/bits/stl_algobase.h
FN:230,_ZSt3minIjERKT_S2_S2_
FNDA:0,_ZSt3minIjERKT_S2_S2_
FN:230,_ZSt3minImERKT_S2_S2_
FNDA:0,_ZSt3minImERKT_S2_S2_
FN:254,_ZSt3maxImERKT_S2_S2_
FNDA:0,_ZSt3maxImERKT_S2_S2_
FN:313,_ZSt12__niter_baseIP11AsyncBufferET_S2_
FNDA:0,_ZSt12__niter_baseIP11AsyncBufferET_S2_
FN:908,_ZSt9__fill_a1IP24napi_property_descriptorS0_EN9__gnu_cxx11__enable_ifIXntsrSt11__is_scalarIT0_E7__valueEvE6__typeET_S9_RKS5_
FNDA:0,_ZSt9__fill_a1IP24napi_property_descriptorS0_EN9__gnu_cxx11__enable_ifIXntsrSt11__is_scalarIT0_E7__valueEvE6__typeET_S9_RKS5_
FN:968,_ZSt8__fill_aIP24napi_property_descriptorS0_EvT_S2_RKT0_
FNDA:0,_ZSt8__fill_aIP24napi_property_descriptorS0_EvT_S2_RKT0_
FN:1010,_ZSt17__size_to_integerm
FNDA:0,_ZSt17__size_to_integerm
FN:1109,_ZSt10__fill_n_aIP24napi_property_descriptormS0_ET_S2_T0_RKT1_St26random_access_iterator_tag
FNDA:0,_ZSt10__fill_n_aIP24napi_property_descriptormS0_ET_S2_T0_RKT1_St26random_access_iterator_tag
FN:1144,_ZSt6fill_nIP24napi_property_descriptormS0_ET_S2_T0_RKT1_
FNDA:0,_ZSt6fill_nIP24napi_property_descriptormS0_ET_S2_T0_RKT1_
DA:230,0
DA:235,0
DA:236,0
DA:237,0
DA:230,0
DA:235,0
DA:236,0
DA:237,0
DA:254,0
DA:259,0
DA:260,0
DA:261,0
DA:313,0
DA:315,0
DA:908,0
DA:911,0
DA:912,0
DA:913,0
DA:968,0
DA:969,0
DA:1010,0
DA:1109,0
DA:1115,0
DA:1116,0
DA:1120,0
DA:1121,0
DA:1144,0
DA:1149,0
DA:1150,0
end_of_record
SF:/usr/include/c++/11/bits/char_traits.h
FN:106,_ZN9__gnu_cxx11char_traitsIcE2eqERKcS3_
FNDA:0,_ZN9__gnu_cxx11char_traitsIcE2eqERKcS3_
FN:167,_ZN9__gnu_cxx11char_traitsIcE6lengthEPKc
FNDA:0,_ZN9__gnu_cxx11char_traitsIcE6lengthEPKc
FN:365,_ZNSt11char_traitsIcE6lengthEPKc
FNDA:0,_ZNSt11char_traitsIcE6lengthEPKc
FN:401,_ZNSt11char_traitsIcE4copyEPcPKcm
FNDA:0,_ZNSt11char_traitsIcE4copyEPcPKcm
DA:106,0
DA:107,0
DA:167,0
DA:170,0
DA:171,0
DA:172,0
DA:173,0
DA:262,0
DA:365,0
DA:368,0
DA:369,0
DA:371,0
DA:401,0
DA:403,0
DA:404,0
DA:409,0
end_of_record
SF:/home/david/shared-memory-disruptor/node_modules/node-addon-api/napi-inl.h
FN:29,_ZN4Napi7detailsL10AttachDataINS_18MethodCallbackDataI9DisruptorPFNS_5ValueERKNS_12CallbackInfoEEEEEE11napi_statusP10napi_env__P12napi_value__PT_PFvSD_PvSI_ESI_
FNDA:0,_ZN4Napi7detailsL10AttachDataINS_18MethodCallbackDataI9DisruptorPFNS_5ValueERKNS_12CallbackInfoEEEEEE11napi_statusP10napi_env__P12napi_value__PT_PFvSD_PvSI_ESI_
FN:29,_ZN4Napi7detailsL10AttachDataINS_18MethodCallbackDataI9DisruptorMS3_FvRKNS_12CallbackInfoEEEEEE11napi_statusP10napi_env__P12napi_value__PT_PFvSC_PvSH_ESH_
FNDA:0,_ZN4Napi7detailsL10AttachDataINS_18MethodCallbackDataI9DisruptorMS3_FvRKNS_12CallbackInfoEEEEEE11napi_statusP10napi_env__P12napi_value__PT_PFvSC_PvSH_ESH_
FN:29,_ZN4Napi7detailsL10AttachDataINS_20AccessorCallbackDataI9DisruptorMS3_FNS_5ValueERKNS_12CallbackInfoEEMS3_FvS7_RKS4_EEEEE11napi_statusP10napi_env__P12napi_value__PT_PFvSH_PvSM_ESM_
FNDA:0,_ZN4Napi7detailsL10AttachDataINS_20AccessorCallbackDataI9DisruptorMS3_FNS_5ValueERKNS_12CallbackInfoEEMS3_FvS7_RKS4_EEEEE11napi_statusP10napi_env__P12napi_value__PT_PFvSH_PvSM_ESM_
FN:29,_ZN4Napi7detailsL10AttachDataINS_20AccessorCallbackDataI9DisruptorPFNS_5ValueERKNS_12CallbackInfoEEPFvS7_RKS4_EEEEE11napi_statusP10napi_env__P12napi_value__PT_PFvSH_PvSM_ESM_
FNDA:0,_ZN4Napi7detailsL10AttachDataINS_20AccessorCallbackDataI9DisruptorPFNS_5ValueERKNS_12CallbackInfoEEPFvS7_RKS4_EEEEE11napi_statusP10napi_env__P12napi_value__PT_PFvSH_PvSM_ESM_
FN:29,_ZN4Napi7detailsL10AttachDataINS_18MethodCallbackDataI9DisruptorPFvRKNS_12CallbackInfoEEEEEE11napi_statusP10napi_env__P12napi_value__PT_PFvSC_PvSH_ESH_
FNDA:0,_ZN4Napi7detailsL10AttachDataINS_18MethodCallbackDataI9DisruptorPFvRKNS_12CallbackInfoEEEEEE11napi_statusP10napi_env__P12napi_value__PT_PFvSC_PvSH_ESH_
FN:29,_ZN4Napi7detailsL10AttachDataINS_18MethodCallbackDataI9DisruptorMS3_FNS_5ValueERKNS_12CallbackInfoEEEEEE11napi_statusP10napi_env__P12napi_value__PT_PFvSD_PvSI_ESI_
FNDA:0,_ZN4Napi7detailsL10AttachDataINS_18MethodCallbackDataI9DisruptorMS3_FNS_5ValueERKNS_12CallbackInfoEEEEEE11napi_statusP10napi_env__P12napi_value__PT_PFvSD_PvSI_ESI_
FN:36,_ZZN4Napi7detailsL10AttachDataINS_18MethodCallbackDataI9DisruptorPFNS_5ValueERKNS_12CallbackInfoEEEEEE11napi_statusP10napi_env__P12napi_value__PT_PFvSD_PvSI_ESI_ENKUlSD_SI_SI_E_clESD_SI_SI_
FNDA:0,_ZZN4Napi7detailsL10AttachDataINS_18MethodCallbackDataI9DisruptorPFNS_5ValueERKNS_12CallbackInfoEEEEEE11napi_statusP10napi_env__P12napi_value__PT_PFvSD_PvSI_ESI_ENKUlSD_SI_SI_E_clESD_SI_SI_
FN:36,_ZZN4Napi7detailsL10AttachDataINS_18MethodCallbackDataI9DisruptorMS3_FvRKNS_12CallbackInfoEEEEEE11napi_statusP10napi_env__P12napi_value__PT_PFvSC_PvSH_ESH_ENKUlSC_SH_SH_E_clESC_SH_SH_
FNDA:0,_ZZN4Napi7detailsL10AttachDataINS_18MethodCallbackDataI9DisruptorMS3_FvRKNS_12CallbackInfoEEEEEE11napi_statusP10napi_env__P12napi_value__PT_PFvSC_PvSH_ESH_ENKUlSC_SH_SH_E_clESC_SH_SH_
FN:36,_ZZN4Napi7detailsL10AttachDataINS_20AccessorCallbackDataI9DisruptorPFNS_5ValueERKNS_12CallbackInfoEEPFvS7_RKS4_EEEEE11napi_statusP10napi_env__P12napi_value__PT_PFvSH_PvSM_ESM_ENKUlSH_SM_SM_E_clESH_SM_SM_
FNDA:0,_ZZN4Napi7detailsL10AttachDataINS_20AccessorCallbackDataI9DisruptorPFNS_5ValueERKNS_12CallbackInfoEEPFvS7_RKS4_EEEEE11napi_statusP10napi_env__P12napi_value__PT_PFvSH_PvSM_ESM_ENKUlSH_SM_SM_E_clESH_SM_SM_
FN:36,_ZZN4Napi7detailsL10AttachDataINS_18MethodCallbackDataI9DisruptorMS3_FNS_5ValueERKNS_12CallbackInfoEEEEEE11napi_statusP10napi_env__P12napi_value__PT_PFvSD_PvSI_ESI_ENKUlSD_SI_SI_E_clESD_SI_SI_
FNDA:0,_ZZN4Napi7detailsL10AttachDataINS_18MethodCallbackDataI9DisruptorMS3_FNS_5ValueERKNS_12CallbackInfoEEEEEE11napi_statusP10napi_env__P12napi_value__PT_PFvSD_PvSI_ESI_ENKUlSD_SI_SI_E_clESD_SI_SI_
FN:36,_ZZN4Napi7detailsL10AttachDataINS_20AccessorCallbackDataI9DisruptorMS3_FNS_5ValueERKNS_12CallbackInfoEEMS3_FvS7_RKS4_EEEEE11napi_statusP10napi_env__P12napi_value__PT_PFvSH_PvSM_ESM_ENKUlSH_SM_SM_E_clESH_SM_SM_
FNDA:0,_ZZN4Napi7detailsL10AttachDataINS_20AccessorCallbackDataI9DisruptorMS3_FNS_5ValueERKNS_12CallbackInfoEEMS3_FvS7_RKS4_EEEEE11napi_statusP10napi_env__P12napi_value__PT_PFvSH_PvSM_ESM_ENKUlSH_SM_SM_E_clESH_SM_SM_
FN:36,_ZZN4Napi7detailsL10AttachDataINS_18MethodCallbackDataI9DisruptorPFvRKNS_12CallbackInfoEEEEEE11napi_statusP10napi_env__P12napi_value__PT_PFvSC_PvSH_ESH_ENKUlSC_SH_SH_E_clESC_SH_SH_
FNDA:0,_ZZN4Napi7detailsL10AttachDataINS_18MethodCallbackDataI9DisruptorPFvRKNS_12CallbackInfoEEEEEE11napi_statusP10napi_env__P12napi_value__PT_PFvSC_PvSH_ESH_ENKUlSC_SH_SH_E_clESC_SH_SH_
FN:72,_ZN4Napi7details12WrapCallbackIZNS0_L25TemplatedInstanceCallbackI9DisruptorXadL_ZNS3_12GetConsumersERKNS_12CallbackInfoEEEEEP12napi_value__P10napi_env__P20napi_callback_info__EUlvE_EES8_T_
FNDA:0,_ZN4Napi7details12WrapCallbackIZNS0_L25TemplatedInstanceCallbackI9DisruptorXadL_ZNS3_12GetConsumersERKNS_12CallbackInfoEEEEEP12napi_value__P10napi_env__P20napi_callback_info__EUlvE_EES8_T_
FN:72,_ZN4Napi7details12WrapCallbackIZNS0_L25TemplatedInstanceCallbackI9DisruptorXadL_ZNS3_9GetStatusERKNS_12CallbackInfoEEEEEP12napi_value__P10napi_env__P20napi_callback_info__EUlvE_EES8_T_
FNDA:0,_ZN4Napi7details12WrapCallbackIZNS0_L25TemplatedInstanceCallbackI9DisruptorXadL_ZNS3_9GetStatusERKNS_12CallbackInfoEEEEEP12napi_value__P10napi_env__P20napi_callback_info__EUlvE_EES8_T_
FN:72,_ZN4Napi7details12WrapCallbackIZNS0_L25TemplatedInstanceCallbackI9DisruptorXadL_ZNS3_7GetSpinERKNS_12CallbackInfoEEEEEP12napi_value__P10napi_env__P20napi_callback_info__EUlvE_EES8_T_
FNDA:0,_ZN4Napi7details12WrapCallbackIZNS0_L25TemplatedInstanceCallbackI9DisruptorXadL_ZNS3_7GetSpinERKNS_12CallbackInfoEEEEEP12napi_value__P10napi_env__P20napi_callback_info__EUlvE_EES8_T_
FN:72,_ZN4Napi7details12WrapCallbackIZNS0_L25TemplatedInstanceCallbackI9DisruptorXadL_ZNS3_14GetElementSizeERKNS_12CallbackInfoEEEEEP12napi_value__P10napi_env__P20napi_callback_info__EUlvE_EES8_T_
FNDA:0,_ZN4Napi7details12WrapCallbackIZNS0_L25TemplatedInstanceCallbackI9DisruptorXadL_ZNS3_14GetElementSizeERKNS_12CallbackInfoEEEEEP12napi_value__P10napi_env__P20napi_callback_info__EUlvE_EES8_T_
FN:72,_ZN4Napi7details12WrapCallbackIZNS0_L25TemplatedInstanceCallbackI9DisruptorXadL_ZNS3_7GetNextERKNS_12CallbackInfoEEEEEP12napi_value__P10napi_env__P20napi_callback_info__EUlvE_EES8_T_
FNDA:0,_ZN4Napi7details12WrapCallbackIZNS0_L25TemplatedInstanceCallbackI9DisruptorXadL_ZNS3_7GetNextERKNS_12CallbackInfoEEEEEP12napi_value__P10napi_env__P20napi_callback_info__EUlvE_EES8_T_
FN:72,_ZN4Napi7details12WrapCallbackIZNS0_L25TemplatedInstanceCallbackI9DisruptorXadL_ZNS3_9GetCursorERKNS_12CallbackInfoEEEEEP12napi_value__P10napi_env__P20napi_callback_info__EUlvE_EES8_T_
FNDA:0,_ZN4Napi7details12WrapCallbackIZNS0_L25TemplatedInstanceCallbackI9DisruptorXadL_ZNS3_9GetCursorERKNS_12CallbackInfoEEEEEP12napi_value__P10napi_env__P20napi_callback_info__EUlvE_EES8_T_
FN:72,_ZN4Napi7details12WrapCallbackIZNS0_L29TemplatedInstanceVoidCallbackI9DisruptorXadL_ZNS3_18ProduceCommitAsyncERKNS_12CallbackInfoEEEEEP12napi_value__P10napi_env__P20napi_callback_info__EUlvE_EES8_T_
FNDA:0,_ZN4Napi7details12WrapCallbackIZNS0_L29TemplatedInstanceVoidCallbackI9DisruptorXadL_ZNS3_18ProduceCommitAsyncERKNS_12CallbackInfoEEEEEP12napi_value__P10napi_env__P20napi_callback_info__EUlvE_EES8_T_
FN:72,_ZN4Napi7details12WrapCallbackIZNS0_L25TemplatedInstanceCallbackI9DisruptorXadL_ZNS3_11GetElementsERKNS_12CallbackInfoEEEEEP12napi_value__P10napi_env__P20napi_callback_info__EUlvE_EES8_T_
FNDA:0,_ZN4Napi7details12WrapCallbackIZNS0_L25TemplatedInstanceCallbackI9DisruptorXadL_ZNS3_11GetElementsERKNS_12CallbackInfoEEEEEP12napi_value__P10napi_env__P20napi_callback_info__EUlvE_EES8_T_
FN:72,_ZN4Napi7details12WrapCallbackIZNS0_L25TemplatedInstanceCallbackI9DisruptorXadL_ZNS3_11GetConsumerERKNS_12CallbackInfoEEEEEP12napi_value__P10napi_env__P20napi_callback_info__EUlvE_EES8_T_
FNDA:0,_ZN4Napi7details12WrapCallbackIZNS0_L25TemplatedInstanceCallbackI9DisruptorXadL_ZNS3_11GetConsumerERKNS_12CallbackInfoEEEEEP12napi_value__P10napi_env__P20napi_callback_info__EUlvE_EES8_T_
FN:72,_ZN4Napi7details12WrapCallbackIZNS0_L25TemplatedInstanceCallbackI9DisruptorXadL_ZNS3_19GetPendingSeqCursorERKNS_12CallbackInfoEEEEEP12napi_value__P10napi_env__P20napi_callback_info__EUlvE_EES8_T_
FNDA:0,_ZN4Napi7details12WrapCallbackIZNS0_L25TemplatedInstanceCallbackI9DisruptorXadL_ZNS3_19GetPendingSeqCursorERKNS_12CallbackInfoEEEEEP12napi_value__P10napi_env__P20napi_callback_info__EUlvE_EES8_T_
FN:72,_ZN4Napi7details12WrapCallbackIZNS0_L29TemplatedInstanceVoidCallbackI9DisruptorXadL_ZNS3_15ConsumeNewAsyncERKNS_12CallbackInfoEEEEEP12napi_value__P10napi_env__P20napi_callback_info__EUlvE_EES8_T_
FNDA:0,_ZN4Napi7details12WrapCallbackIZNS0_L29TemplatedInstanceVoidCallbackI9DisruptorXadL_ZNS3_15ConsumeNewAsyncERKNS_12CallbackInfoEEEEEP12napi_value__P10napi_env__P20napi_callback_info__EUlvE_EES8_T_
FN:72,_ZN4Napi7details12WrapCallbackIZNS0_L29TemplatedInstanceVoidCallbackI9DisruptorXadL_ZNS3_17ProduceClaimAsyncERKNS_12CallbackInfoEEEEEP12napi_value__P10napi_env__P20napi_callback_info__EUlvE_EES8_T_
FNDA:0,_ZN4Napi7details12WrapCallbackIZNS0_L29TemplatedInstanceVoidCallbackI9DisruptorXadL_ZNS3_17ProduceClaimAsyncERKNS_12CallbackInfoEEEEEP12napi_value__P10napi_env__P20napi_callback_info__EUlvE_EES8_T_
FN:72,_ZN4Napi7details12WrapCallbackIZNS0_L29TemplatedInstanceVoidCallbackI9DisruptorXadL_ZNS3_21ProduceClaimManyAsyncERKNS_12CallbackInfoEEEEEP12napi_value__P10napi_env__P20napi_callback_info__EUlvE_EES8_T_
FNDA:0,_ZN4Napi7details12WrapCallbackIZNS0_L29TemplatedInstanceVoidCallbackI9DisruptorXadL_ZNS3_21ProduceClaimManyAsyncERKNS_12CallbackInfoEEEEEP12napi_value__P10napi_env__P20napi_callback_info__EUlvE_EES8_T_
FN:72,_ZN4Napi7details12WrapCallbackIZNS0_L29TemplatedInstanceVoidCallbackI9DisruptorXadL_ZNS3_22ProduceClaimAvailAsyncERKNS_12CallbackInfoEEEEEP12napi_value__P10napi_env__P20napi_callback_info__EUlvE_EES8_T_
FNDA:0,_ZN4Napi7details12WrapCallbackIZNS0_L29TemplatedInstanceVoidCallbackI9DisruptorXadL_ZNS3_22ProduceClaimAvailAsyncERKNS_12CallbackInfoEEEEEP12napi_value__P10napi_env__P20napi_callback_info__EUlvE_EES8_T_
FN:72,_ZN4Napi7details12WrapCallbackIZNS_12InstanceWrapI9DisruptorE29InstanceSetterCallbackWrapperEP10napi_env__P20napi_callback_info__EUlvE_EEP12napi_value__T_
FNDA:0,_ZN4Napi7details12WrapCallbackIZNS_12InstanceWrapI9DisruptorE29InstanceSetterCallbackWrapperEP10napi_env__P20napi_callback_info__EUlvE_EEP12napi_value__T_
FN:72,_ZN4Napi7details12WrapCallbackIZNS0_L25TemplatedInstanceCallbackI9DisruptorXadL_ZNS3_17ProduceCommitSyncERKNS_12CallbackInfoEEEEEP12napi_value__P10napi_env__P20napi_callback_info__EUlvE_EES8_T_
FNDA:0,_ZN4Napi7details12WrapCallbackIZNS0_L25TemplatedInstanceCallbackI9DisruptorXadL_ZNS3_17ProduceCommitSyncERKNS_12CallbackInfoEEEEEP12napi_value__P10napi_env__P20napi_callback_info__EUlvE_EES8_T_
FN:72,_ZN4Napi7details12WrapCallbackIZNS0_L21TemplatedVoidCallbackIXadL_Z12NullCallbackRKNS_12CallbackInfoEEEEEP12napi_value__P10napi_env__P20napi_callback_info__EUlvE_EES7_T_
FNDA:0,_ZN4Napi7details12WrapCallbackIZNS0_L21TemplatedVoidCallbackIXadL_Z12NullCallbackRKNS_12CallbackInfoEEEEEP12napi_value__P10napi_env__P20napi_callback_info__EUlvE_EES7_T_
FN:72,_ZN4Napi7details12WrapCallbackIZNS0_L25TemplatedInstanceCallbackI9DisruptorXadL_ZNS3_12ProduceClaimERKNS_12CallbackInfoEEEEEP12napi_value__P10napi_env__P20napi_callback_info__EUlvE_EES8_T_
FNDA:0,_ZN4Napi7details12WrapCallbackIZNS0_L25TemplatedInstanceCallbackI9DisruptorXadL_ZNS3_12ProduceClaimERKNS_12CallbackInfoEEEEEP12napi_value__P10napi_env__P20napi_callback_info__EUlvE_EES8_T_
FN:72,_ZN4Napi7details12WrapCallbackIZNS0_L25TemplatedInstanceCallbackI9DisruptorXadL_ZNS3_16ProduceClaimSyncERKNS_12CallbackInfoEEEEEP12napi_value__P10napi_env__P20napi_callback_info__EUlvE_EES8_T_
FNDA:0,_ZN4Napi7details12WrapCallbackIZNS0_L25TemplatedInstanceCallbackI9DisruptorXadL_ZNS3_16ProduceClaimSyncERKNS_12CallbackInfoEEEEEP12napi_value__P10napi_env__P20napi_callback_info__EUlvE_EES8_T_
FN:72,_ZN4Napi7details12WrapCallbackIZNS0_L25TemplatedInstanceCallbackI9DisruptorXadL_ZNS3_16ProduceClaimManyERKNS_12CallbackInfoEEEEEP12napi_value__P10napi_env__P20napi_callback_info__EUlvE_EES8_T_
FNDA:0,_ZN4Napi7details12WrapCallbackIZNS0_L25TemplatedInstanceCallbackI9DisruptorXadL_ZNS3_16ProduceClaimManyERKNS_12CallbackInfoEEEEEP12napi_value__P10napi_env__P20napi_callback_info__EUlvE_EES8_T_
FN:72,_ZN4Napi7details12WrapCallbackIZNS0_L25TemplatedInstanceCallbackI9DisruptorXadL_ZNS3_20ProduceClaimManySyncERKNS_12CallbackInfoEEEEEP12napi_value__P10napi_env__P20napi_callback_info__EUlvE_EES8_T_
FNDA:0,_ZN4Napi7details12WrapCallbackIZNS0_L25TemplatedInstanceCallbackI9DisruptorXadL_ZNS3_20ProduceClaimManySyncERKNS_12CallbackInfoEEEEEP12napi_value__P10napi_env__P20napi_callback_info__EUlvE_EES8_T_
FN:72,_ZN4Napi7details12WrapCallbackIZNS0_L25TemplatedInstanceCallbackI9DisruptorXadL_ZNS3_17ProduceClaimAvailERKNS_12CallbackInfoEEEEEP12napi_value__P10napi_env__P20napi_callback_info__EUlvE_EES8_T_
FNDA:0,_ZN4Napi7details12WrapCallbackIZNS0_L25TemplatedInstanceCallbackI9DisruptorXadL_ZNS3_17ProduceClaimAvailERKNS_12CallbackInfoEEEEEP12napi_value__P10napi_env__P20napi_callback_info__EUlvE_EES8_T_
FN:72,_ZN4Napi7details12WrapCallbackIZNS0_L25TemplatedInstanceCallbackI9DisruptorXadL_ZNS3_21ProduceClaimAvailSyncERKNS_12CallbackInfoEEEEEP12napi_value__P10napi_env__P20napi_callback_info__EUlvE_EES8_T_
FNDA:0,_ZN4Napi7details12WrapCallbackIZNS0_L25TemplatedInstanceCallbackI9DisruptorXadL_ZNS3_21ProduceClaimAvailSyncERKNS_12CallbackInfoEEEEEP12napi_value__P10napi_env__P20napi_callback_info__EUlvE_EES8_T_
FN:72,_ZN4Napi7details12WrapCallbackIZNS0_L25TemplatedInstanceCallbackI9DisruptorXadL_ZNS3_13ProduceCommitERKNS_12CallbackInfoEEEEEP12napi_value__P10napi_env__P20napi_callback_info__EUlvE_EES8_T_
FNDA:0,_ZN4Napi7details12WrapCallbackIZNS0_L25TemplatedInstanceCallbackI9DisruptorXadL_ZNS3_13ProduceCommitERKNS_12CallbackInfoEEEEEP12napi_value__P10napi_env__P20napi_callback_info__EUlvE_EES8_T_
FN:72,_ZN4Napi7details12WrapCallbackIZNS0_L25TemplatedInstanceCallbackI9DisruptorXadL_ZNS3_20GetPendingSeqNextEndERKNS_12CallbackInfoEEEEEP12napi_value__P10napi_env__P20napi_callback_info__EUlvE_EES8_T_
FNDA:0,_ZN4Napi7details12WrapCallbackIZNS0_L25TemplatedInstanceCallbackI9DisruptorXadL_ZNS3_20GetPendingSeqNextEndERKNS_12CallbackInfoEEEEEP12napi_value__P10napi_env__P20napi_callback_info__EUlvE_EES8_T_
FN:72,_ZN4Napi7details12WrapCallbackIZNS0_L25TemplatedInstanceCallbackI9DisruptorXadL_ZNS3_14ProduceRecoverERKNS_12CallbackInfoEEEEEP12napi_value__P10napi_env__P20napi_callback_info__EUlvE_EES8_T_
FNDA:0,_ZN4Napi7details12WrapCallbackIZNS0_L25TemplatedInstanceCallbackI9DisruptorXadL_ZNS3_14ProduceRecoverERKNS_12CallbackInfoEEEEEP12napi_value__P10napi_env__P20napi_callback_info__EUlvE_EES8_T_
FN:72,_ZN4Napi7details12WrapCallbackIZNS0_L25TemplatedInstanceCallbackI9DisruptorXadL_ZNS3_10ConsumeNewERKNS_12CallbackInfoEEEEEP12napi_value__P10napi_env__P20napi_callback_info__EUlvE_EES8_T_
FNDA:0,_ZN4Napi7details12WrapCallbackIZNS0_L25TemplatedInstanceCallbackI9DisruptorXadL_ZNS3_10ConsumeNewERKNS_12CallbackInfoEEEEEP12napi_value__P10napi_env__P20napi_callback_info__EUlvE_EES8_T_
FN:72,_ZN4Napi7details12WrapCallbackIZNS0_L25TemplatedInstanceCallbackI9DisruptorXadL_ZNS3_14ConsumeNewSyncERKNS_12CallbackInfoEEEEEP12napi_value__P10napi_env__P20napi_callback_info__EUlvE_EES8_T_
FNDA:0,_ZN4Napi7details12WrapCallbackIZNS0_L25TemplatedInstanceCallbackI9DisruptorXadL_ZNS3_14ConsumeNewSyncERKNS_12CallbackInfoEEEEEP12napi_value__P10napi_env__P20napi_callback_info__EUlvE_EES8_T_
FN:72,_ZN4Napi7details12WrapCallbackIZNS0_L25TemplatedInstanceCallbackI9DisruptorXadL_ZNS3_13ConsumeCommitERKNS_12CallbackInfoEEEEEP12napi_value__P10napi_env__P20napi_callback_info__EUlvE_EES8_T_
FNDA:0,_ZN4Napi7details12WrapCallbackIZNS0_L25TemplatedInstanceCallbackI9DisruptorXadL_ZNS3_13ConsumeCommitERKNS_12CallbackInfoEEEEEP12napi_value__P10napi_env__P20napi_callback_info__EUlvE_EES8_T_
FN:72,_ZN4Napi7details12WrapCallbackIZNS0_L29TemplatedInstanceVoidCallbackI9DisruptorXadL_ZNS3_7ReleaseERKNS_12CallbackInfoEEEEEP12napi_value__P10napi_env__P20napi_callback_info__EUlvE_EES8_T_
FNDA:0,_ZN4Napi7details12WrapCallbackIZNS0_L29TemplatedInstanceVoidCallbackI9DisruptorXadL_ZNS3_7ReleaseERKNS_12CallbackInfoEEEEEP12napi_value__P10napi_env__P20napi_callback_info__EUlvE_EES8_T_
FN:72,_ZN4Napi7details12WrapCallbackIZNS0_L25TemplatedInstanceCallbackI9DisruptorXadL_ZNS3_21GetPendingSeqConsumerERKNS_12CallbackInfoEEEEEP12napi_value__P10napi_env__P20napi_callback_info__EUlvE_EES8_T_
FNDA:0,_ZN4Napi7details12WrapCallbackIZNS0_L25TemplatedInstanceCallbackI9DisruptorXadL_ZNS3_21GetPendingSeqConsumerERKNS_12CallbackInfoEEEEEP12napi_value__P10napi_env__P20napi_callback_info__EUlvE_EES8_T_
FN:72,_ZN4Napi7details12WrapCallbackIZNS0_L25TemplatedInstanceCallbackI9DisruptorXadL_ZNS3_17GetPendingSeqNextERKNS_12CallbackInfoEEEEEP12napi_value__P10napi_env__P20napi_callback_info__EUlvE_EES8_T_
FNDA:0,_ZN4Napi7details12WrapCallbackIZNS0_L25TemplatedInstanceCallbackI9DisruptorXadL_ZNS3_17GetPendingSeqNextERKNS_12CallbackInfoEEEEEP12napi_value__P10napi_env__P20napi_callback_info__EUlvE_EES8_T_
FN:72,_ZN4Napi7details12WrapCallbackIZNS_10ObjectWrapI9DisruptorE27StaticSetterCallbackWrapperEP10napi_env__P20napi_callback_info__EUlvE_EEP12napi_value__T_
FNDA:0,_ZN4Napi7details12WrapCallbackIZNS_10ObjectWrapI9DisruptorE27StaticSetterCallbackWrapperEP10napi_env__P20napi_callback_info__EUlvE_EEP12napi_value__T_
FN:72,_ZN4Napi7details12WrapCallbackIZNS_10ObjectWrapI9DisruptorE27StaticGetterCallbackWrapperEP10napi_env__P20napi_callback_info__EUlvE_EEP12napi_value__T_
FNDA:0,_ZN4Napi7details12WrapCallbackIZNS_10ObjectWrapI9DisruptorE27StaticGetterCallbackWrapperEP10napi_env__P20napi_callback_info__EUlvE_EEP12napi_value__T_
FN:72,_ZN4Napi7details12WrapCallbackIZNS_10ObjectWrapI9DisruptorE26ConstructorCallbackWrapperEP10napi_env__P20napi_callback_info__EUlvE_EEP12napi_value__T_
FNDA:0,_ZN4Napi7details12WrapCallbackIZNS_10ObjectWrapI9DisruptorE26ConstructorCallbackWrapperEP10napi_env__P20napi_callback_info__EUlvE_EEP12napi_value__T_
FN:72,_ZN4Napi7details12WrapCallbackIZNS_10ObjectWrapI9DisruptorE31StaticVoidMethodCallbackWrapperEP10napi_env__P20napi_callback_info__EUlvE_EEP12napi_value__T_
FNDA:0,_ZN4Napi7details12WrapCallbackIZNS_10ObjectWrapI9DisruptorE31StaticVoidMethodCallbackWrapperEP10napi_env__P20napi_callback_info__EUlvE_EEP12napi_value__T_
FN:72,_ZN4Napi7details12WrapCallbackIZNS_10ObjectWrapI9DisruptorE27StaticMethodCallbackWrapperEP10napi_env__P20napi_callback_info__EUlvE_EEP12napi_value__T_
FNDA:0,_ZN4Napi7details12WrapCallbackIZNS_10ObjectWrapI9DisruptorE27StaticMethodCallbackWrapperEP10napi_env__P20napi_callback_info__EUlvE_EEP12napi_value__T_
FN:72,_ZN4Napi7details12WrapCallbackIZNS_12InstanceWrapI9DisruptorE13WrappedMethodIXadL_ZNS3_9SetStatusERKNS_12CallbackInfoERKNS_5ValueEEEEEP12napi_value__P10napi_env__P20napi_callback_info__EUlvE_EESD_T_
FNDA:0,_ZN4Napi7details12WrapCallbackIZNS_12InstanceWrapI9DisruptorE13WrappedMethodIXadL_ZNS3_9SetStatusERKNS_12CallbackInfoERKNS_5ValueEEEEEP12napi_value__P10napi_env__P20napi_callback_info__EUlvE_EESD_T_
FN:72,_ZN4Napi7details12WrapCallbackIZNS_11AsyncWorker14OnWorkCompleteENS_3EnvE11napi_statusEUlvE_EEP12napi_value__T_
FNDA:0,_ZN4Napi7details12WrapCallbackIZNS_11AsyncWorker14OnWorkCompleteENS_3EnvE11napi_statusEUlvE_EEP12napi_value__T_
FN:72,_ZN4Napi7details12WrapCallbackIZNS_14RegisterModuleEP10napi_env__P12napi_value__PFNS_6ObjectENS_3EnvES6_EEUlvE_EES5_T_
FNDA:0,_ZN4Napi7details12WrapCallbackIZNS_14RegisterModuleEP10napi_env__P12napi_value__PFNS_6ObjectENS_3EnvES6_EEUlvE_EES5_T_
FN:72,_ZN4Napi7details12WrapCallbackIZNS_12InstanceWrapI9DisruptorE33InstanceVoidMethodCallbackWrapperEP10napi_env__P20napi_callback_info__EUlvE_EEP12napi_value__T_
FNDA:0,_ZN4Napi7details12WrapCallbackIZNS_12InstanceWrapI9DisruptorE33InstanceVoidMethodCallbackWrapperEP10napi_env__P20napi_callback_info__EUlvE_EEP12napi_value__T_
FN:72,_ZN4Napi7details12WrapCallbackIZNS_12InstanceWrapI9DisruptorE29InstanceMethodCallbackWrapperEP10napi_env__P20napi_callback_info__EUlvE_EEP12napi_value__T_
FNDA:0,_ZN4Napi7details12WrapCallbackIZNS_12InstanceWrapI9DisruptorE29InstanceMethodCallbackWrapperEP10napi_env__P20napi_callback_info__EUlvE_EEP12napi_value__T_
FN:72,_ZN4Napi7details12WrapCallbackIZNS_12InstanceWrapI9DisruptorE29InstanceGetterCallbackWrapperEP10napi_env__P20napi_callback_info__EUlvE_EEP12napi_value__T_
FNDA:0,_ZN4Napi7details12WrapCallbackIZNS_12InstanceWrapI9DisruptorE29InstanceGetterCallbackWrapperEP10napi_env__P20napi_callback_info__EUlvE_EEP12napi_value__T_
FN:91,_ZN4Napi7details16WrapVoidCallbackIZNS0_12FinalizeDataIhZN9DisruptorC4ERKNS_12CallbackInfoEEUlNS_3EnvEPhE_vE7WrapperEP10napi_env__PvSD_EUlvE_EEvT_
FNDA:0,_ZN4Napi7details16WrapVoidCallbackIZNS0_12FinalizeDataIhZN9DisruptorC4ERKNS_12CallbackInfoEEUlNS_3EnvEPhE_vE7WrapperEP10napi_env__PvSD_EUlvE_EEvT_
FN:142,_ZN4Napi7detailsL21TemplatedVoidCallbackIXadL_Z12NullCallbackRKNS_12CallbackInfoEEEEEP12napi_value__P10napi_env__P20napi_callback_info__
FNDA:0,_ZN4Napi7detailsL21TemplatedVoidCallbackIXadL_Z12NullCallbackRKNS_12CallbackInfoEEEEEP12napi_value__P10napi_env__P20napi_callback_info__
FN:143,_ZZN4Napi7detailsL21TemplatedVoidCallbackIXadL_Z12NullCallbackRKNS_12CallbackInfoEEEEEP12napi_value__P10napi_env__P20napi_callback_info__ENKUlvE_clEv
FNDA:0,_ZZN4Napi7detailsL21TemplatedVoidCallbackIXadL_Z12NullCallbackRKNS_12CallbackInfoEEEEEP12napi_value__P10napi_env__P20napi_callback_info__ENKUlvE_clEv
FN:162,_ZN4Napi7detailsL25TemplatedInstanceCallbackI9DisruptorXadL_ZNS2_9GetStatusERKNS_12CallbackInfoEEEEEP12napi_value__P10napi_env__P20napi_callback_info__
FNDA:0,_ZN4Napi7detailsL25TemplatedInstanceCallbackI9DisruptorXadL_ZNS2_9GetStatusERKNS_12CallbackInfoEEEEEP12napi_value__P10napi_env__P20napi_callback_info__
FN:162,_ZN4Napi7detailsL25TemplatedInstanceCallbackI9DisruptorXadL_ZNS2_10ConsumeNewERKNS_12CallbackInfoEEEEEP12napi_value__P10napi_env__P20napi_callback_info__
FNDA:0,_ZN4Napi7detailsL25TemplatedInstanceCallbackI9DisruptorXadL_ZNS2_10ConsumeNewERKNS_12CallbackInfoEEEEEP12napi_value__P10napi_env__P20napi_callback_info__
FN:162,_ZN4Napi7detailsL25TemplatedInstanceCallbackI9DisruptorXadL_ZNS2_14ConsumeNewSyncERKNS_12CallbackInfoEEEEEP12napi_value__P10napi_env__P20napi_callback_info__
FNDA:0,_ZN4Napi7detailsL25TemplatedInstanceCallbackI9DisruptorXadL_ZNS2_14ConsumeNewSyncERKNS_12CallbackInfoEEEEEP12napi_value__P10napi_env__P20napi_callback_info__
FN:162,_ZN4Napi7detailsL25TemplatedInstanceCallbackI9DisruptorXadL_ZNS2_12GetConsumersERKNS_12CallbackInfoEEEEEP12napi_value__P10napi_env__P20napi_callback_info__
FNDA:0,_ZN4Napi7detailsL25TemplatedInstanceCallbackI9DisruptorXadL_ZNS2_12GetConsumersERKNS_12CallbackInfoEEEEEP12napi_value__P10napi_env__P20napi_callback_info__
FN:162,_ZN4Napi7detailsL25TemplatedInstanceCallbackI9DisruptorXadL_ZNS2_13ConsumeCommitERKNS_12CallbackInfoEEEEEP12napi_value__P10napi_env__P20napi_callback_info__
FNDA:0,_ZN4Napi7detailsL25TemplatedInstanceCallbackI9DisruptorXadL_ZNS2_13ConsumeCommitERKNS_12CallbackInfoEEEEEP12napi_value__P10napi_env__P20napi_callback_info__
FN:162,_ZN4Napi7detailsL25TemplatedInstanceCallbackI9DisruptorXadL_ZNS2_9GetCursorERKNS_12CallbackInfoEEEEEP12napi_value__P10napi_env__P20napi_callback_info__
FNDA:0,_ZN4Napi7detailsL25TemplatedInstanceCallbackI9DisruptorXadL_ZNS2_9GetCursorERKNS_12CallbackInfoEEEEEP12napi_value__P10napi_env__P20napi_callback_info__
FN:162,_ZN4Napi7detailsL25TemplatedInstanceCallbackI9DisruptorXadL_ZNS2_7GetNextERKNS_12CallbackInfoEEEEEP12napi_value__P10napi_env__P20napi_callback_info__
FNDA:0,_ZN4Napi7detailsL25TemplatedInstanceCallbackI9DisruptorXadL_ZNS2_7GetNextERKNS_12CallbackInfoEEEEEP12napi_value__P10napi_env__P20napi_callback_info__
FN:162,_ZN4Napi7detailsL25TemplatedInstanceCallbackI9DisruptorXadL_ZNS2_11GetElementsERKNS_12CallbackInfoEEEEEP12napi_value__P10napi_env__P20napi_callback_info__
FNDA:0,_ZN4Napi7detailsL25TemplatedInstanceCallbackI9DisruptorXadL_ZNS2_11GetElementsERKNS_12CallbackInfoEEEEEP12napi_value__P10napi_env__P20napi_callback_info__
FN:162,_ZN4Napi7detailsL25TemplatedInstanceCallbackI9DisruptorXadL_ZNS2_11GetConsumerERKNS_12CallbackInfoEEEEEP12napi_value__P10napi_env__P20napi_callback_info__
FNDA:0,_ZN4Napi7detailsL25TemplatedInstanceCallbackI9DisruptorXadL_ZNS2_11GetConsumerERKNS_12CallbackInfoEEEEEP12napi_value__P10napi_env__P20napi_callback_info__
FN:162,_ZN4Napi7detailsL25TemplatedInstanceCallbackI9DisruptorXadL_ZNS2_19GetPendingSeqCursorERKNS_12CallbackInfoEEEEEP12napi_value__P10napi_env__P20napi_callback_info__
FNDA:0,_ZN4Napi7detailsL25TemplatedInstanceCallbackI9DisruptorXadL_ZNS2_19GetPendingSeqCursorERKNS_12CallbackInfoEEEEEP12napi_value__P10napi_env__P20napi_callback_info__
FN:162,_ZN4Napi7detailsL25TemplatedInstanceCallbackI9DisruptorXadL_ZNS2_7GetSpinERKNS_12CallbackInfoEEEEEP12napi_value__P10napi_env__P20napi_callback_info__
FNDA:0,_ZN4Napi7detailsL25TemplatedInstanceCallbackI9DisruptorXadL_ZNS2_7GetSpinERKNS_12CallbackInfoEEEEEP12napi_value__P10napi_env__P20napi_callback_info__
FN:162,_ZN4Napi7detailsL25TemplatedInstanceCallbackI9DisruptorXadL_ZNS2_20ProduceClaimManySyncERKNS_12CallbackInfoEEEEEP12napi_value__P10napi_env__P20napi_callback_info__
FNDA:0,_ZN4Napi7detailsL25TemplatedInstanceCallbackI9DisruptorXadL_ZNS2_20ProduceClaimManySyncERKNS_12CallbackInfoEEEEEP12napi_value__P10napi_env__P20napi_callback_info__
FN:162,_ZN4Napi7detailsL25TemplatedInstanceCallbackI9DisruptorXadL_ZNS2_17ProduceCommitSyncERKNS_12CallbackInfoEEEEEP12napi_value__P10napi_env__P20napi_callback_info__
FNDA:0,_ZN4Napi7detailsL25TemplatedInstanceCallbackI9DisruptorXadL_ZNS2_17ProduceCommitSyncERKNS_12CallbackInfoEEEEEP12napi_value__P10napi_env__P20napi_callback_info__
FN:162,_ZN4Napi7detailsL25TemplatedInstanceCallbackI9DisruptorXadL_ZNS2_13ProduceCommitERKNS_12CallbackInfoEEEEEP12napi_value__P10napi_env__P20napi_callback_info__
FNDA:0,_ZN4Napi7detailsL25TemplatedInstanceCallbackI9DisruptorXadL_ZNS2_13ProduceCommitERKNS_12CallbackInfoEEEEEP12napi_value__P10napi_env__P20napi_callback_info__
FN:162,_ZN4Napi7detailsL25TemplatedInstanceCallbackI9DisruptorXadL_ZNS2_21ProduceClaimAvailSyncERKNS_12CallbackInfoEEEEEP12napi_value__P10napi_env__P20napi_callback_info__
FNDA:0,_ZN4Napi7detailsL25TemplatedInstanceCallbackI9DisruptorXadL_ZNS2_21ProduceClaimAvailSyncERKNS_12CallbackInfoEEEEEP12napi_value__P10napi_env__P20napi_callback_info__
FN:162,_ZN4Napi7detailsL25TemplatedInstanceCallbackI9DisruptorXadL_ZNS2_21GetPendingSeqConsumerERKNS_12CallbackInfoEEEEEP12napi_value__P10napi_env__P20napi_callback_info__
FNDA:0,_ZN4Napi7detailsL25TemplatedInstanceCallbackI9DisruptorXadL_ZNS2_21GetPendingSeqConsumerERKNS_12CallbackInfoEEEEEP12napi_value__P10napi_env__P20napi_callback_info__
FN:162,_ZN4Napi7detailsL25TemplatedInstanceCallbackI9DisruptorXadL_ZNS2_17ProduceClaimAvailERKNS_12CallbackInfoEEEEEP12napi_value__P10napi_env__P20napi_callback_info__
FNDA:0,_ZN4Napi7detailsL25TemplatedInstanceCallbackI9DisruptorXadL_ZNS2_17ProduceClaimAvailERKNS_12CallbackInfoEEEEEP12napi_value__P10napi_env__P20napi_callback_info__
FN:162,_ZN4Napi7detailsL25TemplatedInstanceCallbackI9DisruptorXadL_ZNS2_17GetPendingSeqNextERKNS_12CallbackInfoEEEEEP12napi_value__P10napi_env__P20napi_callback_info__
FNDA:0,_ZN4Napi7detailsL25TemplatedInstanceCallbackI9DisruptorXadL_ZNS2_17GetPendingSeqNextERKNS_12CallbackInfoEEEEEP12napi_value__P10napi_env__P20napi_callback_info__
FN:162,_ZN4Napi7detailsL25TemplatedInstanceCallbackI9DisruptorXadL_ZNS2_16ProduceClaimManyERKNS_12CallbackInfoEEEEEP12napi_value__P10napi_env__P20napi_callback_info__
FNDA:0,_ZN4Napi7detailsL25TemplatedInstanceCallbackI9DisruptorXadL_ZNS2_16ProduceClaimManyERKNS_12CallbackInfoEEEEEP12napi_value__P10napi_env__P20napi_callback_info__
FN:162,_ZN4Napi7detailsL25TemplatedInstanceCallbackI9DisruptorXadL_ZNS2_20GetPendingSeqNextEndERKNS_12CallbackInfoEEEEEP12napi_value__P10napi_env__P20napi_callback_info__
FNDA:0,_ZN4Napi7detailsL25TemplatedInstanceCallbackI9DisruptorXadL_ZNS2_20GetPendingSeqNextEndERKNS_12CallbackInfoEEEEEP12napi_value__P10napi_env__P20napi_callback_info__
FN:162,_ZN4Napi7detailsL25TemplatedInstanceCallbackI9DisruptorXadL_ZNS2_14ProduceRecoverERKNS_12CallbackInfoEEEEEP12napi_value__P10napi_env__P20napi_callback_info__
FNDA:0,_ZN4Napi7detailsL25TemplatedInstanceCallbackI9DisruptorXadL_ZNS2_14ProduceRecoverERKNS_12CallbackInfoEEEEEP12napi_value__P10napi_env__P20napi_callback_info__
FN:162,_ZN4Napi7detailsL25TemplatedInstanceCallbackI9DisruptorXadL_ZNS2_14GetElementSizeERKNS_12CallbackInfoEEEEEP12napi_value__P10napi_env__P20napi_callback_info__
FNDA:0,_ZN4Napi7detailsL25TemplatedInstanceCallbackI9DisruptorXadL_ZNS2_14GetElementSizeERKNS_12CallbackInfoEEEEEP12napi_value__P10napi_env__P20napi_callback_info__
FN:162,_ZN4Napi7detailsL25TemplatedInstanceCallbackI9DisruptorXadL_ZNS2_16ProduceClaimSyncERKNS_12CallbackInfoEEEEEP12napi_value__P10napi_env__P20napi_callback_info__
FNDA:0,_ZN4Napi7detailsL25TemplatedInstanceCallbackI9DisruptorXadL_ZNS2_16ProduceClaimSyncERKNS_12CallbackInfoEEEEEP12napi_value__P10napi_env__P20napi_callback_info__
FN:162,_ZN4Napi7detailsL25TemplatedInstanceCallbackI9DisruptorXadL_ZNS2_12ProduceClaimERKNS_12CallbackInfoEEEEEP12napi_value__P10napi_env__P20napi_callback_info__
FNDA:0,_ZN4Napi7detailsL25TemplatedInstanceCallbackI9DisruptorXadL_ZNS2_12ProduceClaimERKNS_12CallbackInfoEEEEEP12napi_value__P10napi_env__P20napi_callback_info__
FN:163,_ZZN4Napi7detailsL25TemplatedInstanceCallbackI9DisruptorXadL_ZNS2_14GetElementSizeERKNS_12CallbackInfoEEEEEP12napi_value__P10napi_env__P20napi_callback_info__ENKUlvE_clEv
FNDA:0,_ZZN4Napi7detailsL25TemplatedInstanceCallbackI9DisruptorXadL_ZNS2_14GetElementSizeERKNS_12CallbackInfoEEEEEP12napi_value__P10napi_env__P20napi_callback_info__ENKUlvE_clEv
FN:163,_ZZN4Napi7detailsL25TemplatedInstanceCallbackI9DisruptorXadL_ZNS2_7GetSpinERKNS_12CallbackInfoEEEEEP12napi_value__P10napi_env__P20napi_callback_info__ENKUlvE_clEv
FNDA:0,_ZZN4Napi7detailsL25TemplatedInstanceCallbackI9DisruptorXadL_ZNS2_7GetSpinERKNS_12CallbackInfoEEEEEP12napi_value__P10napi_env__P20napi_callback_info__ENKUlvE_clEv
FN:163,_ZZN4Napi7detailsL25TemplatedInstanceCallbackI9DisruptorXadL_ZNS2_19GetPendingSeqCursorERKNS_12CallbackInfoEEEEEP12napi_value__P10napi_env__P20napi_callback_info__ENKUlvE_clEv
FNDA:0,_ZZN4Napi7detailsL25TemplatedInstanceCallbackI9DisruptorXadL_ZNS2_19GetPendingSeqCursorERKNS_12CallbackInfoEEEEEP12napi_value__P10napi_env__P20napi_callback_info__ENKUlvE_clEv
FN:163,_ZZN4Napi7detailsL25TemplatedInstanceCallbackI9DisruptorXadL_ZNS2_11GetConsumerERKNS_12CallbackInfoEEEEEP12napi_value__P10napi_env__P20napi_callback_info__ENKUlvE_clEv
FNDA:0,_ZZN4Napi7detailsL25TemplatedInstanceCallbackI9DisruptorXadL_ZNS2_11GetConsumerERKNS_12CallbackInfoEEEEEP12napi_value__P10napi_env__P20napi_callback_info__ENKUlvE_clEv
FN:163,_ZZN4Napi7detailsL25TemplatedInstanceCallbackI9DisruptorXadL_ZNS2_17ProduceCommitSyncERKNS_12CallbackInfoEEEEEP12napi_value__P10napi_env__P20napi_callback_info__ENKUlvE_clEv
FNDA:0,_ZZN4Napi7detailsL25TemplatedInstanceCallbackI9DisruptorXadL_ZNS2_17ProduceCommitSyncERKNS_12CallbackInfoEEEEEP12napi_value__P10napi_env__P20napi_callback_info__ENKUlvE_clEv
FN:163,_ZZN4Napi7detailsL25TemplatedInstanceCallbackI9DisruptorXadL_ZNS2_11GetElementsERKNS_12CallbackInfoEEEEEP12napi_value__P10napi_env__P20napi_callback_info__ENKUlvE_clEv
FNDA:0,_ZZN4Napi7detailsL25TemplatedInstanceCallbackI9DisruptorXadL_ZNS2_11GetElementsERKNS_12CallbackInfoEEEEEP12napi_value__P10napi_env__P20napi_callback_info__ENKUlvE_clEv
FN:163,_ZZN4Napi7detailsL25TemplatedInstanceCallbackI9DisruptorXadL_ZNS2_7GetNextERKNS_12CallbackInfoEEEEEP12napi_value__P10napi_env__P20napi_callback_info__ENKUlvE_clEv
FNDA:0,_ZZN4Napi7detailsL25TemplatedInstanceCallbackI9DisruptorXadL_ZNS2_7GetNextERKNS_12CallbackInfoEEEEEP12napi_value__P10napi_env__P20napi_callback_info__ENKUlvE_clEv
FN:163,_ZZN4Napi7detailsL25TemplatedInstanceCallbackI9DisruptorXadL_ZNS2_9GetStatusERKNS_12CallbackInfoEEEEEP12napi_value__P10napi_env__P20napi_callback_info__ENKUlvE_clEv
FNDA:0,_ZZN4Napi7detailsL25TemplatedInstanceCallbackI9DisruptorXadL_ZNS2_9GetStatusERKNS_12CallbackInfoEEEEEP12napi_value__P10napi_env__P20napi_callback_info__ENKUlvE_clEv
FN:163,_ZZN4Napi7detailsL25TemplatedInstanceCallbackI9DisruptorXadL_ZNS2_9GetCursorERKNS_12CallbackInfoEEEEEP12napi_value__P10napi_env__P20napi_callback_info__ENKUlvE_clEv
FNDA:0,_ZZN4Napi7detailsL25TemplatedInstanceCallbackI9DisruptorXadL_ZNS2_9GetCursorERKNS_12CallbackInfoEEEEEP12napi_value__P10napi_env__P20napi_callback_info__ENKUlvE_clEv
FN:163,_ZZN4Napi7detailsL25TemplatedInstanceCallbackI9DisruptorXadL_ZNS2_17GetPendingSeqNextERKNS_12CallbackInfoEEEEEP12napi_value__P10napi_env__P20napi_callback_info__ENKUlvE_clEv
FNDA:0,_ZZN4Napi7detailsL25TemplatedInstanceCallbackI9DisruptorXadL_ZNS2_17GetPendingSeqNextERKNS_12CallbackInfoEEEEEP12napi_value__P10napi_env__P20napi_callback_info__ENKUlvE_clEv
FN:163,_ZZN4Napi7detailsL25TemplatedInstanceCallbackI9DisruptorXadL_ZNS2_21GetPendingSeqConsumerERKNS_12CallbackInfoEEEEEP12napi_value__P10napi_env__P20napi_callback_info__ENKUlvE_clEv
FNDA:0,_ZZN4Napi7detailsL25TemplatedInstanceCallbackI9DisruptorXadL_ZNS2_21GetPendingSeqConsumerERKNS_12CallbackInfoEEEEEP12napi_value__P10napi_env__P20napi_callback_info__ENKUlvE_clEv
FN:163,_ZZN4Napi7detailsL25TemplatedInstanceCallbackI9DisruptorXadL_ZNS2_12GetConsumersERKNS_12CallbackInfoEEEEEP12napi_value__P10napi_env__P20napi_callback_info__ENKUlvE_clEv
FNDA:0,_ZZN4Napi7detailsL25TemplatedInstanceCallbackI9DisruptorXadL_ZNS2_12GetConsumersERKNS_12CallbackInfoEEEEEP12napi_value__P10napi_env__P20napi_callback_info__ENKUlvE_clEv
FN:163,_ZZN4Napi7detailsL25TemplatedInstanceCallbackI9DisruptorXadL_ZNS2_20GetPendingSeqNextEndERKNS_12CallbackInfoEEEEEP12napi_value__P10napi_env__P20napi_callback_info__ENKUlvE_clEv
FNDA:0,_ZZN4Napi7detailsL25TemplatedInstanceCallbackI9DisruptorXadL_ZNS2_20GetPendingSeqNextEndERKNS_12CallbackInfoEEEEEP12napi_value__P10napi_env__P20napi_callback_info__ENKUlvE_clEv
FN:163,_ZZN4Napi7detailsL25TemplatedInstanceCallbackI9DisruptorXadL_ZNS2_13ConsumeCommitERKNS_12CallbackInfoEEEEEP12napi_value__P10napi_env__P20napi_callback_info__ENKUlvE_clEv
FNDA:0,_ZZN4Napi7detailsL25TemplatedInstanceCallbackI9DisruptorXadL_ZNS2_13ConsumeCommitERKNS_12CallbackInfoEEEEEP12napi_value__P10napi_env__P20napi_callback_info__ENKUlvE_clEv
FN:163,_ZZN4Napi7detailsL25TemplatedInstanceCallbackI9DisruptorXadL_ZNS2_13ProduceCommitERKNS_12CallbackInfoEEEEEP12napi_value__P10napi_env__P20napi_callback_info__ENKUlvE_clEv
FNDA:0,_ZZN4Napi7detailsL25TemplatedInstanceCallbackI9DisruptorXadL_ZNS2_13ProduceCommitERKNS_12CallbackInfoEEEEEP12napi_value__P10napi_env__P20napi_callback_info__ENKUlvE_clEv
FN:163,_ZZN4Napi7detailsL25TemplatedInstanceCallbackI9DisruptorXadL_ZNS2_21ProduceClaimAvailSyncERKNS_12CallbackInfoEEEEEP12napi_value__P10napi_env__P20napi_callback_info__ENKUlvE_clEv
[...]
FN:986,_ZSt19__relocate_object_aI11AsyncBufferS0_SaIS0_EEvPT_PT0_RT1_
FNDA:0,_ZSt19__relocate_object_aI11AsyncBufferS0_SaIS0_EEvPT_PT0_RT1_
FN:1018,_ZSt14__relocate_a_1IP11AsyncBufferS1_SaIS0_EET0_T_S4_S3_RT1_
FNDA:0,_ZSt14__relocate_a_1IP11AsyncBufferS1_SaIS0_EET0_T_S4_S3_RT1_
FN:1040,_ZSt12__relocate_aIP11AsyncBufferS1_SaIS0_EET0_T_S4_S3_RT1_
FNDA:0,_ZSt12__relocate_aIP11AsyncBufferS1_SaIS0_EET0_T_S4_S3_RT1_
DA:573,0
DA:575,0
DA:578,0
DA:579,0
DA:580,0
DA:582,0
DA:584,0
DA:585,0
DA:595,0
DA:597,0
DA:600,0
DA:601,0
DA:602,0
DA:603,0
DA:605,0
DA:630,0
DA:635,0
DA:640,0
DA:630,0
DA:635,0
DA:640,0
DA:702,0
DA:704,0
DA:702,0
DA:704,0
DA:986,0
DA:994,0
DA:995,0
DA:996,0
DA:1018,0
DA:1030,0
DA:1031,0
DA:1032,0
DA:1034,0
DA:1040,0
DA:1046,0
DA:1048,0
end_of_record
SF:/usr/include/c++/11/ext/aligned_buffer.h
FN:102,_ZN9__gnu_cxx16__aligned_bufferIPhE7_M_addrEv
FNDA:0,_ZN9__gnu_cxx16__aligned_bufferIPhE7_M_addrEv
FN:108,_ZNK9__gnu_cxx16__aligned_bufferIPhE7_M_addrEv
FNDA:0,_ZNK9__gnu_cxx16__aligned_bufferIPhE7_M_addrEv
FN:114,_ZN9__gnu_cxx16__aligned_bufferIPhE6_M_ptrEv
FNDA:0,_ZN9__gnu_cxx16__aligned_bufferIPhE6_M_ptrEv
FN:118,_ZNK9__gnu_cxx16__aligned_bufferIPhE6_M_ptrEv
FNDA:0,_ZNK9__gnu_cxx16__aligned_bufferIPhE6_M_ptrEv
DA:102,0
DA:104,0
DA:108,0
DA:110,0
DA:114,0
DA:115,0
DA:118,0
DA:119,0
end_of_record
SF:/home/david/shared-memory-disruptor/src/disruptor.cc
FN:72,_ZN9Disruptor4SpinEv
FNDA:0,_ZN9Disruptor4SpinEv
FN:191,_Z11GetCallbackRKN4Napi12CallbackInfoEj
FNDA:0,_Z11GetCallbackRKN4Napi12CallbackInfoEj
FN:210,_ZN10SyncBuffer3NewEN4Napi3EnvEP9Disruptormm
FNDA:0,_ZN10SyncBuffer3NewEN4Napi3EnvEP9Disruptormm
FN:229,_ZN11AsyncBufferC2Ev
FNDA:0,_ZN11AsyncBufferC2Ev
FN:233,_ZN11AsyncBuffer3NewEN4Napi3EnvEP9Disruptormm
FNDA:0,_ZN11AsyncBuffer3NewEN4Napi3EnvEP9Disruptormm
FN:238,_ZN11AsyncBuffer7ToValueEN4Napi3EnvEP9Disruptor
FNDA:0,_ZN11AsyncBuffer7ToValueEN4Napi3EnvEP9Disruptor
FN:243,_ZN11AsyncBuffer6LengthEv
FNDA:0,_ZN11AsyncBuffer6LengthEv
FN:249,_ZN11AsyncBufferC2Emmj
FNDA:0,_ZN11AsyncBufferC2Emmj
FN:265,_ZN10AsyncArrayI11AsyncBufferEC2Ev
FNDA:0,_ZN10AsyncArrayI11AsyncBufferEC2Ev
FN:270,_ZN10AsyncArrayI11AsyncBufferE3NewEN4Napi3EnvE
FNDA:0,_ZN10AsyncArrayI11AsyncBufferE3NewEN4Napi3EnvE
FN:275,_ZN10AsyncArrayI11AsyncBufferE3SetEjOS0_
FNDA:0,_ZN10AsyncArrayI11AsyncBufferE3SetEjOS0_
FN:285,_ZN10AsyncArrayI11AsyncBufferE7ToValueEN4Napi3EnvEP9Disruptor
FNDA:0,_ZN10AsyncArrayI11AsyncBufferE7ToValueEN4Napi3EnvEP9Disruptor
FN:296,_ZN10AsyncArrayI11AsyncBufferE6LengthEv
FNDA:0,_ZN10AsyncArrayI11AsyncBufferE6LengthEv
FN:308,_ZN12AsyncBooleanC2Ev
FNDA:0,_ZN12AsyncBooleanC2Ev
FN:313,_ZN12AsyncBoolean3NewEN4Napi3EnvEb
FNDA:0,_ZN12AsyncBoolean3NewEN4Napi3EnvEb
FN:318,_ZN12AsyncBoolean7ToValueEN4Napi3EnvEP9Disruptor
FNDA:0,_ZN12AsyncBoolean7ToValueEN4Napi3EnvEP9Disruptor
FN:323,_ZNK12AsyncBooleancvbEv
FNDA:0,_ZNK12AsyncBooleancvbEv
FN:329,_ZN12AsyncBooleanC2Eb
FNDA:0,_ZN12AsyncBooleanC2Eb
FN:341,_Z7ToValueRKN4Napi3EnvEm
FNDA:0,_Z7ToValueRKN4Napi3EnvEm
FN:346,_Z7ToValueRKN4Napi3EnvERK14AsyncUndefined
FNDA:0,_Z7ToValueRKN4Napi3EnvERK14AsyncUndefined
FN:355,_ZN20DisruptorAsyncWorkerI12AsyncBoolean14AsyncUndefinedS1_EC2EP9DisruptorRKN4Napi8FunctionE
FNDA:0,_ZN20DisruptorAsyncWorkerI12AsyncBoolean14AsyncUndefinedS1_EC2EP9DisruptorRKN4Napi8FunctionE
FN:355,_ZN20DisruptorAsyncWorkerI10AsyncArrayI11AsyncBufferEmmEC2EP9DisruptorRKN4Napi8FunctionE
FNDA:0,_ZN20DisruptorAsyncWorkerI10AsyncArrayI11AsyncBufferEmmEC2EP9DisruptorRKN4Napi8FunctionE
FN:355,_ZN20DisruptorAsyncWorkerI11AsyncBuffermmEC2EP9DisruptorRKN4Napi8FunctionE
FNDA:0,_ZN20DisruptorAsyncWorkerI11AsyncBuffermmEC2EP9DisruptorRKN4Napi8FunctionE
FN:355,_ZN20DisruptorAsyncWorkerI10AsyncArrayI11AsyncBufferEm14AsyncUndefinedEC2EP9DisruptorRKN4Napi8FunctionE
FNDA:0,_ZN20DisruptorAsyncWorkerI10AsyncArrayI11AsyncBufferEm14AsyncUndefinedEC2EP9DisruptorRKN4Napi8FunctionE
FN:367,_ZN20DisruptorAsyncWorkerI10AsyncArrayI11AsyncBufferEm14AsyncUndefinedE4OnOKEv
FNDA:0,_ZN20DisruptorAsyncWorkerI10AsyncArrayI11AsyncBufferEm14AsyncUndefinedE4OnOKEv
FN:367,_ZN20DisruptorAsyncWorkerI11AsyncBuffermmE4OnOKEv
FNDA:0,_ZN20DisruptorAsyncWorkerI11AsyncBuffermmE4OnOKEv
FN:367,_ZN20DisruptorAsyncWorkerI10AsyncArrayI11AsyncBufferEmmE4OnOKEv
FNDA:0,_ZN20DisruptorAsyncWorkerI10AsyncArrayI11AsyncBufferEmmE4OnOKEv
FN:367,_ZN20DisruptorAsyncWorkerI12AsyncBoolean14AsyncUndefinedS1_E4OnOKEv
FNDA:0,_ZN20DisruptorAsyncWorkerI12AsyncBoolean14AsyncUndefinedS1_E4OnOKEv
FN:400,_ZN7CloseFDclEPi
FNDA:0,_ZN7CloseFDclEPi
FN:407,_ZN9Disruptor15ThrowErrnoErrorERKN4Napi12CallbackInfoEPKc
FNDA:0,_ZN9Disruptor15ThrowErrnoErrorERKN4Napi12CallbackInfoEPKc
FN:426,_ZN9DisruptorC2ERKN4Napi12CallbackInfoE
FNDA:0,_ZN9DisruptorC2ERKN4Napi12CallbackInfoE
FN:575,_ZZN9DisruptorC4ERKN4Napi12CallbackInfoEENKUlNS0_3EnvEPhE_clES4_S5_
FNDA:0,_ZZN9DisruptorC4ERKN4Napi12CallbackInfoEENKUlNS0_3EnvEPhE_clES4_S5_
FN:602,_ZN9DisruptorD0Ev
FNDA:0,_ZN9DisruptorD0Ev
FN:602,_ZN9DisruptorD2Ev
FNDA:0,_ZN9DisruptorD2Ev
FN:607,_ZN9Disruptor7ReleaseEv
FNDA:0,_ZN9Disruptor7ReleaseEv
FN:629,_ZN9Disruptor7ReleaseERKN4Napi12CallbackInfoE
FNDA:0,_ZN9Disruptor7ReleaseERKN4Napi12CallbackInfoE
FN:640,_ZN9Disruptor14ConsumeNewSyncI10AsyncArrayI11AsyncBufferES2_EET_RKN4Napi3EnvEbRm
FNDA:0,_ZN9Disruptor14ConsumeNewSyncI10AsyncArrayI11AsyncBufferES2_EET_RKN4Napi3EnvEbRm
FN:640,_ZN9Disruptor14ConsumeNewSyncIN4Napi5ArrayE10SyncBufferEET_RKNS1_3EnvEbRm
FNDA:0,_ZN9Disruptor14ConsumeNewSyncIN4Napi5ArrayE10SyncBufferEET_RKNS1_3EnvEbRm
FN:684,_ZN9Disruptor14ConsumeNewSyncERKN4Napi12CallbackInfoE
FNDA:0,_ZN9Disruptor14ConsumeNewSyncERKN4Napi12CallbackInfoE
FN:696,_ZN21ConsumeNewAsyncWorkerC2EP9DisruptorRKN4Napi8FunctionE
FNDA:0,_ZN21ConsumeNewAsyncWorkerC2EP9DisruptorRKN4Napi8FunctionE
FN:707,_ZN21ConsumeNewAsyncWorker7ExecuteEv
FNDA:0,_ZN21ConsumeNewAsyncWorker7ExecuteEv
FN:714,_ZN21ConsumeNewAsyncWorker5RetryEv
FNDA:0,_ZN21ConsumeNewAsyncWorker5RetryEv
FN:720,_ZN9Disruptor15ConsumeNewAsyncERKN4Napi12CallbackInfoE
FNDA:0,_ZN9Disruptor15ConsumeNewAsyncERKN4Napi12CallbackInfoE
FN:725,_ZN9Disruptor10ConsumeNewERKN4Napi12CallbackInfoE
FNDA:0,_ZN9Disruptor10ConsumeNewERKN4Napi12CallbackInfoE
FN:740,_ZN9Disruptor13ConsumeCommitERKN4Napi12CallbackInfoE
FNDA:0,_ZN9Disruptor13ConsumeCommitERKN4Napi12CallbackInfoE
FN:745,_ZN9Disruptor13UpdatePendingEmm
FNDA:0,_ZN9Disruptor13UpdatePendingEmm
FN:751,_ZN9Disruptor13ConsumeCommitEv
FNDA:0,_ZN9Disruptor13ConsumeCommitEv
FN:771,_ZN9Disruptor16ProduceClaimSyncI11AsyncBufferEENT_6BufferERKN4Napi3EnvEbRmS8_
FNDA:0,_ZN9Disruptor16ProduceClaimSyncI11AsyncBufferEENT_6BufferERKN4Napi3EnvEbRmS8_
FN:771,_ZN9Disruptor16ProduceClaimSyncI10SyncBufferEENT_6BufferERKN4Napi3EnvEbRmS8_
FNDA:0,_ZN9Disruptor16ProduceClaimSyncI10SyncBufferEENT_6BufferERKN4Napi3EnvEbRmS8_
FN:812,_ZN9Disruptor16ProduceClaimSyncERKN4Napi12CallbackInfoE
FNDA:0,_ZN9Disruptor16ProduceClaimSyncERKN4Napi12CallbackInfoE
FN:822,_ZN23ProduceClaimAsyncWorkerC2EP9DisruptorRKN4Napi8FunctionE
FNDA:0,_ZN23ProduceClaimAsyncWorkerC2EP9DisruptorRKN4Napi8FunctionE
FN:832,_ZN23ProduceClaimAsyncWorker7ExecuteEv
FNDA:0,_ZN23ProduceClaimAsyncWorker7ExecuteEv
FN:840,_ZN23ProduceClaimAsyncWorker5RetryEv
FNDA:0,_ZN23ProduceClaimAsyncWorker5RetryEv
FN:846,_ZN9Disruptor17ProduceClaimAsyncERKN4Napi12CallbackInfoE
FNDA:0,_ZN9Disruptor17ProduceClaimAsyncERKN4Napi12CallbackInfoE
FN:851,_ZN9Disruptor12ProduceClaimERKN4Napi12CallbackInfoE
FNDA:0,_ZN9Disruptor12ProduceClaimERKN4Napi12CallbackInfoE
FN:866,_ZN9Disruptor17ProduceGetBuffersIN4Napi5ArrayE10SyncBufferEEvRKNS1_3EnvEmmRT_
FNDA:0,_ZN9Disruptor17ProduceGetBuffersIN4Napi5ArrayE10SyncBufferEEvRKNS1_3EnvEmmRT_
FN:866,_ZN9Disruptor17ProduceGetBuffersI10AsyncArrayI11AsyncBufferES2_EEvRKN4Napi3EnvEmmRT_
FNDA:0,_ZN9Disruptor17ProduceGetBuffersI10AsyncArrayI11AsyncBufferES2_EEvRKN4Napi3EnvEmmRT_
FN:888,_ZN9Disruptor20ProduceClaimManySyncIN4Napi5ArrayE10SyncBufferEET_RKNS1_3EnvEjbRmS8_
FNDA:0,_ZN9Disruptor20ProduceClaimManySyncIN4Napi5ArrayE10SyncBufferEET_RKNS1_3EnvEjbRmS8_
FN:888,_ZN9Disruptor20ProduceClaimManySyncI10AsyncArrayI11AsyncBufferES2_EET_RKN4Napi3EnvEjbRmS9_
FNDA:0,_ZN9Disruptor20ProduceClaimManySyncI10AsyncArrayI11AsyncBufferES2_EET_RKN4Napi3EnvEjbRmS9_
FN:930,_ZN9Disruptor20ProduceClaimManySyncERKN4Napi12CallbackInfoE
FNDA:0,_ZN9Disruptor20ProduceClaimManySyncERKN4Napi12CallbackInfoE
FN:943,_ZN27ProduceClaimManyAsyncWorkerC2EP9DisruptorRKN4Napi8FunctionEj
FNDA:0,_ZN27ProduceClaimManyAsyncWorkerC2EP9DisruptorRKN4Napi8FunctionEj
FN:957,_ZN27ProduceClaimManyAsyncWorker7ExecuteEv
FNDA:0,_ZN27ProduceClaimManyAsyncWorker7ExecuteEv
FN:965,_ZN27ProduceClaimManyAsyncWorker5RetryEv
FNDA:0,_ZN27ProduceClaimManyAsyncWorker5RetryEv
FN:974,_ZN9Disruptor21ProduceClaimManyAsyncERKN4Napi12CallbackInfoEj
FNDA:0,_ZN9Disruptor21ProduceClaimManyAsyncERKN4Napi12CallbackInfoEj
FN:980,_ZN9Disruptor21ProduceClaimManyAsyncERKN4Napi12CallbackInfoE
FNDA:0,_ZN9Disruptor21ProduceClaimManyAsyncERKN4Napi12CallbackInfoE
FN:985,_ZN9Disruptor16ProduceClaimManyERKN4Napi12CallbackInfoE
FNDA:0,_ZN9Disruptor16ProduceClaimManyERKN4Napi12CallbackInfoE
FN:1001,_ZN9Disruptor21ProduceClaimAvailSyncIN4Napi5ArrayE10SyncBufferEET_RKNS1_3EnvEjbRmS8_
FNDA:0,_ZN9Disruptor21ProduceClaimAvailSyncIN4Napi5ArrayE10SyncBufferEET_RKNS1_3EnvEjbRmS8_
FN:1001,_ZN9Disruptor21ProduceClaimAvailSyncI10AsyncArrayI11AsyncBufferES2_EET_RKN4Napi3EnvEjbRmS9_
FNDA:0,_ZN9Disruptor21ProduceClaimAvailSyncI10AsyncArrayI11AsyncBufferES2_EET_RKN4Napi3EnvEjbRmS9_
FN:1036,_ZN9Disruptor21ProduceClaimAvailSyncERKN4Napi12CallbackInfoE
FNDA:0,_ZN9Disruptor21ProduceClaimAvailSyncERKN4Napi12CallbackInfoE
FN:1049,_ZN28ProduceClaimAvailAsyncWorkerC2EP9DisruptorRKN4Napi8FunctionEj
FNDA:0,_ZN28ProduceClaimAvailAsyncWorkerC2EP9DisruptorRKN4Napi8FunctionEj
FN:1063,_ZN28ProduceClaimAvailAsyncWorker7ExecuteEv
FNDA:0,_ZN28ProduceClaimAvailAsyncWorker7ExecuteEv
FN:1071,_ZN28ProduceClaimAvailAsyncWorker5RetryEv
FNDA:0,_ZN28ProduceClaimAvailAsyncWorker5RetryEv
FN:1080,_ZN9Disruptor22ProduceClaimAvailAsyncERKN4Napi12CallbackInfoEj
FNDA:0,_ZN9Disruptor22ProduceClaimAvailAsyncERKN4Napi12CallbackInfoEj
FN:1087,_ZN9Disruptor22ProduceClaimAvailAsyncERKN4Napi12CallbackInfoE
FNDA:0,_ZN9Disruptor22ProduceClaimAvailAsyncERKN4Napi12CallbackInfoE
FN:1092,_ZN9Disruptor17ProduceClaimAvailERKN4Napi12CallbackInfoE
FNDA:0,_ZN9Disruptor17ProduceClaimAvailERKN4Napi12CallbackInfoE
FN:1107,_ZN9Disruptor14ProduceRecoverERKN4Napi12CallbackInfoE
FNDA:0,_ZN9Disruptor14ProduceRecoverERKN4Napi12CallbackInfoE
FN:1126,_ZN9Disruptor17ProduceCommitSyncI12AsyncBooleanEET_RKN4Napi3EnvEmmb
FNDA:0,_ZN9Disruptor17ProduceCommitSyncI12AsyncBooleanEET_RKN4Napi3EnvEmmb
FN:1126,_ZN9Disruptor17ProduceCommitSyncIN4Napi7BooleanEEET_RKNS1_3EnvEmmb
FNDA:0,_ZN9Disruptor17ProduceCommitSyncIN4Napi7BooleanEEET_RKNS1_3EnvEmmb
FN:1147,_ZN9Disruptor13UpdateSeqNextEmm
FNDA:0,_ZN9Disruptor13UpdateSeqNextEmm
FN:1153,_ZN9Disruptor10GetSeqNextERKN4Napi12CallbackInfoERmS4_
FNDA:0,_ZN9Disruptor10GetSeqNextERKN4Napi12CallbackInfoERmS4_
FN:1169,_ZN9Disruptor17ProduceCommitSyncERKN4Napi12CallbackInfoE
FNDA:0,_ZN9Disruptor17ProduceCommitSyncERKN4Napi12CallbackInfoE
FN:1180,_ZN24ProduceCommitAsyncWorkerC2EP9DisruptorRKN4Napi8FunctionEmm
FNDA:0,_ZN24ProduceCommitAsyncWorkerC2EP9DisruptorRKN4Napi8FunctionEmm
FN:1192,_ZN24ProduceCommitAsyncWorker7ExecuteEv
FNDA:0,_ZN24ProduceCommitAsyncWorker7ExecuteEv
FN:1199,_ZN24ProduceCommitAsyncWorker5RetryEv
FNDA:0,_ZN24ProduceCommitAsyncWorker5RetryEv
FN:1208,_ZN9Disruptor18ProduceCommitAsyncERKN4Napi12CallbackInfoEmmj
FNDA:0,_ZN9Disruptor18ProduceCommitAsyncERKN4Napi12CallbackInfoEmmj
FN:1217,_ZN9Disruptor18ProduceCommitAsyncERKN4Napi12CallbackInfoE
FNDA:0,_ZN9Disruptor18ProduceCommitAsyncERKN4Napi12CallbackInfoE
FN:1224,_ZN9Disruptor13ProduceCommitERKN4Napi12CallbackInfoE
FNDA:0,_ZN9Disruptor13ProduceCommitERKN4Napi12CallbackInfoE
FN:1239,_ZN9Disruptor12GetConsumersERKN4Napi12CallbackInfoE
FNDA:0,_ZN9Disruptor12GetConsumersERKN4Napi12CallbackInfoE
FN:1244,_ZN9Disruptor9GetCursorERKN4Napi12CallbackInfoE
FNDA:0,_ZN9Disruptor9GetCursorERKN4Napi12CallbackInfoE
FN:1249,_ZN9Disruptor7GetNextERKN4Napi12CallbackInfoE
FNDA:0,_ZN9Disruptor7GetNextERKN4Napi12CallbackInfoE
FN:1254,_ZN9Disruptor11GetElementsERKN4Napi12CallbackInfoE
FNDA:0,_ZN9Disruptor11GetElementsERKN4Napi12CallbackInfoE
FN:1259,_ZN9Disruptor11GetConsumerERKN4Napi12CallbackInfoE
FNDA:0,_ZN9Disruptor11GetConsumerERKN4Napi12CallbackInfoE
FN:1264,_ZN9Disruptor21GetPendingSeqConsumerERKN4Napi12CallbackInfoE
FNDA:0,_ZN9Disruptor21GetPendingSeqConsumerERKN4Napi12CallbackInfoE
FN:1269,_ZN9Disruptor19GetPendingSeqCursorERKN4Napi12CallbackInfoE
FNDA:0,_ZN9Disruptor19GetPendingSeqCursorERKN4Napi12CallbackInfoE
FN:1274,_ZN9Disruptor17GetPendingSeqNextERKN4Napi12CallbackInfoE
FNDA:0,_ZN9Disruptor17GetPendingSeqNextERKN4Napi12CallbackInfoE
FN:1279,_ZN9Disruptor20GetPendingSeqNextEndERKN4Napi12CallbackInfoE
FNDA:0,_ZN9Disruptor20GetPendingSeqNextEndERKN4Napi12CallbackInfoE
FN:1284,_ZN9Disruptor14GetElementSizeERKN4Napi12CallbackInfoE
FNDA:0,_ZN9Disruptor14GetElementSizeERKN4Napi12CallbackInfoE
FN:1289,_ZN9Disruptor7GetSpinERKN4Napi12CallbackInfoE
FNDA:0,_ZN9Disruptor7GetSpinERKN4Napi12CallbackInfoE
FN:1294,_ZN9Disruptor9GetStatusERKN4Napi12CallbackInfoE
FNDA:0,_ZN9Disruptor9GetStatusERKN4Napi12CallbackInfoE
FN:1299,_ZN9Disruptor9SetStatusERKN4Napi12CallbackInfoERKNS0_5ValueE
FNDA:0,_ZN9Disruptor9SetStatusERKN4Napi12CallbackInfoERKNS0_5ValueE
FN:1304,_ZN9Disruptor10InitializeEN4Napi3EnvENS0_6ObjectE
FNDA:0,_ZN9Disruptor10InitializeEN4Napi3EnvENS0_6ObjectE
FN:1352,_Z10InitializeN4Napi3EnvENS_6ObjectE
FNDA:0,_Z10InitializeN4Napi3EnvENS_6ObjectE
FN:1357,_register_disruptor
FNDA:0,_register_disruptor
FN:1357,_ZL17__napi_InitializeP10napi_env__P12napi_value__
FNDA:0,_ZL17__napi_InitializeP10napi_env__P12napi_value__
DA:72,0
DA:74,0
DA:191,0
DA:193,0
DA:195,0
DA:196,0
DA:198,0
DA:210,0
DA:213,0
DA:218,0
DA:219,0
DA:220,0
DA:229,0
DA:231,0
DA:233,0
DA:235,0
DA:238,0
DA:240,0
DA:243,0
DA:245,0
DA:249,0
DA:250,0
DA:251,0
DA:252,0
DA:254,0
DA:265,0
DA:266,0
DA:268,0
DA:270,0
DA:272,0
DA:275,0
DA:277,0
DA:279,0
DA:282,0
DA:283,0
DA:285,0
DA:287,0
DA:288,0
DA:289,0
DA:291,0
DA:293,0
DA:296,0
DA:298,0
DA:308,0
DA:309,0
DA:311,0
DA:313,0
DA:315,0
DA:318,0
DA:320,0
DA:323,0
DA:325,0
DA:329,0
DA:330,0
DA:332,0
DA:341,0
DA:343,0
DA:346,0
DA:348,0
DA:355,0
DA:358,0
DA:359,0
DA:360,0
DA:362,0
DA:355,0
DA:358,0
DA:359,0
DA:360,0
DA:362,0
DA:355,0
DA:358,0
DA:359,0
DA:360,0
DA:362,0
DA:355,0
DA:358,0
DA:359,0
DA:360,0
DA:362,0
DA:367,0
DA:369,0
DA:371,0
DA:374,0
DA:376,0
DA:377,0
DA:380,0
DA:381,0
DA:382,0
DA:383,0
DA:367,0
DA:369,0
DA:371,0
DA:374,0
DA:376,0
DA:377,0
DA:380,0
DA:381,0
DA:382,0
DA:383,0
DA:367,0
DA:369,0
DA:371,0
DA:374,0
DA:376,0
DA:377,0
DA:380,0
DA:381,0
DA:382,0
DA:383,0
DA:367,0
DA:369,0
DA:371,0
DA:374,0
DA:376,0
DA:377,0
DA:380,0
DA:381,0
DA:382,0
DA:383,0
DA:400,0
DA:402,0
DA:403,0
DA:404,0
DA:407,0
DA:410,0
DA:411,0
DA:418,0
DA:422,0
DA:423,0
DA:426,0
DA:428,0
DA:431,0
DA:432,0
DA:433,0
DA:434,0
DA:435,0
DA:436,0
DA:437,0
DA:442,0
DA:443,0
DA:447,0
DA:449,0
DA:450,0
DA:455,0
DA:457,0
DA:460,0
DA:468,0
DA:469,0
DA:470,0
DA:474,0
DA:480,0
DA:483,0
DA:485,0
DA:490,0
DA:491,0
DA:492,0
DA:493,0
DA:494,0
DA:495,0
DA:497,0
DA:498,0
DA:500,0
DA:501,0
DA:543,0
DA:544,0
DA:545,0
DA:546,0
DA:548,0
DA:549,0
DA:550,0
DA:553,0
DA:555,0
DA:556,0
DA:557,0
DA:559,0
DA:560,0
DA:562,0
DA:564,0
DA:571,0
DA:575,0
DA:576,0
DA:577,0
DA:578,0
DA:581,0
DA:582,0
DA:583,0
DA:585,0
DA:587,0
DA:588,0
DA:590,0
DA:591,0
DA:592,0
DA:594,0
DA:595,0
DA:597,0
DA:598,0
DA:599,0
DA:600,0
DA:602,0
DA:605,0
DA:602,0
DA:604,0
DA:605,0
DA:607,0
DA:609,0
DA:610,0
DA:611,0
DA:612,0
DA:614,0
DA:616,0
DA:618,0
DA:623,0
DA:626,0
DA:629,0
DA:631,0
DA:635,0
DA:640,0
DA:647,0
DA:651,0
DA:652,0
DA:653,0
DA:654,0
DA:656,0
DA:658,0
DA:659,0
DA:660,0
DA:661,0
DA:662,0
DA:663,0
DA:665,0
DA:667,0
DA:668,0
DA:669,0
DA:671,0
DA:673,0
DA:674,0
DA:675,0
DA:676,0
DA:678,0
DA:680,0
DA:681,0
DA:640,0
DA:647,0
DA:651,0
DA:652,0
DA:653,0
DA:654,0
DA:656,0
DA:658,0
DA:659,0
DA:660,0
DA:661,0
DA:662,0
DA:665,0
DA:667,0
DA:668,0
DA:669,0
DA:671,0
DA:673,0
DA:674,0
DA:675,0
DA:678,0
DA:680,0
DA:681,0
DA:684,0
DA:687,0
DA:696,0
DA:697,0
DA:701,0
DA:703,0
DA:704,0
DA:707,0
DA:710,0
DA:711,0
DA:712,0
DA:714,0
DA:716,0
DA:717,0
DA:720,0
DA:722,0
DA:723,0
DA:725,0
DA:728,0
DA:729,0
DA:731,0
DA:733,0
DA:736,0
DA:737,0
DA:740,0
DA:742,0
DA:745,0
DA:747,0
DA:748,0
DA:749,0
DA:751,0
DA:753,0
DA:755,0
DA:757,0
DA:758,0
DA:764,0
DA:767,0
DA:771,0
DA:778,0
DA:780,0
DA:782,0
DA:784,0
DA:786,0
DA:788,0
DA:789,0
DA:793,0
DA:794,0
DA:796,0
DA:797,0
DA:798,0
DA:799,0
DA:800,0
DA:801,0
DA:804,0
DA:806,0
DA:807,0
DA:808,0
DA:809,0
DA:771,0
DA:778,0
DA:780,0
DA:782,0
DA:784,0
DA:786,0
DA:788,0
DA:789,0
DA:793,0
DA:794,0
DA:796,0
DA:797,0
DA:798,0
DA:799,0
DA:800,0
DA:801,0
DA:804,0
DA:806,0
DA:807,0
DA:808,0
DA:809,0
DA:812,0
DA:815,0
DA:822,0
DA:823,0
DA:825,0
DA:827,0
DA:828,0
DA:829,0
DA:832,0
DA:835,0
DA:836,0
DA:837,0
DA:838,0
DA:840,0
DA:842,0
DA:843,0
DA:846,0
DA:848,0
DA:849,0
DA:851,0
DA:854,0
DA:855,0
DA:856,0
DA:858,0
DA:861,0
DA:862,0
DA:866,0
DA:871,0
DA:872,0
DA:874,0
DA:876,0
DA:877,0
DA:881,0
DA:884,0
DA:885,0
DA:866,0
DA:871,0
DA:872,0
DA:874,0
DA:876,0
DA:877,0
DA:881,0
DA:884,0
DA:885,0
DA:888,0
DA:896,0
DA:897,0
DA:899,0
DA:901,0
DA:903,0
DA:905,0
DA:907,0
DA:908,0
DA:912,0
DA:913,0
DA:915,0
DA:916,0
DA:917,0
DA:918,0
DA:919,0
DA:920,0
DA:922,0
DA:924,0
DA:925,0
DA:926,0
DA:927,0
DA:888,0
DA:896,0
DA:897,0
DA:899,0
DA:901,0
DA:903,0
DA:905,0
DA:907,0
DA:908,0
DA:912,0
DA:913,0
DA:915,0
DA:916,0
DA:917,0
DA:918,0
DA:919,0
DA:922,0
DA:924,0
DA:925,0
DA:926,0
DA:927,0
DA:930,0
DA:933,0
DA:934,0
DA:943,0
DA:945,0
DA:950,0
DA:952,0
DA:953,0
DA:954,0
DA:957,0
DA:960,0
DA:961,0
DA:962,0
DA:963,0
DA:965,0
DA:967,0
DA:968,0
DA:974,0
DA:977,0
DA:978,0
DA:980,0
DA:982,0
DA:983,0
DA:985,0
DA:987,0
DA:989,0
DA:990,0
DA:991,0
DA:993,0
DA:996,0
DA:997,0
DA:1001,0
DA:1009,0
DA:1010,0
DA:1012,0
DA:1014,0
DA:1015,0
DA:1018,0
DA:1019,0
DA:1021,0
DA:1022,0
DA:1023,0
DA:1024,0
DA:1025,0
DA:1026,0
DA:1028,0
DA:1030,0
DA:1031,0
DA:1032,0
DA:1033,0
DA:1001,0
DA:1009,0
DA:1010,0
DA:1012,0
DA:1014,0
DA:1015,0
DA:1018,0
DA:1019,0
DA:1021,0
DA:1022,0
DA:1023,0
DA:1024,0
DA:1025,0
DA:1028,0
DA:1030,0
DA:1031,0
DA:1032,0
DA:1033,0
DA:1036,0
DA:1039,0
DA:1040,0
DA:1049,0
DA:1051,0
DA:1056,0
DA:1058,0
DA:1059,0
DA:1060,0
DA:1063,0
DA:1066,0
DA:1067,0
DA:1068,0
DA:1069,0
DA:1071,0
DA:1073,0
DA:1074,0
DA:1080,0
DA:1083,0
DA:1084,0
DA:1087,0
DA:1089,0
DA:1090,0
DA:1092,0
DA:1094,0
DA:1096,0
DA:1097,0
DA:1098,0
DA:1100,0
DA:1103,0
DA:1104,0
DA:1107,0
DA:1109,0
DA:1110,0
DA:1112,0
DA:1114,0
DA:1115,0
DA:1116,0
DA:1118,0
DA:1119,0
DA:1122,0
DA:1126,0
DA:1131,0
DA:1135,0
DA:1136,0
DA:1138,0
DA:1141,0
DA:1144,0
DA:1126,0
DA:1131,0
DA:1135,0
DA:1136,0
DA:1138,0
DA:1141,0
DA:1144,0
DA:1147,0
DA:1149,0
DA:1150,0
DA:1151,0
DA:1153,0
DA:1157,0
DA:1159,0
DA:1160,0
DA:1161,0
DA:1164,0
DA:1165,0
DA:1166,0
DA:1169,0
DA:1172,0
DA:1173,0
DA:1180,0
DA:1183,0
DA:1186,0
DA:1187,0
DA:1189,0
DA:1192,0
DA:1195,0
DA:1196,0
DA:1197,0
DA:1199,0
DA:1201,0
DA:1202,0
DA:1208,0
DA:1214,0
DA:1215,0
DA:1217,0
DA:1220,0
DA:1221,0
DA:1222,0
DA:1224,0
DA:1227,0
DA:1229,0
DA:1230,0
DA:1232,0
DA:1235,0
DA:1236,0
DA:1239,0
DA:1241,0
DA:1244,0
DA:1246,0
DA:1249,0
DA:1251,0
DA:1254,0
DA:1256,0
DA:1259,0
DA:1261,0
DA:1264,0
DA:1266,0
DA:1269,0
DA:1271,0
DA:1274,0
DA:1276,0
DA:1279,0
DA:1281,0
DA:1284,0
DA:1286,0
DA:1289,0
DA:1291,0
DA:1294,0
DA:1296,0
DA:1299,0
DA:1301,0
DA:1302,0
DA:1304,0
DA:1307,0
DA:1308,0
DA:1309,0
DA:1311,0
DA:1313,0
DA:1315,0
DA:1316,0
DA:1317,0
DA:1318,0
DA:1319,0
DA:1320,0
DA:1321,0
DA:1322,0
DA:1323,0
DA:1324,0
DA:1325,0
DA:1326,0
DA:1327,0
DA:1328,0
DA:1329,0
DA:1330,0
DA:1331,0
DA:1332,0
DA:1333,0
DA:1336,0
DA:1337,0
DA:1338,0
DA:1339,0
DA:1340,0
DA:1341,0
DA:1342,0
DA:1343,0
DA:1344,0
DA:1345,0
DA:1346,0
DA:1349,0
DA:1352,0
DA:1354,0
DA:1357,0
DA:1357,0
end_of_record
