TN:
SF:/home/david/shared-memory-disruptor/src/disruptor.cc
FN:75,_ZN9Disruptor4SpinEv
FN:204,_Z11GetCallbackRKN4Napi12CallbackInfoEj
FN:223,_ZN10SyncBuffer3NewEN4Napi3EnvEP9Disruptormm
FN:242,_ZN11AsyncBufferC2Ev
FN:246,_ZN11AsyncBuffer3NewEN4Napi3EnvEP9Disruptormm
FN:251,_ZN11AsyncBuffer7ToValueEN4Napi3EnvEP9Disruptor
FN:256,_ZN11AsyncBuffer6LengthEv
FN:262,_ZN11AsyncBufferC2Emmj
FN:278,_ZN10AsyncArrayI11AsyncBufferEC2Ev
FN:283,_ZN10AsyncArrayI11AsyncBufferE3NewEN4Napi3EnvE
FN:288,_ZN10AsyncArrayI11AsyncBufferE3SetEjOS0_
FN:298,_ZN10AsyncArrayI11AsyncBufferE7ToValueEN4Napi3EnvEP9Disruptor
FN:309,_ZN10AsyncArrayI11AsyncBufferE6LengthEv
FN:321,_ZN12AsyncBooleanC2Ev
FN:326,_ZN12AsyncBoolean3NewEN4Napi3EnvEb
FN:331,_ZN12AsyncBoolean7ToValueEN4Napi3EnvEP9Disruptor
FN:336,_ZNK12AsyncBooleancvbEv
FN:342,_ZN12AsyncBooleanC2Eb
FN:354,_Z7ToValueRKN4Napi3EnvEm
FN:359,_Z7ToValueRKN4Napi3EnvERK14AsyncUndefined
FN:371,_ZN20DisruptorAsyncWorkerI12AsyncBoolean14AsyncUndefinedS1_S1_EC2EP9DisruptorRKN4Napi8FunctionE
FN:371,_ZN20DisruptorAsyncWorkerI10AsyncArrayI11AsyncBufferEm14AsyncUndefinedS3_EC2EP9DisruptorRKN4Napi8FunctionE
FN:371,_ZN20DisruptorAsyncWorkerI11AsyncBuffermmbEC2EP9DisruptorRKN4Napi8FunctionE
FN:371,_ZN20DisruptorAsyncWorkerI10AsyncArrayI11AsyncBufferEmmbEC2EP9DisruptorRKN4Napi8FunctionE
FN:383,_ZN20DisruptorAsyncWorkerI10AsyncArrayI11AsyncBufferEm14AsyncUndefinedS3_E4OnOKEv
FN:383,_ZN20DisruptorAsyncWorkerI11AsyncBuffermmbE4OnOKEv
FN:383,_ZN20DisruptorAsyncWorkerI12AsyncBoolean14AsyncUndefinedS1_S1_E4OnOKEv
FN:383,_ZN20DisruptorAsyncWorkerI10AsyncArrayI11AsyncBufferEmmbE4OnOKEv
FN:418,_ZN7CloseFDclEPi
FN:425,_ZN9Disruptor15ThrowErrnoErrorERKN4Napi12CallbackInfoEPKc
FN:444,_ZN9DisruptorC2ERKN4Napi12CallbackInfoE
FN:595,_ZZN9DisruptorC4ERKN4Napi12CallbackInfoEENKUlNS0_3EnvEPhE_clES4_S5_
FN:622,_ZN9DisruptorD0Ev
FN:622,_ZN9DisruptorD2Ev
FN:627,_ZN9Disruptor7ReleaseEv
FN:649,_ZN9Disruptor7ReleaseERKN4Napi12CallbackInfoE
FN:667,_ZN9Disruptor14ConsumeNewSyncIN4Napi5ArrayE10SyncBufferEET_RKNS1_3EnvEbRm
FN:667,_ZN9Disruptor14ConsumeNewSyncI10AsyncArrayI11AsyncBufferES2_EET_RKN4Napi3EnvEbRm
FN:712,_ZN9Disruptor14ConsumeNewSyncERKN4Napi12CallbackInfoE
FN:722,_ZN21ConsumeNewAsyncWorkerC2EP9DisruptorRKN4Napi8FunctionE
FN:731,_ZN21ConsumeNewAsyncWorker7ExecuteEv
FN:738,_ZN21ConsumeNewAsyncWorker5RetryEv
FN:744,_ZN9Disruptor15ConsumeNewAsyncERKN4Napi12CallbackInfoE
FN:749,_ZN9Disruptor10ConsumeNewERKN4Napi12CallbackInfoE
FN:764,_ZN9Disruptor13ConsumeCommitERKN4Napi12CallbackInfoE
FN:769,_ZN9Disruptor13UpdatePendingEmm
FN:775,_ZN9Disruptor13ConsumeCommitEv
FN:795,_ZN9Disruptor16ProduceClaimSyncI11AsyncBufferEENT_6BufferERKN4Napi3EnvEbRmS8_Rb
FN:795,_ZN9Disruptor16ProduceClaimSyncI10SyncBufferEENT_6BufferERKN4Napi3EnvEbRmS8_Rb
FN:852,_ZN9Disruptor16ProduceClaimSyncERKN4Napi12CallbackInfoE
FN:863,_ZN23ProduceClaimAsyncWorkerC2EP9DisruptorRKN4Napi8FunctionE
FN:874,_ZN23ProduceClaimAsyncWorker7ExecuteEv
FN:882,_ZN23ProduceClaimAsyncWorker5RetryEv
FN:888,_ZN9Disruptor17ProduceClaimAsyncERKN4Napi12CallbackInfoE
FN:893,_ZN9Disruptor12ProduceClaimERKN4Napi12CallbackInfoE
FN:910,_ZN9Disruptor17ProduceGetBuffersIN4Napi5ArrayE10SyncBufferEEvRKNS1_3EnvEmmbRT_
FN:910,_ZN9Disruptor17ProduceGetBuffersI10AsyncArrayI11AsyncBufferES2_EEvRKN4Napi3EnvEmmbRT_
FN:933,_ZN9Disruptor20ProduceClaimManySyncI10AsyncArrayI11AsyncBufferES2_EET_RKN4Napi3EnvEjbRmS9_Rb
FN:933,_ZN9Disruptor20ProduceClaimManySyncIN4Napi5ArrayE10SyncBufferEET_RKNS1_3EnvEjbRmS8_Rb
FN:991,_ZN9Disruptor20ProduceClaimManySyncERKN4Napi12CallbackInfoE
FN:1006,_ZN27ProduceClaimManyAsyncWorkerC2EP9DisruptorRKN4Napi8FunctionEj
FN:1022,_ZN27ProduceClaimManyAsyncWorker7ExecuteEv
FN:1030,_ZN27ProduceClaimManyAsyncWorker5RetryEv
FN:1039,_ZN9Disruptor21ProduceClaimManyAsyncERKN4Napi12CallbackInfoEj
FN:1045,_ZN9Disruptor21ProduceClaimManyAsyncERKN4Napi12CallbackInfoE
FN:1050,_ZN9Disruptor16ProduceClaimManyERKN4Napi12CallbackInfoE
FN:1068,_ZN9Disruptor21ProduceClaimAvailSyncIN4Napi5ArrayE10SyncBufferEET_RKNS1_3EnvEjbRmS8_Rb
FN:1068,_ZN9Disruptor21ProduceClaimAvailSyncI10AsyncArrayI11AsyncBufferES2_EET_RKN4Napi3EnvEjbRmS9_Rb
FN:1118,_ZN9Disruptor21ProduceClaimAvailSyncERKN4Napi12CallbackInfoE
FN:1133,_ZN28ProduceClaimAvailAsyncWorkerC2EP9DisruptorRKN4Napi8FunctionEj
FN:1149,_ZN28ProduceClaimAvailAsyncWorker7ExecuteEv
FN:1157,_ZN28ProduceClaimAvailAsyncWorker5RetryEv
FN:1166,_ZN9Disruptor22ProduceClaimAvailAsyncERKN4Napi12CallbackInfoEj
FN:1173,_ZN9Disruptor22ProduceClaimAvailAsyncERKN4Napi12CallbackInfoE
FN:1178,_ZN9Disruptor17ProduceClaimAvailERKN4Napi12CallbackInfoE
FN:1195,_ZN9Disruptor14ProduceRecoverERKN4Napi12CallbackInfoE
FN:1214,_ZN9Disruptor17ProduceCommitSyncI12AsyncBooleanEET_RKN4Napi3EnvEmmb
FN:1214,_ZN9Disruptor17ProduceCommitSyncIN4Napi7BooleanEEET_RKNS1_3EnvEmmb
FN:1235,_ZN9Disruptor13UpdateSeqNextEmmb
FN:1244,_ZN9Disruptor10GetSeqNextERKN4Napi12CallbackInfoERmS4_
FN:1260,_ZN9Disruptor17ProduceCommitSyncERKN4Napi12CallbackInfoE
FN:1271,_ZN24ProduceCommitAsyncWorkerC2EP9DisruptorRKN4Napi8FunctionEmm
FN:1282,_ZN24ProduceCommitAsyncWorker7ExecuteEv
FN:1289,_ZN24ProduceCommitAsyncWorker5RetryEv
FN:1298,_ZN9Disruptor18ProduceCommitAsyncERKN4Napi12CallbackInfoEmmj
FN:1307,_ZN9Disruptor18ProduceCommitAsyncERKN4Napi12CallbackInfoE
FN:1314,_ZN9Disruptor13ProduceCommitERKN4Napi12CallbackInfoE
FN:1329,_ZN9Disruptor12GetConsumersERKN4Napi12CallbackInfoE
FN:1334,_ZN9Disruptor9GetCursorERKN4Napi12CallbackInfoE
FN:1339,_ZN9Disruptor7GetNextERKN4Napi12CallbackInfoE
FN:1344,_ZN9Disruptor11GetElementsERKN4Napi12CallbackInfoE
FN:1349,_ZN9Disruptor11GetConsumerERKN4Napi12CallbackInfoE
FN:1354,_ZN9Disruptor21GetPendingSeqConsumerERKN4Napi12CallbackInfoE
FN:1359,_ZN9Disruptor19GetPendingSeqCursorERKN4Napi12CallbackInfoE
FN:1364,_ZN9Disruptor17GetPendingSeqNextERKN4Napi12CallbackInfoE
FN:1369,_ZN9Disruptor20GetPendingSeqNextEndERKN4Napi12CallbackInfoE
FN:1374,_ZN9Disruptor23GetAllConsumersIgnoringERKN4Napi12CallbackInfoE
FN:1379,_ZN9Disruptor14GetElementSizeERKN4Napi12CallbackInfoE
FN:1384,_ZN9Disruptor7GetSpinERKN4Napi12CallbackInfoE
FN:1389,_ZN9Disruptor9GetStatusERKN4Napi12CallbackInfoE
FN:1394,_ZN9Disruptor9SetStatusERKN4Napi12CallbackInfoERKNS0_5ValueE
FN:1399,_ZN9Disruptor10InitializeEN4Napi3EnvENS0_6ObjectE
FN:1448,_Z10InitializeN4Napi3EnvENS_6ObjectE
FN:1453,_register_disruptor
FN:1453,_ZL17__napi_InitializeP10napi_env__P12napi_value__
FNDA:307490,_ZN10AsyncArrayI11AsyncBufferE3SetEjOS0_
FNDA:155880,_ZN27ProduceClaimManyAsyncWorker5RetryEv
FNDA:235220,_ZN20DisruptorAsyncWorkerI10AsyncArrayI11AsyncBufferEmmbE4OnOKEv
FNDA:2102,_ZN9Disruptor14GetElementSizeERKN4Napi12CallbackInfoE
FNDA:222,_ZN9Disruptor9GetCursorERKN4Napi12CallbackInfoE
FNDA:1496686,_ZN24ProduceCommitAsyncWorker5RetryEv
FNDA:128937,_ZN9Disruptor18ProduceCommitAsyncERKN4Napi12CallbackInfoEmmj
FNDA:952773,_ZN21ConsumeNewAsyncWorker7ExecuteEv
FNDA:1187993,_ZN10AsyncArrayI11AsyncBufferE6LengthEv
FNDA:79328,_ZN9Disruptor21ProduceClaimAvailSyncI10AsyncArrayI11AsyncBufferES2_EET_RKN4Napi3EnvEjbRmS9_Rb
FNDA:491639,_ZN11AsyncBuffer3NewEN4Napi3EnvEP9Disruptormm
FNDA:952773,_ZN21ConsumeNewAsyncWorkerC2EP9DisruptorRKN4Napi8FunctionE
FNDA:520252,_ZN9Disruptor16ProduceClaimSyncI10SyncBufferEENT_6BufferERKN4Napi3EnvEbRmS8_Rb
FNDA:505,_ZL17__napi_InitializeP10napi_env__P12napi_value__
FNDA:491639,_ZN11AsyncBufferC2Ev
FNDA:235220,_ZN20DisruptorAsyncWorkerI10AsyncArrayI11AsyncBufferEmmbEC2EP9DisruptorRKN4Napi8FunctionE
FNDA:12,_ZN9Disruptor21ProduceClaimManyAsyncERKN4Napi12CallbackInfoEj
FNDA:4756,_ZN9DisruptorD2Ev
FNDA:222,_ZN9Disruptor11GetConsumerERKN4Napi12CallbackInfoE
FNDA:952773,_ZN9Disruptor14ConsumeNewSyncI10AsyncArrayI11AsyncBufferES2_EET_RKN4Napi3EnvEbRm
FNDA:4756,_ZN9DisruptorD0Ev
FNDA:6997596,_ZN9Disruptor14ConsumeNewSyncIN4Napi5ArrayE10SyncBufferEET_RKNS1_3EnvEbRm
FNDA:982910,_ZN9Disruptor13UpdatePendingEmm
FNDA:69915,_ZN9Disruptor21ProduceClaimAvailSyncIN4Napi5ArrayE10SyncBufferEET_RKNS1_3EnvEjbRmS8_Rb
FNDA:1625623,_ZN24ProduceCommitAsyncWorkerC2EP9DisruptorRKN4Napi8FunctionEmm
FNDA:8,_ZN9Disruptor15ThrowErrnoErrorERKN4Napi12CallbackInfoEPKc
FNDA:13,_ZN9Disruptor14ConsumeNewSyncERKN4Napi12CallbackInfoE
FNDA:184149,_ZN23ProduceClaimAsyncWorker7ExecuteEv
FNDA:441515,_Z11GetCallbackRKN4Napi12CallbackInfoEj
FNDA:1510288,_ZN10SyncBuffer3NewEN4Napi3EnvEP9Disruptormm
FNDA:5768,_ZN9DisruptorC2ERKN4Napi12CallbackInfoE
FNDA:521555,_ZN9Disruptor17ProduceCommitSyncIN4Napi7BooleanEEET_RKNS1_3EnvEmmb
FNDA:520744,_ZN9Disruptor13ProduceCommitERKN4Napi12CallbackInfoE
FNDA:307410,_ZN9Disruptor15ConsumeNewAsyncERKN4Napi12CallbackInfoE
FNDA:79325,_ZN28ProduceClaimAvailAsyncWorker5RetryEv
FNDA:155892,_ZN27ProduceClaimManyAsyncWorker7ExecuteEv
FNDA:1625623,_ZN12AsyncBoolean3NewEN4Napi3EnvEb
FNDA:1625623,_ZN12AsyncBooleanC2Ev
FNDA:69913,_ZN9Disruptor17ProduceClaimAvailERKN4Napi12CallbackInfoE
FNDA:12024373,_ZN9Disruptor9GetStatusERKN4Napi12CallbackInfoE
FNDA:5153,_ZN9Disruptor17ProduceClaimAsyncERKN4Napi12CallbackInfoE
FNDA:322914,_Z7ToValueRKN4Napi3EnvEm
FNDA:51,_ZN9Disruptor20ProduceClaimManySyncIN4Napi5ArrayE10SyncBufferEET_RKNS1_3EnvEjbRmS8_Rb
FNDA:519445,_ZN9Disruptor12ProduceClaimERKN4Napi12CallbackInfoE
FNDA:5760,_ZN7CloseFDclEPi
FNDA:1556,_ZN9Disruptor11GetElementsERKN4Napi12CallbackInfoE
FNDA:1625623,_ZN20DisruptorAsyncWorkerI12AsyncBoolean14AsyncUndefinedS1_S1_E4OnOKEv
FNDA:184149,_ZN20DisruptorAsyncWorkerI11AsyncBuffermmbEC2EP9DisruptorRKN4Napi8FunctionE
FNDA:6997683,_ZN9Disruptor21GetPendingSeqConsumerERKN4Napi12CallbackInfoE
FNDA:10011,_ZN9Disruptor7ReleaseEv
FNDA:222,_ZN9Disruptor7GetNextERKN4Napi12CallbackInfoE
FNDA:5255,_ZN9Disruptor7ReleaseERKN4Napi12CallbackInfoE
FNDA:184149,_ZN20DisruptorAsyncWorkerI11AsyncBuffermmbE4OnOKEv
FNDA:505,_ZN9Disruptor10InitializeEN4Napi3EnvENS0_6ObjectE
FNDA:1625623,_ZN24ProduceCommitAsyncWorker7ExecuteEv
FNDA:76,_ZN9Disruptor14ProduceRecoverERKN4Napi12CallbackInfoE
FNDA:3,_ZN9Disruptor22ProduceClaimAvailAsyncERKN4Napi12CallbackInfoEj
FNDA:522366,_ZN9Disruptor10GetSeqNextERKN4Napi12CallbackInfoERmS4_
FNDA:983278,_ZN11AsyncBufferC2Emmj
FNDA:807,_ZN9Disruptor16ProduceClaimSyncERKN4Napi12CallbackInfoE
FNDA:10,_ZN9Disruptor9SetStatusERKN4Napi12CallbackInfoERKNS0_5ValueE
FNDA:811,_ZN9Disruptor18ProduceCommitAsyncERKN4Napi12CallbackInfoE
FNDA:12,_ZN9Disruptor12GetConsumersERKN4Napi12CallbackInfoE
FNDA:11,_ZN9Disruptor20ProduceClaimManySyncERKN4Napi12CallbackInfoE
FNDA:1001631,_Z7ToValueRKN4Napi3EnvERK14AsyncUndefined
FNDA:184149,_ZN9Disruptor16ProduceClaimSyncI11AsyncBufferEENT_6BufferERKN4Napi3EnvEbRmS8_Rb
FNDA:79328,_ZN28ProduceClaimAvailAsyncWorkerC2EP9DisruptorRKN4Napi8FunctionEj
FNDA:2997765,_ZN9Disruptor4SpinEv
FNDA:2,_ZN9Disruptor21ProduceClaimAvailSyncERKN4Napi12CallbackInfoE
FNDA:79328,_ZN28ProduceClaimAvailAsyncWorker7ExecuteEv
FNDA:184149,_ZN11AsyncBuffer6LengthEv
FNDA:505,_Z10InitializeN4Napi3EnvENS_6ObjectE
FNDA:1350,_ZN9Disruptor17ProduceGetBuffersIN4Napi5ArrayE10SyncBufferEEvRKNS1_3EnvEmmbRT_
FNDA:12,_ZN9Disruptor17ProduceGetBuffersI10AsyncArrayI11AsyncBufferES2_EEvRKN4Napi3EnvEmmbRT_
FNDA:2024,_ZN9Disruptor7GetSpinERKN4Napi12CallbackInfoE
FNDA:40,_ZN9Disruptor16ProduceClaimManyERKN4Napi12CallbackInfoE
FNDA:2375986,_ZN10AsyncArrayI11AsyncBufferEC2Ev
FNDA:590264,_ZN9Disruptor20GetPendingSeqNextEndERKN4Napi12CallbackInfoE
FNDA:2,_ZN9Disruptor22ProduceClaimAvailAsyncERKN4Napi12CallbackInfoE
FNDA:4756,_ZZN9DisruptorC4ERKN4Napi12CallbackInfoEENKUlNS0_3EnvEPhE_clES4_S5_
FNDA:184149,_ZN23ProduceClaimAsyncWorkerC2EP9DisruptorRKN4Napi8FunctionE
FNDA:811,_ZN9Disruptor17ProduceCommitSyncERKN4Napi12CallbackInfoE
FNDA:1009607,_ZN9Disruptor13UpdateSeqNextEmmb
FNDA:1625623,_ZN9Disruptor17ProduceCommitSyncI12AsyncBooleanEET_RKN4Napi3EnvEmmb
FNDA:155892,_ZN27ProduceClaimManyAsyncWorkerC2EP9DisruptorRKN4Napi8FunctionEj
FNDA:1625623,_ZNK12AsyncBooleancvbEv
FNDA:952773,_ZN20DisruptorAsyncWorkerI10AsyncArrayI11AsyncBufferEm14AsyncUndefinedS3_EC2EP9DisruptorRKN4Napi8FunctionE
FNDA:590250,_ZN9Disruptor23GetAllConsumersIgnoringERKN4Napi12CallbackInfoE
FNDA:645363,_ZN21ConsumeNewAsyncWorker5RetryEv
FNDA:1625623,_ZN12AsyncBooleanC2Eb
FNDA:312643,_ZN11AsyncBuffer7ToValueEN4Napi3EnvEP9Disruptor
FNDA:253,_register_disruptor
FNDA:155892,_ZN9Disruptor20ProduceClaimManySyncI10AsyncArrayI11AsyncBufferES2_EET_RKN4Napi3EnvEjbRmS9_Rb
FNDA:87,_ZN9Disruptor19GetPendingSeqCursorERKN4Napi12CallbackInfoE
FNDA:128937,_ZN12AsyncBoolean7ToValueEN4Napi3EnvEP9Disruptor
FNDA:952773,_ZN20DisruptorAsyncWorkerI10AsyncArrayI11AsyncBufferEm14AsyncUndefinedS3_E4OnOKEv
FNDA:1187993,_ZN10AsyncArrayI11AsyncBufferE3NewEN4Napi3EnvE
FNDA:6997583,_ZN9Disruptor10ConsumeNewERKN4Napi12CallbackInfoE
FNDA:6997601,_ZN9Disruptor13ConsumeCommitERKN4Napi12CallbackInfoE
FNDA:307425,_ZN10AsyncArrayI11AsyncBufferE7ToValueEN4Napi3EnvEP9Disruptor
FNDA:178996,_ZN23ProduceClaimAsyncWorker5RetryEv
FNDA:11,_ZN9Disruptor21ProduceClaimManyAsyncERKN4Napi12CallbackInfoE
FNDA:590264,_ZN9Disruptor17GetPendingSeqNextERKN4Napi12CallbackInfoE
FNDA:1625623,_ZN20DisruptorAsyncWorkerI12AsyncBoolean14AsyncUndefinedS1_S1_EC2EP9DisruptorRKN4Napi8FunctionE
FNDA:14947970,_ZN9Disruptor13ConsumeCommitEv
FNF:105
FNH:105
DA:75,2997765
DA:77,2997765
DA:204,441515
DA:206,441515
DA:208,441515
DA:209,441515
DA:211,441515
DA:223,1510288
DA:226,4530864
DA:231,1510288
DA:232,3020576
DA:233,3020576
DA:242,491639
DA:244,491639
DA:246,491639
DA:248,491639
DA:251,312643
DA:253,312643
DA:256,184149
DA:258,184149
DA:262,983278
DA:263,983278
DA:264,983278
DA:265,983278
DA:267,983278
DA:278,2375986
DA:279,2375986
DA:281,2375986
DA:283,1187993
DA:285,1187993
DA:288,307490
DA:290,307490
DA:292,307490
DA:295,307490
DA:296,307490
DA:298,307425
DA:300,307425
DA:301,307425
DA:302,614915
DA:304,307490
DA:306,307425
DA:309,1187993
DA:311,1187993
DA:321,1625623
DA:322,1625623
DA:324,1625623
DA:326,1625623
DA:328,1625623
DA:331,128937
DA:333,128937
DA:336,1625623
DA:338,1625623
DA:342,1625623
DA:343,1625623
DA:345,1625623
DA:354,322914
DA:356,322914
DA:359,1001631
DA:361,1001631
DA:371,2997765
DA:374,2997765
DA:375,2997765
DA:376,2997765
DA:378,2997765
DA:383,2997765
DA:385,2997765
DA:387,2556250
DA:390,441515
DA:392,3090605
DA:393,441515
DA:396,441515
DA:397,441515
DA:398,441515
DA:399,441515
DA:400,883030
DA:418,5760
DA:420,5760
DA:421,5760
DA:422,5760
DA:425,8
DA:428,8
DA:429,8
DA:436,8
DA:440,8
DA:441,16
DA:444,5768
DA:446,5768
DA:449,5768
DA:450,5768
DA:451,5768
DA:452,5768
DA:453,5768
DA:454,5768
DA:455,5768
DA:460,5768
DA:461,5768
DA:462,5768
DA:465,5768
DA:467,280
DA:468,280
DA:473,5768
DA:475,8
DA:478,5760
DA:486,5760
DA:487,5760
DA:488,5760
DA:492,5760
DA:498,5760
DA:501,5760
DA:503,5760
DA:508,5760
DA:509,5760
DA:510,5760
DA:511,5760
DA:512,5760
DA:513,5760
DA:515,5760
DA:516,5760
DA:518,5760
DA:519,5760
DA:521,5760
DA:563,5760
DA:564,5760
DA:565,5760
DA:566,5760
DA:568,5760
DA:569,5760
DA:570,5760
DA:573,5760
DA:575,9679
DA:576,9679
DA:577,5760
DA:579,3919
DA:580,3919
DA:582,5760
DA:584,5760
DA:591,5760
DA:595,4756
DA:596,4756
DA:597,4756
DA:598,4756
DA:601,5760
DA:602,5760
DA:603,5760
DA:605,5760
DA:607,5760
DA:608,17280
DA:610,5760
DA:611,5760
DA:612,5760
DA:614,5760
DA:615,17280
DA:617,5760
DA:618,5760
DA:619,5760
DA:620,5808
DA:622,9512
DA:624,4756
DA:625,9512
DA:627,10011
DA:629,10011
DA:630,10011
DA:631,10011
DA:632,10011
DA:634,10011
DA:636,5759
DA:638,5759
DA:643,5759
DA:646,10011
DA:649,5255
DA:651,15765
DA:652,6263
DA:653,6263
DA:655,1008
DA:658,5255
DA:662,5255
DA:667,7950369
DA:674,7950369
DA:678,7950369
DA:679,7950369
DA:680,7950369
DA:681,7950369
DA:683,7950369
DA:685,876758
DA:686,876758
DA:687,876758
DA:688,876758
DA:689,876758
DA:690,307233
DA:692,7073611
DA:694,106152
DA:695,106152
DA:696,106152
DA:698,607
DA:700,106152
DA:701,106152
DA:702,106152
DA:703,175
DA:705,6967459
DA:707,6967459
DA:709,6967459
DA:712,13
DA:715,13
DA:722,952773
DA:723,952773
DA:725,952773
DA:727,952773
DA:728,952773
DA:731,952773
DA:734,952773
DA:735,952773
DA:736,952773
DA:738,645363
DA:740,645363
DA:741,645363
DA:744,307410
DA:746,307410
DA:747,307410
DA:749,6997583
DA:752,6997583
DA:753,6997583
DA:755,6997583
DA:757,6690186
DA:760,307397
DA:761,307397
DA:764,6997601
DA:766,6997601
DA:769,982910
DA:771,982910
DA:772,982910
DA:773,982910
DA:775,14947970
DA:777,14947970
DA:779,14947970
DA:781,982909
DA:782,982909
DA:788,982909
DA:791,14947970
DA:795,704401
DA:805,704401
DA:807,704401
DA:808,704401
DA:810,3251436
DA:812,2726097
DA:814,2726097
DA:816,2726089
DA:818,2726089
DA:820,179062
DA:821,179062
DA:826,704401
DA:828,4
DA:831,1229732
DA:832,525335
DA:834,521039
DA:835,521039
DA:836,521039
DA:837,521039
DA:838,521039
DA:839,521039
DA:840,521039
DA:843,183358
DA:845,183362
DA:846,183362
DA:847,183362
DA:848,183362
DA:849,183362
DA:852,807
DA:856,807
DA:863,184149
DA:864,184149
DA:866,184149
DA:868,184149
DA:869,184149
DA:870,184149
DA:871,184149
DA:874,184149
DA:877,184149
DA:878,184149
DA:879,184149
DA:880,184149
DA:882,178996
DA:884,178996
DA:885,178996
DA:888,5153
DA:890,5153
DA:891,5153
DA:893,519445
DA:897,519445
DA:898,519445
DA:900,519445
DA:902,515099
DA:905,4346
DA:906,4346
DA:910,1362
DA:916,1362
DA:917,1362
DA:919,1362
DA:921,4
DA:922,4
DA:926,1358
DA:929,1362
DA:930,1362
DA:933,155943
DA:944,155943
DA:945,155943
DA:947,155943
DA:948,155943
DA:950,156005
DA:952,155959
DA:954,155959
DA:956,155947
DA:958,155947
DA:960,155897
DA:961,155897
DA:966,155943
DA:968,4
DA:971,155981
DA:972,42
DA:974,42
DA:975,42
DA:976,42
DA:977,42
DA:978,42
DA:979,42
DA:980,9
DA:982,155897
DA:984,155901
DA:985,155901
DA:986,155901
DA:987,155901
DA:988,155901
DA:991,11
DA:995,22
DA:996,33
DA:1006,155892
DA:1008,155892
DA:1014,155892
DA:1016,155892
DA:1017,155892
DA:1018,155892
DA:1019,155892
DA:1022,155892
DA:1025,311784
DA:1026,311784
DA:1027,155892
DA:1028,155892
DA:1030,155880
DA:1032,155880
DA:1033,155880
DA:1039,12
DA:1042,12
DA:1043,12
DA:1045,11
DA:1047,11
DA:1048,11
DA:1050,40
DA:1052,40
DA:1055,40
DA:1056,40
DA:1058,40
DA:1060,39
DA:1063,1
DA:1064,1
DA:1068,149243
DA:1079,149243
DA:1080,149243
DA:1081,149243
DA:1083,468320
DA:1085,319077
DA:1086,319077
DA:1088,318069
DA:1089,318069
DA:1093,149243
DA:1095,5
DA:1098,150538
DA:1099,1300
DA:1101,1300
DA:1102,1300
DA:1103,1300
DA:1104,1300
DA:1105,1300
DA:1106,1300
DA:1107,3
DA:1109,147938
DA:1111,147943
DA:1112,147943
DA:1113,147943
DA:1114,147943
DA:1115,147943
DA:1118,2
DA:1122,4
DA:1123,6
DA:1133,79328
DA:1135,79328
DA:1141,79328
DA:1143,79328
DA:1144,79328
DA:1145,79328
DA:1146,79328
DA:1149,79328
DA:1152,158656
DA:1153,158656
DA:1154,79328
DA:1155,79328
DA:1157,79325
DA:1159,79325
DA:1160,79325
DA:1166,3
DA:1169,3
DA:1170,3
DA:1173,2
DA:1175,2
DA:1176,2
DA:1178,69913
DA:1180,69913
DA:1183,69913
DA:1184,69913
DA:1186,69913
DA:1188,69912
DA:1191,1
DA:1192,1
DA:1195,76
DA:1197,76
DA:1198,76
DA:1200,76
DA:1202,140
DA:1203,116
DA:1204,40
DA:1206,20
DA:1207,40
DA:1210,76
DA:1214,2147178
DA:1219,2147178
DA:1223,2147170
DA:1224,2147170
DA:1226,522354
DA:1229,1624816
DA:1232,1624824
DA:1235,1009607
DA:1239,1009607
DA:1240,1009607
DA:1241,1009607
DA:1242,1009607
DA:1244,522366
DA:1248,522366
DA:1250,1303
DA:1251,1303
DA:1252,1303
DA:1255,521063
DA:1256,521063
DA:1257,521063
DA:1260,811
DA:1263,811
DA:1264,811
DA:1271,1625623
DA:1274,1625623
DA:1276,1625623
DA:1277,1625623
DA:1279,1625623
DA:1282,1625623
DA:1285,1625623
DA:1286,1625623
DA:1287,1625623
DA:1289,1496686
DA:1291,1496686
DA:1292,1496686
DA:1298,128937
DA:1304,128937
DA:1305,128937
DA:1307,811
DA:1310,811
DA:1311,811
DA:1312,811
DA:1314,520744
DA:1317,520744
DA:1319,520744
DA:1320,520744
DA:1322,392618
DA:1325,128126
DA:1326,128126
DA:1329,12
DA:1331,12
DA:1334,222
DA:1336,222
DA:1339,222
DA:1341,222
DA:1344,1556
DA:1346,1556
DA:1349,222
DA:1351,222
DA:1354,6997683
DA:1356,6997683
DA:1359,87
DA:1361,87
DA:1364,590264
DA:1366,590264
DA:1369,590264
DA:1371,590264
DA:1374,590250
DA:1376,590250
DA:1379,2102
DA:1381,2102
DA:1384,2024
DA:1386,2024
DA:1389,12024373
DA:1391,12024373
DA:1394,10
DA:1396,10
DA:1397,10
DA:1399,505
DA:1402,505
DA:1403,505
DA:1404,253
DA:1406,505
DA:1408,505
DA:1410,505
DA:1411,505
DA:1412,505
DA:1413,505
DA:1414,505
DA:1415,505
DA:1416,505
DA:1417,505
DA:1418,505
DA:1419,505
DA:1420,505
DA:1421,505
DA:1422,505
DA:1423,505
DA:1424,505
DA:1425,505
DA:1426,505
DA:1427,505
DA:1428,505
DA:1429,505
DA:1432,505
DA:1433,505
DA:1434,505
DA:1435,505
DA:1436,505
DA:1437,505
DA:1438,505
DA:1439,505
DA:1440,505
DA:1441,505
DA:1442,505
DA:1445,505
DA:1448,505
DA:1450,505
DA:1453,758
LF:550
LH:550
end_of_record
TN:
SF:lib/disruptor.js
FN:8,check
FN:18,Disruptor2
FN:54,_consumeNew
FN:61,consumeNew
FN:71,_produceClaim
FN:80,produceClaim
FN:90,_produceClaimMany
FN:99,produceClaimMany
FN:109,_produceClaimAvail
FN:118,produceClaimAvail
FN:128,_produceCommit
FN:138,produceCommit
FN:160,DisruptorReadStream
FN:172,__read
FN:195,_read
FN:221,read_again
FN:235,DisruptorWriteStream
FN:247,_write
FN:282,_final
FN:287,_destroy
FN:298,_commit
FN:324,commit_again
FN:328,write_again
FNDA:15,DisruptorWriteStream
FNDA:69905,_write
FNDA:520744,produceCommit
FNDA:2011,DisruptorReadStream
FNDA:519445,produceClaim
FNDA:6118736,read_again
FNDA:69765,write_again
FNDA:4,_final
FNDA:40,_produceClaimMany
FNDA:6227800,_read
FNDA:5768,Disruptor2
FNDA:6121748,__read
FNDA:40,produceClaimMany
FNDA:520744,_produceCommit
FNDA:6997583,consumeNew
FNDA:519445,_produceClaim
FNDA:6997583,_consumeNew
FNDA:69913,_produceClaimAvail
FNDA:2022,_destroy
FNDA:1290,_commit
FNDA:69913,produceClaimAvail
FNDA:8107725,check
FNDA:1,commit_again
FNF:23
FNH:23
BRDA:1,0,0,505
BRDA:8,1,0,8107725
BRDA:11,2,0,7667854
BRDA:18,3,0,5768
BRDA:22,4,0,6555614
BRDA:23,5,0,6555614
BRDA:28,6,0,467557
BRDA:29,7,0,467557
BRDA:34,8,0,27
BRDA:35,9,0,27
BRDA:40,10,0,69909
BRDA:41,11,0,69909
BRDA:46,12,0,468851
BRDA:47,13,0,1289
BRDA:50,14,0,467562
BRDA:54,15,0,6997583
BRDA:61,16,0,6997583
BRDA:64,17,0,441969
BRDA:67,18,0,6555614
BRDA:71,19,0,519445
BRDA:80,20,0,519445
BRDA:83,21,0,51888
BRDA:86,22,0,467557
BRDA:90,23,0,40
BRDA:99,24,0,40
BRDA:102,25,0,13
BRDA:105,26,0,27
BRDA:109,27,0,69913
BRDA:118,28,0,69913
BRDA:121,29,0,4
BRDA:124,30,0,69909
BRDA:128,31,0,520744
BRDA:131,32,0,1297
BRDA:134,33,0,519447
BRDA:138,34,0,520744
BRDA:141,35,0,1297
BRDA:143,36,0,8
BRDA:146,37,0,1289
BRDA:149,38,0,519447
BRDA:151,39,0,51885
BRDA:154,40,0,467562
BRDA:160,41,0,2011
BRDA:162,42,0,1
BRDA:165,43,0,2010
BRDA:165,44,0,1
BRDA:168,45,0,2009
BRDA:172,46,0,6121748
BRDA:173,47,0,1
BRDA:176,48,0,6121747
BRDA:179,49,0,6121746
BRDA:182,50,0,1
BRDA:186,51,0,6121747
BRDA:187,52,0,1001
BRDA:192,53,0,6120746
BRDA:195,54,0,6227800
BRDA:196,55,0,107055
BRDA:199,56,0,6120745
BRDA:200,57,0,6119742
BRDA:201,58,0,107054
BRDA:202,59,0,107052
BRDA:205,60,0,6012688
BRDA:205,61,0,1003
BRDA:213,62,0,6011685
BRDA:213,63,0,1
BRDA:215,64,0,6011684
BRDA:221,65,0,6118736
BRDA:222,66,0,6118736
BRDA:225,67,0,2009
BRDA:226,68,0,1001
BRDA:228,69,0,1008
BRDA:235,70,0,15
BRDA:237,71,0,1
BRDA:240,72,0,14
BRDA:240,73,0,1
BRDA:243,74,0,13
BRDA:247,75,0,69905
BRDA:248,76,0,1
BRDA:251,77,0,69904
BRDA:258,78,0,69903
BRDA:259,79,0,1
BRDA:263,80,0,69903
BRDA:264,81,0,1
BRDA:268,82,0,69902
BRDA:269,83,0,1289
BRDA:273,84,0,69902
BRDA:273,85,0,68613
BRDA:274,86,0,1
BRDA:277,87,0,68612
BRDA:279,88,0,1289
BRDA:282,89,0,4
BRDA:287,90,0,13
BRDA:288,91,0,6
BRDA:291,92,0,2
BRDA:293,93,0,11
BRDA:298,94,0,1290
BRDA:299,95,0,1
BRDA:302,96,0,1289
BRDA:306,97,0,1288
BRDA:306,98,0,1
BRDA:310,99,0,1288
BRDA:311,100,0,1
BRDA:315,101,0,1287
BRDA:315,102,0,1
BRDA:318,103,0,1286
BRDA:318,104,0,1153
BRDA:321,105,0,133
BRDA:324,106,0,1
BRDA:325,107,0,1
BRDA:328,108,0,69765
BRDA:329,109,0,69765
BRF:110
BRH:110
DA:1,505
DA:2,505
DA:3,505
DA:4,505
DA:5,505
DA:6,505
DA:7,505
DA:8,8107725
DA:9,8107725
DA:10,8107725
DA:11,8107725
DA:12,7667854
DA:13,7667854
DA:14,8107725
DA:15,505
DA:16,505
DA:17,505
DA:18,505
DA:19,5768
DA:20,5768
DA:21,5768
DA:22,5768
DA:23,6555614
DA:24,6555614
DA:25,6555614
DA:26,5768
DA:27,5768
DA:28,5768
DA:29,467557
DA:30,467557
DA:31,467557
DA:32,5768
DA:33,5768
DA:34,5768
DA:35,27
DA:36,27
DA:37,27
DA:38,5768
DA:39,5768
DA:40,5768
DA:41,69909
DA:42,69909
DA:43,69909
DA:44,5768
DA:45,5768
DA:46,5768
DA:47,468851
DA:48,1289
DA:49,1289
DA:50,467562
DA:51,5768
DA:52,5768
DA:53,505
DA:54,505
DA:55,6997583
DA:56,6997583
DA:57,6997583
DA:58,6997583
DA:59,6997583
DA:60,505
DA:61,505
DA:62,6997583
DA:63,6997583
DA:64,6997583
DA:65,441969
DA:66,441969
DA:67,6555614
DA:68,6555614
DA:69,6997583
DA:70,505
DA:71,505
DA:72,519445
DA:73,519445
DA:74,519445
DA:75,519445
DA:76,519445
DA:77,519445
DA:78,519445
DA:79,505
DA:80,505
DA:81,519445
DA:82,519445
DA:83,519445
DA:84,51888
DA:85,51888
DA:86,467557
DA:87,467557
DA:88,519445
DA:89,505
DA:90,505
DA:91,40
DA:92,40
DA:93,40
DA:94,40
DA:95,40
DA:96,40
DA:97,40
DA:98,505
DA:99,505
DA:100,40
DA:101,40
DA:102,40
DA:103,13
DA:104,13
DA:105,27
DA:106,27
DA:107,40
DA:108,505
DA:109,505
DA:110,69913
DA:111,69913
DA:112,69913
DA:113,69913
DA:114,69913
DA:115,69913
DA:116,69913
DA:117,505
DA:118,505
DA:119,69913
DA:120,69913
DA:121,69913
DA:122,4
DA:123,4
DA:124,69909
DA:125,69909
DA:126,69913
DA:127,505
DA:128,505
DA:129,520744
DA:130,520744
DA:131,520744
DA:132,1297
DA:133,1297
DA:134,519447
DA:135,519447
DA:136,520744
DA:137,505
DA:138,505
DA:139,520744
DA:140,520744
DA:141,520744
DA:142,1297
DA:143,1297
DA:144,8
DA:145,8
DA:146,1289
DA:147,1289
DA:148,1289
DA:149,519447
DA:150,519447
DA:151,520744
DA:152,51885
DA:153,51885
DA:154,467562
DA:155,467562
DA:156,520744
DA:157,505
DA:158,505
DA:159,505
DA:160,505
DA:161,2011
DA:162,2011
DA:163,1
DA:164,1
DA:165,2011
DA:166,1
DA:167,1
DA:168,2009
DA:169,2009
DA:170,2011
DA:171,505
DA:172,505
DA:173,6121748
DA:174,1
DA:175,1
DA:176,6121747
DA:177,6121747
DA:178,6121747
DA:179,6121748
DA:180,6121746
DA:181,6121746
DA:182,6121748
DA:183,1
DA:184,1
DA:185,1
DA:186,6121747
DA:187,6121748
DA:188,1001
DA:189,1001
DA:190,1001
DA:191,1001
DA:192,6120746
DA:193,6121748
DA:194,505
DA:195,505
DA:196,6227800
DA:197,107055
DA:198,107055
DA:199,6120745
DA:200,6227800
DA:201,6119742
DA:202,107054
DA:203,107052
DA:204,107052
DA:205,6119742
DA:206,1003
DA:207,1003
DA:208,1003
DA:209,1003
DA:210,1003
DA:211,1003
DA:212,1003
DA:213,6012688
DA:214,1
DA:215,6011685
DA:216,6011684
DA:217,6011684
DA:218,6119742
DA:219,6227800
DA:220,505
DA:221,505
DA:222,6118736
DA:223,6118736
DA:224,505
DA:225,505
DA:226,2009
DA:227,1001
DA:228,2009
DA:229,1008
DA:230,1008
DA:231,2009
DA:232,505
DA:233,505
DA:234,505
DA:235,505
DA:236,15
DA:237,15
DA:238,1
DA:239,1
DA:240,15
DA:241,1
DA:242,1
DA:243,13
DA:244,13
DA:245,15
DA:246,505
DA:247,505
DA:248,69905
DA:249,1
DA:250,1
DA:251,69904
DA:252,69904
DA:253,69904
DA:254,69904
DA:255,69904
DA:256,69904
DA:257,69904
DA:258,69905
DA:259,69905
DA:260,1
DA:261,1
DA:262,1
DA:263,69903
DA:264,69905
DA:265,1
DA:266,1
DA:267,1
DA:268,69902
DA:269,69905
DA:270,1289
DA:271,1289
DA:272,1289
DA:273,69905
DA:274,68613
DA:275,1
DA:276,1
DA:277,68612
DA:278,68612
DA:279,1289
DA:280,69905
DA:281,505
DA:282,505
DA:283,4
DA:284,4
DA:285,4
DA:286,505
DA:287,505
DA:288,13
DA:289,6
DA:290,6
DA:291,13
DA:292,2
DA:293,13
DA:294,11
DA:295,11
DA:296,13
DA:297,505
DA:298,505
DA:299,1290
DA:300,1
DA:301,1
DA:302,1289
DA:303,1289
DA:304,1289
DA:305,1289
DA:306,1290
DA:307,1
DA:308,1
DA:309,1
DA:310,1288
DA:311,1290
DA:312,1
DA:313,1
DA:314,1
DA:315,1290
DA:316,1
DA:317,1
DA:318,1290
DA:319,1153
DA:320,1153
DA:321,133
DA:322,1290
DA:323,505
DA:324,505
DA:325,1
DA:326,1
DA:327,505
DA:328,505
DA:329,69765
DA:330,69765
DA:331,505
DA:332,505
DA:333,505
DA:334,505
DA:335,505
LF:335
LH:335
end_of_record
