TN:
SF:/home/david/shared-memory-disruptor/node_modules/node-addon-api/napi-inl.h
FN:25,_ZN4Napi7detailsL10AttachDataINS_10ObjectWrapI9DisruptorE20AccessorCallbackDataIPFNS_5ValueERKNS_12CallbackInfoEEPFvS9_RKS6_EEEEE11napi_statusP10napi_env__P12napi_value__PT_
FN:25,_ZN4Napi7detailsL10AttachDataINS_10ObjectWrapI9DisruptorE18MethodCallbackDataIPFvRKNS_12CallbackInfoEEEEEE11napi_statusP10napi_env__P12napi_value__PT_
FN:25,_ZN4Napi7detailsL10AttachDataINS_10ObjectWrapI9DisruptorE18MethodCallbackDataIMS3_FNS_5ValueERKNS_12CallbackInfoEEEEEE11napi_statusP10napi_env__P12napi_value__PT_
FN:25,_ZN4Napi7detailsL10AttachDataINS_10ObjectWrapI9DisruptorE20AccessorCallbackDataIMS3_FNS_5ValueERKNS_12CallbackInfoEEMS3_FvS9_RKS6_EEEEE11napi_statusP10napi_env__P12napi_value__PT_
FN:25,_ZN4Napi7detailsL10AttachDataINS0_12CallbackDataIPFvRKNS_12CallbackInfoEEvEEEE11napi_statusP10napi_env__P12napi_value__PT_
FN:25,_ZN4Napi7detailsL10AttachDataINS_10ObjectWrapI9DisruptorE18MethodCallbackDataIMS3_FvRKNS_12CallbackInfoEEEEEE11napi_statusP10napi_env__P12napi_value__PT_
FN:25,_ZN4Napi7detailsL10AttachDataINS_10ObjectWrapI9DisruptorE18MethodCallbackDataIPFNS_5ValueERKNS_12CallbackInfoEEEEEE11napi_statusP10napi_env__P12napi_value__PT_
FN:58,_ZN4Napi7details12WrapCallbackIZNS_10ObjectWrapI9DisruptorE27StaticSetterCallbackWrapperEP10napi_env__P20napi_callback_info__EUlvE_EEP12napi_value__T_
FN:58,_ZN4Napi7details12WrapCallbackIZNS0_12CallbackDataIPFvRKNS_12CallbackInfoEEvE7WrapperEP10napi_env__P20napi_callback_info__EUlvE_EEP12napi_value__T_
FN:58,_ZN4Napi7details12WrapCallbackIZNS_11AsyncWorker14OnWorkCompleteEP10napi_env__11napi_statusPvEUlvE_EEP12napi_value__T_
FN:58,_ZN4Napi7details12WrapCallbackIZNS_10ObjectWrapI9DisruptorE29InstanceMethodCallbackWrapperEP10napi_env__P20napi_callback_info__EUlvE_EEP12napi_value__T_
FN:58,_ZN4Napi7details12WrapCallbackIZNS_10ObjectWrapI9DisruptorE27StaticGetterCallbackWrapperEP10napi_env__P20napi_callback_info__EUlvE_EEP12napi_value__T_
FN:58,_ZN4Napi7details12WrapCallbackIZNS_10ObjectWrapI9DisruptorE27StaticMethodCallbackWrapperEP10napi_env__P20napi_callback_info__EUlvE_EEP12napi_value__T_
FN:58,_ZN4Napi7details12WrapCallbackIZNS_10ObjectWrapI9DisruptorE26ConstructorCallbackWrapperEP10napi_env__P20napi_callback_info__EUlvE_EEP12napi_value__T_
FN:58,_ZN4Napi7details12WrapCallbackIZNS_10ObjectWrapI9DisruptorE33InstanceVoidMethodCallbackWrapperEP10napi_env__P20napi_callback_info__EUlvE_EEP12napi_value__T_
FN:58,_ZN4Napi7details12WrapCallbackIZNS_14RegisterModuleEP10napi_env__P12napi_value__PFNS_6ObjectENS_3EnvES6_EEUlvE_EES5_T_
FN:58,_ZN4Napi7details12WrapCallbackIZNS_10ObjectWrapI9DisruptorE29InstanceGetterCallbackWrapperEP10napi_env__P20napi_callback_info__EUlvE_EEP12napi_value__T_
FN:58,_ZN4Napi7details12WrapCallbackIZNS_10ObjectWrapI9DisruptorE31StaticVoidMethodCallbackWrapperEP10napi_env__P20napi_callback_info__EUlvE_EEP12napi_value__T_
FN:58,_ZN4Napi7details12WrapCallbackIZNS_10ObjectWrapI9DisruptorE29InstanceSetterCallbackWrapperEP10napi_env__P20napi_callback_info__EUlvE_EEP12napi_value__T_
FN:93,_ZN4Napi7details12CallbackDataIPFvRKNS_12CallbackInfoEEvE7WrapperEP10napi_env__P20napi_callback_info__
FN:94,_ZZN4Napi7details12CallbackDataIPFvRKNS_12CallbackInfoEEvE7WrapperEP10napi_env__P20napi_callback_info__ENKUlvE_clEv
FN:252,_ZN4Napi14RegisterModuleEP10napi_env__P12napi_value__PFNS_6ObjectENS_3EnvES4_E
FN:255,_ZZN4Napi14RegisterModuleEP10napi_env__P12napi_value__PFNS_6ObjectENS_3EnvES4_EENKUlvE_clEv
FN:265,_ZN4Napi3EnvC2EP10napi_env__
FN:268,_ZNK4Napi3EnvcvP10napi_env__Ev
FN:279,_ZNK4Napi3Env9UndefinedEv
FN:286,_ZNK4Napi3Env4NullEv
FN:293,_ZNK4Napi3Env18IsExceptionPendingEv
FN:314,_ZN4Napi5ValueC2Ev
FN:317,_ZN4Napi5ValueC2EP10napi_env__P12napi_value__
FN:320,_ZNK4Napi5ValuecvP12napi_value__Ev
FN:339,_ZNK4Napi5Value3EnvEv
FN:343,_ZNK4Napi5Value7IsEmptyEv
FN:347,_ZNK4Napi5Value4TypeEv
FN:427,_ZNK4Napi5Value10IsFunctionEv
FN:469,_ZNK4Napi5Value2AsINS_8FunctionEEET_v
FN:469,_ZNK4Napi5Value2AsINS_6ObjectEEET_v
FN:469,_ZNK4Napi5Value2AsINS_7BooleanEEET_v
FN:469,_ZNK4Napi5Value2AsINS_6StringEEET_v
FN:469,_ZNK4Napi5Value2AsINS_6NumberEEET_v
FN:505,_ZN4Napi7Boolean3NewEP10napi_env__b
FN:515,_ZN4Napi7BooleanC2EP10napi_env__P12napi_value__
FN:518,_ZNK4Napi7BooleancvbEv
FN:522,_ZNK4Napi7Boolean5ValueEv
FN:533,_ZN4Napi6Number3NewEP10napi_env__d
FN:543,_ZN4Napi6NumberC2EP10napi_env__P12napi_value__
FN:550,_ZNK4Napi6NumbercvjEv
FN:573,_ZNK4Napi6Number11Uint32ValueEv
FN:580,_ZNK4Napi6Number10Int64ValueEv
FN:670,_ZN4Napi4NameC2EP10napi_env__P12napi_value__
FN:716,_ZN4Napi6StringC2EP10napi_env__P12napi_value__
FN:719,_ZNK4Napi6StringcvNSt7__cxx1112basic_stringIcSt11char_traitsIcESaIcEEEEv
FN:727,_ZNK4Napi6String9Utf8ValueB5cxx11Ev
FN:834,_ZN4Napi7details11vf_fallbackINS_5ValueEE4FromEP10napi_env__RKS2_
FN:834,_ZN4Napi7details11vf_fallbackINS_8FunctionEE4FromEP10napi_env__RKS2_
FN:834,_ZN4Napi7details11vf_fallbackINS_6BufferIhEEE4FromEP10napi_env__RKS3_
FN:854,_ZN4Napi5Value4FromINS_6BufferIhEEEES0_P10napi_env__RKT_
FN:854,_ZN4Napi5Value4FromINS_8FunctionEEES0_P10napi_env__RKT_
FN:854,_ZN4Napi5Value4FromIS0_EES0_P10napi_env__RKT_
FN:900,_ZN4Napi6Object14PropertyLValueIjEaSINS_5ValueEEERS2_T_
FN:906,_ZN4Napi6Object14PropertyLValueIjEC2ES0_j
FN:909,_ZN4Napi6Object3NewEP10napi_env__
FN:916,_ZN4Napi6ObjectC2Ev
FN:919,_ZN4Napi6ObjectC2EP10napi_env__P12napi_value__
FN:930,_ZN4Napi6ObjectixEj
FN:1010,_ZNK4Napi6Object3GetEPKc
FN:1036,_ZN4Napi6Object3SetINS_8FunctionEEEvPKcRKT_
FN:1084,_ZN4Napi6Object3SetINS_6BufferIhEEEEvjRKT_
FN:1084,_ZN4Napi6Object3SetINS_5ValueEEEvjRKT_
FN:1204,_ZN4Napi5Array3NewEP10napi_env__
FN:1221,_ZN4Napi5ArrayC2EP10napi_env__P12napi_value__
FN:1224,_ZNK4Napi5Array6LengthEv
FN:1506,_ZN4Napi10TypedArrayC2Ev
FN:1510,_ZN4Napi10TypedArrayC2EP10napi_env__P12napi_value__
FN:1612,_ZN4Napi12TypedArrayOfIhEC2Ev
FN:1616,_ZN4Napi12TypedArrayOfIhEC2EP10napi_env__P12napi_value__
FN:1663,_ZN4NapiL14CreateFunctionINS_10ObjectWrapI9DisruptorE18MethodCallbackDataIPFvRKNS_12CallbackInfoEEEEEE11napi_statusP10napi_env__PKcPFP12napi_value__SD_P20napi_callback_info__EPT_PSH_
FN:1663,_ZN4NapiL14CreateFunctionINS_7details12CallbackDataIPFvRKNS_12CallbackInfoEEvEEEE11napi_statusP10napi_env__PKcPFP12napi_value__SB_P20napi_callback_info__EPT_PSF_
FN:1663,_ZN4NapiL14CreateFunctionINS_10ObjectWrapI9DisruptorE18MethodCallbackDataIPFNS_5ValueERKNS_12CallbackInfoEEEEEE11napi_statusP10napi_env__PKcPFP12napi_value__SE_P20napi_callback_info__EPT_PSI_
FN:1678,_ZN4Napi8Function3NewIPFvRKNS_12CallbackInfoEEEES0_P10napi_env__T_PKcPv
FN:1711,_ZN4Napi8FunctionC2EP10napi_env__P12napi_value__
FN:1730,_ZNK4Napi8Function4CallEP12napi_value__RKSt16initializer_listIS2_E
FN:1734,_ZNK4Napi8Function4CallEP12napi_value__RKSt6vectorIS2_SaIS2_EE
FN:1738,_ZNK4Napi8Function4CallEP12napi_value__mPKS2_
FN:1746,_ZNK4Napi8Function12MakeCallbackEP12napi_value__RKSt16initializer_listIS2_EP20napi_async_context__
FN:1760,_ZNK4Napi8Function12MakeCallbackEP12napi_value__mPKS2_P20napi_async_context__
FN:1827,_ZN4Napi6BufferIhE3NewEP10napi_env__m
FN:1836,_ZN4Napi6BufferImE3NewEP10napi_env__Pmm
FN:1836,_ZN4Napi6BufferIhE3NewEP10napi_env__Phm
FN:1901,_ZN4Napi6BufferIhEC2Ev
FN:1910,_ZN4Napi6BufferImEC2EP10napi_env__P12napi_value__mPm
FN:1910,_ZN4Napi6BufferIhEC2EP10napi_env__P12napi_value__mPh
FN:1915,_ZNK4Napi6BufferIhE6LengthEv
FN:1927,_ZNK4Napi6BufferIhE10EnsureInfoEv
FN:1945,_ZN4Napi5Error3NewEP10napi_env__
FN:2003,_ZN4Napi5Error3NewEP10napi_env__RKNSt7__cxx1112basic_stringIcSt11char_traitsIcESaIcEEE
FN:2007,_ZN4Napi5Error5FatalEPKcS2_
FN:2014,_ZN4Napi5ErrorC2EP10napi_env__P12napi_value__
FN:2050,_ZNK4Napi5Error7MessageB5cxx11Ev
FN:2067,_ZNK4Napi5Error26ThrowAsJavaScriptExceptionEv
FN:2089,_ZNK4Napi5Error4whatEv
FN:2096,_ZN4Napi5Error3NewIS0_EET_P10napi_env__PKcmPF11napi_statusS4_P12napi_value__S9_PS9_E
FN:2144,_ZN4Napi9ReferenceINS_6ObjectEE3NewERKS1_j
FN:2144,_ZN4Napi9ReferenceINS_8FunctionEE3NewERKS1_j
FN:2161,_ZN4Napi9ReferenceINS_6ObjectEEC2Ev
FN:2165,_ZN4Napi9ReferenceINS_8FunctionEEC2EP10napi_env__P10napi_ref__
FN:2165,_ZN4Napi9ReferenceINS_6ObjectEEC2EP10napi_env__P10napi_ref__
FN:2170,_ZN4Napi9ReferenceINS_8FunctionEED2Ev
FN:2170,_ZN4Napi9ReferenceINS_6ObjectEED2Ev
FN:2181,_ZN4Napi9ReferenceINS_6ObjectEEC2EOS2_
FN:2181,_ZN4Napi9ReferenceINS_8FunctionEEC2EOS2_
FN:2189,_ZN4Napi9ReferenceINS_6ObjectEEaSEOS2_
FN:2231,_ZNK4Napi9ReferenceINS_6ObjectEE3EnvEv
FN:2231,_ZNK4Napi9ReferenceINS_8FunctionEE3EnvEv
FN:2236,_ZNK4Napi9ReferenceINS_8FunctionEE7IsEmptyEv
FN:2236,_ZNK4Napi9ReferenceINS_6ObjectEE7IsEmptyEv
FN:2241,_ZNK4Napi9ReferenceINS_8FunctionEE5ValueEv
FN:2241,_ZNK4Napi9ReferenceINS_6ObjectEE5ValueEv
FN:2269,_ZN4Napi9ReferenceINS_6ObjectEE5ResetEv
FN:2312,_ZN4Napi10PersistentENS_6ObjectE
FN:2316,_ZN4Napi10PersistentENS_8FunctionE
FN:2327,_ZN4Napi15ObjectReferenceC2EP10napi_env__P10napi_ref__
FN:2330,_ZN4Napi15ObjectReferenceC2EONS_9ReferenceINS_6ObjectEEE
FN:2352,_ZNK4Napi15ObjectReference3GetEPKc
FN:2458,_ZN4Napi17FunctionReferenceC2EONS_9ReferenceINS_8FunctionEEE
FN:2500,_ZNK4Napi17FunctionReference4CallEP12napi_value__RKSt16initializer_listIS2_E
FN:2510,_ZNK4Napi17FunctionReference4CallEP12napi_value__RKSt6vectorIS2_SaIS2_EE
FN:2530,_ZNK4Napi17FunctionReference12MakeCallbackEP12napi_value__RKSt16initializer_listIS2_EP20napi_async_context__
FN:2581,_ZN4Napi12CallbackInfoC2EP10napi_env__P20napi_callback_info__
FN:2599,_ZN4Napi12CallbackInfoD2Ev
FN:2616,_ZNK4Napi12CallbackInfo3EnvEv
FN:2620,_ZNK4Napi12CallbackInfo6LengthEv
FN:2624,_ZNK4Napi12CallbackInfoixEm
FN:2628,_ZNK4Napi12CallbackInfo4ThisEv
FN:2635,_ZNK4Napi12CallbackInfo4DataEv
FN:2639,_ZN4Napi12CallbackInfo7SetDataEPv
FN:2878,_ZN4Napi10ObjectWrapI9DisruptorEC2ERKNS_12CallbackInfoE
FN:2892,_ZN4Napi10ObjectWrapI9DisruptorE6UnwrapENS_6ObjectE
FN:2901,_ZN4Napi10ObjectWrapI9DisruptorE11DefineClassENS_3EnvEPKcmPK24napi_property_descriptorPv
FN:2989,_ZN4Napi10ObjectWrapI9DisruptorE11DefineClassENS_3EnvEPKcRKSt16initializer_listINS_23ClassPropertyDescriptorIS1_EEEPv
FN:3117,_ZN4Napi10ObjectWrapI9DisruptorE14InstanceMethodEPKcMS1_FvRKNS_12CallbackInfoEE24napi_property_attributesPv
FN:3134,_ZN4Napi10ObjectWrapI9DisruptorE14InstanceMethodEPKcMS1_FNS_5ValueERKNS_12CallbackInfoEE24napi_property_attributesPv
FN:3183,_ZN4Napi10ObjectWrapI9DisruptorE16InstanceAccessorEPKcMS1_FNS_5ValueERKNS_12CallbackInfoEEMS1_FvS8_RKS5_E24napi_property_attributesPv
FN:3265,_ZN4Napi10ObjectWrapI9DisruptorE26ConstructorCallbackWrapperEP10napi_env__P20napi_callback_info__
FN:3279,_ZZN4Napi10ObjectWrapI9DisruptorE26ConstructorCallbackWrapperEP10napi_env__P20napi_callback_info__ENKUlvE_clEv
FN:3289,_ZN4Napi10ObjectWrapI9DisruptorE31StaticVoidMethodCallbackWrapperEP10napi_env__P20napi_callback_info__
FN:3292,_ZZN4Napi10ObjectWrapI9DisruptorE31StaticVoidMethodCallbackWrapperEP10napi_env__P20napi_callback_info__ENKUlvE_clEv
FN:3303,_ZN4Napi10ObjectWrapI9DisruptorE27StaticMethodCallbackWrapperEP10napi_env__P20napi_callback_info__
FN:3306,_ZZN4Napi10ObjectWrapI9DisruptorE27StaticMethodCallbackWrapperEP10napi_env__P20napi_callback_info__ENKUlvE_clEv
FN:3316,_ZN4Napi10ObjectWrapI9DisruptorE27StaticGetterCallbackWrapperEP10napi_env__P20napi_callback_info__
FN:3319,_ZZN4Napi10ObjectWrapI9DisruptorE27StaticGetterCallbackWrapperEP10napi_env__P20napi_callback_info__ENKUlvE_clEv
FN:3329,_ZN4Napi10ObjectWrapI9DisruptorE27StaticSetterCallbackWrapperEP10napi_env__P20napi_callback_info__
FN:3332,_ZZN4Napi10ObjectWrapI9DisruptorE27StaticSetterCallbackWrapperEP10napi_env__P20napi_callback_info__ENKUlvE_clEv
FN:3343,_ZN4Napi10ObjectWrapI9DisruptorE33InstanceVoidMethodCallbackWrapperEP10napi_env__P20napi_callback_info__
FN:3346,_ZZN4Napi10ObjectWrapI9DisruptorE33InstanceVoidMethodCallbackWrapperEP10napi_env__P20napi_callback_info__ENKUlvE_clEv
FN:3359,_ZN4Napi10ObjectWrapI9DisruptorE29InstanceMethodCallbackWrapperEP10napi_env__P20napi_callback_info__
FN:3362,_ZZN4Napi10ObjectWrapI9DisruptorE29InstanceMethodCallbackWrapperEP10napi_env__P20napi_callback_info__ENKUlvE_clEv
FN:3374,_ZN4Napi10ObjectWrapI9DisruptorE29InstanceGetterCallbackWrapperEP10napi_env__P20napi_callback_info__
FN:3377,_ZZN4Napi10ObjectWrapI9DisruptorE29InstanceGetterCallbackWrapperEP10napi_env__P20napi_callback_info__ENKUlvE_clEv
FN:3389,_ZN4Napi10ObjectWrapI9DisruptorE29InstanceSetterCallbackWrapperEP10napi_env__P20napi_callback_info__
FN:3392,_ZZN4Napi10ObjectWrapI9DisruptorE29InstanceSetterCallbackWrapperEP10napi_env__P20napi_callback_info__ENKUlvE_clEv
FN:3405,_ZN4Napi10ObjectWrapI9DisruptorE16FinalizeCallbackEP10napi_env__PvS5_
FN:3418,_ZN4Napi11HandleScopeC2ENS_3EnvE
FN:3423,_ZN4Napi11HandleScopeD2Ev
FN:3443,_ZN4Napi20EscapableHandleScopeC2ENS_3EnvE
FN:3448,_ZN4Napi20EscapableHandleScopeD2Ev
FN:3456,_ZNK4Napi20EscapableHandleScope3EnvEv
FN:3460,_ZN4Napi20EscapableHandleScope6EscapeEP12napi_value__
FN:3484,_ZN4Napi13CallbackScopeD0Ev
FN:3484,_ZN4Napi13CallbackScopeD2Ev
FN:3519,_ZN4Napi12AsyncContextD0Ev
FN:3519,_ZN4Napi12AsyncContextD2Ev
FN:3549,_ZN4Napi11AsyncWorkerC2ERKNS_8FunctionE
FN:3553,_ZN4Napi11AsyncWorkerC2ERKNS_8FunctionEPKc
FN:3558,_ZN4Napi11AsyncWorkerC2ERKNS_8FunctionEPKcRKNS_6ObjectE
FN:3581,_ZN4Napi11AsyncWorkerC2ERKNS_6ObjectERKNS_8FunctionEPKcS3_
FN:3625,_ZN4Napi11AsyncWorkerD0Ev
FN:3625,_ZN4Napi11AsyncWorkerD2Ev
FN:3632,_ZN4Napi11AsyncWorker7DestroyEv
FN:3663,_ZNK4Napi11AsyncWorker3EnvEv
FN:3667,_ZN4Napi11AsyncWorker5QueueEv
FN:3677,_ZN4Napi11AsyncWorker8ReceiverEv
FN:3681,_ZN4Napi11AsyncWorker8CallbackEv
FN:3689,_ZN4Napi11AsyncWorker4OnOKEv
FN:3695,_ZN4Napi11AsyncWorker7OnErrorERKNS_5ErrorE
FN:3701,_ZN4Napi11AsyncWorker8SetErrorERKNSt7__cxx1112basic_stringIcSt11char_traitsIcESaIcEEE
FN:3705,_ZN4Napi11AsyncWorker9GetResultENS_3EnvE
FN:3712,_ZN4Napi11AsyncWorker9OnExecuteEP10napi_env__Pv
FN:3725,_ZN4Napi11AsyncWorker14OnWorkCompleteEP10napi_env__11napi_statusPv
FN:3730,_ZZN4Napi11AsyncWorker14OnWorkCompleteEP10napi_env__11napi_statusPvENKUlvE_clEv
FNDA:0,_ZN4Napi7detailsL10AttachDataINS_10ObjectWrapI9DisruptorE18MethodCallbackDataIPFvRKNS_12CallbackInfoEEEEEE11napi_statusP10napi_env__P12napi_value__PT_
FNDA:0,_ZN4Napi7detailsL10AttachDataINS_10ObjectWrapI9DisruptorE18MethodCallbackDataIPFNS_5ValueERKNS_12CallbackInfoEEEEEE11napi_statusP10napi_env__P12napi_value__PT_
FNDA:5050,_ZN4Napi7detailsL10AttachDataINS_10ObjectWrapI9DisruptorE18MethodCallbackDataIMS3_FNS_5ValueERKNS_12CallbackInfoEEEEEE11napi_statusP10napi_env__P12napi_value__PT_
FNDA:2525,_ZN4Napi7detailsL10AttachDataINS_10ObjectWrapI9DisruptorE18MethodCallbackDataIMS3_FvRKNS_12CallbackInfoEEEEEE11napi_statusP10napi_env__P12napi_value__PT_
FNDA:5050,_ZN4Napi7detailsL10AttachDataINS_10ObjectWrapI9DisruptorE20AccessorCallbackDataIMS3_FNS_5ValueERKNS_12CallbackInfoEEMS3_FvS9_RKS6_EEEEE11napi_statusP10napi_env__P12napi_value__PT_
FNDA:0,_ZN4Napi7detailsL10AttachDataINS_10ObjectWrapI9DisruptorE20AccessorCallbackDataIPFNS_5ValueERKNS_12CallbackInfoEEPFvS9_RKS6_EEEEE11napi_statusP10napi_env__P12napi_value__PT_
FNDA:0,_ZN4Napi7detailsL10AttachDataINS0_12CallbackDataIPFvRKNS_12CallbackInfoEEvEEEE11napi_statusP10napi_env__P12napi_value__PT_
FNDA:0,_ZN4Napi7details12WrapCallbackIZNS_10ObjectWrapI9DisruptorE27StaticSetterCallbackWrapperEP10napi_env__P20napi_callback_info__EUlvE_EEP12napi_value__T_
FNDA:0,_ZN4Napi7details12WrapCallbackIZNS_10ObjectWrapI9DisruptorE27StaticGetterCallbackWrapperEP10napi_env__P20napi_callback_info__EUlvE_EEP12napi_value__T_
FNDA:3716,_ZN4Napi7details12WrapCallbackIZNS_10ObjectWrapI9DisruptorE26ConstructorCallbackWrapperEP10napi_env__P20napi_callback_info__EUlvE_EEP12napi_value__T_
FNDA:0,_ZN4Napi7details12WrapCallbackIZNS_10ObjectWrapI9DisruptorE31StaticVoidMethodCallbackWrapperEP10napi_env__P20napi_callback_info__EUlvE_EEP12napi_value__T_
FNDA:0,_ZN4Napi7details12WrapCallbackIZNS_10ObjectWrapI9DisruptorE27StaticMethodCallbackWrapperEP10napi_env__P20napi_callback_info__EUlvE_EEP12napi_value__T_
FNDA:0,_ZN4Napi7details12WrapCallbackIZNS_10ObjectWrapI9DisruptorE29InstanceSetterCallbackWrapperEP10napi_env__P20napi_callback_info__EUlvE_EEP12napi_value__T_
FNDA:1704964,_ZN4Napi7details12WrapCallbackIZNS_10ObjectWrapI9DisruptorE29InstanceGetterCallbackWrapperEP10napi_env__P20napi_callback_info__EUlvE_EEP12napi_value__T_
FNDA:4848,_ZN4Napi7details12WrapCallbackIZNS_10ObjectWrapI9DisruptorE33InstanceVoidMethodCallbackWrapperEP10napi_env__P20napi_callback_info__EUlvE_EEP12napi_value__T_
FNDA:2364537,_ZN4Napi7details12WrapCallbackIZNS_10ObjectWrapI9DisruptorE29InstanceMethodCallbackWrapperEP10napi_env__P20napi_callback_info__EUlvE_EEP12napi_value__T_
FNDA:0,_ZN4Napi7details12WrapCallbackIZNS0_12CallbackDataIPFvRKNS_12CallbackInfoEEvE7WrapperEP10napi_env__P20napi_callback_info__EUlvE_EEP12napi_value__T_
FNDA:2493538,_ZN4Napi7details12WrapCallbackIZNS_11AsyncWorker14OnWorkCompleteEP10napi_env__11napi_statusPvEUlvE_EEP12napi_value__T_
FNDA:505,_ZN4Napi7details12WrapCallbackIZNS_14RegisterModuleEP10napi_env__P12napi_value__PFNS_6ObjectENS_3EnvES6_EEUlvE_EES5_T_
FNDA:0,_ZN4Napi7details12CallbackDataIPFvRKNS_12CallbackInfoEEvE7WrapperEP10napi_env__P20napi_callback_info__
FNDA:0,_ZZN4Napi7details12CallbackDataIPFvRKNS_12CallbackInfoEEvE7WrapperEP10napi_env__P20napi_callback_info__ENKUlvE_clEv
FNDA:505,_ZN4Napi14RegisterModuleEP10napi_env__P12napi_value__PFNS_6ObjectENS_3EnvES4_E
FNDA:505,_ZZN4Napi14RegisterModuleEP10napi_env__P12napi_value__PFNS_6ObjectENS_3EnvES4_EENKUlvE_clEv
FNDA:29926294,_ZN4Napi3EnvC2EP10napi_env__
FNDA:30238019,_ZNK4Napi3EnvcvP10napi_env__Ev
FNDA:937635,_ZNK4Napi3Env9UndefinedEv
FNDA:397299,_ZNK4Napi3Env4NullEv
FNDA:397299,_ZNK4Napi3Env18IsExceptionPendingEv
FNDA:247568,_ZN4Napi5ValueC2Ev
FNDA:27792693,_ZN4Napi5ValueC2EP10napi_env__P12napi_value__
FNDA:29558934,_ZNK4Napi5ValuecvP12napi_value__Ev
FNDA:19277908,_ZNK4Napi5Value3EnvEv
FNDA:397303,_ZNK4Napi5Value7IsEmptyEv
FNDA:397299,_ZNK4Napi5Value4TypeEv
FNDA:397299,_ZNK4Napi5Value10IsFunctionEv
FNDA:7432,_ZNK4Napi5Value2AsINS_7BooleanEEET_v
FNDA:15086,_ZNK4Napi5Value2AsINS_6NumberEEET_v
FNDA:397299,_ZNK4Napi5Value2AsINS_8FunctionEEET_v
FNDA:3716,_ZNK4Napi5Value2AsINS_6StringEEET_v
FNDA:4074349,_ZNK4Napi5Value2AsINS_6ObjectEEET_v
FNDA:1332151,_ZN4Napi7Boolean3NewEP10napi_env__b
FNDA:1339583,_ZN4Napi7BooleanC2EP10napi_env__P12napi_value__
FNDA:526879,_ZNK4Napi7BooleancvbEv
FNDA:526879,_ZNK4Napi7Boolean5ValueEv
FNDA:1956018,_ZN4Napi6Number3NewEP10napi_env__d
FNDA:1971104,_ZN4Napi6NumberC2EP10napi_env__P12napi_value__
FNDA:14910,_ZNK4Napi6NumbercvjEv
FNDA:14910,_ZNK4Napi6Number11Uint32ValueEv
FNDA:176,_ZNK4Napi6Number10Int64ValueEv
FNDA:3716,_ZN4Napi4NameC2EP10napi_env__P12napi_value__
FNDA:3716,_ZN4Napi6StringC2EP10napi_env__P12napi_value__
FNDA:0,_ZNK4Napi6StringcvNSt7__cxx1112basic_stringIcSt11char_traitsIcESaIcEEEEv
FNDA:3716,_ZNK4Napi6String9Utf8ValueB5cxx11Ev
FNDA:420290,_ZN4Napi7details11vf_fallbackINS_6BufferIhEEE4FromEP10napi_env__RKS3_
FNDA:505,_ZN4Napi7details11vf_fallbackINS_8FunctionEE4FromEP10napi_env__RKS2_
FNDA:242331,_ZN4Napi7details11vf_fallbackINS_5ValueEE4FromEP10napi_env__RKS2_
FNDA:420290,_ZN4Napi5Value4FromINS_6BufferIhEEEES0_P10napi_env__RKT_
FNDA:505,_ZN4Napi5Value4FromINS_8FunctionEEES0_P10napi_env__RKT_
FNDA:242331,_ZN4Napi5Value4FromIS0_EES0_P10napi_env__RKT_
FNDA:242331,_ZN4Napi6Object14PropertyLValueIjEaSINS_5ValueEEERS2_T_
FNDA:242331,_ZN4Napi6Object14PropertyLValueIjEC2ES0_j
FNDA:4987076,_ZN4Napi6Object3NewEP10napi_env__
FNDA:247568,_ZN4Napi6ObjectC2Ev
FNDA:21262099,_ZN4Napi6ObjectC2EP10napi_env__P12napi_value__
FNDA:242331,_ZN4Napi6ObjectixEj
FNDA:0,_ZNK4Napi6Object3GetEPKc
FNDA:505,_ZN4Napi6Object3SetINS_8FunctionEEEvPKcRKT_
FNDA:420290,_ZN4Napi6Object3SetINS_6BufferIhEEEEvjRKT_
FNDA:242331,_ZN4Napi6Object3SetINS_5ValueEEEvjRKT_
FNDA:904200,_ZN4Napi5Array3NewEP10napi_env__
FNDA:904200,_ZN4Napi5ArrayC2EP10napi_env__P12napi_value__
FNDA:661971,_ZNK4Napi5Array6LengthEv
FNDA:247568,_ZN4Napi10TypedArrayC2Ev
FNDA:1189674,_ZN4Napi10TypedArrayC2EP10napi_env__P12napi_value__
FNDA:247568,_ZN4Napi12TypedArrayOfIhEC2Ev
FNDA:1189674,_ZN4Napi12TypedArrayOfIhEC2EP10napi_env__P12napi_value__
FNDA:0,_ZN4NapiL14CreateFunctionINS_10ObjectWrapI9DisruptorE18MethodCallbackDataIPFvRKNS_12CallbackInfoEEEEEE11napi_statusP10napi_env__PKcPFP12napi_value__SD_P20napi_callback_info__EPT_PSH_
FNDA:0,_ZN4NapiL14CreateFunctionINS_10ObjectWrapI9DisruptorE18MethodCallbackDataIPFNS_5ValueERKNS_12CallbackInfoEEEEEE11napi_statusP10napi_env__PKcPFP12napi_value__SE_P20napi_callback_info__EPT_PSI_
FNDA:0,_ZN4NapiL14CreateFunctionINS_7details12CallbackDataIPFvRKNS_12CallbackInfoEEvEEEE11napi_statusP10napi_env__PKcPFP12napi_value__SB_P20napi_callback_info__EPT_PSF_
FNDA:0,_ZN4Napi8Function3NewIPFvRKNS_12CallbackInfoEEEES0_P10napi_env__T_PKcPv
FNDA:2891342,_ZN4Napi8FunctionC2EP10napi_env__P12napi_value__
FNDA:0,_ZNK4Napi8Function4CallEP12napi_value__RKSt16initializer_listIS2_E
FNDA:0,_ZNK4Napi8Function4CallEP12napi_value__RKSt6vectorIS2_SaIS2_EE
FNDA:0,_ZNK4Napi8Function4CallEP12napi_value__mPKS2_
FNDA:397299,_ZNK4Napi8Function12MakeCallbackEP12napi_value__RKSt16initializer_listIS2_EP20napi_async_context__
FNDA:397299,_ZNK4Napi8Function12MakeCallbackEP12napi_value__mPKS2_P20napi_async_context__
FNDA:4446,_ZN4Napi6BufferIhE3NewEP10napi_env__m
FNDA:1185216,_ZN4Napi6BufferIhE3NewEP10napi_env__Phm
FNDA:12,_ZN4Napi6BufferImE3NewEP10napi_env__Pmm
FNDA:247568,_ZN4Napi6BufferIhEC2Ev
FNDA:1189662,_ZN4Napi6BufferIhEC2EP10napi_env__P12napi_value__mPh
FNDA:12,_ZN4Napi6BufferImEC2EP10napi_env__P12napi_value__mPm
FNDA:519441,_ZNK4Napi6BufferIhE6LengthEv
FNDA:519441,_ZNK4Napi6BufferIhE10EnsureInfoEv
FNDA:0,_ZN4Napi5Error3NewEP10napi_env__
FNDA:4,_ZN4Napi5Error3NewEP10napi_env__RKNSt7__cxx1112basic_stringIcSt11char_traitsIcESaIcEEE
FNDA:0,_ZN4Napi5Error5FatalEPKcS2_
FNDA:4,_ZN4Napi5ErrorC2EP10napi_env__P12napi_value__
FNDA:0,_ZNK4Napi5Error7MessageB5cxx11Ev
FNDA:4,_ZNK4Napi5Error26ThrowAsJavaScriptExceptionEv
FNDA:0,_ZNK4Napi5Error4whatEv
FNDA:4,_ZN4Napi5Error3NewIS0_EET_P10napi_env__PKcmPF11napi_statusS4_P12napi_value__S9_PS9_E
FNDA:2493538,_ZN4Napi9ReferenceINS_8FunctionEE3NewERKS1_j
FNDA:4987076,_ZN4Napi9ReferenceINS_6ObjectEE3NewERKS1_j
FNDA:3716,_ZN4Napi9ReferenceINS_6ObjectEEC2Ev
FNDA:2493538,_ZN4Napi9ReferenceINS_8FunctionEEC2EP10napi_env__P10napi_ref__
FNDA:4990796,_ZN4Napi9ReferenceINS_6ObjectEEC2EP10napi_env__P10napi_ref__
FNDA:4987076,_ZN4Napi9ReferenceINS_8FunctionEED2Ev
FNDA:9981055,_ZN4Napi9ReferenceINS_6ObjectEED2Ev
FNDA:2493538,_ZN4Napi9ReferenceINS_8FunctionEEC2EOS2_
FNDA:4987076,_ZN4Napi9ReferenceINS_6ObjectEEC2EOS2_
FNDA:3716,_ZN4Napi9ReferenceINS_6ObjectEEaSEOS2_
FNDA:0,_ZNK4Napi9ReferenceINS_8FunctionEE3EnvEv
FNDA:4,_ZNK4Napi9ReferenceINS_6ObjectEE3EnvEv
FNDA:0,_ZNK4Napi9ReferenceINS_8FunctionEE7IsEmptyEv
FNDA:8,_ZNK4Napi9ReferenceINS_6ObjectEE7IsEmptyEv
FNDA:2493538,_ZNK4Napi9ReferenceINS_8FunctionEE5ValueEv
FNDA:2890845,_ZNK4Napi9ReferenceINS_6ObjectEE5ValueEv
FNDA:3716,_ZN4Napi9ReferenceINS_6ObjectEE5ResetEv
FNDA:4987076,_ZN4Napi10PersistentENS_6ObjectE
FNDA:2493538,_ZN4Napi10PersistentENS_8FunctionE
FNDA:4,_ZN4Napi15ObjectReferenceC2EP10napi_env__P10napi_ref__
FNDA:4987076,_ZN4Napi15ObjectReferenceC2EONS_9ReferenceINS_6ObjectEEE
FNDA:0,_ZNK4Napi15ObjectReference3GetEPKc
FNDA:2493538,_ZN4Napi17FunctionReferenceC2EONS_9ReferenceINS_8FunctionEEE
FNDA:0,_ZNK4Napi17FunctionReference4CallEP12napi_value__RKSt16initializer_listIS2_E
FNDA:0,_ZNK4Napi17FunctionReference4CallEP12napi_value__RKSt6vectorIS2_SaIS2_EE
FNDA:397299,_ZNK4Napi17FunctionReference12MakeCallbackEP12napi_value__RKSt16initializer_listIS2_EP20napi_async_context__
FNDA:4078065,_ZN4Napi12CallbackInfoC2EP10napi_env__P20napi_callback_info__
FNDA:4078065,_ZN4Napi12CallbackInfoD2Ev
FNDA:4468900,_ZNK4Napi12CallbackInfo3EnvEv
FNDA:918366,_ZNK4Napi12CallbackInfo6LengthEv
FNDA:423533,_ZNK4Napi12CallbackInfoixEm
FNDA:4081777,_ZNK4Napi12CallbackInfo4ThisEv
FNDA:4074349,_ZNK4Napi12CallbackInfo4DataEv
FNDA:4074349,_ZN4Napi12CallbackInfo7SetDataEPv
FNDA:3716,_ZN4Napi10ObjectWrapI9DisruptorEC2ERKNS_12CallbackInfoE
FNDA:4074349,_ZN4Napi10ObjectWrapI9DisruptorE6UnwrapENS_6ObjectE
FNDA:505,_ZN4Napi10ObjectWrapI9DisruptorE11DefineClassENS_3EnvEPKcmPK24napi_property_descriptorPv
FNDA:505,_ZN4Napi10ObjectWrapI9DisruptorE11DefineClassENS_3EnvEPKcRKSt16initializer_listINS_23ClassPropertyDescriptorIS1_EEEPv
FNDA:2525,_ZN4Napi10ObjectWrapI9DisruptorE14InstanceMethodEPKcMS1_FvRKNS_12CallbackInfoEE24napi_property_attributesPv
FNDA:5050,_ZN4Napi10ObjectWrapI9DisruptorE14InstanceMethodEPKcMS1_FNS_5ValueERKNS_12CallbackInfoEE24napi_property_attributesPv
FNDA:5050,_ZN4Napi10ObjectWrapI9DisruptorE16InstanceAccessorEPKcMS1_FNS_5ValueERKNS_12CallbackInfoEEMS1_FvS8_RKS5_E24napi_property_attributesPv
FNDA:3716,_ZN4Napi10ObjectWrapI9DisruptorE26ConstructorCallbackWrapperEP10napi_env__P20napi_callback_info__
FNDA:3716,_ZZN4Napi10ObjectWrapI9DisruptorE26ConstructorCallbackWrapperEP10napi_env__P20napi_callback_info__ENKUlvE_clEv
FNDA:0,_ZN4Napi10ObjectWrapI9DisruptorE31StaticVoidMethodCallbackWrapperEP10napi_env__P20napi_callback_info__
FNDA:0,_ZZN4Napi10ObjectWrapI9DisruptorE31StaticVoidMethodCallbackWrapperEP10napi_env__P20napi_callback_info__ENKUlvE_clEv
FNDA:0,_ZN4Napi10ObjectWrapI9DisruptorE27StaticMethodCallbackWrapperEP10napi_env__P20napi_callback_info__
FNDA:0,_ZZN4Napi10ObjectWrapI9DisruptorE27StaticMethodCallbackWrapperEP10napi_env__P20napi_callback_info__ENKUlvE_clEv
FNDA:0,_ZN4Napi10ObjectWrapI9DisruptorE27StaticGetterCallbackWrapperEP10napi_env__P20napi_callback_info__
FNDA:0,_ZZN4Napi10ObjectWrapI9DisruptorE27StaticGetterCallbackWrapperEP10napi_env__P20napi_callback_info__ENKUlvE_clEv
FNDA:0,_ZN4Napi10ObjectWrapI9DisruptorE27StaticSetterCallbackWrapperEP10napi_env__P20napi_callback_info__
FNDA:0,_ZZN4Napi10ObjectWrapI9DisruptorE27StaticSetterCallbackWrapperEP10napi_env__P20napi_callback_info__ENKUlvE_clEv
FNDA:4848,_ZN4Napi10ObjectWrapI9DisruptorE33InstanceVoidMethodCallbackWrapperEP10napi_env__P20napi_callback_info__
FNDA:4848,_ZZN4Napi10ObjectWrapI9DisruptorE33InstanceVoidMethodCallbackWrapperEP10napi_env__P20napi_callback_info__ENKUlvE_clEv
FNDA:2364537,_ZN4Napi10ObjectWrapI9DisruptorE29InstanceMethodCallbackWrapperEP10napi_env__P20napi_callback_info__
FNDA:2364537,_ZZN4Napi10ObjectWrapI9DisruptorE29InstanceMethodCallbackWrapperEP10napi_env__P20napi_callback_info__ENKUlvE_clEv
FNDA:1704964,_ZN4Napi10ObjectWrapI9DisruptorE29InstanceGetterCallbackWrapperEP10napi_env__P20napi_callback_info__
FNDA:1704964,_ZZN4Napi10ObjectWrapI9DisruptorE29InstanceGetterCallbackWrapperEP10napi_env__P20napi_callback_info__ENKUlvE_clEv
FNDA:0,_ZN4Napi10ObjectWrapI9DisruptorE29InstanceSetterCallbackWrapperEP10napi_env__P20napi_callback_info__
FNDA:0,_ZZN4Napi10ObjectWrapI9DisruptorE29InstanceSetterCallbackWrapperEP10napi_env__P20napi_callback_info__ENKUlvE_clEv
FNDA:3179,_ZN4Napi10ObjectWrapI9DisruptorE16FinalizeCallbackEP10napi_env__PvS5_
FNDA:2493542,_ZN4Napi11HandleScopeC2ENS_3EnvE
FNDA:2493542,_ZN4Napi11HandleScopeD2Ev
FNDA:397299,_ZN4Napi20EscapableHandleScopeC2ENS_3EnvE
FNDA:397299,_ZN4Napi20EscapableHandleScopeD2Ev
FNDA:397299,_ZNK4Napi20EscapableHandleScope3EnvEv
FNDA:397299,_ZN4Napi20EscapableHandleScope6EscapeEP12napi_value__
FNDA:0,_ZN4Napi13CallbackScopeD0Ev
FNDA:0,_ZN4Napi13CallbackScopeD2Ev
FNDA:0,_ZN4Napi12AsyncContextD0Ev
FNDA:0,_ZN4Napi12AsyncContextD2Ev
FNDA:2493538,_ZN4Napi11AsyncWorkerC2ERKNS_8FunctionE
FNDA:2493538,_ZN4Napi11AsyncWorkerC2ERKNS_8FunctionEPKc
FNDA:2493538,_ZN4Napi11AsyncWorkerC2ERKNS_8FunctionEPKcRKNS_6ObjectE
FNDA:2493538,_ZN4Napi11AsyncWorkerC2ERKNS_6ObjectERKNS_8FunctionEPKcS3_
FNDA:0,_ZN4Napi11AsyncWorkerD0Ev
FNDA:2493538,_ZN4Napi11AsyncWorkerD2Ev
FNDA:2493538,_ZN4Napi11AsyncWorker7DestroyEv
FNDA:2890837,_ZNK4Napi11AsyncWorker3EnvEv
FNDA:2493538,_ZN4Napi11AsyncWorker5QueueEv
FNDA:397299,_ZN4Napi11AsyncWorker8ReceiverEv
FNDA:2493538,_ZN4Napi11AsyncWorker8CallbackEv
FNDA:0,_ZN4Napi11AsyncWorker4OnOKEv
FNDA:0,_ZN4Napi11AsyncWorker7OnErrorERKNS_5ErrorE
FNDA:0,_ZN4Napi11AsyncWorker8SetErrorERKNSt7__cxx1112basic_stringIcSt11char_traitsIcESaIcEEE
FNDA:0,_ZN4Napi11AsyncWorker9GetResultENS_3EnvE
FNDA:2493538,_ZN4Napi11AsyncWorker9OnExecuteEP10napi_env__Pv
FNDA:2493538,_ZN4Napi11AsyncWorker14OnWorkCompleteEP10napi_env__11napi_statusPv
FNDA:2493538,_ZZN4Napi11AsyncWorker14OnWorkCompleteEP10napi_env__11napi_statusPvENKUlvE_clEv
FNF:190
FNH:141
DA:25,12625
DA:29,12625
DA:30,12625
DA:31,12625
DA:33,0
DA:34,0
DA:38,12625
DA:39,12625
DA:49,12625
DA:52,12625
DA:54,0
DA:58,0
DA:59,0
DA:60,0
DA:67,0
DA:68,0
DA:78,0
DA:81,0
DA:83,0
DA:87,0
DA:88,0
DA:89,0
DA:96,0
DA:97,0
DA:107,0
DA:110,0
DA:112,5050
DA:116,5050
DA:117,5050
DA:118,5050
DA:125,5050
DA:126,5050
DA:136,5050
DA:139,5050
DA:141,2525
DA:145,2525
DA:146,2525
DA:147,2525
DA:154,2525
DA:155,2525
DA:165,2525
DA:168,2525
DA:170,5050
DA:174,5050
DA:175,5050
DA:176,5050
DA:183,5050
DA:184,5050
DA:194,5050
DA:197,5050
DA:199,0
DA:203,0
DA:204,0
DA:205,0
DA:212,0
DA:213,0
DA:223,0
DA:226,0
DA:228,0
DA:232,0
DA:233,0
DA:234,0
DA:241,0
DA:242,0
DA:252,0
DA:255,0
DA:261,6572108
DA:264,6572108
DA:265,4
DA:266,4
DA:267,4
DA:275,0
DA:278,0
DA:279,0
DA:280,0
DA:281,0
DA:289,0
DA:292,0
DA:293,0
DA:294,0
DA:295,0
DA:303,3716
DA:306,3716
DA:307,4
DA:308,4
DA:309,4
DA:317,0
DA:320,0
DA:321,0
DA:322,0
DA:323,0
DA:331,0
DA:334,0
DA:335,0
DA:336,0
DA:337,0
DA:345,0
DA:348,0
DA:349,0
DA:350,0
DA:351,0
DA:359,1704964
DA:362,1704964
DA:363,0
DA:364,0
DA:365,0
DA:373,4848
DA:376,4848
DA:377,0
DA:378,0
DA:379,0
DA:387,2364537
DA:390,2364537
DA:391,0
DA:392,0
DA:393,0
DA:401,0
DA:404,0
DA:405,0
DA:406,0
DA:407,0
DA:415,2493538
DA:418,2493538
DA:419,0
DA:420,0
DA:421,0
DA:429,505
DA:432,505
DA:433,0
DA:434,0
DA:435,0
DA:464,0
DA:465,0
DA:466,0
DA:468,0
DA:469,0
DA:470,0
DA:471,0
DA:472,0
DA:623,505
DA:626,505
DA:627,1010
DA:628,1515
DA:629,505
DA:636,29926294
DA:637,29926294
DA:639,30238019
DA:640,30238019
DA:650,937635
DA:652,937635
DA:653,937635
DA:654,937635
DA:657,397299
DA:659,397299
DA:660,397299
DA:661,397299
DA:664,397299
DA:666,397299
DA:667,397299
DA:668,397299
DA:685,247568
DA:686,247568
DA:688,27792693
DA:689,27792693
DA:691,29558934
DA:692,29558934
DA:710,19277908
DA:711,19277908
DA:714,397303
DA:715,397303
DA:718,397299
DA:719,397299
DA:720,0
DA:724,397299
DA:725,397299
DA:726,397299
DA:798,397299
DA:799,397299
DA:840,4497882
DA:841,4497882
DA:843,7432
DA:844,7432
DA:846,15086
DA:847,15086
DA:849,397299
DA:850,397299
DA:852,3716
DA:853,3716
DA:855,4074349
DA:856,4074349
DA:891,1332151
DA:893,1332151
DA:894,1332151
DA:895,1332151
DA:901,1339583
DA:902,1339583
DA:904,526879
DA:905,526879
DA:908,526879
DA:910,526879
DA:911,526879
DA:912,526879
DA:919,1956018
DA:921,1956018
DA:922,1956018
DA:923,1956018
DA:929,1971104
DA:930,1971104
DA:936,14910
DA:937,14910
DA:959,14910
DA:961,14910
DA:962,14910
DA:963,14910
DA:966,176
DA:968,176
DA:969,176
DA:970,176
DA:1056,3716
DA:1057,3716
DA:1102,3716
DA:1103,3716
DA:1105,0
DA:1106,0
DA:1113,3716
DA:1115,3716
DA:1116,3716
DA:1118,3716
DA:1119,3716
DA:1120,3716
DA:1121,3716
DA:1122,3716
DA:1123,7432
DA:1220,663126
DA:1221,663126
DA:1223,420290
DA:1224,420290
DA:1226,505
DA:1227,505
DA:1229,242331
DA:1230,242331
DA:1249,663126
DA:1259,663126
DA:1261,420290
DA:1271,420290
DA:1273,505
DA:1283,505
DA:1285,242331
DA:1295,242331
DA:1331,242331
DA:1332,242331
DA:1333,242331
DA:1337,242331
DA:1338,242331
DA:1340,4987076
DA:1342,4987076
DA:1343,4987076
DA:1344,4987076
DA:1347,247568
DA:1348,247568
DA:1350,21262099
DA:1351,21262099
DA:1361,242331
DA:1362,242331
DA:1441,0
DA:1443,0
DA:1444,0
DA:1445,0
DA:1467,505
DA:1468,505
DA:1469,505
DA:1470,505
DA:1471,505
DA:1515,662621
DA:1516,662621
DA:1517,662621
DA:1518,662621
DA:1519,662621
DA:1520,420290
DA:1521,420290
DA:1522,420290
DA:1523,420290
DA:1524,420290
DA:1525,242331
DA:1526,242331
DA:1527,242331
DA:1528,242331
DA:1529,242331
DA:1645,904200
DA:1647,904200
DA:1648,904200
DA:1649,904200
DA:1662,904200
DA:1663,904200
DA:1665,661971
DA:1667,661971
DA:1668,661971
DA:1669,661971
DA:1947,247568
DA:1948,247568
DA:1949,247568
DA:1951,1189674
DA:1952,1189674
DA:1953,1189674
DA:2053,247568
DA:2054,247568
DA:2057,1189674
DA:2058,1189674
DA:2059,2379348
DA:2060,1189674
DA:2061,1189674
DA:2062,1189674
DA:2104,0
DA:2110,0
DA:2111,0
DA:2112,0
DA:2115,0
DA:2117,0
DA:2123,0
DA:2124,0
DA:2125,0
DA:2128,0
DA:2130,0
DA:2136,0
DA:2137,0
DA:2138,0
DA:2141,0
DA:2143,0
DA:2149,0
DA:2150,0
DA:2151,0
DA:2154,0
DA:2158,0
DA:2164,0
DA:2167,0
DA:2172,0
DA:2173,0
DA:2174,0
DA:2177,0
DA:2191,2891342
DA:2192,2891342
DA:2210,0
DA:2211,0
DA:2214,0
DA:2215,0
DA:2218,0
DA:2220,0
DA:2221,0
DA:2222,0
DA:2223,0
DA:2226,397299
DA:2230,397299
DA:2240,397299
DA:2246,794598
DA:2247,397299
DA:2248,397299
DA:2249,397299
DA:2307,4446
DA:2310,4446
DA:2311,4446
DA:2312,8892
DA:2316,1185228
DA:2318,1185228
DA:2320,1185228
DA:2321,2370456
DA:2323,1185216
DA:2325,1185216
DA:2327,1185216
DA:2328,2370432
DA:2330,12
DA:2332,12
DA:2334,12
DA:2335,24
DA:2395,247568
DA:2396,247568
DA:2404,1189674
DA:2405,1189674
DA:2406,1189674
DA:2407,1189662
DA:2408,1189662
DA:2409,1189662
DA:2410,12
DA:2411,12
DA:2412,12
DA:2415,519441
DA:2416,519441
DA:2417,519441
DA:2427,519441
DA:2431,519441
DA:2434,4430
DA:2435,4430
DA:2436,4430
DA:2437,4430
DA:2439,519441
DA:2445,0
DA:2447,0
DA:2450,0
DA:2451,0
DA:2453,0
DA:2454,0
DA:2455,0
DA:2456,0
DA:2459,0
DA:2460,0
DA:2463,0
DA:2464,0
DA:2466,0
DA:2467,0
DA:2468,0
DA:2472,0
DA:2477,0
DA:2479,0
DA:2480,0
DA:2481,0
DA:2485,0
DA:2486,0
DA:2487,0
DA:2488,0
DA:2489,0
DA:2491,0
DA:2496,0
DA:2503,4
DA:2504,4
DA:2507,0
DA:2508,0
DA:2514,4
DA:2515,4
DA:2516,4
DA:2520,4
DA:2522,4
DA:2550,0
DA:2551,0
DA:2554,0
DA:2556,0
DA:2564,0
DA:2567,4
DA:2568,8
DA:2569,4
DA:2575,4
DA:2578,4
DA:2579,0
DA:2585,4
DA:2589,0
DA:2590,0
DA:2596,4
DA:2601,4
DA:2602,4
DA:2605,4
DA:2606,4
DA:2608,8
DA:2644,7480614
DA:2645,7480614
DA:2646,7480614
DA:2648,7480614
DA:2649,0
DA:2653,7480614
DA:2654,7480614
DA:2656,7480614
DA:2658,2493538
DA:2659,2493538
DA:2660,2493538
DA:2662,2493538
DA:2663,0
DA:2667,2493538
DA:2668,2493538
DA:2670,2493538
DA:2672,4987076
DA:2673,4987076
DA:2674,4987076
DA:2676,4987076
DA:2677,0
DA:2681,4987076
DA:2682,4987076
DA:2684,4987076
DA:2689,3716
DA:2690,3716
DA:2693,7484334
DA:2694,7484334
DA:2695,7484334
DA:2696,2493538
DA:2697,2493538
DA:2698,2493538
DA:2699,4990796
DA:2700,4990796
DA:2701,4990796
DA:2704,14968131
DA:2705,14968131
DA:2706,7483801
DA:2707,7483801
DA:2710,7483801
DA:2712,14968131
DA:2713,4987076
DA:2714,4987076
DA:2715,2493538
DA:2716,2493538
DA:2719,2493538
DA:2721,4987076
DA:2722,9981055
DA:2723,9981055
DA:2724,4990263
DA:2725,4990263
DA:2728,4990263
DA:2730,9981055
DA:2733,7480614
DA:2734,7480614
DA:2735,7480614
DA:2736,7480614
DA:2737,7480614
DA:2738,7480614
DA:2739,2493538
DA:2740,2493538
DA:2741,2493538
DA:2742,2493538
DA:2743,2493538
DA:2744,2493538
DA:2745,4987076
DA:2746,4987076
DA:2747,4987076
DA:2748,4987076
DA:2749,4987076
DA:2750,4987076
DA:2753,3716
DA:2754,3716
DA:2755,3716
DA:2756,3716
DA:2757,3716
DA:2758,3716
DA:2759,3716
DA:2760,3716
DA:2761,3716
DA:2795,4
DA:2796,4
DA:2798,0
DA:2799,0
DA:2801,4
DA:2802,4
DA:2806,8
DA:2807,8
DA:2809,0
DA:2810,0
DA:2812,8
DA:2813,8
DA:2817,5384383
DA:2818,5384383
DA:2819,0
DA:2823,5384383
DA:2824,5384383
DA:2825,5384383
DA:2827,2493538
DA:2828,2493538
DA:2829,0
DA:2833,2493538
DA:2834,2493538
DA:2835,2493538
DA:2837,2890845
DA:2838,2890845
DA:2839,0
DA:2843,2890845
DA:2844,2890845
DA:2845,2890845
DA:2865,3716
DA:2866,3716
DA:2867,0
DA:2868,0
DA:2869,0
DA:2871,3716
DA:2908,4987076
DA:2909,4987076
DA:2912,2493538
DA:2913,2493538
DA:2923,4
DA:2924,4
DA:2926,4987076
DA:2927,4987076
DA:2928,4987076
DA:2948,0
DA:2949,0
DA:2950,0
DA:3054,2493538
DA:3055,2493538
DA:3056,2493538
DA:3096,0
DA:3098,0
DA:3099,0
DA:3100,0
DA:3101,0
DA:3103,0
DA:3106,0
DA:3108,0
DA:3109,0
DA:3110,0
DA:3111,0
DA:3113,0
DA:3126,397299
DA:3130,794598
DA:3131,397299
DA:3132,397299
DA:3133,0
DA:3135,397299
DA:3177,4078065
DA:3178,4078065
DA:3179,4078065
DA:3180,4078065
DA:3181,4078065
DA:3182,4078065
DA:3184,4078065
DA:3187,3716
DA:3188,3716
DA:3190,3716
DA:3191,3716
DA:3193,4078065
DA:3195,8156130
DA:3196,4078065
DA:3197,3716
DA:3199,4078065
DA:3212,4468900
DA:3213,4468900
DA:3216,918366
DA:3217,918366
DA:3220,423533
DA:3221,847066
DA:3224,4081777
DA:3225,4081777
DA:3226,0
DA:3228,4081777
DA:3231,4074349
DA:3232,4074349
DA:3235,4074349
DA:3236,4074349
DA:3237,4074349
DA:3474,3716
DA:3475,3716
DA:3476,3716
DA:3479,3716
DA:3480,3716
DA:3481,3716
DA:3483,3716
DA:3484,3716
DA:3485,3716
DA:3488,4074349
DA:3490,4074349
DA:3491,4074349
DA:3492,4074349
DA:3497,505
DA:3503,505
DA:3513,13130
DA:3514,12625
DA:3515,12625
DA:3516,12625
DA:3517,0
DA:3520,0
DA:3522,0
DA:3523,0
DA:3524,0
DA:3525,12625
DA:3526,0
DA:3529,0
DA:3531,0
DA:3532,0
DA:3533,0
DA:3538,505
DA:3544,505
DA:3546,505
DA:3551,13130
DA:3552,12625
DA:3554,12625
DA:3555,12625
DA:3556,0
DA:3558,0
DA:3559,0
DA:3560,12625
DA:3561,7575
DA:3562,5050
DA:3564,5050
DA:3565,5050
DA:3566,7575
DA:3567,7575
DA:3568,2525
DA:3570,2525
DA:3571,2525
DA:3572,5050
DA:3573,5050
DA:3575,5050
DA:3576,5050
DA:3581,1010
DA:3585,505
DA:3590,505
DA:3593,505
DA:3594,505
DA:3713,2525
DA:3718,2525
DA:3719,2525
DA:3721,2525
DA:3722,2525
DA:3723,2525
DA:3724,2525
DA:3725,2525
DA:3726,5050
DA:3730,5050
DA:3735,5050
DA:3737,5050
DA:3738,5050
DA:3739,5050
DA:3740,5050
DA:3741,5050
DA:3742,10100
DA:3779,5050
DA:3785,5050
DA:3786,5050
DA:3788,5050
DA:3789,5050
DA:3790,5050
DA:3791,5050
DA:3792,5050
DA:3793,5050
DA:3794,10100
DA:3861,3716
DA:3865,3716
DA:3866,3716
DA:3868,3716
DA:3869,3716
DA:3870,0
DA:3871,0
DA:3875,3716
DA:3876,7432
DA:3877,3716
DA:3878,7424
DA:3881,3716
DA:3885,0
DA:3888,0
DA:3889,0
DA:3891,0
DA:3892,0
DA:3893,0
DA:3894,0
DA:3895,0
DA:3899,0
DA:3902,0
DA:3903,0
DA:3905,0
DA:3906,0
DA:3907,0
DA:3908,0
DA:3912,0
DA:3915,0
DA:3916,0
DA:3918,0
DA:3919,0
DA:3920,0
DA:3921,0
DA:3925,0
DA:3928,0
DA:3929,0
DA:3931,0
DA:3932,0
DA:3933,0
DA:3934,0
DA:3935,0
DA:3939,4848
DA:3942,4848
DA:3943,4848
DA:3945,4848
DA:3946,4848
DA:3947,4848
DA:3948,4848
DA:3949,4848
DA:3950,9696
DA:3951,4848
DA:3955,2364537
DA:3958,2364537
DA:3959,4729074
DA:3961,2364537
DA:3962,2364537
DA:3963,2364537
DA:3964,2364537
DA:3965,4729074
DA:3966,2364537
DA:3970,1704964
DA:3973,1704964
DA:3974,3409928
DA:3976,1704964
DA:3977,1704964
DA:3978,1704964
DA:3979,1704964
DA:3980,3409928
DA:3981,1704964
DA:3985,0
DA:3988,0
DA:3989,0
DA:3991,0
DA:3992,0
DA:3993,0
DA:3994,0
DA:3995,0
DA:3996,0
DA:3997,0
DA:4001,3179
DA:4002,3179
DA:4003,3179
DA:4004,3179
DA:4014,2493542
DA:4015,2493542
DA:4016,2493542
DA:4017,2493542
DA:4019,4987084
DA:4020,2493542
DA:4021,2493542
DA:4039,397299
DA:4040,397299
DA:4041,397299
DA:4042,397299
DA:4044,794598
DA:4045,397299
DA:4046,397299
DA:4052,397299
DA:4053,397299
DA:4056,397299
DA:4058,397299
DA:4059,397299
DA:4060,397299
DA:4080,0
DA:4081,0
DA:4082,0
DA:4083,0
DA:4085,0
DA:4086,0
DA:4087,0
DA:4088,0
DA:4121,0
DA:4122,0
DA:4123,0
DA:4124,0
DA:4126,0
DA:4127,0
DA:4132,0
DA:4133,0
DA:4134,0
DA:4135,0
DA:4136,0
DA:4138,0
DA:4163,2493538
DA:4164,2493538
DA:4165,2493538
DA:4167,2493538
DA:4168,2493538
DA:4169,2493538
DA:4170,2493538
DA:4172,2493538
DA:4174,2493538
DA:4175,2493538
DA:4178,2493538
DA:4179,2493538
DA:4195,2493538
DA:4198,2493538
DA:4199,0
DA:4202,2493538
DA:4204,2493538
DA:4205,2493538
DA:4206,2493538
DA:4208,2493538
DA:4210,2493538
DA:4211,2493538
DA:4239,2493538
DA:4240,2493538
DA:4241,2493538
DA:4242,2493538
DA:4244,2493538
DA:4245,0
DA:4250,0
DA:4251,2493538
DA:4252,2493538
DA:4253,2493538
DA:4254,2493538
DA:4256,2493538
DA:4258,2493538
DA:4259,2493538
DA:4260,2493538
DA:4289,2890837
DA:4290,2890837
DA:4293,2493538
DA:4294,2493538
DA:4295,2493538
DA:4296,2493538
DA:4303,397299
DA:4304,397299
DA:4307,2493538
DA:4308,2493538
DA:4315,0
DA:4316,0
DA:4317,0
DA:4319,0
DA:4321,0
DA:4322,0
DA:4323,0
DA:4325,0
DA:4327,0
DA:4328,0
DA:4329,0
DA:4331,0
DA:4332,0
DA:4338,2493538
DA:4339,2493538
DA:4342,2493538
DA:4343,0
DA:4344,0
DA:4349,2493538
DA:4351,2493538
DA:4353,2493538
DA:4354,2493538
DA:4355,4987076
DA:4356,2493538
DA:4357,2493538
DA:4358,2493538
DA:4361,0
DA:4363,2493538
DA:4366,2493538
DA:4367,2493538
DA:4369,2493538
LF:918
LH:627
end_of_record
SF:/home/david/shared-memory-disruptor/node_modules/node-addon-api/napi.h
FN:1535,_ZN4Napi23ClassPropertyDescriptorI9DisruptorEC2E24napi_property_descriptor
FNDA:12625,_ZN4Napi23ClassPropertyDescriptorI9DisruptorEC2E24napi_property_descriptor
FNF:1
FNH:1
DA:1535,12625
LF:1
LH:1
end_of_record
SF:/usr/include/c++/8/bits/alloc_traits.h
FN:435,_ZNSt16allocator_traitsISaI11AsyncBufferIhEEE8allocateERS2_m
FN:435,_ZNSt16allocator_traitsISaI24napi_property_descriptorEE8allocateERS1_m
FN:461,_ZNSt16allocator_traitsISaIP12napi_value__EE10deallocateERS2_PS1_m
FN:461,_ZNSt16allocator_traitsISaI24napi_property_descriptorEE10deallocateERS1_PS0_m
FN:461,_ZNSt16allocator_traitsISaI11AsyncBufferIhEEE10deallocateERS2_PS1_m
FN:495,_ZNSt16allocator_traitsISaI11AsyncBufferIhEEE8max_sizeERKS2_
FNDA:505,_ZNSt16allocator_traitsISaI24napi_property_descriptorEE8allocateERS1_m
FNDA:242331,_ZNSt16allocator_traitsISaI11AsyncBufferIhEEE8allocateERS2_m
FNDA:505,_ZNSt16allocator_traitsISaI24napi_property_descriptorEE10deallocateERS1_PS0_m
FNDA:242331,_ZNSt16allocator_traitsISaI11AsyncBufferIhEEE10deallocateERS2_PS1_m
FNDA:0,_ZNSt16allocator_traitsISaIP12napi_value__EE10deallocateERS2_PS1_m
FNDA:969324,_ZNSt16allocator_traitsISaI11AsyncBufferIhEEE8max_sizeERKS2_
FNF:6
FNH:5
DA:435,242836
DA:436,242836
DA:437,505
DA:438,505
DA:439,242331
DA:440,242331
DA:465,242836
DA:466,242836
DA:467,505
DA:468,505
DA:469,242331
DA:470,242331
DA:471,0
DA:472,0
DA:505,969324
DA:506,969324
LF:16
LH:14
end_of_record
SF:/usr/include/c++/8/bits/allocator.h
FN:131,_ZNSaI24napi_property_descriptorEC2Ev
FN:131,_ZNSaIP12napi_value__EC2Ev
FN:131,_ZNSaI11AsyncBufferIhEEC2Ev
FN:133,_ZNSaI24napi_property_descriptorEC2ERKS0_
FN:139,_ZNSaI24napi_property_descriptorED2Ev
FN:139,_ZNSaIP12napi_value__ED2Ev
FN:139,_ZNSaI11AsyncBufferIhEED2Ev
FNDA:2377262,_ZNSaI11AsyncBufferIhEEC2Ev
FNDA:0,_ZNSaIP12napi_value__EC2Ev
FNDA:505,_ZNSaI24napi_property_descriptorEC2Ev
FNDA:505,_ZNSaI24napi_property_descriptorEC2ERKS0_
FNDA:2377262,_ZNSaI11AsyncBufferIhEED2Ev
FNDA:1010,_ZNSaI24napi_property_descriptorED2Ev
FNDA:0,_ZNSaIP12napi_value__ED2Ev
FNF:7
FNH:5
DA:131,2377767
DA:133,505
DA:134,505
DA:139,2378272
LF:4
LH:4
end_of_record
SF:/usr/include/c++/8/bits/basic_string.h
FN:232,_ZNSt7__cxx1112basic_stringIcSt11char_traitsIcESaIcEE16_M_construct_auxIPcEEvT_S7_St12__false_type
FN:232,_ZNSt7__cxx1112basic_stringIcSt11char_traitsIcESaIcEE16_M_construct_auxIPKcEEvT_S8_St12__false_type
FN:252,_ZNSt7__cxx1112basic_stringIcSt11char_traitsIcESaIcEE12_M_constructIPKcEEvT_S8_
FN:252,_ZNSt7__cxx1112basic_stringIcSt11char_traitsIcESaIcEE12_M_constructIPcEEvT_S7_
FN:614,_ZNSt7__cxx1112basic_stringIcSt11char_traitsIcESaIcEEC2IPcvEET_S7_RKS3_
FN:6004,_ZStplIcSt11char_traitsIcESaIcEENSt7__cxx1112basic_stringIT_T0_T1_EEOS8_S9_
FN:6028,_ZStplIcSt11char_traitsIcESaIcEENSt7__cxx1112basic_stringIT_T0_T1_EEOS8_PKS5_
FN:6453,_ZNSt7__cxx119to_stringEi
FNDA:0,_ZNSt7__cxx1112basic_stringIcSt11char_traitsIcESaIcEE16_M_construct_auxIPcEEvT_S7_St12__false_type
FNDA:0,_ZNSt7__cxx1112basic_stringIcSt11char_traitsIcESaIcEE16_M_construct_auxIPKcEEvT_S8_St12__false_type
FNDA:0,_ZNSt7__cxx1112basic_stringIcSt11char_traitsIcESaIcEE12_M_constructIPcEEvT_S7_
FNDA:0,_ZNSt7__cxx1112basic_stringIcSt11char_traitsIcESaIcEE12_M_constructIPKcEEvT_S8_
FNDA:0,_ZNSt7__cxx1112basic_stringIcSt11char_traitsIcESaIcEEC2IPcvEET_S7_RKS3_
FNDA:4,_ZStplIcSt11char_traitsIcESaIcEENSt7__cxx1112basic_stringIT_T0_T1_EEOS8_S9_
FNDA:4,_ZStplIcSt11char_traitsIcESaIcEENSt7__cxx1112basic_stringIT_T0_T1_EEOS8_PKS5_
FNDA:0,_ZNSt7__cxx119to_stringEi
FNF:8
FNH:2
DA:232,0
DA:236,0
DA:237,0
DA:238,0
DA:242,0
DA:243,0
DA:244,0
DA:248,0
DA:249,0
DA:264,0
DA:267,0
DA:268,0
DA:269,0
DA:272,0
DA:273,0
DA:274,0
DA:277,0
DA:278,0
DA:636,0
DA:638,0
DA:639,0
DA:6026,4
DA:6029,4
DA:6030,4
DA:6031,4
DA:6032,0
DA:6033,4
DA:6050,4
DA:6052,4
DA:6475,0
DA:6477,0
LF:31
LH:7
end_of_record
SF:/usr/include/c++/8/bits/basic_string.tcc
FN:206,_ZNSt7__cxx1112basic_stringIcSt11char_traitsIcESaIcEE12_M_constructIPKcEEvT_S8_St20forward_iterator_tag
FN:206,_ZNSt7__cxx1112basic_stringIcSt11char_traitsIcESaIcEE12_M_constructIPcEEvT_S7_St20forward_iterator_tag
FNDA:0,_ZNSt7__cxx1112basic_stringIcSt11char_traitsIcESaIcEE12_M_constructIPcEEvT_S7_St20forward_iterator_tag
FNDA:0,_ZNSt7__cxx1112basic_stringIcSt11char_traitsIcESaIcEE12_M_constructIPKcEEvT_S8_St20forward_iterator_tag
FNF:2
FNH:0
DA:206,0
DA:211,0
DA:212,0
DA:215,0
DA:217,0
DA:219,0
DA:220,0
DA:225,0
DA:226,0
DA:228,0
DA:229,0
DA:232,0
DA:233,0
DA:234,0
DA:239,0
DA:240,0
DA:243,0
DA:245,0
DA:247,0
DA:248,0
DA:253,0
DA:254,0
DA:256,0
DA:257,0
DA:260,0
DA:261,0
DA:262,0
DA:267,0
DA:268,0
DA:271,0
DA:273,0
DA:275,0
DA:276,0
DA:281,0
DA:282,0
DA:284,0
DA:285,0
DA:288,0
DA:289,0
LF:39
LH:0
end_of_record
SF:/usr/include/c++/8/bits/char_traits.h
FN:316,_ZNSt11char_traitsIcE6lengthEPKc
FN:348,_ZNSt11char_traitsIcE4copyEPcPKcm
FNDA:0,_ZNSt11char_traitsIcE6lengthEPKc
FNDA:0,_ZNSt11char_traitsIcE4copyEPcPKcm
FNF:2
FNH:0
DA:316,0
DA:322,0
DA:348,0
DA:350,0
DA:351,0
DA:352,0
LF:6
LH:0
end_of_record
SF:/usr/include/c++/8/bits/exception.h
FN:63,_ZNSt9exceptionC2Ev
FNDA:4,_ZNSt9exceptionC2Ev
FNF:1
FNH:1
DA:63,4
LF:1
LH:1
end_of_record
SF:/usr/include/c++/8/bits/move.h
FN:47,_ZSt11__addressofI11AsyncBufferIhEEPT_RS2_
FN:74,_ZSt7forwardISt14default_deleteISt6vectorI11AsyncBufferIhESaIS3_EEEEOT_RNSt16remove_referenceIS7_E4typeE
FN:74,_ZSt7forwardIRPSt6vectorI11AsyncBufferIhESaIS2_EEEOT_RNSt16remove_referenceIS7_E4typeE
FN:74,_ZSt7forwardI11AsyncBufferIhEEOT_RNSt16remove_referenceIS2_E4typeE
FN:99,_ZSt4moveIR11AsyncBufferIhEEONSt16remove_referenceIT_E4typeEOS4_
FN:99,_ZSt4moveIRN4Napi9ReferenceINS0_6ObjectEEEEONSt16remove_referenceIT_E4typeEOS6_
FN:99,_ZSt4moveIRNSt7__cxx1112basic_stringIcSt11char_traitsIcESaIcEEEEONSt16remove_referenceIT_E4typeEOS8_
FN:99,_ZSt4moveIRN4Napi9ReferenceINS0_8FunctionEEEEONSt16remove_referenceIT_E4typeEOS6_
FN:99,_ZSt4moveIRSaIcEEONSt16remove_referenceIT_E4typeEOS3_
FN:99,_ZSt4moveIRPSt6vectorI11AsyncBufferIhESaIS2_EEEONSt16remove_referenceIT_E4typeEOS8_
FN:182,_ZSt4swapIPSt6vectorI11AsyncBufferIhESaIS2_EEENSt9enable_ifIXsrSt6__and_IJSt6__not_ISt15__is_tuple_likeIT_EESt21is_move_constructibleISA_ESt18is_move_assignableISA_EEE5valueEvE4typeERSA_SK_
FNDA:242547,_ZSt11__addressofI11AsyncBufferIhEEPT_RS2_
FNDA:216,_ZSt7forwardI11AsyncBufferIhEEOT_RNSt16remove_referenceIS2_E4typeE
FNDA:726345,_ZSt7forwardIRPSt6vectorI11AsyncBufferIhESaIS2_EEEOT_RNSt16remove_referenceIS7_E4typeE
FNDA:2641321,_ZSt7forwardISt14default_deleteISt6vectorI11AsyncBufferIhESaIS3_EEEEOT_RNSt16remove_referenceIS7_E4typeE
FNDA:3565893,_ZSt4moveIRPSt6vectorI11AsyncBufferIhESaIS2_EEEONSt16remove_referenceIT_E4typeEOS8_
FNDA:242331,_ZSt4moveIR11AsyncBufferIhEEONSt16remove_referenceIT_E4typeEOS4_
FNDA:0,_ZSt4moveIRSaIcEEONSt16remove_referenceIT_E4typeEOS3_
FNDA:8,_ZSt4moveIRNSt7__cxx1112basic_stringIcSt11char_traitsIcESaIcEEEEONSt16remove_referenceIT_E4typeEOS8_
FNDA:2493538,_ZSt4moveIRN4Napi9ReferenceINS0_8FunctionEEEEONSt16remove_referenceIT_E4typeEOS6_
FNDA:4987076,_ZSt4moveIRN4Napi9ReferenceINS0_6ObjectEEEEONSt16remove_referenceIT_E4typeEOS6_
FNDA:1188631,_ZSt4swapIPSt6vectorI11AsyncBufferIhESaIS2_EEENSt9enable_ifIXsrSt6__and_IJSt6__not_ISt15__is_tuple_likeIT_EESt21is_move_constructibleISA_ESt18is_move_assignableISA_EEE5valueEvE4typeERSA_SK_
FNF:11
FNH:10
DA:47,242547
DA:48,242547
DA:74,3367882
DA:75,3367882
DA:76,216
DA:77,216
DA:78,726345
DA:79,726345
DA:80,2641321
DA:81,2641321
DA:105,11288846
DA:106,11288846
DA:107,3565893
DA:108,3565893
DA:109,242331
DA:110,242331
DA:111,0
DA:112,0
DA:113,8
DA:114,8
DA:115,2493538
DA:116,2493538
DA:117,4987076
DA:118,4987076
DA:200,1188631
DA:211,1188631
DA:212,1188631
DA:213,1188631
DA:214,1188631
LF:29
LH:27
end_of_record
SF:/usr/include/c++/8/bits/stl_algobase.h
FN:219,_ZSt3maxImERKT_S2_S2_
FN:277,_ZSt12__niter_baseIP24napi_property_descriptorET_S2_
FN:738,_ZSt10__fill_n_aIP24napi_property_descriptormS0_EN9__gnu_cxx11__enable_ifIXntsrSt11__is_scalarIT1_E7__valueET_E6__typeES7_T0_RKS5_
FN:784,_ZSt6fill_nIP24napi_property_descriptormS0_ET_S2_T0_RKT1_
FNDA:242331,_ZSt3maxImERKT_S2_S2_
FNDA:505,_ZSt12__niter_baseIP24napi_property_descriptorET_S2_
FNDA:505,_ZSt10__fill_n_aIP24napi_property_descriptormS0_EN9__gnu_cxx11__enable_ifIXntsrSt11__is_scalarIT1_E7__valueET_E6__typeES7_T0_RKS5_
FNDA:505,_ZSt6fill_nIP24napi_property_descriptormS0_ET_S2_T0_RKT1_
FNF:4
FNH:4
DA:219,242331
DA:224,242331
DA:225,242115
DA:226,216
DA:277,505
DA:278,505
DA:738,505
DA:740,505
DA:741,13130
DA:742,12625
DA:743,505
DA:784,505
DA:789,505
LF:13
LH:13
end_of_record
SF:/usr/include/c++/8/bits/stl_construct.h
FN:74,_ZSt10_ConstructI11AsyncBufferIhEJEEvPT_DpOT0_
FN:74,_ZSt10_ConstructI11AsyncBufferIhEJS1_EEvPT_DpOT0_
FN:117,_ZNSt12_Destroy_auxILb1EE9__destroyIP11AsyncBufferIhEEEvT_S5_
FN:117,_ZNSt12_Destroy_auxILb1EE9__destroyIP24napi_property_descriptorEEvT_S4_
FN:117,_ZNSt12_Destroy_auxILb1EE9__destroyIPP12napi_value__EEvT_S5_
FN:127,_ZSt8_DestroyIPP12napi_value__EvT_S3_
FN:127,_ZSt8_DestroyIP11AsyncBufferIhEEvT_S3_
FN:127,_ZSt8_DestroyIP24napi_property_descriptorEvT_S2_
FN:203,_ZSt8_DestroyIP11AsyncBufferIhES1_EvT_S3_RSaIT0_E
FN:203,_ZSt8_DestroyIP24napi_property_descriptorS0_EvT_S2_RSaIT0_E
FN:203,_ZSt8_DestroyIPP12napi_value__S1_EvT_S3_RSaIT0_E
FNDA:216,_ZSt10_ConstructI11AsyncBufferIhEJS1_EEvPT_DpOT0_
FNDA:242331,_ZSt10_ConstructI11AsyncBufferIhEJEEvPT_DpOT0_
FNDA:505,_ZNSt12_Destroy_auxILb1EE9__destroyIP24napi_property_descriptorEEvT_S4_
FNDA:2619593,_ZNSt12_Destroy_auxILb1EE9__destroyIP11AsyncBufferIhEEEvT_S5_
FNDA:0,_ZNSt12_Destroy_auxILb1EE9__destroyIPP12napi_value__EEvT_S5_
FNDA:505,_ZSt8_DestroyIP24napi_property_descriptorEvT_S2_
FNDA:2619593,_ZSt8_DestroyIP11AsyncBufferIhEEvT_S3_
FNDA:0,_ZSt8_DestroyIPP12napi_value__EvT_S3_
FNDA:505,_ZSt8_DestroyIP24napi_property_descriptorS0_EvT_S2_RSaIT0_E
FNDA:2619593,_ZSt8_DestroyIP11AsyncBufferIhES1_EvT_S3_RSaIT0_E
FNDA:0,_ZSt8_DestroyIPP12napi_value__S1_EvT_S3_RSaIT0_E
FNF:11
FNH:8
DA:74,242547
DA:75,242547
DA:76,216
DA:77,216
DA:78,242331
DA:79,242331
DA:121,2620098
DA:131,2620098
DA:141,2620098
DA:142,2620098
DA:143,505
DA:153,505
DA:154,505
DA:155,2619593
DA:165,2619593
DA:166,2619593
DA:167,0
DA:177,0
DA:178,0
DA:243,2620098
DA:246,2620098
DA:247,2620098
DA:248,505
DA:251,505
DA:252,505
DA:253,2619593
DA:256,2619593
DA:257,2619593
DA:258,0
DA:261,0
DA:262,0
LF:31
LH:25
end_of_record
SF:/usr/include/c++/8/bits/stl_iterator.h
FN:1033,_ZNSt13move_iteratorIP11AsyncBufferIhEEC2ES2_
FN:1042,_ZNKSt13move_iteratorIP11AsyncBufferIhEE4baseEv
FN:1046,_ZNKSt13move_iteratorIP11AsyncBufferIhEEdeEv
FN:1054,_ZNSt13move_iteratorIP11AsyncBufferIhEEppEv
FN:1121,_ZSteqIP11AsyncBufferIhEEbRKSt13move_iteratorIT_ES7_
FN:1133,_ZStneIP11AsyncBufferIhEEbRKSt13move_iteratorIT_ES7_
FN:1218,_ZSt32__make_move_if_noexcept_iteratorI11AsyncBufferIhESt13move_iteratorIPS1_EET0_PT_
FNDA:484662,_ZNSt13move_iteratorIP11AsyncBufferIhEEC2ES2_
FNDA:485094,_ZNKSt13move_iteratorIP11AsyncBufferIhEE4baseEv
FNDA:216,_ZNKSt13move_iteratorIP11AsyncBufferIhEEdeEv
FNDA:216,_ZNSt13move_iteratorIP11AsyncBufferIhEEppEv
FNDA:242547,_ZSteqIP11AsyncBufferIhEEbRKSt13move_iteratorIT_ES7_
FNDA:242547,_ZStneIP11AsyncBufferIhEEbRKSt13move_iteratorIT_ES7_
FNDA:484662,_ZSt32__make_move_if_noexcept_iteratorI11AsyncBufferIhESt13move_iteratorIPS1_EET0_PT_
FNF:7
FNH:7
DA:1033,484662
DA:1034,484662
DA:1042,485094
DA:1043,485094
DA:1046,216
DA:1047,216
DA:1054,216
DA:1056,216
DA:1057,216
DA:1121,242547
DA:1123,242547
DA:1133,242547
DA:1135,242547
DA:1218,484662
DA:1219,484662
LF:15
LH:15
end_of_record
SF:/usr/include/c++/8/bits/stl_iterator_base_funcs.h
FN:98,_ZSt10__distanceIPcENSt15iterator_traitsIT_E15difference_typeES2_S2_St26random_access_iterator_tag
FN:98,_ZSt10__distanceIPKcENSt15iterator_traitsIT_E15difference_typeES3_S3_St26random_access_iterator_tag
FNDA:0,_ZSt10__distanceIPcENSt15iterator_traitsIT_E15difference_typeES2_S2_St26random_access_iterator_tag
FNDA:0,_ZSt10__distanceIPKcENSt15iterator_traitsIT_E15difference_typeES3_S3_St26random_access_iterator_tag
FNF:2
FNH:0
DA:98,0
DA:104,0
DA:106,0
DA:112,0
DA:114,0
DA:120,0
DA:154,0
DA:157,0
DA:158,0
LF:9
LH:0
end_of_record
SF:/usr/include/c++/8/bits/stl_iterator_base_types.h
FN:205,_ZSt19__iterator_categoryIPcENSt15iterator_traitsIT_E17iterator_categoryERKS2_
FN:205,_ZSt19__iterator_categoryIPKcENSt15iterator_traitsIT_E17iterator_categoryERKS3_
FNDA:0,_ZSt19__iterator_categoryIPcENSt15iterator_traitsIT_E17iterator_categoryERKS2_
FNDA:0,_ZSt19__iterator_categoryIPKcENSt15iterator_traitsIT_E17iterator_categoryERKS3_
FNF:2
FNH:0
DA:205,0
DA:206,0
DA:207,0
DA:208,0
DA:209,0
DA:210,0
LF:6
LH:0
end_of_record
SF:/usr/include/c++/8/bits/stl_uninitialized.h
FN:76,_ZNSt20__uninitialized_copyILb0EE13__uninit_copyISt13move_iteratorIP11AsyncBufferIhEES5_EET0_T_S8_S7_
FN:115,_ZSt18uninitialized_copyISt13move_iteratorIP11AsyncBufferIhEES3_ET0_T_S6_S5_
FN:287,_ZSt22__uninitialized_copy_aISt13move_iteratorIP11AsyncBufferIhEES3_S2_ET0_T_S6_S5_RSaIT1_E
FN:305,_ZSt34__uninitialized_move_if_noexcept_aIP11AsyncBufferIhES2_SaIS1_EET0_T_S5_S4_RT1_
FN:521,_ZNSt27__uninitialized_default_n_1ILb0EE18__uninit_default_nIP11AsyncBufferIhEmEET_S5_T0_
FN:543,_ZNSt27__uninitialized_default_n_1ILb1EE18__uninit_default_nIP24napi_property_descriptormEET_S4_T0_
FN:574,_ZSt25__uninitialized_default_nIP24napi_property_descriptormET_S2_T0_
FN:574,_ZSt25__uninitialized_default_nIP11AsyncBufferIhEmET_S3_T0_
FN:643,_ZSt27__uninitialized_default_n_aIP11AsyncBufferIhEmS1_ET_S3_T0_RSaIT1_E
FN:643,_ZSt27__uninitialized_default_n_aIP24napi_property_descriptormS0_ET_S2_T0_RSaIT1_E
FNDA:242331,_ZNSt20__uninitialized_copyILb0EE13__uninit_copyISt13move_iteratorIP11AsyncBufferIhEES5_EET0_T_S8_S7_
FNDA:242331,_ZSt18uninitialized_copyISt13move_iteratorIP11AsyncBufferIhEES3_ET0_T_S6_S5_
FNDA:242331,_ZSt22__uninitialized_copy_aISt13move_iteratorIP11AsyncBufferIhEES3_S2_ET0_T_S6_S5_RSaIT1_E
FNDA:242331,_ZSt34__uninitialized_move_if_noexcept_aIP11AsyncBufferIhES2_SaIS1_EET0_T_S5_S4_RT1_
FNDA:242331,_ZNSt27__uninitialized_default_n_1ILb0EE18__uninit_default_nIP11AsyncBufferIhEmEET_S5_T0_
FNDA:505,_ZNSt27__uninitialized_default_n_1ILb1EE18__uninit_default_nIP24napi_property_descriptormEET_S4_T0_
FNDA:505,_ZSt25__uninitialized_default_nIP24napi_property_descriptormET_S2_T0_
FNDA:242331,_ZSt25__uninitialized_default_nIP11AsyncBufferIhEmET_S3_T0_
FNDA:505,_ZSt27__uninitialized_default_n_aIP24napi_property_descriptormS0_ET_S2_T0_RSaIT1_E
FNDA:242331,_ZSt27__uninitialized_default_n_aIP11AsyncBufferIhEmS1_ET_S3_T0_RSaIT1_E
FNF:10
FNH:10
DA:76,242331
DA:79,242331
DA:82,242547
DA:83,216
DA:84,242331
DA:86,0
DA:88,0
DA:89,0
DA:115,242331
DA:128,242331
DA:134,242331
DA:287,242331
DA:289,242331
DA:305,242331
DA:311,242331
DA:312,242331
DA:521,242331
DA:523,242331
DA:526,484662
DA:527,242331
DA:528,242331
DA:543,505
DA:548,505
DA:574,242836
DA:579,242836
DA:583,242836
DA:585,505
DA:590,505
DA:594,505
DA:596,242331
DA:601,242331
DA:605,242331
DA:665,242836
DA:667,242836
DA:668,505
DA:670,505
DA:671,242331
DA:673,242331
LF:38
LH:35
end_of_record
SF:/usr/include/c++/8/bits/stl_vector.h
FN:95,_ZNSt12_Vector_baseI11AsyncBufferIhESaIS1_EE12_Vector_implC2Ev
FN:95,_ZNSt12_Vector_baseIP12napi_value__SaIS1_EE12_Vector_implC2Ev
FN:99,_ZNSt12_Vector_baseI24napi_property_descriptorSaIS0_EE12_Vector_implC2ERKS1_
FN:237,_ZNSt12_Vector_baseI24napi_property_descriptorSaIS0_EE19_M_get_Tp_allocatorEv
FN:237,_ZNSt12_Vector_baseIP12napi_value__SaIS1_EE19_M_get_Tp_allocatorEv
FN:237,_ZNSt12_Vector_baseI11AsyncBufferIhESaIS1_EE19_M_get_Tp_allocatorEv
FN:241,_ZNKSt12_Vector_baseI11AsyncBufferIhESaIS1_EE19_M_get_Tp_allocatorEv
FN:248,_ZNSt12_Vector_baseIP12napi_value__SaIS1_EEC2Ev
FN:248,_ZNSt12_Vector_baseI11AsyncBufferIhESaIS1_EEC2Ev
FN:258,_ZNSt12_Vector_baseI24napi_property_descriptorSaIS0_EEC2EmRKS1_
FN:283,_ZNSt12_Vector_baseI24napi_property_descriptorSaIS0_EED2Ev
FN:283,_ZNSt12_Vector_baseI11AsyncBufferIhESaIS1_EED2Ev
FN:283,_ZNSt12_Vector_baseIP12napi_value__SaIS1_EED2Ev
FN:293,_ZNSt12_Vector_baseI24napi_property_descriptorSaIS0_EE11_M_allocateEm
FN:293,_ZNSt12_Vector_baseI11AsyncBufferIhESaIS1_EE11_M_allocateEm
FN:300,_ZNSt12_Vector_baseI24napi_property_descriptorSaIS0_EE13_M_deallocateEPS0_m
FN:300,_ZNSt12_Vector_baseI11AsyncBufferIhESaIS1_EE13_M_deallocateEPS1_m
FN:300,_ZNSt12_Vector_baseIP12napi_value__SaIS1_EE13_M_deallocateEPS1_m
FN:309,_ZNSt12_Vector_baseI24napi_property_descriptorSaIS0_EE17_M_create_storageEm
FN:391,_ZNSt6vectorIP12napi_value__SaIS1_EEC2Ev
FN:391,_ZNSt6vectorI11AsyncBufferIhESaIS1_EEC2Ev
FN:415,_ZNSt6vectorI24napi_property_descriptorSaIS0_EEC2EmRKS1_
FN:565,_ZNSt6vectorIP12napi_value__SaIS1_EED2Ev
FN:565,_ZNSt6vectorI24napi_property_descriptorSaIS0_EED2Ev
FN:565,_ZNSt6vectorI11AsyncBufferIhESaIS1_EED2Ev
FN:805,_ZNKSt6vectorI11AsyncBufferIhESaIS1_EE4sizeEv
FN:805,_ZNKSt6vectorIP12napi_value__SaIS1_EE4sizeEv
FN:810,_ZNKSt6vectorI11AsyncBufferIhESaIS1_EE8max_sizeEv
FN:824,_ZNSt6vectorI11AsyncBufferIhESaIS1_EE6resizeEm
FN:930,_ZNSt6vectorI11AsyncBufferIhESaIS1_EEixEm
FN:930,_ZNSt6vectorI24napi_property_descriptorSaIS0_EEixEm
FN:1055,_ZNSt6vectorI24napi_property_descriptorSaIS0_EE4dataEv
FN:1059,_ZNKSt6vectorIP12napi_value__SaIS1_EE4dataEv
FN:1487,_ZNSt6vectorI24napi_property_descriptorSaIS0_EE21_M_default_initializeEm
FN:1640,_ZNKSt6vectorI11AsyncBufferIhESaIS1_EE12_M_check_lenEmPKc
FN:1654,_ZNSt6vectorI11AsyncBufferIhESaIS1_EE15_M_erase_at_endEPS1_
FN:1705,_ZNKSt6vectorIP12napi_value__SaIS1_EE11_M_data_ptrIS1_EEPT_S6_
FN:1705,_ZNKSt6vectorI24napi_property_descriptorSaIS0_EE11_M_data_ptrIS0_EEPT_S5_
FNDA:2377262,_ZNSt12_Vector_baseI11AsyncBufferIhESaIS1_EE12_Vector_implC2Ev
FNDA:0,_ZNSt12_Vector_baseIP12napi_value__SaIS1_EE12_Vector_implC2Ev
FNDA:505,_ZNSt12_Vector_baseI24napi_property_descriptorSaIS0_EE12_Vector_implC2ERKS1_
FNDA:1010,_ZNSt12_Vector_baseI24napi_property_descriptorSaIS0_EE19_M_get_Tp_allocatorEv
FNDA:3104255,_ZNSt12_Vector_baseI11AsyncBufferIhESaIS1_EE19_M_get_Tp_allocatorEv
FNDA:0,_ZNSt12_Vector_baseIP12napi_value__SaIS1_EE19_M_get_Tp_allocatorEv
FNDA:969324,_ZNKSt12_Vector_baseI11AsyncBufferIhESaIS1_EE19_M_get_Tp_allocatorEv
FNDA:2377262,_ZNSt12_Vector_baseI11AsyncBufferIhESaIS1_EEC2Ev
FNDA:0,_ZNSt12_Vector_baseIP12napi_value__SaIS1_EEC2Ev
FNDA:505,_ZNSt12_Vector_baseI24napi_property_descriptorSaIS0_EEC2EmRKS1_
FNDA:505,_ZNSt12_Vector_baseI24napi_property_descriptorSaIS0_EED2Ev
FNDA:2377262,_ZNSt12_Vector_baseI11AsyncBufferIhESaIS1_EED2Ev
FNDA:0,_ZNSt12_Vector_baseIP12napi_value__SaIS1_EED2Ev
FNDA:505,_ZNSt12_Vector_baseI24napi_property_descriptorSaIS0_EE11_M_allocateEm
FNDA:242331,_ZNSt12_Vector_baseI11AsyncBufferIhESaIS1_EE11_M_allocateEm
FNDA:505,_ZNSt12_Vector_baseI24napi_property_descriptorSaIS0_EE13_M_deallocateEPS0_m
FNDA:2619593,_ZNSt12_Vector_baseI11AsyncBufferIhESaIS1_EE13_M_deallocateEPS1_m
FNDA:0,_ZNSt12_Vector_baseIP12napi_value__SaIS1_EE13_M_deallocateEPS1_m
FNDA:505,_ZNSt12_Vector_baseI24napi_property_descriptorSaIS0_EE17_M_create_storageEm
FNDA:2377262,_ZNSt6vectorI11AsyncBufferIhESaIS1_EEC2Ev
FNDA:0,_ZNSt6vectorIP12napi_value__SaIS1_EEC2Ev
FNDA:505,_ZNSt6vectorI24napi_property_descriptorSaIS0_EEC2EmRKS1_
FNDA:505,_ZNSt6vectorI24napi_property_descriptorSaIS0_EED2Ev
FNDA:2377262,_ZNSt6vectorI11AsyncBufferIhESaIS1_EED2Ev
FNDA:0,_ZNSt6vectorIP12napi_value__SaIS1_EED2Ev
FNDA:3369409,_ZNKSt6vectorI11AsyncBufferIhESaIS1_EE4sizeEv
FNDA:0,_ZNKSt6vectorIP12napi_value__SaIS1_EE4sizeEv
FNDA:969324,_ZNKSt6vectorI11AsyncBufferIhESaIS1_EE8max_sizeEv
FNDA:242331,_ZNSt6vectorI11AsyncBufferIhESaIS1_EE6resizeEm
FNDA:37875,_ZNSt6vectorI24napi_property_descriptorSaIS0_EEixEm
FNDA:484662,_ZNSt6vectorI11AsyncBufferIhESaIS1_EEixEm
FNDA:505,_ZNSt6vectorI24napi_property_descriptorSaIS0_EE4dataEv
FNDA:0,_ZNKSt6vectorIP12napi_value__SaIS1_EE4dataEv
FNDA:505,_ZNSt6vectorI24napi_property_descriptorSaIS0_EE21_M_default_initializeEm
FNDA:242331,_ZNKSt6vectorI11AsyncBufferIhESaIS1_EE12_M_check_lenEmPKc
FNDA:0,_ZNSt6vectorI11AsyncBufferIhESaIS1_EE15_M_erase_at_endEPS1_
FNDA:505,_ZNKSt6vectorI24napi_property_descriptorSaIS0_EE11_M_data_ptrIS0_EEPT_S5_
FNDA:0,_ZNKSt6vectorIP12napi_value__SaIS1_EE11_M_data_ptrIS1_EEPT_S6_
FNF:38
FNH:27
DA:95,2377262
DA:96,2377262
DA:97,2377262
DA:98,2377262
DA:99,2377262
DA:100,2377262
DA:101,0
DA:102,0
DA:103,0
DA:105,505
DA:106,505
DA:107,505
DA:243,3105265
DA:244,3105265
DA:245,1010
DA:246,1010
DA:247,3104255
DA:248,3104255
DA:249,0
DA:250,0
DA:253,969324
DA:254,969324
DA:260,2377262
DA:261,2377262
DA:262,2377262
DA:263,2377262
DA:264,0
DA:265,0
DA:274,505
DA:275,505
DA:276,505
DA:299,2377767
DA:301,2377767
DA:302,2377767
DA:303,2377767
DA:304,505
DA:306,505
DA:307,505
DA:308,505
DA:309,2377262
DA:311,2377262
DA:312,2377262
DA:313,2377262
DA:314,0
DA:316,0
DA:317,0
DA:318,0
DA:324,242836
DA:327,242836
DA:329,505
DA:332,505
DA:334,242331
DA:337,242331
DA:341,2620098
DA:344,2620098
DA:345,242836
DA:346,2620098
DA:347,505
DA:350,505
DA:351,505
DA:352,505
DA:353,2619593
DA:356,2619593
DA:357,242331
DA:358,2619593
DA:359,0
DA:362,0
DA:363,0
DA:364,0
DA:368,505
DA:370,505
DA:371,505
DA:372,505
DA:373,505
DA:450,2377262
DA:454,2377262
DA:455,2377262
DA:459,2377262
DA:460,0
DA:464,0
DA:484,505
DA:485,505
DA:486,505
DA:634,2377767
DA:636,2377767
DA:637,2377767
DA:639,2377767
DA:640,505
DA:642,505
DA:643,505
DA:645,505
DA:646,2377262
DA:648,2377262
DA:649,2377262
DA:651,2377262
DA:652,0
DA:654,0
DA:655,0
DA:657,0
DA:892,3369409
DA:893,3369409
DA:894,3369409
DA:895,3369409
DA:896,0
DA:897,0
DA:901,969324
DA:902,969324
DA:915,242331
DA:917,242331
DA:918,242331
DA:919,0
DA:920,0
DA:921,242331
DA:1021,522537
DA:1024,522537
DA:1026,37875
DA:1029,37875
DA:1031,484662
DA:1034,484662
DA:1156,505
DA:1157,505
DA:1160,0
DA:1161,0
DA:1588,505
DA:1590,505
DA:1591,505
DA:1592,505
DA:1593,505
DA:1741,242331
DA:1743,242331
DA:1744,0
DA:1746,242331
DA:1747,242331
DA:1755,0
DA:1757,0
DA:1759,0
DA:1760,0
DA:1761,0
DA:1764,0
DA:1806,505
DA:1807,505
DA:1808,505
DA:1809,505
DA:1810,0
DA:1811,0
LF:145
LH:109
end_of_record
SF:/usr/include/c++/8/bits/unique_ptr.h
FN:75,_ZNKSt14default_deleteISt6vectorI11AsyncBufferIhESaIS2_EEEclEPS4_
FN:143,_ZNSt15__uniq_ptr_implISt6vectorI11AsyncBufferIhESaIS2_EESt14default_deleteIS4_EEC2EPS4_
FN:143,_ZNSt15__uniq_ptr_implIi7CloseFDEC2EPi
FN:146,_ZNSt15__uniq_ptr_implISt6vectorI11AsyncBufferIhESaIS2_EESt14default_deleteIS4_EEC2IS6_EEPS4_OT_
FN:149,_ZNSt15__uniq_ptr_implISt6vectorI11AsyncBufferIhESaIS2_EESt14default_deleteIS4_EE6_M_ptrEv
FN:149,_ZNSt15__uniq_ptr_implIi7CloseFDE6_M_ptrEv
FN:150,_ZNKSt15__uniq_ptr_implISt6vectorI11AsyncBufferIhESaIS2_EESt14default_deleteIS4_EE6_M_ptrEv
FN:150,_ZNKSt15__uniq_ptr_implIi7CloseFDE6_M_ptrEv
FN:151,_ZNSt15__uniq_ptr_implISt6vectorI11AsyncBufferIhESaIS2_EESt14default_deleteIS4_EE10_M_deleterEv
FN:151,_ZNSt15__uniq_ptr_implIi7CloseFDE10_M_deleterEv
FN:204,_ZNSt10unique_ptrIi7CloseFDEC2IS0_vEEPi
FN:204,_ZNSt10unique_ptrISt6vectorI11AsyncBufferIhESaIS2_EESt14default_deleteIS4_EEC2IS6_vEEPS4_
FN:241,_ZNSt10unique_ptrISt6vectorI11AsyncBufferIhESaIS2_EESt14default_deleteIS4_EEC2EOS7_
FN:270,_ZNSt10unique_ptrISt6vectorI11AsyncBufferIhESaIS2_EESt14default_deleteIS4_EED2Ev
FN:270,_ZNSt10unique_ptrIi7CloseFDED2Ev
FN:287,_ZNSt10unique_ptrISt6vectorI11AsyncBufferIhESaIS2_EESt14default_deleteIS4_EEaSEOS7_
FN:326,_ZNKSt10unique_ptrIi7CloseFDEdeEv
FN:326,_ZNKSt10unique_ptrISt6vectorI11AsyncBufferIhESaIS2_EESt14default_deleteIS4_EEdeEv
FN:334,_ZNKSt10unique_ptrISt6vectorI11AsyncBufferIhESaIS2_EESt14default_deleteIS4_EEptEv
FN:342,_ZNKSt10unique_ptrIi7CloseFDE3getEv
FN:342,_ZNKSt10unique_ptrISt6vectorI11AsyncBufferIhESaIS2_EESt14default_deleteIS4_EE3getEv
FN:347,_ZNSt10unique_ptrISt6vectorI11AsyncBufferIhESaIS2_EESt14default_deleteIS4_EE11get_deleterEv
FN:347,_ZNSt10unique_ptrIi7CloseFDE11get_deleterEv
FN:363,_ZNSt10unique_ptrISt6vectorI11AsyncBufferIhESaIS2_EESt14default_deleteIS4_EE7releaseEv
FN:377,_ZNSt10unique_ptrISt6vectorI11AsyncBufferIhESaIS2_EESt14default_deleteIS4_EE5resetEPS4_
FN:830,_ZSt11make_uniqueISt6vectorI11AsyncBufferIhESaIS2_EEJEENSt9_MakeUniqIT_E15__single_objectEDpOT0_
FNDA:2377262,_ZNKSt14default_deleteISt6vectorI11AsyncBufferIhESaIS2_EEEclEPS4_
FNDA:2377262,_ZNSt15__uniq_ptr_implISt6vectorI11AsyncBufferIhESaIS2_EESt14default_deleteIS4_EEC2EPS4_
FNDA:3716,_ZNSt15__uniq_ptr_implIi7CloseFDEC2EPi
FNDA:242115,_ZNSt15__uniq_ptr_implISt6vectorI11AsyncBufferIhESaIS2_EESt14default_deleteIS4_EEC2IS6_EEPS4_OT_
FNDA:7616016,_ZNSt15__uniq_ptr_implISt6vectorI11AsyncBufferIhESaIS2_EESt14default_deleteIS4_EE6_M_ptrEv
FNDA:7432,_ZNSt15__uniq_ptr_implIi7CloseFDE6_M_ptrEv
FNDA:3830831,_ZNKSt15__uniq_ptr_implISt6vectorI11AsyncBufferIhESaIS2_EESt14default_deleteIS4_EE6_M_ptrEv
FNDA:7668,_ZNKSt15__uniq_ptr_implIi7CloseFDE6_M_ptrEv
FNDA:4996639,_ZNSt15__uniq_ptr_implISt6vectorI11AsyncBufferIhESaIS2_EESt14default_deleteIS4_EE10_M_deleterEv
FNDA:3716,_ZNSt15__uniq_ptr_implIi7CloseFDE10_M_deleterEv
FNDA:2377262,_ZNSt10unique_ptrISt6vectorI11AsyncBufferIhESaIS2_EESt14default_deleteIS4_EEC2IS6_vEEPS4_
FNDA:3716,_ZNSt10unique_ptrIi7CloseFDEC2IS0_vEEPi
FNDA:242115,_ZNSt10unique_ptrISt6vectorI11AsyncBufferIhESaIS2_EESt14default_deleteIS4_EEC2EOS7_
FNDA:2619377,_ZNSt10unique_ptrISt6vectorI11AsyncBufferIhESaIS2_EESt14default_deleteIS4_EED2Ev
FNDA:3716,_ZNSt10unique_ptrIi7CloseFDED2Ev
FNDA:1188631,_ZNSt10unique_ptrISt6vectorI11AsyncBufferIhESaIS2_EESt14default_deleteIS4_EEaSEOS7_
FNDA:484662,_ZNKSt10unique_ptrISt6vectorI11AsyncBufferIhESaIS2_EESt14default_deleteIS4_EEdeEv
FNDA:7668,_ZNKSt10unique_ptrIi7CloseFDEdeEv
FNDA:1915423,_ZNKSt10unique_ptrISt6vectorI11AsyncBufferIhESaIS2_EESt14default_deleteIS4_EEptEv
FNDA:3830831,_ZNKSt10unique_ptrISt6vectorI11AsyncBufferIhESaIS2_EESt14default_deleteIS4_EE3getEv
FNDA:7668,_ZNKSt10unique_ptrIi7CloseFDE3getEv
FNDA:4996639,_ZNSt10unique_ptrISt6vectorI11AsyncBufferIhESaIS2_EESt14default_deleteIS4_EE11get_deleterEv
FNDA:3716,_ZNSt10unique_ptrIi7CloseFDE11get_deleterEv
FNDA:1430746,_ZNSt10unique_ptrISt6vectorI11AsyncBufferIhESaIS2_EESt14default_deleteIS4_EE7releaseEv
FNDA:1188631,_ZNSt10unique_ptrISt6vectorI11AsyncBufferIhESaIS2_EESt14default_deleteIS4_EE5resetEPS4_
FNDA:2377262,_ZSt11make_uniqueISt6vectorI11AsyncBufferIhESaIS2_EEJEENSt9_MakeUniqIT_E15__single_objectEDpOT0_
FNF:26
FNH:26
DA:75,2377262
DA:81,2377262
DA:82,2377262
DA:143,2380978
DA:146,242115
DA:147,242115
DA:149,7623448
DA:150,3838499
DA:151,5000355
DA:204,2380978
DA:205,2380978
DA:206,2380978
DA:207,2377262
DA:208,2377262
DA:209,2377262
DA:210,3716
DA:211,3716
DA:212,3716
DA:247,242115
DA:248,242115
DA:276,2623093
DA:278,2623093
DA:279,2623093
DA:280,1192347
DA:281,2623093
DA:282,2623093
DA:283,2619377
DA:285,2619377
DA:286,2619377
DA:287,1188631
DA:288,2619377
DA:289,2619377
DA:290,3716
DA:292,3716
DA:293,3716
DA:294,3716
DA:295,3716
DA:296,3716
DA:307,1188631
DA:309,1188631
DA:310,1188631
DA:311,1188631
DA:346,492330
DA:349,492330
DA:351,484662
DA:354,484662
DA:356,7668
DA:359,7668
DA:364,1915423
DA:367,1915423
DA:372,3838499
DA:373,3838499
DA:374,3830831
DA:375,3830831
DA:376,7668
DA:377,7668
DA:381,5000355
DA:382,5000355
DA:383,4996639
DA:384,4996639
DA:385,3716
DA:386,3716
DA:401,1430746
DA:403,1430746
DA:404,1430746
DA:405,1430746
DA:415,1188631
DA:418,1188631
DA:419,1188631
DA:420,1188631
DA:421,1188631
DA:868,2377262
DA:869,2377262
LF:73
LH:73
end_of_record
SF:/usr/include/c++/8/bits/vector.tcc
FN:580,_ZNSt6vectorI11AsyncBufferIhESaIS1_EE17_M_default_appendEm
FNDA:242331,_ZNSt6vectorI11AsyncBufferIhESaIS1_EE17_M_default_appendEm
FNF:1
FNH:1
DA:580,242331
DA:583,242331
DA:585,242331
DA:586,484662
DA:587,242331
DA:589,242331
DA:590,0
DA:592,242331
DA:595,0
DA:596,0
DA:597,0
DA:602,242331
DA:604,242331
DA:605,242331
DA:608,242331
DA:609,242331
DA:610,242331
DA:611,242331
DA:613,242331
DA:615,0
DA:617,0
DA:618,0
DA:619,0
DA:620,0
DA:621,0
DA:624,242331
DA:625,242331
DA:626,484662
DA:627,242331
DA:628,242331
DA:629,242331
DA:630,242331
DA:631,242331
DA:634,242331
LF:34
LH:24
end_of_record
SF:/usr/include/c++/8/ext/new_allocator.h
FN:79,_ZN9__gnu_cxx13new_allocatorI24napi_property_descriptorEC2Ev
FN:79,_ZN9__gnu_cxx13new_allocatorI11AsyncBufferIhEEC2Ev
FN:79,_ZN9__gnu_cxx13new_allocatorIP12napi_value__EC2Ev
FN:79,_ZN9__gnu_cxx13new_allocatorIcEC2Ev
FN:81,_ZN9__gnu_cxx13new_allocatorI24napi_property_descriptorEC2ERKS2_
FN:86,_ZN9__gnu_cxx13new_allocatorI24napi_property_descriptorED2Ev
FN:86,_ZN9__gnu_cxx13new_allocatorI11AsyncBufferIhEED2Ev
FN:86,_ZN9__gnu_cxx13new_allocatorIP12napi_value__ED2Ev
FN:86,_ZN9__gnu_cxx13new_allocatorIcED2Ev
FN:99,_ZN9__gnu_cxx13new_allocatorI24napi_property_descriptorE8allocateEmPKv
FN:99,_ZN9__gnu_cxx13new_allocatorI11AsyncBufferIhEE8allocateEmPKv
FN:116,_ZN9__gnu_cxx13new_allocatorI24napi_property_descriptorE10deallocateEPS1_m
FN:116,_ZN9__gnu_cxx13new_allocatorI11AsyncBufferIhEE10deallocateEPS2_m
FN:116,_ZN9__gnu_cxx13new_allocatorIP12napi_value__E10deallocateEPS2_m
FN:129,_ZNK9__gnu_cxx13new_allocatorI11AsyncBufferIhEE8max_sizeEv
FN:129,_ZNK9__gnu_cxx13new_allocatorI24napi_property_descriptorE8max_sizeEv
FNDA:2377262,_ZN9__gnu_cxx13new_allocatorI11AsyncBufferIhEEC2Ev
FNDA:0,_ZN9__gnu_cxx13new_allocatorIP12napi_value__EC2Ev
FNDA:505,_ZN9__gnu_cxx13new_allocatorI24napi_property_descriptorEC2Ev
FNDA:0,_ZN9__gnu_cxx13new_allocatorIcEC2Ev
FNDA:505,_ZN9__gnu_cxx13new_allocatorI24napi_property_descriptorEC2ERKS2_
FNDA:2377262,_ZN9__gnu_cxx13new_allocatorI11AsyncBufferIhEED2Ev
FNDA:1010,_ZN9__gnu_cxx13new_allocatorI24napi_property_descriptorED2Ev
FNDA:0,_ZN9__gnu_cxx13new_allocatorIP12napi_value__ED2Ev
FNDA:0,_ZN9__gnu_cxx13new_allocatorIcED2Ev
FNDA:505,_ZN9__gnu_cxx13new_allocatorI24napi_property_descriptorE8allocateEmPKv
FNDA:242331,_ZN9__gnu_cxx13new_allocatorI11AsyncBufferIhEE8allocateEmPKv
FNDA:505,_ZN9__gnu_cxx13new_allocatorI24napi_property_descriptorE10deallocateEPS1_m
FNDA:242331,_ZN9__gnu_cxx13new_allocatorI11AsyncBufferIhEE10deallocateEPS2_m
FNDA:0,_ZN9__gnu_cxx13new_allocatorIP12napi_value__E10deallocateEPS2_m
FNDA:505,_ZNK9__gnu_cxx13new_allocatorI24napi_property_descriptorE8max_sizeEv
FNDA:1211655,_ZNK9__gnu_cxx13new_allocatorI11AsyncBufferIhEE8max_sizeEv
FNF:16
FNH:11
DA:79,2377767
DA:81,505
DA:86,2378272
DA:99,242836
DA:101,242836
DA:102,0
DA:111,242836
DA:113,505
DA:115,505
DA:116,0
DA:125,505
DA:127,242331
DA:129,242331
DA:130,0
DA:139,242331
DA:144,242836
DA:153,242836
DA:154,242836
DA:155,505
DA:164,505
DA:165,505
DA:166,242331
DA:175,242331
DA:176,242331
DA:177,0
DA:186,0
DA:187,0
DA:190,1212160
DA:191,1212160
DA:192,505
DA:193,505
DA:194,1211655
DA:195,1211655
LF:33
LH:27
end_of_record
SF:/usr/include/c++/8/ext/string_conversions.h
FN:99,_ZN9__gnu_cxx12__to_xstringINSt7__cxx1112basic_stringIcSt11char_traitsIcESaIcEEEcEET_PFiPT0_mPKS8_P13__va_list_tagEmSB_z
FNDA:0,_ZN9__gnu_cxx12__to_xstringINSt7__cxx1112basic_stringIcSt11char_traitsIcESaIcEEEcEET_PFiPT0_mPKS8_P13__va_list_tagEmSB_z
FNF:1
FNH:0
DA:99,0
DA:105,0
DA:109,0
DA:111,0
DA:113,0
DA:115,0
LF:6
LH:0
end_of_record
SF:/usr/include/c++/8/ext/type_traits.h
FN:152,_ZN9__gnu_cxx17__is_null_pointerIKcEEbPT_
FN:152,_ZN9__gnu_cxx17__is_null_pointerIcEEbPT_
FNDA:0,_ZN9__gnu_cxx17__is_null_pointerIcEEbPT_
FNDA:0,_ZN9__gnu_cxx17__is_null_pointerIKcEEbPT_
FNF:2
FNH:0
DA:152,0
DA:153,0
DA:154,0
DA:155,0
DA:156,0
DA:157,0
LF:6
LH:0
end_of_record
SF:/usr/include/c++/8/initializer_list
FN:71,_ZNKSt16initializer_listIP12napi_value__E4sizeEv
FN:71,_ZNKSt16initializer_listIN4Napi23ClassPropertyDescriptorI9DisruptorEEE4sizeEv
FN:75,_ZNKSt16initializer_listIP12napi_value__E5beginEv
FN:75,_ZNKSt16initializer_listIN4Napi23ClassPropertyDescriptorI9DisruptorEEE5beginEv
FNDA:505,_ZNKSt16initializer_listIN4Napi23ClassPropertyDescriptorI9DisruptorEEE4sizeEv
FNDA:397299,_ZNKSt16initializer_listIP12napi_value__E4sizeEv
FNDA:505,_ZNKSt16initializer_listIN4Napi23ClassPropertyDescriptorI9DisruptorEEE5beginEv
FNDA:397299,_ZNKSt16initializer_listIP12napi_value__E5beginEv
FNF:4
FNH:4
DA:71,397804
DA:75,397804
LF:2
LH:2
end_of_record
SF:/usr/include/c++/8/new
FN:168,_ZnwmPv
FNDA:242547,_ZnwmPv
FNF:1
FNH:1
DA:168,242547
DA:169,242547
LF:2
LH:2
end_of_record
SF:/usr/include/c++/8/tuple
FN:76,_ZNSt10_Head_baseILm1ESt14default_deleteISt6vectorI11AsyncBufferIhESaIS3_EEELb1EEC2Ev
FN:76,_ZNSt10_Head_baseILm1E7CloseFDLb1EEC2Ev
FN:86,_ZNSt10_Head_baseILm1ESt14default_deleteISt6vectorI11AsyncBufferIhESaIS3_EEELb1EEC2IS6_EEOT_
FN:113,_ZNSt10_Head_baseILm1ESt14default_deleteISt6vectorI11AsyncBufferIhESaIS3_EEELb1EE7_M_headERS7_
FN:113,_ZNSt10_Head_baseILm1E7CloseFDLb1EE7_M_headERS1_
FN:122,_ZNSt10_Head_baseILm0EPSt6vectorI11AsyncBufferIhESaIS2_EELb0EEC2Ev
FN:122,_ZNSt10_Head_baseILm0EPiLb0EEC2Ev
FN:132,_ZNSt10_Head_baseILm0EPSt6vectorI11AsyncBufferIhESaIS2_EELb0EEC2IRS5_EEOT_
FN:160,_ZNSt10_Head_baseILm0EPSt6vectorI11AsyncBufferIhESaIS2_EELb0EE7_M_headERS6_
FN:160,_ZNSt10_Head_baseILm0EPiLb0EE7_M_headERS1_
FN:163,_ZNSt10_Head_baseILm0EPSt6vectorI11AsyncBufferIhESaIS2_EELb0EE7_M_headERKS6_
FN:163,_ZNSt10_Head_baseILm0EPiLb0EE7_M_headERKS1_
FN:195,_ZNSt11_Tuple_implILm0EJPSt6vectorI11AsyncBufferIhESaIS2_EESt14default_deleteIS4_EEE7_M_headERS8_
FN:195,_ZNSt11_Tuple_implILm0EJPi7CloseFDEE7_M_headERS2_
FN:198,_ZNSt11_Tuple_implILm0EJPi7CloseFDEE7_M_headERKS2_
FN:198,_ZNSt11_Tuple_implILm0EJPSt6vectorI11AsyncBufferIhESaIS2_EESt14default_deleteIS4_EEE7_M_headERKS8_
FN:206,_ZNSt11_Tuple_implILm0EJPi7CloseFDEEC2Ev
FN:206,_ZNSt11_Tuple_implILm0EJPSt6vectorI11AsyncBufferIhESaIS2_EESt14default_deleteIS4_EEEC2Ev
FN:216,_ZNSt11_Tuple_implILm0EJPSt6vectorI11AsyncBufferIhESaIS2_EESt14default_deleteIS4_EEEC2IRS5_JS7_EvEEOT_DpOT0_
FN:351,_ZNSt11_Tuple_implILm1EJSt14default_deleteISt6vectorI11AsyncBufferIhESaIS3_EEEEE7_M_headERS7_
FN:351,_ZNSt11_Tuple_implILm1EJ7CloseFDEE7_M_headERS1_
FN:356,_ZNSt11_Tuple_implILm1EJ7CloseFDEEC2Ev
FN:356,_ZNSt11_Tuple_implILm1EJSt14default_deleteISt6vectorI11AsyncBufferIhESaIS3_EEEEEC2Ev
FN:365,_ZNSt11_Tuple_implILm1EJSt14default_deleteISt6vectorI11AsyncBufferIhESaIS3_EEEEEC2IS6_EEOT_
FN:919,_ZNSt5tupleIJPSt6vectorI11AsyncBufferIhESaIS2_EESt14default_deleteIS4_EEEC2IS5_S7_Lb1EEEv
FN:919,_ZNSt5tupleIJPi7CloseFDEEC2IS0_S1_Lb1EEEv
FN:971,_ZNSt5tupleIJPSt6vectorI11AsyncBufferIhESaIS2_EESt14default_deleteIS4_EEEC2IRS5_S7_Lb1EEEOT_OT0_
FN:1303,_ZSt12__get_helperILm1ESt14default_deleteISt6vectorI11AsyncBufferIhESaIS3_EEEJEERT0_RSt11_Tuple_implIXT_EJS7_DpT1_EE
FN:1303,_ZSt12__get_helperILm1E7CloseFDJEERT0_RSt11_Tuple_implIXT_EJS1_DpT1_EE
FN:1303,_ZSt12__get_helperILm0EPSt6vectorI11AsyncBufferIhESaIS2_EEJSt14default_deleteIS4_EEERT0_RSt11_Tuple_implIXT_EJS8_DpT1_EE
FN:1303,_ZSt12__get_helperILm0EPiJ7CloseFDEERT0_RSt11_Tuple_implIXT_EJS2_DpT1_EE
FN:1308,_ZSt12__get_helperILm0EPiJ7CloseFDEERKT0_RKSt11_Tuple_implIXT_EJS2_DpT1_EE
FN:1308,_ZSt12__get_helperILm0EPSt6vectorI11AsyncBufferIhESaIS2_EEJSt14default_deleteIS4_EEERKT0_RKSt11_Tuple_implIXT_EJS8_DpT1_EE
FN:1314,_ZSt3getILm1EJPSt6vectorI11AsyncBufferIhESaIS2_EESt14default_deleteIS4_EEERNSt13tuple_elementIXT_ESt5tupleIJDpT0_EEE4typeERSC_
FN:1314,_ZSt3getILm1EJPi7CloseFDEERNSt13tuple_elementIXT_ESt5tupleIJDpT0_EEE4typeERS6_
FN:1314,_ZSt3getILm0EJPSt6vectorI11AsyncBufferIhESaIS2_EESt14default_deleteIS4_EEERNSt13tuple_elementIXT_ESt5tupleIJDpT0_EEE4typeERSC_
FN:1314,_ZSt3getILm0EJPi7CloseFDEERNSt13tuple_elementIXT_ESt5tupleIJDpT0_EEE4typeERS6_
FN:1320,_ZSt3getILm0EJPi7CloseFDEERKNSt13tuple_elementIXT_ESt5tupleIJDpT0_EEE4typeERKS6_
FN:1320,_ZSt3getILm0EJPSt6vectorI11AsyncBufferIhESaIS2_EESt14default_deleteIS4_EEERKNSt13tuple_elementIXT_ESt5tupleIJDpT0_EEE4typeERKSC_
FNDA:2377262,_ZNSt10_Head_baseILm1ESt14default_deleteISt6vectorI11AsyncBufferIhESaIS3_EEELb1EEC2Ev
FNDA:3716,_ZNSt10_Head_baseILm1E7CloseFDLb1EEC2Ev
FNDA:242115,_ZNSt10_Head_baseILm1ESt14default_deleteISt6vectorI11AsyncBufferIhESaIS3_EEELb1EEC2IS6_EEOT_
FNDA:4996639,_ZNSt10_Head_baseILm1ESt14default_deleteISt6vectorI11AsyncBufferIhESaIS3_EEELb1EE7_M_headERS7_
FNDA:3716,_ZNSt10_Head_baseILm1E7CloseFDLb1EE7_M_headERS1_
FNDA:2377262,_ZNSt10_Head_baseILm0EPSt6vectorI11AsyncBufferIhESaIS2_EELb0EEC2Ev
FNDA:3716,_ZNSt10_Head_baseILm0EPiLb0EEC2Ev
FNDA:242115,_ZNSt10_Head_baseILm0EPSt6vectorI11AsyncBufferIhESaIS2_EELb0EEC2IRS5_EEOT_
FNDA:7616016,_ZNSt10_Head_baseILm0EPSt6vectorI11AsyncBufferIhESaIS2_EELb0EE7_M_headERS6_
FNDA:7432,_ZNSt10_Head_baseILm0EPiLb0EE7_M_headERS1_
FNDA:3830831,_ZNSt10_Head_baseILm0EPSt6vectorI11AsyncBufferIhESaIS2_EELb0EE7_M_headERKS6_
FNDA:7668,_ZNSt10_Head_baseILm0EPiLb0EE7_M_headERKS1_
FNDA:7616016,_ZNSt11_Tuple_implILm0EJPSt6vectorI11AsyncBufferIhESaIS2_EESt14default_deleteIS4_EEE7_M_headERS8_
FNDA:7432,_ZNSt11_Tuple_implILm0EJPi7CloseFDEE7_M_headERS2_
FNDA:3830831,_ZNSt11_Tuple_implILm0EJPSt6vectorI11AsyncBufferIhESaIS2_EESt14default_deleteIS4_EEE7_M_headERKS8_
FNDA:7668,_ZNSt11_Tuple_implILm0EJPi7CloseFDEE7_M_headERKS2_
FNDA:2377262,_ZNSt11_Tuple_implILm0EJPSt6vectorI11AsyncBufferIhESaIS2_EESt14default_deleteIS4_EEEC2Ev
FNDA:3716,_ZNSt11_Tuple_implILm0EJPi7CloseFDEEC2Ev
FNDA:242115,_ZNSt11_Tuple_implILm0EJPSt6vectorI11AsyncBufferIhESaIS2_EESt14default_deleteIS4_EEEC2IRS5_JS7_EvEEOT_DpOT0_
FNDA:4996639,_ZNSt11_Tuple_implILm1EJSt14default_deleteISt6vectorI11AsyncBufferIhESaIS3_EEEEE7_M_headERS7_
FNDA:3716,_ZNSt11_Tuple_implILm1EJ7CloseFDEE7_M_headERS1_
FNDA:2377262,_ZNSt11_Tuple_implILm1EJSt14default_deleteISt6vectorI11AsyncBufferIhESaIS3_EEEEEC2Ev
FNDA:3716,_ZNSt11_Tuple_implILm1EJ7CloseFDEEC2Ev
FNDA:242115,_ZNSt11_Tuple_implILm1EJSt14default_deleteISt6vectorI11AsyncBufferIhESaIS3_EEEEEC2IS6_EEOT_
FNDA:2377262,_ZNSt5tupleIJPSt6vectorI11AsyncBufferIhESaIS2_EESt14default_deleteIS4_EEEC2IS5_S7_Lb1EEEv
FNDA:3716,_ZNSt5tupleIJPi7CloseFDEEC2IS0_S1_Lb1EEEv
FNDA:242115,_ZNSt5tupleIJPSt6vectorI11AsyncBufferIhESaIS2_EESt14default_deleteIS4_EEEC2IRS5_S7_Lb1EEEOT_OT0_
FNDA:4996639,_ZSt12__get_helperILm1ESt14default_deleteISt6vectorI11AsyncBufferIhESaIS3_EEEJEERT0_RSt11_Tuple_implIXT_EJS7_DpT1_EE
FNDA:3716,_ZSt12__get_helperILm1E7CloseFDJEERT0_RSt11_Tuple_implIXT_EJS1_DpT1_EE
FNDA:7616016,_ZSt12__get_helperILm0EPSt6vectorI11AsyncBufferIhESaIS2_EEJSt14default_deleteIS4_EEERT0_RSt11_Tuple_implIXT_EJS8_DpT1_EE
FNDA:7432,_ZSt12__get_helperILm0EPiJ7CloseFDEERT0_RSt11_Tuple_implIXT_EJS2_DpT1_EE
FNDA:3830831,_ZSt12__get_helperILm0EPSt6vectorI11AsyncBufferIhESaIS2_EEJSt14default_deleteIS4_EEERKT0_RKSt11_Tuple_implIXT_EJS8_DpT1_EE
FNDA:7668,_ZSt12__get_helperILm0EPiJ7CloseFDEERKT0_RKSt11_Tuple_implIXT_EJS2_DpT1_EE
FNDA:4996639,_ZSt3getILm1EJPSt6vectorI11AsyncBufferIhESaIS2_EESt14default_deleteIS4_EEERNSt13tuple_elementIXT_ESt5tupleIJDpT0_EEE4typeERSC_
FNDA:3716,_ZSt3getILm1EJPi7CloseFDEERNSt13tuple_elementIXT_ESt5tupleIJDpT0_EEE4typeERS6_
FNDA:7616016,_ZSt3getILm0EJPSt6vectorI11AsyncBufferIhESaIS2_EESt14default_deleteIS4_EEERNSt13tuple_elementIXT_ESt5tupleIJDpT0_EEE4typeERSC_
FNDA:7432,_ZSt3getILm0EJPi7CloseFDEERNSt13tuple_elementIXT_ESt5tupleIJDpT0_EEE4typeERS6_
FNDA:3830831,_ZSt3getILm0EJPSt6vectorI11AsyncBufferIhESaIS2_EESt14default_deleteIS4_EEERKNSt13tuple_elementIXT_ESt5tupleIJDpT0_EEE4typeERKSC_
FNDA:7668,_ZSt3getILm0EJPi7CloseFDEERKNSt13tuple_elementIXT_ESt5tupleIJDpT0_EEE4typeERKS6_
FNF:39
FNH:39
DA:76,2380978
DA:77,2380978
DA:78,2377262
DA:79,2377262
DA:80,3716
DA:81,3716
DA:90,242115
DA:91,242115
DA:117,5000355
DA:126,2380978
DA:127,2380978
DA:128,2377262
DA:129,2377262
DA:130,3716
DA:131,3716
DA:140,242115
DA:141,242115
DA:168,7623448
DA:171,3838499
DA:203,7623448
DA:206,3838499
DA:214,2380978
DA:215,2380978
DA:216,2377262
DA:217,2377262
DA:218,3716
DA:219,3716
DA:228,242115
DA:230,242115
DA:363,5000355
DA:368,2380978
DA:369,2380978
DA:370,2377262
DA:371,2377262
DA:372,3716
DA:373,3716
DA:381,242115
DA:382,242115
DA:935,2380978
DA:936,2380978
DA:937,2377262
DA:938,2377262
DA:939,3716
DA:940,3716
DA:991,242115
DA:992,242115
DA:1323,12623803
DA:1324,12623803
DA:1325,4996639
DA:1326,4996639
DA:1327,3716
DA:1328,3716
DA:1329,7616016
DA:1330,7616016
DA:1331,7432
DA:1332,7432
DA:1336,3838499
DA:1337,3838499
DA:1338,3830831
DA:1339,3830831
DA:1340,7668
DA:1341,7668
DA:1346,12623803
DA:1347,12623803
DA:1348,4996639
DA:1349,4996639
DA:1350,3716
DA:1351,3716
DA:1352,7616016
DA:1353,7616016
DA:1354,7432
DA:1355,7432
DA:1360,3838499
DA:1361,3838499
DA:1362,3830831
DA:1363,3830831
DA:1364,7668
DA:1365,7668
LF:78
LH:78
end_of_record
SF:/home/david/shared-memory-disruptor/src/disruptor.cc
FN:47,_ZN9Disruptor4SpinEv
FN:149,_Z11GetCallbackRKN4Napi12CallbackInfoEj
FN:167,_ZN11AsyncBufferIhEC2Ev
FN:173,_ZN11AsyncBufferIhE3NewEN4Napi3EnvEPhm
FN:178,_ZN11AsyncBufferIhE3NewEN4Napi3EnvEm
FN:183,_ZN11AsyncBufferIhE7ToValueEN4Napi3EnvE
FN:199,_ZN11AsyncBufferIhE6LengthEv
FN:205,_ZN11AsyncBufferIhEC2EPhm
FN:219,_ZN10AsyncArrayI11AsyncBufferIhEEC2Ev
FN:224,_ZN10AsyncArrayI11AsyncBufferIhEE3NewEN4Napi3EnvE
FN:229,_ZN10AsyncArrayI11AsyncBufferIhEE3SetEjS1_
FN:239,_ZN10AsyncArrayI11AsyncBufferIhEE7ToValueEN4Napi3EnvE
FN:250,_ZN10AsyncArrayI11AsyncBufferIhEE6LengthEv
FN:262,_ZN12AsyncBooleanC2Ev
FN:267,_ZN12AsyncBoolean3NewEN4Napi3EnvEb
FN:272,_ZN12AsyncBoolean7ToValueEN4Napi3EnvE
FN:277,_ZNK12AsyncBooleancvbEv
FN:283,_ZN12AsyncBooleanC2Eb
FN:295,_Z7ToValueRKN4Napi3EnvEm
FN:300,_Z7ToValueRKN4Napi3EnvERK14AsyncUndefined
FN:309,_ZN20DisruptorAsyncWorkerI12AsyncBoolean14AsyncUndefinedS1_EC2EP9DisruptorRKN4Napi8FunctionE
FN:309,_ZN20DisruptorAsyncWorkerI10AsyncArrayI11AsyncBufferIhEEmmEC2EP9DisruptorRKN4Napi8FunctionE
FN:309,_ZN20DisruptorAsyncWorkerI10AsyncArrayI11AsyncBufferIhEEm14AsyncUndefinedEC2EP9DisruptorRKN4Napi8FunctionE
FN:309,_ZN20DisruptorAsyncWorkerI11AsyncBufferIhEmmEC2EP9DisruptorRKN4Napi8FunctionE
FN:321,_ZN20DisruptorAsyncWorkerI10AsyncArrayI11AsyncBufferIhEEmmE4OnOKEv
FN:321,_ZN20DisruptorAsyncWorkerI12AsyncBoolean14AsyncUndefinedS1_E4OnOKEv
FN:321,_ZN20DisruptorAsyncWorkerI10AsyncArrayI11AsyncBufferIhEEm14AsyncUndefinedE4OnOKEv
FN:321,_ZN20DisruptorAsyncWorkerI11AsyncBufferIhEmmE4OnOKEv
FN:354,_ZN7CloseFDclEPi
FN:361,_ZN9Disruptor15ThrowErrnoErrorERKN4Napi12CallbackInfoEPKcb
FN:386,_ZN9DisruptorC2ERKN4Napi12CallbackInfoE
FN:448,_ZN9DisruptorD2Ev
FN:453,_ZN9Disruptor7ReleaseEv
FN:470,_ZN9Disruptor7ReleaseERKN4Napi12CallbackInfoE
FN:479,_ZN9Disruptor14ConsumeNewSyncI10AsyncArrayI11AsyncBufferIhEES2_EET_RKN4Napi3EnvEbRm
FN:479,_ZN9Disruptor14ConsumeNewSyncIN4Napi5ArrayENS1_6BufferEEET_RKNS1_3EnvEbRm
FN:537,_ZN9Disruptor14ConsumeNewSyncERKN4Napi12CallbackInfoE
FN:549,_ZN21ConsumeNewAsyncWorkerC2EP9DisruptorRKN4Napi8FunctionE
FN:560,_ZN21ConsumeNewAsyncWorker7ExecuteEv
FN:567,_ZN21ConsumeNewAsyncWorker5RetryEv
FN:573,_ZN9Disruptor15ConsumeNewAsyncERKN4Napi12CallbackInfoE
FN:578,_ZN9Disruptor10ConsumeNewERKN4Napi12CallbackInfoE
FN:593,_ZN9Disruptor13ConsumeCommitERKN4Napi12CallbackInfoE
FN:598,_ZN9Disruptor13UpdatePendingEmm
FN:604,_ZN9Disruptor13ConsumeCommitEv
FN:620,_ZN9Disruptor16ProduceClaimSyncI11AsyncBufferEET_IhERKN4Napi3EnvEbRmS8_
FN:620,_ZN9Disruptor16ProduceClaimSyncIN4Napi6BufferEEET_IhERKNS1_3EnvEbRmS8_
FN:665,_ZN9Disruptor16ProduceClaimSyncERKN4Napi12CallbackInfoE
FN:676,_ZN23ProduceClaimAsyncWorkerC2EP9DisruptorRKN4Napi8FunctionE
FN:686,_ZN23ProduceClaimAsyncWorker7ExecuteEv
FN:694,_ZN23ProduceClaimAsyncWorker5RetryEv
FN:700,_ZN9Disruptor17ProduceClaimAsyncERKN4Napi12CallbackInfoE
FN:705,_ZN9Disruptor12ProduceClaimERKN4Napi12CallbackInfoE
FN:720,_ZN9Disruptor17ProduceGetBuffersI10AsyncArrayI11AsyncBufferIhEES2_EEvRKN4Napi3EnvEmmRT_
FN:720,_ZN9Disruptor17ProduceGetBuffersIN4Napi5ArrayENS1_6BufferEEEvRKNS1_3EnvEmmRT_
FN:752,_ZN9Disruptor20ProduceClaimManySyncIN4Napi5ArrayENS1_6BufferEEET_RKNS1_3EnvEjbRmS8_
FN:752,_ZN9Disruptor20ProduceClaimManySyncI10AsyncArrayI11AsyncBufferIhEES2_EET_RKN4Napi3EnvEjbRmSA_
FN:794,_ZN9Disruptor20ProduceClaimManySyncERKN4Napi12CallbackInfoE
FN:807,_ZN27ProduceClaimManyAsyncWorkerC2EP9DisruptorRKN4Napi8FunctionEj
FN:821,_ZN27ProduceClaimManyAsyncWorker7ExecuteEv
FN:829,_ZN27ProduceClaimManyAsyncWorker5RetryEv
FN:838,_ZN9Disruptor21ProduceClaimManyAsyncERKN4Napi12CallbackInfoEj
FN:844,_ZN9Disruptor21ProduceClaimManyAsyncERKN4Napi12CallbackInfoE
FN:849,_ZN9Disruptor16ProduceClaimManyERKN4Napi12CallbackInfoE
FN:864,_ZN9Disruptor14ProduceRecoverERKN4Napi12CallbackInfoE
FN:883,_ZN9Disruptor17ProduceCommitSyncI12AsyncBooleanEET_RKN4Napi3EnvEmmb
FN:883,_ZN9Disruptor17ProduceCommitSyncIN4Napi7BooleanEEET_RKNS1_3EnvEmmb
FN:903,_ZN9Disruptor13UpdateSeqNextEmm
FN:909,_ZN9Disruptor10GetSeqNextERKN4Napi12CallbackInfoERmS4_
FN:925,_ZN9Disruptor17ProduceCommitSyncERKN4Napi12CallbackInfoE
FN:936,_ZN24ProduceCommitAsyncWorkerC2EP9DisruptorRKN4Napi8FunctionEmm
FN:948,_ZN24ProduceCommitAsyncWorker7ExecuteEv
FN:955,_ZN24ProduceCommitAsyncWorker5RetryEv
FN:964,_ZN9Disruptor18ProduceCommitAsyncERKN4Napi12CallbackInfoEmmj
FN:973,_ZN9Disruptor18ProduceCommitAsyncERKN4Napi12CallbackInfoE
FN:980,_ZN9Disruptor13ProduceCommitERKN4Napi12CallbackInfoE
FN:995,_ZN9Disruptor12GetConsumersERKN4Napi12CallbackInfoE
FN:1000,_ZN9Disruptor9GetCursorERKN4Napi12CallbackInfoE
FN:1005,_ZN9Disruptor7GetNextERKN4Napi12CallbackInfoE
FN:1010,_ZN9Disruptor11GetElementsERKN4Napi12CallbackInfoE
FN:1015,_ZN9Disruptor11GetConsumerERKN4Napi12CallbackInfoE
FN:1020,_ZN9Disruptor21GetPendingSeqConsumerERKN4Napi12CallbackInfoE
FN:1025,_ZN9Disruptor19GetPendingSeqCursorERKN4Napi12CallbackInfoE
FN:1030,_ZN9Disruptor17GetPendingSeqNextERKN4Napi12CallbackInfoE
FN:1035,_ZN9Disruptor20GetPendingSeqNextEndERKN4Napi12CallbackInfoE
FN:1040,_ZN9Disruptor14GetElementSizeERKN4Napi12CallbackInfoE
FN:1045,_ZN9Disruptor10InitializeEN4Napi3EnvENS0_6ObjectE
FN:1081,_Z10InitializeN4Napi3EnvENS_6ObjectE
FN:1086,_Z17__napi_InitializeP10napi_env__P12napi_value__
FN:1086,_register_disruptor
FNDA:2493538,_ZN9Disruptor4SpinEv
FNDA:397299,_Z11GetCallbackRKN4Napi12CallbackInfoEj
FNDA:442309,_ZN11AsyncBufferIhEC2Ev
FNDA:247556,_ZN11AsyncBufferIhE3NewEN4Napi3EnvEPhm
FNDA:194753,_ZN11AsyncBufferIhE3NewEN4Napi3EnvEm
FNDA:247568,_ZN11AsyncBufferIhE7ToValueEN4Napi3EnvE
FNDA:199978,_ZN11AsyncBufferIhE6LengthEv
FNDA:442309,_ZN11AsyncBufferIhEC2EPhm
FNDA:2377262,_ZN10AsyncArrayI11AsyncBufferIhEEC2Ev
FNDA:1188631,_ZN10AsyncArrayI11AsyncBufferIhEE3NewEN4Napi3EnvE
FNDA:242331,_ZN10AsyncArrayI11AsyncBufferIhEE3SetEjS1_
FNDA:242130,_ZN10AsyncArrayI11AsyncBufferIhEE7ToValueEN4Napi3EnvE
FNDA:1188631,_ZN10AsyncArrayI11AsyncBufferIhEE6LengthEv
FNDA:1104929,_ZN12AsyncBooleanC2Ev
FNDA:1104929,_ZN12AsyncBoolean3NewEN4Napi3EnvEb
FNDA:149932,_ZN12AsyncBoolean7ToValueEN4Napi3EnvE
FNDA:1104929,_ZNK12AsyncBooleancvbEv
FNDA:1104929,_ZN12AsyncBooleanC2Eb
FNDA:252622,_Z7ToValueRKN4Napi3EnvEm
FNDA:541976,_Z7ToValueRKN4Napi3EnvERK14AsyncUndefined
FNDA:1104929,_ZN20DisruptorAsyncWorkerI12AsyncBoolean14AsyncUndefinedS1_EC2EP9DisruptorRKN4Napi8FunctionE
FNDA:169461,_ZN20DisruptorAsyncWorkerI10AsyncArrayI11AsyncBufferIhEEmmEC2EP9DisruptorRKN4Napi8FunctionE
FNDA:199978,_ZN20DisruptorAsyncWorkerI11AsyncBufferIhEmmEC2EP9DisruptorRKN4Napi8FunctionE
FNDA:1019170,_ZN20DisruptorAsyncWorkerI10AsyncArrayI11AsyncBufferIhEEm14AsyncUndefinedEC2EP9DisruptorRKN4Napi8FunctionE
FNDA:1019170,_ZN20DisruptorAsyncWorkerI10AsyncArrayI11AsyncBufferIhEEm14AsyncUndefinedE4OnOKEv
FNDA:199978,_ZN20DisruptorAsyncWorkerI11AsyncBufferIhEmmE4OnOKEv
FNDA:169461,_ZN20DisruptorAsyncWorkerI10AsyncArrayI11AsyncBufferIhEEmmE4OnOKEv
FNDA:1104929,_ZN20DisruptorAsyncWorkerI12AsyncBoolean14AsyncUndefinedS1_E4OnOKEv
FNDA:3716,_ZN7CloseFDclEPi
FNDA:4,_ZN9Disruptor15ThrowErrnoErrorERKN4Napi12CallbackInfoEPKcb
FNDA:3716,_ZN9DisruptorC2ERKN4Napi12CallbackInfoE
FNDA:3179,_ZN9DisruptorD2Ev
FNDA:6387,_ZN9Disruptor7ReleaseEv
FNDA:3208,_ZN9Disruptor7ReleaseERKN4Napi12CallbackInfoE
FNDA:1019170,_ZN9Disruptor14ConsumeNewSyncI10AsyncArrayI11AsyncBufferIhEES2_EET_RKN4Napi3EnvEbRm
FNDA:661959,_ZN9Disruptor14ConsumeNewSyncIN4Napi5ArrayENS1_6BufferEEET_RKNS1_3EnvEbRm
FNDA:12,_ZN9Disruptor14ConsumeNewSyncERKN4Napi12CallbackInfoE
FNDA:1019170,_ZN21ConsumeNewAsyncWorkerC2EP9DisruptorRKN4Napi8FunctionE
FNDA:1019170,_ZN21ConsumeNewAsyncWorker7ExecuteEv
FNDA:777058,_ZN21ConsumeNewAsyncWorker5RetryEv
FNDA:242112,_ZN9Disruptor15ConsumeNewAsyncERKN4Napi12CallbackInfoE
FNDA:661947,_ZN9Disruptor10ConsumeNewERKN4Napi12CallbackInfoE
FNDA:661962,_ZN9Disruptor13ConsumeCommitERKN4Napi12CallbackInfoE
FNDA:661963,_ZN9Disruptor13UpdatePendingEmm
FNDA:2343091,_ZN9Disruptor13ConsumeCommitEv
FNDA:199978,_ZN9Disruptor16ProduceClaimSyncI11AsyncBufferEET_IhERKN4Napi3EnvEbRmS8_
FNDA:520248,_ZN9Disruptor16ProduceClaimSyncIN4Napi6BufferEEET_IhERKNS1_3EnvEbRmS8_
FNDA:807,_ZN9Disruptor16ProduceClaimSyncERKN4Napi12CallbackInfoE
FNDA:199978,_ZN23ProduceClaimAsyncWorkerC2EP9DisruptorRKN4Napi8FunctionE
FNDA:199978,_ZN23ProduceClaimAsyncWorker7ExecuteEv
FNDA:194741,_ZN23ProduceClaimAsyncWorker5RetryEv
FNDA:5237,_ZN9Disruptor17ProduceClaimAsyncERKN4Napi12CallbackInfoE
FNDA:519441,_ZN9Disruptor12ProduceClaimERKN4Napi12CallbackInfoE
FNDA:9,_ZN9Disruptor17ProduceGetBuffersI10AsyncArrayI11AsyncBufferIhEES2_EEvRKN4Napi3EnvEmmRT_
FNDA:45,_ZN9Disruptor17ProduceGetBuffersIN4Napi5ArrayENS1_6BufferEEEvRKNS1_3EnvEmmRT_
FNDA:169461,_ZN9Disruptor20ProduceClaimManySyncI10AsyncArrayI11AsyncBufferIhEES2_EET_RKN4Napi3EnvEjbRmSA_
FNDA:35,_ZN9Disruptor20ProduceClaimManySyncIN4Napi5ArrayENS1_6BufferEEET_RKNS1_3EnvEjbRmS8_
FNDA:11,_ZN9Disruptor20ProduceClaimManySyncERKN4Napi12CallbackInfoE
FNDA:169461,_ZN27ProduceClaimManyAsyncWorkerC2EP9DisruptorRKN4Napi8FunctionEj
FNDA:169461,_ZN27ProduceClaimManyAsyncWorker7ExecuteEv
FNDA:169443,_ZN27ProduceClaimManyAsyncWorker5RetryEv
FNDA:18,_ZN9Disruptor21ProduceClaimManyAsyncERKN4Napi12CallbackInfoEj
FNDA:11,_ZN9Disruptor21ProduceClaimManyAsyncERKN4Napi12CallbackInfoE
FNDA:24,_ZN9Disruptor16ProduceClaimManyERKN4Napi12CallbackInfoE
FNDA:76,_ZN9Disruptor14ProduceRecoverERKN4Napi12CallbackInfoE
FNDA:1104929,_ZN9Disruptor17ProduceCommitSyncI12AsyncBooleanEET_RKN4Napi3EnvEmmb
FNDA:520257,_ZN9Disruptor17ProduceCommitSyncIN4Napi7BooleanEEET_RKNS1_3EnvEmmb
FNDA:889742,_ZN9Disruptor13UpdateSeqNextEmm
FNDA:521067,_ZN9Disruptor10GetSeqNextERKN4Napi12CallbackInfoERmS4_
FNDA:810,_ZN9Disruptor17ProduceCommitSyncERKN4Napi12CallbackInfoE
FNDA:1104929,_ZN24ProduceCommitAsyncWorkerC2EP9DisruptorRKN4Napi8FunctionEmm
FNDA:1104929,_ZN24ProduceCommitAsyncWorker7ExecuteEv
FNDA:954997,_ZN24ProduceCommitAsyncWorker5RetryEv
FNDA:149932,_ZN9Disruptor18ProduceCommitAsyncERKN4Napi12CallbackInfoEmmj
FNDA:810,_ZN9Disruptor18ProduceCommitAsyncERKN4Napi12CallbackInfoE
FNDA:519447,_ZN9Disruptor13ProduceCommitERKN4Napi12CallbackInfoE
FNDA:12,_ZN9Disruptor12GetConsumersERKN4Napi12CallbackInfoE
FNDA:197,_ZN9Disruptor9GetCursorERKN4Napi12CallbackInfoE
FNDA:197,_ZN9Disruptor7GetNextERKN4Napi12CallbackInfoE
FNDA:1556,_ZN9Disruptor11GetElementsERKN4Napi12CallbackInfoE
FNDA:197,_ZN9Disruptor11GetConsumerERKN4Napi12CallbackInfoE
FNDA:662031,_ZN9Disruptor21GetPendingSeqConsumerERKN4Napi12CallbackInfoE
FNDA:72,_ZN9Disruptor19GetPendingSeqCursorERKN4Napi12CallbackInfoE
FNDA:520319,_ZN9Disruptor17GetPendingSeqNextERKN4Napi12CallbackInfoE
FNDA:520319,_ZN9Disruptor20GetPendingSeqNextEndERKN4Napi12CallbackInfoE
FNDA:64,_ZN9Disruptor14GetElementSizeERKN4Napi12CallbackInfoE
FNDA:505,_ZN9Disruptor10InitializeEN4Napi3EnvENS0_6ObjectE
FNDA:505,_Z10InitializeN4Napi3EnvENS_6ObjectE
FNDA:253,_register_disruptor
FNDA:505,_Z17__napi_InitializeP10napi_env__P12napi_value__
FNF:90
FNH:90
DA:47,2493538
DA:49,2493538
DA:149,397299
DA:151,397299
DA:153,397299
DA:154,397299
DA:156,397299
DA:167,442309
DA:169,442309
DA:171,442309
DA:173,247556
DA:175,247556
DA:178,194753
DA:180,194753
DA:183,247568
DA:185,247568
DA:187,247568
DA:189,247556
DA:193,12
DA:196,247568
DA:199,199978
DA:201,199978
DA:205,442309
DA:207,442309
DA:209,442309
DA:219,2377262
DA:220,2377262
DA:222,2377262
DA:224,1188631
DA:226,1188631
DA:229,242331
DA:231,242331
DA:233,242331
DA:236,242331
DA:237,242331
DA:239,242130
DA:241,242130
DA:242,242130
DA:243,484461
DA:245,242331
DA:247,242130
DA:250,1188631
DA:252,1188631
DA:262,1104929
DA:263,1104929
DA:265,1104929
DA:267,1104929
DA:269,1104929
DA:272,149932
DA:274,149932
DA:277,1104929
DA:279,1104929
DA:283,1104929
DA:284,1104929
DA:286,1104929
DA:295,252622
DA:297,252622
DA:300,541976
DA:302,541976
DA:309,2493538
DA:314,2493538
DA:316,2493538
DA:317,1104929
DA:322,1104929
DA:324,1104929
DA:325,169461
DA:330,169461
DA:332,169461
DA:333,199978
DA:338,199978
DA:340,199978
DA:341,1019170
DA:346,1019170
DA:348,1019170
DA:353,2493538
DA:355,2493538
DA:357,2096239
DA:360,397299
DA:362,1986495
DA:363,397299
DA:366,397299
DA:368,397299
DA:369,794598
DA:372,1019170
DA:374,1019170
DA:376,777058
DA:379,242112
DA:381,1210560
DA:382,242112
DA:385,242112
DA:387,242112
DA:388,484224
DA:391,199978
DA:393,199978
DA:395,194741
DA:398,5237
DA:400,26185
DA:401,5237
DA:404,5237
DA:406,5237
DA:407,10474
DA:410,169461
DA:412,169461
DA:414,169443
DA:417,18
DA:419,90
DA:420,18
DA:423,18
DA:425,18
DA:426,36
DA:429,1104929
DA:431,1104929
DA:433,954997
DA:436,149932
DA:438,749660
DA:439,149932
DA:442,149932
DA:444,149932
DA:445,299864
DA:462,3716
DA:464,3716
DA:465,3716
DA:466,3716
DA:469,4
DA:476,4
DA:478,4
DA:479,4
DA:481,4
DA:485,4
DA:486,4
DA:487,4
DA:490,4
DA:491,12
DA:494,3716
DA:496,3720
DA:499,3716
DA:500,3716
DA:501,3716
DA:502,3716
DA:503,3716
DA:504,3716
DA:505,3716
DA:509,3716
DA:511,3720
DA:512,3716
DA:514,4
DA:521,7424
DA:522,3712
DA:526,3712
DA:532,3712
DA:535,3712
DA:537,3712
DA:543,3712
DA:544,3712
DA:545,3712
DA:546,3712
DA:547,3712
DA:549,3712
DA:550,3712
DA:552,3712
DA:553,3712
DA:554,3712
DA:556,3179
DA:558,3179
DA:559,3179
DA:561,6387
DA:563,6387
DA:565,3279
DA:567,3279
DA:572,3279
DA:575,6387
DA:578,3208
DA:580,3208
DA:584,3208
DA:587,1681129
DA:594,1681129
DA:596,1019166
DA:598,1681129
DA:599,1681129
DA:600,1681129
DA:601,1681129
DA:603,1681129
DA:605,902604
DA:607,660870
DA:609,660870
DA:610,660870
DA:612,660870
DA:613,660870
DA:614,660870
DA:617,1020259
DA:619,1465
DA:621,1093
DA:623,1093
DA:624,1093
DA:626,1093
DA:628,600
DA:631,600
DA:634,1093
DA:635,1093
DA:636,1093
DA:641,1019166
DA:642,1019166
DA:644,1019170
DA:651,1019170
DA:653,777064
DA:655,1019170
DA:656,1019170
DA:657,1019170
DA:658,1019170
DA:660,1019170
DA:662,483468
DA:664,241734
DA:666,241734
DA:667,241734
DA:669,241734
DA:670,241734
DA:671,241734
DA:674,777436
DA:676,744
DA:678,372
DA:680,372
DA:681,372
DA:683,372
DA:685,215
DA:688,215
DA:691,372
DA:692,372
DA:693,372
DA:698,777064
DA:699,777064
DA:701,661959
DA:708,661959
DA:710,242102
DA:712,661959
DA:713,661959
DA:714,661959
DA:715,661959
DA:717,661959
DA:719,419136
DA:721,419136
DA:723,419136
DA:724,419136
DA:726,419136
DA:727,419136
DA:728,419136
DA:731,242823
DA:733,721
DA:735,721
DA:737,721
DA:738,721
DA:740,721
DA:742,385
DA:745,385
DA:748,721
DA:749,721
DA:750,721
DA:755,242102
DA:756,242102
DA:759,12
DA:762,12
DA:771,1019170
DA:772,1019170
DA:776,1019170
DA:778,1019170
DA:779,1019170
DA:782,1019170
DA:785,1019170
DA:786,1019170
DA:787,1019170
DA:789,777058
DA:791,777058
DA:792,777058
DA:795,242112
DA:797,242112
DA:798,242112
DA:800,661947
DA:804,661947
DA:806,661947
DA:808,419847
DA:811,242100
DA:812,242100
DA:815,661962
DA:817,661962
DA:820,661963
DA:822,661963
DA:823,661963
DA:824,661963
DA:826,2343091
DA:828,2343091
DA:830,2343091
DA:832,661962
DA:835,661962
DA:838,2343091
DA:842,720226
DA:847,199187
DA:849,720226
DA:851,720226
DA:853,3269632
DA:855,2744179
DA:857,2744179
DA:859,194773
DA:860,194773
DA:864,1245679
DA:865,525453
DA:867,526264
DA:869,521039
DA:870,521039
DA:872,521039
DA:873,521039
DA:874,521039
DA:876,521039
DA:881,199187
DA:882,199187
DA:883,199187
DA:884,199187
DA:886,199978
DA:891,194753
DA:893,199978
DA:895,199978
DA:897,215039
DA:899,209801
DA:901,209801
DA:903,194740
DA:904,194740
DA:908,205216
DA:909,5238
DA:911,10450
DA:913,5225
DA:914,5225
DA:916,5225
DA:917,5225
DA:918,5225
DA:920,5225
DA:925,194753
DA:926,194753
DA:927,194753
DA:928,194753
DA:930,520248
DA:935,4434
DA:937,520248
DA:939,520248
DA:941,3054593
DA:943,2534378
DA:945,2534378
DA:947,33
DA:948,33
DA:952,1040463
DA:953,520215
DA:955,515814
DA:957,515814
DA:958,515814
DA:960,515814
DA:961,515814
DA:962,515814
DA:964,515814
DA:969,4434
DA:970,4434
DA:971,4434
DA:972,4434
DA:975,807
DA:978,807
DA:979,807
DA:986,199978
DA:987,199978
DA:989,199978
DA:991,199978
DA:992,199978
DA:993,199978
DA:996,199978
DA:999,199978
DA:1000,199978
DA:1001,199978
DA:1002,199978
DA:1004,194741
DA:1006,194741
DA:1007,194741
DA:1010,5237
DA:1012,5237
DA:1013,5237
DA:1015,519441
DA:1019,519441
DA:1020,519441
DA:1022,515011
DA:1025,4430
DA:1026,4430
DA:1030,54
DA:1035,54
DA:1036,54
DA:1038,54
DA:1040,4
DA:1042,4
DA:1043,4
DA:1045,4
DA:1048,4
DA:1052,50
DA:1054,50
DA:1055,50
DA:1058,54
DA:1059,54
DA:1060,9
DA:1065,9
DA:1066,9
DA:1068,9
DA:1070,1
DA:1072,1
DA:1073,1
DA:1075,1
DA:1078,1
DA:1082,8
DA:1084,8
DA:1085,8
DA:1088,9
DA:1089,9
DA:1090,45
DA:1095,45
DA:1096,45
DA:1098,45
DA:1100,3
DA:1102,3
DA:1103,3
DA:1105,3
DA:1108,3
DA:1112,42
DA:1114,42
DA:1115,42
DA:1118,45
DA:1119,45
DA:1122,169496
DA:1128,169462
DA:1130,169496
DA:1131,169496
DA:1133,169496
DA:1135,169530
DA:1137,169496
DA:1139,169496
DA:1141,169462
DA:1142,169462
DA:1146,169530
DA:1147,34
DA:1149,43
DA:1150,34
DA:1151,34
DA:1152,34
DA:1153,34
DA:1158,169462
DA:1159,169462
DA:1160,169462
DA:1161,169462
DA:1163,169461
DA:1169,169452
DA:1171,169461
DA:1172,169461
DA:1174,169461
DA:1176,169470
DA:1178,169461
DA:1180,169461
DA:1182,169452
DA:1183,169452
DA:1187,169470
DA:1188,9
DA:1190,18
DA:1191,9
DA:1192,9
DA:1193,9
DA:1194,9
DA:1199,169452
DA:1200,169452
DA:1201,169452
DA:1202,169452
DA:1204,35
DA:1210,10
DA:1212,35
DA:1213,35
DA:1215,35
DA:1217,60
DA:1219,35
DA:1221,35
DA:1223,10
DA:1224,10
DA:1228,60
DA:1229,25
DA:1231,25
DA:1232,25
DA:1233,25
DA:1234,25
DA:1235,25
DA:1240,10
DA:1241,10
DA:1242,10
DA:1243,10
DA:1246,11
DA:1249,11
DA:1250,11
DA:1259,169461
DA:1261,169461
DA:1266,169461
DA:1268,169461
DA:1269,169461
DA:1270,169461
DA:1273,169461
DA:1276,338922
DA:1277,338922
DA:1278,169461
DA:1279,169461
DA:1281,169443
DA:1283,169443
DA:1284,169443
DA:1290,18
DA:1293,18
DA:1294,18
DA:1296,11
DA:1298,11
DA:1299,11
DA:1301,24
DA:1303,24
DA:1306,24
DA:1307,24
DA:1309,17
DA:1312,7
DA:1313,7
DA:1316,76
DA:1318,76
DA:1319,76
DA:1321,76
DA:1323,140
DA:1324,116
DA:1325,40
DA:1327,20
DA:1328,40
DA:1331,76
DA:1335,1625186
DA:1340,1625186
DA:1342,1104119
DA:1344,1625174
DA:1346,521055
DA:1352,1104131
DA:1354,1104929
DA:1359,1104929
DA:1361,955000
DA:1363,1104923
DA:1365,149923
DA:1371,955006
DA:1373,520257
DA:1378,520257
DA:1380,149119
DA:1382,520251
DA:1384,371132
DA:1390,149125
DA:1393,889742
DA:1395,889742
DA:1396,889742
DA:1397,889742
DA:1399,521067
DA:1403,521067
DA:1405,12
DA:1406,12
DA:1407,12
DA:1410,521055
DA:1411,521055
DA:1412,521055
DA:1415,810
DA:1418,810
DA:1419,810
DA:1426,1104929
DA:1429,1104929
DA:1433,1104929
DA:1435,1104929
DA:1438,1104929
DA:1441,1104929
DA:1442,1104929
DA:1443,1104929
DA:1445,954997
DA:1447,954997
DA:1448,954997
DA:1454,149932
DA:1460,149932
DA:1461,149932
DA:1463,810
DA:1466,810
DA:1467,810
DA:1468,810
DA:1470,519447
DA:1473,519447
DA:1475,519447
DA:1476,519447
DA:1478,370325
DA:1481,149122
DA:1482,149122
DA:1485,12
DA:1487,12
DA:1490,197
DA:1492,197
DA:1495,197
DA:1497,197
DA:1500,1556
DA:1502,1556
DA:1505,197
DA:1507,197
DA:1510,662031
DA:1512,662031
DA:1515,72
DA:1517,72
DA:1520,520319
DA:1522,520319
DA:1525,520319
DA:1527,520319
DA:1530,64
DA:1532,64
DA:1535,505
DA:1537,505
DA:1539,505
DA:1540,505
DA:1541,505
DA:1542,505
DA:1543,505
DA:1544,505
DA:1545,505
DA:1546,505
DA:1547,505
DA:1548,505
DA:1549,505
DA:1550,505
DA:1551,505
DA:1552,505
DA:1553,505
DA:1556,505
DA:1557,505
DA:1558,505
DA:1559,505
DA:1560,505
DA:1561,505
DA:1562,505
DA:1563,505
DA:1564,505
DA:1565,505
DA:1566,505
DA:1568,505
DA:1571,505
DA:1573,505
DA:1576,758
LF:640
LH:640
end_of_record
