TN:
SF:/home/david/shared-memory-disruptor/node_modules/node-addon-api/napi-inl.h
FN:54,_ZN4Napi7details12WrapCallbackIZNS0_12CallbackDataIPFvRKNS_12CallbackInfoEEvE7WrapperEP10napi_env__P20napi_callback_info__EUlvE_EEP12napi_value__T_
FN:54,_ZN4Napi7details12WrapCallbackIZNS_10ObjectWrapI9DisruptorE26ConstructorCallbackWrapperEP10napi_env__P20napi_callback_info__EUlvE_EEP12napi_value__T_
FN:54,_ZN4Napi7details12WrapCallbackIZNS_11AsyncWorker14OnWorkCompleteEP10napi_env__11napi_statusPvEUlvE_EEP12napi_value__T_
FN:54,_ZN4Napi7details12WrapCallbackIZNS_14RegisterModuleEP10napi_env__P12napi_value__S5_PFvNS_3EnvENS_6ObjectES7_EEUlvE_EES5_T_
FN:54,_ZN4Napi7details12WrapCallbackIZNS_10ObjectWrapI9DisruptorE33InstanceVoidMethodCallbackWrapperEP10napi_env__P20napi_callback_info__EUlvE_EEP12napi_value__T_
FN:54,_ZN4Napi7details12WrapCallbackIZNS_10ObjectWrapI9DisruptorE29InstanceMethodCallbackWrapperEP10napi_env__P20napi_callback_info__EUlvE_EEP12napi_value__T_
FN:54,_ZN4Napi7details12WrapCallbackIZNS_10ObjectWrapI9DisruptorE29InstanceSetterCallbackWrapperEP10napi_env__P20napi_callback_info__EUlvE_EEP12napi_value__T_
FN:54,_ZN4Napi7details12WrapCallbackIZNS_10ObjectWrapI9DisruptorE29InstanceGetterCallbackWrapperEP10napi_env__P20napi_callback_info__EUlvE_EEP12napi_value__T_
FN:89,_ZN4Napi7details12CallbackDataIPFvRKNS_12CallbackInfoEEvE7WrapperEP10napi_env__P20napi_callback_info__
FN:90,_ZZN4Napi7details12CallbackDataIPFvRKNS_12CallbackInfoEEvE7WrapperEP10napi_env__P20napi_callback_info__ENKUlvE_clEv
FN:169,_ZN4Napi14RegisterModuleEP10napi_env__P12napi_value__S3_PFvNS_3EnvENS_6ObjectES5_E
FN:173,_ZZN4Napi14RegisterModuleEP10napi_env__P12napi_value__S3_PFvNS_3EnvENS_6ObjectES5_EENKUlvE_clEv
FN:185,_ZN4Napi3EnvC2EP10napi_env__
FN:188,_ZNK4Napi3EnvcvP10napi_env__Ev
FN:199,_ZNK4Napi3Env9UndefinedEv
FN:206,_ZNK4Napi3Env4NullEv
FN:234,_ZN4Napi5ValueC2Ev
FN:237,_ZN4Napi5ValueC2EP10napi_env__P12napi_value__
FN:240,_ZNK4Napi5ValuecvP12napi_value__Ev
FN:259,_ZNK4Napi5Value3EnvEv
FN:267,_ZNK4Napi5Value4TypeEv
FN:339,_ZNK4Napi5Value10IsFunctionEv
FN:355,_ZNK4Napi5Value2AsINS_6ObjectEEET_v
FN:355,_ZNK4Napi5Value2AsINS_7BooleanEEET_v
FN:355,_ZNK4Napi5Value2AsINS_6StringEEET_v
FN:355,_ZNK4Napi5Value2AsINS_8FunctionEEET_v
FN:355,_ZNK4Napi5Value2AsINS_6NumberEEET_v
FN:391,_ZN4Napi7Boolean3NewEP10napi_env__b
FN:401,_ZN4Napi7BooleanC2EP10napi_env__P12napi_value__
FN:404,_ZNK4Napi7BooleancvbEv
FN:408,_ZNK4Napi7Boolean5ValueEv
FN:419,_ZN4Napi6Number3NewEP10napi_env__d
FN:429,_ZN4Napi6NumberC2EP10napi_env__P12napi_value__
FN:436,_ZNK4Napi6NumbercvjEv
FN:459,_ZNK4Napi6Number11Uint32ValueEv
FN:466,_ZNK4Napi6Number10Int64ValueEv
FN:491,_ZN4Napi4NameC2EP10napi_env__P12napi_value__
FN:537,_ZN4Napi6StringC2EP10napi_env__P12napi_value__
FN:540,_ZNK4Napi6StringcvNSt7__cxx1112basic_stringIcSt11char_traitsIcESaIcEEEB5cxx11Ev
FN:548,_ZNK4Napi6String9Utf8ValueB5cxx11Ev
FN:617,_ZN4Napi6Object14PropertyLValueIjEaSINS_5ValueEEERS2_T_
FN:623,_ZN4Napi6Object14PropertyLValueIjEC2ES0_j
FN:626,_ZN4Napi6Object3NewEP10napi_env__
FN:633,_ZN4Napi6ObjectC2Ev
FN:636,_ZN4Napi6ObjectC2EP10napi_env__P12napi_value__
FN:647,_ZN4Napi6ObjectixEj
FN:702,_ZNK4Napi6Object3GetEPKc
FN:723,_ZN4Napi6Object3SetEPKcNS_5ValueE
FN:784,_ZN4Napi6Object3SetEjNS_5ValueE
FN:912,_ZN4Napi5Array3NewEP10napi_env__
FN:929,_ZN4Napi5ArrayC2EP10napi_env__P12napi_value__
FN:932,_ZNK4Napi5Array6LengthEv
FN:1201,_ZN4Napi8Function3NewIPFvRKNS_12CallbackInfoEEEES0_P10napi_env__T_PKcPv
FN:1228,_ZN4Napi8FunctionC2EP10napi_env__P12napi_value__
FN:1263,_ZNK4Napi8Function12MakeCallbackEP12napi_value__RKSt16initializer_listIS2_E
FN:1273,_ZNK4Napi8Function12MakeCallbackEP12napi_value__mPKS2_
FN:1303,_ZN4Napi6BufferIhE3NewEP10napi_env__m
FN:1312,_ZN4Napi6BufferIhE3NewEP10napi_env__Phm
FN:1312,_ZN4Napi6BufferImE3NewEP10napi_env__Pmm
FN:1377,_ZN4Napi6BufferIhEC2Ev
FN:1386,_ZN4Napi6BufferIhEC2EP10napi_env__P12napi_value__mPh
FN:1386,_ZN4Napi6BufferImEC2EP10napi_env__P12napi_value__mPm
FN:1391,_ZNK4Napi6BufferIhE6LengthEv
FN:1403,_ZNK4Napi6BufferIhE10EnsureInfoEv
FN:1421,_ZN4Napi5Error3NewEP10napi_env__
FN:1479,_ZN4Napi5Error3NewEP10napi_env__RKNSt7__cxx1112basic_stringIcSt11char_traitsIcESaIcEEE
FN:1483,_ZN4Napi5Error5FatalEPKcS2_
FN:1490,_ZN4Napi5ErrorC2EP10napi_env__P12napi_value__
FN:1526,_ZNK4Napi5Error7MessageB5cxx11Ev
FN:1543,_ZNK4Napi5Error26ThrowAsJavaScriptExceptionEv
FN:1553,_ZNK4Napi5Error4whatEv
FN:1560,_ZN4Napi5Error3NewIS0_EET_P10napi_env__PKcmPF11napi_statusS4_P12napi_value__S9_PS9_E
FN:1608,_ZN4Napi9ReferenceINS_6ObjectEE3NewERKS1_j
FN:1608,_ZN4Napi9ReferenceINS_8FunctionEE3NewERKS1_j
FN:1625,_ZN4Napi9ReferenceINS_6ObjectEEC2Ev
FN:1629,_ZN4Napi9ReferenceINS_6ObjectEEC2EP10napi_env__P10napi_ref__
FN:1629,_ZN4Napi9ReferenceINS_8FunctionEEC2EP10napi_env__P10napi_ref__
FN:1634,_ZN4Napi9ReferenceINS_8FunctionEED2Ev
FN:1634,_ZN4Napi9ReferenceINS_6ObjectEED2Ev
FN:1645,_ZN4Napi9ReferenceINS_8FunctionEEC2EOS2_
FN:1645,_ZN4Napi9ReferenceINS_6ObjectEEC2EOS2_
FN:1653,_ZN4Napi9ReferenceINS_6ObjectEEaSEOS2_
FN:1700,_ZNK4Napi9ReferenceINS_6ObjectEE7IsEmptyEv
FN:1705,_ZNK4Napi9ReferenceINS_6ObjectEE5ValueEv
FN:1705,_ZNK4Napi9ReferenceINS_8FunctionEE5ValueEv
FN:1733,_ZN4Napi9ReferenceINS_6ObjectEE5ResetEv
FN:1776,_ZN4Napi10PersistentENS_6ObjectE
FN:1780,_ZN4Napi10PersistentENS_8FunctionE
FN:1791,_ZN4Napi15ObjectReferenceC2EP10napi_env__P10napi_ref__
FN:1794,_ZN4Napi15ObjectReferenceC2EONS_9ReferenceINS_6ObjectEEE
FN:1816,_ZNK4Napi15ObjectReference3GetEPKc
FN:1922,_ZN4Napi17FunctionReferenceC2EONS_9ReferenceINS_8FunctionEEE
FN:1968,_ZNK4Napi17FunctionReference12MakeCallbackEP12napi_value__RKSt16initializer_listIS2_E
FN:1994,_ZN4Napi12CallbackInfoC2EP10napi_env__P20napi_callback_info__
FN:2012,_ZN4Napi12CallbackInfoD2Ev
FN:2025,_ZNK4Napi12CallbackInfo3EnvEv
FN:2029,_ZNK4Napi12CallbackInfo6LengthEv
FN:2033,_ZNK4Napi12CallbackInfoixEm
FN:2037,_ZNK4Napi12CallbackInfo4ThisEv
FN:2044,_ZNK4Napi12CallbackInfo4DataEv
FN:2048,_ZN4Napi12CallbackInfo7SetDataEPv
FN:2287,_ZN4Napi10ObjectWrapI9DisruptorEC2ERKNS_12CallbackInfoE
FN:2301,_ZN4Napi10ObjectWrapI9DisruptorE6UnwrapENS_6ObjectE
FN:2309,_ZN4Napi10ObjectWrapI9DisruptorE11DefineClassENS_3EnvEPKcRKSt16initializer_listINS_23ClassPropertyDescriptorIS1_EEEPv
FN:2393,_ZN4Napi10ObjectWrapI9DisruptorE14InstanceMethodEPKcMS1_FvRKNS_12CallbackInfoEE24napi_property_attributesPv
FN:2411,_ZN4Napi10ObjectWrapI9DisruptorE14InstanceMethodEPKcMS1_FNS_5ValueERKNS_12CallbackInfoEE24napi_property_attributesPv
FN:2428,_ZN4Napi10ObjectWrapI9DisruptorE16InstanceAccessorEPKcMS1_FNS_5ValueERKNS_12CallbackInfoEEMS1_FvS8_RKS5_E24napi_property_attributesPv
FN:2470,_ZN4Napi10ObjectWrapI9DisruptorE26ConstructorCallbackWrapperEP10napi_env__P20napi_callback_info__
FN:2483,_ZZN4Napi10ObjectWrapI9DisruptorE26ConstructorCallbackWrapperEP10napi_env__P20napi_callback_info__ENKUlvE_clEv
FN:2547,_ZN4Napi10ObjectWrapI9DisruptorE33InstanceVoidMethodCallbackWrapperEP10napi_env__P20napi_callback_info__
FN:2550,_ZZN4Napi10ObjectWrapI9DisruptorE33InstanceVoidMethodCallbackWrapperEP10napi_env__P20napi_callback_info__ENKUlvE_clEv
FN:2563,_ZN4Napi10ObjectWrapI9DisruptorE29InstanceMethodCallbackWrapperEP10napi_env__P20napi_callback_info__
FN:2566,_ZZN4Napi10ObjectWrapI9DisruptorE29InstanceMethodCallbackWrapperEP10napi_env__P20napi_callback_info__ENKUlvE_clEv
FN:2578,_ZN4Napi10ObjectWrapI9DisruptorE29InstanceGetterCallbackWrapperEP10napi_env__P20napi_callback_info__
FN:2581,_ZZN4Napi10ObjectWrapI9DisruptorE29InstanceGetterCallbackWrapperEP10napi_env__P20napi_callback_info__ENKUlvE_clEv
FN:2593,_ZN4Napi10ObjectWrapI9DisruptorE29InstanceSetterCallbackWrapperEP10napi_env__P20napi_callback_info__
FN:2596,_ZZN4Napi10ObjectWrapI9DisruptorE29InstanceSetterCallbackWrapperEP10napi_env__P20napi_callback_info__ENKUlvE_clEv
FN:2609,_ZN4Napi10ObjectWrapI9DisruptorE16FinalizeCallbackEP10napi_env__PvS5_
FN:2622,_ZN4Napi11HandleScopeC2ENS_3EnvE
FN:2627,_ZN4Napi11HandleScopeD2Ev
FN:2647,_ZN4Napi20EscapableHandleScopeC2ENS_3EnvE
FN:2652,_ZN4Napi20EscapableHandleScopeD2Ev
FN:2664,_ZN4Napi20EscapableHandleScope6EscapeEP12napi_value__
FN:2675,_ZN4Napi11AsyncWorkerC2ERKNS_8FunctionE
FN:2679,_ZN4Napi11AsyncWorkerC2ERKNS_6ObjectERKNS_8FunctionE
FN:2688,_ZN4Napi11AsyncWorkerD0Ev
FN:2688,_ZN4Napi11AsyncWorkerD2Ev
FN:2720,_ZNK4Napi11AsyncWorker3EnvEv
FN:2724,_ZN4Napi11AsyncWorker5QueueEv
FN:2734,_ZN4Napi11AsyncWorker8ReceiverEv
FN:2738,_ZN4Napi11AsyncWorker8CallbackEv
FN:2742,_ZN4Napi11AsyncWorker4OnOKEv
FN:2746,_ZN4Napi11AsyncWorker7OnErrorERKNS_5ErrorE
FN:2750,_ZN4Napi11AsyncWorker8SetErrorERKNSt7__cxx1112basic_stringIcSt11char_traitsIcESaIcEEE
FN:2754,_ZN4Napi11AsyncWorker9OnExecuteEP10napi_env__Pv
FN:2767,_ZN4Napi11AsyncWorker14OnWorkCompleteEP10napi_env__11napi_statusPv
FN:2772,_ZZN4Napi11AsyncWorker14OnWorkCompleteEP10napi_env__11napi_statusPvENKUlvE_clEv
FNDA:3395,_ZN4Napi7details12WrapCallbackIZNS_10ObjectWrapI9DisruptorE26ConstructorCallbackWrapperEP10napi_env__P20napi_callback_info__EUlvE_EEP12napi_value__T_
FNDA:0,_ZN4Napi7details12WrapCallbackIZNS_10ObjectWrapI9DisruptorE29InstanceSetterCallbackWrapperEP10napi_env__P20napi_callback_info__EUlvE_EEP12napi_value__T_
FNDA:646565,_ZN4Napi7details12WrapCallbackIZNS_10ObjectWrapI9DisruptorE29InstanceGetterCallbackWrapperEP10napi_env__P20napi_callback_info__EUlvE_EEP12napi_value__T_
FNDA:4782,_ZN4Napi7details12WrapCallbackIZNS_10ObjectWrapI9DisruptorE33InstanceVoidMethodCallbackWrapperEP10napi_env__P20napi_callback_info__EUlvE_EEP12napi_value__T_
FNDA:1825952,_ZN4Napi7details12WrapCallbackIZNS_10ObjectWrapI9DisruptorE29InstanceMethodCallbackWrapperEP10napi_env__P20napi_callback_info__EUlvE_EEP12napi_value__T_
FNDA:1,_ZN4Napi7details12WrapCallbackIZNS0_12CallbackDataIPFvRKNS_12CallbackInfoEEvE7WrapperEP10napi_env__P20napi_callback_info__EUlvE_EEP12napi_value__T_
FNDA:3475385,_ZN4Napi7details12WrapCallbackIZNS_11AsyncWorker14OnWorkCompleteEP10napi_env__11napi_statusPvEUlvE_EEP12napi_value__T_
FNDA:253,_ZN4Napi7details12WrapCallbackIZNS_14RegisterModuleEP10napi_env__P12napi_value__S5_PFvNS_3EnvENS_6ObjectES7_EEUlvE_EES5_T_
FNDA:1,_ZN4Napi7details12CallbackDataIPFvRKNS_12CallbackInfoEEvE7WrapperEP10napi_env__P20napi_callback_info__
FNDA:1,_ZZN4Napi7details12CallbackDataIPFvRKNS_12CallbackInfoEEvE7WrapperEP10napi_env__P20napi_callback_info__ENKUlvE_clEv
FNDA:253,_ZN4Napi14RegisterModuleEP10napi_env__P12napi_value__S3_PFvNS_3EnvENS_6ObjectES5_E
FNDA:253,_ZZN4Napi14RegisterModuleEP10napi_env__P12napi_value__S3_PFvNS_3EnvENS_6ObjectES5_EENKUlvE_clEv
FNDA:30210313,_ZN4Napi3EnvC2EP10napi_env__
FNDA:29605807,_ZNK4Napi3EnvcvP10napi_env__Ev
FNDA:679658,_ZNK4Napi3Env9UndefinedEv
FNDA:317738,_ZNK4Napi3Env4NullEv
FNDA:271079,_ZN4Napi5ValueC2Ev
FNDA:21982016,_ZN4Napi5ValueC2EP10napi_env__P12napi_value__
FNDA:28613188,_ZNK4Napi5ValuecvP12napi_value__Ev
FNDA:20124490,_ZNK4Napi5Value3EnvEv
FNDA:317738,_ZNK4Napi5Value4TypeEv
FNDA:317738,_ZNK4Napi5Value10IsFunctionEv
FNDA:6790,_ZNK4Napi5Value2AsINS_7BooleanEEET_v
FNDA:13749,_ZNK4Napi5Value2AsINS_6NumberEEET_v
FNDA:317737,_ZNK4Napi5Value2AsINS_8FunctionEEET_v
FNDA:2477299,_ZNK4Napi5Value2AsINS_6ObjectEEET_v
FNDA:3395,_ZNK4Napi5Value2AsINS_6StringEEET_v
FNDA:959593,_ZN4Napi7Boolean3NewEP10napi_env__b
FNDA:966383,_ZN4Napi7BooleanC2EP10napi_env__P12napi_value__
FNDA:58682,_ZNK4Napi7BooleancvbEv
FNDA:58682,_ZNK4Napi7Boolean5ValueEv
FNDA:917303,_ZN4Napi6Number3NewEP10napi_env__d
FNDA:931052,_ZN4Napi6NumberC2EP10napi_env__P12napi_value__
FNDA:13615,_ZNK4Napi6NumbercvjEv
FNDA:13615,_ZNK4Napi6Number11Uint32ValueEv
FNDA:134,_ZNK4Napi6Number10Int64ValueEv
FNDA:3395,_ZN4Napi4NameC2EP10napi_env__P12napi_value__
FNDA:3395,_ZN4Napi6StringC2EP10napi_env__P12napi_value__
FNDA:0,_ZNK4Napi6StringcvNSt7__cxx1112basic_stringIcSt11char_traitsIcESaIcEEEB5cxx11Ev
FNDA:3395,_ZNK4Napi6String9Utf8ValueB5cxx11Ev
FNDA:270266,_ZN4Napi6Object14PropertyLValueIjEaSINS_5ValueEEERS2_T_
FNDA:270266,_ZN4Napi6Object14PropertyLValueIjEC2ES0_j
FNDA:3475385,_ZN4Napi6Object3NewEP10napi_env__
FNDA:271079,_ZN4Napi6ObjectC2Ev
FNDA:18106642,_ZN4Napi6ObjectC2EP10napi_env__P12napi_value__
FNDA:270266,_ZN4Napi6ObjectixEj
FNDA:0,_ZNK4Napi6Object3GetEPKc
FNDA:253,_ZN4Napi6Object3SetEPKcNS_5ValueE
FNDA:627325,_ZN4Napi6Object3SetEjNS_5ValueE
FNDA:897214,_ZN4Napi5Array3NewEP10napi_env__
FNDA:897214,_ZN4Napi5ArrayC2EP10napi_env__P12napi_value__
FNDA:539324,_ZNK4Napi5Array6LengthEv
FNDA:1,_ZN4Napi8Function3NewIPFvRKNS_12CallbackInfoEEEES0_P10napi_env__T_PKcPv
FNDA:3793376,_ZN4Napi8FunctionC2EP10napi_env__P12napi_value__
FNDA:317738,_ZNK4Napi8Function12MakeCallbackEP12napi_value__RKSt16initializer_listIS2_E
FNDA:317738,_ZNK4Napi8Function12MakeCallbackEP12napi_value__mPKS2_
FNDA:17,_ZN4Napi6BufferIhE3NewEP10napi_env__m
FNDA:915358,_ZN4Napi6BufferIhE3NewEP10napi_env__Phm
FNDA:9,_ZN4Napi6BufferImE3NewEP10napi_env__Pmm
FNDA:271079,_ZN4Napi6BufferIhEC2Ev
FNDA:915375,_ZN4Napi6BufferIhEC2EP10napi_env__P12napi_value__mPh
FNDA:9,_ZN4Napi6BufferImEC2EP10napi_env__P12napi_value__mPm
FNDA:51889,_ZNK4Napi6BufferIhE6LengthEv
FNDA:51889,_ZNK4Napi6BufferIhE10EnsureInfoEv
FNDA:0,_ZN4Napi5Error3NewEP10napi_env__
FNDA:3,_ZN4Napi5Error3NewEP10napi_env__RKNSt7__cxx1112basic_stringIcSt11char_traitsIcESaIcEEE
FNDA:0,_ZN4Napi5Error5FatalEPKcS2_
FNDA:3,_ZN4Napi5ErrorC2EP10napi_env__P12napi_value__
FNDA:0,_ZNK4Napi5Error7MessageB5cxx11Ev
FNDA:3,_ZNK4Napi5Error26ThrowAsJavaScriptExceptionEv
FNDA:0,_ZNK4Napi5Error4whatEv
FNDA:3,_ZN4Napi5Error3NewIS0_EET_P10napi_env__PKcmPF11napi_statusS4_P12napi_value__S9_PS9_E
FNDA:3475385,_ZN4Napi9ReferenceINS_8FunctionEE3NewERKS1_j
FNDA:6950770,_ZN4Napi9ReferenceINS_6ObjectEE3NewERKS1_j
FNDA:3395,_ZN4Napi9ReferenceINS_6ObjectEEC2Ev
FNDA:3475385,_ZN4Napi9ReferenceINS_8FunctionEEC2EP10napi_env__P10napi_ref__
FNDA:6954168,_ZN4Napi9ReferenceINS_6ObjectEEC2EP10napi_env__P10napi_ref__
FNDA:6950770,_ZN4Napi9ReferenceINS_8FunctionEED2Ev
FNDA:13907781,_ZN4Napi9ReferenceINS_6ObjectEED2Ev
FNDA:3475385,_ZN4Napi9ReferenceINS_8FunctionEEC2EOS2_
FNDA:6950770,_ZN4Napi9ReferenceINS_6ObjectEEC2EOS2_
FNDA:3395,_ZN4Napi9ReferenceINS_6ObjectEEaSEOS2_
FNDA:3,_ZNK4Napi9ReferenceINS_6ObjectEE7IsEmptyEv
FNDA:3475385,_ZNK4Napi9ReferenceINS_8FunctionEE5ValueEv
FNDA:3793126,_ZNK4Napi9ReferenceINS_6ObjectEE5ValueEv
FNDA:3395,_ZN4Napi9ReferenceINS_6ObjectEE5ResetEv
FNDA:6950770,_ZN4Napi10PersistentENS_6ObjectE
FNDA:3475385,_ZN4Napi10PersistentENS_8FunctionE
FNDA:3,_ZN4Napi15ObjectReferenceC2EP10napi_env__P10napi_ref__
FNDA:6950770,_ZN4Napi15ObjectReferenceC2EONS_9ReferenceINS_6ObjectEEE
FNDA:0,_ZNK4Napi15ObjectReference3GetEPKc
FNDA:3475385,_ZN4Napi17FunctionReferenceC2EONS_9ReferenceINS_8FunctionEEE
FNDA:317738,_ZNK4Napi17FunctionReference12MakeCallbackEP12napi_value__RKSt16initializer_listIS2_E
FNDA:2480695,_ZN4Napi12CallbackInfoC2EP10napi_env__P20napi_callback_info__
FNDA:2480695,_ZN4Napi12CallbackInfoD2Ev
FNDA:2792027,_ZNK4Napi12CallbackInfo3EnvEv
FNDA:604625,_ZNK4Napi12CallbackInfo6LengthEv
FNDA:341672,_ZNK4Napi12CallbackInfoixEm
FNDA:2484086,_ZNK4Napi12CallbackInfo4ThisEv
FNDA:2477300,_ZNK4Napi12CallbackInfo4DataEv
FNDA:2477300,_ZN4Napi12CallbackInfo7SetDataEPv
FNDA:3395,_ZN4Napi10ObjectWrapI9DisruptorEC2ERKNS_12CallbackInfoE
FNDA:2477299,_ZN4Napi10ObjectWrapI9DisruptorE6UnwrapENS_6ObjectE
FNDA:253,_ZN4Napi10ObjectWrapI9DisruptorE11DefineClassENS_3EnvEPKcRKSt16initializer_listINS_23ClassPropertyDescriptorIS1_EEEPv
FNDA:1265,_ZN4Napi10ObjectWrapI9DisruptorE14InstanceMethodEPKcMS1_FvRKNS_12CallbackInfoEE24napi_property_attributesPv
FNDA:2530,_ZN4Napi10ObjectWrapI9DisruptorE14InstanceMethodEPKcMS1_FNS_5ValueERKNS_12CallbackInfoEE24napi_property_attributesPv
FNDA:2277,_ZN4Napi10ObjectWrapI9DisruptorE16InstanceAccessorEPKcMS1_FNS_5ValueERKNS_12CallbackInfoEEMS1_FvS8_RKS5_E24napi_property_attributesPv
FNDA:3395,_ZN4Napi10ObjectWrapI9DisruptorE26ConstructorCallbackWrapperEP10napi_env__P20napi_callback_info__
FNDA:3395,_ZZN4Napi10ObjectWrapI9DisruptorE26ConstructorCallbackWrapperEP10napi_env__P20napi_callback_info__ENKUlvE_clEv
FNDA:4782,_ZN4Napi10ObjectWrapI9DisruptorE33InstanceVoidMethodCallbackWrapperEP10napi_env__P20napi_callback_info__
FNDA:4782,_ZZN4Napi10ObjectWrapI9DisruptorE33InstanceVoidMethodCallbackWrapperEP10napi_env__P20napi_callback_info__ENKUlvE_clEv
FNDA:1825952,_ZN4Napi10ObjectWrapI9DisruptorE29InstanceMethodCallbackWrapperEP10napi_env__P20napi_callback_info__
FNDA:1825952,_ZZN4Napi10ObjectWrapI9DisruptorE29InstanceMethodCallbackWrapperEP10napi_env__P20napi_callback_info__ENKUlvE_clEv
FNDA:646565,_ZN4Napi10ObjectWrapI9DisruptorE29InstanceGetterCallbackWrapperEP10napi_env__P20napi_callback_info__
FNDA:646565,_ZZN4Napi10ObjectWrapI9DisruptorE29InstanceGetterCallbackWrapperEP10napi_env__P20napi_callback_info__ENKUlvE_clEv
FNDA:0,_ZN4Napi10ObjectWrapI9DisruptorE29InstanceSetterCallbackWrapperEP10napi_env__P20napi_callback_info__
FNDA:0,_ZZN4Napi10ObjectWrapI9DisruptorE29InstanceSetterCallbackWrapperEP10napi_env__P20napi_callback_info__ENKUlvE_clEv
FNDA:2840,_ZN4Napi10ObjectWrapI9DisruptorE16FinalizeCallbackEP10napi_env__PvS5_
FNDA:3475388,_ZN4Napi11HandleScopeC2ENS_3EnvE
FNDA:3475388,_ZN4Napi11HandleScopeD2Ev
FNDA:317738,_ZN4Napi20EscapableHandleScopeC2ENS_3EnvE
FNDA:317738,_ZN4Napi20EscapableHandleScopeD2Ev
FNDA:317738,_ZN4Napi20EscapableHandleScope6EscapeEP12napi_value__
FNDA:3475385,_ZN4Napi11AsyncWorkerC2ERKNS_8FunctionE
FNDA:3475385,_ZN4Napi11AsyncWorkerC2ERKNS_6ObjectERKNS_8FunctionE
FNDA:0,_ZN4Napi11AsyncWorkerD0Ev
FNDA:3475385,_ZN4Napi11AsyncWorkerD2Ev
FNDA:3791173,_ZNK4Napi11AsyncWorker3EnvEv
FNDA:3475385,_ZN4Napi11AsyncWorker5QueueEv
FNDA:317738,_ZN4Napi11AsyncWorker8ReceiverEv
FNDA:3475385,_ZN4Napi11AsyncWorker8CallbackEv
FNDA:0,_ZN4Napi11AsyncWorker4OnOKEv
FNDA:0,_ZN4Napi11AsyncWorker7OnErrorERKNS_5ErrorE
FNDA:0,_ZN4Napi11AsyncWorker8SetErrorERKNSt7__cxx1112basic_stringIcSt11char_traitsIcESaIcEEE
FNDA:3474855,_ZN4Napi11AsyncWorker9OnExecuteEP10napi_env__Pv
FNDA:3475385,_ZN4Napi11AsyncWorker14OnWorkCompleteEP10napi_env__11napi_statusPv
FNDA:3475385,_ZZN4Napi11AsyncWorker14OnWorkCompleteEP10napi_env__11napi_statusPvENKUlvE_clEv
FNF:137
FNH:123
DA:54,5956333
DA:57,5956333
DA:58,6
DA:59,3
DA:60,3
DA:89,1
DA:90,2
DA:91,2
DA:93,1
DA:94,1
DA:95,1
DA:96,2
DA:97,1
DA:169,253
DA:173,253
DA:174,1012
DA:175,253
DA:176,506
DA:177,253
DA:178,253
DA:179,253
DA:185,30210313
DA:186,30210313
DA:188,29605807
DA:189,29605807
DA:199,679658
DA:201,679658
DA:202,679658
DA:203,679658
DA:206,317738
DA:208,317738
DA:209,317738
DA:210,317738
DA:234,271079
DA:235,271079
DA:237,21982016
DA:238,21982016
DA:240,28613188
DA:241,28613188
DA:259,20124490
DA:260,20124490
DA:267,317738
DA:268,317738
DA:269,0
DA:273,317738
DA:274,317738
DA:275,317738
DA:339,317738
DA:340,317738
DA:355,2818970
DA:356,2818970
DA:391,959593
DA:393,959593
DA:394,959593
DA:395,959593
DA:401,966383
DA:402,966383
DA:404,58682
DA:405,58682
DA:408,58682
DA:410,58682
DA:411,58682
DA:412,58682
DA:419,917303
DA:421,917303
DA:422,917303
DA:423,917303
DA:429,931052
DA:430,931052
DA:436,13615
DA:437,13615
DA:459,13615
DA:461,13615
DA:462,13615
DA:463,13615
DA:466,134
DA:468,134
DA:469,134
DA:470,134
DA:491,3395
DA:492,3395
DA:537,3395
DA:538,3395
DA:540,0
DA:541,0
DA:548,3395
DA:550,3395
DA:551,3395
DA:553,3395
DA:554,3395
DA:555,3395
DA:556,3395
DA:557,3395
DA:558,3395
DA:617,270266
DA:618,270266
DA:619,270266
DA:623,270266
DA:624,270266
DA:626,3475385
DA:628,3475385
DA:629,3475385
DA:630,3475385
DA:633,271079
DA:634,271079
DA:636,18106642
DA:637,18106642
DA:647,270266
DA:648,270266
DA:702,0
DA:704,0
DA:705,0
DA:706,0
DA:723,253
DA:724,253
DA:725,253
DA:726,253
DA:784,627325
DA:785,627325
DA:786,627325
DA:787,627325
DA:912,897214
DA:914,897214
DA:915,897214
DA:916,897214
DA:929,897214
DA:930,897214
DA:932,539324
DA:934,539324
DA:935,539324
DA:936,539324
DA:1201,1
DA:1208,1
DA:1211,1
DA:1212,1
DA:1213,1
DA:1214,1
DA:1228,3793376
DA:1229,3793376
DA:1263,317738
DA:1265,317738
DA:1273,317738
DA:1276,317738
DA:1277,635476
DA:1278,317738
DA:1279,317738
DA:1303,17
DA:1306,17
DA:1307,17
DA:1308,17
DA:1312,915367
DA:1314,915367
DA:1315,915367
DA:1316,915367
DA:1317,915367
DA:1377,271079
DA:1378,271079
DA:1386,915384
DA:1387,915384
DA:1388,915384
DA:1391,51889
DA:1392,51889
DA:1393,51889
DA:1403,51889
DA:1407,51889
DA:1410,0
DA:1411,0
DA:1412,0
DA:1413,0
DA:1415,51889
DA:1421,0
DA:1423,0
DA:1426,0
DA:1427,0
DA:1429,0
DA:1430,0
DA:1431,0
DA:1432,0
DA:1435,0
DA:1436,0
DA:1439,0
DA:1440,0
DA:1442,0
DA:1443,0
DA:1444,0
DA:1448,0
DA:1453,0
DA:1455,0
DA:1456,0
DA:1461,0
DA:1462,0
DA:1464,0
DA:1465,0
DA:1467,0
DA:1472,0
DA:1479,3
DA:1480,3
DA:1483,0
DA:1484,0
DA:1490,3
DA:1491,3
DA:1492,3
DA:1496,3
DA:1498,3
DA:1526,0
DA:1527,0
DA:1530,0
DA:1532,0
DA:1540,0
DA:1543,3
DA:1544,6
DA:1545,3
DA:1546,3
DA:1547,3
DA:1549,3
DA:1553,0
DA:1554,0
DA:1560,3
DA:1565,3
DA:1566,3
DA:1569,3
DA:1570,3
DA:1572,3
DA:1608,10426155
DA:1609,10426155
DA:1610,10426155
DA:1612,10426155
DA:1613,0
DA:1617,10426155
DA:1618,10426155
DA:1620,10426155
DA:1625,3395
DA:1626,3395
DA:1629,10429553
DA:1630,10429553
DA:1631,10429553
DA:1634,20858551
DA:1635,20858551
DA:1636,10429001
DA:1637,10429001
DA:1640,10429001
DA:1642,20858551
DA:1645,10426155
DA:1646,10426155
DA:1647,10426155
DA:1648,10426155
DA:1649,10426155
DA:1650,10426155
DA:1653,3395
DA:1654,3395
DA:1655,3395
DA:1656,3395
DA:1657,3395
DA:1658,3395
DA:1659,3395
DA:1660,3395
DA:1661,3395
DA:1700,3
DA:1701,3
DA:1705,7268511
DA:1706,7268511
DA:1707,0
DA:1711,7268511
DA:1712,7268511
DA:1713,7268511
DA:1733,3395
DA:1734,3395
DA:1735,0
DA:1736,0
DA:1737,0
DA:1739,3395
DA:1776,6950770
DA:1777,6950770
DA:1780,3475385
DA:1781,3475385
DA:1791,3
DA:1792,3
DA:1794,6950770
DA:1795,6950770
DA:1796,6950770
DA:1816,0
DA:1817,0
DA:1818,0
DA:1922,3475385
DA:1923,3475385
DA:1924,3475385
DA:1968,317738
DA:1970,635476
DA:1971,635476
DA:1994,2480695
DA:1995,2480695
DA:1996,2480695
DA:1997,2480695
DA:1998,2480695
DA:1999,2480695
DA:2001,2480695
DA:2004,3395
DA:2005,3395
DA:2007,3395
DA:2008,3395
DA:2010,2480695
DA:2012,4961390
DA:2013,2480695
DA:2014,3395
DA:2016,2480695
DA:2025,2792027
DA:2026,2792027
DA:2029,604625
DA:2030,604625
DA:2033,341672
DA:2034,341672
DA:2037,2484086
DA:2038,2484086
DA:2039,0
DA:2041,2484086
DA:2044,2477300
DA:2045,2477300
DA:2048,2477300
DA:2049,2477300
DA:2050,2477300
DA:2287,3395
DA:2288,3395
DA:2289,3395
DA:2292,3395
DA:2293,3395
DA:2294,3395
DA:2296,3395
DA:2297,3395
DA:2298,3395
DA:2301,2477299
DA:2303,2477299
DA:2304,2477299
DA:2305,2477299
DA:2309,253
DA:2315,253
DA:2317,506
DA:2318,253
DA:2320,253
DA:2393,1265
DA:2400,1265
DA:2402,1265
DA:2403,1265
DA:2404,1265
DA:2405,1265
DA:2406,1265
DA:2407,1265
DA:2411,2530
DA:2417,2530
DA:2419,2530
DA:2420,2530
DA:2421,2530
DA:2422,2530
DA:2423,2530
DA:2424,2530
DA:2428,2277
DA:2436,2277
DA:2438,2277
DA:2439,2277
DA:2440,2277
DA:2441,2277
DA:2442,2277
DA:2443,2277
DA:2444,2277
DA:2470,3395
DA:2474,3395
DA:2475,3395
DA:2477,3395
DA:2478,0
DA:2479,0
DA:2483,6790
DA:2484,6790
DA:2485,3398
DA:2486,6784
DA:2487,3395
DA:2489,3395
DA:2547,4782
DA:2550,9564
DA:2551,9564
DA:2553,4782
DA:2554,4782
DA:2555,4782
DA:2556,4782
DA:2557,4782
DA:2558,9564
DA:2559,4782
DA:2563,1825952
DA:2566,3651904
DA:2567,3651904
DA:2569,1825952
DA:2570,1825952
DA:2571,1825952
DA:2572,1825952
DA:2573,3651904
DA:2574,1825952
DA:2578,646565
DA:2581,1293130
DA:2582,1293130
DA:2584,646565
DA:2585,646565
DA:2586,646565
DA:2587,646565
DA:2588,1293130
DA:2589,646565
DA:2593,0
DA:2596,0
DA:2597,0
DA:2599,0
DA:2600,0
DA:2601,0
DA:2602,0
DA:2603,0
DA:2604,0
DA:2605,0
DA:2609,2840
DA:2610,2840
DA:2611,2840
DA:2612,2840
DA:2622,3475388
DA:2623,3475388
DA:2624,3475388
DA:2625,3475388
DA:2627,6950776
DA:2628,3475388
DA:2629,3475388
DA:2647,317738
DA:2648,317738
DA:2649,317738
DA:2650,317738
DA:2652,635476
DA:2653,317738
DA:2654,317738
DA:2664,317738
DA:2666,317738
DA:2667,317738
DA:2668,317738
DA:2675,3475385
DA:2676,3475385
DA:2677,3475385
DA:2679,3475385
DA:2680,6950770
DA:2682,10426155
DA:2683,3475385
DA:2684,3475385
DA:2685,3475385
DA:2686,3475385
DA:2688,6950770
DA:2689,3475385
DA:2690,3475385
DA:2691,3475385
DA:2693,3475385
DA:2720,3791173
DA:2721,3791173
DA:2724,3475385
DA:2725,3475385
DA:2726,3475385
DA:2727,3475385
DA:2734,317738
DA:2735,317738
DA:2738,3475385
DA:2739,3475385
DA:2742,0
DA:2743,0
DA:2744,0
DA:2746,0
DA:2747,0
DA:2748,0
DA:2750,0
DA:2751,0
DA:2752,0
DA:2754,3474855
DA:2755,3474855
DA:2758,3474855
DA:2759,0
DA:2760,0
DA:2765,3474782
DA:2767,3475385
DA:2769,3475385
DA:2770,3475385
DA:2771,6950770
DA:2772,3475385
DA:2773,10426155
DA:2774,10426155
DA:2777,0
DA:2779,3475385
DA:2780,3475385
DA:2782,3475385
DA:2783,3475385
LF:487
LH:409
end_of_record
SF:/home/david/shared-memory-disruptor/node_modules/node-addon-api/napi.h
FN:900,_ZN4Napi15ObjectReferenceD2Ev
FN:937,_ZN4Napi17FunctionReferenceD2Ev
FN:1062,_ZN4Napi5ErrorD2Ev
FN:1062,_ZN4Napi5ErrorD0Ev
FN:1248,_ZN4Napi23ClassPropertyDescriptorI9DisruptorEC2E24napi_property_descriptor
FN:1283,_ZN4Napi10ObjectWrapI9DisruptorED2Ev
FNDA:6950773,_ZN4Napi15ObjectReferenceD2Ev
FNDA:3475385,_ZN4Napi17FunctionReferenceD2Ev
FNDA:0,_ZN4Napi5ErrorD0Ev
FNDA:3,_ZN4Napi5ErrorD2Ev
FNDA:6072,_ZN4Napi23ClassPropertyDescriptorI9DisruptorEC2E24napi_property_descriptor
FNDA:2843,_ZN4Napi10ObjectWrapI9DisruptorED2Ev
FNF:6
FNH:5
DA:900,6950773
DA:937,3475385
DA:1062,3
DA:1248,6072
DA:1283,2843
LF:5
LH:5
end_of_record
SF:/usr/include/c++/6/bits/alloc_traits.h
FN:435,_ZNSt16allocator_traitsISaI11AsyncBufferIhEEE8allocateERS2_m
FN:461,_ZNSt16allocator_traitsISaI11AsyncBufferIhEEE10deallocateERS2_PS1_m
FN:495,_ZNSt16allocator_traitsISaI11AsyncBufferIhEEE8max_sizeERKS2_
FNDA:270240,_ZNSt16allocator_traitsISaI11AsyncBufferIhEEE8allocateERS2_m
FNDA:270266,_ZNSt16allocator_traitsISaI11AsyncBufferIhEEE10deallocateERS2_PS1_m
FNDA:540424,_ZNSt16allocator_traitsISaI11AsyncBufferIhEEE8max_sizeERKS2_
FNF:3
FNH:3
DA:435,270240
DA:436,270240
DA:461,270266
DA:462,270266
DA:495,540424
DA:496,540424
LF:6
LH:6
end_of_record
SF:/usr/include/c++/6/bits/allocator.h
FN:131,_ZNSaI11AsyncBufferIhEEC2Ev
FN:139,_ZNSaI11AsyncBufferIhEED2Ev
FNDA:2224421,_ZNSaI11AsyncBufferIhEEC2Ev
FNDA:2213974,_ZNSaI11AsyncBufferIhEED2Ev
FNF:2
FNH:2
DA:131,2224421
DA:139,2213974
LF:2
LH:2
end_of_record
SF:/usr/include/c++/6/bits/basic_string.h
FN:107,_ZNSt7__cxx1112basic_stringIcSt11char_traitsIcESaIcEE12_Alloc_hiderD2Ev
FN:192,_ZNSt7__cxx1112basic_stringIcSt11char_traitsIcESaIcEE16_M_construct_auxIPcEEvT_S7_St12__false_type
FN:212,_ZNSt7__cxx1112basic_stringIcSt11char_traitsIcESaIcEE12_M_constructIPcEEvT_S7_
FN:549,_ZNSt7__cxx1112basic_stringIcSt11char_traitsIcESaIcEEC2IPcvEET_S7_RKS3_
FN:5021,_ZStplIcSt11char_traitsIcESaIcEENSt7__cxx1112basic_stringIT_T0_T1_EEOS8_S9_
FN:5045,_ZStplIcSt11char_traitsIcESaIcEENSt7__cxx1112basic_stringIT_T0_T1_EEOS8_PKS5_
FN:5470,_ZNSt7__cxx119to_stringEi
FNDA:0,_ZNSt7__cxx1112basic_stringIcSt11char_traitsIcESaIcEE12_Alloc_hiderD2Ev
FNDA:0,_ZNSt7__cxx1112basic_stringIcSt11char_traitsIcESaIcEE16_M_construct_auxIPcEEvT_S7_St12__false_type
FNDA:0,_ZNSt7__cxx1112basic_stringIcSt11char_traitsIcESaIcEE12_M_constructIPcEEvT_S7_
FNDA:0,_ZNSt7__cxx1112basic_stringIcSt11char_traitsIcESaIcEEC2IPcvEET_S7_RKS3_
FNDA:3,_ZStplIcSt11char_traitsIcESaIcEENSt7__cxx1112basic_stringIT_T0_T1_EEOS8_S9_
FNDA:3,_ZStplIcSt11char_traitsIcESaIcEENSt7__cxx1112basic_stringIT_T0_T1_EEOS8_PKS5_
FNDA:0,_ZNSt7__cxx119to_stringEi
FNF:7
FNH:2
DA:107,0
DA:192,0
DA:196,0
DA:197,0
DA:212,0
DA:215,0
DA:216,0
DA:549,0
DA:551,0
DA:552,0
DA:5021,3
DA:5024,3
DA:5025,3
DA:5026,3
DA:5027,0
DA:5028,3
DA:5045,3
DA:5047,3
DA:5470,0
DA:5472,0
LF:20
LH:7
end_of_record
SF:/usr/include/c++/6/bits/basic_string.tcc
FN:206,_ZNSt7__cxx1112basic_stringIcSt11char_traitsIcESaIcEE12_M_constructIPcEEvT_S7_St20forward_iterator_tag
FNDA:0,_ZNSt7__cxx1112basic_stringIcSt11char_traitsIcESaIcEE12_M_constructIPcEEvT_S7_St20forward_iterator_tag
FNF:1
FNH:0
DA:206,0
DA:211,0
DA:212,0
DA:215,0
DA:217,0
DA:219,0
DA:220,0
DA:225,0
DA:226,0
DA:228,0
DA:229,0
DA:232,0
DA:233,0
LF:13
LH:0
end_of_record
SF:/usr/include/c++/6/bits/move.h
FN:47,_ZSt11__addressofI11AsyncBufferIhEEPT_RS2_
FN:76,_ZSt7forwardIPSt6vectorI11AsyncBufferIhESaIS2_EEEOT_RNSt16remove_referenceIS6_E4typeE
FN:76,_ZSt7forwardI11AsyncBufferIhEEOT_RNSt16remove_referenceIS2_E4typeE
FN:76,_ZSt7forwardISt14default_deleteISt6vectorI11AsyncBufferIhESaIS3_EEEEOT_RNSt16remove_referenceIS7_E4typeE
FN:101,_ZSt4moveIR11AsyncBufferIhEEONSt16remove_referenceIT_E4typeEOS4_
FN:101,_ZSt4moveIRN4Napi9ReferenceINS0_6ObjectEEEEONSt16remove_referenceIT_E4typeEOS6_
FN:101,_ZSt4moveIRPSt6vectorI11AsyncBufferIhESaIS2_EEEONSt16remove_referenceIT_E4typeEOS8_
FN:101,_ZSt4moveIRNSt7__cxx1112basic_stringIcSt11char_traitsIcESaIcEEEEONSt16remove_referenceIT_E4typeEOS8_
FN:101,_ZSt4moveIRN4Napi9ReferenceINS0_8FunctionEEEEONSt16remove_referenceIT_E4typeEOS6_
FN:179,_ZSt4swapIPSt6vectorI11AsyncBufferIhESaIS2_EEENSt9enable_ifIXsrSt6__and_IJSt21is_move_constructibleIT_ESt18is_move_assignableIS9_EEE5valueEvE4typeERS9_SG_
FNDA:270228,_ZSt11__addressofI11AsyncBufferIhEEPT_RS2_
FNDA:3,_ZSt7forwardI11AsyncBufferIhEEOT_RNSt16remove_referenceIS2_E4typeE
FNDA:810502,_ZSt7forwardIPSt6vectorI11AsyncBufferIhESaIS2_EEEOT_RNSt16remove_referenceIS6_E4typeE
FNDA:2463857,_ZSt7forwardISt14default_deleteISt6vectorI11AsyncBufferIhESaIS3_EEEEOT_RNSt16remove_referenceIS7_E4typeE
FNDA:3339967,_ZSt4moveIRPSt6vectorI11AsyncBufferIhESaIS2_EEEONSt16remove_referenceIT_E4typeEOS8_
FNDA:270246,_ZSt4moveIR11AsyncBufferIhEEONSt16remove_referenceIT_E4typeEOS4_
FNDA:6,_ZSt4moveIRNSt7__cxx1112basic_stringIcSt11char_traitsIcESaIcEEEEONSt16remove_referenceIT_E4typeEOS8_
FNDA:3475385,_ZSt4moveIRN4Napi9ReferenceINS0_8FunctionEEEEONSt16remove_referenceIT_E4typeEOS6_
FNDA:6950770,_ZSt4moveIRN4Napi9ReferenceINS0_6ObjectEEEEONSt16remove_referenceIT_E4typeEOS6_
FNDA:1113325,_ZSt4swapIPSt6vectorI11AsyncBufferIhESaIS2_EEENSt9enable_ifIXsrSt6__and_IJSt21is_move_constructibleIT_ESt18is_move_assignableIS9_EEE5valueEvE4typeERS9_SG_
FNF:10
FNH:10
DA:47,270228
DA:50,270228
DA:76,3274362
DA:77,3274362
DA:101,14036374
DA:102,14036374
DA:179,1113325
DA:190,1113325
DA:191,1113348
DA:192,1113362
DA:193,1113349
LF:11
LH:11
end_of_record
SF:/usr/include/c++/6/bits/stl_algobase.h
FN:219,_ZSt3maxImERKT_S2_S2_
FNDA:270218,_ZSt3maxImERKT_S2_S2_
FNF:1
FNH:1
DA:219,270218
DA:224,270218
DA:225,270215
DA:226,3
LF:4
LH:4
end_of_record
SF:/usr/include/c++/6/bits/stl_construct.h
FN:74,_ZSt10_ConstructI11AsyncBufferIhEJEEvPT_DpOT0_
FN:74,_ZSt10_ConstructI11AsyncBufferIhEJS1_EEvPT_DpOT0_
FN:112,_ZNSt12_Destroy_auxILb1EE9__destroyIP11AsyncBufferIhEEEvT_S5_
FN:122,_ZSt8_DestroyIP11AsyncBufferIhEEvT_S3_
FN:148,_ZSt8_DestroyIP11AsyncBufferIhES1_EvT_S3_RSaIT0_E
FNDA:3,_ZSt10_ConstructI11AsyncBufferIhEJS1_EEvPT_DpOT0_
FNDA:270223,_ZSt10_ConstructI11AsyncBufferIhEJEEvPT_DpOT0_
FNDA:2478390,_ZNSt12_Destroy_auxILb1EE9__destroyIP11AsyncBufferIhEEEvT_S5_
FNDA:2478849,_ZSt8_DestroyIP11AsyncBufferIhEEvT_S3_
FNDA:2478991,_ZSt8_DestroyIP11AsyncBufferIhES1_EvT_S3_RSaIT0_E
FNF:5
FNH:5
DA:74,270226
DA:75,270226
DA:112,2478390
DA:122,2478849
DA:126,2478849
DA:128,2480030
DA:148,2478991
DA:151,2478991
DA:152,2481058
LF:9
LH:9
end_of_record
SF:/usr/include/c++/6/bits/stl_iterator.h
FN:1032,_ZNSt13move_iteratorIP11AsyncBufferIhEEC2ES2_
FN:1040,_ZNKSt13move_iteratorIP11AsyncBufferIhEE4baseEv
FN:1044,_ZNKSt13move_iteratorIP11AsyncBufferIhEEdeEv
FN:1052,_ZNSt13move_iteratorIP11AsyncBufferIhEEppEv
FN:1119,_ZSteqIP11AsyncBufferIhEEbRKSt13move_iteratorIT_ES7_
FN:1131,_ZStneIP11AsyncBufferIhEEbRKSt13move_iteratorIT_ES7_
FN:1223,_ZSt32__make_move_if_noexcept_iteratorI11AsyncBufferIhESt13move_iteratorIPS1_EET0_PT_
FNDA:540450,_ZNSt13move_iteratorIP11AsyncBufferIhEEC2ES2_
FNDA:540463,_ZNKSt13move_iteratorIP11AsyncBufferIhEE4baseEv
FNDA:3,_ZNKSt13move_iteratorIP11AsyncBufferIhEEdeEv
FNDA:3,_ZNSt13move_iteratorIP11AsyncBufferIhEEppEv
FNDA:270221,_ZSteqIP11AsyncBufferIhEEbRKSt13move_iteratorIT_ES7_
FNDA:270221,_ZStneIP11AsyncBufferIhEEbRKSt13move_iteratorIT_ES7_
FNDA:540439,_ZSt32__make_move_if_noexcept_iteratorI11AsyncBufferIhESt13move_iteratorIPS1_EET0_PT_
FNF:7
FNH:7
DA:1032,540450
DA:1033,540450
DA:1040,540463
DA:1041,540463
DA:1044,3
DA:1045,3
DA:1052,3
DA:1054,3
DA:1055,3
DA:1119,270221
DA:1121,270221
DA:1131,270221
DA:1133,270221
DA:1223,540439
DA:1224,540439
LF:15
LH:15
end_of_record
SF:/usr/include/c++/6/bits/stl_iterator_base_funcs.h
FN:96,_ZSt10__distanceIPcENSt15iterator_traitsIT_E15difference_typeES2_S2_St26random_access_iterator_tag
FN:135,_ZSt8distanceIPcENSt15iterator_traitsIT_E15difference_typeES2_S2_
FNDA:0,_ZSt10__distanceIPcENSt15iterator_traitsIT_E15difference_typeES2_S2_St26random_access_iterator_tag
FNDA:0,_ZSt8distanceIPcENSt15iterator_traitsIT_E15difference_typeES2_S2_
FNF:2
FNH:0
DA:96,0
DA:102,0
DA:135,0
DA:138,0
DA:139,0
LF:5
LH:0
end_of_record
SF:/usr/include/c++/6/bits/stl_iterator_base_types.h
FN:204,_ZSt19__iterator_categoryIPcENSt15iterator_traitsIT_E17iterator_categoryERKS2_
FNDA:0,_ZSt19__iterator_categoryIPcENSt15iterator_traitsIT_E17iterator_categoryERKS2_
FNF:1
FNH:0
DA:204,0
DA:205,0
LF:2
LH:0
end_of_record
SF:/usr/include/c++/6/bits/stl_uninitialized.h
FN:68,_ZNSt20__uninitialized_copyILb0EE13__uninit_copyISt13move_iteratorIP11AsyncBufferIhEES5_EET0_T_S8_S7_
FN:107,_ZSt18uninitialized_copyISt13move_iteratorIP11AsyncBufferIhEES3_ET0_T_S6_S5_
FN:279,_ZSt22__uninitialized_copy_aISt13move_iteratorIP11AsyncBufferIhEES3_S2_ET0_T_S6_S5_RSaIT1_E
FN:297,_ZSt34__uninitialized_move_if_noexcept_aIP11AsyncBufferIhES2_SaIS1_EET0_T_S5_S4_RT1_
FN:513,_ZNSt27__uninitialized_default_n_1ILb0EE18__uninit_default_nIP11AsyncBufferIhEmEET_S5_T0_
FN:566,_ZSt25__uninitialized_default_nIP11AsyncBufferIhEmET_S3_T0_
FN:635,_ZSt27__uninitialized_default_n_aIP11AsyncBufferIhEmS1_ET_S3_T0_RSaIT1_E
FNDA:270244,_ZNSt20__uninitialized_copyILb0EE13__uninit_copyISt13move_iteratorIP11AsyncBufferIhEES5_EET0_T_S8_S7_
FNDA:270249,_ZSt18uninitialized_copyISt13move_iteratorIP11AsyncBufferIhEES3_ET0_T_S6_S5_
FNDA:270248,_ZSt22__uninitialized_copy_aISt13move_iteratorIP11AsyncBufferIhEES3_S2_ET0_T_S6_S5_RSaIT1_E
FNDA:270244,_ZSt34__uninitialized_move_if_noexcept_aIP11AsyncBufferIhES2_SaIS1_EET0_T_S5_S4_RT1_
FNDA:270226,_ZNSt27__uninitialized_default_n_1ILb0EE18__uninit_default_nIP11AsyncBufferIhEmEET_S5_T0_
FNDA:270219,_ZSt25__uninitialized_default_nIP11AsyncBufferIhEmET_S3_T0_
FNDA:270225,_ZSt27__uninitialized_default_n_aIP11AsyncBufferIhEmS1_ET_S3_T0_RSaIT1_E
FNF:7
FNH:7
DA:68,270244
DA:71,270244
DA:74,270250
DA:75,3
DA:76,270228
DA:78,0
DA:80,0
DA:81,0
DA:107,270249
DA:120,270249
DA:126,270249
DA:279,270248
DA:281,270248
DA:297,270244
DA:303,270244
DA:304,270249
DA:513,270226
DA:515,270226
DA:518,810650
DA:519,270222
DA:520,270216
DA:566,270219
DA:571,270219
DA:575,270219
DA:635,270225
DA:637,270225
LF:26
LH:23
end_of_record
SF:/usr/include/c++/6/bits/stl_vector.h
FN:79,_ZNSt12_Vector_baseI11AsyncBufferIhESaIS1_EE12_Vector_implD2Ev
FN:86,_ZNSt12_Vector_baseI11AsyncBufferIhESaIS1_EE12_Vector_implC2Ev
FN:113,_ZNSt12_Vector_baseI11AsyncBufferIhESaIS1_EE19_M_get_Tp_allocatorEv
FN:117,_ZNKSt12_Vector_baseI11AsyncBufferIhESaIS1_EE19_M_get_Tp_allocatorEv
FN:124,_ZNSt12_Vector_baseI11AsyncBufferIhESaIS1_EEC2Ev
FN:159,_ZNSt12_Vector_baseI11AsyncBufferIhESaIS1_EED2Ev
FN:167,_ZNSt12_Vector_baseI11AsyncBufferIhESaIS1_EE11_M_allocateEm
FN:174,_ZNSt12_Vector_baseI11AsyncBufferIhESaIS1_EE13_M_deallocateEPS1_m
FN:255,_ZNSt6vectorI11AsyncBufferIhESaIS1_EEC2Ev
FN:425,_ZNSt6vectorI11AsyncBufferIhESaIS1_EED2Ev
FN:655,_ZNKSt6vectorI11AsyncBufferIhESaIS1_EE4sizeEv
FN:660,_ZNKSt6vectorI11AsyncBufferIhESaIS1_EE8max_sizeEv
FN:674,_ZNSt6vectorI11AsyncBufferIhESaIS1_EE6resizeEm
FN:780,_ZNSt6vectorI11AsyncBufferIhESaIS1_EEixEm
FN:1420,_ZNKSt6vectorI11AsyncBufferIhESaIS1_EE12_M_check_lenEmPKc
FN:1434,_ZNSt6vectorI11AsyncBufferIhESaIS1_EE15_M_erase_at_endEPS1_
FNDA:2213772,_ZNSt12_Vector_baseI11AsyncBufferIhESaIS1_EE12_Vector_implD2Ev
FNDA:2224481,_ZNSt12_Vector_baseI11AsyncBufferIhESaIS1_EE12_Vector_implC2Ev
FNDA:3016506,_ZNSt12_Vector_baseI11AsyncBufferIhESaIS1_EE19_M_get_Tp_allocatorEv
FNDA:540409,_ZNKSt12_Vector_baseI11AsyncBufferIhESaIS1_EE19_M_get_Tp_allocatorEv
FNDA:2224516,_ZNSt12_Vector_baseI11AsyncBufferIhESaIS1_EEC2Ev
FNDA:2211475,_ZNSt12_Vector_baseI11AsyncBufferIhESaIS1_EED2Ev
FNDA:270247,_ZNSt12_Vector_baseI11AsyncBufferIhESaIS1_EE11_M_allocateEm
FNDA:2480554,_ZNSt12_Vector_baseI11AsyncBufferIhESaIS1_EE13_M_deallocateEPS1_m
FNDA:2224561,_ZNSt6vectorI11AsyncBufferIhESaIS1_EEC2Ev
FNDA:2209156,_ZNSt6vectorI11AsyncBufferIhESaIS1_EED2Ev
FNDA:3543653,_ZNKSt6vectorI11AsyncBufferIhESaIS1_EE4sizeEv
FNDA:540403,_ZNKSt6vectorI11AsyncBufferIhESaIS1_EE8max_sizeEv
FNDA:270246,_ZNSt6vectorI11AsyncBufferIhESaIS1_EE6resizeEm
FNDA:540471,_ZNSt6vectorI11AsyncBufferIhESaIS1_EEixEm
FNDA:270210,_ZNKSt6vectorI11AsyncBufferIhESaIS1_EE12_M_check_lenEmPKc
FNDA:0,_ZNSt6vectorI11AsyncBufferIhESaIS1_EE15_M_erase_at_endEPS1_
FNF:16
FNH:15
DA:79,2213772
DA:86,2224481
DA:87,2224481
DA:88,2224379
DA:113,3016506
DA:114,3016506
DA:117,540409
DA:118,540409
DA:124,2224516
DA:125,2224516
DA:159,2211475
DA:160,4422950
DA:161,4424598
DA:167,270247
DA:170,270247
DA:174,2480554
DA:177,2480554
DA:178,270266
DA:179,2480554
DA:255,2224561
DA:259,2224561
DA:425,2209156
DA:426,2209525
DA:427,4420928
DA:655,3543653
DA:656,3543653
DA:660,540403
DA:661,540403
DA:674,270246
DA:676,270246
DA:677,270247
DA:678,0
DA:679,0
DA:680,270233
DA:780,540471
DA:781,540471
DA:1420,270210
DA:1422,270210
DA:1423,0
DA:1425,270234
DA:1426,270220
DA:1434,0
DA:1436,0
DA:1437,0
DA:1438,0
LF:45
LH:38
end_of_record
SF:/usr/include/c++/6/bits/unique_ptr.h
FN:57,_ZNSt14default_deleteISt6vectorI11AsyncBufferIhESaIS2_EEEC2Ev
FN:70,_ZNKSt14default_deleteISt6vectorI11AsyncBufferIhESaIS2_EEEclEPS4_
FN:170,_ZNSt10unique_ptrIi7CloseFDEC2EPi
FN:170,_ZNSt10unique_ptrISt6vectorI11AsyncBufferIhESaIS2_EESt14default_deleteIS4_EEC2EPS4_
FN:209,_ZNSt10unique_ptrISt6vectorI11AsyncBufferIhESaIS2_EESt14default_deleteIS4_EEC2EOS7_
FN:235,_ZNSt10unique_ptrIi7CloseFDED2Ev
FN:235,_ZNSt10unique_ptrISt6vectorI11AsyncBufferIhESaIS2_EESt14default_deleteIS4_EED2Ev
FN:252,_ZNSt10unique_ptrISt6vectorI11AsyncBufferIhESaIS2_EESt14default_deleteIS4_EEaSEOS7_
FN:291,_ZNKSt10unique_ptrISt6vectorI11AsyncBufferIhESaIS2_EESt14default_deleteIS4_EEdeEv
FN:291,_ZNKSt10unique_ptrIi7CloseFDEdeEv
FN:299,_ZNKSt10unique_ptrISt6vectorI11AsyncBufferIhESaIS2_EESt14default_deleteIS4_EEptEv
FN:307,_ZNKSt10unique_ptrISt6vectorI11AsyncBufferIhESaIS2_EESt14default_deleteIS4_EE3getEv
FN:307,_ZNKSt10unique_ptrIi7CloseFDE3getEv
FN:312,_ZNSt10unique_ptrIi7CloseFDE11get_deleterEv
FN:312,_ZNSt10unique_ptrISt6vectorI11AsyncBufferIhESaIS2_EESt14default_deleteIS4_EE11get_deleterEv
FN:328,_ZNSt10unique_ptrISt6vectorI11AsyncBufferIhESaIS2_EESt14default_deleteIS4_EE7releaseEv
FN:342,_ZNSt10unique_ptrISt6vectorI11AsyncBufferIhESaIS2_EESt14default_deleteIS4_EE5resetEPS4_
FN:790,_ZSt11make_uniqueISt6vectorI11AsyncBufferIhESaIS2_EEJEENSt9_MakeUniqIT_E15__single_objectEDpOT0_
FNDA:2222553,_ZNSt14default_deleteISt6vectorI11AsyncBufferIhESaIS2_EEEC2Ev
FNDA:2208631,_ZNKSt14default_deleteISt6vectorI11AsyncBufferIhESaIS2_EEEclEPS4_
FNDA:2224346,_ZNSt10unique_ptrISt6vectorI11AsyncBufferIhESaIS2_EESt14default_deleteIS4_EEC2EPS4_
FNDA:3395,_ZNSt10unique_ptrIi7CloseFDEC2EPi
FNDA:270093,_ZNSt10unique_ptrISt6vectorI11AsyncBufferIhESaIS2_EESt14default_deleteIS4_EEC2EOS7_
FNDA:2478611,_ZNSt10unique_ptrISt6vectorI11AsyncBufferIhESaIS2_EESt14default_deleteIS4_EED2Ev
FNDA:3395,_ZNSt10unique_ptrIi7CloseFDED2Ev
FNDA:1113207,_ZNSt10unique_ptrISt6vectorI11AsyncBufferIhESaIS2_EESt14default_deleteIS4_EEaSEOS7_
FNDA:540472,_ZNKSt10unique_ptrISt6vectorI11AsyncBufferIhESaIS2_EESt14default_deleteIS4_EEdeEv
FNDA:6960,_ZNKSt10unique_ptrIi7CloseFDEdeEv
FNDA:1923167,_ZNKSt10unique_ptrISt6vectorI11AsyncBufferIhESaIS2_EESt14default_deleteIS4_EEptEv
FNDA:3842703,_ZNKSt10unique_ptrISt6vectorI11AsyncBufferIhESaIS2_EESt14default_deleteIS4_EE3getEv
FNDA:6960,_ZNKSt10unique_ptrIi7CloseFDE3getEv
FNDA:4668415,_ZNSt10unique_ptrISt6vectorI11AsyncBufferIhESaIS2_EESt14default_deleteIS4_EE11get_deleterEv
FNDA:3395,_ZNSt10unique_ptrIi7CloseFDE11get_deleterEv
FNDA:1383312,_ZNSt10unique_ptrISt6vectorI11AsyncBufferIhESaIS2_EESt14default_deleteIS4_EE7releaseEv
FNDA:1113316,_ZNSt10unique_ptrISt6vectorI11AsyncBufferIhESaIS2_EESt14default_deleteIS4_EE5resetEPS4_
FNDA:2223093,_ZSt11make_uniqueISt6vectorI11AsyncBufferIhESaIS2_EEJEENSt9_MakeUniqIT_E15__single_objectEDpOT0_
FNF:18
FNH:18
DA:57,2222553
DA:70,2208631
DA:76,2208631
DA:77,2224710
DA:170,2227741
DA:171,2227741
DA:173,2227080
DA:176,2227146
DA:209,270093
DA:210,270093
DA:235,2482006
DA:237,2482006
DA:238,2482142
DA:239,1116780
DA:240,2482142
DA:241,2482142
DA:252,1113207
DA:254,1113207
DA:255,1113364
DA:256,1113378
DA:291,547432
DA:294,547432
DA:299,1923167
DA:302,1923167
DA:307,3849663
DA:308,3849663
DA:312,4671810
DA:313,4671810
DA:328,1383312
DA:330,1383312
DA:331,1383494
DA:332,1383476
DA:342,1113316
DA:345,1113316
DA:346,1113354
DA:347,1113355
DA:348,1113365
DA:790,2223093
DA:791,2223093
LF:39
LH:39
end_of_record
SF:/usr/include/c++/6/bits/vector.tcc
FN:540,_ZNSt6vectorI11AsyncBufferIhESaIS1_EE17_M_default_appendEm
FNDA:270231,_ZNSt6vectorI11AsyncBufferIhESaIS1_EE17_M_default_appendEm
FNF:1
FNH:1
DA:540,270231
DA:543,270231
DA:545,540506
DA:546,270253
DA:548,1
DA:549,0
DA:550,0
DA:555,270253
DA:556,270245
DA:557,270246
DA:558,270258
DA:561,270249
DA:563,270249
DA:564,270258
DA:565,270224
DA:567,270225
DA:569,0
DA:571,0
DA:572,0
DA:573,0
DA:574,0
DA:576,270231
DA:577,270218
DA:578,270240
DA:579,270240
DA:580,270240
DA:581,270240
DA:582,270240
DA:583,270240
DA:586,270219
LF:30
LH:23
end_of_record
SF:/usr/include/c++/6/exception
FN:63,_ZNSt9exceptionC2Ev
FNDA:3,_ZNSt9exceptionC2Ev
FNF:1
FNH:1
DA:63,3
LF:1
LH:1
end_of_record
SF:/usr/include/c++/6/ext/new_allocator.h
FN:79,_ZN9__gnu_cxx13new_allocatorI11AsyncBufferIhEEC2Ev
FN:86,_ZN9__gnu_cxx13new_allocatorI11AsyncBufferIhEED2Ev
FN:99,_ZN9__gnu_cxx13new_allocatorI11AsyncBufferIhEE8allocateEmPKv
FN:109,_ZN9__gnu_cxx13new_allocatorI11AsyncBufferIhEE10deallocateEPS2_m
FN:113,_ZNK9__gnu_cxx13new_allocatorI11AsyncBufferIhEE8max_sizeEv
FNDA:2224331,_ZN9__gnu_cxx13new_allocatorI11AsyncBufferIhEEC2Ev
FNDA:2214100,_ZN9__gnu_cxx13new_allocatorI11AsyncBufferIhEED2Ev
FNDA:270228,_ZN9__gnu_cxx13new_allocatorI11AsyncBufferIhEE8allocateEmPKv
FNDA:270266,_ZN9__gnu_cxx13new_allocatorI11AsyncBufferIhEE10deallocateEPS2_m
FNDA:810585,_ZNK9__gnu_cxx13new_allocatorI11AsyncBufferIhEE8max_sizeEv
FNF:5
FNH:5
DA:79,2224331
DA:86,2214100
DA:99,270228
DA:101,270228
DA:102,0
DA:104,270233
DA:109,270266
DA:110,270266
DA:113,810585
DA:114,810585
LF:10
LH:9
end_of_record
SF:/usr/include/c++/6/ext/string_conversions.h
FN:89,_ZN9__gnu_cxx12__to_xstringINSt7__cxx1112basic_stringIcSt11char_traitsIcESaIcEEEcEET_PFiPT0_mPKS8_P13__va_list_tagEmSB_z
FNDA:0,_ZN9__gnu_cxx12__to_xstringINSt7__cxx1112basic_stringIcSt11char_traitsIcESaIcEEEcEET_PFiPT0_mPKS8_P13__va_list_tagEmSB_z
FNF:1
FNH:0
DA:89,0
DA:96,0
DA:99,0
DA:101,0
DA:103,0
DA:105,0
LF:6
LH:0
end_of_record
SF:/usr/include/c++/6/ext/type_traits.h
FN:152,_ZN9__gnu_cxx17__is_null_pointerIcEEbPT_
FNDA:0,_ZN9__gnu_cxx17__is_null_pointerIcEEbPT_
FNF:1
FNH:0
DA:152,0
DA:153,0
LF:2
LH:0
end_of_record
SF:/usr/include/c++/6/initializer_list
FN:66,_ZNSt16initializer_listIP12napi_value__EC1Ev
FN:71,_ZNKSt16initializer_listIP12napi_value__E4sizeEv
FN:71,_ZNKSt16initializer_listIN4Napi23ClassPropertyDescriptorI9DisruptorEEE4sizeEv
FN:75,_ZNKSt16initializer_listIP12napi_value__E5beginEv
FN:75,_ZNKSt16initializer_listIN4Napi23ClassPropertyDescriptorI9DisruptorEEE5beginEv
FNDA:0,_ZNSt16initializer_listIP12napi_value__EC1Ev
FNDA:253,_ZNKSt16initializer_listIN4Napi23ClassPropertyDescriptorI9DisruptorEEE4sizeEv
FNDA:317738,_ZNKSt16initializer_listIP12napi_value__E4sizeEv
FNDA:253,_ZNKSt16initializer_listIN4Napi23ClassPropertyDescriptorI9DisruptorEEE5beginEv
FNDA:317738,_ZNKSt16initializer_listIP12napi_value__E5beginEv
FNF:5
FNH:4
DA:66,0
DA:67,0
DA:71,317991
DA:75,317991
LF:4
LH:2
end_of_record
SF:/usr/include/c++/6/new
FN:146,_ZnwmPv
FNDA:270197,_ZnwmPv
FNF:1
FNH:1
DA:146,270197
DA:147,270197
LF:2
LH:2
end_of_record
SF:/usr/include/c++/6/tuple
FN:58,_ZNSt10_Head_baseILm1E7CloseFDLb1EEC2Ev
FN:58,_ZNSt10_Head_baseILm1ESt14default_deleteISt6vectorI11AsyncBufferIhESaIS3_EEELb1EEC2Ev
FN:68,_ZNSt10_Head_baseILm1ESt14default_deleteISt6vectorI11AsyncBufferIhESaIS3_EEELb1EEC2IS6_EEOT_
FN:95,_ZNSt10_Head_baseILm1E7CloseFDLb1EE7_M_headERS1_
FN:95,_ZNSt10_Head_baseILm1ESt14default_deleteISt6vectorI11AsyncBufferIhESaIS3_EEELb1EE7_M_headERS7_
FN:104,_ZNSt10_Head_baseILm0EPiLb0EEC2Ev
FN:104,_ZNSt10_Head_baseILm0EPSt6vectorI11AsyncBufferIhESaIS2_EELb0EEC2Ev
FN:114,_ZNSt10_Head_baseILm0EPSt6vectorI11AsyncBufferIhESaIS2_EELb0EEC2IS5_EEOT_
FN:142,_ZNSt10_Head_baseILm0EPSt6vectorI11AsyncBufferIhESaIS2_EELb0EE7_M_headERS6_
FN:142,_ZNSt10_Head_baseILm0EPiLb0EE7_M_headERS1_
FN:145,_ZNSt10_Head_baseILm0EPiLb0EE7_M_headERKS1_
FN:145,_ZNSt10_Head_baseILm0EPSt6vectorI11AsyncBufferIhESaIS2_EELb0EE7_M_headERKS6_
FN:190,_ZNSt11_Tuple_implILm0EJPSt6vectorI11AsyncBufferIhESaIS2_EESt14default_deleteIS4_EEE7_M_headERS8_
FN:190,_ZNSt11_Tuple_implILm0EJPi7CloseFDEE7_M_headERS2_
FN:193,_ZNSt11_Tuple_implILm0EJPi7CloseFDEE7_M_headERKS2_
FN:193,_ZNSt11_Tuple_implILm0EJPSt6vectorI11AsyncBufferIhESaIS2_EESt14default_deleteIS4_EEE7_M_headERKS8_
FN:201,_ZNSt11_Tuple_implILm0EJPSt6vectorI11AsyncBufferIhESaIS2_EESt14default_deleteIS4_EEEC2Ev
FN:201,_ZNSt11_Tuple_implILm0EJPi7CloseFDEEC2Ev
FN:211,_ZNSt11_Tuple_implILm0EJPSt6vectorI11AsyncBufferIhESaIS2_EESt14default_deleteIS4_EEEC2IS5_JS7_EvEEOT_DpOT0_
FN:346,_ZNSt11_Tuple_implILm1EJSt14default_deleteISt6vectorI11AsyncBufferIhESaIS3_EEEEE7_M_headERS7_
FN:346,_ZNSt11_Tuple_implILm1EJ7CloseFDEE7_M_headERS1_
FN:351,_ZNSt11_Tuple_implILm1EJ7CloseFDEEC2Ev
FN:351,_ZNSt11_Tuple_implILm1EJSt14default_deleteISt6vectorI11AsyncBufferIhESaIS3_EEEEEC2Ev
FN:360,_ZNSt11_Tuple_implILm1EJSt14default_deleteISt6vectorI11AsyncBufferIhESaIS3_EEEEEC2IS6_EEOT_
FN:878,_ZNSt5tupleIJPi7CloseFDEEC2IS0_S1_Lb1EEEv
FN:878,_ZNSt5tupleIJPSt6vectorI11AsyncBufferIhESaIS2_EESt14default_deleteIS4_EEEC2IS5_S7_Lb1EEEv
FN:930,_ZNSt5tupleIJPSt6vectorI11AsyncBufferIhESaIS2_EESt14default_deleteIS4_EEEC2IS5_S7_Lb1EEEOT_OT0_
FN:1247,_ZSt12__get_helperILm0EPiJ7CloseFDEERT0_RSt11_Tuple_implIXT_EJS2_DpT1_EE
FN:1247,_ZSt12__get_helperILm0EPSt6vectorI11AsyncBufferIhESaIS2_EEJSt14default_deleteIS4_EEERT0_RSt11_Tuple_implIXT_EJS8_DpT1_EE
FN:1247,_ZSt12__get_helperILm1ESt14default_deleteISt6vectorI11AsyncBufferIhESaIS3_EEEJEERT0_RSt11_Tuple_implIXT_EJS7_DpT1_EE
FN:1247,_ZSt12__get_helperILm1E7CloseFDJEERT0_RSt11_Tuple_implIXT_EJS1_DpT1_EE
FN:1252,_ZSt12__get_helperILm0EPSt6vectorI11AsyncBufferIhESaIS2_EEJSt14default_deleteIS4_EEERKT0_RKSt11_Tuple_implIXT_EJS8_DpT1_EE
FN:1252,_ZSt12__get_helperILm0EPiJ7CloseFDEERKT0_RKSt11_Tuple_implIXT_EJS2_DpT1_EE
FN:1258,_ZSt3getILm1EJPSt6vectorI11AsyncBufferIhESaIS2_EESt14default_deleteIS4_EEERNSt13tuple_elementIXT_ESt5tupleIJDpT0_EEE4typeERSC_
FN:1258,_ZSt3getILm1EJPi7CloseFDEERNSt13tuple_elementIXT_ESt5tupleIJDpT0_EEE4typeERS6_
FN:1258,_ZSt3getILm0EJPi7CloseFDEERNSt13tuple_elementIXT_ESt5tupleIJDpT0_EEE4typeERS6_
FN:1258,_ZSt3getILm0EJPSt6vectorI11AsyncBufferIhESaIS2_EESt14default_deleteIS4_EEERNSt13tuple_elementIXT_ESt5tupleIJDpT0_EEE4typeERSC_
FN:1264,_ZSt3getILm0EJPi7CloseFDEERKNSt13tuple_elementIXT_ESt5tupleIJDpT0_EEE4typeERKS6_
FN:1264,_ZSt3getILm0EJPSt6vectorI11AsyncBufferIhESaIS2_EESt14default_deleteIS4_EEERKNSt13tuple_elementIXT_ESt5tupleIJDpT0_EEE4typeERKSC_
FNDA:2224017,_ZNSt10_Head_baseILm1ESt14default_deleteISt6vectorI11AsyncBufferIhESaIS3_EEELb1EEC2Ev
FNDA:3395,_ZNSt10_Head_baseILm1E7CloseFDLb1EEC2Ev
FNDA:270207,_ZNSt10_Head_baseILm1ESt14default_deleteISt6vectorI11AsyncBufferIhESaIS3_EEELb1EEC2IS6_EEOT_
FNDA:4674752,_ZNSt10_Head_baseILm1ESt14default_deleteISt6vectorI11AsyncBufferIhESaIS3_EEELb1EE7_M_headERS7_
FNDA:3395,_ZNSt10_Head_baseILm1E7CloseFDLb1EE7_M_headERS1_
FNDA:2223376,_ZNSt10_Head_baseILm0EPSt6vectorI11AsyncBufferIhESaIS2_EELb0EEC2Ev
FNDA:3395,_ZNSt10_Head_baseILm0EPiLb0EEC2Ev
FNDA:270221,_ZNSt10_Head_baseILm0EPSt6vectorI11AsyncBufferIhESaIS2_EELb0EEC2IS5_EEOT_
FNDA:7125677,_ZNSt10_Head_baseILm0EPSt6vectorI11AsyncBufferIhESaIS2_EELb0EE7_M_headERS6_
FNDA:6790,_ZNSt10_Head_baseILm0EPiLb0EE7_M_headERS1_
FNDA:3842925,_ZNSt10_Head_baseILm0EPSt6vectorI11AsyncBufferIhESaIS2_EELb0EE7_M_headERKS6_
FNDA:6960,_ZNSt10_Head_baseILm0EPiLb0EE7_M_headERKS1_
FNDA:7122751,_ZNSt11_Tuple_implILm0EJPSt6vectorI11AsyncBufferIhESaIS2_EESt14default_deleteIS4_EEE7_M_headERS8_
FNDA:6790,_ZNSt11_Tuple_implILm0EJPi7CloseFDEE7_M_headERS2_
FNDA:3843799,_ZNSt11_Tuple_implILm0EJPSt6vectorI11AsyncBufferIhESaIS2_EESt14default_deleteIS4_EEE7_M_headERKS8_
FNDA:6960,_ZNSt11_Tuple_implILm0EJPi7CloseFDEE7_M_headERKS2_
FNDA:2224080,_ZNSt11_Tuple_implILm0EJPSt6vectorI11AsyncBufferIhESaIS2_EESt14default_deleteIS4_EEEC2Ev
FNDA:3395,_ZNSt11_Tuple_implILm0EJPi7CloseFDEEC2Ev
FNDA:270186,_ZNSt11_Tuple_implILm0EJPSt6vectorI11AsyncBufferIhESaIS2_EESt14default_deleteIS4_EEEC2IS5_JS7_EvEEOT_DpOT0_
FNDA:4673513,_ZNSt11_Tuple_implILm1EJSt14default_deleteISt6vectorI11AsyncBufferIhESaIS3_EEEEE7_M_headERS7_
FNDA:3395,_ZNSt11_Tuple_implILm1EJ7CloseFDEE7_M_headERS1_
FNDA:2223887,_ZNSt11_Tuple_implILm1EJSt14default_deleteISt6vectorI11AsyncBufferIhESaIS3_EEEEEC2Ev
FNDA:3395,_ZNSt11_Tuple_implILm1EJ7CloseFDEEC2Ev
FNDA:270201,_ZNSt11_Tuple_implILm1EJSt14default_deleteISt6vectorI11AsyncBufferIhESaIS3_EEEEEC2IS6_EEOT_
FNDA:2224271,_ZNSt5tupleIJPSt6vectorI11AsyncBufferIhESaIS2_EESt14default_deleteIS4_EEEC2IS5_S7_Lb1EEEv
FNDA:3395,_ZNSt5tupleIJPi7CloseFDEEC2IS0_S1_Lb1EEEv
FNDA:270169,_ZNSt5tupleIJPSt6vectorI11AsyncBufferIhESaIS2_EESt14default_deleteIS4_EEEC2IS5_S7_Lb1EEEOT_OT0_
FNDA:4672948,_ZSt12__get_helperILm1ESt14default_deleteISt6vectorI11AsyncBufferIhESaIS3_EEEJEERT0_RSt11_Tuple_implIXT_EJS7_DpT1_EE
FNDA:3395,_ZSt12__get_helperILm1E7CloseFDJEERT0_RSt11_Tuple_implIXT_EJS1_DpT1_EE
FNDA:7124683,_ZSt12__get_helperILm0EPSt6vectorI11AsyncBufferIhESaIS2_EEJSt14default_deleteIS4_EEERT0_RSt11_Tuple_implIXT_EJS8_DpT1_EE
FNDA:6790,_ZSt12__get_helperILm0EPiJ7CloseFDEERT0_RSt11_Tuple_implIXT_EJS2_DpT1_EE
FNDA:3844059,_ZSt12__get_helperILm0EPSt6vectorI11AsyncBufferIhESaIS2_EEJSt14default_deleteIS4_EEERKT0_RKSt11_Tuple_implIXT_EJS8_DpT1_EE
FNDA:6960,_ZSt12__get_helperILm0EPiJ7CloseFDEERKT0_RKSt11_Tuple_implIXT_EJS2_DpT1_EE
FNDA:4670748,_ZSt3getILm1EJPSt6vectorI11AsyncBufferIhESaIS2_EESt14default_deleteIS4_EEERNSt13tuple_elementIXT_ESt5tupleIJDpT0_EEE4typeERSC_
FNDA:3395,_ZSt3getILm1EJPi7CloseFDEERNSt13tuple_elementIXT_ESt5tupleIJDpT0_EEE4typeERS6_
FNDA:7124463,_ZSt3getILm0EJPSt6vectorI11AsyncBufferIhESaIS2_EESt14default_deleteIS4_EEERNSt13tuple_elementIXT_ESt5tupleIJDpT0_EEE4typeERSC_
FNDA:6790,_ZSt3getILm0EJPi7CloseFDEERNSt13tuple_elementIXT_ESt5tupleIJDpT0_EEE4typeERS6_
FNDA:3844830,_ZSt3getILm0EJPSt6vectorI11AsyncBufferIhESaIS2_EESt14default_deleteIS4_EEERKNSt13tuple_elementIXT_ESt5tupleIJDpT0_EEE4typeERKSC_
FNDA:6960,_ZSt3getILm0EJPi7CloseFDEERKNSt13tuple_elementIXT_ESt5tupleIJDpT0_EEE4typeERKS6_
FNF:39
FNH:39
DA:58,2227412
DA:59,2227412
DA:68,270207
DA:69,270207
DA:95,4678147
DA:104,2226771
DA:105,2226771
DA:114,270221
DA:115,270221
DA:142,7132467
DA:145,3849885
DA:190,7129541
DA:193,3850759
DA:201,2227475
DA:202,2227475
DA:211,270186
DA:213,270186
DA:346,4676908
DA:351,2227282
DA:352,2227282
DA:360,270201
DA:361,270201
DA:878,2227666
DA:879,2227666
DA:930,270169
DA:931,270169
DA:1247,11807816
DA:1248,11807816
DA:1252,3851019
DA:1253,3851019
DA:1258,11805396
DA:1259,11805396
DA:1264,3851790
DA:1265,3851790
LF:34
LH:34
end_of_record
SF:/home/david/shared-memory-disruptor/src/disruptor.cc
FN:47,_ZN9Disruptor4SpinEv
FN:138,_Z12NullCallbackRKN4Napi12CallbackInfoE
FN:142,_Z11GetCallbackRKN4Napi12CallbackInfoEj
FN:160,_ZN11AsyncBufferIhEC2Ev
FN:166,_ZN11AsyncBufferIhE3NewEN4Napi3EnvEPhm
FN:171,_ZN11AsyncBufferIhE3NewEN4Napi3EnvEm
FN:176,_ZN11AsyncBufferIhE7ToValueEN4Napi3EnvE
FN:192,_ZN11AsyncBufferIhE6LengthEv
FN:198,_ZN11AsyncBufferIhEC2EPhm
FN:209,_ZN10AsyncArrayI11AsyncBufferIhEED2Ev
FN:209,_ZN10AsyncArrayI11AsyncBufferIhEEC2EOS2_
FN:209,_ZN10AsyncArrayI11AsyncBufferIhEEaSEOS2_
FN:212,_ZN10AsyncArrayI11AsyncBufferIhEEC2Ev
FN:217,_ZN10AsyncArrayI11AsyncBufferIhEE3NewEN4Napi3EnvE
FN:222,_ZN10AsyncArrayI11AsyncBufferIhEE3SetEjS1_
FN:232,_ZN10AsyncArrayI11AsyncBufferIhEE7ToValueEN4Napi3EnvE
FN:243,_ZN10AsyncArrayI11AsyncBufferIhEE6LengthEv
FN:255,_ZN12AsyncBooleanC2Ev
FN:260,_ZN12AsyncBoolean3NewEN4Napi3EnvEb
FN:265,_ZN12AsyncBoolean7ToValueEN4Napi3EnvE
FN:270,_ZNK12AsyncBooleancvbEv
FN:276,_ZN12AsyncBooleanC2Eb
FN:288,_Z7ToValueRKN4Napi3EnvEm
FN:293,_Z7ToValueRKN4Napi3EnvERK14AsyncUndefined
FN:299,_ZN20DisruptorAsyncWorkerI10AsyncArrayI11AsyncBufferIhEEmmED2Ev
FN:299,_ZN20DisruptorAsyncWorkerI10AsyncArrayI11AsyncBufferIhEEmmED0Ev
FN:299,_ZN20DisruptorAsyncWorkerI10AsyncArrayI11AsyncBufferIhEEm14AsyncUndefinedED0Ev
FN:299,_ZN20DisruptorAsyncWorkerI11AsyncBufferIhEmmED2Ev
FN:299,_ZN20DisruptorAsyncWorkerI12AsyncBoolean14AsyncUndefinedS1_ED2Ev
FN:299,_ZN20DisruptorAsyncWorkerI12AsyncBoolean14AsyncUndefinedS1_ED0Ev
FN:299,_ZN20DisruptorAsyncWorkerI10AsyncArrayI11AsyncBufferIhEEm14AsyncUndefinedED2Ev
FN:299,_ZN20DisruptorAsyncWorkerI11AsyncBufferIhEmmED0Ev
FN:302,_ZN20DisruptorAsyncWorkerI10AsyncArrayI11AsyncBufferIhEEm14AsyncUndefinedEC2EP9DisruptorRKN4Napi8FunctionE
FN:302,_ZN20DisruptorAsyncWorkerI11AsyncBufferIhEmmEC2EP9DisruptorRKN4Napi8FunctionE
FN:302,_ZN20DisruptorAsyncWorkerI10AsyncArrayI11AsyncBufferIhEEmmEC2EP9DisruptorRKN4Napi8FunctionE
FN:302,_ZN20DisruptorAsyncWorkerI12AsyncBoolean14AsyncUndefinedS1_EC2EP9DisruptorRKN4Napi8FunctionE
FN:314,_ZN20DisruptorAsyncWorkerI10AsyncArrayI11AsyncBufferIhEEmmE4OnOKEv
FN:314,_ZN20DisruptorAsyncWorkerI10AsyncArrayI11AsyncBufferIhEEm14AsyncUndefinedE4OnOKEv
FN:314,_ZN20DisruptorAsyncWorkerI12AsyncBoolean14AsyncUndefinedS1_E4OnOKEv
FN:314,_ZN20DisruptorAsyncWorkerI11AsyncBufferIhEmmE4OnOKEv
FN:347,_ZN7CloseFDclEPi
FN:354,_Z15ThrowErrnoErrorRKN4Napi12CallbackInfoEPKc
FN:365,_ZN9DisruptorC2ERKN4Napi12CallbackInfoE
FN:427,_ZN9DisruptorD2Ev
FN:432,_ZN9Disruptor7ReleaseEv
FN:449,_ZN9Disruptor7ReleaseERKN4Napi12CallbackInfoE
FN:458,_ZN9Disruptor14ConsumeNewSyncIN4Napi5ArrayENS1_6BufferEEET_RKNS1_3EnvEbRm
FN:458,_ZN9Disruptor14ConsumeNewSyncI10AsyncArrayI11AsyncBufferIhEES2_EET_RKN4Napi3EnvEbRm
FN:516,_ZN9Disruptor14ConsumeNewSyncERKN4Napi12CallbackInfoE
FN:522,_ZN21ConsumeNewAsyncWorkerD2Ev
FN:522,_ZN21ConsumeNewAsyncWorkerD0Ev
FN:528,_ZN21ConsumeNewAsyncWorkerC2EP9DisruptorRKN4Napi8FunctionE
FN:539,_ZN21ConsumeNewAsyncWorker7ExecuteEv
FN:546,_ZN21ConsumeNewAsyncWorker5RetryEv
FN:552,_ZN9Disruptor15ConsumeNewAsyncERKN4Napi12CallbackInfoE
FN:557,_ZN9Disruptor10ConsumeNewERKN4Napi12CallbackInfoE
FN:572,_ZN9Disruptor13ConsumeCommitERKN4Napi12CallbackInfoE
FN:577,_ZN9Disruptor13UpdatePendingEmm
FN:583,_ZN9Disruptor13ConsumeCommitEv
FN:599,_ZN9Disruptor16ProduceClaimSyncIN4Napi6BufferEEET_IhERKNS1_3EnvEbRmS8_
FN:599,_ZN9Disruptor16ProduceClaimSyncI11AsyncBufferEET_IhERKN4Napi3EnvEbRmS8_
FN:644,_ZN9Disruptor16ProduceClaimSyncERKN4Napi12CallbackInfoE
FN:651,_ZN23ProduceClaimAsyncWorkerD0Ev
FN:651,_ZN23ProduceClaimAsyncWorkerD2Ev
FN:655,_ZN23ProduceClaimAsyncWorkerC2EP9DisruptorRKN4Napi8FunctionE
FN:665,_ZN23ProduceClaimAsyncWorker7ExecuteEv
FN:673,_ZN23ProduceClaimAsyncWorker5RetryEv
FN:679,_ZN9Disruptor17ProduceClaimAsyncERKN4Napi12CallbackInfoE
FN:684,_ZN9Disruptor12ProduceClaimERKN4Napi12CallbackInfoE
FN:699,_ZN9Disruptor17ProduceGetBuffersIN4Napi5ArrayENS1_6BufferEEEvRKNS1_3EnvEmmRT_
FN:699,_ZN9Disruptor17ProduceGetBuffersI10AsyncArrayI11AsyncBufferIhEES2_EEvRKN4Napi3EnvEmmRT_
FN:731,_ZN9Disruptor20ProduceClaimManySyncI10AsyncArrayI11AsyncBufferIhEES2_EET_RKN4Napi3EnvEjbRmSA_
FN:731,_ZN9Disruptor20ProduceClaimManySyncIN4Napi5ArrayENS1_6BufferEEET_RKNS1_3EnvEjbRmS8_
FN:773,_ZN9Disruptor20ProduceClaimManySyncERKN4Napi12CallbackInfoE
FN:780,_ZN27ProduceClaimManyAsyncWorkerD0Ev
FN:780,_ZN27ProduceClaimManyAsyncWorkerD2Ev
FN:786,_ZN27ProduceClaimManyAsyncWorkerC2EP9DisruptorRKN4Napi8FunctionEj
FN:800,_ZN27ProduceClaimManyAsyncWorker7ExecuteEv
FN:808,_ZN27ProduceClaimManyAsyncWorker5RetryEv
FN:817,_ZN9Disruptor21ProduceClaimManyAsyncERKN4Napi12CallbackInfoEj
FN:823,_ZN9Disruptor21ProduceClaimManyAsyncERKN4Napi12CallbackInfoE
FN:828,_ZN9Disruptor16ProduceClaimManyERKN4Napi12CallbackInfoE
FN:843,_ZN9Disruptor14ProduceRecoverERKN4Napi12CallbackInfoE
FN:862,_ZN9Disruptor17ProduceCommitSyncIN4Napi7BooleanEEET_RKNS1_3EnvEmmb
FN:862,_ZN9Disruptor17ProduceCommitSyncI12AsyncBooleanEET_RKN4Napi3EnvEmmb
FN:882,_ZN9Disruptor13UpdateSeqNextEmm
FN:888,_ZN9Disruptor10GetSeqNextERKN4Napi12CallbackInfoERmS4_
FN:904,_ZN9Disruptor17ProduceCommitSyncERKN4Napi12CallbackInfoE
FN:911,_ZN24ProduceCommitAsyncWorkerD0Ev
FN:911,_ZN24ProduceCommitAsyncWorkerD2Ev
FN:915,_ZN24ProduceCommitAsyncWorkerC2EP9DisruptorRKN4Napi8FunctionEmm
FN:927,_ZN24ProduceCommitAsyncWorker7ExecuteEv
FN:934,_ZN24ProduceCommitAsyncWorker5RetryEv
FN:943,_ZN9Disruptor18ProduceCommitAsyncERKN4Napi12CallbackInfoEmmj
FN:952,_ZN9Disruptor18ProduceCommitAsyncERKN4Napi12CallbackInfoE
FN:959,_ZN9Disruptor13ProduceCommitERKN4Napi12CallbackInfoE
FN:974,_ZN9Disruptor12GetConsumersERKN4Napi12CallbackInfoE
FN:979,_ZN9Disruptor9GetCursorERKN4Napi12CallbackInfoE
FN:984,_ZN9Disruptor7GetNextERKN4Napi12CallbackInfoE
FN:989,_ZN9Disruptor11GetElementsERKN4Napi12CallbackInfoE
FN:994,_ZN9Disruptor11GetConsumerERKN4Napi12CallbackInfoE
FN:999,_ZN9Disruptor21GetPendingSeqConsumerERKN4Napi12CallbackInfoE
FN:1004,_ZN9Disruptor19GetPendingSeqCursorERKN4Napi12CallbackInfoE
FN:1009,_ZN9Disruptor17GetPendingSeqNextERKN4Napi12CallbackInfoE
FN:1014,_ZN9Disruptor20GetPendingSeqNextEndERKN4Napi12CallbackInfoE
FN:1019,_ZN9Disruptor10InitializeEN4Napi3EnvENS0_6ObjectE
FN:1052,_Z10InitializeN4Napi3EnvENS_6ObjectES1_
FN:1057,_register_disruptor
FN:1057,_Z17__napi_InitializeP10napi_env__P12napi_value__S2_Pv
FNDA:3475385,_ZN9Disruptor4SpinEv
FNDA:1,_Z12NullCallbackRKN4Napi12CallbackInfoE
FNDA:317738,_Z11GetCallbackRKN4Napi12CallbackInfoEj
FNDA:602605,_ZN11AsyncBufferIhEC2Ev
FNDA:271015,_ZN11AsyncBufferIhE3NewEN4Napi3EnvEPhm
FNDA:331591,_ZN11AsyncBufferIhE3NewEN4Napi3EnvEm
FNDA:271079,_ZN11AsyncBufferIhE7ToValueEN4Napi3EnvE
FNDA:332396,_ZN11AsyncBufferIhE6LengthEv
FNDA:602584,_ZN11AsyncBufferIhEC2EPhm
FNDA:270112,_ZN10AsyncArrayI11AsyncBufferIhEEC2EOS2_
FNDA:1113218,_ZN10AsyncArrayI11AsyncBufferIhEEaSEOS2_
FNDA:2477782,_ZN10AsyncArrayI11AsyncBufferIhEED2Ev
FNDA:2223282,_ZN10AsyncArrayI11AsyncBufferIhEEC2Ev
FNDA:1113346,_ZN10AsyncArrayI11AsyncBufferIhEE3NewEN4Napi3EnvE
FNDA:270193,_ZN10AsyncArrayI11AsyncBufferIhEE3SetEjS1_
FNDA:270273,_ZN10AsyncArrayI11AsyncBufferIhEE7ToValueEN4Napi3EnvE
FNDA:1113363,_ZN10AsyncArrayI11AsyncBufferIhEE6LengthEv
FNDA:2029604,_ZN12AsyncBooleanC2Ev
FNDA:2029354,_ZN12AsyncBoolean3NewEN4Napi3EnvEb
FNDA:46652,_ZN12AsyncBoolean7ToValueEN4Napi3EnvE
FNDA:2029199,_ZNK12AsyncBooleancvbEv
FNDA:2029298,_ZN12AsyncBooleanC2Eb
FNDA:271914,_Z7ToValueRKN4Napi3EnvEm
FNDA:363562,_Z7ToValueRKN4Napi3EnvERK14AsyncUndefined
FNDA:0,_ZN20DisruptorAsyncWorkerI12AsyncBoolean14AsyncUndefinedS1_ED0Ev
FNDA:2029604,_ZN20DisruptorAsyncWorkerI12AsyncBoolean14AsyncUndefinedS1_ED2Ev
FNDA:0,_ZN20DisruptorAsyncWorkerI10AsyncArrayI11AsyncBufferIhEEmmED0Ev
FNDA:291467,_ZN20DisruptorAsyncWorkerI10AsyncArrayI11AsyncBufferIhEEmmED2Ev
FNDA:0,_ZN20DisruptorAsyncWorkerI11AsyncBufferIhEmmED0Ev
FNDA:332396,_ZN20DisruptorAsyncWorkerI11AsyncBufferIhEmmED2Ev
FNDA:0,_ZN20DisruptorAsyncWorkerI10AsyncArrayI11AsyncBufferIhEEm14AsyncUndefinedED0Ev
FNDA:821918,_ZN20DisruptorAsyncWorkerI10AsyncArrayI11AsyncBufferIhEEm14AsyncUndefinedED2Ev
FNDA:2029604,_ZN20DisruptorAsyncWorkerI12AsyncBoolean14AsyncUndefinedS1_EC2EP9DisruptorRKN4Napi8FunctionE
FNDA:291467,_ZN20DisruptorAsyncWorkerI10AsyncArrayI11AsyncBufferIhEEmmEC2EP9DisruptorRKN4Napi8FunctionE
FNDA:332396,_ZN20DisruptorAsyncWorkerI11AsyncBufferIhEmmEC2EP9DisruptorRKN4Napi8FunctionE
FNDA:821918,_ZN20DisruptorAsyncWorkerI10AsyncArrayI11AsyncBufferIhEEm14AsyncUndefinedEC2EP9DisruptorRKN4Napi8FunctionE
FNDA:821918,_ZN20DisruptorAsyncWorkerI10AsyncArrayI11AsyncBufferIhEEm14AsyncUndefinedE4OnOKEv
FNDA:332396,_ZN20DisruptorAsyncWorkerI11AsyncBufferIhEmmE4OnOKEv
FNDA:291467,_ZN20DisruptorAsyncWorkerI10AsyncArrayI11AsyncBufferIhEEmmE4OnOKEv
FNDA:2029604,_ZN20DisruptorAsyncWorkerI12AsyncBoolean14AsyncUndefinedS1_E4OnOKEv
FNDA:3395,_ZN7CloseFDclEPi
FNDA:3,_Z15ThrowErrnoErrorRKN4Napi12CallbackInfoEPKc
FNDA:3395,_ZN9DisruptorC2ERKN4Napi12CallbackInfoE
FNDA:2840,_ZN9DisruptorD2Ev
FNDA:5980,_ZN9Disruptor7ReleaseEv
FNDA:3140,_ZN9Disruptor7ReleaseERKN4Napi12CallbackInfoE
FNDA:821898,_ZN9Disruptor14ConsumeNewSyncI10AsyncArrayI11AsyncBufferIhEES2_EET_RKN4Napi3EnvEbRm
FNDA:626860,_ZN9Disruptor14ConsumeNewSyncIN4Napi5ArrayENS1_6BufferEEET_RKNS1_3EnvEbRm
FNDA:87549,_ZN9Disruptor14ConsumeNewSyncERKN4Napi12CallbackInfoE
FNDA:821918,_ZN21ConsumeNewAsyncWorkerD0Ev
FNDA:821918,_ZN21ConsumeNewAsyncWorkerD2Ev
FNDA:821918,_ZN21ConsumeNewAsyncWorkerC2EP9DisruptorRKN4Napi8FunctionE
FNDA:821909,_ZN21ConsumeNewAsyncWorker7ExecuteEv
FNDA:551660,_ZN21ConsumeNewAsyncWorker5RetryEv
FNDA:270258,_ZN9Disruptor15ConsumeNewAsyncERKN4Napi12CallbackInfoE
FNDA:539311,_ZN9Disruptor10ConsumeNewERKN4Napi12CallbackInfoE
FNDA:626865,_ZN9Disruptor13ConsumeCommitERKN4Napi12CallbackInfoE
FNDA:626778,_ZN9Disruptor13UpdatePendingEmm
FNDA:2075631,_ZN9Disruptor13ConsumeCommitEv
FNDA:332396,_ZN9Disruptor16ProduceClaimSyncI11AsyncBufferEET_IhERKN4Napi3EnvEbRmS8_
FNDA:286070,_ZN9Disruptor16ProduceClaimSyncIN4Napi6BufferEEET_IhERKNS1_3EnvEbRmS8_
FNDA:234181,_ZN9Disruptor16ProduceClaimSyncERKN4Napi12CallbackInfoE
FNDA:332396,_ZN23ProduceClaimAsyncWorkerD0Ev
FNDA:332396,_ZN23ProduceClaimAsyncWorkerD2Ev
FNDA:332396,_ZN23ProduceClaimAsyncWorkerC2EP9DisruptorRKN4Napi8FunctionE
FNDA:332396,_ZN23ProduceClaimAsyncWorker7ExecuteEv
FNDA:331583,_ZN23ProduceClaimAsyncWorker5RetryEv
FNDA:813,_ZN9Disruptor17ProduceClaimAsyncERKN4Napi12CallbackInfoE
FNDA:51889,_ZN9Disruptor12ProduceClaimERKN4Napi12CallbackInfoE
FNDA:9,_ZN9Disruptor17ProduceGetBuffersI10AsyncArrayI11AsyncBufferIhEES2_EEvRKN4Napi3EnvEmmRT_
FNDA:32,_ZN9Disruptor17ProduceGetBuffersIN4Napi5ArrayENS1_6BufferEEEvRKNS1_3EnvEmmRT_
FNDA:291467,_ZN9Disruptor20ProduceClaimManySyncI10AsyncArrayI11AsyncBufferIhEES2_EET_RKN4Napi3EnvEjbRmSA_
FNDA:24,_ZN9Disruptor20ProduceClaimManySyncIN4Napi5ArrayENS1_6BufferEEET_RKNS1_3EnvEjbRmS8_
FNDA:11,_ZN9Disruptor20ProduceClaimManySyncERKN4Napi12CallbackInfoE
FNDA:291467,_ZN27ProduceClaimManyAsyncWorkerD0Ev
FNDA:291467,_ZN27ProduceClaimManyAsyncWorkerD2Ev
FNDA:291467,_ZN27ProduceClaimManyAsyncWorkerC2EP9DisruptorRKN4Napi8FunctionEj
FNDA:291467,_ZN27ProduceClaimManyAsyncWorker7ExecuteEv
FNDA:291452,_ZN27ProduceClaimManyAsyncWorker5RetryEv
FNDA:15,_ZN9Disruptor21ProduceClaimManyAsyncERKN4Napi12CallbackInfoEj
FNDA:11,_ZN9Disruptor21ProduceClaimManyAsyncERKN4Napi12CallbackInfoE
FNDA:13,_ZN9Disruptor16ProduceClaimManyERKN4Napi12CallbackInfoE
FNDA:57,_ZN9Disruptor14ProduceRecoverERKN4Napi12CallbackInfoE
FNDA:2028529,_ZN9Disruptor17ProduceCommitSyncI12AsyncBooleanEET_RKN4Napi3EnvEmmb
FNDA:286076,_ZN9Disruptor17ProduceCommitSyncIN4Napi7BooleanEEET_RKNS1_3EnvEmmb
FNDA:909972,_ZN9Disruptor13UpdateSeqNextEmm
FNDA:286887,_ZN9Disruptor10GetSeqNextERKN4Napi12CallbackInfoERmS4_
FNDA:234184,_ZN9Disruptor17ProduceCommitSyncERKN4Napi12CallbackInfoE
FNDA:2029604,_ZN24ProduceCommitAsyncWorkerD0Ev
FNDA:2029604,_ZN24ProduceCommitAsyncWorkerD2Ev
FNDA:2029604,_ZN24ProduceCommitAsyncWorkerC2EP9DisruptorRKN4Napi8FunctionEmm
FNDA:2028805,_ZN24ProduceCommitAsyncWorker7ExecuteEv
FNDA:1982952,_ZN24ProduceCommitAsyncWorker5RetryEv
FNDA:46652,_ZN9Disruptor18ProduceCommitAsyncERKN4Napi12CallbackInfoEmmj
FNDA:811,_ZN9Disruptor18ProduceCommitAsyncERKN4Napi12CallbackInfoE
FNDA:51892,_ZN9Disruptor13ProduceCommitERKN4Napi12CallbackInfoE
FNDA:9,_ZN9Disruptor12GetConsumersERKN4Napi12CallbackInfoE
FNDA:154,_ZN9Disruptor9GetCursorERKN4Napi12CallbackInfoE
FNDA:154,_ZN9Disruptor7GetNextERKN4Napi12CallbackInfoE
FNDA:1167,_ZN9Disruptor11GetElementsERKN4Napi12CallbackInfoE
FNDA:154,_ZN9Disruptor11GetConsumerERKN4Napi12CallbackInfoE
FNDA:539377,_ZN9Disruptor21GetPendingSeqConsumerERKN4Napi12CallbackInfoE
FNDA:54,_ZN9Disruptor19GetPendingSeqCursorERKN4Napi12CallbackInfoE
FNDA:52748,_ZN9Disruptor17GetPendingSeqNextERKN4Napi12CallbackInfoE
FNDA:52748,_ZN9Disruptor20GetPendingSeqNextEndERKN4Napi12CallbackInfoE
FNDA:253,_ZN9Disruptor10InitializeEN4Napi3EnvENS0_6ObjectE
FNDA:253,_Z10InitializeN4Napi3EnvENS_6ObjectES1_
FNDA:253,_register_disruptor
FNDA:253,_Z17__napi_InitializeP10napi_env__P12napi_value__S2_Pv
FNF:109
FNH:105
DA:47,3475385
DA:49,3475385
DA:138,1
DA:140,1
DA:142,317738
DA:144,317738
DA:146,317738
DA:147,317738
DA:149,317737
DA:153,1
DA:160,602605
DA:162,602605
DA:164,602605
DA:166,271015
DA:168,271015
DA:171,331591
DA:173,331591
DA:176,271079
DA:178,271079
DA:180,271079
DA:182,271071
DA:186,8
DA:189,271079
DA:192,332396
DA:194,332396
DA:198,602584
DA:200,602584
DA:202,602584
DA:209,3861112
DA:212,2223282
DA:213,2223282
DA:215,2223769
DA:217,1113346
DA:219,1113346
DA:222,270193
DA:224,270193
DA:226,270242
DA:229,270231
DA:230,270247
DA:232,270273
DA:234,270273
DA:235,270273
DA:236,540539
DA:238,270266
DA:240,270273
DA:243,1113363
DA:245,1113363
DA:255,2029604
DA:256,2029604
DA:258,2029604
DA:260,2029354
DA:262,2029354
DA:265,46652
DA:267,46652
DA:270,2029199
DA:272,2029199
DA:276,2029298
DA:277,2029298
DA:279,2029298
DA:288,271914
DA:290,271914
DA:293,363562
DA:295,363562
DA:299,3475385
DA:302,3475385
DA:307,3475385
DA:309,3475385
DA:314,3475385
DA:316,3475385
DA:318,3157647
DA:321,317738
DA:323,1588690
DA:324,317738
DA:327,635476
DA:329,635476
DA:330,635476
DA:347,3395
DA:349,3395
DA:350,3395
DA:351,3395
DA:354,3
DA:356,3
DA:357,3
DA:358,3
DA:361,6
DA:362,9
DA:365,3395
DA:367,3398
DA:370,3395
DA:371,3395
DA:372,3395
DA:373,3395
DA:374,3395
DA:375,3395
DA:376,3395
DA:380,6790
DA:382,6790
DA:383,3395
DA:385,3
DA:392,6784
DA:393,3392
DA:397,3392
DA:403,3392
DA:406,3392
DA:408,3392
DA:414,3392
DA:415,3392
DA:416,3392
DA:417,3392
DA:418,3392
DA:420,3392
DA:421,3392
DA:423,3392
DA:424,3392
DA:425,3392
DA:427,5680
DA:429,2840
DA:430,2840
DA:432,5980
DA:434,5980
DA:436,3140
DA:438,3140
DA:443,3140
DA:446,5980
DA:449,3140
DA:451,3140
DA:455,3140
DA:458,1448758
DA:465,1448758
DA:467,459327478
DA:469,459954336
DA:470,459954336
DA:471,459954336
DA:472,459954336
DA:474,459954336
DA:476,896511
DA:478,1252532
DA:480,626266
DA:481,626266
DA:483,626278
DA:484,626227
DA:485,626227
DA:488,459328029
DA:490,555
DA:492,1102
DA:494,551
DA:495,551
DA:497,551
DA:499,415
DA:502,415
DA:505,551
DA:506,551
DA:507,551
DA:512,821904
DA:513,821904
DA:516,87549
DA:519,87549
DA:522,1643836
DA:528,821918
DA:529,821918
DA:533,821918
DA:535,821918
DA:536,821918
DA:539,821909
DA:542,821909
DA:543,821901
DA:544,821889
DA:546,551660
DA:548,551660
DA:549,551660
DA:552,270258
DA:554,270258
DA:555,270258
DA:557,539311
DA:561,539311
DA:563,539311
DA:565,269065
DA:568,270246
DA:569,270246
DA:572,626865
DA:574,626865
DA:577,626778
DA:579,626778
DA:580,626778
DA:581,626778
DA:583,2075631
DA:585,2075631
DA:587,2075631
DA:589,626865
DA:591,626865
DA:592,626865
DA:595,2075631
DA:599,32342776
DA:604,32055910
DA:606,32342776
DA:608,32342776
DA:610,41466882
DA:612,41164046
DA:614,41164046
DA:616,32039940
DA:617,32039940
DA:621,32645612
DA:622,302836
DA:624,573732
DA:626,286866
DA:627,573732
DA:629,286866
DA:630,286866
DA:631,286866
DA:633,286866
DA:638,331600
DA:639,331600
DA:640,331600
DA:641,331600
DA:644,234181
DA:647,468362
DA:648,702543
DA:651,664792
DA:655,332396
DA:656,332396
DA:658,332396
DA:660,332396
DA:661,332396
DA:662,332396
DA:665,332396
DA:668,332396
DA:669,664792
DA:670,332396
DA:671,332396
DA:673,331583
DA:675,331583
DA:676,331583
DA:679,813
DA:681,813
DA:682,813
DA:684,51889
DA:688,51889
DA:689,51889
DA:691,51884
DA:694,5
DA:695,5
DA:699,41
DA:704,41
DA:705,41
DA:707,41
DA:709,6
DA:711,3
DA:712,3
DA:714,3
DA:717,3
DA:721,76
DA:723,38
DA:724,38
DA:727,41
DA:728,41
DA:731,291491
DA:737,291465
DA:739,291491
DA:740,291491
DA:742,291491
DA:744,291517
DA:746,291491
DA:748,291491
DA:750,291465
DA:751,291465
DA:755,291517
DA:756,26
DA:758,35
DA:759,26
DA:760,26
DA:761,26
DA:762,26
DA:767,291465
DA:768,291465
DA:769,291465
DA:770,291465
DA:773,11
DA:776,22
DA:777,33
DA:780,582934
DA:786,291467
DA:788,291467
DA:793,291467
DA:795,291467
DA:796,291467
DA:797,291467
DA:800,291467
DA:803,874401
DA:804,874401
DA:805,291467
DA:806,291467
DA:808,291452
DA:810,291452
DA:811,291452
DA:817,15
DA:820,15
DA:821,15
DA:823,11
DA:825,11
DA:826,11
DA:828,13
DA:830,13
DA:833,13
DA:834,13
DA:836,9
DA:839,4
DA:840,4
DA:843,57
DA:845,57
DA:846,57
DA:848,57
DA:850,105
DA:851,87
DA:852,30
DA:855,15
DA:858,57
DA:862,2314605
DA:867,2314605
DA:869,479225172
DA:871,479512048
DA:873,286876
DA:879,2027729
DA:882,909972
DA:884,909972
DA:885,909972
DA:886,909972
DA:888,286887
DA:892,286887
DA:894,10
DA:895,10
DA:896,10
DA:899,286877
DA:900,286877
DA:901,286877
DA:904,234184
DA:907,234184
DA:908,234184
DA:911,4059208
DA:915,2029604
DA:918,2029604
DA:922,2029604
DA:924,2029604
DA:927,2028805
DA:930,2028805
DA:931,2029140
DA:932,2029301
DA:934,1982952
DA:936,1982952
DA:937,1982952
DA:943,46652
DA:949,46652
DA:950,46652
DA:952,811
DA:955,811
DA:956,811
DA:957,811
DA:959,51892
DA:962,51892
DA:964,51892
DA:965,51892
DA:967,6051
DA:970,45841
DA:971,45841
DA:974,9
DA:976,9
DA:979,154
DA:981,154
DA:984,154
DA:986,154
DA:989,1167
DA:991,1167
DA:994,154
DA:996,154
DA:999,539377
DA:1001,539377
DA:1004,54
DA:1006,54
DA:1009,52748
DA:1011,52748
DA:1014,52748
DA:1016,52748
DA:1019,253
DA:1021,506
DA:1023,253
DA:1024,253
DA:1025,253
DA:1026,253
DA:1027,253
DA:1028,253
DA:1029,253
DA:1030,253
DA:1031,253
DA:1032,253
DA:1033,253
DA:1034,253
DA:1035,253
DA:1036,253
DA:1039,253
DA:1040,253
DA:1041,253
DA:1042,253
DA:1043,253
DA:1044,253
DA:1045,253
DA:1046,253
DA:1047,253
DA:1048,253
DA:1049,6578
DA:1050,253
DA:1052,253
DA:1054,253
DA:1055,253
DA:1057,506
LF:413
LH:413
end_of_record
