TN:
SF:/home/david/shared-memory-disruptor/node_modules/node-addon-api/napi-inl.h
FN:29,_ZN4Napi7detailsL10AttachDataINS_18MethodCallbackDataI9DisruptorMS3_FNS_5ValueERKNS_12CallbackInfoEEEEEE11napi_statusP10napi_env__P12napi_value__PT_PFvSD_PvSI_ESI_
FN:29,_ZN4Napi7detailsL10AttachDataINS_20AccessorCallbackDataI9DisruptorPFNS_5ValueERKNS_12CallbackInfoEEPFvS7_RKS4_EEEEE11napi_statusP10napi_env__P12napi_value__PT_PFvSH_PvSM_ESM_
FN:29,_ZN4Napi7detailsL10AttachDataINS_18MethodCallbackDataI9DisruptorMS3_FvRKNS_12CallbackInfoEEEEEE11napi_statusP10napi_env__P12napi_value__PT_PFvSC_PvSH_ESH_
FN:29,_ZN4Napi7detailsL10AttachDataINS_20AccessorCallbackDataI9DisruptorMS3_FNS_5ValueERKNS_12CallbackInfoEEMS3_FvS7_RKS4_EEEEE11napi_statusP10napi_env__P12napi_value__PT_PFvSH_PvSM_ESM_
FN:29,_ZN4Napi7detailsL10AttachDataINS_18MethodCallbackDataI9DisruptorPFNS_5ValueERKNS_12CallbackInfoEEEEEE11napi_statusP10napi_env__P12napi_value__PT_PFvSD_PvSI_ESI_
FN:29,_ZN4Napi7detailsL10AttachDataINS_18MethodCallbackDataI9DisruptorPFvRKNS_12CallbackInfoEEEEEE11napi_statusP10napi_env__P12napi_value__PT_PFvSC_PvSH_ESH_
FN:36,_ZZN4Napi7detailsL10AttachDataINS_20AccessorCallbackDataI9DisruptorPFNS_5ValueERKNS_12CallbackInfoEEPFvS7_RKS4_EEEEE11napi_statusP10napi_env__P12napi_value__PT_PFvSH_PvSM_ESM_ENKUlSH_SM_SM_E_clESH_SM_SM_
FN:36,_ZZN4Napi7detailsL10AttachDataINS_20AccessorCallbackDataI9DisruptorMS3_FNS_5ValueERKNS_12CallbackInfoEEMS3_FvS7_RKS4_EEEEE11napi_statusP10napi_env__P12napi_value__PT_PFvSH_PvSM_ESM_ENKUlSH_SM_SM_E_clESH_SM_SM_
FN:36,_ZZN4Napi7detailsL10AttachDataINS_18MethodCallbackDataI9DisruptorMS3_FNS_5ValueERKNS_12CallbackInfoEEEEEE11napi_statusP10napi_env__P12napi_value__PT_PFvSD_PvSI_ESI_ENKUlSD_SI_SI_E_clESD_SI_SI_
FN:36,_ZZN4Napi7detailsL10AttachDataINS_18MethodCallbackDataI9DisruptorMS3_FvRKNS_12CallbackInfoEEEEEE11napi_statusP10napi_env__P12napi_value__PT_PFvSC_PvSH_ESH_ENKUlSC_SH_SH_E_clESC_SH_SH_
FN:36,_ZZN4Napi7detailsL10AttachDataINS_18MethodCallbackDataI9DisruptorPFvRKNS_12CallbackInfoEEEEEE11napi_statusP10napi_env__P12napi_value__PT_PFvSC_PvSH_ESH_ENKUlSC_SH_SH_E_clESC_SH_SH_
FN:36,_ZZN4Napi7detailsL10AttachDataINS_18MethodCallbackDataI9DisruptorPFNS_5ValueERKNS_12CallbackInfoEEEEEE11napi_statusP10napi_env__P12napi_value__PT_PFvSD_PvSI_ESI_ENKUlSD_SI_SI_E_clESD_SI_SI_
FN:72,_ZN4Napi7details12WrapCallbackIZNS0_L25TemplatedInstanceCallbackI9DisruptorXadL_ZNS3_20ProduceClaimManySyncERKNS_12CallbackInfoEEEEEP12napi_value__P10napi_env__P20napi_callback_info__EUlvE_EES8_T_
FN:72,_ZN4Napi7details12WrapCallbackIZNS0_L25TemplatedInstanceCallbackI9DisruptorXadL_ZNS3_14GetElementSizeERKNS_12CallbackInfoEEEEEP12napi_value__P10napi_env__P20napi_callback_info__EUlvE_EES8_T_
FN:72,_ZN4Napi7details12WrapCallbackIZNS0_L25TemplatedInstanceCallbackI9DisruptorXadL_ZNS3_10ConsumeNewERKNS_12CallbackInfoEEEEEP12napi_value__P10napi_env__P20napi_callback_info__EUlvE_EES8_T_
FN:72,_ZN4Napi7details12WrapCallbackIZNS0_L25TemplatedInstanceCallbackI9DisruptorXadL_ZNS3_13ProduceCommitERKNS_12CallbackInfoEEEEEP12napi_value__P10napi_env__P20napi_callback_info__EUlvE_EES8_T_
FN:72,_ZN4Napi7details12WrapCallbackIZNS_12InstanceWrapI9DisruptorE33InstanceVoidMethodCallbackWrapperEP10napi_env__P20napi_callback_info__EUlvE_EEP12napi_value__T_
FN:72,_ZN4Napi7details12WrapCallbackIZNS0_L25TemplatedInstanceCallbackI9DisruptorXadL_ZNS3_17GetPendingSeqNextERKNS_12CallbackInfoEEEEEP12napi_value__P10napi_env__P20napi_callback_info__EUlvE_EES8_T_
FN:72,_ZN4Napi7details12WrapCallbackIZNS_11AsyncWorker14OnWorkCompleteENS_3EnvE11napi_statusEUlvE_EEP12napi_value__T_
FN:72,_ZN4Napi7details12WrapCallbackIZNS0_L29TemplatedInstanceVoidCallbackI9DisruptorXadL_ZNS3_18ProduceCommitAsyncERKNS_12CallbackInfoEEEEEP12napi_value__P10napi_env__P20napi_callback_info__EUlvE_EES8_T_
FN:72,_ZN4Napi7details12WrapCallbackIZNS0_L25TemplatedInstanceCallbackI9DisruptorXadL_ZNS3_13ConsumeCommitERKNS_12CallbackInfoEEEEEP12napi_value__P10napi_env__P20napi_callback_info__EUlvE_EES8_T_
FN:72,_ZN4Napi7details12WrapCallbackIZNS0_L25TemplatedInstanceCallbackI9DisruptorXadL_ZNS3_11GetConsumerERKNS_12CallbackInfoEEEEEP12napi_value__P10napi_env__P20napi_callback_info__EUlvE_EES8_T_
FN:72,_ZN4Napi7details12WrapCallbackIZNS0_L29TemplatedInstanceVoidCallbackI9DisruptorXadL_ZNS3_7ReleaseERKNS_12CallbackInfoEEEEEP12napi_value__P10napi_env__P20napi_callback_info__EUlvE_EES8_T_
FN:72,_ZN4Napi7details12WrapCallbackIZNS_12InstanceWrapI9DisruptorE29InstanceGetterCallbackWrapperEP10napi_env__P20napi_callback_info__EUlvE_EEP12napi_value__T_
FN:72,_ZN4Napi7details12WrapCallbackIZNS0_L25TemplatedInstanceCallbackI9DisruptorXadL_ZNS3_14ConsumeNewSyncERKNS_12CallbackInfoEEEEEP12napi_value__P10napi_env__P20napi_callback_info__EUlvE_EES8_T_
FN:72,_ZN4Napi7details12WrapCallbackIZNS0_L25TemplatedInstanceCallbackI9DisruptorXadL_ZNS3_19GetPendingSeqCursorERKNS_12CallbackInfoEEEEEP12napi_value__P10napi_env__P20napi_callback_info__EUlvE_EES8_T_
FN:72,_ZN4Napi7details12WrapCallbackIZNS_10ObjectWrapI9DisruptorE26ConstructorCallbackWrapperEP10napi_env__P20napi_callback_info__EUlvE_EEP12napi_value__T_
FN:72,_ZN4Napi7details12WrapCallbackIZNS0_L29TemplatedInstanceVoidCallbackI9DisruptorXadL_ZNS3_15ConsumeNewAsyncERKNS_12CallbackInfoEEEEEP12napi_value__P10napi_env__P20napi_callback_info__EUlvE_EES8_T_
FN:72,_ZN4Napi7details12WrapCallbackIZNS0_L25TemplatedInstanceCallbackI9DisruptorXadL_ZNS3_21GetPendingSeqConsumerERKNS_12CallbackInfoEEEEEP12napi_value__P10napi_env__P20napi_callback_info__EUlvE_EES8_T_
FN:72,_ZN4Napi7details12WrapCallbackIZNS0_L25TemplatedInstanceCallbackI9DisruptorXadL_ZNS3_20GetPendingSeqNextEndERKNS_12CallbackInfoEEEEEP12napi_value__P10napi_env__P20napi_callback_info__EUlvE_EES8_T_
FN:72,_ZN4Napi7details12WrapCallbackIZNS_14RegisterModuleEP10napi_env__P12napi_value__PFNS_6ObjectENS_3EnvES6_EEUlvE_EES5_T_
FN:72,_ZN4Napi7details12WrapCallbackIZNS0_L25TemplatedInstanceCallbackI9DisruptorXadL_ZNS3_12GetConsumersERKNS_12CallbackInfoEEEEEP12napi_value__P10napi_env__P20napi_callback_info__EUlvE_EES8_T_
FN:72,_ZN4Napi7details12WrapCallbackIZNS_12InstanceWrapI9DisruptorE29InstanceSetterCallbackWrapperEP10napi_env__P20napi_callback_info__EUlvE_EEP12napi_value__T_
FN:72,_ZN4Napi7details12WrapCallbackIZNS_10ObjectWrapI9DisruptorE31StaticVoidMethodCallbackWrapperEP10napi_env__P20napi_callback_info__EUlvE_EEP12napi_value__T_
FN:72,_ZN4Napi7details12WrapCallbackIZNS0_L25TemplatedInstanceCallbackI9DisruptorXadL_ZNS3_14ProduceRecoverERKNS_12CallbackInfoEEEEEP12napi_value__P10napi_env__P20napi_callback_info__EUlvE_EES8_T_
FN:72,_ZN4Napi7details12WrapCallbackIZNS_10ObjectWrapI9DisruptorE27StaticMethodCallbackWrapperEP10napi_env__P20napi_callback_info__EUlvE_EEP12napi_value__T_
FN:72,_ZN4Napi7details12WrapCallbackIZNS0_L25TemplatedInstanceCallbackI9DisruptorXadL_ZNS3_12ProduceClaimERKNS_12CallbackInfoEEEEEP12napi_value__P10napi_env__P20napi_callback_info__EUlvE_EES8_T_
FN:72,_ZN4Napi7details12WrapCallbackIZNS0_L25TemplatedInstanceCallbackI9DisruptorXadL_ZNS3_11GetElementsERKNS_12CallbackInfoEEEEEP12napi_value__P10napi_env__P20napi_callback_info__EUlvE_EES8_T_
FN:72,_ZN4Napi7details12WrapCallbackIZNS0_L25TemplatedInstanceCallbackI9DisruptorXadL_ZNS3_17ProduceCommitSyncERKNS_12CallbackInfoEEEEEP12napi_value__P10napi_env__P20napi_callback_info__EUlvE_EES8_T_
FN:72,_ZN4Napi7details12WrapCallbackIZNS0_L21TemplatedVoidCallbackIXadL_Z12NullCallbackRKNS_12CallbackInfoEEEEEP12napi_value__P10napi_env__P20napi_callback_info__EUlvE_EES7_T_
FN:72,_ZN4Napi7details12WrapCallbackIZNS0_L25TemplatedInstanceCallbackI9DisruptorXadL_ZNS3_16ProduceClaimManyERKNS_12CallbackInfoEEEEEP12napi_value__P10napi_env__P20napi_callback_info__EUlvE_EES8_T_
FN:72,_ZN4Napi7details12WrapCallbackIZNS_10ObjectWrapI9DisruptorE27StaticSetterCallbackWrapperEP10napi_env__P20napi_callback_info__EUlvE_EEP12napi_value__T_
FN:72,_ZN4Napi7details12WrapCallbackIZNS_12InstanceWrapI9DisruptorE29InstanceMethodCallbackWrapperEP10napi_env__P20napi_callback_info__EUlvE_EEP12napi_value__T_
FN:72,_ZN4Napi7details12WrapCallbackIZNS0_L25TemplatedInstanceCallbackI9DisruptorXadL_ZNS3_9GetCursorERKNS_12CallbackInfoEEEEEP12napi_value__P10napi_env__P20napi_callback_info__EUlvE_EES8_T_
FN:72,_ZN4Napi7details12WrapCallbackIZNS_10ObjectWrapI9DisruptorE27StaticGetterCallbackWrapperEP10napi_env__P20napi_callback_info__EUlvE_EEP12napi_value__T_
FN:72,_ZN4Napi7details12WrapCallbackIZNS0_L29TemplatedInstanceVoidCallbackI9DisruptorXadL_ZNS3_17ProduceClaimAsyncERKNS_12CallbackInfoEEEEEP12napi_value__P10napi_env__P20napi_callback_info__EUlvE_EES8_T_
FN:72,_ZN4Napi7details12WrapCallbackIZNS0_L25TemplatedInstanceCallbackI9DisruptorXadL_ZNS3_7GetNextERKNS_12CallbackInfoEEEEEP12napi_value__P10napi_env__P20napi_callback_info__EUlvE_EES8_T_
FN:72,_ZN4Napi7details12WrapCallbackIZNS0_L25TemplatedInstanceCallbackI9DisruptorXadL_ZNS3_16ProduceClaimSyncERKNS_12CallbackInfoEEEEEP12napi_value__P10napi_env__P20napi_callback_info__EUlvE_EES8_T_
FN:72,_ZN4Napi7details12WrapCallbackIZNS0_L29TemplatedInstanceVoidCallbackI9DisruptorXadL_ZNS3_21ProduceClaimManyAsyncERKNS_12CallbackInfoEEEEEP12napi_value__P10napi_env__P20napi_callback_info__EUlvE_EES8_T_
FN:91,_ZN4Napi7details16WrapVoidCallbackIZNS0_12FinalizeDataIhZN9DisruptorC4ERKNS_12CallbackInfoEEUlNS_3EnvEPhE_vE7WrapperEP10napi_env__PvSD_EUlvE_EEvT_
FN:142,_ZN4Napi7detailsL21TemplatedVoidCallbackIXadL_Z12NullCallbackRKNS_12CallbackInfoEEEEEP12napi_value__P10napi_env__P20napi_callback_info__
FN:143,_ZZN4Napi7detailsL21TemplatedVoidCallbackIXadL_Z12NullCallbackRKNS_12CallbackInfoEEEEEP12napi_value__P10napi_env__P20napi_callback_info__ENKUlvE_clEv
FN:162,_ZN4Napi7detailsL25TemplatedInstanceCallbackI9DisruptorXadL_ZNS2_7GetNextERKNS_12CallbackInfoEEEEEP12napi_value__P10napi_env__P20napi_callback_info__
FN:162,_ZN4Napi7detailsL25TemplatedInstanceCallbackI9DisruptorXadL_ZNS2_16ProduceClaimManyERKNS_12CallbackInfoEEEEEP12napi_value__P10napi_env__P20napi_callback_info__
FN:162,_ZN4Napi7detailsL25TemplatedInstanceCallbackI9DisruptorXadL_ZNS2_14GetElementSizeERKNS_12CallbackInfoEEEEEP12napi_value__P10napi_env__P20napi_callback_info__
FN:162,_ZN4Napi7detailsL25TemplatedInstanceCallbackI9DisruptorXadL_ZNS2_10ConsumeNewERKNS_12CallbackInfoEEEEEP12napi_value__P10napi_env__P20napi_callback_info__
FN:162,_ZN4Napi7detailsL25TemplatedInstanceCallbackI9DisruptorXadL_ZNS2_17ProduceCommitSyncERKNS_12CallbackInfoEEEEEP12napi_value__P10napi_env__P20napi_callback_info__
FN:162,_ZN4Napi7detailsL25TemplatedInstanceCallbackI9DisruptorXadL_ZNS2_21GetPendingSeqConsumerERKNS_12CallbackInfoEEEEEP12napi_value__P10napi_env__P20napi_callback_info__
FN:162,_ZN4Napi7detailsL25TemplatedInstanceCallbackI9DisruptorXadL_ZNS2_9GetCursorERKNS_12CallbackInfoEEEEEP12napi_value__P10napi_env__P20napi_callback_info__
FN:162,_ZN4Napi7detailsL25TemplatedInstanceCallbackI9DisruptorXadL_ZNS2_14ConsumeNewSyncERKNS_12CallbackInfoEEEEEP12napi_value__P10napi_env__P20napi_callback_info__
FN:162,_ZN4Napi7detailsL25TemplatedInstanceCallbackI9DisruptorXadL_ZNS2_17GetPendingSeqNextERKNS_12CallbackInfoEEEEEP12napi_value__P10napi_env__P20napi_callback_info__
FN:162,_ZN4Napi7detailsL25TemplatedInstanceCallbackI9DisruptorXadL_ZNS2_12GetConsumersERKNS_12CallbackInfoEEEEEP12napi_value__P10napi_env__P20napi_callback_info__
FN:162,_ZN4Napi7detailsL25TemplatedInstanceCallbackI9DisruptorXadL_ZNS2_20ProduceClaimManySyncERKNS_12CallbackInfoEEEEEP12napi_value__P10napi_env__P20napi_callback_info__
FN:162,_ZN4Napi7detailsL25TemplatedInstanceCallbackI9DisruptorXadL_ZNS2_13ConsumeCommitERKNS_12CallbackInfoEEEEEP12napi_value__P10napi_env__P20napi_callback_info__
FN:162,_ZN4Napi7detailsL25TemplatedInstanceCallbackI9DisruptorXadL_ZNS2_20GetPendingSeqNextEndERKNS_12CallbackInfoEEEEEP12napi_value__P10napi_env__P20napi_callback_info__
FN:162,_ZN4Napi7detailsL25TemplatedInstanceCallbackI9DisruptorXadL_ZNS2_13ProduceCommitERKNS_12CallbackInfoEEEEEP12napi_value__P10napi_env__P20napi_callback_info__
FN:162,_ZN4Napi7detailsL25TemplatedInstanceCallbackI9DisruptorXadL_ZNS2_11GetElementsERKNS_12CallbackInfoEEEEEP12napi_value__P10napi_env__P20napi_callback_info__
FN:162,_ZN4Napi7detailsL25TemplatedInstanceCallbackI9DisruptorXadL_ZNS2_12ProduceClaimERKNS_12CallbackInfoEEEEEP12napi_value__P10napi_env__P20napi_callback_info__
FN:162,_ZN4Napi7detailsL25TemplatedInstanceCallbackI9DisruptorXadL_ZNS2_11GetConsumerERKNS_12CallbackInfoEEEEEP12napi_value__P10napi_env__P20napi_callback_info__
FN:162,_ZN4Napi7detailsL25TemplatedInstanceCallbackI9DisruptorXadL_ZNS2_19GetPendingSeqCursorERKNS_12CallbackInfoEEEEEP12napi_value__P10napi_env__P20napi_callback_info__
FN:162,_ZN4Napi7detailsL25TemplatedInstanceCallbackI9DisruptorXadL_ZNS2_14ProduceRecoverERKNS_12CallbackInfoEEEEEP12napi_value__P10napi_env__P20napi_callback_info__
FN:162,_ZN4Napi7detailsL25TemplatedInstanceCallbackI9DisruptorXadL_ZNS2_16ProduceClaimSyncERKNS_12CallbackInfoEEEEEP12napi_value__P10napi_env__P20napi_callback_info__
FN:163,_ZZN4Napi7detailsL25TemplatedInstanceCallbackI9DisruptorXadL_ZNS2_12ProduceClaimERKNS_12CallbackInfoEEEEEP12napi_value__P10napi_env__P20napi_callback_info__ENKUlvE_clEv
FN:163,_ZZN4Napi7detailsL25TemplatedInstanceCallbackI9DisruptorXadL_ZNS2_16ProduceClaimManyERKNS_12CallbackInfoEEEEEP12napi_value__P10napi_env__P20napi_callback_info__ENKUlvE_clEv
FN:163,_ZZN4Napi7detailsL25TemplatedInstanceCallbackI9DisruptorXadL_ZNS2_7GetNextERKNS_12CallbackInfoEEEEEP12napi_value__P10napi_env__P20napi_callback_info__ENKUlvE_clEv
FN:163,_ZZN4Napi7detailsL25TemplatedInstanceCallbackI9DisruptorXadL_ZNS2_17GetPendingSeqNextERKNS_12CallbackInfoEEEEEP12napi_value__P10napi_env__P20napi_callback_info__ENKUlvE_clEv
FN:163,_ZZN4Napi7detailsL25TemplatedInstanceCallbackI9DisruptorXadL_ZNS2_9GetCursorERKNS_12CallbackInfoEEEEEP12napi_value__P10napi_env__P20napi_callback_info__ENKUlvE_clEv
FN:163,_ZZN4Napi7detailsL25TemplatedInstanceCallbackI9DisruptorXadL_ZNS2_12GetConsumersERKNS_12CallbackInfoEEEEEP12napi_value__P10napi_env__P20napi_callback_info__ENKUlvE_clEv
FN:163,_ZZN4Napi7detailsL25TemplatedInstanceCallbackI9DisruptorXadL_ZNS2_11GetElementsERKNS_12CallbackInfoEEEEEP12napi_value__P10napi_env__P20napi_callback_info__ENKUlvE_clEv
FN:163,_ZZN4Napi7detailsL25TemplatedInstanceCallbackI9DisruptorXadL_ZNS2_14ConsumeNewSyncERKNS_12CallbackInfoEEEEEP12napi_value__P10napi_env__P20napi_callback_info__ENKUlvE_clEv
FN:163,_ZZN4Napi7detailsL25TemplatedInstanceCallbackI9DisruptorXadL_ZNS2_11GetConsumerERKNS_12CallbackInfoEEEEEP12napi_value__P10napi_env__P20napi_callback_info__ENKUlvE_clEv
FN:163,_ZZN4Napi7detailsL25TemplatedInstanceCallbackI9DisruptorXadL_ZNS2_13ProduceCommitERKNS_12CallbackInfoEEEEEP12napi_value__P10napi_env__P20napi_callback_info__ENKUlvE_clEv
FN:163,_ZZN4Napi7detailsL25TemplatedInstanceCallbackI9DisruptorXadL_ZNS2_10ConsumeNewERKNS_12CallbackInfoEEEEEP12napi_value__P10napi_env__P20napi_callback_info__ENKUlvE_clEv
FN:163,_ZZN4Napi7detailsL25TemplatedInstanceCallbackI9DisruptorXadL_ZNS2_14ProduceRecoverERKNS_12CallbackInfoEEEEEP12napi_value__P10napi_env__P20napi_callback_info__ENKUlvE_clEv
FN:163,_ZZN4Napi7detailsL25TemplatedInstanceCallbackI9DisruptorXadL_ZNS2_13ConsumeCommitERKNS_12CallbackInfoEEEEEP12napi_value__P10napi_env__P20napi_callback_info__ENKUlvE_clEv
FN:163,_ZZN4Napi7detailsL25TemplatedInstanceCallbackI9DisruptorXadL_ZNS2_20ProduceClaimManySyncERKNS_12CallbackInfoEEEEEP12napi_value__P10napi_env__P20napi_callback_info__ENKUlvE_clEv
FN:163,_ZZN4Napi7detailsL25TemplatedInstanceCallbackI9DisruptorXadL_ZNS2_14GetElementSizeERKNS_12CallbackInfoEEEEEP12napi_value__P10napi_env__P20napi_callback_info__ENKUlvE_clEv
FN:163,_ZZN4Napi7detailsL25TemplatedInstanceCallbackI9DisruptorXadL_ZNS2_17ProduceCommitSyncERKNS_12CallbackInfoEEEEEP12napi_value__P10napi_env__P20napi_callback_info__ENKUlvE_clEv
FN:163,_ZZN4Napi7detailsL25TemplatedInstanceCallbackI9DisruptorXadL_ZNS2_19GetPendingSeqCursorERKNS_12CallbackInfoEEEEEP12napi_value__P10napi_env__P20napi_callback_info__ENKUlvE_clEv
FN:163,_ZZN4Napi7detailsL25TemplatedInstanceCallbackI9DisruptorXadL_ZNS2_16ProduceClaimSyncERKNS_12CallbackInfoEEEEEP12napi_value__P10napi_env__P20napi_callback_info__ENKUlvE_clEv
FN:163,_ZZN4Napi7detailsL25TemplatedInstanceCallbackI9DisruptorXadL_ZNS2_21GetPendingSeqConsumerERKNS_12CallbackInfoEEEEEP12napi_value__P10napi_env__P20napi_callback_info__ENKUlvE_clEv
FN:163,_ZZN4Napi7detailsL25TemplatedInstanceCallbackI9DisruptorXadL_ZNS2_20GetPendingSeqNextEndERKNS_12CallbackInfoEEEEEP12napi_value__P10napi_env__P20napi_callback_info__ENKUlvE_clEv
FN:172,_ZN4Napi7detailsL29TemplatedInstanceVoidCallbackI9DisruptorXadL_ZNS2_17ProduceClaimAsyncERKNS_12CallbackInfoEEEEEP12napi_value__P10napi_env__P20napi_callback_info__
FN:172,_ZN4Napi7detailsL29TemplatedInstanceVoidCallbackI9DisruptorXadL_ZNS2_18ProduceCommitAsyncERKNS_12CallbackInfoEEEEEP12napi_value__P10napi_env__P20napi_callback_info__
FN:172,_ZN4Napi7detailsL29TemplatedInstanceVoidCallbackI9DisruptorXadL_ZNS2_21ProduceClaimManyAsyncERKNS_12CallbackInfoEEEEEP12napi_value__P10napi_env__P20napi_callback_info__
FN:172,_ZN4Napi7detailsL29TemplatedInstanceVoidCallbackI9DisruptorXadL_ZNS2_7ReleaseERKNS_12CallbackInfoEEEEEP12napi_value__P10napi_env__P20napi_callback_info__
FN:172,_ZN4Napi7detailsL29TemplatedInstanceVoidCallbackI9DisruptorXadL_ZNS2_15ConsumeNewAsyncERKNS_12CallbackInfoEEEEEP12napi_value__P10napi_env__P20napi_callback_info__
FN:174,_ZZN4Napi7detailsL29TemplatedInstanceVoidCallbackI9DisruptorXadL_ZNS2_21ProduceClaimManyAsyncERKNS_12CallbackInfoEEEEEP12napi_value__P10napi_env__P20napi_callback_info__ENKUlvE_clEv
FN:174,_ZZN4Napi7detailsL29TemplatedInstanceVoidCallbackI9DisruptorXadL_ZNS2_17ProduceClaimAsyncERKNS_12CallbackInfoEEEEEP12napi_value__P10napi_env__P20napi_callback_info__ENKUlvE_clEv
FN:174,_ZZN4Napi7detailsL29TemplatedInstanceVoidCallbackI9DisruptorXadL_ZNS2_15ConsumeNewAsyncERKNS_12CallbackInfoEEEEEP12napi_value__P10napi_env__P20napi_callback_info__ENKUlvE_clEv
FN:174,_ZZN4Napi7detailsL29TemplatedInstanceVoidCallbackI9DisruptorXadL_ZNS2_18ProduceCommitAsyncERKNS_12CallbackInfoEEEEEP12napi_value__P10napi_env__P20napi_callback_info__ENKUlvE_clEv
FN:174,_ZZN4Napi7detailsL29TemplatedInstanceVoidCallbackI9DisruptorXadL_ZNS2_7ReleaseERKNS_12CallbackInfoEEEEEP12napi_value__P10napi_env__P20napi_callback_info__ENKUlvE_clEv
FN:184,_ZN4Napi7details12FinalizeDataIhZN9DisruptorC4ERKNS_12CallbackInfoEEUlNS_3EnvEPhE_vE7WrapperEP10napi_env__PvSC_
FN:187,_ZZN4Napi7details12FinalizeDataIhZN9DisruptorC4ERKNS_12CallbackInfoEEUlNS_3EnvEPhE_vE7WrapperEP10napi_env__PvSC_ENKUlvE_clEv
FN:372,_ZN4Napi14RegisterModuleEP10napi_env__P12napi_value__PFNS_6ObjectENS_3EnvES4_E
FN:375,_ZZN4Napi14RegisterModuleEP10napi_env__P12napi_value__PFNS_6ObjectENS_3EnvES4_EENKUlvE_clEv
FN:451,_ZN4Napi3EnvC2EP10napi_env__
FN:454,_ZNK4Napi3EnvcvP10napi_env__Ev
FN:458,_ZNK4Napi3Env6GlobalEv
FN:465,_ZNK4Napi3Env9UndefinedEv
FN:472,_ZNK4Napi3Env4NullEv
FN:479,_ZNK4Napi3Env18IsExceptionPendingEv
FN:578,_ZN4Napi5ValueC2Ev
FN:581,_ZN4Napi5ValueC2EP10napi_env__P12napi_value__
FN:584,_ZNK4Napi5ValuecvP12napi_value__Ev
FN:603,_ZNK4Napi5Value3EnvEv
FN:607,_ZNK4Napi5Value7IsEmptyEv
FN:611,_ZNK4Napi5Value4TypeEv
FN:702,_ZNK4Napi5Value10IsFunctionEv
FN:744,_ZNK4Napi5Value2AsINS_7BooleanEEET_v
FN:744,_ZNK4Napi5Value2AsINS_8FunctionEEET_v
FN:744,_ZNK4Napi5Value2AsINS_6BufferIhEEEET_v
FN:744,_ZNK4Napi5Value2AsINS_6NumberEEET_v
FN:744,_ZNK4Napi5Value2AsINS_6ObjectEEET_v
FN:744,_ZNK4Napi5Value2AsINS_6StringEEET_v
FN:780,_ZN4Napi7Boolean3NewEP10napi_env__b
FN:790,_ZN4Napi7BooleanC2EP10napi_env__P12napi_value__
FN:793,_ZNK4Napi7BooleancvbEv
FN:797,_ZNK4Napi7Boolean5ValueEv
FN:808,_ZN4Napi6Number3NewEP10napi_env__d
FN:818,_ZN4Napi6NumberC2EP10napi_env__P12napi_value__
FN:825,_ZNK4Napi6NumbercvjEv
FN:848,_ZNK4Napi6Number11Uint32ValueEv
FN:855,_ZNK4Napi6Number10Int64ValueEv
FN:974,_ZN4Napi4NameC2EP10napi_env__P12napi_value__
FN:1032,_ZN4Napi6StringC2EP10napi_env__P12napi_value__
FN:1035,_ZNK4Napi6StringcvNSt7__cxx1112basic_stringIcSt11char_traitsIcESaIcEEEEv
FN:1043,_ZNK4Napi6String9Utf8ValueB5cxx11Ev
FN:1198,_ZN4Napi7details11vf_fallbackINS_8FunctionEE4FromEP10napi_env__RKS2_
FN:1198,_ZN4Napi7details11vf_fallbackINS_6BufferIhEEE4FromEP10napi_env__RKS3_
FN:1198,_ZN4Napi7details11vf_fallbackINS_5ValueEE4FromEP10napi_env__RKS2_
FN:1218,_ZN4Napi5Value4FromIS0_EES0_P10napi_env__RKT_
FN:1218,_ZN4Napi5Value4FromINS_8FunctionEEES0_P10napi_env__RKT_
FN:1218,_ZN4Napi5Value4FromINS_6BufferIhEEEES0_P10napi_env__RKT_
FN:1269,_ZN4Napi6Object14PropertyLValueIjEaSINS_5ValueEEERS2_T_
FN:1281,_ZN4Napi6Object14PropertyLValueIjEC2ES0_j
FN:1284,_ZN4Napi6Object3NewEP10napi_env__
FN:1291,_ZN4Napi6ObjectC2Ev
FN:1294,_ZN4Napi6ObjectC2EP10napi_env__P12napi_value__
FN:1305,_ZN4Napi6ObjectixEj
FN:1380,_ZNK4Napi6Object3GetEPKc
FN:1405,_ZN4Napi6Object3SetINS_8FunctionEEEbPKcRKT_
FN:1451,_ZN4Napi6Object3SetINS_5ValueEEEbjRKT_
FN:1451,_ZN4Napi6Object3SetINS_6BufferIhEEEEbjRKT_
FN:1622,_ZN4Napi5Array3NewEP10napi_env__
FN:1639,_ZN4Napi5ArrayC2EP10napi_env__P12napi_value__
FN:1642,_ZNK4Napi5Array6LengthEv
FN:1930,_ZN4Napi10TypedArrayC2Ev
FN:1934,_ZN4Napi10TypedArrayC2EP10napi_env__P12napi_value__
FN:2040,_ZN4Napi12TypedArrayOfIhEC2Ev
FN:2044,_ZN4Napi12TypedArrayOfIhEC2EP10napi_env__P12napi_value__
FN:2099,_ZN4NapiL14CreateFunctionINS_18MethodCallbackDataI9DisruptorPFvRKNS_12CallbackInfoEEEEEE11napi_statusP10napi_env__PKcPFP12napi_value__SB_P20napi_callback_info__EPT_PSF_
FN:2099,_ZN4NapiL14CreateFunctionINS_18MethodCallbackDataI9DisruptorPFNS_5ValueERKNS_12CallbackInfoEEEEEE11napi_statusP10napi_env__PKcPFP12napi_value__SC_P20napi_callback_info__EPT_PSG_
FN:2114,_ZN4Napi8Function3NewIXadL_Z12NullCallbackRKNS_12CallbackInfoEEEEES0_P10napi_env__PKcPv
FN:2187,_ZN4Napi8FunctionC2EP10napi_env__P12napi_value__
FN:2210,_ZNK4Napi8Function4CallEP12napi_value__RKSt16initializer_listIS2_E
FN:2215,_ZNK4Napi8Function4CallEP12napi_value__RKSt6vectorIS2_SaIS2_EE
FN:2220,_ZNK4Napi8Function4CallEP12napi_value__mPKS2_
FN:2230,_ZNK4Napi8Function12MakeCallbackEP12napi_value__RKSt16initializer_listIS2_EP20napi_async_context__
FN:2244,_ZNK4Napi8Function12MakeCallbackEP12napi_value__mPKS2_P20napi_async_context__
FN:2333,_ZN4Napi6BufferIhE3NewIZN9DisruptorC4ERKNS_12CallbackInfoEEUlNS_3EnvEPhE_EES1_P10napi_env__S8_mT_
FN:2390,_ZN4Napi6BufferIhEC2Ev
FN:2394,_ZN4Napi6BufferIhEC2EP10napi_env__P12napi_value__
FN:2399,_ZN4Napi6BufferIhEC2EP10napi_env__P12napi_value__mPh
FN:2404,_ZNK4Napi6BufferIhE6LengthEv
FN:2416,_ZNK4Napi6BufferIhE10EnsureInfoEv
FN:2434,_ZN4Napi5Error3NewEP10napi_env__
FN:2482,_ZN4Napi5Error3NewEP10napi_env__PKc
FN:2486,_ZN4Napi5Error3NewEP10napi_env__RKNSt7__cxx1112basic_stringIcSt11char_traitsIcESaIcEEE
FN:2490,_ZN4Napi5Error5FatalEPKcS2_
FN:2497,_ZN4Napi5ErrorC2EP10napi_env__P12napi_value__
FN:2533,_ZNK4Napi5Error7MessageB5cxx11Ev
FN:2557,_ZNK4Napi5Error26ThrowAsJavaScriptExceptionEv
FN:2605,_ZNK4Napi5Error4whatEv
FN:2612,_ZN4Napi5Error3NewIS0_EET_P10napi_env__PKcmPF11napi_statusS4_P12napi_value__S9_PS9_E
FN:2660,_ZN4Napi9ReferenceINS_6ObjectEE3NewERKS1_j
FN:2660,_ZN4Napi9ReferenceINS_8FunctionEE3NewERKS1_j
FN:2660,_ZN4Napi9ReferenceINS_6BufferIhEEE3NewERKS2_j
FN:2677,_ZN4Napi9ReferenceINS_6ObjectEEC2Ev
FN:2677,_ZN4Napi9ReferenceINS_8FunctionEEC2Ev
FN:2677,_ZN4Napi9ReferenceINS_6BufferIhEEEC2Ev
FN:2681,_ZN4Napi9ReferenceINS_6ObjectEEC2EP10napi_env__P10napi_ref__
FN:2681,_ZN4Napi9ReferenceINS_6BufferIhEEEC2EP10napi_env__P10napi_ref__
FN:2681,_ZN4Napi9ReferenceINS_8FunctionEEC2EP10napi_env__P10napi_ref__
FN:2686,_ZN4Napi9ReferenceINS_6BufferIhEEED2Ev
FN:2686,_ZN4Napi9ReferenceINS_6ObjectEED2Ev
FN:2686,_ZN4Napi9ReferenceINS_8FunctionEED2Ev
FN:2697,_ZN4Napi9ReferenceINS_8FunctionEEC2EOS2_
FN:2697,_ZN4Napi9ReferenceINS_6ObjectEEC2EOS2_
FN:2705,_ZN4Napi9ReferenceINS_8FunctionEEaSEOS2_
FN:2705,_ZN4Napi9ReferenceINS_6BufferIhEEEaSEOS3_
FN:2705,_ZN4Napi9ReferenceINS_6ObjectEEaSEOS2_
FN:2747,_ZNK4Napi9ReferenceINS_6ObjectEE3EnvEv
FN:2747,_ZNK4Napi9ReferenceINS_8FunctionEE3EnvEv
FN:2752,_ZNK4Napi9ReferenceINS_6ObjectEE7IsEmptyEv
FN:2752,_ZNK4Napi9ReferenceINS_8FunctionEE7IsEmptyEv
FN:2757,_ZNK4Napi9ReferenceINS_8FunctionEE5ValueEv
FN:2757,_ZNK4Napi9ReferenceINS_6ObjectEE5ValueEv
FN:2757,_ZNK4Napi9ReferenceINS_6BufferIhEEE5ValueEv
FN:2785,_ZN4Napi9ReferenceINS_6ObjectEE5ResetEv
FN:2785,_ZN4Napi9ReferenceINS_8FunctionEE5ResetEv
FN:2785,_ZN4Napi9ReferenceINS_6BufferIhEEE5ResetEv
FN:2824,_ZN4Napi10PersistentINS_6BufferIhEEEENS_9ReferenceIT_EES4_
FN:2828,_ZN4Napi10PersistentENS_6ObjectE
FN:2832,_ZN4Napi10PersistentENS_8FunctionE
FN:2843,_ZN4Napi15ObjectReferenceC2EP10napi_env__P10napi_ref__
FN:2846,_ZN4Napi15ObjectReferenceC2EONS_9ReferenceINS_6ObjectEEE
FN:2868,_ZNK4Napi15ObjectReference3GetEPKc
FN:3017,_ZN4Napi17FunctionReferenceC2Ev
FN:3024,_ZN4Napi17FunctionReferenceC2EONS_9ReferenceINS_8FunctionEEE
FN:3037,_ZN4Napi17FunctionReferenceaSEOS0_
FN:3093,_ZNK4Napi17FunctionReference4CallEP12napi_value__RKSt16initializer_listIS2_E
FN:3110,_ZNK4Napi17FunctionReference4CallEP12napi_value__RKSt6vectorIS2_SaIS2_EE
FN:3144,_ZNK4Napi17FunctionReference12MakeCallbackEP12napi_value__RKSt16initializer_listIS2_EP20napi_async_context__
FN:3242,_ZN4Napi12CallbackInfoC2EP10napi_env__P20napi_callback_info__
FN:3260,_ZN4Napi12CallbackInfoD2Ev
FN:3277,_ZNK4Napi12CallbackInfo3EnvEv
FN:3281,_ZNK4Napi12CallbackInfo6LengthEv
FN:3285,_ZNK4Napi12CallbackInfoixEm
FN:3289,_ZNK4Napi12CallbackInfo4ThisEv
FN:3296,_ZNK4Napi12CallbackInfo4DataEv
FN:3300,_ZN4Napi12CallbackInfo7SetDataEPv
FN:3624,_ZN4Napi12InstanceWrapI9DisruptorE14AttachPropDataEP10napi_env__P12napi_value__PK24napi_property_descriptor
FN:3717,_ZN4Napi12InstanceWrapI9DisruptorE14InstanceMethodIXadL_ZNS1_15ConsumeNewAsyncERKNS_12CallbackInfoEEEEENS_23ClassPropertyDescriptorIS1_EEPKc24napi_property_attributesPv
FN:3717,_ZN4Napi12InstanceWrapI9DisruptorE14InstanceMethodIXadL_ZNS1_7ReleaseERKNS_12CallbackInfoEEEEENS_23ClassPropertyDescriptorIS1_EEPKc24napi_property_attributesPv
FN:3717,_ZN4Napi12InstanceWrapI9DisruptorE14InstanceMethodIXadL_ZNS1_18ProduceCommitAsyncERKNS_12CallbackInfoEEEEENS_23ClassPropertyDescriptorIS1_EEPKc24napi_property_attributesPv
FN:3717,_ZN4Napi12InstanceWrapI9DisruptorE14InstanceMethodIXadL_ZNS1_17ProduceClaimAsyncERKNS_12CallbackInfoEEEEENS_23ClassPropertyDescriptorIS1_EEPKc24napi_property_attributesPv
FN:3717,_ZN4Napi12InstanceWrapI9DisruptorE14InstanceMethodIXadL_ZNS1_21ProduceClaimManyAsyncERKNS_12CallbackInfoEEEEENS_23ClassPropertyDescriptorIS1_EEPKc24napi_property_attributesPv
FN:3731,_ZN4Napi12InstanceWrapI9DisruptorE14InstanceMethodIXadL_ZNS1_20ProduceClaimManySyncERKNS_12CallbackInfoEEEEENS_23ClassPropertyDescriptorIS1_EEPKc24napi_property_attributesPv
FN:3731,_ZN4Napi12InstanceWrapI9DisruptorE14InstanceMethodIXadL_ZNS1_16ProduceClaimManyERKNS_12CallbackInfoEEEEENS_23ClassPropertyDescriptorIS1_EEPKc24napi_property_attributesPv
FN:3731,_ZN4Napi12InstanceWrapI9DisruptorE14InstanceMethodIXadL_ZNS1_14ConsumeNewSyncERKNS_12CallbackInfoEEEEENS_23ClassPropertyDescriptorIS1_EEPKc24napi_property_attributesPv
FN:3731,_ZN4Napi12InstanceWrapI9DisruptorE14InstanceMethodIXadL_ZNS1_13ConsumeCommitERKNS_12CallbackInfoEEEEENS_23ClassPropertyDescriptorIS1_EEPKc24napi_property_attributesPv
FN:3731,_ZN4Napi12InstanceWrapI9DisruptorE14InstanceMethodIXadL_ZNS1_14ProduceRecoverERKNS_12CallbackInfoEEEEENS_23ClassPropertyDescriptorIS1_EEPKc24napi_property_attributesPv
FN:3731,_ZN4Napi12InstanceWrapI9DisruptorE14InstanceMethodIXadL_ZNS1_13ProduceCommitERKNS_12CallbackInfoEEEEENS_23ClassPropertyDescriptorIS1_EEPKc24napi_property_attributesPv
FN:3731,_ZN4Napi12InstanceWrapI9DisruptorE14InstanceMethodIXadL_ZNS1_10ConsumeNewERKNS_12CallbackInfoEEEEENS_23ClassPropertyDescriptorIS1_EEPKc24napi_property_attributesPv
FN:3731,_ZN4Napi12InstanceWrapI9DisruptorE14InstanceMethodIXadL_ZNS1_16ProduceClaimSyncERKNS_12CallbackInfoEEEEENS_23ClassPropertyDescriptorIS1_EEPKc24napi_property_attributesPv
FN:3731,_ZN4Napi12InstanceWrapI9DisruptorE14InstanceMethodIXadL_ZNS1_17ProduceCommitSyncERKNS_12CallbackInfoEEEEENS_23ClassPropertyDescriptorIS1_EEPKc24napi_property_attributesPv
FN:3731,_ZN4Napi12InstanceWrapI9DisruptorE14InstanceMethodIXadL_ZNS1_12ProduceClaimERKNS_12CallbackInfoEEEEENS_23ClassPropertyDescriptorIS1_EEPKc24napi_property_attributesPv
FN:3812,_ZN4Napi12InstanceWrapI9DisruptorE16InstanceAccessorIXadL_ZNS1_7GetNextERKNS_12CallbackInfoEEELMS1_FvS6_RKNS_5ValueEE0EEENS_23ClassPropertyDescriptorIS1_EEPKc24napi_property_attributesPv
FN:3812,_ZN4Napi12InstanceWrapI9DisruptorE16InstanceAccessorIXadL_ZNS1_9GetCursorERKNS_12CallbackInfoEEELMS1_FvS6_RKNS_5ValueEE0EEENS_23ClassPropertyDescriptorIS1_EEPKc24napi_property_attributesPv
FN:3812,_ZN4Napi12InstanceWrapI9DisruptorE16InstanceAccessorIXadL_ZNS1_17GetPendingSeqNextERKNS_12CallbackInfoEEELMS1_FvS6_RKNS_5ValueEE0EEENS_23ClassPropertyDescriptorIS1_EEPKc24napi_property_attributesPv
FN:3812,_ZN4Napi12InstanceWrapI9DisruptorE16InstanceAccessorIXadL_ZNS1_21GetPendingSeqConsumerERKNS_12CallbackInfoEEELMS1_FvS6_RKNS_5ValueEE0EEENS_23ClassPropertyDescriptorIS1_EEPKc24napi_property_attributesPv
FN:3812,_ZN4Napi12InstanceWrapI9DisruptorE16InstanceAccessorIXadL_ZNS1_14GetElementSizeERKNS_12CallbackInfoEEELMS1_FvS6_RKNS_5ValueEE0EEENS_23ClassPropertyDescriptorIS1_EEPKc24napi_property_attributesPv
FN:3812,_ZN4Napi12InstanceWrapI9DisruptorE16InstanceAccessorIXadL_ZNS1_20GetPendingSeqNextEndERKNS_12CallbackInfoEEELMS1_FvS6_RKNS_5ValueEE0EEENS_23ClassPropertyDescriptorIS1_EEPKc24napi_property_attributesPv
FN:3812,_ZN4Napi12InstanceWrapI9DisruptorE16InstanceAccessorIXadL_ZNS1_12GetConsumersERKNS_12CallbackInfoEEELMS1_FvS6_RKNS_5ValueEE0EEENS_23ClassPropertyDescriptorIS1_EEPKc24napi_property_attributesPv
FN:3812,_ZN4Napi12InstanceWrapI9DisruptorE16InstanceAccessorIXadL_ZNS1_11GetConsumerERKNS_12CallbackInfoEEELMS1_FvS6_RKNS_5ValueEE0EEENS_23ClassPropertyDescriptorIS1_EEPKc24napi_property_attributesPv
FN:3812,_ZN4Napi12InstanceWrapI9DisruptorE16InstanceAccessorIXadL_ZNS1_11GetElementsERKNS_12CallbackInfoEEELMS1_FvS6_RKNS_5ValueEE0EEENS_23ClassPropertyDescriptorIS1_EEPKc24napi_property_attributesPv
FN:3812,_ZN4Napi12InstanceWrapI9DisruptorE16InstanceAccessorIXadL_ZNS1_19GetPendingSeqCursorERKNS_12CallbackInfoEEELMS1_FvS6_RKNS_5ValueEE0EEENS_23ClassPropertyDescriptorIS1_EEPKc24napi_property_attributesPv
FN:3866,_ZN4Napi12InstanceWrapI9DisruptorE33InstanceVoidMethodCallbackWrapperEP10napi_env__P20napi_callback_info__
FN:3869,_ZZN4Napi12InstanceWrapI9DisruptorE33InstanceVoidMethodCallbackWrapperEP10napi_env__P20napi_callback_info__ENKUlvE_clEv
FN:3882,_ZN4Napi12InstanceWrapI9DisruptorE29InstanceMethodCallbackWrapperEP10napi_env__P20napi_callback_info__
FN:3885,_ZZN4Napi12InstanceWrapI9DisruptorE29InstanceMethodCallbackWrapperEP10napi_env__P20napi_callback_info__ENKUlvE_clEv
FN:3897,_ZN4Napi12InstanceWrapI9DisruptorE29InstanceGetterCallbackWrapperEP10napi_env__P20napi_callback_info__
FN:3900,_ZZN4Napi12InstanceWrapI9DisruptorE29InstanceGetterCallbackWrapperEP10napi_env__P20napi_callback_info__ENKUlvE_clEv
FN:3912,_ZN4Napi12InstanceWrapI9DisruptorE29InstanceSetterCallbackWrapperEP10napi_env__P20napi_callback_info__
FN:3915,_ZZN4Napi12InstanceWrapI9DisruptorE29InstanceSetterCallbackWrapperEP10napi_env__P20napi_callback_info__ENKUlvE_clEv
FN:3944,_ZN4Napi10ObjectWrapI9DisruptorEC2ERKNS_12CallbackInfoE
FN:3958,_ZN4Napi10ObjectWrapI9DisruptorED2Ev
FN:3958,_ZN4Napi10ObjectWrapI9DisruptorED0Ev
FN:3972,_ZN4Napi10ObjectWrapI9DisruptorE6UnwrapENS_6ObjectE
FN:3981,_ZN4Napi10ObjectWrapI9DisruptorE11DefineClassENS_3EnvEPKcmPK24napi_property_descriptorPv
FN:4055,_ZN4Napi10ObjectWrapI9DisruptorE11DefineClassENS_3EnvEPKcRKSt16initializer_listINS_23ClassPropertyDescriptorIS1_EEEPv
FN:4291,_ZN4Napi10ObjectWrapI9DisruptorE8FinalizeENS_3EnvE
FN:4294,_ZN4Napi10ObjectWrapI9DisruptorE26ConstructorCallbackWrapperEP10napi_env__P20napi_callback_info__
FN:4307,_ZZN4Napi10ObjectWrapI9DisruptorE26ConstructorCallbackWrapperEP10napi_env__P20napi_callback_info__ENKUlvE_clEv
FN:4329,_ZN4Napi10ObjectWrapI9DisruptorE31StaticVoidMethodCallbackWrapperEP10napi_env__P20napi_callback_info__
FN:4332,_ZZN4Napi10ObjectWrapI9DisruptorE31StaticVoidMethodCallbackWrapperEP10napi_env__P20napi_callback_info__ENKUlvE_clEv
FN:4343,_ZN4Napi10ObjectWrapI9DisruptorE27StaticMethodCallbackWrapperEP10napi_env__P20napi_callback_info__
FN:4346,_ZZN4Napi10ObjectWrapI9DisruptorE27StaticMethodCallbackWrapperEP10napi_env__P20napi_callback_info__ENKUlvE_clEv
FN:4356,_ZN4Napi10ObjectWrapI9DisruptorE27StaticGetterCallbackWrapperEP10napi_env__P20napi_callback_info__
FN:4359,_ZZN4Napi10ObjectWrapI9DisruptorE27StaticGetterCallbackWrapperEP10napi_env__P20napi_callback_info__ENKUlvE_clEv
FN:4369,_ZN4Napi10ObjectWrapI9DisruptorE27StaticSetterCallbackWrapperEP10napi_env__P20napi_callback_info__
FN:4372,_ZZN4Napi10ObjectWrapI9DisruptorE27StaticSetterCallbackWrapperEP10napi_env__P20napi_callback_info__ENKUlvE_clEv
FN:4383,_ZN4Napi10ObjectWrapI9DisruptorE16FinalizeCallbackEP10napi_env__PvS5_
FN:4409,_ZN4Napi11HandleScopeC2ENS_3EnvE
FN:4414,_ZN4Napi11HandleScopeD2Ev
FN:4437,_ZN4Napi20EscapableHandleScopeC2ENS_3EnvE
FN:4442,_ZN4Napi20EscapableHandleScopeD2Ev
FN:4453,_ZNK4Napi20EscapableHandleScope3EnvEv
FN:4457,_ZN4Napi20EscapableHandleScope6EscapeEP12napi_value__
FN:4481,_ZN4Napi13CallbackScopeD2Ev
FN:4481,_ZN4Napi13CallbackScopeD0Ev
FN:4518,_ZN4Napi12AsyncContextD0Ev
FN:4518,_ZN4Napi12AsyncContextD2Ev
FN:4552,_ZN4Napi11AsyncWorkerC2ERKNS_8FunctionE
FN:4556,_ZN4Napi11AsyncWorkerC2ERKNS_8FunctionEPKc
FN:4561,_ZN4Napi11AsyncWorkerC2ERKNS_8FunctionEPKcRKNS_6ObjectE
FN:4584,_ZN4Napi11AsyncWorkerC2ERKNS_6ObjectERKNS_8FunctionEPKcS3_
FN:4628,_ZN4Napi11AsyncWorkerD0Ev
FN:4628,_ZN4Napi11AsyncWorkerD2Ev
FN:4635,_ZN4Napi11AsyncWorker7DestroyEv
FN:4666,_ZNK4Napi11AsyncWorker3EnvEv
FN:4670,_ZN4Napi11AsyncWorker5QueueEv
FN:4680,_ZN4Napi11AsyncWorker8ReceiverEv
FN:4684,_ZN4Napi11AsyncWorker8CallbackEv
FN:4692,_ZN4Napi11AsyncWorker4OnOKEv
FN:4698,_ZN4Napi11AsyncWorker7OnErrorERKNS_5ErrorE
FN:4704,_ZN4Napi11AsyncWorker8SetErrorERKNSt7__cxx1112basic_stringIcSt11char_traitsIcESaIcEEE
FN:4708,_ZN4Napi11AsyncWorker9GetResultENS_3EnvE
FN:4715,_ZN4Napi11AsyncWorker18OnAsyncWorkExecuteEP10napi_env__Pv
FN:4723,_ZN4Napi11AsyncWorker9OnExecuteENS_3EnvE
FN:4735,_ZN4Napi11AsyncWorker19OnAsyncWorkCompleteEP10napi_env__11napi_statusPv
FN:4741,_ZN4Napi11AsyncWorker14OnWorkCompleteENS_3EnvE11napi_status
FN:4744,_ZZN4Napi11AsyncWorker14OnWorkCompleteENS_3EnvE11napi_statusENKUlvE_clEv
FNDA:810,_ZZN4Napi7detailsL29TemplatedInstanceVoidCallbackI9DisruptorXadL_ZNS2_18ProduceCommitAsyncERKNS_12CallbackInfoEEEEEP12napi_value__P10napi_env__P20napi_callback_info__ENKUlvE_clEv
FNDA:0,_ZN4Napi7details12WrapCallbackIZNS_10ObjectWrapI9DisruptorE31StaticVoidMethodCallbackWrapperEP10napi_env__P20napi_callback_info__EUlvE_EEP12napi_value__T_
FNDA:1180997,_ZZN4Napi7detailsL25TemplatedInstanceCallbackI9DisruptorXadL_ZNS2_13ConsumeCommitERKNS_12CallbackInfoEEEEEP12napi_value__P10napi_env__P20napi_callback_info__ENKUlvE_clEv
FNDA:3620,_ZNK4Napi9ReferenceINS_6ObjectEE7IsEmptyEv
FNDA:14436624,_ZN4Napi9ReferenceINS_6ObjectEED2Ev
FNDA:11,_ZN4Napi7detailsL29TemplatedInstanceVoidCallbackI9DisruptorXadL_ZNS2_21ProduceClaimManyAsyncERKNS_12CallbackInfoEEEEEP12napi_value__P10napi_env__P20napi_callback_info__
FNDA:3716,_ZNK4Napi6String9Utf8ValueB5cxx11Ev
FNDA:496111,_ZN4Napi7details11vf_fallbackINS_5ValueEE4FromEP10napi_env__RKS2_
FNDA:520319,_ZN4Napi7detailsL25TemplatedInstanceCallbackI9DisruptorXadL_ZNS2_20GetPendingSeqNextEndERKNS_12CallbackInfoEEEEEP12napi_value__P10napi_env__P20napi_callback_info__
FNDA:6181642,_ZN4Napi6NumberC2EP10napi_env__P12napi_value__
FNDA:0,_ZNK4Napi12CallbackInfo4DataEv
FNDA:0,_ZN4Napi7detailsL10AttachDataINS_18MethodCallbackDataI9DisruptorMS3_FvRKNS_12CallbackInfoEEEEEE11napi_statusP10napi_env__P12napi_value__PT_PFvSC_PvSH_ESH_
FNDA:0,_ZN4Napi5Error3NewEP10napi_env__PKc
FNDA:0,_ZN4Napi13CallbackScopeD0Ev
FNDA:0,_ZN4Napi5Error3NewEP10napi_env__
FNDA:505,_ZN4Napi12InstanceWrapI9DisruptorE14InstanceMethodIXadL_ZNS1_7ReleaseERKNS_12CallbackInfoEEEEENS_23ClassPropertyDescriptorIS1_EEPKc24napi_property_attributesPv
FNDA:726698,_ZNK4Napi8Function12MakeCallbackEP12napi_value__mPKS2_P20napi_async_context__
FNDA:734122,_ZN4Napi20EscapableHandleScope6EscapeEP12napi_value__
FNDA:685520,_ZN4Napi7details11vf_fallbackINS_6BufferIhEEE4FromEP10napi_env__RKS3_
FNDA:12,_ZN4Napi7details12WrapCallbackIZNS0_L25TemplatedInstanceCallbackI9DisruptorXadL_ZNS3_12GetConsumersERKNS_12CallbackInfoEEEEEP12napi_value__P10napi_env__P20napi_callback_info__EUlvE_EES8_T_
FNDA:0,_ZZN4Napi12InstanceWrapI9DisruptorE29InstanceSetterCallbackWrapperEP10napi_env__P20napi_callback_info__ENKUlvE_clEv
FNDA:505,_ZN4Napi6Object3SetINS_8FunctionEEEbPKcRKT_
FNDA:76,_ZZN4Napi7detailsL25TemplatedInstanceCallbackI9DisruptorXadL_ZNS2_14ProduceRecoverERKNS_12CallbackInfoEEEEEP12napi_value__P10napi_env__P20napi_callback_info__ENKUlvE_clEv
FNDA:3612,_ZN4Napi7details16WrapVoidCallbackIZNS0_12FinalizeDataIhZN9DisruptorC4ERKNS_12CallbackInfoEEUlNS_3EnvEPhE_vE7WrapperEP10napi_env__PvSD_EUlvE_EEvT_
FNDA:11136,_ZN4Napi9ReferenceINS_6BufferIhEEEC2EP10napi_env__P10napi_ref__
FNDA:0,_ZNK4Napi5Error7MessageB5cxx11Ev
FNDA:505,_ZN4Napi12InstanceWrapI9DisruptorE16InstanceAccessorIXadL_ZNS1_21GetPendingSeqConsumerERKNS_12CallbackInfoEEELMS1_FvS6_RKNS_5ValueEE0EEENS_23ClassPropertyDescriptorIS1_EEPKc24napi_property_attributesPv
FNDA:3716,_ZN4Napi9ReferenceINS_8FunctionEEC2Ev
FNDA:3438686,_ZN4Napi12TypedArrayOfIhEC2EP10napi_env__P12napi_value__
FNDA:3716,_ZN4Napi9ReferenceINS_6ObjectEE5ResetEv
FNDA:0,_ZZN4Napi12InstanceWrapI9DisruptorE29InstanceGetterCallbackWrapperEP10napi_env__P20napi_callback_info__ENKUlvE_clEv
FNDA:0,_ZN4Napi7details12WrapCallbackIZNS_12InstanceWrapI9DisruptorE29InstanceSetterCallbackWrapperEP10napi_env__P20napi_callback_info__EUlvE_EEP12napi_value__T_
FNDA:7214644,_ZN4Napi9ReferenceINS_6ObjectEE3NewERKS1_j
FNDA:1180997,_ZN4Napi7detailsL25TemplatedInstanceCallbackI9DisruptorXadL_ZNS2_13ConsumeCommitERKNS_12CallbackInfoEEEEEP12napi_value__P10napi_env__P20napi_callback_info__
FNDA:1180982,_ZZN4Napi7detailsL25TemplatedInstanceCallbackI9DisruptorXadL_ZNS2_10ConsumeNewERKNS_12CallbackInfoEEEEEP12napi_value__P10napi_env__P20napi_callback_info__ENKUlvE_clEv
FNDA:810,_ZN4Napi7detailsL29TemplatedInstanceVoidCallbackI9DisruptorXadL_ZNS2_18ProduceCommitAsyncERKNS_12CallbackInfoEEEEEP12napi_value__P10napi_env__P20napi_callback_info__
FNDA:1716703,_ZNK4Napi5Value2AsINS_6BufferIhEEEET_v
FNDA:0,_ZZN4Napi7detailsL10AttachDataINS_18MethodCallbackDataI9DisruptorMS3_FNS_5ValueERKNS_12CallbackInfoEEEEEE11napi_statusP10napi_env__P12napi_value__PT_PFvSD_PvSI_ESI_ENKUlSD_SI_SI_E_clESD_SI_SI_
FNDA:496111,_ZN4Napi6Object14PropertyLValueIjEaSINS_5ValueEEERS2_T_
FNDA:3611034,_ZN4Napi17FunctionReferenceC2EONS_9ReferenceINS_8FunctionEEE
FNDA:11,_ZN4Napi7detailsL25TemplatedInstanceCallbackI9DisruptorXadL_ZNS2_20ProduceClaimManySyncERKNS_12CallbackInfoEEEEEP12napi_value__P10napi_env__P20napi_callback_info__
FNDA:6166556,_ZN4Napi6Number3NewEP10napi_env__d
FNDA:734122,_ZNK4Napi20EscapableHandleScope3EnvEv
FNDA:12,_ZN4Napi7detailsL25TemplatedInstanceCallbackI9DisruptorXadL_ZNS2_12GetConsumersERKNS_12CallbackInfoEEEEEP12napi_value__P10napi_env__P20napi_callback_info__
FNDA:0,_ZN4Napi11AsyncWorkerD0Ev
FNDA:1932083,_ZN4Napi7BooleanC2EP10napi_env__P12napi_value__
FNDA:3716,_ZZN4Napi10ObjectWrapI9DisruptorE26ConstructorCallbackWrapperEP10napi_env__P20napi_callback_info__ENKUlvE_clEv
FNDA:0,_ZZN4Napi10ObjectWrapI9DisruptorE27StaticMethodCallbackWrapperEP10napi_env__P20napi_callback_info__ENKUlvE_clEv
FNDA:3712,_ZN4Napi6BufferIhE3NewIZN9DisruptorC4ERKNS_12CallbackInfoEEUlNS_3EnvEPhE_EES1_P10napi_env__S8_mT_
FNDA:0,_ZN4Napi7detailsL21TemplatedVoidCallbackIXadL_Z12NullCallbackRKNS_12CallbackInfoEEEEEP12napi_value__P10napi_env__P20napi_callback_info__
FNDA:505,_ZN4Napi12InstanceWrapI9DisruptorE14InstanceMethodIXadL_ZNS1_14ConsumeNewSyncERKNS_12CallbackInfoEEEEENS_23ClassPropertyDescriptorIS1_EEPKc24napi_property_attributesPv
FNDA:519447,_ZZN4Napi7detailsL25TemplatedInstanceCallbackI9DisruptorXadL_ZNS2_13ProduceCommitERKNS_12CallbackInfoEEEEEP12napi_value__P10napi_env__P20napi_callback_info__ENKUlvE_clEv
FNDA:734122,_ZN4Napi20EscapableHandleScopeD2Ev
FNDA:520319,_ZN4Napi7detailsL25TemplatedInstanceCallbackI9DisruptorXadL_ZNS2_17GetPendingSeqNextERKNS_12CallbackInfoEEEEEP12napi_value__P10napi_env__P20napi_callback_info__
FNDA:505,_ZN4Napi12InstanceWrapI9DisruptorE14InstanceMethodIXadL_ZNS1_15ConsumeNewAsyncERKNS_12CallbackInfoEEEEENS_23ClassPropertyDescriptorIS1_EEPKc24napi_property_attributesPv
FNDA:505,_ZN4Napi7details11vf_fallbackINS_8FunctionEE4FromEP10napi_env__RKS2_
FNDA:0,_ZZN4Napi10ObjectWrapI9DisruptorE27StaticSetterCallbackWrapperEP10napi_env__P20napi_callback_info__ENKUlvE_clEv
FNDA:3716,_ZN4Napi7details12WrapCallbackIZNS_10ObjectWrapI9DisruptorE26ConstructorCallbackWrapperEP10napi_env__P20napi_callback_info__EUlvE_EEP12napi_value__T_
FNDA:0,_ZN4Napi10ObjectWrapI9DisruptorE27StaticGetterCallbackWrapperEP10napi_env__P20napi_callback_info__
FNDA:12,_ZN4Napi7details12WrapCallbackIZNS0_L29TemplatedInstanceVoidCallbackI9DisruptorXadL_ZNS3_15ConsumeNewAsyncERKNS_12CallbackInfoEEEEEP12napi_value__P10napi_env__P20napi_callback_info__EUlvE_EES8_T_
FNDA:726698,_ZNK4Napi17FunctionReference12MakeCallbackEP12napi_value__RKSt16initializer_listIS2_EP20napi_async_context__
FNDA:0,_ZZN4Napi10ObjectWrapI9DisruptorE27StaticGetterCallbackWrapperEP10napi_env__P20napi_callback_info__ENKUlvE_clEv
FNDA:520319,_ZN4Napi7details12WrapCallbackIZNS0_L25TemplatedInstanceCallbackI9DisruptorXadL_ZNS3_20GetPendingSeqNextEndERKNS_12CallbackInfoEEEEEP12napi_value__P10napi_env__P20napi_callback_info__EUlvE_EES8_T_
FNDA:505,_ZN4Napi7details12WrapCallbackIZNS_14RegisterModuleEP10napi_env__P12napi_value__PFNS_6ObjectENS_3EnvES6_EEUlvE_EES5_T_
FNDA:0,_ZN4Napi12InstanceWrapI9DisruptorE29InstanceMethodCallbackWrapperEP10napi_env__P20napi_callback_info__
FNDA:1181066,_ZN4Napi7details12WrapCallbackIZNS0_L25TemplatedInstanceCallbackI9DisruptorXadL_ZNS3_21GetPendingSeqConsumerERKNS_12CallbackInfoEEEEEP12napi_value__P10napi_env__P20napi_callback_info__EUlvE_EES8_T_
FNDA:0,_ZN4Napi13CallbackScopeD2Ev
FNDA:505,_ZN4Napi12InstanceWrapI9DisruptorE14InstanceMethodIXadL_ZNS1_16ProduceClaimManyERKNS_12CallbackInfoEEEEENS_23ClassPropertyDescriptorIS1_EEPKc24napi_property_attributesPv
FNDA:21984,_ZN4Napi9ReferenceINS_6BufferIhEEED2Ev
FNDA:3607322,_ZN4Napi11AsyncWorkerC2ERKNS_8FunctionEPKcRKNS_6ObjectE
FNDA:12,_ZZN4Napi7detailsL29TemplatedInstanceVoidCallbackI9DisruptorXadL_ZNS2_15ConsumeNewAsyncERKNS_12CallbackInfoEEEEEP12napi_value__P10napi_env__P20napi_callback_info__ENKUlvE_clEv
FNDA:807,_ZN4Napi7detailsL29TemplatedInstanceVoidCallbackI9DisruptorXadL_ZNS2_17ProduceClaimAsyncERKNS_12CallbackInfoEEEEEP12napi_value__P10napi_env__P20napi_callback_info__
FNDA:197,_ZN4Napi7details12WrapCallbackIZNS0_L25TemplatedInstanceCallbackI9DisruptorXadL_ZNS3_11GetConsumerERKNS_12CallbackInfoEEEEEP12napi_value__P10napi_env__P20napi_callback_info__EUlvE_EES8_T_
FNDA:6357548,_ZNK4Napi12CallbackInfo3EnvEv
FNDA:3712,_ZN4Napi6BufferIhEC2EP10napi_env__P12napi_value__mPh
FNDA:3208,_ZN4Napi7details12WrapCallbackIZNS0_L29TemplatedInstanceVoidCallbackI9DisruptorXadL_ZNS3_7ReleaseERKNS_12CallbackInfoEEEEEP12napi_value__P10napi_env__P20napi_callback_info__EUlvE_EES8_T_
FNDA:0,_ZNK4Napi5Error4whatEv
FNDA:0,_ZN4Napi7detailsL10AttachDataINS_18MethodCallbackDataI9DisruptorMS3_FNS_5ValueERKNS_12CallbackInfoEEEEEE11napi_statusP10napi_env__P12napi_value__PT_PFvSD_PvSI_ESI_
FNDA:1180997,_ZN4Napi7details12WrapCallbackIZNS0_L25TemplatedInstanceCallbackI9DisruptorXadL_ZNS3_13ConsumeCommitERKNS_12CallbackInfoEEEEEP12napi_value__P10napi_env__P20napi_callback_info__EUlvE_EES8_T_
FNDA:0,_ZN4Napi7detailsL10AttachDataINS_20AccessorCallbackDataI9DisruptorPFNS_5ValueERKNS_12CallbackInfoEEPFvS7_RKS4_EEEEE11napi_statusP10napi_env__P12napi_value__PT_PFvSH_PvSM_ESM_
FNDA:810,_ZN4Napi7details12WrapCallbackIZNS0_L29TemplatedInstanceVoidCallbackI9DisruptorXadL_ZNS3_18ProduceCommitAsyncERKNS_12CallbackInfoEEEEEP12napi_value__P10napi_env__P20napi_callback_info__EUlvE_EES8_T_
FNDA:0,_ZN4Napi12AsyncContextD0Ev
FNDA:3607322,_ZN4Napi7details12WrapCallbackIZNS_11AsyncWorker14OnWorkCompleteENS_3EnvE11napi_statusEUlvE_EEP12napi_value__T_
FNDA:1181006,_ZNK4Napi5Array6LengthEv
FNDA:0,_ZNK4Napi17FunctionReference4CallEP12napi_value__RKSt6vectorIS2_SaIS2_EE
FNDA:0,_ZZN4Napi12InstanceWrapI9DisruptorE29InstanceMethodCallbackWrapperEP10napi_env__P20napi_callback_info__ENKUlvE_clEv
FNDA:3716,_ZN4Napi6StringC2EP10napi_env__P12napi_value__
FNDA:72,_ZN4Napi7details12WrapCallbackIZNS0_L25TemplatedInstanceCallbackI9DisruptorXadL_ZNS3_19GetPendingSeqCursorERKNS_12CallbackInfoEEEEEP12napi_value__P10napi_env__P20napi_callback_info__EUlvE_EES8_T_
FNDA:0,_ZN4Napi10ObjectWrapI9DisruptorE27StaticSetterCallbackWrapperEP10napi_env__P20napi_callback_info__
FNDA:3716,_ZN4Napi17FunctionReferenceC2Ev
FNDA:0,_ZN4NapiL14CreateFunctionINS_18MethodCallbackDataI9DisruptorPFvRKNS_12CallbackInfoEEEEEE11napi_statusP10napi_env__PKcPFP12napi_value__SB_P20napi_callback_info__EPT_PSF_
FNDA:12,_ZN4Napi7details12WrapCallbackIZNS0_L25TemplatedInstanceCallbackI9DisruptorXadL_ZNS3_14ConsumeNewSyncERKNS_12CallbackInfoEEEEEP12napi_value__P10napi_env__P20napi_callback_info__EUlvE_EES8_T_
FNDA:7218364,_ZN4Napi9ReferenceINS_6ObjectEEC2EP10napi_env__P10napi_ref__
FNDA:505,_ZN4Napi14RegisterModuleEP10napi_env__P12napi_value__PFNS_6ObjectENS_3EnvES4_E
FNDA:0,_ZN4Napi5Error5FatalEPKcS2_
FNDA:0,_ZN4Napi7details12WrapCallbackIZNS_12InstanceWrapI9DisruptorE29InstanceGetterCallbackWrapperEP10napi_env__P20napi_callback_info__EUlvE_EEP12napi_value__T_
FNDA:197,_ZZN4Napi7detailsL25TemplatedInstanceCallbackI9DisruptorXadL_ZNS2_11GetConsumerERKNS_12CallbackInfoEEEEEP12napi_value__P10napi_env__P20napi_callback_info__ENKUlvE_clEv
FNDA:4,_ZN4Napi5ErrorC2EP10napi_env__P12napi_value__
FNDA:12,_ZN4Napi7detailsL25TemplatedInstanceCallbackI9DisruptorXadL_ZNS2_14ConsumeNewSyncERKNS_12CallbackInfoEEEEEP12napi_value__P10napi_env__P20napi_callback_info__
FNDA:726698,_ZNK4Napi5Value10IsFunctionEv
FNDA:1556,_ZZN4Napi7detailsL25TemplatedInstanceCallbackI9DisruptorXadL_ZNS2_11GetElementsERKNS_12CallbackInfoEEEEEP12napi_value__P10napi_env__P20napi_callback_info__ENKUlvE_clEv
FNDA:3712,_ZN4Napi12TypedArrayOfIhEC2Ev
FNDA:197,_ZN4Napi7detailsL25TemplatedInstanceCallbackI9DisruptorXadL_ZNS2_9GetCursorERKNS_12CallbackInfoEEEEEP12napi_value__P10napi_env__P20napi_callback_info__
FNDA:520319,_ZN4Napi7details12WrapCallbackIZNS0_L25TemplatedInstanceCallbackI9DisruptorXadL_ZNS3_17GetPendingSeqNextERKNS_12CallbackInfoEEEEEP12napi_value__P10napi_env__P20napi_callback_info__EUlvE_EES8_T_
FNDA:726698,_ZNK4Napi3Env4NullEv
FNDA:0,_ZN4Napi7details12WrapCallbackIZNS_12InstanceWrapI9DisruptorE33InstanceVoidMethodCallbackWrapperEP10napi_env__P20napi_callback_info__EUlvE_EEP12napi_value__T_
FNDA:14910,_ZNK4Napi6Number11Uint32ValueEv
FNDA:1181066,_ZN4Napi7detailsL25TemplatedInstanceCallbackI9DisruptorXadL_ZNS2_21GetPendingSeqConsumerERKNS_12CallbackInfoEEEEEP12napi_value__P10napi_env__P20napi_callback_info__
FNDA:0,_ZZN4Napi7detailsL10AttachDataINS_20AccessorCallbackDataI9DisruptorMS3_FNS_5ValueERKNS_12CallbackInfoEEMS3_FvS7_RKS4_EEEEE11napi_statusP10napi_env__P12napi_value__PT_PFvSH_PvSM_ESM_ENKUlSH_SM_SM_E_clESH_SM_SM_
FNDA:34501004,_ZN4Napi6ObjectC2EP10napi_env__P12napi_value__
FNDA:3607322,_ZN4Napi11AsyncWorkerC2ERKNS_8FunctionE
FNDA:505,_ZN4Napi12InstanceWrapI9DisruptorE16InstanceAccessorIXadL_ZNS1_17GetPendingSeqNextERKNS_12CallbackInfoEEELMS1_FvS6_RKNS_5ValueEE0EEENS_23ClassPropertyDescriptorIS1_EEPKc24napi_property_attributesPv
FNDA:12,_ZZN4Napi7detailsL25TemplatedInstanceCallbackI9DisruptorXadL_ZNS2_14ConsumeNewSyncERKNS_12CallbackInfoEEEEEP12napi_value__P10napi_env__P20napi_callback_info__ENKUlvE_clEv
FNDA:0,_ZN4Napi12CallbackInfo7SetDataEPv
FNDA:726698,_ZNK4Napi5Value4TypeEv
FNDA:496111,_ZN4Napi5Value4FromIS0_EES0_P10napi_env__RKT_
FNDA:734122,_ZNK4Napi5Value2AsINS_8FunctionEEET_v
FNDA:0,_ZN4Napi11AsyncWorker8SetErrorERKNSt7__cxx1112basic_stringIcSt11char_traitsIcESaIcEEE
FNDA:3607322,_ZN4Napi11AsyncWorker9OnExecuteENS_3EnvE
FNDA:807,_ZZN4Napi7detailsL29TemplatedInstanceVoidCallbackI9DisruptorXadL_ZNS2_17ProduceClaimAsyncERKNS_12CallbackInfoEEEEEP12napi_value__P10napi_env__P20napi_callback_info__ENKUlvE_clEv
FNDA:3607322,_ZN4Napi11AsyncWorkerC2ERKNS_6ObjectERKNS_8FunctionEPKcS3_
FNDA:7432,_ZNK4Napi5Value2AsINS_7BooleanEEET_v
FNDA:520319,_ZZN4Napi7detailsL25TemplatedInstanceCallbackI9DisruptorXadL_ZNS2_17GetPendingSeqNextERKNS_12CallbackInfoEEEEEP12napi_value__P10napi_env__P20napi_callback_info__ENKUlvE_clEv
FNDA:1180982,_ZN4Napi7details12WrapCallbackIZNS0_L25TemplatedInstanceCallbackI9DisruptorXadL_ZNS3_10ConsumeNewERKNS_12CallbackInfoEEEEEP12napi_value__P10napi_env__P20napi_callback_info__EUlvE_EES8_T_
FNDA:3607322,_ZN4Napi11AsyncWorker19OnAsyncWorkCompleteEP10napi_env__11napi_statusPv
FNDA:519441,_ZNK4Napi6BufferIhE10EnsureInfoEv
FNDA:519447,_ZN4Napi7details12WrapCallbackIZNS0_L25TemplatedInstanceCallbackI9DisruptorXadL_ZNS3_13ProduceCommitERKNS_12CallbackInfoEEEEEP12napi_value__P10napi_env__P20napi_callback_info__EUlvE_EES8_T_
FNDA:0,_ZZN4Napi7detailsL10AttachDataINS_20AccessorCallbackDataI9DisruptorPFNS_5ValueERKNS_12CallbackInfoEEPFvS7_RKS4_EEEEE11napi_statusP10napi_env__P12napi_value__PT_PFvSH_PvSM_ESM_ENKUlSH_SM_SM_E_clESH_SM_SM_
FNDA:810,_ZN4Napi7detailsL25TemplatedInstanceCallbackI9DisruptorXadL_ZNS2_17ProduceCommitSyncERKNS_12CallbackInfoEEEEEP12napi_value__P10napi_env__P20napi_callback_info__
FNDA:1180982,_ZN4Napi7detailsL25TemplatedInstanceCallbackI9DisruptorXadL_ZNS2_10ConsumeNewERKNS_12CallbackInfoEEEEEP12napi_value__P10napi_env__P20napi_callback_info__
FNDA:11136,_ZN4Napi10PersistentINS_6BufferIhEEEENS_9ReferenceIT_EES4_
FNDA:505,_ZN4Napi12InstanceWrapI9DisruptorE16InstanceAccessorIXadL_ZNS1_9GetCursorERKNS_12CallbackInfoEEELMS1_FvS6_RKNS_5ValueEE0EEENS_23ClassPropertyDescriptorIS1_EEPKc24napi_property_attributesPv
FNDA:0,_ZN4Napi12InstanceWrapI9DisruptorE29InstanceSetterCallbackWrapperEP10napi_env__P20napi_callback_info__
FNDA:12,_ZZN4Napi7detailsL25TemplatedInstanceCallbackI9DisruptorXadL_ZNS2_12GetConsumersERKNS_12CallbackInfoEEEEEP12napi_value__P10napi_env__P20napi_callback_info__ENKUlvE_clEv
FNDA:505,_ZN4Napi12InstanceWrapI9DisruptorE14InstanceMethodIXadL_ZNS1_20ProduceClaimManySyncERKNS_12CallbackInfoEEEEENS_23ClassPropertyDescriptorIS1_EEPKc24napi_property_attributesPv
FNDA:197,_ZZN4Napi7detailsL25TemplatedInstanceCallbackI9DisruptorXadL_ZNS2_9GetCursorERKNS_12CallbackInfoEEEEEP12napi_value__P10napi_env__P20napi_callback_info__ENKUlvE_clEv
FNDA:3716,_ZN4Napi10ObjectWrapI9DisruptorE26ConstructorCallbackWrapperEP10napi_env__P20napi_callback_info__
FNDA:4,_ZNK4Napi9ReferenceINS_6ObjectEE3EnvEv
FNDA:3712,_ZN4Napi9ReferenceINS_8FunctionEEaSEOS2_
FNDA:197,_ZN4Napi7detailsL25TemplatedInstanceCallbackI9DisruptorXadL_ZNS2_7GetNextERKNS_12CallbackInfoEEEEEP12napi_value__P10napi_env__P20napi_callback_info__
FNDA:11,_ZN4Napi7details12WrapCallbackIZNS0_L25TemplatedInstanceCallbackI9DisruptorXadL_ZNS3_20ProduceClaimManySyncERKNS_12CallbackInfoEEEEEP12napi_value__P10napi_env__P20napi_callback_info__EUlvE_EES8_T_
FNDA:3612,_ZN4Napi7details12FinalizeDataIhZN9DisruptorC4ERKNS_12CallbackInfoEEUlNS_3EnvEPhE_vE7WrapperEP10napi_env__PvSC_
FNDA:0,_ZN4Napi10ObjectWrapI9DisruptorE31StaticVoidMethodCallbackWrapperEP10napi_env__P20napi_callback_info__
FNDA:3716,_ZN4Napi9ReferenceINS_6ObjectEEC2Ev
FNDA:519441,_ZZN4Napi7detailsL25TemplatedInstanceCallbackI9DisruptorXadL_ZNS2_12ProduceClaimERKNS_12CallbackInfoEEEEEP12napi_value__P10napi_env__P20napi_callback_info__ENKUlvE_clEv
FNDA:7424,_ZNK4Napi17FunctionReference4CallEP12napi_value__RKSt16initializer_listIS2_E
FNDA:11,_ZZN4Napi7detailsL29TemplatedInstanceVoidCallbackI9DisruptorXadL_ZNS2_21ProduceClaimManyAsyncERKNS_12CallbackInfoEEEEEP12napi_value__P10napi_env__P20napi_callback_info__ENKUlvE_clEv
FNDA:5324025,_ZNK4Napi9ReferenceINS_8FunctionEE5ValueEv
FNDA:64,_ZN4Napi7details12WrapCallbackIZNS0_L25TemplatedInstanceCallbackI9DisruptorXadL_ZNS3_14GetElementSizeERKNS_12CallbackInfoEEEEEP12napi_value__P10napi_env__P20napi_callback_info__EUlvE_EES8_T_
FNDA:197,_ZZN4Napi7detailsL25TemplatedInstanceCallbackI9DisruptorXadL_ZNS2_7GetNextERKNS_12CallbackInfoEEEEEP12napi_value__P10napi_env__P20napi_callback_info__ENKUlvE_clEv
FNDA:3612,_ZN4Napi10ObjectWrapI9DisruptorE16FinalizeCallbackEP10napi_env__PvS5_
FNDA:24,_ZN4Napi7detailsL25TemplatedInstanceCallbackI9DisruptorXadL_ZNS2_16ProduceClaimManyERKNS_12CallbackInfoEEEEEP12napi_value__P10napi_env__P20napi_callback_info__
FNDA:496111,_ZN4Napi6Object3SetINS_5ValueEEEbjRKT_
FNDA:64,_ZN4Napi7detailsL25TemplatedInstanceCallbackI9DisruptorXadL_ZNS2_14GetElementSizeERKNS_12CallbackInfoEEEEEP12napi_value__P10napi_env__P20napi_callback_info__
FNDA:3611034,_ZN4Napi9ReferenceINS_8FunctionEEC2EOS2_
FNDA:24,_ZZN4Napi7detailsL25TemplatedInstanceCallbackI9DisruptorXadL_ZNS2_16ProduceClaimManyERKNS_12CallbackInfoEEEEEP12napi_value__P10napi_env__P20napi_callback_info__ENKUlvE_clEv
FNDA:505,_ZN4Napi12InstanceWrapI9DisruptorE16InstanceAccessorIXadL_ZNS1_7GetNextERKNS_12CallbackInfoEEELMS1_FvS6_RKNS_5ValueEE0EEENS_23ClassPropertyDescriptorIS1_EEPKc24napi_property_attributesPv
FNDA:3716,_ZN4Napi9ReferenceINS_6ObjectEEaSEOS2_
FNDA:496111,_ZN4Napi6ObjectixEj
FNDA:807,_ZN4Napi7detailsL25TemplatedInstanceCallbackI9DisruptorXadL_ZNS2_16ProduceClaimSyncERKNS_12CallbackInfoEEEEEP12napi_value__P10napi_env__P20napi_callback_info__
FNDA:734122,_ZNK4Napi3Env18IsExceptionPendingEv
FNDA:10532,_ZN4Napi9ReferenceINS_8FunctionEE5ResetEv
FNDA:48925055,_ZNK4Napi5ValuecvP12napi_value__Ev
FNDA:3716,_ZNK4Napi5Value2AsINS_6StringEEET_v
FNDA:496111,_ZN4Napi6Object14PropertyLValueIjEC2ES0_j
FNDA:11,_ZN4Napi7details12WrapCallbackIZNS0_L29TemplatedInstanceVoidCallbackI9DisruptorXadL_ZNS3_21ProduceClaimManyAsyncERKNS_12CallbackInfoEEEEEP12napi_value__P10napi_env__P20napi_callback_info__EUlvE_EES8_T_
FNDA:1667735,_ZNK4Napi3Env9UndefinedEv
FNDA:520319,_ZZN4Napi7detailsL25TemplatedInstanceCallbackI9DisruptorXadL_ZNS2_20GetPendingSeqNextEndERKNS_12CallbackInfoEEEEEP12napi_value__P10napi_env__P20napi_callback_info__ENKUlvE_clEv
FNDA:3610938,_ZN4Napi11HandleScopeC2ENS_3EnvE
FNDA:11136,_ZNK4Napi6Object3GetEPKc
FNDA:31596,_ZN4Napi9ReferenceINS_6BufferIhEEE5ResetEv
FNDA:505,_ZZN4Napi14RegisterModuleEP10napi_env__P12napi_value__PFNS_6ObjectENS_3EnvES4_EENKUlvE_clEv
FNDA:730314,_ZNK4Napi5Value7IsEmptyEv
FNDA:1677006,_ZN4Napi5ArrayC2EP10napi_env__P12napi_value__
FNDA:0,_ZN4Napi12InstanceWrapI9DisruptorE33InstanceVoidMethodCallbackWrapperEP10napi_env__P20napi_callback_info__
FNDA:685520,_ZN4Napi5Value4FromINS_6BufferIhEEEES0_P10napi_env__RKT_
FNDA:807,_ZN4Napi7details12WrapCallbackIZNS0_L25TemplatedInstanceCallbackI9DisruptorXadL_ZNS3_16ProduceClaimSyncERKNS_12CallbackInfoEEEEEP12napi_value__P10napi_env__P20napi_callback_info__EUlvE_EES8_T_
FNDA:76,_ZN4Napi7detailsL25TemplatedInstanceCallbackI9DisruptorXadL_ZNS2_14ProduceRecoverERKNS_12CallbackInfoEEEEEP12napi_value__P10napi_env__P20napi_callback_info__
FNDA:7214644,_ZN4Napi6Object3NewEP10napi_env__
FNDA:11136,_ZN4Napi9ReferenceINS_6BufferIhEEEaSEOS3_
FNDA:505,_ZN4Napi12InstanceWrapI9DisruptorE16InstanceAccessorIXadL_ZNS1_11GetConsumerERKNS_12CallbackInfoEEELMS1_FvS6_RKNS_5ValueEE0EEENS_23ClassPropertyDescriptorIS1_EEPKc24napi_property_attributesPv
FNDA:72,_ZN4Napi7detailsL25TemplatedInstanceCallbackI9DisruptorXadL_ZNS2_19GetPendingSeqCursorERKNS_12CallbackInfoEEEEEP12napi_value__P10napi_env__P20napi_callback_info__
FNDA:12625,_ZN4Napi12InstanceWrapI9DisruptorE14AttachPropDataEP10napi_env__P12napi_value__PK24napi_property_descriptor
FNDA:176,_ZNK4Napi6Number10Int64ValueEv
FNDA:197,_ZN4Napi7details12WrapCallbackIZNS0_L25TemplatedInstanceCallbackI9DisruptorXadL_ZNS3_7GetNextERKNS_12CallbackInfoEEEEEP12napi_value__P10napi_env__P20napi_callback_info__EUlvE_EES8_T_
FNDA:1247765,_ZNK4Napi12CallbackInfo6LengthEv
FNDA:12,_ZN4Napi7detailsL29TemplatedInstanceVoidCallbackI9DisruptorXadL_ZNS2_15ConsumeNewAsyncERKNS_12CallbackInfoEEEEEP12napi_value__P10napi_env__P20napi_callback_info__
FNDA:0,_ZN4Napi7detailsL10AttachDataINS_18MethodCallbackDataI9DisruptorPFvRKNS_12CallbackInfoEEEEEE11napi_statusP10napi_env__P12napi_value__PT_PFvSC_PvSH_ESH_
FNDA:0,_ZN4Napi11AsyncWorker7OnErrorERKNS_5ErrorE
FNDA:505,_ZN4Napi12InstanceWrapI9DisruptorE14InstanceMethodIXadL_ZNS1_12ProduceClaimERKNS_12CallbackInfoEEEEENS_23ClassPropertyDescriptorIS1_EEPKc24napi_property_attributesPv
FNDA:197,_ZN4Napi7detailsL25TemplatedInstanceCallbackI9DisruptorXadL_ZNS2_11GetConsumerERKNS_12CallbackInfoEEEEEP12napi_value__P10napi_env__P20napi_callback_info__
FNDA:0,_ZNK4Napi15ObjectReference3GetEPKc
FNDA:726698,_ZNK4Napi8Function12MakeCallbackEP12napi_value__RKSt16initializer_listIS2_EP20napi_async_context__
FNDA:7214644,_ZN4Napi9ReferenceINS_6ObjectEEC2EOS2_
FNDA:505,_ZN4Napi12InstanceWrapI9DisruptorE16InstanceAccessorIXadL_ZNS1_19GetPendingSeqCursorERKNS_12CallbackInfoEEELMS1_FvS6_RKNS_5ValueEE0EEENS_23ClassPropertyDescriptorIS1_EEPKc24napi_property_attributesPv
FNDA:5635166,_ZNK4Napi5Value2AsINS_6ObjectEEET_v
FNDA:0,_ZN4Napi12AsyncContextD2Ev
FNDA:505,_ZN4Napi12InstanceWrapI9DisruptorE16InstanceAccessorIXadL_ZNS1_11GetElementsERKNS_12CallbackInfoEEELMS1_FvS6_RKNS_5ValueEE0EEENS_23ClassPropertyDescriptorIS1_EEPKc24napi_property_attributesPv
FNDA:505,_ZN4Napi10ObjectWrapI9DisruptorE11DefineClassENS_3EnvEPKcmPK24napi_property_descriptorPv
FNDA:0,_ZN4Napi12InstanceWrapI9DisruptorE29InstanceGetterCallbackWrapperEP10napi_env__P20napi_callback_info__
FNDA:14910,_ZNK4Napi6NumbercvjEv
FNDA:5631454,_ZN4Napi10ObjectWrapI9DisruptorE6UnwrapENS_6ObjectE
FNDA:0,_ZZN4Napi7detailsL10AttachDataINS_18MethodCallbackDataI9DisruptorPFNS_5ValueERKNS_12CallbackInfoEEEEEE11napi_statusP10napi_env__P12napi_value__PT_PFvSD_PvSI_ESI_ENKUlSD_SI_SI_E_clESD_SI_SI_
FNDA:1716703,_ZNK4Napi8Function4CallEP12napi_value__RKSt16initializer_listIS2_E
FNDA:6058652,_ZN4Napi8FunctionC2EP10napi_env__P12napi_value__
FNDA:3712,_ZN4Napi5ValueC2Ev
FNDA:50136605,_ZN4Napi5ValueC2EP10napi_env__P12napi_value__
FNDA:752932,_ZNK4Napi12CallbackInfoixEm
FNDA:4334020,_ZNK4Napi11AsyncWorker3EnvEv
FNDA:1181066,_ZZN4Napi7detailsL25TemplatedInstanceCallbackI9DisruptorXadL_ZNS2_21GetPendingSeqConsumerERKNS_12CallbackInfoEEEEEP12napi_value__P10napi_env__P20napi_callback_info__ENKUlvE_clEv
FNDA:0,_ZZN4Napi10ObjectWrapI9DisruptorE31StaticVoidMethodCallbackWrapperEP10napi_env__P20napi_callback_info__ENKUlvE_clEv
FNDA:807,_ZN4Napi7details12WrapCallbackIZNS0_L29TemplatedInstanceVoidCallbackI9DisruptorXadL_ZNS3_17ProduceClaimAsyncERKNS_12CallbackInfoEEEEEP12napi_value__P10napi_env__P20napi_callback_info__EUlvE_EES8_T_
FNDA:3611034,_ZN4Napi10PersistentENS_8FunctionE
FNDA:7214644,_ZN4Napi15ObjectReferenceC2EONS_9ReferenceINS_6ObjectEEE
FNDA:0,_ZN4Napi7details12WrapCallbackIZNS_10ObjectWrapI9DisruptorE27StaticGetterCallbackWrapperEP10napi_env__P20napi_callback_info__EUlvE_EEP12napi_value__T_
FNDA:27786345,_ZNK4Napi5Value3EnvEv
FNDA:3611034,_ZN4Napi9ReferenceINS_8FunctionEEC2EP10napi_env__P10napi_ref__
FNDA:3712,_ZN4Napi10TypedArrayC2Ev
FNDA:526879,_ZNK4Napi7Boolean5ValueEv
FNDA:3610938,_ZN4Napi11HandleScopeD2Ev
FNDA:1718271,_ZNK4Napi9ReferenceINS_6BufferIhEEE5ValueEv
FNDA:46716979,_ZNK4Napi3EnvcvP10napi_env__Ev
FNDA:519441,_ZN4Napi7detailsL25TemplatedInstanceCallbackI9DisruptorXadL_ZNS2_12ProduceClaimERKNS_12CallbackInfoEEEEEP12napi_value__P10napi_env__P20napi_callback_info__
FNDA:0,_ZN4Napi8Function3NewIXadL_Z12NullCallbackRKNS_12CallbackInfoEEEEES0_P10napi_env__PKcPv
FNDA:0,_ZNK4Napi8Function4CallEP12napi_value__RKSt6vectorIS2_SaIS2_EE
FNDA:3607322,_ZN4Napi11AsyncWorker14OnWorkCompleteENS_3EnvE11napi_status
FNDA:3438686,_ZN4Napi10TypedArrayC2EP10napi_env__P12napi_value__
FNDA:197,_ZN4Napi7details12WrapCallbackIZNS0_L25TemplatedInstanceCallbackI9DisruptorXadL_ZNS3_9GetCursorERKNS_12CallbackInfoEEEEEP12napi_value__P10napi_env__P20napi_callback_info__EUlvE_EES8_T_
FNDA:5635170,_ZN4Napi12CallbackInfoC2EP10napi_env__P20napi_callback_info__
FNDA:4,_ZNK4Napi5Error26ThrowAsJavaScriptExceptionEv
FNDA:0,_ZN4Napi7details12WrapCallbackIZNS_12InstanceWrapI9DisruptorE29InstanceMethodCallbackWrapperEP10napi_env__P20napi_callback_info__EUlvE_EEP12napi_value__T_
FNDA:807,_ZZN4Napi7detailsL25TemplatedInstanceCallbackI9DisruptorXadL_ZNS2_16ProduceClaimSyncERKNS_12CallbackInfoEEEEEP12napi_value__P10napi_env__P20napi_callback_info__ENKUlvE_clEv
FNDA:685520,_ZN4Napi6Object3SetINS_6BufferIhEEEEbjRKT_
FNDA:0,_ZN4Napi7details12WrapCallbackIZNS_10ObjectWrapI9DisruptorE27StaticSetterCallbackWrapperEP10napi_env__P20napi_callback_info__EUlvE_EEP12napi_value__T_
FNDA:3716,_ZN4Napi10ObjectWrapI9DisruptorEC2ERKNS_12CallbackInfoE
FNDA:505,_ZN4Napi10ObjectWrapI9DisruptorE11DefineClassENS_3EnvEPKcRKSt16initializer_listINS_23ClassPropertyDescriptorIS1_EEEPv
FNDA:3208,_ZN4Napi7detailsL29TemplatedInstanceVoidCallbackI9DisruptorXadL_ZNS2_7ReleaseERKNS_12CallbackInfoEEEEEP12napi_value__P10napi_env__P20napi_callback_info__
FNDA:0,_ZN4Napi10ObjectWrapI9DisruptorED0Ev
FNDA:0,_ZZN4Napi7detailsL21TemplatedVoidCallbackIXadL_Z12NullCallbackRKNS_12CallbackInfoEEEEEP12napi_value__P10napi_env__P20napi_callback_info__ENKUlvE_clEv
FNDA:3612,_ZZN4Napi7details12FinalizeDataIhZN9DisruptorC4ERKNS_12CallbackInfoEEUlNS_3EnvEPhE_vE7WrapperEP10napi_env__PvSC_ENKUlvE_clEv
FNDA:505,_ZN4Napi12InstanceWrapI9DisruptorE14InstanceMethodIXadL_ZNS1_17ProduceCommitSyncERKNS_12CallbackInfoEEEEENS_23ClassPropertyDescriptorIS1_EEPKc24napi_property_attributesPv
FNDA:72,_ZZN4Napi7detailsL25TemplatedInstanceCallbackI9DisruptorXadL_ZNS2_19GetPendingSeqCursorERKNS_12CallbackInfoEEEEEP12napi_value__P10napi_env__P20napi_callback_info__ENKUlvE_clEv
FNDA:3607322,_ZZN4Napi11AsyncWorker14OnWorkCompleteENS_3EnvE11napi_statusENKUlvE_clEv
FNDA:505,_ZN4Napi12InstanceWrapI9DisruptorE16InstanceAccessorIXadL_ZNS1_12GetConsumersERKNS_12CallbackInfoEEELMS1_FvS6_RKNS_5ValueEE0EEENS_23ClassPropertyDescriptorIS1_EEPKc24napi_property_attributesPv
FNDA:1677006,_ZN4Napi5Array3NewEP10napi_env__
FNDA:505,_ZN4Napi12InstanceWrapI9DisruptorE14InstanceMethodIXadL_ZNS1_17ProduceClaimAsyncERKNS_12CallbackInfoEEEEENS_23ClassPropertyDescriptorIS1_EEPKc24napi_property_attributesPv
FNDA:726698,_ZN4Napi11AsyncWorker8ReceiverEv
FNDA:50779472,_ZN4Napi3EnvC2EP10napi_env__
FNDA:0,_ZN4NapiL14CreateFunctionINS_18MethodCallbackDataI9DisruptorPFNS_5ValueERKNS_12CallbackInfoEEEEEE11napi_statusP10napi_env__PKcPFP12napi_value__SC_P20napi_callback_info__EPT_PSG_
FNDA:810,_ZZN4Napi7detailsL25TemplatedInstanceCallbackI9DisruptorXadL_ZNS2_17ProduceCommitSyncERKNS_12CallbackInfoEEEEEP12napi_value__P10napi_env__P20napi_callback_info__ENKUlvE_clEv
FNDA:3712,_ZNK4Napi3Env6GlobalEv
FNDA:0,_ZN4Napi7details12WrapCallbackIZNS0_L21TemplatedVoidCallbackIXadL_Z12NullCallbackRKNS_12CallbackInfoEEEEEP12napi_value__P10napi_env__P20napi_callback_info__EUlvE_EES7_T_
FNDA:519441,_ZNK4Napi6BufferIhE6LengthEv
FNDA:4337640,_ZNK4Napi9ReferenceINS_6ObjectEE5ValueEv
FNDA:505,_ZN4Napi5Value4FromINS_8FunctionEEES0_P10napi_env__RKT_
FNDA:3616,_ZN4Napi10ObjectWrapI9DisruptorED2Ev
FNDA:0,_ZZN4Napi7detailsL10AttachDataINS_18MethodCallbackDataI9DisruptorPFvRKNS_12CallbackInfoEEEEEE11napi_statusP10napi_env__P12napi_value__PT_PFvSC_PvSH_ESH_ENKUlSC_SH_SH_E_clESC_SH_SH_
FNDA:505,_ZN4Napi12InstanceWrapI9DisruptorE14InstanceMethodIXadL_ZNS1_21ProduceClaimManyAsyncERKNS_12CallbackInfoEEEEENS_23ClassPropertyDescriptorIS1_EEPKc24napi_property_attributesPv
FNDA:24,_ZN4Napi7details12WrapCallbackIZNS0_L25TemplatedInstanceCallbackI9DisruptorXadL_ZNS3_16ProduceClaimManyERKNS_12CallbackInfoEEEEEP12napi_value__P10napi_env__P20napi_callback_info__EUlvE_EES8_T_
FNDA:505,_ZN4Napi12InstanceWrapI9DisruptorE16InstanceAccessorIXadL_ZNS1_20GetPendingSeqNextEndERKNS_12CallbackInfoEEELMS1_FvS6_RKNS_5ValueEE0EEENS_23ClassPropertyDescriptorIS1_EEPKc24napi_property_attributesPv
FNDA:3712,_ZN4Napi6ObjectC2Ev
FNDA:505,_ZN4Napi12InstanceWrapI9DisruptorE14InstanceMethodIXadL_ZNS1_16ProduceClaimSyncERKNS_12CallbackInfoEEEEENS_23ClassPropertyDescriptorIS1_EEPKc24napi_property_attributesPv
FNDA:3712,_ZN4Napi17FunctionReferenceaSEOS0_
FNDA:3607322,_ZN4Napi11AsyncWorker5QueueEv
FNDA:0,_ZN4Napi11AsyncWorker4OnOKEv
FNDA:3607322,_ZN4Napi11AsyncWorker18OnAsyncWorkExecuteEP10napi_env__Pv
FNDA:0,_ZZN4Napi7detailsL10AttachDataINS_18MethodCallbackDataI9DisruptorMS3_FvRKNS_12CallbackInfoEEEEEE11napi_statusP10napi_env__P12napi_value__PT_PFvSC_PvSH_ESH_ENKUlSC_SH_SH_E_clESC_SH_SH_
FNDA:519441,_ZN4Napi7details12WrapCallbackIZNS0_L25TemplatedInstanceCallbackI9DisruptorXadL_ZNS3_12ProduceClaimERKNS_12CallbackInfoEEEEEP12napi_value__P10napi_env__P20napi_callback_info__EUlvE_EES8_T_
FNDA:0,_ZN4Napi7details12WrapCallbackIZNS_10ObjectWrapI9DisruptorE27StaticMethodCallbackWrapperEP10napi_env__P20napi_callback_info__EUlvE_EEP12napi_value__T_
FNDA:734122,_ZN4Napi20EscapableHandleScopeC2ENS_3EnvE
FNDA:11136,_ZN4Napi9ReferenceINS_6BufferIhEEE3NewERKS2_j
FNDA:3716,_ZN4Napi4NameC2EP10napi_env__P12napi_value__
FNDA:0,_ZN4Napi7detailsL10AttachDataINS_20AccessorCallbackDataI9DisruptorMS3_FNS_5ValueERKNS_12CallbackInfoEEMS3_FvS7_RKS4_EEEEE11napi_statusP10napi_env__P12napi_value__PT_PFvSH_PvSM_ESM_
FNDA:64,_ZZN4Napi7detailsL25TemplatedInstanceCallbackI9DisruptorXadL_ZNS2_14GetElementSizeERKNS_12CallbackInfoEEEEEP12napi_value__P10napi_env__P20napi_callback_info__ENKUlvE_clEv
FNDA:505,_ZN4Napi12InstanceWrapI9DisruptorE14InstanceMethodIXadL_ZNS1_10ConsumeNewERKNS_12CallbackInfoEEEEENS_23ClassPropertyDescriptorIS1_EEPKc24napi_property_attributesPv
FNDA:1716703,_ZNK4Napi8Function4CallEP12napi_value__mPKS2_
FNDA:0,_ZN4Napi10ObjectWrapI9DisruptorE27StaticMethodCallbackWrapperEP10napi_env__P20napi_callback_info__
FNDA:15086,_ZNK4Napi5Value2AsINS_6NumberEEET_v
FNDA:3208,_ZZN4Napi7detailsL29TemplatedInstanceVoidCallbackI9DisruptorXadL_ZNS2_7ReleaseERKNS_12CallbackInfoEEEEEP12napi_value__P10napi_env__P20napi_callback_info__ENKUlvE_clEv
FNDA:1556,_ZN4Napi7detailsL25TemplatedInstanceCallbackI9DisruptorXadL_ZNS2_11GetElementsERKNS_12CallbackInfoEEEEEP12napi_value__P10napi_env__P20napi_callback_info__
FNDA:1924651,_ZN4Napi7Boolean3NewEP10napi_env__b
FNDA:4,_ZN4Napi5Error3NewEP10napi_env__RKNSt7__cxx1112basic_stringIcSt11char_traitsIcESaIcEEE
FNDA:0,_ZNK4Napi9ReferenceINS_8FunctionEE3EnvEv
FNDA:526879,_ZNK4Napi7BooleancvbEv
FNDA:505,_ZN4Napi12InstanceWrapI9DisruptorE14InstanceMethodIXadL_ZNS1_13ProduceCommitERKNS_12CallbackInfoEEEEENS_23ClassPropertyDescriptorIS1_EEPKc24napi_property_attributesPv
FNDA:0,_ZN4Napi7detailsL10AttachDataINS_18MethodCallbackDataI9DisruptorPFNS_5ValueERKNS_12CallbackInfoEEEEEE11napi_statusP10napi_env__P12napi_value__PT_PFvSD_PvSI_ESI_
FNDA:5638882,_ZNK4Napi12CallbackInfo4ThisEv
FNDA:0,_ZN4Napi11AsyncWorker9GetResultENS_3EnvE
FNDA:1556,_ZN4Napi7details12WrapCallbackIZNS0_L25TemplatedInstanceCallbackI9DisruptorXadL_ZNS3_11GetElementsERKNS_12CallbackInfoEEEEEP12napi_value__P10napi_env__P20napi_callback_info__EUlvE_EES8_T_
FNDA:505,_ZN4Napi12InstanceWrapI9DisruptorE14InstanceMethodIXadL_ZNS1_14ProduceRecoverERKNS_12CallbackInfoEEEEENS_23ClassPropertyDescriptorIS1_EEPKc24napi_property_attributesPv
FNDA:4,_ZN4Napi15ObjectReferenceC2EP10napi_env__P10napi_ref__
FNDA:3607322,_ZN4Napi11AsyncWorker8CallbackEv
FNDA:810,_ZN4Napi7details12WrapCallbackIZNS0_L25TemplatedInstanceCallbackI9DisruptorXadL_ZNS3_17ProduceCommitSyncERKNS_12CallbackInfoEEEEEP12napi_value__P10napi_env__P20napi_callback_info__EUlvE_EES8_T_
FNDA:3612,_ZN4Napi10ObjectWrapI9DisruptorE8FinalizeENS_3EnvE
FNDA:3611034,_ZN4Napi9ReferenceINS_8FunctionEE3NewERKS1_j
FNDA:76,_ZN4Napi7details12WrapCallbackIZNS0_L25TemplatedInstanceCallbackI9DisruptorXadL_ZNS3_14ProduceRecoverERKNS_12CallbackInfoEEEEEP12napi_value__P10napi_env__P20napi_callback_info__EUlvE_EES8_T_
FNDA:0,_ZNK4Napi9ReferenceINS_8FunctionEE7IsEmptyEv
FNDA:7214644,_ZN4Napi10PersistentENS_6ObjectE
FNDA:3607322,_ZN4Napi11AsyncWorker7DestroyEv
FNDA:3712,_ZN4Napi6BufferIhEC2Ev
FNDA:11,_ZZN4Napi7detailsL25TemplatedInstanceCallbackI9DisruptorXadL_ZNS2_20ProduceClaimManySyncERKNS_12CallbackInfoEEEEEP12napi_value__P10napi_env__P20napi_callback_info__ENKUlvE_clEv
FNDA:11148,_ZN4Napi9ReferenceINS_6BufferIhEEEC2Ev
FNDA:0,_ZNK4Napi6StringcvNSt7__cxx1112basic_stringIcSt11char_traitsIcESaIcEEEEv
FNDA:4,_ZN4Napi5Error3NewIS0_EET_P10napi_env__PKcmPF11napi_statusS4_P12napi_value__S9_PS9_E
FNDA:5635170,_ZN4Napi12CallbackInfoD2Ev
FNDA:3607322,_ZN4Napi11AsyncWorkerD2Ev
FNDA:505,_ZN4Napi12InstanceWrapI9DisruptorE14InstanceMethodIXadL_ZNS1_18ProduceCommitAsyncERKNS_12CallbackInfoEEEEENS_23ClassPropertyDescriptorIS1_EEPKc24napi_property_attributesPv
FNDA:505,_ZN4Napi12InstanceWrapI9DisruptorE16InstanceAccessorIXadL_ZNS1_14GetElementSizeERKNS_12CallbackInfoEEELMS1_FvS6_RKNS_5ValueEE0EEENS_23ClassPropertyDescriptorIS1_EEPKc24napi_property_attributesPv
FNDA:3607322,_ZN4Napi11AsyncWorkerC2ERKNS_8FunctionEPKc
FNDA:0,_ZZN4Napi12InstanceWrapI9DisruptorE33InstanceVoidMethodCallbackWrapperEP10napi_env__P20napi_callback_info__ENKUlvE_clEv
FNDA:3434974,_ZN4Napi6BufferIhEC2EP10napi_env__P12napi_value__
FNDA:519447,_ZN4Napi7detailsL25TemplatedInstanceCallbackI9DisruptorXadL_ZNS2_13ProduceCommitERKNS_12CallbackInfoEEEEEP12napi_value__P10napi_env__P20napi_callback_info__
FNDA:7225684,_ZN4Napi9ReferenceINS_8FunctionEED2Ev
FNDA:505,_ZN4Napi12InstanceWrapI9DisruptorE14InstanceMethodIXadL_ZNS1_13ConsumeCommitERKNS_12CallbackInfoEEEEENS_23ClassPropertyDescriptorIS1_EEPKc24napi_property_attributesPv
FNF:314
FNH:249
DA:29,0
DA:35,0
DA:36,0
DA:37,0
DA:64,0
DA:66,0
DA:72,9242997
DA:75,9242997
DA:76,4
DA:77,4
DA:78,4
DA:91,3612
DA:94,3612
DA:95,0
DA:96,0
DA:103,3612
DA:142,0
DA:143,0
DA:144,0
DA:145,0
DA:146,0
DA:147,0
DA:162,5626606
DA:163,11253212
DA:164,5626606
DA:165,5626606
DA:166,11253212
DA:167,11253212
DA:172,4848
DA:174,9696
DA:175,4848
DA:176,4848
DA:177,4848
DA:178,4848
DA:179,9696
DA:184,3612
DA:187,7224
DA:188,3612
DA:189,3612
DA:190,3612
DA:192,3612
DA:372,505
DA:375,505
DA:376,1010
DA:377,1515
DA:378,505
DA:451,50779472
DA:452,50779472
DA:454,46716979
DA:455,46716979
DA:458,3712
DA:460,3712
DA:461,3712
DA:462,3712
DA:465,1667735
DA:467,1667735
DA:468,1667735
DA:469,1667735
DA:472,726698
DA:474,726698
DA:475,726698
DA:476,726698
DA:479,734122
DA:481,734122
DA:482,734122
DA:483,734122
DA:578,3712
DA:579,3712
DA:581,50136605
DA:582,50136605
DA:584,48925055
DA:585,48925055
DA:603,27786345
DA:604,27786345
DA:607,730314
DA:608,730314
DA:611,726698
DA:612,726698
DA:613,0
DA:617,726698
DA:618,726698
DA:619,726698
DA:702,726698
DA:703,726698
DA:744,8112225
DA:745,8112225
DA:780,1924651
DA:782,1924651
DA:783,1924651
DA:784,1924651
DA:790,1932083
DA:791,1932083
DA:793,526879
DA:794,526879
DA:797,526879
DA:799,526879
DA:800,526879
DA:801,526879
DA:808,6166556
DA:810,6166556
DA:811,6166556
DA:812,6166556
DA:818,6181642
DA:819,6181642
DA:825,14910
DA:826,14910
DA:848,14910
DA:850,14910
DA:851,14910
DA:852,14910
DA:855,176
DA:857,176
DA:858,176
DA:859,176
DA:974,3716
DA:975,3716
DA:1032,3716
DA:1033,3716
DA:1035,0
DA:1036,0
DA:1043,3716
DA:1045,3716
DA:1046,3716
DA:1048,3716
DA:1049,3716
DA:1050,3716
DA:1051,3716
DA:1052,3716
DA:1053,7432
DA:1054,0
DA:1198,1182136
DA:1199,1182136
DA:1218,1182136
DA:1228,1182136
DA:1269,496111
DA:1273,496111
DA:1277,496111
DA:1281,496111
DA:1282,496111
DA:1284,7214644
DA:1286,7214644
DA:1287,7214644
DA:1288,7214644
DA:1291,3712
DA:1292,3712
DA:1294,34501004
DA:1295,34501004
DA:1305,496111
DA:1306,496111
DA:1380,11136
DA:1382,11136
DA:1383,11136
DA:1405,505
DA:1408,505
DA:1409,505
DA:1451,1181631
DA:1453,1181631
DA:1454,1181631
DA:1622,1677006
DA:1624,1677006
DA:1625,1677006
DA:1626,1677006
DA:1639,1677006
DA:1640,1677006
DA:1642,1181006
DA:1644,1181006
DA:1645,1181006
DA:1646,1181006
DA:1930,3712
DA:1931,3712
DA:1932,3712
DA:1934,3438686
DA:1935,3438686
DA:1936,3438686
DA:2040,3712
DA:2041,3712
DA:2044,3438686
DA:2045,3438686
DA:2046,3438686
DA:2047,3438686
DA:2048,3438686
DA:2049,3438686
DA:2051,3438686
DA:2053,0
DA:2054,0
DA:2056,3438686
DA:2057,3438686
DA:2099,0
DA:2105,0
DA:2106,0
DA:2107,0
DA:2110,0
DA:2114,0
DA:2115,0
DA:2116,0
DA:2122,0
DA:2123,0
DA:2187,6058652
DA:2188,6058652
DA:2210,1716703
DA:2212,1716703
DA:2215,0
DA:2217,0
DA:2220,1716703
DA:2224,3433406
DA:2225,1716703
DA:2226,1716703
DA:2230,726698
DA:2234,726698
DA:2244,726698
DA:2250,1453396
DA:2251,726698
DA:2252,726698
DA:2333,3712
DA:2338,3712
DA:2339,3712
DA:2341,3712
DA:2348,3712
DA:2349,0
DA:2350,0
DA:2352,7424
DA:2390,3712
DA:2391,3712
DA:2394,3434974
DA:2395,3434974
DA:2396,3434974
DA:2399,3712
DA:2400,3712
DA:2401,3712
DA:2404,519441
DA:2405,519441
DA:2406,519441
DA:2416,519441
DA:2420,519441
DA:2423,519441
DA:2424,519441
DA:2425,519441
DA:2426,519441
DA:2428,519441
DA:2434,0
DA:2436,0
DA:2442,0
DA:2443,0
DA:2445,0
DA:2446,0
DA:2449,0
DA:2450,0
DA:2451,0
DA:2454,0
DA:2455,0
DA:2458,0
DA:2463,0
DA:2465,0
DA:2466,0
DA:2470,0
DA:2471,0
DA:2472,0
DA:2473,0
DA:2474,0
DA:2476,0
DA:2479,0
DA:2482,0
DA:2483,0
DA:2486,4
DA:2487,4
DA:2490,0
DA:2491,0
DA:2497,4
DA:2498,4
DA:2499,4
DA:2503,4
DA:2505,4
DA:2533,0
DA:2534,0
DA:2537,0
DA:2539,0
DA:2542,0
DA:2554,0
DA:2557,4
DA:2558,4
DA:2559,4
DA:2590,4
DA:2594,4
DA:2595,0
DA:2601,4
DA:2605,0
DA:2606,0
DA:2612,4
DA:2617,4
DA:2618,4
DA:2621,4
DA:2622,4
DA:2624,8
DA:2660,10836814
DA:2661,10836814
DA:2662,10836814
DA:2664,10836814
DA:2665,0
DA:2669,10836814
DA:2670,10836814
DA:2672,10836814
DA:2677,18580
DA:2678,18580
DA:2681,10840534
DA:2682,10840534
DA:2683,10840534
DA:2686,21684292
DA:2687,21684292
DA:2688,10825586
DA:2689,10825586
DA:2692,10825586
DA:2694,21684292
DA:2697,10825678
DA:2698,10825678
DA:2699,10825678
DA:2700,10825678
DA:2701,10825678
DA:2702,10825678
DA:2705,18564
DA:2706,18564
DA:2707,18564
DA:2708,18564
DA:2709,18564
DA:2710,18564
DA:2711,18564
DA:2712,18564
DA:2713,18564
DA:2747,4
DA:2748,4
DA:2752,3620
DA:2753,3620
DA:2757,11379936
DA:2758,11379936
DA:2759,0
DA:2763,11379936
DA:2764,11379936
DA:2765,11379936
DA:2785,45844
DA:2786,45844
DA:2787,14848
DA:2788,14848
DA:2789,14848
DA:2791,45844
DA:2824,11136
DA:2825,11136
DA:2828,7214644
DA:2829,14429288
DA:2832,3611034
DA:2833,7222068
DA:2843,4
DA:2844,4
DA:2846,7214644
DA:2847,7214644
DA:2848,7214644
DA:2868,0
DA:2870,0
DA:2871,0
DA:2878,0
DA:2879,0
DA:2881,0
DA:2883,0
DA:3017,3716
DA:3018,3716
DA:3024,3611034
DA:3025,3611034
DA:3026,3611034
DA:3037,3712
DA:3038,3712
DA:3039,3712
DA:3093,7424
DA:3095,7424
DA:3096,7424
DA:3103,7424
DA:3104,0
DA:3106,7424
DA:3108,7424
DA:3110,0
DA:3112,0
DA:3113,0
DA:3120,0
DA:3121,0
DA:3123,0
DA:3125,0
DA:3144,726698
DA:3148,726698
DA:3149,726698
DA:3157,726698
DA:3158,0
DA:3160,726698
DA:3162,726698
DA:3242,5635170
DA:3243,5635170
DA:3244,5635170
DA:3245,5635170
DA:3246,5635170
DA:3247,5635170
DA:3249,5635170
DA:3252,3716
DA:3253,3716
DA:3255,3716
DA:3256,3716
DA:3258,5635170
DA:3260,5635170
DA:3261,5635170
DA:3262,3716
DA:3264,5635170
DA:3277,6357548
DA:3278,6357548
DA:3281,1247765
DA:3282,1247765
DA:3285,752932
DA:3286,1505864
DA:3289,5638882
DA:3290,5638882
DA:3291,0
DA:3293,5638882
DA:3296,0
DA:3297,0
DA:3300,0
DA:3301,0
DA:3302,0
DA:3624,12625
DA:3628,12625
DA:3629,12625
DA:3630,0
DA:3632,0
DA:3633,0
DA:3634,12625
DA:3635,0
DA:3637,0
DA:3638,0
DA:3639,12625
DA:3640,12625
DA:3641,0
DA:3643,0
DA:3644,0
DA:3647,12625
DA:3717,2525
DA:3721,2525
DA:3722,2525
DA:3723,2525
DA:3724,2525
DA:3725,2525
DA:3726,2525
DA:3731,5050
DA:3735,5050
DA:3736,5050
DA:3737,5050
DA:3738,5050
DA:3739,5050
DA:3740,5050
DA:3812,5050
DA:3816,5050
DA:3817,5050
DA:3818,5050
DA:3819,5050
DA:3820,5050
DA:3821,5050
DA:3822,5050
DA:3866,0
DA:3869,0
DA:3870,0
DA:3872,0
DA:3873,0
DA:3874,0
DA:3875,0
DA:3876,0
DA:3877,0
DA:3878,0
DA:3882,0
DA:3885,0
DA:3886,0
DA:3888,0
DA:3889,0
DA:3890,0
DA:3891,0
DA:3892,0
DA:3893,0
DA:3897,0
DA:3900,0
DA:3901,0
DA:3903,0
DA:3904,0
DA:3905,0
DA:3906,0
DA:3907,0
DA:3908,0
DA:3912,0
DA:3915,0
DA:3916,0
DA:3918,0
DA:3919,0
DA:3920,0
DA:3921,0
DA:3922,0
DA:3923,0
DA:3924,0
DA:3944,3716
DA:3945,3716
DA:3946,3716
DA:3949,3716
DA:3950,3716
DA:3951,3716
DA:3953,3716
DA:3954,3716
DA:3955,3716
DA:3958,3616
DA:3961,3616
DA:3962,3616
DA:3965,3616
DA:3966,4
DA:3969,7232
DA:3972,5631454
DA:3974,5631454
DA:3975,5631454
DA:3976,5631454
DA:3981,505
DA:3987,505
DA:3997,13130
DA:3998,12625
DA:3999,12625
DA:4000,12625
DA:4001,0
DA:4004,0
DA:4006,0
DA:4007,0
DA:4008,0
DA:4009,12625
DA:4010,0
DA:4013,0
DA:4015,0
DA:4016,0
DA:4017,0
DA:4022,505
DA:4028,505
DA:4030,505
DA:4035,13130
DA:4036,12625
DA:4038,12625
DA:4039,12625
DA:4040,0
DA:4042,0
DA:4043,0
DA:4047,12625
DA:4051,1010
DA:4052,505
DA:4055,505
DA:4060,505
DA:4063,505
DA:4064,505
DA:4291,3612
DA:4294,3716
DA:4298,3716
DA:4299,3716
DA:4301,3716
DA:4302,3716
DA:4303,0
DA:4304,0
DA:4307,3716
DA:4308,3716
DA:4309,3716
DA:4311,3712
DA:4322,7424
DA:4323,3716
DA:4325,3716
DA:4329,0
DA:4332,0
DA:4333,0
DA:4335,0
DA:4336,0
DA:4337,0
DA:4338,0
DA:4339,0
DA:4343,0
DA:4346,0
DA:4347,0
DA:4349,0
DA:4350,0
DA:4351,0
DA:4352,0
DA:4356,0
DA:4359,0
DA:4360,0
DA:4362,0
DA:4363,0
DA:4364,0
DA:4365,0
DA:4369,0
DA:4372,0
DA:4373,0
DA:4375,0
DA:4376,0
DA:4377,0
DA:4378,0
DA:4379,0
DA:4383,3612
DA:4384,3612
DA:4385,3612
DA:4386,3612
DA:4387,3612
DA:4388,3612
DA:4409,3610938
DA:4410,3610938
DA:4411,3610938
DA:4412,3610938
DA:4414,3610938
DA:4415,3610938
DA:4416,3610938
DA:4419,3610938
DA:4437,734122
DA:4438,734122
DA:4439,734122
DA:4440,734122
DA:4442,734122
DA:4443,734122
DA:4444,734122
DA:4447,734122
DA:4453,734122
DA:4454,734122
DA:4457,734122
DA:4459,734122
DA:4460,734122
DA:4461,734122
DA:4481,0
DA:4482,0
DA:4483,0
DA:4486,0
DA:4518,0
DA:4519,0
DA:4520,0
DA:4521,0
DA:4523,0
DA:4552,3607322
DA:4553,3607322
DA:4554,3607322
DA:4556,3607322
DA:4557,3607322
DA:4558,3607322
DA:4559,3607322
DA:4561,3607322
DA:4563,3607322
DA:4564,3607322
DA:4567,3607322
DA:4568,3607322
DA:4584,3607322
DA:4587,3607322
DA:4588,3607322
DA:4589,3607322
DA:4590,3607322
DA:4591,7214644
DA:4593,3607322
DA:4595,3607322
DA:4597,3607322
DA:4599,3607322
DA:4600,3607322
DA:4628,3607322
DA:4629,3607322
DA:4630,3607322
DA:4631,3607322
DA:4633,3607322
DA:4635,3607322
DA:4636,3607322
DA:4637,3607322
DA:4666,4334020
DA:4667,4334020
DA:4670,3607322
DA:4671,3607322
DA:4672,3607322
DA:4673,3607322
DA:4680,726698
DA:4681,726698
DA:4684,3607322
DA:4685,3607322
DA:4692,0
DA:4693,0
DA:4694,0
DA:4696,0
DA:4698,0
DA:4699,0
DA:4700,0
DA:4702,0
DA:4704,0
DA:4705,0
DA:4706,0
DA:4708,0
DA:4709,0
DA:4715,3607322
DA:4716,3607322
DA:4717,3607322
DA:4718,3607322
DA:4723,3607322
DA:4726,3607322
DA:4727,0
DA:4728,0
DA:4729,0
DA:4733,3607322
DA:4735,3607322
DA:4738,3607322
DA:4739,3607322
DA:4740,3607322
DA:4741,3607322
DA:4742,3607322
DA:4743,3607322
DA:4744,3607322
DA:4745,3607322
DA:4746,3607322
DA:4749,0
DA:4751,3607322
DA:4753,3607322
DA:4754,3607322
DA:4755,3607322
DA:4757,3607322
LF:712
LH:501
end_of_record
TN:
SF:/home/david/shared-memory-disruptor/node_modules/node-addon-api/napi.h
FN:1082,_ZN4Napi10TypedArray30TypedArrayTypeForPrimitiveTypeIhEE20napi_typedarray_typev
FN:1897,_ZN4Napi23ClassPropertyDescriptorI9DisruptorEC2E24napi_property_descriptor
FN:2015,_ZN4Napi12InstanceWrapI9DisruptorE10WrapSetterENS2_9SetterTagILMS1_FvRKNS_12CallbackInfoERKNS_5ValueEE0EEE
FNDA:5050,_ZN4Napi12InstanceWrapI9DisruptorE10WrapSetterENS2_9SetterTagILMS1_FvRKNS_12CallbackInfoERKNS_5ValueEE0EEE
FNDA:12625,_ZN4Napi23ClassPropertyDescriptorI9DisruptorEC2E24napi_property_descriptor
FNDA:0,_ZN4Napi10TypedArray30TypedArrayTypeForPrimitiveTypeIhEE20napi_typedarray_typev
FNF:3
FNH:2
DA:1082,0
DA:1095,0
DA:1897,12625
DA:2015,5050
DA:2016,5050
LF:5
LH:3
end_of_record
TN:
SF:/home/david/shared-memory-disruptor/src/disruptor.cc
FN:52,_ZN9Disruptor4SpinEv
FN:160,_Z11GetCallbackRKN4Napi12CallbackInfoEj
FN:179,_ZN10SyncBuffer3NewEN4Napi3EnvEP9Disruptormm
FN:198,_ZN11AsyncBufferC2Ev
FN:202,_ZN11AsyncBuffer3NewEN4Napi3EnvEP9Disruptormm
FN:207,_ZN11AsyncBuffer7ToValueEN4Napi3EnvEP9Disruptor
FN:212,_ZN11AsyncBuffer6LengthEv
FN:218,_ZN11AsyncBufferC2Emmj
FN:234,_ZN10AsyncArrayI11AsyncBufferEC2Ev
FN:239,_ZN10AsyncArrayI11AsyncBufferE3NewEN4Napi3EnvE
FN:244,_ZN10AsyncArrayI11AsyncBufferE3SetEjOS0_
FN:254,_ZN10AsyncArrayI11AsyncBufferE7ToValueEN4Napi3EnvEP9Disruptor
[...]
FNF:29
FNH:29
DA:79,2076146
DA:85,2076146
DA:86,2076146
DA:155,2079858
DA:161,495886
DA:162,495886
DA:163,495886
DA:165,1038073
DA:167,1038073
DA:168,1038073
DA:169,1038073
DA:172,9303780
DA:173,3522370
DA:174,4156004
DA:177,1038073
DA:179,1038073
DA:180,1038073
DA:181,1038073
DA:182,1038073
DA:183,1038073
DA:185,1038073
DA:187,1038073
DA:188,1038073
DA:189,1038073
DA:211,495886
DA:212,1038073
DA:281,2079858
DA:282,2079858
DA:283,2079858
DA:327,495886
DA:355,2575744
DA:359,2575744
DA:360,2575744
DA:361,1041785
DA:362,2575744
DA:363,2575744
DA:371,1038073
DA:405,996174
DA:407,996174
DA:408,996174
DA:413,2526196
DA:416,2526196
DA:421,3522370
DA:422,3522370
DA:426,1041785
DA:427,1041785
DA:961,2076146
DA:962,2076146
LF:48
LH:48
end_of_record
TN:
SF:/usr/include/c++/11/bits/unordered_set.h
FN:135,_ZNSt13unordered_setIPhSt4hashIS0_ESt8equal_toIS0_ESaIS0_EEC2Ev
FN:334,_ZNSt13unordered_setIPhSt4hashIS0_ESt8equal_toIS0_ESaIS0_EE3endEv
FN:377,_ZNSt13unordered_setIPhSt4hashIS0_ESt8equal_toIS0_ESaIS0_EE7emplaceIJRS0_EEESt4pairINSt8__detail14_Node_iteratorIS0_Lb1ELb0EEEbEDpOT_
FN:545,_ZNSt13unordered_setIPhSt4hashIS0_ESt8equal_toIS0_ESaIS0_EE5eraseERKS0_
FN:650,_ZNSt13unordered_setIPhSt4hashIS0_ESt8equal_toIS0_ESaIS0_EE4findERKS0_
FNDA:3612,_ZNSt13unordered_setIPhSt4hashIS0_ESt8equal_toIS0_ESaIS0_EE5eraseERKS0_
FNDA:3712,_ZNSt13unordered_setIPhSt4hashIS0_ESt8equal_toIS0_ESaIS0_EE7emplaceIJRS0_EEESt4pairINSt8__detail14_Node_iteratorIS0_Lb1ELb0EEEbEDpOT_
FNDA:6430,_ZNSt13unordered_setIPhSt4hashIS0_ESt8equal_toIS0_ESaIS0_EE3endEv
FNDA:6430,_ZNSt13unordered_setIPhSt4hashIS0_ESt8equal_toIS0_ESaIS0_EE4findERKS0_
FNDA:253,_ZNSt13unordered_setIPhSt4hashIS0_ESt8equal_toIS0_ESaIS0_EEC2Ev
FNF:5
FNH:5
DA:135,253
DA:334,6430
DA:335,6430
DA:377,3712
DA:378,3712
DA:545,3612
DA:546,3612
DA:650,6430
DA:651,6430
LF:9
LH:9
end_of_record
TN:
SF:/usr/include/c++/11/bits/vector.tcc
FN:611,_ZNSt6vectorI11AsyncBufferSaIS0_EE17_M_default_appendEm
FNDA:496111,_ZNSt6vectorI11AsyncBufferSaIS0_EE17_M_default_appendEm
FNF:1
FNH:1
DA:611,496111
DA:614,496111
DA:616,496111
DA:617,496111
DA:618,496111
DA:620,496111
DA:621,0
DA:623,496111
DA:626,0
DA:627,0
DA:628,0
DA:634,496111
DA:635,496111
DA:636,496111
DA:640,496111
DA:641,496111
DA:643,0
DA:645,0
DA:646,0
DA:648,496111
DA:649,496111
DA:653,0
DA:656,0
DA:657,0
DA:658,0
DA:659,0
DA:661,0
DA:663,0
DA:665,0
DA:666,0
DA:667,0
DA:668,0
DA:669,0
DA:671,0
DA:672,0
DA:675,496111
DA:676,496111
DA:677,496111
DA:678,496111
DA:679,496111
DA:680,496111
DA:683,496111
LF:42
LH:21
end_of_record
TN:
SF:/usr/include/c++/11/ext/aligned_buffer.h
FN:102,_ZN9__gnu_cxx16__aligned_bufferIPhE7_M_addrEv
FN:108,_ZNK9__gnu_cxx16__aligned_bufferIPhE7_M_addrEv
FN:114,_ZN9__gnu_cxx16__aligned_bufferIPhE6_M_ptrEv
FN:118,_ZNK9__gnu_cxx16__aligned_bufferIPhE6_M_ptrEv
FNDA:24478,_ZNK9__gnu_cxx16__aligned_bufferIPhE6_M_ptrEv
FNDA:11036,_ZN9__gnu_cxx16__aligned_bufferIPhE6_M_ptrEv
FNDA:24478,_ZNK9__gnu_cxx16__aligned_bufferIPhE7_M_addrEv
FNDA:11036,_ZN9__gnu_cxx16__aligned_bufferIPhE7_M_addrEv
FNF:4
FNH:4
DA:102,11036
DA:104,11036
DA:108,24478
DA:110,24478
DA:114,11036
DA:115,11036
DA:118,24478
DA:119,24478
LF:8
LH:8
end_of_record
TN:
SF:/usr/include/c++/11/ext/new_allocator.h
FN:79,_ZN9__gnu_cxx13new_allocatorINSt8__detail10_Hash_nodeIPhLb0EEEEC2Ev
FN:79,_ZN9__gnu_cxx13new_allocatorIPNSt8__detail15_Hash_node_baseEEC2Ev
FN:79,_ZN9__gnu_cxx13new_allocatorI24napi_property_descriptorEC2Ev
FN:79,_ZN9__gnu_cxx13new_allocatorI11AsyncBufferEC2Ev
FN:79,_ZN9__gnu_cxx13new_allocatorIP12napi_value__EC2Ev
FN:79,_ZN9__gnu_cxx13new_allocatorIcEC2Ev
FN:82,_ZN9__gnu_cxx13new_allocatorI24napi_property_descriptorEC2ERKS2_
FN:89,_ZN9__gnu_cxx13new_allocatorI24napi_property_descriptorED2Ev
FN:89,_ZN9__gnu_cxx13new_allocatorIcED2Ev
FN:89,_ZN9__gnu_cxx13new_allocatorI11AsyncBufferED2Ev
FN:89,_ZN9__gnu_cxx13new_allocatorIPNSt8__detail15_Hash_node_baseEED2Ev
FN:89,_ZN9__gnu_cxx13new_allocatorIP12napi_value__ED2Ev
FN:103,_ZN9__gnu_cxx13new_allocatorIPNSt8__detail15_Hash_node_baseEE8allocateEmPKv
FN:103,_ZN9__gnu_cxx13new_allocatorINSt8__detail10_Hash_nodeIPhLb0EEEE8allocateEmPKv
FN:103,_ZN9__gnu_cxx13new_allocatorI11AsyncBufferE8allocateEmPKv
FN:103,_ZN9__gnu_cxx13new_allocatorI24napi_property_descriptorE8allocateEmPKv
FN:132,_ZN9__gnu_cxx13new_allocatorI24napi_property_descriptorE10deallocateEPS1_m
FN:132,_ZN9__gnu_cxx13new_allocatorIPNSt8__detail15_Hash_node_baseEE10deallocateEPS3_m
FN:132,_ZN9__gnu_cxx13new_allocatorIP12napi_value__E10deallocateEPS2_m
FN:132,_ZN9__gnu_cxx13new_allocatorI11AsyncBufferE10deallocateEPS1_m
FN:132,_ZN9__gnu_cxx13new_allocatorINSt8__detail10_Hash_nodeIPhLb0EEEE10deallocateEPS4_m
FN:154,_ZNK9__gnu_cxx13new_allocatorI11AsyncBufferE8max_sizeEv
FN:154,_ZNK9__gnu_cxx13new_allocatorI24napi_property_descriptorE8max_sizeEv
FN:160,_ZN9__gnu_cxx13new_allocatorI11AsyncBufferE9constructIS1_JS1_EEEvPT_DpOT0_
FN:160,_ZN9__gnu_cxx13new_allocatorINSt8__detail10_Hash_nodeIPhLb0EEEE9constructIS3_JRS3_EEEvPT_DpOT0_
FN:166,_ZN9__gnu_cxx13new_allocatorINSt8__detail10_Hash_nodeIPhLb0EEEE7destroyIS3_EEvPT_
FN:166,_ZN9__gnu_cxx13new_allocatorI11AsyncBufferE7destroyIS1_EEvPT_
FN:197,_ZNK9__gnu_cxx13new_allocatorI24napi_property_descriptorE11_M_max_sizeEv
FN:197,_ZNK9__gnu_cxx13new_allocatorINSt8__detail10_Hash_nodeIPhLb0EEEE11_M_max_sizeEv
FN:197,_ZNK9__gnu_cxx13new_allocatorI11AsyncBufferE11_M_max_sizeEv
FN:197,_ZNK9__gnu_cxx13new_allocatorIPNSt8__detail15_Hash_node_baseEE11_M_max_sizeEv
FNDA:496111,_ZN9__gnu_cxx13new_allocatorI11AsyncBufferE8allocateEmPKv
FNDA:1010,_ZN9__gnu_cxx13new_allocatorI24napi_property_descriptorEC2ERKS2_
FNDA:1984444,_ZNK9__gnu_cxx13new_allocatorI11AsyncBufferE8max_sizeEv
FNDA:4,_ZN9__gnu_cxx13new_allocatorIPNSt8__detail15_Hash_node_baseEE10deallocateEPS3_m
FNDA:0,_ZN9__gnu_cxx13new_allocatorIcED2Ev
FNDA:3712,_ZN9__gnu_cxx13new_allocatorINSt8__detail10_Hash_nodeIPhLb0EEEE8allocateEmPKv
FNDA:505,_ZN9__gnu_cxx13new_allocatorI24napi_property_descriptorEC2Ev
FNDA:1515,_ZN9__gnu_cxx13new_allocatorI24napi_property_descriptorED2Ev
FNDA:3612,_ZN9__gnu_cxx13new_allocatorINSt8__detail10_Hash_nodeIPhLb0EEEE7destroyIS3_EEvPT_
FNDA:253,_ZN9__gnu_cxx13new_allocatorINSt8__detail10_Hash_nodeIPhLb0EEEEC2Ev
FNDA:1010,_ZNK9__gnu_cxx13new_allocatorI24napi_property_descriptorE11_M_max_sizeEv
FNDA:261,_ZN9__gnu_cxx13new_allocatorIPNSt8__detail15_Hash_node_baseEEC2Ev
FNDA:225,_ZN9__gnu_cxx13new_allocatorI11AsyncBufferE9constructIS1_JS1_EEEvPT_DpOT0_
FNDA:257,_ZN9__gnu_cxx13new_allocatorIPNSt8__detail15_Hash_node_baseEE8allocateEmPKv
FNDA:505,_ZN9__gnu_cxx13new_allocatorI24napi_property_descriptorE10deallocateEPS1_m
FNDA:0,_ZN9__gnu_cxx13new_allocatorIP12napi_value__ED2Ev
FNDA:257,_ZNK9__gnu_cxx13new_allocatorIPNSt8__detail15_Hash_node_baseEE11_M_max_sizeEv
FNDA:3612,_ZN9__gnu_cxx13new_allocatorINSt8__detail10_Hash_nodeIPhLb0EEEE10deallocateEPS4_m
FNDA:225,_ZN9__gnu_cxx13new_allocatorI11AsyncBufferE7destroyIS1_EEvPT_
FNDA:2076146,_ZN9__gnu_cxx13new_allocatorI11AsyncBufferED2Ev
FNDA:2480555,_ZNK9__gnu_cxx13new_allocatorI11AsyncBufferE11_M_max_sizeEv
FNDA:261,_ZN9__gnu_cxx13new_allocatorIPNSt8__detail15_Hash_node_baseEED2Ev
FNDA:496111,_ZN9__gnu_cxx13new_allocatorI11AsyncBufferE10deallocateEPS1_m
FNDA:0,_ZN9__gnu_cxx13new_allocatorIcEC2Ev
FNDA:3712,_ZNK9__gnu_cxx13new_allocatorINSt8__detail10_Hash_nodeIPhLb0EEEE11_M_max_sizeEv
FNDA:0,_ZN9__gnu_cxx13new_allocatorIP12napi_value__E10deallocateEPS2_m
FNDA:0,_ZN9__gnu_cxx13new_allocatorIP12napi_value__EC2Ev
FNDA:2076146,_ZN9__gnu_cxx13new_allocatorI11AsyncBufferEC2Ev
FNDA:3712,_ZN9__gnu_cxx13new_allocatorINSt8__detail10_Hash_nodeIPhLb0EEEE9constructIS3_JRS3_EEEvPT_DpOT0_
FNDA:505,_ZN9__gnu_cxx13new_allocatorI24napi_property_descriptorE8allocateEmPKv
FNDA:505,_ZNK9__gnu_cxx13new_allocatorI24napi_property_descriptorE8max_sizeEv
FNF:31
FNH:26
DA:79,2077165
DA:82,1010
DA:89,2077922
DA:103,500585
DA:111,500585
DA:115,0
DA:116,0
DA:117,0
DA:127,500585
DA:132,500232
DA:145,500232
DA:150,500232
DA:154,1984949
DA:155,1984949
DA:160,3937
DA:162,3937
DA:166,3837
DA:168,3837
DA:197,2485534
DA:200,2485534
LF:20
LH:17
end_of_record
TN:
SF:/usr/include/c++/11/ext/type_traits.h
FN:152,_ZN9__gnu_cxx17__is_null_pointerIKcEEbPT_
FNDA:0,_ZN9__gnu_cxx17__is_null_pointerIKcEEbPT_
FNF:1
FNH:0
DA:152,0
DA:153,0
LF:2
LH:0
end_of_record
TN:
SF:/usr/include/c++/11/initializer_list
FN:71,_ZNKSt16initializer_listIP12napi_value__E4sizeEv
FN:71,_ZNKSt16initializer_listIN4Napi23ClassPropertyDescriptorI9DisruptorEEE4sizeEv
FN:75,_ZNKSt16initializer_listIP12napi_value__E5beginEv
FN:75,_ZNKSt16initializer_listIN4Napi23ClassPropertyDescriptorI9DisruptorEEE5beginEv
FNDA:2443401,_ZNKSt16initializer_listIP12napi_value__E4sizeEv
FNDA:505,_ZNKSt16initializer_listIN4Napi23ClassPropertyDescriptorI9DisruptorEEE5beginEv
FNDA:2443401,_ZNKSt16initializer_listIP12napi_value__E5beginEv
FNDA:505,_ZNKSt16initializer_listIN4Napi23ClassPropertyDescriptorI9DisruptorEEE4sizeEv
FNF:4
FNH:4
DA:71,2443906
DA:75,2443906
LF:2
LH:2
end_of_record
TN:
SF:/usr/include/c++/11/new
FN:174,_ZnwmPv
FN:180,_ZdlPvS_
FNDA:504265,_ZnwmPv
FNDA:0,_ZdlPvS_
FNF:2
FNH:1
DA:174,504265
DA:175,504265
DA:180,0
LF:3
LH:2
end_of_record
TN:
SF:/usr/include/c++/11/tuple
FN:80,_ZNSt10_Head_baseILm1ESt14default_deleteISt6vectorI11AsyncBufferSaIS2_EEELb1EEC2Ev
FN:80,_ZNSt10_Head_baseILm1E7CloseFDLb1EEC2Ev
FN:90,_ZNSt10_Head_baseILm1ESt14default_deleteISt6vectorI11AsyncBufferSaIS2_EEELb1EEC2IS5_EEOT_
FN:120,_ZNSt10_Head_baseILm1ESt14default_deleteISt6vectorI11AsyncBufferSaIS2_EEELb1EE7_M_headERS6_
FN:120,_ZNSt10_Head_baseILm1E7CloseFDLb1EE7_M_headERS1_
FN:179,_ZNSt10_Head_baseILm0EPSt6vectorI11AsyncBufferSaIS1_EELb0EEC2Ev
FN:179,_ZNSt10_Head_baseILm0EPiLb0EEC2Ev
FN:189,_ZNSt10_Head_baseILm0EPSt6vectorI11AsyncBufferSaIS1_EELb0EEC2IS4_EEOT_
FN:219,_ZNSt10_Head_baseILm0EPiLb0EE7_M_headERS1_
FN:219,_ZNSt10_Head_baseILm0EPSt6vectorI11AsyncBufferSaIS1_EELb0EE7_M_headERS5_
FN:222,_ZNSt10_Head_baseILm0EPiLb0EE7_M_headERKS1_
FN:222,_ZNSt10_Head_baseILm0EPSt6vectorI11AsyncBufferSaIS1_EELb0EE7_M_headERKS5_
FN:254,_ZNSt11_Tuple_implILm0EJPSt6vectorI11AsyncBufferSaIS1_EESt14default_deleteIS3_EEE7_M_headERS7_
FN:254,_ZNSt11_Tuple_implILm0EJPi7CloseFDEE7_M_headERS2_
FN:257,_ZNSt11_Tuple_implILm0EJPSt6vectorI11AsyncBufferSaIS1_EESt14default_deleteIS3_EEE7_M_headERKS7_
FN:257,_ZNSt11_Tuple_implILm0EJPi7CloseFDEE7_M_headERKS2_
FN:260,_ZNSt11_Tuple_implILm0EJPSt6vectorI11AsyncBufferSaIS1_EESt14default_deleteIS3_EEE7_M_tailERS7_
FN:265,_ZNSt11_Tuple_implILm0EJPSt6vectorI11AsyncBufferSaIS1_EESt14default_deleteIS3_EEEC2Ev
FN:265,_ZNSt11_Tuple_implILm0EJPi7CloseFDEEC2Ev
FN:288,_ZNSt11_Tuple_implILm0EJPSt6vectorI11AsyncBufferSaIS1_EESt14default_deleteIS3_EEEC2EOS7_
FN:415,_ZNSt11_Tuple_implILm1EJ7CloseFDEE7_M_headERS1_
FN:415,_ZNSt11_Tuple_implILm1EJSt14default_deleteISt6vectorI11AsyncBufferSaIS2_EEEEE7_M_headERS6_
FN:421,_ZNSt11_Tuple_implILm1EJSt14default_deleteISt6vectorI11AsyncBufferSaIS2_EEEEEC2Ev
FN:421,_ZNSt11_Tuple_implILm1EJ7CloseFDEEC2Ev
FN:442,_ZNSt11_Tuple_implILm1EJSt14default_deleteISt6vectorI11AsyncBufferSaIS2_EEEEEC2EOS6_
FN:1038,_ZNSt5tupleIJPSt6vectorI11AsyncBufferSaIS1_EESt14default_deleteIS3_EEEC2ILb1ELb1EEEv
FN:1038,_ZNSt5tupleIJPi7CloseFDEEC2ILb1ELb1EEEv
FN:1079,_ZNSt5tupleIJPSt6vectorI11AsyncBufferSaIS1_EESt14default_deleteIS3_EEEC2EOS7_
FN:1366,_ZSt12__get_helperILm0EPiJ7CloseFDEERT0_RSt11_Tuple_implIXT_EJS2_DpT1_EE
FN:1366,_ZSt12__get_helperILm0EPSt6vectorI11AsyncBufferSaIS1_EEJSt14default_deleteIS3_EEERT0_RSt11_Tuple_implIXT_EJS7_DpT1_EE
FN:1366,_ZSt12__get_helperILm1E7CloseFDJEERT0_RSt11_Tuple_implIXT_EJS1_DpT1_EE
FN:1366,_ZSt12__get_helperILm1ESt14default_deleteISt6vectorI11AsyncBufferSaIS2_EEEJEERT0_RSt11_Tuple_implIXT_EJS6_DpT1_EE
FN:1371,_ZSt12__get_helperILm0EPSt6vectorI11AsyncBufferSaIS1_EEJSt14default_deleteIS3_EEERKT0_RKSt11_Tuple_implIXT_EJS7_DpT1_EE
FN:1371,_ZSt12__get_helperILm0EPiJ7CloseFDEERKT0_RKSt11_Tuple_implIXT_EJS2_DpT1_EE
FN:1382,_ZSt3getILm1EJPi7CloseFDEERNSt13tuple_elementIXT_ESt5tupleIJDpT0_EEE4typeERS6_
FN:1382,_ZSt3getILm0EJPi7CloseFDEERNSt13tuple_elementIXT_ESt5tupleIJDpT0_EEE4typeERS6_
FN:1382,_ZSt3getILm1EJPSt6vectorI11AsyncBufferSaIS1_EESt14default_deleteIS3_EEERNSt13tuple_elementIXT_ESt5tupleIJDpT0_EEE4typeERSB_
FN:1382,_ZSt3getILm0EJPSt6vectorI11AsyncBufferSaIS1_EESt14default_deleteIS3_EEERNSt13tuple_elementIXT_ESt5tupleIJDpT0_EEE4typeERSB_
FN:1388,_ZSt3getILm0EJPSt6vectorI11AsyncBufferSaIS1_EESt14default_deleteIS3_EEERKNSt13tuple_elementIXT_ESt5tupleIJDpT0_EEE4typeERKSB_
FN:1388,_ZSt3getILm0EJPi7CloseFDEERKNSt13tuple_elementIXT_ESt5tupleIJDpT0_EEE4typeERKS6_
FNDA:3518418,_ZNSt11_Tuple_implILm0EJPSt6vectorI11AsyncBufferSaIS1_EESt14default_deleteIS3_EEE7_M_headERKS7_
FNDA:3952,_ZSt12__get_helperILm0EPiJ7CloseFDEERKT0_RKSt11_Tuple_implIXT_EJS2_DpT1_EE
FNDA:3518418,_ZSt12__get_helperILm0EPSt6vectorI11AsyncBufferSaIS1_EEJSt14default_deleteIS3_EEERKT0_RKSt11_Tuple_implIXT_EJS7_DpT1_EE
FNDA:2076146,_ZNSt5tupleIJPSt6vectorI11AsyncBufferSaIS1_EESt14default_deleteIS3_EEEC2ILb1ELb1EEEv
FNDA:495886,_ZNSt5tupleIJPSt6vectorI11AsyncBufferSaIS1_EESt14default_deleteIS3_EEEC2EOS7_
FNDA:2076146,_ZNSt11_Tuple_implILm0EJPSt6vectorI11AsyncBufferSaIS1_EESt14default_deleteIS3_EEEC2Ev
FNDA:495886,_ZNSt10_Head_baseILm1ESt14default_deleteISt6vectorI11AsyncBufferSaIS2_EEELb1EEC2IS5_EEOT_
FNDA:495886,_ZNSt11_Tuple_implILm0EJPSt6vectorI11AsyncBufferSaIS1_EESt14default_deleteIS3_EEE7_M_tailERS7_
FNDA:9296356,_ZSt12__get_helperILm0EPSt6vectorI11AsyncBufferSaIS1_EEJSt14default_deleteIS3_EEERT0_RSt11_Tuple_implIXT_EJS7_DpT1_EE
FNDA:3518418,_ZSt3getILm0EJPSt6vectorI11AsyncBufferSaIS1_EESt14default_deleteIS3_EEERKNSt13tuple_elementIXT_ESt5tupleIJDpT0_EEE4typeERKSB_
FNDA:7424,_ZNSt10_Head_baseILm0EPiLb0EE7_M_headERS1_
FNDA:7424,_ZSt12__get_helperILm0EPiJ7CloseFDEERT0_RSt11_Tuple_implIXT_EJS2_DpT1_EE
FNDA:3712,_ZNSt11_Tuple_implILm1EJ7CloseFDEE7_M_headERS1_
FNDA:2076146,_ZNSt11_Tuple_implILm1EJSt14default_deleteISt6vectorI11AsyncBufferSaIS2_EEEEEC2Ev
FNDA:495886,_ZNSt11_Tuple_implILm0EJPSt6vectorI11AsyncBufferSaIS1_EESt14default_deleteIS3_EEEC2EOS7_
FNDA:3712,_ZNSt10_Head_baseILm0EPiLb0EEC2Ev
FNDA:3952,_ZNSt10_Head_baseILm0EPiLb0EE7_M_headERKS1_
FNDA:9792242,_ZNSt10_Head_baseILm0EPSt6vectorI11AsyncBufferSaIS1_EELb0EE7_M_headERS5_
FNDA:2076146,_ZNSt10_Head_baseILm1ESt14default_deleteISt6vectorI11AsyncBufferSaIS2_EEELb1EEC2Ev
FNDA:2076146,_ZNSt10_Head_baseILm0EPSt6vectorI11AsyncBufferSaIS1_EELb0EEC2Ev
FNDA:3712,_ZSt3getILm1EJPi7CloseFDEERNSt13tuple_elementIXT_ESt5tupleIJDpT0_EEE4typeERS6_
FNDA:3952,_ZNSt11_Tuple_implILm0EJPi7CloseFDEE7_M_headERKS2_
FNDA:3712,_ZNSt5tupleIJPi7CloseFDEEC2ILb1ELb1EEEv
FNDA:3712,_ZNSt10_Head_baseILm1E7CloseFDLb1EE7_M_headERS1_
FNDA:7424,_ZNSt11_Tuple_implILm0EJPi7CloseFDEE7_M_headERS2_
FNDA:495886,_ZNSt11_Tuple_implILm1EJSt14default_deleteISt6vectorI11AsyncBufferSaIS2_EEEEEC2EOS6_
FNDA:4152292,_ZSt12__get_helperILm1ESt14default_deleteISt6vectorI11AsyncBufferSaIS2_EEEJEERT0_RSt11_Tuple_implIXT_EJS6_DpT1_EE
FNDA:3712,_ZNSt11_Tuple_implILm0EJPi7CloseFDEEC2Ev
FNDA:3518418,_ZNSt10_Head_baseILm0EPSt6vectorI11AsyncBufferSaIS1_EELb0EE7_M_headERKS5_
FNDA:3712,_ZNSt11_Tuple_implILm1EJ7CloseFDEEC2Ev
FNDA:3952,_ZSt3getILm0EJPi7CloseFDEERKNSt13tuple_elementIXT_ESt5tupleIJDpT0_EEE4typeERKS6_
FNDA:495886,_ZNSt10_Head_baseILm0EPSt6vectorI11AsyncBufferSaIS1_EELb0EEC2IS4_EEOT_
FNDA:4648178,_ZNSt10_Head_baseILm1ESt14default_deleteISt6vectorI11AsyncBufferSaIS2_EEELb1EE7_M_headERS6_
FNDA:9792242,_ZNSt11_Tuple_implILm0EJPSt6vectorI11AsyncBufferSaIS1_EESt14default_deleteIS3_EEE7_M_headERS7_
FNDA:9296356,_ZSt3getILm0EJPSt6vectorI11AsyncBufferSaIS1_EESt14default_deleteIS3_EEERNSt13tuple_elementIXT_ESt5tupleIJDpT0_EEE4typeERSB_
FNDA:7424,_ZSt3getILm0EJPi7CloseFDEERNSt13tuple_elementIXT_ESt5tupleIJDpT0_EEE4typeERS6_
FNDA:4648178,_ZNSt11_Tuple_implILm1EJSt14default_deleteISt6vectorI11AsyncBufferSaIS2_EEEEE7_M_headERS6_
FNDA:3712,_ZNSt10_Head_baseILm1E7CloseFDLb1EEC2Ev
FNDA:4152292,_ZSt3getILm1EJPSt6vectorI11AsyncBufferSaIS1_EESt14default_deleteIS3_EEERNSt13tuple_elementIXT_ESt5tupleIJDpT0_EEE4typeERSB_
FNDA:3712,_ZSt12__get_helperILm1E7CloseFDJEERT0_RSt11_Tuple_implIXT_EJS1_DpT1_EE
FNF:40
FNH:40
DA:80,2079858
DA:81,2079858
DA:90,495886
DA:91,495886
DA:120,4651890
DA:179,2079858
DA:180,2079858
DA:189,495886
DA:190,495886
DA:219,9799666
DA:222,3522370
DA:254,9799666
DA:257,3522370
DA:260,495886
DA:265,2079858
DA:266,2079858
DA:288,495886
DA:291,495886
DA:292,495886
DA:293,495886
DA:415,4651890
DA:421,2079858
DA:422,2079858
DA:442,495886
DA:444,495886
DA:445,495886
DA:1038,2079858
DA:1040,2079858
DA:1079,495886
DA:1366,13459784
DA:1367,13459784
DA:1371,3522370
DA:1372,3522370
DA:1382,13459784
DA:1383,13459784
DA:1388,3522370
DA:1389,3522370
LF:37
LH:37
end_of_record
TN:
SF:/usr/include/c++/11/type_traits
FN:70,_ZNKSt17integral_constantIbLb1EEcvbEv
FNDA:4,_ZNKSt17integral_constantIbLb1EEcvbEv
FNF:1
FNH:1
DA:70,4
LF:1
LH:1
end_of_record
TN:
SF:/usr/include/x86_64-linux-gnu/c++/11/bits/gthr-default.h
FN:248,_ZL18__gthread_active_pv
FN:746,_ZL20__gthread_mutex_lockP15pthread_mutex_t
FN:776,_ZL22__gthread_mutex_unlockP15pthread_mutex_t
FNDA:11541,_ZL20__gthread_mutex_lockP15pthread_mutex_t
FNDA:11541,_ZL22__gthread_mutex_unlockP15pthread_mutex_t
FNDA:23082,_ZL18__gthread_active_pv
FNF:3
FNH:3
DA:248,23082
DA:252,23082
DA:746,11541
DA:748,11541
DA:749,11541
DA:751,0
DA:776,11541
DA:778,11541
DA:779,11541
DA:781,0
LF:10
LH:8
end_of_record
TN:
SF:lib/disruptor.js
FN:4,check
FN:14,Disruptor2
FN:44,_consumeNew
FN:51,consumeNew
FN:61,_produceClaim
FN:69,produceClaim
FN:79,_produceClaimMany
FN:87,produceClaimMany
FN:97,_produceCommit
FN:107,produceCommit
FNDA:3716,Disruptor2
FNDA:519441,_produceClaim
FNDA:1180982,_consumeNew
FNDA:24,_produceClaimMany
FNDA:2219894,check
FNDA:1180982,consumeNew
FNDA:24,produceClaimMany
FNDA:519447,_produceCommit
FNDA:519441,produceClaim
FNDA:519447,produceCommit
FNF:10
FNH:10
BRDA:1,0,0,505
BRDA:4,1,0,2219894
BRDA:7,2,0,1494836
BRDA:14,3,0,3716
BRDA:18,4,0,487451
BRDA:19,5,0,487451
BRDA:24,6,0,467553
BRDA:25,7,0,467553
BRDA:30,8,0,11
BRDA:31,9,0,11
BRDA:36,10,0,467556
BRDA:37,11,0,2
BRDA:40,12,0,467554
BRDA:44,13,0,1180982
BRDA:51,14,0,1180982
BRDA:54,15,0,693531
BRDA:57,16,0,487451
BRDA:61,17,0,519441
BRDA:69,18,0,519441
BRDA:72,19,0,51888
BRDA:75,20,0,467553
BRDA:79,21,0,24
BRDA:87,22,0,24
BRDA:90,23,0,13
BRDA:93,24,0,11
BRDA:97,25,0,519447
BRDA:100,26,0,8
BRDA:103,27,0,519439
BRDA:107,28,0,519447
BRDA:110,29,0,8
BRDA:112,30,0,6
BRDA:115,31,0,2
BRDA:118,32,0,519439
BRDA:120,33,0,51885
BRDA:123,34,0,467554
BRF:35
BRH:35
DA:1,505
DA:2,505
DA:3,505
DA:4,2219894
DA:5,2219894
DA:6,2219894
DA:7,2219894
DA:8,1494836
DA:9,1494836
DA:10,2219894
DA:11,505
DA:12,505
DA:13,505
DA:14,505
DA:15,3716
DA:16,3716
DA:17,3716
DA:18,3716
DA:19,487451
DA:20,487451
DA:21,487451
DA:22,3716
DA:23,3716
DA:24,3716
DA:25,467553
DA:26,467553
DA:27,467553
DA:28,3716
DA:29,3716
DA:30,3716
DA:31,11
DA:32,11
DA:33,11
DA:34,3716
DA:35,3716
DA:36,3716
DA:37,467556
DA:38,2
DA:39,2
DA:40,467554
DA:41,3716
DA:42,3716
DA:43,505
DA:44,505
DA:45,1180982
DA:46,1180982
DA:47,1180982
DA:48,1180982
DA:49,1180982
DA:50,505
DA:51,505
DA:52,1180982
DA:53,1180982
DA:54,1180982
DA:55,693531
DA:56,693531
DA:57,487451
DA:58,487451
DA:59,1180982
DA:60,505
DA:61,505
DA:62,519441
DA:63,519441
DA:64,519441
DA:65,519441
DA:66,519441
DA:67,519441
DA:68,505
DA:69,505
DA:70,519441
DA:71,519441
DA:72,519441
DA:73,51888
DA:74,51888
DA:75,467553
DA:76,467553
DA:77,519441
DA:78,505
DA:79,505
DA:80,24
DA:81,24
DA:82,24
DA:83,24
DA:84,24
DA:85,24
DA:86,505
DA:87,505
DA:88,24
DA:89,24
DA:90,24
DA:91,13
DA:92,13
DA:93,11
DA:94,11
DA:95,24
DA:96,505
DA:97,505
DA:98,519447
DA:99,519447
DA:100,519447
DA:101,8
DA:102,8
DA:103,519439
DA:104,519439
DA:105,519447
DA:106,505
DA:107,505
DA:108,519447
DA:109,519447
DA:110,519447
DA:111,8
DA:112,8
DA:113,6
DA:114,6
DA:115,2
DA:116,2
DA:117,2
DA:118,519439
DA:119,519439
DA:120,519447
DA:121,51885
DA:122,51885
DA:123,467554
DA:124,467554
DA:125,519447
DA:126,505
DA:127,505
DA:128,505
LF:128
LH:128
end_of_record
