TN:
SF:/home/david/shared-memory-disruptor/node_modules/node-addon-api/napi-inl.h
FN:54,_ZN4Napi7details12WrapCallbackIZNS_10ObjectWrapI9DisruptorE33InstanceVoidMethodCallbackWrapperEP10napi_env__P20napi_callback_info__EUlvE_EEP12napi_value__T_
FN:54,_ZN4Napi7details12WrapCallbackIZNS_14RegisterModuleEP10napi_env__P12napi_value__PFNS_6ObjectENS_3EnvES6_EEUlvE_EES5_T_
FN:54,_ZN4Napi7details12WrapCallbackIZNS_10ObjectWrapI9DisruptorE29InstanceGetterCallbackWrapperEP10napi_env__P20napi_callback_info__EUlvE_EEP12napi_value__T_
FN:54,_ZN4Napi7details12WrapCallbackIZNS_10ObjectWrapI9DisruptorE29InstanceSetterCallbackWrapperEP10napi_env__P20napi_callback_info__EUlvE_EEP12napi_value__T_
FN:54,_ZN4Napi7details12WrapCallbackIZNS_11AsyncWorker14OnWorkCompleteEP10napi_env__11napi_statusPvEUlvE_EEP12napi_value__T_
FN:54,_ZN4Napi7details12WrapCallbackIZNS0_12CallbackDataIPFvRKNS_12CallbackInfoEEvE7WrapperEP10napi_env__P20napi_callback_info__EUlvE_EEP12napi_value__T_
FN:54,_ZN4Napi7details12WrapCallbackIZNS_10ObjectWrapI9DisruptorE29InstanceMethodCallbackWrapperEP10napi_env__P20napi_callback_info__EUlvE_EEP12napi_value__T_
FN:54,_ZN4Napi7details12WrapCallbackIZNS_10ObjectWrapI9DisruptorE26ConstructorCallbackWrapperEP10napi_env__P20napi_callback_info__EUlvE_EEP12napi_value__T_
FN:89,_ZN4Napi7details12CallbackDataIPFvRKNS_12CallbackInfoEEvE7WrapperEP10napi_env__P20napi_callback_info__
FN:90,_ZZN4Napi7details12CallbackDataIPFvRKNS_12CallbackInfoEEvE7WrapperEP10napi_env__P20napi_callback_info__ENKUlvE_clEv
FN:167,_ZN4Napi14RegisterModuleEP10napi_env__P12napi_value__PFNS_6ObjectENS_3EnvES4_E
FN:170,_ZZN4Napi14RegisterModuleEP10napi_env__P12napi_value__PFNS_6ObjectENS_3EnvES4_EENKUlvE_clEv
FN:180,_ZN4Napi3EnvC2EP10napi_env__
FN:183,_ZNK4Napi3EnvcvP10napi_env__Ev
FN:194,_ZNK4Napi3Env9UndefinedEv
FN:201,_ZNK4Napi3Env4NullEv
FN:229,_ZN4Napi5ValueC2Ev
FN:232,_ZN4Napi5ValueC2EP10napi_env__P12napi_value__
FN:235,_ZNK4Napi5ValuecvP12napi_value__Ev
FN:254,_ZNK4Napi5Value3EnvEv
FN:262,_ZNK4Napi5Value4TypeEv
FN:334,_ZNK4Napi5Value10IsFunctionEv
FN:350,_ZNK4Napi5Value2AsINS_6ObjectEEET_v
FN:350,_ZNK4Napi5Value2AsINS_6StringEEET_v
FN:350,_ZNK4Napi5Value2AsINS_6NumberEEET_v
FN:350,_ZNK4Napi5Value2AsINS_8FunctionEEET_v
FN:350,_ZNK4Napi5Value2AsINS_7BooleanEEET_v
FN:386,_ZN4Napi7Boolean3NewEP10napi_env__b
FN:396,_ZN4Napi7BooleanC2EP10napi_env__P12napi_value__
FN:399,_ZNK4Napi7BooleancvbEv
FN:403,_ZNK4Napi7Boolean5ValueEv
FN:414,_ZN4Napi6Number3NewEP10napi_env__d
FN:424,_ZN4Napi6NumberC2EP10napi_env__P12napi_value__
FN:431,_ZNK4Napi6NumbercvjEv
FN:454,_ZNK4Napi6Number11Uint32ValueEv
FN:461,_ZNK4Napi6Number10Int64ValueEv
FN:486,_ZN4Napi4NameC2EP10napi_env__P12napi_value__
FN:532,_ZN4Napi6StringC2EP10napi_env__P12napi_value__
FN:535,_ZNK4Napi6StringcvNSt7__cxx1112basic_stringIcSt11char_traitsIcESaIcEEEEv
FN:543,_ZNK4Napi6String9Utf8ValueB5cxx11Ev
FN:612,_ZN4Napi6Object14PropertyLValueIjEaSINS_5ValueEEERS2_T_
FN:618,_ZN4Napi6Object14PropertyLValueIjEC2ES0_j
FN:621,_ZN4Napi6Object3NewEP10napi_env__
FN:628,_ZN4Napi6ObjectC2Ev
FN:631,_ZN4Napi6ObjectC2EP10napi_env__P12napi_value__
FN:642,_ZN4Napi6ObjectixEj
FN:697,_ZNK4Napi6Object3GetEPKc
FN:718,_ZN4Napi6Object3SetEPKcNS_5ValueE
FN:779,_ZN4Napi6Object3SetEjNS_5ValueE
FN:907,_ZN4Napi5Array3NewEP10napi_env__
FN:924,_ZN4Napi5ArrayC2EP10napi_env__P12napi_value__
FN:927,_ZNK4Napi5Array6LengthEv
FN:1196,_ZN4Napi8Function3NewIPFvRKNS_12CallbackInfoEEEES0_P10napi_env__T_PKcPv
FN:1223,_ZN4Napi8FunctionC2EP10napi_env__P12napi_value__
FN:1258,_ZNK4Napi8Function12MakeCallbackEP12napi_value__RKSt16initializer_listIS2_E
FN:1268,_ZNK4Napi8Function12MakeCallbackEP12napi_value__mPKS2_
FN:1298,_ZN4Napi6BufferIhE3NewEP10napi_env__m
FN:1307,_ZN4Napi6BufferIhE3NewEP10napi_env__Phm
FN:1307,_ZN4Napi6BufferImE3NewEP10napi_env__Pmm
FN:1372,_ZN4Napi6BufferIhEC2Ev
FN:1381,_ZN4Napi6BufferImEC2EP10napi_env__P12napi_value__mPm
FN:1381,_ZN4Napi6BufferIhEC2EP10napi_env__P12napi_value__mPh
FN:1386,_ZNK4Napi6BufferIhE6LengthEv
FN:1398,_ZNK4Napi6BufferIhE10EnsureInfoEv
FN:1416,_ZN4Napi5Error3NewEP10napi_env__
FN:1474,_ZN4Napi5Error3NewEP10napi_env__RKNSt7__cxx1112basic_stringIcSt11char_traitsIcESaIcEEE
FN:1478,_ZN4Napi5Error5FatalEPKcS2_
FN:1485,_ZN4Napi5ErrorC2EP10napi_env__P12napi_value__
FN:1521,_ZNK4Napi5Error7MessageB5cxx11Ev
FN:1538,_ZNK4Napi5Error26ThrowAsJavaScriptExceptionEv
FN:1548,_ZNK4Napi5Error4whatEv
FN:1555,_ZN4Napi5Error3NewIS0_EET_P10napi_env__PKcmPF11napi_statusS4_P12napi_value__S9_PS9_E
FN:1603,_ZN4Napi9ReferenceINS_6ObjectEE3NewERKS1_j
FN:1603,_ZN4Napi9ReferenceINS_8FunctionEE3NewERKS1_j
FN:1620,_ZN4Napi9ReferenceINS_6ObjectEEC2Ev
FN:1624,_ZN4Napi9ReferenceINS_6ObjectEEC2EP10napi_env__P10napi_ref__
FN:1624,_ZN4Napi9ReferenceINS_8FunctionEEC2EP10napi_env__P10napi_ref__
FN:1629,_ZN4Napi9ReferenceINS_8FunctionEED2Ev
FN:1629,_ZN4Napi9ReferenceINS_6ObjectEED2Ev
FN:1640,_ZN4Napi9ReferenceINS_6ObjectEEC2EOS2_
FN:1640,_ZN4Napi9ReferenceINS_8FunctionEEC2EOS2_
FN:1648,_ZN4Napi9ReferenceINS_6ObjectEEaSEOS2_
FN:1695,_ZNK4Napi9ReferenceINS_6ObjectEE7IsEmptyEv
FN:1700,_ZNK4Napi9ReferenceINS_8FunctionEE5ValueEv
FN:1700,_ZNK4Napi9ReferenceINS_6ObjectEE5ValueEv
FN:1728,_ZN4Napi9ReferenceINS_6ObjectEE5ResetEv
FN:1771,_ZN4Napi10PersistentENS_6ObjectE
FN:1775,_ZN4Napi10PersistentENS_8FunctionE
FN:1786,_ZN4Napi15ObjectReferenceC2EP10napi_env__P10napi_ref__
FN:1789,_ZN4Napi15ObjectReferenceC2EONS_9ReferenceINS_6ObjectEEE
FN:1811,_ZNK4Napi15ObjectReference3GetEPKc
FN:1917,_ZN4Napi17FunctionReferenceC2EONS_9ReferenceINS_8FunctionEEE
FN:1963,_ZNK4Napi17FunctionReference12MakeCallbackEP12napi_value__RKSt16initializer_listIS2_E
FN:1989,_ZN4Napi12CallbackInfoC2EP10napi_env__P20napi_callback_info__
FN:2007,_ZN4Napi12CallbackInfoD2Ev
FN:2024,_ZNK4Napi12CallbackInfo3EnvEv
FN:2028,_ZNK4Napi12CallbackInfo6LengthEv
FN:2032,_ZNK4Napi12CallbackInfoixEm
FN:2036,_ZNK4Napi12CallbackInfo4ThisEv
FN:2043,_ZNK4Napi12CallbackInfo4DataEv
FN:2047,_ZN4Napi12CallbackInfo7SetDataEPv
FN:2286,_ZN4Napi10ObjectWrapI9DisruptorEC2ERKNS_12CallbackInfoE
FN:2300,_ZN4Napi10ObjectWrapI9DisruptorE6UnwrapENS_6ObjectE
FN:2308,_ZN4Napi10ObjectWrapI9DisruptorE11DefineClassENS_3EnvEPKcRKSt16initializer_listINS_23ClassPropertyDescriptorIS1_EEEPv
FN:2394,_ZN4Napi10ObjectWrapI9DisruptorE14InstanceMethodEPKcMS1_FvRKNS_12CallbackInfoEE24napi_property_attributesPv
FN:2412,_ZN4Napi10ObjectWrapI9DisruptorE14InstanceMethodEPKcMS1_FNS_5ValueERKNS_12CallbackInfoEE24napi_property_attributesPv
FN:2429,_ZN4Napi10ObjectWrapI9DisruptorE16InstanceAccessorEPKcMS1_FNS_5ValueERKNS_12CallbackInfoEEMS1_FvS8_RKS5_E24napi_property_attributesPv
FN:2471,_ZN4Napi10ObjectWrapI9DisruptorE26ConstructorCallbackWrapperEP10napi_env__P20napi_callback_info__
FN:2485,_ZZN4Napi10ObjectWrapI9DisruptorE26ConstructorCallbackWrapperEP10napi_env__P20napi_callback_info__ENKUlvE_clEv
FN:2549,_ZN4Napi10ObjectWrapI9DisruptorE33InstanceVoidMethodCallbackWrapperEP10napi_env__P20napi_callback_info__
FN:2552,_ZZN4Napi10ObjectWrapI9DisruptorE33InstanceVoidMethodCallbackWrapperEP10napi_env__P20napi_callback_info__ENKUlvE_clEv
FN:2565,_ZN4Napi10ObjectWrapI9DisruptorE29InstanceMethodCallbackWrapperEP10napi_env__P20napi_callback_info__
FN:2568,_ZZN4Napi10ObjectWrapI9DisruptorE29InstanceMethodCallbackWrapperEP10napi_env__P20napi_callback_info__ENKUlvE_clEv
FN:2580,_ZN4Napi10ObjectWrapI9DisruptorE29InstanceGetterCallbackWrapperEP10napi_env__P20napi_callback_info__
FN:2583,_ZZN4Napi10ObjectWrapI9DisruptorE29InstanceGetterCallbackWrapperEP10napi_env__P20napi_callback_info__ENKUlvE_clEv
FN:2595,_ZN4Napi10ObjectWrapI9DisruptorE29InstanceSetterCallbackWrapperEP10napi_env__P20napi_callback_info__
FN:2598,_ZZN4Napi10ObjectWrapI9DisruptorE29InstanceSetterCallbackWrapperEP10napi_env__P20napi_callback_info__ENKUlvE_clEv
FN:2611,_ZN4Napi10ObjectWrapI9DisruptorE16FinalizeCallbackEP10napi_env__PvS5_
FN:2624,_ZN4Napi11HandleScopeC2ENS_3EnvE
FN:2629,_ZN4Napi11HandleScopeD2Ev
FN:2649,_ZN4Napi20EscapableHandleScopeC2ENS_3EnvE
FN:2654,_ZN4Napi20EscapableHandleScopeD2Ev
FN:2666,_ZN4Napi20EscapableHandleScope6EscapeEP12napi_value__
FN:2677,_ZN4Napi11AsyncWorkerC2ERKNS_8FunctionE
FN:2681,_ZN4Napi11AsyncWorkerC2ERKNS_6ObjectERKNS_8FunctionE
FN:2696,_ZN4Napi11AsyncWorkerD2Ev
FN:2696,_ZN4Napi11AsyncWorkerD0Ev
FN:2728,_ZNK4Napi11AsyncWorker3EnvEv
FN:2732,_ZN4Napi11AsyncWorker5QueueEv
FN:2742,_ZN4Napi11AsyncWorker8ReceiverEv
FN:2746,_ZN4Napi11AsyncWorker8CallbackEv
FN:2750,_ZN4Napi11AsyncWorker4OnOKEv
FN:2754,_ZN4Napi11AsyncWorker7OnErrorERKNS_5ErrorE
FN:2758,_ZN4Napi11AsyncWorker8SetErrorERKNSt7__cxx1112basic_stringIcSt11char_traitsIcESaIcEEE
FN:2762,_ZN4Napi11AsyncWorker9OnExecuteEP10napi_env__Pv
FN:2775,_ZN4Napi11AsyncWorker14OnWorkCompleteEP10napi_env__11napi_statusPv
FN:2780,_ZZN4Napi11AsyncWorker14OnWorkCompleteEP10napi_env__11napi_statusPvENKUlvE_clEv
FNDA:0,_ZN4Napi7details12WrapCallbackIZNS_10ObjectWrapI9DisruptorE33InstanceVoidMethodCallbackWrapperEP10napi_env__P20napi_callback_info__EUlvE_EEP12napi_value__T_
FNDA:0,_ZN4Napi7details12WrapCallbackIZNS_14RegisterModuleEP10napi_env__P12napi_value__PFNS_6ObjectENS_3EnvES6_EEUlvE_EES5_T_
FNDA:0,_ZN4Napi7details12WrapCallbackIZNS_10ObjectWrapI9DisruptorE29InstanceGetterCallbackWrapperEP10napi_env__P20napi_callback_info__EUlvE_EEP12napi_value__T_
FNDA:0,_ZN4Napi7details12WrapCallbackIZNS_10ObjectWrapI9DisruptorE29InstanceSetterCallbackWrapperEP10napi_env__P20napi_callback_info__EUlvE_EEP12napi_value__T_
FNDA:0,_ZN4Napi7details12WrapCallbackIZNS_11AsyncWorker14OnWorkCompleteEP10napi_env__11napi_statusPvEUlvE_EEP12napi_value__T_
FNDA:0,_ZN4Napi7details12WrapCallbackIZNS0_12CallbackDataIPFvRKNS_12CallbackInfoEEvE7WrapperEP10napi_env__P20napi_callback_info__EUlvE_EEP12napi_value__T_
FNDA:0,_ZN4Napi7details12WrapCallbackIZNS_10ObjectWrapI9DisruptorE29InstanceMethodCallbackWrapperEP10napi_env__P20napi_callback_info__EUlvE_EEP12napi_value__T_
FNDA:0,_ZN4Napi7details12WrapCallbackIZNS_10ObjectWrapI9DisruptorE26ConstructorCallbackWrapperEP10napi_env__P20napi_callback_info__EUlvE_EEP12napi_value__T_
FNDA:0,_ZN4Napi7details12CallbackDataIPFvRKNS_12CallbackInfoEEvE7WrapperEP10napi_env__P20napi_callback_info__
FNDA:0,_ZZN4Napi7details12CallbackDataIPFvRKNS_12CallbackInfoEEvE7WrapperEP10napi_env__P20napi_callback_info__ENKUlvE_clEv
FNDA:0,_ZN4Napi14RegisterModuleEP10napi_env__P12napi_value__PFNS_6ObjectENS_3EnvES4_E
FNDA:0,_ZZN4Napi14RegisterModuleEP10napi_env__P12napi_value__PFNS_6ObjectENS_3EnvES4_EENKUlvE_clEv
FNDA:0,_ZN4Napi3EnvC2EP10napi_env__
FNDA:0,_ZNK4Napi3EnvcvP10napi_env__Ev
FNDA:0,_ZNK4Napi3Env9UndefinedEv
FNDA:0,_ZNK4Napi3Env4NullEv
FNDA:0,_ZN4Napi5ValueC2Ev
FNDA:0,_ZN4Napi5ValueC2EP10napi_env__P12napi_value__
FNDA:0,_ZNK4Napi5ValuecvP12napi_value__Ev
FNDA:0,_ZNK4Napi5Value3EnvEv
FNDA:0,_ZNK4Napi5Value4TypeEv
FNDA:0,_ZNK4Napi5Value10IsFunctionEv
FNDA:0,_ZNK4Napi5Value2AsINS_6ObjectEEET_v
FNDA:0,_ZNK4Napi5Value2AsINS_6StringEEET_v
FNDA:0,_ZNK4Napi5Value2AsINS_6NumberEEET_v
FNDA:0,_ZNK4Napi5Value2AsINS_8FunctionEEET_v
FNDA:0,_ZNK4Napi5Value2AsINS_7BooleanEEET_v
FNDA:0,_ZN4Napi7Boolean3NewEP10napi_env__b
FNDA:0,_ZN4Napi7BooleanC2EP10napi_env__P12napi_value__
FNDA:0,_ZNK4Napi7BooleancvbEv
FNDA:0,_ZNK4Napi7Boolean5ValueEv
FNDA:0,_ZN4Napi6Number3NewEP10napi_env__d
FNDA:0,_ZN4Napi6NumberC2EP10napi_env__P12napi_value__
FNDA:0,_ZNK4Napi6NumbercvjEv
FNDA:0,_ZNK4Napi6Number11Uint32ValueEv
FNDA:0,_ZNK4Napi6Number10Int64ValueEv
FNDA:0,_ZN4Napi4NameC2EP10napi_env__P12napi_value__
FNDA:0,_ZN4Napi6StringC2EP10napi_env__P12napi_value__
FNDA:0,_ZNK4Napi6StringcvNSt7__cxx1112basic_stringIcSt11char_traitsIcESaIcEEEEv
FNDA:0,_ZNK4Napi6String9Utf8ValueB5cxx11Ev
FNDA:0,_ZN4Napi6Object14PropertyLValueIjEaSINS_5ValueEEERS2_T_
FNDA:0,_ZN4Napi6Object14PropertyLValueIjEC2ES0_j
FNDA:0,_ZN4Napi6Object3NewEP10napi_env__
FNDA:0,_ZN4Napi6ObjectC2Ev
FNDA:0,_ZN4Napi6ObjectC2EP10napi_env__P12napi_value__
FNDA:0,_ZN4Napi6ObjectixEj
FNDA:0,_ZNK4Napi6Object3GetEPKc
FNDA:0,_ZN4Napi6Object3SetEPKcNS_5ValueE
FNDA:0,_ZN4Napi6Object3SetEjNS_5ValueE
FNDA:0,_ZN4Napi5Array3NewEP10napi_env__
FNDA:0,_ZN4Napi5ArrayC2EP10napi_env__P12napi_value__
FNDA:0,_ZNK4Napi5Array6LengthEv
FNDA:0,_ZN4Napi8Function3NewIPFvRKNS_12CallbackInfoEEEES0_P10napi_env__T_PKcPv
FNDA:0,_ZN4Napi8FunctionC2EP10napi_env__P12napi_value__
FNDA:0,_ZNK4Napi8Function12MakeCallbackEP12napi_value__RKSt16initializer_listIS2_E
FNDA:0,_ZNK4Napi8Function12MakeCallbackEP12napi_value__mPKS2_
FNDA:0,_ZN4Napi6BufferIhE3NewEP10napi_env__m
FNDA:0,_ZN4Napi6BufferIhE3NewEP10napi_env__Phm
FNDA:0,_ZN4Napi6BufferImE3NewEP10napi_env__Pmm
FNDA:0,_ZN4Napi6BufferIhEC2Ev
FNDA:0,_ZN4Napi6BufferImEC2EP10napi_env__P12napi_value__mPm
FNDA:0,_ZN4Napi6BufferIhEC2EP10napi_env__P12napi_value__mPh
FNDA:0,_ZNK4Napi6BufferIhE6LengthEv
FNDA:0,_ZNK4Napi6BufferIhE10EnsureInfoEv
FNDA:0,_ZN4Napi5Error3NewEP10napi_env__
FNDA:0,_ZN4Napi5Error3NewEP10napi_env__RKNSt7__cxx1112basic_stringIcSt11char_traitsIcESaIcEEE
FNDA:0,_ZN4Napi5Error5FatalEPKcS2_
FNDA:0,_ZN4Napi5ErrorC2EP10napi_env__P12napi_value__
FNDA:0,_ZNK4Napi5Error7MessageB5cxx11Ev
FNDA:0,_ZNK4Napi5Error26ThrowAsJavaScriptExceptionEv
FNDA:0,_ZNK4Napi5Error4whatEv
FNDA:0,_ZN4Napi5Error3NewIS0_EET_P10napi_env__PKcmPF11napi_statusS4_P12napi_value__S9_PS9_E
FNDA:0,_ZN4Napi9ReferenceINS_6ObjectEE3NewERKS1_j
FNDA:0,_ZN4Napi9ReferenceINS_8FunctionEE3NewERKS1_j
FNDA:0,_ZN4Napi9ReferenceINS_6ObjectEEC2Ev
FNDA:0,_ZN4Napi9ReferenceINS_6ObjectEEC2EP10napi_env__P10napi_ref__
FNDA:0,_ZN4Napi9ReferenceINS_8FunctionEEC2EP10napi_env__P10napi_ref__
FNDA:0,_ZN4Napi9ReferenceINS_8FunctionEED2Ev
FNDA:0,_ZN4Napi9ReferenceINS_6ObjectEED2Ev
FNDA:0,_ZN4Napi9ReferenceINS_6ObjectEEC2EOS2_
FNDA:0,_ZN4Napi9ReferenceINS_8FunctionEEC2EOS2_
FNDA:0,_ZN4Napi9ReferenceINS_6ObjectEEaSEOS2_
FNDA:0,_ZNK4Napi9ReferenceINS_6ObjectEE7IsEmptyEv
FNDA:0,_ZNK4Napi9ReferenceINS_8FunctionEE5ValueEv
FNDA:0,_ZNK4Napi9ReferenceINS_6ObjectEE5ValueEv
FNDA:0,_ZN4Napi9ReferenceINS_6ObjectEE5ResetEv
FNDA:0,_ZN4Napi10PersistentENS_6ObjectE
FNDA:0,_ZN4Napi10PersistentENS_8FunctionE
FNDA:0,_ZN4Napi15ObjectReferenceC2EP10napi_env__P10napi_ref__
FNDA:0,_ZN4Napi15ObjectReferenceC2EONS_9ReferenceINS_6ObjectEEE
FNDA:0,_ZNK4Napi15ObjectReference3GetEPKc
FNDA:0,_ZN4Napi17FunctionReferenceC2EONS_9ReferenceINS_8FunctionEEE
FNDA:0,_ZNK4Napi17FunctionReference12MakeCallbackEP12napi_value__RKSt16initializer_listIS2_E
FNDA:0,_ZN4Napi12CallbackInfoC2EP10napi_env__P20napi_callback_info__
FNDA:0,_ZN4Napi12CallbackInfoD2Ev
FNDA:0,_ZNK4Napi12CallbackInfo3EnvEv
FNDA:0,_ZNK4Napi12CallbackInfo6LengthEv
FNDA:0,_ZNK4Napi12CallbackInfoixEm
FNDA:0,_ZNK4Napi12CallbackInfo4ThisEv
FNDA:0,_ZNK4Napi12CallbackInfo4DataEv
FNDA:0,_ZN4Napi12CallbackInfo7SetDataEPv
FNDA:0,_ZN4Napi10ObjectWrapI9DisruptorEC2ERKNS_12CallbackInfoE
FNDA:0,_ZN4Napi10ObjectWrapI9DisruptorE6UnwrapENS_6ObjectE
FNDA:0,_ZN4Napi10ObjectWrapI9DisruptorE11DefineClassENS_3EnvEPKcRKSt16initializer_listINS_23ClassPropertyDescriptorIS1_EEEPv
FNDA:0,_ZN4Napi10ObjectWrapI9DisruptorE14InstanceMethodEPKcMS1_FvRKNS_12CallbackInfoEE24napi_property_attributesPv
FNDA:0,_ZN4Napi10ObjectWrapI9DisruptorE14InstanceMethodEPKcMS1_FNS_5ValueERKNS_12CallbackInfoEE24napi_property_attributesPv
FNDA:0,_ZN4Napi10ObjectWrapI9DisruptorE16InstanceAccessorEPKcMS1_FNS_5ValueERKNS_12CallbackInfoEEMS1_FvS8_RKS5_E24napi_property_attributesPv
FNDA:0,_ZN4Napi10ObjectWrapI9DisruptorE26ConstructorCallbackWrapperEP10napi_env__P20napi_callback_info__
FNDA:0,_ZZN4Napi10ObjectWrapI9DisruptorE26ConstructorCallbackWrapperEP10napi_env__P20napi_callback_info__ENKUlvE_clEv
FNDA:0,_ZN4Napi10ObjectWrapI9DisruptorE33InstanceVoidMethodCallbackWrapperEP10napi_env__P20napi_callback_info__
FNDA:0,_ZZN4Napi10ObjectWrapI9DisruptorE33InstanceVoidMethodCallbackWrapperEP10napi_env__P20napi_callback_info__ENKUlvE_clEv
FNDA:0,_ZN4Napi10ObjectWrapI9DisruptorE29InstanceMethodCallbackWrapperEP10napi_env__P20napi_callback_info__
FNDA:0,_ZZN4Napi10ObjectWrapI9DisruptorE29InstanceMethodCallbackWrapperEP10napi_env__P20napi_callback_info__ENKUlvE_clEv
FNDA:0,_ZN4Napi10ObjectWrapI9DisruptorE29InstanceGetterCallbackWrapperEP10napi_env__P20napi_callback_info__
FNDA:0,_ZZN4Napi10ObjectWrapI9DisruptorE29InstanceGetterCallbackWrapperEP10napi_env__P20napi_callback_info__ENKUlvE_clEv
FNDA:0,_ZN4Napi10ObjectWrapI9DisruptorE29InstanceSetterCallbackWrapperEP10napi_env__P20napi_callback_info__
FNDA:0,_ZZN4Napi10ObjectWrapI9DisruptorE29InstanceSetterCallbackWrapperEP10napi_env__P20napi_callback_info__ENKUlvE_clEv
FNDA:0,_ZN4Napi10ObjectWrapI9DisruptorE16FinalizeCallbackEP10napi_env__PvS5_
FNDA:0,_ZN4Napi11HandleScopeC2ENS_3EnvE
FNDA:0,_ZN4Napi11HandleScopeD2Ev
FNDA:0,_ZN4Napi20EscapableHandleScopeC2ENS_3EnvE
FNDA:0,_ZN4Napi20EscapableHandleScopeD2Ev
FNDA:0,_ZN4Napi20EscapableHandleScope6EscapeEP12napi_value__
FNDA:0,_ZN4Napi11AsyncWorkerC2ERKNS_8FunctionE
FNDA:0,_ZN4Napi11AsyncWorkerC2ERKNS_6ObjectERKNS_8FunctionE
FNDA:0,_ZN4Napi11AsyncWorkerD2Ev
FNDA:0,_ZN4Napi11AsyncWorkerD0Ev
FNDA:0,_ZNK4Napi11AsyncWorker3EnvEv
FNDA:0,_ZN4Napi11AsyncWorker5QueueEv
FNDA:0,_ZN4Napi11AsyncWorker8ReceiverEv
FNDA:0,_ZN4Napi11AsyncWorker8CallbackEv
FNDA:0,_ZN4Napi11AsyncWorker4OnOKEv
FNDA:0,_ZN4Napi11AsyncWorker7OnErrorERKNS_5ErrorE
FNDA:0,_ZN4Napi11AsyncWorker8SetErrorERKNSt7__cxx1112basic_stringIcSt11char_traitsIcESaIcEEE
FNDA:0,_ZN4Napi11AsyncWorker9OnExecuteEP10napi_env__Pv
FNDA:0,_ZN4Napi11AsyncWorker14OnWorkCompleteEP10napi_env__11napi_statusPv
FNDA:0,_ZZN4Napi11AsyncWorker14OnWorkCompleteEP10napi_env__11napi_statusPvENKUlvE_clEv
FNF:137
FNH:0
DA:54,0
DA:57,0
DA:58,0
DA:59,0
DA:60,0
DA:89,0
DA:90,0
DA:91,0
DA:92,0
DA:94,0
DA:95,0
DA:96,0
DA:97,0
DA:167,0
DA:170,0
DA:171,0
DA:172,0
DA:173,0
DA:180,0
DA:181,0
DA:183,0
DA:184,0
DA:194,0
DA:196,0
DA:197,0
DA:198,0
DA:201,0
DA:203,0
DA:204,0
DA:205,0
DA:229,0
DA:230,0
DA:232,0
DA:233,0
DA:235,0
DA:236,0
DA:254,0
DA:255,0
DA:262,0
DA:263,0
DA:264,0
DA:268,0
DA:269,0
DA:270,0
DA:334,0
DA:335,0
DA:350,0
DA:351,0
DA:386,0
DA:388,0
DA:389,0
DA:390,0
DA:396,0
DA:397,0
DA:399,0
DA:400,0
DA:403,0
DA:405,0
DA:406,0
DA:407,0
DA:414,0
DA:416,0
DA:417,0
DA:418,0
DA:424,0
DA:425,0
DA:431,0
DA:432,0
DA:454,0
DA:456,0
DA:457,0
DA:458,0
DA:461,0
DA:463,0
DA:464,0
DA:465,0
DA:486,0
DA:487,0
DA:532,0
DA:533,0
DA:535,0
DA:536,0
DA:543,0
DA:545,0
DA:546,0
DA:548,0
DA:549,0
DA:550,0
DA:551,0
DA:552,0
DA:553,0
DA:612,0
DA:613,0
DA:614,0
DA:618,0
DA:619,0
DA:621,0
DA:623,0
DA:624,0
DA:625,0
DA:628,0
DA:629,0
DA:631,0
DA:632,0
DA:642,0
DA:643,0
DA:697,0
DA:699,0
DA:700,0
DA:701,0
DA:718,0
DA:719,0
DA:720,0
DA:721,0
DA:779,0
DA:780,0
DA:781,0
DA:782,0
DA:907,0
DA:909,0
DA:910,0
DA:911,0
DA:924,0
DA:925,0
DA:927,0
DA:929,0
DA:930,0
DA:931,0
DA:1196,0
DA:1203,0
DA:1206,0
DA:1208,0
DA:1209,0
DA:1223,0
DA:1224,0
DA:1258,0
DA:1260,0
DA:1268,0
DA:1271,0
DA:1272,0
DA:1273,0
DA:1274,0
DA:1298,0
DA:1301,0
DA:1302,0
DA:1303,0
DA:1307,0
DA:1309,0
DA:1311,0
DA:1312,0
DA:1372,0
DA:1373,0
DA:1381,0
DA:1382,0
DA:1383,0
DA:1386,0
DA:1387,0
DA:1388,0
DA:1398,0
DA:1402,0
DA:1405,0
DA:1406,0
DA:1407,0
DA:1408,0
DA:1410,0
DA:1416,0
DA:1418,0
DA:1421,0
DA:1422,0
DA:1424,0
DA:1425,0
DA:1426,0
DA:1427,0
DA:1430,0
DA:1431,0
DA:1434,0
DA:1435,0
DA:1437,0
DA:1438,0
DA:1439,0
DA:1443,0
DA:1448,0
DA:1450,0
DA:1451,0
DA:1452,0
DA:1456,0
DA:1457,0
DA:1458,0
DA:1459,0
DA:1460,0
DA:1462,0
DA:1467,0
DA:1474,0
DA:1475,0
DA:1478,0
DA:1479,0
DA:1485,0
DA:1486,0
DA:1487,0
DA:1491,0
DA:1493,0
DA:1521,0
DA:1522,0
DA:1525,0
DA:1527,0
DA:1535,0
DA:1538,0
DA:1539,0
DA:1540,0
DA:1541,0
DA:1542,0
DA:1544,0
DA:1548,0
DA:1549,0
DA:1555,0
DA:1560,0
DA:1561,0
DA:1564,0
DA:1565,0
DA:1567,0
DA:1603,0
DA:1604,0
DA:1605,0
DA:1607,0
DA:1608,0
DA:1612,0
DA:1613,0
DA:1615,0
DA:1620,0
DA:1621,0
DA:1624,0
DA:1625,0
DA:1626,0
DA:1629,0
DA:1630,0
DA:1631,0
DA:1632,0
DA:1635,0
DA:1637,0
DA:1640,0
DA:1641,0
DA:1642,0
DA:1643,0
DA:1644,0
DA:1645,0
DA:1648,0
DA:1649,0
DA:1650,0
DA:1651,0
DA:1652,0
DA:1653,0
DA:1654,0
DA:1655,0
DA:1656,0
DA:1695,0
DA:1696,0
DA:1700,0
DA:1701,0
DA:1702,0
DA:1706,0
DA:1707,0
DA:1708,0
DA:1728,0
DA:1729,0
DA:1730,0
DA:1731,0
DA:1732,0
DA:1734,0
DA:1771,0
DA:1772,0
DA:1775,0
DA:1776,0
DA:1786,0
DA:1787,0
DA:1789,0
DA:1790,0
DA:1791,0
DA:1811,0
DA:1812,0
DA:1813,0
DA:1917,0
DA:1918,0
DA:1919,0
DA:1963,0
DA:1965,0
DA:1966,0
DA:1989,0
DA:1990,0
DA:1991,0
DA:1992,0
DA:1993,0
DA:1994,0
DA:1996,0
DA:1999,0
DA:2000,0
DA:2002,0
DA:2003,0
DA:2005,0
DA:2007,0
DA:2008,0
DA:2009,0
DA:2011,0
DA:2024,0
DA:2025,0
DA:2028,0
DA:2029,0
DA:2032,0
DA:2033,0
DA:2036,0
DA:2037,0
DA:2038,0
DA:2040,0
DA:2043,0
DA:2044,0
DA:2047,0
DA:2048,0
DA:2049,0
DA:2286,0
DA:2287,0
DA:2288,0
DA:2291,0
DA:2292,0
DA:2293,0
DA:2295,0
DA:2296,0
DA:2297,0
DA:2300,0
DA:2302,0
DA:2303,0
DA:2304,0
DA:2308,0
DA:2314,0
DA:2317,0
DA:2318,0
DA:2320,0
DA:2394,0
DA:2400,0
DA:2401,0
DA:2403,0
DA:2404,0
DA:2405,0
DA:2406,0
DA:2407,0
DA:2408,0
DA:2412,0
DA:2418,0
DA:2420,0
DA:2421,0
DA:2422,0
DA:2423,0
DA:2424,0
DA:2425,0
DA:2429,0
DA:2436,0
DA:2437,0
DA:2439,0
DA:2440,0
DA:2441,0
DA:2442,0
DA:2443,0
DA:2444,0
DA:2445,0
DA:2471,0
DA:2475,0
DA:2476,0
DA:2478,0
DA:2479,0
DA:2480,0
DA:2481,0
DA:2485,0
DA:2486,0
DA:2487,0
DA:2488,0
DA:2491,0
DA:2549,0
DA:2552,0
DA:2553,0
DA:2554,0
DA:2556,0
DA:2557,0
DA:2558,0
DA:2559,0
DA:2560,0
DA:2561,0
DA:2565,0
DA:2568,0
DA:2569,0
DA:2570,0
DA:2572,0
DA:2573,0
DA:2574,0
DA:2575,0
DA:2576,0
DA:2580,0
DA:2583,0
DA:2584,0
DA:2585,0
DA:2587,0
DA:2588,0
DA:2589,0
DA:2590,0
DA:2591,0
DA:2595,0
DA:2598,0
DA:2599,0
DA:2600,0
DA:2602,0
DA:2603,0
DA:2604,0
DA:2605,0
DA:2606,0
DA:2607,0
DA:2611,0
DA:2612,0
DA:2613,0
DA:2614,0
DA:2624,0
DA:2625,0
DA:2626,0
DA:2627,0
DA:2629,0
DA:2630,0
DA:2631,0
DA:2649,0
DA:2650,0
DA:2651,0
DA:2652,0
DA:2654,0
DA:2655,0
DA:2656,0
DA:2666,0
DA:2668,0
DA:2669,0
DA:2670,0
DA:2677,0
DA:2678,0
DA:2679,0
DA:2681,0
DA:2682,0
DA:2684,0
DA:2687,0
DA:2688,0
DA:2689,0
DA:2691,0
DA:2693,0
DA:2694,0
DA:2696,0
DA:2697,0
DA:2698,0
DA:2699,0
DA:2701,0
DA:2728,0
DA:2729,0
DA:2732,0
DA:2733,0
DA:2734,0
DA:2735,0
DA:2742,0
DA:2743,0
DA:2746,0
DA:2747,0
DA:2750,0
DA:2751,0
DA:2752,0
DA:2754,0
DA:2755,0
DA:2756,0
DA:2758,0
DA:2759,0
DA:2760,0
DA:2762,0
DA:2763,0
DA:2766,0
DA:2767,0
DA:2768,0
DA:2773,0
DA:2775,0
DA:2777,0
DA:2778,0
DA:2779,0
DA:2780,0
DA:2781,0
DA:2782,0
DA:2785,0
DA:2787,0
DA:2790,0
DA:2791,0
LF:487
LH:0
end_of_record
SF:/home/david/shared-memory-disruptor/node_modules/node-addon-api/napi.h
FN:900,_ZN4Napi15ObjectReferenceD2Ev
FN:937,_ZN4Napi17FunctionReferenceD2Ev
FN:1062,_ZN4Napi5ErrorD2Ev
FN:1062,_ZN4Napi5ErrorD0Ev
FN:1249,_ZN4Napi23ClassPropertyDescriptorI9DisruptorEC2E24napi_property_descriptor
FN:1284,_ZN4Napi10ObjectWrapI9DisruptorED2Ev
FNDA:0,_ZN4Napi15ObjectReferenceD2Ev
FNDA:0,_ZN4Napi17FunctionReferenceD2Ev
FNDA:0,_ZN4Napi5ErrorD2Ev
FNDA:0,_ZN4Napi5ErrorD0Ev
FNDA:0,_ZN4Napi23ClassPropertyDescriptorI9DisruptorEC2E24napi_property_descriptor
FNDA:0,_ZN4Napi10ObjectWrapI9DisruptorED2Ev
FNF:6
FNH:0
DA:900,0
DA:937,0
DA:1062,0
DA:1249,0
DA:1284,0
LF:5
LH:0
end_of_record
SF:/home/david/shared-memory-disruptor/src/disruptor.cc
FN:47,_ZN9Disruptor4SpinEv
FN:139,_Z12NullCallbackRKN4Napi12CallbackInfoE
FN:143,_Z11GetCallbackRKN4Napi12CallbackInfoEj
FN:161,_ZN11AsyncBufferIhEC2Ev
FN:167,_ZN11AsyncBufferIhE3NewEN4Napi3EnvEPhm
FN:172,_ZN11AsyncBufferIhE3NewEN4Napi3EnvEm
FN:177,_ZN11AsyncBufferIhE7ToValueEN4Napi3EnvE
FN:193,_ZN11AsyncBufferIhE6LengthEv
FN:199,_ZN11AsyncBufferIhEC2EPhm
FN:210,_ZN10AsyncArrayI11AsyncBufferIhEEC2EOS2_
FN:210,_ZN10AsyncArrayI11AsyncBufferIhEEaSEOS2_
FN:210,_ZN10AsyncArrayI11AsyncBufferIhEED2Ev
FN:213,_ZN10AsyncArrayI11AsyncBufferIhEEC2Ev
FN:218,_ZN10AsyncArrayI11AsyncBufferIhEE3NewEN4Napi3EnvE
FN:223,_ZN10AsyncArrayI11AsyncBufferIhEE3SetEjS1_
FN:233,_ZN10AsyncArrayI11AsyncBufferIhEE7ToValueEN4Napi3EnvE
FN:244,_ZN10AsyncArrayI11AsyncBufferIhEE6LengthEv
FN:256,_ZN12AsyncBooleanC2Ev
FN:261,_ZN12AsyncBoolean3NewEN4Napi3EnvEb
FN:266,_ZN12AsyncBoolean7ToValueEN4Napi3EnvE
FN:271,_ZNK12AsyncBooleancvbEv
FN:277,_ZN12AsyncBooleanC2Eb
FN:289,_Z7ToValueRKN4Napi3EnvEm
FN:294,_Z7ToValueRKN4Napi3EnvERK14AsyncUndefined
FN:300,_ZN20DisruptorAsyncWorkerI10AsyncArrayI11AsyncBufferIhEEmmED2Ev
FN:300,_ZN20DisruptorAsyncWorkerI11AsyncBufferIhEmmED2Ev
FN:300,_ZN20DisruptorAsyncWorkerI12AsyncBoolean14AsyncUndefinedS1_ED0Ev
FN:300,_ZN20DisruptorAsyncWorkerI11AsyncBufferIhEmmED0Ev
FN:300,_ZN20DisruptorAsyncWorkerI12AsyncBoolean14AsyncUndefinedS1_ED2Ev
FN:300,_ZN20DisruptorAsyncWorkerI10AsyncArrayI11AsyncBufferIhEEm14AsyncUndefinedED2Ev
FN:300,_ZN20DisruptorAsyncWorkerI10AsyncArrayI11AsyncBufferIhEEm14AsyncUndefinedED0Ev
FN:300,_ZN20DisruptorAsyncWorkerI10AsyncArrayI11AsyncBufferIhEEmmED0Ev
FN:303,_ZN20DisruptorAsyncWorkerI10AsyncArrayI11AsyncBufferIhEEm14AsyncUndefinedEC2EP9DisruptorRKN4Napi8FunctionE
FN:303,_ZN20DisruptorAsyncWorkerI12AsyncBoolean14AsyncUndefinedS1_EC2EP9DisruptorRKN4Napi8FunctionE
FN:303,_ZN20DisruptorAsyncWorkerI10AsyncArrayI11AsyncBufferIhEEmmEC2EP9DisruptorRKN4Napi8FunctionE
FN:303,_ZN20DisruptorAsyncWorkerI11AsyncBufferIhEmmEC2EP9DisruptorRKN4Napi8FunctionE
FN:315,_ZN20DisruptorAsyncWorkerI10AsyncArrayI11AsyncBufferIhEEm14AsyncUndefinedE4OnOKEv
FN:315,_ZN20DisruptorAsyncWorkerI10AsyncArrayI11AsyncBufferIhEEmmE4OnOKEv
FN:315,_ZN20DisruptorAsyncWorkerI11AsyncBufferIhEmmE4OnOKEv
FN:315,_ZN20DisruptorAsyncWorkerI12AsyncBoolean14AsyncUndefinedS1_E4OnOKEv
FN:348,_ZN7CloseFDclEPi
FN:355,_Z15ThrowErrnoErrorRKN4Napi12CallbackInfoEPKc
FN:366,_ZN9DisruptorC2ERKN4Napi12CallbackInfoE
FN:428,_ZN9DisruptorD2Ev
FN:433,_ZN9Disruptor7ReleaseEv
FN:450,_ZN9Disruptor7ReleaseERKN4Napi12CallbackInfoE
FN:459,_ZN9Disruptor14ConsumeNewSyncI10AsyncArrayI11AsyncBufferIhEES2_EET_RKN4Napi3EnvEbRm
FN:459,_ZN9Disruptor14ConsumeNewSyncIN4Napi5ArrayENS1_6BufferEEET_RKNS1_3EnvEbRm
FN:517,_ZN9Disruptor14ConsumeNewSyncERKN4Napi12CallbackInfoE
FN:523,_ZN21ConsumeNewAsyncWorkerD0Ev
FN:523,_ZN21ConsumeNewAsyncWorkerD2Ev
FN:529,_ZN21ConsumeNewAsyncWorkerC2EP9DisruptorRKN4Napi8FunctionE
FN:540,_ZN21ConsumeNewAsyncWorker7ExecuteEv
FN:547,_ZN21ConsumeNewAsyncWorker5RetryEv
FN:553,_ZN9Disruptor15ConsumeNewAsyncERKN4Napi12CallbackInfoE
FN:558,_ZN9Disruptor10ConsumeNewERKN4Napi12CallbackInfoE
FN:573,_ZN9Disruptor13ConsumeCommitERKN4Napi12CallbackInfoE
FN:578,_ZN9Disruptor13UpdatePendingEmm
FN:584,_ZN9Disruptor13ConsumeCommitEv
FN:600,_ZN9Disruptor16ProduceClaimSyncI11AsyncBufferEET_IhERKN4Napi3EnvEbRmS8_
FN:600,_ZN9Disruptor16ProduceClaimSyncIN4Napi6BufferEEET_IhERKNS1_3EnvEbRmS8_
FN:645,_ZN9Disruptor16ProduceClaimSyncERKN4Napi12CallbackInfoE
FN:652,_ZN23ProduceClaimAsyncWorkerD0Ev
FN:652,_ZN23ProduceClaimAsyncWorkerD2Ev
FN:656,_ZN23ProduceClaimAsyncWorkerC2EP9DisruptorRKN4Napi8FunctionE
FN:666,_ZN23ProduceClaimAsyncWorker7ExecuteEv
FN:674,_ZN23ProduceClaimAsyncWorker5RetryEv
FN:680,_ZN9Disruptor17ProduceClaimAsyncERKN4Napi12CallbackInfoE
FN:685,_ZN9Disruptor12ProduceClaimERKN4Napi12CallbackInfoE
FN:700,_ZN9Disruptor17ProduceGetBuffersIN4Napi5ArrayENS1_6BufferEEEvRKNS1_3EnvEmmRT_
FN:700,_ZN9Disruptor17ProduceGetBuffersI10AsyncArrayI11AsyncBufferIhEES2_EEvRKN4Napi3EnvEmmRT_
FN:732,_ZN9Disruptor20ProduceClaimManySyncIN4Napi5ArrayENS1_6BufferEEET_RKNS1_3EnvEjbRmS8_
FN:732,_ZN9Disruptor20ProduceClaimManySyncI10AsyncArrayI11AsyncBufferIhEES2_EET_RKN4Napi3EnvEjbRmSA_
FN:774,_ZN9Disruptor20ProduceClaimManySyncERKN4Napi12CallbackInfoE
FN:781,_ZN27ProduceClaimManyAsyncWorkerD0Ev
FN:781,_ZN27ProduceClaimManyAsyncWorkerD2Ev
FN:787,_ZN27ProduceClaimManyAsyncWorkerC2EP9DisruptorRKN4Napi8FunctionEj
FN:801,_ZN27ProduceClaimManyAsyncWorker7ExecuteEv
FN:809,_ZN27ProduceClaimManyAsyncWorker5RetryEv
FN:818,_ZN9Disruptor21ProduceClaimManyAsyncERKN4Napi12CallbackInfoEj
FN:824,_ZN9Disruptor21ProduceClaimManyAsyncERKN4Napi12CallbackInfoE
FN:829,_ZN9Disruptor16ProduceClaimManyERKN4Napi12CallbackInfoE
FN:844,_ZN9Disruptor14ProduceRecoverERKN4Napi12CallbackInfoE
FN:863,_ZN9Disruptor17ProduceCommitSyncI12AsyncBooleanEET_RKN4Napi3EnvEmmb
FN:863,_ZN9Disruptor17ProduceCommitSyncIN4Napi7BooleanEEET_RKNS1_3EnvEmmb
FN:883,_ZN9Disruptor13UpdateSeqNextEmm
FN:889,_ZN9Disruptor10GetSeqNextERKN4Napi12CallbackInfoERmS4_
FN:905,_ZN9Disruptor17ProduceCommitSyncERKN4Napi12CallbackInfoE
FN:912,_ZN24ProduceCommitAsyncWorkerD2Ev
FN:912,_ZN24ProduceCommitAsyncWorkerD0Ev
FN:916,_ZN24ProduceCommitAsyncWorkerC2EP9DisruptorRKN4Napi8FunctionEmm
FN:928,_ZN24ProduceCommitAsyncWorker7ExecuteEv
FN:935,_ZN24ProduceCommitAsyncWorker5RetryEv
FN:944,_ZN9Disruptor18ProduceCommitAsyncERKN4Napi12CallbackInfoEmmj
FN:953,_ZN9Disruptor18ProduceCommitAsyncERKN4Napi12CallbackInfoE
FN:960,_ZN9Disruptor13ProduceCommitERKN4Napi12CallbackInfoE
FN:975,_ZN9Disruptor12GetConsumersERKN4Napi12CallbackInfoE
FN:980,_ZN9Disruptor9GetCursorERKN4Napi12CallbackInfoE
FN:985,_ZN9Disruptor7GetNextERKN4Napi12CallbackInfoE
FN:990,_ZN9Disruptor11GetElementsERKN4Napi12CallbackInfoE
FN:995,_ZN9Disruptor11GetConsumerERKN4Napi12CallbackInfoE
FN:1000,_ZN9Disruptor21GetPendingSeqConsumerERKN4Napi12CallbackInfoE
FN:1005,_ZN9Disruptor19GetPendingSeqCursorERKN4Napi12CallbackInfoE
FN:1010,_ZN9Disruptor17GetPendingSeqNextERKN4Napi12CallbackInfoE
FN:1015,_ZN9Disruptor20GetPendingSeqNextEndERKN4Napi12CallbackInfoE
FN:1020,_ZN9Disruptor14GetElementSizeERKN4Napi12CallbackInfoE
FN:1025,_ZN9Disruptor10InitializeEN4Napi3EnvENS0_6ObjectE
FN:1061,_Z10InitializeN4Napi3EnvENS_6ObjectE
FN:1066,_register_disruptor
FN:1066,_Z17__napi_InitializeP10napi_env__P12napi_value__
FNDA:0,_ZN9Disruptor4SpinEv
FNDA:0,_Z12NullCallbackRKN4Napi12CallbackInfoE
FNDA:0,_Z11GetCallbackRKN4Napi12CallbackInfoEj
FNDA:0,_ZN11AsyncBufferIhEC2Ev
FNDA:0,_ZN11AsyncBufferIhE3NewEN4Napi3EnvEPhm
FNDA:0,_ZN11AsyncBufferIhE3NewEN4Napi3EnvEm
FNDA:0,_ZN11AsyncBufferIhE7ToValueEN4Napi3EnvE
FNDA:0,_ZN11AsyncBufferIhE6LengthEv
FNDA:0,_ZN11AsyncBufferIhEC2EPhm
FNDA:0,_ZN10AsyncArrayI11AsyncBufferIhEEC2EOS2_
FNDA:0,_ZN10AsyncArrayI11AsyncBufferIhEEaSEOS2_
FNDA:0,_ZN10AsyncArrayI11AsyncBufferIhEED2Ev
FNDA:0,_ZN10AsyncArrayI11AsyncBufferIhEEC2Ev
FNDA:0,_ZN10AsyncArrayI11AsyncBufferIhEE3NewEN4Napi3EnvE
FNDA:0,_ZN10AsyncArrayI11AsyncBufferIhEE3SetEjS1_
FNDA:0,_ZN10AsyncArrayI11AsyncBufferIhEE7ToValueEN4Napi3EnvE
FNDA:0,_ZN10AsyncArrayI11AsyncBufferIhEE6LengthEv
FNDA:0,_ZN12AsyncBooleanC2Ev
FNDA:0,_ZN12AsyncBoolean3NewEN4Napi3EnvEb
FNDA:0,_ZN12AsyncBoolean7ToValueEN4Napi3EnvE
FNDA:0,_ZNK12AsyncBooleancvbEv
FNDA:0,_ZN12AsyncBooleanC2Eb
FNDA:0,_Z7ToValueRKN4Napi3EnvEm
FNDA:0,_Z7ToValueRKN4Napi3EnvERK14AsyncUndefined
FNDA:0,_ZN20DisruptorAsyncWorkerI10AsyncArrayI11AsyncBufferIhEEmmED2Ev
FNDA:0,_ZN20DisruptorAsyncWorkerI11AsyncBufferIhEmmED2Ev
FNDA:0,_ZN20DisruptorAsyncWorkerI12AsyncBoolean14AsyncUndefinedS1_ED0Ev
FNDA:0,_ZN20DisruptorAsyncWorkerI11AsyncBufferIhEmmED0Ev
FNDA:0,_ZN20DisruptorAsyncWorkerI12AsyncBoolean14AsyncUndefinedS1_ED2Ev
FNDA:0,_ZN20DisruptorAsyncWorkerI10AsyncArrayI11AsyncBufferIhEEm14AsyncUndefinedED2Ev
FNDA:0,_ZN20DisruptorAsyncWorkerI10AsyncArrayI11AsyncBufferIhEEm14AsyncUndefinedED0Ev
FNDA:0,_ZN20DisruptorAsyncWorkerI10AsyncArrayI11AsyncBufferIhEEmmED0Ev
FNDA:0,_ZN20DisruptorAsyncWorkerI10AsyncArrayI11AsyncBufferIhEEm14AsyncUndefinedEC2EP9DisruptorRKN4Napi8FunctionE
FNDA:0,_ZN20DisruptorAsyncWorkerI12AsyncBoolean14AsyncUndefinedS1_EC2EP9DisruptorRKN4Napi8FunctionE
FNDA:0,_ZN20DisruptorAsyncWorkerI10AsyncArrayI11AsyncBufferIhEEmmEC2EP9DisruptorRKN4Napi8FunctionE
FNDA:0,_ZN20DisruptorAsyncWorkerI11AsyncBufferIhEmmEC2EP9DisruptorRKN4Napi8FunctionE
FNDA:0,_ZN20DisruptorAsyncWorkerI10AsyncArrayI11AsyncBufferIhEEm14AsyncUndefinedE4OnOKEv
FNDA:0,_ZN20DisruptorAsyncWorkerI10AsyncArrayI11AsyncBufferIhEEmmE4OnOKEv
FNDA:0,_ZN20DisruptorAsyncWorkerI11AsyncBufferIhEmmE4OnOKEv
FNDA:0,_ZN20DisruptorAsyncWorkerI12AsyncBoolean14AsyncUndefinedS1_E4OnOKEv
FNDA:0,_ZN7CloseFDclEPi
FNDA:0,_Z15ThrowErrnoErrorRKN4Napi12CallbackInfoEPKc
FNDA:0,_ZN9DisruptorC2ERKN4Napi12CallbackInfoE
FNDA:0,_ZN9DisruptorD2Ev
FNDA:0,_ZN9Disruptor7ReleaseEv
FNDA:0,_ZN9Disruptor7ReleaseERKN4Napi12CallbackInfoE
FNDA:0,_ZN9Disruptor14ConsumeNewSyncI10AsyncArrayI11AsyncBufferIhEES2_EET_RKN4Napi3EnvEbRm
FNDA:0,_ZN9Disruptor14ConsumeNewSyncIN4Napi5ArrayENS1_6BufferEEET_RKNS1_3EnvEbRm
FNDA:0,_ZN9Disruptor14ConsumeNewSyncERKN4Napi12CallbackInfoE
FNDA:0,_ZN21ConsumeNewAsyncWorkerD0Ev
FNDA:0,_ZN21ConsumeNewAsyncWorkerD2Ev
FNDA:0,_ZN21ConsumeNewAsyncWorkerC2EP9DisruptorRKN4Napi8FunctionE
FNDA:0,_ZN21ConsumeNewAsyncWorker7ExecuteEv
FNDA:0,_ZN21ConsumeNewAsyncWorker5RetryEv
FNDA:0,_ZN9Disruptor15ConsumeNewAsyncERKN4Napi12CallbackInfoE
FNDA:0,_ZN9Disruptor10ConsumeNewERKN4Napi12CallbackInfoE
FNDA:0,_ZN9Disruptor13ConsumeCommitERKN4Napi12CallbackInfoE
FNDA:0,_ZN9Disruptor13UpdatePendingEmm
FNDA:0,_ZN9Disruptor13ConsumeCommitEv
FNDA:0,_ZN9Disruptor16ProduceClaimSyncI11AsyncBufferEET_IhERKN4Napi3EnvEbRmS8_
FNDA:0,_ZN9Disruptor16ProduceClaimSyncIN4Napi6BufferEEET_IhERKNS1_3EnvEbRmS8_
FNDA:0,_ZN9Disruptor16ProduceClaimSyncERKN4Napi12CallbackInfoE
FNDA:0,_ZN23ProduceClaimAsyncWorkerD0Ev
FNDA:0,_ZN23ProduceClaimAsyncWorkerD2Ev
FNDA:0,_ZN23ProduceClaimAsyncWorkerC2EP9DisruptorRKN4Napi8FunctionE
FNDA:0,_ZN23ProduceClaimAsyncWorker7ExecuteEv
FNDA:0,_ZN23ProduceClaimAsyncWorker5RetryEv
FNDA:0,_ZN9Disruptor17ProduceClaimAsyncERKN4Napi12CallbackInfoE
FNDA:0,_ZN9Disruptor12ProduceClaimERKN4Napi12CallbackInfoE
FNDA:0,_ZN9Disruptor17ProduceGetBuffersIN4Napi5ArrayENS1_6BufferEEEvRKNS1_3EnvEmmRT_
FNDA:0,_ZN9Disruptor17ProduceGetBuffersI10AsyncArrayI11AsyncBufferIhEES2_EEvRKN4Napi3EnvEmmRT_
FNDA:0,_ZN9Disruptor20ProduceClaimManySyncIN4Napi5ArrayENS1_6BufferEEET_RKNS1_3EnvEjbRmS8_
FNDA:0,_ZN9Disruptor20ProduceClaimManySyncI10AsyncArrayI11AsyncBufferIhEES2_EET_RKN4Napi3EnvEjbRmSA_
FNDA:0,_ZN9Disruptor20ProduceClaimManySyncERKN4Napi12CallbackInfoE
FNDA:0,_ZN27ProduceClaimManyAsyncWorkerD0Ev
FNDA:0,_ZN27ProduceClaimManyAsyncWorkerD2Ev
FNDA:0,_ZN27ProduceClaimManyAsyncWorkerC2EP9DisruptorRKN4Napi8FunctionEj
FNDA:0,_ZN27ProduceClaimManyAsyncWorker7ExecuteEv
FNDA:0,_ZN27ProduceClaimManyAsyncWorker5RetryEv
FNDA:0,_ZN9Disruptor21ProduceClaimManyAsyncERKN4Napi12CallbackInfoEj
FNDA:0,_ZN9Disruptor21ProduceClaimManyAsyncERKN4Napi12CallbackInfoE
FNDA:0,_ZN9Disruptor16ProduceClaimManyERKN4Napi12CallbackInfoE
FNDA:0,_ZN9Disruptor14ProduceRecoverERKN4Napi12CallbackInfoE
FNDA:0,_ZN9Disruptor17ProduceCommitSyncI12AsyncBooleanEET_RKN4Napi3EnvEmmb
FNDA:0,_ZN9Disruptor17ProduceCommitSyncIN4Napi7BooleanEEET_RKNS1_3EnvEmmb
FNDA:0,_ZN9Disruptor13UpdateSeqNextEmm
FNDA:0,_ZN9Disruptor10GetSeqNextERKN4Napi12CallbackInfoERmS4_
FNDA:0,_ZN9Disruptor17ProduceCommitSyncERKN4Napi12CallbackInfoE
FNDA:0,_ZN24ProduceCommitAsyncWorkerD2Ev
FNDA:0,_ZN24ProduceCommitAsyncWorkerD0Ev
FNDA:0,_ZN24ProduceCommitAsyncWorkerC2EP9DisruptorRKN4Napi8FunctionEmm
FNDA:0,_ZN24ProduceCommitAsyncWorker7ExecuteEv
FNDA:0,_ZN24ProduceCommitAsyncWorker5RetryEv
FNDA:0,_ZN9Disruptor18ProduceCommitAsyncERKN4Napi12CallbackInfoEmmj
FNDA:0,_ZN9Disruptor18ProduceCommitAsyncERKN4Napi12CallbackInfoE
FNDA:0,_ZN9Disruptor13ProduceCommitERKN4Napi12CallbackInfoE
FNDA:0,_ZN9Disruptor12GetConsumersERKN4Napi12CallbackInfoE
FNDA:0,_ZN9Disruptor9GetCursorERKN4Napi12CallbackInfoE
FNDA:0,_ZN9Disruptor7GetNextERKN4Napi12CallbackInfoE
FNDA:0,_ZN9Disruptor11GetElementsERKN4Napi12CallbackInfoE
FNDA:0,_ZN9Disruptor11GetConsumerERKN4Napi12CallbackInfoE
FNDA:0,_ZN9Disruptor21GetPendingSeqConsumerERKN4Napi12CallbackInfoE
FNDA:0,_ZN9Disruptor19GetPendingSeqCursorERKN4Napi12CallbackInfoE
FNDA:0,_ZN9Disruptor17GetPendingSeqNextERKN4Napi12CallbackInfoE
FNDA:0,_ZN9Disruptor20GetPendingSeqNextEndERKN4Napi12CallbackInfoE
FNDA:0,_ZN9Disruptor14GetElementSizeERKN4Napi12CallbackInfoE
FNDA:0,_ZN9Disruptor10InitializeEN4Napi3EnvENS0_6ObjectE
FNDA:0,_Z10InitializeN4Napi3EnvENS_6ObjectE
FNDA:0,_register_disruptor
FNDA:0,_Z17__napi_InitializeP10napi_env__P12napi_value__
FNF:110
FNH:0
DA:47,0
DA:49,0
DA:139,0
DA:141,0
DA:143,0
DA:145,0
DA:147,0
DA:148,0
DA:150,0
DA:154,0
DA:161,0
DA:163,0
DA:165,0
DA:167,0
DA:169,0
DA:172,0
DA:174,0
DA:177,0
DA:179,0
DA:181,0
DA:183,0
DA:187,0
DA:190,0
DA:193,0
DA:195,0
DA:199,0
DA:201,0
DA:203,0
DA:210,0
DA:213,0
DA:214,0
DA:216,0
DA:218,0
DA:220,0
DA:223,0
DA:225,0
DA:227,0
DA:230,0
DA:231,0
DA:233,0
DA:235,0
DA:236,0
DA:237,0
DA:239,0
DA:241,0
DA:244,0
DA:246,0
DA:256,0
DA:257,0
DA:259,0
DA:261,0
DA:263,0
DA:266,0
DA:268,0
DA:271,0
DA:273,0
DA:277,0
DA:278,0
DA:280,0
DA:289,0
DA:291,0
DA:294,0
DA:296,0
DA:300,0
DA:303,0
DA:308,0
DA:310,0
DA:315,0
DA:317,0
DA:319,0
DA:322,0
DA:324,0
DA:325,0
DA:328,0
DA:330,0
DA:331,0
DA:348,0
DA:350,0
DA:351,0
DA:352,0
DA:355,0
DA:357,0
DA:358,0
DA:359,0
DA:362,0
DA:363,0
DA:366,0
DA:368,0
DA:371,0
DA:372,0
DA:373,0
DA:374,0
DA:375,0
DA:376,0
DA:377,0
DA:381,0
DA:383,0
DA:384,0
DA:386,0
DA:393,0
DA:394,0
DA:398,0
DA:404,0
DA:407,0
DA:409,0
DA:415,0
DA:416,0
DA:417,0
DA:418,0
DA:419,0
DA:421,0
DA:422,0
DA:424,0
DA:425,0
DA:426,0
DA:428,0
DA:430,0
DA:431,0
DA:433,0
DA:435,0
DA:437,0
DA:439,0
DA:444,0
DA:447,0
DA:450,0
DA:452,0
DA:456,0
DA:459,0
DA:466,0
DA:468,0
DA:470,0
DA:471,0
DA:472,0
DA:473,0
DA:475,0
DA:477,0
DA:479,0
DA:481,0
DA:482,0
DA:484,0
DA:485,0
DA:486,0
DA:489,0
DA:491,0
DA:493,0
DA:495,0
DA:496,0
DA:498,0
DA:500,0
DA:503,0
DA:506,0
DA:507,0
DA:508,0
DA:513,0
DA:514,0
DA:517,0
DA:520,0
DA:523,0
DA:529,0
DA:530,0
DA:534,0
DA:536,0
DA:537,0
DA:540,0
DA:543,0
DA:544,0
DA:545,0
DA:547,0
DA:549,0
DA:550,0
DA:553,0
DA:555,0
DA:556,0
DA:558,0
DA:562,0
DA:564,0
DA:566,0
DA:569,0
DA:570,0
DA:573,0
DA:575,0
DA:578,0
DA:580,0
DA:581,0
DA:582,0
DA:584,0
DA:586,0
DA:588,0
DA:590,0
DA:593,0
DA:596,0
DA:600,0
DA:605,0
DA:607,0
DA:609,0
DA:611,0
DA:613,0
DA:615,0
DA:617,0
DA:618,0
DA:622,0
DA:623,0
DA:625,0
DA:627,0
DA:628,0
DA:630,0
DA:631,0
DA:632,0
DA:634,0
DA:639,0
DA:640,0
DA:641,0
DA:642,0
DA:645,0
DA:648,0
DA:649,0
DA:652,0
DA:656,0
DA:657,0
DA:659,0
DA:661,0
DA:662,0
DA:663,0
DA:666,0
DA:669,0
DA:670,0
DA:671,0
DA:672,0
DA:674,0
DA:676,0
DA:677,0
DA:680,0
DA:682,0
DA:683,0
DA:685,0
DA:689,0
DA:690,0
DA:692,0
DA:695,0
DA:696,0
DA:700,0
DA:705,0
DA:706,0
DA:708,0
DA:710,0
DA:712,0
DA:713,0
DA:715,0
DA:718,0
DA:722,0
DA:724,0
DA:725,0
DA:728,0
DA:729,0
DA:732,0
DA:738,0
DA:740,0
DA:741,0
DA:743,0
DA:745,0
DA:747,0
DA:749,0
DA:751,0
DA:752,0
DA:756,0
DA:757,0
DA:759,0
DA:760,0
DA:761,0
DA:762,0
DA:763,0
DA:768,0
DA:769,0
DA:770,0
DA:771,0
DA:774,0
DA:777,0
DA:778,0
DA:781,0
DA:787,0
DA:789,0
DA:794,0
DA:796,0
DA:797,0
DA:798,0
DA:801,0
DA:804,0
DA:805,0
DA:806,0
DA:807,0
DA:809,0
DA:811,0
DA:812,0
DA:818,0
DA:821,0
DA:822,0
DA:824,0
DA:826,0
DA:827,0
DA:829,0
DA:831,0
DA:834,0
DA:835,0
DA:837,0
DA:840,0
DA:841,0
DA:844,0
DA:846,0
DA:847,0
DA:849,0
DA:851,0
DA:852,0
DA:853,0
DA:855,0
DA:856,0
DA:859,0
DA:863,0
DA:868,0
DA:870,0
DA:872,0
DA:874,0
DA:880,0
DA:883,0
DA:885,0
DA:886,0
DA:887,0
DA:889,0
DA:893,0
DA:895,0
DA:896,0
DA:897,0
DA:900,0
DA:901,0
DA:902,0
DA:905,0
DA:908,0
DA:909,0
DA:912,0
DA:916,0
DA:919,0
DA:923,0
DA:925,0
DA:928,0
DA:931,0
DA:932,0
DA:933,0
DA:935,0
DA:937,0
DA:938,0
DA:944,0
DA:950,0
DA:951,0
DA:953,0
DA:956,0
DA:957,0
DA:958,0
DA:960,0
DA:963,0
DA:965,0
DA:966,0
DA:968,0
DA:971,0
DA:972,0
DA:975,0
DA:977,0
DA:980,0
DA:982,0
DA:985,0
DA:987,0
DA:990,0
DA:992,0
DA:995,0
DA:997,0
DA:1000,0
DA:1002,0
DA:1005,0
DA:1007,0
DA:1010,0
DA:1012,0
DA:1015,0
DA:1017,0
DA:1020,0
DA:1022,0
DA:1025,0
DA:1027,0
DA:1029,0
DA:1030,0
DA:1031,0
DA:1032,0
DA:1033,0
DA:1034,0
DA:1035,0
DA:1036,0
DA:1037,0
DA:1038,0
DA:1039,0
DA:1040,0
DA:1041,0
DA:1042,0
DA:1043,0
DA:1046,0
DA:1047,0
DA:1048,0
DA:1049,0
DA:1050,0
DA:1051,0
DA:1052,0
DA:1053,0
DA:1054,0
DA:1055,0
DA:1056,0
DA:1058,0
DA:1061,0
DA:1063,0
DA:1066,0
LF:415
LH:0
end_of_record
SF:/usr/include/c++/7/bits/alloc_traits.h
FN:435,_ZNSt16allocator_traitsISaI11AsyncBufferIhEEE8allocateERS2_m
FN:461,_ZNSt16allocator_traitsISaI11AsyncBufferIhEEE10deallocateERS2_PS1_m
FN:495,_ZNSt16allocator_traitsISaI11AsyncBufferIhEEE8max_sizeERKS2_
FNDA:0,_ZNSt16allocator_traitsISaI11AsyncBufferIhEEE8allocateERS2_m
FNDA:0,_ZNSt16allocator_traitsISaI11AsyncBufferIhEEE10deallocateERS2_PS1_m
FNDA:0,_ZNSt16allocator_traitsISaI11AsyncBufferIhEEE8max_sizeERKS2_
FNF:3
FNH:0
DA:435,0
DA:436,0
DA:461,0
DA:462,0
DA:495,0
DA:496,0
LF:6
LH:0
end_of_record
SF:/usr/include/c++/7/bits/allocator.h
FN:131,_ZNSaI11AsyncBufferIhEEC2Ev
FN:139,_ZNSaI11AsyncBufferIhEED2Ev
FNDA:0,_ZNSaI11AsyncBufferIhEEC2Ev
FNDA:0,_ZNSaI11AsyncBufferIhEED2Ev
FNF:2
FNH:0
DA:131,0
DA:139,0
LF:2
LH:0
end_of_record
SF:/usr/include/c++/7/bits/basic_string.h
FN:139,_ZNSt7__cxx1112basic_stringIcSt11char_traitsIcESaIcEE12_Alloc_hiderD2Ev
FN:232,_ZNSt7__cxx1112basic_stringIcSt11char_traitsIcESaIcEE16_M_construct_auxIPcEEvT_S7_St12__false_type
FN:252,_ZNSt7__cxx1112basic_stringIcSt11char_traitsIcESaIcEE12_M_constructIPcEEvT_S7_
FN:604,_ZNSt7__cxx1112basic_stringIcSt11char_traitsIcESaIcEEC2IPcvEET_S7_RKS3_
FN:5953,_ZStplIcSt11char_traitsIcESaIcEENSt7__cxx1112basic_stringIT_T0_T1_EEOS8_S9_
FN:5977,_ZStplIcSt11char_traitsIcESaIcEENSt7__cxx1112basic_stringIT_T0_T1_EEOS8_PKS5_
FN:6402,_ZNSt7__cxx119to_stringEi
FNDA:0,_ZNSt7__cxx1112basic_stringIcSt11char_traitsIcESaIcEE12_Alloc_hiderD2Ev
FNDA:0,_ZNSt7__cxx1112basic_stringIcSt11char_traitsIcESaIcEE16_M_construct_auxIPcEEvT_S7_St12__false_type
FNDA:0,_ZNSt7__cxx1112basic_stringIcSt11char_traitsIcESaIcEE12_M_constructIPcEEvT_S7_
FNDA:0,_ZNSt7__cxx1112basic_stringIcSt11char_traitsIcESaIcEEC2IPcvEET_S7_RKS3_
FNDA:0,_ZStplIcSt11char_traitsIcESaIcEENSt7__cxx1112basic_stringIT_T0_T1_EEOS8_S9_
FNDA:0,_ZStplIcSt11char_traitsIcESaIcEENSt7__cxx1112basic_stringIT_T0_T1_EEOS8_PKS5_
FNDA:0,_ZNSt7__cxx119to_stringEi
FNF:7
FNH:0
DA:139,0
DA:232,0
DA:236,0
DA:237,0
DA:252,0
DA:255,0
DA:256,0
DA:604,0
DA:606,0
DA:607,0
DA:5953,0
DA:5956,0
DA:5957,0
DA:5958,0
DA:5959,0
DA:5960,0
DA:5977,0
DA:5979,0
DA:6402,0
DA:6404,0
LF:20
LH:0
end_of_record
SF:/usr/include/c++/7/bits/basic_string.tcc
FN:206,_ZNSt7__cxx1112basic_stringIcSt11char_traitsIcESaIcEE12_M_constructIPcEEvT_S7_St20forward_iterator_tag
FNDA:0,_ZNSt7__cxx1112basic_stringIcSt11char_traitsIcESaIcEE12_M_constructIPcEEvT_S7_St20forward_iterator_tag
FNF:1
FNH:0
DA:206,0
DA:211,0
DA:212,0
DA:215,0
DA:217,0
DA:219,0
DA:220,0
DA:225,0
DA:226,0
DA:228,0
DA:229,0
DA:232,0
DA:233,0
LF:13
LH:0
end_of_record
SF:/usr/include/c++/7/bits/exception.h
FN:63,_ZNSt9exceptionC2Ev
FNDA:0,_ZNSt9exceptionC2Ev
FNF:1
FNH:0
DA:63,0
LF:1
LH:0
end_of_record
SF:/usr/include/c++/7/bits/move.h
FN:47,_ZSt11__addressofI11AsyncBufferIhEEPT_RS2_
FN:73,_ZSt7forwardIRPSt6vectorI11AsyncBufferIhESaIS2_EEEOT_RNSt16remove_referenceIS7_E4typeE
FN:73,_ZSt7forwardI11AsyncBufferIhEEOT_RNSt16remove_referenceIS2_E4typeE
FN:73,_ZSt7forwardISt14default_deleteISt6vectorI11AsyncBufferIhESaIS3_EEEEOT_RNSt16remove_referenceIS7_E4typeE
FN:98,_ZSt4moveIRN4Napi9ReferenceINS0_6ObjectEEEEONSt16remove_referenceIT_E4typeEOS6_
FN:98,_ZSt4moveIRNSt7__cxx1112basic_stringIcSt11char_traitsIcESaIcEEEEONSt16remove_referenceIT_E4typeEOS8_
FN:98,_ZSt4moveIR11AsyncBufferIhEEONSt16remove_referenceIT_E4typeEOS4_
FN:98,_ZSt4moveIRN4Napi9ReferenceINS0_8FunctionEEEEONSt16remove_referenceIT_E4typeEOS6_
FN:98,_ZSt4moveIRPSt6vectorI11AsyncBufferIhESaIS2_EEEONSt16remove_referenceIT_E4typeEOS8_
FN:187,_ZSt4swapIPSt6vectorI11AsyncBufferIhESaIS2_EEENSt9enable_ifIXsrSt6__and_IJSt6__not_ISt15__is_tuple_likeIT_EESt21is_move_constructibleISA_ESt18is_move_assignableISA_EEE5valueEvE4typeERSA_SK_
FNDA:0,_ZSt11__addressofI11AsyncBufferIhEEPT_RS2_
FNDA:0,_ZSt7forwardIRPSt6vectorI11AsyncBufferIhESaIS2_EEEOT_RNSt16remove_referenceIS7_E4typeE
FNDA:0,_ZSt7forwardI11AsyncBufferIhEEOT_RNSt16remove_referenceIS2_E4typeE
FNDA:0,_ZSt7forwardISt14default_deleteISt6vectorI11AsyncBufferIhESaIS3_EEEEOT_RNSt16remove_referenceIS7_E4typeE
FNDA:0,_ZSt4moveIRN4Napi9ReferenceINS0_6ObjectEEEEONSt16remove_referenceIT_E4typeEOS6_
FNDA:0,_ZSt4moveIRNSt7__cxx1112basic_stringIcSt11char_traitsIcESaIcEEEEONSt16remove_referenceIT_E4typeEOS8_
FNDA:0,_ZSt4moveIR11AsyncBufferIhEEONSt16remove_referenceIT_E4typeEOS4_
FNDA:0,_ZSt4moveIRN4Napi9ReferenceINS0_8FunctionEEEEONSt16remove_referenceIT_E4typeEOS6_
FNDA:0,_ZSt4moveIRPSt6vectorI11AsyncBufferIhESaIS2_EEEONSt16remove_referenceIT_E4typeEOS8_
FNDA:0,_ZSt4swapIPSt6vectorI11AsyncBufferIhESaIS2_EEENSt9enable_ifIXsrSt6__and_IJSt6__not_ISt15__is_tuple_likeIT_EESt21is_move_constructibleISA_ESt18is_move_assignableISA_EEE5valueEvE4typeERSA_SK_
FNF:10
FNH:0
DA:47,0
DA:48,0
DA:73,0
DA:74,0
DA:98,0
DA:99,0
DA:187,0
DA:198,0
DA:199,0
DA:200,0
DA:201,0
LF:11
LH:0
end_of_record
SF:/usr/include/c++/7/bits/stl_algobase.h
FN:219,_ZSt3maxImERKT_S2_S2_
FNDA:0,_ZSt3maxImERKT_S2_S2_
FNF:1
FNH:0
DA:219,0
DA:224,0
DA:225,0
DA:226,0
LF:4
LH:0
end_of_record
SF:/usr/include/c++/7/bits/stl_construct.h
FN:74,_ZSt10_ConstructI11AsyncBufferIhEJS1_EEvPT_DpOT0_
FN:74,_ZSt10_ConstructI11AsyncBufferIhEJEEvPT_DpOT0_
FN:117,_ZNSt12_Destroy_auxILb1EE9__destroyIP11AsyncBufferIhEEEvT_S5_
FN:127,_ZSt8_DestroyIP11AsyncBufferIhEEvT_S3_
FN:203,_ZSt8_DestroyIP11AsyncBufferIhES1_EvT_S3_RSaIT0_E
FNDA:0,_ZSt10_ConstructI11AsyncBufferIhEJS1_EEvPT_DpOT0_
FNDA:0,_ZSt10_ConstructI11AsyncBufferIhEJEEvPT_DpOT0_
FNDA:0,_ZNSt12_Destroy_auxILb1EE9__destroyIP11AsyncBufferIhEEEvT_S5_
FNDA:0,_ZSt8_DestroyIP11AsyncBufferIhEEvT_S3_
FNDA:0,_ZSt8_DestroyIP11AsyncBufferIhES1_EvT_S3_RSaIT0_E
FNF:5
FNH:0
DA:74,0
DA:75,0
DA:117,0
DA:127,0
DA:137,0
DA:138,0
DA:203,0
DA:206,0
DA:207,0
LF:9
LH:0
end_of_record
SF:/usr/include/c++/7/bits/stl_iterator.h
FN:1036,_ZNSt13move_iteratorIP11AsyncBufferIhEEC2ES2_
FN:1045,_ZNKSt13move_iteratorIP11AsyncBufferIhEE4baseEv
FN:1049,_ZNKSt13move_iteratorIP11AsyncBufferIhEEdeEv
FN:1057,_ZNSt13move_iteratorIP11AsyncBufferIhEEppEv
FN:1124,_ZSteqIP11AsyncBufferIhEEbRKSt13move_iteratorIT_ES7_
FN:1136,_ZStneIP11AsyncBufferIhEEbRKSt13move_iteratorIT_ES7_
FN:1221,_ZSt32__make_move_if_noexcept_iteratorI11AsyncBufferIhESt13move_iteratorIPS1_EET0_PT_
FNDA:0,_ZNSt13move_iteratorIP11AsyncBufferIhEEC2ES2_
FNDA:0,_ZNKSt13move_iteratorIP11AsyncBufferIhEE4baseEv
FNDA:0,_ZNKSt13move_iteratorIP11AsyncBufferIhEEdeEv
FNDA:0,_ZNSt13move_iteratorIP11AsyncBufferIhEEppEv
FNDA:0,_ZSteqIP11AsyncBufferIhEEbRKSt13move_iteratorIT_ES7_
FNDA:0,_ZStneIP11AsyncBufferIhEEbRKSt13move_iteratorIT_ES7_
FNDA:0,_ZSt32__make_move_if_noexcept_iteratorI11AsyncBufferIhESt13move_iteratorIPS1_EET0_PT_
FNF:7
FNH:0
DA:1036,0
DA:1037,0
DA:1045,0
DA:1046,0
DA:1049,0
DA:1050,0
DA:1057,0
DA:1059,0
DA:1060,0
DA:1124,0
DA:1126,0
DA:1136,0
DA:1138,0
DA:1221,0
DA:1222,0
LF:15
LH:0
end_of_record
SF:/usr/include/c++/7/bits/stl_iterator_base_funcs.h
FN:98,_ZSt10__distanceIPcENSt15iterator_traitsIT_E15difference_typeES2_S2_St26random_access_iterator_tag
FN:138,_ZSt8distanceIPcENSt15iterator_traitsIT_E15difference_typeES2_S2_
FNDA:0,_ZSt10__distanceIPcENSt15iterator_traitsIT_E15difference_typeES2_S2_St26random_access_iterator_tag
FNDA:0,_ZSt8distanceIPcENSt15iterator_traitsIT_E15difference_typeES2_S2_
FNF:2
FNH:0
DA:98,0
DA:104,0
DA:138,0
DA:141,0
DA:142,0
LF:5
LH:0
end_of_record
SF:/usr/include/c++/7/bits/stl_iterator_base_types.h
FN:205,_ZSt19__iterator_categoryIPcENSt15iterator_traitsIT_E17iterator_categoryERKS2_
FNDA:0,_ZSt19__iterator_categoryIPcENSt15iterator_traitsIT_E17iterator_categoryERKS2_
FNF:1
FNH:0
DA:205,0
DA:206,0
LF:2
LH:0
end_of_record
SF:/usr/include/c++/7/bits/stl_uninitialized.h
FN:76,_ZNSt20__uninitialized_copyILb0EE13__uninit_copyISt13move_iteratorIP11AsyncBufferIhEES5_EET0_T_S8_S7_
FN:115,_ZSt18uninitialized_copyISt13move_iteratorIP11AsyncBufferIhEES3_ET0_T_S6_S5_
FN:287,_ZSt22__uninitialized_copy_aISt13move_iteratorIP11AsyncBufferIhEES3_S2_ET0_T_S6_S5_RSaIT1_E
FN:305,_ZSt34__uninitialized_move_if_noexcept_aIP11AsyncBufferIhES2_SaIS1_EET0_T_S5_S4_RT1_
FN:521,_ZNSt27__uninitialized_default_n_1ILb0EE18__uninit_default_nIP11AsyncBufferIhEmEET_S5_T0_
FN:574,_ZSt25__uninitialized_default_nIP11AsyncBufferIhEmET_S3_T0_
FN:643,_ZSt27__uninitialized_default_n_aIP11AsyncBufferIhEmS1_ET_S3_T0_RSaIT1_E
FNDA:0,_ZNSt20__uninitialized_copyILb0EE13__uninit_copyISt13move_iteratorIP11AsyncBufferIhEES5_EET0_T_S8_S7_
FNDA:0,_ZSt18uninitialized_copyISt13move_iteratorIP11AsyncBufferIhEES3_ET0_T_S6_S5_
FNDA:0,_ZSt22__uninitialized_copy_aISt13move_iteratorIP11AsyncBufferIhEES3_S2_ET0_T_S6_S5_RSaIT1_E
FNDA:0,_ZSt34__uninitialized_move_if_noexcept_aIP11AsyncBufferIhES2_SaIS1_EET0_T_S5_S4_RT1_
FNDA:0,_ZNSt27__uninitialized_default_n_1ILb0EE18__uninit_default_nIP11AsyncBufferIhEmEET_S5_T0_
FNDA:0,_ZSt25__uninitialized_default_nIP11AsyncBufferIhEmET_S3_T0_
FNDA:0,_ZSt27__uninitialized_default_n_aIP11AsyncBufferIhEmS1_ET_S3_T0_RSaIT1_E
FNF:7
FNH:0
DA:76,0
DA:79,0
DA:82,0
DA:83,0
DA:84,0
DA:86,0
DA:88,0
DA:89,0
DA:115,0
DA:128,0
DA:134,0
DA:287,0
DA:289,0
DA:305,0
DA:311,0
DA:312,0
DA:521,0
DA:523,0
DA:526,0
DA:527,0
DA:528,0
DA:574,0
DA:579,0
DA:583,0
DA:643,0
DA:645,0
LF:26
LH:0
end_of_record
SF:/usr/include/c++/7/bits/stl_vector.h
FN:81,_ZNSt12_Vector_baseI11AsyncBufferIhESaIS1_EE12_Vector_implD2Ev
FN:88,_ZNSt12_Vector_baseI11AsyncBufferIhESaIS1_EE12_Vector_implC2Ev
FN:115,_ZNSt12_Vector_baseI11AsyncBufferIhESaIS1_EE19_M_get_Tp_allocatorEv
FN:119,_ZNKSt12_Vector_baseI11AsyncBufferIhESaIS1_EE19_M_get_Tp_allocatorEv
FN:126,_ZNSt12_Vector_baseI11AsyncBufferIhESaIS1_EEC2Ev
FN:161,_ZNSt12_Vector_baseI11AsyncBufferIhESaIS1_EED2Ev
FN:169,_ZNSt12_Vector_baseI11AsyncBufferIhESaIS1_EE11_M_allocateEm
FN:176,_ZNSt12_Vector_baseI11AsyncBufferIhESaIS1_EE13_M_deallocateEPS1_m
FN:259,_ZNSt6vectorI11AsyncBufferIhESaIS1_EEC2Ev
FN:433,_ZNSt6vectorI11AsyncBufferIhESaIS1_EED2Ev
FN:670,_ZNKSt6vectorI11AsyncBufferIhESaIS1_EE4sizeEv
FN:675,_ZNKSt6vectorI11AsyncBufferIhESaIS1_EE8max_sizeEv
FN:689,_ZNSt6vectorI11AsyncBufferIhESaIS1_EE6resizeEm
FN:795,_ZNSt6vectorI11AsyncBufferIhESaIS1_EEixEm
FN:1497,_ZNKSt6vectorI11AsyncBufferIhESaIS1_EE12_M_check_lenEmPKc
FN:1511,_ZNSt6vectorI11AsyncBufferIhESaIS1_EE15_M_erase_at_endEPS1_
FNDA:0,_ZNSt12_Vector_baseI11AsyncBufferIhESaIS1_EE12_Vector_implD2Ev
FNDA:0,_ZNSt12_Vector_baseI11AsyncBufferIhESaIS1_EE12_Vector_implC2Ev
FNDA:0,_ZNSt12_Vector_baseI11AsyncBufferIhESaIS1_EE19_M_get_Tp_allocatorEv
FNDA:0,_ZNKSt12_Vector_baseI11AsyncBufferIhESaIS1_EE19_M_get_Tp_allocatorEv
FNDA:0,_ZNSt12_Vector_baseI11AsyncBufferIhESaIS1_EEC2Ev
FNDA:0,_ZNSt12_Vector_baseI11AsyncBufferIhESaIS1_EED2Ev
FNDA:0,_ZNSt12_Vector_baseI11AsyncBufferIhESaIS1_EE11_M_allocateEm
FNDA:0,_ZNSt12_Vector_baseI11AsyncBufferIhESaIS1_EE13_M_deallocateEPS1_m
FNDA:0,_ZNSt6vectorI11AsyncBufferIhESaIS1_EEC2Ev
FNDA:0,_ZNSt6vectorI11AsyncBufferIhESaIS1_EED2Ev
FNDA:0,_ZNKSt6vectorI11AsyncBufferIhESaIS1_EE4sizeEv
FNDA:0,_ZNKSt6vectorI11AsyncBufferIhESaIS1_EE8max_sizeEv
FNDA:0,_ZNSt6vectorI11AsyncBufferIhESaIS1_EE6resizeEm
FNDA:0,_ZNSt6vectorI11AsyncBufferIhESaIS1_EEixEm
FNDA:0,_ZNKSt6vectorI11AsyncBufferIhESaIS1_EE12_M_check_lenEmPKc
FNDA:0,_ZNSt6vectorI11AsyncBufferIhESaIS1_EE15_M_erase_at_endEPS1_
FNF:16
FNH:0
DA:81,0
DA:88,0
DA:89,0
DA:90,0
DA:115,0
DA:116,0
DA:119,0
DA:120,0
DA:126,0
DA:127,0
DA:161,0
DA:162,0
DA:163,0
DA:169,0
DA:172,0
DA:176,0
DA:179,0
DA:180,0
DA:181,0
DA:259,0
DA:263,0
DA:433,0
DA:434,0
DA:435,0
DA:670,0
DA:671,0
DA:675,0
DA:676,0
DA:689,0
DA:691,0
DA:692,0
DA:693,0
DA:694,0
DA:695,0
DA:795,0
DA:798,0
DA:1497,0
DA:1499,0
DA:1500,0
DA:1502,0
DA:1503,0
DA:1511,0
DA:1513,0
DA:1514,0
DA:1515,0
LF:45
LH:0
end_of_record
SF:/usr/include/c++/7/bits/unique_ptr.h
FN:72,_ZNKSt14default_deleteISt6vectorI11AsyncBufferIhESaIS2_EEEclEPS4_
FN:140,_ZNSt15__uniq_ptr_implISt6vectorI11AsyncBufferIhESaIS2_EESt14default_deleteIS4_EEC2EPS4_
FN:140,_ZNSt15__uniq_ptr_implIi7CloseFDEC2EPi
FN:143,_ZNSt15__uniq_ptr_implISt6vectorI11AsyncBufferIhESaIS2_EESt14default_deleteIS4_EEC2IS6_EEPS4_OT_
FN:146,_ZNSt15__uniq_ptr_implISt6vectorI11AsyncBufferIhESaIS2_EESt14default_deleteIS4_EE6_M_ptrEv
FN:146,_ZNSt15__uniq_ptr_implIi7CloseFDE6_M_ptrEv
FN:147,_ZNKSt15__uniq_ptr_implISt6vectorI11AsyncBufferIhESaIS2_EESt14default_deleteIS4_EE6_M_ptrEv
FN:147,_ZNKSt15__uniq_ptr_implIi7CloseFDE6_M_ptrEv
FN:148,_ZNSt15__uniq_ptr_implISt6vectorI11AsyncBufferIhESaIS2_EESt14default_deleteIS4_EE10_M_deleterEv
FN:148,_ZNSt15__uniq_ptr_implIi7CloseFDE10_M_deleterEv
FN:201,_ZNSt10unique_ptrIi7CloseFDEC2IS0_vEEPi
FN:201,_ZNSt10unique_ptrISt6vectorI11AsyncBufferIhESaIS2_EESt14default_deleteIS4_EEC2IS6_vEEPS4_
FN:238,_ZNSt10unique_ptrISt6vectorI11AsyncBufferIhESaIS2_EESt14default_deleteIS4_EEC2EOS7_
FN:264,_ZNSt10unique_ptrISt6vectorI11AsyncBufferIhESaIS2_EESt14default_deleteIS4_EED2Ev
FN:264,_ZNSt10unique_ptrIi7CloseFDED2Ev
FN:281,_ZNSt10unique_ptrISt6vectorI11AsyncBufferIhESaIS2_EESt14default_deleteIS4_EEaSEOS7_
FN:320,_ZNKSt10unique_ptrIi7CloseFDEdeEv
FN:320,_ZNKSt10unique_ptrISt6vectorI11AsyncBufferIhESaIS2_EESt14default_deleteIS4_EEdeEv
FN:328,_ZNKSt10unique_ptrISt6vectorI11AsyncBufferIhESaIS2_EESt14default_deleteIS4_EEptEv
FN:336,_ZNKSt10unique_ptrISt6vectorI11AsyncBufferIhESaIS2_EESt14default_deleteIS4_EE3getEv
FN:336,_ZNKSt10unique_ptrIi7CloseFDE3getEv
FN:341,_ZNSt10unique_ptrISt6vectorI11AsyncBufferIhESaIS2_EESt14default_deleteIS4_EE11get_deleterEv
FN:341,_ZNSt10unique_ptrIi7CloseFDE11get_deleterEv
FN:357,_ZNSt10unique_ptrISt6vectorI11AsyncBufferIhESaIS2_EESt14default_deleteIS4_EE7releaseEv
FN:371,_ZNSt10unique_ptrISt6vectorI11AsyncBufferIhESaIS2_EESt14default_deleteIS4_EE5resetEPS4_
FN:824,_ZSt11make_uniqueISt6vectorI11AsyncBufferIhESaIS2_EEJEENSt9_MakeUniqIT_E15__single_objectEDpOT0_
FNDA:0,_ZNKSt14default_deleteISt6vectorI11AsyncBufferIhESaIS2_EEEclEPS4_
FNDA:0,_ZNSt15__uniq_ptr_implISt6vectorI11AsyncBufferIhESaIS2_EESt14default_deleteIS4_EEC2EPS4_
FNDA:0,_ZNSt15__uniq_ptr_implIi7CloseFDEC2EPi
FNDA:0,_ZNSt15__uniq_ptr_implISt6vectorI11AsyncBufferIhESaIS2_EESt14default_deleteIS4_EEC2IS6_EEPS4_OT_
FNDA:0,_ZNSt15__uniq_ptr_implISt6vectorI11AsyncBufferIhESaIS2_EESt14default_deleteIS4_EE6_M_ptrEv
FNDA:0,_ZNSt15__uniq_ptr_implIi7CloseFDE6_M_ptrEv
FNDA:0,_ZNKSt15__uniq_ptr_implISt6vectorI11AsyncBufferIhESaIS2_EESt14default_deleteIS4_EE6_M_ptrEv
FNDA:0,_ZNKSt15__uniq_ptr_implIi7CloseFDE6_M_ptrEv
FNDA:0,_ZNSt15__uniq_ptr_implISt6vectorI11AsyncBufferIhESaIS2_EESt14default_deleteIS4_EE10_M_deleterEv
FNDA:0,_ZNSt15__uniq_ptr_implIi7CloseFDE10_M_deleterEv
FNDA:0,_ZNSt10unique_ptrIi7CloseFDEC2IS0_vEEPi
FNDA:0,_ZNSt10unique_ptrISt6vectorI11AsyncBufferIhESaIS2_EESt14default_deleteIS4_EEC2IS6_vEEPS4_
FNDA:0,_ZNSt10unique_ptrISt6vectorI11AsyncBufferIhESaIS2_EESt14default_deleteIS4_EEC2EOS7_
FNDA:0,_ZNSt10unique_ptrISt6vectorI11AsyncBufferIhESaIS2_EESt14default_deleteIS4_EED2Ev
FNDA:0,_ZNSt10unique_ptrIi7CloseFDED2Ev
FNDA:0,_ZNSt10unique_ptrISt6vectorI11AsyncBufferIhESaIS2_EESt14default_deleteIS4_EEaSEOS7_
FNDA:0,_ZNKSt10unique_ptrIi7CloseFDEdeEv
FNDA:0,_ZNKSt10unique_ptrISt6vectorI11AsyncBufferIhESaIS2_EESt14default_deleteIS4_EEdeEv
FNDA:0,_ZNKSt10unique_ptrISt6vectorI11AsyncBufferIhESaIS2_EESt14default_deleteIS4_EEptEv
FNDA:0,_ZNKSt10unique_ptrISt6vectorI11AsyncBufferIhESaIS2_EESt14default_deleteIS4_EE3getEv
FNDA:0,_ZNKSt10unique_ptrIi7CloseFDE3getEv
FNDA:0,_ZNSt10unique_ptrISt6vectorI11AsyncBufferIhESaIS2_EESt14default_deleteIS4_EE11get_deleterEv
FNDA:0,_ZNSt10unique_ptrIi7CloseFDE11get_deleterEv
FNDA:0,_ZNSt10unique_ptrISt6vectorI11AsyncBufferIhESaIS2_EESt14default_deleteIS4_EE7releaseEv
FNDA:0,_ZNSt10unique_ptrISt6vectorI11AsyncBufferIhESaIS2_EESt14default_deleteIS4_EE5resetEPS4_
FNDA:0,_ZSt11make_uniqueISt6vectorI11AsyncBufferIhESaIS2_EEJEENSt9_MakeUniqIT_E15__single_objectEDpOT0_
FNF:26
FNH:0
DA:72,0
DA:78,0
DA:79,0
DA:140,0
DA:143,0
DA:144,0
DA:146,0
DA:147,0
DA:148,0
DA:201,0
DA:202,0
DA:203,0
DA:238,0
DA:239,0
DA:264,0
DA:266,0
DA:267,0
DA:268,0
DA:269,0
DA:270,0
DA:281,0
DA:283,0
DA:284,0
DA:285,0
DA:320,0
DA:323,0
DA:328,0
DA:331,0
DA:336,0
DA:337,0
DA:341,0
DA:342,0
DA:357,0
DA:359,0
DA:360,0
DA:361,0
DA:371,0
DA:374,0
DA:375,0
DA:376,0
DA:377,0
DA:824,0
DA:825,0
LF:43
LH:0
end_of_record
SF:/usr/include/c++/7/bits/vector.tcc
FN:554,_ZNSt6vectorI11AsyncBufferIhESaIS1_EE17_M_default_appendEm
FNDA:0,_ZNSt6vectorI11AsyncBufferIhESaIS1_EE17_M_default_appendEm
FNF:1
FNH:0
DA:554,0
DA:557,0
DA:559,0
DA:560,0
DA:562,0
DA:563,0
DA:564,0
DA:568,0
DA:570,0
DA:571,0
DA:572,0
DA:575,0
DA:577,0
DA:578,0
DA:579,0
DA:581,0
DA:583,0
DA:585,0
DA:586,0
DA:587,0
DA:588,0
DA:590,0
DA:591,0
DA:592,0
DA:593,0
DA:594,0
DA:595,0
DA:596,0
DA:597,0
DA:600,0
LF:30
LH:0
end_of_record
SF:/usr/include/c++/7/ext/new_allocator.h
FN:79,_ZN9__gnu_cxx13new_allocatorI11AsyncBufferIhEEC2Ev
FN:86,_ZN9__gnu_cxx13new_allocatorI11AsyncBufferIhEED2Ev
FN:99,_ZN9__gnu_cxx13new_allocatorI11AsyncBufferIhEE8allocateEmPKv
FN:116,_ZN9__gnu_cxx13new_allocatorI11AsyncBufferIhEE10deallocateEPS2_m
FN:129,_ZNK9__gnu_cxx13new_allocatorI11AsyncBufferIhEE8max_sizeEv
FNDA:0,_ZN9__gnu_cxx13new_allocatorI11AsyncBufferIhEEC2Ev
FNDA:0,_ZN9__gnu_cxx13new_allocatorI11AsyncBufferIhEED2Ev
FNDA:0,_ZN9__gnu_cxx13new_allocatorI11AsyncBufferIhEE8allocateEmPKv
FNDA:0,_ZN9__gnu_cxx13new_allocatorI11AsyncBufferIhEE10deallocateEPS2_m
FNDA:0,_ZNK9__gnu_cxx13new_allocatorI11AsyncBufferIhEE8max_sizeEv
FNF:5
FNH:0
DA:79,0
DA:86,0
DA:99,0
DA:101,0
DA:102,0
DA:111,0
DA:116,0
DA:125,0
DA:126,0
DA:129,0
DA:130,0
LF:11
LH:0
end_of_record
SF:/usr/include/c++/7/ext/string_conversions.h
FN:99,_ZN9__gnu_cxx12__to_xstringINSt7__cxx1112basic_stringIcSt11char_traitsIcESaIcEEEcEET_PFiPT0_mPKS8_P13__va_list_tagEmSB_z
FNDA:0,_ZN9__gnu_cxx12__to_xstringINSt7__cxx1112basic_stringIcSt11char_traitsIcESaIcEEEcEET_PFiPT0_mPKS8_P13__va_list_tagEmSB_z
FNF:1
FNH:0
DA:99,0
DA:105,0
DA:109,0
DA:111,0
DA:113,0
DA:115,0
LF:6
LH:0
end_of_record
SF:/usr/include/c++/7/ext/type_traits.h
FN:152,_ZN9__gnu_cxx17__is_null_pointerIcEEbPT_
FNDA:0,_ZN9__gnu_cxx17__is_null_pointerIcEEbPT_
FNF:1
FNH:0
DA:152,0
DA:153,0
LF:2
LH:0
end_of_record
SF:/usr/include/c++/7/initializer_list
FN:66,_ZNSt16initializer_listIP12napi_value__EC1Ev
FN:71,_ZNKSt16initializer_listIP12napi_value__E4sizeEv
FN:71,_ZNKSt16initializer_listIN4Napi23ClassPropertyDescriptorI9DisruptorEEE4sizeEv
FN:75,_ZNKSt16initializer_listIP12napi_value__E5beginEv
FN:75,_ZNKSt16initializer_listIN4Napi23ClassPropertyDescriptorI9DisruptorEEE5beginEv
FNDA:0,_ZNSt16initializer_listIP12napi_value__EC1Ev
FNDA:0,_ZNKSt16initializer_listIP12napi_value__E4sizeEv
FNDA:0,_ZNKSt16initializer_listIN4Napi23ClassPropertyDescriptorI9DisruptorEEE4sizeEv
FNDA:0,_ZNKSt16initializer_listIP12napi_value__E5beginEv
FNDA:0,_ZNKSt16initializer_listIN4Napi23ClassPropertyDescriptorI9DisruptorEEE5beginEv
FNF:5
FNH:0
DA:66,0
DA:67,0
DA:71,0
DA:75,0
LF:4
LH:0
end_of_record
SF:/usr/include/c++/7/new
FN:168,_ZnwmPv
FNDA:0,_ZnwmPv
FNF:1
FNH:0
DA:168,0
DA:169,0
LF:2
LH:0
end_of_record
SF:/usr/include/c++/7/tuple
FN:76,_ZNSt10_Head_baseILm1E7CloseFDLb1EEC2Ev
FN:76,_ZNSt10_Head_baseILm1ESt14default_deleteISt6vectorI11AsyncBufferIhESaIS3_EEELb1EEC2Ev
FN:86,_ZNSt10_Head_baseILm1ESt14default_deleteISt6vectorI11AsyncBufferIhESaIS3_EEELb1EEC2IS6_EEOT_
FN:113,_ZNSt10_Head_baseILm1ESt14default_deleteISt6vectorI11AsyncBufferIhESaIS3_EEELb1EE7_M_headERS7_
FN:113,_ZNSt10_Head_baseILm1E7CloseFDLb1EE7_M_headERS1_
FN:122,_ZNSt10_Head_baseILm0EPSt6vectorI11AsyncBufferIhESaIS2_EELb0EEC2Ev
FN:122,_ZNSt10_Head_baseILm0EPiLb0EEC2Ev
FN:132,_ZNSt10_Head_baseILm0EPSt6vectorI11AsyncBufferIhESaIS2_EELb0EEC2IRS5_EEOT_
FN:160,_ZNSt10_Head_baseILm0EPiLb0EE7_M_headERS1_
FN:160,_ZNSt10_Head_baseILm0EPSt6vectorI11AsyncBufferIhESaIS2_EELb0EE7_M_headERS6_
FN:163,_ZNSt10_Head_baseILm0EPSt6vectorI11AsyncBufferIhESaIS2_EELb0EE7_M_headERKS6_
FN:163,_ZNSt10_Head_baseILm0EPiLb0EE7_M_headERKS1_
FN:195,_ZNSt11_Tuple_implILm0EJPi7CloseFDEE7_M_headERS2_
FN:195,_ZNSt11_Tuple_implILm0EJPSt6vectorI11AsyncBufferIhESaIS2_EESt14default_deleteIS4_EEE7_M_headERS8_
FN:198,_ZNSt11_Tuple_implILm0EJPSt6vectorI11AsyncBufferIhESaIS2_EESt14default_deleteIS4_EEE7_M_headERKS8_
FN:198,_ZNSt11_Tuple_implILm0EJPi7CloseFDEE7_M_headERKS2_
FN:206,_ZNSt11_Tuple_implILm0EJPSt6vectorI11AsyncBufferIhESaIS2_EESt14default_deleteIS4_EEEC2Ev
FN:206,_ZNSt11_Tuple_implILm0EJPi7CloseFDEEC2Ev
FN:216,_ZNSt11_Tuple_implILm0EJPSt6vectorI11AsyncBufferIhESaIS2_EESt14default_deleteIS4_EEEC2IRS5_JS7_EvEEOT_DpOT0_
FN:351,_ZNSt11_Tuple_implILm1EJ7CloseFDEE7_M_headERS1_
FN:351,_ZNSt11_Tuple_implILm1EJSt14default_deleteISt6vectorI11AsyncBufferIhESaIS3_EEEEE7_M_headERS7_
FN:356,_ZNSt11_Tuple_implILm1EJSt14default_deleteISt6vectorI11AsyncBufferIhESaIS3_EEEEEC2Ev
FN:356,_ZNSt11_Tuple_implILm1EJ7CloseFDEEC2Ev
FN:365,_ZNSt11_Tuple_implILm1EJSt14default_deleteISt6vectorI11AsyncBufferIhESaIS3_EEEEEC2IS6_EEOT_
FN:919,_ZNSt5tupleIJPi7CloseFDEEC2IS0_S1_Lb1EEEv
FN:919,_ZNSt5tupleIJPSt6vectorI11AsyncBufferIhESaIS2_EESt14default_deleteIS4_EEEC2IS5_S7_Lb1EEEv
FN:971,_ZNSt5tupleIJPSt6vectorI11AsyncBufferIhESaIS2_EESt14default_deleteIS4_EEEC2IRS5_S7_Lb1EEEOT_OT0_
FN:1303,_ZSt12__get_helperILm0EPiJ7CloseFDEERT0_RSt11_Tuple_implIXT_EJS2_DpT1_EE
FN:1303,_ZSt12__get_helperILm1E7CloseFDJEERT0_RSt11_Tuple_implIXT_EJS1_DpT1_EE
FN:1303,_ZSt12__get_helperILm1ESt14default_deleteISt6vectorI11AsyncBufferIhESaIS3_EEEJEERT0_RSt11_Tuple_implIXT_EJS7_DpT1_EE
FN:1303,_ZSt12__get_helperILm0EPSt6vectorI11AsyncBufferIhESaIS2_EEJSt14default_deleteIS4_EEERT0_RSt11_Tuple_implIXT_EJS8_DpT1_EE
FN:1308,_ZSt12__get_helperILm0EPiJ7CloseFDEERKT0_RKSt11_Tuple_implIXT_EJS2_DpT1_EE
FN:1308,_ZSt12__get_helperILm0EPSt6vectorI11AsyncBufferIhESaIS2_EEJSt14default_deleteIS4_EEERKT0_RKSt11_Tuple_implIXT_EJS8_DpT1_EE
FN:1314,_ZSt3getILm0EJPi7CloseFDEERNSt13tuple_elementIXT_ESt5tupleIJDpT0_EEE4typeERS6_
FN:1314,_ZSt3getILm0EJPSt6vectorI11AsyncBufferIhESaIS2_EESt14default_deleteIS4_EEERNSt13tuple_elementIXT_ESt5tupleIJDpT0_EEE4typeERSC_
FN:1314,_ZSt3getILm1EJPSt6vectorI11AsyncBufferIhESaIS2_EESt14default_deleteIS4_EEERNSt13tuple_elementIXT_ESt5tupleIJDpT0_EEE4typeERSC_
FN:1314,_ZSt3getILm1EJPi7CloseFDEERNSt13tuple_elementIXT_ESt5tupleIJDpT0_EEE4typeERS6_
FN:1320,_ZSt3getILm0EJPSt6vectorI11AsyncBufferIhESaIS2_EESt14default_deleteIS4_EEERKNSt13tuple_elementIXT_ESt5tupleIJDpT0_EEE4typeERKSC_
FN:1320,_ZSt3getILm0EJPi7CloseFDEERKNSt13tuple_elementIXT_ESt5tupleIJDpT0_EEE4typeERKS6_
FNDA:0,_ZNSt10_Head_baseILm1E7CloseFDLb1EEC2Ev
FNDA:0,_ZNSt10_Head_baseILm1ESt14default_deleteISt6vectorI11AsyncBufferIhESaIS3_EEELb1EEC2Ev
FNDA:0,_ZNSt10_Head_baseILm1ESt14default_deleteISt6vectorI11AsyncBufferIhESaIS3_EEELb1EEC2IS6_EEOT_
FNDA:0,_ZNSt10_Head_baseILm1ESt14default_deleteISt6vectorI11AsyncBufferIhESaIS3_EEELb1EE7_M_headERS7_
FNDA:0,_ZNSt10_Head_baseILm1E7CloseFDLb1EE7_M_headERS1_
FNDA:0,_ZNSt10_Head_baseILm0EPSt6vectorI11AsyncBufferIhESaIS2_EELb0EEC2Ev
FNDA:0,_ZNSt10_Head_baseILm0EPiLb0EEC2Ev
FNDA:0,_ZNSt10_Head_baseILm0EPSt6vectorI11AsyncBufferIhESaIS2_EELb0EEC2IRS5_EEOT_
FNDA:0,_ZNSt10_Head_baseILm0EPiLb0EE7_M_headERS1_
FNDA:0,_ZNSt10_Head_baseILm0EPSt6vectorI11AsyncBufferIhESaIS2_EELb0EE7_M_headERS6_
FNDA:0,_ZNSt10_Head_baseILm0EPSt6vectorI11AsyncBufferIhESaIS2_EELb0EE7_M_headERKS6_
FNDA:0,_ZNSt10_Head_baseILm0EPiLb0EE7_M_headERKS1_
FNDA:0,_ZNSt11_Tuple_implILm0EJPi7CloseFDEE7_M_headERS2_
FNDA:0,_ZNSt11_Tuple_implILm0EJPSt6vectorI11AsyncBufferIhESaIS2_EESt14default_deleteIS4_EEE7_M_headERS8_
FNDA:0,_ZNSt11_Tuple_implILm0EJPSt6vectorI11AsyncBufferIhESaIS2_EESt14default_deleteIS4_EEE7_M_headERKS8_
FNDA:0,_ZNSt11_Tuple_implILm0EJPi7CloseFDEE7_M_headERKS2_
FNDA:0,_ZNSt11_Tuple_implILm0EJPSt6vectorI11AsyncBufferIhESaIS2_EESt14default_deleteIS4_EEEC2Ev
FNDA:0,_ZNSt11_Tuple_implILm0EJPi7CloseFDEEC2Ev
FNDA:0,_ZNSt11_Tuple_implILm0EJPSt6vectorI11AsyncBufferIhESaIS2_EESt14default_deleteIS4_EEEC2IRS5_JS7_EvEEOT_DpOT0_
FNDA:0,_ZNSt11_Tuple_implILm1EJ7CloseFDEE7_M_headERS1_
FNDA:0,_ZNSt11_Tuple_implILm1EJSt14default_deleteISt6vectorI11AsyncBufferIhESaIS3_EEEEE7_M_headERS7_
FNDA:0,_ZNSt11_Tuple_implILm1EJSt14default_deleteISt6vectorI11AsyncBufferIhESaIS3_EEEEEC2Ev
FNDA:0,_ZNSt11_Tuple_implILm1EJ7CloseFDEEC2Ev
FNDA:0,_ZNSt11_Tuple_implILm1EJSt14default_deleteISt6vectorI11AsyncBufferIhESaIS3_EEEEEC2IS6_EEOT_
FNDA:0,_ZNSt5tupleIJPi7CloseFDEEC2IS0_S1_Lb1EEEv
FNDA:0,_ZNSt5tupleIJPSt6vectorI11AsyncBufferIhESaIS2_EESt14default_deleteIS4_EEEC2IS5_S7_Lb1EEEv
FNDA:0,_ZNSt5tupleIJPSt6vectorI11AsyncBufferIhESaIS2_EESt14default_deleteIS4_EEEC2IRS5_S7_Lb1EEEOT_OT0_
FNDA:0,_ZSt12__get_helperILm0EPiJ7CloseFDEERT0_RSt11_Tuple_implIXT_EJS2_DpT1_EE
FNDA:0,_ZSt12__get_helperILm1E7CloseFDJEERT0_RSt11_Tuple_implIXT_EJS1_DpT1_EE
FNDA:0,_ZSt12__get_helperILm1ESt14default_deleteISt6vectorI11AsyncBufferIhESaIS3_EEEJEERT0_RSt11_Tuple_implIXT_EJS7_DpT1_EE
FNDA:0,_ZSt12__get_helperILm0EPSt6vectorI11AsyncBufferIhESaIS2_EEJSt14default_deleteIS4_EEERT0_RSt11_Tuple_implIXT_EJS8_DpT1_EE
FNDA:0,_ZSt12__get_helperILm0EPiJ7CloseFDEERKT0_RKSt11_Tuple_implIXT_EJS2_DpT1_EE
FNDA:0,_ZSt12__get_helperILm0EPSt6vectorI11AsyncBufferIhESaIS2_EEJSt14default_deleteIS4_EEERKT0_RKSt11_Tuple_implIXT_EJS8_DpT1_EE
FNDA:0,_ZSt3getILm0EJPi7CloseFDEERNSt13tuple_elementIXT_ESt5tupleIJDpT0_EEE4typeERS6_
FNDA:0,_ZSt3getILm0EJPSt6vectorI11AsyncBufferIhESaIS2_EESt14default_deleteIS4_EEERNSt13tuple_elementIXT_ESt5tupleIJDpT0_EEE4typeERSC_
FNDA:0,_ZSt3getILm1EJPSt6vectorI11AsyncBufferIhESaIS2_EESt14default_deleteIS4_EEERNSt13tuple_elementIXT_ESt5tupleIJDpT0_EEE4typeERSC_
FNDA:0,_ZSt3getILm1EJPi7CloseFDEERNSt13tuple_elementIXT_ESt5tupleIJDpT0_EEE4typeERS6_
FNDA:0,_ZSt3getILm0EJPSt6vectorI11AsyncBufferIhESaIS2_EESt14default_deleteIS4_EEERKNSt13tuple_elementIXT_ESt5tupleIJDpT0_EEE4typeERKSC_
FNDA:0,_ZSt3getILm0EJPi7CloseFDEERKNSt13tuple_elementIXT_ESt5tupleIJDpT0_EEE4typeERKS6_
FNF:39
FNH:0
DA:76,0
DA:77,0
DA:86,0
DA:87,0
DA:113,0
DA:122,0
DA:123,0
DA:132,0
DA:133,0
DA:160,0
DA:163,0
DA:195,0
DA:198,0
DA:206,0
DA:207,0
DA:216,0
DA:218,0
DA:351,0
DA:356,0
DA:357,0
DA:365,0
DA:366,0
DA:919,0
DA:920,0
DA:971,0
DA:972,0
DA:1303,0
DA:1304,0
DA:1308,0
DA:1309,0
DA:1314,0
DA:1315,0
DA:1320,0
DA:1321,0
LF:34
LH:0
end_of_record
