TN:
SF:/home/david/shared-memory-disruptor/src/disruptor.cc
FN:52,_ZN9Disruptor4SpinEv
FN:160,_Z11GetCallbackRKN4Napi12CallbackInfoEj
FN:179,_ZN10SyncBuffer3NewEN4Napi3EnvEP9Disruptormm
FN:198,_ZN11AsyncBufferC2Ev
FN:202,_ZN11AsyncBuffer3NewEN4Napi3EnvEP9Disruptormm
FN:207,_ZN11AsyncBuffer7ToValueEN4Napi3EnvEP9Disruptor
FN:212,_ZN11AsyncBuffer6LengthEv
FN:218,_ZN11AsyncBufferC2Emmj
FN:234,_ZN10AsyncArrayI11AsyncBufferEC2Ev
FN:239,_ZN10AsyncArrayI11AsyncBufferE3NewEN4Napi3EnvE
FN:244,_ZN10AsyncArrayI11AsyncBufferE3SetEjOS0_
FN:254,_ZN10AsyncArrayI11AsyncBufferE7ToValueEN4Napi3EnvEP9Disruptor
FN:265,_ZN10AsyncArrayI11AsyncBufferE6LengthEv
FN:277,_ZN12AsyncBooleanC2Ev
FN:282,_ZN12AsyncBoolean3NewEN4Napi3EnvEb
FN:287,_ZN12AsyncBoolean7ToValueEN4Napi3EnvEP9Disruptor
FN:292,_ZNK12AsyncBooleancvbEv
FN:298,_ZN12AsyncBooleanC2Eb
FN:310,_Z7ToValueRKN4Napi3EnvEm
FN:315,_Z7ToValueRKN4Napi3EnvERK14AsyncUndefined
FN:324,_ZN20DisruptorAsyncWorkerI11AsyncBuffermmEC2EP9DisruptorRKN4Napi8FunctionE
FN:324,_ZN20DisruptorAsyncWorkerI12AsyncBoolean14AsyncUndefinedS1_EC2EP9DisruptorRKN4Napi8FunctionE
FN:324,_ZN20DisruptorAsyncWorkerI10AsyncArrayI11AsyncBufferEmmEC2EP9DisruptorRKN4Napi8FunctionE
FN:324,_ZN20DisruptorAsyncWorkerI10AsyncArrayI11AsyncBufferEm14AsyncUndefinedEC2EP9DisruptorRKN4Napi8FunctionE
FN:336,_ZN20DisruptorAsyncWorkerI10AsyncArrayI11AsyncBufferEmmE4OnOKEv
FN:336,_ZN20DisruptorAsyncWorkerI12AsyncBoolean14AsyncUndefinedS1_E4OnOKEv
FN:336,_ZN20DisruptorAsyncWorkerI10AsyncArrayI11AsyncBufferEm14AsyncUndefinedE4OnOKEv
FN:336,_ZN20DisruptorAsyncWorkerI11AsyncBuffermmE4OnOKEv
FN:369,_ZN7CloseFDclEPi
FN:376,_ZN9Disruptor15ThrowErrnoErrorERKN4Napi12CallbackInfoEPKc
FN:395,_ZN9DisruptorC2ERKN4Napi12CallbackInfoE
FN:540,_ZZN9DisruptorC4ERKN4Napi12CallbackInfoEENKUlNS0_3EnvEPhE_clES4_S5_
FN:567,_ZN9DisruptorD2Ev
FN:567,_ZN9DisruptorD0Ev
FN:572,_ZN9Disruptor7ReleaseEv
FN:594,_ZN9Disruptor7ReleaseERKN4Napi12CallbackInfoE
FN:603,_ZN9Disruptor14ConsumeNewSyncI10AsyncArrayI11AsyncBufferES2_EET_RKN4Napi3EnvEbRm
FN:603,_ZN9Disruptor14ConsumeNewSyncIN4Napi5ArrayE10SyncBufferEET_RKNS1_3EnvEbRm
FN:647,_ZN9Disruptor14ConsumeNewSyncERKN4Napi12CallbackInfoE
FN:659,_ZN21ConsumeNewAsyncWorkerC2EP9DisruptorRKN4Napi8FunctionE
FN:670,_ZN21ConsumeNewAsyncWorker7ExecuteEv
FN:677,_ZN21ConsumeNewAsyncWorker5RetryEv
FN:683,_ZN9Disruptor15ConsumeNewAsyncERKN4Napi12CallbackInfoE
FN:688,_ZN9Disruptor10ConsumeNewERKN4Napi12CallbackInfoE
FN:703,_ZN9Disruptor13ConsumeCommitERKN4Napi12CallbackInfoE
FN:708,_ZN9Disruptor13UpdatePendingEmm
FN:714,_ZN9Disruptor13ConsumeCommitEv
FN:730,_ZN9Disruptor16ProduceClaimSyncI10SyncBufferEENT_6BufferERKN4Napi3EnvEbRmS8_
FN:730,_ZN9Disruptor16ProduceClaimSyncI11AsyncBufferEENT_6BufferERKN4Napi3EnvEbRmS8_
FN:771,_ZN9Disruptor16ProduceClaimSyncERKN4Napi12CallbackInfoE
FN:781,_ZN23ProduceClaimAsyncWorkerC2EP9DisruptorRKN4Napi8FunctionE
FN:791,_ZN23ProduceClaimAsyncWorker7ExecuteEv
FN:799,_ZN23ProduceClaimAsyncWorker5RetryEv
FN:805,_ZN9Disruptor17ProduceClaimAsyncERKN4Napi12CallbackInfoE
FN:810,_ZN9Disruptor12ProduceClaimERKN4Napi12CallbackInfoE
FN:825,_ZN9Disruptor17ProduceGetBuffersIN4Napi5ArrayE10SyncBufferEEvRKNS1_3EnvEmmRT_
FN:825,_ZN9Disruptor17ProduceGetBuffersI10AsyncArrayI11AsyncBufferES2_EEvRKN4Napi3EnvEmmRT_
FN:847,_ZN9Disruptor20ProduceClaimManySyncIN4Napi5ArrayE10SyncBufferEET_RKNS1_3EnvEjbRmS8_
FN:847,_ZN9Disruptor20ProduceClaimManySyncI10AsyncArrayI11AsyncBufferES2_EET_RKN4Napi3EnvEjbRmS9_
FN:889,_ZN9Disruptor20ProduceClaimManySyncERKN4Napi12CallbackInfoE
FN:902,_ZN27ProduceClaimManyAsyncWorkerC2EP9DisruptorRKN4Napi8FunctionEj
FN:916,_ZN27ProduceClaimManyAsyncWorker7ExecuteEv
FN:924,_ZN27ProduceClaimManyAsyncWorker5RetryEv
FN:933,_ZN9Disruptor21ProduceClaimManyAsyncERKN4Napi12CallbackInfoEj
FN:939,_ZN9Disruptor21ProduceClaimManyAsyncERKN4Napi12CallbackInfoE
FN:944,_ZN9Disruptor16ProduceClaimManyERKN4Napi12CallbackInfoE
FN:959,_ZN9Disruptor14ProduceRecoverERKN4Napi12CallbackInfoE
FN:978,_ZN9Disruptor17ProduceCommitSyncIN4Napi7BooleanEEET_RKNS1_3EnvEmmb
FN:978,_ZN9Disruptor17ProduceCommitSyncI12AsyncBooleanEET_RKN4Napi3EnvEmmb
FN:998,_ZN9Disruptor13UpdateSeqNextEmm
FN:1004,_ZN9Disruptor10GetSeqNextERKN4Napi12CallbackInfoERmS4_
FN:1020,_ZN9Disruptor17ProduceCommitSyncERKN4Napi12CallbackInfoE
FN:1031,_ZN24ProduceCommitAsyncWorkerC2EP9DisruptorRKN4Napi8FunctionEmm
FN:1043,_ZN24ProduceCommitAsyncWorker7ExecuteEv
FN:1050,_ZN24ProduceCommitAsyncWorker5RetryEv
FN:1059,_ZN9Disruptor18ProduceCommitAsyncERKN4Napi12CallbackInfoEmmj
FN:1068,_ZN9Disruptor18ProduceCommitAsyncERKN4Napi12CallbackInfoE
FN:1075,_ZN9Disruptor13ProduceCommitERKN4Napi12CallbackInfoE
FN:1090,_ZN9Disruptor12GetConsumersERKN4Napi12CallbackInfoE
FN:1095,_ZN9Disruptor9GetCursorERKN4Napi12CallbackInfoE
FN:1100,_ZN9Disruptor7GetNextERKN4Napi12CallbackInfoE
FN:1105,_ZN9Disruptor11GetElementsERKN4Napi12CallbackInfoE
FN:1110,_ZN9Disruptor11GetConsumerERKN4Napi12CallbackInfoE
FN:1115,_ZN9Disruptor21GetPendingSeqConsumerERKN4Napi12CallbackInfoE
FN:1120,_ZN9Disruptor19GetPendingSeqCursorERKN4Napi12CallbackInfoE
FN:1125,_ZN9Disruptor17GetPendingSeqNextERKN4Napi12CallbackInfoE
FN:1130,_ZN9Disruptor20GetPendingSeqNextEndERKN4Napi12CallbackInfoE
FN:1135,_ZN9Disruptor14GetElementSizeERKN4Napi12CallbackInfoE
FN:1140,_ZN9Disruptor10InitializeEN4Napi3EnvENS0_6ObjectE
FN:1183,_Z10InitializeN4Napi3EnvENS_6ObjectE
FN:1188,_register_disruptor
FN:1188,_Z17__napi_InitializeP10napi_env__P12napi_value__
FNDA:12,_ZN9Disruptor14ConsumeNewSyncERKN4Napi12CallbackInfoE
FNDA:338976,_ZN11AsyncBuffer3NewEN4Napi3EnvEP9Disruptormm
FNDA:131264,_ZN20DisruptorAsyncWorkerI10AsyncArrayI11AsyncBufferEmmEC2EP9DisruptorRKN4Napi8FunctionE
FNDA:1011930,_ZN10SyncBuffer3NewEN4Napi3EnvEP9Disruptormm
FNDA:157412,_ZN9Disruptor15ConsumeNewAsyncERKN4Napi12CallbackInfoE
FNDA:131264,_ZN9Disruptor20ProduceClaimManySyncI10AsyncArrayI11AsyncBufferES2_EET_RKN4Napi3EnvEjbRmS9_
FNDA:157636,_ZN10AsyncArrayI11AsyncBufferE3SetEjOS0_
FNDA:587557,_ZN24ProduceCommitAsyncWorker5RetryEv
FNDA:45,_ZN9Disruptor17ProduceGetBuffersIN4Napi5ArrayE10SyncBufferEEvRKNS1_3EnvEmmRT_
FNDA:677952,_ZN11AsyncBufferC2Emmj
FNDA:709140,_ZNK12AsyncBooleancvbEv
FNDA:485461,_ZN9Disruptor13ConsumeCommitERKN4Napi12CallbackInfoE
FNDA:520319,_ZN9Disruptor20GetPendingSeqNextEndERKN4Napi12CallbackInfoE
FNDA:3716,_ZN9DisruptorC2ERKN4Napi12CallbackInfoE
FNDA:284555,_Z11GetCallbackRKN4Napi12CallbackInfoEj
FNDA:807,_ZN9Disruptor16ProduceClaimSyncERKN4Napi12CallbackInfoE
FNDA:11,_ZN9Disruptor21ProduceClaimManyAsyncERKN4Napi12CallbackInfoE
FNDA:76,_ZN9Disruptor14ProduceRecoverERKN4Napi12CallbackInfoE
FNDA:709140,_ZN20DisruptorAsyncWorkerI12AsyncBoolean14AsyncUndefinedS1_E4OnOKEv
FNDA:181340,_ZN23ProduceClaimAsyncWorkerC2EP9DisruptorRKN4Napi8FunctionE
FNDA:35,_ZN9Disruptor20ProduceClaimManySyncIN4Napi5ArrayE10SyncBufferEET_RKNS1_3EnvEjbRmS8_
FNDA:121583,_ZN9Disruptor18ProduceCommitAsyncERKN4Napi12CallbackInfoEmmj
FNDA:157430,_ZN10AsyncArrayI11AsyncBufferE7ToValueEN4Napi3EnvEP9Disruptor
FNDA:197,_ZN9Disruptor9GetCursorERKN4Napi12CallbackInfoE
FNDA:197,_ZN9Disruptor11GetConsumerERKN4Napi12CallbackInfoE
FNDA:709140,_ZN12AsyncBooleanC2Ev
FNDA:6820,_ZN9Disruptor7ReleaseEv
FNDA:181340,_ZN9Disruptor16ProduceClaimSyncI11AsyncBufferEENT_6BufferERKN4Napi3EnvEbRmS8_
FNDA:64,_ZN9Disruptor14GetElementSizeERKN4Napi12CallbackInfoE
FNDA:810720,_ZN20DisruptorAsyncWorkerI10AsyncArrayI11AsyncBufferEm14AsyncUndefinedEC2EP9DisruptorRKN4Napi8FunctionE
FNDA:505,_Z10InitializeN4Napi3EnvENS_6ObjectE
FNDA:519447,_ZN9Disruptor13ProduceCommitERKN4Napi12CallbackInfoE
FNDA:181340,_ZN20DisruptorAsyncWorkerI11AsyncBuffermmE4OnOKEv
FNDA:709140,_ZN9Disruptor17ProduceCommitSyncI12AsyncBooleanEET_RKN4Napi3EnvEmmb
FNDA:810720,_ZN20DisruptorAsyncWorkerI10AsyncArrayI11AsyncBufferEm14AsyncUndefinedE4OnOKEv
FNDA:163178,_ZN11AsyncBuffer7ToValueEN4Napi3EnvEP9Disruptor
FNDA:521067,_ZN9Disruptor10GetSeqNextERKN4Napi12CallbackInfoERmS4_
FNDA:810720,_ZN21ConsumeNewAsyncWorker7ExecuteEv
FNDA:505,_Z17__napi_InitializeP10napi_env__P12napi_value__
FNDA:485446,_ZN9Disruptor10ConsumeNewERKN4Napi12CallbackInfoE
FNDA:519441,_ZN9Disruptor12ProduceClaimERKN4Napi12CallbackInfoE
FNDA:12,_ZN9Disruptor12GetConsumersERKN4Napi12CallbackInfoE
FNDA:1781640,_ZN9Disruptor13ConsumeCommitEv
FNDA:9,_ZN9Disruptor17ProduceGetBuffersI10AsyncArrayI11AsyncBufferES2_EEvRKN4Napi3EnvEmmRT_
FNDA:338976,_ZN11AsyncBufferC2Ev
FNDA:520257,_ZN9Disruptor17ProduceCommitSyncIN4Napi7BooleanEEET_RKNS1_3EnvEmmb
FNDA:1556,_ZN9Disruptor11GetElementsERKN4Napi12CallbackInfoE
FNDA:3612,_ZN9DisruptorD2Ev
FNDA:520319,_ZN9Disruptor17GetPendingSeqNextERKN4Napi12CallbackInfoE
FNDA:3612,_ZN9DisruptorD0Ev
FNDA:400578,_Z7ToValueRKN4Napi3EnvERK14AsyncUndefined
FNDA:941984,_ZN10AsyncArrayI11AsyncBufferE6LengthEv
FNDA:181340,_ZN23ProduceClaimAsyncWorker7ExecuteEv
FNDA:121583,_ZN12AsyncBoolean7ToValueEN4Napi3EnvEP9Disruptor
FNDA:253,_register_disruptor
FNDA:3208,_ZN9Disruptor7ReleaseERKN4Napi12CallbackInfoE
FNDA:181340,_ZN20DisruptorAsyncWorkerI11AsyncBuffermmEC2EP9DisruptorRKN4Napi8FunctionE
FNDA:485462,_ZN9Disruptor13UpdatePendingEmm
FNDA:505,_ZN9Disruptor10InitializeEN4Napi3EnvENS0_6ObjectE
FNDA:197,_ZN9Disruptor7GetNextERKN4Napi12CallbackInfoE
FNDA:709140,_ZN24ProduceCommitAsyncWorkerC2EP9DisruptorRKN4Napi8FunctionEmm
FNDA:520248,_ZN9Disruptor16ProduceClaimSyncI10SyncBufferEENT_6BufferERKN4Napi3EnvEbRmS8_
FNDA:709140,_ZN24ProduceCommitAsyncWorker7ExecuteEv
FNDA:709140,_ZN12AsyncBooleanC2Eb
FNDA:810720,_ZN9Disruptor14ConsumeNewSyncI10AsyncArrayI11AsyncBufferES2_EET_RKN4Napi3EnvEbRm
FNDA:810720,_ZN21ConsumeNewAsyncWorkerC2EP9DisruptorRKN4Napi8FunctionE
FNDA:131246,_ZN27ProduceClaimManyAsyncWorker5RetryEv
FNDA:24,_ZN9Disruptor16ProduceClaimManyERKN4Napi12CallbackInfoE
FNDA:4,_ZN9Disruptor15ThrowErrnoErrorERKN4Napi12CallbackInfoEPKc
FNDA:485458,_ZN9Disruptor14ConsumeNewSyncIN4Napi5ArrayE10SyncBufferEET_RKNS1_3EnvEbRm
FNDA:72,_ZN9Disruptor19GetPendingSeqCursorERKN4Napi12CallbackInfoE
FNDA:131264,_ZN20DisruptorAsyncWorkerI10AsyncArrayI11AsyncBufferEmmE4OnOKEv
FNDA:181340,_ZN11AsyncBuffer6LengthEv
FNDA:709140,_ZN20DisruptorAsyncWorkerI12AsyncBoolean14AsyncUndefinedS1_EC2EP9DisruptorRKN4Napi8FunctionE
FNDA:1832460,_ZN9Disruptor4SpinEv
FNDA:168532,_Z7ToValueRKN4Napi3EnvEm
FNDA:810,_ZN9Disruptor17ProduceCommitSyncERKN4Napi12CallbackInfoE
FNDA:5542,_ZN9Disruptor17ProduceClaimAsyncERKN4Napi12CallbackInfoE
FNDA:18,_ZN9Disruptor21ProduceClaimManyAsyncERKN4Napi12CallbackInfoEj
FNDA:941984,_ZN10AsyncArrayI11AsyncBufferE3NewEN4Napi3EnvE
FNDA:131264,_ZN27ProduceClaimManyAsyncWorker7ExecuteEv
FNDA:1883970,_ZN10AsyncArrayI11AsyncBufferEC2Ev
FNDA:810,_ZN9Disruptor18ProduceCommitAsyncERKN4Napi12CallbackInfoE
FNDA:653308,_ZN21ConsumeNewAsyncWorker5RetryEv
FNDA:11,_ZN9Disruptor20ProduceClaimManySyncERKN4Napi12CallbackInfoE
FNDA:832907,_ZN9Disruptor13UpdateSeqNextEmm
FNDA:3712,_ZN7CloseFDclEPi
FNDA:3612,_ZZN9DisruptorC4ERKN4Napi12CallbackInfoEENKUlNS0_3EnvEPhE_clES4_S5_
FNDA:709140,_ZN12AsyncBoolean3NewEN4Napi3EnvEb
FNDA:131264,_ZN27ProduceClaimManyAsyncWorkerC2EP9DisruptorRKN4Napi8FunctionEj
FNDA:175798,_ZN23ProduceClaimAsyncWorker5RetryEv
FNDA:485530,_ZN9Disruptor21GetPendingSeqConsumerERKN4Napi12CallbackInfoE
FNF:92
FNH:92
DA:52,1832460
DA:54,1832460
DA:160,284555
DA:162,284555
DA:164,284555
DA:165,284555
DA:167,284555
DA:179,1011930
DA:182,1011930
DA:187,1011930
DA:188,1011930
DA:189,3035780
DA:198,338976
DA:200,338976
DA:202,338976
DA:204,338976
DA:207,163178
DA:209,163178
DA:212,181340
DA:214,181340
DA:218,677952
DA:221,677952
DA:223,677952
DA:234,1883970
DA:235,1883970
DA:237,1883970
DA:239,941984
DA:241,941984
DA:244,157636
DA:246,157636
DA:248,157636
DA:251,157636
DA:252,157636
DA:254,157430
DA:256,157430
DA:257,157430
DA:258,315066
DA:260,157636
DA:262,157430
DA:265,941984
DA:267,941984
DA:277,709140
DA:278,709140
DA:280,709140
DA:282,709140
DA:284,709140
DA:287,121583
DA:289,121583
DA:292,709140
DA:294,709140
DA:298,709140
DA:299,709140
DA:301,709140
DA:310,168532
DA:312,168532
DA:315,400578
DA:317,400578
DA:324,1832464
DA:329,1832464
DA:331,1832464
DA:336,1832464
DA:338,1832464
DA:340,1547909
DA:343,284555
DA:345,1422775
DA:346,284555
DA:349,284555
DA:351,284555
DA:352,569110
DA:369,3712
DA:371,3712
DA:372,3712
DA:373,3712
DA:376,4
DA:379,4
DA:380,4
DA:387,4
DA:391,4
DA:392,8
DA:395,3716
DA:397,3736
DA:400,3716
DA:401,3716
DA:402,3716
DA:403,3716
DA:404,3716
DA:405,3716
DA:406,3716
DA:411,3716
DA:412,3716
DA:416,3716
DA:418,240
DA:419,240
DA:424,3716
DA:426,4
DA:429,3712
DA:435,3712
DA:436,3712
DA:440,3712
DA:446,3712
DA:449,3712
DA:451,3712
DA:456,3712
DA:457,3712
DA:458,3712
DA:459,3712
DA:460,3712
DA:462,3712
DA:463,3712
DA:465,3712
DA:466,3712
DA:508,3712
DA:509,3712
DA:510,3712
DA:511,3712
DA:513,3712
DA:514,3712
DA:515,3712
DA:518,7424
DA:520,6376
DA:521,6376
DA:522,3712
DA:524,2664
DA:525,2664
DA:529,3712
DA:540,3612
DA:541,7224
DA:542,3612
DA:543,7324
DA:546,7424
DA:547,3712
DA:550,3712
DA:552,3712
DA:553,7424
DA:555,3712
DA:556,3712
DA:557,14848
DA:559,3712
DA:560,7424
DA:562,3712
DA:563,3712
DA:564,18560
DA:565,3712
DA:567,7224
DA:569,3612
DA:570,7224
DA:572,6820
DA:574,6820
DA:575,6820
DA:576,6820
DA:577,6820
DA:579,6820
DA:581,3712
DA:583,3712
DA:588,3712
DA:591,6820
DA:594,3208
DA:596,3208
DA:600,3208
DA:603,1296178
DA:610,1296178
DA:612,810716
DA:614,1296178
DA:615,1296178
DA:616,1296178
DA:617,1296178
DA:619,1296178
DA:621,641417
DA:622,484369
DA:623,484369
DA:624,484369
DA:625,484369
DA:628,811809
DA:630,1451
DA:631,1093
DA:632,1093
DA:634,618
DA:636,1093
DA:637,1093
DA:638,1093
DA:643,810716
DA:644,810716
DA:647,12
DA:650,12
DA:659,810720
DA:660,810720
DA:664,810720
DA:666,810720
DA:667,810720
DA:670,810720
DA:673,810720
DA:674,810720
DA:675,810720
DA:677,653308
DA:679,653308
DA:680,653308
DA:683,157412
DA:685,157412
DA:686,157412
DA:688,485446
DA:692,485446
DA:694,485446
DA:696,328046
DA:699,157400
DA:700,314800
DA:703,485461
DA:705,485461
DA:708,485462
DA:710,485462
DA:711,485462
DA:712,485462
DA:714,1781640
DA:716,1781640
DA:718,1781640
DA:720,485461
DA:723,485461
DA:726,1781640
DA:730,701588
DA:735,180549
DA:737,701588
DA:739,701588
DA:741,3250699
DA:743,2724926
DA:745,2724926
DA:747,175817
DA:748,175817
DA:752,1227363
DA:753,525771
DA:755,521039
DA:756,521039
DA:757,521039
DA:758,521039
DA:759,521039
DA:760,521039
DA:765,180549
DA:766,180549
DA:767,180549
DA:768,180549
DA:771,807
DA:774,807
DA:781,181340
DA:782,181340
DA:784,181340
DA:786,181340
DA:787,181340
DA:788,181340
DA:791,181340
DA:794,181340
DA:795,181340
DA:796,181340
DA:797,181340
DA:799,175798
DA:801,175798
DA:802,175798
DA:805,5542
DA:807,5542
DA:808,5542
DA:810,519441
DA:814,519441
DA:815,519441
DA:817,514706
DA:820,4735
DA:821,9470
DA:825,54
DA:830,54
DA:831,54
DA:833,54
DA:835,4
DA:836,4
DA:840,50
DA:843,54
DA:844,54
DA:847,131299
DA:853,131265
DA:855,131299
DA:856,131299
DA:858,131299
DA:860,131333
DA:862,131299
DA:864,131299
DA:866,131265
DA:867,131265
DA:871,131333
DA:872,34
DA:874,43
DA:875,34
DA:876,34
DA:877,34
DA:878,34
DA:883,131265
DA:884,131265
DA:885,131265
DA:886,131265
DA:889,11
DA:892,11
DA:893,11
DA:902,131264
DA:904,131264
DA:909,131264
DA:911,131264
DA:912,131264
DA:913,131264
DA:916,131264
DA:919,262528
DA:920,262528
DA:921,131264
DA:922,131264
DA:924,131246
DA:926,131246
DA:927,131246
DA:933,18
DA:936,18
DA:937,18
DA:939,11
DA:941,11
DA:942,11
DA:944,24
DA:946,24
DA:949,24
DA:950,24
DA:952,17
DA:955,7
DA:956,14
DA:959,76
DA:961,76
DA:962,76
DA:964,76
DA:966,140
DA:967,116
DA:968,40
DA:970,20
DA:971,40
DA:974,76
DA:978,1229397
DA:983,1229397
DA:985,708330
DA:987,1229385
DA:989,521055
DA:995,708342
DA:998,832907
DA:1000,832907
DA:1001,832907
DA:1002,832907
DA:1004,521067
DA:1008,521067
DA:1010,12
DA:1011,12
DA:1012,12
DA:1015,521055
DA:1016,521055
DA:1017,521055
DA:1020,810
DA:1023,810
DA:1024,810
DA:1031,709140
DA:1034,709140
DA:1038,709140
DA:1040,709140
DA:1043,709140
DA:1046,709140
DA:1047,709140
DA:1048,709140
DA:1050,587557
DA:1052,587557
DA:1053,587557
DA:1059,121583
DA:1065,121583
DA:1066,121583
DA:1068,810
DA:1071,810
DA:1072,810
DA:1073,810
DA:1075,519447
DA:1078,519447
DA:1080,519447
DA:1081,519447
DA:1083,398674
DA:1086,120773
DA:1087,241546
DA:1090,12
DA:1092,12
DA:1095,197
DA:1097,197
DA:1100,197
DA:1102,197
DA:1105,1556
DA:1107,1556
DA:1110,197
DA:1112,197
DA:1115,485530
DA:1117,485530
DA:1120,72
DA:1122,72
DA:1125,520319
DA:1127,520319
DA:1130,520319
DA:1132,520319
DA:1135,64
DA:1137,64
DA:1140,505
DA:1143,1010
DA:1144,505
DA:1145,253
DA:1149,505
DA:1151,505
DA:1152,505
DA:1153,505
DA:1154,505
DA:1155,505
DA:1156,505
DA:1157,505
DA:1158,505
DA:1159,505
DA:1160,505
DA:1161,505
DA:1162,505
DA:1163,505
DA:1164,505
DA:1165,505
DA:1168,505
DA:1169,505
DA:1170,505
DA:1171,505
DA:1172,505
DA:1173,505
DA:1174,505
DA:1175,505
DA:1176,505
DA:1177,505
DA:1178,505
DA:1180,505
DA:1183,505
DA:1185,505
DA:1188,758
LF:434
LH:434
end_of_record
TN:
SF:lib/disruptor.js
FN:4,check
FN:14,(anonymous_1)
FN:18,(anonymous_2)
FN:19,(anonymous_3)
FN:24,(anonymous_4)
FN:25,(anonymous_5)
FN:30,(anonymous_6)
FN:31,(anonymous_7)
FN:36,(anonymous_8)
FN:44,(anonymous_9)
FN:51,(anonymous_10)
FN:61,(anonymous_11)
FN:69,(anonymous_12)
FN:79,(anonymous_13)
FN:87,(anonymous_14)
FN:97,(anonymous_15)
FN:107,(anonymous_16)
FNDA:467553,(anonymous_4)
FNDA:519441,(anonymous_12)
FNDA:24,(anonymous_14)
FNDA:11,(anonymous_6)
FNDA:467556,(anonymous_8)
FNDA:1524358,check
FNDA:467553,(anonymous_5)
FNDA:24,(anonymous_13)
FNDA:485446,(anonymous_10)
FNDA:485446,(anonymous_9)
FNDA:519441,(anonymous_11)
FNDA:519447,(anonymous_16)
FNDA:3716,(anonymous_1)
FNDA:421522,(anonymous_2)
FNDA:421522,(anonymous_3)
FNDA:519447,(anonymous_15)
FNDA:11,(anonymous_7)
FNF:17
FNH:17
BRDA:6,0,0,1241443
BRDA:6,0,1,282915
BRDA:37,1,0,2
BRDA:37,1,1,467554
BRDA:53,2,0,63924
BRDA:53,2,1,421522
BRDA:71,3,0,51888
BRDA:71,3,1,467553
BRDA:89,4,0,13
BRDA:89,4,1,11
BRDA:99,5,0,8
BRDA:99,5,1,519439
BRDA:109,6,0,8
BRDA:109,6,1,519439
BRDA:111,7,0,6
BRDA:111,7,1,2
BRDA:119,8,0,51885
BRDA:119,8,1,467554
BRF:18
BRH:18
DA:1,505
DA:2,505
DA:6,1524358
DA:8,1241443
DA:16,3716
DA:18,3712
DA:19,421522
DA:20,421522
DA:24,3712
DA:25,467553
DA:26,467553
DA:30,3712
DA:31,11
DA:32,11
DA:36,3712
DA:37,467556
DA:38,2
DA:40,467554
DA:46,485446
DA:53,485446
DA:55,63924
DA:58,421522
DA:63,519441
DA:71,519441
DA:73,51888
DA:76,467553
DA:81,24
DA:89,24
DA:91,13
DA:94,11
DA:99,519447
DA:101,8
DA:104,519439
DA:109,519447
DA:111,8
DA:113,6
DA:116,2
DA:119,519439
DA:121,51885
DA:124,467554
DA:128,505
LF:41
LH:41
end_of_record
