TN:
SF:/home/david/shared-memory-disruptor/node_modules/node-addon-api/napi-inl.h
FN:33,_ZN4Napi7detailsL10AttachDataINS_18MethodCallbackDataI9DisruptorPFNS_5ValueERKNS_12CallbackInfoEEEEEE11napi_statusP10napi_env__P12napi_value__PT_PFvSD_PvSI_ESI_
FNDA:0,_ZN4Napi7detailsL10AttachDataINS_18MethodCallbackDataI9DisruptorPFNS_5ValueERKNS_12CallbackInfoEEEEEE11napi_statusP10napi_env__P12napi_value__PT_PFvSD_PvSI_ESI_
FN:33,_ZN4Napi7detailsL10AttachDataINS_20AccessorCallbackDataI9DisruptorPFNS_5ValueERKNS_12CallbackInfoEEPFvS7_RKS4_EEEEE11napi_statusP10napi_env__P12napi_value__PT_PFvSH_PvSM_ESM_
FNDA:0,_ZN4Napi7detailsL10AttachDataINS_20AccessorCallbackDataI9DisruptorPFNS_5ValueERKNS_12CallbackInfoEEPFvS7_RKS4_EEEEE11napi_statusP10napi_env__P12napi_value__PT_PFvSH_PvSM_ESM_
FN:33,_ZN4Napi7detailsL10AttachDataINS_18MethodCallbackDataI9DisruptorMS3_FvRKNS_12CallbackInfoEEEEEE11napi_statusP10napi_env__P12napi_value__PT_PFvSC_PvSH_ESH_
FNDA:0,_ZN4Napi7detailsL10AttachDataINS_18MethodCallbackDataI9DisruptorMS3_FvRKNS_12CallbackInfoEEEEEE11napi_statusP10napi_env__P12napi_value__PT_PFvSC_PvSH_ESH_
FN:33,_ZN4Napi7detailsL10AttachDataINS_18MethodCallbackDataI9DisruptorMS3_FNS_5ValueERKNS_12CallbackInfoEEEEEE11napi_statusP10napi_env__P12napi_value__PT_PFvSD_PvSI_ESI_
FNDA:0,_ZN4Napi7detailsL10AttachDataINS_18MethodCallbackDataI9DisruptorMS3_FNS_5ValueERKNS_12CallbackInfoEEEEEE11napi_statusP10napi_env__P12napi_value__PT_PFvSD_PvSI_ESI_
FN:33,_ZN4Napi7detailsL10AttachDataINS_20AccessorCallbackDataI9DisruptorMS3_FNS_5ValueERKNS_12CallbackInfoEEMS3_FvS7_RKS4_EEEEE11napi_statusP10napi_env__P12napi_value__PT_PFvSH_PvSM_ESM_
FNDA:0,_ZN4Napi7detailsL10AttachDataINS_20AccessorCallbackDataI9DisruptorMS3_FNS_5ValueERKNS_12CallbackInfoEEMS3_FvS7_RKS4_EEEEE11napi_statusP10napi_env__P12napi_value__PT_PFvSH_PvSM_ESM_
FN:33,_ZN4Napi7detailsL10AttachDataINS_18MethodCallbackDataI9DisruptorPFvRKNS_12CallbackInfoEEEEEE11napi_statusP10napi_env__P12napi_value__PT_PFvSC_PvSH_ESH_
FNDA:0,_ZN4Napi7detailsL10AttachDataINS_18MethodCallbackDataI9DisruptorPFvRKNS_12CallbackInfoEEEEEE11napi_statusP10napi_env__P12napi_value__PT_PFvSC_PvSH_ESH_
FN:40,_ZZN4Napi7detailsL10AttachDataINS_18MethodCallbackDataI9DisruptorPFNS_5ValueERKNS_12CallbackInfoEEEEEE11napi_statusP10napi_env__P12napi_value__PT_PFvSD_PvSI_ESI_ENKUlSD_SI_SI_E_clESD_SI_SI_
FNDA:0,_ZZN4Napi7detailsL10AttachDataINS_18MethodCallbackDataI9DisruptorPFNS_5ValueERKNS_12CallbackInfoEEEEEE11napi_statusP10napi_env__P12napi_value__PT_PFvSD_PvSI_ESI_ENKUlSD_SI_SI_E_clESD_SI_SI_
FN:40,_ZZN4Napi7detailsL10AttachDataINS_20AccessorCallbackDataI9DisruptorMS3_FNS_5ValueERKNS_12CallbackInfoEEMS3_FvS7_RKS4_EEEEE11napi_statusP10napi_env__P12napi_value__PT_PFvSH_PvSM_ESM_ENKUlSH_SM_SM_E_clESH_SM_SM_
FNDA:0,_ZZN4Napi7detailsL10AttachDataINS_20AccessorCallbackDataI9DisruptorMS3_FNS_5ValueERKNS_12CallbackInfoEEMS3_FvS7_RKS4_EEEEE11napi_statusP10napi_env__P12napi_value__PT_PFvSH_PvSM_ESM_ENKUlSH_SM_SM_E_clESH_SM_SM_
FN:40,_ZZN4Napi7detailsL10AttachDataINS_18MethodCallbackDataI9DisruptorMS3_FNS_5ValueERKNS_12CallbackInfoEEEEEE11napi_statusP10napi_env__P12napi_value__PT_PFvSD_PvSI_ESI_ENKUlSD_SI_SI_E_clESD_SI_SI_
FNDA:0,_ZZN4Napi7detailsL10AttachDataINS_18MethodCallbackDataI9DisruptorMS3_FNS_5ValueERKNS_12CallbackInfoEEEEEE11napi_statusP10napi_env__P12napi_value__PT_PFvSD_PvSI_ESI_ENKUlSD_SI_SI_E_clESD_SI_SI_
FN:40,_ZZN4Napi7detailsL10AttachDataINS_20AccessorCallbackDataI9DisruptorPFNS_5ValueERKNS_12CallbackInfoEEPFvS7_RKS4_EEEEE11napi_statusP10napi_env__P12napi_value__PT_PFvSH_PvSM_ESM_ENKUlSH_SM_SM_E_clESH_SM_SM_
FNDA:0,_ZZN4Napi7detailsL10AttachDataINS_20AccessorCallbackDataI9DisruptorPFNS_5ValueERKNS_12CallbackInfoEEPFvS7_RKS4_EEEEE11napi_statusP10napi_env__P12napi_value__PT_PFvSH_PvSM_ESM_ENKUlSH_SM_SM_E_clESH_SM_SM_
FN:40,_ZZN4Napi7detailsL10AttachDataINS_18MethodCallbackDataI9DisruptorPFvRKNS_12CallbackInfoEEEEEE11napi_statusP10napi_env__P12napi_value__PT_PFvSC_PvSH_ESH_ENKUlSC_SH_SH_E_clESC_SH_SH_
FNDA:0,_ZZN4Napi7detailsL10AttachDataINS_18MethodCallbackDataI9DisruptorPFvRKNS_12CallbackInfoEEEEEE11napi_statusP10napi_env__P12napi_value__PT_PFvSC_PvSH_ESH_ENKUlSC_SH_SH_E_clESC_SH_SH_
FN:40,_ZZN4Napi7detailsL10AttachDataINS_18MethodCallbackDataI9DisruptorMS3_FvRKNS_12CallbackInfoEEEEEE11napi_statusP10napi_env__P12napi_value__PT_PFvSC_PvSH_ESH_ENKUlSC_SH_SH_E_clESC_SH_SH_
FNDA:0,_ZZN4Napi7detailsL10AttachDataINS_18MethodCallbackDataI9DisruptorMS3_FvRKNS_12CallbackInfoEEEEEE11napi_statusP10napi_env__P12napi_value__PT_PFvSC_PvSH_ESH_ENKUlSC_SH_SH_E_clESC_SH_SH_
FN:76,_ZN4Napi7details12WrapCallbackIZNS0_L25TemplatedInstanceCallbackI9DisruptorXadL_ZNS3_14GetElementSizeERKNS_12CallbackInfoEEEEEP12napi_value__P10napi_env__P20napi_callback_info__EUlvE_EES8_T_
FNDA:2102,_ZN4Napi7details12WrapCallbackIZNS0_L25TemplatedInstanceCallbackI9DisruptorXadL_ZNS3_14GetElementSizeERKNS_12CallbackInfoEEEEEP12napi_value__P10napi_env__P20napi_callback_info__EUlvE_EES8_T_
FN:76,_ZN4Napi7details12WrapCallbackIZNS0_L25TemplatedInstanceCallbackI9DisruptorXadL_ZNS3_7GetSpinERKNS_12CallbackInfoEEEEEP12napi_value__P10napi_env__P20napi_callback_info__EUlvE_EES8_T_
FNDA:2024,_ZN4Napi7details12WrapCallbackIZNS0_L25TemplatedInstanceCallbackI9DisruptorXadL_ZNS3_7GetSpinERKNS_12CallbackInfoEEEEEP12napi_value__P10napi_env__P20napi_callback_info__EUlvE_EES8_T_
FN:76,_ZN4Napi7details12WrapCallbackIZNS0_L25TemplatedInstanceCallbackI9DisruptorXadL_ZNS3_9GetStatusERKNS_12CallbackInfoEEEEEP12napi_value__P10napi_env__P20napi_callback_info__EUlvE_EES8_T_
FNDA:12024373,_ZN4Napi7details12WrapCallbackIZNS0_L25TemplatedInstanceCallbackI9DisruptorXadL_ZNS3_9GetStatusERKNS_12CallbackInfoEEEEEP12napi_value__P10napi_env__P20napi_callback_info__EUlvE_EES8_T_
FN:76,_ZN4Napi7details12WrapCallbackIZNS0_L25TemplatedInstanceCallbackI9DisruptorXadL_ZNS3_12GetConsumersERKNS_12CallbackInfoEEEEEP12napi_value__P10napi_env__P20napi_callback_info__EUlvE_EES8_T_
FNDA:12,_ZN4Napi7details12WrapCallbackIZNS0_L25TemplatedInstanceCallbackI9DisruptorXadL_ZNS3_12GetConsumersERKNS_12CallbackInfoEEEEEP12napi_value__P10napi_env__P20napi_callback_info__EUlvE_EES8_T_
FN:76,_ZN4Napi7details12WrapCallbackIZNS0_L25TemplatedInstanceCallbackI9DisruptorXadL_ZNS3_9GetCursorERKNS_12CallbackInfoEEEEEP12napi_value__P10napi_env__P20napi_callback_info__EUlvE_EES8_T_
FNDA:222,_ZN4Napi7details12WrapCallbackIZNS0_L25TemplatedInstanceCallbackI9DisruptorXadL_ZNS3_9GetCursorERKNS_12CallbackInfoEEEEEP12napi_value__P10napi_env__P20napi_callback_info__EUlvE_EES8_T_
FN:76,_ZN4Napi7details12WrapCallbackIZNS0_L25TemplatedInstanceCallbackI9DisruptorXadL_ZNS3_7GetNextERKNS_12CallbackInfoEEEEEP12napi_value__P10napi_env__P20napi_callback_info__EUlvE_EES8_T_
FNDA:222,_ZN4Napi7details12WrapCallbackIZNS0_L25TemplatedInstanceCallbackI9DisruptorXadL_ZNS3_7GetNextERKNS_12CallbackInfoEEEEEP12napi_value__P10napi_env__P20napi_callback_info__EUlvE_EES8_T_
FN:76,_ZN4Napi7details12WrapCallbackIZNS0_L25TemplatedInstanceCallbackI9DisruptorXadL_ZNS3_17GetPendingSeqNextERKNS_12CallbackInfoEEEEEP12napi_value__P10napi_env__P20napi_callback_info__EUlvE_EES8_T_
FNDA:590264,_ZN4Napi7details12WrapCallbackIZNS0_L25TemplatedInstanceCallbackI9DisruptorXadL_ZNS3_17GetPendingSeqNextERKNS_12CallbackInfoEEEEEP12napi_value__P10napi_env__P20napi_callback_info__EUlvE_EES8_T_
FN:76,_ZN4Napi7details12WrapCallbackIZNS0_L25TemplatedInstanceCallbackI9DisruptorXadL_ZNS3_11GetElementsERKNS_12CallbackInfoEEEEEP12napi_value__P10napi_env__P20napi_callback_info__EUlvE_EES8_T_
FNDA:1556,_ZN4Napi7details12WrapCallbackIZNS0_L25TemplatedInstanceCallbackI9DisruptorXadL_ZNS3_11GetElementsERKNS_12CallbackInfoEEEEEP12napi_value__P10napi_env__P20napi_callback_info__EUlvE_EES8_T_
FN:76,_ZN4Napi7details12WrapCallbackIZNS0_L25TemplatedInstanceCallbackI9DisruptorXadL_ZNS3_11GetConsumerERKNS_12CallbackInfoEEEEEP12napi_value__P10napi_env__P20napi_callback_info__EUlvE_EES8_T_
FNDA:222,_ZN4Napi7details12WrapCallbackIZNS0_L25TemplatedInstanceCallbackI9DisruptorXadL_ZNS3_11GetConsumerERKNS_12CallbackInfoEEEEEP12napi_value__P10napi_env__P20napi_callback_info__EUlvE_EES8_T_
FN:76,_ZN4Napi7details12WrapCallbackIZNS0_L25TemplatedInstanceCallbackI9DisruptorXadL_ZNS3_19GetPendingSeqCursorERKNS_12CallbackInfoEEEEEP12napi_value__P10napi_env__P20napi_callback_info__EUlvE_EES8_T_
FNDA:87,_ZN4Napi7details12WrapCallbackIZNS0_L25TemplatedInstanceCallbackI9DisruptorXadL_ZNS3_19GetPendingSeqCursorERKNS_12CallbackInfoEEEEEP12napi_value__P10napi_env__P20napi_callback_info__EUlvE_EES8_T_
FN:76,_ZN4Napi7details12WrapCallbackIZNS0_L29TemplatedInstanceVoidCallbackI9DisruptorXadL_ZNS3_15ConsumeNewAsyncERKNS_12CallbackInfoEEEEEP12napi_value__P10napi_env__P20napi_callback_info__EUlvE_EES8_T_
FNDA:13,_ZN4Napi7details12WrapCallbackIZNS0_L29TemplatedInstanceVoidCallbackI9DisruptorXadL_ZNS3_15ConsumeNewAsyncERKNS_12CallbackInfoEEEEEP12napi_value__P10napi_env__P20napi_callback_info__EUlvE_EES8_T_
FN:76,_ZN4Napi7details12WrapCallbackIZNS0_L29TemplatedInstanceVoidCallbackI9DisruptorXadL_ZNS3_17ProduceClaimAsyncERKNS_12CallbackInfoEEEEEP12napi_value__P10napi_env__P20napi_callback_info__EUlvE_EES8_T_
FNDA:807,_ZN4Napi7details12WrapCallbackIZNS0_L29TemplatedInstanceVoidCallbackI9DisruptorXadL_ZNS3_17ProduceClaimAsyncERKNS_12CallbackInfoEEEEEP12napi_value__P10napi_env__P20napi_callback_info__EUlvE_EES8_T_
FN:76,_ZN4Napi7details12WrapCallbackIZNS0_L29TemplatedInstanceVoidCallbackI9DisruptorXadL_ZNS3_21ProduceClaimManyAsyncERKNS_12CallbackInfoEEEEEP12napi_value__P10napi_env__P20napi_callback_info__EUlvE_EES8_T_
FNDA:11,_ZN4Napi7details12WrapCallbackIZNS0_L29TemplatedInstanceVoidCallbackI9DisruptorXadL_ZNS3_21ProduceClaimManyAsyncERKNS_12CallbackInfoEEEEEP12napi_value__P10napi_env__P20napi_callback_info__EUlvE_EES8_T_
FN:76,_ZN4Napi7details12WrapCallbackIZNS0_L29TemplatedInstanceVoidCallbackI9DisruptorXadL_ZNS3_22ProduceClaimAvailAsyncERKNS_12CallbackInfoEEEEEP12napi_value__P10napi_env__P20napi_callback_info__EUlvE_EES8_T_
FNDA:2,_ZN4Napi7details12WrapCallbackIZNS0_L29TemplatedInstanceVoidCallbackI9DisruptorXadL_ZNS3_22ProduceClaimAvailAsyncERKNS_12CallbackInfoEEEEEP12napi_value__P10napi_env__P20napi_callback_info__EUlvE_EES8_T_
FN:76,_ZN4Napi7details12WrapCallbackIZNS0_L29TemplatedInstanceVoidCallbackI9DisruptorXadL_ZNS3_18ProduceCommitAsyncERKNS_12CallbackInfoEEEEEP12napi_value__P10napi_env__P20napi_callback_info__EUlvE_EES8_T_
FNDA:811,_ZN4Napi7details12WrapCallbackIZNS0_L29TemplatedInstanceVoidCallbackI9DisruptorXadL_ZNS3_18ProduceCommitAsyncERKNS_12CallbackInfoEEEEEP12napi_value__P10napi_env__P20napi_callback_info__EUlvE_EES8_T_
FN:76,_ZN4Napi7details12WrapCallbackIZNS0_L25TemplatedInstanceCallbackI9DisruptorXadL_ZNS3_17ProduceCommitSyncERKNS_12CallbackInfoEEEEEP12napi_value__P10napi_env__P20napi_callback_info__EUlvE_EES8_T_
FNDA:811,_ZN4Napi7details12WrapCallbackIZNS0_L25TemplatedInstanceCallbackI9DisruptorXadL_ZNS3_17ProduceCommitSyncERKNS_12CallbackInfoEEEEEP12napi_value__P10napi_env__P20napi_callback_info__EUlvE_EES8_T_
FN:76,_ZN4Napi7details12WrapCallbackIZNS0_L21TemplatedVoidCallbackIXadL_Z12NullCallbackRKNS_12CallbackInfoEEEEEP12napi_value__P10napi_env__P20napi_callback_info__EUlvE_EES7_T_
FNDA:0,_ZN4Napi7details12WrapCallbackIZNS0_L21TemplatedVoidCallbackIXadL_Z12NullCallbackRKNS_12CallbackInfoEEEEEP12napi_value__P10napi_env__P20napi_callback_info__EUlvE_EES7_T_
FN:76,_ZN4Napi7details12WrapCallbackIZNS0_L25TemplatedInstanceCallbackI9DisruptorXadL_ZNS3_12ProduceClaimERKNS_12CallbackInfoEEEEEP12napi_value__P10napi_env__P20napi_callback_info__EUlvE_EES8_T_
FNDA:519445,_ZN4Napi7details12WrapCallbackIZNS0_L25TemplatedInstanceCallbackI9DisruptorXadL_ZNS3_12ProduceClaimERKNS_12CallbackInfoEEEEEP12napi_value__P10napi_env__P20napi_callback_info__EUlvE_EES8_T_
FN:76,_ZN4Napi7details12WrapCallbackIZNS0_L25TemplatedInstanceCallbackI9DisruptorXadL_ZNS3_16ProduceClaimSyncERKNS_12CallbackInfoEEEEEP12napi_value__P10napi_env__P20napi_callback_info__EUlvE_EES8_T_
FNDA:807,_ZN4Napi7details12WrapCallbackIZNS0_L25TemplatedInstanceCallbackI9DisruptorXadL_ZNS3_16ProduceClaimSyncERKNS_12CallbackInfoEEEEEP12napi_value__P10napi_env__P20napi_callback_info__EUlvE_EES8_T_
FN:76,_ZN4Napi7details12WrapCallbackIZNS0_L25TemplatedInstanceCallbackI9DisruptorXadL_ZNS3_16ProduceClaimManyERKNS_12CallbackInfoEEEEEP12napi_value__P10napi_env__P20napi_callback_info__EUlvE_EES8_T_
FNDA:40,_ZN4Napi7details12WrapCallbackIZNS0_L25TemplatedInstanceCallbackI9DisruptorXadL_ZNS3_16ProduceClaimManyERKNS_12CallbackInfoEEEEEP12napi_value__P10napi_env__P20napi_callback_info__EUlvE_EES8_T_
FN:76,_ZN4Napi7details12WrapCallbackIZNS0_L25TemplatedInstanceCallbackI9DisruptorXadL_ZNS3_20ProduceClaimManySyncERKNS_12CallbackInfoEEEEEP12napi_value__P10napi_env__P20napi_callback_info__EUlvE_EES8_T_
FNDA:11,_ZN4Napi7details12WrapCallbackIZNS0_L25TemplatedInstanceCallbackI9DisruptorXadL_ZNS3_20ProduceClaimManySyncERKNS_12CallbackInfoEEEEEP12napi_value__P10napi_env__P20napi_callback_info__EUlvE_EES8_T_
FN:76,_ZN4Napi7details12WrapCallbackIZNS0_L25TemplatedInstanceCallbackI9DisruptorXadL_ZNS3_17ProduceClaimAvailERKNS_12CallbackInfoEEEEEP12napi_value__P10napi_env__P20napi_callback_info__EUlvE_EES8_T_
FNDA:69913,_ZN4Napi7details12WrapCallbackIZNS0_L25TemplatedInstanceCallbackI9DisruptorXadL_ZNS3_17ProduceClaimAvailERKNS_12CallbackInfoEEEEEP12napi_value__P10napi_env__P20napi_callback_info__EUlvE_EES8_T_
FN:76,_ZN4Napi7details12WrapCallbackIZNS0_L25TemplatedInstanceCallbackI9DisruptorXadL_ZNS3_21ProduceClaimAvailSyncERKNS_12CallbackInfoEEEEEP12napi_value__P10napi_env__P20napi_callback_info__EUlvE_EES8_T_
FNDA:2,_ZN4Napi7details12WrapCallbackIZNS0_L25TemplatedInstanceCallbackI9DisruptorXadL_ZNS3_21ProduceClaimAvailSyncERKNS_12CallbackInfoEEEEEP12napi_value__P10napi_env__P20napi_callback_info__EUlvE_EES8_T_
FN:76,_ZN4Napi7details12WrapCallbackIZNS0_L25TemplatedInstanceCallbackI9DisruptorXadL_ZNS3_13ProduceCommitERKNS_12CallbackInfoEEEEEP12napi_value__P10napi_env__P20napi_callback_info__EUlvE_EES8_T_
FNDA:520744,_ZN4Napi7details12WrapCallbackIZNS0_L25TemplatedInstanceCallbackI9DisruptorXadL_ZNS3_13ProduceCommitERKNS_12CallbackInfoEEEEEP12napi_value__P10napi_env__P20napi_callback_info__EUlvE_EES8_T_
FN:76,_ZN4Napi7details12WrapCallbackIZNS0_L25TemplatedInstanceCallbackI9DisruptorXadL_ZNS3_23GetAllConsumersIgnoringERKNS_12CallbackInfoEEEEEP12napi_value__P10napi_env__P20napi_callback_info__EUlvE_EES8_T_
FNDA:590250,_ZN4Napi7details12WrapCallbackIZNS0_L25TemplatedInstanceCallbackI9DisruptorXadL_ZNS3_23GetAllConsumersIgnoringERKNS_12CallbackInfoEEEEEP12napi_value__P10napi_env__P20napi_callback_info__EUlvE_EES8_T_
FN:76,_ZN4Napi7details12WrapCallbackIZNS0_L25TemplatedInstanceCallbackI9DisruptorXadL_ZNS3_14ProduceRecoverERKNS_12CallbackInfoEEEEEP12napi_value__P10napi_env__P20napi_callback_info__EUlvE_EES8_T_
FNDA:76,_ZN4Napi7details12WrapCallbackIZNS0_L25TemplatedInstanceCallbackI9DisruptorXadL_ZNS3_14ProduceRecoverERKNS_12CallbackInfoEEEEEP12napi_value__P10napi_env__P20napi_callback_info__EUlvE_EES8_T_
FN:76,_ZN4Napi7details12WrapCallbackIZNS0_L25TemplatedInstanceCallbackI9DisruptorXadL_ZNS3_10ConsumeNewERKNS_12CallbackInfoEEEEEP12napi_value__P10napi_env__P20napi_callback_info__EUlvE_EES8_T_
FNDA:6997583,_ZN4Napi7details12WrapCallbackIZNS0_L25TemplatedInstanceCallbackI9DisruptorXadL_ZNS3_10ConsumeNewERKNS_12CallbackInfoEEEEEP12napi_value__P10napi_env__P20napi_callback_info__EUlvE_EES8_T_
FN:76,_ZN4Napi7details12WrapCallbackIZNS0_L25TemplatedInstanceCallbackI9DisruptorXadL_ZNS3_14ConsumeNewSyncERKNS_12CallbackInfoEEEEEP12napi_value__P10napi_env__P20napi_callback_info__EUlvE_EES8_T_
FNDA:13,_ZN4Napi7details12WrapCallbackIZNS0_L25TemplatedInstanceCallbackI9DisruptorXadL_ZNS3_14ConsumeNewSyncERKNS_12CallbackInfoEEEEEP12napi_value__P10napi_env__P20napi_callback_info__EUlvE_EES8_T_
FN:76,_ZN4Napi7details12WrapCallbackIZNS0_L25TemplatedInstanceCallbackI9DisruptorXadL_ZNS3_13ConsumeCommitERKNS_12CallbackInfoEEEEEP12napi_value__P10napi_env__P20napi_callback_info__EUlvE_EES8_T_
FNDA:6997601,_ZN4Napi7details12WrapCallbackIZNS0_L25TemplatedInstanceCallbackI9DisruptorXadL_ZNS3_13ConsumeCommitERKNS_12CallbackInfoEEEEEP12napi_value__P10napi_env__P20napi_callback_info__EUlvE_EES8_T_
FN:76,_ZN4Napi7details12WrapCallbackIZNS0_L29TemplatedInstanceVoidCallbackI9DisruptorXadL_ZNS3_7ReleaseERKNS_12CallbackInfoEEEEEP12napi_value__P10napi_env__P20napi_callback_info__EUlvE_EES8_T_
FNDA:5255,_ZN4Napi7details12WrapCallbackIZNS0_L29TemplatedInstanceVoidCallbackI9DisruptorXadL_ZNS3_7ReleaseERKNS_12CallbackInfoEEEEEP12napi_value__P10napi_env__P20napi_callback_info__EUlvE_EES8_T_
FN:76,_ZN4Napi7details12WrapCallbackIZNS0_L25TemplatedInstanceCallbackI9DisruptorXadL_ZNS3_21GetPendingSeqConsumerERKNS_12CallbackInfoEEEEEP12napi_value__P10napi_env__P20napi_callback_info__EUlvE_EES8_T_
FNDA:6997683,_ZN4Napi7details12WrapCallbackIZNS0_L25TemplatedInstanceCallbackI9DisruptorXadL_ZNS3_21GetPendingSeqConsumerERKNS_12CallbackInfoEEEEEP12napi_value__P10napi_env__P20napi_callback_info__EUlvE_EES8_T_
FN:76,_ZN4Napi7details12WrapCallbackIZNS_12InstanceWrapI9DisruptorE29InstanceSetterCallbackWrapperEP10napi_env__P20napi_callback_info__EUlvE_EEP12napi_value__T_
FNDA:0,_ZN4Napi7details12WrapCallbackIZNS_12InstanceWrapI9DisruptorE29InstanceSetterCallbackWrapperEP10napi_env__P20napi_callback_info__EUlvE_EEP12napi_value__T_
FN:76,_ZN4Napi7details12WrapCallbackIZNS0_L25TemplatedInstanceCallbackI9DisruptorXadL_ZNS3_20GetPendingSeqNextEndERKNS_12CallbackInfoEEEEEP12napi_value__P10napi_env__P20napi_callback_info__EUlvE_EES8_T_
FNDA:590264,_ZN4Napi7details12WrapCallbackIZNS0_L25TemplatedInstanceCallbackI9DisruptorXadL_ZNS3_20GetPendingSeqNextEndERKNS_12CallbackInfoEEEEEP12napi_value__P10napi_env__P20napi_callback_info__EUlvE_EES8_T_
FN:76,_ZN4Napi7details12WrapCallbackIZNS_11AsyncWorker14OnWorkCompleteENS_3EnvE11napi_statusEUlvE_EEP12napi_value__T_
FNDA:2997765,_ZN4Napi7details12WrapCallbackIZNS_11AsyncWorker14OnWorkCompleteENS_3EnvE11napi_statusEUlvE_EEP12napi_value__T_
FN:76,_ZN4Napi7details12WrapCallbackIZNS_14RegisterModuleEP10napi_env__P12napi_value__PFNS_6ObjectENS_3EnvES6_EEUlvE_EES5_T_
FNDA:505,_ZN4Napi7details12WrapCallbackIZNS_14RegisterModuleEP10napi_env__P12napi_value__PFNS_6ObjectENS_3EnvES6_EEUlvE_EES5_T_
FN:76,_ZN4Napi7details12WrapCallbackIZNS_12InstanceWrapI9DisruptorE33InstanceVoidMethodCallbackWrapperEP10napi_env__P20napi_callback_info__EUlvE_EEP12napi_value__T_
FNDA:0,_ZN4Napi7details12WrapCallbackIZNS_12InstanceWrapI9DisruptorE33InstanceVoidMethodCallbackWrapperEP10napi_env__P20napi_callback_info__EUlvE_EEP12napi_value__T_
FN:76,_ZN4Napi7details12WrapCallbackIZNS_10ObjectWrapI9DisruptorE27StaticSetterCallbackWrapperEP10napi_env__P20napi_callback_info__EUlvE_EEP12napi_value__T_
FNDA:0,_ZN4Napi7details12WrapCallbackIZNS_10ObjectWrapI9DisruptorE27StaticSetterCallbackWrapperEP10napi_env__P20napi_callback_info__EUlvE_EEP12napi_value__T_
FN:76,_ZN4Napi7details12WrapCallbackIZNS_10ObjectWrapI9DisruptorE27StaticGetterCallbackWrapperEP10napi_env__P20napi_callback_info__EUlvE_EEP12napi_value__T_
FNDA:0,_ZN4Napi7details12WrapCallbackIZNS_10ObjectWrapI9DisruptorE27StaticGetterCallbackWrapperEP10napi_env__P20napi_callback_info__EUlvE_EEP12napi_value__T_
FN:76,_ZN4Napi7details12WrapCallbackIZNS_10ObjectWrapI9DisruptorE26ConstructorCallbackWrapperEP10napi_env__P20napi_callback_info__EUlvE0_EEP12napi_value__T_
FNDA:5768,_ZN4Napi7details12WrapCallbackIZNS_10ObjectWrapI9DisruptorE26ConstructorCallbackWrapperEP10napi_env__P20napi_callback_info__EUlvE0_EEP12napi_value__T_
FN:76,_ZN4Napi7details12WrapCallbackIZNS_10ObjectWrapI9DisruptorE26ConstructorCallbackWrapperEP10napi_env__P20napi_callback_info__EUlvE_EEP12napi_value__T_
FNDA:0,_ZN4Napi7details12WrapCallbackIZNS_10ObjectWrapI9DisruptorE26ConstructorCallbackWrapperEP10napi_env__P20napi_callback_info__EUlvE_EEP12napi_value__T_
FN:76,_ZN4Napi7details12WrapCallbackIZNS_12InstanceWrapI9DisruptorE29InstanceMethodCallbackWrapperEP10napi_env__P20napi_callback_info__EUlvE_EEP12napi_value__T_
FNDA:0,_ZN4Napi7details12WrapCallbackIZNS_12InstanceWrapI9DisruptorE29InstanceMethodCallbackWrapperEP10napi_env__P20napi_callback_info__EUlvE_EEP12napi_value__T_
FN:76,_ZN4Napi7details12WrapCallbackIZNS_10ObjectWrapI9DisruptorE31StaticVoidMethodCallbackWrapperEP10napi_env__P20napi_callback_info__EUlvE_EEP12napi_value__T_
FNDA:0,_ZN4Napi7details12WrapCallbackIZNS_10ObjectWrapI9DisruptorE31StaticVoidMethodCallbackWrapperEP10napi_env__P20napi_callback_info__EUlvE_EEP12napi_value__T_
FN:76,_ZN4Napi7details12WrapCallbackIZNS_10ObjectWrapI9DisruptorE27StaticMethodCallbackWrapperEP10napi_env__P20napi_callback_info__EUlvE_EEP12napi_value__T_
FNDA:0,_ZN4Napi7details12WrapCallbackIZNS_10ObjectWrapI9DisruptorE27StaticMethodCallbackWrapperEP10napi_env__P20napi_callback_info__EUlvE_EEP12napi_value__T_
FN:76,_ZN4Napi7details12WrapCallbackIZNS_12InstanceWrapI9DisruptorE13WrappedMethodIXadL_ZNS3_9SetStatusERKNS_12CallbackInfoERKNS_5ValueEEEEEP12napi_value__P10napi_env__P20napi_callback_info__EUlvE_EESD_T_
FNDA:10,_ZN4Napi7details12WrapCallbackIZNS_12InstanceWrapI9DisruptorE13WrappedMethodIXadL_ZNS3_9SetStatusERKNS_12CallbackInfoERKNS_5ValueEEEEEP12napi_value__P10napi_env__P20napi_callback_info__EUlvE_EESD_T_
FN:76,_ZN4Napi7details12WrapCallbackIZNS_12InstanceWrapI9DisruptorE29InstanceGetterCallbackWrapperEP10napi_env__P20napi_callback_info__EUlvE_EEP12napi_value__T_
FNDA:0,_ZN4Napi7details12WrapCallbackIZNS_12InstanceWrapI9DisruptorE29InstanceGetterCallbackWrapperEP10napi_env__P20napi_callback_info__EUlvE_EEP12napi_value__T_
FN:95,_ZN4Napi7details16WrapVoidCallbackIZNS0_12FinalizeDataIhZN9DisruptorC4ERKNS_12CallbackInfoEEUlNS_3EnvEPhE_vE7WrapperEP10napi_env__PvSD_EUlvE_EEvT_
FNDA:4756,_ZN4Napi7details16WrapVoidCallbackIZNS0_12FinalizeDataIhZN9DisruptorC4ERKNS_12CallbackInfoEEUlNS_3EnvEPhE_vE7WrapperEP10napi_env__PvSD_EUlvE_EEvT_
FN:146,_ZN4Napi7detailsL21TemplatedVoidCallbackIXadL_Z12NullCallbackRKNS_12CallbackInfoEEEEEP12napi_value__P10napi_env__P20napi_callback_info__
FNDA:0,_ZN4Napi7detailsL21TemplatedVoidCallbackIXadL_Z12NullCallbackRKNS_12CallbackInfoEEEEEP12napi_value__P10napi_env__P20napi_callback_info__
FN:147,_ZZN4Napi7detailsL21TemplatedVoidCallbackIXadL_Z12NullCallbackRKNS_12CallbackInfoEEEEEP12napi_value__P10napi_env__P20napi_callback_info__ENKUlvE_clEv
FNDA:0,_ZZN4Napi7detailsL21TemplatedVoidCallbackIXadL_Z12NullCallbackRKNS_12CallbackInfoEEEEEP12napi_value__P10napi_env__P20napi_callback_info__ENKUlvE_clEv
FN:166,_ZN4Napi7detailsL25TemplatedInstanceCallbackI9DisruptorXadL_ZNS2_13ConsumeCommitERKNS_12CallbackInfoEEEEEP12napi_value__P10napi_env__P20napi_callback_info__
FNDA:6997601,_ZN4Napi7detailsL25TemplatedInstanceCallbackI9DisruptorXadL_ZNS2_13ConsumeCommitERKNS_12CallbackInfoEEEEEP12napi_value__P10napi_env__P20napi_callback_info__
FN:166,_ZN4Napi7detailsL25TemplatedInstanceCallbackI9DisruptorXadL_ZNS2_14ConsumeNewSyncERKNS_12CallbackInfoEEEEEP12napi_value__P10napi_env__P20napi_callback_info__
FNDA:13,_ZN4Napi7detailsL25TemplatedInstanceCallbackI9DisruptorXadL_ZNS2_14ConsumeNewSyncERKNS_12CallbackInfoEEEEEP12napi_value__P10napi_env__P20napi_callback_info__
FN:166,_ZN4Napi7detailsL25TemplatedInstanceCallbackI9DisruptorXadL_ZNS2_21GetPendingSeqConsumerERKNS_12CallbackInfoEEEEEP12napi_value__P10napi_env__P20napi_callback_info__
FNDA:6997683,_ZN4Napi7detailsL25TemplatedInstanceCallbackI9DisruptorXadL_ZNS2_21GetPendingSeqConsumerERKNS_12CallbackInfoEEEEEP12napi_value__P10napi_env__P20napi_callback_info__
FN:166,_ZN4Napi7detailsL25TemplatedInstanceCallbackI9DisruptorXadL_ZNS2_19GetPendingSeqCursorERKNS_12CallbackInfoEEEEEP12napi_value__P10napi_env__P20napi_callback_info__
FNDA:87,_ZN4Napi7detailsL25TemplatedInstanceCallbackI9DisruptorXadL_ZNS2_19GetPendingSeqCursorERKNS_12CallbackInfoEEEEEP12napi_value__P10napi_env__P20napi_callback_info__
FN:166,_ZN4Napi7detailsL25TemplatedInstanceCallbackI9DisruptorXadL_ZNS2_11GetConsumerERKNS_12CallbackInfoEEEEEP12napi_value__P10napi_env__P20napi_callback_info__
FNDA:222,_ZN4Napi7detailsL25TemplatedInstanceCallbackI9DisruptorXadL_ZNS2_11GetConsumerERKNS_12CallbackInfoEEEEEP12napi_value__P10napi_env__P20napi_callback_info__
FN:166,_ZN4Napi7detailsL25TemplatedInstanceCallbackI9DisruptorXadL_ZNS2_11GetElementsERKNS_12CallbackInfoEEEEEP12napi_value__P10napi_env__P20napi_callback_info__
FNDA:1556,_ZN4Napi7detailsL25TemplatedInstanceCallbackI9DisruptorXadL_ZNS2_11GetElementsERKNS_12CallbackInfoEEEEEP12napi_value__P10napi_env__P20napi_callback_info__
FN:166,_ZN4Napi7detailsL25TemplatedInstanceCallbackI9DisruptorXadL_ZNS2_7GetNextERKNS_12CallbackInfoEEEEEP12napi_value__P10napi_env__P20napi_callback_info__
FNDA:222,_ZN4Napi7detailsL25TemplatedInstanceCallbackI9DisruptorXadL_ZNS2_7GetNextERKNS_12CallbackInfoEEEEEP12napi_value__P10napi_env__P20napi_callback_info__
FN:166,_ZN4Napi7detailsL25TemplatedInstanceCallbackI9DisruptorXadL_ZNS2_9GetCursorERKNS_12CallbackInfoEEEEEP12napi_value__P10napi_env__P20napi_callback_info__
FNDA:222,_ZN4Napi7detailsL25TemplatedInstanceCallbackI9DisruptorXadL_ZNS2_9GetCursorERKNS_12CallbackInfoEEEEEP12napi_value__P10napi_env__P20napi_callback_info__
FN:166,_ZN4Napi7detailsL25TemplatedInstanceCallbackI9DisruptorXadL_ZNS2_12GetConsumersERKNS_12CallbackInfoEEEEEP12napi_value__P10napi_env__P20napi_callback_info__
FNDA:12,_ZN4Napi7detailsL25TemplatedInstanceCallbackI9DisruptorXadL_ZNS2_12GetConsumersERKNS_12CallbackInfoEEEEEP12napi_value__P10napi_env__P20napi_callback_info__
FN:166,_ZN4Napi7detailsL25TemplatedInstanceCallbackI9DisruptorXadL_ZNS2_9GetStatusERKNS_12CallbackInfoEEEEEP12napi_value__P10napi_env__P20napi_callback_info__
FNDA:12024373,_ZN4Napi7detailsL25TemplatedInstanceCallbackI9DisruptorXadL_ZNS2_9GetStatusERKNS_12CallbackInfoEEEEEP12napi_value__P10napi_env__P20napi_callback_info__
FN:166,_ZN4Napi7detailsL25TemplatedInstanceCallbackI9DisruptorXadL_ZNS2_7GetSpinERKNS_12CallbackInfoEEEEEP12napi_value__P10napi_env__P20napi_callback_info__
FNDA:2024,_ZN4Napi7detailsL25TemplatedInstanceCallbackI9DisruptorXadL_ZNS2_7GetSpinERKNS_12CallbackInfoEEEEEP12napi_value__P10napi_env__P20napi_callback_info__
FN:166,_ZN4Napi7detailsL25TemplatedInstanceCallbackI9DisruptorXadL_ZNS2_14GetElementSizeERKNS_12CallbackInfoEEEEEP12napi_value__P10napi_env__P20napi_callback_info__
FNDA:2102,_ZN4Napi7detailsL25TemplatedInstanceCallbackI9DisruptorXadL_ZNS2_14GetElementSizeERKNS_12CallbackInfoEEEEEP12napi_value__P10napi_env__P20napi_callback_info__
FN:166,_ZN4Napi7detailsL25TemplatedInstanceCallbackI9DisruptorXadL_ZNS2_23GetAllConsumersIgnoringERKNS_12CallbackInfoEEEEEP12napi_value__P10napi_env__P20napi_callback_info__
FNDA:590250,_ZN4Napi7detailsL25TemplatedInstanceCallbackI9DisruptorXadL_ZNS2_23GetAllConsumersIgnoringERKNS_12CallbackInfoEEEEEP12napi_value__P10napi_env__P20napi_callback_info__
FN:166,_ZN4Napi7detailsL25TemplatedInstanceCallbackI9DisruptorXadL_ZNS2_20GetPendingSeqNextEndERKNS_12CallbackInfoEEEEEP12napi_value__P10napi_env__P20napi_callback_info__
FNDA:590264,_ZN4Napi7detailsL25TemplatedInstanceCallbackI9DisruptorXadL_ZNS2_20GetPendingSeqNextEndERKNS_12CallbackInfoEEEEEP12napi_value__P10napi_env__P20napi_callback_info__
FN:166,_ZN4Napi7detailsL25TemplatedInstanceCallbackI9DisruptorXadL_ZNS2_17GetPendingSeqNextERKNS_12CallbackInfoEEEEEP12napi_value__P10napi_env__P20napi_callback_info__
FNDA:590264,_ZN4Napi7detailsL25TemplatedInstanceCallbackI9DisruptorXadL_ZNS2_17GetPendingSeqNextERKNS_12CallbackInfoEEEEEP12napi_value__P10napi_env__P20napi_callback_info__
FN:166,_ZN4Napi7detailsL25TemplatedInstanceCallbackI9DisruptorXadL_ZNS2_17ProduceCommitSyncERKNS_12CallbackInfoEEEEEP12napi_value__P10napi_env__P20napi_callback_info__
FNDA:811,_ZN4Napi7detailsL25TemplatedInstanceCallbackI9DisruptorXadL_ZNS2_17ProduceCommitSyncERKNS_12CallbackInfoEEEEEP12napi_value__P10napi_env__P20napi_callback_info__
FN:166,_ZN4Napi7detailsL25TemplatedInstanceCallbackI9DisruptorXadL_ZNS2_13ProduceCommitERKNS_12CallbackInfoEEEEEP12napi_value__P10napi_env__P20napi_callback_info__
FNDA:520744,_ZN4Napi7detailsL25TemplatedInstanceCallbackI9DisruptorXadL_ZNS2_13ProduceCommitERKNS_12CallbackInfoEEEEEP12napi_value__P10napi_env__P20napi_callback_info__
FN:166,_ZN4Napi7detailsL25TemplatedInstanceCallbackI9DisruptorXadL_ZNS2_21ProduceClaimAvailSyncERKNS_12CallbackInfoEEEEEP12napi_value__P10napi_env__P20napi_callback_info__
FNDA:2,_ZN4Napi7detailsL25TemplatedInstanceCallbackI9DisruptorXadL_ZNS2_21ProduceClaimAvailSyncERKNS_12CallbackInfoEEEEEP12napi_value__P10napi_env__P20napi_callback_info__
FN:166,_ZN4Napi7detailsL25TemplatedInstanceCallbackI9DisruptorXadL_ZNS2_12ProduceClaimERKNS_12CallbackInfoEEEEEP12napi_value__P10napi_env__P20napi_callback_info__
FNDA:519445,_ZN4Napi7detailsL25TemplatedInstanceCallbackI9DisruptorXadL_ZNS2_12ProduceClaimERKNS_12CallbackInfoEEEEEP12napi_value__P10napi_env__P20napi_callback_info__
FN:166,_ZN4Napi7detailsL25TemplatedInstanceCallbackI9DisruptorXadL_ZNS2_14ProduceRecoverERKNS_12CallbackInfoEEEEEP12napi_value__P10napi_env__P20napi_callback_info__
FNDA:76,_ZN4Napi7detailsL25TemplatedInstanceCallbackI9DisruptorXadL_ZNS2_14ProduceRecoverERKNS_12CallbackInfoEEEEEP12napi_value__P10napi_env__P20napi_callback_info__
FN:166,_ZN4Napi7detailsL25TemplatedInstanceCallbackI9DisruptorXadL_ZNS2_16ProduceClaimManyERKNS_12CallbackInfoEEEEEP12napi_value__P10napi_env__P20napi_callback_info__
FNDA:40,_ZN4Napi7detailsL25TemplatedInstanceCallbackI9DisruptorXadL_ZNS2_16ProduceClaimManyERKNS_12CallbackInfoEEEEEP12napi_value__P10napi_env__P20napi_callback_info__
FN:166,_ZN4Napi7detailsL25TemplatedInstanceCallbackI9DisruptorXadL_ZNS2_10ConsumeNewERKNS_12CallbackInfoEEEEEP12napi_value__P10napi_env__P20napi_callback_info__
FNDA:6997583,_ZN4Napi7detailsL25TemplatedInstanceCallbackI9DisruptorXadL_ZNS2_10ConsumeNewERKNS_12CallbackInfoEEEEEP12napi_value__P10napi_env__P20napi_callback_info__
FN:166,_ZN4Napi7detailsL25TemplatedInstanceCallbackI9DisruptorXadL_ZNS2_17ProduceClaimAvailERKNS_12CallbackInfoEEEEEP12napi_value__P10napi_env__P20napi_callback_info__
FNDA:69913,_ZN4Napi7detailsL25TemplatedInstanceCallbackI9DisruptorXadL_ZNS2_17ProduceClaimAvailERKNS_12CallbackInfoEEEEEP12napi_value__P10napi_env__P20napi_callback_info__
FN:166,_ZN4Napi7detailsL25TemplatedInstanceCallbackI9DisruptorXadL_ZNS2_16ProduceClaimSyncERKNS_12CallbackInfoEEEEEP12napi_value__P10napi_env__P20napi_callback_info__
FNDA:807,_ZN4Napi7detailsL25TemplatedInstanceCallbackI9DisruptorXadL_ZNS2_16ProduceClaimSyncERKNS_12CallbackInfoEEEEEP12napi_value__P10napi_env__P20napi_callback_info__
FN:166,_ZN4Napi7detailsL25TemplatedInstanceCallbackI9DisruptorXadL_ZNS2_20ProduceClaimManySyncERKNS_12CallbackInfoEEEEEP12napi_value__P10napi_env__P20napi_callback_info__
FNDA:11,_ZN4Napi7detailsL25TemplatedInstanceCallbackI9DisruptorXadL_ZNS2_20ProduceClaimManySyncERKNS_12CallbackInfoEEEEEP12napi_value__P10napi_env__P20napi_callback_info__
FN:167,_ZZN4Napi7detailsL25TemplatedInstanceCallbackI9DisruptorXadL_ZNS2_7GetNextERKNS_12CallbackInfoEEEEEP12napi_value__P10napi_env__P20napi_callback_info__ENKUlvE_clEv
FNDA:222,_ZZN4Napi7detailsL25TemplatedInstanceCallbackI9DisruptorXadL_ZNS2_7GetNextERKNS_12CallbackInfoEEEEEP12napi_value__P10napi_env__P20napi_callback_info__ENKUlvE_clEv
FN:167,_ZZN4Napi7detailsL25TemplatedInstanceCallbackI9DisruptorXadL_ZNS2_7GetSpinERKNS_12CallbackInfoEEEEEP12napi_value__P10napi_env__P20napi_callback_info__ENKUlvE_clEv
FNDA:2024,_ZZN4Napi7detailsL25TemplatedInstanceCallbackI9DisruptorXadL_ZNS2_7GetSpinERKNS_12CallbackInfoEEEEEP12napi_value__P10napi_env__P20napi_callback_info__ENKUlvE_clEv
FN:167,_ZZN4Napi7detailsL25TemplatedInstanceCallbackI9DisruptorXadL_ZNS2_19GetPendingSeqCursorERKNS_12CallbackInfoEEEEEP12napi_value__P10napi_env__P20napi_callback_info__ENKUlvE_clEv
FNDA:87,_ZZN4Napi7detailsL25TemplatedInstanceCallbackI9DisruptorXadL_ZNS2_19GetPendingSeqCursorERKNS_12CallbackInfoEEEEEP12napi_value__P10napi_env__P20napi_callback_info__ENKUlvE_clEv
FN:167,_ZZN4Napi7detailsL25TemplatedInstanceCallbackI9DisruptorXadL_ZNS2_20ProduceClaimManySyncERKNS_12CallbackInfoEEEEEP12napi_value__P10napi_env__P20napi_callback_info__ENKUlvE_clEv
FNDA:11,_ZZN4Napi7detailsL25TemplatedInstanceCallbackI9DisruptorXadL_ZNS2_20ProduceClaimManySyncERKNS_12CallbackInfoEEEEEP12napi_value__P10napi_env__P20napi_callback_info__ENKUlvE_clEv
FN:167,_ZZN4Napi7detailsL25TemplatedInstanceCallbackI9DisruptorXadL_ZNS2_11GetConsumerERKNS_12CallbackInfoEEEEEP12napi_value__P10napi_env__P20napi_callback_info__ENKUlvE_clEv
FNDA:222,_ZZN4Napi7detailsL25TemplatedInstanceCallbackI9DisruptorXadL_ZNS2_11GetConsumerERKNS_12CallbackInfoEEEEEP12napi_value__P10napi_env__P20napi_callback_info__ENKUlvE_clEv
FN:167,_ZZN4Napi7detailsL25TemplatedInstanceCallbackI9DisruptorXadL_ZNS2_11GetElementsERKNS_12CallbackInfoEEEEEP12napi_value__P10napi_env__P20napi_callback_info__ENKUlvE_clEv
FNDA:1556,_ZZN4Napi7detailsL25TemplatedInstanceCallbackI9DisruptorXadL_ZNS2_11GetElementsERKNS_12CallbackInfoEEEEEP12napi_value__P10napi_env__P20napi_callback_info__ENKUlvE_clEv
FN:167,_ZZN4Napi7detailsL25TemplatedInstanceCallbackI9DisruptorXadL_ZNS2_17ProduceClaimAvailERKNS_12CallbackInfoEEEEEP12napi_value__P10napi_env__P20napi_callback_info__ENKUlvE_clEv
FNDA:69913,_ZZN4Napi7detailsL25TemplatedInstanceCallbackI9DisruptorXadL_ZNS2_17ProduceClaimAvailERKNS_12CallbackInfoEEEEEP12napi_value__P10napi_env__P20napi_callback_info__ENKUlvE_clEv
FN:167,_ZZN4Napi7detailsL25TemplatedInstanceCallbackI9DisruptorXadL_ZNS2_17GetPendingSeqNextERKNS_12CallbackInfoEEEEEP12napi_value__P10napi_env__P20napi_callback_info__ENKUlvE_clEv
FNDA:590264,_ZZN4Napi7detailsL25TemplatedInstanceCallbackI9DisruptorXadL_ZNS2_17GetPendingSeqNextERKNS_12CallbackInfoEEEEEP12napi_value__P10napi_env__P20napi_callback_info__ENKUlvE_clEv
FN:167,_ZZN4Napi7detailsL25TemplatedInstanceCallbackI9DisruptorXadL_ZNS2_9GetCursorERKNS_12CallbackInfoEEEEEP12napi_value__P10napi_env__P20napi_callback_info__ENKUlvE_clEv
FNDA:222,_ZZN4Napi7detailsL25TemplatedInstanceCallbackI9DisruptorXadL_ZNS2_9GetCursorERKNS_12CallbackInfoEEEEEP12napi_value__P10napi_env__P20napi_callback_info__ENKUlvE_clEv
FN:167,_ZZN4Napi7detailsL25TemplatedInstanceCallbackI9DisruptorXadL_ZNS2_21ProduceClaimAvailSyncERKNS_12CallbackInfoEEEEEP12napi_value__P10napi_env__P20napi_callback_info__ENKUlvE_clEv
FNDA:2,_ZZN4Napi7detailsL25TemplatedInstanceCallbackI9DisruptorXadL_ZNS2_21ProduceClaimAvailSyncERKNS_12CallbackInfoEEEEEP12napi_value__P10napi_env__P20napi_callback_info__ENKUlvE_clEv
FN:167,_ZZN4Napi7detailsL25TemplatedInstanceCallbackI9DisruptorXadL_ZNS2_12GetConsumersERKNS_12CallbackInfoEEEEEP12napi_value__P10napi_env__P20napi_callback_info__ENKUlvE_clEv
FNDA:12,_ZZN4Napi7detailsL25TemplatedInstanceCallbackI9DisruptorXadL_ZNS2_12GetConsumersERKNS_12CallbackInfoEEEEEP12napi_value__P10napi_env__P20napi_callback_info__ENKUlvE_clEv
FN:167,_ZZN4Napi7detailsL25TemplatedInstanceCallbackI9DisruptorXadL_ZNS2_9GetStatusERKNS_12CallbackInfoEEEEEP12napi_value__P10napi_env__P20napi_callback_info__ENKUlvE_clEv
FNDA:12024373,_ZZN4Napi7detailsL25TemplatedInstanceCallbackI9DisruptorXadL_ZNS2_9GetStatusERKNS_12CallbackInfoEEEEEP12napi_value__P10napi_env__P20napi_callback_info__ENKUlvE_clEv
FN:167,_ZZN4Napi7detailsL25TemplatedInstanceCallbackI9DisruptorXadL_ZNS2_13ProduceCommitERKNS_12CallbackInfoEEEEEP12napi_value__P10napi_env__P20napi_callback_info__ENKUlvE_clEv
FNDA:520744,_ZZN4Napi7detailsL25TemplatedInstanceCallbackI9DisruptorXadL_ZNS2_13ProduceCommitERKNS_12CallbackInfoEEEEEP12napi_value__P10napi_env__P20napi_callback_info__ENKUlvE_clEv
FN:167,_ZZN4Napi7detailsL25TemplatedInstanceCallbackI9DisruptorXadL_ZNS2_14GetElementSizeERKNS_12CallbackInfoEEEEEP12napi_value__P10napi_env__P20napi_callback_info__ENKUlvE_clEv
FNDA:2102,_ZZN4Napi7detailsL25TemplatedInstanceCallbackI9DisruptorXadL_ZNS2_14GetElementSizeERKNS_12CallbackInfoEEEEEP12napi_value__P10napi_env__P20napi_callback_info__ENKUlvE_clEv
FN:167,_ZZN4Napi7detailsL25TemplatedInstanceCallbackI9DisruptorXadL_ZNS2_17ProduceCommitSyncERKNS_12CallbackInfoEEEEEP12napi_value__P10napi_env__P20napi_callback_info__ENKUlvE_clEv
FNDA:811,_ZZN4Napi7detailsL25TemplatedInstanceCallbackI9DisruptorXadL_ZNS2_17ProduceCommitSyncERKNS_12CallbackInfoEEEEEP12napi_value__P10napi_env__P20napi_callback_info__ENKUlvE_clEv
FN:167,_ZZN4Napi7detailsL25TemplatedInstanceCallbackI9DisruptorXadL_ZNS2_12ProduceClaimERKNS_12CallbackInfoEEEEEP12napi_value__P10napi_env__P20napi_callback_info__ENKUlvE_clEv
FNDA:519445,_ZZN4Napi7detailsL25TemplatedInstanceCallbackI9DisruptorXadL_ZNS2_12ProduceClaimERKNS_12CallbackInfoEEEEEP12napi_value__P10napi_env__P20napi_callback_info__ENKUlvE_clEv
FN:167,_ZZN4Napi7detailsL25TemplatedInstanceCallbackI9DisruptorXadL_ZNS2_16ProduceClaimSyncERKNS_12CallbackInfoEEEEEP12napi_value__P10napi_env__P20napi_callback_info__ENKUlvE_clEv
FNDA:807,_ZZN4Napi7detailsL25TemplatedInstanceCallbackI9DisruptorXadL_ZNS2_16ProduceClaimSyncERKNS_12CallbackInfoEEEEEP12napi_value__P10napi_env__P20napi_callback_info__ENKUlvE_clEv
FN:167,_ZZN4Napi7detailsL25TemplatedInstanceCallbackI9DisruptorXadL_ZNS2_23GetAllConsumersIgnoringERKNS_12CallbackInfoEEEEEP12napi_value__P10napi_env__P20napi_callback_info__ENKUlvE_clEv
FNDA:590250,_ZZN4Napi7detailsL25TemplatedInstanceCallbackI9DisruptorXadL_ZNS2_23GetAllConsumersIgnoringERKNS_12CallbackInfoEEEEEP12napi_value__P10napi_env__P20napi_callback_info__ENKUlvE_clEv
FN:167,_ZZN4Napi7detailsL25TemplatedInstanceCallbackI9DisruptorXadL_ZNS2_14ConsumeNewSyncERKNS_12CallbackInfoEEEEEP12napi_value__P10napi_env__P20napi_callback_info__ENKUlvE_clEv
FNDA:13,_ZZN4Napi7detailsL25TemplatedInstanceCallbackI9DisruptorXadL_ZNS2_14ConsumeNewSyncERKNS_12CallbackInfoEEEEEP12napi_value__P10napi_env__P20napi_callback_info__ENKUlvE_clEv
FN:167,_ZZN4Napi7detailsL25TemplatedInstanceCallbackI9DisruptorXadL_ZNS2_16ProduceClaimManyERKNS_12CallbackInfoEEEEEP12napi_value__P10napi_env__P20napi_callback_info__ENKUlvE_clEv
FNDA:40,_ZZN4Napi7detailsL25TemplatedInstanceCallbackI9DisruptorXadL_ZNS2_16ProduceClaimManyERKNS_12CallbackInfoEEEEEP12napi_value__P10napi_env__P20napi_callback_info__ENKUlvE_clEv
FN:167,_ZZN4Napi7detailsL25TemplatedInstanceCallbackI9DisruptorXadL_ZNS2_21GetPendingSeqConsumerERKNS_12CallbackInfoEEEEEP12napi_value__P10napi_env__P20napi_callback_info__ENKUlvE_clEv
FNDA:6997683,_ZZN4Napi7detailsL25TemplatedInstanceCallbackI9DisruptorXadL_ZNS2_21GetPendingSeqConsumerERKNS_12CallbackInfoEEEEEP12napi_value__P10napi_env__P20napi_callback_info__ENKUlvE_clEv
FN:167,_ZZN4Napi7detailsL25TemplatedInstanceCallbackI9DisruptorXadL_ZNS2_13ConsumeCommitERKNS_12CallbackInfoEEEEEP12napi_value__P10napi_env__P20napi_callback_info__ENKUlvE_clEv
FNDA:6997601,_ZZN4Napi7detailsL25TemplatedInstanceCallbackI9DisruptorXadL_ZNS2_13ConsumeCommitERKNS_12CallbackInfoEEEEEP12napi_value__P10napi_env__P20napi_callback_info__ENKUlvE_clEv
FN:167,_ZZN4Napi7detailsL25TemplatedInstanceCallbackI9DisruptorXadL_ZNS2_14ProduceRecoverERKNS_12CallbackInfoEEEEEP12napi_value__P10napi_env__P20napi_callback_info__ENKUlvE_clEv
FNDA:76,_ZZN4Napi7detailsL25TemplatedInstanceCallbackI9DisruptorXadL_ZNS2_14ProduceRecoverERKNS_12CallbackInfoEEEEEP12napi_value__P10napi_env__P20napi_callback_info__ENKUlvE_clEv
FN:167,_ZZN4Napi7detailsL25TemplatedInstanceCallbackI9DisruptorXadL_ZNS2_20GetPendingSeqNextEndERKNS_12CallbackInfoEEEEEP12napi_value__P10napi_env__P20napi_callback_info__ENKUlvE_clEv
FNDA:590264,_ZZN4Napi7detailsL25TemplatedInstanceCallbackI9DisruptorXadL_ZNS2_20GetPendingSeqNextEndERKNS_12CallbackInfoEEEEEP12napi_value__P10napi_env__P20napi_callback_info__ENKUlvE_clEv
FN:167,_ZZN4Napi7detailsL25TemplatedInstanceCallbackI9DisruptorXadL_ZNS2_10ConsumeNewERKNS_12CallbackInfoEEEEEP12napi_value__P10napi_env__P20napi_callback_info__ENKUlvE_clEv
FNDA:6997583,_ZZN4Napi7detailsL25TemplatedInstanceCallbackI9DisruptorXadL_ZNS2_10ConsumeNewERKNS_12CallbackInfoEEEEEP12napi_value__P10napi_env__P20napi_callback_info__ENKUlvE_clEv
FN:176,_ZN4Napi7detailsL29TemplatedInstanceVoidCallbackI9DisruptorXadL_ZNS2_7ReleaseERKNS_12CallbackInfoEEEEEP12napi_value__P10napi_env__P20napi_callback_info__
FNDA:5255,_ZN4Napi7detailsL29TemplatedInstanceVoidCallbackI9DisruptorXadL_ZNS2_7ReleaseERKNS_12CallbackInfoEEEEEP12napi_value__P10napi_env__P20napi_callback_info__
FN:176,_ZN4Napi7detailsL29TemplatedInstanceVoidCallbackI9DisruptorXadL_ZNS2_17ProduceClaimAsyncERKNS_12CallbackInfoEEEEEP12napi_value__P10napi_env__P20napi_callback_info__
FNDA:807,_ZN4Napi7detailsL29TemplatedInstanceVoidCallbackI9DisruptorXadL_ZNS2_17ProduceClaimAsyncERKNS_12CallbackInfoEEEEEP12napi_value__P10napi_env__P20napi_callback_info__
FN:176,_ZN4Napi7detailsL29TemplatedInstanceVoidCallbackI9DisruptorXadL_ZNS2_18ProduceCommitAsyncERKNS_12CallbackInfoEEEEEP12napi_value__P10napi_env__P20napi_callback_info__
FNDA:811,_ZN4Napi7detailsL29TemplatedInstanceVoidCallbackI9DisruptorXadL_ZNS2_18ProduceCommitAsyncERKNS_12CallbackInfoEEEEEP12napi_value__P10napi_env__P20napi_callback_info__
FN:176,_ZN4Napi7detailsL29TemplatedInstanceVoidCallbackI9DisruptorXadL_ZNS2_22ProduceClaimAvailAsyncERKNS_12CallbackInfoEEEEEP12napi_value__P10napi_env__P20napi_callback_info__
FNDA:2,_ZN4Napi7detailsL29TemplatedInstanceVoidCallbackI9DisruptorXadL_ZNS2_22ProduceClaimAvailAsyncERKNS_12CallbackInfoEEEEEP12napi_value__P10napi_env__P20napi_callback_info__
FN:176,_ZN4Napi7detailsL29TemplatedInstanceVoidCallbackI9DisruptorXadL_ZNS2_21ProduceClaimManyAsyncERKNS_12CallbackInfoEEEEEP12napi_value__P10napi_env__P20napi_callback_info__
FNDA:11,_ZN4Napi7detailsL29TemplatedInstanceVoidCallbackI9DisruptorXadL_ZNS2_21ProduceClaimManyAsyncERKNS_12CallbackInfoEEEEEP12napi_value__P10napi_env__P20napi_callback_info__
FN:176,_ZN4Napi7detailsL29TemplatedInstanceVoidCallbackI9DisruptorXadL_ZNS2_15ConsumeNewAsyncERKNS_12CallbackInfoEEEEEP12napi_value__P10napi_env__P20napi_callback_info__
FNDA:13,_ZN4Napi7detailsL29TemplatedInstanceVoidCallbackI9DisruptorXadL_ZNS2_15ConsumeNewAsyncERKNS_12CallbackInfoEEEEEP12napi_value__P10napi_env__P20napi_callback_info__
FN:178,_ZZN4Napi7detailsL29TemplatedInstanceVoidCallbackI9DisruptorXadL_ZNS2_15ConsumeNewAsyncERKNS_12CallbackInfoEEEEEP12napi_value__P10napi_env__P20napi_callback_info__ENKUlvE_clEv
FNDA:13,_ZZN4Napi7detailsL29TemplatedInstanceVoidCallbackI9DisruptorXadL_ZNS2_15ConsumeNewAsyncERKNS_12CallbackInfoEEEEEP12napi_value__P10napi_env__P20napi_callback_info__ENKUlvE_clEv
FN:178,_ZZN4Napi7detailsL29TemplatedInstanceVoidCallbackI9DisruptorXadL_ZNS2_17ProduceClaimAsyncERKNS_12CallbackInfoEEEEEP12napi_value__P10napi_env__P20napi_callback_info__ENKUlvE_clEv
FNDA:807,_ZZN4Napi7detailsL29TemplatedInstanceVoidCallbackI9DisruptorXadL_ZNS2_17ProduceClaimAsyncERKNS_12CallbackInfoEEEEEP12napi_value__P10napi_env__P20napi_callback_info__ENKUlvE_clEv
FN:178,_ZZN4Napi7detailsL29TemplatedInstanceVoidCallbackI9DisruptorXadL_ZNS2_21ProduceClaimManyAsyncERKNS_12CallbackInfoEEEEEP12napi_value__P10napi_env__P20napi_callback_info__ENKUlvE_clEv
FNDA:11,_ZZN4Napi7detailsL29TemplatedInstanceVoidCallbackI9DisruptorXadL_ZNS2_21ProduceClaimManyAsyncERKNS_12CallbackInfoEEEEEP12napi_value__P10napi_env__P20napi_callback_info__ENKUlvE_clEv
FN:178,_ZZN4Napi7detailsL29TemplatedInstanceVoidCallbackI9DisruptorXadL_ZNS2_22ProduceClaimAvailAsyncERKNS_12CallbackInfoEEEEEP12napi_value__P10napi_env__P20napi_callback_info__ENKUlvE_clEv
FNDA:2,_ZZN4Napi7detailsL29TemplatedInstanceVoidCallbackI9DisruptorXadL_ZNS2_22ProduceClaimAvailAsyncERKNS_12CallbackInfoEEEEEP12napi_value__P10napi_env__P20napi_callback_info__ENKUlvE_clEv
FN:178,_ZZN4Napi7detailsL29TemplatedInstanceVoidCallbackI9DisruptorXadL_ZNS2_18ProduceCommitAsyncERKNS_12CallbackInfoEEEEEP12napi_value__P10napi_env__P20napi_callback_info__ENKUlvE_clEv
FNDA:811,_ZZN4Napi7detailsL29TemplatedInstanceVoidCallbackI9DisruptorXadL_ZNS2_18ProduceCommitAsyncERKNS_12CallbackInfoEEEEEP12napi_value__P10napi_env__P20napi_callback_info__ENKUlvE_clEv
FN:178,_ZZN4Napi7detailsL29TemplatedInstanceVoidCallbackI9DisruptorXadL_ZNS2_7ReleaseERKNS_12CallbackInfoEEEEEP12napi_value__P10napi_env__P20napi_callback_info__ENKUlvE_clEv
FNDA:5255,_ZZN4Napi7detailsL29TemplatedInstanceVoidCallbackI9DisruptorXadL_ZNS2_7ReleaseERKNS_12CallbackInfoEEEEEP12napi_value__P10napi_env__P20napi_callback_info__ENKUlvE_clEv
FN:188,_ZN4Napi7details12FinalizeDataIhZN9DisruptorC4ERKNS_12CallbackInfoEEUlNS_3EnvEPhE_vE7WrapperEP10napi_env__PvSC_
FNDA:4756,_ZN4Napi7details12FinalizeDataIhZN9DisruptorC4ERKNS_12CallbackInfoEEUlNS_3EnvEPhE_vE7WrapperEP10napi_env__PvSC_
FN:191,_ZZN4Napi7details12FinalizeDataIhZN9DisruptorC4ERKNS_12CallbackInfoEEUlNS_3EnvEPhE_vE7WrapperEP10napi_env__PvSC_ENKUlvE_clEv
FNDA:4756,_ZZN4Napi7details12FinalizeDataIhZN9DisruptorC4ERKNS_12CallbackInfoEEUlNS_3EnvEPhE_vE7WrapperEP10napi_env__PvSC_ENKUlvE_clEv
FN:376,_ZN4Napi14RegisterModuleEP10napi_env__P12napi_value__PFNS_6ObjectENS_3EnvES4_E
FNDA:505,_ZN4Napi14RegisterModuleEP10napi_env__P12napi_value__PFNS_6ObjectENS_3EnvES4_E
FN:379,_ZZN4Napi14RegisterModuleEP10napi_env__P12napi_value__PFNS_6ObjectENS_3EnvES4_EENKUlvE_clEv
FNDA:505,_ZZN4Napi14RegisterModuleEP10napi_env__P12napi_value__PFNS_6ObjectENS_3EnvES4_EENKUlvE_clEv
FN:455,_ZN4Napi3EnvC2EP10napi_env__
FNDA:103939976,_ZN4Napi3EnvC2EP10napi_env__
FN:458,_ZNK4Napi3EnvcvP10napi_env__Ev
FNDA:100679082,_ZNK4Napi3EnvcvP10napi_env__Ev
FN:462,_ZNK4Napi3Env6GlobalEv
FNDA:5760,_ZNK4Napi3Env6GlobalEv
FN:469,_ZNK4Napi3Env9UndefinedEv
FNDA:1441502,_ZNK4Napi3Env9UndefinedEv
FN:476,_ZNK4Napi3Env4NullEv
FNDA:441515,_ZNK4Napi3Env4NullEv
FN:483,_ZNK4Napi3Env18IsExceptionPendingEv
FNDA:453035,_ZNK4Napi3Env18IsExceptionPendingEv
FN:582,_ZN4Napi5ValueC2Ev
FNDA:5760,_ZN4Napi5ValueC2Ev
FN:585,_ZN4Napi5ValueC2EP10napi_env__P12napi_value__
FNDA:134780381,_ZN4Napi5ValueC2EP10napi_env__P12napi_value__
FN:588,_ZNK4Napi5ValuecvP12napi_value__Ev
FNDA:102807870,_ZNK4Napi5ValuecvP12napi_value__Ev
FN:607,_ZNK4Napi5Value3EnvEv
FNDA:54230356,_ZNK4Napi5Value3EnvEv
FN:611,_ZNK4Napi5Value7IsEmptyEv
FNDA:446279,_ZNK4Napi5Value7IsEmptyEv
FN:615,_ZNK4Napi5Value4TypeEv
FNDA:441515,_ZNK4Napi5Value4TypeEv
FN:706,_ZNK4Napi5Value10IsFunctionEv
FNDA:441515,_ZNK4Napi5Value10IsFunctionEv
FN:748,_ZNK4Napi5Value2AsINS_6ObjectEEET_v
FNDA:35918996,_ZNK4Napi5Value2AsINS_6ObjectEEET_v
FN:748,_ZNK4Napi5Value2AsINS_8FunctionEEET_v
FNDA:453035,_ZNK4Napi5Value2AsINS_8FunctionEEET_v
FN:748,_ZNK4Napi5Value2AsINS_6StringEEET_v
FNDA:5768,_ZNK4Napi5Value2AsINS_6StringEEET_v
FN:748,_ZNK4Napi5Value2AsINS_6BufferIhEEEET_v
FNDA:1521808,_ZNK4Napi5Value2AsINS_6BufferIhEEEET_v
FN:748,_ZNK4Napi5Value2AsINS_6NumberEEET_v
FNDA:95819,_ZNK4Napi5Value2AsINS_6NumberEEET_v
FN:748,_ZNK4Napi5Value2AsINS_7BooleanEEET_v
FNDA:12544,_ZNK4Napi5Value2AsINS_7BooleanEEET_v
FN:784,_ZN4Napi7Boolean3NewEP10napi_env__b
FNDA:8240367,_ZN4Napi7Boolean3NewEP10napi_env__b
FN:794,_ZN4Napi7BooleanC2EP10napi_env__P12napi_value__
FNDA:8252911,_ZN4Napi7BooleanC2EP10napi_env__P12napi_value__
FN:797,_ZNK4Napi7BooleancvbEv
FNDA:533288,_ZNK4Napi7BooleancvbEv
FN:801,_ZNK4Napi7Boolean5ValueEv
FNDA:533288,_ZNK4Napi7Boolean5ValueEv
FN:812,_ZN4Napi6Number3NewEP10napi_env__d
FNDA:23571969,_ZN4Napi6Number3NewEP10napi_env__d
FN:822,_ZN4Napi6NumberC2EP10napi_env__P12napi_value__
FNDA:23667788,_ZN4Napi6NumberC2EP10napi_env__P12napi_value__
FN:825,_ZNK4Napi6NumbercviEv
FNDA:10,_ZNK4Napi6NumbercviEv
FN:829,_ZNK4Napi6NumbercvjEv
FNDA:93051,_ZNK4Napi6NumbercvjEv
FN:845,_ZNK4Napi6Number10Int32ValueEv
FNDA:10,_ZNK4Napi6Number10Int32ValueEv
FN:852,_ZNK4Napi6Number11Uint32ValueEv
FNDA:93051,_ZNK4Napi6Number11Uint32ValueEv
FN:859,_ZNK4Napi6Number10Int64ValueEv
FNDA:2758,_ZNK4Napi6Number10Int64ValueEv
FN:978,_ZN4Napi4NameC2EP10napi_env__P12napi_value__
FNDA:5776,_ZN4Napi4NameC2EP10napi_env__P12napi_value__
FN:993,_ZN4Napi6String3NewEP10napi_env__PKc
FNDA:8,_ZN4Napi6String3NewEP10napi_env__PKc
FN:1036,_ZN4Napi6StringC2EP10napi_env__P12napi_value__
FNDA:5776,_ZN4Napi6StringC2EP10napi_env__P12napi_value__
FN:1039,_ZNK4Napi6StringcvNSt7__cxx1112basic_stringIcSt11char_traitsIcESaIcEEEEv
FNDA:0,_ZNK4Napi6StringcvNSt7__cxx1112basic_stringIcSt11char_traitsIcESaIcEEEEv
FN:1047,_ZNK4Napi6String9Utf8ValueB5cxx11Ev
FNDA:5768,_ZNK4Napi6String9Utf8ValueB5cxx11Ev
FN:1178,_ZN4Napi7details13vf_utf8_charp4FromEP10napi_env__PKc
FNDA:8,_ZN4Napi7details13vf_utf8_charp4FromEP10napi_env__PKc
FN:1202,_ZN4Napi7details11vf_fallbackINS_6BufferIhEEE4FromEP10napi_env__RKS3_
FNDA:677393,_ZN4Napi7details11vf_fallbackINS_6BufferIhEEE4FromEP10napi_env__RKS3_
FN:1202,_ZN4Napi7details11vf_fallbackINS_5ValueEE4FromEP10napi_env__RKS2_
FNDA:307490,_ZN4Napi7details11vf_fallbackINS_5ValueEE4FromEP10napi_env__RKS2_
FN:1202,_ZN4Napi7details11vf_fallbackIP12napi_value__E4FromEP10napi_env__RKS3_
FNDA:0,_ZN4Napi7details11vf_fallbackIP12napi_value__E4FromEP10napi_env__RKS3_
FN:1202,_ZN4Napi7details11vf_fallbackINS_8FunctionEE4FromEP10napi_env__RKS2_
FNDA:505,_ZN4Napi7details11vf_fallbackINS_8FunctionEE4FromEP10napi_env__RKS2_
FN:1222,_ZN4Napi5Value4FromIS0_EES0_P10napi_env__RKT_
FNDA:307490,_ZN4Napi5Value4FromIS0_EES0_P10napi_env__RKT_
FN:1222,_ZN4Napi5Value4FromIP12napi_value__EES0_P10napi_env__RKT_
FNDA:0,_ZN4Napi5Value4FromIP12napi_value__EES0_P10napi_env__RKT_
FN:1222,_ZN4Napi5Value4FromINS_6BufferIhEEEES0_P10napi_env__RKT_
FNDA:677393,_ZN4Napi5Value4FromINS_6BufferIhEEEES0_P10napi_env__RKT_
FN:1222,_ZN4Napi5Value4FromINS_8FunctionEEES0_P10napi_env__RKT_
FNDA:505,_ZN4Napi5Value4FromINS_8FunctionEEES0_P10napi_env__RKT_
FN:1236,_ZN4Napi6String4FromIPKcEES0_P10napi_env__RKT_
FNDA:8,_ZN4Napi6String4FromIPKcEES0_P10napi_env__RKT_
FN:1273,_ZN4Napi6Object14PropertyLValueIjEaSINS_5ValueEEERS2_T_
FNDA:307490,_ZN4Napi6Object14PropertyLValueIjEaSINS_5ValueEEERS2_T_
FN:1285,_ZN4Napi6Object14PropertyLValueIjEC2ES0_j
FNDA:307490,_ZN4Napi6Object14PropertyLValueIjEC2ES0_j
FN:1288,_ZN4Napi6Object3NewEP10napi_env__
FNDA:5995530,_ZN4Napi6Object3NewEP10napi_env__
FN:1295,_ZN4Napi6ObjectC2Ev
FNDA:5760,_ZN4Napi6ObjectC2Ev
FN:1298,_ZN4Napi6ObjectC2EP10napi_env__P12napi_value__
FNDA:96996217,_ZN4Napi6ObjectC2EP10napi_env__P12napi_value__
FN:1311,_ZN4Napi6ObjectixEj
FNDA:307490,_ZN4Napi6ObjectixEj
FN:1390,_ZNK4Napi6Object3GetEPKc
FNDA:17280,_ZNK4Napi6Object3GetEPKc
FN:1416,_ZNK4Napi6Object3SetINS_8FunctionEEEbPKcRKT_
FNDA:505,_ZNK4Napi6Object3SetINS_8FunctionEEEbPKcRKT_
FN:1462,_ZNK4Napi6Object3SetINS_5ValueEEEbjRKT_
FNDA:307490,_ZNK4Napi6Object3SetINS_5ValueEEEbjRKT_
FN:1462,_ZNK4Napi6Object3SetINS_6BufferIhEEEEbjRKT_
FNDA:677393,_ZNK4Napi6Object3SetINS_6BufferIhEEEEbjRKT_
FN:1711,_ZN4Napi5Array3NewEP10napi_env__
FNDA:7375063,_ZN4Napi5Array3NewEP10napi_env__
FN:1728,_ZN4Napi5ArrayC2EP10napi_env__P12napi_value__
FNDA:7375063,_ZN4Napi5ArrayC2EP10napi_env__P12napi_value__
FN:1731,_ZNK4Napi5Array6LengthEv
FNDA:7067536,_ZNK4Napi5Array6LengthEv
FN:2019,_ZN4Napi10TypedArrayC2Ev
FNDA:5760,_ZN4Napi10TypedArrayC2Ev
FN:2023,_ZN4Napi10TypedArrayC2EP10napi_env__P12napi_value__
FNDA:3050944,_ZN4Napi10TypedArrayC2EP10napi_env__P12napi_value__
FN:2129,_ZN4Napi12TypedArrayOfIhEC2Ev
FNDA:5760,_ZN4Napi12TypedArrayOfIhEC2Ev
FN:2133,_ZN4Napi12TypedArrayOfIhEC2EP10napi_env__P12napi_value__
FNDA:3050944,_ZN4Napi12TypedArrayOfIhEC2EP10napi_env__P12napi_value__
FN:2188,_ZN4NapiL14CreateFunctionINS_18MethodCallbackDataI9DisruptorPFvRKNS_12CallbackInfoEEEEEE11napi_statusP10napi_env__PKcPFP12napi_value__SB_P20napi_callback_info__EPT_PSF_
FNDA:0,_ZN4NapiL14CreateFunctionINS_18MethodCallbackDataI9DisruptorPFvRKNS_12CallbackInfoEEEEEE11napi_statusP10napi_env__PKcPFP12napi_value__SB_P20napi_callback_info__EPT_PSF_
FN:2188,_ZN4NapiL14CreateFunctionINS_18MethodCallbackDataI9DisruptorPFNS_5ValueERKNS_12CallbackInfoEEEEEE11napi_statusP10napi_env__PKcPFP12napi_value__SC_P20napi_callback_info__EPT_PSG_
FNDA:0,_ZN4NapiL14CreateFunctionINS_18MethodCallbackDataI9DisruptorPFNS_5ValueERKNS_12CallbackInfoEEEEEE11napi_statusP10napi_env__PKcPFP12napi_value__SC_P20napi_callback_info__EPT_PSG_
FN:2203,_ZN4Napi8Function3NewIXadL_Z12NullCallbackRKNS_12CallbackInfoEEEEES0_P10napi_env__PKcPv
FNDA:0,_ZN4Napi8Function3NewIXadL_Z12NullCallbackRKNS_12CallbackInfoEEEEES0_P10napi_env__PKcPv
FN:2276,_ZN4Napi8FunctionC2EP10napi_env__P12napi_value__
FNDA:4973113,_ZN4Napi8FunctionC2EP10napi_env__P12napi_value__
FN:2304,_ZNK4Napi8Function4CallEP12napi_value__RKSt16initializer_listIS2_E
FNDA:1521808,_ZNK4Napi8Function4CallEP12napi_value__RKSt16initializer_listIS2_E
FN:2309,_ZNK4Napi8Function4CallEP12napi_value__RKSt6vectorIS2_SaIS2_EE
FNDA:0,_ZNK4Napi8Function4CallEP12napi_value__RKSt6vectorIS2_SaIS2_EE
FN:2335,_ZNK4Napi8Function4CallEP12napi_value__mPKS2_
FNDA:1521808,_ZNK4Napi8Function4CallEP12napi_value__mPKS2_
FN:2345,_ZNK4Napi8Function12MakeCallbackEP12napi_value__RKSt16initializer_listIS2_EP20napi_async_context__
FNDA:441515,_ZNK4Napi8Function12MakeCallbackEP12napi_value__RKSt16initializer_listIS2_EP20napi_async_context__
FN:2359,_ZNK4Napi8Function12MakeCallbackEP12napi_value__mPKS2_P20napi_async_context__
FNDA:441515,_ZNK4Napi8Function12MakeCallbackEP12napi_value__mPKS2_P20napi_async_context__
FN:2448,_ZN4Napi6BufferIhE3NewIZN9DisruptorC4ERKNS_12CallbackInfoEEUlNS_3EnvEPhE_EES1_P10napi_env__S8_mT_
FNDA:5760,_ZN4Napi6BufferIhE3NewIZN9DisruptorC4ERKNS_12CallbackInfoEEUlNS_3EnvEPhE_EES1_P10napi_env__S8_mT_
FN:2505,_ZN4Napi6BufferIhEC2Ev
FNDA:5760,_ZN4Napi6BufferIhEC2Ev
FN:2509,_ZN4Napi6BufferIhEC2EP10napi_env__P12napi_value__
FNDA:3045184,_ZN4Napi6BufferIhEC2EP10napi_env__P12napi_value__
FN:2514,_ZN4Napi6BufferIhEC2EP10napi_env__P12napi_value__mPh
FNDA:5760,_ZN4Napi6BufferIhEC2EP10napi_env__P12napi_value__mPh
FN:2519,_ZNK4Napi6BufferIhE6LengthEv
FNDA:519445,_ZNK4Napi6BufferIhE6LengthEv
FN:2531,_ZNK4Napi6BufferIhE10EnsureInfoEv
FNDA:519445,_ZNK4Napi6BufferIhE10EnsureInfoEv
FN:2549,_ZN4Napi5Error3NewEP10napi_env__
FNDA:0,_ZN4Napi5Error3NewEP10napi_env__
FN:2609,_ZN4Napi5Error3NewEP10napi_env__PKc
FNDA:0,_ZN4Napi5Error3NewEP10napi_env__PKc
FN:2613,_ZN4Napi5Error3NewEP10napi_env__RKNSt7__cxx1112basic_stringIcSt11char_traitsIcESaIcEEE
FNDA:8,_ZN4Napi5Error3NewEP10napi_env__RKNSt7__cxx1112basic_stringIcSt11char_traitsIcESaIcEEE
FN:2617,_ZN4Napi5Error5FatalEPKcS2_
FNDA:0,_ZN4Napi5Error5FatalEPKcS2_
FN:2624,_ZN4Napi5ErrorC2EP10napi_env__P12napi_value__
FNDA:8,_ZN4Napi5ErrorC2EP10napi_env__P12napi_value__
FN:2662,_ZNK4Napi5Error5ValueEv
FNDA:8,_ZNK4Napi5Error5ValueEv
FN:2728,_ZNK4Napi5Error7MessageB5cxx11Ev
FNDA:0,_ZNK4Napi5Error7MessageB5cxx11Ev
FN:2753,_ZNK4Napi5Error26ThrowAsJavaScriptExceptionEv
FNDA:8,_ZNK4Napi5Error26ThrowAsJavaScriptExceptionEv
FN:2801,_ZNK4Napi5Error4whatEv
FNDA:0,_ZNK4Napi5Error4whatEv
FN:2807,_ZN4Napi5Error16ERROR_WRAP_VALUEEv
FNDA:8,_ZN4Napi5Error16ERROR_WRAP_VALUEEv
FN:2812,_ZN4Napi5Error3NewINS_9TypeErrorEEET_P10napi_env__PKcmPF11napi_statusS5_P12napi_value__SA_PSA_E
FNDA:0,_ZN4Napi5Error3NewINS_9TypeErrorEEET_P10napi_env__PKcmPF11napi_statusS5_P12napi_value__SA_PSA_E
FN:2812,_ZN4Napi5Error3NewIS0_EET_P10napi_env__PKcmPF11napi_statusS4_P12napi_value__S9_PS9_E
FNDA:8,_ZN4Napi5Error3NewIS0_EET_P10napi_env__PKcmPF11napi_statusS4_P12napi_value__S9_PS9_E
FN:2827,_ZN4Napi9TypeError3NewEP10napi_env__PKc
FNDA:0,_ZN4Napi9TypeError3NewEP10napi_env__PKc
FN:2838,_ZN4Napi9TypeErrorC2EP10napi_env__P12napi_value__
FNDA:0,_ZN4Napi9TypeErrorC2EP10napi_env__P12napi_value__
FN:2860,_ZN4Napi9ReferenceINS_6BufferIhEEE3NewERKS2_j
FNDA:17280,_ZN4Napi9ReferenceINS_6BufferIhEEE3NewERKS2_j
FN:2860,_ZN4Napi9ReferenceINS_6ObjectEE3NewERKS1_j
FNDA:5995530,_ZN4Napi9ReferenceINS_6ObjectEE3NewERKS1_j
FN:2860,_ZN4Napi9ReferenceINS_8FunctionEE3NewERKS1_j
FNDA:3003525,_ZN4Napi9ReferenceINS_8FunctionEE3NewERKS1_j
FN:2877,_ZN4Napi9ReferenceINS_6BufferIhEEEC2Ev
FNDA:17304,_ZN4Napi9ReferenceINS_6BufferIhEEEC2Ev
FN:2877,_ZN4Napi9ReferenceINS_8FunctionEEC2Ev
FNDA:5768,_ZN4Napi9ReferenceINS_8FunctionEEC2Ev
FN:2877,_ZN4Napi9ReferenceINS_6ObjectEEC2Ev
FNDA:5768,_ZN4Napi9ReferenceINS_6ObjectEEC2Ev
FN:2881,_ZN4Napi9ReferenceINS_6BufferIhEEEC2EP10napi_env__P10napi_ref__
FNDA:17280,_ZN4Napi9ReferenceINS_6BufferIhEEEC2EP10napi_env__P10napi_ref__
FN:2881,_ZN4Napi9ReferenceINS_8FunctionEEC2EP10napi_env__P10napi_ref__
FNDA:3003525,_ZN4Napi9ReferenceINS_8FunctionEEC2EP10napi_env__P10napi_ref__
FN:2881,_ZN4Napi9ReferenceINS_6ObjectEEC2EP10napi_env__P10napi_ref__
FNDA:6001306,_ZN4Napi9ReferenceINS_6ObjectEEC2EP10napi_env__P10napi_ref__
FN:2886,_ZN4Napi9ReferenceINS_8FunctionEED2Ev
FNDA:6011814,_ZN4Napi9ReferenceINS_8FunctionEED2Ev
FN:2886,_ZN4Napi9ReferenceINS_6ObjectEED2Ev
FNDA:12001600,_ZN4Napi9ReferenceINS_6ObjectEED2Ev
FN:2886,_ZN4Napi9ReferenceINS_6BufferIhEEED2Ev
FNDA:31572,_ZN4Napi9ReferenceINS_6BufferIhEEED2Ev
FN:2897,_ZN4Napi9ReferenceINS_8FunctionEEC2EOS2_
FNDA:3003525,_ZN4Napi9ReferenceINS_8FunctionEEC2EOS2_
FN:2897,_ZN4Napi9ReferenceINS_6ObjectEEC2EOS2_
FNDA:5995530,_ZN4Napi9ReferenceINS_6ObjectEEC2EOS2_
FN:2905,_ZN4Napi9ReferenceINS_8FunctionEEaSEOS2_
FNDA:5760,_ZN4Napi9ReferenceINS_8FunctionEEaSEOS2_
FN:2905,_ZN4Napi9ReferenceINS_6BufferIhEEEaSEOS3_
FNDA:17280,_ZN4Napi9ReferenceINS_6BufferIhEEEaSEOS3_
FN:2905,_ZN4Napi9ReferenceINS_6ObjectEEaSEOS2_
FNDA:5768,_ZN4Napi9ReferenceINS_6ObjectEEaSEOS2_
FN:2947,_ZNK4Napi9ReferenceINS_8FunctionEE3EnvEv
FNDA:0,_ZNK4Napi9ReferenceINS_8FunctionEE3EnvEv
FN:2947,_ZNK4Napi9ReferenceINS_6ObjectEE3EnvEv
FNDA:8,_ZNK4Napi9ReferenceINS_6ObjectEE3EnvEv
FN:2952,_ZNK4Napi9ReferenceINS_6ObjectEE7IsEmptyEv
FNDA:4772,_ZNK4Napi9ReferenceINS_6ObjectEE7IsEmptyEv
FN:2952,_ZNK4Napi9ReferenceINS_8FunctionEE7IsEmptyEv
FNDA:0,_ZNK4Napi9ReferenceINS_8FunctionEE7IsEmptyEv
FN:2957,_ZNK4Napi9ReferenceINS_6BufferIhEEE5ValueEv
FNDA:1523376,_ZNK4Napi9ReferenceINS_6BufferIhEEE5ValueEv
FN:2957,_ZNK4Napi9ReferenceINS_8FunctionEE5ValueEv
FNDA:4519573,_ZNK4Napi9ReferenceINS_8FunctionEE5ValueEv
FN:2957,_ZNK4Napi9ReferenceINS_6ObjectEE5ValueEv
FNDA:3444044,_ZNK4Napi9ReferenceINS_6ObjectEE5ValueEv
FN:2985,_ZN4Napi9ReferenceINS_6ObjectEE5ResetEv
FNDA:5768,_ZN4Napi9ReferenceINS_6ObjectEE5ResetEv
FN:2985,_ZN4Napi9ReferenceINS_8FunctionEE5ResetEv
FNDA:15771,_ZN4Napi9ReferenceINS_8FunctionEE5ResetEv
FN:2985,_ZN4Napi9ReferenceINS_6BufferIhEEE5ResetEv
FNDA:47313,_ZN4Napi9ReferenceINS_6BufferIhEEE5ResetEv
FN:3024,_ZN4Napi10PersistentINS_6BufferIhEEEENS_9ReferenceIT_EES4_
FNDA:17280,_ZN4Napi10PersistentINS_6BufferIhEEEENS_9ReferenceIT_EES4_
FN:3028,_ZN4Napi10PersistentENS_6ObjectE
FNDA:5995530,_ZN4Napi10PersistentENS_6ObjectE
FN:3032,_ZN4Napi10PersistentENS_8FunctionE
FNDA:3003525,_ZN4Napi10PersistentENS_8FunctionE
FN:3043,_ZN4Napi15ObjectReferenceC2EP10napi_env__P10napi_ref__
FNDA:8,_ZN4Napi15ObjectReferenceC2EP10napi_env__P10napi_ref__
FN:3046,_ZN4Napi15ObjectReferenceC2EONS_9ReferenceINS_6ObjectEEE
FNDA:5995530,_ZN4Napi15ObjectReferenceC2EONS_9ReferenceINS_6ObjectEEE
FN:3068,_ZNK4Napi15ObjectReference3GetEPKc
FNDA:0,_ZNK4Napi15ObjectReference3GetEPKc
FN:3218,_ZN4Napi17FunctionReferenceC2Ev
FNDA:5768,_ZN4Napi17FunctionReferenceC2Ev
FN:3225,_ZN4Napi17FunctionReferenceC2EONS_9ReferenceINS_8FunctionEEE
FNDA:3003525,_ZN4Napi17FunctionReferenceC2EONS_9ReferenceINS_8FunctionEEE
FN:3238,_ZN4Napi17FunctionReferenceaSEOS0_
FNDA:5760,_ZN4Napi17FunctionReferenceaSEOS0_
FN:3294,_ZNK4Napi17FunctionReference4CallEP12napi_value__RKSt16initializer_listIS2_E
FNDA:11520,_ZNK4Napi17FunctionReference4CallEP12napi_value__RKSt16initializer_listIS2_E
FN:3311,_ZNK4Napi17FunctionReference4CallEP12napi_value__RKSt6vectorIS2_SaIS2_EE
FNDA:0,_ZNK4Napi17FunctionReference4CallEP12napi_value__RKSt6vectorIS2_SaIS2_EE
FN:3345,_ZNK4Napi17FunctionReference12MakeCallbackEP12napi_value__RKSt16initializer_listIS2_EP20napi_async_context__
FNDA:441515,_ZNK4Napi17FunctionReference12MakeCallbackEP12napi_value__RKSt16initializer_listIS2_EP20napi_async_context__
FN:3443,_ZN4Napi12CallbackInfoC2EP10napi_env__P20napi_callback_info__
FNDA:35919004,_ZN4Napi12CallbackInfoC2EP10napi_env__P20napi_callback_info__
FN:3461,_ZN4Napi12CallbackInfoD2Ev
FNDA:35919004,_ZN4Napi12CallbackInfoD2Ev
FN:3478,_ZNK4Napi12CallbackInfo3EnvEv
FNDA:36356186,_ZNK4Napi12CallbackInfo3EnvEv
FN:3482,_ZNK4Napi12CallbackInfo6LengthEv
FNDA:969136,_ZNK4Napi12CallbackInfo6LengthEv
FN:3486,_ZNK4Napi12CallbackInfoixEm
FNDA:555646,_ZNK4Napi12CallbackInfoixEm
FN:3490,_ZNK4Napi12CallbackInfo4ThisEv
FNDA:35924764,_ZNK4Napi12CallbackInfo4ThisEv
FN:3497,_ZNK4Napi12CallbackInfo4DataEv
FNDA:0,_ZNK4Napi12CallbackInfo4DataEv
FN:3501,_ZN4Napi12CallbackInfo7SetDataEPv
FNDA:0,_ZN4Napi12CallbackInfo7SetDataEPv
FN:3825,_ZN4Napi12InstanceWrapI9DisruptorE14AttachPropDataEP10napi_env__P12napi_value__PK24napi_property_descriptor
FNDA:15655,_ZN4Napi12InstanceWrapI9DisruptorE14AttachPropDataEP10napi_env__P12napi_value__PK24napi_property_descriptor
FN:3918,_ZN4Napi12InstanceWrapI9DisruptorE14InstanceMethodIXadL_ZNS1_15ConsumeNewAsyncERKNS_12CallbackInfoEEEEENS_23ClassPropertyDescriptorIS1_EEPKc24napi_property_attributesPv
FNDA:505,_ZN4Napi12InstanceWrapI9DisruptorE14InstanceMethodIXadL_ZNS1_15ConsumeNewAsyncERKNS_12CallbackInfoEEEEENS_23ClassPropertyDescriptorIS1_EEPKc24napi_property_attributesPv
FN:3918,_ZN4Napi12InstanceWrapI9DisruptorE14InstanceMethodIXadL_ZNS1_7ReleaseERKNS_12CallbackInfoEEEEENS_23ClassPropertyDescriptorIS1_EEPKc24napi_property_attributesPv
FNDA:505,_ZN4Napi12InstanceWrapI9DisruptorE14InstanceMethodIXadL_ZNS1_7ReleaseERKNS_12CallbackInfoEEEEENS_23ClassPropertyDescriptorIS1_EEPKc24napi_property_attributesPv
FN:3918,_ZN4Napi12InstanceWrapI9DisruptorE14InstanceMethodIXadL_ZNS1_17ProduceClaimAsyncERKNS_12CallbackInfoEEEEENS_23ClassPropertyDescriptorIS1_EEPKc24napi_property_attributesPv
FNDA:505,_ZN4Napi12InstanceWrapI9DisruptorE14InstanceMethodIXadL_ZNS1_17ProduceClaimAsyncERKNS_12CallbackInfoEEEEENS_23ClassPropertyDescriptorIS1_EEPKc24napi_property_attributesPv
FN:3918,_ZN4Napi12InstanceWrapI9DisruptorE14InstanceMethodIXadL_ZNS1_18ProduceCommitAsyncERKNS_12CallbackInfoEEEEENS_23ClassPropertyDescriptorIS1_EEPKc24napi_property_attributesPv
FNDA:505,_ZN4Napi12InstanceWrapI9DisruptorE14InstanceMethodIXadL_ZNS1_18ProduceCommitAsyncERKNS_12CallbackInfoEEEEENS_23ClassPropertyDescriptorIS1_EEPKc24napi_property_attributesPv
FN:3918,_ZN4Napi12InstanceWrapI9DisruptorE14InstanceMethodIXadL_ZNS1_22ProduceClaimAvailAsyncERKNS_12CallbackInfoEEEEENS_23ClassPropertyDescriptorIS1_EEPKc24napi_property_attributesPv
FNDA:505,_ZN4Napi12InstanceWrapI9DisruptorE14InstanceMethodIXadL_ZNS1_22ProduceClaimAvailAsyncERKNS_12CallbackInfoEEEEENS_23ClassPropertyDescriptorIS1_EEPKc24napi_property_attributesPv
FN:3918,_ZN4Napi12InstanceWrapI9DisruptorE14InstanceMethodIXadL_ZNS1_21ProduceClaimManyAsyncERKNS_12CallbackInfoEEEEENS_23ClassPropertyDescriptorIS1_EEPKc24napi_property_attributesPv
FNDA:505,_ZN4Napi12InstanceWrapI9DisruptorE14InstanceMethodIXadL_ZNS1_21ProduceClaimManyAsyncERKNS_12CallbackInfoEEEEENS_23ClassPropertyDescriptorIS1_EEPKc24napi_property_attributesPv
FN:3932,_ZN4Napi12InstanceWrapI9DisruptorE14InstanceMethodIXadL_ZNS1_20ProduceClaimManySyncERKNS_12CallbackInfoEEEEENS_23ClassPropertyDescriptorIS1_EEPKc24napi_property_attributesPv
FNDA:505,_ZN4Napi12InstanceWrapI9DisruptorE14InstanceMethodIXadL_ZNS1_20ProduceClaimManySyncERKNS_12CallbackInfoEEEEENS_23ClassPropertyDescriptorIS1_EEPKc24napi_property_attributesPv
FN:3932,_ZN4Napi12InstanceWrapI9DisruptorE14InstanceMethodIXadL_ZNS1_12ProduceClaimERKNS_12CallbackInfoEEEEENS_23ClassPropertyDescriptorIS1_EEPKc24napi_property_attributesPv
FNDA:505,_ZN4Napi12InstanceWrapI9DisruptorE14InstanceMethodIXadL_ZNS1_12ProduceClaimERKNS_12CallbackInfoEEEEENS_23ClassPropertyDescriptorIS1_EEPKc24napi_property_attributesPv
FN:3932,_ZN4Napi12InstanceWrapI9DisruptorE14InstanceMethodIXadL_ZNS1_16ProduceClaimSyncERKNS_12CallbackInfoEEEEENS_23ClassPropertyDescriptorIS1_EEPKc24napi_property_attributesPv
FNDA:505,_ZN4Napi12InstanceWrapI9DisruptorE14InstanceMethodIXadL_ZNS1_16ProduceClaimSyncERKNS_12CallbackInfoEEEEENS_23ClassPropertyDescriptorIS1_EEPKc24napi_property_attributesPv
FN:3932,_ZN4Napi12InstanceWrapI9DisruptorE14InstanceMethodIXadL_ZNS1_13ConsumeCommitERKNS_12CallbackInfoEEEEENS_23ClassPropertyDescriptorIS1_EEPKc24napi_property_attributesPv
FNDA:505,_ZN4Napi12InstanceWrapI9DisruptorE14InstanceMethodIXadL_ZNS1_13ConsumeCommitERKNS_12CallbackInfoEEEEENS_23ClassPropertyDescriptorIS1_EEPKc24napi_property_attributesPv
FN:3932,_ZN4Napi12InstanceWrapI9DisruptorE14InstanceMethodIXadL_ZNS1_10ConsumeNewERKNS_12CallbackInfoEEEEENS_23ClassPropertyDescriptorIS1_EEPKc24napi_property_attributesPv
FNDA:505,_ZN4Napi12InstanceWrapI9DisruptorE14InstanceMethodIXadL_ZNS1_10ConsumeNewERKNS_12CallbackInfoEEEEENS_23ClassPropertyDescriptorIS1_EEPKc24napi_property_attributesPv
FN:3932,_ZN4Napi12InstanceWrapI9DisruptorE14InstanceMethodIXadL_ZNS1_16ProduceClaimManyERKNS_12CallbackInfoEEEEENS_23ClassPropertyDescriptorIS1_EEPKc24napi_property_attributesPv
FNDA:505,_ZN4Napi12InstanceWrapI9DisruptorE14InstanceMethodIXadL_ZNS1_16ProduceClaimManyERKNS_12CallbackInfoEEEEENS_23ClassPropertyDescriptorIS1_EEPKc24napi_property_attributesPv
FN:3932,_ZN4Napi12InstanceWrapI9DisruptorE14InstanceMethodIXadL_ZNS1_17ProduceClaimAvailERKNS_12CallbackInfoEEEEENS_23ClassPropertyDescriptorIS1_EEPKc24napi_property_attributesPv
FNDA:505,_ZN4Napi12InstanceWrapI9DisruptorE14InstanceMethodIXadL_ZNS1_17ProduceClaimAvailERKNS_12CallbackInfoEEEEENS_23ClassPropertyDescriptorIS1_EEPKc24napi_property_attributesPv
FN:3932,_ZN4Napi12InstanceWrapI9DisruptorE14InstanceMethodIXadL_ZNS1_21ProduceClaimAvailSyncERKNS_12CallbackInfoEEEEENS_23ClassPropertyDescriptorIS1_EEPKc24napi_property_attributesPv
FNDA:505,_ZN4Napi12InstanceWrapI9DisruptorE14InstanceMethodIXadL_ZNS1_21ProduceClaimAvailSyncERKNS_12CallbackInfoEEEEENS_23ClassPropertyDescriptorIS1_EEPKc24napi_property_attributesPv
FN:3932,_ZN4Napi12InstanceWrapI9DisruptorE14InstanceMethodIXadL_ZNS1_13ProduceCommitERKNS_12CallbackInfoEEEEENS_23ClassPropertyDescriptorIS1_EEPKc24napi_property_attributesPv
FNDA:505,_ZN4Napi12InstanceWrapI9DisruptorE14InstanceMethodIXadL_ZNS1_13ProduceCommitERKNS_12CallbackInfoEEEEENS_23ClassPropertyDescriptorIS1_EEPKc24napi_property_attributesPv
FN:3932,_ZN4Napi12InstanceWrapI9DisruptorE14InstanceMethodIXadL_ZNS1_17ProduceCommitSyncERKNS_12CallbackInfoEEEEENS_23ClassPropertyDescriptorIS1_EEPKc24napi_property_attributesPv
FNDA:505,_ZN4Napi12InstanceWrapI9DisruptorE14InstanceMethodIXadL_ZNS1_17ProduceCommitSyncERKNS_12CallbackInfoEEEEENS_23ClassPropertyDescriptorIS1_EEPKc24napi_property_attributesPv
FN:3932,_ZN4Napi12InstanceWrapI9DisruptorE14InstanceMethodIXadL_ZNS1_14ConsumeNewSyncERKNS_12CallbackInfoEEEEENS_23ClassPropertyDescriptorIS1_EEPKc24napi_property_attributesPv
FNDA:505,_ZN4Napi12InstanceWrapI9DisruptorE14InstanceMethodIXadL_ZNS1_14ConsumeNewSyncERKNS_12CallbackInfoEEEEENS_23ClassPropertyDescriptorIS1_EEPKc24napi_property_attributesPv
FN:3932,_ZN4Napi12InstanceWrapI9DisruptorE14InstanceMethodIXadL_ZNS1_14ProduceRecoverERKNS_12CallbackInfoEEEEENS_23ClassPropertyDescriptorIS1_EEPKc24napi_property_attributesPv
FNDA:505,_ZN4Napi12InstanceWrapI9DisruptorE14InstanceMethodIXadL_ZNS1_14ProduceRecoverERKNS_12CallbackInfoEEEEENS_23ClassPropertyDescriptorIS1_EEPKc24napi_property_attributesPv
FN:4013,_ZN4Napi12InstanceWrapI9DisruptorE16InstanceAccessorIXadL_ZNS1_12GetConsumersERKNS_12CallbackInfoEEELMS1_FvS6_RKNS_5ValueEE0EEENS_23ClassPropertyDescriptorIS1_EEPKc24napi_property_attributesPv
FNDA:505,_ZN4Napi12InstanceWrapI9DisruptorE16InstanceAccessorIXadL_ZNS1_12GetConsumersERKNS_12CallbackInfoEEELMS1_FvS6_RKNS_5ValueEE0EEENS_23ClassPropertyDescriptorIS1_EEPKc24napi_property_attributesPv
FN:4013,_ZN4Napi12InstanceWrapI9DisruptorE16InstanceAccessorIXadL_ZNS1_20GetPendingSeqNextEndERKNS_12CallbackInfoEEELMS1_FvS6_RKNS_5ValueEE0EEENS_23ClassPropertyDescriptorIS1_EEPKc24napi_property_attributesPv
FNDA:505,_ZN4Napi12InstanceWrapI9DisruptorE16InstanceAccessorIXadL_ZNS1_20GetPendingSeqNextEndERKNS_12CallbackInfoEEELMS1_FvS6_RKNS_5ValueEE0EEENS_23ClassPropertyDescriptorIS1_EEPKc24napi_property_attributesPv
FN:4013,_ZN4Napi12InstanceWrapI9DisruptorE16InstanceAccessorIXadL_ZNS1_17GetPendingSeqNextERKNS_12CallbackInfoEEELMS1_FvS6_RKNS_5ValueEE0EEENS_23ClassPropertyDescriptorIS1_EEPKc24napi_property_attributesPv
FNDA:505,_ZN4Napi12InstanceWrapI9DisruptorE16InstanceAccessorIXadL_ZNS1_17GetPendingSeqNextERKNS_12CallbackInfoEEELMS1_FvS6_RKNS_5ValueEE0EEENS_23ClassPropertyDescriptorIS1_EEPKc24napi_property_attributesPv
FN:4013,_ZN4Napi12InstanceWrapI9DisruptorE16InstanceAccessorIXadL_ZNS1_21GetPendingSeqConsumerERKNS_12CallbackInfoEEELMS1_FvS6_RKNS_5ValueEE0EEENS_23ClassPropertyDescriptorIS1_EEPKc24napi_property_attributesPv
FNDA:505,_ZN4Napi12InstanceWrapI9DisruptorE16InstanceAccessorIXadL_ZNS1_21GetPendingSeqConsumerERKNS_12CallbackInfoEEELMS1_FvS6_RKNS_5ValueEE0EEENS_23ClassPropertyDescriptorIS1_EEPKc24napi_property_attributesPv
FN:4013,_ZN4Napi12InstanceWrapI9DisruptorE16InstanceAccessorIXadL_ZNS1_23GetAllConsumersIgnoringERKNS_12CallbackInfoEEELMS1_FvS6_RKNS_5ValueEE0EEENS_23ClassPropertyDescriptorIS1_EEPKc24napi_property_attributesPv
FNDA:505,_ZN4Napi12InstanceWrapI9DisruptorE16InstanceAccessorIXadL_ZNS1_23GetAllConsumersIgnoringERKNS_12CallbackInfoEEELMS1_FvS6_RKNS_5ValueEE0EEENS_23ClassPropertyDescriptorIS1_EEPKc24napi_property_attributesPv
FN:4013,_ZN4Napi12InstanceWrapI9DisruptorE16InstanceAccessorIXadL_ZNS1_14GetElementSizeERKNS_12CallbackInfoEEELMS1_FvS6_RKNS_5ValueEE0EEENS_23ClassPropertyDescriptorIS1_EEPKc24napi_property_attributesPv
FNDA:505,_ZN4Napi12InstanceWrapI9DisruptorE16InstanceAccessorIXadL_ZNS1_14GetElementSizeERKNS_12CallbackInfoEEELMS1_FvS6_RKNS_5ValueEE0EEENS_23ClassPropertyDescriptorIS1_EEPKc24napi_property_attributesPv
FN:4013,_ZN4Napi12InstanceWrapI9DisruptorE16InstanceAccessorIXadL_ZNS1_7GetSpinERKNS_12CallbackInfoEEELMS1_FvS6_RKNS_5ValueEE0EEENS_23ClassPropertyDescriptorIS1_EEPKc24napi_property_attributesPv
FNDA:505,_ZN4Napi12InstanceWrapI9DisruptorE16InstanceAccessorIXadL_ZNS1_7GetSpinERKNS_12CallbackInfoEEELMS1_FvS6_RKNS_5ValueEE0EEENS_23ClassPropertyDescriptorIS1_EEPKc24napi_property_attributesPv
FN:4013,_ZN4Napi12InstanceWrapI9DisruptorE16InstanceAccessorIXadL_ZNS1_9GetStatusERKNS_12CallbackInfoEEEXadL_ZNS1_9SetStatusES6_RKNS_5ValueEEEEENS_23ClassPropertyDescriptorIS1_EEPKc24napi_property_attributesPv
FNDA:505,_ZN4Napi12InstanceWrapI9DisruptorE16InstanceAccessorIXadL_ZNS1_9GetStatusERKNS_12CallbackInfoEEEXadL_ZNS1_9SetStatusES6_RKNS_5ValueEEEEENS_23ClassPropertyDescriptorIS1_EEPKc24napi_property_attributesPv
FN:4013,_ZN4Napi12InstanceWrapI9DisruptorE16InstanceAccessorIXadL_ZNS1_9GetCursorERKNS_12CallbackInfoEEELMS1_FvS6_RKNS_5ValueEE0EEENS_23ClassPropertyDescriptorIS1_EEPKc24napi_property_attributesPv
FNDA:505,_ZN4Napi12InstanceWrapI9DisruptorE16InstanceAccessorIXadL_ZNS1_9GetCursorERKNS_12CallbackInfoEEELMS1_FvS6_RKNS_5ValueEE0EEENS_23ClassPropertyDescriptorIS1_EEPKc24napi_property_attributesPv
FN:4013,_ZN4Napi12InstanceWrapI9DisruptorE16InstanceAccessorIXadL_ZNS1_7GetNextERKNS_12CallbackInfoEEELMS1_FvS6_RKNS_5ValueEE0EEENS_23ClassPropertyDescriptorIS1_EEPKc24napi_property_attributesPv
FNDA:505,_ZN4Napi12InstanceWrapI9DisruptorE16InstanceAccessorIXadL_ZNS1_7GetNextERKNS_12CallbackInfoEEELMS1_FvS6_RKNS_5ValueEE0EEENS_23ClassPropertyDescriptorIS1_EEPKc24napi_property_attributesPv
FN:4013,_ZN4Napi12InstanceWrapI9DisruptorE16InstanceAccessorIXadL_ZNS1_11GetElementsERKNS_12CallbackInfoEEELMS1_FvS6_RKNS_5ValueEE0EEENS_23ClassPropertyDescriptorIS1_EEPKc24napi_property_attributesPv
FNDA:505,_ZN4Napi12InstanceWrapI9DisruptorE16InstanceAccessorIXadL_ZNS1_11GetElementsERKNS_12CallbackInfoEEELMS1_FvS6_RKNS_5ValueEE0EEENS_23ClassPropertyDescriptorIS1_EEPKc24napi_property_attributesPv
FN:4013,_ZN4Napi12InstanceWrapI9DisruptorE16InstanceAccessorIXadL_ZNS1_11GetConsumerERKNS_12CallbackInfoEEELMS1_FvS6_RKNS_5ValueEE0EEENS_23ClassPropertyDescriptorIS1_EEPKc24napi_property_attributesPv
FNDA:505,_ZN4Napi12InstanceWrapI9DisruptorE16InstanceAccessorIXadL_ZNS1_11GetConsumerERKNS_12CallbackInfoEEELMS1_FvS6_RKNS_5ValueEE0EEENS_23ClassPropertyDescriptorIS1_EEPKc24napi_property_attributesPv
FN:4013,_ZN4Napi12InstanceWrapI9DisruptorE16InstanceAccessorIXadL_ZNS1_19GetPendingSeqCursorERKNS_12CallbackInfoEEELMS1_FvS6_RKNS_5ValueEE0EEENS_23ClassPropertyDescriptorIS1_EEPKc24napi_property_attributesPv
FNDA:505,_ZN4Napi12InstanceWrapI9DisruptorE16InstanceAccessorIXadL_ZNS1_19GetPendingSeqCursorERKNS_12CallbackInfoEEELMS1_FvS6_RKNS_5ValueEE0EEENS_23ClassPropertyDescriptorIS1_EEPKc24napi_property_attributesPv
FN:4067,_ZN4Napi12InstanceWrapI9DisruptorE33InstanceVoidMethodCallbackWrapperEP10napi_env__P20napi_callback_info__
FNDA:0,_ZN4Napi12InstanceWrapI9DisruptorE33InstanceVoidMethodCallbackWrapperEP10napi_env__P20napi_callback_info__
FN:4070,_ZZN4Napi12InstanceWrapI9DisruptorE33InstanceVoidMethodCallbackWrapperEP10napi_env__P20napi_callback_info__ENKUlvE_clEv
FNDA:0,_ZZN4Napi12InstanceWrapI9DisruptorE33InstanceVoidMethodCallbackWrapperEP10napi_env__P20napi_callback_info__ENKUlvE_clEv
FN:4083,_ZN4Napi12InstanceWrapI9DisruptorE29InstanceMethodCallbackWrapperEP10napi_env__P20napi_callback_info__
FNDA:0,_ZN4Napi12InstanceWrapI9DisruptorE29InstanceMethodCallbackWrapperEP10napi_env__P20napi_callback_info__
FN:4086,_ZZN4Napi12InstanceWrapI9DisruptorE29InstanceMethodCallbackWrapperEP10napi_env__P20napi_callback_info__ENKUlvE_clEv
FNDA:0,_ZZN4Napi12InstanceWrapI9DisruptorE29InstanceMethodCallbackWrapperEP10napi_env__P20napi_callback_info__ENKUlvE_clEv
FN:4098,_ZN4Napi12InstanceWrapI9DisruptorE29InstanceGetterCallbackWrapperEP10napi_env__P20napi_callback_info__
FNDA:0,_ZN4Napi12InstanceWrapI9DisruptorE29InstanceGetterCallbackWrapperEP10napi_env__P20napi_callback_info__
FN:4101,_ZZN4Napi12InstanceWrapI9DisruptorE29InstanceGetterCallbackWrapperEP10napi_env__P20napi_callback_info__ENKUlvE_clEv
FNDA:0,_ZZN4Napi12InstanceWrapI9DisruptorE29InstanceGetterCallbackWrapperEP10napi_env__P20napi_callback_info__ENKUlvE_clEv
FN:4113,_ZN4Napi12InstanceWrapI9DisruptorE29InstanceSetterCallbackWrapperEP10napi_env__P20napi_callback_info__
FNDA:0,_ZN4Napi12InstanceWrapI9DisruptorE29InstanceSetterCallbackWrapperEP10napi_env__P20napi_callback_info__
FN:4116,_ZZN4Napi12InstanceWrapI9DisruptorE29InstanceSetterCallbackWrapperEP10napi_env__P20napi_callback_info__ENKUlvE_clEv
FNDA:0,_ZZN4Napi12InstanceWrapI9DisruptorE29InstanceSetterCallbackWrapperEP10napi_env__P20napi_callback_info__ENKUlvE_clEv
FN:4130,_ZN4Napi12InstanceWrapI9DisruptorE13WrappedMethodIXadL_ZNS1_9SetStatusERKNS_12CallbackInfoERKNS_5ValueEEEEEP12napi_value__P10napi_env__P20napi_callback_info__
FNDA:10,_ZN4Napi12InstanceWrapI9DisruptorE13WrappedMethodIXadL_ZNS1_9SetStatusERKNS_12CallbackInfoERKNS_5ValueEEEEEP12napi_value__P10napi_env__P20napi_callback_info__
FN:4132,_ZZN4Napi12InstanceWrapI9DisruptorE13WrappedMethodIXadL_ZNS1_9SetStatusERKNS_12CallbackInfoERKNS_5ValueEEEEEP12napi_value__P10napi_env__P20napi_callback_info__ENKUlvE_clEv
FNDA:10,_ZZN4Napi12InstanceWrapI9DisruptorE13WrappedMethodIXadL_ZNS1_9SetStatusERKNS_12CallbackInfoERKNS_5ValueEEEEEP12napi_value__P10napi_env__P20napi_callback_info__ENKUlvE_clEv
FN:4145,_ZN4Napi10ObjectWrapI9DisruptorEC2ERKNS_12CallbackInfoE
FNDA:5768,_ZN4Napi10ObjectWrapI9DisruptorEC2ERKNS_12CallbackInfoE
FN:4159,_ZN4Napi10ObjectWrapI9DisruptorED2Ev
FNDA:4764,_ZN4Napi10ObjectWrapI9DisruptorED2Ev
FN:4159,_ZN4Napi10ObjectWrapI9DisruptorED0Ev
FNDA:0,_ZN4Napi10ObjectWrapI9DisruptorED0Ev
FN:4173,_ZN4Napi10ObjectWrapI9DisruptorE6UnwrapENS_6ObjectE
FNDA:35913236,_ZN4Napi10ObjectWrapI9DisruptorE6UnwrapENS_6ObjectE
FN:4182,_ZN4Napi10ObjectWrapI9DisruptorE11DefineClassENS_3EnvEPKcmPK24napi_property_descriptorPv
FNDA:505,_ZN4Napi10ObjectWrapI9DisruptorE11DefineClassENS_3EnvEPKcmPK24napi_property_descriptorPv
FN:4256,_ZN4Napi10ObjectWrapI9DisruptorE11DefineClassENS_3EnvEPKcRKSt16initializer_listINS_23ClassPropertyDescriptorIS1_EEEPv
FNDA:505,_ZN4Napi10ObjectWrapI9DisruptorE11DefineClassENS_3EnvEPKcRKSt16initializer_listINS_23ClassPropertyDescriptorIS1_EEEPv
FN:4492,_ZN4Napi10ObjectWrapI9DisruptorE18OnCalledAsFunctionERKNS_12CallbackInfoE
FNDA:0,_ZN4Napi10ObjectWrapI9DisruptorE18OnCalledAsFunctionERKNS_12CallbackInfoE
FN:4501,_ZN4Napi10ObjectWrapI9DisruptorE8FinalizeENS_3EnvE
FNDA:4756,_ZN4Napi10ObjectWrapI9DisruptorE8FinalizeENS_3EnvE
FN:4504,_ZN4Napi10ObjectWrapI9DisruptorE26ConstructorCallbackWrapperEP10napi_env__P20napi_callback_info__
FNDA:5768,_ZN4Napi10ObjectWrapI9DisruptorE26ConstructorCallbackWrapperEP10napi_env__P20napi_callback_info__
FN:4514,_ZZN4Napi10ObjectWrapI9DisruptorE26ConstructorCallbackWrapperEP10napi_env__P20napi_callback_info__ENKUlvE_clEv
FNDA:0,_ZZN4Napi10ObjectWrapI9DisruptorE26ConstructorCallbackWrapperEP10napi_env__P20napi_callback_info__ENKUlvE_clEv
FN:4517,_ZZN4Napi10ObjectWrapI9DisruptorE26ConstructorCallbackWrapperEP10napi_env__P20napi_callback_info__ENKUlvE0_clEv
FNDA:5768,_ZZN4Napi10ObjectWrapI9DisruptorE26ConstructorCallbackWrapperEP10napi_env__P20napi_callback_info__ENKUlvE0_clEv
FN:4539,_ZN4Napi10ObjectWrapI9DisruptorE31StaticVoidMethodCallbackWrapperEP10napi_env__P20napi_callback_info__
FNDA:0,_ZN4Napi10ObjectWrapI9DisruptorE31StaticVoidMethodCallbackWrapperEP10napi_env__P20napi_callback_info__
FN:4542,_ZZN4Napi10ObjectWrapI9DisruptorE31StaticVoidMethodCallbackWrapperEP10napi_env__P20napi_callback_info__ENKUlvE_clEv
FNDA:0,_ZZN4Napi10ObjectWrapI9DisruptorE31StaticVoidMethodCallbackWrapperEP10napi_env__P20napi_callback_info__ENKUlvE_clEv
FN:4553,_ZN4Napi10ObjectWrapI9DisruptorE27StaticMethodCallbackWrapperEP10napi_env__P20napi_callback_info__
FNDA:0,_ZN4Napi10ObjectWrapI9DisruptorE27StaticMethodCallbackWrapperEP10napi_env__P20napi_callback_info__
FN:4556,_ZZN4Napi10ObjectWrapI9DisruptorE27StaticMethodCallbackWrapperEP10napi_env__P20napi_callback_info__ENKUlvE_clEv
FNDA:0,_ZZN4Napi10ObjectWrapI9DisruptorE27StaticMethodCallbackWrapperEP10napi_env__P20napi_callback_info__ENKUlvE_clEv
FN:4566,_ZN4Napi10ObjectWrapI9DisruptorE27StaticGetterCallbackWrapperEP10napi_env__P20napi_callback_info__
FNDA:0,_ZN4Napi10ObjectWrapI9DisruptorE27StaticGetterCallbackWrapperEP10napi_env__P20napi_callback_info__
FN:4569,_ZZN4Napi10ObjectWrapI9DisruptorE27StaticGetterCallbackWrapperEP10napi_env__P20napi_callback_info__ENKUlvE_clEv
FNDA:0,_ZZN4Napi10ObjectWrapI9DisruptorE27StaticGetterCallbackWrapperEP10napi_env__P20napi_callback_info__ENKUlvE_clEv
FN:4579,_ZN4Napi10ObjectWrapI9DisruptorE27StaticSetterCallbackWrapperEP10napi_env__P20napi_callback_info__
FNDA:0,_ZN4Napi10ObjectWrapI9DisruptorE27StaticSetterCallbackWrapperEP10napi_env__P20napi_callback_info__
FN:4582,_ZZN4Napi10ObjectWrapI9DisruptorE27StaticSetterCallbackWrapperEP10napi_env__P20napi_callback_info__ENKUlvE_clEv
FNDA:0,_ZZN4Napi10ObjectWrapI9DisruptorE27StaticSetterCallbackWrapperEP10napi_env__P20napi_callback_info__ENKUlvE_clEv
FN:4593,_ZN4Napi10ObjectWrapI9DisruptorE16FinalizeCallbackEP10napi_env__PvS5_
FNDA:4756,_ZN4Napi10ObjectWrapI9DisruptorE16FinalizeCallbackEP10napi_env__PvS5_
FN:4619,_ZN4Napi11HandleScopeC2ENS_3EnvE
FNDA:3002529,_ZN4Napi11HandleScopeC2ENS_3EnvE
FN:4624,_ZN4Napi11HandleScopeD2Ev
FNDA:3002529,_ZN4Napi11HandleScopeD2Ev
FN:4647,_ZN4Napi20EscapableHandleScopeC2ENS_3EnvE
FNDA:453035,_ZN4Napi20EscapableHandleScopeC2ENS_3EnvE
FN:4652,_ZN4Napi20EscapableHandleScopeD2Ev
FNDA:453035,_ZN4Napi20EscapableHandleScopeD2Ev
FN:4663,_ZNK4Napi20EscapableHandleScope3EnvEv
FNDA:453035,_ZNK4Napi20EscapableHandleScope3EnvEv
FN:4667,_ZN4Napi20EscapableHandleScope6EscapeEP12napi_value__
FNDA:453035,_ZN4Napi20EscapableHandleScope6EscapeEP12napi_value__
FN:4691,_ZN4Napi13CallbackScopeD2Ev
FNDA:0,_ZN4Napi13CallbackScopeD2Ev
FN:4691,_ZN4Napi13CallbackScopeD0Ev
FNDA:0,_ZN4Napi13CallbackScopeD0Ev
FN:4728,_ZN4Napi12AsyncContextD0Ev
FNDA:0,_ZN4Napi12AsyncContextD0Ev
FN:4728,_ZN4Napi12AsyncContextD2Ev
FNDA:0,_ZN4Napi12AsyncContextD2Ev
FN:4762,_ZN4Napi11AsyncWorkerC2ERKNS_8FunctionE
FNDA:2997765,_ZN4Napi11AsyncWorkerC2ERKNS_8FunctionE
FN:4766,_ZN4Napi11AsyncWorkerC2ERKNS_8FunctionEPKc
FNDA:2997765,_ZN4Napi11AsyncWorkerC2ERKNS_8FunctionEPKc
FN:4771,_ZN4Napi11AsyncWorkerC2ERKNS_8FunctionEPKcRKNS_6ObjectE
FNDA:2997765,_ZN4Napi11AsyncWorkerC2ERKNS_8FunctionEPKcRKNS_6ObjectE
FN:4794,_ZN4Napi11AsyncWorkerC2ERKNS_6ObjectERKNS_8FunctionEPKcS3_
FNDA:2997765,_ZN4Napi11AsyncWorkerC2ERKNS_6ObjectERKNS_8FunctionEPKcS3_
FN:4838,_ZN4Napi11AsyncWorkerD2Ev
FNDA:2997765,_ZN4Napi11AsyncWorkerD2Ev
FN:4838,_ZN4Napi11AsyncWorkerD0Ev
FNDA:0,_ZN4Napi11AsyncWorkerD0Ev
FN:4845,_ZN4Napi11AsyncWorker7DestroyEv
FNDA:2997765,_ZN4Napi11AsyncWorker7DestroyEv
[...]
end_of_record
SF:/usr/include/c++/11/bits/stl_iterator_base_types.h
FN:238,_ZSt19__iterator_categoryIP24napi_property_descriptorENSt15iterator_traitsIT_E17iterator_categoryERKS3_
FNDA:505,_ZSt19__iterator_categoryIP24napi_property_descriptorENSt15iterator_traitsIT_E17iterator_categoryERKS3_
FN:238,_ZSt19__iterator_categoryIPKcENSt15iterator_traitsIT_E17iterator_categoryERKS3_
FNDA:0,_ZSt19__iterator_categoryIPKcENSt15iterator_traitsIT_E17iterator_categoryERKS3_
DA:238,505
DA:239,505
DA:238,0
DA:239,0
end_of_record
SF:/usr/include/c++/11/ext/aligned_buffer.h
FN:102,_ZN9__gnu_cxx16__aligned_bufferIPhE7_M_addrEv
FNDA:16276,_ZN9__gnu_cxx16__aligned_bufferIPhE7_M_addrEv
FN:108,_ZNK9__gnu_cxx16__aligned_bufferIPhE7_M_addrEv
FNDA:45924,_ZNK9__gnu_cxx16__aligned_bufferIPhE7_M_addrEv
FN:114,_ZN9__gnu_cxx16__aligned_bufferIPhE6_M_ptrEv
FNDA:16276,_ZN9__gnu_cxx16__aligned_bufferIPhE6_M_ptrEv
FN:118,_ZNK9__gnu_cxx16__aligned_bufferIPhE6_M_ptrEv
FNDA:45924,_ZNK9__gnu_cxx16__aligned_bufferIPhE6_M_ptrEv
DA:102,16276
DA:104,16276
DA:108,45924
DA:110,45924
DA:114,16276
DA:115,16276
DA:118,45924
DA:119,45924
end_of_record
SF:/usr/include/c++/11/bits/unordered_set.h
FN:135,_ZNSt13unordered_setIPhSt4hashIS0_ESt8equal_toIS0_ESaIS0_EEC2Ev
FNDA:253,_ZNSt13unordered_setIPhSt4hashIS0_ESt8equal_toIS0_ESaIS0_EEC2Ev
FN:334,_ZNSt13unordered_setIPhSt4hashIS0_ESt8equal_toIS0_ESaIS0_EE3endEv
FNDA:9679,_ZNSt13unordered_setIPhSt4hashIS0_ESt8equal_toIS0_ESaIS0_EE3endEv
FN:377,_ZNSt13unordered_setIPhSt4hashIS0_ESt8equal_toIS0_ESaIS0_EE7emplaceIJRS0_EEESt4pairINSt8__detail14_Node_iteratorIS0_Lb1ELb0EEEbEDpOT_
FNDA:5760,_ZNSt13unordered_setIPhSt4hashIS0_ESt8equal_toIS0_ESaIS0_EE7emplaceIJRS0_EEESt4pairINSt8__detail14_Node_iteratorIS0_Lb1ELb0EEEbEDpOT_
FN:545,_ZNSt13unordered_setIPhSt4hashIS0_ESt8equal_toIS0_ESaIS0_EE5eraseERKS0_
FNDA:4756,_ZNSt13unordered_setIPhSt4hashIS0_ESt8equal_toIS0_ESaIS0_EE5eraseERKS0_
FN:650,_ZNSt13unordered_setIPhSt4hashIS0_ESt8equal_toIS0_ESaIS0_EE4findERKS0_
FNDA:9679,_ZNSt13unordered_setIPhSt4hashIS0_ESt8equal_toIS0_ESaIS0_EE4findERKS0_
DA:135,253
DA:334,9679
DA:335,9679
DA:377,5760
DA:378,5760
DA:545,4756
DA:546,4756
DA:650,9679
DA:651,9679
end_of_record
SF:/usr/include/c++/11/bits/stl_construct.h
FN:108,_ZSt10_ConstructI24napi_property_descriptorJEEvPT_DpOT0_
FNDA:505,_ZSt10_ConstructI24napi_property_descriptorJEEvPT_DpOT0_
FN:108,_ZSt10_ConstructI11AsyncBufferJEEvPT_DpOT0_
FNDA:307490,_ZSt10_ConstructI11AsyncBufferJEEvPT_DpOT0_
FN:161,_ZNSt12_Destroy_auxILb1EE9__destroyIP24napi_property_descriptorEEvT_S4_
FNDA:505,_ZNSt12_Destroy_auxILb1EE9__destroyIP24napi_property_descriptorEEvT_S4_
FN:161,_ZNSt12_Destroy_auxILb1EE9__destroyIP11AsyncBufferEEvT_S4_
FNDA:2375986,_ZNSt12_Destroy_auxILb1EE9__destroyIP11AsyncBufferEEvT_S4_
FN:161,_ZNSt12_Destroy_auxILb1EE9__destroyIPP12napi_value__EEvT_S5_
FNDA:0,_ZNSt12_Destroy_auxILb1EE9__destroyIPP12napi_value__EEvT_S5_
FN:171,_ZSt8_DestroyIP24napi_property_descriptorEvT_S2_
FNDA:505,_ZSt8_DestroyIP24napi_property_descriptorEvT_S2_
FN:171,_ZSt8_DestroyIP11AsyncBufferEvT_S2_
FNDA:2375986,_ZSt8_DestroyIP11AsyncBufferEvT_S2_
FN:171,_ZSt8_DestroyIPP12napi_value__EvT_S3_
FNDA:0,_ZSt8_DestroyIPP12napi_value__EvT_S3_
DA:108,505
DA:109,505
DA:108,307490
DA:109,614980
DA:161,505
DA:161,2375986
DA:161,0
DA:171,505
DA:185,505
DA:186,505
DA:171,2375986
DA:185,2375986
DA:186,2375986
DA:171,0
DA:185,0
DA:186,0
end_of_record
SF:/usr/include/c++/11/bits/unique_ptr.h
FN:79,_ZNKSt14default_deleteISt6vectorI11AsyncBufferSaIS1_EEEclEPS3_
FNDA:2375986,_ZNKSt14default_deleteISt6vectorI11AsyncBufferSaIS1_EEEclEPS3_
FN:155,_ZNSt15__uniq_ptr_implISt6vectorI11AsyncBufferSaIS1_EESt14default_deleteIS3_EEC2EPS3_
FNDA:2375986,_ZNSt15__uniq_ptr_implISt6vectorI11AsyncBufferSaIS1_EESt14default_deleteIS3_EEC2EPS3_
FN:155,_ZNSt15__uniq_ptr_implIi7CloseFDEC2EPi
FNDA:5760,_ZNSt15__uniq_ptr_implIi7CloseFDEC2EPi
FN:161,_ZNSt15__uniq_ptr_implISt6vectorI11AsyncBufferSaIS1_EESt14default_deleteIS3_EEC2EOS6_
FNDA:307420,_ZNSt15__uniq_ptr_implISt6vectorI11AsyncBufferSaIS1_EESt14default_deleteIS3_EEC2EOS6_
FN:165,_ZNSt15__uniq_ptr_implISt6vectorI11AsyncBufferSaIS1_EESt14default_deleteIS3_EEaSEOS6_
FNDA:1187993,_ZNSt15__uniq_ptr_implISt6vectorI11AsyncBufferSaIS1_EESt14default_deleteIS3_EEaSEOS6_
FN:172,_ZNSt15__uniq_ptr_implIi7CloseFDE6_M_ptrEv
FNDA:11520,_ZNSt15__uniq_ptr_implIi7CloseFDE6_M_ptrEv
FN:172,_ZNSt15__uniq_ptr_implISt6vectorI11AsyncBufferSaIS1_EESt14default_deleteIS3_EE6_M_ptrEv
FNDA:10118784,_ZNSt15__uniq_ptr_implISt6vectorI11AsyncBufferSaIS1_EESt14default_deleteIS3_EE6_M_ptrEv
FN:173,_ZNKSt15__uniq_ptr_implISt6vectorI11AsyncBufferSaIS1_EESt14default_deleteIS3_EE6_M_ptrEv
FNDA:2725378,_ZNKSt15__uniq_ptr_implISt6vectorI11AsyncBufferSaIS1_EESt14default_deleteIS3_EE6_M_ptrEv
FN:173,_ZNKSt15__uniq_ptr_implIi7CloseFDE6_M_ptrEv
FNDA:6040,_ZNKSt15__uniq_ptr_implIi7CloseFDE6_M_ptrEv
FN:174,_ZNSt15__uniq_ptr_implIi7CloseFDE10_M_deleterEv
FNDA:5760,_ZNSt15__uniq_ptr_implIi7CloseFDE10_M_deleterEv
FN:174,_ZNSt15__uniq_ptr_implISt6vectorI11AsyncBufferSaIS1_EESt14default_deleteIS3_EE10_M_deleterEv
FNDA:4751972,_ZNSt15__uniq_ptr_implISt6vectorI11AsyncBufferSaIS1_EESt14default_deleteIS3_EE10_M_deleterEv
FN:177,_ZNSt15__uniq_ptr_implISt6vectorI11AsyncBufferSaIS1_EESt14default_deleteIS3_EE5resetEPS3_
FNDA:1187993,_ZNSt15__uniq_ptr_implISt6vectorI11AsyncBufferSaIS1_EESt14default_deleteIS3_EE5resetEPS3_
FN:185,_ZNSt15__uniq_ptr_implISt6vectorI11AsyncBufferSaIS1_EESt14default_deleteIS3_EE7releaseEv
FNDA:1187993,_ZNSt15__uniq_ptr_implISt6vectorI11AsyncBufferSaIS1_EESt14default_deleteIS3_EE7releaseEv
FN:211,_ZNSt15__uniq_ptr_dataISt6vectorI11AsyncBufferSaIS1_EESt14default_deleteIS3_ELb1ELb1EEC2EOS6_
FNDA:307420,_ZNSt15__uniq_ptr_dataISt6vectorI11AsyncBufferSaIS1_EESt14default_deleteIS3_ELb1ELb1EEC2EOS6_
FN:212,_ZNSt15__uniq_ptr_dataISt6vectorI11AsyncBufferSaIS1_EESt14default_deleteIS3_ELb1ELb1EEaSEOS6_
FNDA:1187993,_ZNSt15__uniq_ptr_dataISt6vectorI11AsyncBufferSaIS1_EESt14default_deleteIS3_ELb1ELb1EEaSEOS6_
FN:281,_ZNSt10unique_ptrIi7CloseFDEC2IS0_vEEPi
FNDA:5760,_ZNSt10unique_ptrIi7CloseFDEC2IS0_vEEPi
FN:281,_ZNSt10unique_ptrISt6vectorI11AsyncBufferSaIS1_EESt14default_deleteIS3_EEC2IS5_vEEPS3_
FNDA:2375986,_ZNSt10unique_ptrISt6vectorI11AsyncBufferSaIS1_EESt14default_deleteIS3_EEC2IS5_vEEPS3_
FN:327,_ZNSt10unique_ptrISt6vectorI11AsyncBufferSaIS1_EESt14default_deleteIS3_EEC2EOS6_
FNDA:307420,_ZNSt10unique_ptrISt6vectorI11AsyncBufferSaIS1_EESt14default_deleteIS3_EEC2EOS6_
FN:355,_ZNSt10unique_ptrISt6vectorI11AsyncBufferSaIS1_EESt14default_deleteIS3_EED2Ev
FNDA:2683406,_ZNSt10unique_ptrISt6vectorI11AsyncBufferSaIS1_EESt14default_deleteIS3_EED2Ev
FN:355,_ZNSt10unique_ptrIi7CloseFDED2Ev
FNDA:5760,_ZNSt10unique_ptrIi7CloseFDED2Ev
FN:371,_ZNSt10unique_ptrISt6vectorI11AsyncBufferSaIS1_EESt14default_deleteIS3_EEaSEOS6_
FNDA:1187993,_ZNSt10unique_ptrISt6vectorI11AsyncBufferSaIS1_EESt14default_deleteIS3_EEaSEOS6_
FN:405,_ZNKSt10unique_ptrISt6vectorI11AsyncBufferSaIS1_EESt14default_deleteIS3_EEdeEv
FNDA:614980,_ZNKSt10unique_ptrISt6vectorI11AsyncBufferSaIS1_EESt14default_deleteIS3_EEdeEv
FN:405,_ZNKSt10unique_ptrIi7CloseFDEdeEv
FNDA:6040,_ZNKSt10unique_ptrIi7CloseFDEdeEv
FN:413,_ZNKSt10unique_ptrISt6vectorI11AsyncBufferSaIS1_EESt14default_deleteIS3_EEptEv
FNDA:2110398,_ZNKSt10unique_ptrISt6vectorI11AsyncBufferSaIS1_EESt14default_deleteIS3_EEptEv
FN:421,_ZNKSt10unique_ptrIi7CloseFDE3getEv
FNDA:6040,_ZNKSt10unique_ptrIi7CloseFDE3getEv
FN:421,_ZNKSt10unique_ptrISt6vectorI11AsyncBufferSaIS1_EESt14default_deleteIS3_EE3getEv
FNDA:2725378,_ZNKSt10unique_ptrISt6vectorI11AsyncBufferSaIS1_EESt14default_deleteIS3_EE3getEv
FN:426,_ZNSt10unique_ptrISt6vectorI11AsyncBufferSaIS1_EESt14default_deleteIS3_EE11get_deleterEv
FNDA:1187993,_ZNSt10unique_ptrISt6vectorI11AsyncBufferSaIS1_EESt14default_deleteIS3_EE11get_deleterEv
FN:426,_ZNSt10unique_ptrIi7CloseFDE11get_deleterEv
FNDA:5760,_ZNSt10unique_ptrIi7CloseFDE11get_deleterEv
FN:961,_ZSt11make_uniqueISt6vectorI11AsyncBufferSaIS1_EEJEENSt9_MakeUniqIT_E15__single_objectEDpOT0_
FNDA:2375986,_ZSt11make_uniqueISt6vectorI11AsyncBufferSaIS1_EEJEENSt9_MakeUniqIT_E15__single_objectEDpOT0_
DA:79,2375986
DA:85,2375986
DA:86,2375986
DA:155,2375986
DA:155,5760
DA:161,307420
DA:162,307420
DA:163,307420
DA:165,1187993
DA:167,1187993
DA:168,1187993
DA:169,1187993
DA:172,10118784
DA:172,11520
DA:173,2725378
DA:173,6040
DA:174,5760
DA:174,4751972
DA:177,1187993
DA:179,1187993
DA:180,1187993
DA:181,1187993
DA:182,1187993
DA:183,1187993
DA:185,1187993
DA:187,1187993
DA:188,1187993
DA:189,1187993
DA:211,307420
DA:212,1187993
DA:281,2375986
DA:282,2375986
DA:283,2375986
DA:281,5760
DA:282,5760
DA:283,5760
DA:327,307420
DA:355,2683406
DA:359,2683406
DA:360,2683406
DA:361,1187993
DA:362,2683406
DA:363,2683406
DA:355,5760
DA:359,5760
DA:360,5760
DA:361,5760
DA:362,5760
DA:363,5760
DA:371,1187993
DA:405,614980
DA:407,614980
DA:408,614980
DA:405,6040
DA:407,6040
DA:408,6040
DA:413,2110398
DA:416,2110398
DA:421,2725378
DA:422,2725378
DA:421,6040
DA:422,6040
DA:426,1187993
DA:427,1187993
DA:426,5760
DA:427,5760
DA:961,2375986
DA:962,2375986
end_of_record
SF:/usr/include/c++/11/bits/basic_string.tcc
FN:206,_ZNSt7__cxx1112basic_stringIcSt11char_traitsIcESaIcEE12_M_constructIPKcEEvT_S8_St20forward_iterator_tag
FNDA:0,_ZNSt7__cxx1112basic_stringIcSt11char_traitsIcESaIcEE12_M_constructIPKcEEvT_S8_St20forward_iterator_tag
DA:206,0
DA:211,0
DA:212,0
DA:215,0
DA:217,0
DA:219,0
DA:220,0
DA:225,0
DA:226,0
DA:228,0
DA:229,0
DA:232,0
DA:233,0
end_of_record
SF:/usr/include/c++/11/bits/stl_uninitialized.h
FN:573,_ZNSt27__uninitialized_default_n_1ILb0EE18__uninit_default_nIP11AsyncBuffermEET_S4_T0_
FNDA:307490,_ZNSt27__uninitialized_default_n_1ILb0EE18__uninit_default_nIP11AsyncBuffermEET_S4_T0_
FN:595,_ZNSt27__uninitialized_default_n_1ILb1EE18__uninit_default_nIP24napi_property_descriptormEET_S4_T0_
FNDA:505,_ZNSt27__uninitialized_default_n_1ILb1EE18__uninit_default_nIP24napi_property_descriptormEET_S4_T0_
FN:630,_ZSt25__uninitialized_default_nIP24napi_property_descriptormET_S2_T0_
FNDA:505,_ZSt25__uninitialized_default_nIP24napi_property_descriptormET_S2_T0_
FN:630,_ZSt25__uninitialized_default_nIP11AsyncBuffermET_S2_T0_
FNDA:307490,_ZSt25__uninitialized_default_nIP11AsyncBuffermET_S2_T0_
FN:702,_ZSt27__uninitialized_default_n_aIP24napi_property_descriptormS0_ET_S2_T0_RSaIT1_E
FNDA:505,_ZSt27__uninitialized_default_n_aIP24napi_property_descriptormS0_ET_S2_T0_RSaIT1_E
FN:702,_ZSt27__uninitialized_default_n_aIP11AsyncBuffermS0_ET_S2_T0_RSaIT1_E
FNDA:307490,_ZSt27__uninitialized_default_n_aIP11AsyncBuffermS0_ET_S2_T0_RSaIT1_E
FN:986,_ZSt19__relocate_object_aI11AsyncBufferS0_SaIS0_EEvPT_PT0_RT1_
FNDA:70,_ZSt19__relocate_object_aI11AsyncBufferS0_SaIS0_EEvPT_PT0_RT1_
FN:1018,_ZSt14__relocate_a_1IP11AsyncBufferS1_SaIS0_EET0_T_S4_S3_RT1_
FNDA:307490,_ZSt14__relocate_a_1IP11AsyncBufferS1_SaIS0_EET0_T_S4_S3_RT1_
FN:1040,_ZSt12__relocate_aIP11AsyncBufferS1_SaIS0_EET0_T_S4_S3_RT1_
FNDA:307490,_ZSt12__relocate_aIP11AsyncBufferS1_SaIS0_EET0_T_S4_S3_RT1_
DA:573,307490
DA:575,307490
DA:578,614980
DA:579,307490
DA:580,307490
DA:582,0
DA:584,0
DA:585,0
DA:595,505
DA:597,505
DA:600,505
DA:601,505
DA:602,505
DA:603,505
DA:605,505
DA:630,505
DA:635,505
DA:640,505
DA:630,307490
DA:635,307490
DA:640,307490
DA:702,505
DA:704,505
DA:702,307490
DA:704,307490
DA:986,70
DA:994,70
DA:995,70
DA:996,70
DA:1018,307490
DA:1030,307490
DA:1031,307560
DA:1032,70
DA:1034,307490
DA:1040,307490
DA:1046,307490
DA:1048,307490
end_of_record
SF:/usr/include/c++/11/bits/hashtable_policy.h
FN:84,_ZNKSt8__detail9_IdentityclIRPhEEOT_S5_
FNDA:5760,_ZNKSt8__detail9_IdentityclIRPhEEOT_S5_
FN:84,_ZNKSt8__detail9_IdentityclIRKPhEEOT_S6_
FNDA:45924,_ZNKSt8__detail9_IdentityclIRKPhEEOT_S6_
FN:218,_ZNSt8__detail15_Hash_node_baseC2Ev
FNDA:6013,_ZNSt8__detail15_Hash_node_baseC2Ev
FN:236,_ZNSt8__detail21_Hash_node_value_baseIPhE9_M_valptrEv
FNDA:16276,_ZNSt8__detail21_Hash_node_value_baseIPhE9_M_valptrEv
FN:240,_ZNKSt8__detail21_Hash_node_value_baseIPhE9_M_valptrEv
FNDA:45924,_ZNKSt8__detail21_Hash_node_value_baseIPhE9_M_valptrEv
FN:244,_ZNSt8__detail21_Hash_node_value_baseIPhE4_M_vEv
FNDA:5760,_ZNSt8__detail21_Hash_node_value_baseIPhE4_M_vEv
FN:248,_ZNKSt8__detail21_Hash_node_value_baseIPhE4_M_vEv
FNDA:45924,_ZNKSt8__detail21_Hash_node_value_baseIPhE4_M_vEv
FN:281,_ZNKSt8__detail10_Hash_nodeIPhLb0EE7_M_nextEv
FNDA:37653,_ZNKSt8__detail10_Hash_nodeIPhLb0EE7_M_nextEv
FN:294,_ZNSt8__detail19_Node_iterator_baseIPhLb0EEC2EPNS_10_Hash_nodeIS1_Lb0EEE
FNDA:29874,_ZNSt8__detail19_Node_iterator_baseIPhLb0EEC2EPNS_10_Hash_nodeIS1_Lb0EEE
FN:302,_ZNSt8__detaileqERKNS_19_Node_iterator_baseIPhLb0EEES4_
FNDA:9679,_ZNSt8__detaileqERKNS_19_Node_iterator_baseIPhLb0EEES4_
FN:337,_ZNSt8__detail14_Node_iteratorIPhLb1ELb0EEC2EPNS_10_Hash_nodeIS1_Lb0EEE
FNDA:29874,_ZNSt8__detail14_Node_iteratorIPhLb1ELb0EEC2EPNS_10_Hash_nodeIS1_Lb0EEE
FN:427,_ZNKSt8__detail18_Mod_range_hashingclEmm
FNDA:43443,_ZNKSt8__detail18_Mod_range_hashingclEmm
FN:445,_ZNSt8__detail20_Prime_rehash_policyC2Ef
FNDA:253,_ZNSt8__detail20_Prime_rehash_policyC2Ef
FN:472,_ZNKSt8__detail20_Prime_rehash_policy8_M_stateEv
FNDA:5760,_ZNKSt8__detail20_Prime_rehash_policy8_M_stateEv
FN:480,_ZNSt8__detail20_Prime_rehash_policy8_M_resetEm
FNDA:0,_ZNSt8__detail20_Prime_rehash_policy8_M_resetEm
FN:1126,_ZNSt8__detail21_Hashtable_ebo_helperILi0ESaINS_10_Hash_nodeIPhLb0EEEELb1EEC2Ev
FNDA:253,_ZNSt8__detail21_Hashtable_ebo_helperILi0ESaINS_10_Hash_nodeIPhLb0EEEELb1EEC2Ev
FN:1133,_ZNKSt8__detail21_Hashtable_ebo_helperILi0ESt8equal_toIPhELb1EE7_M_cgetEv
FNDA:22936,_ZNKSt8__detail21_Hashtable_ebo_helperILi0ESt8equal_toIPhELb1EE7_M_cgetEv
FN:1133,_ZNKSt8__detail21_Hashtable_ebo_helperILi1ESt4hashIPhELb1EE7_M_cgetEv
FNDA:43183,_ZNKSt8__detail21_Hashtable_ebo_helperILi1ESt4hashIPhELb1EE7_M_cgetEv
FN:1134,_ZNSt8__detail21_Hashtable_ebo_helperILi0ESaINS_10_Hash_nodeIPhLb0EEEELb1EE6_M_getEv
FNDA:21299,_ZNSt8__detail21_Hashtable_ebo_helperILi0ESaINS_10_Hash_nodeIPhLb0EEEELb1EE6_M_getEv
FN:1213,_ZNKSt8__detail15_Hash_code_baseIPhS1_NS_9_IdentityESt4hashIS1_ENS_18_Mod_range_hashingENS_20_Default_ranged_hashELb0EE12_M_hash_codeERKS1_
FNDA:43183,_ZNKSt8__detail15_Hash_code_baseIPhS1_NS_9_IdentityESt4hashIS1_ENS_18_Mod_range_hashingENS_20_Default_ranged_hashELb0EE12_M_hash_codeERKS1_
FN:1230,_ZNKSt8__detail15_Hash_code_baseIPhS1_NS_9_IdentityESt4hashIS1_ENS_18_Mod_range_hashingENS_20_Default_ranged_hashELb0EE15_M_bucket_indexEmm
FNDA:20455,_ZNKSt8__detail15_Hash_code_baseIPhS1_NS_9_IdentityESt4hashIS1_ENS_18_Mod_range_hashingENS_20_Default_ranged_hashELb0EE15_M_bucket_indexEmm
FN:1234,_ZNKSt8__detail15_Hash_code_baseIPhS1_NS_9_IdentityESt4hashIS1_ENS_18_Mod_range_hashingENS_20_Default_ranged_hashELb0EE15_M_bucket_indexERKNS_16_Hash_node_valueIS1_Lb0EEEm
FNDA:22988,_ZNKSt8__detail15_Hash_code_baseIPhS1_NS_9_IdentityESt4hashIS1_ENS_18_Mod_range_hashingENS_20_Default_ranged_hashELb0EE15_M_bucket_indexERKNS_16_Hash_node_valueIS1_Lb0EEEm
FN:1252,_ZNKSt8__detail15_Hash_code_baseIPhS1_NS_9_IdentityESt4hashIS1_ENS_18_Mod_range_hashingENS_20_Default_ranged_hashELb0EE13_M_store_codeERNS_21_Hash_node_code_cacheILb0EEEm
FNDA:5760,_ZNKSt8__detail15_Hash_code_baseIPhS1_NS_9_IdentityESt4hashIS1_ENS_18_Mod_range_hashingENS_20_Default_ranged_hashELb0EE13_M_store_codeERNS_21_Hash_node_code_cacheILb0EEEm
FN:1274,_ZNKSt8__detail15_Hash_code_baseIPhS1_NS_9_IdentityESt4hashIS1_ENS_18_Mod_range_hashingENS_20_Default_ranged_hashELb0EE7_M_hashEv
FNDA:43183,_ZNKSt8__detail15_Hash_code_baseIPhS1_NS_9_IdentityESt4hashIS1_ENS_18_Mod_range_hashingENS_20_Default_ranged_hashELb0EE7_M_hashEv
FN:1584,_ZNSt8__detail15_Hashtable_baseIPhS1_NS_9_IdentityESt8equal_toIS1_ESt4hashIS1_ENS_18_Mod_range_hashingENS_20_Default_ranged_hashENS_17_Hashtable_traitsILb0ELb1ELb1EEEE9_S_equalsEmRKNS_21_Hash_node_code_cacheILb0EEE
FNDA:22936,_ZNSt8__detail15_Hashtable_baseIPhS1_NS_9_IdentityESt8equal_toIS1_ESt4hashIS1_ENS_18_Mod_range_hashingENS_20_Default_ranged_hashENS_17_Hashtable_traitsILb0ELb1ELb1EEEE9_S_equalsEmRKNS_21_Hash_node_code_cacheILb0EEE
FN:1608,_ZNKSt8__detail15_Hashtable_baseIPhS1_NS_9_IdentityESt8equal_toIS1_ESt4hashIS1_ENS_18_Mod_range_hashingENS_20_Default_ranged_hashENS_17_Hashtable_traitsILb0ELb1ELb1EEEE9_M_equalsERKS1_mRKNS_16_Hash_node_valueIS1_Lb0EEE
FNDA:22936,_ZNKSt8__detail15_Hashtable_baseIPhS1_NS_9_IdentityESt8equal_toIS1_ESt4hashIS1_ENS_18_Mod_range_hashingENS_20_Default_ranged_hashENS_17_Hashtable_traitsILb0ELb1ELb1EEEE9_M_equalsERKS1_mRKNS_16_Hash_node_valueIS1_Lb0EEE
FN:1647,_ZNKSt8__detail15_Hashtable_baseIPhS1_NS_9_IdentityESt8equal_toIS1_ESt4hashIS1_ENS_18_Mod_range_hashingENS_20_Default_ranged_hashENS_17_Hashtable_traitsILb0ELb1ELb1EEEE5_M_eqEv
FNDA:22936,_ZNKSt8__detail15_Hashtable_baseIPhS1_NS_9_IdentityESt8equal_toIS1_ESt4hashIS1_ENS_18_Mod_range_hashingENS_20_Default_ranged_hashENS_17_Hashtable_traitsILb0ELb1ELb1EEEE5_M_eqEv
FN:1820,_ZNSt8__detail16_Hashtable_allocISaINS_10_Hash_nodeIPhLb0EEEEEC2Ev
FNDA:253,_ZNSt8__detail16_Hashtable_allocISaINS_10_Hash_nodeIPhLb0EEEEEC2Ev
FN:1830,_ZNSt8__detail16_Hashtable_allocISaINS_10_Hash_nodeIPhLb0EEEEE17_M_node_allocatorEv
FNDA:21299,_ZNSt8__detail16_Hashtable_allocISaINS_10_Hash_nodeIPhLb0EEEEE17_M_node_allocatorEv
FN:1867,_ZNSt8__detail16_Hashtable_allocISaINS_10_Hash_nodeIPhLb0EEEEE16_M_allocate_nodeIJRS2_EEEPS3_DpOT_
FNDA:5760,_ZNSt8__detail16_Hashtable_allocISaINS_10_Hash_nodeIPhLb0EEEEE16_M_allocate_nodeIJRS2_EEEPS3_DpOT_
FN:1889,_ZNSt8__detail16_Hashtable_allocISaINS_10_Hash_nodeIPhLb0EEEEE18_M_deallocate_nodeEPS3_
FNDA:4756,_ZNSt8__detail16_Hashtable_allocISaINS_10_Hash_nodeIPhLb0EEEEE18_M_deallocate_nodeEPS3_
FN:1897,_ZNSt8__detail16_Hashtable_allocISaINS_10_Hash_nodeIPhLb0EEEEE22_M_deallocate_node_ptrEPS3_
FNDA:4756,_ZNSt8__detail16_Hashtable_allocISaINS_10_Hash_nodeIPhLb0EEEEE22_M_deallocate_node_ptrEPS3_
FN:1919,_ZNSt8__detail16_Hashtable_allocISaINS_10_Hash_nodeIPhLb0EEEEE19_M_allocate_bucketsEm
FNDA:260,_ZNSt8__detail16_Hashtable_allocISaINS_10_Hash_nodeIPhLb0EEEEE19_M_allocate_bucketsEm
FN:1932,_ZNSt8__detail16_Hashtable_allocISaINS_10_Hash_nodeIPhLb0EEEEE21_M_deallocate_bucketsEPPNS_15_Hash_node_baseEm
FNDA:7,_ZNSt8__detail16_Hashtable_allocISaINS_10_Hash_nodeIPhLb0EEEEE21_M_deallocate_bucketsEPPNS_15_Hash_node_baseEm
DA:84,45924
DA:85,45924
DA:84,5760
DA:85,5760
DA:218,6013
DA:236,16276
DA:237,16276
DA:240,45924
DA:241,45924
DA:244,5760
DA:245,5760
DA:248,45924
DA:249,45924
DA:281,37653
DA:282,37653
DA:294,29874
DA:295,29874
DA:302,9679
DA:304,9679
DA:337,29874
DA:338,29874
DA:427,43443
DA:429,43443
DA:445,253
DA:446,253
DA:472,5760
DA:473,5760
DA:480,0
DA:481,0
DA:1126,253
DA:1133,22936
DA:1133,43183
DA:1134,21299
DA:1213,43183
DA:1217,43183
DA:1230,20455
DA:1231,20455
DA:1234,22988
DA:1240,45976
DA:1241,22988
DA:1252,5760
DA:1253,5760
DA:1274,43183
DA:1584,22936
DA:1585,22936
DA:1608,22936
DA:1614,22936
DA:1647,22936
DA:1820,253
DA:1830,21299
DA:1831,21299
DA:1867,5760
DA:1870,5760
DA:1871,5760
DA:1874,5760
DA:1875,5760
DA:1878,5760
DA:1880,0
DA:1882,0
DA:1883,0
DA:1889,4756
DA:1891,4756
DA:1892,4756
DA:1893,4756
DA:1897,4756
DA:1900,4756
DA:1901,4756
DA:1902,4756
DA:1903,4756
DA:1919,260
DA:1922,260
DA:1924,260
DA:1925,260
DA:1926,260
DA:1927,260
DA:1928,260
DA:1932,7
DA:1937,7
DA:1938,7
DA:1939,7
DA:1940,7
end_of_record
SF:/usr/include/c++/11/bits/ptr_traits.h
FN:146,_ZNSt14pointer_traitsIPNSt8__detail10_Hash_nodeIPhLb0EEEE10pointer_toERS3_
FNDA:4756,_ZNSt14pointer_traitsIPNSt8__detail10_Hash_nodeIPhLb0EEEE10pointer_toERS3_
FN:146,_ZNSt14pointer_traitsIPPNSt8__detail15_Hash_node_baseEE10pointer_toERS2_
FNDA:7,_ZNSt14pointer_traitsIPPNSt8__detail15_Hash_node_baseEE10pointer_toERS2_
FN:156,_ZSt12__to_addressIPNSt8__detail15_Hash_node_baseEEPT_S4_
FNDA:260,_ZSt12__to_addressIPNSt8__detail15_Hash_node_baseEEPT_S4_
FN:156,_ZSt12__to_addressINSt8__detail10_Hash_nodeIPhLb0EEEEPT_S5_
FNDA:5760,_ZSt12__to_addressINSt8__detail10_Hash_nodeIPhLb0EEEEPT_S5_
DA:146,4756
DA:147,4756
DA:146,7
DA:147,7
DA:156,260
DA:159,260
DA:156,5760
DA:159,5760
end_of_record
