TN:
SF:/usr/include/c++/9/bits/stl_iterator_base_types.h
FN:205,_ZSt19__iterator_categoryIPcENSt15iterator_traitsIT_E17iterator_categoryERKS2_
FNDA:0,_ZSt19__iterator_categoryIPcENSt15iterator_traitsIT_E17iterator_categoryERKS2_
FN:205,_ZSt19__iterator_categoryIPKcENSt15iterator_traitsIT_E17iterator_categoryERKS3_
FNDA:0,_ZSt19__iterator_categoryIPKcENSt15iterator_traitsIT_E17iterator_categoryERKS3_
DA:205,0
DA:206,0
DA:205,0
DA:206,0
end_of_record
SF:/usr/include/c++/9/ext/new_allocator.h
FN:80,_ZN9__gnu_cxx13new_allocatorIPNSt8__detail15_Hash_node_baseEEC2Ev
FNDA:261,_ZN9__gnu_cxx13new_allocatorIPNSt8__detail15_Hash_node_baseEEC2Ev
FN:80,_ZN9__gnu_cxx13new_allocatorIcEC2Ev
FNDA:0,_ZN9__gnu_cxx13new_allocatorIcEC2Ev
FN:80,_ZN9__gnu_cxx13new_allocatorINSt8__detail10_Hash_nodeIPhLb0EEEEC2Ev
FNDA:253,_ZN9__gnu_cxx13new_allocatorINSt8__detail10_Hash_nodeIPhLb0EEEEC2Ev
FN:80,_ZN9__gnu_cxx13new_allocatorIP12napi_value__EC2Ev
FNDA:0,_ZN9__gnu_cxx13new_allocatorIP12napi_value__EC2Ev
FN:80,_ZN9__gnu_cxx13new_allocatorI24napi_property_descriptorEC2Ev
FNDA:505,_ZN9__gnu_cxx13new_allocatorI24napi_property_descriptorEC2Ev
FN:80,_ZN9__gnu_cxx13new_allocatorI11AsyncBufferEC2Ev
FNDA:2059360,_ZN9__gnu_cxx13new_allocatorI11AsyncBufferEC2Ev
FN:83,_ZN9__gnu_cxx13new_allocatorI24napi_property_descriptorEC2ERKS2_
FNDA:1010,_ZN9__gnu_cxx13new_allocatorI24napi_property_descriptorEC2ERKS2_
FN:89,_ZN9__gnu_cxx13new_allocatorI24napi_property_descriptorED2Ev
FNDA:1515,_ZN9__gnu_cxx13new_allocatorI24napi_property_descriptorED2Ev
FN:89,_ZN9__gnu_cxx13new_allocatorI11AsyncBufferED2Ev
FNDA:2059360,_ZN9__gnu_cxx13new_allocatorI11AsyncBufferED2Ev
FN:89,_ZN9__gnu_cxx13new_allocatorIcED2Ev
FNDA:0,_ZN9__gnu_cxx13new_allocatorIcED2Ev
FN:89,_ZN9__gnu_cxx13new_allocatorIPNSt8__detail15_Hash_node_baseEED2Ev
FNDA:261,_ZN9__gnu_cxx13new_allocatorIPNSt8__detail15_Hash_node_baseEED2Ev
FN:89,_ZN9__gnu_cxx13new_allocatorIP12napi_value__ED2Ev
FNDA:0,_ZN9__gnu_cxx13new_allocatorIP12napi_value__ED2Ev
FN:102,_ZN9__gnu_cxx13new_allocatorI24napi_property_descriptorE8allocateEmPKv
FNDA:505,_ZN9__gnu_cxx13new_allocatorI24napi_property_descriptorE8allocateEmPKv
FN:102,_ZN9__gnu_cxx13new_allocatorINSt8__detail10_Hash_nodeIPhLb0EEEE8allocateEmPKv
FNDA:3712,_ZN9__gnu_cxx13new_allocatorINSt8__detail10_Hash_nodeIPhLb0EEEE8allocateEmPKv
FN:102,_ZN9__gnu_cxx13new_allocatorIPNSt8__detail15_Hash_node_baseEE8allocateEmPKv
FNDA:257,_ZN9__gnu_cxx13new_allocatorIPNSt8__detail15_Hash_node_baseEE8allocateEmPKv
FN:102,_ZN9__gnu_cxx13new_allocatorI11AsyncBufferE8allocateEmPKv
FNDA:179310,_ZN9__gnu_cxx13new_allocatorI11AsyncBufferE8allocateEmPKv
FN:119,_ZN9__gnu_cxx13new_allocatorIPNSt8__detail15_Hash_node_baseEE10deallocateEPS3_m
FNDA:4,_ZN9__gnu_cxx13new_allocatorIPNSt8__detail15_Hash_node_baseEE10deallocateEPS3_m
FN:119,_ZN9__gnu_cxx13new_allocatorINSt8__detail10_Hash_nodeIPhLb0EEEE10deallocateEPS4_m
FNDA:3612,_ZN9__gnu_cxx13new_allocatorINSt8__detail10_Hash_nodeIPhLb0EEEE10deallocateEPS4_m
FN:119,_ZN9__gnu_cxx13new_allocatorIP12napi_value__E10deallocateEPS2_m
FNDA:0,_ZN9__gnu_cxx13new_allocatorIP12napi_value__E10deallocateEPS2_m
FN:119,_ZN9__gnu_cxx13new_allocatorI11AsyncBufferE10deallocateEPS1_m
FNDA:179310,_ZN9__gnu_cxx13new_allocatorI11AsyncBufferE10deallocateEPS1_m
FN:119,_ZN9__gnu_cxx13new_allocatorI24napi_property_descriptorE10deallocateEPS1_m
FNDA:505,_ZN9__gnu_cxx13new_allocatorI24napi_property_descriptorE10deallocateEPS1_m
FN:132,_ZNK9__gnu_cxx13new_allocatorIPNSt8__detail15_Hash_node_baseEE8max_sizeEv
FNDA:257,_ZNK9__gnu_cxx13new_allocatorIPNSt8__detail15_Hash_node_baseEE8max_sizeEv
FN:132,_ZNK9__gnu_cxx13new_allocatorI24napi_property_descriptorE8max_sizeEv
FNDA:1010,_ZNK9__gnu_cxx13new_allocatorI24napi_property_descriptorE8max_sizeEv
FN:132,_ZNK9__gnu_cxx13new_allocatorI11AsyncBufferE8max_sizeEv
FNDA:896550,_ZNK9__gnu_cxx13new_allocatorI11AsyncBufferE8max_sizeEv
FN:132,_ZNK9__gnu_cxx13new_allocatorINSt8__detail10_Hash_nodeIPhLb0EEEE8max_sizeEv
FNDA:3712,_ZNK9__gnu_cxx13new_allocatorINSt8__detail10_Hash_nodeIPhLb0EEEE8max_sizeEv
FN:144,_ZN9__gnu_cxx13new_allocatorINSt8__detail10_Hash_nodeIPhLb0EEEE9constructIS3_JRS3_EEEvPT_DpOT0_
FNDA:3712,_ZN9__gnu_cxx13new_allocatorINSt8__detail10_Hash_nodeIPhLb0EEEE9constructIS3_JRS3_EEEvPT_DpOT0_
FN:144,_ZN9__gnu_cxx13new_allocatorI11AsyncBufferE9constructIS1_JS1_EEEvPT_DpOT0_
FNDA:233,_ZN9__gnu_cxx13new_allocatorI11AsyncBufferE9constructIS1_JS1_EEEvPT_DpOT0_
FN:151,_ZN9__gnu_cxx13new_allocatorINSt8__detail10_Hash_nodeIPhLb0EEEE7destroyIS3_EEvPT_
FNDA:3612,_ZN9__gnu_cxx13new_allocatorINSt8__detail10_Hash_nodeIPhLb0EEEE7destroyIS3_EEvPT_
FN:151,_ZN9__gnu_cxx13new_allocatorI11AsyncBufferE7destroyIS1_EEvPT_
FNDA:233,_ZN9__gnu_cxx13new_allocatorI11AsyncBufferE7destroyIS1_EEvPT_
DA:80,261
DA:80,2059360
DA:80,505
DA:80,0
DA:80,253
DA:80,0
DA:83,1010
DA:89,261
DA:89,2059360
DA:89,1515
DA:89,0
DA:89,0
DA:102,257
DA:104,257
DA:105,0
DA:114,257
DA:102,505
DA:104,505
DA:105,0
DA:114,505
DA:102,179310
DA:104,179310
DA:105,0
DA:114,179310
DA:102,3712
DA:104,3712
DA:105,0
DA:114,3712
DA:119,505
DA:128,505
DA:129,505
DA:119,179310
DA:128,179310
DA:129,179310
DA:119,4
DA:128,4
DA:129,4
DA:119,3612
DA:128,3612
DA:129,3612
DA:119,0
DA:128,0
DA:129,0
DA:132,257
DA:135,257
DA:132,896550
DA:135,896550
DA:132,1010
DA:135,1010
DA:132,3712
DA:135,3712
DA:144,233
DA:147,233
DA:144,3712
DA:147,3712
DA:151,233
DA:153,233
DA:151,3612
DA:153,3612
end_of_record
SF:/usr/include/c++/9/bits/stl_iterator_base_funcs.h
FN:98,_ZSt10__distanceIPcENSt15iterator_traitsIT_E15difference_typeES2_S2_St26random_access_iterator_tag
FNDA:0,_ZSt10__distanceIPcENSt15iterator_traitsIT_E15difference_typeES2_S2_St26random_access_iterator_tag
FN:98,_ZSt10__distanceIPKcENSt15iterator_traitsIT_E15difference_typeES3_S3_St26random_access_iterator_tag
FNDA:0,_ZSt10__distanceIPKcENSt15iterator_traitsIT_E15difference_typeES3_S3_St26random_access_iterator_tag
FN:138,_ZSt8distanceIPcENSt15iterator_traitsIT_E15difference_typeES2_S2_
FNDA:0,_ZSt8distanceIPcENSt15iterator_traitsIT_E15difference_typeES2_S2_
FN:138,_ZSt8distanceIPKcENSt15iterator_traitsIT_E15difference_typeES3_S3_
FNDA:0,_ZSt8distanceIPKcENSt15iterator_traitsIT_E15difference_typeES3_S3_
DA:98,0
DA:104,0
DA:98,0
DA:104,0
DA:138,0
DA:141,0
DA:142,0
DA:138,0
DA:141,0
DA:142,0
end_of_record
SF:/usr/include/c++/9/new
FN:173,_ZnwmPv
FNDA:186967,_ZnwmPv
FN:179,_ZdlPvS_
FNDA:0,_ZdlPvS_
DA:173,186967
DA:174,186967
DA:179,0
end_of_record
SF:/usr/include/c++/9/ext/aligned_buffer.h
FN:102,_ZN9__gnu_cxx16__aligned_bufferIPhE7_M_addrEv
FNDA:24332,_ZN9__gnu_cxx16__aligned_bufferIPhE7_M_addrEv
FN:108,_ZNK9__gnu_cxx16__aligned_bufferIPhE7_M_addrEv
FNDA:11386,_ZNK9__gnu_cxx16__aligned_bufferIPhE7_M_addrEv
FN:114,_ZN9__gnu_cxx16__aligned_bufferIPhE6_M_ptrEv
FNDA:24332,_ZN9__gnu_cxx16__aligned_bufferIPhE6_M_ptrEv
FN:118,_ZNK9__gnu_cxx16__aligned_bufferIPhE6_M_ptrEv
FNDA:11386,_ZNK9__gnu_cxx16__aligned_bufferIPhE6_M_ptrEv
DA:102,24332
DA:104,24332
DA:108,11386
DA:110,11386
DA:114,24332
DA:115,24332
DA:118,11386
DA:119,11386
end_of_record
SF:/usr/include/c++/9/bits/basic_string.tcc
FN:206,_ZNSt7__cxx1112basic_stringIcSt11char_traitsIcESaIcEE12_M_constructIPcEEvT_S7_St20forward_iterator_tag
FNDA:0,_ZNSt7__cxx1112basic_stringIcSt11char_traitsIcESaIcEE12_M_constructIPcEEvT_S7_St20forward_iterator_tag
FN:206,_ZNSt7__cxx1112basic_stringIcSt11char_traitsIcESaIcEE12_M_constructIPKcEEvT_S8_St20forward_iterator_tag
FNDA:0,_ZNSt7__cxx1112basic_stringIcSt11char_traitsIcESaIcEE12_M_constructIPKcEEvT_S8_St20forward_iterator_tag
DA:206,0
DA:211,0
DA:212,0
DA:215,0
DA:217,0
DA:219,0
DA:220,0
DA:225,0
DA:226,0
DA:228,0
DA:229,0
DA:232,0
DA:233,0
DA:206,0
DA:211,0
DA:212,0
DA:215,0
DA:217,0
DA:219,0
DA:220,0
DA:225,0
DA:226,0
DA:228,0
DA:229,0
DA:232,0
DA:233,0
end_of_record
SF:/usr/include/c++/9/initializer_list
FN:71,_ZNKSt16initializer_listIN4Napi23ClassPropertyDescriptorI9DisruptorEEE4sizeEv
FNDA:505,_ZNKSt16initializer_listIN4Napi23ClassPropertyDescriptorI9DisruptorEEE4sizeEv
FN:71,_ZNKSt16initializer_listIP12napi_value__E4sizeEv
FNDA:1362440,_ZNKSt16initializer_listIP12napi_value__E4sizeEv
FN:75,_ZNKSt16initializer_listIN4Napi23ClassPropertyDescriptorI9DisruptorEEE5beginEv
FNDA:505,_ZNKSt16initializer_listIN4Napi23ClassPropertyDescriptorI9DisruptorEEE5beginEv
FN:75,_ZNKSt16initializer_listIP12napi_value__E5beginEv
FNDA:1362440,_ZNKSt16initializer_listIP12napi_value__E5beginEv
DA:71,505
DA:71,1362440
DA:75,505
DA:75,1362440
end_of_record
SF:/usr/include/c++/9/bits/hashtable_policy.h
FN:84,_ZNKSt8__detail9_IdentityclIRKPhEEOT_S6_
FNDA:11386,_ZNKSt8__detail9_IdentityclIRKPhEEOT_S6_
FN:84,_ZNKSt8__detail9_IdentityclIRPhEEOT_S5_
FNDA:17008,_ZNKSt8__detail9_IdentityclIRPhEEOT_S5_
FN:218,_ZNSt8__detail15_Hash_node_baseC2Ev
FNDA:3965,_ZNSt8__detail15_Hash_node_baseC2Ev
FN:236,_ZNSt8__detail21_Hash_node_value_baseIPhE9_M_valptrEv
FNDA:24332,_ZNSt8__detail21_Hash_node_value_baseIPhE9_M_valptrEv
FN:240,_ZNKSt8__detail21_Hash_node_value_baseIPhE9_M_valptrEv
FNDA:11386,_ZNKSt8__detail21_Hash_node_value_baseIPhE9_M_valptrEv
FN:244,_ZNSt8__detail21_Hash_node_value_baseIPhE4_M_vEv
FNDA:17008,_ZNSt8__detail21_Hash_node_value_baseIPhE4_M_vEv
FN:248,_ZNKSt8__detail21_Hash_node_value_baseIPhE4_M_vEv
FNDA:11386,_ZNKSt8__detail21_Hash_node_value_baseIPhE4_M_vEv
FN:282,_ZNKSt8__detail10_Hash_nodeIPhLb0EE7_M_nextEv
FNDA:18857,_ZNKSt8__detail10_Hash_nodeIPhLb0EE7_M_nextEv
FN:294,_ZNSt8__detail19_Node_iterator_baseIPhLb0EEC2EPNS_10_Hash_nodeIS1_Lb0EEE
FNDA:19894,_ZNSt8__detail19_Node_iterator_baseIPhLb0EEC2EPNS_10_Hash_nodeIS1_Lb0EEE
FN:304,_ZNSt8__detaileqIPhLb0EEEbRKNS_19_Node_iterator_baseIT_XT0_EEES6_
FNDA:6285,_ZNSt8__detaileqIPhLb0EEEbRKNS_19_Node_iterator_baseIT_XT0_EEES6_
FN:340,_ZNSt8__detail14_Node_iteratorIPhLb1ELb0EEC2EPNS_10_Hash_nodeIS1_Lb0EEE
FNDA:19894,_ZNSt8__detail14_Node_iteratorIPhLb1ELb0EEC2EPNS_10_Hash_nodeIS1_Lb0EEE
FN:431,_ZNKSt8__detail18_Mod_range_hashingclEmm
FNDA:25252,_ZNKSt8__detail18_Mod_range_hashingclEmm
FN:449,_ZNSt8__detail20_Prime_rehash_policyC2Ef
FNDA:253,_ZNSt8__detail20_Prime_rehash_policyC2Ef
FN:476,_ZNKSt8__detail20_Prime_rehash_policy8_M_stateEv
FNDA:3712,_ZNKSt8__detail20_Prime_rehash_policy8_M_stateEv
FN:484,_ZNSt8__detail20_Prime_rehash_policy8_M_resetEm
FNDA:0,_ZNSt8__detail20_Prime_rehash_policy8_M_resetEm
FN:1096,_ZNSt8__detail21_Hashtable_ebo_helperILi0ESaINS_10_Hash_nodeIPhLb0EEEELb1EEC2Ev
FNDA:253,_ZNSt8__detail21_Hashtable_ebo_helperILi0ESaINS_10_Hash_nodeIPhLb0EEEELb1EEC2Ev
FN:1104,_ZNSt8__detail21_Hashtable_ebo_helperILi0ENS_9_IdentityELb1EE7_S_cgetERKS2_
FNDA:24425,_ZNSt8__detail21_Hashtable_ebo_helperILi0ENS_9_IdentityELb1EE7_S_cgetERKS2_
FN:1104,_ZNSt8__detail21_Hashtable_ebo_helperILi1ESt4hashIPhELb1EE7_S_cgetERKS4_
FNDA:24995,_ZNSt8__detail21_Hashtable_ebo_helperILi1ESt4hashIPhELb1EE7_S_cgetERKS4_
FN:1104,_ZNSt8__detail21_Hashtable_ebo_helperILi2ENS_18_Mod_range_hashingELb1EE7_S_cgetERKS2_
FNDA:25252,_ZNSt8__detail21_Hashtable_ebo_helperILi2ENS_18_Mod_range_hashingELb1EE7_S_cgetERKS2_
FN:1104,_ZNSt8__detail21_Hashtable_ebo_helperILi0ESt8equal_toIPhELb1EE7_S_cgetERKS4_
FNDA:13039,_ZNSt8__detail21_Hashtable_ebo_helperILi0ESt8equal_toIPhELb1EE7_S_cgetERKS4_
FN:1108,_ZNSt8__detail21_Hashtable_ebo_helperILi0ESaINS_10_Hash_nodeIPhLb0EEEELb1EE6_S_getERS5_
FNDA:14909,_ZNSt8__detail21_Hashtable_ebo_helperILi0ESaINS_10_Hash_nodeIPhLb0EEEELb1EE6_S_getERS5_
FN:1108,_ZNSt8__detail21_Hashtable_ebo_helperILi0ENS_9_IdentityELb1EE6_S_getERS2_
FNDA:3969,_ZNSt8__detail21_Hashtable_ebo_helperILi0ENS_9_IdentityELb1EE6_S_getERS2_
FN:1288,_ZNKSt8__detail15_Hash_code_baseIPhS1_NS_9_IdentityESt4hashIS1_ENS_18_Mod_range_hashingENS_20_Default_ranged_hashELb0EE12_M_hash_codeERKS1_
FNDA:13609,_ZNKSt8__detail15_Hash_code_baseIPhS1_NS_9_IdentityESt4hashIS1_ENS_18_Mod_range_hashingENS_20_Default_ranged_hashELb0EE12_M_hash_codeERKS1_
FN:1296,_ZNKSt8__detail15_Hash_code_baseIPhS1_NS_9_IdentityESt4hashIS1_ENS_18_Mod_range_hashingENS_20_Default_ranged_hashELb0EE15_M_bucket_indexERKS1_mm
FNDA:13866,_ZNKSt8__detail15_Hash_code_baseIPhS1_NS_9_IdentityESt4hashIS1_ENS_18_Mod_range_hashingENS_20_Default_ranged_hashELb0EE15_M_bucket_indexERKS1_mm
FN:1300,_ZNKSt8__detail15_Hash_code_baseIPhS1_NS_9_IdentityESt4hashIS1_ENS_18_Mod_range_hashingENS_20_Default_ranged_hashELb0EE15_M_bucket_indexEPKNS_10_Hash_nodeIS1_Lb0EEEm
FNDA:11386,_ZNKSt8__detail15_Hash_code_baseIPhS1_NS_9_IdentityESt4hashIS1_ENS_18_Mod_range_hashingENS_20_Default_ranged_hashELb0EE15_M_bucket_indexEPKNS_10_Hash_nodeIS1_Lb0EEEm
FN:1307,_ZNKSt8__detail15_Hash_code_baseIPhS1_NS_9_IdentityESt4hashIS1_ENS_18_Mod_range_hashingENS_20_Default_ranged_hashELb0EE13_M_store_codeEPNS_10_Hash_nodeIS1_Lb0EEEm
FNDA:3712,_ZNKSt8__detail15_Hash_code_baseIPhS1_NS_9_IdentityESt4hashIS1_ENS_18_Mod_range_hashingENS_20_Default_ranged_hashELb0EE13_M_store_codeEPNS_10_Hash_nodeIS1_Lb0EEEm
FN:1323,_ZNKSt8__detail15_Hash_code_baseIPhS1_NS_9_IdentityESt4hashIS1_ENS_18_Mod_range_hashingENS_20_Default_ranged_hashELb0EE10_M_extractEv
FNDA:24425,_ZNKSt8__detail15_Hash_code_baseIPhS1_NS_9_IdentityESt4hashIS1_ENS_18_Mod_range_hashingENS_20_Default_ranged_hashELb0EE10_M_extractEv
FN:1326,_ZNSt8__detail15_Hash_code_baseIPhS1_NS_9_IdentityESt4hashIS1_ENS_18_Mod_range_hashingENS_20_Default_ranged_hashELb0EE10_M_extractEv
FNDA:3969,_ZNSt8__detail15_Hash_code_baseIPhS1_NS_9_IdentityESt4hashIS1_ENS_18_Mod_range_hashingENS_20_Default_ranged_hashELb0EE10_M_extractEv
FN:1329,_ZNKSt8__detail15_Hash_code_baseIPhS1_NS_9_IdentityESt4hashIS1_ENS_18_Mod_range_hashingENS_20_Default_ranged_hashELb0EE5_M_h1Ev
FNDA:24995,_ZNKSt8__detail15_Hash_code_baseIPhS1_NS_9_IdentityESt4hashIS1_ENS_18_Mod_range_hashingENS_20_Default_ranged_hashELb0EE5_M_h1Ev
FN:1335,_ZNKSt8__detail15_Hash_code_baseIPhS1_NS_9_IdentityESt4hashIS1_ENS_18_Mod_range_hashingENS_20_Default_ranged_hashELb0EE5_M_h2Ev
FNDA:25252,_ZNKSt8__detail15_Hash_code_baseIPhS1_NS_9_IdentityESt4hashIS1_ENS_18_Mod_range_hashingENS_20_Default_ranged_hashELb0EE5_M_h2Ev
FN:1459,_ZNSt8__detail13_Equal_helperIPhS1_NS_9_IdentityESt8equal_toIS1_EmLb0EE9_S_equalsERKS4_RKS2_RKS1_mPNS_10_Hash_nodeIS1_Lb0EEE
FNDA:13039,_ZNSt8__detail13_Equal_helperIPhS1_NS_9_IdentityESt8equal_toIS1_EmLb0EE9_S_equalsERKS4_RKS2_RKS1_mPNS_10_Hash_nodeIS1_Lb0EEE
FN:1829,_ZNKSt8__detail15_Hashtable_baseIPhS1_NS_9_IdentityESt8equal_toIS1_ESt4hashIS1_ENS_18_Mod_range_hashingENS_20_Default_ranged_hashENS_17_Hashtable_traitsILb0ELb1ELb1EEEE9_M_equalsERKS1_mPNS_10_Hash_nodeIS1_Lb0EEE
FNDA:13039,_ZNKSt8__detail15_Hashtable_baseIPhS1_NS_9_IdentityESt8equal_toIS1_ESt4hashIS1_ENS_18_Mod_range_hashingENS_20_Default_ranged_hashENS_17_Hashtable_traitsILb0ELb1ELb1EEEE9_M_equalsERKS1_mPNS_10_Hash_nodeIS1_Lb0EEE
FN:1846,_ZNKSt8__detail15_Hashtable_baseIPhS1_NS_9_IdentityESt8equal_toIS1_ESt4hashIS1_ENS_18_Mod_range_hashingENS_20_Default_ranged_hashENS_17_Hashtable_traitsILb0ELb1ELb1EEEE5_M_eqEv
FNDA:13039,_ZNKSt8__detail15_Hashtable_baseIPhS1_NS_9_IdentityESt8equal_toIS1_ESt4hashIS1_ENS_18_Mod_range_hashingENS_20_Default_ranged_hashENS_17_Hashtable_traitsILb0ELb1ELb1EEEE5_M_eqEv
FN:2036,_ZNSt8__detail16_Hashtable_allocISaINS_10_Hash_nodeIPhLb0EEEEEC2Ev
FNDA:253,_ZNSt8__detail16_Hashtable_allocISaINS_10_Hash_nodeIPhLb0EEEEEC2Ev
FN:2046,_ZNSt8__detail16_Hashtable_allocISaINS_10_Hash_nodeIPhLb0EEEEE17_M_node_allocatorEv
FNDA:14909,_ZNSt8__detail16_Hashtable_allocISaINS_10_Hash_nodeIPhLb0EEEEE17_M_node_allocatorEv
FN:2079,_ZNSt8__detail16_Hashtable_allocISaINS_10_Hash_nodeIPhLb0EEEEE16_M_allocate_nodeIJRS2_EEEPS3_DpOT_
FNDA:3712,_ZNSt8__detail16_Hashtable_allocISaINS_10_Hash_nodeIPhLb0EEEEE16_M_allocate_nodeIJRS2_EEEPS3_DpOT_
FN:2100,_ZNSt8__detail16_Hashtable_allocISaINS_10_Hash_nodeIPhLb0EEEEE18_M_deallocate_nodeEPS3_
FNDA:3612,_ZNSt8__detail16_Hashtable_allocISaINS_10_Hash_nodeIPhLb0EEEEE18_M_deallocate_nodeEPS3_
FN:2108,_ZNSt8__detail16_Hashtable_allocISaINS_10_Hash_nodeIPhLb0EEEEE22_M_deallocate_node_ptrEPS3_
FNDA:3612,_ZNSt8__detail16_Hashtable_allocISaINS_10_Hash_nodeIPhLb0EEEEE22_M_deallocate_node_ptrEPS3_
FN:2130,_ZNSt8__detail16_Hashtable_allocISaINS_10_Hash_nodeIPhLb0EEEEE19_M_allocate_bucketsEm
FNDA:257,_ZNSt8__detail16_Hashtable_allocISaINS_10_Hash_nodeIPhLb0EEEEE19_M_allocate_bucketsEm
FN:2142,_ZNSt8__detail16_Hashtable_allocISaINS_10_Hash_nodeIPhLb0EEEEE21_M_deallocate_bucketsEPPNS_15_Hash_node_baseEm
FNDA:4,_ZNSt8__detail16_Hashtable_allocISaINS_10_Hash_nodeIPhLb0EEEEE21_M_deallocate_bucketsEPPNS_15_Hash_node_baseEm
DA:84,11386
DA:85,11386
DA:84,17008
DA:85,17008
DA:218,3965
DA:236,24332
DA:237,24332
DA:240,11386
DA:241,11386
DA:244,17008
DA:245,17008
DA:248,11386
DA:249,11386
DA:282,18857
DA:283,18857
DA:294,19894
DA:295,19894
DA:304,6285
DA:307,6285
DA:340,19894
DA:341,19894
DA:431,25252
DA:433,25252
DA:449,253
DA:450,253
DA:476,3712
DA:477,3712
DA:484,0
DA:485,0
DA:1096,253
DA:1104,24425
DA:1105,24425
DA:1104,13039
DA:1105,13039
DA:1104,25252
DA:1105,25252
DA:1104,24995
DA:1105,24995
DA:1108,14909
DA:1109,14909
DA:1108,3969
DA:1109,3969
DA:1288,13609
DA:1292,13609
DA:1296,13866
DA:1297,13866
DA:1300,11386
DA:1304,11386
DA:1307,3712
DA:1308,3712
DA:1323,24425
DA:1326,3969
DA:1329,24995
DA:1335,25252
DA:1459,13039
DA:1461,13039
DA:1829,13039
DA:1834,13039
DA:1835,13039
DA:1846,13039
DA:2036,253
DA:2046,14909
DA:2047,14909
DA:2079,3712
DA:2081,3712
DA:2082,3712
DA:2085,3712
DA:2086,3712
DA:2089,3712
DA:2091,0
DA:2093,0
DA:2094,0
DA:2100,3612
DA:2102,3612
DA:2103,3612
DA:2104,3612
DA:2108,3612
DA:2111,3612
DA:2112,3612
DA:2113,3612
DA:2114,3612
DA:2130,257
DA:2132,257
DA:2134,257
DA:2135,257
DA:2136,257
DA:2137,514
DA:2142,4
DA:2146,4
DA:2147,8
DA:2148,4
DA:2149,4
end_of_record
SF:/home/david/shared-memory-disruptor/node_modules/node-addon-api/napi-inl.h
FN:27,_ZN4Napi7detailsL10AttachDataINS_10ObjectWrapI9DisruptorE18MethodCallbackDataIMS3_FNS_5ValueERKNS_12CallbackInfoEEEEEE11napi_statusP10napi_env__P12napi_value__PT_PFvSF_PvSK_ESK_
FNDA:0,_ZN4Napi7detailsL10AttachDataINS_10ObjectWrapI9DisruptorE18MethodCallbackDataIMS3_FNS_5ValueERKNS_12CallbackInfoEEEEEE11napi_statusP10napi_env__P12napi_value__PT_PFvSF_PvSK_ESK_
FN:27,_ZN4Napi7detailsL10AttachDataINS_10ObjectWrapI9DisruptorE18MethodCallbackDataIMS3_FvRKNS_12CallbackInfoEEEEEE11napi_statusP10napi_env__P12napi_value__PT_PFvSE_PvSJ_ESJ_
FNDA:0,_ZN4Napi7detailsL10AttachDataINS_10ObjectWrapI9DisruptorE18MethodCallbackDataIMS3_FvRKNS_12CallbackInfoEEEEEE11napi_statusP10napi_env__P12napi_value__PT_PFvSE_PvSJ_ESJ_
FN:27,_ZN4Napi7detailsL10AttachDataINS_10ObjectWrapI9DisruptorE20AccessorCallbackDataIMS3_FNS_5ValueERKNS_12CallbackInfoEEMS3_FvS9_RKS6_EEEEE11napi_statusP10napi_env__P12napi_value__PT_PFvSJ_PvSO_ESO_
FNDA:0,_ZN4Napi7detailsL10AttachDataINS_10ObjectWrapI9DisruptorE20AccessorCallbackDataIMS3_FNS_5ValueERKNS_12CallbackInfoEEMS3_FvS9_RKS6_EEEEE11napi_statusP10napi_env__P12napi_value__PT_PFvSJ_PvSO_ESO_
FN:27,_ZN4Napi7detailsL10AttachDataINS_10ObjectWrapI9DisruptorE20AccessorCallbackDataIPFNS_5ValueERKNS_12CallbackInfoEEPFvS9_RKS6_EEEEE11napi_statusP10napi_env__P12napi_value__PT_PFvSJ_PvSO_ESO_
FNDA:0,_ZN4Napi7detailsL10AttachDataINS_10ObjectWrapI9DisruptorE20AccessorCallbackDataIPFNS_5ValueERKNS_12CallbackInfoEEPFvS9_RKS6_EEEEE11napi_statusP10napi_env__P12napi_value__PT_PFvSJ_PvSO_ESO_
FN:27,_ZN4Napi7detailsL10AttachDataINS_10ObjectWrapI9DisruptorE18MethodCallbackDataIPFvRKNS_12CallbackInfoEEEEEE11napi_statusP10napi_env__P12napi_value__PT_PFvSE_PvSJ_ESJ_
FNDA:0,_ZN4Napi7detailsL10AttachDataINS_10ObjectWrapI9DisruptorE18MethodCallbackDataIPFvRKNS_12CallbackInfoEEEEEE11napi_statusP10napi_env__P12napi_value__PT_PFvSE_PvSJ_ESJ_
FN:27,_ZN4Napi7detailsL10AttachDataINS_10ObjectWrapI9DisruptorE18MethodCallbackDataIPFNS_5ValueERKNS_12CallbackInfoEEEEEE11napi_statusP10napi_env__P12napi_value__PT_PFvSF_PvSK_ESK_
FNDA:0,_ZN4Napi7detailsL10AttachDataINS_10ObjectWrapI9DisruptorE18MethodCallbackDataIPFNS_5ValueERKNS_12CallbackInfoEEEEEE11napi_statusP10napi_env__P12napi_value__PT_PFvSF_PvSK_ESK_
FN:34,_ZZN4Napi7detailsL10AttachDataINS_10ObjectWrapI9DisruptorE20AccessorCallbackDataIPFNS_5ValueERKNS_12CallbackInfoEEPFvS9_RKS6_EEEEE11napi_statusP10napi_env__P12napi_value__PT_PFvSJ_PvSO_ESO_ENKUlSJ_SO_SO_E_clESJ_SO_SO_
FNDA:0,_ZZN4Napi7detailsL10AttachDataINS_10ObjectWrapI9DisruptorE20AccessorCallbackDataIPFNS_5ValueERKNS_12CallbackInfoEEPFvS9_RKS6_EEEEE11napi_statusP10napi_env__P12napi_value__PT_PFvSJ_PvSO_ESO_ENKUlSJ_SO_SO_E_clESJ_SO_SO_
FN:34,_ZZN4Napi7detailsL10AttachDataINS_10ObjectWrapI9DisruptorE18MethodCallbackDataIMS3_FNS_5ValueERKNS_12CallbackInfoEEEEEE11napi_statusP10napi_env__P12napi_value__PT_PFvSF_PvSK_ESK_ENKUlSF_SK_SK_E_clESF_SK_SK_
FNDA:0,_ZZN4Napi7detailsL10AttachDataINS_10ObjectWrapI9DisruptorE18MethodCallbackDataIMS3_FNS_5ValueERKNS_12CallbackInfoEEEEEE11napi_statusP10napi_env__P12napi_value__PT_PFvSF_PvSK_ESK_ENKUlSF_SK_SK_E_clESF_SK_SK_
FN:34,_ZZN4Napi7detailsL10AttachDataINS_10ObjectWrapI9DisruptorE18MethodCallbackDataIMS3_FvRKNS_12CallbackInfoEEEEEE11napi_statusP10napi_env__P12napi_value__PT_PFvSE_PvSJ_ESJ_ENKUlSE_SJ_SJ_E_clESE_SJ_SJ_
FNDA:0,_ZZN4Napi7detailsL10AttachDataINS_10ObjectWrapI9DisruptorE18MethodCallbackDataIMS3_FvRKNS_12CallbackInfoEEEEEE11napi_statusP10napi_env__P12napi_value__PT_PFvSE_PvSJ_ESJ_ENKUlSE_SJ_SJ_E_clESE_SJ_SJ_
FN:34,_ZZN4Napi7detailsL10AttachDataINS_10ObjectWrapI9DisruptorE20AccessorCallbackDataIMS3_FNS_5ValueERKNS_12CallbackInfoEEMS3_FvS9_RKS6_EEEEE11napi_statusP10napi_env__P12napi_value__PT_PFvSJ_PvSO_ESO_ENKUlSJ_SO_SO_E_clESJ_SO_SO_
FNDA:0,_ZZN4Napi7detailsL10AttachDataINS_10ObjectWrapI9DisruptorE20AccessorCallbackDataIMS3_FNS_5ValueERKNS_12CallbackInfoEEMS3_FvS9_RKS6_EEEEE11napi_statusP10napi_env__P12napi_value__PT_PFvSJ_PvSO_ESO_ENKUlSJ_SO_SO_E_clESJ_SO_SO_
FN:34,_ZZN4Napi7detailsL10AttachDataINS_10ObjectWrapI9DisruptorE18MethodCallbackDataIPFNS_5ValueERKNS_12CallbackInfoEEEEEE11napi_statusP10napi_env__P12napi_value__PT_PFvSF_PvSK_ESK_ENKUlSF_SK_SK_E_clESF_SK_SK_
FNDA:0,_ZZN4Napi7detailsL10AttachDataINS_10ObjectWrapI9DisruptorE18MethodCallbackDataIPFNS_5ValueERKNS_12CallbackInfoEEEEEE11napi_statusP10napi_env__P12napi_value__PT_PFvSF_PvSK_ESK_ENKUlSF_SK_SK_E_clESF_SK_SK_
FN:34,_ZZN4Napi7detailsL10AttachDataINS_10ObjectWrapI9DisruptorE18MethodCallbackDataIPFvRKNS_12CallbackInfoEEEEEE11napi_statusP10napi_env__P12napi_value__PT_PFvSE_PvSJ_ESJ_ENKUlSE_SJ_SJ_E_clESE_SJ_SJ_
FNDA:0,_ZZN4Napi7detailsL10AttachDataINS_10ObjectWrapI9DisruptorE18MethodCallbackDataIPFvRKNS_12CallbackInfoEEEEEE11napi_statusP10napi_env__P12napi_value__PT_PFvSE_PvSJ_ESJ_ENKUlSE_SJ_SJ_E_clESE_SJ_SJ_
FN:70,_ZN4Napi7details12WrapCallbackIZNS_10ObjectWrapI9DisruptorE13WrappedMethodIXadL_ZNS3_21ProduceClaimManyAsyncERKNS_12CallbackInfoEEEEEP12napi_value__P10napi_env__P20napi_callback_info__EUlvE_EESA_T_
FNDA:11,_ZN4Napi7details12WrapCallbackIZNS_10ObjectWrapI9DisruptorE13WrappedMethodIXadL_ZNS3_21ProduceClaimManyAsyncERKNS_12CallbackInfoEEEEEP12napi_value__P10napi_env__P20napi_callback_info__EUlvE_EESA_T_
FN:70,_ZN4Napi7details12WrapCallbackIZNS_10ObjectWrapI9DisruptorE13WrappedMethodIXadL_ZNS3_14ProduceRecoverERKNS_12CallbackInfoEEEEEP12napi_value__P10napi_env__P20napi_callback_info__EUlvE_EESA_T_
FNDA:76,_ZN4Napi7details12WrapCallbackIZNS_10ObjectWrapI9DisruptorE13WrappedMethodIXadL_ZNS3_14ProduceRecoverERKNS_12CallbackInfoEEEEEP12napi_value__P10napi_env__P20napi_callback_info__EUlvE_EESA_T_
FN:70,_ZN4Napi7details12WrapCallbackIZNS_10ObjectWrapI9DisruptorE13WrappedMethodIXadL_ZNS3_17ProduceClaimAsyncERKNS_12CallbackInfoEEEEEP12napi_value__P10napi_env__P20napi_callback_info__EUlvE_EESA_T_
FNDA:807,_ZN4Napi7details12WrapCallbackIZNS_10ObjectWrapI9DisruptorE13WrappedMethodIXadL_ZNS3_17ProduceClaimAsyncERKNS_12CallbackInfoEEEEEP12napi_value__P10napi_env__P20napi_callback_info__EUlvE_EESA_T_
FN:70,_ZN4Napi7details12WrapCallbackIZZNS_8Function3NewIXadL_Z12NullCallbackRKNS_12CallbackInfoEEEEES2_P10napi_env__PKcPvENKUlS8_P20napi_callback_info__E_clES8_SD_EUlvE_EEP12napi_value__T_
FNDA:0,_ZN4Napi7details12WrapCallbackIZZNS_8Function3NewIXadL_Z12NullCallbackRKNS_12CallbackInfoEEEEES2_P10napi_env__PKcPvENKUlS8_P20napi_callback_info__E_clES8_SD_EUlvE_EEP12napi_value__T_
FN:70,_ZN4Napi7details12WrapCallbackIZNS_10ObjectWrapI9DisruptorE13WrappedMethodIXadL_ZNS3_15ConsumeNewAsyncERKNS_12CallbackInfoEEEEEP12napi_value__P10napi_env__P20napi_callback_info__EUlvE_EESA_T_
FNDA:12,_ZN4Napi7details12WrapCallbackIZNS_10ObjectWrapI9DisruptorE13WrappedMethodIXadL_ZNS3_15ConsumeNewAsyncERKNS_12CallbackInfoEEEEEP12napi_value__P10napi_env__P20napi_callback_info__EUlvE_EESA_T_
FN:70,_ZN4Napi7details12WrapCallbackIZNS_10ObjectWrapI9DisruptorE13WrappedMethodIXadL_ZNS3_7ReleaseERKNS_12CallbackInfoEEEEEP12napi_value__P10napi_env__P20napi_callback_info__EUlvE_EESA_T_
FNDA:3208,_ZN4Napi7details12WrapCallbackIZNS_10ObjectWrapI9DisruptorE13WrappedMethodIXadL_ZNS3_7ReleaseERKNS_12CallbackInfoEEEEEP12napi_value__P10napi_env__P20napi_callback_info__EUlvE_EESA_T_
FN:70,_ZN4Napi7details12WrapCallbackIZNS_10ObjectWrapI9DisruptorE13WrappedMethodIXadL_ZNS3_12ProduceClaimERKNS_12CallbackInfoEEEEEP12napi_value__P10napi_env__P20napi_callback_info__EUlvE_EESA_T_
FNDA:519441,_ZN4Napi7details12WrapCallbackIZNS_10ObjectWrapI9DisruptorE13WrappedMethodIXadL_ZNS3_12ProduceClaimERKNS_12CallbackInfoEEEEEP12napi_value__P10napi_env__P20napi_callback_info__EUlvE_EESA_T_
FN:70,_ZN4Napi7details12WrapCallbackIZNS_10ObjectWrapI9DisruptorE13WrappedMethodIXadL_ZNS3_13ConsumeCommitERKNS_12CallbackInfoEEEEEP12napi_value__P10napi_env__P20napi_callback_info__EUlvE_EESA_T_
FNDA:519106,_ZN4Napi7details12WrapCallbackIZNS_10ObjectWrapI9DisruptorE13WrappedMethodIXadL_ZNS3_13ConsumeCommitERKNS_12CallbackInfoEEEEEP12napi_value__P10napi_env__P20napi_callback_info__EUlvE_EESA_T_
FN:70,_ZN4Napi7details12WrapCallbackIZNS_10ObjectWrapI9DisruptorE13WrappedMethodIXadL_ZNS3_14ConsumeNewSyncERKNS_12CallbackInfoEEEEEP12napi_value__P10napi_env__P20napi_callback_info__EUlvE_EESA_T_
FNDA:12,_ZN4Napi7details12WrapCallbackIZNS_10ObjectWrapI9DisruptorE13WrappedMethodIXadL_ZNS3_14ConsumeNewSyncERKNS_12CallbackInfoEEEEEP12napi_value__P10napi_env__P20napi_callback_info__EUlvE_EESA_T_
FN:70,_ZN4Napi7details12WrapCallbackIZNS_10ObjectWrapI9DisruptorE13WrappedMethodIXadL_ZNS3_16ProduceClaimSyncERKNS_12CallbackInfoEEEEEP12napi_value__P10napi_env__P20napi_callback_info__EUlvE_EESA_T_
FNDA:807,_ZN4Napi7details12WrapCallbackIZNS_10ObjectWrapI9DisruptorE13WrappedMethodIXadL_ZNS3_16ProduceClaimSyncERKNS_12CallbackInfoEEEEEP12napi_value__P10napi_env__P20napi_callback_info__EUlvE_EESA_T_
FN:70,_ZN4Napi7details12WrapCallbackIZNS_10ObjectWrapI9DisruptorE13WrappedMethodIXadL_ZNS3_16ProduceClaimManyERKNS_12CallbackInfoEEEEEP12napi_value__P10napi_env__P20napi_callback_info__EUlvE_EESA_T_
FNDA:24,_ZN4Napi7details12WrapCallbackIZNS_10ObjectWrapI9DisruptorE13WrappedMethodIXadL_ZNS3_16ProduceClaimManyERKNS_12CallbackInfoEEEEEP12napi_value__P10napi_env__P20napi_callback_info__EUlvE_EESA_T_
FN:70,_ZN4Napi7details12WrapCallbackIZNS_10ObjectWrapI9DisruptorE13WrappedMethodIXadL_ZNS3_20ProduceClaimManySyncERKNS_12CallbackInfoEEEEEP12napi_value__P10napi_env__P20napi_callback_info__EUlvE_EESA_T_
FNDA:11,_ZN4Napi7details12WrapCallbackIZNS_10ObjectWrapI9DisruptorE13WrappedMethodIXadL_ZNS3_20ProduceClaimManySyncERKNS_12CallbackInfoEEEEEP12napi_value__P10napi_env__P20napi_callback_info__EUlvE_EESA_T_
FN:70,_ZN4Napi7details12WrapCallbackIZNS_10ObjectWrapI9DisruptorE13WrappedMethodIXadL_ZNS3_13ProduceCommitERKNS_12CallbackInfoEEEEEP12napi_value__P10napi_env__P20napi_callback_info__EUlvE_EESA_T_
FNDA:519447,_ZN4Napi7details12WrapCallbackIZNS_10ObjectWrapI9DisruptorE13WrappedMethodIXadL_ZNS3_13ProduceCommitERKNS_12CallbackInfoEEEEEP12napi_value__P10napi_env__P20napi_callback_info__EUlvE_EESA_T_
FN:70,_ZN4Napi7details12WrapCallbackIZNS_10ObjectWrapI9DisruptorE13WrappedMethodIXadL_ZNS3_10ConsumeNewERKNS_12CallbackInfoEEEEEP12napi_value__P10napi_env__P20napi_callback_info__EUlvE_EESA_T_
FNDA:519091,_ZN4Napi7details12WrapCallbackIZNS_10ObjectWrapI9DisruptorE13WrappedMethodIXadL_ZNS3_10ConsumeNewERKNS_12CallbackInfoEEEEEP12napi_value__P10napi_env__P20napi_callback_info__EUlvE_EESA_T_
FN:70,_ZN4Napi7details12WrapCallbackIZNS_10ObjectWrapI9DisruptorE13WrappedMethodIXadL_ZNS3_18ProduceCommitAsyncERKNS_12CallbackInfoEEEEEP12napi_value__P10napi_env__P20napi_callback_info__EUlvE_EESA_T_
FNDA:810,_ZN4Napi7details12WrapCallbackIZNS_10ObjectWrapI9DisruptorE13WrappedMethodIXadL_ZNS3_18ProduceCommitAsyncERKNS_12CallbackInfoEEEEEP12napi_value__P10napi_env__P20napi_callback_info__EUlvE_EESA_T_
FN:70,_ZN4Napi7details12WrapCallbackIZNS_10ObjectWrapI9DisruptorE13WrappedMethodIXadL_ZNS3_17ProduceCommitSyncERKNS_12CallbackInfoEEEEEP12napi_value__P10napi_env__P20napi_callback_info__EUlvE_EESA_T_
FNDA:810,_ZN4Napi7details12WrapCallbackIZNS_10ObjectWrapI9DisruptorE13WrappedMethodIXadL_ZNS3_17ProduceCommitSyncERKNS_12CallbackInfoEEEEEP12napi_value__P10napi_env__P20napi_callback_info__EUlvE_EESA_T_
FN:70,_ZN4Napi7details12WrapCallbackIZNS_14RegisterModuleEP10napi_env__P12napi_value__PFNS_6ObjectENS_3EnvES6_EEUlvE_EES5_T_
FNDA:505,_ZN4Napi7details12WrapCallbackIZNS_14RegisterModuleEP10napi_env__P12napi_value__PFNS_6ObjectENS_3EnvES6_EEUlvE_EES5_T_
FN:70,_ZN4Napi7details12WrapCallbackIZNS_10ObjectWrapI9DisruptorE29InstanceMethodCallbackWrapperEP10napi_env__P20napi_callback_info__EUlvE_EEP12napi_value__T_
FNDA:0,_ZN4Napi7details12WrapCallbackIZNS_10ObjectWrapI9DisruptorE29InstanceMethodCallbackWrapperEP10napi_env__P20napi_callback_info__EUlvE_EEP12napi_value__T_
FN:70,_ZN4Napi7details12WrapCallbackIZNS_10ObjectWrapI9DisruptorE33InstanceVoidMethodCallbackWrapperEP10napi_env__P20napi_callback_info__EUlvE_EEP12napi_value__T_
FNDA:0,_ZN4Napi7details12WrapCallbackIZNS_10ObjectWrapI9DisruptorE33InstanceVoidMethodCallbackWrapperEP10napi_env__P20napi_callback_info__EUlvE_EEP12napi_value__T_
FN:70,_ZN4Napi7details12WrapCallbackIZNS_10ObjectWrapI9DisruptorE29InstanceSetterCallbackWrapperEP10napi_env__P20napi_callback_info__EUlvE_EEP12napi_value__T_
FNDA:0,_ZN4Napi7details12WrapCallbackIZNS_10ObjectWrapI9DisruptorE29InstanceSetterCallbackWrapperEP10napi_env__P20napi_callback_info__EUlvE_EEP12napi_value__T_
FN:70,_ZN4Napi7details12WrapCallbackIZNS_10ObjectWrapI9DisruptorE29InstanceGetterCallbackWrapperEP10napi_env__P20napi_callback_info__EUlvE_EEP12napi_value__T_
FNDA:0,_ZN4Napi7details12WrapCallbackIZNS_10ObjectWrapI9DisruptorE29InstanceGetterCallbackWrapperEP10napi_env__P20napi_callback_info__EUlvE_EEP12napi_value__T_
FN:70,_ZN4Napi7details12WrapCallbackIZNS_10ObjectWrapI9DisruptorE27StaticSetterCallbackWrapperEP10napi_env__P20napi_callback_info__EUlvE_EEP12napi_value__T_
FNDA:0,_ZN4Napi7details12WrapCallbackIZNS_10ObjectWrapI9DisruptorE27StaticSetterCallbackWrapperEP10napi_env__P20napi_callback_info__EUlvE_EEP12napi_value__T_
FN:70,_ZN4Napi7details12WrapCallbackIZNS_10ObjectWrapI9DisruptorE27StaticGetterCallbackWrapperEP10napi_env__P20napi_callback_info__EUlvE_EEP12napi_value__T_
FNDA:0,_ZN4Napi7details12WrapCallbackIZNS_10ObjectWrapI9DisruptorE27StaticGetterCallbackWrapperEP10napi_env__P20napi_callback_info__EUlvE_EEP12napi_value__T_
FN:70,_ZN4Napi7details12WrapCallbackIZNS_10ObjectWrapI9DisruptorE26ConstructorCallbackWrapperEP10napi_env__P20napi_callback_info__EUlvE_EEP12napi_value__T_
FNDA:3716,_ZN4Napi7details12WrapCallbackIZNS_10ObjectWrapI9DisruptorE26ConstructorCallbackWrapperEP10napi_env__P20napi_callback_info__EUlvE_EEP12napi_value__T_
FN:70,_ZN4Napi7details12WrapCallbackIZNS_10ObjectWrapI9DisruptorE31StaticVoidMethodCallbackWrapperEP10napi_env__P20napi_callback_info__EUlvE_EEP12napi_value__T_
FNDA:0,_ZN4Napi7details12WrapCallbackIZNS_10ObjectWrapI9DisruptorE31StaticVoidMethodCallbackWrapperEP10napi_env__P20napi_callback_info__EUlvE_EEP12napi_value__T_
FN:70,_ZN4Napi7details12WrapCallbackIZNS_10ObjectWrapI9DisruptorE27StaticMethodCallbackWrapperEP10napi_env__P20napi_callback_info__EUlvE_EEP12napi_value__T_
FNDA:0,_ZN4Napi7details12WrapCallbackIZNS_10ObjectWrapI9DisruptorE27StaticMethodCallbackWrapperEP10napi_env__P20napi_callback_info__EUlvE_EEP12napi_value__T_
FN:70,_ZN4Napi7details12WrapCallbackIZNS_10ObjectWrapI9DisruptorE13WrappedMethodIXadL_ZNS3_19GetPendingSeqCursorERKNS_12CallbackInfoEEEEEP12napi_value__P10napi_env__P20napi_callback_info__EUlvE_EESA_T_
FNDA:72,_ZN4Napi7details12WrapCallbackIZNS_10ObjectWrapI9DisruptorE13WrappedMethodIXadL_ZNS3_19GetPendingSeqCursorERKNS_12CallbackInfoEEEEEP12napi_value__P10napi_env__P20napi_callback_info__EUlvE_EESA_T_
FN:70,_ZN4Napi7details12WrapCallbackIZNS_10ObjectWrapI9DisruptorE13WrappedMethodIXadL_ZNS3_11GetConsumerERKNS_12CallbackInfoEEEEEP12napi_value__P10napi_env__P20napi_callback_info__EUlvE_EESA_T_
FNDA:197,_ZN4Napi7details12WrapCallbackIZNS_10ObjectWrapI9DisruptorE13WrappedMethodIXadL_ZNS3_11GetConsumerERKNS_12CallbackInfoEEEEEP12napi_value__P10napi_env__P20napi_callback_info__EUlvE_EESA_T_
FN:70,_ZN4Napi7details12WrapCallbackIZNS_10ObjectWrapI9DisruptorE13WrappedMethodIXadL_ZNS3_11GetElementsERKNS_12CallbackInfoEEEEEP12napi_value__P10napi_env__P20napi_callback_info__EUlvE_EESA_T_
FNDA:1556,_ZN4Napi7details12WrapCallbackIZNS_10ObjectWrapI9DisruptorE13WrappedMethodIXadL_ZNS3_11GetElementsERKNS_12CallbackInfoEEEEEP12napi_value__P10napi_env__P20napi_callback_info__EUlvE_EESA_T_
FN:70,_ZN4Napi7details12WrapCallbackIZNS_10ObjectWrapI9DisruptorE13WrappedMethodIXadL_ZNS3_7GetNextERKNS_12CallbackInfoEEEEEP12napi_value__P10napi_env__P20napi_callback_info__EUlvE_EESA_T_
FNDA:197,_ZN4Napi7details12WrapCallbackIZNS_10ObjectWrapI9DisruptorE13WrappedMethodIXadL_ZNS3_7GetNextERKNS_12CallbackInfoEEEEEP12napi_value__P10napi_env__P20napi_callback_info__EUlvE_EESA_T_
FN:70,_ZN4Napi7details12WrapCallbackIZNS_10ObjectWrapI9DisruptorE13WrappedMethodIXadL_ZNS3_9GetCursorERKNS_12CallbackInfoEEEEEP12napi_value__P10napi_env__P20napi_callback_info__EUlvE_EESA_T_
FNDA:197,_ZN4Napi7details12WrapCallbackIZNS_10ObjectWrapI9DisruptorE13WrappedMethodIXadL_ZNS3_9GetCursorERKNS_12CallbackInfoEEEEEP12napi_value__P10napi_env__P20napi_callback_info__EUlvE_EESA_T_
FN:70,_ZN4Napi7details12WrapCallbackIZNS_10ObjectWrapI9DisruptorE13WrappedMethodIXadL_ZNS3_12GetConsumersERKNS_12CallbackInfoEEEEEP12napi_value__P10napi_env__P20napi_callback_info__EUlvE_EESA_T_
FNDA:12,_ZN4Napi7details12WrapCallbackIZNS_10ObjectWrapI9DisruptorE13WrappedMethodIXadL_ZNS3_12GetConsumersERKNS_12CallbackInfoEEEEEP12napi_value__P10napi_env__P20napi_callback_info__EUlvE_EESA_T_
FN:70,_ZN4Napi7details12WrapCallbackIZNS_10ObjectWrapI9DisruptorE13WrappedMethodIXadL_ZNS3_14GetElementSizeERKNS_12CallbackInfoEEEEEP12napi_value__P10napi_env__P20napi_callback_info__EUlvE_EESA_T_
FNDA:64,_ZN4Napi7details12WrapCallbackIZNS_10ObjectWrapI9DisruptorE13WrappedMethodIXadL_ZNS3_14GetElementSizeERKNS_12CallbackInfoEEEEEP12napi_value__P10napi_env__P20napi_callback_info__EUlvE_EESA_T_
FN:70,_ZN4Napi7details12WrapCallbackIZNS_10ObjectWrapI9DisruptorE13WrappedMethodIXadL_ZNS3_20GetPendingSeqNextEndERKNS_12CallbackInfoEEEEEP12napi_value__P10napi_env__P20napi_callback_info__EUlvE_EESA_T_
FNDA:520319,_ZN4Napi7details12WrapCallbackIZNS_10ObjectWrapI9DisruptorE13WrappedMethodIXadL_ZNS3_20GetPendingSeqNextEndERKNS_12CallbackInfoEEEEEP12napi_value__P10napi_env__P20napi_callback_info__EUlvE_EESA_T_
FN:70,_ZN4Napi7details12WrapCallbackIZNS_10ObjectWrapI9DisruptorE13WrappedMethodIXadL_ZNS3_17GetPendingSeqNextERKNS_12CallbackInfoEEEEEP12napi_value__P10napi_env__P20napi_callback_info__EUlvE_EESA_T_
FNDA:520319,_ZN4Napi7details12WrapCallbackIZNS_10ObjectWrapI9DisruptorE13WrappedMethodIXadL_ZNS3_17GetPendingSeqNextERKNS_12CallbackInfoEEEEEP12napi_value__P10napi_env__P20napi_callback_info__EUlvE_EESA_T_
FN:70,_ZN4Napi7details12WrapCallbackIZNS_10ObjectWrapI9DisruptorE13WrappedMethodIXadL_ZNS3_21GetPendingSeqConsumerERKNS_12CallbackInfoEEEEEP12napi_value__P10napi_env__P20napi_callback_info__EUlvE_EESA_T_
FNDA:519175,_ZN4Napi7details12WrapCallbackIZNS_10ObjectWrapI9DisruptorE13WrappedMethodIXadL_ZNS3_21GetPendingSeqConsumerERKNS_12CallbackInfoEEEEEP12napi_value__P10napi_env__P20napi_callback_info__EUlvE_EESA_T_
FN:70,_ZN4Napi7details12WrapCallbackIZNS_11AsyncWorker14OnWorkCompleteENS_3EnvE11napi_statusEUlvE_EEP12napi_value__T_
FNDA:1948100,_ZN4Napi7details12WrapCallbackIZNS_11AsyncWorker14OnWorkCompleteENS_3EnvE11napi_statusEUlvE_EEP12napi_value__T_
FN:123,_ZN4Napi7details12FinalizeDataIhZN9DisruptorC4ERKNS_12CallbackInfoEEUlNS_3EnvEPhE_vE7WrapperEP10napi_env__PvSC_
FNDA:3612,_ZN4Napi7details12FinalizeDataIhZN9DisruptorC4ERKNS_12CallbackInfoEEUlNS_3EnvEPhE_vE7WrapperEP10napi_env__PvSC_
FN:251,_ZN4Napi14RegisterModuleEP10napi_env__P12napi_value__PFNS_6ObjectENS_3EnvES4_E
FNDA:505,_ZN4Napi14RegisterModuleEP10napi_env__P12napi_value__PFNS_6ObjectENS_3EnvES4_E
FN:254,_ZZN4Napi14RegisterModuleEP10napi_env__P12napi_value__PFNS_6ObjectENS_3EnvES4_EENKUlvE_clEv
FNDA:505,_ZZN4Napi14RegisterModuleEP10napi_env__P12napi_value__PFNS_6ObjectENS_3EnvES4_EENKUlvE_clEv
FN:264,_ZN4Napi3EnvC2EP10napi_env__
FNDA:28230800,_ZN4Napi3EnvC2EP10napi_env__
FN:267,_ZNK4Napi3EnvcvP10napi_env__Ev
FNDA:25626100,_ZNK4Napi3EnvcvP10napi_env__Ev
FN:271,_ZNK4Napi3Env6GlobalEv
FNDA:3712,_ZNK4Napi3Env6GlobalEv
FN:278,_ZNK4Napi3Env9UndefinedEv
FNDA:737399,_ZNK4Napi3Env9UndefinedEv
FN:285,_ZNK4Napi3Env4NullEv
FNDA:309619,_ZNK4Napi3Env4NullEv
FN:292,_ZNK4Napi3Env18IsExceptionPendingEv
FNDA:317043,_ZNK4Napi3Env18IsExceptionPendingEv
FN:371,_ZN4Napi5ValueC2Ev
FNDA:3712,_ZN4Napi5ValueC2Ev
FN:374,_ZN4Napi5ValueC2EP10napi_env__P12napi_value__
FNDA:28412000,_ZN4Napi5ValueC2EP10napi_env__P12napi_value__
FN:377,_ZNK4Napi5ValuecvP12napi_value__Ev
FNDA:27204600,_ZNK4Napi5ValuecvP12napi_value__Ev
FN:396,_ZNK4Napi5Value3EnvEv
FNDA:15528500,_ZNK4Napi5Value3EnvEv
FN:400,_ZNK4Napi5Value7IsEmptyEv
FNDA:313235,_ZNK4Napi5Value7IsEmptyEv
FN:404,_ZNK4Napi5Value4TypeEv
FNDA:309619,_ZNK4Napi5Value4TypeEv
FN:495,_ZNK4Napi5Value10IsFunctionEv
FNDA:309619,_ZNK4Napi5Value10IsFunctionEv
FN:537,_ZNK4Napi5Value2AsINS_8FunctionEEET_v
FNDA:317043,_ZNK4Napi5Value2AsINS_8FunctionEEET_v
FN:537,_ZNK4Napi5Value2AsINS_6BufferIhEEEET_v
FNDA:1052820,_ZNK4Napi5Value2AsINS_6BufferIhEEEET_v
FN:537,_ZNK4Napi5Value2AsINS_6StringEEET_v
FNDA:3716,_ZNK4Napi5Value2AsINS_6StringEEET_v
FN:537,_ZNK4Napi5Value2AsINS_7BooleanEEET_v
FNDA:7432,_ZNK4Napi5Value2AsINS_7BooleanEEET_v
FN:537,_ZNK4Napi5Value2AsINS_6NumberEEET_v
FNDA:15086,_ZNK4Napi5Value2AsINS_6NumberEEET_v
FN:537,_ZNK4Napi5Value2AsINS_6ObjectEEET_v
FNDA:3649490,_ZNK4Napi5Value2AsINS_6ObjectEEET_v
FN:573,_ZN4Napi7Boolean3NewEP10napi_env__b
FNDA:1164540,_ZN4Napi7Boolean3NewEP10napi_env__b
FN:583,_ZN4Napi7BooleanC2EP10napi_env__P12napi_value__
FNDA:1171970,_ZN4Napi7BooleanC2EP10napi_env__P12napi_value__
FN:586,_ZNK4Napi7BooleancvbEv
FNDA:526879,_ZNK4Napi7BooleancvbEv
FN:590,_ZNK4Napi7Boolean5ValueEv
FNDA:526879,_ZNK4Napi7Boolean5ValueEv
FN:601,_ZN4Napi6Number3NewEP10napi_env__d
FNDA:3856000,_ZN4Napi6Number3NewEP10napi_env__d
FN:611,_ZN4Napi6NumberC2EP10napi_env__P12napi_value__
FNDA:3871080,_ZN4Napi6NumberC2EP10napi_env__P12napi_value__
FN:618,_ZNK4Napi6NumbercvjEv
FNDA:14910,_ZNK4Napi6NumbercvjEv
FN:641,_ZNK4Napi6Number11Uint32ValueEv
FNDA:14910,_ZNK4Napi6Number11Uint32ValueEv
FN:648,_ZNK4Napi6Number10Int64ValueEv
FNDA:176,_ZNK4Napi6Number10Int64ValueEv
FN:767,_ZN4Napi4NameC2EP10napi_env__P12napi_value__
FNDA:3716,_ZN4Napi4NameC2EP10napi_env__P12napi_value__
FN:813,_ZN4Napi6StringC2EP10napi_env__P12napi_value__
FNDA:3716,_ZN4Napi6StringC2EP10napi_env__P12napi_value__
FN:816,_ZNK4Napi6StringcvNSt7__cxx1112basic_stringIcSt11char_traitsIcESaIcEEEEv
FNDA:0,_ZNK4Napi6StringcvNSt7__cxx1112basic_stringIcSt11char_traitsIcESaIcEEEEv
FN:824,_ZNK4Napi6String9Utf8ValueB5cxx11Ev
FNDA:3716,_ZNK4Napi6String9Utf8ValueB5cxx11Ev
FN:931,_ZN4Napi7details11vf_fallbackINS_8FunctionEE4FromEP10napi_env__RKS2_
FNDA:505,_ZN4Napi7details11vf_fallbackINS_8FunctionEE4FromEP10napi_env__RKS2_
FN:931,_ZN4Napi7details11vf_fallbackINS_6BufferIhEEE4FromEP10napi_env__RKS3_
FNDA:340483,_ZN4Napi7details11vf_fallbackINS_6BufferIhEEE4FromEP10napi_env__RKS3_
FN:931,_ZN4Napi7details11vf_fallbackINS_5ValueEE4FromEP10napi_env__RKS2_
FNDA:179310,_ZN4Napi7details11vf_fallbackINS_5ValueEE4FromEP10napi_env__RKS2_
FN:951,_ZN4Napi5Value4FromINS_6BufferIhEEEES0_P10napi_env__RKT_
FNDA:340483,_ZN4Napi5Value4FromINS_6BufferIhEEEES0_P10napi_env__RKT_
FN:951,_ZN4Napi5Value4FromINS_8FunctionEEES0_P10napi_env__RKT_
FNDA:505,_ZN4Napi5Value4FromINS_8FunctionEEES0_P10napi_env__RKT_
FN:951,_ZN4Napi5Value4FromIS0_EES0_P10napi_env__RKT_
FNDA:179310,_ZN4Napi5Value4FromIS0_EES0_P10napi_env__RKT_
FN:997,_ZN4Napi6Object14PropertyLValueIjEaSINS_5ValueEEERS2_T_
FNDA:179310,_ZN4Napi6Object14PropertyLValueIjEaSINS_5ValueEEERS2_T_
FN:1003,_ZN4Napi6Object14PropertyLValueIjEC2ES0_j
FNDA:179310,_ZN4Napi6Object14PropertyLValueIjEC2ES0_j
FN:1006,_ZN4Napi6Object3NewEP10napi_env__
FNDA:3896200,_ZN4Napi6Object3NewEP10napi_env__
FN:1013,_ZN4Napi6ObjectC2Ev
FNDA:3712,_ZN4Napi6ObjectC2Ev
FN:1016,_ZN4Napi6ObjectC2EP10napi_env__P12napi_value__
FNDA:19771500,_ZN4Napi6ObjectC2EP10napi_env__P12napi_value__
FN:1027,_ZN4Napi6ObjectixEj
FNDA:179310,_ZN4Napi6ObjectixEj
FN:1107,_ZNK4Napi6Object3GetEPKc
FNDA:11136,_ZNK4Napi6Object3GetEPKc
FN:1133,_ZN4Napi6Object3SetINS_8FunctionEEEvPKcRKT_
FNDA:505,_ZN4Napi6Object3SetINS_8FunctionEEEvPKcRKT_
FN:1181,_ZN4Napi6Object3SetINS_5ValueEEEvjRKT_
FNDA:179310,_ZN4Napi6Object3SetINS_5ValueEEEvjRKT_
FN:1181,_ZN4Napi6Object3SetINS_6BufferIhEEEEvjRKT_
FNDA:340483,_ZN4Napi6Object3SetINS_6BufferIhEEEEvjRKT_
FN:1335,_ZN4Napi5Array3NewEP10napi_env__
FNDA:698306,_ZN4Napi5Array3NewEP10napi_env__
FN:1352,_ZN4Napi5ArrayC2EP10napi_env__P12napi_value__
FNDA:698306,_ZN4Napi5ArrayC2EP10napi_env__P12napi_value__
FN:1355,_ZNK4Napi5Array6LengthEv
FNDA:519115,_ZNK4Napi5Array6LengthEv
FN:1627,_ZN4Napi10TypedArrayC2Ev
FNDA:3712,_ZN4Napi10TypedArrayC2Ev
FN:1631,_ZN4Napi10TypedArrayC2EP10napi_env__P12napi_value__
FNDA:2110920,_ZN4Napi10TypedArrayC2EP10napi_env__P12napi_value__
FN:1737,_ZN4Napi12TypedArrayOfIhEC2Ev
FNDA:3712,_ZN4Napi12TypedArrayOfIhEC2Ev
FN:1741,_ZN4Napi12TypedArrayOfIhEC2EP10napi_env__P12napi_value__
FNDA:2110920,_ZN4Napi12TypedArrayOfIhEC2EP10napi_env__P12napi_value__
FN:1788,_ZN4NapiL14CreateFunctionINS_10ObjectWrapI9DisruptorE18MethodCallbackDataIPFvRKNS_12CallbackInfoEEEEEE11napi_statusP10napi_env__PKcPFP12napi_value__SD_P20napi_callback_info__EPT_PSH_
FNDA:0,_ZN4NapiL14CreateFunctionINS_10ObjectWrapI9DisruptorE18MethodCallbackDataIPFvRKNS_12CallbackInfoEEEEEE11napi_statusP10napi_env__PKcPFP12napi_value__SD_P20napi_callback_info__EPT_PSH_
FN:1788,_ZN4NapiL14CreateFunctionINS_10ObjectWrapI9DisruptorE18MethodCallbackDataIPFNS_5ValueERKNS_12CallbackInfoEEEEEE11napi_statusP10napi_env__PKcPFP12napi_value__SE_P20napi_callback_info__EPT_PSI_
FNDA:0,_ZN4NapiL14CreateFunctionINS_10ObjectWrapI9DisruptorE18MethodCallbackDataIPFNS_5ValueERKNS_12CallbackInfoEEEEEE11napi_statusP10napi_env__PKcPFP12napi_value__SE_P20napi_callback_info__EPT_PSI_
FN:1803,_ZN4Napi8Function3NewIXadL_Z12NullCallbackRKNS_12CallbackInfoEEEEES0_P10napi_env__PKcPv
FNDA:0,_ZN4Napi8Function3NewIXadL_Z12NullCallbackRKNS_12CallbackInfoEEEEES0_P10napi_env__PKcPv
FN:1807,_ZZN4Napi8Function3NewIXadL_Z12NullCallbackRKNS_12CallbackInfoEEEEES0_P10napi_env__PKcPvENKUlS6_P20napi_callback_info__E_clES6_SB_
FNDA:0,_ZZN4Napi8Function3NewIXadL_Z12NullCallbackRKNS_12CallbackInfoEEEEES0_P10napi_env__PKcPvENKUlS6_P20napi_callback_info__E_clES6_SB_
FN:1809,_ZZZN4Napi8Function3NewIXadL_Z12NullCallbackRKNS_12CallbackInfoEEEEES0_P10napi_env__PKcPvENKUlS6_P20napi_callback_info__E_clES6_SB_ENKUlvE_clEv
FNDA:0,_ZZZN4Napi8Function3NewIXadL_Z12NullCallbackRKNS_12CallbackInfoEEEEES0_P10napi_env__PKcPvENKUlS6_P20napi_callback_info__E_clES6_SB_ENKUlvE_clEv
FN:1881,_ZN4Napi8FunctionC2EP10napi_env__P12napi_value__
FNDA:3318470,_ZN4Napi8FunctionC2EP10napi_env__P12napi_value__
FN:1900,_ZNK4Napi8Function4CallEP12napi_value__RKSt16initializer_listIS2_E
FNDA:1052820,_ZNK4Napi8Function4CallEP12napi_value__RKSt16initializer_listIS2_E
FN:1904,_ZNK4Napi8Function4CallEP12napi_value__RKSt6vectorIS2_SaIS2_EE
FNDA:0,_ZNK4Napi8Function4CallEP12napi_value__RKSt6vectorIS2_SaIS2_EE
FN:1908,_ZNK4Napi8Function4CallEP12napi_value__mPKS2_
FNDA:1052820,_ZNK4Napi8Function4CallEP12napi_value__mPKS2_
FN:1916,_ZNK4Napi8Function12MakeCallbackEP12napi_value__RKSt16initializer_listIS2_EP20napi_async_context__
FNDA:309619,_ZNK4Napi8Function12MakeCallbackEP12napi_value__RKSt16initializer_listIS2_EP20napi_async_context__
FN:1930,_ZNK4Napi8Function12MakeCallbackEP12napi_value__mPKS2_P20napi_async_context__
FNDA:309619,_ZNK4Napi8Function12MakeCallbackEP12napi_value__mPKS2_P20napi_async_context__
FN:2016,_ZN4Napi6BufferIhE3NewIZN9DisruptorC4ERKNS_12CallbackInfoEEUlNS_3EnvEPhE_EES1_P10napi_env__S8_mT_
FNDA:3712,_ZN4Napi6BufferIhE3NewIZN9DisruptorC4ERKNS_12CallbackInfoEEUlNS_3EnvEPhE_EES1_P10napi_env__S8_mT_
FN:2071,_ZN4Napi6BufferIhEC2Ev
FNDA:3712,_ZN4Napi6BufferIhEC2Ev
FN:2075,_ZN4Napi6BufferIhEC2EP10napi_env__P12napi_value__
FNDA:2107210,_ZN4Napi6BufferIhEC2EP10napi_env__P12napi_value__
FN:2080,_ZN4Napi6BufferIhEC2EP10napi_env__P12napi_value__mPh
FNDA:3712,_ZN4Napi6BufferIhEC2EP10napi_env__P12napi_value__mPh
FN:2085,_ZNK4Napi6BufferIhE6LengthEv
FNDA:519441,_ZNK4Napi6BufferIhE6LengthEv
FN:2097,_ZNK4Napi6BufferIhE10EnsureInfoEv
FNDA:519441,_ZNK4Napi6BufferIhE10EnsureInfoEv
FN:2115,_ZN4Napi5Error3NewEP10napi_env__
FNDA:0,_ZN4Napi5Error3NewEP10napi_env__
FN:2163,_ZN4Napi5Error3NewEP10napi_env__PKc
FNDA:0,_ZN4Napi5Error3NewEP10napi_env__PKc
FN:2167,_ZN4Napi5Error3NewEP10napi_env__RKNSt7__cxx1112basic_stringIcSt11char_traitsIcESaIcEEE
FNDA:4,_ZN4Napi5Error3NewEP10napi_env__RKNSt7__cxx1112basic_stringIcSt11char_traitsIcESaIcEEE
FN:2171,_ZN4Napi5Error5FatalEPKcS2_
FNDA:0,_ZN4Napi5Error5FatalEPKcS2_
FN:2178,_ZN4Napi5ErrorC2EP10napi_env__P12napi_value__
FNDA:4,_ZN4Napi5ErrorC2EP10napi_env__P12napi_value__
FN:2214,_ZNK4Napi5Error7MessageB5cxx11Ev
FNDA:0,_ZNK4Napi5Error7MessageB5cxx11Ev
FN:2231,_ZNK4Napi5Error26ThrowAsJavaScriptExceptionEv
FNDA:4,_ZNK4Napi5Error26ThrowAsJavaScriptExceptionEv
FN:2253,_ZNK4Napi5Error4whatEv
FNDA:0,_ZNK4Napi5Error4whatEv
FN:2260,_ZN4Napi5Error3NewIS0_EET_P10napi_env__PKcmPF11napi_statusS4_P12napi_value__S9_PS9_E
FNDA:4,_ZN4Napi5Error3NewIS0_EET_P10napi_env__PKcmPF11napi_statusS4_P12napi_value__S9_PS9_E
FN:2308,_ZN4Napi9ReferenceINS_6BufferIhEEE3NewERKS2_j
FNDA:11136,_ZN4Napi9ReferenceINS_6BufferIhEEE3NewERKS2_j
FN:2308,_ZN4Napi9ReferenceINS_6ObjectEE3NewERKS1_j
FNDA:3896200,_ZN4Napi9ReferenceINS_6ObjectEE3NewERKS1_j
FN:2308,_ZN4Napi9ReferenceINS_8FunctionEE3NewERKS1_j
FNDA:1951810,_ZN4Napi9ReferenceINS_8FunctionEE3NewERKS1_j
FN:2325,_ZN4Napi9ReferenceINS_6BufferIhEEEC2Ev
FNDA:11148,_ZN4Napi9ReferenceINS_6BufferIhEEEC2Ev
FN:2325,_ZN4Napi9ReferenceINS_8FunctionEEC2Ev
FNDA:3716,_ZN4Napi9ReferenceINS_8FunctionEEC2Ev
FN:2325,_ZN4Napi9ReferenceINS_6ObjectEEC2Ev
FNDA:3716,_ZN4Napi9ReferenceINS_6ObjectEEC2Ev
FN:2329,_ZN4Napi9ReferenceINS_6BufferIhEEEC2EP10napi_env__P10napi_ref__
FNDA:11136,_ZN4Napi9ReferenceINS_6BufferIhEEEC2EP10napi_env__P10napi_ref__
FN:2329,_ZN4Napi9ReferenceINS_8FunctionEEC2EP10napi_env__P10napi_ref__
FNDA:1951810,_ZN4Napi9ReferenceINS_8FunctionEEC2EP10napi_env__P10napi_ref__
FN:2329,_ZN4Napi9ReferenceINS_6ObjectEEC2EP10napi_env__P10napi_ref__
FNDA:3899920,_ZN4Napi9ReferenceINS_6ObjectEEC2EP10napi_env__P10napi_ref__
FN:2334,_ZN4Napi9ReferenceINS_8FunctionEED2Ev
FNDA:3907240,_ZN4Napi9ReferenceINS_8FunctionEED2Ev
FN:2334,_ZN4Napi9ReferenceINS_6BufferIhEEED2Ev
FNDA:21984,_ZN4Napi9ReferenceINS_6BufferIhEEED2Ev
FN:2334,_ZN4Napi9ReferenceINS_6ObjectEED2Ev
FNDA:7799740,_ZN4Napi9ReferenceINS_6ObjectEED2Ev
FN:2345,_ZN4Napi9ReferenceINS_6ObjectEEC2EOS2_
FNDA:3896200,_ZN4Napi9ReferenceINS_6ObjectEEC2EOS2_
FN:2345,_ZN4Napi9ReferenceINS_8FunctionEEC2EOS2_
FNDA:1951810,_ZN4Napi9ReferenceINS_8FunctionEEC2EOS2_
FN:2353,_ZN4Napi9ReferenceINS_6BufferIhEEEaSEOS3_
FNDA:11136,_ZN4Napi9ReferenceINS_6BufferIhEEEaSEOS3_
FN:2353,_ZN4Napi9ReferenceINS_8FunctionEEaSEOS2_
FNDA:3712,_ZN4Napi9ReferenceINS_8FunctionEEaSEOS2_
FN:2353,_ZN4Napi9ReferenceINS_6ObjectEEaSEOS2_
FNDA:3716,_ZN4Napi9ReferenceINS_6ObjectEEaSEOS2_
FN:2395,_ZNK4Napi9ReferenceINS_8FunctionEE3EnvEv
FNDA:0,_ZNK4Napi9ReferenceINS_8FunctionEE3EnvEv
FN:2395,_ZNK4Napi9ReferenceINS_6ObjectEE3EnvEv
FNDA:3620,_ZNK4Napi9ReferenceINS_6ObjectEE3EnvEv
FN:2400,_ZNK4Napi9ReferenceINS_8FunctionEE7IsEmptyEv
FNDA:0,_ZNK4Napi9ReferenceINS_8FunctionEE7IsEmptyEv
FN:2400,_ZNK4Napi9ReferenceINS_6ObjectEE7IsEmptyEv
FNDA:3620,_ZNK4Napi9ReferenceINS_6ObjectEE7IsEmptyEv
FN:2405,_ZNK4Napi9ReferenceINS_8FunctionEE5ValueEv
FNDA:3000920,_ZNK4Napi9ReferenceINS_8FunctionEE5ValueEv
FN:2405,_ZNK4Napi9ReferenceINS_6ObjectEE5ValueEv
FNDA:2261340,_ZNK4Napi9ReferenceINS_6ObjectEE5ValueEv
FN:2405,_ZNK4Napi9ReferenceINS_6BufferIhEEE5ValueEv
FNDA:1054390,_ZNK4Napi9ReferenceINS_6BufferIhEEE5ValueEv
FN:2433,_ZN4Napi9ReferenceINS_6ObjectEE5ResetEv
FNDA:3716,_ZN4Napi9ReferenceINS_6ObjectEE5ResetEv
FN:2433,_ZN4Napi9ReferenceINS_8FunctionEE5ResetEv
FNDA:10532,_ZN4Napi9ReferenceINS_8FunctionEE5ResetEv
FN:2433,_ZN4Napi9ReferenceINS_6BufferIhEEE5ResetEv
FNDA:31596,_ZN4Napi9ReferenceINS_6BufferIhEEE5ResetEv
FN:2472,_ZN4Napi10PersistentINS_6BufferIhEEEENS_9ReferenceIT_EES4_
FNDA:11136,_ZN4Napi10PersistentINS_6BufferIhEEEENS_9ReferenceIT_EES4_
FN:2476,_ZN4Napi10PersistentENS_6ObjectE
FNDA:3896200,_ZN4Napi10PersistentENS_6ObjectE
FN:2480,_ZN4Napi10PersistentENS_8FunctionE
FNDA:1951810,_ZN4Napi10PersistentENS_8FunctionE
FN:2491,_ZN4Napi15ObjectReferenceC2EP10napi_env__P10napi_ref__
FNDA:4,_ZN4Napi15ObjectReferenceC2EP10napi_env__P10napi_ref__
FN:2494,_ZN4Napi15ObjectReferenceC2EONS_9ReferenceINS_6ObjectEEE
FNDA:3896200,_ZN4Napi15ObjectReferenceC2EONS_9ReferenceINS_6ObjectEEE
FN:2516,_ZNK4Napi15ObjectReference3GetEPKc
FNDA:0,_ZNK4Napi15ObjectReference3GetEPKc
FN:2615,_ZN4Napi17FunctionReferenceC2Ev
FNDA:3716,_ZN4Napi17FunctionReferenceC2Ev
FN:2622,_ZN4Napi17FunctionReferenceC2EONS_9ReferenceINS_8FunctionEEE
FNDA:1951810,_ZN4Napi17FunctionReferenceC2EONS_9ReferenceINS_8FunctionEEE
FN:2635,_ZN4Napi17FunctionReferenceaSEOS0_
FNDA:3712,_ZN4Napi17FunctionReferenceaSEOS0_
FN:2664,_ZNK4Napi17FunctionReference4CallEP12napi_value__RKSt16initializer_listIS2_E
FNDA:7424,_ZNK4Napi17FunctionReference4CallEP12napi_value__RKSt16initializer_listIS2_E
FN:2674,_ZNK4Napi17FunctionReference4CallEP12napi_value__RKSt6vectorIS2_SaIS2_EE
FNDA:0,_ZNK4Napi17FunctionReference4CallEP12napi_value__RKSt6vectorIS2_SaIS2_EE
FN:2694,_ZNK4Napi17FunctionReference12MakeCallbackEP12napi_value__RKSt16initializer_listIS2_EP20napi_async_context__
FNDA:309619,_ZNK4Napi17FunctionReference12MakeCallbackEP12napi_value__RKSt16initializer_listIS2_EP20napi_async_context__
FN:2745,_ZN4Napi12CallbackInfoC2EP10napi_env__P20napi_callback_info__
FNDA:3649500,_ZN4Napi12CallbackInfoC2EP10napi_env__P20napi_callback_info__
FN:2763,_ZN4Napi12CallbackInfoD2Ev
FNDA:3649500,_ZN4Napi12CallbackInfoD2Ev
FN:2780,_ZNK4Napi12CallbackInfo3EnvEv
FNDA:3954800,_ZNK4Napi12CallbackInfo3EnvEv
FN:2784,_ZNK4Napi12CallbackInfo6LengthEv
FNDA:830686,_ZNK4Napi12CallbackInfo6LengthEv
FN:2788,_ZNK4Napi12CallbackInfoixEm
FNDA:335853,_ZNK4Napi12CallbackInfoixEm
FN:2792,_ZNK4Napi12CallbackInfo4ThisEv
FNDA:3653210,_ZNK4Napi12CallbackInfo4ThisEv
FN:2799,_ZNK4Napi12CallbackInfo4DataEv
FNDA:0,_ZNK4Napi12CallbackInfo4DataEv
FN:2803,_ZN4Napi12CallbackInfo7SetDataEPv
FNDA:0,_ZN4Napi12CallbackInfo7SetDataEPv
FN:3144,_ZN4Napi10ObjectWrapI9DisruptorEC2ERKNS_12CallbackInfoE
FNDA:3716,_ZN4Napi10ObjectWrapI9DisruptorEC2ERKNS_12CallbackInfoE
FN:3157,_ZN4Napi10ObjectWrapI9DisruptorED2Ev
FNDA:3616,_ZN4Napi10ObjectWrapI9DisruptorED2Ev
FN:3157,_ZN4Napi10ObjectWrapI9DisruptorED0Ev
FNDA:0,_ZN4Napi10ObjectWrapI9DisruptorED0Ev
FN:3172,_ZN4Napi10ObjectWrapI9DisruptorE6UnwrapENS_6ObjectE
FNDA:3645780,_ZN4Napi10ObjectWrapI9DisruptorE6UnwrapENS_6ObjectE
FN:3181,_ZN4Napi10ObjectWrapI9DisruptorE11DefineClassENS_3EnvEPKcmPK24napi_property_descriptorPv
FNDA:505,_ZN4Napi10ObjectWrapI9DisruptorE11DefineClassENS_3EnvEPKcmPK24napi_property_descriptorPv
FN:3269,_ZN4Napi10ObjectWrapI9DisruptorE11DefineClassENS_3EnvEPKcRKSt16initializer_listINS_23ClassPropertyDescriptorIS1_EEEPv
FNDA:505,_ZN4Napi10ObjectWrapI9DisruptorE11DefineClassENS_3EnvEPKcRKSt16initializer_listINS_23ClassPropertyDescriptorIS1_EEEPv
FN:3552,_ZN4Napi10ObjectWrapI9DisruptorE14InstanceMethodIXadL_ZNS1_7ReleaseERKNS_12CallbackInfoEEEEENS_23ClassPropertyDescriptorIS1_EEPKc24napi_property_attributesPv
FNDA:505,_ZN4Napi10ObjectWrapI9DisruptorE14InstanceMethodIXadL_ZNS1_7ReleaseERKNS_12CallbackInfoEEEEENS_23ClassPropertyDescriptorIS1_EEPKc24napi_property_attributesPv
FN:3552,_ZN4Napi10ObjectWrapI9DisruptorE14InstanceMethodIXadL_ZNS1_18ProduceCommitAsyncERKNS_12CallbackInfoEEEEENS_23ClassPropertyDescriptorIS1_EEPKc24napi_property_attributesPv
FNDA:505,_ZN4Napi10ObjectWrapI9DisruptorE14InstanceMethodIXadL_ZNS1_18ProduceCommitAsyncERKNS_12CallbackInfoEEEEENS_23ClassPropertyDescriptorIS1_EEPKc24napi_property_attributesPv
FN:3552,_ZN4Napi10ObjectWrapI9DisruptorE14InstanceMethodIXadL_ZNS1_21ProduceClaimManyAsyncERKNS_12CallbackInfoEEEEENS_23ClassPropertyDescriptorIS1_EEPKc24napi_property_attributesPv
FNDA:505,_ZN4Napi10ObjectWrapI9DisruptorE14InstanceMethodIXadL_ZNS1_21ProduceClaimManyAsyncERKNS_12CallbackInfoEEEEENS_23ClassPropertyDescriptorIS1_EEPKc24napi_property_attributesPv
FN:3552,_ZN4Napi10ObjectWrapI9DisruptorE14InstanceMethodIXadL_ZNS1_17ProduceClaimAsyncERKNS_12CallbackInfoEEEEENS_23ClassPropertyDescriptorIS1_EEPKc24napi_property_attributesPv
FNDA:505,_ZN4Napi10ObjectWrapI9DisruptorE14InstanceMethodIXadL_ZNS1_17ProduceClaimAsyncERKNS_12CallbackInfoEEEEENS_23ClassPropertyDescriptorIS1_EEPKc24napi_property_attributesPv
FN:3552,_ZN4Napi10ObjectWrapI9DisruptorE14InstanceMethodIXadL_ZNS1_15ConsumeNewAsyncERKNS_12CallbackInfoEEEEENS_23ClassPropertyDescriptorIS1_EEPKc24napi_property_attributesPv
FNDA:505,_ZN4Napi10ObjectWrapI9DisruptorE14InstanceMethodIXadL_ZNS1_15ConsumeNewAsyncERKNS_12CallbackInfoEEEEENS_23ClassPropertyDescriptorIS1_EEPKc24napi_property_attributesPv
FN:3566,_ZN4Napi10ObjectWrapI9DisruptorE14InstanceMethodIXadL_ZNS1_14ConsumeNewSyncERKNS_12CallbackInfoEEEEENS_23ClassPropertyDescriptorIS1_EEPKc24napi_property_attributesPv
FNDA:505,_ZN4Napi10ObjectWrapI9DisruptorE14InstanceMethodIXadL_ZNS1_14ConsumeNewSyncERKNS_12CallbackInfoEEEEENS_23ClassPropertyDescriptorIS1_EEPKc24napi_property_attributesPv
FN:3566,_ZN4Napi10ObjectWrapI9DisruptorE14InstanceMethodIXadL_ZNS1_16ProduceClaimSyncERKNS_12CallbackInfoEEEEENS_23ClassPropertyDescriptorIS1_EEPKc24napi_property_attributesPv
FNDA:505,_ZN4Napi10ObjectWrapI9DisruptorE14InstanceMethodIXadL_ZNS1_16ProduceClaimSyncERKNS_12CallbackInfoEEEEENS_23ClassPropertyDescriptorIS1_EEPKc24napi_property_attributesPv
FN:3566,_ZN4Napi10ObjectWrapI9DisruptorE14InstanceMethodIXadL_ZNS1_12ProduceClaimERKNS_12CallbackInfoEEEEENS_23ClassPropertyDescriptorIS1_EEPKc24napi_property_attributesPv
FNDA:505,_ZN4Napi10ObjectWrapI9DisruptorE14InstanceMethodIXadL_ZNS1_12ProduceClaimERKNS_12CallbackInfoEEEEENS_23ClassPropertyDescriptorIS1_EEPKc24napi_property_attributesPv
FN:3566,_ZN4Napi10ObjectWrapI9DisruptorE14InstanceMethodIXadL_ZNS1_16ProduceClaimManyERKNS_12CallbackInfoEEEEENS_23ClassPropertyDescriptorIS1_EEPKc24napi_property_attributesPv
FNDA:505,_ZN4Napi10ObjectWrapI9DisruptorE14InstanceMethodIXadL_ZNS1_16ProduceClaimManyERKNS_12CallbackInfoEEEEENS_23ClassPropertyDescriptorIS1_EEPKc24napi_property_attributesPv
FN:3566,_ZN4Napi10ObjectWrapI9DisruptorE14InstanceMethodIXadL_ZNS1_20ProduceClaimManySyncERKNS_12CallbackInfoEEEEENS_23ClassPropertyDescriptorIS1_EEPKc24napi_property_attributesPv
FNDA:505,_ZN4Napi10ObjectWrapI9DisruptorE14InstanceMethodIXadL_ZNS1_20ProduceClaimManySyncERKNS_12CallbackInfoEEEEENS_23ClassPropertyDescriptorIS1_EEPKc24napi_property_attributesPv
FN:3566,_ZN4Napi10ObjectWrapI9DisruptorE14InstanceMethodIXadL_ZNS1_13ProduceCommitERKNS_12CallbackInfoEEEEENS_23ClassPropertyDescriptorIS1_EEPKc24napi_property_attributesPv
FNDA:505,_ZN4Napi10ObjectWrapI9DisruptorE14InstanceMethodIXadL_ZNS1_13ProduceCommitERKNS_12CallbackInfoEEEEENS_23ClassPropertyDescriptorIS1_EEPKc24napi_property_attributesPv
FN:3566,_ZN4Napi10ObjectWrapI9DisruptorE14InstanceMethodIXadL_ZNS1_17ProduceCommitSyncERKNS_12CallbackInfoEEEEENS_23ClassPropertyDescriptorIS1_EEPKc24napi_property_attributesPv
FNDA:505,_ZN4Napi10ObjectWrapI9DisruptorE14InstanceMethodIXadL_ZNS1_17ProduceCommitSyncERKNS_12CallbackInfoEEEEENS_23ClassPropertyDescriptorIS1_EEPKc24napi_property_attributesPv
FN:3566,_ZN4Napi10ObjectWrapI9DisruptorE14InstanceMethodIXadL_ZNS1_14ProduceRecoverERKNS_12CallbackInfoEEEEENS_23ClassPropertyDescriptorIS1_EEPKc24napi_property_attributesPv
FNDA:505,_ZN4Napi10ObjectWrapI9DisruptorE14InstanceMethodIXadL_ZNS1_14ProduceRecoverERKNS_12CallbackInfoEEEEENS_23ClassPropertyDescriptorIS1_EEPKc24napi_property_attributesPv
FN:3566,_ZN4Napi10ObjectWrapI9DisruptorE14InstanceMethodIXadL_ZNS1_13ConsumeCommitERKNS_12CallbackInfoEEEEENS_23ClassPropertyDescriptorIS1_EEPKc24napi_property_attributesPv
FNDA:505,_ZN4Napi10ObjectWrapI9DisruptorE14InstanceMethodIXadL_ZNS1_13ConsumeCommitERKNS_12CallbackInfoEEEEENS_23ClassPropertyDescriptorIS1_EEPKc24napi_property_attributesPv
FN:3566,_ZN4Napi10ObjectWrapI9DisruptorE14InstanceMethodIXadL_ZNS1_10ConsumeNewERKNS_12CallbackInfoEEEEENS_23ClassPropertyDescriptorIS1_EEPKc24napi_property_attributesPv
FNDA:505,_ZN4Napi10ObjectWrapI9DisruptorE14InstanceMethodIXadL_ZNS1_10ConsumeNewERKNS_12CallbackInfoEEEEENS_23ClassPropertyDescriptorIS1_EEPKc24napi_property_attributesPv
FN:3647,_ZN4Napi10ObjectWrapI9DisruptorE16InstanceAccessorIXadL_ZNS1_19GetPendingSeqCursorERKNS_12CallbackInfoEEELMS1_FvS6_RKNS_5ValueEE0EEENS_23ClassPropertyDescriptorIS1_EEPKc24napi_property_attributesPv
FNDA:505,_ZN4Napi10ObjectWrapI9DisruptorE16InstanceAccessorIXadL_ZNS1_19GetPendingSeqCursorERKNS_12CallbackInfoEEELMS1_FvS6_RKNS_5ValueEE0EEENS_23ClassPropertyDescriptorIS1_EEPKc24napi_property_attributesPv
FN:3647,_ZN4Napi10ObjectWrapI9DisruptorE16InstanceAccessorIXadL_ZNS1_11GetConsumerERKNS_12CallbackInfoEEELMS1_FvS6_RKNS_5ValueEE0EEENS_23ClassPropertyDescriptorIS1_EEPKc24napi_property_attributesPv
FNDA:505,_ZN4Napi10ObjectWrapI9DisruptorE16InstanceAccessorIXadL_ZNS1_11GetConsumerERKNS_12CallbackInfoEEELMS1_FvS6_RKNS_5ValueEE0EEENS_23ClassPropertyDescriptorIS1_EEPKc24napi_property_attributesPv
FN:3647,_ZN4Napi10ObjectWrapI9DisruptorE16InstanceAccessorIXadL_ZNS1_11GetElementsERKNS_12CallbackInfoEEELMS1_FvS6_RKNS_5ValueEE0EEENS_23ClassPropertyDescriptorIS1_EEPKc24napi_property_attributesPv
FNDA:505,_ZN4Napi10ObjectWrapI9DisruptorE16InstanceAccessorIXadL_ZNS1_11GetElementsERKNS_12CallbackInfoEEELMS1_FvS6_RKNS_5ValueEE0EEENS_23ClassPropertyDescriptorIS1_EEPKc24napi_property_attributesPv
FN:3647,_ZN4Napi10ObjectWrapI9DisruptorE16InstanceAccessorIXadL_ZNS1_7GetNextERKNS_12CallbackInfoEEELMS1_FvS6_RKNS_5ValueEE0EEENS_23ClassPropertyDescriptorIS1_EEPKc24napi_property_attributesPv
FNDA:505,_ZN4Napi10ObjectWrapI9DisruptorE16InstanceAccessorIXadL_ZNS1_7GetNextERKNS_12CallbackInfoEEELMS1_FvS6_RKNS_5ValueEE0EEENS_23ClassPropertyDescriptorIS1_EEPKc24napi_property_attributesPv
FN:3647,_ZN4Napi10ObjectWrapI9DisruptorE16InstanceAccessorIXadL_ZNS1_9GetCursorERKNS_12CallbackInfoEEELMS1_FvS6_RKNS_5ValueEE0EEENS_23ClassPropertyDescriptorIS1_EEPKc24napi_property_attributesPv
FNDA:505,_ZN4Napi10ObjectWrapI9DisruptorE16InstanceAccessorIXadL_ZNS1_9GetCursorERKNS_12CallbackInfoEEELMS1_FvS6_RKNS_5ValueEE0EEENS_23ClassPropertyDescriptorIS1_EEPKc24napi_property_attributesPv
FN:3647,_ZN4Napi10ObjectWrapI9DisruptorE16InstanceAccessorIXadL_ZNS1_12GetConsumersERKNS_12CallbackInfoEEELMS1_FvS6_RKNS_5ValueEE0EEENS_23ClassPropertyDescriptorIS1_EEPKc24napi_property_attributesPv
FNDA:505,_ZN4Napi10ObjectWrapI9DisruptorE16InstanceAccessorIXadL_ZNS1_12GetConsumersERKNS_12CallbackInfoEEELMS1_FvS6_RKNS_5ValueEE0EEENS_23ClassPropertyDescriptorIS1_EEPKc24napi_property_attributesPv
FN:3647,_ZN4Napi10ObjectWrapI9DisruptorE16InstanceAccessorIXadL_ZNS1_14GetElementSizeERKNS_12CallbackInfoEEELMS1_FvS6_RKNS_5ValueEE0EEENS_23ClassPropertyDescriptorIS1_EEPKc24napi_property_attributesPv
FNDA:505,_ZN4Napi10ObjectWrapI9DisruptorE16InstanceAccessorIXadL_ZNS1_14GetElementSizeERKNS_12CallbackInfoEEELMS1_FvS6_RKNS_5ValueEE0EEENS_23ClassPropertyDescriptorIS1_EEPKc24napi_property_attributesPv
FN:3647,_ZN4Napi10ObjectWrapI9DisruptorE16InstanceAccessorIXadL_ZNS1_20GetPendingSeqNextEndERKNS_12CallbackInfoEEELMS1_FvS6_RKNS_5ValueEE0EEENS_23ClassPropertyDescriptorIS1_EEPKc24napi_property_attributesPv
FNDA:505,_ZN4Napi10ObjectWrapI9DisruptorE16InstanceAccessorIXadL_ZNS1_20GetPendingSeqNextEndERKNS_12CallbackInfoEEELMS1_FvS6_RKNS_5ValueEE0EEENS_23ClassPropertyDescriptorIS1_EEPKc24napi_property_attributesPv
FN:3647,_ZN4Napi10ObjectWrapI9DisruptorE16InstanceAccessorIXadL_ZNS1_17GetPendingSeqNextERKNS_12CallbackInfoEEELMS1_FvS6_RKNS_5ValueEE0EEENS_23ClassPropertyDescriptorIS1_EEPKc24napi_property_attributesPv
FNDA:505,_ZN4Napi10ObjectWrapI9DisruptorE16InstanceAccessorIXadL_ZNS1_17GetPendingSeqNextERKNS_12CallbackInfoEEELMS1_FvS6_RKNS_5ValueEE0EEENS_23ClassPropertyDescriptorIS1_EEPKc24napi_property_attributesPv
FN:3647,_ZN4Napi10ObjectWrapI9DisruptorE16InstanceAccessorIXadL_ZNS1_21GetPendingSeqConsumerERKNS_12CallbackInfoEEELMS1_FvS6_RKNS_5ValueEE0EEENS_23ClassPropertyDescriptorIS1_EEPKc24napi_property_attributesPv
FNDA:505,_ZN4Napi10ObjectWrapI9DisruptorE16InstanceAccessorIXadL_ZNS1_21GetPendingSeqConsumerERKNS_12CallbackInfoEEELMS1_FvS6_RKNS_5ValueEE0EEENS_23ClassPropertyDescriptorIS1_EEPKc24napi_property_attributesPv
FN:3721,_ZN4Napi10ObjectWrapI9DisruptorE8FinalizeENS_3EnvE
FNDA:3612,_ZN4Napi10ObjectWrapI9DisruptorE8FinalizeENS_3EnvE
FN:3724,_ZN4Napi10ObjectWrapI9DisruptorE26ConstructorCallbackWrapperEP10napi_env__P20napi_callback_info__
FNDA:3716,_ZN4Napi10ObjectWrapI9DisruptorE26ConstructorCallbackWrapperEP10napi_env__P20napi_callback_info__
FN:3737,_ZZN4Napi10ObjectWrapI9DisruptorE26ConstructorCallbackWrapperEP10napi_env__P20napi_callback_info__ENKUlvE_clEv
FNDA:3716,_ZZN4Napi10ObjectWrapI9DisruptorE26ConstructorCallbackWrapperEP10napi_env__P20napi_callback_info__ENKUlvE_clEv
FN:3759,_ZN4Napi10ObjectWrapI9DisruptorE31StaticVoidMethodCallbackWrapperEP10napi_env__P20napi_callback_info__
FNDA:0,_ZN4Napi10ObjectWrapI9DisruptorE31StaticVoidMethodCallbackWrapperEP10napi_env__P20napi_callback_info__
FN:3762,_ZZN4Napi10ObjectWrapI9DisruptorE31StaticVoidMethodCallbackWrapperEP10napi_env__P20napi_callback_info__ENKUlvE_clEv
FNDA:0,_ZZN4Napi10ObjectWrapI9DisruptorE31StaticVoidMethodCallbackWrapperEP10napi_env__P20napi_callback_info__ENKUlvE_clEv
FN:3773,_ZN4Napi10ObjectWrapI9DisruptorE27StaticMethodCallbackWrapperEP10napi_env__P20napi_callback_info__
FNDA:0,_ZN4Napi10ObjectWrapI9DisruptorE27StaticMethodCallbackWrapperEP10napi_env__P20napi_callback_info__
FN:3776,_ZZN4Napi10ObjectWrapI9DisruptorE27StaticMethodCallbackWrapperEP10napi_env__P20napi_callback_info__ENKUlvE_clEv
FNDA:0,_ZZN4Napi10ObjectWrapI9DisruptorE27StaticMethodCallbackWrapperEP10napi_env__P20napi_callback_info__ENKUlvE_clEv
FN:3786,_ZN4Napi10ObjectWrapI9DisruptorE27StaticGetterCallbackWrapperEP10napi_env__P20napi_callback_info__
FNDA:0,_ZN4Napi10ObjectWrapI9DisruptorE27StaticGetterCallbackWrapperEP10napi_env__P20napi_callback_info__
FN:3789,_ZZN4Napi10ObjectWrapI9DisruptorE27StaticGetterCallbackWrapperEP10napi_env__P20napi_callback_info__ENKUlvE_clEv
FNDA:0,_ZZN4Napi10ObjectWrapI9DisruptorE27StaticGetterCallbackWrapperEP10napi_env__P20napi_callback_info__ENKUlvE_clEv
FN:3799,_ZN4Napi10ObjectWrapI9DisruptorE27StaticSetterCallbackWrapperEP10napi_env__P20napi_callback_info__
FNDA:0,_ZN4Napi10ObjectWrapI9DisruptorE27StaticSetterCallbackWrapperEP10napi_env__P20napi_callback_info__
FN:3802,_ZZN4Napi10ObjectWrapI9DisruptorE27StaticSetterCallbackWrapperEP10napi_env__P20napi_callback_info__ENKUlvE_clEv
FNDA:0,_ZZN4Napi10ObjectWrapI9DisruptorE27StaticSetterCallbackWrapperEP10napi_env__P20napi_callback_info__ENKUlvE_clEv
FN:3813,_ZN4Napi10ObjectWrapI9DisruptorE33InstanceVoidMethodCallbackWrapperEP10napi_env__P20napi_callback_info__
FNDA:0,_ZN4Napi10ObjectWrapI9DisruptorE33InstanceVoidMethodCallbackWrapperEP10napi_env__P20napi_callback_info__
FN:3816,_ZZN4Napi10ObjectWrapI9DisruptorE33InstanceVoidMethodCallbackWrapperEP10napi_env__P20napi_callback_info__ENKUlvE_clEv
FNDA:0,_ZZN4Napi10ObjectWrapI9DisruptorE33InstanceVoidMethodCallbackWrapperEP10napi_env__P20napi_callback_info__ENKUlvE_clEv
FN:3829,_ZN4Napi10ObjectWrapI9DisruptorE29InstanceMethodCallbackWrapperEP10napi_env__P20napi_callback_info__
FNDA:0,_ZN4Napi10ObjectWrapI9DisruptorE29InstanceMethodCallbackWrapperEP10napi_env__P20napi_callback_info__
FN:3832,_ZZN4Napi10ObjectWrapI9DisruptorE29InstanceMethodCallbackWrapperEP10napi_env__P20napi_callback_info__ENKUlvE_clEv
FNDA:0,_ZZN4Napi10ObjectWrapI9DisruptorE29InstanceMethodCallbackWrapperEP10napi_env__P20napi_callback_info__ENKUlvE_clEv
FN:3844,_ZN4Napi10ObjectWrapI9DisruptorE29InstanceGetterCallbackWrapperEP10napi_env__P20napi_callback_info__
FNDA:0,_ZN4Napi10ObjectWrapI9DisruptorE29InstanceGetterCallbackWrapperEP10napi_env__P20napi_callback_info__
FN:3847,_ZZN4Napi10ObjectWrapI9DisruptorE29InstanceGetterCallbackWrapperEP10napi_env__P20napi_callback_info__ENKUlvE_clEv
FNDA:0,_ZZN4Napi10ObjectWrapI9DisruptorE29InstanceGetterCallbackWrapperEP10napi_env__P20napi_callback_info__ENKUlvE_clEv
FN:3859,_ZN4Napi10ObjectWrapI9DisruptorE29InstanceSetterCallbackWrapperEP10napi_env__P20napi_callback_info__
FNDA:0,_ZN4Napi10ObjectWrapI9DisruptorE29InstanceSetterCallbackWrapperEP10napi_env__P20napi_callback_info__
FN:3862,_ZZN4Napi10ObjectWrapI9DisruptorE29InstanceSetterCallbackWrapperEP10napi_env__P20napi_callback_info__ENKUlvE_clEv
FNDA:0,_ZZN4Napi10ObjectWrapI9DisruptorE29InstanceSetterCallbackWrapperEP10napi_env__P20napi_callback_info__ENKUlvE_clEv
FN:3875,_ZN4Napi10ObjectWrapI9DisruptorE16FinalizeCallbackEP10napi_env__PvS5_
FNDA:3612,_ZN4Napi10ObjectWrapI9DisruptorE16FinalizeCallbackEP10napi_env__PvS5_
FN:3900,_ZN4Napi10ObjectWrapI9DisruptorE13WrappedMethodIXadL_ZNS1_15ConsumeNewAsyncERKNS_12CallbackInfoEEEEEP12napi_value__P10napi_env__P20napi_callback_info__
FNDA:12,_ZN4Napi10ObjectWrapI9DisruptorE13WrappedMethodIXadL_ZNS1_15ConsumeNewAsyncERKNS_12CallbackInfoEEEEEP12napi_value__P10napi_env__P20napi_callback_info__
FN:3900,_ZN4Napi10ObjectWrapI9DisruptorE13WrappedMethodIXadL_ZNS1_18ProduceCommitAsyncERKNS_12CallbackInfoEEEEEP12napi_value__P10napi_env__P20napi_callback_info__
FNDA:810,_ZN4Napi10ObjectWrapI9DisruptorE13WrappedMethodIXadL_ZNS1_18ProduceCommitAsyncERKNS_12CallbackInfoEEEEEP12napi_value__P10napi_env__P20napi_callback_info__
FN:3900,_ZN4Napi10ObjectWrapI9DisruptorE13WrappedMethodIXadL_ZNS1_21ProduceClaimManyAsyncERKNS_12CallbackInfoEEEEEP12napi_value__P10napi_env__P20napi_callback_info__
FNDA:11,_ZN4Napi10ObjectWrapI9DisruptorE13WrappedMethodIXadL_ZNS1_21ProduceClaimManyAsyncERKNS_12CallbackInfoEEEEEP12napi_value__P10napi_env__P20napi_callback_info__
FN:3900,_ZN4Napi10ObjectWrapI9DisruptorE13WrappedMethodIXadL_ZNS1_7ReleaseERKNS_12CallbackInfoEEEEEP12napi_value__P10napi_env__P20napi_callback_info__
FNDA:3208,_ZN4Napi10ObjectWrapI9DisruptorE13WrappedMethodIXadL_ZNS1_7ReleaseERKNS_12CallbackInfoEEEEEP12napi_value__P10napi_env__P20napi_callback_info__
FN:3900,_ZN4Napi10ObjectWrapI9DisruptorE13WrappedMethodIXadL_ZNS1_17ProduceClaimAsyncERKNS_12CallbackInfoEEEEEP12napi_value__P10napi_env__P20napi_callback_info__
FNDA:807,_ZN4Napi10ObjectWrapI9DisruptorE13WrappedMethodIXadL_ZNS1_17ProduceClaimAsyncERKNS_12CallbackInfoEEEEEP12napi_value__P10napi_env__P20napi_callback_info__
FN:3901,_ZZN4Napi10ObjectWrapI9DisruptorE13WrappedMethodIXadL_ZNS1_21ProduceClaimManyAsyncERKNS_12CallbackInfoEEEEEP12napi_value__P10napi_env__P20napi_callback_info__ENKUlvE_clEv
FNDA:11,_ZZN4Napi10ObjectWrapI9DisruptorE13WrappedMethodIXadL_ZNS1_21ProduceClaimManyAsyncERKNS_12CallbackInfoEEEEEP12napi_value__P10napi_env__P20napi_callback_info__ENKUlvE_clEv
FN:3901,_ZZN4Napi10ObjectWrapI9DisruptorE13WrappedMethodIXadL_ZNS1_7ReleaseERKNS_12CallbackInfoEEEEEP12napi_value__P10napi_env__P20napi_callback_info__ENKUlvE_clEv
FNDA:3208,_ZZN4Napi10ObjectWrapI9DisruptorE13WrappedMethodIXadL_ZNS1_7ReleaseERKNS_12CallbackInfoEEEEEP12napi_value__P10napi_env__P20napi_callback_info__ENKUlvE_clEv
FN:3901,_ZZN4Napi10ObjectWrapI9DisruptorE13WrappedMethodIXadL_ZNS1_18ProduceCommitAsyncERKNS_12CallbackInfoEEEEEP12napi_value__P10napi_env__P20napi_callback_info__ENKUlvE_clEv
FNDA:810,_ZZN4Napi10ObjectWrapI9DisruptorE13WrappedMethodIXadL_ZNS1_18ProduceCommitAsyncERKNS_12CallbackInfoEEEEEP12napi_value__P10napi_env__P20napi_callback_info__ENKUlvE_clEv
FN:3901,_ZZN4Napi10ObjectWrapI9DisruptorE13WrappedMethodIXadL_ZNS1_15ConsumeNewAsyncERKNS_12CallbackInfoEEEEEP12napi_value__P10napi_env__P20napi_callback_info__ENKUlvE_clEv
FNDA:12,_ZZN4Napi10ObjectWrapI9DisruptorE13WrappedMethodIXadL_ZNS1_15ConsumeNewAsyncERKNS_12CallbackInfoEEEEEP12napi_value__P10napi_env__P20napi_callback_info__ENKUlvE_clEv
FN:3901,_ZZN4Napi10ObjectWrapI9DisruptorE13WrappedMethodIXadL_ZNS1_17ProduceClaimAsyncERKNS_12CallbackInfoEEEEEP12napi_value__P10napi_env__P20napi_callback_info__ENKUlvE_clEv
FNDA:807,_ZZN4Napi10ObjectWrapI9DisruptorE13WrappedMethodIXadL_ZNS1_17ProduceClaimAsyncERKNS_12CallbackInfoEEEEEP12napi_value__P10napi_env__P20napi_callback_info__ENKUlvE_clEv
FN:3911,_ZN4Napi10ObjectWrapI9DisruptorE13WrappedMethodIXadL_ZNS1_14ProduceRecoverERKNS_12CallbackInfoEEEEEP12napi_value__P10napi_env__P20napi_callback_info__
FNDA:76,_ZN4Napi10ObjectWrapI9DisruptorE13WrappedMethodIXadL_ZNS1_14ProduceRecoverERKNS_12CallbackInfoEEEEEP12napi_value__P10napi_env__P20napi_callback_info__
FN:3911,_ZN4Napi10ObjectWrapI9DisruptorE13WrappedMethodIXadL_ZNS1_19GetPendingSeqCursorERKNS_12CallbackInfoEEEEEP12napi_value__P10napi_env__P20napi_callback_info__
FNDA:72,_ZN4Napi10ObjectWrapI9DisruptorE13WrappedMethodIXadL_ZNS1_19GetPendingSeqCursorERKNS_12CallbackInfoEEEEEP12napi_value__P10napi_env__P20napi_callback_info__
FN:3911,_ZN4Napi10ObjectWrapI9DisruptorE13WrappedMethodIXadL_ZNS1_11GetConsumerERKNS_12CallbackInfoEEEEEP12napi_value__P10napi_env__P20napi_callback_info__
FNDA:197,_ZN4Napi10ObjectWrapI9DisruptorE13WrappedMethodIXadL_ZNS1_11GetConsumerERKNS_12CallbackInfoEEEEEP12napi_value__P10napi_env__P20napi_callback_info__
FN:3911,_ZN4Napi10ObjectWrapI9DisruptorE13WrappedMethodIXadL_ZNS1_11GetElementsERKNS_12CallbackInfoEEEEEP12napi_value__P10napi_env__P20napi_callback_info__
FNDA:1556,_ZN4Napi10ObjectWrapI9DisruptorE13WrappedMethodIXadL_ZNS1_11GetElementsERKNS_12CallbackInfoEEEEEP12napi_value__P10napi_env__P20napi_callback_info__
FN:3911,_ZN4Napi10ObjectWrapI9DisruptorE13WrappedMethodIXadL_ZNS1_7GetNextERKNS_12CallbackInfoEEEEEP12napi_value__P10napi_env__P20napi_callback_info__
FNDA:197,_ZN4Napi10ObjectWrapI9DisruptorE13WrappedMethodIXadL_ZNS1_7GetNextERKNS_12CallbackInfoEEEEEP12napi_value__P10napi_env__P20napi_callback_info__
FN:3911,_ZN4Napi10ObjectWrapI9DisruptorE13WrappedMethodIXadL_ZNS1_9GetCursorERKNS_12CallbackInfoEEEEEP12napi_value__P10napi_env__P20napi_callback_info__
FNDA:197,_ZN4Napi10ObjectWrapI9DisruptorE13WrappedMethodIXadL_ZNS1_9GetCursorERKNS_12CallbackInfoEEEEEP12napi_value__P10napi_env__P20napi_callback_info__
FN:3911,_ZN4Napi10ObjectWrapI9DisruptorE13WrappedMethodIXadL_ZNS1_12GetConsumersERKNS_12CallbackInfoEEEEEP12napi_value__P10napi_env__P20napi_callback_info__
FNDA:12,_ZN4Napi10ObjectWrapI9DisruptorE13WrappedMethodIXadL_ZNS1_12GetConsumersERKNS_12CallbackInfoEEEEEP12napi_value__P10napi_env__P20napi_callback_info__
FN:3911,_ZN4Napi10ObjectWrapI9DisruptorE13WrappedMethodIXadL_ZNS1_14GetElementSizeERKNS_12CallbackInfoEEEEEP12napi_value__P10napi_env__P20napi_callback_info__
FNDA:64,_ZN4Napi10ObjectWrapI9DisruptorE13WrappedMethodIXadL_ZNS1_14GetElementSizeERKNS_12CallbackInfoEEEEEP12napi_value__P10napi_env__P20napi_callback_info__
FN:3911,_ZN4Napi10ObjectWrapI9DisruptorE13WrappedMethodIXadL_ZNS1_20GetPendingSeqNextEndERKNS_12CallbackInfoEEEEEP12napi_value__P10napi_env__P20napi_callback_info__
FNDA:520319,_ZN4Napi10ObjectWrapI9DisruptorE13WrappedMethodIXadL_ZNS1_20GetPendingSeqNextEndERKNS_12CallbackInfoEEEEEP12napi_value__P10napi_env__P20napi_callback_info__
FN:3911,_ZN4Napi10ObjectWrapI9DisruptorE13WrappedMethodIXadL_ZNS1_17GetPendingSeqNextERKNS_12CallbackInfoEEEEEP12napi_value__P10napi_env__P20napi_callback_info__
FNDA:520319,_ZN4Napi10ObjectWrapI9DisruptorE13WrappedMethodIXadL_ZNS1_17GetPendingSeqNextERKNS_12CallbackInfoEEEEEP12napi_value__P10napi_env__P20napi_callback_info__
FN:3911,_ZN4Napi10ObjectWrapI9DisruptorE13WrappedMethodIXadL_ZNS1_21GetPendingSeqConsumerERKNS_12CallbackInfoEEEEEP12napi_value__P10napi_env__P20napi_callback_info__
FNDA:519175,_ZN4Napi10ObjectWrapI9DisruptorE13WrappedMethodIXadL_ZNS1_21GetPendingSeqConsumerERKNS_12CallbackInfoEEEEEP12napi_value__P10napi_env__P20napi_callback_info__
FN:3911,_ZN4Napi10ObjectWrapI9DisruptorE13WrappedMethodIXadL_ZNS1_16ProduceClaimManyERKNS_12CallbackInfoEEEEEP12napi_value__P10napi_env__P20napi_callback_info__
FNDA:24,_ZN4Napi10ObjectWrapI9DisruptorE13WrappedMethodIXadL_ZNS1_16ProduceClaimManyERKNS_12CallbackInfoEEEEEP12napi_value__P10napi_env__P20napi_callback_info__
FN:3911,_ZN4Napi10ObjectWrapI9DisruptorE13WrappedMethodIXadL_ZNS1_13ConsumeCommitERKNS_12CallbackInfoEEEEEP12napi_value__P10napi_env__P20napi_callback_info__
FNDA:519106,_ZN4Napi10ObjectWrapI9DisruptorE13WrappedMethodIXadL_ZNS1_13ConsumeCommitERKNS_12CallbackInfoEEEEEP12napi_value__P10napi_env__P20napi_callback_info__
FN:3911,_ZN4Napi10ObjectWrapI9DisruptorE13WrappedMethodIXadL_ZNS1_14ConsumeNewSyncERKNS_12CallbackInfoEEEEEP12napi_value__P10napi_env__P20napi_callback_info__
FNDA:12,_ZN4Napi10ObjectWrapI9DisruptorE13WrappedMethodIXadL_ZNS1_14ConsumeNewSyncERKNS_12CallbackInfoEEEEEP12napi_value__P10napi_env__P20napi_callback_info__
FN:3911,_ZN4Napi10ObjectWrapI9DisruptorE13WrappedMethodIXadL_ZNS1_10ConsumeNewERKNS_12CallbackInfoEEEEEP12napi_value__P10napi_env__P20napi_callback_info__
FNDA:519091,_ZN4Napi10ObjectWrapI9DisruptorE13WrappedMethodIXadL_ZNS1_10ConsumeNewERKNS_12CallbackInfoEEEEEP12napi_value__P10napi_env__P20napi_callback_info__
FN:3911,_ZN4Napi10ObjectWrapI9DisruptorE13WrappedMethodIXadL_ZNS1_12ProduceClaimERKNS_12CallbackInfoEEEEEP12napi_value__P10napi_env__P20napi_callback_info__
FNDA:519441,_ZN4Napi10ObjectWrapI9DisruptorE13WrappedMethodIXadL_ZNS1_12ProduceClaimERKNS_12CallbackInfoEEEEEP12napi_value__P10napi_env__P20napi_callback_info__
FN:3911,_ZN4Napi10ObjectWrapI9DisruptorE13WrappedMethodIXadL_ZNS1_16ProduceClaimSyncERKNS_12CallbackInfoEEEEEP12napi_value__P10napi_env__P20napi_callback_info__
FNDA:807,_ZN4Napi10ObjectWrapI9DisruptorE13WrappedMethodIXadL_ZNS1_16ProduceClaimSyncERKNS_12CallbackInfoEEEEEP12napi_value__P10napi_env__P20napi_callback_info__
FN:3911,_ZN4Napi10ObjectWrapI9DisruptorE13WrappedMethodIXadL_ZNS1_20ProduceClaimManySyncERKNS_12CallbackInfoEEEEEP12napi_value__P10napi_env__P20napi_callback_info__
FNDA:11,_ZN4Napi10ObjectWrapI9DisruptorE13WrappedMethodIXadL_ZNS1_20ProduceClaimManySyncERKNS_12CallbackInfoEEEEEP12napi_value__P10napi_env__P20napi_callback_info__
FN:3911,_ZN4Napi10ObjectWrapI9DisruptorE13WrappedMethodIXadL_ZNS1_13ProduceCommitERKNS_12CallbackInfoEEEEEP12napi_value__P10napi_env__P20napi_callback_info__
FNDA:519447,_ZN4Napi10ObjectWrapI9DisruptorE13WrappedMethodIXadL_ZNS1_13ProduceCommitERKNS_12CallbackInfoEEEEEP12napi_value__P10napi_env__P20napi_callback_info__
FN:3911,_ZN4Napi10ObjectWrapI9DisruptorE13WrappedMethodIXadL_ZNS1_17ProduceCommitSyncERKNS_12CallbackInfoEEEEEP12napi_value__P10napi_env__P20napi_callback_info__
FNDA:810,_ZN4Napi10ObjectWrapI9DisruptorE13WrappedMethodIXadL_ZNS1_17ProduceCommitSyncERKNS_12CallbackInfoEEEEEP12napi_value__P10napi_env__P20napi_callback_info__
FN:3912,_ZZN4Napi10ObjectWrapI9DisruptorE13WrappedMethodIXadL_ZNS1_11GetConsumerERKNS_12CallbackInfoEEEEEP12napi_value__P10napi_env__P20napi_callback_info__ENKUlvE_clEv
FNDA:197,_ZZN4Napi10ObjectWrapI9DisruptorE13WrappedMethodIXadL_ZNS1_11GetConsumerERKNS_12CallbackInfoEEEEEP12napi_value__P10napi_env__P20napi_callback_info__ENKUlvE_clEv
FN:3912,_ZZN4Napi10ObjectWrapI9DisruptorE13WrappedMethodIXadL_ZNS1_13ConsumeCommitERKNS_12CallbackInfoEEEEEP12napi_value__P10napi_env__P20napi_callback_info__ENKUlvE_clEv
FNDA:519106,_ZZN4Napi10ObjectWrapI9DisruptorE13WrappedMethodIXadL_ZNS1_13ConsumeCommitERKNS_12CallbackInfoEEEEEP12napi_value__P10napi_env__P20napi_callback_info__ENKUlvE_clEv
FN:3912,_ZZN4Napi10ObjectWrapI9DisruptorE13WrappedMethodIXadL_ZNS1_10ConsumeNewERKNS_12CallbackInfoEEEEEP12napi_value__P10napi_env__P20napi_callback_info__ENKUlvE_clEv
FNDA:519091,_ZZN4Napi10ObjectWrapI9DisruptorE13WrappedMethodIXadL_ZNS1_10ConsumeNewERKNS_12CallbackInfoEEEEEP12napi_value__P10napi_env__P20napi_callback_info__ENKUlvE_clEv
FN:3912,_ZZN4Napi10ObjectWrapI9DisruptorE13WrappedMethodIXadL_ZNS1_14ConsumeNewSyncERKNS_12CallbackInfoEEEEEP12napi_value__P10napi_env__P20napi_callback_info__ENKUlvE_clEv
FNDA:12,_ZZN4Napi10ObjectWrapI9DisruptorE13WrappedMethodIXadL_ZNS1_14ConsumeNewSyncERKNS_12CallbackInfoEEEEEP12napi_value__P10napi_env__P20napi_callback_info__ENKUlvE_clEv
FN:3912,_ZZN4Napi10ObjectWrapI9DisruptorE13WrappedMethodIXadL_ZNS1_14ProduceRecoverERKNS_12CallbackInfoEEEEEP12napi_value__P10napi_env__P20napi_callback_info__ENKUlvE_clEv
FNDA:76,_ZZN4Napi10ObjectWrapI9DisruptorE13WrappedMethodIXadL_ZNS1_14ProduceRecoverERKNS_12CallbackInfoEEEEEP12napi_value__P10napi_env__P20napi_callback_info__ENKUlvE_clEv
FN:3912,_ZZN4Napi10ObjectWrapI9DisruptorE13WrappedMethodIXadL_ZNS1_12ProduceClaimERKNS_12CallbackInfoEEEEEP12napi_value__P10napi_env__P20napi_callback_info__ENKUlvE_clEv
FNDA:519441,_ZZN4Napi10ObjectWrapI9DisruptorE13WrappedMethodIXadL_ZNS1_12ProduceClaimERKNS_12CallbackInfoEEEEEP12napi_value__P10napi_env__P20napi_callback_info__ENKUlvE_clEv
FN:3912,_ZZN4Napi10ObjectWrapI9DisruptorE13WrappedMethodIXadL_ZNS1_21GetPendingSeqConsumerERKNS_12CallbackInfoEEEEEP12napi_value__P10napi_env__P20napi_callback_info__ENKUlvE_clEv
FNDA:519175,_ZZN4Napi10ObjectWrapI9DisruptorE13WrappedMethodIXadL_ZNS1_21GetPendingSeqConsumerERKNS_12CallbackInfoEEEEEP12napi_value__P10napi_env__P20napi_callback_info__ENKUlvE_clEv
FN:3912,_ZZN4Napi10ObjectWrapI9DisruptorE13WrappedMethodIXadL_ZNS1_17GetPendingSeqNextERKNS_12CallbackInfoEEEEEP12napi_value__P10napi_env__P20napi_callback_info__ENKUlvE_clEv
FNDA:520319,_ZZN4Napi10ObjectWrapI9DisruptorE13WrappedMethodIXadL_ZNS1_17GetPendingSeqNextERKNS_12CallbackInfoEEEEEP12napi_value__P10napi_env__P20napi_callback_info__ENKUlvE_clEv
FN:3912,_ZZN4Napi10ObjectWrapI9DisruptorE13WrappedMethodIXadL_ZNS1_16ProduceClaimSyncERKNS_12CallbackInfoEEEEEP12napi_value__P10napi_env__P20napi_callback_info__ENKUlvE_clEv
FNDA:807,_ZZN4Napi10ObjectWrapI9DisruptorE13WrappedMethodIXadL_ZNS1_16ProduceClaimSyncERKNS_12CallbackInfoEEEEEP12napi_value__P10napi_env__P20napi_callback_info__ENKUlvE_clEv
FN:3912,_ZZN4Napi10ObjectWrapI9DisruptorE13WrappedMethodIXadL_ZNS1_20GetPendingSeqNextEndERKNS_12CallbackInfoEEEEEP12napi_value__P10napi_env__P20napi_callback_info__ENKUlvE_clEv
FNDA:520319,_ZZN4Napi10ObjectWrapI9DisruptorE13WrappedMethodIXadL_ZNS1_20GetPendingSeqNextEndERKNS_12CallbackInfoEEEEEP12napi_value__P10napi_env__P20napi_callback_info__ENKUlvE_clEv
FN:3912,_ZZN4Napi10ObjectWrapI9DisruptorE13WrappedMethodIXadL_ZNS1_17ProduceCommitSyncERKNS_12CallbackInfoEEEEEP12napi_value__P10napi_env__P20napi_callback_info__ENKUlvE_clEv
FNDA:810,_ZZN4Napi10ObjectWrapI9DisruptorE13WrappedMethodIXadL_ZNS1_17ProduceCommitSyncERKNS_12CallbackInfoEEEEEP12napi_value__P10napi_env__P20napi_callback_info__ENKUlvE_clEv
FN:3912,_ZZN4Napi10ObjectWrapI9DisruptorE13WrappedMethodIXadL_ZNS1_14GetElementSizeERKNS_12CallbackInfoEEEEEP12napi_value__P10napi_env__P20napi_callback_info__ENKUlvE_clEv
FNDA:64,_ZZN4Napi10ObjectWrapI9DisruptorE13WrappedMethodIXadL_ZNS1_14GetElementSizeERKNS_12CallbackInfoEEEEEP12napi_value__P10napi_env__P20napi_callback_info__ENKUlvE_clEv
FN:3912,_ZZN4Napi10ObjectWrapI9DisruptorE13WrappedMethodIXadL_ZNS1_16ProduceClaimManyERKNS_12CallbackInfoEEEEEP12napi_value__P10napi_env__P20napi_callback_info__ENKUlvE_clEv
[...]
DA:469,3612
DA:470,3612
DA:469,0
DA:470,0
DA:482,233
DA:484,233
DA:482,3712
DA:484,3712
DA:495,233
DA:497,233
DA:495,3612
DA:497,3612
DA:505,717240
DA:506,717240
DA:505,505
DA:506,505
end_of_record
SF:/usr/include/c++/9/bits/stl_iterator.h
FN:1057,_ZNSt13move_iteratorIP11AsyncBufferEC2ES1_
FNDA:0,_ZNSt13move_iteratorIP11AsyncBufferEC2ES1_
FN:1066,_ZNKSt13move_iteratorIP11AsyncBufferE4baseEv
FNDA:0,_ZNKSt13move_iteratorIP11AsyncBufferE4baseEv
FN:1070,_ZNKSt13move_iteratorIP11AsyncBufferEdeEv
FNDA:0,_ZNKSt13move_iteratorIP11AsyncBufferEdeEv
FN:1078,_ZNSt13move_iteratorIP11AsyncBufferEppEv
FNDA:0,_ZNSt13move_iteratorIP11AsyncBufferEppEv
FN:1145,_ZSteqIP11AsyncBufferEbRKSt13move_iteratorIT_ES6_
FNDA:0,_ZSteqIP11AsyncBufferEbRKSt13move_iteratorIT_ES6_
FN:1157,_ZStneIP11AsyncBufferEbRKSt13move_iteratorIT_ES6_
FNDA:0,_ZStneIP11AsyncBufferEbRKSt13move_iteratorIT_ES6_
FN:1242,_ZSt32__make_move_if_noexcept_iteratorI11AsyncBufferSt13move_iteratorIPS0_EET0_PT_
FNDA:0,_ZSt32__make_move_if_noexcept_iteratorI11AsyncBufferSt13move_iteratorIPS0_EET0_PT_
DA:1057,0
DA:1058,0
DA:1066,0
DA:1067,0
DA:1070,0
DA:1071,0
DA:1078,0
DA:1080,0
DA:1081,0
DA:1145,0
DA:1147,0
DA:1157,0
DA:1159,0
DA:1242,0
DA:1243,0
end_of_record
SF:/usr/include/c++/9/bits/unique_ptr.h
FN:75,_ZNKSt14default_deleteISt6vectorI11AsyncBufferSaIS1_EEEclEPS3_
FNDA:2059360,_ZNKSt14default_deleteISt6vectorI11AsyncBufferSaIS1_EEEclEPS3_
FN:147,_ZNSt15__uniq_ptr_implISt6vectorI11AsyncBufferSaIS1_EESt14default_deleteIS3_EEC2EPS3_
FNDA:2059360,_ZNSt15__uniq_ptr_implISt6vectorI11AsyncBufferSaIS1_EESt14default_deleteIS3_EEC2EPS3_
FN:147,_ZNSt15__uniq_ptr_implIi7CloseFDEC2EPi
FNDA:3712,_ZNSt15__uniq_ptr_implIi7CloseFDEC2EPi
FN:150,_ZNSt15__uniq_ptr_implISt6vectorI11AsyncBufferSaIS1_EESt14default_deleteIS3_EEC2IS5_EEPS3_OT_
FNDA:179077,_ZNSt15__uniq_ptr_implISt6vectorI11AsyncBufferSaIS1_EESt14default_deleteIS3_EEC2IS5_EEPS3_OT_
FN:153,_ZNSt15__uniq_ptr_implIi7CloseFDE6_M_ptrEv
FNDA:7424,_ZNSt15__uniq_ptr_implIi7CloseFDE6_M_ptrEv
FN:153,_ZNSt15__uniq_ptr_implISt6vectorI11AsyncBufferSaIS1_EESt14default_deleteIS3_EE6_M_ptrEv
FNDA:6536240,_ZNSt15__uniq_ptr_implISt6vectorI11AsyncBufferSaIS1_EESt14default_deleteIS3_EE6_M_ptrEv
FN:154,_ZNKSt15__uniq_ptr_implISt6vectorI11AsyncBufferSaIS1_EESt14default_deleteIS3_EE6_M_ptrEv
FNDA:3134770,_ZNKSt15__uniq_ptr_implISt6vectorI11AsyncBufferSaIS1_EESt14default_deleteIS3_EE6_M_ptrEv
FN:154,_ZNKSt15__uniq_ptr_implIi7CloseFDE6_M_ptrEv
FNDA:3952,_ZNKSt15__uniq_ptr_implIi7CloseFDE6_M_ptrEv
FN:155,_ZNSt15__uniq_ptr_implISt6vectorI11AsyncBufferSaIS1_EESt14default_deleteIS3_EE10_M_deleterEv
FNDA:4297800,_ZNSt15__uniq_ptr_implISt6vectorI11AsyncBufferSaIS1_EESt14default_deleteIS3_EE10_M_deleterEv
FN:155,_ZNSt15__uniq_ptr_implIi7CloseFDE10_M_deleterEv
FNDA:3712,_ZNSt15__uniq_ptr_implIi7CloseFDE10_M_deleterEv
FN:211,_ZNSt10unique_ptrIi7CloseFDEC2IS0_vEEPi
FNDA:3712,_ZNSt10unique_ptrIi7CloseFDEC2IS0_vEEPi
FN:211,_ZNSt10unique_ptrISt6vectorI11AsyncBufferSaIS1_EESt14default_deleteIS3_EEC2IS5_vEEPS3_
FNDA:2059360,_ZNSt10unique_ptrISt6vectorI11AsyncBufferSaIS1_EESt14default_deleteIS3_EEC2IS5_vEEPS3_
FN:257,_ZNSt10unique_ptrISt6vectorI11AsyncBufferSaIS1_EESt14default_deleteIS3_EEC2EOS6_
FNDA:179077,_ZNSt10unique_ptrISt6vectorI11AsyncBufferSaIS1_EESt14default_deleteIS3_EEC2EOS6_
FN:286,_ZNSt10unique_ptrISt6vectorI11AsyncBufferSaIS1_EESt14default_deleteIS3_EED2Ev
FNDA:2238440,_ZNSt10unique_ptrISt6vectorI11AsyncBufferSaIS1_EESt14default_deleteIS3_EED2Ev
FN:286,_ZNSt10unique_ptrIi7CloseFDED2Ev
FNDA:3712,_ZNSt10unique_ptrIi7CloseFDED2Ev
FN:305,_ZNSt10unique_ptrISt6vectorI11AsyncBufferSaIS1_EESt14default_deleteIS3_EEaSEOS6_
FNDA:1029680,_ZNSt10unique_ptrISt6vectorI11AsyncBufferSaIS1_EESt14default_deleteIS3_EEaSEOS6_
FN:344,_ZNKSt10unique_ptrISt6vectorI11AsyncBufferSaIS1_EESt14default_deleteIS3_EEdeEv
FNDA:358620,_ZNKSt10unique_ptrISt6vectorI11AsyncBufferSaIS1_EESt14default_deleteIS3_EEdeEv
FN:344,_ZNKSt10unique_ptrIi7CloseFDEdeEv
FNDA:3952,_ZNKSt10unique_ptrIi7CloseFDEdeEv
FN:352,_ZNKSt10unique_ptrISt6vectorI11AsyncBufferSaIS1_EESt14default_deleteIS3_EEptEv
FNDA:1567390,_ZNKSt10unique_ptrISt6vectorI11AsyncBufferSaIS1_EESt14default_deleteIS3_EEptEv
FN:360,_ZNKSt10unique_ptrIi7CloseFDE3getEv
FNDA:3952,_ZNKSt10unique_ptrIi7CloseFDE3getEv
FN:360,_ZNKSt10unique_ptrISt6vectorI11AsyncBufferSaIS1_EESt14default_deleteIS3_EE3getEv
FNDA:3134770,_ZNKSt10unique_ptrISt6vectorI11AsyncBufferSaIS1_EESt14default_deleteIS3_EE3getEv
FN:365,_ZNSt10unique_ptrISt6vectorI11AsyncBufferSaIS1_EESt14default_deleteIS3_EE11get_deleterEv
FNDA:4297800,_ZNSt10unique_ptrISt6vectorI11AsyncBufferSaIS1_EESt14default_deleteIS3_EE11get_deleterEv
FN:365,_ZNSt10unique_ptrIi7CloseFDE11get_deleterEv
FNDA:3712,_ZNSt10unique_ptrIi7CloseFDE11get_deleterEv
FN:381,_ZNSt10unique_ptrISt6vectorI11AsyncBufferSaIS1_EESt14default_deleteIS3_EE7releaseEv
FNDA:1208760,_ZNSt10unique_ptrISt6vectorI11AsyncBufferSaIS1_EESt14default_deleteIS3_EE7releaseEv
FN:395,_ZNSt10unique_ptrISt6vectorI11AsyncBufferSaIS1_EESt14default_deleteIS3_EE5resetEPS3_
FNDA:1029680,_ZNSt10unique_ptrISt6vectorI11AsyncBufferSaIS1_EESt14default_deleteIS3_EE5resetEPS3_
FN:856,_ZSt11make_uniqueISt6vectorI11AsyncBufferSaIS1_EEJEENSt9_MakeUniqIT_E15__single_objectEDpOT0_
FNDA:2059360,_ZSt11make_uniqueISt6vectorI11AsyncBufferSaIS1_EEJEENSt9_MakeUniqIT_E15__single_objectEDpOT0_
DA:75,2059360
DA:81,2059360
DA:82,2059360
DA:147,2059360
DA:147,3712
DA:150,179077
DA:151,179077
DA:153,6536240
DA:153,7424
DA:154,3134770
DA:154,3952
DA:155,4297800
DA:155,3712
DA:211,2059360
DA:212,2059360
DA:213,2059360
DA:211,3712
DA:212,3712
DA:213,3712
DA:257,179077
DA:258,179077
DA:286,2238440
DA:290,2238440
DA:291,2238440
DA:292,1029680
DA:293,2238440
DA:294,2238440
DA:286,3712
DA:290,3712
DA:291,3712
DA:292,3712
DA:293,3712
DA:294,3712
DA:305,1029680
DA:307,1029680
DA:308,1029680
DA:309,1029680
DA:344,358620
DA:347,358620
DA:344,3952
DA:347,3952
DA:352,1567390
DA:355,1567390
DA:360,3134770
DA:361,3134770
DA:360,3952
DA:361,3952
DA:365,4297800
DA:366,4297800
DA:365,3712
DA:366,3712
DA:381,1208760
DA:383,1208760
DA:384,1208760
DA:385,1208760
DA:395,1029680
DA:400,1029680
DA:401,1029680
DA:402,1029680
DA:403,1029680
DA:856,2059360
DA:857,2059360
end_of_record
SF:/usr/include/c++/9/bits/stl_algobase.h
FN:198,_ZSt3minImERKT_S2_S2_
FNDA:717745,_ZSt3minImERKT_S2_S2_
FN:222,_ZSt3maxImERKT_S2_S2_
FNDA:179310,_ZSt3maxImERKT_S2_S2_
FN:280,_ZSt12__niter_baseIP24napi_property_descriptorET_S2_
FNDA:505,_ZSt12__niter_baseIP24napi_property_descriptorET_S2_
FN:280,_ZSt12__niter_baseIP11AsyncBufferET_S2_
FNDA:537930,_ZSt12__niter_baseIP11AsyncBufferET_S2_
FN:295,_ZSt12__niter_wrapIP24napi_property_descriptorET_RKS2_S2_
FNDA:505,_ZSt12__niter_wrapIP24napi_property_descriptorET_RKS2_S2_
FN:756,_ZSt10__fill_n_aIP24napi_property_descriptormS0_EN9__gnu_cxx11__enable_ifIXntsrSt11__is_scalarIT1_E7__valueET_E6__typeES7_T0_RKS5_
FNDA:505,_ZSt10__fill_n_aIP24napi_property_descriptormS0_EN9__gnu_cxx11__enable_ifIXntsrSt11__is_scalarIT1_E7__valueET_E6__typeES7_T0_RKS5_
FN:802,_ZSt6fill_nIP24napi_property_descriptormS0_ET_S2_T0_RKT1_
FNDA:505,_ZSt6fill_nIP24napi_property_descriptormS0_ET_S2_T0_RKT1_
DA:198,717745
DA:203,717745
DA:204,0
DA:205,717745
DA:222,179310
DA:227,179310
DA:228,179077
DA:229,233
DA:280,505
DA:282,505
DA:280,537930
DA:282,537930
DA:295,505
DA:296,505
DA:756,505
DA:758,505
DA:759,13130
DA:760,12625
DA:761,505
DA:802,505
DA:808,505
DA:809,505
end_of_record
SF:/usr/include/c++/9/bits/hashtable.h
FN:342,_ZNKSt10_HashtableIPhS0_SaIS0_ENSt8__detail9_IdentityESt8equal_toIS0_ESt4hashIS0_ENS2_18_Mod_range_hashingENS2_20_Default_ranged_hashENS2_20_Prime_rehash_policyENS2_17_Hashtable_traitsILb0ELb1ELb1EEEE21_M_uses_single_bucketEPPNS2_15_Hash_node_baseE
FNDA:257,_ZNKSt10_HashtableIPhS0_SaIS0_ENSt8__detail9_IdentityESt8equal_toIS0_ESt4hashIS0_ENS2_18_Mod_range_hashingENS2_20_Default_ranged_hashENS2_20_Prime_rehash_policyENS2_17_Hashtable_traitsILb0ELb1ELb1EEEE21_M_uses_single_bucketEPPNS2_15_Hash_node_baseE
FN:353,_ZNSt10_HashtableIPhS0_SaIS0_ENSt8__detail9_IdentityESt8equal_toIS0_ESt4hashIS0_ENS2_18_Mod_range_hashingENS2_20_Default_ranged_hashENS2_20_Prime_rehash_policyENS2_17_Hashtable_traitsILb0ELb1ELb1EEEE19_M_allocate_bucketsEm
FNDA:257,_ZNSt10_HashtableIPhS0_SaIS0_ENSt8__detail9_IdentityESt8equal_toIS0_ESt4hashIS0_ENS2_18_Mod_range_hashingENS2_20_Default_ranged_hashENS2_20_Prime_rehash_policyENS2_17_Hashtable_traitsILb0ELb1ELb1EEEE19_M_allocate_bucketsEm
FN:365,_ZNSt10_HashtableIPhS0_SaIS0_ENSt8__detail9_IdentityESt8equal_toIS0_ESt4hashIS0_ENS2_18_Mod_range_hashingENS2_20_Default_ranged_hashENS2_20_Prime_rehash_policyENS2_17_Hashtable_traitsILb0ELb1ELb1EEEE21_M_deallocate_bucketsEPPNS2_15_Hash_node_baseEm
FNDA:257,_ZNSt10_HashtableIPhS0_SaIS0_ENSt8__detail9_IdentityESt8equal_toIS0_ESt4hashIS0_ENS2_18_Mod_range_hashingENS2_20_Default_ranged_hashENS2_20_Prime_rehash_policyENS2_17_Hashtable_traitsILb0ELb1ELb1EEEE21_M_deallocate_bucketsEPPNS2_15_Hash_node_baseEm
FN:374,_ZNSt10_HashtableIPhS0_SaIS0_ENSt8__detail9_IdentityESt8equal_toIS0_ESt4hashIS0_ENS2_18_Mod_range_hashingENS2_20_Default_ranged_hashENS2_20_Prime_rehash_policyENS2_17_Hashtable_traitsILb0ELb1ELb1EEEE21_M_deallocate_bucketsEv
FNDA:257,_ZNSt10_HashtableIPhS0_SaIS0_ENSt8__detail9_IdentityESt8equal_toIS0_ESt4hashIS0_ENS2_18_Mod_range_hashingENS2_20_Default_ranged_hashENS2_20_Prime_rehash_policyENS2_17_Hashtable_traitsILb0ELb1ELb1EEEE21_M_deallocate_bucketsEv
FN:383,_ZNKSt10_HashtableIPhS0_SaIS0_ENSt8__detail9_IdentityESt8equal_toIS0_ESt4hashIS0_ENS2_18_Mod_range_hashingENS2_20_Default_ranged_hashENS2_20_Prime_rehash_policyENS2_17_Hashtable_traitsILb0ELb1ELb1EEEE8_M_beginEv
FNDA:257,_ZNKSt10_HashtableIPhS0_SaIS0_ENSt8__detail9_IdentityESt8equal_toIS0_ESt4hashIS0_ENS2_18_Mod_range_hashingENS2_20_Default_ranged_hashENS2_20_Prime_rehash_policyENS2_17_Hashtable_traitsILb0ELb1ELb1EEEE8_M_beginEv
FN:414,_ZNSt10_HashtableIPhS0_SaIS0_ENSt8__detail9_IdentityESt8equal_toIS0_ESt4hashIS0_ENS2_18_Mod_range_hashingENS2_20_Default_ranged_hashENS2_20_Prime_rehash_policyENS2_17_Hashtable_traitsILb0ELb1ELb1EEEEC2Ev
FNDA:253,_ZNSt10_HashtableIPhS0_SaIS0_ENSt8__detail9_IdentityESt8equal_toIS0_ESt4hashIS0_ENS2_18_Mod_range_hashingENS2_20_Default_ranged_hashENS2_20_Prime_rehash_policyENS2_17_Hashtable_traitsILb0ELb1ELb1EEEEC2Ev
FN:512,_ZNSt10_HashtableIPhS0_SaIS0_ENSt8__detail9_IdentityESt8equal_toIS0_ESt4hashIS0_ENS2_18_Mod_range_hashingENS2_20_Default_ranged_hashENS2_20_Prime_rehash_policyENS2_17_Hashtable_traitsILb0ELb1ELb1EEEE3endEv
FNDA:9997,_ZNSt10_HashtableIPhS0_SaIS0_ENSt8__detail9_IdentityESt8equal_toIS0_ESt4hashIS0_ENS2_18_Mod_range_hashingENS2_20_Default_ranged_hashENS2_20_Prime_rehash_policyENS2_17_Hashtable_traitsILb0ELb1ELb1EEEE3endEv
FN:639,_ZNKSt10_HashtableIPhS0_SaIS0_ENSt8__detail9_IdentityESt8equal_toIS0_ESt4hashIS0_ENS2_18_Mod_range_hashingENS2_20_Default_ranged_hashENS2_20_Prime_rehash_policyENS2_17_Hashtable_traitsILb0ELb1ELb1EEEE15_M_bucket_indexEPNS2_10_Hash_nodeIS0_Lb0EEE
FNDA:11158,_ZNKSt10_HashtableIPhS0_SaIS0_ENSt8__detail9_IdentityESt8equal_toIS0_ESt4hashIS0_ENS2_18_Mod_range_hashingENS2_20_Default_ranged_hashENS2_20_Prime_rehash_policyENS2_17_Hashtable_traitsILb0ELb1ELb1EEEE15_M_bucket_indexEPNS2_10_Hash_nodeIS0_Lb0EEE
FN:643,_ZNKSt10_HashtableIPhS0_SaIS0_ENSt8__detail9_IdentityESt8equal_toIS0_ESt4hashIS0_ENS2_18_Mod_range_hashingENS2_20_Default_ranged_hashENS2_20_Prime_rehash_policyENS2_17_Hashtable_traitsILb0ELb1ELb1EEEE15_M_bucket_indexERKS0_m
FNDA:13866,_ZNKSt10_HashtableIPhS0_SaIS0_ENSt8__detail9_IdentityESt8equal_toIS0_ESt4hashIS0_ENS2_18_Mod_range_hashingENS2_20_Default_ranged_hashENS2_20_Prime_rehash_policyENS2_17_Hashtable_traitsILb0ELb1ELb1EEEE15_M_bucket_indexERKS0_m
FN:652,_ZNKSt10_HashtableIPhS0_SaIS0_ENSt8__detail9_IdentityESt8equal_toIS0_ESt4hashIS0_ENS2_18_Mod_range_hashingENS2_20_Default_ranged_hashENS2_20_Prime_rehash_policyENS2_17_Hashtable_traitsILb0ELb1ELb1EEEE12_M_find_nodeEmRKS0_m
FNDA:9997,_ZNKSt10_HashtableIPhS0_SaIS0_ENSt8__detail9_IdentityESt8equal_toIS0_ESt4hashIS0_ENS2_18_Mod_range_hashingENS2_20_Default_ranged_hashENS2_20_Prime_rehash_policyENS2_17_Hashtable_traitsILb0ELb1ELb1EEEE12_M_find_nodeEmRKS0_m
FN:748,_ZNSt10_HashtableIPhS0_SaIS0_ENSt8__detail9_IdentityESt8equal_toIS0_ESt4hashIS0_ENS2_18_Mod_range_hashingENS2_20_Default_ranged_hashENS2_20_Prime_rehash_policyENS2_17_Hashtable_traitsILb0ELb1ELb1EEEE7emplaceIJRS0_EEESt4pairINS2_14_Node_iteratorIS0_Lb1ELb0EEEbEDpOT_
FNDA:3712,_ZNSt10_HashtableIPhS0_SaIS0_ENSt8__detail9_IdentityESt8equal_toIS0_ESt4hashIS0_ENS2_18_Mod_range_hashingENS2_20_Default_ranged_hashENS2_20_Prime_rehash_policyENS2_17_Hashtable_traitsILb0ELb1ELb1EEEE7emplaceIJRS0_EEESt4pairINS2_14_Node_iteratorIS0_Lb1ELb0EEEbEDpOT_
FN:771,_ZNSt10_HashtableIPhS0_SaIS0_ENSt8__detail9_IdentityESt8equal_toIS0_ESt4hashIS0_ENS2_18_Mod_range_hashingENS2_20_Default_ranged_hashENS2_20_Prime_rehash_policyENS2_17_Hashtable_traitsILb0ELb1ELb1EEEE5eraseERKS0_
FNDA:3612,_ZNSt10_HashtableIPhS0_SaIS0_ENSt8__detail9_IdentityESt8equal_toIS0_ESt4hashIS0_ENS2_18_Mod_range_hashingENS2_20_Default_ranged_hashENS2_20_Prime_rehash_policyENS2_17_Hashtable_traitsILb0ELb1ELb1EEEE5eraseERKS0_
FN:1412,_ZNSt10_HashtableIPhS0_SaIS0_ENSt8__detail9_IdentityESt8equal_toIS0_ESt4hashIS0_ENS2_18_Mod_range_hashingENS2_20_Default_ranged_hashENS2_20_Prime_rehash_policyENS2_17_Hashtable_traitsILb0ELb1ELb1EEEE4findERKS0_
FNDA:6285,_ZNSt10_HashtableIPhS0_SaIS0_ENSt8__detail9_IdentityESt8equal_toIS0_ESt4hashIS0_ENS2_18_Mod_range_hashingENS2_20_Default_ranged_hashENS2_20_Prime_rehash_policyENS2_17_Hashtable_traitsILb0ELb1ELb1EEEE4findERKS0_
FN:1532,_ZNKSt10_HashtableIPhS0_SaIS0_ENSt8__detail9_IdentityESt8equal_toIS0_ESt4hashIS0_ENS2_18_Mod_range_hashingENS2_20_Default_ranged_hashENS2_20_Prime_rehash_policyENS2_17_Hashtable_traitsILb0ELb1ELb1EEEE19_M_find_before_nodeEmRKS0_m
FNDA:13609,_ZNKSt10_HashtableIPhS0_SaIS0_ENSt8__detail9_IdentityESt8equal_toIS0_ESt4hashIS0_ENS2_18_Mod_range_hashingENS2_20_Default_ranged_hashENS2_20_Prime_rehash_policyENS2_17_Hashtable_traitsILb0ELb1ELb1EEEE19_M_find_before_nodeEmRKS0_m
FN:1560,_ZNSt10_HashtableIPhS0_SaIS0_ENSt8__detail9_IdentityESt8equal_toIS0_ESt4hashIS0_ENS2_18_Mod_range_hashingENS2_20_Default_ranged_hashENS2_20_Prime_rehash_policyENS2_17_Hashtable_traitsILb0ELb1ELb1EEEE22_M_insert_bucket_beginEmPNS2_10_Hash_nodeIS0_Lb0EEE
FNDA:3712,_ZNSt10_HashtableIPhS0_SaIS0_ENSt8__detail9_IdentityESt8equal_toIS0_ESt4hashIS0_ENS2_18_Mod_range_hashingENS2_20_Default_ranged_hashENS2_20_Prime_rehash_policyENS2_17_Hashtable_traitsILb0ELb1ELb1EEEE22_M_insert_bucket_beginEmPNS2_10_Hash_nodeIS0_Lb0EEE
FN:1591,_ZNSt10_HashtableIPhS0_SaIS0_ENSt8__detail9_IdentityESt8equal_toIS0_ESt4hashIS0_ENS2_18_Mod_range_hashingENS2_20_Default_ranged_hashENS2_20_Prime_rehash_policyENS2_17_Hashtable_traitsILb0ELb1ELb1EEEE22_M_remove_bucket_beginEmPNS2_10_Hash_nodeIS0_Lb0EEEm
FNDA:1449,_ZNSt10_HashtableIPhS0_SaIS0_ENSt8__detail9_IdentityESt8equal_toIS0_ESt4hashIS0_ENS2_18_Mod_range_hashingENS2_20_Default_ranged_hashENS2_20_Prime_rehash_policyENS2_17_Hashtable_traitsILb0ELb1ELb1EEEE22_M_remove_bucket_beginEmPNS2_10_Hash_nodeIS0_Lb0EEEm
FN:1632,_ZNSt10_HashtableIPhS0_SaIS0_ENSt8__detail9_IdentityESt8equal_toIS0_ESt4hashIS0_ENS2_18_Mod_range_hashingENS2_20_Default_ranged_hashENS2_20_Prime_rehash_policyENS2_17_Hashtable_traitsILb0ELb1ELb1EEEE10_M_emplaceIJRS0_EEESt4pairINS2_14_Node_iteratorIS0_Lb1ELb0EEEbESt17integral_constantIbLb1EEDpOT_
FNDA:3712,_ZNSt10_HashtableIPhS0_SaIS0_ENSt8__detail9_IdentityESt8equal_toIS0_ESt4hashIS0_ENS2_18_Mod_range_hashingENS2_20_Default_ranged_hashENS2_20_Prime_rehash_policyENS2_17_Hashtable_traitsILb0ELb1ELb1EEEE10_M_emplaceIJRS0_EEESt4pairINS2_14_Node_iteratorIS0_Lb1ELb0EEEbESt17integral_constantIbLb1EEDpOT_
FN:1698,_ZNSt10_HashtableIPhS0_SaIS0_ENSt8__detail9_IdentityESt8equal_toIS0_ESt4hashIS0_ENS2_18_Mod_range_hashingENS2_20_Default_ranged_hashENS2_20_Prime_rehash_policyENS2_17_Hashtable_traitsILb0ELb1ELb1EEEE21_M_insert_unique_nodeEmmPNS2_10_Hash_nodeIS0_Lb0EEEm
FNDA:3712,_ZNSt10_HashtableIPhS0_SaIS0_ENSt8__detail9_IdentityESt8equal_toIS0_ESt4hashIS0_ENS2_18_Mod_range_hashingENS2_20_Default_ranged_hashENS2_20_Prime_rehash_policyENS2_17_Hashtable_traitsILb0ELb1ELb1EEEE21_M_insert_unique_nodeEmmPNS2_10_Hash_nodeIS0_Lb0EEEm
FN:1869,_ZNSt10_HashtableIPhS0_SaIS0_ENSt8__detail9_IdentityESt8equal_toIS0_ESt4hashIS0_ENS2_18_Mod_range_hashingENS2_20_Default_ranged_hashENS2_20_Prime_rehash_policyENS2_17_Hashtable_traitsILb0ELb1ELb1EEEE8_M_eraseEmPNS2_15_Hash_node_baseEPNS2_10_Hash_nodeIS0_Lb0EEE
FNDA:3612,_ZNSt10_HashtableIPhS0_SaIS0_ENSt8__detail9_IdentityESt8equal_toIS0_ESt4hashIS0_ENS2_18_Mod_range_hashingENS2_20_Default_ranged_hashENS2_20_Prime_rehash_policyENS2_17_Hashtable_traitsILb0ELb1ELb1EEEE8_M_eraseEmPNS2_15_Hash_node_baseEPNS2_10_Hash_nodeIS0_Lb0EEE
FN:1897,_ZNSt10_HashtableIPhS0_SaIS0_ENSt8__detail9_IdentityESt8equal_toIS0_ESt4hashIS0_ENS2_18_Mod_range_hashingENS2_20_Default_ranged_hashENS2_20_Prime_rehash_policyENS2_17_Hashtable_traitsILb0ELb1ELb1EEEE8_M_eraseESt17integral_constantIbLb1EERKS0_
FNDA:3612,_ZNSt10_HashtableIPhS0_SaIS0_ENSt8__detail9_IdentityESt8equal_toIS0_ESt4hashIS0_ENS2_18_Mod_range_hashingENS2_20_Default_ranged_hashENS2_20_Prime_rehash_policyENS2_17_Hashtable_traitsILb0ELb1ELb1EEEE8_M_eraseESt17integral_constantIbLb1EERKS0_
FN:2061,_ZNSt10_HashtableIPhS0_SaIS0_ENSt8__detail9_IdentityESt8equal_toIS0_ESt4hashIS0_ENS2_18_Mod_range_hashingENS2_20_Default_ranged_hashENS2_20_Prime_rehash_policyENS2_17_Hashtable_traitsILb0ELb1ELb1EEEE9_M_rehashEmRKm
FNDA:257,_ZNSt10_HashtableIPhS0_SaIS0_ENSt8__detail9_IdentityESt8equal_toIS0_ESt4hashIS0_ENS2_18_Mod_range_hashingENS2_20_Default_ranged_hashENS2_20_Prime_rehash_policyENS2_17_Hashtable_traitsILb0ELb1ELb1EEEE9_M_rehashEmRKm
FN:2084,_ZNSt10_HashtableIPhS0_SaIS0_ENSt8__detail9_IdentityESt8equal_toIS0_ESt4hashIS0_ENS2_18_Mod_range_hashingENS2_20_Default_ranged_hashENS2_20_Prime_rehash_policyENS2_17_Hashtable_traitsILb0ELb1ELb1EEEE13_M_rehash_auxEmSt17integral_constantIbLb1EE
FNDA:257,_ZNSt10_HashtableIPhS0_SaIS0_ENSt8__detail9_IdentityESt8equal_toIS0_ESt4hashIS0_ENS2_18_Mod_range_hashingENS2_20_Default_ranged_hashENS2_20_Prime_rehash_policyENS2_17_Hashtable_traitsILb0ELb1ELb1EEEE13_M_rehash_auxEmSt17integral_constantIbLb1EE
DA:342,257
DA:343,257
DA:353,257
DA:355,257
DA:357,0
DA:358,0
DA:361,257
DA:365,257
DA:367,257
DA:368,253
DA:370,4
DA:374,257
DA:375,257
DA:383,257
DA:384,257
DA:414,253
DA:512,9997
DA:513,9997
DA:639,11158
DA:640,11158
DA:643,13866
DA:644,13866
DA:652,9997
DA:655,9997
DA:656,9997
DA:657,2573
DA:658,7424
DA:748,3712
DA:749,3712
DA:771,3612
DA:772,3612
DA:1412,6285
DA:1417,6285
DA:1418,6285
DA:1419,6285
DA:1420,6285
DA:1532,13609
DA:1538,13609
DA:1539,13609
DA:1540,2980
DA:1542,10629
DA:1543,2410
DA:1545,13039
DA:1546,6185
DA:1548,6854
DA:1549,4444
DA:1550,2410
DA:1552,4444
DA:1560,3712
DA:1564,3712
DA:1568,2222
DA:1569,2222
DA:1576,1490
DA:1577,1490
DA:1578,1490
DA:1581,1213
DA:1582,1490
DA:1584,3712
DA:1591,1449
DA:1596,1449
DA:1600,1397
DA:1601,995
DA:1604,1397
DA:1605,377
DA:1606,1397
DA:1608,1449
DA:1632,3712
DA:1638,3712
DA:1639,3712
DA:1643,3712
DA:1645,0
DA:1647,0
DA:1648,0
DA:1651,3712
DA:1652,3712
DA:1655,0
DA:1656,0
DA:1660,3712
DA:1661,7424
DA:1698,3712
DA:1704,3712
DA:1705,3712
DA:1711,3712
DA:1713,257
DA:1714,257
DA:1717,3712
DA:1720,3712
DA:1721,3712
DA:1722,3712
DA:1724,0
DA:1726,0
DA:1727,0
DA:1869,3612
DA:1874,3612
DA:1875,1449
DA:1876,1449
DA:1877,2163
DA:1879,2128
DA:1880,2128
DA:1881,2117
DA:1884,3612
DA:1885,3612
DA:1886,3612
DA:1887,3612
DA:1889,3612
DA:1897,3612
DA:1902,3612
DA:1903,3612
DA:1906,3612
DA:1907,3612
DA:1908,0
DA:1911,3612
DA:1912,3612
DA:1913,3612
DA:2061,257
DA:2067,257
DA:2069,0
DA:2073,0
DA:2074,0
DA:2076,257
DA:2084,257
DA:2088,257
DA:2089,257
DA:2090,257
DA:2091,257
DA:2092,485
DA:2094,228
DA:2095,228
DA:2096,228
DA:2098,195
DA:2099,195
DA:2100,195
DA:2101,195
DA:2102,191
DA:2103,195
DA:2107,33
DA:2108,33
DA:2110,228
DA:2113,257
DA:2114,257
DA:2115,257
DA:2116,257
end_of_record
