TN:
SF:/home/david/shared-memory-disruptor/node_modules/node-addon-api/napi-inl.h
FN:54,_ZN4Napi7details12WrapCallbackIZNS_10ObjectWrapI9DisruptorE33InstanceVoidMethodCallbackWrapperEP10napi_env__P20napi_callback_info__EUlvE_EEP12napi_value__T_
FN:54,_ZN4Napi7details12WrapCallbackIZNS_10ObjectWrapI9DisruptorE26ConstructorCallbackWrapperEP10napi_env__P20napi_callback_info__EUlvE_EEP12napi_value__T_
FN:54,_ZN4Napi7details12WrapCallbackIZNS_10ObjectWrapI9DisruptorE29InstanceSetterCallbackWrapperEP10napi_env__P20napi_callback_info__EUlvE_EEP12napi_value__T_
FN:54,_ZN4Napi7details12WrapCallbackIZNS0_12CallbackDataIPFvRKNS_12CallbackInfoEEvE7WrapperEP10napi_env__P20napi_callback_info__EUlvE_EEP12napi_value__T_
FN:54,_ZN4Napi7details12WrapCallbackIZNS_10ObjectWrapI9DisruptorE29InstanceMethodCallbackWrapperEP10napi_env__P20napi_callback_info__EUlvE_EEP12napi_value__T_
FN:54,_ZN4Napi7details12WrapCallbackIZNS_11AsyncWorker14OnWorkCompleteEP10napi_env__11napi_statusPvEUlvE_EEP12napi_value__T_
FN:54,_ZN4Napi7details12WrapCallbackIZNS_10ObjectWrapI9DisruptorE29InstanceGetterCallbackWrapperEP10napi_env__P20napi_callback_info__EUlvE_EEP12napi_value__T_
FN:54,_ZN4Napi7details12WrapCallbackIZNS_14RegisterModuleEP10napi_env__P12napi_value__S5_PFvNS_3EnvENS_6ObjectES7_EEUlvE_EES5_T_
FN:89,_ZN4Napi7details12CallbackDataIPFvRKNS_12CallbackInfoEEvE7WrapperEP10napi_env__P20napi_callback_info__
FN:90,_ZZN4Napi7details12CallbackDataIPFvRKNS_12CallbackInfoEEvE7WrapperEP10napi_env__P20napi_callback_info__ENKUlvE_clEv
FN:169,_ZN4Napi14RegisterModuleEP10napi_env__P12napi_value__S3_PFvNS_3EnvENS_6ObjectES5_E
FN:173,_ZZN4Napi14RegisterModuleEP10napi_env__P12napi_value__S3_PFvNS_3EnvENS_6ObjectES5_EENKUlvE_clEv
FN:185,_ZN4Napi3EnvC2EP10napi_env__
FN:188,_ZNK4Napi3EnvcvP10napi_env__Ev
FN:199,_ZNK4Napi3Env9UndefinedEv
FN:206,_ZNK4Napi3Env4NullEv
FN:234,_ZN4Napi5ValueC2Ev
FN:237,_ZN4Napi5ValueC2EP10napi_env__P12napi_value__
FN:240,_ZNK4Napi5ValuecvP12napi_value__Ev
FN:259,_ZNK4Napi5Value3EnvEv
FN:267,_ZNK4Napi5Value4TypeEv
FN:339,_ZNK4Napi5Value10IsFunctionEv
FN:355,_ZNK4Napi5Value2AsINS_7BooleanEEET_v
FN:355,_ZNK4Napi5Value2AsINS_8FunctionEEET_v
FN:355,_ZNK4Napi5Value2AsINS_6StringEEET_v
FN:355,_ZNK4Napi5Value2AsINS_6ObjectEEET_v
FN:355,_ZNK4Napi5Value2AsINS_6NumberEEET_v
FN:391,_ZN4Napi7Boolean3NewEP10napi_env__b
FN:401,_ZN4Napi7BooleanC2EP10napi_env__P12napi_value__
FN:404,_ZNK4Napi7BooleancvbEv
FN:408,_ZNK4Napi7Boolean5ValueEv
FN:419,_ZN4Napi6Number3NewEP10napi_env__d
FN:429,_ZN4Napi6NumberC2EP10napi_env__P12napi_value__
FN:436,_ZNK4Napi6NumbercvjEv
FN:459,_ZNK4Napi6Number11Uint32ValueEv
FN:466,_ZNK4Napi6Number10Int64ValueEv
FN:491,_ZN4Napi4NameC2EP10napi_env__P12napi_value__
FN:537,_ZN4Napi6StringC2EP10napi_env__P12napi_value__
FN:540,_ZNK4Napi6StringcvNSt7__cxx1112basic_stringIcSt11char_traitsIcESaIcEEEB5cxx11Ev
FN:548,_ZNK4Napi6String9Utf8ValueB5cxx11Ev
FN:617,_ZN4Napi6Object14PropertyLValueIjEaSINS_5ValueEEERS2_T_
FN:623,_ZN4Napi6Object14PropertyLValueIjEC2ES0_j
FN:626,_ZN4Napi6Object3NewEP10napi_env__
FN:633,_ZN4Napi6ObjectC2Ev
FN:636,_ZN4Napi6ObjectC2EP10napi_env__P12napi_value__
FN:647,_ZN4Napi6ObjectixEj
FN:702,_ZNK4Napi6Object3GetEPKc
FN:723,_ZN4Napi6Object3SetEPKcNS_5ValueE
FN:784,_ZN4Napi6Object3SetEjNS_5ValueE
FN:912,_ZN4Napi5Array3NewEP10napi_env__
FN:929,_ZN4Napi5ArrayC2EP10napi_env__P12napi_value__
FN:932,_ZNK4Napi5Array6LengthEv
FN:1201,_ZN4Napi8Function3NewIPFvRKNS_12CallbackInfoEEEES0_P10napi_env__T_PKcPv
FN:1228,_ZN4Napi8FunctionC2EP10napi_env__P12napi_value__
FN:1263,_ZNK4Napi8Function12MakeCallbackEP12napi_value__RKSt16initializer_listIS2_E
FN:1273,_ZNK4Napi8Function12MakeCallbackEP12napi_value__mPKS2_
FN:1303,_ZN4Napi6BufferIhE3NewEP10napi_env__m
FN:1312,_ZN4Napi6BufferIhE3NewEP10napi_env__Phm
FN:1312,_ZN4Napi6BufferImE3NewEP10napi_env__Pmm
FN:1377,_ZN4Napi6BufferIhEC2Ev
FN:1386,_ZN4Napi6BufferIhEC2EP10napi_env__P12napi_value__mPh
FN:1386,_ZN4Napi6BufferImEC2EP10napi_env__P12napi_value__mPm
FN:1391,_ZNK4Napi6BufferIhE6LengthEv
FN:1403,_ZNK4Napi6BufferIhE10EnsureInfoEv
FN:1421,_ZN4Napi5Error3NewEP10napi_env__
FN:1479,_ZN4Napi5Error3NewEP10napi_env__RKNSt7__cxx1112basic_stringIcSt11char_traitsIcESaIcEEE
FN:1483,_ZN4Napi5Error5FatalEPKcS2_
FN:1490,_ZN4Napi5ErrorC2EP10napi_env__P12napi_value__
FN:1526,_ZNK4Napi5Error7MessageB5cxx11Ev
FN:1543,_ZNK4Napi5Error26ThrowAsJavaScriptExceptionEv
FN:1553,_ZNK4Napi5Error4whatEv
FN:1560,_ZN4Napi5Error3NewIS0_EET_P10napi_env__PKcmPF11napi_statusS4_P12napi_value__S9_PS9_E
FN:1608,_ZN4Napi9ReferenceINS_8FunctionEE3NewERKS1_j
FN:1608,_ZN4Napi9ReferenceINS_6ObjectEE3NewERKS1_j
FN:1625,_ZN4Napi9ReferenceINS_6ObjectEEC2Ev
FN:1629,_ZN4Napi9ReferenceINS_8FunctionEEC2EP10napi_env__P10napi_ref__
FN:1629,_ZN4Napi9ReferenceINS_6ObjectEEC2EP10napi_env__P10napi_ref__
FN:1634,_ZN4Napi9ReferenceINS_6ObjectEED2Ev
FN:1634,_ZN4Napi9ReferenceINS_8FunctionEED2Ev
FN:1645,_ZN4Napi9ReferenceINS_6ObjectEEC2EOS2_
FN:1645,_ZN4Napi9ReferenceINS_8FunctionEEC2EOS2_
FN:1653,_ZN4Napi9ReferenceINS_6ObjectEEaSEOS2_
FN:1700,_ZNK4Napi9ReferenceINS_6ObjectEE7IsEmptyEv
FN:1705,_ZNK4Napi9ReferenceINS_8FunctionEE5ValueEv
FN:1705,_ZNK4Napi9ReferenceINS_6ObjectEE5ValueEv
FN:1733,_ZN4Napi9ReferenceINS_6ObjectEE5ResetEv
FN:1776,_ZN4Napi10PersistentENS_6ObjectE
FN:1780,_ZN4Napi10PersistentENS_8FunctionE
FN:1791,_ZN4Napi15ObjectReferenceC2EP10napi_env__P10napi_ref__
FN:1794,_ZN4Napi15ObjectReferenceC2EONS_9ReferenceINS_6ObjectEEE
FN:1816,_ZNK4Napi15ObjectReference3GetEPKc
FN:1922,_ZN4Napi17FunctionReferenceC2EONS_9ReferenceINS_8FunctionEEE
FN:1968,_ZNK4Napi17FunctionReference12MakeCallbackEP12napi_value__RKSt16initializer_listIS2_E
FN:1994,_ZN4Napi12CallbackInfoC2EP10napi_env__P20napi_callback_info__
FN:2012,_ZN4Napi12CallbackInfoD2Ev
FN:2025,_ZNK4Napi12CallbackInfo3EnvEv
FN:2029,_ZNK4Napi12CallbackInfo6LengthEv
FN:2033,_ZNK4Napi12CallbackInfoixEm
FN:2037,_ZNK4Napi12CallbackInfo4ThisEv
FN:2044,_ZNK4Napi12CallbackInfo4DataEv
FN:2048,_ZN4Napi12CallbackInfo7SetDataEPv
FN:2287,_ZN4Napi10ObjectWrapI9DisruptorEC2ERKNS_12CallbackInfoE
FN:2301,_ZN4Napi10ObjectWrapI9DisruptorE6UnwrapENS_6ObjectE
FN:2309,_ZN4Napi10ObjectWrapI9DisruptorE11DefineClassENS_3EnvEPKcRKSt16initializer_listINS_23ClassPropertyDescriptorIS1_EEEPv
FN:2393,_ZN4Napi10ObjectWrapI9DisruptorE14InstanceMethodEPKcMS1_FvRKNS_12CallbackInfoEE24napi_property_attributesPv
FN:2411,_ZN4Napi10ObjectWrapI9DisruptorE14InstanceMethodEPKcMS1_FNS_5ValueERKNS_12CallbackInfoEE24napi_property_attributesPv
FN:2428,_ZN4Napi10ObjectWrapI9DisruptorE16InstanceAccessorEPKcMS1_FNS_5ValueERKNS_12CallbackInfoEEMS1_FvS8_RKS5_E24napi_property_attributesPv
FN:2470,_ZN4Napi10ObjectWrapI9DisruptorE26ConstructorCallbackWrapperEP10napi_env__P20napi_callback_info__
FN:2483,_ZZN4Napi10ObjectWrapI9DisruptorE26ConstructorCallbackWrapperEP10napi_env__P20napi_callback_info__ENKUlvE_clEv
FN:2547,_ZN4Napi10ObjectWrapI9DisruptorE33InstanceVoidMethodCallbackWrapperEP10napi_env__P20napi_callback_info__
FN:2550,_ZZN4Napi10ObjectWrapI9DisruptorE33InstanceVoidMethodCallbackWrapperEP10napi_env__P20napi_callback_info__ENKUlvE_clEv
FN:2563,_ZN4Napi10ObjectWrapI9DisruptorE29InstanceMethodCallbackWrapperEP10napi_env__P20napi_callback_info__
FN:2566,_ZZN4Napi10ObjectWrapI9DisruptorE29InstanceMethodCallbackWrapperEP10napi_env__P20napi_callback_info__ENKUlvE_clEv
FN:2578,_ZN4Napi10ObjectWrapI9DisruptorE29InstanceGetterCallbackWrapperEP10napi_env__P20napi_callback_info__
FN:2581,_ZZN4Napi10ObjectWrapI9DisruptorE29InstanceGetterCallbackWrapperEP10napi_env__P20napi_callback_info__ENKUlvE_clEv
FN:2593,_ZN4Napi10ObjectWrapI9DisruptorE29InstanceSetterCallbackWrapperEP10napi_env__P20napi_callback_info__
FN:2596,_ZZN4Napi10ObjectWrapI9DisruptorE29InstanceSetterCallbackWrapperEP10napi_env__P20napi_callback_info__ENKUlvE_clEv
FN:2609,_ZN4Napi10ObjectWrapI9DisruptorE16FinalizeCallbackEP10napi_env__PvS5_
FN:2622,_ZN4Napi11HandleScopeC2ENS_3EnvE
FN:2627,_ZN4Napi11HandleScopeD2Ev
FN:2647,_ZN4Napi20EscapableHandleScopeC2ENS_3EnvE
FN:2652,_ZN4Napi20EscapableHandleScopeD2Ev
FN:2664,_ZN4Napi20EscapableHandleScope6EscapeEP12napi_value__
FN:2675,_ZN4Napi11AsyncWorkerC2ERKNS_8FunctionE
FN:2679,_ZN4Napi11AsyncWorkerC2ERKNS_6ObjectERKNS_8FunctionE
FN:2688,_ZN4Napi11AsyncWorkerD0Ev
FN:2688,_ZN4Napi11AsyncWorkerD2Ev
FN:2720,_ZNK4Napi11AsyncWorker3EnvEv
FN:2724,_ZN4Napi11AsyncWorker5QueueEv
FN:2734,_ZN4Napi11AsyncWorker8ReceiverEv
FN:2738,_ZN4Napi11AsyncWorker8CallbackEv
FN:2742,_ZN4Napi11AsyncWorker4OnOKEv
FN:2746,_ZN4Napi11AsyncWorker7OnErrorERKNS_5ErrorE
FN:2750,_ZN4Napi11AsyncWorker8SetErrorERKNSt7__cxx1112basic_stringIcSt11char_traitsIcESaIcEEE
FN:2754,_ZN4Napi11AsyncWorker9OnExecuteEP10napi_env__Pv
FN:2767,_ZN4Napi11AsyncWorker14OnWorkCompleteEP10napi_env__11napi_statusPv
FN:2772,_ZZN4Napi11AsyncWorker14OnWorkCompleteEP10napi_env__11napi_statusPvENKUlvE_clEv
FNDA:0,_ZN4Napi7details12WrapCallbackIZNS_10ObjectWrapI9DisruptorE33InstanceVoidMethodCallbackWrapperEP10napi_env__P20napi_callback_info__EUlvE_EEP12napi_value__T_
FNDA:0,_ZN4Napi7details12WrapCallbackIZNS_10ObjectWrapI9DisruptorE26ConstructorCallbackWrapperEP10napi_env__P20napi_callback_info__EUlvE_EEP12napi_value__T_
FNDA:0,_ZN4Napi7details12WrapCallbackIZNS_10ObjectWrapI9DisruptorE29InstanceSetterCallbackWrapperEP10napi_env__P20napi_callback_info__EUlvE_EEP12napi_value__T_
FNDA:0,_ZN4Napi7details12WrapCallbackIZNS0_12CallbackDataIPFvRKNS_12CallbackInfoEEvE7WrapperEP10napi_env__P20napi_callback_info__EUlvE_EEP12napi_value__T_
FNDA:0,_ZN4Napi7details12WrapCallbackIZNS_10ObjectWrapI9DisruptorE29InstanceMethodCallbackWrapperEP10napi_env__P20napi_callback_info__EUlvE_EEP12napi_value__T_
FNDA:0,_ZN4Napi7details12WrapCallbackIZNS_11AsyncWorker14OnWorkCompleteEP10napi_env__11napi_statusPvEUlvE_EEP12napi_value__T_
FNDA:0,_ZN4Napi7details12WrapCallbackIZNS_10ObjectWrapI9DisruptorE29InstanceGetterCallbackWrapperEP10napi_env__P20napi_callback_info__EUlvE_EEP12napi_value__T_
FNDA:0,_ZN4Napi7details12WrapCallbackIZNS_14RegisterModuleEP10napi_env__P12napi_value__S5_PFvNS_3EnvENS_6ObjectES7_EEUlvE_EES5_T_
FNDA:0,_ZN4Napi7details12CallbackDataIPFvRKNS_12CallbackInfoEEvE7WrapperEP10napi_env__P20napi_callback_info__
FNDA:0,_ZZN4Napi7details12CallbackDataIPFvRKNS_12CallbackInfoEEvE7WrapperEP10napi_env__P20napi_callback_info__ENKUlvE_clEv
FNDA:0,_ZN4Napi14RegisterModuleEP10napi_env__P12napi_value__S3_PFvNS_3EnvENS_6ObjectES5_E
FNDA:0,_ZZN4Napi14RegisterModuleEP10napi_env__P12napi_value__S3_PFvNS_3EnvENS_6ObjectES5_EENKUlvE_clEv
FNDA:0,_ZN4Napi3EnvC2EP10napi_env__
FNDA:0,_ZNK4Napi3EnvcvP10napi_env__Ev
FNDA:0,_ZNK4Napi3Env9UndefinedEv
FNDA:0,_ZNK4Napi3Env4NullEv
FNDA:0,_ZN4Napi5ValueC2Ev
FNDA:0,_ZN4Napi5ValueC2EP10napi_env__P12napi_value__
FNDA:0,_ZNK4Napi5ValuecvP12napi_value__Ev
FNDA:0,_ZNK4Napi5Value3EnvEv
FNDA:0,_ZNK4Napi5Value4TypeEv
FNDA:0,_ZNK4Napi5Value10IsFunctionEv
FNDA:0,_ZNK4Napi5Value2AsINS_7BooleanEEET_v
FNDA:0,_ZNK4Napi5Value2AsINS_8FunctionEEET_v
FNDA:0,_ZNK4Napi5Value2AsINS_6StringEEET_v
FNDA:0,_ZNK4Napi5Value2AsINS_6ObjectEEET_v
FNDA:0,_ZNK4Napi5Value2AsINS_6NumberEEET_v
FNDA:0,_ZN4Napi7Boolean3NewEP10napi_env__b
FNDA:0,_ZN4Napi7BooleanC2EP10napi_env__P12napi_value__
FNDA:0,_ZNK4Napi7BooleancvbEv
FNDA:0,_ZNK4Napi7Boolean5ValueEv
FNDA:0,_ZN4Napi6Number3NewEP10napi_env__d
FNDA:0,_ZN4Napi6NumberC2EP10napi_env__P12napi_value__
FNDA:0,_ZNK4Napi6NumbercvjEv
FNDA:0,_ZNK4Napi6Number11Uint32ValueEv
FNDA:0,_ZNK4Napi6Number10Int64ValueEv
FNDA:0,_ZN4Napi4NameC2EP10napi_env__P12napi_value__
FNDA:0,_ZN4Napi6StringC2EP10napi_env__P12napi_value__
FNDA:0,_ZNK4Napi6StringcvNSt7__cxx1112basic_stringIcSt11char_traitsIcESaIcEEEB5cxx11Ev
FNDA:0,_ZNK4Napi6String9Utf8ValueB5cxx11Ev
FNDA:0,_ZN4Napi6Object14PropertyLValueIjEaSINS_5ValueEEERS2_T_
FNDA:0,_ZN4Napi6Object14PropertyLValueIjEC2ES0_j
FNDA:0,_ZN4Napi6Object3NewEP10napi_env__
FNDA:0,_ZN4Napi6ObjectC2Ev
FNDA:0,_ZN4Napi6ObjectC2EP10napi_env__P12napi_value__
FNDA:0,_ZN4Napi6ObjectixEj
FNDA:0,_ZNK4Napi6Object3GetEPKc
FNDA:0,_ZN4Napi6Object3SetEPKcNS_5ValueE
FNDA:0,_ZN4Napi6Object3SetEjNS_5ValueE
FNDA:0,_ZN4Napi5Array3NewEP10napi_env__
FNDA:0,_ZN4Napi5ArrayC2EP10napi_env__P12napi_value__
FNDA:0,_ZNK4Napi5Array6LengthEv
FNDA:0,_ZN4Napi8Function3NewIPFvRKNS_12CallbackInfoEEEES0_P10napi_env__T_PKcPv
FNDA:0,_ZN4Napi8FunctionC2EP10napi_env__P12napi_value__
FNDA:0,_ZNK4Napi8Function12MakeCallbackEP12napi_value__RKSt16initializer_listIS2_E
FNDA:0,_ZNK4Napi8Function12MakeCallbackEP12napi_value__mPKS2_
FNDA:0,_ZN4Napi6BufferIhE3NewEP10napi_env__m
FNDA:0,_ZN4Napi6BufferIhE3NewEP10napi_env__Phm
FNDA:0,_ZN4Napi6BufferImE3NewEP10napi_env__Pmm
FNDA:0,_ZN4Napi6BufferIhEC2Ev
FNDA:0,_ZN4Napi6BufferIhEC2EP10napi_env__P12napi_value__mPh
FNDA:0,_ZN4Napi6BufferImEC2EP10napi_env__P12napi_value__mPm
FNDA:0,_ZNK4Napi6BufferIhE6LengthEv
FNDA:0,_ZNK4Napi6BufferIhE10EnsureInfoEv
FNDA:0,_ZN4Napi5Error3NewEP10napi_env__
FNDA:0,_ZN4Napi5Error3NewEP10napi_env__RKNSt7__cxx1112basic_stringIcSt11char_traitsIcESaIcEEE
FNDA:0,_ZN4Napi5Error5FatalEPKcS2_
FNDA:0,_ZN4Napi5ErrorC2EP10napi_env__P12napi_value__
FNDA:0,_ZNK4Napi5Error7MessageB5cxx11Ev
FNDA:0,_ZNK4Napi5Error26ThrowAsJavaScriptExceptionEv
FNDA:0,_ZNK4Napi5Error4whatEv
FNDA:0,_ZN4Napi5Error3NewIS0_EET_P10napi_env__PKcmPF11napi_statusS4_P12napi_value__S9_PS9_E
FNDA:0,_ZN4Napi9ReferenceINS_8FunctionEE3NewERKS1_j
FNDA:0,_ZN4Napi9ReferenceINS_6ObjectEE3NewERKS1_j
FNDA:0,_ZN4Napi9ReferenceINS_6ObjectEEC2Ev
FNDA:0,_ZN4Napi9ReferenceINS_8FunctionEEC2EP10napi_env__P10napi_ref__
FNDA:0,_ZN4Napi9ReferenceINS_6ObjectEEC2EP10napi_env__P10napi_ref__
FNDA:0,_ZN4Napi9ReferenceINS_6ObjectEED2Ev
FNDA:0,_ZN4Napi9ReferenceINS_8FunctionEED2Ev
FNDA:0,_ZN4Napi9ReferenceINS_6ObjectEEC2EOS2_
FNDA:0,_ZN4Napi9ReferenceINS_8FunctionEEC2EOS2_
FNDA:0,_ZN4Napi9ReferenceINS_6ObjectEEaSEOS2_
FNDA:0,_ZNK4Napi9ReferenceINS_6ObjectEE7IsEmptyEv
FNDA:0,_ZNK4Napi9ReferenceINS_8FunctionEE5ValueEv
FNDA:0,_ZNK4Napi9ReferenceINS_6ObjectEE5ValueEv
FNDA:0,_ZN4Napi9ReferenceINS_6ObjectEE5ResetEv
FNDA:0,_ZN4Napi10PersistentENS_6ObjectE
FNDA:0,_ZN4Napi10PersistentENS_8FunctionE
FNDA:0,_ZN4Napi15ObjectReferenceC2EP10napi_env__P10napi_ref__
FNDA:0,_ZN4Napi15ObjectReferenceC2EONS_9ReferenceINS_6ObjectEEE
FNDA:0,_ZNK4Napi15ObjectReference3GetEPKc
FNDA:0,_ZN4Napi17FunctionReferenceC2EONS_9ReferenceINS_8FunctionEEE
FNDA:0,_ZNK4Napi17FunctionReference12MakeCallbackEP12napi_value__RKSt16initializer_listIS2_E
FNDA:0,_ZN4Napi12CallbackInfoC2EP10napi_env__P20napi_callback_info__
FNDA:0,_ZN4Napi12CallbackInfoD2Ev
FNDA:0,_ZNK4Napi12CallbackInfo3EnvEv
FNDA:0,_ZNK4Napi12CallbackInfo6LengthEv
FNDA:0,_ZNK4Napi12CallbackInfoixEm
FNDA:0,_ZNK4Napi12CallbackInfo4ThisEv
FNDA:0,_ZNK4Napi12CallbackInfo4DataEv
FNDA:0,_ZN4Napi12CallbackInfo7SetDataEPv
FNDA:0,_ZN4Napi10ObjectWrapI9DisruptorEC2ERKNS_12CallbackInfoE
FNDA:0,_ZN4Napi10ObjectWrapI9DisruptorE6UnwrapENS_6ObjectE
FNDA:0,_ZN4Napi10ObjectWrapI9DisruptorE11DefineClassENS_3EnvEPKcRKSt16initializer_listINS_23ClassPropertyDescriptorIS1_EEEPv
FNDA:0,_ZN4Napi10ObjectWrapI9DisruptorE14InstanceMethodEPKcMS1_FvRKNS_12CallbackInfoEE24napi_property_attributesPv
FNDA:0,_ZN4Napi10ObjectWrapI9DisruptorE14InstanceMethodEPKcMS1_FNS_5ValueERKNS_12CallbackInfoEE24napi_property_attributesPv
FNDA:0,_ZN4Napi10ObjectWrapI9DisruptorE16InstanceAccessorEPKcMS1_FNS_5ValueERKNS_12CallbackInfoEEMS1_FvS8_RKS5_E24napi_property_attributesPv
FNDA:0,_ZN4Napi10ObjectWrapI9DisruptorE26ConstructorCallbackWrapperEP10napi_env__P20napi_callback_info__
FNDA:0,_ZZN4Napi10ObjectWrapI9DisruptorE26ConstructorCallbackWrapperEP10napi_env__P20napi_callback_info__ENKUlvE_clEv
FNDA:0,_ZN4Napi10ObjectWrapI9DisruptorE33InstanceVoidMethodCallbackWrapperEP10napi_env__P20napi_callback_info__
FNDA:0,_ZZN4Napi10ObjectWrapI9DisruptorE33InstanceVoidMethodCallbackWrapperEP10napi_env__P20napi_callback_info__ENKUlvE_clEv
FNDA:0,_ZN4Napi10ObjectWrapI9DisruptorE29InstanceMethodCallbackWrapperEP10napi_env__P20napi_callback_info__
FNDA:0,_ZZN4Napi10ObjectWrapI9DisruptorE29InstanceMethodCallbackWrapperEP10napi_env__P20napi_callback_info__ENKUlvE_clEv
FNDA:0,_ZN4Napi10ObjectWrapI9DisruptorE29InstanceGetterCallbackWrapperEP10napi_env__P20napi_callback_info__
FNDA:0,_ZZN4Napi10ObjectWrapI9DisruptorE29InstanceGetterCallbackWrapperEP10napi_env__P20napi_callback_info__ENKUlvE_clEv
FNDA:0,_ZN4Napi10ObjectWrapI9DisruptorE29InstanceSetterCallbackWrapperEP10napi_env__P20napi_callback_info__
FNDA:0,_ZZN4Napi10ObjectWrapI9DisruptorE29InstanceSetterCallbackWrapperEP10napi_env__P20napi_callback_info__ENKUlvE_clEv
FNDA:0,_ZN4Napi10ObjectWrapI9DisruptorE16FinalizeCallbackEP10napi_env__PvS5_
FNDA:0,_ZN4Napi11HandleScopeC2ENS_3EnvE
FNDA:0,_ZN4Napi11HandleScopeD2Ev
FNDA:0,_ZN4Napi20EscapableHandleScopeC2ENS_3EnvE
FNDA:0,_ZN4Napi20EscapableHandleScopeD2Ev
FNDA:0,_ZN4Napi20EscapableHandleScope6EscapeEP12napi_value__
FNDA:0,_ZN4Napi11AsyncWorkerC2ERKNS_8FunctionE
FNDA:0,_ZN4Napi11AsyncWorkerC2ERKNS_6ObjectERKNS_8FunctionE
FNDA:0,_ZN4Napi11AsyncWorkerD0Ev
FNDA:0,_ZN4Napi11AsyncWorkerD2Ev
FNDA:0,_ZNK4Napi11AsyncWorker3EnvEv
FNDA:0,_ZN4Napi11AsyncWorker5QueueEv
FNDA:0,_ZN4Napi11AsyncWorker8ReceiverEv
FNDA:0,_ZN4Napi11AsyncWorker8CallbackEv
FNDA:0,_ZN4Napi11AsyncWorker4OnOKEv
FNDA:0,_ZN4Napi11AsyncWorker7OnErrorERKNS_5ErrorE
FNDA:0,_ZN4Napi11AsyncWorker8SetErrorERKNSt7__cxx1112basic_stringIcSt11char_traitsIcESaIcEEE
FNDA:0,_ZN4Napi11AsyncWorker9OnExecuteEP10napi_env__Pv
FNDA:0,_ZN4Napi11AsyncWorker14OnWorkCompleteEP10napi_env__11napi_statusPv
FNDA:0,_ZZN4Napi11AsyncWorker14OnWorkCompleteEP10napi_env__11napi_statusPvENKUlvE_clEv
FNF:137
FNH:0
DA:54,0
DA:57,0
DA:58,0
DA:59,0
DA:60,0
DA:89,0
DA:90,0
DA:91,0
DA:93,0
DA:94,0
DA:95,0
DA:96,0
DA:97,0
DA:169,0
DA:173,0
DA:174,0
DA:175,0
DA:176,0
DA:177,0
DA:178,0
DA:179,0
DA:185,0
DA:186,0
DA:188,0
DA:189,0
DA:199,0
DA:201,0
DA:202,0
DA:203,0
DA:206,0
DA:208,0
DA:209,0
DA:210,0
DA:234,0
DA:235,0
DA:237,0
DA:238,0
DA:240,0
DA:241,0
DA:259,0
DA:260,0
DA:267,0
DA:268,0
DA:269,0
DA:273,0
DA:274,0
DA:275,0
DA:339,0
DA:340,0
DA:355,0
DA:356,0
DA:391,0
DA:393,0
DA:394,0
DA:395,0
DA:401,0
DA:402,0
DA:404,0
DA:405,0
DA:408,0
DA:410,0
DA:411,0
DA:412,0
DA:419,0
DA:421,0
DA:422,0
DA:423,0
DA:429,0
DA:430,0
DA:436,0
DA:437,0
DA:459,0
DA:461,0
DA:462,0
DA:463,0
DA:466,0
DA:468,0
DA:469,0
DA:470,0
DA:491,0
DA:492,0
DA:537,0
DA:538,0
DA:540,0
DA:541,0
DA:548,0
DA:550,0
DA:551,0
DA:553,0
DA:554,0
DA:555,0
DA:556,0
DA:557,0
DA:558,0
DA:617,0
DA:618,0
DA:619,0
DA:623,0
DA:624,0
DA:626,0
DA:628,0
DA:629,0
DA:630,0
DA:633,0
DA:634,0
DA:636,0
DA:637,0
DA:647,0
DA:648,0
DA:702,0
DA:704,0
DA:705,0
DA:706,0
DA:723,0
DA:724,0
DA:725,0
DA:726,0
DA:784,0
DA:785,0
DA:786,0
DA:787,0
DA:912,0
DA:914,0
DA:915,0
DA:916,0
DA:929,0
DA:930,0
DA:932,0
DA:934,0
DA:935,0
DA:936,0
DA:1201,0
DA:1208,0
DA:1211,0
DA:1212,0
DA:1213,0
DA:1214,0
DA:1228,0
DA:1229,0
DA:1263,0
DA:1265,0
DA:1273,0
DA:1276,0
DA:1277,0
DA:1278,0
DA:1279,0
DA:1303,0
DA:1306,0
DA:1307,0
DA:1308,0
DA:1312,0
DA:1314,0
DA:1315,0
DA:1316,0
DA:1317,0
DA:1377,0
DA:1378,0
DA:1386,0
DA:1387,0
DA:1388,0
DA:1391,0
DA:1392,0
DA:1393,0
DA:1403,0
DA:1407,0
DA:1410,0
DA:1411,0
DA:1412,0
DA:1413,0
DA:1415,0
DA:1421,0
DA:1423,0
DA:1426,0
DA:1427,0
DA:1429,0
DA:1430,0
DA:1431,0
DA:1432,0
DA:1435,0
DA:1436,0
DA:1439,0
DA:1440,0
DA:1442,0
DA:1443,0
DA:1444,0
DA:1448,0
DA:1453,0
DA:1455,0
DA:1456,0
DA:1461,0
DA:1462,0
DA:1464,0
DA:1465,0
DA:1467,0
DA:1472,0
DA:1479,0
DA:1480,0
DA:1483,0
DA:1484,0
DA:1490,0
DA:1491,0
DA:1492,0
DA:1496,0
DA:1498,0
DA:1526,0
DA:1527,0
DA:1530,0
DA:1532,0
DA:1540,0
DA:1543,0
DA:1544,0
DA:1545,0
DA:1546,0
DA:1547,0
DA:1549,0
DA:1553,0
DA:1554,0
DA:1560,0
DA:1565,0
DA:1566,0
DA:1569,0
DA:1570,0
DA:1572,0
DA:1608,0
DA:1609,0
DA:1610,0
DA:1612,0
DA:1613,0
DA:1617,0
DA:1618,0
DA:1620,0
DA:1625,0
DA:1626,0
DA:1629,0
DA:1630,0
DA:1631,0
DA:1634,0
DA:1635,0
DA:1636,0
DA:1637,0
DA:1640,0
DA:1642,0
DA:1645,0
DA:1646,0
DA:1647,0
DA:1648,0
DA:1649,0
DA:1650,0
DA:1653,0
DA:1654,0
DA:1655,0
DA:1656,0
DA:1657,0
DA:1658,0
DA:1659,0
DA:1660,0
DA:1661,0
DA:1700,0
DA:1701,0
DA:1705,0
DA:1706,0
DA:1707,0
DA:1711,0
DA:1712,0
DA:1713,0
DA:1733,0
DA:1734,0
DA:1735,0
DA:1736,0
DA:1737,0
DA:1739,0
DA:1776,0
DA:1777,0
DA:1780,0
DA:1781,0
DA:1791,0
DA:1792,0
DA:1794,0
DA:1795,0
DA:1796,0
DA:1816,0
DA:1817,0
DA:1818,0
DA:1922,0
DA:1923,0
DA:1924,0
DA:1968,0
DA:1970,0
DA:1971,0
DA:1994,0
DA:1995,0
DA:1996,0
DA:1997,0
DA:1998,0
DA:1999,0
DA:2001,0
DA:2004,0
DA:2005,0
DA:2007,0
DA:2008,0
DA:2010,0
DA:2012,0
DA:2013,0
DA:2014,0
DA:2016,0
DA:2025,0
DA:2026,0
DA:2029,0
DA:2030,0
DA:2033,0
DA:2034,0
DA:2037,0
DA:2038,0
DA:2039,0
DA:2041,0
DA:2044,0
DA:2045,0
DA:2048,0
DA:2049,0
DA:2050,0
DA:2287,0
DA:2288,0
DA:2289,0
DA:2292,0
DA:2293,0
DA:2294,0
DA:2296,0
DA:2297,0
DA:2298,0
DA:2301,0
DA:2303,0
DA:2304,0
DA:2305,0
DA:2309,0
DA:2315,0
DA:2317,0
DA:2318,0
DA:2320,0
DA:2393,0
DA:2400,0
DA:2402,0
DA:2403,0
DA:2404,0
DA:2405,0
DA:2406,0
DA:2407,0
DA:2411,0
DA:2417,0
DA:2419,0
DA:2420,0
DA:2421,0
DA:2422,0
DA:2423,0
DA:2424,0
DA:2428,0
DA:2436,0
DA:2438,0
DA:2439,0
DA:2440,0
DA:2441,0
DA:2442,0
DA:2443,0
DA:2444,0
DA:2470,0
DA:2474,0
DA:2475,0
DA:2477,0
DA:2478,0
DA:2479,0
DA:2483,0
DA:2484,0
DA:2485,0
DA:2486,0
DA:2487,0
DA:2489,0
DA:2547,0
DA:2550,0
DA:2551,0
DA:2553,0
DA:2554,0
DA:2555,0
DA:2556,0
DA:2557,0
DA:2558,0
DA:2559,0
DA:2563,0
DA:2566,0
DA:2567,0
DA:2569,0
DA:2570,0
DA:2571,0
DA:2572,0
DA:2573,0
DA:2574,0
DA:2578,0
DA:2581,0
DA:2582,0
DA:2584,0
DA:2585,0
DA:2586,0
DA:2587,0
DA:2588,0
DA:2589,0
DA:2593,0
DA:2596,0
DA:2597,0
DA:2599,0
DA:2600,0
DA:2601,0
DA:2602,0
DA:2603,0
DA:2604,0
DA:2605,0
DA:2609,0
DA:2610,0
DA:2611,0
DA:2612,0
DA:2622,0
DA:2623,0
DA:2624,0
DA:2625,0
DA:2627,0
DA:2628,0
DA:2629,0
DA:2647,0
DA:2648,0
DA:2649,0
DA:2650,0
DA:2652,0
DA:2653,0
DA:2654,0
DA:2664,0
DA:2666,0
DA:2667,0
DA:2668,0
DA:2675,0
DA:2676,0
DA:2677,0
DA:2679,0
DA:2680,0
DA:2682,0
DA:2683,0
DA:2684,0
DA:2685,0
DA:2686,0
DA:2688,0
DA:2689,0
DA:2690,0
DA:2691,0
DA:2693,0
DA:2720,0
DA:2721,0
DA:2724,0
DA:2725,0
DA:2726,0
DA:2727,0
DA:2734,0
DA:2735,0
DA:2738,0
DA:2739,0
DA:2742,0
DA:2743,0
DA:2744,0
DA:2746,0
DA:2747,0
DA:2748,0
DA:2750,0
DA:2751,0
DA:2752,0
DA:2754,0
DA:2755,0
DA:2758,0
DA:2759,0
DA:2760,0
DA:2765,0
DA:2767,0
DA:2769,0
DA:2770,0
DA:2771,0
DA:2772,0
DA:2773,0
DA:2774,0
DA:2777,0
DA:2779,0
DA:2780,0
DA:2782,0
DA:2783,0
LF:487
LH:0
end_of_record
SF:/home/david/shared-memory-disruptor/node_modules/node-addon-api/napi.h
FN:900,_ZN4Napi15ObjectReferenceD2Ev
FN:937,_ZN4Napi17FunctionReferenceD2Ev
FN:1062,_ZN4Napi5ErrorD2Ev
FN:1062,_ZN4Napi5ErrorD0Ev
FN:1244,_ZN4Napi23ClassPropertyDescriptorI9DisruptorEC2E24napi_property_descriptor
FN:1279,_ZN4Napi10ObjectWrapI9DisruptorED2Ev
FNDA:0,_ZN4Napi15ObjectReferenceD2Ev
FNDA:0,_ZN4Napi17FunctionReferenceD2Ev
FNDA:0,_ZN4Napi5ErrorD2Ev
FNDA:0,_ZN4Napi5ErrorD0Ev
FNDA:0,_ZN4Napi23ClassPropertyDescriptorI9DisruptorEC2E24napi_property_descriptor
FNDA:0,_ZN4Napi10ObjectWrapI9DisruptorED2Ev
FNF:6
FNH:0
DA:900,0
DA:937,0
DA:1062,0
DA:1244,0
DA:1279,0
LF:5
LH:0
end_of_record
SF:/home/david/shared-memory-disruptor/src/disruptor.cc
FN:39,_ZN9Disruptor4SpinEv
FN:96,_Z12NullCallbackRKN4Napi12CallbackInfoE
FN:100,_Z11GetCallbackRKN4Napi12CallbackInfoEj
FN:115,_ZN20DisruptorAsyncWorkerI12AsyncBooleanED0Ev
FN:115,_ZN20DisruptorAsyncWorkerI10AsyncArrayI11AsyncBufferIhEEED0Ev
FN:115,_ZN20DisruptorAsyncWorkerI10AsyncArrayI11AsyncBufferIhEEED2Ev
FN:115,_ZN20DisruptorAsyncWorkerI12AsyncBooleanED2Ev
FN:115,_ZN20DisruptorAsyncWorkerI11AsyncBufferIhEED0Ev
FN:115,_ZN20DisruptorAsyncWorkerI11AsyncBufferIhEED2Ev
FN:118,_ZN20DisruptorAsyncWorkerI11AsyncBufferIhEEC2EP9DisruptorRKN4Napi8FunctionE
FN:118,_ZN20DisruptorAsyncWorkerI12AsyncBooleanEC2EP9DisruptorRKN4Napi8FunctionE
FN:118,_ZN20DisruptorAsyncWorkerI10AsyncArrayI11AsyncBufferIhEEEC2EP9DisruptorRKN4Napi8FunctionE
FN:130,_ZN20DisruptorAsyncWorkerI11AsyncBufferIhEE4OnOKEv
FN:130,_ZN20DisruptorAsyncWorkerI12AsyncBooleanE4OnOKEv
FN:130,_ZN20DisruptorAsyncWorkerI10AsyncArrayI11AsyncBufferIhEEE4OnOKEv
FN:151,_ZN11AsyncBufferIhEC2Ev
FN:153,_ZN11AsyncBufferIhE3NewEN4Napi3EnvEPhm
FN:158,_ZN11AsyncBufferIhE3NewEN4Napi3EnvEm
FN:163,_ZN11AsyncBufferIhE3SetEPKcm
FN:169,_ZN11AsyncBufferIhE7ToValueEN4Napi3EnvE
FN:190,_ZN11AsyncBufferIhE6LengthEv
FN:202,_ZN10AsyncArrayI11AsyncBufferIhEEC2Ev
FN:202,_ZN10AsyncArrayI11AsyncBufferIhEED2Ev
FN:202,_ZN10AsyncArrayI11AsyncBufferIhEEaSEOS2_
FN:204,_ZN10AsyncArrayI11AsyncBufferIhEE3NewEN4Napi3EnvE
FN:209,_ZN10AsyncArrayI11AsyncBufferIhEE3SetEjS1_
FN:219,_ZN10AsyncArrayI11AsyncBufferIhEE7ToValueEN4Napi3EnvE
FN:230,_ZN10AsyncArrayI11AsyncBufferIhEE6LengthEv
FN:240,_ZN12AsyncBoolean3NewEN4Napi3EnvEb
FN:245,_ZN12AsyncBoolean7ToValueEN4Napi3EnvE
FN:250,_ZNK12AsyncBooleancvbEv
FN:260,_ZN11AsyncNumber3NewEN4Napi3EnvEm
FN:268,_ZN7CloseFDclEPi
FN:275,_Z15ThrowErrnoErrorRKN4Napi12CallbackInfoEPKc
FN:286,_ZN9DisruptorC2ERKN4Napi12CallbackInfoE
FN:345,_ZN9DisruptorD2Ev
FN:350,_ZN9Disruptor7ReleaseEv
FN:367,_ZN9Disruptor7ReleaseERKN4Napi12CallbackInfoE
FN:377,_ZN9Disruptor14ConsumeNewSyncIN4Napi5ArrayENS1_6BufferEEET_RKNS1_3EnvEb
FN:377,_ZN9Disruptor14ConsumeNewSyncI10AsyncArrayI11AsyncBufferIhEES2_EET_RKN4Napi3EnvEb
FN:428,_ZN9Disruptor14ConsumeNewSyncERKN4Napi12CallbackInfoE
FN:433,_ZN21ConsumeNewAsyncWorkerD0Ev
FN:433,_ZN21ConsumeNewAsyncWorkerD2Ev
FN:437,_ZN21ConsumeNewAsyncWorkerC2EP9DisruptorRKN4Napi8FunctionE
FN:445,_ZN21ConsumeNewAsyncWorker7ExecuteEv
FN:452,_ZN21ConsumeNewAsyncWorker5RetryEv
FN:458,_ZN9Disruptor15ConsumeNewAsyncERKN4Napi12CallbackInfoE
FN:463,_ZN9Disruptor10ConsumeNewERKN4Napi12CallbackInfoE
FN:475,_ZN9Disruptor13ConsumeCommitERKN4Napi12CallbackInfoE
FN:480,_ZN9Disruptor13UpdatePendingEmm
FN:486,_ZN9Disruptor13ConsumeCommitEv
FN:499,_ZN9Disruptor16ProduceClaimSyncI11AsyncBuffer11AsyncNumberEET_IhERKN4Napi3EnvEb
FN:499,_ZN9Disruptor16ProduceClaimSyncIN4Napi6BufferENS1_6NumberEEET_IhERKNS1_3EnvEb
FN:538,_ZN9Disruptor16ProduceClaimSyncERKN4Napi12CallbackInfoE
FN:543,_ZN23ProduceClaimAsyncWorkerD0Ev
FN:543,_ZN23ProduceClaimAsyncWorkerD2Ev
FN:547,_ZN23ProduceClaimAsyncWorkerC2EP9DisruptorRKN4Napi8FunctionE
FN:554,_ZN23ProduceClaimAsyncWorker7ExecuteEv
FN:561,_ZN23ProduceClaimAsyncWorker5RetryEv
FN:567,_ZN9Disruptor17ProduceClaimAsyncERKN4Napi12CallbackInfoE
FN:572,_ZN9Disruptor12ProduceClaimERKN4Napi12CallbackInfoE
FN:585,_ZN9Disruptor17ProduceCommitSyncI12AsyncBooleanEET_RKN4Napi3EnvEmb
FN:585,_ZN9Disruptor17ProduceCommitSyncIN4Napi7BooleanEEET_RKNS1_3EnvEmb
FN:601,_ZN9Disruptor10GetSeqNextERKN4Napi12CallbackInfoE
FN:606,_ZN9Disruptor17ProduceCommitSyncERKN4Napi12CallbackInfoE
FN:611,_ZN24ProduceCommitAsyncWorkerD0Ev
FN:611,_ZN24ProduceCommitAsyncWorkerD2Ev
FN:615,_ZN24ProduceCommitAsyncWorkerC2EP9DisruptorRKN4Napi8FunctionEm
FN:624,_ZN24ProduceCommitAsyncWorker7ExecuteEv
FN:631,_ZN24ProduceCommitAsyncWorker5RetryEv
FN:640,_ZN9Disruptor18ProduceCommitAsyncERKN4Napi12CallbackInfoEm
FN:646,_ZN9Disruptor18ProduceCommitAsyncERKN4Napi12CallbackInfoE
FN:651,_ZN9Disruptor13ProduceCommitERKN4Napi12CallbackInfoE
FN:665,_ZN9Disruptor12GetConsumersERKN4Napi12CallbackInfoE
FN:670,_ZN9Disruptor9GetCursorERKN4Napi12CallbackInfoE
FN:675,_ZN9Disruptor7GetNextERKN4Napi12CallbackInfoE
FN:680,_ZN9Disruptor11GetElementsERKN4Napi12CallbackInfoE
FN:685,_ZN9Disruptor11GetConsumerERKN4Napi12CallbackInfoE
FN:690,_ZN9Disruptor10InitializeEN4Napi3EnvENS0_6ObjectE
FN:715,_Z10InitializeN4Napi3EnvENS_6ObjectES1_
FN:720,_register_disruptor
FN:720,_Z17__napi_InitializeP10napi_env__P12napi_value__S2_Pv
FNDA:0,_ZN9Disruptor4SpinEv
FNDA:0,_Z12NullCallbackRKN4Napi12CallbackInfoE
FNDA:0,_Z11GetCallbackRKN4Napi12CallbackInfoEj
FNDA:0,_ZN20DisruptorAsyncWorkerI12AsyncBooleanED0Ev
FNDA:0,_ZN20DisruptorAsyncWorkerI10AsyncArrayI11AsyncBufferIhEEED0Ev
FNDA:0,_ZN20DisruptorAsyncWorkerI10AsyncArrayI11AsyncBufferIhEEED2Ev
FNDA:0,_ZN20DisruptorAsyncWorkerI12AsyncBooleanED2Ev
FNDA:0,_ZN20DisruptorAsyncWorkerI11AsyncBufferIhEED0Ev
FNDA:0,_ZN20DisruptorAsyncWorkerI11AsyncBufferIhEED2Ev
FNDA:0,_ZN20DisruptorAsyncWorkerI11AsyncBufferIhEEC2EP9DisruptorRKN4Napi8FunctionE
FNDA:0,_ZN20DisruptorAsyncWorkerI12AsyncBooleanEC2EP9DisruptorRKN4Napi8FunctionE
FNDA:0,_ZN20DisruptorAsyncWorkerI10AsyncArrayI11AsyncBufferIhEEEC2EP9DisruptorRKN4Napi8FunctionE
FNDA:0,_ZN20DisruptorAsyncWorkerI11AsyncBufferIhEE4OnOKEv
FNDA:0,_ZN20DisruptorAsyncWorkerI12AsyncBooleanE4OnOKEv
FNDA:0,_ZN20DisruptorAsyncWorkerI10AsyncArrayI11AsyncBufferIhEEE4OnOKEv
FNDA:0,_ZN11AsyncBufferIhEC2Ev
FNDA:0,_ZN11AsyncBufferIhE3NewEN4Napi3EnvEPhm
FNDA:0,_ZN11AsyncBufferIhE3NewEN4Napi3EnvEm
FNDA:0,_ZN11AsyncBufferIhE3SetEPKcm
FNDA:0,_ZN11AsyncBufferIhE7ToValueEN4Napi3EnvE
FNDA:0,_ZN11AsyncBufferIhE6LengthEv
FNDA:0,_ZN10AsyncArrayI11AsyncBufferIhEEC2Ev
FNDA:0,_ZN10AsyncArrayI11AsyncBufferIhEED2Ev
FNDA:0,_ZN10AsyncArrayI11AsyncBufferIhEEaSEOS2_
FNDA:0,_ZN10AsyncArrayI11AsyncBufferIhEE3NewEN4Napi3EnvE
FNDA:0,_ZN10AsyncArrayI11AsyncBufferIhEE3SetEjS1_
FNDA:0,_ZN10AsyncArrayI11AsyncBufferIhEE7ToValueEN4Napi3EnvE
FNDA:0,_ZN10AsyncArrayI11AsyncBufferIhEE6LengthEv
FNDA:0,_ZN12AsyncBoolean3NewEN4Napi3EnvEb
FNDA:0,_ZN12AsyncBoolean7ToValueEN4Napi3EnvE
FNDA:0,_ZNK12AsyncBooleancvbEv
FNDA:0,_ZN11AsyncNumber3NewEN4Napi3EnvEm
FNDA:0,_ZN7CloseFDclEPi
FNDA:0,_Z15ThrowErrnoErrorRKN4Napi12CallbackInfoEPKc
FNDA:0,_ZN9DisruptorC2ERKN4Napi12CallbackInfoE
FNDA:0,_ZN9DisruptorD2Ev
FNDA:0,_ZN9Disruptor7ReleaseEv
FNDA:0,_ZN9Disruptor7ReleaseERKN4Napi12CallbackInfoE
FNDA:0,_ZN9Disruptor14ConsumeNewSyncIN4Napi5ArrayENS1_6BufferEEET_RKNS1_3EnvEb
FNDA:0,_ZN9Disruptor14ConsumeNewSyncI10AsyncArrayI11AsyncBufferIhEES2_EET_RKN4Napi3EnvEb
FNDA:0,_ZN9Disruptor14ConsumeNewSyncERKN4Napi12CallbackInfoE
FNDA:0,_ZN21ConsumeNewAsyncWorkerD0Ev
FNDA:0,_ZN21ConsumeNewAsyncWorkerD2Ev
FNDA:0,_ZN21ConsumeNewAsyncWorkerC2EP9DisruptorRKN4Napi8FunctionE
FNDA:0,_ZN21ConsumeNewAsyncWorker7ExecuteEv
FNDA:0,_ZN21ConsumeNewAsyncWorker5RetryEv
FNDA:0,_ZN9Disruptor15ConsumeNewAsyncERKN4Napi12CallbackInfoE
FNDA:0,_ZN9Disruptor10ConsumeNewERKN4Napi12CallbackInfoE
FNDA:0,_ZN9Disruptor13ConsumeCommitERKN4Napi12CallbackInfoE
FNDA:0,_ZN9Disruptor13UpdatePendingEmm
FNDA:0,_ZN9Disruptor13ConsumeCommitEv
FNDA:0,_ZN9Disruptor16ProduceClaimSyncI11AsyncBuffer11AsyncNumberEET_IhERKN4Napi3EnvEb
FNDA:0,_ZN9Disruptor16ProduceClaimSyncIN4Napi6BufferENS1_6NumberEEET_IhERKNS1_3EnvEb
FNDA:0,_ZN9Disruptor16ProduceClaimSyncERKN4Napi12CallbackInfoE
FNDA:0,_ZN23ProduceClaimAsyncWorkerD0Ev
FNDA:0,_ZN23ProduceClaimAsyncWorkerD2Ev
FNDA:0,_ZN23ProduceClaimAsyncWorkerC2EP9DisruptorRKN4Napi8FunctionE
FNDA:0,_ZN23ProduceClaimAsyncWorker7ExecuteEv
FNDA:0,_ZN23ProduceClaimAsyncWorker5RetryEv
FNDA:0,_ZN9Disruptor17ProduceClaimAsyncERKN4Napi12CallbackInfoE
FNDA:0,_ZN9Disruptor12ProduceClaimERKN4Napi12CallbackInfoE
FNDA:0,_ZN9Disruptor17ProduceCommitSyncI12AsyncBooleanEET_RKN4Napi3EnvEmb
FNDA:0,_ZN9Disruptor17ProduceCommitSyncIN4Napi7BooleanEEET_RKNS1_3EnvEmb
FNDA:0,_ZN9Disruptor10GetSeqNextERKN4Napi12CallbackInfoE
FNDA:0,_ZN9Disruptor17ProduceCommitSyncERKN4Napi12CallbackInfoE
FNDA:0,_ZN24ProduceCommitAsyncWorkerD0Ev
FNDA:0,_ZN24ProduceCommitAsyncWorkerD2Ev
FNDA:0,_ZN24ProduceCommitAsyncWorkerC2EP9DisruptorRKN4Napi8FunctionEm
FNDA:0,_ZN24ProduceCommitAsyncWorker7ExecuteEv
FNDA:0,_ZN24ProduceCommitAsyncWorker5RetryEv
FNDA:0,_ZN9Disruptor18ProduceCommitAsyncERKN4Napi12CallbackInfoEm
FNDA:0,_ZN9Disruptor18ProduceCommitAsyncERKN4Napi12CallbackInfoE
FNDA:0,_ZN9Disruptor13ProduceCommitERKN4Napi12CallbackInfoE
FNDA:0,_ZN9Disruptor12GetConsumersERKN4Napi12CallbackInfoE
FNDA:0,_ZN9Disruptor9GetCursorERKN4Napi12CallbackInfoE
FNDA:0,_ZN9Disruptor7GetNextERKN4Napi12CallbackInfoE
FNDA:0,_ZN9Disruptor11GetElementsERKN4Napi12CallbackInfoE
FNDA:0,_ZN9Disruptor11GetConsumerERKN4Napi12CallbackInfoE
FNDA:0,_ZN9Disruptor10InitializeEN4Napi3EnvENS0_6ObjectE
FNDA:0,_Z10InitializeN4Napi3EnvENS_6ObjectES1_
FNDA:0,_register_disruptor
FNDA:0,_Z17__napi_InitializeP10napi_env__P12napi_value__S2_Pv
FNF:82
FNH:0
DA:39,0
DA:41,0
DA:96,0
DA:98,0
DA:100,0
DA:102,0
DA:104,0
DA:105,0
DA:107,0
DA:111,0
DA:115,0
DA:118,0
DA:123,0
DA:125,0
DA:130,0
DA:132,0
DA:134,0
DA:137,0
DA:138,0
DA:139,0
DA:151,0
DA:153,0
DA:155,0
DA:158,0
DA:160,0
DA:163,0
DA:165,0
DA:166,0
DA:167,0
DA:169,0
DA:171,0
DA:173,0
DA:175,0
DA:179,0
DA:182,0
DA:184,0
DA:187,0
DA:190,0
DA:192,0
DA:202,0
DA:204,0
DA:206,0
DA:209,0
DA:211,0
DA:213,0
DA:216,0
DA:217,0
DA:219,0
DA:221,0
DA:222,0
DA:223,0
DA:225,0
DA:227,0
DA:230,0
DA:232,0
DA:240,0
DA:242,0
DA:245,0
DA:247,0
DA:250,0
DA:252,0
DA:260,0
DA:262,0
DA:268,0
DA:270,0
DA:271,0
DA:272,0
DA:275,0
DA:277,0
DA:278,0
DA:279,0
DA:282,0
DA:283,0
DA:286,0
DA:288,0
DA:291,0
DA:292,0
DA:293,0
DA:294,0
DA:295,0
DA:296,0
DA:297,0
DA:301,0
DA:303,0
DA:304,0
DA:306,0
DA:313,0
DA:314,0
DA:318,0
DA:324,0
DA:327,0
DA:329,0
DA:335,0
DA:336,0
DA:337,0
DA:338,0
DA:339,0
DA:341,0
DA:342,0
DA:343,0
DA:345,0
DA:347,0
DA:348,0
DA:350,0
DA:352,0
DA:354,0
DA:356,0
DA:361,0
DA:364,0
DA:367,0
DA:369,0
DA:374,0
DA:377,0
DA:382,0
DA:384,0
DA:386,0
DA:388,0
DA:389,0
DA:390,0
DA:391,0
DA:393,0
DA:395,0
DA:397,0
DA:398,0
DA:400,0
DA:401,0
DA:404,0
DA:406,0
DA:408,0
DA:409,0
DA:411,0
DA:413,0
DA:416,0
DA:419,0
DA:420,0
DA:425,0
DA:428,0
DA:430,0
DA:433,0
DA:437,0
DA:438,0
DA:440,0
DA:442,0
DA:445,0
DA:448,0
DA:449,0
DA:450,0
DA:452,0
DA:454,0
DA:455,0
DA:458,0
DA:460,0
DA:461,0
DA:463,0
DA:465,0
DA:466,0
DA:468,0
DA:471,0
DA:472,0
DA:475,0
DA:477,0
DA:478,0
DA:480,0
DA:482,0
DA:483,0
DA:484,0
DA:486,0
DA:488,0
DA:490,0
DA:492,0
DA:493,0
DA:494,0
DA:496,0
DA:499,0
DA:501,0
DA:503,0
DA:504,0
DA:506,0
DA:508,0
DA:510,0
DA:511,0
DA:513,0
DA:515,0
DA:516,0
DA:520,0
DA:521,0
DA:523,0
DA:525,0
DA:526,0
DA:528,0
DA:530,0
DA:535,0
DA:538,0
DA:540,0
DA:543,0
DA:547,0
DA:548,0
DA:549,0
DA:551,0
DA:554,0
DA:557,0
DA:558,0
DA:559,0
DA:561,0
DA:563,0
DA:564,0
DA:567,0
DA:569,0
DA:570,0
DA:572,0
DA:574,0
DA:575,0
DA:577,0
DA:580,0
DA:581,0
DA:585,0
DA:589,0
DA:591,0
DA:593,0
DA:598,0
DA:601,0
DA:603,0
DA:606,0
DA:608,0
DA:611,0
DA:615,0
DA:617,0
DA:619,0
DA:621,0
DA:624,0
DA:627,0
DA:628,0
DA:629,0
DA:631,0
DA:633,0
DA:634,0
DA:640,0
DA:643,0
DA:644,0
DA:646,0
DA:648,0
DA:649,0
DA:651,0
DA:653,0
DA:655,0
DA:656,0
DA:658,0
DA:661,0
DA:662,0
DA:665,0
DA:667,0
DA:670,0
DA:672,0
DA:675,0
DA:677,0
DA:680,0
DA:682,0
DA:685,0
DA:687,0
DA:690,0
DA:692,0
DA:694,0
DA:695,0
DA:696,0
DA:697,0
DA:698,0
DA:699,0
DA:700,0
DA:701,0
DA:704,0
DA:705,0
DA:706,0
DA:707,0
DA:708,0
DA:709,0
DA:710,0
DA:711,0
DA:712,0
DA:713,0
DA:715,0
DA:717,0
DA:718,0
DA:720,0
LF:283
LH:0
end_of_record
SF:/usr/include/c++/6/bits/alloc_traits.h
FN:435,_ZNSt16allocator_traitsISaI11AsyncBufferIhEEE8allocateERS2_m
FN:461,_ZNSt16allocator_traitsISaI11AsyncBufferIhEEE10deallocateERS2_PS1_m
FN:495,_ZNSt16allocator_traitsISaI11AsyncBufferIhEEE8max_sizeERKS2_
FNDA:0,_ZNSt16allocator_traitsISaI11AsyncBufferIhEEE8allocateERS2_m
FNDA:0,_ZNSt16allocator_traitsISaI11AsyncBufferIhEEE10deallocateERS2_PS1_m
FNDA:0,_ZNSt16allocator_traitsISaI11AsyncBufferIhEEE8max_sizeERKS2_
FNF:3
FNH:0
DA:435,0
DA:436,0
DA:461,0
DA:462,0
DA:495,0
DA:496,0
LF:6
LH:0
end_of_record
SF:/usr/include/c++/6/bits/allocator.h
FN:131,_ZNSaI11AsyncBufferIhEEC2Ev
FN:139,_ZNSaI11AsyncBufferIhEED2Ev
FNDA:0,_ZNSaI11AsyncBufferIhEEC2Ev
FNDA:0,_ZNSaI11AsyncBufferIhEED2Ev
FNF:2
FNH:0
DA:131,0
DA:139,0
LF:2
LH:0
end_of_record
SF:/usr/include/c++/6/bits/basic_string.h
FN:107,_ZNSt7__cxx1112basic_stringIcSt11char_traitsIcESaIcEE12_Alloc_hiderD2Ev
FN:192,_ZNSt7__cxx1112basic_stringIcSt11char_traitsIcESaIcEE16_M_construct_auxIPcEEvT_S7_St12__false_type
FN:212,_ZNSt7__cxx1112basic_stringIcSt11char_traitsIcESaIcEE12_M_constructIPcEEvT_S7_
FN:549,_ZNSt7__cxx1112basic_stringIcSt11char_traitsIcESaIcEEC2IPcvEET_S7_RKS3_
FN:5021,_ZStplIcSt11char_traitsIcESaIcEENSt7__cxx1112basic_stringIT_T0_T1_EEOS8_S9_
FN:5045,_ZStplIcSt11char_traitsIcESaIcEENSt7__cxx1112basic_stringIT_T0_T1_EEOS8_PKS5_
FN:5470,_ZNSt7__cxx119to_stringEi
FNDA:0,_ZNSt7__cxx1112basic_stringIcSt11char_traitsIcESaIcEE12_Alloc_hiderD2Ev
FNDA:0,_ZNSt7__cxx1112basic_stringIcSt11char_traitsIcESaIcEE16_M_construct_auxIPcEEvT_S7_St12__false_type
FNDA:0,_ZNSt7__cxx1112basic_stringIcSt11char_traitsIcESaIcEE12_M_constructIPcEEvT_S7_
FNDA:0,_ZNSt7__cxx1112basic_stringIcSt11char_traitsIcESaIcEEC2IPcvEET_S7_RKS3_
FNDA:0,_ZStplIcSt11char_traitsIcESaIcEENSt7__cxx1112basic_stringIT_T0_T1_EEOS8_S9_
FNDA:0,_ZStplIcSt11char_traitsIcESaIcEENSt7__cxx1112basic_stringIT_T0_T1_EEOS8_PKS5_
FNDA:0,_ZNSt7__cxx119to_stringEi
FNF:7
FNH:0
DA:107,0
DA:192,0
DA:196,0
DA:197,0
DA:212,0
DA:215,0
DA:216,0
DA:549,0
DA:551,0
DA:552,0
DA:5021,0
DA:5024,0
DA:5025,0
DA:5026,0
DA:5027,0
DA:5028,0
DA:5045,0
DA:5047,0
DA:5470,0
DA:5472,0
LF:20
LH:0
end_of_record
SF:/usr/include/c++/6/bits/basic_string.tcc
FN:206,_ZNSt7__cxx1112basic_stringIcSt11char_traitsIcESaIcEE12_M_constructIPcEEvT_S7_St20forward_iterator_tag
FNDA:0,_ZNSt7__cxx1112basic_stringIcSt11char_traitsIcESaIcEE12_M_constructIPcEEvT_S7_St20forward_iterator_tag
FNF:1
FNH:0
DA:206,0
DA:211,0
DA:212,0
DA:215,0
DA:217,0
DA:219,0
DA:220,0
DA:225,0
DA:226,0
DA:228,0
DA:229,0
DA:232,0
DA:233,0
LF:13
LH:0
end_of_record
SF:/usr/include/c++/6/bits/move.h
FN:47,_ZSt11__addressofI11AsyncBufferIhEEPT_RS2_
FN:76,_ZSt7forwardISt14default_deleteISt6vectorI11AsyncBufferIhESaIS3_EEEEOT_RNSt16remove_referenceIS7_E4typeE
FN:76,_ZSt7forwardI11AsyncBufferIhEEOT_RNSt16remove_referenceIS2_E4typeE
FN:101,_ZSt4moveIRN4Napi9ReferenceINS0_6ObjectEEEEONSt16remove_referenceIT_E4typeEOS6_
FN:101,_ZSt4moveIRN4Napi9ReferenceINS0_8FunctionEEEEONSt16remove_referenceIT_E4typeEOS6_
FN:101,_ZSt4moveIRNSt7__cxx1112basic_stringIcSt11char_traitsIcESaIcEEEEONSt16remove_referenceIT_E4typeEOS8_
FN:101,_ZSt4moveIRPSt6vectorI11AsyncBufferIhESaIS2_EEEONSt16remove_referenceIT_E4typeEOS8_
FN:179,_ZSt4swapIPSt6vectorI11AsyncBufferIhESaIS2_EEENSt9enable_ifIXsrSt6__and_IJSt21is_move_constructibleIT_ESt18is_move_assignableIS9_EEE5valueEvE4typeERS9_SG_
FNDA:0,_ZSt11__addressofI11AsyncBufferIhEEPT_RS2_
FNDA:0,_ZSt7forwardISt14default_deleteISt6vectorI11AsyncBufferIhESaIS3_EEEEOT_RNSt16remove_referenceIS7_E4typeE
FNDA:0,_ZSt7forwardI11AsyncBufferIhEEOT_RNSt16remove_referenceIS2_E4typeE
FNDA:0,_ZSt4moveIRN4Napi9ReferenceINS0_6ObjectEEEEONSt16remove_referenceIT_E4typeEOS6_
FNDA:0,_ZSt4moveIRN4Napi9ReferenceINS0_8FunctionEEEEONSt16remove_referenceIT_E4typeEOS6_
FNDA:0,_ZSt4moveIRNSt7__cxx1112basic_stringIcSt11char_traitsIcESaIcEEEEONSt16remove_referenceIT_E4typeEOS8_
FNDA:0,_ZSt4moveIRPSt6vectorI11AsyncBufferIhESaIS2_EEEONSt16remove_referenceIT_E4typeEOS8_
FNDA:0,_ZSt4swapIPSt6vectorI11AsyncBufferIhESaIS2_EEENSt9enable_ifIXsrSt6__and_IJSt21is_move_constructibleIT_ESt18is_move_assignableIS9_EEE5valueEvE4typeERS9_SG_
FNF:8
FNH:0
DA:47,0
DA:50,0
DA:76,0
DA:77,0
DA:101,0
DA:102,0
DA:179,0
DA:190,0
DA:191,0
DA:192,0
DA:193,0
LF:11
LH:0
end_of_record
SF:/usr/include/c++/6/bits/stl_algobase.h
FN:219,_ZSt3maxImERKT_S2_S2_
FNDA:0,_ZSt3maxImERKT_S2_S2_
FNF:1
FNH:0
DA:219,0
DA:224,0
DA:225,0
DA:226,0
LF:4
LH:0
end_of_record
SF:/usr/include/c++/6/bits/stl_construct.h
FN:74,_ZSt10_ConstructI11AsyncBufferIhEJS1_EEvPT_DpOT0_
FN:74,_ZSt10_ConstructI11AsyncBufferIhEJEEvPT_DpOT0_
FN:112,_ZNSt12_Destroy_auxILb1EE9__destroyIP11AsyncBufferIhEEEvT_S5_
FN:122,_ZSt8_DestroyIP11AsyncBufferIhEEvT_S3_
FN:148,_ZSt8_DestroyIP11AsyncBufferIhES1_EvT_S3_RSaIT0_E
FNDA:0,_ZSt10_ConstructI11AsyncBufferIhEJS1_EEvPT_DpOT0_
FNDA:0,_ZSt10_ConstructI11AsyncBufferIhEJEEvPT_DpOT0_
FNDA:0,_ZNSt12_Destroy_auxILb1EE9__destroyIP11AsyncBufferIhEEEvT_S5_
FNDA:0,_ZSt8_DestroyIP11AsyncBufferIhEEvT_S3_
FNDA:0,_ZSt8_DestroyIP11AsyncBufferIhES1_EvT_S3_RSaIT0_E
FNF:5
FNH:0
DA:74,0
DA:75,0
DA:112,0
DA:122,0
DA:126,0
DA:128,0
DA:148,0
DA:151,0
DA:152,0
LF:9
LH:0
end_of_record
SF:/usr/include/c++/6/bits/stl_iterator.h
FN:1032,_ZNSt13move_iteratorIP11AsyncBufferIhEEC2ES2_
FN:1040,_ZNKSt13move_iteratorIP11AsyncBufferIhEE4baseEv
FN:1044,_ZNKSt13move_iteratorIP11AsyncBufferIhEEdeEv
FN:1052,_ZNSt13move_iteratorIP11AsyncBufferIhEEppEv
FN:1119,_ZSteqIP11AsyncBufferIhEEbRKSt13move_iteratorIT_ES7_
FN:1131,_ZStneIP11AsyncBufferIhEEbRKSt13move_iteratorIT_ES7_
FN:1223,_ZSt32__make_move_if_noexcept_iteratorI11AsyncBufferIhESt13move_iteratorIPS1_EET0_PT_
FNDA:0,_ZNSt13move_iteratorIP11AsyncBufferIhEEC2ES2_
FNDA:0,_ZNKSt13move_iteratorIP11AsyncBufferIhEE4baseEv
FNDA:0,_ZNKSt13move_iteratorIP11AsyncBufferIhEEdeEv
FNDA:0,_ZNSt13move_iteratorIP11AsyncBufferIhEEppEv
FNDA:0,_ZSteqIP11AsyncBufferIhEEbRKSt13move_iteratorIT_ES7_
FNDA:0,_ZStneIP11AsyncBufferIhEEbRKSt13move_iteratorIT_ES7_
FNDA:0,_ZSt32__make_move_if_noexcept_iteratorI11AsyncBufferIhESt13move_iteratorIPS1_EET0_PT_
FNF:7
FNH:0
DA:1032,0
DA:1033,0
DA:1040,0
DA:1041,0
DA:1044,0
DA:1045,0
DA:1052,0
DA:1054,0
DA:1055,0
DA:1119,0
DA:1121,0
DA:1131,0
DA:1133,0
DA:1223,0
DA:1224,0
LF:15
LH:0
end_of_record
SF:/usr/include/c++/6/bits/stl_iterator_base_funcs.h
FN:96,_ZSt10__distanceIPcENSt15iterator_traitsIT_E15difference_typeES2_S2_St26random_access_iterator_tag
FN:135,_ZSt8distanceIPcENSt15iterator_traitsIT_E15difference_typeES2_S2_
FNDA:0,_ZSt10__distanceIPcENSt15iterator_traitsIT_E15difference_typeES2_S2_St26random_access_iterator_tag
FNDA:0,_ZSt8distanceIPcENSt15iterator_traitsIT_E15difference_typeES2_S2_
FNF:2
FNH:0
DA:96,0
DA:102,0
DA:135,0
DA:138,0
DA:139,0
LF:5
LH:0
end_of_record
SF:/usr/include/c++/6/bits/stl_iterator_base_types.h
FN:204,_ZSt19__iterator_categoryIPcENSt15iterator_traitsIT_E17iterator_categoryERKS2_
FNDA:0,_ZSt19__iterator_categoryIPcENSt15iterator_traitsIT_E17iterator_categoryERKS2_
FNF:1
FNH:0
DA:204,0
DA:205,0
LF:2
LH:0
end_of_record
SF:/usr/include/c++/6/bits/stl_uninitialized.h
FN:68,_ZNSt20__uninitialized_copyILb0EE13__uninit_copyISt13move_iteratorIP11AsyncBufferIhEES5_EET0_T_S8_S7_
FN:107,_ZSt18uninitialized_copyISt13move_iteratorIP11AsyncBufferIhEES3_ET0_T_S6_S5_
FN:279,_ZSt22__uninitialized_copy_aISt13move_iteratorIP11AsyncBufferIhEES3_S2_ET0_T_S6_S5_RSaIT1_E
FN:297,_ZSt34__uninitialized_move_if_noexcept_aIP11AsyncBufferIhES2_SaIS1_EET0_T_S5_S4_RT1_
FN:513,_ZNSt27__uninitialized_default_n_1ILb0EE18__uninit_default_nIP11AsyncBufferIhEmEET_S5_T0_
FN:566,_ZSt25__uninitialized_default_nIP11AsyncBufferIhEmET_S3_T0_
FN:635,_ZSt27__uninitialized_default_n_aIP11AsyncBufferIhEmS1_ET_S3_T0_RSaIT1_E
FNDA:0,_ZNSt20__uninitialized_copyILb0EE13__uninit_copyISt13move_iteratorIP11AsyncBufferIhEES5_EET0_T_S8_S7_
FNDA:0,_ZSt18uninitialized_copyISt13move_iteratorIP11AsyncBufferIhEES3_ET0_T_S6_S5_
FNDA:0,_ZSt22__uninitialized_copy_aISt13move_iteratorIP11AsyncBufferIhEES3_S2_ET0_T_S6_S5_RSaIT1_E
FNDA:0,_ZSt34__uninitialized_move_if_noexcept_aIP11AsyncBufferIhES2_SaIS1_EET0_T_S5_S4_RT1_
FNDA:0,_ZNSt27__uninitialized_default_n_1ILb0EE18__uninit_default_nIP11AsyncBufferIhEmEET_S5_T0_
FNDA:0,_ZSt25__uninitialized_default_nIP11AsyncBufferIhEmET_S3_T0_
FNDA:0,_ZSt27__uninitialized_default_n_aIP11AsyncBufferIhEmS1_ET_S3_T0_RSaIT1_E
FNF:7
FNH:0
DA:68,0
DA:71,0
DA:74,0
DA:75,0
DA:76,0
DA:78,0
DA:80,0
DA:81,0
DA:107,0
DA:120,0
DA:126,0
DA:279,0
DA:281,0
DA:297,0
DA:303,0
DA:304,0
DA:513,0
DA:515,0
DA:518,0
DA:519,0
DA:520,0
DA:566,0
DA:571,0
DA:575,0
DA:635,0
DA:637,0
LF:26
LH:0
end_of_record
SF:/usr/include/c++/6/bits/stl_vector.h
FN:79,_ZNSt12_Vector_baseI11AsyncBufferIhESaIS1_EE12_Vector_implD2Ev
FN:86,_ZNSt12_Vector_baseI11AsyncBufferIhESaIS1_EE12_Vector_implC2Ev
FN:113,_ZNSt12_Vector_baseI11AsyncBufferIhESaIS1_EE19_M_get_Tp_allocatorEv
FN:117,_ZNKSt12_Vector_baseI11AsyncBufferIhESaIS1_EE19_M_get_Tp_allocatorEv
FN:124,_ZNSt12_Vector_baseI11AsyncBufferIhESaIS1_EEC2Ev
FN:159,_ZNSt12_Vector_baseI11AsyncBufferIhESaIS1_EED2Ev
FN:167,_ZNSt12_Vector_baseI11AsyncBufferIhESaIS1_EE11_M_allocateEm
FN:174,_ZNSt12_Vector_baseI11AsyncBufferIhESaIS1_EE13_M_deallocateEPS1_m
FN:255,_ZNSt6vectorI11AsyncBufferIhESaIS1_EEC2Ev
FN:425,_ZNSt6vectorI11AsyncBufferIhESaIS1_EED2Ev
FN:655,_ZNKSt6vectorI11AsyncBufferIhESaIS1_EE4sizeEv
FN:660,_ZNKSt6vectorI11AsyncBufferIhESaIS1_EE8max_sizeEv
FN:674,_ZNSt6vectorI11AsyncBufferIhESaIS1_EE6resizeEm
FN:780,_ZNSt6vectorI11AsyncBufferIhESaIS1_EEixEm
FN:1420,_ZNKSt6vectorI11AsyncBufferIhESaIS1_EE12_M_check_lenEmPKc
FN:1434,_ZNSt6vectorI11AsyncBufferIhESaIS1_EE15_M_erase_at_endEPS1_
FNDA:0,_ZNSt12_Vector_baseI11AsyncBufferIhESaIS1_EE12_Vector_implD2Ev
FNDA:0,_ZNSt12_Vector_baseI11AsyncBufferIhESaIS1_EE12_Vector_implC2Ev
FNDA:0,_ZNSt12_Vector_baseI11AsyncBufferIhESaIS1_EE19_M_get_Tp_allocatorEv
FNDA:0,_ZNKSt12_Vector_baseI11AsyncBufferIhESaIS1_EE19_M_get_Tp_allocatorEv
FNDA:0,_ZNSt12_Vector_baseI11AsyncBufferIhESaIS1_EEC2Ev
FNDA:0,_ZNSt12_Vector_baseI11AsyncBufferIhESaIS1_EED2Ev
FNDA:0,_ZNSt12_Vector_baseI11AsyncBufferIhESaIS1_EE11_M_allocateEm
FNDA:0,_ZNSt12_Vector_baseI11AsyncBufferIhESaIS1_EE13_M_deallocateEPS1_m
FNDA:0,_ZNSt6vectorI11AsyncBufferIhESaIS1_EEC2Ev
FNDA:0,_ZNSt6vectorI11AsyncBufferIhESaIS1_EED2Ev
FNDA:0,_ZNKSt6vectorI11AsyncBufferIhESaIS1_EE4sizeEv
FNDA:0,_ZNKSt6vectorI11AsyncBufferIhESaIS1_EE8max_sizeEv
FNDA:0,_ZNSt6vectorI11AsyncBufferIhESaIS1_EE6resizeEm
FNDA:0,_ZNSt6vectorI11AsyncBufferIhESaIS1_EEixEm
FNDA:0,_ZNKSt6vectorI11AsyncBufferIhESaIS1_EE12_M_check_lenEmPKc
FNDA:0,_ZNSt6vectorI11AsyncBufferIhESaIS1_EE15_M_erase_at_endEPS1_
FNF:16
FNH:0
DA:79,0
DA:86,0
DA:87,0
DA:88,0
DA:113,0
DA:114,0
DA:117,0
DA:118,0
DA:124,0
DA:125,0
DA:159,0
DA:160,0
DA:161,0
DA:167,0
DA:170,0
DA:174,0
DA:177,0
DA:178,0
DA:179,0
DA:255,0
DA:259,0
DA:425,0
DA:426,0
DA:427,0
DA:655,0
DA:656,0
DA:660,0
DA:661,0
DA:674,0
DA:676,0
DA:677,0
DA:678,0
DA:679,0
DA:680,0
DA:780,0
DA:781,0
DA:1420,0
DA:1422,0
DA:1423,0
DA:1425,0
DA:1426,0
DA:1434,0
DA:1436,0
DA:1437,0
DA:1438,0
LF:45
LH:0
end_of_record
SF:/usr/include/c++/6/bits/unique_ptr.h
FN:57,_ZNSt14default_deleteISt6vectorI11AsyncBufferIhESaIS2_EEEC2Ev
FN:70,_ZNKSt14default_deleteISt6vectorI11AsyncBufferIhESaIS2_EEEclEPS4_
FN:158,_ZNSt10unique_ptrISt6vectorI11AsyncBufferIhESaIS2_EESt14default_deleteIS4_EEC2Ev
FN:170,_ZNSt10unique_ptrIi7CloseFDEC2EPi
FN:170,_ZNSt10unique_ptrISt6vectorI11AsyncBufferIhESaIS2_EESt14default_deleteIS4_EEC2EPS4_
FN:235,_ZNSt10unique_ptrISt6vectorI11AsyncBufferIhESaIS2_EESt14default_deleteIS4_EED2Ev
FN:235,_ZNSt10unique_ptrIi7CloseFDED2Ev
FN:252,_ZNSt10unique_ptrISt6vectorI11AsyncBufferIhESaIS2_EESt14default_deleteIS4_EEaSEOS7_
FN:291,_ZNKSt10unique_ptrIi7CloseFDEdeEv
FN:291,_ZNKSt10unique_ptrISt6vectorI11AsyncBufferIhESaIS2_EESt14default_deleteIS4_EEdeEv
FN:299,_ZNKSt10unique_ptrISt6vectorI11AsyncBufferIhESaIS2_EESt14default_deleteIS4_EEptEv
FN:307,_ZNKSt10unique_ptrIi7CloseFDE3getEv
FN:307,_ZNKSt10unique_ptrISt6vectorI11AsyncBufferIhESaIS2_EESt14default_deleteIS4_EE3getEv
FN:312,_ZNSt10unique_ptrIi7CloseFDE11get_deleterEv
FN:312,_ZNSt10unique_ptrISt6vectorI11AsyncBufferIhESaIS2_EESt14default_deleteIS4_EE11get_deleterEv
FN:328,_ZNSt10unique_ptrISt6vectorI11AsyncBufferIhESaIS2_EESt14default_deleteIS4_EE7releaseEv
FN:342,_ZNSt10unique_ptrISt6vectorI11AsyncBufferIhESaIS2_EESt14default_deleteIS4_EE5resetEPS4_
FN:790,_ZSt11make_uniqueISt6vectorI11AsyncBufferIhESaIS2_EEJEENSt9_MakeUniqIT_E15__single_objectEDpOT0_
FNDA:0,_ZNSt14default_deleteISt6vectorI11AsyncBufferIhESaIS2_EEEC2Ev
FNDA:0,_ZNKSt14default_deleteISt6vectorI11AsyncBufferIhESaIS2_EEEclEPS4_
FNDA:0,_ZNSt10unique_ptrISt6vectorI11AsyncBufferIhESaIS2_EESt14default_deleteIS4_EEC2Ev
FNDA:0,_ZNSt10unique_ptrIi7CloseFDEC2EPi
FNDA:0,_ZNSt10unique_ptrISt6vectorI11AsyncBufferIhESaIS2_EESt14default_deleteIS4_EEC2EPS4_
FNDA:0,_ZNSt10unique_ptrISt6vectorI11AsyncBufferIhESaIS2_EESt14default_deleteIS4_EED2Ev
FNDA:0,_ZNSt10unique_ptrIi7CloseFDED2Ev
FNDA:0,_ZNSt10unique_ptrISt6vectorI11AsyncBufferIhESaIS2_EESt14default_deleteIS4_EEaSEOS7_
FNDA:0,_ZNKSt10unique_ptrIi7CloseFDEdeEv
FNDA:0,_ZNKSt10unique_ptrISt6vectorI11AsyncBufferIhESaIS2_EESt14default_deleteIS4_EEdeEv
FNDA:0,_ZNKSt10unique_ptrISt6vectorI11AsyncBufferIhESaIS2_EESt14default_deleteIS4_EEptEv
FNDA:0,_ZNKSt10unique_ptrIi7CloseFDE3getEv
FNDA:0,_ZNKSt10unique_ptrISt6vectorI11AsyncBufferIhESaIS2_EESt14default_deleteIS4_EE3getEv
FNDA:0,_ZNSt10unique_ptrIi7CloseFDE11get_deleterEv
FNDA:0,_ZNSt10unique_ptrISt6vectorI11AsyncBufferIhESaIS2_EESt14default_deleteIS4_EE11get_deleterEv
FNDA:0,_ZNSt10unique_ptrISt6vectorI11AsyncBufferIhESaIS2_EESt14default_deleteIS4_EE7releaseEv
FNDA:0,_ZNSt10unique_ptrISt6vectorI11AsyncBufferIhESaIS2_EESt14default_deleteIS4_EE5resetEPS4_
FNDA:0,_ZSt11make_uniqueISt6vectorI11AsyncBufferIhESaIS2_EEJEENSt9_MakeUniqIT_E15__single_objectEDpOT0_
FNF:18
FNH:0
DA:57,0
DA:70,0
DA:76,0
DA:77,0
DA:158,0
DA:159,0
DA:161,0
DA:170,0
DA:171,0
DA:173,0
DA:176,0
DA:235,0
DA:237,0
DA:238,0
DA:239,0
DA:240,0
DA:241,0
DA:252,0
DA:254,0
DA:255,0
DA:256,0
DA:291,0
DA:294,0
DA:299,0
DA:302,0
DA:307,0
DA:308,0
DA:312,0
DA:313,0
DA:328,0
DA:330,0
DA:331,0
DA:332,0
DA:342,0
DA:345,0
DA:346,0
DA:347,0
DA:348,0
DA:790,0
DA:791,0
LF:40
LH:0
end_of_record
SF:/usr/include/c++/6/bits/vector.tcc
FN:540,_ZNSt6vectorI11AsyncBufferIhESaIS1_EE17_M_default_appendEm
FNDA:0,_ZNSt6vectorI11AsyncBufferIhESaIS1_EE17_M_default_appendEm
FNF:1
FNH:0
DA:540,0
DA:543,0
DA:545,0
DA:546,0
DA:548,0
DA:549,0
DA:550,0
DA:555,0
DA:556,0
DA:557,0
DA:558,0
DA:561,0
DA:563,0
DA:564,0
DA:565,0
DA:567,0
DA:569,0
DA:571,0
DA:572,0
DA:573,0
DA:574,0
DA:576,0
DA:577,0
DA:578,0
DA:579,0
DA:580,0
DA:581,0
DA:582,0
DA:583,0
DA:586,0
LF:30
LH:0
end_of_record
SF:/usr/include/c++/6/exception
FN:63,_ZNSt9exceptionC2Ev
FNDA:0,_ZNSt9exceptionC2Ev
FNF:1
FNH:0
DA:63,0
LF:1
LH:0
end_of_record
SF:/usr/include/c++/6/ext/new_allocator.h
FN:79,_ZN9__gnu_cxx13new_allocatorI11AsyncBufferIhEEC2Ev
FN:86,_ZN9__gnu_cxx13new_allocatorI11AsyncBufferIhEED2Ev
FN:99,_ZN9__gnu_cxx13new_allocatorI11AsyncBufferIhEE8allocateEmPKv
FN:109,_ZN9__gnu_cxx13new_allocatorI11AsyncBufferIhEE10deallocateEPS2_m
FN:113,_ZNK9__gnu_cxx13new_allocatorI11AsyncBufferIhEE8max_sizeEv
FNDA:0,_ZN9__gnu_cxx13new_allocatorI11AsyncBufferIhEEC2Ev
FNDA:0,_ZN9__gnu_cxx13new_allocatorI11AsyncBufferIhEED2Ev
FNDA:0,_ZN9__gnu_cxx13new_allocatorI11AsyncBufferIhEE8allocateEmPKv
FNDA:0,_ZN9__gnu_cxx13new_allocatorI11AsyncBufferIhEE10deallocateEPS2_m
FNDA:0,_ZNK9__gnu_cxx13new_allocatorI11AsyncBufferIhEE8max_sizeEv
FNF:5
FNH:0
DA:79,0
DA:86,0
DA:99,0
DA:101,0
DA:102,0
DA:104,0
DA:109,0
DA:110,0
DA:113,0
DA:114,0
LF:10
LH:0
end_of_record
SF:/usr/include/c++/6/ext/string_conversions.h
FN:89,_ZN9__gnu_cxx12__to_xstringINSt7__cxx1112basic_stringIcSt11char_traitsIcESaIcEEEcEET_PFiPT0_mPKS8_P13__va_list_tagEmSB_z
FNDA:0,_ZN9__gnu_cxx12__to_xstringINSt7__cxx1112basic_stringIcSt11char_traitsIcESaIcEEEcEET_PFiPT0_mPKS8_P13__va_list_tagEmSB_z
FNF:1
FNH:0
DA:89,0
DA:96,0
DA:99,0
DA:101,0
DA:103,0
DA:105,0
LF:6
LH:0
end_of_record
SF:/usr/include/c++/6/ext/type_traits.h
FN:152,_ZN9__gnu_cxx17__is_null_pointerIcEEbPT_
FNDA:0,_ZN9__gnu_cxx17__is_null_pointerIcEEbPT_
FNF:1
FNH:0
DA:152,0
DA:153,0
LF:2
LH:0
end_of_record
SF:/usr/include/c++/6/initializer_list
FN:66,_ZNSt16initializer_listIP12napi_value__EC1Ev
FN:71,_ZNKSt16initializer_listIP12napi_value__E4sizeEv
FN:71,_ZNKSt16initializer_listIN4Napi23ClassPropertyDescriptorI9DisruptorEEE4sizeEv
FN:75,_ZNKSt16initializer_listIN4Napi23ClassPropertyDescriptorI9DisruptorEEE5beginEv
FN:75,_ZNKSt16initializer_listIP12napi_value__E5beginEv
FNDA:0,_ZNSt16initializer_listIP12napi_value__EC1Ev
FNDA:0,_ZNKSt16initializer_listIP12napi_value__E4sizeEv
FNDA:0,_ZNKSt16initializer_listIN4Napi23ClassPropertyDescriptorI9DisruptorEEE4sizeEv
FNDA:0,_ZNKSt16initializer_listIN4Napi23ClassPropertyDescriptorI9DisruptorEEE5beginEv
FNDA:0,_ZNKSt16initializer_listIP12napi_value__E5beginEv
FNF:5
FNH:0
DA:66,0
DA:67,0
DA:71,0
DA:75,0
LF:4
LH:0
end_of_record
SF:/usr/include/c++/6/new
FN:146,_ZnwmPv
FNDA:0,_ZnwmPv
FNF:1
FNH:0
DA:146,0
DA:147,0
LF:2
LH:0
end_of_record
SF:/usr/include/c++/6/tuple
FN:58,_ZNSt10_Head_baseILm1ESt14default_deleteISt6vectorI11AsyncBufferIhESaIS3_EEELb1EEC2Ev
FN:58,_ZNSt10_Head_baseILm1E7CloseFDLb1EEC2Ev
FN:95,_ZNSt10_Head_baseILm1ESt14default_deleteISt6vectorI11AsyncBufferIhESaIS3_EEELb1EE7_M_headERS7_
FN:95,_ZNSt10_Head_baseILm1E7CloseFDLb1EE7_M_headERS1_
FN:104,_ZNSt10_Head_baseILm0EPSt6vectorI11AsyncBufferIhESaIS2_EELb0EEC2Ev
FN:104,_ZNSt10_Head_baseILm0EPiLb0EEC2Ev
FN:142,_ZNSt10_Head_baseILm0EPiLb0EE7_M_headERS1_
FN:142,_ZNSt10_Head_baseILm0EPSt6vectorI11AsyncBufferIhESaIS2_EELb0EE7_M_headERS6_
FN:145,_ZNSt10_Head_baseILm0EPiLb0EE7_M_headERKS1_
FN:145,_ZNSt10_Head_baseILm0EPSt6vectorI11AsyncBufferIhESaIS2_EELb0EE7_M_headERKS6_
FN:190,_ZNSt11_Tuple_implILm0EJPSt6vectorI11AsyncBufferIhESaIS2_EESt14default_deleteIS4_EEE7_M_headERS8_
FN:190,_ZNSt11_Tuple_implILm0EJPi7CloseFDEE7_M_headERS2_
FN:193,_ZNSt11_Tuple_implILm0EJPi7CloseFDEE7_M_headERKS2_
FN:193,_ZNSt11_Tuple_implILm0EJPSt6vectorI11AsyncBufferIhESaIS2_EESt14default_deleteIS4_EEE7_M_headERKS8_
FN:201,_ZNSt11_Tuple_implILm0EJPSt6vectorI11AsyncBufferIhESaIS2_EESt14default_deleteIS4_EEEC2Ev
FN:201,_ZNSt11_Tuple_implILm0EJPi7CloseFDEEC2Ev
FN:346,_ZNSt11_Tuple_implILm1EJ7CloseFDEE7_M_headERS1_
FN:346,_ZNSt11_Tuple_implILm1EJSt14default_deleteISt6vectorI11AsyncBufferIhESaIS3_EEEEE7_M_headERS7_
FN:351,_ZNSt11_Tuple_implILm1EJSt14default_deleteISt6vectorI11AsyncBufferIhESaIS3_EEEEEC2Ev
FN:351,_ZNSt11_Tuple_implILm1EJ7CloseFDEEC2Ev
FN:878,_ZNSt5tupleIJPi7CloseFDEEC2IS0_S1_Lb1EEEv
FN:878,_ZNSt5tupleIJPSt6vectorI11AsyncBufferIhESaIS2_EESt14default_deleteIS4_EEEC2IS5_S7_Lb1EEEv
FN:1247,_ZSt12__get_helperILm1E7CloseFDJEERT0_RSt11_Tuple_implIXT_EJS1_DpT1_EE
FN:1247,_ZSt12__get_helperILm1ESt14default_deleteISt6vectorI11AsyncBufferIhESaIS3_EEEJEERT0_RSt11_Tuple_implIXT_EJS7_DpT1_EE
FN:1247,_ZSt12__get_helperILm0EPiJ7CloseFDEERT0_RSt11_Tuple_implIXT_EJS2_DpT1_EE
FN:1247,_ZSt12__get_helperILm0EPSt6vectorI11AsyncBufferIhESaIS2_EEJSt14default_deleteIS4_EEERT0_RSt11_Tuple_implIXT_EJS8_DpT1_EE
FN:1252,_ZSt12__get_helperILm0EPiJ7CloseFDEERKT0_RKSt11_Tuple_implIXT_EJS2_DpT1_EE
FN:1252,_ZSt12__get_helperILm0EPSt6vectorI11AsyncBufferIhESaIS2_EEJSt14default_deleteIS4_EEERKT0_RKSt11_Tuple_implIXT_EJS8_DpT1_EE
FN:1258,_ZSt3getILm1EJPSt6vectorI11AsyncBufferIhESaIS2_EESt14default_deleteIS4_EEERNSt13tuple_elementIXT_ESt5tupleIJDpT0_EEE4typeERSC_
FN:1258,_ZSt3getILm1EJPi7CloseFDEERNSt13tuple_elementIXT_ESt5tupleIJDpT0_EEE4typeERS6_
FN:1258,_ZSt3getILm0EJPSt6vectorI11AsyncBufferIhESaIS2_EESt14default_deleteIS4_EEERNSt13tuple_elementIXT_ESt5tupleIJDpT0_EEE4typeERSC_
FN:1258,_ZSt3getILm0EJPi7CloseFDEERNSt13tuple_elementIXT_ESt5tupleIJDpT0_EEE4typeERS6_
FN:1264,_ZSt3getILm0EJPi7CloseFDEERKNSt13tuple_elementIXT_ESt5tupleIJDpT0_EEE4typeERKS6_
FN:1264,_ZSt3getILm0EJPSt6vectorI11AsyncBufferIhESaIS2_EESt14default_deleteIS4_EEERKNSt13tuple_elementIXT_ESt5tupleIJDpT0_EEE4typeERKSC_
FNDA:0,_ZNSt10_Head_baseILm1ESt14default_deleteISt6vectorI11AsyncBufferIhESaIS3_EEELb1EEC2Ev
FNDA:0,_ZNSt10_Head_baseILm1E7CloseFDLb1EEC2Ev
FNDA:0,_ZNSt10_Head_baseILm1ESt14default_deleteISt6vectorI11AsyncBufferIhESaIS3_EEELb1EE7_M_headERS7_
FNDA:0,_ZNSt10_Head_baseILm1E7CloseFDLb1EE7_M_headERS1_
FNDA:0,_ZNSt10_Head_baseILm0EPSt6vectorI11AsyncBufferIhESaIS2_EELb0EEC2Ev
FNDA:0,_ZNSt10_Head_baseILm0EPiLb0EEC2Ev
FNDA:0,_ZNSt10_Head_baseILm0EPiLb0EE7_M_headERS1_
FNDA:0,_ZNSt10_Head_baseILm0EPSt6vectorI11AsyncBufferIhESaIS2_EELb0EE7_M_headERS6_
FNDA:0,_ZNSt10_Head_baseILm0EPiLb0EE7_M_headERKS1_
FNDA:0,_ZNSt10_Head_baseILm0EPSt6vectorI11AsyncBufferIhESaIS2_EELb0EE7_M_headERKS6_
FNDA:0,_ZNSt11_Tuple_implILm0EJPSt6vectorI11AsyncBufferIhESaIS2_EESt14default_deleteIS4_EEE7_M_headERS8_
FNDA:0,_ZNSt11_Tuple_implILm0EJPi7CloseFDEE7_M_headERS2_
FNDA:0,_ZNSt11_Tuple_implILm0EJPi7CloseFDEE7_M_headERKS2_
FNDA:0,_ZNSt11_Tuple_implILm0EJPSt6vectorI11AsyncBufferIhESaIS2_EESt14default_deleteIS4_EEE7_M_headERKS8_
FNDA:0,_ZNSt11_Tuple_implILm0EJPSt6vectorI11AsyncBufferIhESaIS2_EESt14default_deleteIS4_EEEC2Ev
FNDA:0,_ZNSt11_Tuple_implILm0EJPi7CloseFDEEC2Ev
FNDA:0,_ZNSt11_Tuple_implILm1EJ7CloseFDEE7_M_headERS1_
FNDA:0,_ZNSt11_Tuple_implILm1EJSt14default_deleteISt6vectorI11AsyncBufferIhESaIS3_EEEEE7_M_headERS7_
FNDA:0,_ZNSt11_Tuple_implILm1EJSt14default_deleteISt6vectorI11AsyncBufferIhESaIS3_EEEEEC2Ev
FNDA:0,_ZNSt11_Tuple_implILm1EJ7CloseFDEEC2Ev
FNDA:0,_ZNSt5tupleIJPi7CloseFDEEC2IS0_S1_Lb1EEEv
FNDA:0,_ZNSt5tupleIJPSt6vectorI11AsyncBufferIhESaIS2_EESt14default_deleteIS4_EEEC2IS5_S7_Lb1EEEv
FNDA:0,_ZSt12__get_helperILm1E7CloseFDJEERT0_RSt11_Tuple_implIXT_EJS1_DpT1_EE
FNDA:0,_ZSt12__get_helperILm1ESt14default_deleteISt6vectorI11AsyncBufferIhESaIS3_EEEJEERT0_RSt11_Tuple_implIXT_EJS7_DpT1_EE
FNDA:0,_ZSt12__get_helperILm0EPiJ7CloseFDEERT0_RSt11_Tuple_implIXT_EJS2_DpT1_EE
FNDA:0,_ZSt12__get_helperILm0EPSt6vectorI11AsyncBufferIhESaIS2_EEJSt14default_deleteIS4_EEERT0_RSt11_Tuple_implIXT_EJS8_DpT1_EE
FNDA:0,_ZSt12__get_helperILm0EPiJ7CloseFDEERKT0_RKSt11_Tuple_implIXT_EJS2_DpT1_EE
FNDA:0,_ZSt12__get_helperILm0EPSt6vectorI11AsyncBufferIhESaIS2_EEJSt14default_deleteIS4_EEERKT0_RKSt11_Tuple_implIXT_EJS8_DpT1_EE
FNDA:0,_ZSt3getILm1EJPSt6vectorI11AsyncBufferIhESaIS2_EESt14default_deleteIS4_EEERNSt13tuple_elementIXT_ESt5tupleIJDpT0_EEE4typeERSC_
FNDA:0,_ZSt3getILm1EJPi7CloseFDEERNSt13tuple_elementIXT_ESt5tupleIJDpT0_EEE4typeERS6_
FNDA:0,_ZSt3getILm0EJPSt6vectorI11AsyncBufferIhESaIS2_EESt14default_deleteIS4_EEERNSt13tuple_elementIXT_ESt5tupleIJDpT0_EEE4typeERSC_
FNDA:0,_ZSt3getILm0EJPi7CloseFDEERNSt13tuple_elementIXT_ESt5tupleIJDpT0_EEE4typeERS6_
FNDA:0,_ZSt3getILm0EJPi7CloseFDEERKNSt13tuple_elementIXT_ESt5tupleIJDpT0_EEE4typeERKS6_
FNDA:0,_ZSt3getILm0EJPSt6vectorI11AsyncBufferIhESaIS2_EESt14default_deleteIS4_EEERKNSt13tuple_elementIXT_ESt5tupleIJDpT0_EEE4typeERKSC_
FNF:34
FNH:0
DA:58,0
DA:59,0
DA:95,0
DA:104,0
DA:105,0
DA:142,0
DA:145,0
DA:190,0
DA:193,0
DA:201,0
DA:202,0
DA:346,0
DA:351,0
DA:352,0
DA:878,0
DA:879,0
DA:1247,0
DA:1248,0
DA:1252,0
DA:1253,0
DA:1258,0
DA:1259,0
DA:1264,0
DA:1265,0
LF:24
LH:0
end_of_record
