TN:
SF:/usr/include/c++/11/initializer_list
FN:71,_ZNKSt16initializer_listIN4Napi23ClassPropertyDescriptorI9DisruptorEEE4sizeEv
FNDA:505,_ZNKSt16initializer_listIN4Napi23ClassPropertyDescriptorI9DisruptorEEE4sizeEv
FN:71,_ZNKSt16initializer_listIP12napi_value__E4sizeEv
FNDA:2492307,_ZNKSt16initializer_listIP12napi_value__E4sizeEv
FN:75,_ZNKSt16initializer_listIN4Napi23ClassPropertyDescriptorI9DisruptorEEE5beginEv
FNDA:505,_ZNKSt16initializer_listIN4Napi23ClassPropertyDescriptorI9DisruptorEEE5beginEv
FN:75,_ZNKSt16initializer_listIP12napi_value__E5beginEv
FNDA:2492307,_ZNKSt16initializer_listIP12napi_value__E5beginEv
DA:71,505
DA:71,2492307
DA:75,505
DA:75,2492307
end_of_record
SF:/usr/include/c++/11/bits/stl_vector.h
FN:97,_ZNSt12_Vector_baseI24napi_property_descriptorSaIS0_EE17_Vector_impl_dataC2Ev
FNDA:505,_ZNSt12_Vector_baseI24napi_property_descriptorSaIS0_EE17_Vector_impl_dataC2Ev
FN:97,_ZNSt12_Vector_baseIP12napi_value__SaIS1_EE17_Vector_impl_dataC2Ev
FNDA:0,_ZNSt12_Vector_baseIP12napi_value__SaIS1_EE17_Vector_impl_dataC2Ev
FN:97,_ZNSt12_Vector_baseI11AsyncBufferSaIS0_EE17_Vector_impl_dataC2Ev
FNDA:2259768,_ZNSt12_Vector_baseI11AsyncBufferSaIS0_EE17_Vector_impl_dataC2Ev
FN:131,_ZNSt12_Vector_baseIP12napi_value__SaIS1_EE12_Vector_implC2Ev
FNDA:0,_ZNSt12_Vector_baseIP12napi_value__SaIS1_EE12_Vector_implC2Ev
FN:131,_ZNSt12_Vector_baseI11AsyncBufferSaIS0_EE12_Vector_implC2Ev
FNDA:2259768,_ZNSt12_Vector_baseI11AsyncBufferSaIS0_EE12_Vector_implC2Ev
FN:136,_ZNSt12_Vector_baseI24napi_property_descriptorSaIS0_EE12_Vector_implC2ERKS1_
FNDA:505,_ZNSt12_Vector_baseI24napi_property_descriptorSaIS0_EE12_Vector_implC2ERKS1_
FN:276,_ZNSt12_Vector_baseI11AsyncBufferSaIS0_EE19_M_get_Tp_allocatorEv
FNDA:3298434,_ZNSt12_Vector_baseI11AsyncBufferSaIS0_EE19_M_get_Tp_allocatorEv
FN:276,_ZNSt12_Vector_baseIP12napi_value__SaIS1_EE19_M_get_Tp_allocatorEv
FNDA:0,_ZNSt12_Vector_baseIP12napi_value__SaIS1_EE19_M_get_Tp_allocatorEv
FN:276,_ZNSt12_Vector_baseI24napi_property_descriptorSaIS0_EE19_M_get_Tp_allocatorEv
FNDA:1010,_ZNSt12_Vector_baseI24napi_property_descriptorSaIS0_EE19_M_get_Tp_allocatorEv
FN:280,_ZNKSt12_Vector_baseI11AsyncBufferSaIS0_EE19_M_get_Tp_allocatorEv
FNDA:2077332,_ZNKSt12_Vector_baseI11AsyncBufferSaIS0_EE19_M_get_Tp_allocatorEv
FN:288,_ZNSt12_Vector_baseIP12napi_value__SaIS1_EEC2Ev
FNDA:0,_ZNSt12_Vector_baseIP12napi_value__SaIS1_EEC2Ev
FN:288,_ZNSt12_Vector_baseI11AsyncBufferSaIS0_EEC2Ev
FNDA:2259768,_ZNSt12_Vector_baseI11AsyncBufferSaIS0_EEC2Ev
FN:303,_ZNSt12_Vector_baseI24napi_property_descriptorSaIS0_EEC2EmRKS1_
FNDA:505,_ZNSt12_Vector_baseI24napi_property_descriptorSaIS0_EEC2EmRKS1_
FN:333,_ZNSt12_Vector_baseIP12napi_value__SaIS1_EED2Ev
FNDA:0,_ZNSt12_Vector_baseIP12napi_value__SaIS1_EED2Ev
FN:333,_ZNSt12_Vector_baseI11AsyncBufferSaIS0_EED2Ev
FNDA:2259768,_ZNSt12_Vector_baseI11AsyncBufferSaIS0_EED2Ev
FN:333,_ZNSt12_Vector_baseI24napi_property_descriptorSaIS0_EED2Ev
FNDA:505,_ZNSt12_Vector_baseI24napi_property_descriptorSaIS0_EED2Ev
FN:343,_ZNSt12_Vector_baseI11AsyncBufferSaIS0_EE11_M_allocateEm
FNDA:519333,_ZNSt12_Vector_baseI11AsyncBufferSaIS0_EE11_M_allocateEm
FN:343,_ZNSt12_Vector_baseI24napi_property_descriptorSaIS0_EE11_M_allocateEm
FNDA:505,_ZNSt12_Vector_baseI24napi_property_descriptorSaIS0_EE11_M_allocateEm
FN:350,_ZNSt12_Vector_baseIP12napi_value__SaIS1_EE13_M_deallocateEPS1_m
FNDA:0,_ZNSt12_Vector_baseIP12napi_value__SaIS1_EE13_M_deallocateEPS1_m
FN:350,_ZNSt12_Vector_baseI11AsyncBufferSaIS0_EE13_M_deallocateEPS0_m
FNDA:2779101,_ZNSt12_Vector_baseI11AsyncBufferSaIS0_EE13_M_deallocateEPS0_m
FN:350,_ZNSt12_Vector_baseI24napi_property_descriptorSaIS0_EE13_M_deallocateEPS0_m
FNDA:505,_ZNSt12_Vector_baseI24napi_property_descriptorSaIS0_EE13_M_deallocateEPS0_m
FN:359,_ZNSt12_Vector_baseI24napi_property_descriptorSaIS0_EE17_M_create_storageEm
FNDA:505,_ZNSt12_Vector_baseI24napi_property_descriptorSaIS0_EE17_M_create_storageEm
FN:431,_ZNSt6vectorI11AsyncBufferSaIS0_EE19_S_nothrow_relocateESt17integral_constantIbLb1EE
FNDA:519333,_ZNSt6vectorI11AsyncBufferSaIS0_EE19_S_nothrow_relocateESt17integral_constantIbLb1EE
FN:444,_ZNSt6vectorI11AsyncBufferSaIS0_EE15_S_use_relocateEv
FNDA:519333,_ZNSt6vectorI11AsyncBufferSaIS0_EE15_S_use_relocateEv
FN:453,_ZNSt6vectorI11AsyncBufferSaIS0_EE14_S_do_relocateEPS0_S3_S3_RS1_St17integral_constantIbLb1EE
FNDA:519333,_ZNSt6vectorI11AsyncBufferSaIS0_EE14_S_do_relocateEPS0_S3_S3_RS1_St17integral_constantIbLb1EE
FN:465,_ZNSt6vectorI11AsyncBufferSaIS0_EE11_S_relocateEPS0_S3_S3_RS1_
FNDA:519333,_ZNSt6vectorI11AsyncBufferSaIS0_EE11_S_relocateEPS0_S3_S3_RS1_
FN:487,_ZNSt6vectorI11AsyncBufferSaIS0_EEC2Ev
FNDA:2259768,_ZNSt6vectorI11AsyncBufferSaIS0_EEC2Ev
FN:487,_ZNSt6vectorIP12napi_value__SaIS1_EEC2Ev
FNDA:0,_ZNSt6vectorIP12napi_value__SaIS1_EEC2Ev
FN:510,_ZNSt6vectorI24napi_property_descriptorSaIS0_EEC2EmRKS1_
FNDA:505,_ZNSt6vectorI24napi_property_descriptorSaIS0_EEC2EmRKS1_
FN:678,_ZNSt6vectorI24napi_property_descriptorSaIS0_EED2Ev
FNDA:505,_ZNSt6vectorI24napi_property_descriptorSaIS0_EED2Ev
FN:678,_ZNSt6vectorI11AsyncBufferSaIS0_EED2Ev
FNDA:2259768,_ZNSt6vectorI11AsyncBufferSaIS0_EED2Ev
FN:678,_ZNSt6vectorIP12napi_value__SaIS1_EED2Ev
FNDA:0,_ZNSt6vectorIP12napi_value__SaIS1_EED2Ev
FN:918,_ZNKSt6vectorI11AsyncBufferSaIS0_EE4sizeEv
FNDA:5803664,_ZNKSt6vectorI11AsyncBufferSaIS0_EE4sizeEv
FN:918,_ZNKSt6vectorIP12napi_value__SaIS1_EE4sizeEv
FNDA:0,_ZNKSt6vectorIP12napi_value__SaIS1_EE4sizeEv
FN:923,_ZNKSt6vectorI11AsyncBufferSaIS0_EE8max_sizeEv
FNDA:2077332,_ZNKSt6vectorI11AsyncBufferSaIS0_EE8max_sizeEv
FN:937,_ZNSt6vectorI11AsyncBufferSaIS0_EE6resizeEm
FNDA:519333,_ZNSt6vectorI11AsyncBufferSaIS0_EE6resizeEm
FN:1043,_ZNSt6vectorI24napi_property_descriptorSaIS0_EEixEm
FNDA:37875,_ZNSt6vectorI24napi_property_descriptorSaIS0_EEixEm
FN:1043,_ZNSt6vectorI11AsyncBufferSaIS0_EEixEm
FNDA:1038666,_ZNSt6vectorI11AsyncBufferSaIS0_EEixEm
FN:1168,_ZNSt6vectorI24napi_property_descriptorSaIS0_EE4dataEv
FNDA:505,_ZNSt6vectorI24napi_property_descriptorSaIS0_EE4dataEv
FN:1172,_ZNKSt6vectorIP12napi_value__SaIS1_EE4dataEv
FNDA:0,_ZNKSt6vectorIP12napi_value__SaIS1_EE4dataEv
FN:1603,_ZNSt6vectorI24napi_property_descriptorSaIS0_EE21_M_default_initializeEm
FNDA:505,_ZNSt6vectorI24napi_property_descriptorSaIS0_EE21_M_default_initializeEm
FN:1756,_ZNKSt6vectorI11AsyncBufferSaIS0_EE12_M_check_lenEmPKc
FNDA:519333,_ZNKSt6vectorI11AsyncBufferSaIS0_EE12_M_check_lenEmPKc
FN:1767,_ZNSt6vectorI24napi_property_descriptorSaIS0_EE17_S_check_init_lenEmRKS1_
FNDA:505,_ZNSt6vectorI24napi_property_descriptorSaIS0_EE17_S_check_init_lenEmRKS1_
FN:1776,_ZNSt6vectorI11AsyncBufferSaIS0_EE11_S_max_sizeERKS1_
FNDA:2077332,_ZNSt6vectorI11AsyncBufferSaIS0_EE11_S_max_sizeERKS1_
FN:1776,_ZNSt6vectorI24napi_property_descriptorSaIS0_EE11_S_max_sizeERKS1_
FNDA:505,_ZNSt6vectorI24napi_property_descriptorSaIS0_EE11_S_max_sizeERKS1_
FN:1792,_ZNSt6vectorI11AsyncBufferSaIS0_EE15_M_erase_at_endEPS0_
FNDA:0,_ZNSt6vectorI11AsyncBufferSaIS0_EE15_M_erase_at_endEPS0_
FN:1844,_ZNKSt6vectorIP12napi_value__SaIS1_EE11_M_data_ptrIS1_EEPT_S6_
FNDA:0,_ZNKSt6vectorIP12napi_value__SaIS1_EE11_M_data_ptrIS1_EEPT_S6_
FN:1844,_ZNKSt6vectorI24napi_property_descriptorSaIS0_EE11_M_data_ptrIS0_EEPT_S5_
FNDA:505,_ZNKSt6vectorI24napi_property_descriptorSaIS0_EE11_M_data_ptrIS0_EEPT_S5_
DA:97,505
DA:98,505
DA:99,505
DA:97,2259768
DA:98,2259768
DA:99,2259768
DA:97,0
DA:98,0
DA:99,0
DA:131,2259768
DA:133,2259768
DA:134,2259768
DA:131,0
DA:133,0
DA:134,0
DA:136,505
DA:137,505
DA:138,505
DA:276,1010
DA:277,1010
DA:276,3298434
DA:277,3298434
DA:276,0
DA:277,0
DA:280,2077332
DA:281,2077332
DA:288,2259768
DA:288,0
DA:303,505
DA:304,505
DA:305,505
DA:333,505
DA:335,505
DA:336,505
DA:337,505
DA:333,2259768
DA:335,2259768
DA:336,2259768
DA:337,2259768
DA:333,0
DA:335,0
DA:336,0
DA:337,0
DA:343,505
DA:346,505
DA:343,519333
DA:346,519333
DA:350,505
DA:353,505
DA:354,505
DA:355,505
DA:350,2779101
DA:353,2779101
DA:354,519333
DA:355,2779101
DA:350,0
DA:353,0
DA:354,0
DA:355,0
DA:359,505
DA:361,505
DA:362,505
DA:363,505
DA:364,505
DA:431,519333
DA:436,519333
DA:444,519333
DA:449,519333
DA:453,519333
DA:456,519333
DA:465,519333
DA:469,519333
DA:487,2259768
DA:487,0
DA:510,505
DA:511,505
DA:512,505
DA:678,505
DA:680,505
DA:681,505
DA:683,505
DA:678,2259768
DA:680,2259768
DA:681,2259768
DA:683,2259768
DA:678,0
DA:680,0
DA:681,0
DA:683,0
DA:918,5803664
DA:919,5803664
DA:918,0
DA:919,0
DA:923,2077332
DA:924,2077332
DA:937,519333
DA:939,519333
DA:940,519333
DA:941,0
DA:942,0
DA:943,519333
DA:1043,37875
DA:1046,37875
DA:1043,1038666
DA:1046,1038666
DA:1168,505
DA:1169,505
DA:1172,0
DA:1173,0
DA:1603,505
DA:1605,505
DA:1606,505
DA:1607,505
DA:1608,505
DA:1756,519333
DA:1758,519333
DA:1759,0
DA:1761,519333
DA:1762,519333
DA:1767,505
DA:1769,505
DA:1770,0
DA:1772,505
DA:1776,2077332
DA:1781,2077332
DA:1783,2077332
DA:1784,2077332
DA:1776,505
DA:1781,505
DA:1783,505
DA:1784,505
DA:1792,0
DA:1794,0
DA:1796,0
DA:1797,0
DA:1798,0
DA:1801,0
DA:1844,505
DA:1845,505
DA:1844,0
DA:1845,0
end_of_record
SF:/home/david/shared-memory-disruptor/node_modules/node-addon-api/napi.h
FN:1082,_ZN4Napi10TypedArray30TypedArrayTypeForPrimitiveTypeIhEE20napi_typedarray_typev
FNDA:0,_ZN4Napi10TypedArray30TypedArrayTypeForPrimitiveTypeIhEE20napi_typedarray_typev
FN:1897,_ZN4Napi23ClassPropertyDescriptorI9DisruptorEC2E24napi_property_descriptor
FNDA:12625,_ZN4Napi23ClassPropertyDescriptorI9DisruptorEC2E24napi_property_descriptor
FN:2015,_ZN4Napi12InstanceWrapI9DisruptorE10WrapSetterENS2_9SetterTagILMS1_FvRKNS_12CallbackInfoERKNS_5ValueEE0EEE
FNDA:5050,_ZN4Napi12InstanceWrapI9DisruptorE10WrapSetterENS2_9SetterTagILMS1_FvRKNS_12CallbackInfoERKNS_5ValueEE0EEE
DA:1082,0
DA:1095,0
DA:1897,12625
DA:2015,5050
DA:2016,5050
end_of_record
SF:/usr/include/c++/11/bits/ptr_traits.h
FN:146,_ZNSt14pointer_traitsIPNSt8__detail10_Hash_nodeIPhLb0EEEE10pointer_toERS3_
FNDA:3612,_ZNSt14pointer_traitsIPNSt8__detail10_Hash_nodeIPhLb0EEEE10pointer_toERS3_
FN:146,_ZNSt14pointer_traitsIPPNSt8__detail15_Hash_node_baseEE10pointer_toERS2_
FNDA:4,_ZNSt14pointer_traitsIPPNSt8__detail15_Hash_node_baseEE10pointer_toERS2_
FN:156,_ZSt12__to_addressIPNSt8__detail15_Hash_node_baseEEPT_S4_
FNDA:257,_ZSt12__to_addressIPNSt8__detail15_Hash_node_baseEEPT_S4_
FN:156,_ZSt12__to_addressINSt8__detail10_Hash_nodeIPhLb0EEEEPT_S5_
FNDA:3712,_ZSt12__to_addressINSt8__detail10_Hash_nodeIPhLb0EEEEPT_S5_
DA:146,3612
DA:147,3612
DA:146,4
DA:147,4
DA:156,257
DA:159,257
DA:156,3712
DA:159,3712
end_of_record
SF:/usr/include/c++/11/bits/vector.tcc
FN:611,_ZNSt6vectorI11AsyncBufferSaIS0_EE17_M_default_appendEm
FNDA:519333,_ZNSt6vectorI11AsyncBufferSaIS0_EE17_M_default_appendEm
DA:611,519333
DA:614,519333
DA:616,519333
DA:617,519333
DA:618,519333
DA:620,519333
DA:621,0
DA:623,519333
DA:626,0
DA:627,0
DA:628,0
DA:634,519333
DA:635,519333
DA:636,519333
DA:640,519333
DA:641,519333
DA:643,0
DA:645,0
DA:646,0
DA:648,519333
DA:649,519333
DA:653,0
DA:656,0
DA:657,0
DA:658,0
DA:659,0
DA:661,0
DA:663,0
DA:665,0
DA:666,0
DA:667,0
DA:668,0
DA:669,0
DA:671,0
DA:672,0
DA:675,519333
DA:676,519333
DA:677,519333
DA:678,519333
DA:679,519333
DA:680,519333
DA:683,519333
end_of_record
SF:/usr/include/c++/11/bits/std_mutex.h
FN:98,_ZNSt5mutex4lockEv
FNDA:11541,_ZNSt5mutex4lockEv
FN:115,_ZNSt5mutex6unlockEv
FNDA:11541,_ZNSt5mutex6unlockEv
FN:228,_ZNSt10lock_guardISt5mutexEC2ERS0_
FNDA:11541,_ZNSt10lock_guardISt5mutexEC2ERS0_
FN:234,_ZNSt10lock_guardISt5mutexED2Ev
FNDA:11541,_ZNSt10lock_guardISt5mutexED2Ev
DA:98,11541
DA:100,11541
DA:103,11541
DA:104,0
DA:105,11541
DA:115,11541
DA:118,11541
DA:119,11541
DA:228,11541
DA:229,11541
DA:234,11541
DA:235,11541
end_of_record
SF:/usr/include/c++/11/ext/type_traits.h
FN:152,_ZN9__gnu_cxx17__is_null_pointerIKcEEbPT_
FNDA:0,_ZN9__gnu_cxx17__is_null_pointerIKcEEbPT_
DA:152,0
DA:153,0
end_of_record
SF:/usr/include/c++/11/bits/functional_hash.h
FN:110,_ZNKSt4hashIPhEclES0_
FNDA:25256,_ZNKSt4hashIPhEclES0_
DA:110,25256
DA:111,25256
end_of_record
SF:/usr/include/c++/11/bits/stl_algobase.h
FN:230,_ZSt3minImERKT_S2_S2_
FNDA:2077837,_ZSt3minImERKT_S2_S2_
FN:254,_ZSt3maxImERKT_S2_S2_
FNDA:519333,_ZSt3maxImERKT_S2_S2_
FN:313,_ZSt12__niter_baseIP11AsyncBufferET_S2_
FNDA:1557999,_ZSt12__niter_baseIP11AsyncBufferET_S2_
FN:908,_ZSt9__fill_a1IP24napi_property_descriptorS0_EN9__gnu_cxx11__enable_ifIXntsrSt11__is_scalarIT0_E7__valueEvE6__typeET_S9_RKS5_
FNDA:505,_ZSt9__fill_a1IP24napi_property_descriptorS0_EN9__gnu_cxx11__enable_ifIXntsrSt11__is_scalarIT0_E7__valueEvE6__typeET_S9_RKS5_
FN:968,_ZSt8__fill_aIP24napi_property_descriptorS0_EvT_S2_RKT0_
FNDA:505,_ZSt8__fill_aIP24napi_property_descriptorS0_EvT_S2_RKT0_
FN:1010,_ZSt17__size_to_integerm
FNDA:505,_ZSt17__size_to_integerm
FN:1109,_ZSt10__fill_n_aIP24napi_property_descriptormS0_ET_S2_T0_RKT1_St26random_access_iterator_tag
FNDA:505,_ZSt10__fill_n_aIP24napi_property_descriptormS0_ET_S2_T0_RKT1_St26random_access_iterator_tag
FN:1144,_ZSt6fill_nIP24napi_property_descriptormS0_ET_S2_T0_RKT1_
FNDA:505,_ZSt6fill_nIP24napi_property_descriptormS0_ET_S2_T0_RKT1_
DA:230,2077837
DA:235,2077837
DA:236,0
DA:237,2077837
DA:254,519333
DA:259,519333
DA:260,519101
DA:261,232
DA:313,1557999
DA:315,1557999
DA:908,505
DA:911,12625
DA:912,12120
DA:913,505
DA:968,505
DA:969,505
DA:1010,505
DA:1109,505
DA:1115,505
DA:1116,0
DA:1120,505
DA:1121,505
DA:1144,505
DA:1149,505
DA:1150,1010
end_of_record
SF:/usr/include/c++/11/bits/stl_construct.h
FN:108,_ZSt10_ConstructI11AsyncBufferJS0_EEvPT_DpOT0_
FNDA:0,_ZSt10_ConstructI11AsyncBufferJS0_EEvPT_DpOT0_
FN:108,_ZSt10_ConstructI24napi_property_descriptorJEEvPT_DpOT0_
FNDA:505,_ZSt10_ConstructI24napi_property_descriptorJEEvPT_DpOT0_
FN:108,_ZSt10_ConstructI11AsyncBufferJEEvPT_DpOT0_
FNDA:519333,_ZSt10_ConstructI11AsyncBufferJEEvPT_DpOT0_
FN:161,_ZNSt12_Destroy_auxILb1EE9__destroyIP24napi_property_descriptorEEvT_S4_
FNDA:505,_ZNSt12_Destroy_auxILb1EE9__destroyIP24napi_property_descriptorEEvT_S4_
FN:161,_ZNSt12_Destroy_auxILb1EE9__destroyIP11AsyncBufferEEvT_S4_
FNDA:2259768,_ZNSt12_Destroy_auxILb1EE9__destroyIP11AsyncBufferEEvT_S4_
FN:161,_ZNSt12_Destroy_auxILb1EE9__destroyIPP12napi_value__EEvT_S5_
FNDA:0,_ZNSt12_Destroy_auxILb1EE9__destroyIPP12napi_value__EEvT_S5_
FN:171,_ZSt8_DestroyIP24napi_property_descriptorEvT_S2_
FNDA:505,_ZSt8_DestroyIP24napi_property_descriptorEvT_S2_
FN:171,_ZSt8_DestroyIP11AsyncBufferEvT_S2_
FNDA:2259768,_ZSt8_DestroyIP11AsyncBufferEvT_S2_
FN:171,_ZSt8_DestroyIPP12napi_value__EvT_S3_
FNDA:0,_ZSt8_DestroyIPP12napi_value__EvT_S3_
DA:108,0
DA:109,0
DA:108,505
DA:109,505
DA:108,519333
DA:109,1038666
DA:161,505
DA:161,2259768
DA:161,0
DA:171,505
DA:185,505
DA:186,505
DA:171,2259768
DA:185,2259768
DA:186,2259768
DA:171,0
DA:185,0
DA:186,0
end_of_record
SF:/usr/include/c++/11/bits/stl_function.h
FN:355,_ZNKSt8equal_toIPhEclERKS0_S3_
FNDA:12920,_ZNKSt8equal_toIPhEclERKS0_S3_
DA:355,12920
DA:356,12920
end_of_record
SF:/usr/include/c++/11/ext/aligned_buffer.h
FN:102,_ZN9__gnu_cxx16__aligned_bufferIPhE7_M_addrEv
FNDA:11036,_ZN9__gnu_cxx16__aligned_bufferIPhE7_M_addrEv
FN:108,_ZNK9__gnu_cxx16__aligned_bufferIPhE7_M_addrEv
FNDA:24165,_ZNK9__gnu_cxx16__aligned_bufferIPhE7_M_addrEv
FN:114,_ZN9__gnu_cxx16__aligned_bufferIPhE6_M_ptrEv
FNDA:11036,_ZN9__gnu_cxx16__aligned_bufferIPhE6_M_ptrEv
FN:118,_ZNK9__gnu_cxx16__aligned_bufferIPhE6_M_ptrEv
FNDA:24165,_ZNK9__gnu_cxx16__aligned_bufferIPhE6_M_ptrEv
DA:102,11036
DA:104,11036
DA:108,24165
DA:110,24165
DA:114,11036
DA:115,11036
DA:118,24165
DA:119,24165
end_of_record
SF:/usr/include/c++/11/bits/alloc_traits.h
FN:459,_ZNSt16allocator_traitsISaIPNSt8__detail15_Hash_node_baseEEE8allocateERS3_m
FNDA:257,_ZNSt16allocator_traitsISaIPNSt8__detail15_Hash_node_baseEEE8allocateERS3_m
FN:459,_ZNSt16allocator_traitsISaI24napi_property_descriptorEE8allocateERS1_m
FNDA:505,_ZNSt16allocator_traitsISaI24napi_property_descriptorEE8allocateERS1_m
FN:459,_ZNSt16allocator_traitsISaINSt8__detail10_Hash_nodeIPhLb0EEEEE8allocateERS4_m
FNDA:3712,_ZNSt16allocator_traitsISaINSt8__detail10_Hash_nodeIPhLb0EEEEE8allocateERS4_m
FN:459,_ZNSt16allocator_traitsISaI11AsyncBufferEE8allocateERS1_m
FNDA:519333,_ZNSt16allocator_traitsISaI11AsyncBufferEE8allocateERS1_m
FN:491,_ZNSt16allocator_traitsISaIP12napi_value__EE10deallocateERS2_PS1_m
FNDA:0,_ZNSt16allocator_traitsISaIP12napi_value__EE10deallocateERS2_PS1_m
FN:491,_ZNSt16allocator_traitsISaIPNSt8__detail15_Hash_node_baseEEE10deallocateERS3_PS2_m
FNDA:4,_ZNSt16allocator_traitsISaIPNSt8__detail15_Hash_node_baseEEE10deallocateERS3_PS2_m
FN:491,_ZNSt16allocator_traitsISaI24napi_property_descriptorEE10deallocateERS1_PS0_m
FNDA:505,_ZNSt16allocator_traitsISaI24napi_property_descriptorEE10deallocateERS1_PS0_m
FN:491,_ZNSt16allocator_traitsISaI11AsyncBufferEE10deallocateERS1_PS0_m
FNDA:519333,_ZNSt16allocator_traitsISaI11AsyncBufferEE10deallocateERS1_PS0_m
FN:491,_ZNSt16allocator_traitsISaINSt8__detail10_Hash_nodeIPhLb0EEEEE10deallocateERS4_PS3_m
FNDA:3612,_ZNSt16allocator_traitsISaINSt8__detail10_Hash_nodeIPhLb0EEEEE10deallocateERS4_PS3_m
FN:507,_ZNSt16allocator_traitsISaI11AsyncBufferEE9constructIS0_JS0_EEEvRS1_PT_DpOT0_
FNDA:232,_ZNSt16allocator_traitsISaI11AsyncBufferEE9constructIS0_JS0_EEEvRS1_PT_DpOT0_
FN:507,_ZNSt16allocator_traitsISaINSt8__detail10_Hash_nodeIPhLb0EEEEE9constructIS2_JRS2_EEEvRS4_PT_DpOT0_
FNDA:3712,_ZNSt16allocator_traitsISaINSt8__detail10_Hash_nodeIPhLb0EEEEE9constructIS2_JRS2_EEEvRS4_PT_DpOT0_
FN:527,_ZNSt16allocator_traitsISaINSt8__detail10_Hash_nodeIPhLb0EEEEE7destroyIS2_EEvRS4_PT_
FNDA:3612,_ZNSt16allocator_traitsISaINSt8__detail10_Hash_nodeIPhLb0EEEEE7destroyIS2_EEvRS4_PT_
FN:527,_ZNSt16allocator_traitsISaI11AsyncBufferEE7destroyIS0_EEvRS1_PT_
FNDA:232,_ZNSt16allocator_traitsISaI11AsyncBufferEE7destroyIS0_EEvRS1_PT_
FN:543,_ZNSt16allocator_traitsISaI24napi_property_descriptorEE8max_sizeERKS1_
FNDA:505,_ZNSt16allocator_traitsISaI24napi_property_descriptorEE8max_sizeERKS1_
FN:543,_ZNSt16allocator_traitsISaI11AsyncBufferEE8max_sizeERKS1_
FNDA:2077332,_ZNSt16allocator_traitsISaI11AsyncBufferEE8max_sizeERKS1_
FN:743,_ZSt8_DestroyIP24napi_property_descriptorS0_EvT_S2_RSaIT0_E
FNDA:505,_ZSt8_DestroyIP24napi_property_descriptorS0_EvT_S2_RSaIT0_E
FN:743,_ZSt8_DestroyIP11AsyncBufferS0_EvT_S2_RSaIT0_E
FNDA:2259768,_ZSt8_DestroyIP11AsyncBufferS0_EvT_S2_RSaIT0_E
FN:743,_ZSt8_DestroyIPP12napi_value__S1_EvT_S3_RSaIT0_E
FNDA:0,_ZSt8_DestroyIPP12napi_value__S1_EvT_S3_RSaIT0_E
DA:459,257
DA:460,257
DA:459,505
DA:460,505
DA:459,519333
DA:460,519333
DA:459,3712
DA:460,3712
DA:491,505
DA:492,505
DA:491,519333
DA:492,519333
DA:491,3612
DA:492,3612
DA:491,4
DA:492,4
DA:491,0
DA:492,0
DA:507,232
DA:512,232
DA:516,232
DA:507,3712
DA:512,3712
DA:516,3712
DA:527,232
DA:531,232
DA:535,232
DA:527,3612
DA:531,3612
DA:535,3612
DA:543,2077332
DA:546,2077332
DA:543,505
DA:546,505
DA:743,505
DA:746,505
DA:747,505
DA:743,2259768
DA:746,2259768
DA:747,2259768
DA:743,0
DA:746,0
DA:747,0
end_of_record
SF:/usr/include/c++/11/bits/stl_iterator.h
FN:1387,_ZNSt13move_iteratorIP11AsyncBufferEC2ES1_
FNDA:0,_ZNSt13move_iteratorIP11AsyncBufferEC2ES1_
FN:1412,_ZNKSt13move_iteratorIP11AsyncBufferE4baseEv
FNDA:0,_ZNKSt13move_iteratorIP11AsyncBufferE4baseEv
FN:1425,_ZNKSt13move_iteratorIP11AsyncBufferEdeEv
FNDA:0,_ZNKSt13move_iteratorIP11AsyncBufferEdeEv
FN:1437,_ZNSt13move_iteratorIP11AsyncBufferEppEv
FNDA:0,_ZNSt13move_iteratorIP11AsyncBufferEppEv
FN:1601,_ZSteqIP11AsyncBufferEbRKSt13move_iteratorIT_ES6_
FNDA:0,_ZSteqIP11AsyncBufferEbRKSt13move_iteratorIT_ES6_
FN:1607,_ZStneIP11AsyncBufferEbRKSt13move_iteratorIT_ES6_
FNDA:0,_ZStneIP11AsyncBufferEbRKSt13move_iteratorIT_ES6_
FN:1669,_ZSt32__make_move_if_noexcept_iteratorI11AsyncBufferSt13move_iteratorIPS0_EET0_PT_
FNDA:0,_ZSt32__make_move_if_noexcept_iteratorI11AsyncBufferSt13move_iteratorIPS0_EET0_PT_
DA:1387,0
DA:1388,0
DA:1412,0
DA:1413,0
DA:1425,0
DA:1429,0
DA:1437,0
DA:1439,0
DA:1440,0
DA:1601,0
DA:1603,0
DA:1607,0
DA:1609,0
DA:1669,0
DA:1670,0
end_of_record
SF:/usr/include/c++/11/bits/hashtable.h
FN:287,_ZNSt10_HashtableIPhS0_SaIS0_ENSt8__detail9_IdentityESt8equal_toIS0_ESt4hashIS0_ENS2_18_Mod_range_hashingENS2_20_Default_ranged_hashENS2_20_Prime_rehash_policyENS2_17_Hashtable_traitsILb0ELb1ELb1EEEE12_Scoped_nodeC2IJRS0_EEEPNS2_16_Hashtable_allocISaINS2_10_Hash_nodeIS0_Lb0EEEEEEDpOT_
FNDA:3712,_ZNSt10_HashtableIPhS0_SaIS0_ENSt8__detail9_IdentityESt8equal_toIS0_ESt4hashIS0_ENS2_18_Mod_range_hashingENS2_20_Default_ranged_hashENS2_20_Prime_rehash_policyENS2_17_Hashtable_traitsILb0ELb1ELb1EEEE12_Scoped_nodeC2IJRS0_EEEPNS2_16_Hashtable_allocISaINS2_10_Hash_nodeIS0_Lb0EEEEEEDpOT_
FN:293,_ZNSt10_HashtableIPhS0_SaIS0_ENSt8__detail9_IdentityESt8equal_toIS0_ESt4hashIS0_ENS2_18_Mod_range_hashingENS2_20_Default_ranged_hashENS2_20_Prime_rehash_policyENS2_17_Hashtable_traitsILb0ELb1ELb1EEEE12_Scoped_nodeD2Ev
FNDA:3712,_ZNSt10_HashtableIPhS0_SaIS0_ENSt8__detail9_IdentityESt8equal_toIS0_ESt4hashIS0_ENS2_18_Mod_range_hashingENS2_20_Default_ranged_hashENS2_20_Prime_rehash_policyENS2_17_Hashtable_traitsILb0ELb1ELb1EEEE12_Scoped_nodeD2Ev
FN:406,_ZNKSt10_HashtableIPhS0_SaIS0_ENSt8__detail9_IdentityESt8equal_toIS0_ESt4hashIS0_ENS2_18_Mod_range_hashingENS2_20_Default_ranged_hashENS2_20_Prime_rehash_policyENS2_17_Hashtable_traitsILb0ELb1ELb1EEEE21_M_uses_single_bucketEPPNS2_15_Hash_node_baseE
FNDA:257,_ZNKSt10_HashtableIPhS0_SaIS0_ENSt8__detail9_IdentityESt8equal_toIS0_ESt4hashIS0_ENS2_18_Mod_range_hashingENS2_20_Default_ranged_hashENS2_20_Prime_rehash_policyENS2_17_Hashtable_traitsILb0ELb1ELb1EEEE21_M_uses_single_bucketEPPNS2_15_Hash_node_baseE
FN:417,_ZNSt10_HashtableIPhS0_SaIS0_ENSt8__detail9_IdentityESt8equal_toIS0_ESt4hashIS0_ENS2_18_Mod_range_hashingENS2_20_Default_ranged_hashENS2_20_Prime_rehash_policyENS2_17_Hashtable_traitsILb0ELb1ELb1EEEE19_M_allocate_bucketsEm
FNDA:257,_ZNSt10_HashtableIPhS0_SaIS0_ENSt8__detail9_IdentityESt8equal_toIS0_ESt4hashIS0_ENS2_18_Mod_range_hashingENS2_20_Default_ranged_hashENS2_20_Prime_rehash_policyENS2_17_Hashtable_traitsILb0ELb1ELb1EEEE19_M_allocate_bucketsEm
FN:429,_ZNSt10_HashtableIPhS0_SaIS0_ENSt8__detail9_IdentityESt8equal_toIS0_ESt4hashIS0_ENS2_18_Mod_range_hashingENS2_20_Default_ranged_hashENS2_20_Prime_rehash_policyENS2_17_Hashtable_traitsILb0ELb1ELb1EEEE21_M_deallocate_bucketsEPPNS2_15_Hash_node_baseEm
FNDA:257,_ZNSt10_HashtableIPhS0_SaIS0_ENSt8__detail9_IdentityESt8equal_toIS0_ESt4hashIS0_ENS2_18_Mod_range_hashingENS2_20_Default_ranged_hashENS2_20_Prime_rehash_policyENS2_17_Hashtable_traitsILb0ELb1ELb1EEEE21_M_deallocate_bucketsEPPNS2_15_Hash_node_baseEm
FN:438,_ZNSt10_HashtableIPhS0_SaIS0_ENSt8__detail9_IdentityESt8equal_toIS0_ESt4hashIS0_ENS2_18_Mod_range_hashingENS2_20_Default_ranged_hashENS2_20_Prime_rehash_policyENS2_17_Hashtable_traitsILb0ELb1ELb1EEEE21_M_deallocate_bucketsEv
FNDA:257,_ZNSt10_HashtableIPhS0_SaIS0_ENSt8__detail9_IdentityESt8equal_toIS0_ESt4hashIS0_ENS2_18_Mod_range_hashingENS2_20_Default_ranged_hashENS2_20_Prime_rehash_policyENS2_17_Hashtable_traitsILb0ELb1ELb1EEEE21_M_deallocate_bucketsEv
FN:447,_ZNKSt10_HashtableIPhS0_SaIS0_ENSt8__detail9_IdentityESt8equal_toIS0_ESt4hashIS0_ENS2_18_Mod_range_hashingENS2_20_Default_ranged_hashENS2_20_Prime_rehash_policyENS2_17_Hashtable_traitsILb0ELb1ELb1EEEE8_M_beginEv
FNDA:257,_ZNKSt10_HashtableIPhS0_SaIS0_ENSt8__detail9_IdentityESt8equal_toIS0_ESt4hashIS0_ENS2_18_Mod_range_hashingENS2_20_Default_ranged_hashENS2_20_Prime_rehash_policyENS2_17_Hashtable_traitsILb0ELb1ELb1EEEE8_M_beginEv
FN:512,_ZNSt10_HashtableIPhS0_SaIS0_ENSt8__detail9_IdentityESt8equal_toIS0_ESt4hashIS0_ENS2_18_Mod_range_hashingENS2_20_Default_ranged_hashENS2_20_Prime_rehash_policyENS2_17_Hashtable_traitsILb0ELb1ELb1EEEEC2Ev
FNDA:253,_ZNSt10_HashtableIPhS0_SaIS0_ENSt8__detail9_IdentityESt8equal_toIS0_ESt4hashIS0_ENS2_18_Mod_range_hashingENS2_20_Default_ranged_hashENS2_20_Prime_rehash_policyENS2_17_Hashtable_traitsILb0ELb1ELb1EEEEC2Ev
FN:612,_ZNSt10_HashtableIPhS0_SaIS0_ENSt8__detail9_IdentityESt8equal_toIS0_ESt4hashIS0_ENS2_18_Mod_range_hashingENS2_20_Default_ranged_hashENS2_20_Prime_rehash_policyENS2_17_Hashtable_traitsILb0ELb1ELb1EEEE3endEv
FNDA:6687,_ZNSt10_HashtableIPhS0_SaIS0_ENSt8__detail9_IdentityESt8equal_toIS0_ESt4hashIS0_ENS2_18_Mod_range_hashingENS2_20_Default_ranged_hashENS2_20_Prime_rehash_policyENS2_17_Hashtable_traitsILb0ELb1ELb1EEEE3endEv
FN:773,_ZNKSt10_HashtableIPhS0_SaIS0_ENSt8__detail9_IdentityESt8equal_toIS0_ESt4hashIS0_ENS2_18_Mod_range_hashingENS2_20_Default_ranged_hashENS2_20_Prime_rehash_policyENS2_17_Hashtable_traitsILb0ELb1ELb1EEEE15_M_bucket_indexERKNS2_16_Hash_node_valueIS0_Lb0EEE
FNDA:11017,_ZNKSt10_HashtableIPhS0_SaIS0_ENSt8__detail9_IdentityESt8equal_toIS0_ESt4hashIS0_ENS2_18_Mod_range_hashingENS2_20_Default_ranged_hashENS2_20_Prime_rehash_policyENS2_17_Hashtable_traitsILb0ELb1ELb1EEEE15_M_bucket_indexERKNS2_16_Hash_node_valueIS0_Lb0EEE
FN:777,_ZNKSt10_HashtableIPhS0_SaIS0_ENSt8__detail9_IdentityESt8equal_toIS0_ESt4hashIS0_ENS2_18_Mod_range_hashingENS2_20_Default_ranged_hashENS2_20_Prime_rehash_policyENS2_17_Hashtable_traitsILb0ELb1ELb1EEEE15_M_bucket_indexEm
FNDA:14268,_ZNKSt10_HashtableIPhS0_SaIS0_ENSt8__detail9_IdentityESt8equal_toIS0_ESt4hashIS0_ENS2_18_Mod_range_hashingENS2_20_Default_ranged_hashENS2_20_Prime_rehash_policyENS2_17_Hashtable_traitsILb0ELb1ELb1EEEE15_M_bucket_indexEm
FN:790,_ZNKSt10_HashtableIPhS0_SaIS0_ENSt8__detail9_IdentityESt8equal_toIS0_ESt4hashIS0_ENS2_18_Mod_range_hashingENS2_20_Default_ranged_hashENS2_20_Prime_rehash_policyENS2_17_Hashtable_traitsILb0ELb1ELb1EEEE12_M_find_nodeEmRKS0_m
FNDA:10399,_ZNKSt10_HashtableIPhS0_SaIS0_ENSt8__detail9_IdentityESt8equal_toIS0_ESt4hashIS0_ENS2_18_Mod_range_hashingENS2_20_Default_ranged_hashENS2_20_Prime_rehash_policyENS2_17_Hashtable_traitsILb0ELb1ELb1EEEE12_M_find_nodeEmRKS0_m
FN:897,_ZNSt10_HashtableIPhS0_SaIS0_ENSt8__detail9_IdentityESt8equal_toIS0_ESt4hashIS0_ENS2_18_Mod_range_hashingENS2_20_Default_ranged_hashENS2_20_Prime_rehash_policyENS2_17_Hashtable_traitsILb0ELb1ELb1EEEE7emplaceIJRS0_EEESt4pairINS2_14_Node_iteratorIS0_Lb1ELb0EEEbEDpOT_
FNDA:3712,_ZNSt10_HashtableIPhS0_SaIS0_ENSt8__detail9_IdentityESt8equal_toIS0_ESt4hashIS0_ENS2_18_Mod_range_hashingENS2_20_Default_ranged_hashENS2_20_Prime_rehash_policyENS2_17_Hashtable_traitsILb0ELb1ELb1EEEE7emplaceIJRS0_EEESt4pairINS2_14_Node_iteratorIS0_Lb1ELb0EEEbEDpOT_
FN:920,_ZNSt10_HashtableIPhS0_SaIS0_ENSt8__detail9_IdentityESt8equal_toIS0_ESt4hashIS0_ENS2_18_Mod_range_hashingENS2_20_Default_ranged_hashENS2_20_Prime_rehash_policyENS2_17_Hashtable_traitsILb0ELb1ELb1EEEE5eraseERKS0_
FNDA:3612,_ZNSt10_HashtableIPhS0_SaIS0_ENSt8__detail9_IdentityESt8equal_toIS0_ESt4hashIS0_ENS2_18_Mod_range_hashingENS2_20_Default_ranged_hashENS2_20_Prime_rehash_policyENS2_17_Hashtable_traitsILb0ELb1ELb1EEEE5eraseERKS0_
FN:1567,_ZNSt10_HashtableIPhS0_SaIS0_ENSt8__detail9_IdentityESt8equal_toIS0_ESt4hashIS0_ENS2_18_Mod_range_hashingENS2_20_Default_ranged_hashENS2_20_Prime_rehash_policyENS2_17_Hashtable_traitsILb0ELb1ELb1EEEE4findERKS0_
FNDA:6687,_ZNSt10_HashtableIPhS0_SaIS0_ENSt8__detail9_IdentityESt8equal_toIS0_ESt4hashIS0_ENS2_18_Mod_range_hashingENS2_20_Default_ranged_hashENS2_20_Prime_rehash_policyENS2_17_Hashtable_traitsILb0ELb1ELb1EEEE4findERKS0_
FN:1806,_ZNKSt10_HashtableIPhS0_SaIS0_ENSt8__detail9_IdentityESt8equal_toIS0_ESt4hashIS0_ENS2_18_Mod_range_hashingENS2_20_Default_ranged_hashENS2_20_Prime_rehash_policyENS2_17_Hashtable_traitsILb0ELb1ELb1EEEE19_M_find_before_nodeEmRKS0_m
FNDA:14011,_ZNKSt10_HashtableIPhS0_SaIS0_ENSt8__detail9_IdentityESt8equal_toIS0_ESt4hashIS0_ENS2_18_Mod_range_hashingENS2_20_Default_ranged_hashENS2_20_Prime_rehash_policyENS2_17_Hashtable_traitsILb0ELb1ELb1EEEE19_M_find_before_nodeEmRKS0_m
FN:1865,_ZNSt10_HashtableIPhS0_SaIS0_ENSt8__detail9_IdentityESt8equal_toIS0_ESt4hashIS0_ENS2_18_Mod_range_hashingENS2_20_Default_ranged_hashENS2_20_Prime_rehash_policyENS2_17_Hashtable_traitsILb0ELb1ELb1EEEE22_M_insert_bucket_beginEmPNS2_10_Hash_nodeIS0_Lb0EEE
FNDA:3712,_ZNSt10_HashtableIPhS0_SaIS0_ENSt8__detail9_IdentityESt8equal_toIS0_ESt4hashIS0_ENS2_18_Mod_range_hashingENS2_20_Default_ranged_hashENS2_20_Prime_rehash_policyENS2_17_Hashtable_traitsILb0ELb1ELb1EEEE22_M_insert_bucket_beginEmPNS2_10_Hash_nodeIS0_Lb0EEE
FN:1898,_ZNSt10_HashtableIPhS0_SaIS0_ENSt8__detail9_IdentityESt8equal_toIS0_ESt4hashIS0_ENS2_18_Mod_range_hashingENS2_20_Default_ranged_hashENS2_20_Prime_rehash_policyENS2_17_Hashtable_traitsILb0ELb1ELb1EEEE22_M_remove_bucket_beginEmPNS2_10_Hash_nodeIS0_Lb0EEEm
FNDA:1856,_ZNSt10_HashtableIPhS0_SaIS0_ENSt8__detail9_IdentityESt8equal_toIS0_ESt4hashIS0_ENS2_18_Mod_range_hashingENS2_20_Default_ranged_hashENS2_20_Prime_rehash_policyENS2_17_Hashtable_traitsILb0ELb1ELb1EEEE22_M_remove_bucket_beginEmPNS2_10_Hash_nodeIS0_Lb0EEEm
FN:1939,_ZNSt10_HashtableIPhS0_SaIS0_ENSt8__detail9_IdentityESt8equal_toIS0_ESt4hashIS0_ENS2_18_Mod_range_hashingENS2_20_Default_ranged_hashENS2_20_Prime_rehash_policyENS2_17_Hashtable_traitsILb0ELb1ELb1EEEE10_M_emplaceIJRS0_EEESt4pairINS2_14_Node_iteratorIS0_Lb1ELb0EEEbESt17integral_constantIbLb1EEDpOT_
FNDA:3712,_ZNSt10_HashtableIPhS0_SaIS0_ENSt8__detail9_IdentityESt8equal_toIS0_ESt4hashIS0_ENS2_18_Mod_range_hashingENS2_20_Default_ranged_hashENS2_20_Prime_rehash_policyENS2_17_Hashtable_traitsILb0ELb1ELb1EEEE10_M_emplaceIJRS0_EEESt4pairINS2_14_Node_iteratorIS0_Lb1ELb0EEEbESt17integral_constantIbLb1EEDpOT_
FN:1987,_ZNSt10_HashtableIPhS0_SaIS0_ENSt8__detail9_IdentityESt8equal_toIS0_ESt4hashIS0_ENS2_18_Mod_range_hashingENS2_20_Default_ranged_hashENS2_20_Prime_rehash_policyENS2_17_Hashtable_traitsILb0ELb1ELb1EEEE21_M_insert_unique_nodeEmmPNS2_10_Hash_nodeIS0_Lb0EEEm
FNDA:3712,_ZNSt10_HashtableIPhS0_SaIS0_ENSt8__detail9_IdentityESt8equal_toIS0_ESt4hashIS0_ENS2_18_Mod_range_hashingENS2_20_Default_ranged_hashENS2_20_Prime_rehash_policyENS2_17_Hashtable_traitsILb0ELb1ELb1EEEE21_M_insert_unique_nodeEmmPNS2_10_Hash_nodeIS0_Lb0EEEm
FN:2145,_ZNSt10_HashtableIPhS0_SaIS0_ENSt8__detail9_IdentityESt8equal_toIS0_ESt4hashIS0_ENS2_18_Mod_range_hashingENS2_20_Default_ranged_hashENS2_20_Prime_rehash_policyENS2_17_Hashtable_traitsILb0ELb1ELb1EEEE8_M_eraseEmPNS2_15_Hash_node_baseEPNS2_10_Hash_nodeIS0_Lb0EEE
FNDA:3612,_ZNSt10_HashtableIPhS0_SaIS0_ENSt8__detail9_IdentityESt8equal_toIS0_ESt4hashIS0_ENS2_18_Mod_range_hashingENS2_20_Default_ranged_hashENS2_20_Prime_rehash_policyENS2_17_Hashtable_traitsILb0ELb1ELb1EEEE8_M_eraseEmPNS2_15_Hash_node_baseEPNS2_10_Hash_nodeIS0_Lb0EEE
FN:2173,_ZNSt10_HashtableIPhS0_SaIS0_ENSt8__detail9_IdentityESt8equal_toIS0_ESt4hashIS0_ENS2_18_Mod_range_hashingENS2_20_Default_ranged_hashENS2_20_Prime_rehash_policyENS2_17_Hashtable_traitsILb0ELb1ELb1EEEE8_M_eraseESt17integral_constantIbLb1EERKS0_
FNDA:3612,_ZNSt10_HashtableIPhS0_SaIS0_ENSt8__detail9_IdentityESt8equal_toIS0_ESt4hashIS0_ENS2_18_Mod_range_hashingENS2_20_Default_ranged_hashENS2_20_Prime_rehash_policyENS2_17_Hashtable_traitsILb0ELb1ELb1EEEE8_M_eraseESt17integral_constantIbLb1EERKS0_
FN:2334,_ZNSt10_HashtableIPhS0_SaIS0_ENSt8__detail9_IdentityESt8equal_toIS0_ESt4hashIS0_ENS2_18_Mod_range_hashingENS2_20_Default_ranged_hashENS2_20_Prime_rehash_policyENS2_17_Hashtable_traitsILb0ELb1ELb1EEEE9_M_rehashEmRKm
FNDA:257,_ZNSt10_HashtableIPhS0_SaIS0_ENSt8__detail9_IdentityESt8equal_toIS0_ESt4hashIS0_ENS2_18_Mod_range_hashingENS2_20_Default_ranged_hashENS2_20_Prime_rehash_policyENS2_17_Hashtable_traitsILb0ELb1ELb1EEEE9_M_rehashEmRKm
FN:2357,_ZNSt10_HashtableIPhS0_SaIS0_ENSt8__detail9_IdentityESt8equal_toIS0_ESt4hashIS0_ENS2_18_Mod_range_hashingENS2_20_Default_ranged_hashENS2_20_Prime_rehash_policyENS2_17_Hashtable_traitsILb0ELb1ELb1EEEE13_M_rehash_auxEmSt17integral_constantIbLb1EE
FNDA:257,_ZNSt10_HashtableIPhS0_SaIS0_ENSt8__detail9_IdentityESt8equal_toIS0_ESt4hashIS0_ENS2_18_Mod_range_hashingENS2_20_Default_ranged_hashENS2_20_Prime_rehash_policyENS2_17_Hashtable_traitsILb0ELb1ELb1EEEE13_M_rehash_auxEmSt17integral_constantIbLb1EE
DA:287,3712
DA:288,3712
DA:289,3712
DA:290,3712
DA:293,3712
DA:406,257
DA:407,257
DA:417,257
DA:419,257
DA:421,0
DA:422,0
DA:425,257
DA:429,257
DA:431,257
DA:432,253
DA:434,4
DA:438,257
DA:439,257
DA:447,257
DA:448,257
DA:512,253
DA:612,6687
DA:613,6687
DA:773,11017
DA:774,11017
DA:777,14268
DA:778,14268
DA:790,10399
DA:793,10399
DA:794,10399
DA:795,2975
DA:796,7424
DA:897,3712
DA:898,3712
DA:920,3612
DA:921,3612
DA:1567,6687
DA:1572,6687
DA:1573,6687
DA:1574,6687
DA:1806,14011
DA:1812,14011
DA:1813,14011
DA:1814,3760
DA:1816,10251
DA:1817,2669
DA:1819,12920
DA:1820,6587
DA:1822,6333
DA:1823,3664
DA:1824,2669
DA:1827,3664
DA:1865,3712
DA:1869,3712
DA:1873,1829
DA:1874,1829
DA:1881,1883
DA:1882,1883
DA:1884,1883
DA:1887,1599
DA:1889,1883
DA:1891,3712
DA:1898,1856
DA:1903,1856
DA:1907,1818
DA:1908,1378
DA:1911,1818
DA:1912,366
DA:1913,1818
DA:1915,1856
DA:1939,3712
DA:1945,3712
DA:1946,3712
DA:1947,3712
DA:1948,3712
DA:1949,3712
DA:1951,0
DA:1954,3712
DA:1955,3712
DA:1956,3712
DA:1957,3712
DA:1987,3712
DA:1993,3712
DA:1995,3712
DA:1998,3712
DA:2000,257
DA:2001,257
DA:2004,3712
DA:2007,3712
DA:2008,3712
DA:2009,3712
DA:2145,3612
DA:2150,3612
DA:2151,1856
DA:2152,1856
DA:2153,1756
DA:2155,1727
DA:2156,1727
DA:2157,1592
DA:2160,3612
DA:2161,3612
DA:2162,3612
DA:2163,3612
DA:2165,3612
DA:2173,3612
DA:2178,3612
DA:2179,3612
DA:2182,3612
DA:2183,3612
DA:2184,0
DA:2187,3612
DA:2188,3612
DA:2189,3612
DA:2334,257
DA:2340,257
DA:2342,0
DA:2346,0
DA:2347,0
DA:2349,257
DA:2357,257
DA:2361,257
DA:2362,257
DA:2363,257
DA:2364,257
DA:2365,485
DA:2367,228
DA:2369,228
DA:2370,228
DA:2372,193
DA:2373,193
DA:2374,193
DA:2375,193
DA:2376,189
DA:2377,193
DA:2381,35
DA:2382,35
DA:2385,228
DA:2388,257
DA:2389,257
DA:2390,257
DA:2391,257
end_of_record
SF:/usr/include/c++/11/bits/move.h
FN:49,_ZSt11__addressofINSt8__detail10_Hash_nodeIPhLb0EEEEPT_RS4_
FNDA:3612,_ZSt11__addressofINSt8__detail10_Hash_nodeIPhLb0EEEEPT_RS4_
FN:49,_ZSt11__addressofI11AsyncBufferEPT_RS1_
FNDA:520029,_ZSt11__addressofI11AsyncBufferEPT_RS1_
FN:49,_ZSt11__addressofI24napi_property_descriptorEPT_RS1_
FNDA:505,_ZSt11__addressofI24napi_property_descriptorEPT_RS1_
FN:49,_ZSt11__addressofIPNSt8__detail15_Hash_node_baseEEPT_RS3_
FNDA:4,_ZSt11__addressofIPNSt8__detail15_Hash_node_baseEEPT_RS3_
FN:77,_ZSt7forwardIRPhEOT_RNSt16remove_referenceIS2_E4typeE
FNDA:29696,_ZSt7forwardIRPhEOT_RNSt16remove_referenceIS2_E4typeE
FN:77,_ZSt7forwardISt14default_deleteISt6vectorI11AsyncBufferSaIS2_EEEEOT_RNSt16remove_referenceIS6_E4typeE
FNDA:2168086,_ZSt7forwardISt14default_deleteISt6vectorI11AsyncBufferSaIS2_EEEEOT_RNSt16remove_referenceIS6_E4typeE
FN:77,_ZSt7forwardIbEOT_RNSt16remove_referenceIS0_E4typeE
FNDA:3712,_ZSt7forwardIbEOT_RNSt16remove_referenceIS0_E4typeE
FN:77,_ZSt7forwardIPSt6vectorI11AsyncBufferSaIS1_EEEOT_RNSt16remove_referenceIS5_E4typeE
FNDA:1038202,_ZSt7forwardIPSt6vectorI11AsyncBufferSaIS1_EEEOT_RNSt16remove_referenceIS5_E4typeE
FN:77,_ZSt7forwardINSt8__detail14_Node_iteratorIPhLb1ELb0EEEEOT_RNSt16remove_referenceIS4_E4typeE
FNDA:0,_ZSt7forwardINSt8__detail14_Node_iteratorIPhLb1ELb0EEEEOT_RNSt16remove_referenceIS4_E4typeE
FN:77,_ZSt7forwardIRNSt8__detail14_Node_iteratorIPhLb1ELb0EEEEOT_RNSt16remove_referenceIS5_E4typeE
FNDA:3712,_ZSt7forwardIRNSt8__detail14_Node_iteratorIPhLb1ELb0EEEEOT_RNSt16remove_referenceIS5_E4typeE
FN:77,_ZSt7forwardIRKPhEOT_RNSt16remove_referenceIS3_E4typeE
FNDA:24165,_ZSt7forwardIRKPhEOT_RNSt16remove_referenceIS3_E4typeE
FN:77,_ZSt7forwardI11AsyncBufferEOT_RNSt16remove_referenceIS1_E4typeE
FNDA:464,_ZSt7forwardI11AsyncBufferEOT_RNSt16remove_referenceIS1_E4typeE
FN:104,_ZSt4moveIRN4Napi17FunctionReferenceEEONSt16remove_referenceIT_E4typeEOS4_
FNDA:3712,_ZSt4moveIRN4Napi17FunctionReferenceEEONSt16remove_referenceIT_E4typeEOS4_
FN:104,_ZSt4moveIRNSt7__cxx1112basic_stringIcSt11char_traitsIcESaIcEEEEONSt16remove_referenceIT_E4typeEOS8_
FNDA:8,_ZSt4moveIRNSt7__cxx1112basic_stringIcSt11char_traitsIcESaIcEEEEONSt16remove_referenceIT_E4typeEOS8_
FN:104,_ZSt4moveIRSaIcEEONSt16remove_referenceIT_E4typeEOS3_
FNDA:0,_ZSt4moveIRSaIcEEONSt16remove_referenceIT_E4typeEOS3_
FN:104,_ZSt4moveIRN4Napi9ReferenceINS0_8FunctionEEEEONSt16remove_referenceIT_E4typeEOS6_
FNDA:3800253,_ZSt4moveIRN4Napi9ReferenceINS0_8FunctionEEEEONSt16remove_referenceIT_E4typeEOS6_
FN:104,_ZSt4moveIRPiEONSt16remove_referenceIT_E4typeEOS3_
FNDA:3712,_ZSt4moveIRPiEONSt16remove_referenceIT_E4typeEOS3_
FN:104,_ZSt4moveIRN4Napi9ReferenceINS0_6ObjectEEEEONSt16remove_referenceIT_E4typeEOS6_
FNDA:7593082,_ZSt4moveIRN4Napi9ReferenceINS0_6ObjectEEEEONSt16remove_referenceIT_E4typeEOS6_
FN:104,_ZSt4moveIRPSt6vectorI11AsyncBufferSaIS1_EEEONSt16remove_referenceIT_E4typeEOS7_
FNDA:1129884,_ZSt4moveIRPSt6vectorI11AsyncBufferSaIS1_EEEONSt16remove_referenceIT_E4typeEOS7_
FN:104,_ZSt4moveIRSt5tupleIJPSt6vectorI11AsyncBufferSaIS2_EESt14default_deleteIS4_EEEEONSt16remove_referenceIT_E4typeEOSB_
FNDA:519101,_ZSt4moveIRSt5tupleIJPSt6vectorI11AsyncBufferSaIS2_EESt14default_deleteIS4_EEEEONSt16remove_referenceIT_E4typeEOSB_
FN:104,_ZSt4moveIR11AsyncBufferEONSt16remove_referenceIT_E4typeEOS3_
FNDA:519565,_ZSt4moveIR11AsyncBufferEONSt16remove_referenceIT_E4typeEOS3_
FN:104,_ZSt4moveIRSt11_Tuple_implILm1EJSt14default_deleteISt6vectorI11AsyncBufferSaIS3_EEEEEEONSt16remove_referenceIT_E4typeEOSA_
FNDA:519101,_ZSt4moveIRSt11_Tuple_implILm1EJSt14default_deleteISt6vectorI11AsyncBufferSaIS3_EEEEEEONSt16remove_referenceIT_E4typeEOSA_
FN:104,_ZSt4moveIRP11AsyncBufferEONSt16remove_referenceIT_E4typeEOS4_
FNDA:0,_ZSt4moveIRP11AsyncBufferEONSt16remove_referenceIT_E4typeEOS4_
FN:145,_ZSt9addressofIPNSt8__detail15_Hash_node_baseEEPT_RS3_
FNDA:4,_ZSt9addressofIPNSt8__detail15_Hash_node_baseEEPT_RS3_
FN:145,_ZSt9addressofINSt8__detail10_Hash_nodeIPhLb0EEEEPT_RS4_
FNDA:3612,_ZSt9addressofINSt8__detail10_Hash_nodeIPhLb0EEEEPT_RS4_
DA:49,3612
DA:50,3612
DA:49,520029
DA:50,520029
DA:49,505
DA:50,505
DA:49,4
DA:50,4
DA:77,464
DA:78,464
DA:77,24165
DA:78,24165
DA:77,3712
DA:78,3712
DA:77,0
DA:78,0
DA:77,1038202
DA:78,1038202
DA:77,2168086
DA:78,2168086
DA:77,29696
DA:78,29696
DA:77,3712
DA:78,3712
DA:104,0
DA:105,0
DA:104,519101
DA:105,519101
DA:104,519565
DA:105,519565
DA:104,519101
DA:105,519101
DA:104,1129884
DA:105,1129884
DA:104,3712
DA:105,3712
DA:104,0
DA:105,0
DA:104,8
DA:105,8
DA:104,3712
DA:105,3712
DA:104,3800253
DA:105,3800253
DA:104,7593082
DA:105,7593082
DA:145,3612
DA:146,3612
DA:145,4
DA:146,4
end_of_record
SF:/usr/include/c++/11/tuple
FN:80,_ZNSt10_Head_baseILm1E7CloseFDLb1EEC2Ev
FNDA:3712,_ZNSt10_Head_baseILm1E7CloseFDLb1EEC2Ev
FN:80,_ZNSt10_Head_baseILm1ESt14default_deleteISt6vectorI11AsyncBufferSaIS2_EEELb1EEC2Ev
FNDA:2259768,_ZNSt10_Head_baseILm1ESt14default_deleteISt6vectorI11AsyncBufferSaIS2_EEELb1EEC2Ev
FN:90,_ZNSt10_Head_baseILm1ESt14default_deleteISt6vectorI11AsyncBufferSaIS2_EEELb1EEC2IS5_EEOT_
FNDA:519101,_ZNSt10_Head_baseILm1ESt14default_deleteISt6vectorI11AsyncBufferSaIS2_EEELb1EEC2IS5_EEOT_
FN:120,_ZNSt10_Head_baseILm1E7CloseFDLb1EE7_M_headERS1_
FNDA:3712,_ZNSt10_Head_baseILm1E7CloseFDLb1EE7_M_headERS1_
FN:120,_ZNSt10_Head_baseILm1ESt14default_deleteISt6vectorI11AsyncBufferSaIS2_EEELb1EE7_M_headERS6_
FNDA:5038637,_ZNSt10_Head_baseILm1ESt14default_deleteISt6vectorI11AsyncBufferSaIS2_EEELb1EE7_M_headERS6_
FN:179,_ZNSt10_Head_baseILm0EPSt6vectorI11AsyncBufferSaIS1_EELb0EEC2Ev
FNDA:2259768,_ZNSt10_Head_baseILm0EPSt6vectorI11AsyncBufferSaIS1_EELb0EEC2Ev
FN:179,_ZNSt10_Head_baseILm0EPiLb0EEC2Ev
FNDA:3712,_ZNSt10_Head_baseILm0EPiLb0EEC2Ev
FN:189,_ZNSt10_Head_baseILm0EPSt6vectorI11AsyncBufferSaIS1_EELb0EEC2IS4_EEOT_
FNDA:519101,_ZNSt10_Head_baseILm0EPSt6vectorI11AsyncBufferSaIS1_EELb0EEC2IS4_EEOT_
FN:219,_ZNSt10_Head_baseILm0EPSt6vectorI11AsyncBufferSaIS1_EELb0EE7_M_headERS5_
FNDA:10596375,_ZNSt10_Head_baseILm0EPSt6vectorI11AsyncBufferSaIS1_EELb0EE7_M_headERS5_
FN:219,_ZNSt10_Head_baseILm0EPiLb0EE7_M_headERS1_
FNDA:7424,_ZNSt10_Head_baseILm0EPiLb0EE7_M_headERS1_
FN:222,_ZNSt10_Head_baseILm0EPSt6vectorI11AsyncBufferSaIS1_EELb0EE7_M_headERKS5_
FNDA:3726332,_ZNSt10_Head_baseILm0EPSt6vectorI11AsyncBufferSaIS1_EELb0EE7_M_headERKS5_
FN:222,_ZNSt10_Head_baseILm0EPiLb0EE7_M_headERKS1_
FNDA:3952,_ZNSt10_Head_baseILm0EPiLb0EE7_M_headERKS1_
FN:254,_ZNSt11_Tuple_implILm0EJPSt6vectorI11AsyncBufferSaIS1_EESt14default_deleteIS3_EEE7_M_headERS7_
FNDA:10596375,_ZNSt11_Tuple_implILm0EJPSt6vectorI11AsyncBufferSaIS1_EESt14default_deleteIS3_EEE7_M_headERS7_
FN:254,_ZNSt11_Tuple_implILm0EJPi7CloseFDEE7_M_headERS2_
FNDA:7424,_ZNSt11_Tuple_implILm0EJPi7CloseFDEE7_M_headERS2_
FN:257,_ZNSt11_Tuple_implILm0EJPSt6vectorI11AsyncBufferSaIS1_EESt14default_deleteIS3_EEE7_M_headERKS7_
FNDA:3726332,_ZNSt11_Tuple_implILm0EJPSt6vectorI11AsyncBufferSaIS1_EESt14default_deleteIS3_EEE7_M_headERKS7_
FN:257,_ZNSt11_Tuple_implILm0EJPi7CloseFDEE7_M_headERKS2_
FNDA:3952,_ZNSt11_Tuple_implILm0EJPi7CloseFDEE7_M_headERKS2_
FN:260,_ZNSt11_Tuple_implILm0EJPSt6vectorI11AsyncBufferSaIS1_EESt14default_deleteIS3_EEE7_M_tailERS7_
FNDA:519101,_ZNSt11_Tuple_implILm0EJPSt6vectorI11AsyncBufferSaIS1_EESt14default_deleteIS3_EEE7_M_tailERS7_
FN:265,_ZNSt11_Tuple_implILm0EJPSt6vectorI11AsyncBufferSaIS1_EESt14default_deleteIS3_EEEC2Ev
FNDA:2259768,_ZNSt11_Tuple_implILm0EJPSt6vectorI11AsyncBufferSaIS1_EESt14default_deleteIS3_EEEC2Ev
FN:265,_ZNSt11_Tuple_implILm0EJPi7CloseFDEEC2Ev
FNDA:3712,_ZNSt11_Tuple_implILm0EJPi7CloseFDEEC2Ev
FN:288,_ZNSt11_Tuple_implILm0EJPSt6vectorI11AsyncBufferSaIS1_EESt14default_deleteIS3_EEEC2EOS7_
FNDA:519101,_ZNSt11_Tuple_implILm0EJPSt6vectorI11AsyncBufferSaIS1_EESt14default_deleteIS3_EEEC2EOS7_
FN:415,_ZNSt11_Tuple_implILm1EJSt14default_deleteISt6vectorI11AsyncBufferSaIS2_EEEEE7_M_headERS6_
FNDA:5038637,_ZNSt11_Tuple_implILm1EJSt14default_deleteISt6vectorI11AsyncBufferSaIS2_EEEEE7_M_headERS6_
FN:415,_ZNSt11_Tuple_implILm1EJ7CloseFDEE7_M_headERS1_
FNDA:3712,_ZNSt11_Tuple_implILm1EJ7CloseFDEE7_M_headERS1_
FN:421,_ZNSt11_Tuple_implILm1EJSt14default_deleteISt6vectorI11AsyncBufferSaIS2_EEEEEC2Ev
FNDA:2259768,_ZNSt11_Tuple_implILm1EJSt14default_deleteISt6vectorI11AsyncBufferSaIS2_EEEEEC2Ev
FN:421,_ZNSt11_Tuple_implILm1EJ7CloseFDEEC2Ev
FNDA:3712,_ZNSt11_Tuple_implILm1EJ7CloseFDEEC2Ev
FN:442,_ZNSt11_Tuple_implILm1EJSt14default_deleteISt6vectorI11AsyncBufferSaIS2_EEEEEC2EOS6_
FNDA:519101,_ZNSt11_Tuple_implILm1EJSt14default_deleteISt6vectorI11AsyncBufferSaIS2_EEEEEC2EOS6_
FN:1038,_ZNSt5tupleIJPi7CloseFDEEC2ILb1ELb1EEEv
FNDA:3712,_ZNSt5tupleIJPi7CloseFDEEC2ILb1ELb1EEEv
FN:1038,_ZNSt5tupleIJPSt6vectorI11AsyncBufferSaIS1_EESt14default_deleteIS3_EEEC2ILb1ELb1EEEv
FNDA:2259768,_ZNSt5tupleIJPSt6vectorI11AsyncBufferSaIS1_EESt14default_deleteIS3_EEEC2ILb1ELb1EEEv
FN:1079,_ZNSt5tupleIJPSt6vectorI11AsyncBufferSaIS1_EESt14default_deleteIS3_EEEC2EOS7_
FNDA:519101,_ZNSt5tupleIJPSt6vectorI11AsyncBufferSaIS1_EESt14default_deleteIS3_EEEC2EOS7_
FN:1366,_ZSt12__get_helperILm1ESt14default_deleteISt6vectorI11AsyncBufferSaIS2_EEEJEERT0_RSt11_Tuple_implIXT_EJS6_DpT1_EE
FNDA:4519536,_ZSt12__get_helperILm1ESt14default_deleteISt6vectorI11AsyncBufferSaIS2_EEEJEERT0_RSt11_Tuple_implIXT_EJS6_DpT1_EE
FN:1366,_ZSt12__get_helperILm0EPSt6vectorI11AsyncBufferSaIS1_EEJSt14default_deleteIS3_EEERT0_RSt11_Tuple_implIXT_EJS7_DpT1_EE
FNDA:10077274,_ZSt12__get_helperILm0EPSt6vectorI11AsyncBufferSaIS1_EEJSt14default_deleteIS3_EEERT0_RSt11_Tuple_implIXT_EJS7_DpT1_EE
FN:1366,_ZSt12__get_helperILm0EPiJ7CloseFDEERT0_RSt11_Tuple_implIXT_EJS2_DpT1_EE
FNDA:7424,_ZSt12__get_helperILm0EPiJ7CloseFDEERT0_RSt11_Tuple_implIXT_EJS2_DpT1_EE
FN:1366,_ZSt12__get_helperILm1E7CloseFDJEERT0_RSt11_Tuple_implIXT_EJS1_DpT1_EE
FNDA:3712,_ZSt12__get_helperILm1E7CloseFDJEERT0_RSt11_Tuple_implIXT_EJS1_DpT1_EE
FN:1371,_ZSt12__get_helperILm0EPiJ7CloseFDEERKT0_RKSt11_Tuple_implIXT_EJS2_DpT1_EE
FNDA:3952,_ZSt12__get_helperILm0EPiJ7CloseFDEERKT0_RKSt11_Tuple_implIXT_EJS2_DpT1_EE
FN:1371,_ZSt12__get_helperILm0EPSt6vectorI11AsyncBufferSaIS1_EEJSt14default_deleteIS3_EEERKT0_RKSt11_Tuple_implIXT_EJS7_DpT1_EE
FNDA:3726332,_ZSt12__get_helperILm0EPSt6vectorI11AsyncBufferSaIS1_EEJSt14default_deleteIS3_EEERKT0_RKSt11_Tuple_implIXT_EJS7_DpT1_EE
FN:1382,_ZSt3getILm1EJPi7CloseFDEERNSt13tuple_elementIXT_ESt5tupleIJDpT0_EEE4typeERS6_
FNDA:3712,_ZSt3getILm1EJPi7CloseFDEERNSt13tuple_elementIXT_ESt5tupleIJDpT0_EEE4typeERS6_
FN:1382,_ZSt3getILm1EJPSt6vectorI11AsyncBufferSaIS1_EESt14default_deleteIS3_EEERNSt13tuple_elementIXT_ESt5tupleIJDpT0_EEE4typeERSB_
FNDA:4519536,_ZSt3getILm1EJPSt6vectorI11AsyncBufferSaIS1_EESt14default_deleteIS3_EEERNSt13tuple_elementIXT_ESt5tupleIJDpT0_EEE4typeERSB_
FN:1382,_ZSt3getILm0EJPSt6vectorI11AsyncBufferSaIS1_EESt14default_deleteIS3_EEERNSt13tuple_elementIXT_ESt5tupleIJDpT0_EEE4typeERSB_
FNDA:10077274,_ZSt3getILm0EJPSt6vectorI11AsyncBufferSaIS1_EESt14default_deleteIS3_EEERNSt13tuple_elementIXT_ESt5tupleIJDpT0_EEE4typeERSB_
FN:1382,_ZSt3getILm0EJPi7CloseFDEERNSt13tuple_elementIXT_ESt5tupleIJDpT0_EEE4typeERS6_
FNDA:7424,_ZSt3getILm0EJPi7CloseFDEERNSt13tuple_elementIXT_ESt5tupleIJDpT0_EEE4typeERS6_
FN:1388,_ZSt3getILm0EJPi7CloseFDEERKNSt13tuple_elementIXT_ESt5tupleIJDpT0_EEE4typeERKS6_
FNDA:3952,_ZSt3getILm0EJPi7CloseFDEERKNSt13tuple_elementIXT_ESt5tupleIJDpT0_EEE4typeERKS6_
FN:1388,_ZSt3getILm0EJPSt6vectorI11AsyncBufferSaIS1_EESt14default_deleteIS3_EEERKNSt13tuple_elementIXT_ESt5tupleIJDpT0_EEE4typeERKSB_
FNDA:3726332,_ZSt3getILm0EJPSt6vectorI11AsyncBufferSaIS1_EESt14default_deleteIS3_EEERKNSt13tuple_elementIXT_ESt5tupleIJDpT0_EEE4typeERKSB_
DA:80,2259768
DA:81,2259768
DA:80,3712
DA:81,3712
DA:90,519101
DA:91,519101
DA:120,3712
DA:120,5038637
DA:179,2259768
DA:180,2259768
DA:179,3712
DA:180,3712
DA:189,519101
DA:190,519101
DA:219,7424
DA:219,10596375
DA:222,3726332
DA:222,3952
DA:254,7424
DA:254,10596375
DA:257,3726332
DA:257,3952
DA:260,519101
DA:265,2259768
DA:266,2259768
DA:265,3712
DA:266,3712
DA:288,519101
DA:291,519101
DA:292,519101
DA:293,519101
DA:415,3712
DA:415,5038637
DA:421,2259768
DA:422,2259768
DA:421,3712
DA:422,3712
DA:442,519101
DA:444,519101
DA:445,519101
DA:1038,2259768
DA:1040,2259768
DA:1038,3712
DA:1040,3712
DA:1079,519101
DA:1366,3712
DA:1367,3712
DA:1366,4519536
DA:1367,4519536
DA:1366,10077274
DA:1367,10077274
DA:1366,7424
DA:1367,7424
DA:1371,3726332
DA:1372,3726332
DA:1371,3952
DA:1372,3952
DA:1382,3712
DA:1383,3712
DA:1382,4519536
DA:1383,4519536
DA:1382,10077274
DA:1383,10077274
DA:1382,7424
DA:1383,7424
DA:1388,3726332
DA:1389,3726332
DA:1388,3952
DA:1389,3952
end_of_record
SF:/usr/include/c++/11/bits/char_traits.h
FN:365,_ZNSt11char_traitsIcE6lengthEPKc
FNDA:0,_ZNSt11char_traitsIcE6lengthEPKc
FN:401,_ZNSt11char_traitsIcE4copyEPcPKcm
FNDA:0,_ZNSt11char_traitsIcE4copyEPcPKcm
DA:365,0
DA:371,0
DA:401,0
DA:403,0
DA:404,0
DA:409,0
end_of_record
SF:/usr/include/c++/11/bits/basic_string.tcc
FN:206,_ZNSt7__cxx1112basic_stringIcSt11char_traitsIcESaIcEE12_M_constructIPKcEEvT_S8_St20forward_iterator_tag
FNDA:0,_ZNSt7__cxx1112basic_stringIcSt11char_traitsIcESaIcEE12_M_constructIPKcEEvT_S8_St20forward_iterator_tag
DA:206,0
DA:211,0
DA:212,0
DA:215,0
DA:217,0
DA:219,0
DA:220,0
DA:225,0
DA:226,0
DA:228,0
DA:229,0
DA:232,0
DA:233,0
end_of_record
SF:/usr/include/c++/11/bits/hashtable_policy.h
FN:84,_ZNKSt8__detail9_IdentityclIRPhEEOT_S5_
FNDA:3712,_ZNKSt8__detail9_IdentityclIRPhEEOT_S5_
FN:84,_ZNKSt8__detail9_IdentityclIRKPhEEOT_S6_
FNDA:24165,_ZNKSt8__detail9_IdentityclIRKPhEEOT_S6_
FN:218,_ZNSt8__detail15_Hash_node_baseC2Ev
FNDA:3965,_ZNSt8__detail15_Hash_node_baseC2Ev
FN:236,_ZNSt8__detail21_Hash_node_value_baseIPhE9_M_valptrEv
FNDA:11036,_ZNSt8__detail21_Hash_node_value_baseIPhE9_M_valptrEv
FN:240,_ZNKSt8__detail21_Hash_node_value_baseIPhE9_M_valptrEv
FNDA:24165,_ZNKSt8__detail21_Hash_node_value_baseIPhE9_M_valptrEv
FN:244,_ZNSt8__detail21_Hash_node_value_baseIPhE4_M_vEv
FNDA:3712,_ZNSt8__detail21_Hash_node_value_baseIPhE4_M_vEv
FN:248,_ZNKSt8__detail21_Hash_node_value_baseIPhE4_M_vEv
FNDA:24165,_ZNKSt8__detail21_Hash_node_value_baseIPhE4_M_vEv
FN:281,_ZNKSt8__detail10_Hash_nodeIPhLb0EE7_M_nextEv
FNDA:19382,_ZNKSt8__detail10_Hash_nodeIPhLb0EE7_M_nextEv
FN:294,_ZNSt8__detail19_Node_iterator_baseIPhLb0EEC2EPNS_10_Hash_nodeIS1_Lb0EEE
FNDA:20698,_ZNSt8__detail19_Node_iterator_baseIPhLb0EEC2EPNS_10_Hash_nodeIS1_Lb0EEE
FN:302,_ZNSt8__detaileqERKNS_19_Node_iterator_baseIPhLb0EEES4_
FNDA:6687,_ZNSt8__detaileqERKNS_19_Node_iterator_baseIPhLb0EEES4_
FN:337,_ZNSt8__detail14_Node_iteratorIPhLb1ELb0EEC2EPNS_10_Hash_nodeIS1_Lb0EEE
FNDA:20698,_ZNSt8__detail14_Node_iteratorIPhLb1ELb0EEC2EPNS_10_Hash_nodeIS1_Lb0EEE
FN:427,_ZNKSt8__detail18_Mod_range_hashingclEmm
FNDA:25513,_ZNKSt8__detail18_Mod_range_hashingclEmm
FN:445,_ZNSt8__detail20_Prime_rehash_policyC2Ef
FNDA:253,_ZNSt8__detail20_Prime_rehash_policyC2Ef
FN:472,_ZNKSt8__detail20_Prime_rehash_policy8_M_stateEv
FNDA:3712,_ZNKSt8__detail20_Prime_rehash_policy8_M_stateEv
FN:480,_ZNSt8__detail20_Prime_rehash_policy8_M_resetEm
FNDA:0,_ZNSt8__detail20_Prime_rehash_policy8_M_resetEm
FN:1126,_ZNSt8__detail21_Hashtable_ebo_helperILi0ESaINS_10_Hash_nodeIPhLb0EEEELb1EEC2Ev
FNDA:253,_ZNSt8__detail21_Hashtable_ebo_helperILi0ESaINS_10_Hash_nodeIPhLb0EEEELb1EEC2Ev
FN:1133,_ZNKSt8__detail21_Hashtable_ebo_helperILi0ESt8equal_toIPhELb1EE7_M_cgetEv
FNDA:12920,_ZNKSt8__detail21_Hashtable_ebo_helperILi0ESt8equal_toIPhELb1EE7_M_cgetEv
FN:1133,_ZNKSt8__detail21_Hashtable_ebo_helperILi1ESt4hashIPhELb1EE7_M_cgetEv
FNDA:25256,_ZNKSt8__detail21_Hashtable_ebo_helperILi1ESt4hashIPhELb1EE7_M_cgetEv
FN:1134,_ZNSt8__detail21_Hashtable_ebo_helperILi0ESaINS_10_Hash_nodeIPhLb0EEEELb1EE6_M_getEv
FNDA:14909,_ZNSt8__detail21_Hashtable_ebo_helperILi0ESaINS_10_Hash_nodeIPhLb0EEEELb1EE6_M_getEv
FN:1213,_ZNKSt8__detail15_Hash_code_baseIPhS1_NS_9_IdentityESt4hashIS1_ENS_18_Mod_range_hashingENS_20_Default_ranged_hashELb0EE12_M_hash_codeERKS1_
FNDA:25256,_ZNKSt8__detail15_Hash_code_baseIPhS1_NS_9_IdentityESt4hashIS1_ENS_18_Mod_range_hashingENS_20_Default_ranged_hashELb0EE12_M_hash_codeERKS1_
FN:1230,_ZNKSt8__detail15_Hash_code_baseIPhS1_NS_9_IdentityESt4hashIS1_ENS_18_Mod_range_hashingENS_20_Default_ranged_hashELb0EE15_M_bucket_indexEmm
FNDA:14268,_ZNKSt8__detail15_Hash_code_baseIPhS1_NS_9_IdentityESt4hashIS1_ENS_18_Mod_range_hashingENS_20_Default_ranged_hashELb0EE15_M_bucket_indexEmm
FN:1234,_ZNKSt8__detail15_Hash_code_baseIPhS1_NS_9_IdentityESt4hashIS1_ENS_18_Mod_range_hashingENS_20_Default_ranged_hashELb0EE15_M_bucket_indexERKNS_16_Hash_node_valueIS1_Lb0EEEm
FNDA:11245,_ZNKSt8__detail15_Hash_code_baseIPhS1_NS_9_IdentityESt4hashIS1_ENS_18_Mod_range_hashingENS_20_Default_ranged_hashELb0EE15_M_bucket_indexERKNS_16_Hash_node_valueIS1_Lb0EEEm
FN:1252,_ZNKSt8__detail15_Hash_code_baseIPhS1_NS_9_IdentityESt4hashIS1_ENS_18_Mod_range_hashingENS_20_Default_ranged_hashELb0EE13_M_store_codeERNS_21_Hash_node_code_cacheILb0EEEm
FNDA:3712,_ZNKSt8__detail15_Hash_code_baseIPhS1_NS_9_IdentityESt4hashIS1_ENS_18_Mod_range_hashingENS_20_Default_ranged_hashELb0EE13_M_store_codeERNS_21_Hash_node_code_cacheILb0EEEm
FN:1274,_ZNKSt8__detail15_Hash_code_baseIPhS1_NS_9_IdentityESt4hashIS1_ENS_18_Mod_range_hashingENS_20_Default_ranged_hashELb0EE7_M_hashEv
FNDA:25256,_ZNKSt8__detail15_Hash_code_baseIPhS1_NS_9_IdentityESt4hashIS1_ENS_18_Mod_range_hashingENS_20_Default_ranged_hashELb0EE7_M_hashEv
FN:1584,_ZNSt8__detail15_Hashtable_baseIPhS1_NS_9_IdentityESt8equal_toIS1_ESt4hashIS1_ENS_18_Mod_range_hashingENS_20_Default_ranged_hashENS_17_Hashtable_traitsILb0ELb1ELb1EEEE9_S_equalsEmRKNS_21_Hash_node_code_cacheILb0EEE
FNDA:12920,_ZNSt8__detail15_Hashtable_baseIPhS1_NS_9_IdentityESt8equal_toIS1_ESt4hashIS1_ENS_18_Mod_range_hashingENS_20_Default_ranged_hashENS_17_Hashtable_traitsILb0ELb1ELb1EEEE9_S_equalsEmRKNS_21_Hash_node_code_cacheILb0EEE
FN:1608,_ZNKSt8__detail15_Hashtable_baseIPhS1_NS_9_IdentityESt8equal_toIS1_ESt4hashIS1_ENS_18_Mod_range_hashingENS_20_Default_ranged_hashENS_17_Hashtable_traitsILb0ELb1ELb1EEEE9_M_equalsERKS1_mRKNS_16_Hash_node_valueIS1_Lb0EEE
FNDA:12920,_ZNKSt8__detail15_Hashtable_baseIPhS1_NS_9_IdentityESt8equal_toIS1_ESt4hashIS1_ENS_18_Mod_range_hashingENS_20_Default_ranged_hashENS_17_Hashtable_traitsILb0ELb1ELb1EEEE9_M_equalsERKS1_mRKNS_16_Hash_node_valueIS1_Lb0EEE
FN:1647,_ZNKSt8__detail15_Hashtable_baseIPhS1_NS_9_IdentityESt8equal_toIS1_ESt4hashIS1_ENS_18_Mod_range_hashingENS_20_Default_ranged_hashENS_17_Hashtable_traitsILb0ELb1ELb1EEEE5_M_eqEv
FNDA:12920,_ZNKSt8__detail15_Hashtable_baseIPhS1_NS_9_IdentityESt8equal_toIS1_ESt4hashIS1_ENS_18_Mod_range_hashingENS_20_Default_ranged_hashENS_17_Hashtable_traitsILb0ELb1ELb1EEEE5_M_eqEv
FN:1820,_ZNSt8__detail16_Hashtable_allocISaINS_10_Hash_nodeIPhLb0EEEEEC2Ev
FNDA:253,_ZNSt8__detail16_Hashtable_allocISaINS_10_Hash_nodeIPhLb0EEEEEC2Ev
FN:1830,_ZNSt8__detail16_Hashtable_allocISaINS_10_Hash_nodeIPhLb0EEEEE17_M_node_allocatorEv
FNDA:14909,_ZNSt8__detail16_Hashtable_allocISaINS_10_Hash_nodeIPhLb0EEEEE17_M_node_allocatorEv
FN:1867,_ZNSt8__detail16_Hashtable_allocISaINS_10_Hash_nodeIPhLb0EEEEE16_M_allocate_nodeIJRS2_EEEPS3_DpOT_
FNDA:3712,_ZNSt8__detail16_Hashtable_allocISaINS_10_Hash_nodeIPhLb0EEEEE16_M_allocate_nodeIJRS2_EEEPS3_DpOT_
FN:1889,_ZNSt8__detail16_Hashtable_allocISaINS_10_Hash_nodeIPhLb0EEEEE18_M_deallocate_nodeEPS3_
FNDA:3612,_ZNSt8__detail16_Hashtable_allocISaINS_10_Hash_nodeIPhLb0EEEEE18_M_deallocate_nodeEPS3_
FN:1897,_ZNSt8__detail16_Hashtable_allocISaINS_10_Hash_nodeIPhLb0EEEEE22_M_deallocate_node_ptrEPS3_
FNDA:3612,_ZNSt8__detail16_Hashtable_allocISaINS_10_Hash_nodeIPhLb0EEEEE22_M_deallocate_node_ptrEPS3_
FN:1919,_ZNSt8__detail16_Hashtable_allocISaINS_10_Hash_nodeIPhLb0EEEEE19_M_allocate_bucketsEm
FNDA:257,_ZNSt8__detail16_Hashtable_allocISaINS_10_Hash_nodeIPhLb0EEEEE19_M_allocate_bucketsEm
FN:1932,_ZNSt8__detail16_Hashtable_allocISaINS_10_Hash_nodeIPhLb0EEEEE21_M_deallocate_bucketsEPPNS_15_Hash_node_baseEm
FNDA:4,_ZNSt8__detail16_Hashtable_allocISaINS_10_Hash_nodeIPhLb0EEEEE21_M_deallocate_bucketsEPPNS_15_Hash_node_baseEm
DA:84,24165
DA:85,24165
DA:84,3712
DA:85,3712
DA:218,3965
DA:236,11036
DA:237,11036
DA:240,24165
DA:241,24165
DA:244,3712
DA:245,3712
DA:248,24165
DA:249,24165
DA:281,19382
DA:282,19382
DA:294,20698
DA:295,20698
DA:302,6687
DA:304,6687
DA:337,20698
DA:338,20698
DA:427,25513
DA:429,25513
DA:445,253
DA:446,253
DA:472,3712
DA:473,3712
DA:480,0
DA:481,0
DA:1126,253
DA:1133,12920
DA:1133,25256
DA:1134,14909
DA:1213,25256
DA:1217,25256
DA:1230,14268
DA:1231,14268
DA:1234,11245
DA:1240,22490
DA:1241,11245
DA:1252,3712
DA:1253,3712
DA:1274,25256
DA:1584,12920
DA:1585,12920
DA:1608,12920
DA:1614,12920
DA:1647,12920
DA:1820,253
DA:1830,14909
DA:1831,14909
DA:1867,3712
DA:1870,3712
DA:1871,3712
DA:1874,3712
DA:1875,3712
DA:1878,3712
DA:1880,0
DA:1882,0
DA:1883,0
DA:1889,3612
DA:1891,3612
DA:1892,3612
DA:1893,3612
DA:1897,3612
DA:1900,3612
DA:1901,3612
DA:1902,3612
DA:1903,3612
DA:1919,257
DA:1922,257
DA:1924,257
DA:1925,257
DA:1926,257
DA:1927,257
DA:1928,257
DA:1932,4
DA:1937,4
DA:1938,4
DA:1939,4
DA:1940,4
end_of_record
SF:/usr/include/c++/11/bits/allocator.h
FN:168,_ZNSaI11AsyncBufferEC2Ev
FNDA:2259768,_ZNSaI11AsyncBufferEC2Ev
FN:168,_ZNSaI24napi_property_descriptorEC2Ev
FNDA:505,_ZNSaI24napi_property_descriptorEC2Ev
FN:168,_ZNSaIP12napi_value__EC2Ev
FNDA:0,_ZNSaIP12napi_value__EC2Ev
FN:168,_ZNSaINSt8__detail10_Hash_nodeIPhLb0EEEEC2Ev
FNDA:253,_ZNSaINSt8__detail10_Hash_nodeIPhLb0EEEEC2Ev
FN:171,_ZNSaI24napi_property_descriptorEC2ERKS0_
FNDA:1010,_ZNSaI24napi_property_descriptorEC2ERKS0_
FN:181,_ZNSaIPNSt8__detail15_Hash_node_baseEEC2INS_10_Hash_nodeIPhLb0EEEEERKSaIT_E
FNDA:261,_ZNSaIPNSt8__detail15_Hash_node_baseEEC2INS_10_Hash_nodeIPhLb0EEEEERKSaIT_E
FN:186,_ZNSaIPNSt8__detail15_Hash_node_baseEED2Ev
FNDA:261,_ZNSaIPNSt8__detail15_Hash_node_baseEED2Ev
FN:186,_ZNSaI11AsyncBufferED2Ev
FNDA:2259768,_ZNSaI11AsyncBufferED2Ev
FN:186,_ZNSaI24napi_property_descriptorED2Ev
FNDA:1515,_ZNSaI24napi_property_descriptorED2Ev
FN:186,_ZNSaIP12napi_value__ED2Ev
FNDA:0,_ZNSaIP12napi_value__ED2Ev
FN:216,_ZSteqRKSaIcES1_
FNDA:0,_ZSteqRKSaIcES1_
DA:168,2259768
DA:168,505
DA:168,0
DA:168,253
DA:171,1010
DA:172,1010
DA:181,261
DA:186,261
DA:186,2259768
DA:186,1515
DA:186,0
DA:216,0
DA:217,0
end_of_record
SF:/usr/include/c++/11/bits/stl_iterator_base_funcs.h
FN:98,_ZSt10__distanceIPKcENSt15iterator_traitsIT_E15difference_typeES3_S3_St26random_access_iterator_tag
FNDA:0,_ZSt10__distanceIPKcENSt15iterator_traitsIT_E15difference_typeES3_S3_St26random_access_iterator_tag
FN:138,_ZSt8distanceIPKcENSt15iterator_traitsIT_E15difference_typeES3_S3_
FNDA:0,_ZSt8distanceIPKcENSt15iterator_traitsIT_E15difference_typeES3_S3_
DA:98,0
DA:104,0
DA:138,0
DA:141,0
DA:142,0
end_of_record
SF:/usr/include/x86_64-linux-gnu/c++/11/bits/gthr-default.h
FN:248,_ZL18__gthread_active_pv
FNDA:23082,_ZL18__gthread_active_pv
FN:746,_ZL20__gthread_mutex_lockP15pthread_mutex_t
FNDA:11541,_ZL20__gthread_mutex_lockP15pthread_mutex_t
FN:776,_ZL22__gthread_mutex_unlockP15pthread_mutex_t
FNDA:11541,_ZL22__gthread_mutex_unlockP15pthread_mutex_t
DA:248,23082
DA:252,23082
DA:746,11541
DA:748,11541
DA:749,11541
DA:751,0
DA:776,11541
DA:778,11541
DA:779,11541
DA:781,0
end_of_record
SF:/usr/include/c++/11/bits/exception.h
FN:64,_ZNSt9exceptionC2Ev
FNDA:4,_ZNSt9exceptionC2Ev
DA:64,4
end_of_record
SF:/usr/include/c++/11/bits/unordered_set.h
FN:135,_ZNSt13unordered_setIPhSt4hashIS0_ESt8equal_toIS0_ESaIS0_EEC2Ev
FNDA:253,_ZNSt13unordered_setIPhSt4hashIS0_ESt8equal_toIS0_ESaIS0_EEC2Ev
FN:334,_ZNSt13unordered_setIPhSt4hashIS0_ESt8equal_toIS0_ESaIS0_EE3endEv
FNDA:6687,_ZNSt13unordered_setIPhSt4hashIS0_ESt8equal_toIS0_ESaIS0_EE3endEv
FN:377,_ZNSt13unordered_setIPhSt4hashIS0_ESt8equal_toIS0_ESaIS0_EE7emplaceIJRS0_EEESt4pairINSt8__detail14_Node_iteratorIS0_Lb1ELb0EEEbEDpOT_
FNDA:3712,_ZNSt13unordered_setIPhSt4hashIS0_ESt8equal_toIS0_ESaIS0_EE7emplaceIJRS0_EEESt4pairINSt8__detail14_Node_iteratorIS0_Lb1ELb0EEEbEDpOT_
FN:545,_ZNSt13unordered_setIPhSt4hashIS0_ESt8equal_toIS0_ESaIS0_EE5eraseERKS0_
FNDA:3612,_ZNSt13unordered_setIPhSt4hashIS0_ESt8equal_toIS0_ESaIS0_EE5eraseERKS0_
FN:650,_ZNSt13unordered_setIPhSt4hashIS0_ESt8equal_toIS0_ESaIS0_EE4findERKS0_
FNDA:6687,_ZNSt13unordered_setIPhSt4hashIS0_ESt8equal_toIS0_ESaIS0_EE4findERKS0_
DA:135,253
DA:334,6687
DA:335,6687
DA:377,3712
DA:378,3712
DA:545,3612
DA:546,3612
DA:650,6687
DA:651,6687
end_of_record
SF:/home/david/shared-memory-disruptor/src/disruptor.cc
FN:52,_ZN9Disruptor4SpinEv
FNDA:3796541,_ZN9Disruptor4SpinEv
FN:160,_Z11GetCallbackRKN4Napi12CallbackInfoEj
FNDA:750571,_Z11GetCallbackRKN4Napi12CallbackInfoEj
FN:179,_ZN10SyncBuffer3NewEN4Napi3EnvEP9Disruptormm
FNDA:1734312,_ZN10SyncBuffer3NewEN4Napi3EnvEP9Disruptormm
FN:198,_ZN11AsyncBufferC2Ev
FNDA:547503,_ZN11AsyncBufferC2Ev
FN:202,_ZN11AsyncBuffer3NewEN4Napi3EnvEP9Disruptormm
FNDA:547503,_ZN11AsyncBuffer3NewEN4Napi3EnvEP9Disruptormm
FN:207,_ZN11AsyncBuffer7ToValueEN4Napi3EnvEP9Disruptor
FNDA:525955,_ZN11AsyncBuffer7ToValueEN4Napi3EnvEP9Disruptor
FN:212,_ZN11AsyncBuffer6LengthEv
FNDA:28170,_ZN11AsyncBuffer6LengthEv
FN:218,_ZN11AsyncBufferC2Emmj
FNDA:1095006,_ZN11AsyncBufferC2Emmj
FN:234,_ZN10AsyncArrayI11AsyncBufferEC2Ev
FNDA:2259768,_ZN10AsyncArrayI11AsyncBufferEC2Ev
FN:239,_ZN10AsyncArrayI11AsyncBufferE3NewEN4Napi3EnvE
FNDA:1129884,_ZN10AsyncArrayI11AsyncBufferE3NewEN4Napi3EnvE
FN:244,_ZN10AsyncArrayI11AsyncBufferE3SetEjOS0_
FNDA:519333,_ZN10AsyncArrayI11AsyncBufferE3SetEjOS0_
FN:254,_ZN10AsyncArrayI11AsyncBufferE7ToValueEN4Napi3EnvEP9Disruptor
FNDA:519116,_ZN10AsyncArrayI11AsyncBufferE7ToValueEN4Napi3EnvEP9Disruptor
FN:265,_ZN10AsyncArrayI11AsyncBufferE6LengthEv
FNDA:1129884,_ZN10AsyncArrayI11AsyncBufferE6LengthEv
FN:277,_ZN12AsyncBooleanC2Ev
FNDA:2638487,_ZN12AsyncBooleanC2Ev
FN:282,_ZN12AsyncBoolean3NewEN4Napi3EnvEb
FNDA:2638487,_ZN12AsyncBoolean3NewEN4Napi3EnvEb
FN:287,_ZN12AsyncBoolean7ToValueEN4Napi3EnvEP9Disruptor
FNDA:224833,_ZN12AsyncBoolean7ToValueEN4Napi3EnvEP9Disruptor
FN:292,_ZNK12AsyncBooleancvbEv
FNDA:2638487,_ZNK12AsyncBooleancvbEv
FN:298,_ZN12AsyncBooleanC2Eb
FNDA:2638487,_ZN12AsyncBooleanC2Eb
FN:310,_Z7ToValueRKN4Napi3EnvEm
FNDA:532378,_Z7ToValueRKN4Napi3EnvEm
FN:315,_Z7ToValueRKN4Napi3EnvERK14AsyncUndefined
FNDA:968764,_Z7ToValueRKN4Napi3EnvERK14AsyncUndefined
FN:324,_ZN20DisruptorAsyncWorkerI12AsyncBoolean14AsyncUndefinedS1_EC2EP9DisruptorRKN4Napi8FunctionE
FNDA:2638487,_ZN20DisruptorAsyncWorkerI12AsyncBoolean14AsyncUndefinedS1_EC2EP9DisruptorRKN4Napi8FunctionE
FN:324,_ZN20DisruptorAsyncWorkerI10AsyncArrayI11AsyncBufferEmmEC2EP9DisruptorRKN4Napi8FunctionE
FNDA:21749,_ZN20DisruptorAsyncWorkerI10AsyncArrayI11AsyncBufferEmmEC2EP9DisruptorRKN4Napi8FunctionE
FN:324,_ZN20DisruptorAsyncWorkerI11AsyncBuffermmEC2EP9DisruptorRKN4Napi8FunctionE
FNDA:28170,_ZN20DisruptorAsyncWorkerI11AsyncBuffermmEC2EP9DisruptorRKN4Napi8FunctionE
FN:324,_ZN20DisruptorAsyncWorkerI10AsyncArrayI11AsyncBufferEm14AsyncUndefinedEC2EP9DisruptorRKN4Napi8FunctionE
FNDA:1108135,_ZN20DisruptorAsyncWorkerI10AsyncArrayI11AsyncBufferEm14AsyncUndefinedEC2EP9DisruptorRKN4Napi8FunctionE
FN:336,_ZN20DisruptorAsyncWorkerI10AsyncArrayI11AsyncBufferEm14AsyncUndefinedE4OnOKEv
FNDA:1108135,_ZN20DisruptorAsyncWorkerI10AsyncArrayI11AsyncBufferEm14AsyncUndefinedE4OnOKEv
FN:336,_ZN20DisruptorAsyncWorkerI11AsyncBuffermmE4OnOKEv
FNDA:28170,_ZN20DisruptorAsyncWorkerI11AsyncBuffermmE4OnOKEv
FN:336,_ZN20DisruptorAsyncWorkerI10AsyncArrayI11AsyncBufferEmmE4OnOKEv
FNDA:21749,_ZN20DisruptorAsyncWorkerI10AsyncArrayI11AsyncBufferEmmE4OnOKEv
FN:336,_ZN20DisruptorAsyncWorkerI12AsyncBoolean14AsyncUndefinedS1_E4OnOKEv
FNDA:2638487,_ZN20DisruptorAsyncWorkerI12AsyncBoolean14AsyncUndefinedS1_E4OnOKEv
FN:369,_ZN7CloseFDclEPi
FNDA:3712,_ZN7CloseFDclEPi
FN:376,_ZN9Disruptor15ThrowErrnoErrorERKN4Napi12CallbackInfoEPKc
FNDA:4,_ZN9Disruptor15ThrowErrnoErrorERKN4Napi12CallbackInfoEPKc
FN:395,_ZN9DisruptorC2ERKN4Napi12CallbackInfoE
FNDA:3716,_ZN9DisruptorC2ERKN4Napi12CallbackInfoE
FN:540,_ZZN9DisruptorC4ERKN4Napi12CallbackInfoEENKUlNS0_3EnvEPhE_clES4_S5_
FNDA:3612,_ZZN9DisruptorC4ERKN4Napi12CallbackInfoEENKUlNS0_3EnvEPhE_clES4_S5_
FN:567,_ZN9DisruptorD2Ev
FNDA:3612,_ZN9DisruptorD2Ev
FN:567,_ZN9DisruptorD0Ev
FNDA:3612,_ZN9DisruptorD0Ev
FN:572,_ZN9Disruptor7ReleaseEv
FNDA:6820,_ZN9Disruptor7ReleaseEv
FN:594,_ZN9Disruptor7ReleaseERKN4Napi12CallbackInfoE
FNDA:3208,_ZN9Disruptor7ReleaseERKN4Napi12CallbackInfoE
FN:603,_ZN9Disruptor14ConsumeNewSyncIN4Napi5ArrayE10SyncBufferEET_RKNS1_3EnvEbRm
FNDA:1206785,_ZN9Disruptor14ConsumeNewSyncIN4Napi5ArrayE10SyncBufferEET_RKNS1_3EnvEbRm
FN:603,_ZN9Disruptor14ConsumeNewSyncI10AsyncArrayI11AsyncBufferES2_EET_RKN4Napi3EnvEbRm
FNDA:1108135,_ZN9Disruptor14ConsumeNewSyncI10AsyncArrayI11AsyncBufferES2_EET_RKN4Napi3EnvEbRm
FN:647,_ZN9Disruptor14ConsumeNewSyncERKN4Napi12CallbackInfoE
FNDA:12,_ZN9Disruptor14ConsumeNewSyncERKN4Napi12CallbackInfoE
FN:659,_ZN21ConsumeNewAsyncWorkerC2EP9DisruptorRKN4Napi8FunctionE
FNDA:1108135,_ZN21ConsumeNewAsyncWorkerC2EP9DisruptorRKN4Napi8FunctionE
FN:670,_ZN21ConsumeNewAsyncWorker7ExecuteEv
FNDA:1108135,_ZN21ConsumeNewAsyncWorker7ExecuteEv
FN:677,_ZN21ConsumeNewAsyncWorker5RetryEv
FNDA:589037,_ZN21ConsumeNewAsyncWorker5RetryEv
FN:683,_ZN9Disruptor15ConsumeNewAsyncERKN4Napi12CallbackInfoE
FNDA:519098,_ZN9Disruptor15ConsumeNewAsyncERKN4Napi12CallbackInfoE
FN:688,_ZN9Disruptor10ConsumeNewERKN4Napi12CallbackInfoE
FNDA:1206773,_ZN9Disruptor10ConsumeNewERKN4Napi12CallbackInfoE
FN:703,_ZN9Disruptor13ConsumeCommitERKN4Napi12CallbackInfoE
FNDA:1206788,_ZN9Disruptor13ConsumeCommitERKN4Napi12CallbackInfoE
FN:708,_ZN9Disruptor13UpdatePendingEmm
FNDA:1206789,_ZN9Disruptor13UpdatePendingEmm
FN:714,_ZN9Disruptor13ConsumeCommitEv
FNDA:3521708,_ZN9Disruptor13ConsumeCommitEv
FN:730,_ZN9Disruptor16ProduceClaimSyncI10SyncBufferEENT_6BufferERKN4Napi3EnvEbRmS8_
FNDA:520248,_ZN9Disruptor16ProduceClaimSyncI10SyncBufferEENT_6BufferERKN4Napi3EnvEbRmS8_
FN:730,_ZN9Disruptor16ProduceClaimSyncI11AsyncBufferEENT_6BufferERKN4Napi3EnvEbRmS8_
FNDA:28170,_ZN9Disruptor16ProduceClaimSyncI11AsyncBufferEENT_6BufferERKN4Napi3EnvEbRmS8_
FN:771,_ZN9Disruptor16ProduceClaimSyncERKN4Napi12CallbackInfoE
FNDA:807,_ZN9Disruptor16ProduceClaimSyncERKN4Napi12CallbackInfoE
FN:781,_ZN23ProduceClaimAsyncWorkerC2EP9DisruptorRKN4Napi8FunctionE
FNDA:28170,_ZN23ProduceClaimAsyncWorkerC2EP9DisruptorRKN4Napi8FunctionE
FN:791,_ZN23ProduceClaimAsyncWorker7ExecuteEv
FNDA:28170,_ZN23ProduceClaimAsyncWorker7ExecuteEv
FN:799,_ZN23ProduceClaimAsyncWorker5RetryEv
FNDA:21548,_ZN23ProduceClaimAsyncWorker5RetryEv
FN:805,_ZN9Disruptor17ProduceClaimAsyncERKN4Napi12CallbackInfoE
FNDA:6622,_ZN9Disruptor17ProduceClaimAsyncERKN4Napi12CallbackInfoE
FN:810,_ZN9Disruptor12ProduceClaimERKN4Napi12CallbackInfoE
FNDA:519441,_ZN9Disruptor12ProduceClaimERKN4Napi12CallbackInfoE
FN:825,_ZN9Disruptor17ProduceGetBuffersI10AsyncArrayI11AsyncBufferES2_EEvRKN4Napi3EnvEmmRT_
FNDA:9,_ZN9Disruptor17ProduceGetBuffersI10AsyncArrayI11AsyncBufferES2_EEvRKN4Napi3EnvEmmRT_
FN:825,_ZN9Disruptor17ProduceGetBuffersIN4Napi5ArrayE10SyncBufferEEvRKNS1_3EnvEmmRT_
FNDA:45,_ZN9Disruptor17ProduceGetBuffersIN4Napi5ArrayE10SyncBufferEEvRKNS1_3EnvEmmRT_
FN:847,_ZN9Disruptor20ProduceClaimManySyncIN4Napi5ArrayE10SyncBufferEET_RKNS1_3EnvEjbRmS8_
FNDA:35,_ZN9Disruptor20ProduceClaimManySyncIN4Napi5ArrayE10SyncBufferEET_RKNS1_3EnvEjbRmS8_
FN:847,_ZN9Disruptor20ProduceClaimManySyncI10AsyncArrayI11AsyncBufferES2_EET_RKN4Napi3EnvEjbRmS9_
FNDA:21749,_ZN9Disruptor20ProduceClaimManySyncI10AsyncArrayI11AsyncBufferES2_EET_RKN4Napi3EnvEjbRmS9_
FN:889,_ZN9Disruptor20ProduceClaimManySyncERKN4Napi12CallbackInfoE
FNDA:11,_ZN9Disruptor20ProduceClaimManySyncERKN4Napi12CallbackInfoE
FN:902,_ZN27ProduceClaimManyAsyncWorkerC2EP9DisruptorRKN4Napi8FunctionEj
FNDA:21749,_ZN27ProduceClaimManyAsyncWorkerC2EP9DisruptorRKN4Napi8FunctionEj
FN:916,_ZN27ProduceClaimManyAsyncWorker7ExecuteEv
FNDA:21749,_ZN27ProduceClaimManyAsyncWorker7ExecuteEv
FN:924,_ZN27ProduceClaimManyAsyncWorker5RetryEv
FNDA:21731,_ZN27ProduceClaimManyAsyncWorker5RetryEv
FN:933,_ZN9Disruptor21ProduceClaimManyAsyncERKN4Napi12CallbackInfoEj
FNDA:18,_ZN9Disruptor21ProduceClaimManyAsyncERKN4Napi12CallbackInfoEj
FN:939,_ZN9Disruptor21ProduceClaimManyAsyncERKN4Napi12CallbackInfoE
FNDA:11,_ZN9Disruptor21ProduceClaimManyAsyncERKN4Napi12CallbackInfoE
FN:944,_ZN9Disruptor16ProduceClaimManyERKN4Napi12CallbackInfoE
FNDA:24,_ZN9Disruptor16ProduceClaimManyERKN4Napi12CallbackInfoE
FN:959,_ZN9Disruptor14ProduceRecoverERKN4Napi12CallbackInfoE
FNDA:76,_ZN9Disruptor14ProduceRecoverERKN4Napi12CallbackInfoE
FN:978,_ZN9Disruptor17ProduceCommitSyncI12AsyncBooleanEET_RKN4Napi3EnvEmmb
FNDA:2638487,_ZN9Disruptor17ProduceCommitSyncI12AsyncBooleanEET_RKN4Napi3EnvEmmb
FN:978,_ZN9Disruptor17ProduceCommitSyncIN4Napi7BooleanEEET_RKNS1_3EnvEmmb
FNDA:520257,_ZN9Disruptor17ProduceCommitSyncIN4Napi7BooleanEEET_RKNS1_3EnvEmmb
FN:998,_ZN9Disruptor13UpdateSeqNextEmm
FNDA:570222,_ZN9Disruptor13UpdateSeqNextEmm
FN:1004,_ZN9Disruptor10GetSeqNextERKN4Napi12CallbackInfoERmS4_
FNDA:521067,_ZN9Disruptor10GetSeqNextERKN4Napi12CallbackInfoERmS4_
FN:1020,_ZN9Disruptor17ProduceCommitSyncERKN4Napi12CallbackInfoE
FNDA:810,_ZN9Disruptor17ProduceCommitSyncERKN4Napi12CallbackInfoE
FN:1031,_ZN24ProduceCommitAsyncWorkerC2EP9DisruptorRKN4Napi8FunctionEmm
FNDA:2638487,_ZN24ProduceCommitAsyncWorkerC2EP9DisruptorRKN4Napi8FunctionEmm
FN:1043,_ZN24ProduceCommitAsyncWorker7ExecuteEv
FNDA:2638487,_ZN24ProduceCommitAsyncWorker7ExecuteEv
FN:1050,_ZN24ProduceCommitAsyncWorker5RetryEv
FNDA:2413654,_ZN24ProduceCommitAsyncWorker5RetryEv
FN:1059,_ZN9Disruptor18ProduceCommitAsyncERKN4Napi12CallbackInfoEmmj
FNDA:224833,_ZN9Disruptor18ProduceCommitAsyncERKN4Napi12CallbackInfoEmmj
FN:1068,_ZN9Disruptor18ProduceCommitAsyncERKN4Napi12CallbackInfoE
FNDA:810,_ZN9Disruptor18ProduceCommitAsyncERKN4Napi12CallbackInfoE
FN:1075,_ZN9Disruptor13ProduceCommitERKN4Napi12CallbackInfoE
FNDA:519447,_ZN9Disruptor13ProduceCommitERKN4Napi12CallbackInfoE
FN:1090,_ZN9Disruptor12GetConsumersERKN4Napi12CallbackInfoE
FNDA:12,_ZN9Disruptor12GetConsumersERKN4Napi12CallbackInfoE
FN:1095,_ZN9Disruptor9GetCursorERKN4Napi12CallbackInfoE
FNDA:197,_ZN9Disruptor9GetCursorERKN4Napi12CallbackInfoE
FN:1100,_ZN9Disruptor7GetNextERKN4Napi12CallbackInfoE
FNDA:197,_ZN9Disruptor7GetNextERKN4Napi12CallbackInfoE
FN:1105,_ZN9Disruptor11GetElementsERKN4Napi12CallbackInfoE
FNDA:1556,_ZN9Disruptor11GetElementsERKN4Napi12CallbackInfoE
FN:1110,_ZN9Disruptor11GetConsumerERKN4Napi12CallbackInfoE
FNDA:197,_ZN9Disruptor11GetConsumerERKN4Napi12CallbackInfoE
FN:1115,_ZN9Disruptor21GetPendingSeqConsumerERKN4Napi12CallbackInfoE
FNDA:1206857,_ZN9Disruptor21GetPendingSeqConsumerERKN4Napi12CallbackInfoE
FN:1120,_ZN9Disruptor19GetPendingSeqCursorERKN4Napi12CallbackInfoE
FNDA:72,_ZN9Disruptor19GetPendingSeqCursorERKN4Napi12CallbackInfoE
FN:1125,_ZN9Disruptor17GetPendingSeqNextERKN4Napi12CallbackInfoE
FNDA:520319,_ZN9Disruptor17GetPendingSeqNextERKN4Napi12CallbackInfoE
FN:1130,_ZN9Disruptor20GetPendingSeqNextEndERKN4Napi12CallbackInfoE
FNDA:520319,_ZN9Disruptor20GetPendingSeqNextEndERKN4Napi12CallbackInfoE
FN:1135,_ZN9Disruptor14GetElementSizeERKN4Napi12CallbackInfoE
FNDA:64,_ZN9Disruptor14GetElementSizeERKN4Napi12CallbackInfoE
FN:1140,_ZN9Disruptor10InitializeEN4Napi3EnvENS0_6ObjectE
FNDA:505,_ZN9Disruptor10InitializeEN4Napi3EnvENS0_6ObjectE
FN:1183,_Z10InitializeN4Napi3EnvENS_6ObjectE
FNDA:505,_Z10InitializeN4Napi3EnvENS_6ObjectE
FN:1188,_ZL17__napi_InitializeP10napi_env__P12napi_value__
FNDA:505,_ZL17__napi_InitializeP10napi_env__P12napi_value__
FN:1188,_register_disruptor
FNDA:253,_register_disruptor
DA:52,3796541
DA:54,3796541
DA:160,750571
DA:162,750571
DA:164,750571
DA:165,750571
DA:167,750571
DA:179,1734312
DA:182,5202936
DA:187,1734312
DA:188,3468624
DA:189,3468624
DA:198,547503
DA:200,547503
DA:202,547503
DA:204,547503
DA:207,525955
DA:209,525955
DA:212,28170
DA:214,28170
DA:218,1095006
DA:219,1095006
DA:220,1095006
DA:221,1095006
DA:223,1095006
DA:234,2259768
DA:235,2259768
DA:237,2259768
DA:239,1129884
DA:241,1129884
DA:244,519333
DA:246,519333
DA:248,519333
DA:251,519333
DA:252,519333
DA:254,519116
DA:256,519116
DA:257,519116
DA:258,1038449
DA:260,519333
DA:262,519116
DA:265,1129884
DA:267,1129884
DA:277,2638487
DA:278,2638487
DA:280,2638487
DA:282,2638487
DA:284,2638487
DA:287,224833
DA:289,224833
DA:292,2638487
DA:294,2638487
DA:298,2638487
DA:299,2638487
DA:301,2638487
DA:310,532378
DA:312,532378
DA:315,968764
DA:317,968764
DA:324,2638487
DA:327,2638487
DA:328,2638487
DA:329,2638487
DA:331,2638487
DA:324,21749
DA:327,21749
DA:328,21749
DA:329,21749
DA:331,21749
DA:324,28170
DA:327,28170
DA:328,28170
DA:329,28170
DA:331,28170
DA:324,1108135
DA:327,1108135
DA:328,1108135
DA:329,1108135
DA:331,1108135
DA:336,1108135
DA:338,1108135
DA:340,589037
DA:343,519098
DA:345,3114588
DA:346,519098
DA:349,519098
DA:350,519098
DA:351,519098
DA:352,1038196
DA:336,28170
DA:338,28170
DA:340,21548
DA:343,6622
DA:345,39732
DA:346,6622
DA:349,6622
DA:350,6622
DA:351,6622
DA:352,13244
DA:336,21749
DA:338,21749
DA:340,21731
DA:343,18
DA:345,108
DA:346,18
DA:349,18
DA:350,18
DA:351,18
DA:352,36
DA:336,2638487
DA:338,2638487
DA:340,2413654
DA:343,224833
DA:345,1348998
DA:346,224833
DA:349,224833
DA:350,224833
DA:351,224833
DA:352,449666
DA:369,3712
DA:371,3712
DA:372,3712
DA:373,3712
DA:376,4
DA:379,4
DA:380,4
DA:387,4
DA:391,4
DA:392,8
DA:395,3716
DA:397,3716
DA:400,3716
DA:401,3716
DA:402,3716
DA:403,3716
DA:404,3716
DA:405,3716
DA:406,3716
DA:411,3716
DA:412,3716
DA:416,3716
DA:418,240
DA:419,240
DA:424,3716
DA:426,4
DA:429,3712
DA:435,3712
DA:436,3712
DA:440,3712
DA:446,3712
DA:449,3712
DA:451,3712
DA:456,3712
DA:457,3712
DA:458,3712
DA:459,3712
DA:460,3712
DA:462,3712
DA:463,3712
DA:465,3712
DA:466,3712
DA:508,3712
DA:509,3712
DA:510,3712
DA:511,3712
DA:513,3712
DA:514,3712
DA:515,3712
DA:518,3712
DA:520,6687
DA:521,6687
DA:522,3712
DA:524,2975
DA:525,2975
DA:527,3712
DA:529,3712
DA:536,3712
DA:540,3612
DA:541,3612
DA:542,3612
DA:543,3612
DA:546,3712
DA:547,3712
DA:548,3712
DA:550,3712
DA:552,3712
DA:553,11136
DA:555,3712
DA:556,3712
DA:557,3712
DA:559,3712
DA:560,11136
DA:562,3712
DA:563,3712
DA:564,3712
DA:565,3736
DA:567,3612
DA:570,3612
DA:567,3612
DA:569,3612
DA:570,3612
DA:572,6820
DA:574,6820
DA:575,6820
DA:576,6820
DA:577,6820
DA:579,6820
DA:581,3712
DA:583,3712
DA:588,3712
DA:591,6820
DA:594,3208
DA:596,3208
DA:600,3208
DA:603,1108135
DA:610,1108135
DA:612,589043
DA:614,1108135
DA:615,1108135
DA:616,1108135
DA:617,1108135
DA:619,1108135
DA:621,518681
DA:622,518681
DA:623,518681
DA:624,518681
DA:625,518681
DA:626,518681
DA:628,589454
DA:630,411
DA:631,411
DA:632,411
DA:634,231
DA:636,411
DA:637,411
DA:638,411
DA:639,411
DA:643,589043
DA:644,589043
DA:603,1206785
DA:610,1206785
DA:612,519088
DA:614,1206785
DA:615,1206785
DA:616,1206785
DA:617,1206785
DA:619,1206785
DA:621,687015
DA:622,687015
DA:623,687015
DA:624,687015
DA:625,687015
DA:628,519770
DA:630,682
DA:631,682
DA:632,682
DA:634,364
DA:636,682
DA:637,682
DA:638,682
DA:643,519088
DA:644,519088
DA:647,12
DA:650,12
DA:659,1108135
DA:660,1108135
DA:664,1108135
DA:666,1108135
DA:667,1108135
DA:670,1108135
DA:673,1108135
DA:674,1108135
DA:675,1108135
DA:677,589037
DA:679,589037
DA:680,589037
DA:683,519098
DA:685,519098
DA:686,519098
DA:688,1206773
DA:691,1206773
DA:692,1206773
DA:694,1206773
DA:696,687687
DA:699,519086
DA:700,519086
DA:703,1206788
DA:705,1206788
DA:708,1206789
DA:710,1206789
DA:711,1206789
DA:712,1206789
DA:714,3521708
DA:716,3521708
DA:718,3521708
DA:720,1206788
DA:723,1206788
DA:726,3521708
DA:730,28170
DA:735,21560
DA:737,28170
DA:739,28170
DA:741,43043
DA:743,36408
DA:745,36408
DA:747,21535
DA:748,21535
DA:752,34805
DA:753,6635
DA:755,6610
DA:756,6610
DA:757,6610
DA:758,6610
DA:759,6610
DA:760,6610
DA:765,21560
DA:766,21560
DA:767,21560
DA:768,21560
DA:730,520248
DA:735,5819
DA:737,520248
DA:739,520248
DA:741,3054631
DA:743,2534397
DA:745,2534397
DA:747,14
DA:748,14
DA:752,1040482
DA:753,520234
DA:755,514429
DA:756,514429
DA:757,514429
DA:758,514429
DA:759,514429
DA:760,514429
DA:765,5819
DA:766,5819
DA:767,5819
DA:768,5819
DA:771,807
DA:774,807
DA:781,28170
DA:782,28170
DA:784,28170
DA:786,28170
DA:787,28170
DA:788,28170
DA:791,28170
DA:794,28170
DA:795,28170
DA:796,28170
DA:797,28170
DA:799,21548
DA:801,21548
DA:802,21548
DA:805,6622
DA:807,6622
DA:808,6622
DA:810,519441
DA:813,519441
DA:814,519441
DA:815,519441
DA:817,513626
DA:820,5815
DA:821,5815
DA:825,9
DA:830,9
DA:831,9
DA:833,9
DA:835,1
DA:836,1
DA:840,8
DA:843,9
DA:844,9
DA:825,45
DA:830,45
DA:831,45
DA:833,45
DA:835,3
DA:836,3
DA:840,42
DA:843,45
DA:844,45
DA:847,21749
DA:853,21740
DA:855,21749
DA:856,21749
DA:858,21749
DA:860,21758
DA:862,21749
DA:864,21749
DA:866,21740
DA:867,21740
DA:871,21758
DA:872,9
DA:874,9
DA:875,9
DA:876,9
DA:877,9
DA:878,9
DA:879,9
DA:883,21740
DA:884,21740
DA:885,21740
DA:886,21740
DA:847,35
DA:853,10
DA:855,35
DA:856,35
DA:858,35
DA:860,60
DA:862,35
DA:864,35
DA:866,10
DA:867,10
DA:871,60
DA:872,25
DA:874,25
DA:875,25
DA:876,25
DA:877,25
DA:878,25
DA:883,10
DA:884,10
DA:885,10
DA:886,10
DA:889,11
DA:892,22
DA:893,33
DA:902,21749
DA:904,21749
DA:909,21749
DA:911,21749
DA:912,21749
DA:913,21749
DA:916,21749
DA:919,43498
DA:920,43498
DA:921,21749
DA:922,21749
DA:924,21731
DA:926,21731
DA:927,21731
DA:933,18
DA:936,18
DA:937,18
DA:939,11
DA:941,11
DA:942,11
DA:944,24
DA:946,24
DA:948,24
DA:949,24
DA:950,24
DA:952,17
DA:955,7
DA:956,7
DA:959,76
DA:961,76
DA:962,76
DA:964,76
DA:966,140
DA:967,116
DA:968,40
DA:970,20
DA:971,40
DA:974,76
DA:978,2638487
DA:983,2638487
DA:985,2413657
DA:987,2638481
DA:989,224824
DA:995,2413663
DA:978,520257
DA:983,520257
DA:985,224020
DA:987,520251
DA:989,296231
DA:995,224026
DA:998,570222
DA:1000,570222
DA:1001,570222
DA:1002,570222
DA:1004,521067
DA:1008,521067
DA:1010,12
DA:1011,12
DA:1012,12
DA:1015,521055
DA:1016,521055
DA:1017,521055
DA:1020,810
DA:1023,810
DA:1024,810
DA:1031,2638487
DA:1034,2638487
DA:1037,2638487
DA:1038,2638487
DA:1040,2638487
DA:1043,2638487
DA:1046,2638487
DA:1047,2638487
DA:1048,2638487
DA:1050,2413654
DA:1052,2413654
DA:1053,2413654
DA:1059,224833
DA:1065,224833
DA:1066,224833
DA:1068,810
DA:1071,810
DA:1072,810
DA:1073,810
DA:1075,519447
DA:1078,519447
DA:1080,519447
DA:1081,519447
DA:1083,295424
DA:1086,224023
DA:1087,224023
DA:1090,12
DA:1092,12
DA:1095,197
DA:1097,197
DA:1100,197
DA:1102,197
DA:1105,1556
DA:1107,1556
DA:1110,197
DA:1112,197
DA:1115,1206857
DA:1117,1206857
DA:1120,72
DA:1122,72
DA:1125,520319
DA:1127,520319
DA:1130,520319
DA:1132,520319
DA:1135,64
DA:1137,64
DA:1140,505
DA:1143,505
DA:1144,505
DA:1145,253
DA:1147,505
DA:1149,505
DA:1151,505
DA:1152,505
DA:1153,505
DA:1154,505
DA:1155,505
DA:1156,505
DA:1157,505
DA:1158,505
DA:1159,505
DA:1160,505
DA:1161,505
DA:1162,505
DA:1163,505
DA:1164,505
DA:1165,505
DA:1168,505
DA:1169,505
DA:1170,505
DA:1171,505
DA:1172,505
DA:1173,505
DA:1174,505
DA:1175,505
DA:1176,505
DA:1177,505
DA:1180,505
DA:1183,505
DA:1185,505
DA:1188,253
DA:1188,505
end_of_record
SF:/usr/include/c++/11/bits/basic_string.h
FN:6170,_ZStplIcSt11char_traitsIcESaIcEENSt7__cxx1112basic_stringIT_T0_T1_EEOS8_S9_
FNDA:4,_ZStplIcSt11char_traitsIcESaIcEENSt7__cxx1112basic_stringIT_T0_T1_EEOS8_S9_
FN:6204,_ZStplIcSt11char_traitsIcESaIcEENSt7__cxx1112basic_stringIT_T0_T1_EEOS8_PKS5_
FNDA:4,_ZStplIcSt11char_traitsIcESaIcEENSt7__cxx1112basic_stringIT_T0_T1_EEOS8_PKS5_
FN:6658,_ZNSt7__cxx119to_stringEi
FNDA:0,_ZNSt7__cxx119to_stringEi
DA:6170,4
DA:6175,4
DA:6176,4
DA:6177,4
DA:6178,0
DA:6179,0
DA:6180,4
DA:6183,4
DA:6184,4
DA:6185,0
DA:6187,4
DA:6204,4
DA:6206,4
DA:6658,0
DA:6660,0
DA:6661,0
DA:6662,0
DA:6663,0
DA:6664,0
DA:6665,0
DA:6666,0
end_of_record
SF:/usr/include/c++/11/bits/stl_uninitialized.h
FN:85,_ZNSt20__uninitialized_copyILb0EE13__uninit_copyISt13move_iteratorIP11AsyncBufferES4_EET0_T_S7_S6_
FNDA:0,_ZNSt20__uninitialized_copyILb0EE13__uninit_copyISt13move_iteratorIP11AsyncBufferES4_EET0_T_S7_S6_
FN:126,_ZSt18uninitialized_copyISt13move_iteratorIP11AsyncBufferES2_ET0_T_S5_S4_
FNDA:0,_ZSt18uninitialized_copyISt13move_iteratorIP11AsyncBufferES2_ET0_T_S5_S4_
FN:331,_ZSt22__uninitialized_copy_aISt13move_iteratorIP11AsyncBufferES2_S1_ET0_T_S5_S4_RSaIT1_E
FNDA:0,_ZSt22__uninitialized_copy_aISt13move_iteratorIP11AsyncBufferES2_S1_ET0_T_S5_S4_RSaIT1_E
FN:349,_ZSt34__uninitialized_move_if_noexcept_aIP11AsyncBufferS1_SaIS0_EET0_T_S4_S3_RT1_
FNDA:0,_ZSt34__uninitialized_move_if_noexcept_aIP11AsyncBufferS1_SaIS0_EET0_T_S4_S3_RT1_
FN:573,_ZNSt27__uninitialized_default_n_1ILb0EE18__uninit_default_nIP11AsyncBuffermEET_S4_T0_
FNDA:519333,_ZNSt27__uninitialized_default_n_1ILb0EE18__uninit_default_nIP11AsyncBuffermEET_S4_T0_
FN:595,_ZNSt27__uninitialized_default_n_1ILb1EE18__uninit_default_nIP24napi_property_descriptormEET_S4_T0_
FNDA:505,_ZNSt27__uninitialized_default_n_1ILb1EE18__uninit_default_nIP24napi_property_descriptormEET_S4_T0_
FN:630,_ZSt25__uninitialized_default_nIP24napi_property_descriptormET_S2_T0_
FNDA:505,_ZSt25__uninitialized_default_nIP24napi_property_descriptormET_S2_T0_
FN:630,_ZSt25__uninitialized_default_nIP11AsyncBuffermET_S2_T0_
FNDA:519333,_ZSt25__uninitialized_default_nIP11AsyncBuffermET_S2_T0_
FN:702,_ZSt27__uninitialized_default_n_aIP24napi_property_descriptormS0_ET_S2_T0_RSaIT1_E
FNDA:505,_ZSt27__uninitialized_default_n_aIP24napi_property_descriptormS0_ET_S2_T0_RSaIT1_E
FN:702,_ZSt27__uninitialized_default_n_aIP11AsyncBuffermS0_ET_S2_T0_RSaIT1_E
FNDA:519333,_ZSt27__uninitialized_default_n_aIP11AsyncBuffermS0_ET_S2_T0_RSaIT1_E
FN:986,_ZSt19__relocate_object_aI11AsyncBufferS0_SaIS0_EEvPT_PT0_RT1_
FNDA:232,_ZSt19__relocate_object_aI11AsyncBufferS0_SaIS0_EEvPT_PT0_RT1_
FN:1018,_ZSt14__relocate_a_1IP11AsyncBufferS1_SaIS0_EET0_T_S4_S3_RT1_
FNDA:519333,_ZSt14__relocate_a_1IP11AsyncBufferS1_SaIS0_EET0_T_S4_S3_RT1_
FN:1040,_ZSt12__relocate_aIP11AsyncBufferS1_SaIS0_EET0_T_S4_S3_RT1_
FNDA:519333,_ZSt12__relocate_aIP11AsyncBufferS1_SaIS0_EET0_T_S4_S3_RT1_
DA:85,0
DA:88,0
DA:91,0
DA:92,0
DA:93,0
DA:95,0
DA:97,0
DA:98,0
DA:126,0
DA:145,0
DA:151,0
DA:331,0
DA:333,0
DA:349,0
DA:355,0
DA:356,0
DA:573,519333
DA:575,519333
DA:578,1038666
DA:579,519333
DA:580,519333
DA:582,0
DA:584,0
DA:585,0
DA:595,505
DA:597,505
DA:600,505
DA:601,505
DA:602,505
DA:603,505
DA:605,505
DA:630,505
DA:635,505
DA:640,505
DA:630,519333
DA:635,519333
DA:640,519333
DA:702,505
DA:704,505
DA:702,519333
DA:704,519333
DA:986,232
DA:994,232
DA:995,232
DA:996,232
DA:1018,519333
DA:1030,519333
DA:1031,519565
DA:1032,232
DA:1034,519333
DA:1040,519333
DA:1046,519333
DA:1048,519333
end_of_record
SF:/usr/include/c++/11/bits/stl_pair.h
[...]
DA:2709,11136
DA:2710,11136
DA:2711,11136
DA:2712,11136
DA:2713,11136
DA:2705,3712
DA:2706,3712
DA:2707,3712
DA:2708,3712
DA:2709,3712
DA:2710,3712
DA:2711,3712
DA:2712,3712
DA:2713,3712
DA:2705,3716
DA:2706,3716
DA:2707,3716
DA:2708,3716
DA:2709,3716
DA:2710,3716
DA:2711,3716
DA:2712,3716
DA:2713,3716
DA:2747,0
DA:2748,0
DA:2747,4
DA:2748,4
DA:2752,0
DA:2753,0
DA:2752,3620
DA:2753,3620
DA:2757,1743304
DA:2758,1743304
DA:2759,0
DA:2763,1743304
DA:2764,1743304
DA:2765,1743304
DA:2757,5538277
DA:2758,5538277
DA:2759,0
DA:2763,5538277
DA:2764,5538277
DA:2765,5538277
DA:2757,4550732
DA:2758,4550732
DA:2759,0
DA:2763,4550732
DA:2764,4550732
DA:2765,4550732
DA:2785,10532
DA:2786,10532
DA:2787,3712
DA:2788,3712
DA:2789,3712
DA:2791,10532
DA:2785,31596
DA:2786,31596
DA:2787,11136
DA:2788,11136
DA:2789,11136
DA:2791,31596
DA:2785,3716
DA:2786,3716
DA:2787,0
DA:2788,0
DA:2789,0
DA:2791,3716
DA:2824,11136
DA:2825,11136
DA:2828,7593082
DA:2829,15186164
DA:2832,3800253
DA:2833,7600506
DA:2843,4
DA:2844,4
DA:2846,7593082
DA:2847,7593082
DA:2848,7593082
DA:2868,0
DA:2870,0
DA:2871,0
DA:2878,0
DA:2879,0
DA:2881,0
DA:2883,0
DA:3017,3716
DA:3018,3716
DA:3024,3800253
DA:3025,3800253
DA:3026,3800253
DA:3037,3712
DA:3038,3712
DA:3039,3712
DA:3093,7424
DA:3095,7424
DA:3096,7424
DA:3103,7424
DA:3104,0
DA:3106,7424
DA:3108,7424
DA:3110,0
DA:3112,0
DA:3113,0
DA:3120,0
DA:3121,0
DA:3123,0
DA:3125,0
DA:3144,750571
DA:3148,750571
DA:3149,750571
DA:3157,750571
DA:3158,0
DA:3160,750571
DA:3162,750571
DA:3242,5712543
DA:3243,5712543
DA:3244,5712543
DA:3245,5712543
DA:3246,5712543
DA:3247,5712543
DA:3249,5712543
DA:3252,3716
DA:3253,3716
DA:3255,3716
DA:3256,3716
DA:3258,5712543
DA:3260,5712543
DA:3261,5712543
DA:3262,3716
DA:3264,5712543
DA:3277,6458794
DA:3278,6458794
DA:3281,1271638
DA:3282,1271638
DA:3285,776805
DA:3286,1553610
DA:3289,5716255
DA:3290,5716255
DA:3291,0
DA:3293,5716255
DA:3296,0
DA:3297,0
DA:3300,0
DA:3301,0
DA:3302,0
DA:3624,12625
DA:3628,12625
DA:3629,12625
DA:3630,0
DA:3632,0
DA:3633,0
DA:3634,12625
DA:3635,0
DA:3637,0
DA:3638,0
DA:3639,12625
DA:3640,12625
DA:3641,0
DA:3643,0
DA:3644,0
DA:3647,12625
DA:3717,505
DA:3721,505
DA:3722,505
DA:3723,505
DA:3724,505
DA:3725,505
DA:3726,505
DA:3717,505
DA:3721,505
DA:3722,505
DA:3723,505
DA:3724,505
DA:3725,505
DA:3726,505
DA:3717,505
DA:3721,505
DA:3722,505
DA:3723,505
DA:3724,505
DA:3725,505
DA:3726,505
DA:3717,505
DA:3721,505
DA:3722,505
DA:3723,505
DA:3724,505
DA:3725,505
DA:3726,505
DA:3717,505
DA:3721,505
DA:3722,505
DA:3723,505
DA:3724,505
DA:3725,505
DA:3726,505
DA:3731,505
DA:3735,505
DA:3736,505
DA:3737,505
DA:3738,505
DA:3739,505
DA:3740,505
DA:3731,505
DA:3735,505
DA:3736,505
DA:3737,505
DA:3738,505
DA:3739,505
DA:3740,505
DA:3731,505
DA:3735,505
DA:3736,505
DA:3737,505
DA:3738,505
DA:3739,505
DA:3740,505
DA:3731,505
DA:3735,505
DA:3736,505
DA:3737,505
DA:3738,505
DA:3739,505
DA:3740,505
DA:3731,505
DA:3735,505
DA:3736,505
DA:3737,505
DA:3738,505
DA:3739,505
DA:3740,505
DA:3731,505
DA:3735,505
DA:3736,505
DA:3737,505
DA:3738,505
DA:3739,505
DA:3740,505
DA:3731,505
DA:3735,505
DA:3736,505
DA:3737,505
DA:3738,505
DA:3739,505
DA:3740,505
DA:3731,505
DA:3735,505
DA:3736,505
DA:3737,505
DA:3738,505
DA:3739,505
DA:3740,505
DA:3731,505
DA:3735,505
DA:3736,505
DA:3737,505
DA:3738,505
DA:3739,505
DA:3740,505
DA:3731,505
DA:3735,505
DA:3736,505
DA:3737,505
DA:3738,505
DA:3739,505
DA:3740,505
DA:3812,505
DA:3816,505
DA:3817,505
DA:3818,505
DA:3819,505
DA:3820,505
DA:3821,505
DA:3822,505
DA:3812,505
DA:3816,505
DA:3817,505
DA:3818,505
DA:3819,505
DA:3820,505
DA:3821,505
DA:3822,505
DA:3812,505
DA:3816,505
DA:3817,505
DA:3818,505
DA:3819,505
DA:3820,505
DA:3821,505
DA:3822,505
DA:3812,505
DA:3816,505
DA:3817,505
DA:3818,505
DA:3819,505
DA:3820,505
DA:3821,505
DA:3822,505
DA:3812,505
DA:3816,505
DA:3817,505
DA:3818,505
DA:3819,505
DA:3820,505
DA:3821,505
DA:3822,505
DA:3812,505
DA:3816,505
DA:3817,505
DA:3818,505
DA:3819,505
DA:3820,505
DA:3821,505
DA:3822,505
DA:3812,505
DA:3816,505
DA:3817,505
DA:3818,505
DA:3819,505
DA:3820,505
DA:3821,505
DA:3822,505
DA:3812,505
DA:3816,505
DA:3817,505
DA:3818,505
DA:3819,505
DA:3820,505
DA:3821,505
DA:3822,505
DA:3812,505
DA:3816,505
DA:3817,505
DA:3818,505
DA:3819,505
DA:3820,505
DA:3821,505
DA:3822,505
DA:3812,505
DA:3816,505
DA:3817,505
DA:3818,505
DA:3819,505
DA:3820,505
DA:3821,505
DA:3822,505
DA:3866,0
DA:3869,0
DA:3870,0
DA:3872,0
DA:3873,0
DA:3874,0
DA:3875,0
DA:3876,0
DA:3877,0
DA:3878,0
DA:3882,0
DA:3885,0
DA:3886,0
DA:3888,0
DA:3889,0
DA:3890,0
DA:3891,0
DA:3892,0
DA:3893,0
DA:3897,0
DA:3900,0
DA:3901,0
DA:3903,0
DA:3904,0
DA:3905,0
DA:3906,0
DA:3907,0
DA:3908,0
DA:3912,0
DA:3915,0
DA:3916,0
DA:3918,0
DA:3919,0
DA:3920,0
DA:3921,0
DA:3922,0
DA:3923,0
DA:3924,0
DA:3944,3716
DA:3945,3716
DA:3946,3716
DA:3949,3716
DA:3950,3716
DA:3951,3716
DA:3953,3716
DA:3954,3716
DA:3955,3716
DA:3958,0
DA:3969,0
DA:3958,3616
DA:3961,3616
DA:3962,3616
DA:3965,3616
DA:3966,4
DA:3969,7232
DA:3972,5708827
DA:3974,5708827
DA:3975,5708827
DA:3976,5708827
DA:3981,505
DA:3987,505
DA:3997,13130
DA:3998,12625
DA:3999,12625
DA:4000,12625
DA:4001,0
DA:4004,0
DA:4006,0
DA:4007,0
DA:4008,0
DA:4009,12625
DA:4010,0
DA:4013,0
DA:4015,0
DA:4016,0
DA:4017,0
DA:4022,505
DA:4028,505
DA:4030,505
DA:4035,13130
DA:4036,12625
DA:4038,12625
DA:4039,12625
DA:4040,0
DA:4042,0
DA:4043,0
DA:4047,12625
DA:4051,1010
DA:4052,505
DA:4055,505
DA:4060,505
DA:4063,505
DA:4064,505
DA:4291,3612
DA:4294,3716
DA:4298,3716
DA:4299,3716
DA:4301,3716
DA:4302,3716
DA:4303,0
DA:4304,0
DA:4307,3716
DA:4308,3716
DA:4309,3716
DA:4311,3712
DA:4322,7424
DA:4323,3716
DA:4325,3716
DA:4329,0
DA:4332,0
DA:4333,0
DA:4335,0
DA:4336,0
DA:4337,0
DA:4338,0
DA:4339,0
DA:4343,0
DA:4346,0
DA:4347,0
DA:4349,0
DA:4350,0
DA:4351,0
DA:4352,0
DA:4356,0
DA:4359,0
DA:4360,0
DA:4362,0
DA:4363,0
DA:4364,0
DA:4365,0
DA:4369,0
DA:4372,0
DA:4373,0
DA:4375,0
DA:4376,0
DA:4377,0
DA:4378,0
DA:4379,0
DA:4383,3612
DA:4384,3612
DA:4385,3612
DA:4386,3612
DA:4387,3612
DA:4388,3612
DA:4409,3800157
DA:4410,3800157
DA:4411,3800157
DA:4412,3800157
DA:4414,3800157
DA:4415,3800157
DA:4416,3800157
DA:4419,3800157
DA:4437,757995
DA:4438,757995
DA:4439,757995
DA:4440,757995
DA:4442,757995
DA:4443,757995
DA:4444,757995
DA:4447,757995
DA:4453,757995
DA:4454,757995
DA:4457,757995
DA:4459,757995
DA:4460,757995
DA:4461,757995
DA:4481,0
DA:4486,0
DA:4481,0
DA:4482,0
DA:4483,0
DA:4486,0
DA:4518,0
DA:4523,0
DA:4518,0
DA:4519,0
DA:4520,0
DA:4521,0
DA:4523,0
DA:4552,3796541
DA:4553,3796541
DA:4554,3796541
DA:4556,3796541
DA:4557,3796541
DA:4558,3796541
DA:4559,3796541
DA:4561,3796541
DA:4563,3796541
DA:4564,3796541
DA:4567,3796541
DA:4568,3796541
DA:4584,3796541
DA:4587,3796541
DA:4588,3796541
DA:4589,3796541
DA:4590,3796541
DA:4591,7593082
DA:4593,3796541
DA:4595,3796541
DA:4597,3796541
DA:4599,3796541
DA:4600,3796541
DA:4628,0
DA:4633,0
DA:4628,3796541
DA:4629,3796541
DA:4630,3796541
DA:4631,3796541
DA:4633,3796541
DA:4635,3796541
DA:4636,3796541
DA:4637,3796541
DA:4666,4547112
DA:4667,4547112
DA:4670,3796541
DA:4671,3796541
DA:4672,3796541
DA:4673,3796541
DA:4680,750571
DA:4681,750571
DA:4684,3796541
DA:4685,3796541
DA:4692,0
DA:4693,0
DA:4694,0
DA:4696,0
DA:4698,0
DA:4699,0
DA:4700,0
DA:4702,0
DA:4704,0
DA:4705,0
DA:4706,0
DA:4708,0
DA:4709,0
DA:4715,3796541
DA:4716,3796541
DA:4717,3796541
DA:4718,3796541
DA:4723,3796541
DA:4726,3796541
DA:4727,0
DA:4728,0
DA:4729,0
DA:4733,3796541
DA:4735,3796541
DA:4738,3796541
DA:4739,3796541
DA:4740,3796541
DA:4741,3796541
DA:4742,3796541
DA:4743,3796541
DA:4744,3796541
DA:4745,3796541
DA:4746,3796541
DA:4749,0
DA:4751,3796541
DA:4753,3796541
DA:4754,3796541
DA:4755,3796541
DA:4757,3796541
end_of_record
SF:/usr/include/c++/11/new
FN:174,_ZnwmPv
FNDA:527494,_ZnwmPv
FN:180,_ZdlPvS_
FNDA:0,_ZdlPvS_
DA:174,527494
DA:175,527494
DA:180,0
end_of_record
SF:/usr/include/c++/11/type_traits
FN:70,_ZNKSt17integral_constantIbLb1EEcvbEv
FNDA:4,_ZNKSt17integral_constantIbLb1EEcvbEv
DA:70,4
end_of_record
SF:/usr/include/c++/11/bits/unique_ptr.h
FN:79,_ZNKSt14default_deleteISt6vectorI11AsyncBufferSaIS1_EEEclEPS3_
FNDA:2259768,_ZNKSt14default_deleteISt6vectorI11AsyncBufferSaIS1_EEEclEPS3_
FN:155,_ZNSt15__uniq_ptr_implISt6vectorI11AsyncBufferSaIS1_EESt14default_deleteIS3_EEC2EPS3_
FNDA:2259768,_ZNSt15__uniq_ptr_implISt6vectorI11AsyncBufferSaIS1_EESt14default_deleteIS3_EEC2EPS3_
FN:155,_ZNSt15__uniq_ptr_implIi7CloseFDEC2EPi
FNDA:3712,_ZNSt15__uniq_ptr_implIi7CloseFDEC2EPi
FN:161,_ZNSt15__uniq_ptr_implISt6vectorI11AsyncBufferSaIS1_EESt14default_deleteIS3_EEC2EOS6_
FNDA:519101,_ZNSt15__uniq_ptr_implISt6vectorI11AsyncBufferSaIS1_EESt14default_deleteIS3_EEC2EOS6_
FN:165,_ZNSt15__uniq_ptr_implISt6vectorI11AsyncBufferSaIS1_EESt14default_deleteIS3_EEaSEOS6_
FNDA:1129884,_ZNSt15__uniq_ptr_implISt6vectorI11AsyncBufferSaIS1_EESt14default_deleteIS3_EEaSEOS6_
FN:172,_ZNSt15__uniq_ptr_implIi7CloseFDE6_M_ptrEv
FNDA:7424,_ZNSt15__uniq_ptr_implIi7CloseFDE6_M_ptrEv
FN:172,_ZNSt15__uniq_ptr_implISt6vectorI11AsyncBufferSaIS1_EESt14default_deleteIS3_EE6_M_ptrEv
FNDA:10077274,_ZNSt15__uniq_ptr_implISt6vectorI11AsyncBufferSaIS1_EESt14default_deleteIS3_EE6_M_ptrEv
FN:173,_ZNKSt15__uniq_ptr_implISt6vectorI11AsyncBufferSaIS1_EESt14default_deleteIS3_EE6_M_ptrEv
FNDA:3726332,_ZNKSt15__uniq_ptr_implISt6vectorI11AsyncBufferSaIS1_EESt14default_deleteIS3_EE6_M_ptrEv
FN:173,_ZNKSt15__uniq_ptr_implIi7CloseFDE6_M_ptrEv
FNDA:3952,_ZNKSt15__uniq_ptr_implIi7CloseFDE6_M_ptrEv
FN:174,_ZNSt15__uniq_ptr_implIi7CloseFDE10_M_deleterEv
FNDA:3712,_ZNSt15__uniq_ptr_implIi7CloseFDE10_M_deleterEv
FN:174,_ZNSt15__uniq_ptr_implISt6vectorI11AsyncBufferSaIS1_EESt14default_deleteIS3_EE10_M_deleterEv
FNDA:4519536,_ZNSt15__uniq_ptr_implISt6vectorI11AsyncBufferSaIS1_EESt14default_deleteIS3_EE10_M_deleterEv
FN:177,_ZNSt15__uniq_ptr_implISt6vectorI11AsyncBufferSaIS1_EESt14default_deleteIS3_EE5resetEPS3_
FNDA:1129884,_ZNSt15__uniq_ptr_implISt6vectorI11AsyncBufferSaIS1_EESt14default_deleteIS3_EE5resetEPS3_
FN:185,_ZNSt15__uniq_ptr_implISt6vectorI11AsyncBufferSaIS1_EESt14default_deleteIS3_EE7releaseEv
FNDA:1129884,_ZNSt15__uniq_ptr_implISt6vectorI11AsyncBufferSaIS1_EESt14default_deleteIS3_EE7releaseEv
FN:211,_ZNSt15__uniq_ptr_dataISt6vectorI11AsyncBufferSaIS1_EESt14default_deleteIS3_ELb1ELb1EEC2EOS6_
FNDA:519101,_ZNSt15__uniq_ptr_dataISt6vectorI11AsyncBufferSaIS1_EESt14default_deleteIS3_ELb1ELb1EEC2EOS6_
FN:212,_ZNSt15__uniq_ptr_dataISt6vectorI11AsyncBufferSaIS1_EESt14default_deleteIS3_ELb1ELb1EEaSEOS6_
FNDA:1129884,_ZNSt15__uniq_ptr_dataISt6vectorI11AsyncBufferSaIS1_EESt14default_deleteIS3_ELb1ELb1EEaSEOS6_
FN:281,_ZNSt10unique_ptrIi7CloseFDEC2IS0_vEEPi
FNDA:3712,_ZNSt10unique_ptrIi7CloseFDEC2IS0_vEEPi
FN:281,_ZNSt10unique_ptrISt6vectorI11AsyncBufferSaIS1_EESt14default_deleteIS3_EEC2IS5_vEEPS3_
FNDA:2259768,_ZNSt10unique_ptrISt6vectorI11AsyncBufferSaIS1_EESt14default_deleteIS3_EEC2IS5_vEEPS3_
FN:327,_ZNSt10unique_ptrISt6vectorI11AsyncBufferSaIS1_EESt14default_deleteIS3_EEC2EOS6_
FNDA:519101,_ZNSt10unique_ptrISt6vectorI11AsyncBufferSaIS1_EESt14default_deleteIS3_EEC2EOS6_
FN:355,_ZNSt10unique_ptrISt6vectorI11AsyncBufferSaIS1_EESt14default_deleteIS3_EED2Ev
FNDA:2778869,_ZNSt10unique_ptrISt6vectorI11AsyncBufferSaIS1_EESt14default_deleteIS3_EED2Ev
FN:355,_ZNSt10unique_ptrIi7CloseFDED2Ev
FNDA:3712,_ZNSt10unique_ptrIi7CloseFDED2Ev
FN:371,_ZNSt10unique_ptrISt6vectorI11AsyncBufferSaIS1_EESt14default_deleteIS3_EEaSEOS6_
FNDA:1129884,_ZNSt10unique_ptrISt6vectorI11AsyncBufferSaIS1_EESt14default_deleteIS3_EEaSEOS6_
FN:405,_ZNKSt10unique_ptrISt6vectorI11AsyncBufferSaIS1_EESt14default_deleteIS3_EEdeEv
FNDA:1038666,_ZNKSt10unique_ptrISt6vectorI11AsyncBufferSaIS1_EESt14default_deleteIS3_EEdeEv
FN:405,_ZNKSt10unique_ptrIi7CloseFDEdeEv
FNDA:3952,_ZNKSt10unique_ptrIi7CloseFDEdeEv
FN:413,_ZNKSt10unique_ptrISt6vectorI11AsyncBufferSaIS1_EESt14default_deleteIS3_EEptEv
FNDA:2687666,_ZNKSt10unique_ptrISt6vectorI11AsyncBufferSaIS1_EESt14default_deleteIS3_EEptEv
FN:421,_ZNKSt10unique_ptrIi7CloseFDE3getEv
FNDA:3952,_ZNKSt10unique_ptrIi7CloseFDE3getEv
FN:421,_ZNKSt10unique_ptrISt6vectorI11AsyncBufferSaIS1_EESt14default_deleteIS3_EE3getEv
FNDA:3726332,_ZNKSt10unique_ptrISt6vectorI11AsyncBufferSaIS1_EESt14default_deleteIS3_EE3getEv
FN:426,_ZNSt10unique_ptrISt6vectorI11AsyncBufferSaIS1_EESt14default_deleteIS3_EE11get_deleterEv
FNDA:1129884,_ZNSt10unique_ptrISt6vectorI11AsyncBufferSaIS1_EESt14default_deleteIS3_EE11get_deleterEv
FN:426,_ZNSt10unique_ptrIi7CloseFDE11get_deleterEv
FNDA:3712,_ZNSt10unique_ptrIi7CloseFDE11get_deleterEv
FN:961,_ZSt11make_uniqueISt6vectorI11AsyncBufferSaIS1_EEJEENSt9_MakeUniqIT_E15__single_objectEDpOT0_
FNDA:2259768,_ZSt11make_uniqueISt6vectorI11AsyncBufferSaIS1_EEJEENSt9_MakeUniqIT_E15__single_objectEDpOT0_
DA:79,2259768
DA:85,2259768
DA:86,2259768
DA:155,2259768
DA:155,3712
DA:161,519101
DA:162,519101
DA:163,519101
DA:165,1129884
DA:167,1129884
DA:168,1129884
DA:169,1129884
DA:172,10077274
DA:172,7424
DA:173,3726332
DA:173,3952
DA:174,3712
DA:174,4519536
DA:177,1129884
DA:179,1129884
DA:180,1129884
DA:181,1129884
DA:182,1129884
DA:183,1129884
DA:185,1129884
DA:187,1129884
DA:188,1129884
DA:189,1129884
DA:211,519101
DA:212,1129884
DA:281,2259768
DA:282,2259768
DA:283,2259768
DA:281,3712
DA:282,3712
DA:283,3712
DA:327,519101
DA:355,2778869
DA:359,2778869
DA:360,2778869
DA:361,1129884
DA:362,2778869
DA:363,2778869
DA:355,3712
DA:359,3712
DA:360,3712
DA:361,3712
DA:362,3712
DA:363,3712
DA:371,1129884
DA:405,1038666
DA:407,1038666
DA:408,1038666
DA:405,3952
DA:407,3952
DA:408,3952
DA:413,2687666
DA:416,2687666
DA:421,3726332
DA:422,3726332
DA:421,3952
DA:422,3952
DA:426,1129884
DA:427,1129884
DA:426,3712
DA:427,3712
DA:961,2259768
DA:962,2259768
end_of_record
SF:/usr/include/c++/11/ext/new_allocator.h
FN:79,_ZN9__gnu_cxx13new_allocatorIcEC2Ev
FNDA:0,_ZN9__gnu_cxx13new_allocatorIcEC2Ev
FN:79,_ZN9__gnu_cxx13new_allocatorI11AsyncBufferEC2Ev
FNDA:2259768,_ZN9__gnu_cxx13new_allocatorI11AsyncBufferEC2Ev
FN:79,_ZN9__gnu_cxx13new_allocatorI24napi_property_descriptorEC2Ev
FNDA:505,_ZN9__gnu_cxx13new_allocatorI24napi_property_descriptorEC2Ev
FN:79,_ZN9__gnu_cxx13new_allocatorIPNSt8__detail15_Hash_node_baseEEC2Ev
FNDA:261,_ZN9__gnu_cxx13new_allocatorIPNSt8__detail15_Hash_node_baseEEC2Ev
FN:79,_ZN9__gnu_cxx13new_allocatorIP12napi_value__EC2Ev
FNDA:0,_ZN9__gnu_cxx13new_allocatorIP12napi_value__EC2Ev
FN:79,_ZN9__gnu_cxx13new_allocatorINSt8__detail10_Hash_nodeIPhLb0EEEEC2Ev
FNDA:253,_ZN9__gnu_cxx13new_allocatorINSt8__detail10_Hash_nodeIPhLb0EEEEC2Ev
FN:82,_ZN9__gnu_cxx13new_allocatorI24napi_property_descriptorEC2ERKS2_
FNDA:1010,_ZN9__gnu_cxx13new_allocatorI24napi_property_descriptorEC2ERKS2_
FN:89,_ZN9__gnu_cxx13new_allocatorI24napi_property_descriptorED2Ev
FNDA:1515,_ZN9__gnu_cxx13new_allocatorI24napi_property_descriptorED2Ev
FN:89,_ZN9__gnu_cxx13new_allocatorI11AsyncBufferED2Ev
FNDA:2259768,_ZN9__gnu_cxx13new_allocatorI11AsyncBufferED2Ev
FN:89,_ZN9__gnu_cxx13new_allocatorIPNSt8__detail15_Hash_node_baseEED2Ev
FNDA:261,_ZN9__gnu_cxx13new_allocatorIPNSt8__detail15_Hash_node_baseEED2Ev
FN:89,_ZN9__gnu_cxx13new_allocatorIP12napi_value__ED2Ev
FNDA:0,_ZN9__gnu_cxx13new_allocatorIP12napi_value__ED2Ev
FN:89,_ZN9__gnu_cxx13new_allocatorIcED2Ev
FNDA:0,_ZN9__gnu_cxx13new_allocatorIcED2Ev
FN:103,_ZN9__gnu_cxx13new_allocatorI11AsyncBufferE8allocateEmPKv
FNDA:519333,_ZN9__gnu_cxx13new_allocatorI11AsyncBufferE8allocateEmPKv
FN:103,_ZN9__gnu_cxx13new_allocatorINSt8__detail10_Hash_nodeIPhLb0EEEE8allocateEmPKv
FNDA:3712,_ZN9__gnu_cxx13new_allocatorINSt8__detail10_Hash_nodeIPhLb0EEEE8allocateEmPKv
FN:103,_ZN9__gnu_cxx13new_allocatorI24napi_property_descriptorE8allocateEmPKv
FNDA:505,_ZN9__gnu_cxx13new_allocatorI24napi_property_descriptorE8allocateEmPKv
FN:103,_ZN9__gnu_cxx13new_allocatorIPNSt8__detail15_Hash_node_baseEE8allocateEmPKv
FNDA:257,_ZN9__gnu_cxx13new_allocatorIPNSt8__detail15_Hash_node_baseEE8allocateEmPKv
FN:132,_ZN9__gnu_cxx13new_allocatorI11AsyncBufferE10deallocateEPS1_m
FNDA:519333,_ZN9__gnu_cxx13new_allocatorI11AsyncBufferE10deallocateEPS1_m
FN:132,_ZN9__gnu_cxx13new_allocatorINSt8__detail10_Hash_nodeIPhLb0EEEE10deallocateEPS4_m
FNDA:3612,_ZN9__gnu_cxx13new_allocatorINSt8__detail10_Hash_nodeIPhLb0EEEE10deallocateEPS4_m
FN:132,_ZN9__gnu_cxx13new_allocatorIP12napi_value__E10deallocateEPS2_m
FNDA:0,_ZN9__gnu_cxx13new_allocatorIP12napi_value__E10deallocateEPS2_m
FN:132,_ZN9__gnu_cxx13new_allocatorI24napi_property_descriptorE10deallocateEPS1_m
FNDA:505,_ZN9__gnu_cxx13new_allocatorI24napi_property_descriptorE10deallocateEPS1_m
FN:132,_ZN9__gnu_cxx13new_allocatorIPNSt8__detail15_Hash_node_baseEE10deallocateEPS3_m
FNDA:4,_ZN9__gnu_cxx13new_allocatorIPNSt8__detail15_Hash_node_baseEE10deallocateEPS3_m
FN:154,_ZNK9__gnu_cxx13new_allocatorI24napi_property_descriptorE8max_sizeEv
FNDA:505,_ZNK9__gnu_cxx13new_allocatorI24napi_property_descriptorE8max_sizeEv
FN:154,_ZNK9__gnu_cxx13new_allocatorI11AsyncBufferE8max_sizeEv
FNDA:2077332,_ZNK9__gnu_cxx13new_allocatorI11AsyncBufferE8max_sizeEv
FN:160,_ZN9__gnu_cxx13new_allocatorI11AsyncBufferE9constructIS1_JS1_EEEvPT_DpOT0_
FNDA:232,_ZN9__gnu_cxx13new_allocatorI11AsyncBufferE9constructIS1_JS1_EEEvPT_DpOT0_
FN:160,_ZN9__gnu_cxx13new_allocatorINSt8__detail10_Hash_nodeIPhLb0EEEE9constructIS3_JRS3_EEEvPT_DpOT0_
FNDA:3712,_ZN9__gnu_cxx13new_allocatorINSt8__detail10_Hash_nodeIPhLb0EEEE9constructIS3_JRS3_EEEvPT_DpOT0_
FN:166,_ZN9__gnu_cxx13new_allocatorINSt8__detail10_Hash_nodeIPhLb0EEEE7destroyIS3_EEvPT_
FNDA:3612,_ZN9__gnu_cxx13new_allocatorINSt8__detail10_Hash_nodeIPhLb0EEEE7destroyIS3_EEvPT_
FN:166,_ZN9__gnu_cxx13new_allocatorI11AsyncBufferE7destroyIS1_EEvPT_
FNDA:232,_ZN9__gnu_cxx13new_allocatorI11AsyncBufferE7destroyIS1_EEvPT_
FN:197,_ZNK9__gnu_cxx13new_allocatorINSt8__detail10_Hash_nodeIPhLb0EEEE11_M_max_sizeEv
FNDA:3712,_ZNK9__gnu_cxx13new_allocatorINSt8__detail10_Hash_nodeIPhLb0EEEE11_M_max_sizeEv
FN:197,_ZNK9__gnu_cxx13new_allocatorI11AsyncBufferE11_M_max_sizeEv
FNDA:2596665,_ZNK9__gnu_cxx13new_allocatorI11AsyncBufferE11_M_max_sizeEv
FN:197,_ZNK9__gnu_cxx13new_allocatorI24napi_property_descriptorE11_M_max_sizeEv
FNDA:1010,_ZNK9__gnu_cxx13new_allocatorI24napi_property_descriptorE11_M_max_sizeEv
FN:197,_ZNK9__gnu_cxx13new_allocatorIPNSt8__detail15_Hash_node_baseEE11_M_max_sizeEv
FNDA:257,_ZNK9__gnu_cxx13new_allocatorIPNSt8__detail15_Hash_node_baseEE11_M_max_sizeEv
DA:79,261
DA:79,2259768
DA:79,505
DA:79,0
DA:79,253
DA:79,0
DA:82,1010
DA:89,261
DA:89,2259768
DA:89,1515
DA:89,0
DA:89,0
DA:103,257
DA:111,257
DA:115,0
DA:116,0
DA:117,0
DA:127,257
DA:103,505
DA:111,505
DA:115,0
DA:116,0
DA:117,0
DA:127,505
DA:103,519333
DA:111,519333
DA:115,0
DA:116,0
DA:117,0
DA:127,519333
DA:103,3712
DA:111,3712
DA:115,0
DA:116,0
DA:117,0
DA:127,3712
DA:132,505
DA:145,505
DA:150,505
DA:132,519333
DA:145,519333
DA:150,519333
DA:132,3612
DA:145,3612
DA:150,3612
DA:132,4
DA:145,4
DA:150,4
DA:132,0
DA:145,0
DA:150,0
DA:154,2077332
DA:155,2077332
DA:154,505
DA:155,505
DA:160,232
DA:162,232
DA:160,3712
DA:162,3712
DA:166,232
DA:168,232
DA:166,3612
DA:168,3612
DA:197,257
DA:200,257
DA:197,1010
DA:200,1010
DA:197,2596665
DA:200,2596665
DA:197,3712
DA:200,3712
end_of_record
SF:/usr/include/c++/11/bits/charconv.h
FN:47,_ZNSt8__detail14__to_chars_lenIjEEjT_i
FNDA:0,_ZNSt8__detail14__to_chars_lenIjEEjT_i
FN:72,_ZNSt8__detail18__to_chars_10_implIjEEvPcjT_
FNDA:0,_ZNSt8__detail18__to_chars_10_implIjEEvPcjT_
DA:47,0
DA:52,0
DA:53,0
DA:54,0
DA:55,0
DA:58,0
DA:59,0
DA:60,0
DA:61,0
DA:62,0
DA:63,0
DA:72,0
DA:83,0
DA:84,0
DA:86,0
DA:87,0
DA:88,0
DA:89,0
DA:90,0
DA:92,0
DA:94,0
DA:95,0
DA:96,0
DA:99,0
DA:100,0
end_of_record
SF:/usr/include/c++/11/bits/stl_iterator_base_types.h
FN:238,_ZSt19__iterator_categoryIP24napi_property_descriptorENSt15iterator_traitsIT_E17iterator_categoryERKS3_
FNDA:505,_ZSt19__iterator_categoryIP24napi_property_descriptorENSt15iterator_traitsIT_E17iterator_categoryERKS3_
FN:238,_ZSt19__iterator_categoryIPKcENSt15iterator_traitsIT_E17iterator_categoryERKS3_
FNDA:0,_ZSt19__iterator_categoryIPKcENSt15iterator_traitsIT_E17iterator_categoryERKS3_
DA:238,505
DA:239,505
DA:238,0
DA:239,0
end_of_record
