TN:
SF:/home/david/shared-memory-disruptor/node_modules/node-addon-api/napi-inl.h
FN:27,_ZN4Napi7detailsL10AttachDataINS_10ObjectWrapI9DisruptorE20AccessorCallbackDataIPFNS_5ValueERKNS_12CallbackInfoEEPFvS9_RKS6_EEEEE11napi_statusP10napi_env__P12napi_value__PT_PFvSJ_PvSO_ESO_
FN:27,_ZN4Napi7detailsL10AttachDataINS_10ObjectWrapI9DisruptorE18MethodCallbackDataIMS3_FNS_5ValueERKNS_12CallbackInfoEEEEEE11napi_statusP10napi_env__P12napi_value__PT_PFvSF_PvSK_ESK_
FN:27,_ZN4Napi7detailsL10AttachDataINS_10ObjectWrapI9DisruptorE20AccessorCallbackDataIMS3_FNS_5ValueERKNS_12CallbackInfoEEMS3_FvS9_RKS6_EEEEE11napi_statusP10napi_env__P12napi_value__PT_PFvSJ_PvSO_ESO_
FN:27,_ZN4Napi7detailsL10AttachDataINS_10ObjectWrapI9DisruptorE18MethodCallbackDataIPFNS_5ValueERKNS_12CallbackInfoEEEEEE11napi_statusP10napi_env__P12napi_value__PT_PFvSF_PvSK_ESK_
FN:27,_ZN4Napi7detailsL10AttachDataINS_10ObjectWrapI9DisruptorE18MethodCallbackDataIPFvRKNS_12CallbackInfoEEEEEE11napi_statusP10napi_env__P12napi_value__PT_PFvSE_PvSJ_ESJ_
FN:27,_ZN4Napi7detailsL10AttachDataINS_10ObjectWrapI9DisruptorE18MethodCallbackDataIMS3_FvRKNS_12CallbackInfoEEEEEE11napi_statusP10napi_env__P12napi_value__PT_PFvSE_PvSJ_ESJ_
FN:34,_ZZN4Napi7detailsL10AttachDataINS_10ObjectWrapI9DisruptorE18MethodCallbackDataIPFvRKNS_12CallbackInfoEEEEEE11napi_statusP10napi_env__P12napi_value__PT_PFvSE_PvSJ_ESJ_ENKUlSE_SJ_SJ_E_clESE_SJ_SJ_
FN:34,_ZZN4Napi7detailsL10AttachDataINS_10ObjectWrapI9DisruptorE18MethodCallbackDataIMS3_FvRKNS_12CallbackInfoEEEEEE11napi_statusP10napi_env__P12napi_value__PT_PFvSE_PvSJ_ESJ_ENKUlSE_SJ_SJ_E_clESE_SJ_SJ_
FN:34,_ZZN4Napi7detailsL10AttachDataINS_10ObjectWrapI9DisruptorE20AccessorCallbackDataIPFNS_5ValueERKNS_12CallbackInfoEEPFvS9_RKS6_EEEEE11napi_statusP10napi_env__P12napi_value__PT_PFvSJ_PvSO_ESO_ENKUlSJ_SO_SO_E_clESJ_SO_SO_
FN:34,_ZZN4Napi7detailsL10AttachDataINS_10ObjectWrapI9DisruptorE18MethodCallbackDataIMS3_FNS_5ValueERKNS_12CallbackInfoEEEEEE11napi_statusP10napi_env__P12napi_value__PT_PFvSF_PvSK_ESK_ENKUlSF_SK_SK_E_clESF_SK_SK_
FN:34,_ZZN4Napi7detailsL10AttachDataINS_10ObjectWrapI9DisruptorE20AccessorCallbackDataIMS3_FNS_5ValueERKNS_12CallbackInfoEEMS3_FvS9_RKS6_EEEEE11napi_statusP10napi_env__P12napi_value__PT_PFvSJ_PvSO_ESO_ENKUlSJ_SO_SO_E_clESJ_SO_SO_
FN:34,_ZZN4Napi7detailsL10AttachDataINS_10ObjectWrapI9DisruptorE18MethodCallbackDataIPFNS_5ValueERKNS_12CallbackInfoEEEEEE11napi_statusP10napi_env__P12napi_value__PT_PFvSF_PvSK_ESK_ENKUlSF_SK_SK_E_clESF_SK_SK_
FN:70,_ZN4Napi7details12WrapCallbackIZNS_10ObjectWrapI9DisruptorE29InstanceMethodCallbackWrapperEP10napi_env__P20napi_callback_info__EUlvE_EEP12napi_value__T_
FN:70,_ZN4Napi7details12WrapCallbackIZNS_10ObjectWrapI9DisruptorE27StaticMethodCallbackWrapperEP10napi_env__P20napi_callback_info__EUlvE_EEP12napi_value__T_
FN:70,_ZN4Napi7details12WrapCallbackIZNS_10ObjectWrapI9DisruptorE29InstanceSetterCallbackWrapperEP10napi_env__P20napi_callback_info__EUlvE_EEP12napi_value__T_
FN:70,_ZN4Napi7details12WrapCallbackIZNS_10ObjectWrapI9DisruptorE13WrappedMethodIXadL_ZNS3_16ProduceClaimSyncERKNS_12CallbackInfoEEEEEP12napi_value__P10napi_env__P20napi_callback_info__EUlvE_EESA_T_
FN:70,_ZN4Napi7details12WrapCallbackIZNS_10ObjectWrapI9DisruptorE13WrappedMethodIXadL_ZNS3_16ProduceClaimManyERKNS_12CallbackInfoEEEEEP12napi_value__P10napi_env__P20napi_callback_info__EUlvE_EESA_T_
FN:70,_ZN4Napi7details12WrapCallbackIZNS_10ObjectWrapI9DisruptorE13WrappedMethodIXadL_ZNS3_15ConsumeNewAsyncERKNS_12CallbackInfoEEEEEP12napi_value__P10napi_env__P20napi_callback_info__EUlvE_EESA_T_
FN:70,_ZN4Napi7details12WrapCallbackIZNS_10ObjectWrapI9DisruptorE13WrappedMethodIXadL_ZNS3_20ProduceClaimManySyncERKNS_12CallbackInfoEEEEEP12napi_value__P10napi_env__P20napi_callback_info__EUlvE_EESA_T_
FN:70,_ZN4Napi7details12WrapCallbackIZNS_10ObjectWrapI9DisruptorE13WrappedMethodIXadL_ZNS3_17ProduceClaimAsyncERKNS_12CallbackInfoEEEEEP12napi_value__P10napi_env__P20napi_callback_info__EUlvE_EESA_T_
FN:70,_ZN4Napi7details12WrapCallbackIZNS_10ObjectWrapI9DisruptorE13WrappedMethodIXadL_ZNS3_14GetElementSizeERKNS_12CallbackInfoEEEEEP12napi_value__P10napi_env__P20napi_callback_info__EUlvE_EESA_T_
FN:70,_ZN4Napi7details12WrapCallbackIZNS_10ObjectWrapI9DisruptorE13WrappedMethodIXadL_ZNS3_17GetPendingSeqNextERKNS_12CallbackInfoEEEEEP12napi_value__P10napi_env__P20napi_callback_info__EUlvE_EESA_T_
FN:70,_ZN4Napi7details12WrapCallbackIZNS_10ObjectWrapI9DisruptorE26ConstructorCallbackWrapperEP10napi_env__P20napi_callback_info__EUlvE_EEP12napi_value__T_
FN:70,_ZN4Napi7details12WrapCallbackIZNS_10ObjectWrapI9DisruptorE33InstanceVoidMethodCallbackWrapperEP10napi_env__P20napi_callback_info__EUlvE_EEP12napi_value__T_
FN:70,_ZN4Napi7details12WrapCallbackIZNS_10ObjectWrapI9DisruptorE13WrappedMethodIXadL_ZNS3_19GetPendingSeqCursorERKNS_12CallbackInfoEEEEEP12napi_value__P10napi_env__P20napi_callback_info__EUlvE_EESA_T_
FN:70,_ZN4Napi7details12WrapCallbackIZNS_10ObjectWrapI9DisruptorE29InstanceGetterCallbackWrapperEP10napi_env__P20napi_callback_info__EUlvE_EEP12napi_value__T_
FN:70,_ZN4Napi7details12WrapCallbackIZNS_10ObjectWrapI9DisruptorE13WrappedMethodIXadL_ZNS3_11GetConsumerERKNS_12CallbackInfoEEEEEP12napi_value__P10napi_env__P20napi_callback_info__EUlvE_EESA_T_
FN:70,_ZN4Napi7details12WrapCallbackIZNS_10ObjectWrapI9DisruptorE13WrappedMethodIXadL_ZNS3_14ProduceRecoverERKNS_12CallbackInfoEEEEEP12napi_value__P10napi_env__P20napi_callback_info__EUlvE_EESA_T_
FN:70,_ZN4Napi7details12WrapCallbackIZNS_10ObjectWrapI9DisruptorE13WrappedMethodIXadL_ZNS3_12GetConsumersERKNS_12CallbackInfoEEEEEP12napi_value__P10napi_env__P20napi_callback_info__EUlvE_EESA_T_
FN:70,_ZN4Napi7details12WrapCallbackIZNS_10ObjectWrapI9DisruptorE13WrappedMethodIXadL_ZNS3_12ProduceClaimERKNS_12CallbackInfoEEEEEP12napi_value__P10napi_env__P20napi_callback_info__EUlvE_EESA_T_
FN:70,_ZN4Napi7details12WrapCallbackIZNS_11AsyncWorker14OnWorkCompleteENS_3EnvE11napi_statusEUlvE_EEP12napi_value__T_
FN:70,_ZN4Napi7details12WrapCallbackIZNS_14RegisterModuleEP10napi_env__P12napi_value__PFNS_6ObjectENS_3EnvES6_EEUlvE_EES5_T_
FN:70,_ZN4Napi7details12WrapCallbackIZNS_10ObjectWrapI9DisruptorE13WrappedMethodIXadL_ZNS3_7GetNextERKNS_12CallbackInfoEEEEEP12napi_value__P10napi_env__P20napi_callback_info__EUlvE_EESA_T_
FN:70,_ZN4Napi7details12WrapCallbackIZNS_10ObjectWrapI9DisruptorE13WrappedMethodIXadL_ZNS3_13ProduceCommitERKNS_12CallbackInfoEEEEEP12napi_value__P10napi_env__P20napi_callback_info__EUlvE_EESA_T_
FN:70,_ZN4Napi7details12WrapCallbackIZNS_10ObjectWrapI9DisruptorE31StaticVoidMethodCallbackWrapperEP10napi_env__P20napi_callback_info__EUlvE_EEP12napi_value__T_
FN:70,_ZN4Napi7details12WrapCallbackIZNS_10ObjectWrapI9DisruptorE13WrappedMethodIXadL_ZNS3_14ConsumeNewSyncERKNS_12CallbackInfoEEEEEP12napi_value__P10napi_env__P20napi_callback_info__EUlvE_EESA_T_
FN:70,_ZN4Napi7details12WrapCallbackIZNS_10ObjectWrapI9DisruptorE27StaticGetterCallbackWrapperEP10napi_env__P20napi_callback_info__EUlvE_EEP12napi_value__T_
FN:70,_ZN4Napi7details12WrapCallbackIZNS_10ObjectWrapI9DisruptorE13WrappedMethodIXadL_ZNS3_7ReleaseERKNS_12CallbackInfoEEEEEP12napi_value__P10napi_env__P20napi_callback_info__EUlvE_EESA_T_
FN:70,_ZN4Napi7details12WrapCallbackIZNS_10ObjectWrapI9DisruptorE27StaticSetterCallbackWrapperEP10napi_env__P20napi_callback_info__EUlvE_EEP12napi_value__T_
FN:70,_ZN4Napi7details12WrapCallbackIZNS_10ObjectWrapI9DisruptorE13WrappedMethodIXadL_ZNS3_11GetElementsERKNS_12CallbackInfoEEEEEP12napi_value__P10napi_env__P20napi_callback_info__EUlvE_EESA_T_
FN:70,_ZN4Napi7details12WrapCallbackIZZNS_8Function3NewIXadL_Z12NullCallbackRKNS_12CallbackInfoEEEEES2_P10napi_env__PKcPvENKUlS8_P20napi_callback_info__E_clES8_SD_EUlvE_EEP12napi_value__T_
FN:70,_ZN4Napi7details12WrapCallbackIZNS_10ObjectWrapI9DisruptorE13WrappedMethodIXadL_ZNS3_21ProduceClaimManyAsyncERKNS_12CallbackInfoEEEEEP12napi_value__P10napi_env__P20napi_callback_info__EUlvE_EESA_T_
FN:70,_ZN4Napi7details12WrapCallbackIZNS_10ObjectWrapI9DisruptorE13WrappedMethodIXadL_ZNS3_20GetPendingSeqNextEndERKNS_12CallbackInfoEEEEEP12napi_value__P10napi_env__P20napi_callback_info__EUlvE_EESA_T_
FN:70,_ZN4Napi7details12WrapCallbackIZNS_10ObjectWrapI9DisruptorE13WrappedMethodIXadL_ZNS3_18ProduceCommitAsyncERKNS_12CallbackInfoEEEEEP12napi_value__P10napi_env__P20napi_callback_info__EUlvE_EESA_T_
FN:70,_ZN4Napi7details12WrapCallbackIZNS_10ObjectWrapI9DisruptorE13WrappedMethodIXadL_ZNS3_9GetCursorERKNS_12CallbackInfoEEEEEP12napi_value__P10napi_env__P20napi_callback_info__EUlvE_EESA_T_
FN:70,_ZN4Napi7details12WrapCallbackIZNS_10ObjectWrapI9DisruptorE13WrappedMethodIXadL_ZNS3_21GetPendingSeqConsumerERKNS_12CallbackInfoEEEEEP12napi_value__P10napi_env__P20napi_callback_info__EUlvE_EESA_T_
FN:70,_ZN4Napi7details12WrapCallbackIZNS_10ObjectWrapI9DisruptorE13WrappedMethodIXadL_ZNS3_10ConsumeNewERKNS_12CallbackInfoEEEEEP12napi_value__P10napi_env__P20napi_callback_info__EUlvE_EESA_T_
FN:70,_ZN4Napi7details12WrapCallbackIZNS_10ObjectWrapI9DisruptorE13WrappedMethodIXadL_ZNS3_13ConsumeCommitERKNS_12CallbackInfoEEEEEP12napi_value__P10napi_env__P20napi_callback_info__EUlvE_EESA_T_
FN:70,_ZN4Napi7details12WrapCallbackIZNS_10ObjectWrapI9DisruptorE13WrappedMethodIXadL_ZNS3_17ProduceCommitSyncERKNS_12CallbackInfoEEEEEP12napi_value__P10napi_env__P20napi_callback_info__EUlvE_EESA_T_
FN:123,_ZN4Napi7details12FinalizeDataIhZN9DisruptorC4ERKNS_12CallbackInfoEEUlNS_3EnvEPhE_vE7WrapperEP10napi_env__PvSC_
FN:251,_ZN4Napi14RegisterModuleEP10napi_env__P12napi_value__PFNS_6ObjectENS_3EnvES4_E
FN:254,_ZZN4Napi14RegisterModuleEP10napi_env__P12napi_value__PFNS_6ObjectENS_3EnvES4_EENKUlvE_clEv
FN:264,_ZN4Napi3EnvC2EP10napi_env__
FN:267,_ZNK4Napi3EnvcvP10napi_env__Ev
FN:271,_ZNK4Napi3Env6GlobalEv
FN:278,_ZNK4Napi3Env9UndefinedEv
FN:285,_ZNK4Napi3Env4NullEv
FN:292,_ZNK4Napi3Env18IsExceptionPendingEv
FN:371,_ZN4Napi5ValueC2Ev
FN:374,_ZN4Napi5ValueC2EP10napi_env__P12napi_value__
FN:377,_ZNK4Napi5ValuecvP12napi_value__Ev
FN:396,_ZNK4Napi5Value3EnvEv
FN:400,_ZNK4Napi5Value7IsEmptyEv
FN:404,_ZNK4Napi5Value4TypeEv
FN:495,_ZNK4Napi5Value10IsFunctionEv
FN:537,_ZNK4Napi5Value2AsINS_6ObjectEEET_v
FN:537,_ZNK4Napi5Value2AsINS_6BufferIhEEEET_v
FN:537,_ZNK4Napi5Value2AsINS_6NumberEEET_v
FN:537,_ZNK4Napi5Value2AsINS_8FunctionEEET_v
FN:537,_ZNK4Napi5Value2AsINS_6StringEEET_v
FN:537,_ZNK4Napi5Value2AsINS_7BooleanEEET_v
FN:573,_ZN4Napi7Boolean3NewEP10napi_env__b
FN:583,_ZN4Napi7BooleanC2EP10napi_env__P12napi_value__
FN:586,_ZNK4Napi7BooleancvbEv
FN:590,_ZNK4Napi7Boolean5ValueEv
FN:601,_ZN4Napi6Number3NewEP10napi_env__d
FN:611,_ZN4Napi6NumberC2EP10napi_env__P12napi_value__
FN:618,_ZNK4Napi6NumbercvjEv
FN:641,_ZNK4Napi6Number11Uint32ValueEv
FN:648,_ZNK4Napi6Number10Int64ValueEv
FN:767,_ZN4Napi4NameC2EP10napi_env__P12napi_value__
FN:813,_ZN4Napi6StringC2EP10napi_env__P12napi_value__
FN:816,_ZNK4Napi6StringcvNSt7__cxx1112basic_stringIcSt11char_traitsIcESaIcEEEEv
FN:824,_ZNK4Napi6String9Utf8ValueB5cxx11Ev
FN:931,_ZN4Napi7details11vf_fallbackINS_6BufferIhEEE4FromEP10napi_env__RKS3_
FN:931,_ZN4Napi7details11vf_fallbackINS_8FunctionEE4FromEP10napi_env__RKS2_
FN:931,_ZN4Napi7details11vf_fallbackINS_5ValueEE4FromEP10napi_env__RKS2_
FN:951,_ZN4Napi5Value4FromIS0_EES0_P10napi_env__RKT_
FN:951,_ZN4Napi5Value4FromINS_6BufferIhEEEES0_P10napi_env__RKT_
FN:951,_ZN4Napi5Value4FromINS_8FunctionEEES0_P10napi_env__RKT_
FN:997,_ZN4Napi6Object14PropertyLValueIjEaSINS_5ValueEEERS2_T_
FN:1003,_ZN4Napi6Object14PropertyLValueIjEC2ES0_j
FN:1006,_ZN4Napi6Object3NewEP10napi_env__
FN:1013,_ZN4Napi6ObjectC2Ev
FN:1016,_ZN4Napi6ObjectC2EP10napi_env__P12napi_value__
FN:1027,_ZN4Napi6ObjectixEj
FN:1107,_ZNK4Napi6Object3GetEPKc
FN:1133,_ZN4Napi6Object3SetINS_8FunctionEEEvPKcRKT_
FN:1181,_ZN4Napi6Object3SetINS_5ValueEEEvjRKT_
FN:1181,_ZN4Napi6Object3SetINS_6BufferIhEEEEvjRKT_
FN:1335,_ZN4Napi5Array3NewEP10napi_env__
FN:1352,_ZN4Napi5ArrayC2EP10napi_env__P12napi_value__
FN:1355,_ZNK4Napi5Array6LengthEv
FN:1627,_ZN4Napi10TypedArrayC2Ev
FN:1631,_ZN4Napi10TypedArrayC2EP10napi_env__P12napi_value__
FN:1737,_ZN4Napi12TypedArrayOfIhEC2Ev
FN:1741,_ZN4Napi12TypedArrayOfIhEC2EP10napi_env__P12napi_value__
FN:1794,_ZN4NapiL14CreateFunctionINS_10ObjectWrapI9DisruptorE18MethodCallbackDataIPFNS_5ValueERKNS_12CallbackInfoEEEEEE11napi_statusP10napi_env__PKcPFP12napi_value__SE_P20napi_callback_info__EPT_PSI_
FN:1794,_ZN4NapiL14CreateFunctionINS_10ObjectWrapI9DisruptorE18MethodCallbackDataIPFvRKNS_12CallbackInfoEEEEEE11napi_statusP10napi_env__PKcPFP12napi_value__SD_P20napi_callback_info__EPT_PSH_
FN:1809,_ZN4Napi8Function3NewIXadL_Z12NullCallbackRKNS_12CallbackInfoEEEEES0_P10napi_env__PKcPv
FN:1813,_ZZN4Napi8Function3NewIXadL_Z12NullCallbackRKNS_12CallbackInfoEEEEES0_P10napi_env__PKcPvENKUlS6_P20napi_callback_info__E_clES6_SB_
FN:1815,_ZZZN4Napi8Function3NewIXadL_Z12NullCallbackRKNS_12CallbackInfoEEEEES0_P10napi_env__PKcPvENKUlS6_P20napi_callback_info__E_clES6_SB_ENKUlvE_clEv
FN:1887,_ZN4Napi8FunctionC2EP10napi_env__P12napi_value__
FN:1906,_ZNK4Napi8Function4CallEP12napi_value__RKSt16initializer_listIS2_E
FN:1910,_ZNK4Napi8Function4CallEP12napi_value__RKSt6vectorIS2_SaIS2_EE
FN:1914,_ZNK4Napi8Function4CallEP12napi_value__mPKS2_
FN:1922,_ZNK4Napi8Function12MakeCallbackEP12napi_value__RKSt16initializer_listIS2_EP20napi_async_context__
FN:1936,_ZNK4Napi8Function12MakeCallbackEP12napi_value__mPKS2_P20napi_async_context__
FN:2022,_ZN4Napi6BufferIhE3NewIZN9DisruptorC4ERKNS_12CallbackInfoEEUlNS_3EnvEPhE_EES1_P10napi_env__S8_mT_
FN:2077,_ZN4Napi6BufferIhEC2Ev
FN:2081,_ZN4Napi6BufferIhEC2EP10napi_env__P12napi_value__
FN:2086,_ZN4Napi6BufferIhEC2EP10napi_env__P12napi_value__mPh
FN:2091,_ZNK4Napi6BufferIhE6LengthEv
FN:2103,_ZNK4Napi6BufferIhE10EnsureInfoEv
FN:2121,_ZN4Napi5Error3NewEP10napi_env__
FN:2169,_ZN4Napi5Error3NewEP10napi_env__PKc
FN:2173,_ZN4Napi5Error3NewEP10napi_env__RKNSt7__cxx1112basic_stringIcSt11char_traitsIcESaIcEEE
FN:2177,_ZN4Napi5Error5FatalEPKcS2_
FN:2184,_ZN4Napi5ErrorC2EP10napi_env__P12napi_value__
FN:2220,_ZNK4Napi5Error7MessageB5cxx11Ev
FN:2237,_ZNK4Napi5Error26ThrowAsJavaScriptExceptionEv
FN:2259,_ZNK4Napi5Error4whatEv
FN:2266,_ZN4Napi5Error3NewIS0_EET_P10napi_env__PKcmPF11napi_statusS4_P12napi_value__S9_PS9_E
FN:2314,_ZN4Napi9ReferenceINS_6BufferIhEEE3NewERKS2_j
FN:2314,_ZN4Napi9ReferenceINS_6ObjectEE3NewERKS1_j
FN:2314,_ZN4Napi9ReferenceINS_8FunctionEE3NewERKS1_j
FN:2331,_ZN4Napi9ReferenceINS_8FunctionEEC2Ev
FN:2331,_ZN4Napi9ReferenceINS_6ObjectEEC2Ev
FN:2331,_ZN4Napi9ReferenceINS_6BufferIhEEEC2Ev
FN:2335,_ZN4Napi9ReferenceINS_6BufferIhEEEC2EP10napi_env__P10napi_ref__
FN:2335,_ZN4Napi9ReferenceINS_8FunctionEEC2EP10napi_env__P10napi_ref__
FN:2335,_ZN4Napi9ReferenceINS_6ObjectEEC2EP10napi_env__P10napi_ref__
FN:2340,_ZN4Napi9ReferenceINS_8FunctionEED2Ev
FN:2340,_ZN4Napi9ReferenceINS_6ObjectEED2Ev
FN:2340,_ZN4Napi9ReferenceINS_6BufferIhEEED2Ev
FN:2351,_ZN4Napi9ReferenceINS_6ObjectEEC2EOS2_
FN:2351,_ZN4Napi9ReferenceINS_8FunctionEEC2EOS2_
FN:2359,_ZN4Napi9ReferenceINS_6BufferIhEEEaSEOS3_
FN:2359,_ZN4Napi9ReferenceINS_8FunctionEEaSEOS2_
FN:2359,_ZN4Napi9ReferenceINS_6ObjectEEaSEOS2_
FN:2401,_ZNK4Napi9ReferenceINS_8FunctionEE3EnvEv
FN:2401,_ZNK4Napi9ReferenceINS_6ObjectEE3EnvEv
FN:2406,_ZNK4Napi9ReferenceINS_6ObjectEE7IsEmptyEv
FN:2406,_ZNK4Napi9ReferenceINS_8FunctionEE7IsEmptyEv
FN:2411,_ZNK4Napi9ReferenceINS_6ObjectEE5ValueEv
FN:2411,_ZNK4Napi9ReferenceINS_6BufferIhEEE5ValueEv
FN:2411,_ZNK4Napi9ReferenceINS_8FunctionEE5ValueEv
FN:2439,_ZN4Napi9ReferenceINS_6ObjectEE5ResetEv
FN:2439,_ZN4Napi9ReferenceINS_8FunctionEE5ResetEv
FN:2439,_ZN4Napi9ReferenceINS_6BufferIhEEE5ResetEv
FN:2478,_ZN4Napi10PersistentINS_6BufferIhEEEENS_9ReferenceIT_EES4_
FN:2482,_ZN4Napi10PersistentENS_6ObjectE
FN:2486,_ZN4Napi10PersistentENS_8FunctionE
FN:2497,_ZN4Napi15ObjectReferenceC2EP10napi_env__P10napi_ref__
FN:2500,_ZN4Napi15ObjectReferenceC2EONS_9ReferenceINS_6ObjectEEE
FN:2522,_ZNK4Napi15ObjectReference3GetEPKc
FN:2621,_ZN4Napi17FunctionReferenceC2Ev
FN:2628,_ZN4Napi17FunctionReferenceC2EONS_9ReferenceINS_8FunctionEEE
FN:2641,_ZN4Napi17FunctionReferenceaSEOS0_
FN:2670,_ZNK4Napi17FunctionReference4CallEP12napi_value__RKSt16initializer_listIS2_E
FN:2680,_ZNK4Napi17FunctionReference4CallEP12napi_value__RKSt6vectorIS2_SaIS2_EE
FN:2700,_ZNK4Napi17FunctionReference12MakeCallbackEP12napi_value__RKSt16initializer_listIS2_EP20napi_async_context__
FN:2751,_ZN4Napi12CallbackInfoC2EP10napi_env__P20napi_callback_info__
FN:2769,_ZN4Napi12CallbackInfoD2Ev
FN:2786,_ZNK4Napi12CallbackInfo3EnvEv
FN:2790,_ZNK4Napi12CallbackInfo6LengthEv
FN:2794,_ZNK4Napi12CallbackInfoixEm
FN:2798,_ZNK4Napi12CallbackInfo4ThisEv
FN:2805,_ZNK4Napi12CallbackInfo4DataEv
FN:2809,_ZN4Napi12CallbackInfo7SetDataEPv
FN:3150,_ZN4Napi10ObjectWrapI9DisruptorEC2ERKNS_12CallbackInfoE
FN:3164,_ZN4Napi10ObjectWrapI9DisruptorED0Ev
FN:3164,_ZN4Napi10ObjectWrapI9DisruptorED2Ev
FN:3178,_ZN4Napi10ObjectWrapI9DisruptorE6UnwrapENS_6ObjectE
FN:3187,_ZN4Napi10ObjectWrapI9DisruptorE11DefineClassENS_3EnvEPKcmPK24napi_property_descriptorPv
FN:3275,_ZN4Napi10ObjectWrapI9DisruptorE11DefineClassENS_3EnvEPKcRKSt16initializer_listINS_23ClassPropertyDescriptorIS1_EEEPv
FN:3558,_ZN4Napi10ObjectWrapI9DisruptorE14InstanceMethodIXadL_ZNS1_17ProduceClaimAsyncERKNS_12CallbackInfoEEEEENS_23ClassPropertyDescriptorIS1_EEPKc24napi_property_attributesPv
FN:3558,_ZN4Napi10ObjectWrapI9DisruptorE14InstanceMethodIXadL_ZNS1_7ReleaseERKNS_12CallbackInfoEEEEENS_23ClassPropertyDescriptorIS1_EEPKc24napi_property_attributesPv
FN:3558,_ZN4Napi10ObjectWrapI9DisruptorE14InstanceMethodIXadL_ZNS1_21ProduceClaimManyAsyncERKNS_12CallbackInfoEEEEENS_23ClassPropertyDescriptorIS1_EEPKc24napi_property_attributesPv
FN:3558,_ZN4Napi10ObjectWrapI9DisruptorE14InstanceMethodIXadL_ZNS1_15ConsumeNewAsyncERKNS_12CallbackInfoEEEEENS_23ClassPropertyDescriptorIS1_EEPKc24napi_property_attributesPv
FN:3558,_ZN4Napi10ObjectWrapI9DisruptorE14InstanceMethodIXadL_ZNS1_18ProduceCommitAsyncERKNS_12CallbackInfoEEEEENS_23ClassPropertyDescriptorIS1_EEPKc24napi_property_attributesPv
FN:3572,_ZN4Napi10ObjectWrapI9DisruptorE14InstanceMethodIXadL_ZNS1_14ProduceRecoverERKNS_12CallbackInfoEEEEENS_23ClassPropertyDescriptorIS1_EEPKc24napi_property_attributesPv
FN:3572,_ZN4Napi10ObjectWrapI9DisruptorE14InstanceMethodIXadL_ZNS1_20ProduceClaimManySyncERKNS_12CallbackInfoEEEEENS_23ClassPropertyDescriptorIS1_EEPKc24napi_property_attributesPv
FN:3572,_ZN4Napi10ObjectWrapI9DisruptorE14InstanceMethodIXadL_ZNS1_13ProduceCommitERKNS_12CallbackInfoEEEEENS_23ClassPropertyDescriptorIS1_EEPKc24napi_property_attributesPv
FN:3572,_ZN4Napi10ObjectWrapI9DisruptorE14InstanceMethodIXadL_ZNS1_14ConsumeNewSyncERKNS_12CallbackInfoEEEEENS_23ClassPropertyDescriptorIS1_EEPKc24napi_property_attributesPv
FN:3572,_ZN4Napi10ObjectWrapI9DisruptorE14InstanceMethodIXadL_ZNS1_16ProduceClaimManyERKNS_12CallbackInfoEEEEENS_23ClassPropertyDescriptorIS1_EEPKc24napi_property_attributesPv
FN:3572,_ZN4Napi10ObjectWrapI9DisruptorE14InstanceMethodIXadL_ZNS1_13ConsumeCommitERKNS_12CallbackInfoEEEEENS_23ClassPropertyDescriptorIS1_EEPKc24napi_property_attributesPv
FN:3572,_ZN4Napi10ObjectWrapI9DisruptorE14InstanceMethodIXadL_ZNS1_10ConsumeNewERKNS_12CallbackInfoEEEEENS_23ClassPropertyDescriptorIS1_EEPKc24napi_property_attributesPv
FN:3572,_ZN4Napi10ObjectWrapI9DisruptorE14InstanceMethodIXadL_ZNS1_16ProduceClaimSyncERKNS_12CallbackInfoEEEEENS_23ClassPropertyDescriptorIS1_EEPKc24napi_property_attributesPv
FN:3572,_ZN4Napi10ObjectWrapI9DisruptorE14InstanceMethodIXadL_ZNS1_12ProduceClaimERKNS_12CallbackInfoEEEEENS_23ClassPropertyDescriptorIS1_EEPKc24napi_property_attributesPv
FN:3572,_ZN4Napi10ObjectWrapI9DisruptorE14InstanceMethodIXadL_ZNS1_17ProduceCommitSyncERKNS_12CallbackInfoEEEEENS_23ClassPropertyDescriptorIS1_EEPKc24napi_property_attributesPv
FN:3653,_ZN4Napi10ObjectWrapI9DisruptorE16InstanceAccessorIXadL_ZNS1_21GetPendingSeqConsumerERKNS_12CallbackInfoEEELMS1_FvS6_RKNS_5ValueEE0EEENS_23ClassPropertyDescriptorIS1_EEPKc24napi_property_attributesPv
FN:3653,_ZN4Napi10ObjectWrapI9DisruptorE16InstanceAccessorIXadL_ZNS1_19GetPendingSeqCursorERKNS_12CallbackInfoEEELMS1_FvS6_RKNS_5ValueEE0EEENS_23ClassPropertyDescriptorIS1_EEPKc24napi_property_attributesPv
FN:3653,_ZN4Napi10ObjectWrapI9DisruptorE16InstanceAccessorIXadL_ZNS1_11GetElementsERKNS_12CallbackInfoEEELMS1_FvS6_RKNS_5ValueEE0EEENS_23ClassPropertyDescriptorIS1_EEPKc24napi_property_attributesPv
FN:3653,_ZN4Napi10ObjectWrapI9DisruptorE16InstanceAccessorIXadL_ZNS1_20GetPendingSeqNextEndERKNS_12CallbackInfoEEELMS1_FvS6_RKNS_5ValueEE0EEENS_23ClassPropertyDescriptorIS1_EEPKc24napi_property_attributesPv
FN:3653,_ZN4Napi10ObjectWrapI9DisruptorE16InstanceAccessorIXadL_ZNS1_17GetPendingSeqNextERKNS_12CallbackInfoEEELMS1_FvS6_RKNS_5ValueEE0EEENS_23ClassPropertyDescriptorIS1_EEPKc24napi_property_attributesPv
FN:3653,_ZN4Napi10ObjectWrapI9DisruptorE16InstanceAccessorIXadL_ZNS1_12GetConsumersERKNS_12CallbackInfoEEELMS1_FvS6_RKNS_5ValueEE0EEENS_23ClassPropertyDescriptorIS1_EEPKc24napi_property_attributesPv
FN:3653,_ZN4Napi10ObjectWrapI9DisruptorE16InstanceAccessorIXadL_ZNS1_7GetNextERKNS_12CallbackInfoEEELMS1_FvS6_RKNS_5ValueEE0EEENS_23ClassPropertyDescriptorIS1_EEPKc24napi_property_attributesPv
FN:3653,_ZN4Napi10ObjectWrapI9DisruptorE16InstanceAccessorIXadL_ZNS1_14GetElementSizeERKNS_12CallbackInfoEEELMS1_FvS6_RKNS_5ValueEE0EEENS_23ClassPropertyDescriptorIS1_EEPKc24napi_property_attributesPv
FN:3653,_ZN4Napi10ObjectWrapI9DisruptorE16InstanceAccessorIXadL_ZNS1_11GetConsumerERKNS_12CallbackInfoEEELMS1_FvS6_RKNS_5ValueEE0EEENS_23ClassPropertyDescriptorIS1_EEPKc24napi_property_attributesPv
FN:3653,_ZN4Napi10ObjectWrapI9DisruptorE16InstanceAccessorIXadL_ZNS1_9GetCursorERKNS_12CallbackInfoEEELMS1_FvS6_RKNS_5ValueEE0EEENS_23ClassPropertyDescriptorIS1_EEPKc24napi_property_attributesPv
FN:3727,_ZN4Napi10ObjectWrapI9DisruptorE8FinalizeENS_3EnvE
FN:3730,_ZN4Napi10ObjectWrapI9DisruptorE26ConstructorCallbackWrapperEP10napi_env__P20napi_callback_info__
FN:3743,_ZZN4Napi10ObjectWrapI9DisruptorE26ConstructorCallbackWrapperEP10napi_env__P20napi_callback_info__ENKUlvE_clEv
FN:3765,_ZN4Napi10ObjectWrapI9DisruptorE31StaticVoidMethodCallbackWrapperEP10napi_env__P20napi_callback_info__
FN:3768,_ZZN4Napi10ObjectWrapI9DisruptorE31StaticVoidMethodCallbackWrapperEP10napi_env__P20napi_callback_info__ENKUlvE_clEv
FN:3779,_ZN4Napi10ObjectWrapI9DisruptorE27StaticMethodCallbackWrapperEP10napi_env__P20napi_callback_info__
FN:3782,_ZZN4Napi10ObjectWrapI9DisruptorE27StaticMethodCallbackWrapperEP10napi_env__P20napi_callback_info__ENKUlvE_clEv
FN:3792,_ZN4Napi10ObjectWrapI9DisruptorE27StaticGetterCallbackWrapperEP10napi_env__P20napi_callback_info__
FN:3795,_ZZN4Napi10ObjectWrapI9DisruptorE27StaticGetterCallbackWrapperEP10napi_env__P20napi_callback_info__ENKUlvE_clEv
FN:3805,_ZN4Napi10ObjectWrapI9DisruptorE27StaticSetterCallbackWrapperEP10napi_env__P20napi_callback_info__
FN:3808,_ZZN4Napi10ObjectWrapI9DisruptorE27StaticSetterCallbackWrapperEP10napi_env__P20napi_callback_info__ENKUlvE_clEv
FN:3819,_ZN4Napi10ObjectWrapI9DisruptorE33InstanceVoidMethodCallbackWrapperEP10napi_env__P20napi_callback_info__
FN:3822,_ZZN4Napi10ObjectWrapI9DisruptorE33InstanceVoidMethodCallbackWrapperEP10napi_env__P20napi_callback_info__ENKUlvE_clEv
FN:3835,_ZN4Napi10ObjectWrapI9DisruptorE29InstanceMethodCallbackWrapperEP10napi_env__P20napi_callback_info__
FN:3838,_ZZN4Napi10ObjectWrapI9DisruptorE29InstanceMethodCallbackWrapperEP10napi_env__P20napi_callback_info__ENKUlvE_clEv
FN:3850,_ZN4Napi10ObjectWrapI9DisruptorE29InstanceGetterCallbackWrapperEP10napi_env__P20napi_callback_info__
FN:3853,_ZZN4Napi10ObjectWrapI9DisruptorE29InstanceGetterCallbackWrapperEP10napi_env__P20napi_callback_info__ENKUlvE_clEv
FN:3865,_ZN4Napi10ObjectWrapI9DisruptorE29InstanceSetterCallbackWrapperEP10napi_env__P20napi_callback_info__
FN:3868,_ZZN4Napi10ObjectWrapI9DisruptorE29InstanceSetterCallbackWrapperEP10napi_env__P20napi_callback_info__ENKUlvE_clEv
FN:3881,_ZN4Napi10ObjectWrapI9DisruptorE16FinalizeCallbackEP10napi_env__PvS5_
FN:3906,_ZN4Napi10ObjectWrapI9DisruptorE13WrappedMethodIXadL_ZNS1_7ReleaseERKNS_12CallbackInfoEEEEEP12napi_value__P10napi_env__P20napi_callback_info__
FN:3906,_ZN4Napi10ObjectWrapI9DisruptorE13WrappedMethodIXadL_ZNS1_17ProduceClaimAsyncERKNS_12CallbackInfoEEEEEP12napi_value__P10napi_env__P20napi_callback_info__
FN:3906,_ZN4Napi10ObjectWrapI9DisruptorE13WrappedMethodIXadL_ZNS1_21ProduceClaimManyAsyncERKNS_12CallbackInfoEEEEEP12napi_value__P10napi_env__P20napi_callback_info__
FN:3906,_ZN4Napi10ObjectWrapI9DisruptorE13WrappedMethodIXadL_ZNS1_15ConsumeNewAsyncERKNS_12CallbackInfoEEEEEP12napi_value__P10napi_env__P20napi_callback_info__
FN:3906,_ZN4Napi10ObjectWrapI9DisruptorE13WrappedMethodIXadL_ZNS1_18ProduceCommitAsyncERKNS_12CallbackInfoEEEEEP12napi_value__P10napi_env__P20napi_callback_info__
FN:3907,_ZZN4Napi10ObjectWrapI9DisruptorE13WrappedMethodIXadL_ZNS1_17ProduceClaimAsyncERKNS_12CallbackInfoEEEEEP12napi_value__P10napi_env__P20napi_callback_info__ENKUlvE_clEv
FN:3907,_ZZN4Napi10ObjectWrapI9DisruptorE13WrappedMethodIXadL_ZNS1_21ProduceClaimManyAsyncERKNS_12CallbackInfoEEEEEP12napi_value__P10napi_env__P20napi_callback_info__ENKUlvE_clEv
FN:3907,_ZZN4Napi10ObjectWrapI9DisruptorE13WrappedMethodIXadL_ZNS1_7ReleaseERKNS_12CallbackInfoEEEEEP12napi_value__P10napi_env__P20napi_callback_info__ENKUlvE_clEv
FN:3907,_ZZN4Napi10ObjectWrapI9DisruptorE13WrappedMethodIXadL_ZNS1_18ProduceCommitAsyncERKNS_12CallbackInfoEEEEEP12napi_value__P10napi_env__P20napi_callback_info__ENKUlvE_clEv
FN:3907,_ZZN4Napi10ObjectWrapI9DisruptorE13WrappedMethodIXadL_ZNS1_15ConsumeNewAsyncERKNS_12CallbackInfoEEEEEP12napi_value__P10napi_env__P20napi_callback_info__ENKUlvE_clEv
FN:3917,_ZN4Napi10ObjectWrapI9DisruptorE13WrappedMethodIXadL_ZNS1_21GetPendingSeqConsumerERKNS_12CallbackInfoEEEEEP12napi_value__P10napi_env__P20napi_callback_info__
FN:3917,_ZN4Napi10ObjectWrapI9DisruptorE13WrappedMethodIXadL_ZNS1_14ProduceRecoverERKNS_12CallbackInfoEEEEEP12napi_value__P10napi_env__P20napi_callback_info__
FN:3917,_ZN4Napi10ObjectWrapI9DisruptorE13WrappedMethodIXadL_ZNS1_10ConsumeNewERKNS_12CallbackInfoEEEEEP12napi_value__P10napi_env__P20napi_callback_info__
FN:3917,_ZN4Napi10ObjectWrapI9DisruptorE13WrappedMethodIXadL_ZNS1_19GetPendingSeqCursorERKNS_12CallbackInfoEEEEEP12napi_value__P10napi_env__P20napi_callback_info__
FN:3917,_ZN4Napi10ObjectWrapI9DisruptorE13WrappedMethodIXadL_ZNS1_14GetElementSizeERKNS_12CallbackInfoEEEEEP12napi_value__P10napi_env__P20napi_callback_info__
FN:3917,_ZN4Napi10ObjectWrapI9DisruptorE13WrappedMethodIXadL_ZNS1_9GetCursorERKNS_12CallbackInfoEEEEEP12napi_value__P10napi_env__P20napi_callback_info__
FN:3917,_ZN4Napi10ObjectWrapI9DisruptorE13WrappedMethodIXadL_ZNS1_13ConsumeCommitERKNS_12CallbackInfoEEEEEP12napi_value__P10napi_env__P20napi_callback_info__
FN:3917,_ZN4Napi10ObjectWrapI9DisruptorE13WrappedMethodIXadL_ZNS1_12ProduceClaimERKNS_12CallbackInfoEEEEEP12napi_value__P10napi_env__P20napi_callback_info__
FN:3917,_ZN4Napi10ObjectWrapI9DisruptorE13WrappedMethodIXadL_ZNS1_14ConsumeNewSyncERKNS_12CallbackInfoEEEEEP12napi_value__P10napi_env__P20napi_callback_info__
FN:3917,_ZN4Napi10ObjectWrapI9DisruptorE13WrappedMethodIXadL_ZNS1_20GetPendingSeqNextEndERKNS_12CallbackInfoEEEEEP12napi_value__P10napi_env__P20napi_callback_info__
FN:3917,_ZN4Napi10ObjectWrapI9DisruptorE13WrappedMethodIXadL_ZNS1_12GetConsumersERKNS_12CallbackInfoEEEEEP12napi_value__P10napi_env__P20napi_callback_info__
FN:3917,_ZN4Napi10ObjectWrapI9DisruptorE13WrappedMethodIXadL_ZNS1_13ProduceCommitERKNS_12CallbackInfoEEEEEP12napi_value__P10napi_env__P20napi_callback_info__
FN:3917,_ZN4Napi10ObjectWrapI9DisruptorE13WrappedMethodIXadL_ZNS1_11GetConsumerERKNS_12CallbackInfoEEEEEP12napi_value__P10napi_env__P20napi_callback_info__
FN:3917,_ZN4Napi10ObjectWrapI9DisruptorE13WrappedMethodIXadL_ZNS1_16ProduceClaimManyERKNS_12CallbackInfoEEEEEP12napi_value__P10napi_env__P20napi_callback_info__
FN:3917,_ZN4Napi10ObjectWrapI9DisruptorE13WrappedMethodIXadL_ZNS1_20ProduceClaimManySyncERKNS_12CallbackInfoEEEEEP12napi_value__P10napi_env__P20napi_callback_info__
FN:3917,_ZN4Napi10ObjectWrapI9DisruptorE13WrappedMethodIXadL_ZNS1_16ProduceClaimSyncERKNS_12CallbackInfoEEEEEP12napi_value__P10napi_env__P20napi_callback_info__
FN:3917,_ZN4Napi10ObjectWrapI9DisruptorE13WrappedMethodIXadL_ZNS1_17ProduceCommitSyncERKNS_12CallbackInfoEEEEEP12napi_value__P10napi_env__P20napi_callback_info__
FN:3917,_ZN4Napi10ObjectWrapI9DisruptorE13WrappedMethodIXadL_ZNS1_11GetElementsERKNS_12CallbackInfoEEEEEP12napi_value__P10napi_env__P20napi_callback_info__
FN:3917,_ZN4Napi10ObjectWrapI9DisruptorE13WrappedMethodIXadL_ZNS1_7GetNextERKNS_12CallbackInfoEEEEEP12napi_value__P10napi_env__P20napi_callback_info__
FN:3917,_ZN4Napi10ObjectWrapI9DisruptorE13WrappedMethodIXadL_ZNS1_17GetPendingSeqNextERKNS_12CallbackInfoEEEEEP12napi_value__P10napi_env__P20napi_callback_info__
FN:3918,_ZZN4Napi10ObjectWrapI9DisruptorE13WrappedMethodIXadL_ZNS1_20GetPendingSeqNextEndERKNS_12CallbackInfoEEEEEP12napi_value__P10napi_env__P20napi_callback_info__ENKUlvE_clEv
FN:3918,_ZZN4Napi10ObjectWrapI9DisruptorE13WrappedMethodIXadL_ZNS1_13ProduceCommitERKNS_12CallbackInfoEEEEEP12napi_value__P10napi_env__P20napi_callback_info__ENKUlvE_clEv
FN:3918,_ZZN4Napi10ObjectWrapI9DisruptorE13WrappedMethodIXadL_ZNS1_10ConsumeNewERKNS_12CallbackInfoEEEEEP12napi_value__P10napi_env__P20napi_callback_info__ENKUlvE_clEv
FN:3918,_ZZN4Napi10ObjectWrapI9DisruptorE13WrappedMethodIXadL_ZNS1_11GetElementsERKNS_12CallbackInfoEEEEEP12napi_value__P10napi_env__P20napi_callback_info__ENKUlvE_clEv
FN:3918,_ZZN4Napi10ObjectWrapI9DisruptorE13WrappedMethodIXadL_ZNS1_14ConsumeNewSyncERKNS_12CallbackInfoEEEEEP12napi_value__P10napi_env__P20napi_callback_info__ENKUlvE_clEv
FN:3918,_ZZN4Napi10ObjectWrapI9DisruptorE13WrappedMethodIXadL_ZNS1_14GetElementSizeERKNS_12CallbackInfoEEEEEP12napi_value__P10napi_env__P20napi_callback_info__ENKUlvE_clEv
FN:3918,_ZZN4Napi10ObjectWrapI9DisruptorE13WrappedMethodIXadL_ZNS1_16ProduceClaimManyERKNS_12CallbackInfoEEEEEP12napi_value__P10napi_env__P20napi_callback_info__ENKUlvE_clEv
FN:3918,_ZZN4Napi10ObjectWrapI9DisruptorE13WrappedMethodIXadL_ZNS1_11GetConsumerERKNS_12CallbackInfoEEEEEP12napi_value__P10napi_env__P20napi_callback_info__ENKUlvE_clEv
FN:3918,_ZZN4Napi10ObjectWrapI9DisruptorE13WrappedMethodIXadL_ZNS1_19GetPendingSeqCursorERKNS_12CallbackInfoEEEEEP12napi_value__P10napi_env__P20napi_callback_info__ENKUlvE_clEv
FN:3918,_ZZN4Napi10ObjectWrapI9DisruptorE13WrappedMethodIXadL_ZNS1_17ProduceCommitSyncERKNS_12CallbackInfoEEEEEP12napi_value__P10napi_env__P20napi_callback_info__ENKUlvE_clEv
FN:3918,_ZZN4Napi10ObjectWrapI9DisruptorE13WrappedMethodIXadL_ZNS1_16ProduceClaimSyncERKNS_12CallbackInfoEEEEEP12napi_value__P10napi_env__P20napi_callback_info__ENKUlvE_clEv
FN:3918,_ZZN4Napi10ObjectWrapI9DisruptorE13WrappedMethodIXadL_ZNS1_9GetCursorERKNS_12CallbackInfoEEEEEP12napi_value__P10napi_env__P20napi_callback_info__ENKUlvE_clEv
FN:3918,_ZZN4Napi10ObjectWrapI9DisruptorE13WrappedMethodIXadL_ZNS1_20ProduceClaimManySyncERKNS_12CallbackInfoEEEEEP12napi_value__P10napi_env__P20napi_callback_info__ENKUlvE_clEv
FN:3918,_ZZN4Napi10ObjectWrapI9DisruptorE13WrappedMethodIXadL_ZNS1_21GetPendingSeqConsumerERKNS_12CallbackInfoEEEEEP12napi_value__P10napi_env__P20napi_callback_info__ENKUlvE_clEv
FN:3918,_ZZN4Napi10ObjectWrapI9DisruptorE13WrappedMethodIXadL_ZNS1_7GetNextERKNS_12CallbackInfoEEEEEP12napi_value__P10napi_env__P20napi_callback_info__ENKUlvE_clEv
FN:3918,_ZZN4Napi10ObjectWrapI9DisruptorE13WrappedMethodIXadL_ZNS1_17GetPendingSeqNextERKNS_12CallbackInfoEEEEEP12napi_value__P10napi_env__P20napi_callback_info__ENKUlvE_clEv
FN:3918,_ZZN4Napi10ObjectWrapI9DisruptorE13WrappedMethodIXadL_ZNS1_12GetConsumersERKNS_12CallbackInfoEEEEEP12napi_value__P10napi_env__P20napi_callback_info__ENKUlvE_clEv
FN:3918,_ZZN4Napi10ObjectWrapI9DisruptorE13WrappedMethodIXadL_ZNS1_13ConsumeCommitERKNS_12CallbackInfoEEEEEP12napi_value__P10napi_env__P20napi_callback_info__ENKUlvE_clEv
FN:3918,_ZZN4Napi10ObjectWrapI9DisruptorE13WrappedMethodIXadL_ZNS1_14ProduceRecoverERKNS_12CallbackInfoEEEEEP12napi_value__P10napi_env__P20napi_callback_info__ENKUlvE_clEv
FN:3918,_ZZN4Napi10ObjectWrapI9DisruptorE13WrappedMethodIXadL_ZNS1_12ProduceClaimERKNS_12CallbackInfoEEEEEP12napi_value__P10napi_env__P20napi_callback_info__ENKUlvE_clEv
FN:3954,_ZN4Napi11HandleScopeC2ENS_3EnvE
FN:3959,_ZN4Napi11HandleScopeD2Ev
FN:3982,_ZN4Napi20EscapableHandleScopeC2ENS_3EnvE
FN:3987,_ZN4Napi20EscapableHandleScopeD2Ev
FN:3998,_ZNK4Napi20EscapableHandleScope3EnvEv
FN:4002,_ZN4Napi20EscapableHandleScope6EscapeEP12napi_value__
FN:4026,_ZN4Napi13CallbackScopeD0Ev
FN:4026,_ZN4Napi13CallbackScopeD2Ev
FN:4064,_ZN4Napi12AsyncContextD0Ev
FN:4064,_ZN4Napi12AsyncContextD2Ev
FN:4098,_ZN4Napi11AsyncWorkerC2ERKNS_8FunctionE
FN:4102,_ZN4Napi11AsyncWorkerC2ERKNS_8FunctionEPKc
FN:4107,_ZN4Napi11AsyncWorkerC2ERKNS_8FunctionEPKcRKNS_6ObjectE
FN:4130,_ZN4Napi11AsyncWorkerC2ERKNS_6ObjectERKNS_8FunctionEPKcS3_
FN:4174,_ZN4Napi11AsyncWorkerD0Ev
FN:4174,_ZN4Napi11AsyncWorkerD2Ev
FN:4181,_ZN4Napi11AsyncWorker7DestroyEv
FN:4212,_ZNK4Napi11AsyncWorker3EnvEv
FN:4216,_ZN4Napi11AsyncWorker5QueueEv
FN:4226,_ZN4Napi11AsyncWorker8ReceiverEv
FN:4230,_ZN4Napi11AsyncWorker8CallbackEv
FN:4238,_ZN4Napi11AsyncWorker4OnOKEv
FN:4244,_ZN4Napi11AsyncWorker7OnErrorERKNS_5ErrorE
FN:4250,_ZN4Napi11AsyncWorker8SetErrorERKNSt7__cxx1112basic_stringIcSt11char_traitsIcESaIcEEE
FN:4254,_ZN4Napi11AsyncWorker9GetResultENS_3EnvE
FN:4261,_ZN4Napi11AsyncWorker18OnAsyncWorkExecuteEP10napi_env__Pv
FN:4269,_ZN4Napi11AsyncWorker9OnExecuteENS_3EnvE
FN:4281,_ZN4Napi11AsyncWorker19OnAsyncWorkCompleteEP10napi_env__11napi_statusPv
FN:4287,_ZN4Napi11AsyncWorker14OnWorkCompleteENS_3EnvE11napi_status
FN:4290,_ZZN4Napi11AsyncWorker14OnWorkCompleteENS_3EnvE11napi_statusENKUlvE_clEv
FNDA:0,_ZNK4Napi9ReferenceINS_8FunctionEE3EnvEv
FNDA:33230300,_ZN4Napi5ValueC2EP10napi_env__P12napi_value__
FNDA:11136,_ZNK4Napi6Object3GetEPKc
FNDA:0,_ZZN4Napi7detailsL10AttachDataINS_10ObjectWrapI9DisruptorE18MethodCallbackDataIMS3_FvRKNS_12CallbackInfoEEEEEE11napi_statusP10napi_env__P12napi_value__PT_PFvSE_PvSJ_ESJ_ENKUlSE_SJ_SJ_E_clESE_SJ_SJ_
FNDA:10532,_ZN4Napi9ReferenceINS_8FunctionEE5ResetEv
FNDA:807,_ZZN4Napi10ObjectWrapI9DisruptorE13WrappedMethodIXadL_ZNS1_17ProduceClaimAsyncERKNS_12CallbackInfoEEEEEP12napi_value__P10napi_env__P20napi_callback_info__ENKUlvE_clEv
FNDA:505,_ZN4Napi10ObjectWrapI9DisruptorE16InstanceAccessorIXadL_ZNS1_21GetPendingSeqConsumerERKNS_12CallbackInfoEEELMS1_FvS6_RKNS_5ValueEE0EEENS_23ClassPropertyDescriptorIS1_EEPKc24napi_property_attributesPv
FNDA:411062,_ZNK4Napi17FunctionReference12MakeCallbackEP12napi_value__RKSt16initializer_listIS2_EP20napi_async_context__
FNDA:411062,_ZNK4Napi5Value10IsFunctionEv
FNDA:11136,_ZN4Napi9ReferenceINS_6BufferIhEEE3NewERKS2_j
FNDA:932129,_ZNK4Napi12CallbackInfo6LengthEv
FNDA:2320240,_ZN4Napi17FunctionReferenceC2EONS_9ReferenceINS_8FunctionEEE
FNDA:176,_ZNK4Napi6Number10Int64ValueEv
FNDA:2316530,_ZN4Napi11AsyncWorkerD2Ev
FNDA:659890,_ZN4Napi10ObjectWrapI9DisruptorE13WrappedMethodIXadL_ZNS1_10ConsumeNewERKNS_12CallbackInfoEEEEEP12napi_value__P10napi_env__P20napi_callback_info__
FNDA:0,_ZN4Napi7detailsL10AttachDataINS_10ObjectWrapI9DisruptorE18MethodCallbackDataIMS3_FNS_5ValueERKNS_12CallbackInfoEEEEEE11napi_statusP10napi_env__P12napi_value__PT_PFvSF_PvSK_ESK_
FNDA:14910,_ZNK4Napi6NumbercvjEv
FNDA:3716,_ZN4Napi9ReferenceINS_8FunctionEEC2Ev
FNDA:505,_ZN4Napi10ObjectWrapI9DisruptorE14InstanceMethodIXadL_ZNS1_17ProduceClaimAsyncERKNS_12CallbackInfoEEEEENS_23ClassPropertyDescriptorIS1_EEPKc24napi_property_attributesPv
FNDA:4071890,_ZN4Napi12CallbackInfoC2EP10napi_env__P20napi_callback_info__
FNDA:0,_ZN4Napi7details12WrapCallbackIZNS_10ObjectWrapI9DisruptorE29InstanceMethodCallbackWrapperEP10napi_env__P20napi_callback_info__EUlvE_EEP12napi_value__T_
FNDA:0,_ZN4Napi7details12WrapCallbackIZNS_10ObjectWrapI9DisruptorE27StaticMethodCallbackWrapperEP10napi_env__P20napi_callback_info__EUlvE_EEP12napi_value__T_
FNDA:11136,_ZN4Napi9ReferenceINS_6BufferIhEEEC2EP10napi_env__P10napi_ref__
FNDA:0,_ZN4Napi11AsyncWorkerD0Ev
FNDA:0,_ZN4Napi7details12WrapCallbackIZNS_10ObjectWrapI9DisruptorE29InstanceSetterCallbackWrapperEP10napi_env__P20napi_callback_info__EUlvE_EEP12napi_value__T_
FNDA:659974,_ZN4Napi10ObjectWrapI9DisruptorE13WrappedMethodIXadL_ZNS1_21GetPendingSeqConsumerERKNS_12CallbackInfoEEEEEP12napi_value__P10napi_env__P20napi_callback_info__
FNDA:520319,_ZZN4Napi10ObjectWrapI9DisruptorE13WrappedMethodIXadL_ZNS1_20GetPendingSeqNextEndERKNS_12CallbackInfoEEEEEP12napi_value__P10napi_env__P20napi_callback_info__ENKUlvE_clEv
FNDA:505,_ZN4Napi14RegisterModuleEP10napi_env__P12napi_value__PFNS_6ObjectENS_3EnvES4_E
FNDA:2320240,_ZN4Napi10PersistentENS_8FunctionE
FNDA:3712,_ZN4Napi6BufferIhEC2EP10napi_env__P12napi_value__mPh
FNDA:0,_ZN4Napi5Error3NewEP10napi_env__
FNDA:963148,_ZNK4Napi3Env9UndefinedEv
FNDA:4644100,_ZN4Napi9ReferenceINS_8FunctionEED2Ev
FNDA:76,_ZN4Napi10ObjectWrapI9DisruptorE13WrappedMethodIXadL_ZNS1_14ProduceRecoverERKNS_12CallbackInfoEEEEEP12napi_value__P10napi_env__P20napi_callback_info__
FNDA:0,_ZN4Napi7detailsL10AttachDataINS_10ObjectWrapI9DisruptorE20AccessorCallbackDataIPFNS_5ValueERKNS_12CallbackInfoEEPFvS9_RKS6_EEEEE11napi_statusP10napi_env__P12napi_value__PT_PFvSJ_PvSO_ESO_
FNDA:3716,_ZN4Napi9ReferenceINS_6ObjectEE5ResetEv
FNDA:0,_ZZN4Napi7detailsL10AttachDataINS_10ObjectWrapI9DisruptorE18MethodCallbackDataIPFvRKNS_12CallbackInfoEEEEEE11napi_statusP10napi_env__P12napi_value__PT_PFvSE_PvSJ_ESJ_ENKUlSE_SJ_SJ_E_clESE_SJ_SJ_
FNDA:3208,_ZN4Napi10ObjectWrapI9DisruptorE13WrappedMethodIXadL_ZNS1_7ReleaseERKNS_12CallbackInfoEEEEEP12napi_value__P10napi_env__P20napi_callback_info__
FNDA:18240900,_ZNK4Napi5Value3EnvEv
FNDA:418486,_ZN4Napi20EscapableHandleScope6EscapeEP12napi_value__
FNDA:505,_ZN4Napi10ObjectWrapI9DisruptorE11DefineClassENS_3EnvEPKcmPK24napi_property_descriptorPv
FNDA:32019200,_ZNK4Napi5ValuecvP12napi_value__Ev
FNDA:526879,_ZNK4Napi7Boolean5ValueEv
FNDA:9273450,_ZN4Napi9ReferenceINS_6ObjectEED2Ev
FNDA:0,_ZN4Napi10ObjectWrapI9DisruptorE29InstanceSetterCallbackWrapperEP10napi_env__P20napi_callback_info__
FNDA:12,_ZN4Napi7details12WrapCallbackIZNS_10ObjectWrapI9DisruptorE13WrappedMethodIXadL_ZNS3_15ConsumeNewAsyncERKNS_12CallbackInfoEEEEEP12napi_value__P10napi_env__P20napi_callback_info__EUlvE_EESA_T_
FNDA:505,_ZN4Napi10ObjectWrapI9DisruptorE16InstanceAccessorIXadL_ZNS1_11GetElementsERKNS_12CallbackInfoEEELMS1_FvS6_RKNS_5ValueEE0EEENS_23ClassPropertyDescriptorIS1_EEPKc24napi_property_attributesPv
FNDA:1556,_ZZN4Napi10ObjectWrapI9DisruptorE13WrappedMethodIXadL_ZNS1_11GetElementsERKNS_12CallbackInfoEEEEEP12napi_value__P10napi_env__P20napi_callback_info__ENKUlvE_clEv
FNDA:2316530,_ZN4Napi11AsyncWorker14OnWorkCompleteENS_3EnvE11napi_status
FNDA:258670,_ZN4Napi5Value4FromIS0_EES0_P10napi_env__RKT_
FNDA:4633060,_ZN4Napi9ReferenceINS_6ObjectEEC2EOS2_
FNDA:0,_ZN4NapiL14CreateFunctionINS_10ObjectWrapI9DisruptorE18MethodCallbackDataIPFNS_5ValueERKNS_12CallbackInfoEEEEEE11napi_statusP10napi_env__PKcPFP12napi_value__SE_P20napi_callback_info__EPT_PSI_
FNDA:12,_ZZN4Napi10ObjectWrapI9DisruptorE13WrappedMethodIXadL_ZNS1_14ConsumeNewSyncERKNS_12CallbackInfoEEEEEP12napi_value__P10napi_env__P20napi_callback_info__ENKUlvE_clEv
FNDA:4,_ZN4Napi5ErrorC2EP10napi_env__P12napi_value__
FNDA:807,_ZN4Napi7details12WrapCallbackIZNS_10ObjectWrapI9DisruptorE13WrappedMethodIXadL_ZNS3_17ProduceClaimAsyncERKNS_12CallbackInfoEEEEEP12napi_value__P10napi_env__P20napi_callback_info__EUlvE_EESA_T_
FNDA:526879,_ZNK4Napi7BooleancvbEv
FNDA:2316530,_ZN4Napi11AsyncWorkerC2ERKNS_8FunctionEPKc
FNDA:0,_ZN4Napi10ObjectWrapI9DisruptorE27StaticMethodCallbackWrapperEP10napi_env__P20napi_callback_info__
FNDA:11,_ZN4Napi7details12WrapCallbackIZNS_10ObjectWrapI9DisruptorE13WrappedMethodIXadL_ZNS3_20ProduceClaimManySyncERKNS_12CallbackInfoEEEEEP12napi_value__P10napi_env__P20napi_callback_info__EUlvE_EESA_T_
FNDA:411062,_ZN4Napi11AsyncWorker8ReceiverEv
FNDA:659905,_ZN4Napi10ObjectWrapI9DisruptorE13WrappedMethodIXadL_ZNS1_13ConsumeCommitERKNS_12CallbackInfoEEEEEP12napi_value__P10napi_env__P20napi_callback_info__
FNDA:4,_ZNK4Napi9ReferenceINS_6ObjectEE3EnvEv
FNDA:1193220,_ZNK4Napi8Function4CallEP12napi_value__mPKS2_
FNDA:3612,_ZN4Napi10ObjectWrapI9DisruptorE16FinalizeCallbackEP10napi_env__PvS5_
FNDA:807,_ZN4Napi7details12WrapCallbackIZNS_10ObjectWrapI9DisruptorE13WrappedMethodIXadL_ZNS3_16ProduceClaimSyncERKNS_12CallbackInfoEEEEEP12napi_value__P10napi_env__P20napi_callback_info__EUlvE_EESA_T_
FNDA:2316530,_ZZN4Napi11AsyncWorker14OnWorkCompleteENS_3EnvE11napi_statusENKUlvE_clEv
FNDA:0,_ZNK4Napi15ObjectReference3GetEPKc
FNDA:258670,_ZN4Napi6Object3SetINS_5ValueEEEvjRKT_
FNDA:3620,_ZNK4Napi9ReferenceINS_6ObjectEE7IsEmptyEv
FNDA:64,_ZN4Napi10ObjectWrapI9DisruptorE13WrappedMethodIXadL_ZNS1_14GetElementSizeERKNS_12CallbackInfoEEEEEP12napi_value__P10napi_env__P20napi_callback_info__
FNDA:519447,_ZZN4Napi10ObjectWrapI9DisruptorE13WrappedMethodIXadL_ZNS1_13ProduceCommitERKNS_12CallbackInfoEEEEEP12napi_value__P10napi_env__P20napi_callback_info__ENKUlvE_clEv
FNDA:2316530,_ZN4Napi11AsyncWorker9OnExecuteENS_3EnvE
FNDA:72,_ZN4Napi10ObjectWrapI9DisruptorE13WrappedMethodIXadL_ZNS1_19GetPendingSeqCursorERKNS_12CallbackInfoEEEEEP12napi_value__P10napi_env__P20napi_callback_info__
FNDA:24,_ZN4Napi7details12WrapCallbackIZNS_10ObjectWrapI9DisruptorE13WrappedMethodIXadL_ZNS3_16ProduceClaimManyERKNS_12CallbackInfoEEEEEP12napi_value__P10napi_env__P20napi_callback_info__EUlvE_EESA_T_
FNDA:3712,_ZN4Napi6ObjectC2Ev
FNDA:197,_ZN4Napi10ObjectWrapI9DisruptorE13WrappedMethodIXadL_ZNS1_9GetCursorERKNS_12CallbackInfoEEEEEP12napi_value__P10napi_env__P20napi_callback_info__
FNDA:0,_ZZN4Napi10ObjectWrapI9DisruptorE31StaticVoidMethodCallbackWrapperEP10napi_env__P20napi_callback_info__ENKUlvE_clEv
FNDA:505,_ZN4Napi10ObjectWrapI9DisruptorE14InstanceMethodIXadL_ZNS1_14ProduceRecoverERKNS_12CallbackInfoEEEEENS_23ClassPropertyDescriptorIS1_EEPKc24napi_property_attributesPv
FNDA:505,_ZN4Napi10ObjectWrapI9DisruptorE16InstanceAccessorIXadL_ZNS1_19GetPendingSeqCursorERKNS_12CallbackInfoEEELMS1_FvS6_RKNS_5ValueEE0EEENS_23ClassPropertyDescriptorIS1_EEPKc24napi_property_attributesPv
FNDA:4068180,_ZN4Napi10ObjectWrapI9DisruptorE6UnwrapENS_6ObjectE
FNDA:3716,_ZN4Napi10ObjectWrapI9DisruptorE26ConstructorCallbackWrapperEP10napi_env__P20napi_callback_info__
FNDA:0,_ZZN4Napi10ObjectWrapI9DisruptorE27StaticGetterCallbackWrapperEP10napi_env__P20napi_callback_info__ENKUlvE_clEv
FNDA:3612,_ZN4Napi7details12FinalizeDataIhZN9DisruptorC4ERKNS_12CallbackInfoEEUlNS_3EnvEPhE_vE7WrapperEP10napi_env__PvSC_
FNDA:659890,_ZZN4Napi10ObjectWrapI9DisruptorE13WrappedMethodIXadL_ZNS1_10ConsumeNewERKNS_12CallbackInfoEEEEEP12napi_value__P10napi_env__P20napi_callback_info__ENKUlvE_clEv
FNDA:2316530,_ZN4Napi11AsyncWorker8CallbackEv
FNDA:2727590,_ZNK4Napi11AsyncWorker3EnvEv
FNDA:0,_ZN4Napi12CallbackInfo7SetDataEPv
FNDA:0,_ZNK4Napi12CallbackInfo4DataEv
FNDA:3716,_ZN4Napi10ObjectWrapI9DisruptorEC2ERKNS_12CallbackInfoE
FNDA:3716,_ZN4Napi7details12WrapCallbackIZNS_10ObjectWrapI9DisruptorE26ConstructorCallbackWrapperEP10napi_env__P20napi_callback_info__EUlvE_EEP12napi_value__T_
FNDA:4356180,_ZN4Napi6Number3NewEP10napi_env__d
FNDA:0,_ZN4Napi5Error5FatalEPKcS2_
FNDA:0,_ZZN4Napi10ObjectWrapI9DisruptorE33InstanceVoidMethodCallbackWrapperEP10napi_env__P20napi_callback_info__ENKUlvE_clEv
FNDA:401913,_ZN4Napi5Value4FromINS_6BufferIhEEEES0_P10napi_env__RKT_
FNDA:258670,_ZN4Napi6Object14PropertyLValueIjEC2ES0_j
FNDA:11148,_ZN4Napi9ReferenceINS_6BufferIhEEEC2Ev
FNDA:4633060,_ZN4Napi9ReferenceINS_6ObjectEE3NewERKS1_j
FNDA:0,_ZN4Napi7details12WrapCallbackIZNS_10ObjectWrapI9DisruptorE33InstanceVoidMethodCallbackWrapperEP10napi_env__P20napi_callback_info__EUlvE_EEP12napi_value__T_
FNDA:4071890,_ZNK4Napi5Value2AsINS_6ObjectEEET_v
FNDA:659914,_ZNK4Napi5Array6LengthEv
FNDA:505,_ZN4Napi6Object3SetINS_8FunctionEEEvPKcRKT_
FNDA:72,_ZN4Napi7details12WrapCallbackIZNS_10ObjectWrapI9DisruptorE13WrappedMethodIXadL_ZNS3_19GetPendingSeqCursorERKNS_12CallbackInfoEEEEEP12napi_value__P10napi_env__P20napi_callback_info__EUlvE_EESA_T_
FNDA:0,_ZN4Napi10ObjectWrapI9DisruptorE31StaticVoidMethodCallbackWrapperEP10napi_env__P20napi_callback_info__
FNDA:2316530,_ZN4Napi11AsyncWorker18OnAsyncWorkExecuteEP10napi_env__Pv
FNDA:4075610,_ZNK4Napi12CallbackInfo4ThisEv
FNDA:1194790,_ZNK4Napi9ReferenceINS_6BufferIhEEE5ValueEv
FNDA:33241400,_ZN4Napi3EnvC2EP10napi_env__
FNDA:505,_ZN4Napi10ObjectWrapI9DisruptorE14InstanceMethodIXadL_ZNS1_13ProduceCommitERKNS_12CallbackInfoEEEEENS_23ClassPropertyDescriptorIS1_EEPKc24napi_property_attributesPv
FNDA:519441,_ZN4Napi10ObjectWrapI9DisruptorE13WrappedMethodIXadL_ZNS1_12ProduceClaimERKNS_12CallbackInfoEEEEEP12napi_value__P10napi_env__P20napi_callback_info__
FNDA:0,_ZNK4Napi5Error7MessageB5cxx11Ev
FNDA:4633060,_ZN4Napi15ObjectReferenceC2EONS_9ReferenceINS_6ObjectEEE
FNDA:2731210,_ZNK4Napi9ReferenceINS_6ObjectEE5ValueEv
FNDA:3716,_ZZN4Napi10ObjectWrapI9DisruptorE26ConstructorCallbackWrapperEP10napi_env__P20napi_callback_info__ENKUlvE_clEv
FNDA:2316530,_ZN4Napi11HandleScopeD2Ev
FNDA:4478640,_ZNK4Napi12CallbackInfo3EnvEv
FNDA:505,_ZN4Napi10ObjectWrapI9DisruptorE14InstanceMethodIXadL_ZNS1_20ProduceClaimManySyncERKNS_12CallbackInfoEEEEENS_23ClassPropertyDescriptorIS1_EEPKc24napi_property_attributesPv
FNDA:64,_ZN4Napi7details12WrapCallbackIZNS_10ObjectWrapI9DisruptorE13WrappedMethodIXadL_ZNS3_14GetElementSizeERKNS_12CallbackInfoEEEEEP12napi_value__P10napi_env__P20napi_callback_info__EUlvE_EESA_T_
FNDA:418486,_ZN4Napi20EscapableHandleScopeD2Ev
FNDA:401913,_ZN4Napi7details11vf_fallbackINS_6BufferIhEEE4FromEP10napi_env__RKS3_
FNDA:3716,_ZN4Napi9ReferenceINS_6ObjectEEC2Ev
FNDA:3712,_ZN4Napi6BufferIhEC2Ev
FNDA:505,_ZN4Napi10ObjectWrapI9DisruptorE14InstanceMethodIXadL_ZNS1_7ReleaseERKNS_12CallbackInfoEEEEENS_23ClassPropertyDescriptorIS1_EEPKc24napi_property_attributesPv
FNDA:2316530,_ZN4Napi11AsyncWorkerC2ERKNS_8FunctionE
FNDA:520319,_ZN4Napi7details12WrapCallbackIZNS_10ObjectWrapI9DisruptorE13WrappedMethodIXadL_ZNS3_17GetPendingSeqNextERKNS_12CallbackInfoEEEEEP12napi_value__P10napi_env__P20napi_callback_info__EUlvE_EESA_T_
FNDA:918463,_ZN4Napi5Array3NewEP10napi_env__
FNDA:4071890,_ZN4Napi12CallbackInfoD2Ev
FNDA:1193220,_ZNK4Napi8Function4CallEP12napi_value__RKSt16initializer_listIS2_E
FNDA:0,_ZZN4Napi10ObjectWrapI9DisruptorE29InstanceMethodCallbackWrapperEP10napi_env__P20napi_callback_info__ENKUlvE_clEv
FNDA:505,_ZN4Napi10ObjectWrapI9DisruptorE16InstanceAccessorIXadL_ZNS1_20GetPendingSeqNextEndERKNS_12CallbackInfoEEELMS1_FvS6_RKNS_5ValueEE0EEENS_23ClassPropertyDescriptorIS1_EEPKc24napi_property_attributesPv
FNDA:4,_ZN4Napi5Error3NewEP10napi_env__RKNSt7__cxx1112basic_stringIcSt11char_traitsIcESaIcEEE
FNDA:3712,_ZN4Napi17FunctionReferenceaSEOS0_
FNDA:0,_ZN4Napi7details12WrapCallbackIZNS_10ObjectWrapI9DisruptorE29InstanceGetterCallbackWrapperEP10napi_env__P20napi_callback_info__EUlvE_EEP12napi_value__T_
FNDA:0,_ZZN4Napi10ObjectWrapI9DisruptorE29InstanceGetterCallbackWrapperEP10napi_env__P20napi_callback_info__ENKUlvE_clEv
FNDA:0,_ZN4Napi10ObjectWrapI9DisruptorED0Ev
FNDA:505,_ZN4Napi10ObjectWrapI9DisruptorE14InstanceMethodIXadL_ZNS1_16ProduceClaimManyERKNS_12CallbackInfoEEEEENS_23ClassPropertyDescriptorIS1_EEPKc24napi_property_attributesPv
FNDA:0,_ZZN4Napi10ObjectWrapI9DisruptorE27StaticMethodCallbackWrapperEP10napi_env__P20napi_callback_info__ENKUlvE_clEv
FNDA:258670,_ZN4Napi6Object14PropertyLValueIjEaSINS_5ValueEEERS2_T_
FNDA:12,_ZN4Napi10ObjectWrapI9DisruptorE13WrappedMethodIXadL_ZNS1_14ConsumeNewSyncERKNS_12CallbackInfoEEEEEP12napi_value__P10napi_env__P20napi_callback_info__
FNDA:0,_ZN4Napi8Function3NewIXadL_Z12NullCallbackRKNS_12CallbackInfoEEEEES0_P10napi_env__PKcPv
FNDA:520319,_ZN4Napi10ObjectWrapI9DisruptorE13WrappedMethodIXadL_ZNS1_20GetPendingSeqNextEndERKNS_12CallbackInfoEEEEEP12napi_value__P10napi_env__P20napi_callback_info__
FNDA:0,_ZN4Napi7detailsL10AttachDataINS_10ObjectWrapI9DisruptorE18MethodCallbackDataIPFNS_5ValueERKNS_12CallbackInfoEEEEEE11napi_statusP10napi_env__P12napi_value__PT_PFvSF_PvSK_ESK_
FNDA:2316530,_ZN4Napi11AsyncWorker7DestroyEv
FNDA:3712,_ZN4Napi10TypedArrayC2Ev
FNDA:0,_ZN4Napi11AsyncWorker7OnErrorERKNS_5ErrorE
FNDA:505,_ZN4Napi10ObjectWrapI9DisruptorE14InstanceMethodIXadL_ZNS1_14ConsumeNewSyncERKNS_12CallbackInfoEEEEENS_23ClassPropertyDescriptorIS1_EEPKc24napi_property_attributesPv
FNDA:0,_ZN4Napi10ObjectWrapI9DisruptorE27StaticGetterCallbackWrapperEP10napi_env__P20napi_callback_info__
FNDA:11136,_ZN4Napi9ReferenceINS_6BufferIhEEEaSEOS3_
FNDA:0,_ZZN4Napi7detailsL10AttachDataINS_10ObjectWrapI9DisruptorE20AccessorCallbackDataIPFNS_5ValueERKNS_12CallbackInfoEEPFvS9_RKS6_EEEEE11napi_statusP10napi_env__P12napi_value__PT_PFvSJ_PvSO_ESO_ENKUlSJ_SO_SO_E_clESJ_SO_SO_
FNDA:0,_ZNK4Napi9ReferenceINS_8FunctionEE7IsEmptyEv
FNDA:505,_ZN4Napi10ObjectWrapI9DisruptorE14InstanceMethodIXadL_ZNS1_21ProduceClaimManyAsyncERKNS_12CallbackInfoEEEEENS_23ClassPropertyDescriptorIS1_EEPKc24napi_property_attributesPv
FNDA:0,_ZN4Napi7detailsL10AttachDataINS_10ObjectWrapI9DisruptorE20AccessorCallbackDataIMS3_FNS_5ValueERKNS_12CallbackInfoEEMS3_FvS9_RKS6_EEEEE11napi_statusP10napi_env__P12napi_value__PT_PFvSJ_PvSO_ESO_
FNDA:0,_ZNK4Napi8Function4CallEP12napi_value__RKSt6vectorIS2_SaIS2_EE
FNDA:505,_ZN4Napi10ObjectWrapI9DisruptorE14InstanceMethodIXadL_ZNS1_18ProduceCommitAsyncERKNS_12CallbackInfoEEEEENS_23ClassPropertyDescriptorIS1_EEPKc24napi_property_attributesPv
FNDA:519441,_ZN4Napi7details12WrapCallbackIZNS_10ObjectWrapI9DisruptorE13WrappedMethodIXadL_ZNS3_12ProduceClaimERKNS_12CallbackInfoEEEEEP12napi_value__P10napi_env__P20napi_callback_info__EUlvE_EESA_T_
FNDA:505,_ZN4Napi10ObjectWrapI9DisruptorE14InstanceMethodIXadL_ZNS1_13ConsumeCommitERKNS_12CallbackInfoEEEEENS_23ClassPropertyDescriptorIS1_EEPKc24napi_property_attributesPv
FNDA:505,_ZZN4Napi14RegisterModuleEP10napi_env__P12napi_value__PFNS_6ObjectENS_3EnvES4_EENKUlvE_clEv
FNDA:1193220,_ZNK4Napi5Value2AsINS_6BufferIhEEEET_v
FNDA:15086,_ZNK4Napi5Value2AsINS_6NumberEEET_v
FNDA:2316530,_ZN4Napi11HandleScopeC2ENS_3EnvE
FNDA:11136,_ZN4Napi10PersistentINS_6BufferIhEEEENS_9ReferenceIT_EES4_
FNDA:258670,_ZN4Napi6ObjectixEj
FNDA:2316530,_ZN4Napi7details12WrapCallbackIZNS_11AsyncWorker14OnWorkCompleteENS_3EnvE11napi_statusEUlvE_EEP12napi_value__T_
FNDA:0,_ZN4Napi12AsyncContextD0Ev
FNDA:24,_ZZN4Napi10ObjectWrapI9DisruptorE13WrappedMethodIXadL_ZNS1_16ProduceClaimManyERKNS_12CallbackInfoEEEEEP12napi_value__P10napi_env__P20napi_callback_info__ENKUlvE_clEv
FNDA:411062,_ZNK4Napi5Value4TypeEv
FNDA:505,_ZN4Napi7details12WrapCallbackIZNS_14RegisterModuleEP10napi_env__P12napi_value__PFNS_6ObjectENS_3EnvES6_EEUlvE_EES5_T_
FNDA:197,_ZN4Napi7details12WrapCallbackIZNS_10ObjectWrapI9DisruptorE13WrappedMethodIXadL_ZNS3_7GetNextERKNS_12CallbackInfoEEEEEP12napi_value__P10napi_env__P20napi_callback_info__EUlvE_EESA_T_
FNDA:505,_ZN4Napi10ObjectWrapI9DisruptorE14InstanceMethodIXadL_ZNS1_10ConsumeNewERKNS_12CallbackInfoEEEEENS_23ClassPropertyDescriptorIS1_EEPKc24napi_property_attributesPv
FNDA:12,_ZN4Napi10ObjectWrapI9DisruptorE13WrappedMethodIXadL_ZNS1_12GetConsumersERKNS_12CallbackInfoEEEEEP12napi_value__P10napi_env__P20napi_callback_info__
FNDA:4,_ZN4Napi15ObjectReferenceC2EP10napi_env__P10napi_ref__
FNDA:76,_ZN4Napi7details12WrapCallbackIZNS_10ObjectWrapI9DisruptorE13WrappedMethodIXadL_ZNS3_14ProduceRecoverERKNS_12CallbackInfoEEEEEP12napi_value__P10napi_env__P20napi_callback_info__EUlvE_EESA_T_
FNDA:0,_ZN4Napi7detailsL10AttachDataINS_10ObjectWrapI9DisruptorE18MethodCallbackDataIPFvRKNS_12CallbackInfoEEEEEE11napi_statusP10napi_env__P12napi_value__PT_PFvSE_PvSJ_ESJ_
FNDA:0,_ZN4Napi10ObjectWrapI9DisruptorE29InstanceMethodCallbackWrapperEP10napi_env__P20napi_callback_info__
FNDA:197,_ZN4Napi7details12WrapCallbackIZNS_10ObjectWrapI9DisruptorE13WrappedMethodIXadL_ZNS3_11GetConsumerERKNS_12CallbackInfoEEEEEP12napi_value__P10napi_env__P20napi_callback_info__EUlvE_EESA_T_
FNDA:64,_ZZN4Napi10ObjectWrapI9DisruptorE13WrappedMethodIXadL_ZNS1_14GetElementSizeERKNS_12CallbackInfoEEEEEP12napi_value__P10napi_env__P20napi_callback_info__ENKUlvE_clEv
FNDA:2391720,_ZN4Napi10TypedArrayC2EP10napi_env__P12napi_value__
FNDA:11,_ZZN4Napi10ObjectWrapI9DisruptorE13WrappedMethodIXadL_ZNS1_21ProduceClaimManyAsyncERKNS_12CallbackInfoEEEEEP12napi_value__P10napi_env__P20napi_callback_info__ENKUlvE_clEv
FNDA:505,_ZN4Napi10ObjectWrapI9DisruptorE14InstanceMethodIXadL_ZNS1_15ConsumeNewAsyncERKNS_12CallbackInfoEEEEENS_23ClassPropertyDescriptorIS1_EEPKc24napi_property_attributesPv
FNDA:31596,_ZN4Napi9ReferenceINS_6BufferIhEEE5ResetEv
FNDA:12,_ZN4Napi7details12WrapCallbackIZNS_10ObjectWrapI9DisruptorE13WrappedMethodIXadL_ZNS3_12GetConsumersERKNS_12CallbackInfoEEEEEP12napi_value__P10napi_env__P20napi_callback_info__EUlvE_EESA_T_
FNDA:519441,_ZNK4Napi6BufferIhE6LengthEv
FNDA:2320240,_ZN4Napi9ReferenceINS_8FunctionEE3NewERKS1_j
FNDA:0,_ZN4Napi11AsyncWorker9GetResultENS_3EnvE
FNDA:4371260,_ZN4Napi6NumberC2EP10napi_env__P12napi_value__
FNDA:3712,_ZN4Napi12TypedArrayOfIhEC2Ev
FNDA:3716,_ZN4Napi6StringC2EP10napi_env__P12napi_value__
FNDA:0,_ZZN4Napi7detailsL10AttachDataINS_10ObjectWrapI9DisruptorE18MethodCallbackDataIMS3_FNS_5ValueERKNS_12CallbackInfoEEEEEE11napi_statusP10napi_env__P12napi_value__PT_PFvSF_PvSK_ESK_ENKUlSF_SK_SK_E_clESF_SK_SK_
FNDA:807,_ZN4Napi10ObjectWrapI9DisruptorE13WrappedMethodIXadL_ZNS1_17ProduceClaimAsyncERKNS_12CallbackInfoEEEEEP12napi_value__P10napi_env__P20napi_callback_info__
FNDA:3208,_ZN4Napi7details12WrapCallbackIZNS_10ObjectWrapI9DisruptorE13WrappedMethodIXadL_ZNS3_7ReleaseERKNS_12CallbackInfoEEEEEP12napi_value__P10napi_env__P20napi_callback_info__EUlvE_EESA_T_
FNDA:519441,_ZNK4Napi6BufferIhE10EnsureInfoEv
FNDA:3509750,_ZNK4Napi9ReferenceINS_8FunctionEE5ValueEv
FNDA:3716,_ZN4Napi4NameC2EP10napi_env__P12napi_value__
FNDA:197,_ZN4Napi10ObjectWrapI9DisruptorE13WrappedMethodIXadL_ZNS1_11GetConsumerERKNS_12CallbackInfoEEEEEP12napi_value__P10napi_env__P20napi_callback_info__
FNDA:7424,_ZNK4Napi17FunctionReference4CallEP12napi_value__RKSt16initializer_listIS2_E
FNDA:2388010,_ZN4Napi6BufferIhEC2EP10napi_env__P12napi_value__
FNDA:418486,_ZNK4Napi5Value2AsINS_8FunctionEEET_v
FNDA:418486,_ZN4Napi20EscapableHandleScopeC2ENS_3EnvE
FNDA:0,_ZN4Napi7details12WrapCallbackIZNS_10ObjectWrapI9DisruptorE27StaticSetterCallbackWrapperEP10napi_env__P20napi_callback_info__EUlvE_EEP12napi_value__T_
FNDA:11,_ZN4Napi10ObjectWrapI9DisruptorE13WrappedMethodIXadL_ZNS1_20ProduceClaimManySyncERKNS_12CallbackInfoEEEEEP12napi_value__P10napi_env__P20napi_callback_info__
FNDA:197,_ZZN4Napi10ObjectWrapI9DisruptorE13WrappedMethodIXadL_ZNS1_11GetConsumerERKNS_12CallbackInfoEEEEEP12napi_value__P10napi_env__P20napi_callback_info__ENKUlvE_clEv
FNDA:24,_ZN4Napi10ObjectWrapI9DisruptorE13WrappedMethodIXadL_ZNS1_16ProduceClaimManyERKNS_12CallbackInfoEEEEEP12napi_value__P10napi_env__P20napi_callback_info__
FNDA:505,_ZN4Napi7details11vf_fallbackINS_8FunctionEE4FromEP10napi_env__RKS2_
FNDA:807,_ZN4Napi10ObjectWrapI9DisruptorE13WrappedMethodIXadL_ZNS1_16ProduceClaimSyncERKNS_12CallbackInfoEEEEEP12napi_value__P10napi_env__P20napi_callback_info__
FNDA:11,_ZN4Napi10ObjectWrapI9DisruptorE13WrappedMethodIXadL_ZNS1_21ProduceClaimManyAsyncERKNS_12CallbackInfoEEEEEP12napi_value__P10napi_env__P20napi_callback_info__
FNDA:0,_ZZN4Napi8Function3NewIXadL_Z12NullCallbackRKNS_12CallbackInfoEEEEES0_P10napi_env__PKcPvENKUlS6_P20napi_callback_info__E_clES6_SB_
FNDA:72,_ZZN4Napi10ObjectWrapI9DisruptorE13WrappedMethodIXadL_ZNS1_19GetPendingSeqCursorERKNS_12CallbackInfoEEEEEP12napi_value__P10napi_env__P20napi_callback_info__ENKUlvE_clEv
FNDA:1556,_ZN4Napi7details12WrapCallbackIZNS_10ObjectWrapI9DisruptorE13WrappedMethodIXadL_ZNS3_11GetElementsERKNS_12CallbackInfoEEEEEP12napi_value__P10napi_env__P20napi_callback_info__EUlvE_EESA_T_
FNDA:505,_ZN4Napi10ObjectWrapI9DisruptorE16InstanceAccessorIXadL_ZNS1_17GetPendingSeqNextERKNS_12CallbackInfoEEELMS1_FvS6_RKNS_5ValueEE0EEENS_23ClassPropertyDescriptorIS1_EEPKc24napi_property_attributesPv
FNDA:14910,_ZNK4Napi6Number11Uint32ValueEv
FNDA:3712,_ZN4Napi9ReferenceINS_8FunctionEEaSEOS2_
FNDA:810,_ZZN4Napi10ObjectWrapI9DisruptorE13WrappedMethodIXadL_ZNS1_18ProduceCommitAsyncERKNS_12CallbackInfoEEEEEP12napi_value__P10napi_env__P20napi_callback_info__ENKUlvE_clEv
FNDA:4633060,_ZN4Napi10PersistentENS_6ObjectE
FNDA:3716,_ZN4Napi17FunctionReferenceC2Ev
FNDA:519447,_ZN4Napi7details12WrapCallbackIZNS_10ObjectWrapI9DisruptorE13WrappedMethodIXadL_ZNS3_13ProduceCommitERKNS_12CallbackInfoEEEEEP12napi_value__P10napi_env__P20napi_callback_info__EUlvE_EESA_T_
FNDA:519447,_ZN4Napi10ObjectWrapI9DisruptorE13WrappedMethodIXadL_ZNS1_13ProduceCommitERKNS_12CallbackInfoEEEEEP12napi_value__P10napi_env__P20napi_callback_info__
FNDA:1335240,_ZN4Napi7BooleanC2EP10napi_env__P12napi_value__
FNDA:3612,_ZN4Napi10ObjectWrapI9DisruptorE8FinalizeENS_3EnvE
FNDA:2316530,_ZN4Napi11AsyncWorker5QueueEv
FNDA:3208,_ZZN4Napi10ObjectWrapI9DisruptorE13WrappedMethodIXadL_ZNS1_7ReleaseERKNS_12CallbackInfoEEEEEP12napi_value__P10napi_env__P20napi_callback_info__ENKUlvE_clEv
FNDA:0,_ZN4Napi7details12WrapCallbackIZNS_10ObjectWrapI9DisruptorE31StaticVoidMethodCallbackWrapperEP10napi_env__P20napi_callback_info__EUlvE_EEP12napi_value__T_
FNDA:1327810,_ZN4Napi7Boolean3NewEP10napi_env__b
FNDA:0,_ZN4Napi7details12WrapCallbackIZNS_10ObjectWrapI9DisruptorE27StaticGetterCallbackWrapperEP10napi_env__P20napi_callback_info__EUlvE_EEP12napi_value__T_
FNDA:3712,_ZN4Napi6BufferIhE3NewIZN9DisruptorC4ERKNS_12CallbackInfoEEUlNS_3EnvEPhE_EES1_P10napi_env__S8_mT_
FNDA:3616,_ZN4Napi10ObjectWrapI9DisruptorED2Ev
FNDA:12,_ZN4Napi7details12WrapCallbackIZNS_10ObjectWrapI9DisruptorE13WrappedMethodIXadL_ZNS3_14ConsumeNewSyncERKNS_12CallbackInfoEEEEEP12napi_value__P10napi_env__P20napi_callback_info__EUlvE_EESA_T_
FNDA:0,_ZN4NapiL14CreateFunctionINS_10ObjectWrapI9DisruptorE18MethodCallbackDataIPFvRKNS_12CallbackInfoEEEEEE11napi_statusP10napi_env__PKcPFP12napi_value__SD_P20napi_callback_info__EPT_PSH_
FNDA:0,_ZZN4Napi10ObjectWrapI9DisruptorE27StaticSetterCallbackWrapperEP10napi_env__P20napi_callback_info__ENKUlvE_clEv
FNDA:3712,_ZN4Napi5ValueC2Ev
FNDA:2320240,_ZN4Napi9ReferenceINS_8FunctionEEC2EP10napi_env__P10napi_ref__
FNDA:505,_ZN4Napi10ObjectWrapI9DisruptorE16InstanceAccessorIXadL_ZNS1_7GetNextERKNS_12CallbackInfoEEELMS1_FvS6_RKNS_5ValueEE0EEENS_23ClassPropertyDescriptorIS1_EEPKc24napi_property_attributesPv
FNDA:411062,_ZNK4Napi8Function12MakeCallbackEP12napi_value__RKSt16initializer_listIS2_EP20napi_async_context__
FNDA:3716,_ZNK4Napi6String9Utf8ValueB5cxx11Ev
FNDA:1556,_ZN4Napi10ObjectWrapI9DisruptorE13WrappedMethodIXadL_ZNS1_11GetElementsERKNS_12CallbackInfoEEEEEP12napi_value__P10napi_env__P20napi_callback_info__
FNDA:3716,_ZN4Napi9ReferenceINS_6ObjectEEaSEOS2_
FNDA:0,_ZZN4Napi7detailsL10AttachDataINS_10ObjectWrapI9DisruptorE18MethodCallbackDataIPFNS_5ValueERKNS_12CallbackInfoEEEEEE11napi_statusP10napi_env__P12napi_value__PT_PFvSF_PvSK_ESK_ENKUlSF_SK_SK_E_clESF_SK_SK_
FNDA:0,_ZN4Napi5Error3NewEP10napi_env__PKc
FNDA:4636780,_ZN4Napi9ReferenceINS_6ObjectEEC2EP10napi_env__P10napi_ref__
FNDA:810,_ZN4Napi7details12WrapCallbackIZNS_10ObjectWrapI9DisruptorE13WrappedMethodIXadL_ZNS3_18ProduceCommitAsyncERKNS_12CallbackInfoEEEEEP12napi_value__P10napi_env__P20napi_callback_info__EUlvE_EESA_T_
FNDA:659974,_ZZN4Napi10ObjectWrapI9DisruptorE13WrappedMethodIXadL_ZNS1_21GetPendingSeqConsumerERKNS_12CallbackInfoEEEEEP12napi_value__P10napi_env__P20napi_callback_info__ENKUlvE_clEv
FNDA:505,_ZN4Napi10ObjectWrapI9DisruptorE14InstanceMethodIXadL_ZNS1_16ProduceClaimSyncERKNS_12CallbackInfoEEEEENS_23ClassPropertyDescriptorIS1_EEPKc24napi_property_attributesPv
FNDA:505,_ZN4Napi5Value4FromINS_8FunctionEEES0_P10napi_env__RKT_
FNDA:12,_ZN4Napi10ObjectWrapI9DisruptorE13WrappedMethodIXadL_ZNS1_15ConsumeNewAsyncERKNS_12CallbackInfoEEEEEP12napi_value__P10napi_env__P20napi_callback_info__
FNDA:11,_ZZN4Napi10ObjectWrapI9DisruptorE13WrappedMethodIXadL_ZNS1_20ProduceClaimManySyncERKNS_12CallbackInfoEEEEEP12napi_value__P10napi_env__P20napi_callback_info__ENKUlvE_clEv
FNDA:197,_ZN4Napi10ObjectWrapI9DisruptorE13WrappedMethodIXadL_ZNS1_7GetNextERKNS_12CallbackInfoEEEEEP12napi_value__P10napi_env__P20napi_callback_info__
FNDA:520319,_ZN4Napi7details12WrapCallbackIZNS_10ObjectWrapI9DisruptorE13WrappedMethodIXadL_ZNS3_20GetPendingSeqNextEndERKNS_12CallbackInfoEEEEEP12napi_value__P10napi_env__P20napi_callback_info__EUlvE_EESA_T_
FNDA:810,_ZN4Napi10ObjectWrapI9DisruptorE13WrappedMethodIXadL_ZNS1_18ProduceCommitAsyncERKNS_12CallbackInfoEEEEEP12napi_value__P10napi_env__P20napi_callback_info__
FNDA:505,_ZN4Napi10ObjectWrapI9DisruptorE14InstanceMethodIXadL_ZNS1_12ProduceClaimERKNS_12CallbackInfoEEEEENS_23ClassPropertyDescriptorIS1_EEPKc24napi_property_attributesPv
FNDA:23013600,_ZN4Napi6ObjectC2EP10napi_env__P12napi_value__
FNDA:3716,_ZNK4Napi5Value2AsINS_6StringEEET_v
FNDA:197,_ZZN4Napi10ObjectWrapI9DisruptorE13WrappedMethodIXadL_ZNS1_7GetNextERKNS_12CallbackInfoEEEEEP12napi_value__P10napi_env__P20napi_callback_info__ENKUlvE_clEv
FNDA:197,_ZN4Napi7details12WrapCallbackIZNS_10ObjectWrapI9DisruptorE13WrappedMethodIXadL_ZNS3_9GetCursorERKNS_12CallbackInfoEEEEEP12napi_value__P10napi_env__P20napi_callback_info__EUlvE_EESA_T_
FNDA:11,_ZN4Napi7details12WrapCallbackIZNS_10ObjectWrapI9DisruptorE13WrappedMethodIXadL_ZNS3_21ProduceClaimManyAsyncERKNS_12CallbackInfoEEEEEP12napi_value__P10napi_env__P20napi_callback_info__EUlvE_EESA_T_
FNDA:505,_ZN4Napi10ObjectWrapI9DisruptorE11DefineClassENS_3EnvEPKcRKSt16initializer_listINS_23ClassPropertyDescriptorIS1_EEEPv
FNDA:0,_ZN4Napi7details12WrapCallbackIZZNS_8Function3NewIXadL_Z12NullCallbackRKNS_12CallbackInfoEEEEES2_P10napi_env__PKcPvENKUlS8_P20napi_callback_info__E_clES8_SD_EUlvE_EEP12napi_value__T_
FNDA:2391720,_ZN4Napi12TypedArrayOfIhEC2EP10napi_env__P12napi_value__
FNDA:505,_ZN4Napi10ObjectWrapI9DisruptorE16InstanceAccessorIXadL_ZNS1_12GetConsumersERKNS_12CallbackInfoEEELMS1_FvS6_RKNS_5ValueEE0EEENS_23ClassPropertyDescriptorIS1_EEPKc24napi_property_attributesPv
FNDA:0,_ZNK4Napi17FunctionReference4CallEP12napi_value__RKSt6vectorIS2_SaIS2_EE
FNDA:4,_ZN4Napi5Error3NewIS0_EET_P10napi_env__PKcmPF11napi_statusS4_P12napi_value__S9_PS9_E
FNDA:810,_ZZN4Napi10ObjectWrapI9DisruptorE13WrappedMethodIXadL_ZNS1_17ProduceCommitSyncERKNS_12CallbackInfoEEEEEP12napi_value__P10napi_env__P20napi_callback_info__ENKUlvE_clEv
FNDA:411062,_ZNK4Napi8Function12MakeCallbackEP12napi_value__mPKS2_P20napi_async_context__
FNDA:258670,_ZN4Napi7details11vf_fallbackINS_5ValueEE4FromEP10napi_env__RKS2_
FNDA:807,_ZZN4Napi10ObjectWrapI9DisruptorE13WrappedMethodIXadL_ZNS1_16ProduceClaimSyncERKNS_12CallbackInfoEEEEEP12napi_value__P10napi_env__P20napi_callback_info__ENKUlvE_clEv
FNDA:2316530,_ZN4Napi11AsyncWorkerC2ERKNS_6ObjectERKNS_8FunctionEPKcS3_
FNDA:411062,_ZNK4Napi3Env4NullEv
FNDA:0,_ZZN4Napi7detailsL10AttachDataINS_10ObjectWrapI9DisruptorE20AccessorCallbackDataIMS3_FNS_5ValueERKNS_12CallbackInfoEEMS3_FvS9_RKS6_EEEEE11napi_statusP10napi_env__P12napi_value__PT_PFvSJ_PvSO_ESO_ENKUlSJ_SO_SO_E_clESJ_SO_SO_
FNDA:21984,_ZN4Napi9ReferenceINS_6BufferIhEEED2Ev
FNDA:3712,_ZNK4Napi3Env6GlobalEv
FNDA:0,_ZN4Napi12AsyncContextD2Ev
FNDA:810,_ZN4Napi10ObjectWrapI9DisruptorE13WrappedMethodIXadL_ZNS1_17ProduceCommitSyncERKNS_12CallbackInfoEEEEEP12napi_value__P10napi_env__P20napi_callback_info__
FNDA:437296,_ZNK4Napi12CallbackInfoixEm
FNDA:197,_ZZN4Napi10ObjectWrapI9DisruptorE13WrappedMethodIXadL_ZNS1_9GetCursorERKNS_12CallbackInfoEEEEEP12napi_value__P10napi_env__P20napi_callback_info__ENKUlvE_clEv
FNDA:414678,_ZNK4Napi5Value7IsEmptyEv
FNDA:4,_ZNK4Napi5Error26ThrowAsJavaScriptExceptionEv
FNDA:0,_ZN4Napi10ObjectWrapI9DisruptorE27StaticSetterCallbackWrapperEP10napi_env__P20napi_callback_info__
FNDA:0,_ZZN4Napi10ObjectWrapI9DisruptorE29InstanceSetterCallbackWrapperEP10napi_env__P20napi_callback_info__ENKUlvE_clEv
FNDA:0,_ZN4Napi7detailsL10AttachDataINS_10ObjectWrapI9DisruptorE18MethodCallbackDataIMS3_FvRKNS_12CallbackInfoEEEEEE11napi_statusP10napi_env__P12napi_value__PT_PFvSE_PvSJ_ESJ_
FNDA:12,_ZZN4Napi10ObjectWrapI9DisruptorE13WrappedMethodIXadL_ZNS1_15ConsumeNewAsyncERKNS_12CallbackInfoEEEEEP12napi_value__P10napi_env__P20napi_callback_info__ENKUlvE_clEv
FNDA:3928740,_ZN4Napi8FunctionC2EP10napi_env__P12napi_value__
FNDA:505,_ZN4Napi10ObjectWrapI9DisruptorE16InstanceAccessorIXadL_ZNS1_9GetCursorERKNS_12CallbackInfoEEELMS1_FvS6_RKNS_5ValueEE0EEENS_23ClassPropertyDescriptorIS1_EEPKc24napi_property_attributesPv
FNDA:505,_ZN4Napi10ObjectWrapI9DisruptorE16InstanceAccessorIXadL_ZNS1_11GetConsumerERKNS_12CallbackInfoEEELMS1_FvS6_RKNS_5ValueEE0EEENS_23ClassPropertyDescriptorIS1_EEPKc24napi_property_attributesPv
FNDA:401913,_ZN4Napi6Object3SetINS_6BufferIhEEEEvjRKT_
FNDA:519441,_ZZN4Napi10ObjectWrapI9DisruptorE13WrappedMethodIXadL_ZNS1_12ProduceClaimERKNS_12CallbackInfoEEEEEP12napi_value__P10napi_env__P20napi_callback_info__ENKUlvE_clEv
FNDA:418486,_ZNK4Napi20EscapableHandleScope3EnvEv
FNDA:659905,_ZN4Napi7details12WrapCallbackIZNS_10ObjectWrapI9DisruptorE13WrappedMethodIXadL_ZNS3_13ConsumeCommitERKNS_12CallbackInfoEEEEEP12napi_value__P10napi_env__P20napi_callback_info__EUlvE_EESA_T_
FNDA:918463,_ZN4Napi5ArrayC2EP10napi_env__P12napi_value__
FNDA:0,_ZN4Napi10ObjectWrapI9DisruptorE29InstanceGetterCallbackWrapperEP10napi_env__P20napi_callback_info__
FNDA:418486,_ZNK4Napi3Env18IsExceptionPendingEv
FNDA:810,_ZN4Napi7details12WrapCallbackIZNS_10ObjectWrapI9DisruptorE13WrappedMethodIXadL_ZNS3_17ProduceCommitSyncERKNS_12CallbackInfoEEEEEP12napi_value__P10napi_env__P20napi_callback_info__EUlvE_EESA_T_
FNDA:0,_ZZZN4Napi8Function3NewIXadL_Z12NullCallbackRKNS_12CallbackInfoEEEEES0_P10napi_env__PKcPvENKUlS6_P20napi_callback_info__E_clES6_SB_ENKUlvE_clEv
FNDA:659974,_ZN4Napi7details12WrapCallbackIZNS_10ObjectWrapI9DisruptorE13WrappedMethodIXadL_ZNS3_21GetPendingSeqConsumerERKNS_12CallbackInfoEEEEEP12napi_value__P10napi_env__P20napi_callback_info__EUlvE_EESA_T_
FNDA:0,_ZNK4Napi6StringcvNSt7__cxx1112basic_stringIcSt11char_traitsIcESaIcEEEEv
FNDA:0,_ZNK4Napi5Error4whatEv
FNDA:520319,_ZZN4Napi10ObjectWrapI9DisruptorE13WrappedMethodIXadL_ZNS1_17GetPendingSeqNextERKNS_12CallbackInfoEEEEEP12napi_value__P10napi_env__P20napi_callback_info__ENKUlvE_clEv
FNDA:0,_ZN4Napi13CallbackScopeD0Ev
FNDA:12,_ZZN4Napi10ObjectWrapI9DisruptorE13WrappedMethodIXadL_ZNS1_12GetConsumersERKNS_12CallbackInfoEEEEEP12napi_value__P10napi_env__P20napi_callback_info__ENKUlvE_clEv
FNDA:2320240,_ZN4Napi9ReferenceINS_8FunctionEEC2EOS2_
FNDA:659905,_ZZN4Napi10ObjectWrapI9DisruptorE13WrappedMethodIXadL_ZNS1_13ConsumeCommitERKNS_12CallbackInfoEEEEEP12napi_value__P10napi_env__P20napi_callback_info__ENKUlvE_clEv
FNDA:4633060,_ZN4Napi6Object3NewEP10napi_env__
FNDA:0,_ZN4Napi13CallbackScopeD2Ev
FNDA:0,_ZN4Napi10ObjectWrapI9DisruptorE33InstanceVoidMethodCallbackWrapperEP10napi_env__P20napi_callback_info__
FNDA:659890,_ZN4Napi7details12WrapCallbackIZNS_10ObjectWrapI9DisruptorE13WrappedMethodIXadL_ZNS3_10ConsumeNewERKNS_12CallbackInfoEEEEEP12napi_value__P10napi_env__P20napi_callback_info__EUlvE_EESA_T_
FNDA:2316530,_ZN4Napi11AsyncWorkerC2ERKNS_8FunctionEPKcRKNS_6ObjectE
FNDA:0,_ZN4Napi11AsyncWorker8SetErrorERKNSt7__cxx1112basic_stringIcSt11char_traitsIcESaIcEEE
FNDA:76,_ZZN4Napi10ObjectWrapI9DisruptorE13WrappedMethodIXadL_ZNS1_14ProduceRecoverERKNS_12CallbackInfoEEEEEP12napi_value__P10napi_env__P20napi_callback_info__ENKUlvE_clEv
FNDA:30342600,_ZNK4Napi3EnvcvP10napi_env__Ev
FNDA:0,_ZN4Napi11AsyncWorker4OnOKEv
FNDA:520319,_ZN4Napi10ObjectWrapI9DisruptorE13WrappedMethodIXadL_ZNS1_17GetPendingSeqNextERKNS_12CallbackInfoEEEEEP12napi_value__P10napi_env__P20napi_callback_info__
FNDA:7432,_ZNK4Napi5Value2AsINS_7BooleanEEET_v
FNDA:505,_ZN4Napi10ObjectWrapI9DisruptorE14InstanceMethodIXadL_ZNS1_17ProduceCommitSyncERKNS_12CallbackInfoEEEEENS_23ClassPropertyDescriptorIS1_EEPKc24napi_property_attributesPv
FNDA:505,_ZN4Napi10ObjectWrapI9DisruptorE16InstanceAccessorIXadL_ZNS1_14GetElementSizeERKNS_12CallbackInfoEEELMS1_FvS6_RKNS_5ValueEE0EEENS_23ClassPropertyDescriptorIS1_EEPKc24napi_property_attributesPv
FNDA:2316530,_ZN4Napi11AsyncWorker19OnAsyncWorkCompleteEP10napi_env__11napi_statusPv
FNF:311
FNH:246
DA:27,0
DA:33,0
DA:34,0
DA:35,0
DA:62,0
DA:64,0
DA:70,6388929
DA:73,6388929
DA:74,4
DA:75,4
DA:76,4
DA:123,3612
DA:124,3612
DA:125,3612
DA:126,3612
DA:127,3612
DA:251,505
DA:254,505
DA:255,1010
DA:256,1515
DA:257,505
DA:264,33241400
DA:265,33241400
DA:267,30342600
DA:268,30342600
DA:271,3712
DA:273,3712
DA:274,3712
DA:275,3712
DA:278,963148
DA:280,963148
DA:281,963148
DA:282,963148
DA:285,411062
DA:287,411062
DA:288,411062
DA:289,411062
DA:292,418486
DA:294,418486
DA:295,418486
DA:296,418486
DA:371,3712
DA:372,3712
DA:374,33230300
DA:375,33230300
DA:377,32019200
DA:378,32019200
DA:396,18240900
DA:397,18240900
DA:400,414678
DA:401,414678
DA:404,411062
DA:405,411062
DA:406,0
DA:410,411062
DA:411,411062
DA:412,411062
DA:495,411062
DA:496,411062
DA:537,5709830
DA:538,5709830
DA:573,1327810
DA:575,1327810
DA:576,1327810
DA:577,1327810
DA:583,1335240
DA:584,1335240
DA:586,526879
DA:587,526879
DA:590,526879
DA:592,526879
DA:593,526879
DA:594,526879
DA:601,4356180
DA:603,4356180
DA:604,4356180
DA:605,4356180
DA:611,4371260
DA:612,4371260
DA:618,14910
DA:619,14910
DA:641,14910
DA:643,14910
DA:644,14910
DA:645,14910
DA:648,176
DA:650,176
DA:651,176
DA:652,176
DA:767,3716
DA:768,3716
DA:813,3716
DA:814,3716
DA:816,0
DA:817,0
DA:824,3716
DA:826,3716
DA:827,3716
DA:829,3716
DA:830,3716
DA:831,3716
DA:832,3716
DA:833,3716
DA:834,7432
DA:931,661088
DA:932,661088
DA:951,661088
DA:961,661088
DA:997,258670
DA:998,258670
DA:999,258670
DA:1003,258670
DA:1004,258670
DA:1006,4633060
DA:1008,4633060
DA:1009,4633060
DA:1010,4633060
DA:1013,3712
DA:1014,3712
DA:1016,23013600
DA:1017,23013600
DA:1027,258670
DA:1028,258670
DA:1107,11136
DA:1109,11136
DA:1110,11136
DA:1111,11136
DA:1133,505
DA:1135,505
DA:1136,505
DA:1137,505
DA:1181,660583
DA:1183,660583
DA:1184,660583
DA:1185,660583
DA:1335,918463
DA:1337,918463
DA:1338,918463
DA:1339,918463
DA:1352,918463
DA:1353,918463
DA:1355,659914
DA:1357,659914
DA:1358,659914
DA:1359,659914
DA:1627,3712
DA:1628,3712
DA:1629,3712
DA:1631,2391720
DA:1632,2391720
DA:1633,2391720
DA:1737,3712
DA:1738,3712
DA:1741,2391720
DA:1742,2391720
DA:1743,2391720
DA:1744,2391720
DA:1745,2391720
DA:1746,2391720
DA:1748,0
DA:1749,0
DA:1751,2391720
DA:1752,2391720
DA:1794,0
DA:1800,0
DA:1801,0
DA:1802,0
DA:1805,0
DA:1809,0
DA:1810,0
DA:1811,0
DA:1813,0
DA:1814,0
DA:1815,0
DA:1816,0
DA:1817,0
DA:1818,0
DA:1820,0
DA:1821,0
DA:1887,3928740
DA:1888,3928740
DA:1906,1193220
DA:1907,1193220
DA:1910,0
DA:1911,0
DA:1914,1193220
DA:1916,2386440
DA:1917,1193220
DA:1918,1193220
DA:1919,1193220
DA:1922,411062
DA:1926,411062
DA:1936,411062
DA:1942,822124
DA:1943,411062
DA:1944,411062
DA:1945,411062
DA:2022,3712
DA:2027,3712
DA:2028,3712
DA:2029,3712
DA:2036,3712
DA:2037,0
DA:2038,0
DA:2040,7424
DA:2077,3712
DA:2078,3712
DA:2081,2388010
DA:2082,2388010
DA:2083,2388010
DA:2086,3712
DA:2087,3712
DA:2088,3712
DA:2091,519441
DA:2092,519441
DA:2093,519441
DA:2103,519441
DA:2107,519441
DA:2110,519441
DA:2111,519441
DA:2112,519441
DA:2113,519441
DA:2115,519441
DA:2121,0
DA:2123,0
DA:2129,0
DA:2130,0
DA:2132,0
DA:2133,0
DA:2136,0
DA:2137,0
DA:2138,0
DA:2141,0
DA:2142,0
DA:2145,0
DA:2150,0
DA:2152,0
DA:2153,0
DA:2157,0
DA:2158,0
DA:2159,0
DA:2160,0
DA:2161,0
DA:2163,0
DA:2166,0
DA:2169,0
DA:2170,0
DA:2173,4
DA:2174,4
DA:2177,0
DA:2178,0
DA:2184,4
DA:2185,4
DA:2186,4
DA:2190,4
DA:2192,4
DA:2220,0
DA:2221,0
DA:2224,0
DA:2226,0
DA:2234,0
DA:2237,4
DA:2238,8
DA:2239,4
DA:2245,4
DA:2248,4
DA:2249,0
DA:2255,4
DA:2259,0
DA:2260,0
DA:2266,4
DA:2271,4
DA:2272,4
DA:2275,4
DA:2276,4
DA:2278,8
DA:2314,6964436
DA:2315,6964436
DA:2316,6964436
DA:2318,6964436
DA:2319,0
DA:2323,6964436
DA:2324,6964436
DA:2326,6964436
DA:2331,18580
DA:2332,18580
DA:2335,6968156
DA:2336,6968156
DA:2337,6968156
DA:2340,13939534
DA:2341,13939534
DA:2342,6953210
DA:2343,6953210
DA:2346,6953210
DA:2348,13939534
DA:2351,6953300
DA:2352,6953300
DA:2353,6953300
DA:2354,6953300
DA:2355,6953300
DA:2356,6953300
DA:2359,18564
DA:2360,18564
DA:2361,18564
DA:2362,18564
DA:2363,18564
DA:2364,18564
DA:2365,18564
DA:2366,18564
DA:2367,18564
DA:2401,4
DA:2402,4
DA:2406,3620
DA:2407,3620
DA:2411,7435750
DA:2412,7435750
DA:2413,0
DA:2417,7435750
DA:2418,7435750
DA:2419,7435750
DA:2439,45844
DA:2440,45844
DA:2441,14848
DA:2442,14848
DA:2443,14848
DA:2445,45844
DA:2478,11136
DA:2479,11136
DA:2482,4633060
DA:2483,9266120
DA:2486,2320240
DA:2487,4640480
DA:2497,4
DA:2498,4
DA:2500,4633060
DA:2501,4633060
DA:2502,4633060
DA:2522,0
DA:2523,0
DA:2524,0
DA:2621,3716
DA:2622,3716
DA:2628,2320240
DA:2629,2320240
DA:2630,2320240
DA:2641,3712
DA:2642,3712
DA:2643,3712
DA:2670,7424
DA:2672,14848
DA:2673,7424
DA:2674,7424
DA:2675,0
DA:2677,7424
DA:2680,0
DA:2682,0
DA:2683,0
DA:2684,0
DA:2685,0
DA:2687,0
DA:2700,411062
DA:2704,822124
DA:2705,411062
DA:2706,411062
DA:2707,0
DA:2709,411062
DA:2751,4071890
DA:2752,4071890
DA:2753,4071890
DA:2754,4071890
DA:2755,4071890
DA:2756,4071890
DA:2758,4071890
DA:2761,3716
DA:2762,3716
DA:2764,3716
DA:2765,3716
DA:2767,4071890
DA:2769,8143790
DA:2770,4071890
DA:2771,3716
DA:2773,4071890
DA:2786,4478640
DA:2787,4478640
DA:2790,932129
DA:2791,932129
DA:2794,437296
DA:2795,874592
DA:2798,4075610
DA:2799,4075610
DA:2800,0
DA:2802,4075610
DA:2805,0
DA:2806,0
DA:2809,0
DA:2810,0
DA:2811,0
DA:3150,3716
DA:3151,3716
DA:3152,3716
DA:3155,3716
DA:3156,3716
DA:3157,3716
DA:3159,3716
DA:3160,3716
DA:3161,3716
DA:3164,3616
DA:3167,3616
DA:3168,3616
DA:3171,3616
DA:3172,4
DA:3175,7232
DA:3178,4068180
DA:3180,4068180
DA:3181,4068180
DA:3182,4068180
DA:3187,505
DA:3193,505
DA:3203,13130
DA:3204,12625
DA:3205,12625
DA:3206,12625
DA:3207,0
DA:3210,0
DA:3212,0
DA:3213,0
DA:3214,0
DA:3215,12625
DA:3216,0
DA:3219,0
DA:3221,0
DA:3222,0
DA:3223,0
DA:3228,505
DA:3234,505
DA:3236,505
DA:3241,13130
DA:3242,12625
DA:3244,12625
DA:3245,12625
DA:3246,0
DA:3248,0
DA:3249,0
DA:3250,12625
DA:3251,12625
DA:3252,0
DA:3254,0
DA:3255,0
DA:3256,12625
DA:3257,7575
DA:3258,0
DA:3260,0
DA:3261,0
DA:3262,7575
DA:3263,0
DA:3265,0
DA:3266,0
DA:3271,1010
DA:3275,505
DA:3280,505
DA:3283,505
DA:3284,505
DA:3558,2525
DA:3562,2525
DA:3563,2525
DA:3564,2525
DA:3565,2525
DA:3566,2525
DA:3567,2525
DA:3572,5050
DA:3576,5050
DA:3577,5050
DA:3578,5050
DA:3579,5050
DA:3580,5050
DA:3581,5050
DA:3653,5050
DA:3657,5050
DA:3658,5050
DA:3659,5050
DA:3660,5050
DA:3661,5050
DA:3662,5050
DA:3663,5050
DA:3727,3612
DA:3730,3716
DA:3734,3716
DA:3735,3716
DA:3737,3716
DA:3738,3716
DA:3739,0
DA:3740,0
DA:3743,3716
DA:3744,7432
DA:3745,3716
DA:3747,3712
DA:3758,7424
DA:3761,3716
DA:3765,0
DA:3768,0
DA:3769,0
DA:3771,0
DA:3772,0
DA:3773,0
DA:3774,0
DA:3775,0
DA:3779,0
DA:3782,0
DA:3783,0
DA:3785,0
DA:3786,0
DA:3787,0
DA:3788,0
DA:3792,0
DA:3795,0
DA:3796,0
DA:3798,0
DA:3799,0
DA:3800,0
DA:3801,0
DA:3805,0
DA:3808,0
DA:3809,0
DA:3811,0
DA:3812,0
DA:3813,0
DA:3814,0
DA:3815,0
DA:3819,0
DA:3822,0
DA:3823,0
DA:3825,0
DA:3826,0
DA:3827,0
DA:3828,0
DA:3829,0
DA:3830,0
DA:3831,0
DA:3835,0
DA:3838,0
DA:3839,0
DA:3841,0
DA:3842,0
DA:3843,0
DA:3844,0
DA:3845,0
DA:3846,0
DA:3850,0
DA:3853,0
DA:3854,0
DA:3856,0
DA:3857,0
DA:3858,0
DA:3859,0
DA:3860,0
DA:3861,0
DA:3865,0
DA:3868,0
DA:3869,0
DA:3871,0
DA:3872,0
DA:3873,0
DA:3874,0
DA:3875,0
DA:3876,0
DA:3877,0
DA:3881,3612
DA:3882,3612
DA:3883,3612
DA:3884,3612
DA:3885,3612
DA:3906,4848
DA:3907,9696
DA:3908,4848
DA:3909,4848
DA:3910,4848
DA:3911,9696
DA:3912,4848
DA:3917,4063330
DA:3918,8126660
DA:3919,8126660
DA:3920,4063330
DA:3921,8126660
DA:3922,4063330
DA:3954,2316530
DA:3955,2316530
DA:3956,2316530
DA:3957,2316530
DA:3959,4633070
DA:3960,2316530
DA:3961,2316530
DA:3964,2316530
DA:3982,418486
DA:3983,418486
DA:3984,418486
DA:3985,418486
DA:3987,836972
DA:3988,418486
DA:3989,418486
DA:3992,418486
DA:3998,418486
DA:3999,418486
DA:4002,418486
DA:4004,418486
DA:4005,418486
DA:4006,418486
DA:4026,0
DA:4027,0
DA:4028,0
DA:4031,0
DA:4064,0
DA:4065,0
DA:4066,0
DA:4067,0
DA:4069,0
DA:4098,2316530
DA:4099,2316530
DA:4100,2316530
DA:4102,2316530
DA:4103,2316530
DA:4104,2316530
DA:4105,2316530
DA:4107,2316530
DA:4109,2316530
DA:4110,2316530
DA:4113,2316530
DA:4114,2316530
DA:4130,2316530
DA:4133,2316530
DA:4134,0
DA:4137,2316530
DA:4139,2316530
DA:4141,2316530
DA:4143,2316530
DA:4145,2316530
DA:4146,2316530
DA:4174,2316530
DA:4175,2316530
DA:4176,2316530
DA:4177,2316530
DA:4179,2316530
DA:4181,2316530
DA:4182,2316530
DA:4183,2316530
DA:4212,2727590
DA:4213,2727590
DA:4216,2316530
DA:4217,2316530
DA:4218,2316530
DA:4219,2316530
DA:4226,411062
DA:4227,411062
DA:4230,2316530
DA:4231,2316530
DA:4238,0
DA:4239,0
DA:4240,0
DA:4242,0
DA:4244,0
DA:4245,0
DA:4246,0
DA:4248,0
DA:4250,0
DA:4251,0
DA:4252,0
DA:4254,0
DA:4255,0
DA:4261,2316530
DA:4262,2316530
DA:4263,2316530
DA:4264,2316530
DA:4269,2316530
DA:4272,2316530
DA:4273,0
DA:4274,0
DA:4279,2316530
DA:4281,2316530
DA:4284,2316530
DA:4285,2316530
DA:4286,2316530
DA:4287,2316530
DA:4288,2316530
DA:4289,4633060
DA:4290,2316530
DA:4291,2316530
DA:4292,2316530
DA:4295,0
DA:4297,2316530
DA:4300,2316530
DA:4301,2316530
DA:4303,2316530
LF:691
LH:489
end_of_record
TN:
SF:/home/david/shared-memory-disruptor/node_modules/node-addon-api/napi.h
FN:863,_ZN4Napi10TypedArray30TypedArrayTypeForPrimitiveTypeIhEE20napi_typedarray_typev
FN:1641,_ZN4Napi23ClassPropertyDescriptorI9DisruptorEC2E24napi_property_descriptor
FN:1889,_ZN4Napi10ObjectWrapI9DisruptorE10WrapGetterIXadL_ZNS1_19GetPendingSeqCursorERKNS_12CallbackInfoEEEEEPFP12napi_value__P10napi_env__P20napi_callback_info__ENS2_9GetterTagIXT_EEE
FN:1889,_ZN4Napi10ObjectWrapI9DisruptorE10WrapGetterIXadL_ZNS1_7GetNextERKNS_12CallbackInfoEEEEEPFP12napi_value__P10napi_env__P20napi_callback_info__ENS2_9GetterTagIXT_EEE
FN:1889,_ZN4Napi10ObjectWrapI9DisruptorE10WrapGetterIXadL_ZNS1_11GetConsumerERKNS_12CallbackInfoEEEEEPFP12napi_value__P10napi_env__P20napi_callback_info__ENS2_9GetterTagIXT_EEE
FN:1889,_ZN4Napi10ObjectWrapI9DisruptorE10WrapGetterIXadL_ZNS1_9GetCursorERKNS_12CallbackInfoEEEEEPFP12napi_value__P10napi_env__P20napi_callback_info__ENS2_9GetterTagIXT_EEE
FN:1889,_ZN4Napi10ObjectWrapI9DisruptorE10WrapGetterIXadL_ZNS1_14GetElementSizeERKNS_12CallbackInfoEEEEEPFP12napi_value__P10napi_env__P20napi_callback_info__ENS2_9GetterTagIXT_EEE
FN:1889,_ZN4Napi10ObjectWrapI9DisruptorE10WrapGetterIXadL_ZNS1_20GetPendingSeqNextEndERKNS_12CallbackInfoEEEEEPFP12napi_value__P10napi_env__P20napi_callback_info__ENS2_9GetterTagIXT_EEE
FN:1889,_ZN4Napi10ObjectWrapI9DisruptorE10WrapGetterIXadL_ZNS1_11GetElementsERKNS_12CallbackInfoEEEEEPFP12napi_value__P10napi_env__P20napi_callback_info__ENS2_9GetterTagIXT_EEE
FN:1889,_ZN4Napi10ObjectWrapI9DisruptorE10WrapGetterIXadL_ZNS1_17GetPendingSeqNextERKNS_12CallbackInfoEEEEEPFP12napi_value__P10napi_env__P20napi_callback_info__ENS2_9GetterTagIXT_EEE
FN:1889,_ZN4Napi10ObjectWrapI9DisruptorE10WrapGetterIXadL_ZNS1_12GetConsumersERKNS_12CallbackInfoEEEEEPFP12napi_value__P10napi_env__P20napi_callback_info__ENS2_9GetterTagIXT_EEE
FN:1889,_ZN4Napi10ObjectWrapI9DisruptorE10WrapGetterIXadL_ZNS1_21GetPendingSeqConsumerERKNS_12CallbackInfoEEEEEPFP12napi_value__P10napi_env__P20napi_callback_info__ENS2_9GetterTagIXT_EEE
FN:1894,_ZN4Napi10ObjectWrapI9DisruptorE10WrapSetterENS2_9SetterTagILMS1_FvRKNS_12CallbackInfoERKNS_5ValueEE0EEE
FNDA:505,_ZN4Napi10ObjectWrapI9DisruptorE10WrapGetterIXadL_ZNS1_9GetCursorERKNS_12CallbackInfoEEEEEPFP12napi_value__P10napi_env__P20napi_callback_info__ENS2_9GetterTagIXT_EEE
FNDA:505,_ZN4Napi10ObjectWrapI9DisruptorE10WrapGetterIXadL_ZNS1_14GetElementSizeERKNS_12CallbackInfoEEEEEPFP12napi_value__P10napi_env__P20napi_callback_info__ENS2_9GetterTagIXT_EEE
FNDA:12625,_ZN4Napi23ClassPropertyDescriptorI9DisruptorEC2E24napi_property_descriptor
FNDA:5050,_ZN4Napi10ObjectWrapI9DisruptorE10WrapSetterENS2_9SetterTagILMS1_FvRKNS_12CallbackInfoERKNS_5ValueEE0EEE
FNDA:505,_ZN4Napi10ObjectWrapI9DisruptorE10WrapGetterIXadL_ZNS1_11GetConsumerERKNS_12CallbackInfoEEEEEPFP12napi_value__P10napi_env__P20napi_callback_info__ENS2_9GetterTagIXT_EEE
[...]
FNDA:3952,_ZNKSt15__uniq_ptr_implIi7CloseFDE6_M_ptrEv
FNDA:3952,_ZNKSt10unique_ptrIi7CloseFDEdeEv
FNDA:2463920,_ZSt11make_uniqueISt6vectorI11AsyncBufferSaIS1_EEJEENSt9_MakeUniqIT_E15__single_objectEDpOT0_
FNDA:258435,_ZNSt10unique_ptrISt6vectorI11AsyncBufferSaIS1_EESt14default_deleteIS3_EEC2EOS6_
FNDA:1231960,_ZNSt10unique_ptrISt6vectorI11AsyncBufferSaIS1_EESt14default_deleteIS3_EEaSEOS6_
FNDA:4015480,_ZNKSt10unique_ptrISt6vectorI11AsyncBufferSaIS1_EESt14default_deleteIS3_EE3getEv
FNDA:2722360,_ZNSt10unique_ptrISt6vectorI11AsyncBufferSaIS1_EESt14default_deleteIS3_EED2Ev
FNDA:5186280,_ZNSt15__uniq_ptr_implISt6vectorI11AsyncBufferSaIS1_EESt14default_deleteIS3_EE10_M_deleterEv
FNDA:2007750,_ZNKSt10unique_ptrISt6vectorI11AsyncBufferSaIS1_EESt14default_deleteIS3_EEptEv
FNDA:2463920,_ZNSt15__uniq_ptr_implISt6vectorI11AsyncBufferSaIS1_EESt14default_deleteIS3_EEC2EPS3_
FNDA:258435,_ZNSt15__uniq_ptr_implISt6vectorI11AsyncBufferSaIS1_EESt14default_deleteIS3_EEC2IS5_EEPS3_OT_
FNDA:3712,_ZNSt10unique_ptrIi7CloseFDED2Ev
FNDA:1490400,_ZNSt10unique_ptrISt6vectorI11AsyncBufferSaIS1_EESt14default_deleteIS3_EE7releaseEv
FNDA:3712,_ZNSt10unique_ptrIi7CloseFDEC2IS0_vEEPi
FNDA:3712,_ZNSt15__uniq_ptr_implIi7CloseFDE10_M_deleterEv
FNF:26
FNH:26
DA:75,2463920
DA:81,2463920
DA:82,2463920
DA:147,2467632
DA:150,258435
DA:151,258435
DA:153,7916054
DA:154,4019432
DA:155,5189992
DA:211,2467632
DA:212,2467632
DA:213,2467632
DA:257,258435
DA:258,258435
DA:286,2726072
DA:290,2726072
DA:291,2726072
DA:292,1235672
DA:293,2726072
DA:294,2726072
DA:305,1231960
DA:307,1231960
DA:308,1231960
DA:309,1231960
DA:344,521292
DA:347,521292
DA:352,2007750
DA:355,2007750
DA:360,4019432
DA:361,4019432
DA:365,5189992
DA:366,5189992
DA:381,1490400
DA:383,1490400
DA:384,1490400
DA:385,1490400
DA:395,1231960
DA:400,1231960
DA:401,1231960
DA:402,1231960
DA:403,1231960
DA:856,2463920
DA:857,2463920
LF:43
LH:43
end_of_record
TN:
SF:/usr/include/c++/9/bits/unordered_set.h
FN:135,_ZNSt13unordered_setIPhSt4hashIS0_ESt8equal_toIS0_ESaIS0_EEC2Ev
FN:333,_ZNSt13unordered_setIPhSt4hashIS0_ESt8equal_toIS0_ESaIS0_EE3endEv
FN:376,_ZNSt13unordered_setIPhSt4hashIS0_ESt8equal_toIS0_ESaIS0_EE7emplaceIJRS0_EEESt4pairINSt8__detail14_Node_iteratorIS0_Lb1ELb0EEEbEDpOT_
FN:544,_ZNSt13unordered_setIPhSt4hashIS0_ESt8equal_toIS0_ESaIS0_EE5eraseERKS0_
FN:649,_ZNSt13unordered_setIPhSt4hashIS0_ESt8equal_toIS0_ESaIS0_EE4findERKS0_
FNDA:253,_ZNSt13unordered_setIPhSt4hashIS0_ESt8equal_toIS0_ESaIS0_EEC2Ev
FNDA:6480,_ZNSt13unordered_setIPhSt4hashIS0_ESt8equal_toIS0_ESaIS0_EE4findERKS0_
FNDA:3612,_ZNSt13unordered_setIPhSt4hashIS0_ESt8equal_toIS0_ESaIS0_EE5eraseERKS0_
FNDA:3712,_ZNSt13unordered_setIPhSt4hashIS0_ESt8equal_toIS0_ESaIS0_EE7emplaceIJRS0_EEESt4pairINSt8__detail14_Node_iteratorIS0_Lb1ELb0EEEbEDpOT_
FNDA:6480,_ZNSt13unordered_setIPhSt4hashIS0_ESt8equal_toIS0_ESaIS0_EE3endEv
FNF:5
FNH:5
DA:135,253
DA:333,6480
DA:334,6480
DA:376,3712
DA:377,3712
DA:544,3612
DA:545,3612
DA:649,6480
DA:650,6480
LF:9
LH:9
end_of_record
TN:
SF:/usr/include/c++/9/bits/vector.tcc
FN:611,_ZNSt6vectorI11AsyncBufferSaIS0_EE17_M_default_appendEm
FNDA:258670,_ZNSt6vectorI11AsyncBufferSaIS0_EE17_M_default_appendEm
FNF:1
FNH:1
DA:611,258670
DA:614,258670
DA:616,258670
DA:617,258670
DA:618,258670
DA:620,258670
DA:621,0
DA:623,258670
DA:626,0
DA:627,0
DA:628,0
DA:633,258670
DA:635,258670
DA:636,258670
DA:640,258670
DA:641,258670
DA:643,0
DA:645,0
DA:646,0
DA:648,258670
DA:649,258670
DA:653,0
DA:656,0
DA:657,0
DA:658,0
DA:659,0
DA:661,0
DA:663,0
DA:665,0
DA:666,0
DA:667,0
DA:668,0
DA:669,0
DA:671,0
DA:672,0
DA:675,258670
DA:676,258670
DA:677,258670
DA:678,258670
DA:679,258670
DA:680,258670
DA:683,258670
LF:42
LH:21
end_of_record
TN:
SF:/usr/include/c++/9/ext/aligned_buffer.h
FN:102,_ZN9__gnu_cxx16__aligned_bufferIPhE7_M_addrEv
FN:108,_ZNK9__gnu_cxx16__aligned_bufferIPhE7_M_addrEv
FN:114,_ZN9__gnu_cxx16__aligned_bufferIPhE6_M_ptrEv
FN:118,_ZNK9__gnu_cxx16__aligned_bufferIPhE6_M_ptrEv
FNDA:12203,_ZNK9__gnu_cxx16__aligned_bufferIPhE7_M_addrEv
FNDA:25525,_ZN9__gnu_cxx16__aligned_bufferIPhE7_M_addrEv
FNDA:12203,_ZNK9__gnu_cxx16__aligned_bufferIPhE6_M_ptrEv
FNDA:25525,_ZN9__gnu_cxx16__aligned_bufferIPhE6_M_ptrEv
FNF:4
FNH:4
DA:102,25525
DA:104,25525
DA:108,12203
DA:110,12203
DA:114,25525
DA:115,25525
DA:118,12203
DA:119,12203
LF:8
LH:8
end_of_record
TN:
SF:/usr/include/c++/9/ext/new_allocator.h
FN:80,_ZN9__gnu_cxx13new_allocatorI24napi_property_descriptorEC2Ev
FN:80,_ZN9__gnu_cxx13new_allocatorIcEC2Ev
FN:80,_ZN9__gnu_cxx13new_allocatorIP12napi_value__EC2Ev
FN:80,_ZN9__gnu_cxx13new_allocatorIPNSt8__detail15_Hash_node_baseEEC2Ev
FN:80,_ZN9__gnu_cxx13new_allocatorINSt8__detail10_Hash_nodeIPhLb0EEEEC2Ev
FN:80,_ZN9__gnu_cxx13new_allocatorI11AsyncBufferEC2Ev
FN:83,_ZN9__gnu_cxx13new_allocatorI24napi_property_descriptorEC2ERKS2_
FN:89,_ZN9__gnu_cxx13new_allocatorIP12napi_value__ED2Ev
FN:89,_ZN9__gnu_cxx13new_allocatorIcED2Ev
FN:89,_ZN9__gnu_cxx13new_allocatorI24napi_property_descriptorED2Ev
FN:89,_ZN9__gnu_cxx13new_allocatorI11AsyncBufferED2Ev
FN:89,_ZN9__gnu_cxx13new_allocatorIPNSt8__detail15_Hash_node_baseEED2Ev
FN:102,_ZN9__gnu_cxx13new_allocatorINSt8__detail10_Hash_nodeIPhLb0EEEE8allocateEmPKv
FN:102,_ZN9__gnu_cxx13new_allocatorI24napi_property_descriptorE8allocateEmPKv
FN:102,_ZN9__gnu_cxx13new_allocatorI11AsyncBufferE8allocateEmPKv
FN:102,_ZN9__gnu_cxx13new_allocatorIPNSt8__detail15_Hash_node_baseEE8allocateEmPKv
FN:119,_ZN9__gnu_cxx13new_allocatorIP12napi_value__E10deallocateEPS2_m
FN:119,_ZN9__gnu_cxx13new_allocatorI11AsyncBufferE10deallocateEPS1_m
FN:119,_ZN9__gnu_cxx13new_allocatorI24napi_property_descriptorE10deallocateEPS1_m
FN:119,_ZN9__gnu_cxx13new_allocatorIPNSt8__detail15_Hash_node_baseEE10deallocateEPS3_m
FN:119,_ZN9__gnu_cxx13new_allocatorINSt8__detail10_Hash_nodeIPhLb0EEEE10deallocateEPS4_m
FN:132,_ZNK9__gnu_cxx13new_allocatorI24napi_property_descriptorE8max_sizeEv
FN:132,_ZNK9__gnu_cxx13new_allocatorINSt8__detail10_Hash_nodeIPhLb0EEEE8max_sizeEv
FN:132,_ZNK9__gnu_cxx13new_allocatorI11AsyncBufferE8max_sizeEv
FN:132,_ZNK9__gnu_cxx13new_allocatorIPNSt8__detail15_Hash_node_baseEE8max_sizeEv
FN:144,_ZN9__gnu_cxx13new_allocatorI11AsyncBufferE9constructIS1_JS1_EEEvPT_DpOT0_
FN:144,_ZN9__gnu_cxx13new_allocatorINSt8__detail10_Hash_nodeIPhLb0EEEE9constructIS3_JRS3_EEEvPT_DpOT0_
FN:151,_ZN9__gnu_cxx13new_allocatorINSt8__detail10_Hash_nodeIPhLb0EEEE7destroyIS3_EEvPT_
FN:151,_ZN9__gnu_cxx13new_allocatorI11AsyncBufferE7destroyIS1_EEvPT_
FNDA:3612,_ZN9__gnu_cxx13new_allocatorINSt8__detail10_Hash_nodeIPhLb0EEEE10deallocateEPS4_m
FNDA:2463920,_ZN9__gnu_cxx13new_allocatorI11AsyncBufferEC2Ev
FNDA:257,_ZN9__gnu_cxx13new_allocatorIPNSt8__detail15_Hash_node_baseEE8allocateEmPKv
FNDA:235,_ZN9__gnu_cxx13new_allocatorI11AsyncBufferE7destroyIS1_EEvPT_
FNDA:505,_ZN9__gnu_cxx13new_allocatorI24napi_property_descriptorE10deallocateEPS1_m
FNDA:0,_ZN9__gnu_cxx13new_allocatorIP12napi_value__EC2Ev
FNDA:261,_ZN9__gnu_cxx13new_allocatorIPNSt8__detail15_Hash_node_baseEEC2Ev
FNDA:253,_ZN9__gnu_cxx13new_allocatorINSt8__detail10_Hash_nodeIPhLb0EEEEC2Ev
FNDA:4,_ZN9__gnu_cxx13new_allocatorIPNSt8__detail15_Hash_node_baseEE10deallocateEPS3_m
FNDA:257,_ZNK9__gnu_cxx13new_allocatorIPNSt8__detail15_Hash_node_baseEE8max_sizeEv
FNDA:261,_ZN9__gnu_cxx13new_allocatorIPNSt8__detail15_Hash_node_baseEED2Ev
FNDA:258670,_ZN9__gnu_cxx13new_allocatorI11AsyncBufferE8allocateEmPKv
FNDA:2463920,_ZN9__gnu_cxx13new_allocatorI11AsyncBufferED2Ev
FNDA:1293350,_ZNK9__gnu_cxx13new_allocatorI11AsyncBufferE8max_sizeEv
FNDA:0,_ZN9__gnu_cxx13new_allocatorIcEC2Ev
FNDA:3712,_ZN9__gnu_cxx13new_allocatorINSt8__detail10_Hash_nodeIPhLb0EEEE9constructIS3_JRS3_EEEvPT_DpOT0_
FNDA:235,_ZN9__gnu_cxx13new_allocatorI11AsyncBufferE9constructIS1_JS1_EEEvPT_DpOT0_
FNDA:0,_ZN9__gnu_cxx13new_allocatorIcED2Ev
FNDA:3712,_ZNK9__gnu_cxx13new_allocatorINSt8__detail10_Hash_nodeIPhLb0EEEE8max_sizeEv
FNDA:505,_ZN9__gnu_cxx13new_allocatorI24napi_property_descriptorEC2Ev
FNDA:1515,_ZN9__gnu_cxx13new_allocatorI24napi_property_descriptorED2Ev
FNDA:505,_ZN9__gnu_cxx13new_allocatorI24napi_property_descriptorE8allocateEmPKv
FNDA:1010,_ZNK9__gnu_cxx13new_allocatorI24napi_property_descriptorE8max_sizeEv
FNDA:258670,_ZN9__gnu_cxx13new_allocatorI11AsyncBufferE10deallocateEPS1_m
FNDA:3712,_ZN9__gnu_cxx13new_allocatorINSt8__detail10_Hash_nodeIPhLb0EEEE8allocateEmPKv
FNDA:0,_ZN9__gnu_cxx13new_allocatorIP12napi_value__E10deallocateEPS2_m
FNDA:1010,_ZN9__gnu_cxx13new_allocatorI24napi_property_descriptorEC2ERKS2_
FNDA:0,_ZN9__gnu_cxx13new_allocatorIP12napi_value__ED2Ev
FNDA:3612,_ZN9__gnu_cxx13new_allocatorINSt8__detail10_Hash_nodeIPhLb0EEEE7destroyIS3_EEvPT_
FNF:29
FNH:24
DA:80,2464939
DA:83,1010
DA:89,2465696
DA:102,263144
DA:104,263144
DA:105,0
DA:114,263144
DA:119,262791
DA:128,262791
DA:129,262791
DA:132,1298329
DA:135,1298329
DA:144,3947
DA:147,3947
DA:151,3847
DA:153,3847
LF:16
LH:15
end_of_record
TN:
SF:/usr/include/c++/9/ext/string_conversions.h
FN:99,_ZN9__gnu_cxx12__to_xstringINSt7__cxx1112basic_stringIcSt11char_traitsIcESaIcEEEcEET_PFiPT0_mPKS8_P13__va_list_tagEmSB_z
FNDA:0,_ZN9__gnu_cxx12__to_xstringINSt7__cxx1112basic_stringIcSt11char_traitsIcESaIcEEEcEET_PFiPT0_mPKS8_P13__va_list_tagEmSB_z
FNF:1
FNH:0
DA:99,0
DA:105,0
DA:109,0
DA:111,0
DA:113,0
DA:115,0
LF:6
LH:0
end_of_record
TN:
SF:/usr/include/c++/9/ext/type_traits.h
FN:152,_ZN9__gnu_cxx17__is_null_pointerIKcEEbPT_
FN:152,_ZN9__gnu_cxx17__is_null_pointerIcEEbPT_
FNDA:0,_ZN9__gnu_cxx17__is_null_pointerIcEEbPT_
FNDA:0,_ZN9__gnu_cxx17__is_null_pointerIKcEEbPT_
FNF:2
FNH:0
DA:152,0
DA:153,0
LF:2
LH:0
end_of_record
TN:
SF:/usr/include/c++/9/initializer_list
FN:71,_ZNKSt16initializer_listIN4Napi23ClassPropertyDescriptorI9DisruptorEEE4sizeEv
FN:71,_ZNKSt16initializer_listIP12napi_value__E4sizeEv
FN:75,_ZNKSt16initializer_listIP12napi_value__E5beginEv
FN:75,_ZNKSt16initializer_listIN4Napi23ClassPropertyDescriptorI9DisruptorEEE5beginEv
FNDA:505,_ZNKSt16initializer_listIN4Napi23ClassPropertyDescriptorI9DisruptorEEE5beginEv
FNDA:1604280,_ZNKSt16initializer_listIP12napi_value__E4sizeEv
FNDA:505,_ZNKSt16initializer_listIN4Napi23ClassPropertyDescriptorI9DisruptorEEE4sizeEv
FNDA:1604280,_ZNKSt16initializer_listIP12napi_value__E5beginEv
FNF:4
FNH:4
DA:71,1604785
DA:75,1604785
LF:2
LH:2
end_of_record
TN:
SF:/usr/include/c++/9/new
FN:173,_ZnwmPv
FN:179,_ZdlPvS_
FNDA:266329,_ZnwmPv
FNDA:0,_ZdlPvS_
FNF:2
FNH:1
DA:173,266329
DA:174,266329
DA:179,0
LF:3
LH:2
end_of_record
TN:
SF:/usr/include/c++/9/tuple
FN:76,_ZNSt10_Head_baseILm1ESt14default_deleteISt6vectorI11AsyncBufferSaIS2_EEELb1EEC2Ev
FN:76,_ZNSt10_Head_baseILm1E7CloseFDLb1EEC2Ev
FN:86,_ZNSt10_Head_baseILm1ESt14default_deleteISt6vectorI11AsyncBufferSaIS2_EEELb1EEC2IS5_EEOT_
FN:113,_ZNSt10_Head_baseILm1ESt14default_deleteISt6vectorI11AsyncBufferSaIS2_EEELb1EE7_M_headERS6_
FN:113,_ZNSt10_Head_baseILm1E7CloseFDLb1EE7_M_headERS1_
FN:122,_ZNSt10_Head_baseILm0EPSt6vectorI11AsyncBufferSaIS1_EELb0EEC2Ev
FN:122,_ZNSt10_Head_baseILm0EPiLb0EEC2Ev
FN:132,_ZNSt10_Head_baseILm0EPSt6vectorI11AsyncBufferSaIS1_EELb0EEC2IRS4_EEOT_
FN:160,_ZNSt10_Head_baseILm0EPSt6vectorI11AsyncBufferSaIS1_EELb0EE7_M_headERS5_
FN:160,_ZNSt10_Head_baseILm0EPiLb0EE7_M_headERS1_
FN:163,_ZNSt10_Head_baseILm0EPSt6vectorI11AsyncBufferSaIS1_EELb0EE7_M_headERKS5_
FN:163,_ZNSt10_Head_baseILm0EPiLb0EE7_M_headERKS1_
FN:195,_ZNSt11_Tuple_implILm0EJPi7CloseFDEE7_M_headERS2_
FN:195,_ZNSt11_Tuple_implILm0EJPSt6vectorI11AsyncBufferSaIS1_EESt14default_deleteIS3_EEE7_M_headERS7_
FN:198,_ZNSt11_Tuple_implILm0EJPSt6vectorI11AsyncBufferSaIS1_EESt14default_deleteIS3_EEE7_M_headERKS7_
FN:198,_ZNSt11_Tuple_implILm0EJPi7CloseFDEE7_M_headERKS2_
FN:206,_ZNSt11_Tuple_implILm0EJPSt6vectorI11AsyncBufferSaIS1_EESt14default_deleteIS3_EEEC2Ev
FN:206,_ZNSt11_Tuple_implILm0EJPi7CloseFDEEC2Ev
FN:216,_ZNSt11_Tuple_implILm0EJPSt6vectorI11AsyncBufferSaIS1_EESt14default_deleteIS3_EEEC2IRS4_JS6_EvEEOT_DpOT0_
FN:334,_ZNSt11_Tuple_implILm1EJ7CloseFDEE7_M_headERS1_
FN:334,_ZNSt11_Tuple_implILm1EJSt14default_deleteISt6vectorI11AsyncBufferSaIS2_EEEEE7_M_headERS6_
FN:339,_ZNSt11_Tuple_implILm1EJSt14default_deleteISt6vectorI11AsyncBufferSaIS2_EEEEEC2Ev
FN:339,_ZNSt11_Tuple_implILm1EJ7CloseFDEEC2Ev
FN:348,_ZNSt11_Tuple_implILm1EJSt14default_deleteISt6vectorI11AsyncBufferSaIS2_EEEEEC2IS5_EEOT_
FN:918,_ZNSt5tupleIJPi7CloseFDEEC2IS0_S1_Lb1EEEv
FN:918,_ZNSt5tupleIJPSt6vectorI11AsyncBufferSaIS1_EESt14default_deleteIS3_EEEC2IS4_S6_Lb1EEEv
FN:968,_ZNSt5tupleIJPSt6vectorI11AsyncBufferSaIS1_EESt14default_deleteIS3_EEEC2IRS4_S6_Lb1EEEOT_OT0_
FN:1309,_ZSt12__get_helperILm1E7CloseFDJEERT0_RSt11_Tuple_implIXT_EJS1_DpT1_EE
FN:1309,_ZSt12__get_helperILm0EPSt6vectorI11AsyncBufferSaIS1_EEJSt14default_deleteIS3_EEERT0_RSt11_Tuple_implIXT_EJS7_DpT1_EE
FN:1309,_ZSt12__get_helperILm1ESt14default_deleteISt6vectorI11AsyncBufferSaIS2_EEEJEERT0_RSt11_Tuple_implIXT_EJS6_DpT1_EE
FN:1309,_ZSt12__get_helperILm0EPiJ7CloseFDEERT0_RSt11_Tuple_implIXT_EJS2_DpT1_EE
FN:1314,_ZSt12__get_helperILm0EPSt6vectorI11AsyncBufferSaIS1_EEJSt14default_deleteIS3_EEERKT0_RKSt11_Tuple_implIXT_EJS7_DpT1_EE
FN:1314,_ZSt12__get_helperILm0EPiJ7CloseFDEERKT0_RKSt11_Tuple_implIXT_EJS2_DpT1_EE
FN:1320,_ZSt3getILm0EJPi7CloseFDEERNSt13tuple_elementIXT_ESt5tupleIJDpT0_EEE4typeERS6_
FN:1320,_ZSt3getILm1EJPi7CloseFDEERNSt13tuple_elementIXT_ESt5tupleIJDpT0_EEE4typeERS6_
FN:1320,_ZSt3getILm1EJPSt6vectorI11AsyncBufferSaIS1_EESt14default_deleteIS3_EEERNSt13tuple_elementIXT_ESt5tupleIJDpT0_EEE4typeERSB_
FN:1320,_ZSt3getILm0EJPSt6vectorI11AsyncBufferSaIS1_EESt14default_deleteIS3_EEERNSt13tuple_elementIXT_ESt5tupleIJDpT0_EEE4typeERSB_
FN:1326,_ZSt3getILm0EJPSt6vectorI11AsyncBufferSaIS1_EESt14default_deleteIS3_EEERKNSt13tuple_elementIXT_ESt5tupleIJDpT0_EEE4typeERKSB_
FN:1326,_ZSt3getILm0EJPi7CloseFDEERKNSt13tuple_elementIXT_ESt5tupleIJDpT0_EEE4typeERKS6_
FNDA:5186280,_ZSt3getILm1EJPSt6vectorI11AsyncBufferSaIS1_EESt14default_deleteIS3_EEERNSt13tuple_elementIXT_ESt5tupleIJDpT0_EEE4typeERSB_
FNDA:258435,_ZNSt11_Tuple_implILm0EJPSt6vectorI11AsyncBufferSaIS1_EESt14default_deleteIS3_EEEC2IRS4_JS6_EvEEOT_DpOT0_
FNDA:3712,_ZNSt11_Tuple_implILm1EJ7CloseFDEEC2Ev
FNDA:4015480,_ZSt12__get_helperILm0EPSt6vectorI11AsyncBufferSaIS1_EEJSt14default_deleteIS3_EEERKT0_RKSt11_Tuple_implIXT_EJS7_DpT1_EE
FNDA:4015480,_ZNSt10_Head_baseILm0EPSt6vectorI11AsyncBufferSaIS1_EELb0EE7_M_headERKS5_
FNDA:3952,_ZSt12__get_helperILm0EPiJ7CloseFDEERKT0_RKSt11_Tuple_implIXT_EJS2_DpT1_EE
FNDA:3712,_ZNSt10_Head_baseILm1E7CloseFDLb1EEC2Ev
FNDA:7908630,_ZSt3getILm0EJPSt6vectorI11AsyncBufferSaIS1_EESt14default_deleteIS3_EEERNSt13tuple_elementIXT_ESt5tupleIJDpT0_EEE4typeERSB_
FNDA:3952,_ZNSt10_Head_baseILm0EPiLb0EE7_M_headERKS1_
FNDA:3712,_ZNSt10_Head_baseILm1E7CloseFDLb1EE7_M_headERS1_
FNDA:3712,_ZNSt5tupleIJPi7CloseFDEEC2IS0_S1_Lb1EEEv
FNDA:7908630,_ZNSt11_Tuple_implILm0EJPSt6vectorI11AsyncBufferSaIS1_EESt14default_deleteIS3_EEE7_M_headERS7_
FNDA:5186280,_ZNSt11_Tuple_implILm1EJSt14default_deleteISt6vectorI11AsyncBufferSaIS2_EEEEE7_M_headERS6_
FNDA:2463920,_ZNSt5tupleIJPSt6vectorI11AsyncBufferSaIS1_EESt14default_deleteIS3_EEEC2IS4_S6_Lb1EEEv
FNDA:3712,_ZNSt10_Head_baseILm0EPiLb0EEC2Ev
FNDA:7424,_ZNSt10_Head_baseILm0EPiLb0EE7_M_headERS1_
FNDA:2463920,_ZNSt10_Head_baseILm0EPSt6vectorI11AsyncBufferSaIS1_EELb0EEC2Ev
FNDA:5186280,_ZSt12__get_helperILm1ESt14default_deleteISt6vectorI11AsyncBufferSaIS2_EEEJEERT0_RSt11_Tuple_implIXT_EJS6_DpT1_EE
FNDA:7908630,_ZSt12__get_helperILm0EPSt6vectorI11AsyncBufferSaIS1_EEJSt14default_deleteIS3_EEERT0_RSt11_Tuple_implIXT_EJS7_DpT1_EE
FNDA:7424,_ZSt12__get_helperILm0EPiJ7CloseFDEERT0_RSt11_Tuple_implIXT_EJS2_DpT1_EE
FNDA:3712,_ZSt3getILm1EJPi7CloseFDEERNSt13tuple_elementIXT_ESt5tupleIJDpT0_EEE4typeERS6_
FNDA:3712,_ZNSt11_Tuple_implILm0EJPi7CloseFDEEC2Ev
FNDA:3952,_ZSt3getILm0EJPi7CloseFDEERKNSt13tuple_elementIXT_ESt5tupleIJDpT0_EEE4typeERKS6_
FNDA:258435,_ZNSt10_Head_baseILm0EPSt6vectorI11AsyncBufferSaIS1_EELb0EEC2IRS4_EEOT_
FNDA:258435,_ZNSt10_Head_baseILm1ESt14default_deleteISt6vectorI11AsyncBufferSaIS2_EEELb1EEC2IS5_EEOT_
FNDA:7424,_ZSt3getILm0EJPi7CloseFDEERNSt13tuple_elementIXT_ESt5tupleIJDpT0_EEE4typeERS6_
FNDA:3712,_ZSt12__get_helperILm1E7CloseFDJEERT0_RSt11_Tuple_implIXT_EJS1_DpT1_EE
FNDA:4015480,_ZNSt11_Tuple_implILm0EJPSt6vectorI11AsyncBufferSaIS1_EESt14default_deleteIS3_EEE7_M_headERKS7_
FNDA:2463920,_ZNSt11_Tuple_implILm0EJPSt6vectorI11AsyncBufferSaIS1_EESt14default_deleteIS3_EEEC2Ev
FNDA:2463920,_ZNSt10_Head_baseILm1ESt14default_deleteISt6vectorI11AsyncBufferSaIS2_EEELb1EEC2Ev
FNDA:5186280,_ZNSt10_Head_baseILm1ESt14default_deleteISt6vectorI11AsyncBufferSaIS2_EEELb1EE7_M_headERS6_
FNDA:258435,_ZNSt11_Tuple_implILm1EJSt14default_deleteISt6vectorI11AsyncBufferSaIS2_EEEEEC2IS5_EEOT_
FNDA:3712,_ZNSt11_Tuple_implILm1EJ7CloseFDEE7_M_headERS1_
FNDA:7424,_ZNSt11_Tuple_implILm0EJPi7CloseFDEE7_M_headERS2_
FNDA:258435,_ZNSt5tupleIJPSt6vectorI11AsyncBufferSaIS1_EESt14default_deleteIS3_EEEC2IRS4_S6_Lb1EEEOT_OT0_
FNDA:2463920,_ZNSt11_Tuple_implILm1EJSt14default_deleteISt6vectorI11AsyncBufferSaIS2_EEEEEC2Ev
FNDA:3952,_ZNSt11_Tuple_implILm0EJPi7CloseFDEE7_M_headERKS2_
FNDA:7908630,_ZNSt10_Head_baseILm0EPSt6vectorI11AsyncBufferSaIS1_EELb0EE7_M_headERS5_
FNDA:4015480,_ZSt3getILm0EJPSt6vectorI11AsyncBufferSaIS1_EESt14default_deleteIS3_EEERKNSt13tuple_elementIXT_ESt5tupleIJDpT0_EEE4typeERKSB_
FNF:39
FNH:39
DA:76,2467632
DA:77,2467632
DA:86,258435
DA:87,258435
DA:113,5189992
DA:122,2467632
DA:123,2467632
DA:132,258435
DA:133,258435
DA:160,7916054
DA:163,4019432
DA:195,7916054
DA:198,4019432
DA:206,2467632
DA:207,2467632
DA:216,258435
DA:218,258435
DA:334,5189992
DA:339,2467632
DA:340,2467632
DA:348,258435
DA:349,258435
DA:918,2467632
DA:919,2467632
DA:968,258435
DA:969,258435
DA:1309,13106046
DA:1310,13106046
DA:1314,4019432
DA:1315,4019432
DA:1320,13106046
DA:1321,13106046
DA:1326,4019432
DA:1327,4019432
LF:34
LH:34
end_of_record
TN:
SF:/usr/include/x86_64-linux-gnu/c++/9/bits/gthr-default.h
FN:248,_ZL18__gthread_active_pv
FN:746,_ZL20__gthread_mutex_lockP15pthread_mutex_t
FN:776,_ZL22__gthread_mutex_unlockP15pthread_mutex_t
FNDA:11541,_ZL22__gthread_mutex_unlockP15pthread_mutex_t
FNDA:11541,_ZL20__gthread_mutex_lockP15pthread_mutex_t
FNDA:23082,_ZL18__gthread_active_pv
FNF:3
FNH:3
DA:248,23082
DA:252,23082
DA:746,11541
DA:748,11541
DA:749,11541
DA:751,0
DA:776,11541
DA:778,11541
DA:779,11541
DA:781,0
LF:10
LH:8
end_of_record
TN:
SF:lib/disruptor.js
FN:4,check
FN:14,(anonymous_1)
FN:18,(anonymous_2)
FN:19,(anonymous_3)
FN:24,(anonymous_4)
FN:25,(anonymous_5)
FN:30,(anonymous_6)
FN:31,(anonymous_7)
FN:36,(anonymous_8)
FN:44,(anonymous_9)
FN:51,(anonymous_10)
FN:61,(anonymous_11)
FN:69,(anonymous_12)
FN:79,(anonymous_13)
FN:87,(anonymous_14)
FN:97,(anonymous_15)
FN:107,(anonymous_16)
FNDA:11,(anonymous_7)
FNDA:3716,(anonymous_1)
FNDA:519447,(anonymous_15)
FNDA:519447,(anonymous_16)
FNDA:467556,(anonymous_8)
FNDA:1698802,check
FNDA:421838,(anonymous_3)
FNDA:24,(anonymous_14)
FNDA:467553,(anonymous_5)
FNDA:421838,(anonymous_2)
FNDA:519441,(anonymous_12)
FNDA:519441,(anonymous_11)
FNDA:659890,(anonymous_9)
FNDA:24,(anonymous_13)
FNDA:467553,(anonymous_4)
FNDA:659890,(anonymous_10)
FNDA:11,(anonymous_6)
FNF:17
FNH:17
BRDA:6,0,0,1289380
BRDA:6,0,1,409422
BRDA:37,1,0,2
BRDA:37,1,1,467554
BRDA:53,2,0,238052
BRDA:53,2,1,421838
BRDA:71,3,0,51888
BRDA:71,3,1,467553
BRDA:89,4,0,13
BRDA:89,4,1,11
BRDA:99,5,0,8
BRDA:99,5,1,519439
BRDA:109,6,0,8
BRDA:109,6,1,519439
BRDA:111,7,0,6
BRDA:111,7,1,2
BRDA:119,8,0,51885
BRDA:119,8,1,467554
BRF:18
BRH:18
DA:1,505
DA:2,505
DA:6,1698802
DA:8,1289380
DA:16,3716
DA:18,3712
DA:19,421838
DA:20,421838
DA:24,3712
DA:25,467553
DA:26,467553
DA:30,3712
DA:31,11
DA:32,11
DA:36,3712
DA:37,467556
DA:38,2
DA:40,467554
DA:46,659890
DA:53,659890
DA:55,238052
DA:58,421838
DA:63,519441
DA:71,519441
DA:73,51888
DA:76,467553
DA:81,24
DA:89,24
DA:91,13
DA:94,11
DA:99,519447
DA:101,8
DA:104,519439
DA:109,519447
DA:111,8
DA:113,6
DA:116,2
DA:119,519439
DA:121,51885
DA:124,467554
DA:128,505
LF:41
LH:41
end_of_record
