TN:
SF:lib/disruptor.js
FN:8,check
FN:18,Disruptor2
FN:54,_consumeNew
FN:61,consumeNew
FN:71,_produceClaim
FN:80,produceClaim
FN:90,_produceClaimMany
FN:99,produceClaimMany
FN:109,_produceClaimAvail
FN:118,produceClaimAvail
FN:128,_produceCommit
FN:138,produceCommit
FN:160,DisruptorReadStream
FN:172,__read
FN:195,_read
FN:221,read_again
FN:225,_destroy
FN:235,DisruptorWriteStream
FN:247,_write
FN:282,_final
FN:287,_destroy
FN:298,_commit
FN:324,commit_again
FN:328,write_again
FNF:24
FNH:24
FNDA:8200277,check
FNDA:5771,Disruptor2
FNDA:7074862,_consumeNew
FNDA:7074862,consumeNew
FNDA:519445,_produceClaim
FNDA:519445,produceClaim
FNDA:40,_produceClaimMany
FNDA:40,produceClaimMany
FNDA:84312,_produceClaimAvail
FNDA:84312,produceClaimAvail
FNDA:521618,_produceCommit
FNDA:521618,produceCommit
FNDA:2012,DisruptorReadStream
FNDA:6128592,__read
FNDA:6235515,_read
FNDA:6125578,read_again
FNDA:2010,_destroy
FNDA:16,DisruptorWriteStream
FNDA:84304,_write
FNDA:5,_final
FNDA:14,_destroy
FNDA:2164,_commit
FNDA:1,commit_again
FNDA:83290,write_again
DA:1,506
DA:2,506
DA:3,506
DA:4,506
DA:5,506
DA:6,506
DA:7,506
DA:8,8200277
DA:9,8200277
DA:10,8200277
DA:11,8200277
DA:12,7713704
DA:13,7713704
DA:14,8200277
DA:15,506
DA:16,506
DA:17,506
DA:18,506
DA:19,5771
DA:20,5771
DA:21,5771
DA:22,5771
DA:23,6529800
DA:24,6529800
DA:25,6529800
DA:26,5771
DA:27,5771
DA:28,5771
DA:29,467557
DA:30,467557
DA:31,467557
DA:32,5771
DA:33,5771
DA:34,5771
DA:35,27
DA:36,27
DA:37,27
DA:38,5771
DA:39,5771
DA:40,5771
DA:41,84308
DA:42,84308
DA:43,84308
DA:44,5771
DA:45,5771
DA:46,5771
DA:47,469725
DA:48,2163
DA:49,2163
DA:50,467562
DA:51,5771
DA:52,5771
DA:53,506
DA:54,506
DA:55,7074862
DA:56,7074862
DA:57,7074862
DA:58,7074862
DA:59,7074862
DA:60,506
DA:61,506
DA:62,7074862
DA:63,7074862
DA:64,7074862
DA:65,545062
DA:66,545062
DA:67,6529800
DA:68,6529800
DA:69,7074862
DA:70,506
DA:71,506
DA:72,519445
DA:73,519445
DA:74,519445
DA:75,519445
DA:76,519445
DA:77,519445
DA:78,519445
DA:79,506
DA:80,506
DA:81,519445
DA:82,519445
DA:83,519445
DA:84,51888
DA:85,51888
DA:86,467557
DA:87,467557
DA:88,519445
DA:89,506
DA:90,506
DA:91,40
DA:92,40
DA:93,40
DA:94,40
DA:95,40
DA:96,40
DA:97,40
DA:98,506
DA:99,506
DA:100,40
DA:101,40
DA:102,40
DA:103,13
DA:104,13
DA:105,27
DA:106,27
DA:107,40
DA:108,506
DA:109,506
DA:110,84312
DA:111,84312
DA:112,84312
DA:113,84312
DA:114,84312
DA:115,84312
DA:116,84312
DA:117,506
DA:118,506
DA:119,84312
DA:120,84312
DA:121,84312
DA:122,4
DA:123,4
DA:124,84308
DA:125,84308
DA:126,84312
DA:127,506
DA:128,506
DA:129,521618
DA:130,521618
DA:131,521618
DA:132,2171
DA:133,2171
DA:134,519447
DA:135,519447
DA:136,521618
DA:137,506
DA:138,506
DA:139,521618
DA:140,521618
DA:141,521618
DA:142,2171
DA:143,2171
DA:144,8
DA:145,8
DA:146,2163
DA:147,2163
DA:148,2163
DA:149,519447
DA:150,519447
DA:151,520618
DA:152,51885
DA:153,51885
DA:154,467562
DA:155,467562
DA:156,521618
DA:157,506
DA:158,506
DA:159,506
DA:160,506
DA:161,2012
DA:162,2012
DA:163,1
DA:164,1
DA:165,2012
DA:166,1
DA:167,1
DA:168,2010
DA:169,2010
DA:170,2012
DA:171,506
DA:172,506
DA:173,6128592
DA:174,1
DA:175,1
DA:176,6128591
DA:177,6128591
DA:178,6128591
DA:179,6128592
DA:180,6128590
DA:181,6128590
DA:182,6128592
DA:183,1
DA:184,1
DA:185,1
DA:186,6128591
DA:187,6128592
DA:188,1001
DA:189,1001
DA:190,1001
DA:191,1001
DA:192,6127590
DA:193,6128592
DA:194,506
DA:195,506
DA:196,6235515
DA:197,107927
DA:198,107927
DA:199,6127588
DA:200,6235515
DA:201,6126585
DA:202,107926
DA:203,107924
DA:204,107924
DA:205,6126585
DA:206,1004
DA:207,1004
DA:208,1004
DA:209,1004
DA:210,1004
DA:211,1004
DA:212,1004
DA:213,6018659
DA:214,1
DA:215,6017655
DA:216,6017654
DA:217,6017654
DA:218,6126585
DA:219,6235515
DA:220,506
DA:221,506
DA:222,6125578
DA:223,6125578
DA:224,506
DA:225,506
DA:226,2010
DA:227,1001
DA:228,2010
DA:229,1009
DA:230,1009
DA:231,2010
DA:232,506
DA:233,506
DA:234,506
DA:235,506
DA:236,16
DA:237,16
DA:238,1
DA:239,1
DA:240,16
DA:241,1
DA:242,1
DA:243,14
DA:244,14
DA:245,16
DA:246,506
DA:247,506
DA:248,84304
DA:249,1
DA:250,1
DA:251,84303
DA:252,84303
DA:253,84303
DA:254,84303
DA:255,84303
DA:256,84303
DA:257,84303
DA:258,84304
DA:259,84304
DA:260,1
DA:261,1
DA:262,1
DA:263,84302
DA:264,84304
DA:265,1
DA:266,1
DA:267,1
DA:268,84301
DA:269,84304
DA:270,2167
DA:271,2167
DA:272,2167
DA:273,84304
DA:274,82138
DA:275,1
DA:276,1
DA:277,82137
DA:278,82137
DA:279,2163
DA:280,84304
DA:281,506
DA:282,506
DA:283,5
DA:284,5
DA:285,5
DA:286,506
DA:287,506
DA:288,14
DA:289,6
DA:290,6
DA:291,14
DA:292,2
DA:293,14
DA:294,12
DA:295,12
DA:296,14
DA:297,506
DA:298,506
DA:299,2164
DA:300,1
DA:301,1
DA:302,2163
DA:303,2163
DA:304,2163
DA:305,2163
DA:306,2164
DA:307,1
DA:308,1
DA:309,1
DA:310,2162
DA:311,2164
DA:312,1
DA:313,1
DA:314,1
DA:315,2164
DA:316,1
DA:317,1
DA:318,2164
DA:319,1153
DA:320,1153
DA:321,1007
DA:322,2164
DA:323,506
DA:324,506
DA:325,1
DA:326,1
DA:327,506
DA:328,506
DA:329,83290
DA:330,83290
DA:331,506
DA:332,506
DA:333,506
DA:334,506
DA:335,506
LF:335
LH:335
BRDA:1,0,0,506
BRDA:8,1,0,8200277
BRDA:11,2,0,7713704
BRDA:18,3,0,5771
BRDA:22,4,0,6529800
BRDA:23,5,0,6529800
BRDA:28,6,0,467557
BRDA:29,7,0,467557
BRDA:34,8,0,27
BRDA:35,9,0,27
BRDA:40,10,0,84308
BRDA:41,11,0,84308
BRDA:46,12,0,469725
BRDA:47,13,0,2163
BRDA:50,14,0,467562
BRDA:54,15,0,7074862
BRDA:61,16,0,7074862
BRDA:64,17,0,545062
BRDA:67,18,0,6529800
BRDA:71,19,0,519445
BRDA:80,20,0,519445
BRDA:83,21,0,51888
BRDA:86,22,0,467557
BRDA:90,23,0,40
BRDA:99,24,0,40
BRDA:102,25,0,13
BRDA:105,26,0,27
BRDA:109,27,0,84312
BRDA:118,28,0,84312
BRDA:121,29,0,4
BRDA:124,30,0,84308
BRDA:128,31,0,521618
BRDA:131,32,0,2171
BRDA:134,33,0,519447
BRDA:138,34,0,521618
BRDA:141,35,0,2171
BRDA:143,36,0,8
BRDA:146,37,0,2163
BRDA:149,38,0,520618
BRDA:149,39,0,519447
BRDA:151,40,0,51885
BRDA:154,41,0,467562
BRDA:160,42,0,2012
BRDA:162,43,0,1
BRDA:165,44,0,2011
BRDA:165,45,0,1
BRDA:168,46,0,2010
BRDA:172,47,0,6128592
BRDA:173,48,0,1
BRDA:176,49,0,6128591
BRDA:179,50,0,6128590
BRDA:182,51,0,1
BRDA:186,52,0,6128591
BRDA:187,53,0,1001
BRDA:192,54,0,6127590
BRDA:195,55,0,6235515
BRDA:196,56,0,107927
BRDA:199,57,0,6127588
BRDA:200,58,0,6126585
BRDA:201,59,0,107926
BRDA:202,60,0,107924
BRDA:205,61,0,6018659
BRDA:205,62,0,1004
BRDA:213,63,0,6017655
BRDA:213,64,0,1
BRDA:215,65,0,6017654
BRDA:221,66,0,6125578
BRDA:222,67,0,6125578
BRDA:225,68,0,2010
BRDA:226,69,0,1001
BRDA:228,70,0,1009
BRDA:235,71,0,16
BRDA:237,72,0,1
BRDA:240,73,0,15
BRDA:240,74,0,1
BRDA:243,75,0,14
BRDA:247,76,0,84304
BRDA:248,77,0,1
BRDA:251,78,0,84303
BRDA:258,79,0,84302
BRDA:259,80,0,1
BRDA:263,81,0,84302
BRDA:264,82,0,1
BRDA:268,83,0,84301
BRDA:269,84,0,2167
BRDA:273,85,0,84301
BRDA:273,86,0,82138
BRDA:274,87,0,1
BRDA:277,88,0,82137
BRDA:279,89,0,2163
BRDA:282,90,0,5
BRDA:287,91,0,14
BRDA:288,92,0,6
BRDA:291,93,0,2
BRDA:293,94,0,12
BRDA:298,95,0,2164
BRDA:299,96,0,1
BRDA:302,97,0,2163
BRDA:306,98,0,2162
BRDA:306,99,0,1
BRDA:310,100,0,2162
BRDA:311,101,0,1
BRDA:315,102,0,2161
BRDA:315,103,0,1
BRDA:318,104,0,2160
BRDA:318,105,0,1153
BRDA:321,106,0,1007
BRDA:324,107,0,1
BRDA:325,108,0,1
BRDA:328,109,0,83290
BRDA:329,110,0,83290
BRF:111
BRH:111
end_of_record
