TN:
SF:/home/david/shared-memory-disruptor/lib/disruptor.js
FN:3,check
FN:13,(anonymous_1)
FN:18,(anonymous_2)
FN:23,(anonymous_3)
FNDA:9,(anonymous_1)
FNDA:1627,check
FNDA:811,(anonymous_2)
FNDA:807,(anonymous_3)
FNF:4
FNH:4
BRDA:5,0,0,1616
BRDA:5,0,1,11
BRDA:5,1,0,1627
BRDA:5,1,1,1617
BRF:4
BRH:4
DA:1,1
DA:5,1627
DA:7,1616
DA:15,9
DA:20,811
DA:25,807
DA:29,1
LF:7
LH:7
end_of_record
TN:
SF:/home/david/shared-memory-disruptor/src/disruptor.cc
FN:39,_ZN9Disruptor4SpinEv
FN:96,_Z12NullCallbackRKN4Napi12CallbackInfoE
FN:100,_Z11GetCallbackRKN4Napi12CallbackInfoEj
FN:115,_ZN20DisruptorAsyncWorkerI12AsyncBooleanED2Ev
FN:115,_ZN20DisruptorAsyncWorkerI10AsyncArrayI11AsyncBufferIhEEED2Ev
FN:115,_ZN20DisruptorAsyncWorkerI11AsyncBufferIhEED2Ev
FN:115,_ZN20DisruptorAsyncWorkerI12AsyncBooleanED0Ev
FN:115,_ZN20DisruptorAsyncWorkerI10AsyncArrayI11AsyncBufferIhEEED0Ev
FN:115,_ZN20DisruptorAsyncWorkerI11AsyncBufferIhEED0Ev
FN:118,_ZN20DisruptorAsyncWorkerI11AsyncBufferIhEEC2EP9DisruptorRKN4Napi8FunctionE
FN:118,_ZN20DisruptorAsyncWorkerI12AsyncBooleanEC2EP9DisruptorRKN4Napi8FunctionE
FN:118,_ZN20DisruptorAsyncWorkerI10AsyncArrayI11AsyncBufferIhEEEC2EP9DisruptorRKN4Napi8FunctionE
FN:130,_ZN20DisruptorAsyncWorkerI10AsyncArrayI11AsyncBufferIhEEE4OnOKEv
FN:130,_ZN20DisruptorAsyncWorkerI11AsyncBufferIhEE4OnOKEv
FN:130,_ZN20DisruptorAsyncWorkerI12AsyncBooleanE4OnOKEv
FN:151,_ZN11AsyncBufferIhEC2Ev
FN:153,_ZN11AsyncBufferIhE3NewEN4Napi3EnvEPhm
FN:158,_ZN11AsyncBufferIhE3NewEN4Napi3EnvEm
FN:163,_ZN11AsyncBufferIhE3SetEPKcm
FN:169,_ZN11AsyncBufferIhE7ToValueEN4Napi3EnvE
FN:190,_ZN11AsyncBufferIhE6LengthEv
FN:202,_ZN10AsyncArrayI11AsyncBufferIhEEaSEOS2_
FN:202,_ZN10AsyncArrayI11AsyncBufferIhEED2Ev
FN:202,_ZN10AsyncArrayI11AsyncBufferIhEEC2Ev
FN:204,_ZN10AsyncArrayI11AsyncBufferIhEE3NewEN4Napi3EnvE
FN:209,_ZN10AsyncArrayI11AsyncBufferIhEE3SetEjS1_
FN:219,_ZN10AsyncArrayI11AsyncBufferIhEE7ToValueEN4Napi3EnvE
FN:230,_ZN10AsyncArrayI11AsyncBufferIhEE6LengthEv
FN:240,_ZN12AsyncBoolean3NewEN4Napi3EnvEb
FN:245,_ZN12AsyncBoolean7ToValueEN4Napi3EnvE
FN:250,_ZNK12AsyncBooleancvbEv
FN:260,_ZN11AsyncNumber3NewEN4Napi3EnvEm
FN:268,_ZN7CloseFDclEPi
FN:275,_Z15ThrowErrnoErrorRKN4Napi12CallbackInfoEPKc
FN:286,_ZN9DisruptorC2ERKN4Napi12CallbackInfoE
FN:345,_ZN9DisruptorD2Ev
FN:350,_ZN9Disruptor7ReleaseEv
FN:367,_ZN9Disruptor7ReleaseERKN4Napi12CallbackInfoE
FN:377,_ZN9Disruptor14ConsumeNewSyncIN4Napi5ArrayENS1_6BufferEEET_RKNS1_3EnvEb
FN:377,_ZN9Disruptor14ConsumeNewSyncI10AsyncArrayI11AsyncBufferIhEES2_EET_RKN4Napi3EnvEb
FN:433,_ZN9Disruptor14ConsumeNewSyncERKN4Napi12CallbackInfoE
FN:438,_ZN21ConsumeNewAsyncWorkerD2Ev
FN:438,_ZN21ConsumeNewAsyncWorkerD0Ev
FN:442,_ZN21ConsumeNewAsyncWorkerC2EP9DisruptorRKN4Napi8FunctionE
FN:450,_ZN21ConsumeNewAsyncWorker7ExecuteEv
FN:457,_ZN21ConsumeNewAsyncWorker5RetryEv
FN:463,_ZN9Disruptor15ConsumeNewAsyncERKN4Napi12CallbackInfoE
FN:468,_ZN9Disruptor10ConsumeNewERKN4Napi12CallbackInfoE
FN:480,_ZN9Disruptor13ConsumeCommitERKN4Napi12CallbackInfoE
FN:485,_ZN9Disruptor13UpdatePendingEmm
FN:491,_ZN9Disruptor13ConsumeCommitEv
FN:504,_ZN9Disruptor16ProduceClaimSyncI11AsyncBuffer11AsyncNumberEET_IhERKN4Napi3EnvEb
FN:504,_ZN9Disruptor16ProduceClaimSyncIN4Napi6BufferENS1_6NumberEEET_IhERKNS1_3EnvEb
FN:546,_ZN9Disruptor16ProduceClaimSyncERKN4Napi12CallbackInfoE
FN:551,_ZN23ProduceClaimAsyncWorkerD2Ev
FN:551,_ZN23ProduceClaimAsyncWorkerD0Ev
FN:555,_ZN23ProduceClaimAsyncWorkerC2EP9DisruptorRKN4Napi8FunctionE
FN:562,_ZN23ProduceClaimAsyncWorker7ExecuteEv
FN:569,_ZN23ProduceClaimAsyncWorker5RetryEv
FN:575,_ZN9Disruptor17ProduceClaimAsyncERKN4Napi12CallbackInfoE
FN:580,_ZN9Disruptor12ProduceClaimERKN4Napi12CallbackInfoE
FN:593,_ZN9Disruptor17ProduceCommitSyncI12AsyncBooleanEET_RKN4Napi3EnvEmb
FN:593,_ZN9Disruptor17ProduceCommitSyncIN4Napi7BooleanEEET_RKNS1_3EnvEmb
FN:612,_ZN9Disruptor10GetSeqNextERKN4Napi12CallbackInfoE
FN:617,_ZN9Disruptor17ProduceCommitSyncERKN4Napi12CallbackInfoE
FN:622,_ZN24ProduceCommitAsyncWorkerD2Ev
FN:622,_ZN24ProduceCommitAsyncWorkerD0Ev
FN:626,_ZN24ProduceCommitAsyncWorkerC2EP9DisruptorRKN4Napi8FunctionEm
FN:635,_ZN24ProduceCommitAsyncWorker7ExecuteEv
FN:642,_ZN24ProduceCommitAsyncWorker5RetryEv
FN:651,_ZN9Disruptor18ProduceCommitAsyncERKN4Napi12CallbackInfoEm
FN:657,_ZN9Disruptor18ProduceCommitAsyncERKN4Napi12CallbackInfoE
FN:662,_ZN9Disruptor13ProduceCommitERKN4Napi12CallbackInfoE
FN:676,_ZN9Disruptor12GetConsumersERKN4Napi12CallbackInfoE
FN:681,_ZN9Disruptor9GetCursorERKN4Napi12CallbackInfoE
FN:686,_ZN9Disruptor7GetNextERKN4Napi12CallbackInfoE
FN:691,_ZN9Disruptor11GetElementsERKN4Napi12CallbackInfoE
FN:696,_ZN9Disruptor11GetConsumerERKN4Napi12CallbackInfoE
FN:701,_ZN9Disruptor10InitializeEN4Napi3EnvENS0_6ObjectE
FN:726,_Z10InitializeN4Napi3EnvENS_6ObjectES1_
FN:731,_Z17__napi_InitializeP10napi_env__P12napi_value__S2_Pv
FN:731,_register_disruptor
FNDA:803,_ZN9Disruptor17ProduceCommitSyncERKN4Napi12CallbackInfoE
FNDA:329318,_ZN23ProduceClaimAsyncWorker7ExecuteEv
FNDA:804,_ZN11AsyncNumber3NewEN4Napi3EnvEm
FNDA:66,_ZN9Disruptor9GetCursorERKN4Napi12CallbackInfoE
FNDA:61,_ZN9Disruptor7ReleaseEv
FNDA:7,_ZN9Disruptor13ConsumeCommitERKN4Napi12CallbackInfoE
FNDA:11,_ZN9Disruptor15ConsumeNewAsyncERKN4Napi12CallbackInfoE
FNDA:339033,_ZN20DisruptorAsyncWorkerI12AsyncBooleanE4OnOKEv
FNDA:339033,_ZN24ProduceCommitAsyncWorker7ExecuteEv
FNDA:289038,_ZN9Disruptor14ConsumeNewSyncI10AsyncArrayI11AsyncBufferIhEES2_EET_RKN4Napi3EnvEb
FNDA:0,_ZN20DisruptorAsyncWorkerI11AsyncBufferIhEED0Ev
FNDA:2413,_ZN9Disruptor10GetSeqNextERKN4Napi12CallbackInfoE
FNDA:14,_ZN9Disruptor13UpdatePendingEmm
FNDA:289038,_ZN21ConsumeNewAsyncWorkerD0Ev
FNDA:339033,_ZN24ProduceCommitAsyncWorkerD0Ev
FNDA:289038,_ZN21ConsumeNewAsyncWorkerC2EP9DisruptorRKN4Napi8FunctionE
FNDA:329318,_ZN23ProduceClaimAsyncWorkerD0Ev
FNDA:811,_ZN9Disruptor12ProduceClaimERKN4Napi12CallbackInfoE
FNDA:329318,_ZN11AsyncBufferIhE6LengthEv
FNDA:289038,_ZN10AsyncArrayI11AsyncBufferIhEE6LengthEv
FNDA:1,_register_disruptor
FNDA:957389,_ZN9Disruptor4SpinEv
FNDA:36,_ZN9DisruptorC2ERKN4Napi12CallbackInfoE
FNDA:6,_ZN10AsyncArrayI11AsyncBufferIhEE3SetEjS1_
FNDA:810,_ZN11AsyncBufferIhE3NewEN4Napi3EnvEPhm
FNDA:0,_ZN20DisruptorAsyncWorkerI12AsyncBooleanED0Ev
FNDA:1,_Z10InitializeN4Napi3EnvENS_6ObjectES1_
FNDA:806,_ZN9Disruptor16ProduceClaimSyncERKN4Napi12CallbackInfoE
FNDA:66,_ZN9Disruptor7GetNextERKN4Napi12CallbackInfoE
FNDA:289027,_ZN21ConsumeNewAsyncWorker5RetryEv
FNDA:804,_ZN11AsyncBufferIhE3SetEPKcm
FNDA:0,_ZN20DisruptorAsyncWorkerI10AsyncArrayI11AsyncBufferIhEEED0Ev
FNDA:805,_ZN12AsyncBoolean7ToValueEN4Napi3EnvE
FNDA:289038,_ZN10AsyncArrayI11AsyncBufferIhEE3NewEN4Napi3EnvE
FNDA:328514,_ZN11AsyncBufferIhE3NewEN4Napi3EnvEm
FNDA:72,_ZN9Disruptor11GetConsumerERKN4Napi12CallbackInfoE
FNDA:289038,_ZN20DisruptorAsyncWorkerI10AsyncArrayI11AsyncBufferIhEEEC2EP9DisruptorRKN4Napi8FunctionE
FNDA:3,_Z15ThrowErrnoErrorRKN4Napi12CallbackInfoEPKc
FNDA:805,_ZN9Disruptor18ProduceCommitAsyncERKN4Napi12CallbackInfoEm
FNDA:339033,_ZNK12AsyncBooleancvbEv
FNDA:810,_ZN9Disruptor17ProduceClaimAsyncERKN4Napi12CallbackInfoE
FNDA:329318,_ZN20DisruptorAsyncWorkerI11AsyncBufferIhEED2Ev
FNDA:289061,_ZN9Disruptor13ConsumeCommitEv
FNDA:289038,_ZN21ConsumeNewAsyncWorker7ExecuteEv
FNDA:328508,_ZN23ProduceClaimAsyncWorker5RetryEv
FNDA:289038,_ZN10AsyncArrayI11AsyncBufferIhEEC2Ev
FNDA:329318,_ZN20DisruptorAsyncWorkerI11AsyncBufferIhEE4OnOKEv
FNDA:1610,_ZN9Disruptor17ProduceCommitSyncIN4Napi7BooleanEEET_RKNS1_3EnvEmb
FNDA:972,_ZN9Disruptor11GetElementsERKN4Napi12CallbackInfoE
FNDA:329324,_ZN11AsyncBufferIhEC2Ev
FNDA:338228,_ZN24ProduceCommitAsyncWorker5RetryEv
FNDA:339033,_ZN20DisruptorAsyncWorkerI12AsyncBooleanEC2EP9DisruptorRKN4Napi8FunctionE
FNDA:11,_ZN10AsyncArrayI11AsyncBufferIhEE7ToValueEN4Napi3EnvE
FNDA:329318,_ZN23ProduceClaimAsyncWorkerD2Ev
FNDA:807,_ZN9Disruptor13ProduceCommitERKN4Napi12CallbackInfoE
FNDA:339033,_ZN20DisruptorAsyncWorkerI12AsyncBooleanED2Ev
FNDA:289038,_ZN10AsyncArrayI11AsyncBufferIhEEaSEOS2_
FNDA:339033,_ZN24ProduceCommitAsyncWorkerC2EP9DisruptorRKN4Napi8FunctionEm
FNDA:1617,_ZN9Disruptor16ProduceClaimSyncIN4Napi6BufferENS1_6NumberEEET_IhERKNS1_3EnvEb
FNDA:339033,_ZN24ProduceCommitAsyncWorkerD2Ev
FNDA:329318,_ZN23ProduceClaimAsyncWorkerC2EP9DisruptorRKN4Napi8FunctionE
FNDA:329318,_ZN9Disruptor16ProduceClaimSyncI11AsyncBuffer11AsyncNumberEET_IhERKN4Napi3EnvEb
FNDA:816,_ZN11AsyncBufferIhE7ToValueEN4Napi3EnvE
FNDA:36,_ZN7CloseFDclEPi
FNDA:1626,_Z11GetCallbackRKN4Napi12CallbackInfoEj
FNDA:339033,_ZN12AsyncBoolean3NewEN4Napi3EnvEb
FNDA:329318,_ZN20DisruptorAsyncWorkerI11AsyncBufferIhEEC2EP9DisruptorRKN4Napi8FunctionE
FNDA:289038,_ZN20DisruptorAsyncWorkerI10AsyncArrayI11AsyncBufferIhEEED2Ev
FNDA:289038,_ZN20DisruptorAsyncWorkerI10AsyncArrayI11AsyncBufferIhEEE4OnOKEv
FNDA:1,_ZN9Disruptor10InitializeEN4Napi3EnvENS0_6ObjectE
FNDA:6,_ZN9Disruptor12GetConsumersERKN4Napi12CallbackInfoE
FNDA:7,_ZN9Disruptor14ConsumeNewSyncERKN4Napi12CallbackInfoE
FNDA:578076,_ZN10AsyncArrayI11AsyncBufferIhEED2Ev
FNDA:9,_ZN9Disruptor10ConsumeNewERKN4Napi12CallbackInfoE
FNDA:16,_ZN9Disruptor14ConsumeNewSyncIN4Napi5ArrayENS1_6BufferEEET_RKNS1_3EnvEb
FNDA:339033,_ZN9Disruptor17ProduceCommitSyncI12AsyncBooleanEET_RKN4Napi3EnvEmb
FNDA:1,_Z12NullCallbackRKN4Napi12CallbackInfoE
FNDA:803,_ZN9Disruptor18ProduceCommitAsyncERKN4Napi12CallbackInfoE
FNDA:1,_Z17__napi_InitializeP10napi_env__P12napi_value__S2_Pv
FNDA:28,_ZN9DisruptorD2Ev
FNDA:289038,_ZN21ConsumeNewAsyncWorkerD2Ev
FNDA:33,_ZN9Disruptor7ReleaseERKN4Napi12CallbackInfoE
FNF:82
FNH:79
BRDA:102,0,1,1626
BRDA:102,0,2,0
BRDA:104,0,1,1626
BRDA:104,0,2,0
BRDA:105,0,1,1626
BRDA:105,0,2,0
BRDA:105,1,3,1625
BRDA:105,1,4,1
BRDA:107,0,1,1625
BRDA:107,0,2,0
BRDA:111,0,2,1
BRDA:111,0,3,0
BRDA:111,1,5,1
BRDA:111,1,6,0
BRDA:123,0,2,339033
BRDA:123,0,3,0
BRDA:123,1,5,339033
BRDA:123,1,6,0
BRDA:123,3,11,329318
BRDA:123,3,12,0
BRDA:123,4,14,329318
BRDA:123,4,15,0
BRDA:123,6,20,289038
BRDA:123,6,21,0
BRDA:123,7,23,289038
BRDA:123,7,24,0
BRDA:132,0,1,289028
BRDA:132,0,2,10
BRDA:132,1,3,289027
BRDA:132,1,4,1
BRDA:132,4,5,289027
BRDA:132,4,6,11
BRDA:132,5,8,328509
BRDA:132,5,9,809
BRDA:132,6,10,328508
BRDA:132,6,11,1
BRDA:132,9,12,328508
BRDA:132,9,13,810
BRDA:132,10,15,338229
BRDA:132,10,16,804
BRDA:132,11,17,338228
BRDA:132,11,18,1
BRDA:132,14,19,338228
BRDA:132,14,20,805
BRDA:137,4294967295,1,11
BRDA:137,4294967295,2,0
BRDA:137,0,4,11
BRDA:137,0,5,0
BRDA:137,1,7,11
BRDA:137,1,8,0
BRDA:137,2,10,11
BRDA:137,2,11,0
BRDA:137,3,13,11
BRDA:137,3,14,0
BRDA:137,4,16,11
BRDA:137,4,17,0
BRDA:137,5,19,11
BRDA:137,5,20,0
BRDA:137,6,22,11
BRDA:137,6,23,0
BRDA:137,7,25,11
BRDA:137,7,26,0
BRDA:137,7,28,810
BRDA:137,7,29,0
BRDA:137,13,31,810
BRDA:137,13,32,0
BRDA:137,14,34,810
BRDA:137,14,35,0
BRDA:137,15,37,810
BRDA:137,15,38,0
BRDA:137,16,40,810
BRDA:137,16,41,0
BRDA:137,17,43,810
BRDA:137,17,44,0
BRDA:137,18,46,810
BRDA:137,18,47,0
BRDA:137,19,49,810
BRDA:137,19,50,0
BRDA:137,20,52,810
BRDA:137,20,53,0
BRDA:137,20,55,805
BRDA:137,20,56,0
BRDA:137,26,58,805
BRDA:137,26,59,0
BRDA:137,27,61,805
BRDA:137,27,62,0
BRDA:137,28,64,805
BRDA:137,28,65,0
BRDA:137,29,67,805
BRDA:137,29,68,0
BRDA:137,30,70,805
BRDA:137,30,71,0
BRDA:137,31,73,805
BRDA:137,31,74,0
BRDA:137,32,76,805
BRDA:137,32,77,0
BRDA:137,33,79,805
BRDA:137,33,80,0
BRDA:138,0,1,11
BRDA:138,0,2,0
BRDA:138,1,4,810
BRDA:138,1,5,0
BRDA:138,2,7,805
BRDA:138,2,8,0
BRDA:171,0,1,816
BRDA:171,0,2,0
BRDA:173,0,0,810
BRDA:173,0,1,6
BRDA:175,0,1,810
BRDA:175,0,2,0
BRDA:175,1,4,810
BRDA:175,1,5,0
BRDA:179,0,1,6
BRDA:179,0,2,0
BRDA:179,1,4,6
BRDA:179,1,5,0
BRDA:182,0,0,804
BRDA:182,0,1,12
BRDA:184,0,1,804
BRDA:184,0,2,0
BRDA:184,1,4,804
BRDA:184,1,5,0
BRDA:184,2,7,804
BRDA:184,2,8,0
BRDA:211,0,2,6
BRDA:211,0,3,0
BRDA:222,4294967295,1,11
BRDA:222,4294967295,2,0
BRDA:222,0,4,11
BRDA:222,0,5,0
BRDA:223,1,0,6
BRDA:223,1,1,11
BRDA:225,0,3,6
BRDA:225,0,4,0
BRDA:225,1,6,6
BRDA:225,1,7,0
BRDA:225,2,9,6
BRDA:225,2,10,0
BRDA:282,0,1,3
BRDA:282,0,2,0
BRDA:283,4294967295,1,3
BRDA:283,4294967295,2,0
BRDA:283,0,5,3
BRDA:283,0,6,0
BRDA:283,2,8,-
BRDA:283,2,9,-
BRDA:283,3,12,3
BRDA:283,3,13,0
BRDA:283,4,15,3
BRDA:283,4,16,0
BRDA:283,5,18,3
BRDA:283,5,19,0
BRDA:283,6,21,3
BRDA:283,6,22,0
BRDA:283,7,24,3
BRDA:283,7,25,0
BRDA:283,8,31,3
BRDA:283,8,32,0
BRDA:283,10,40,-
BRDA:283,10,41,-
BRDA:291,4294967295,1,36
BRDA:291,4294967295,2,0
BRDA:291,0,4,36
BRDA:291,0,5,0
BRDA:292,0,1,36
BRDA:292,0,2,0
BRDA:292,1,4,36
BRDA:292,1,5,0
BRDA:292,2,7,36
BRDA:292,2,8,0
BRDA:293,0,1,36
BRDA:293,0,2,0
BRDA:293,1,4,36
BRDA:293,1,5,0
BRDA:293,2,7,36
BRDA:293,2,8,0
BRDA:294,0,1,36
BRDA:294,0,2,0
BRDA:294,1,4,36
BRDA:294,1,5,0
BRDA:294,2,7,36
BRDA:294,2,8,0
BRDA:295,0,1,36
BRDA:295,0,2,0
BRDA:295,1,4,36
BRDA:295,1,5,0
BRDA:295,2,7,36
BRDA:295,2,8,0
BRDA:296,0,1,36
BRDA:296,0,2,0
BRDA:296,1,4,36
BRDA:296,1,5,0
BRDA:296,2,7,36
BRDA:296,2,8,0
BRDA:297,0,1,36
BRDA:297,0,2,0
BRDA:297,1,4,36
BRDA:297,1,5,0
BRDA:297,2,7,36
BRDA:297,2,8,0
BRDA:301,0,0,36
BRDA:301,0,1,0
BRDA:301,3,3,36
BRDA:301,3,4,0
BRDA:301,4,7,36
BRDA:301,4,8,0
BRDA:303,0,1,36
BRDA:303,0,2,0
BRDA:304,4294967295,1,3
BRDA:304,4294967295,2,33
BRDA:306,0,1,0
BRDA:306,0,2,3
BRDA:318,0,0,33
BRDA:318,0,1,0
BRDA:318,1,4,0
BRDA:318,1,5,33
BRDA:318,4,6,0
BRDA:318,4,7,33
BRDA:329,4294967295,0,0
BRDA:329,4294967295,1,33
BRDA:352,0,0,33
BRDA:352,0,1,28
BRDA:356,4294967295,0,0
BRDA:356,4294967295,1,33
BRDA:369,0,1,0
BRDA:369,0,2,33
BRDA:382,1,2,16
BRDA:382,1,3,0
BRDA:384,0,2,16
BRDA:384,0,3,0
BRDA:384,1,5,16
BRDA:384,1,6,0
BRDA:393,0,0,2
BRDA:393,0,1,289036
BRDA:393,1,2,4
BRDA:393,1,3,12
BRDA:395,0,2,2
BRDA:395,0,3,0
BRDA:395,1,5,4
BRDA:395,1,6,0
BRDA:395,2,8,4
BRDA:395,2,9,0
BRDA:395,3,11,4
BRDA:395,3,12,0
BRDA:400,0,1,2
BRDA:400,0,2,0
BRDA:400,1,4,4
BRDA:400,1,5,0
BRDA:404,0,0,3
BRDA:404,0,1,289033
BRDA:404,1,2,5
BRDA:404,1,3,7
BRDA:406,0,2,3
BRDA:406,0,3,0
BRDA:406,1,5,5
BRDA:406,1,6,0
BRDA:406,2,8,5
BRDA:406,2,9,0
BRDA:406,3,11,5
BRDA:406,3,12,0
BRDA:411,0,0,1
BRDA:411,0,1,2
BRDA:411,1,2,2
BRDA:411,1,3,3
BRDA:413,0,2,1
BRDA:413,0,3,0
BRDA:413,2,5,2
BRDA:413,2,6,0
BRDA:413,3,8,2
BRDA:413,3,9,0
BRDA:413,4,11,2
BRDA:413,4,12,0
BRDA:419,0,1,3
BRDA:419,0,2,0
BRDA:419,1,4,5
BRDA:419,1,5,0
BRDA:423,0,0,289033
BRDA:423,0,1,0
BRDA:423,1,2,7
BRDA:423,1,3,0
BRDA:435,0,2,7
BRDA:435,0,3,0
BRDA:453,0,2,289038
BRDA:453,0,3,0
BRDA:459,0,3,289027
BRDA:459,0,4,0
BRDA:459,1,6,289027
BRDA:459,1,7,0
BRDA:459,2,9,289027
BRDA:459,2,10,0
BRDA:465,0,2,11
BRDA:465,0,3,0
BRDA:465,1,5,11
BRDA:465,1,6,0
BRDA:465,2,8,11
BRDA:465,2,9,0
BRDA:470,0,1,9
BRDA:470,0,2,0
BRDA:470,1,4,9
BRDA:470,1,5,0
BRDA:471,0,1,9
BRDA:471,0,2,0
BRDA:471,1,3,5
BRDA:471,1,4,4
BRDA:476,0,1,4
BRDA:476,0,2,0
BRDA:477,0,1,4
BRDA:477,0,2,0
BRDA:477,1,4,4
BRDA:477,1,5,0
BRDA:493,0,0,10
BRDA:493,0,1,289051
BRDA:513,1,0,329318
BRDA:513,1,1,804
BRDA:513,4,2,1617
BRDA:513,4,3,1610
BRDA:518,0,0,328523
BRDA:518,0,1,795
BRDA:518,1,2,328514
BRDA:518,1,3,9
BRDA:518,2,4,26
BRDA:518,2,5,1591
BRDA:518,3,6,7
BRDA:518,3,7,19
BRDA:525,0,0,804
BRDA:525,0,1,328514
BRDA:525,1,2,804
BRDA:525,1,3,0
BRDA:525,4,4,804
BRDA:525,4,5,328514
BRDA:525,5,6,1610
BRDA:525,5,7,7
BRDA:525,6,8,1610
BRDA:525,6,9,0
BRDA:525,9,10,1610
BRDA:525,9,11,7
BRDA:528,0,1,1610
BRDA:528,0,2,0
BRDA:531,1,2,1610
BRDA:531,1,3,0
BRDA:533,0,3,1610
BRDA:533,0,4,0
BRDA:533,1,6,1610
BRDA:533,1,7,0
BRDA:533,2,9,1610
BRDA:533,2,10,0
BRDA:538,0,0,328514
BRDA:538,0,1,0
BRDA:538,1,2,7
BRDA:538,1,3,0
BRDA:548,0,2,806
BRDA:548,0,3,0
BRDA:565,0,2,329318
BRDA:565,0,3,0
BRDA:571,0,3,328508
BRDA:571,0,4,0
BRDA:571,1,6,328508
BRDA:571,1,7,0
BRDA:571,2,9,328508
BRDA:571,2,10,0
BRDA:577,0,2,810
BRDA:577,0,3,0
BRDA:577,1,5,810
BRDA:577,1,6,0
BRDA:577,2,8,810
BRDA:577,2,9,0
BRDA:582,0,1,811
BRDA:582,0,2,0
BRDA:582,1,4,811
BRDA:582,1,5,0
BRDA:583,0,1,811
BRDA:583,0,2,0
BRDA:583,1,3,807
BRDA:583,1,4,4
BRDA:588,0,1,4
BRDA:588,0,2,0
BRDA:589,0,1,4
BRDA:589,0,2,0
BRDA:589,1,4,4
BRDA:589,1,5,0
BRDA:599,0,0,803
BRDA:599,0,1,338230
BRDA:599,2,2,1607
BRDA:599,2,3,3
BRDA:604,0,0,338230
BRDA:604,0,1,0
BRDA:604,1,2,3
BRDA:604,1,3,0
BRDA:614,0,2,2413
BRDA:614,0,3,0
BRDA:614,1,5,2413
BRDA:614,1,6,0
BRDA:614,2,8,2413
BRDA:614,2,9,0
BRDA:614,3,11,2413
BRDA:614,3,12,0
BRDA:619,0,3,803
BRDA:619,0,4,0
BRDA:644,0,3,338228
BRDA:644,0,4,0
BRDA:644,1,6,338228
BRDA:644,1,7,0
BRDA:644,2,9,338228
BRDA:644,2,10,0
BRDA:654,0,2,805
BRDA:654,0,3,0
BRDA:654,1,5,805
BRDA:654,1,6,0
BRDA:654,2,8,805
BRDA:654,2,9,0
BRDA:664,0,1,807
BRDA:664,0,2,0
BRDA:666,0,1,807
BRDA:666,0,2,0
BRDA:666,1,4,807
BRDA:666,1,5,0
BRDA:667,0,1,807
BRDA:667,0,2,0
BRDA:667,1,3,805
BRDA:667,1,4,2
BRDA:672,0,1,2
BRDA:672,0,2,0
BRDA:673,0,1,2
BRDA:673,0,2,0
BRDA:673,1,4,2
BRDA:673,1,5,0
BRDA:678,0,2,6
BRDA:678,0,3,0
BRDA:678,1,5,6
BRDA:678,1,6,0
BRDA:683,0,2,66
BRDA:683,0,3,0
BRDA:683,1,5,66
BRDA:683,1,6,0
BRDA:688,0,2,66
BRDA:688,0,3,0
BRDA:688,1,5,66
BRDA:688,1,6,0
BRDA:693,0,2,972
BRDA:693,0,3,0
BRDA:693,1,5,972
BRDA:693,1,6,0
BRDA:698,0,2,72
BRDA:698,0,3,0
BRDA:698,1,5,72
BRDA:698,1,6,0
BRDA:703,4294967295,1,1
BRDA:703,4294967295,2,0
BRDA:723,1,17,1
BRDA:723,1,18,0
BRF:450
BRH:260
DA:39,957389
DA:41,957389
DA:96,1
DA:98,1
DA:100,1626
DA:102,1626
DA:104,1626
DA:105,1626
DA:107,1626
DA:111,1626
DA:115,1914778
DA:118,957389
DA:123,957389
DA:125,957389
DA:130,957389
DA:132,957389
DA:134,955763
DA:137,3252
DA:138,1626
DA:139,959015
DA:151,329324
DA:153,810
DA:155,810
DA:158,328514
DA:160,328514
DA:163,804
DA:165,804
DA:166,804
DA:167,804
DA:169,816
DA:171,816
DA:173,816
DA:175,810
DA:179,6
DA:182,816
DA:184,804
DA:187,816
DA:190,329318
DA:192,329318
DA:202,2312303
DA:204,289038
DA:206,289038
DA:209,6
DA:211,6
DA:213,6
DA:216,6
DA:217,6
DA:219,11
DA:221,11
DA:222,11
DA:223,17
DA:225,6
DA:227,11
DA:230,289038
DA:232,289038
DA:240,339033
DA:242,339033
DA:245,805
DA:247,805
DA:250,339033
DA:252,339033
DA:260,804
DA:262,804
DA:268,36
DA:270,36
DA:271,36
DA:272,36
DA:275,3
DA:277,3
DA:278,3
DA:279,3
DA:282,3
DA:283,6
DA:286,36
DA:288,39
DA:291,36
DA:292,36
DA:293,36
DA:294,36
DA:295,36
DA:296,36
DA:297,36
DA:301,36
DA:303,72
DA:304,36
DA:306,3
DA:313,66
DA:314,33
DA:318,33
DA:324,33
DA:327,33
DA:329,33
DA:335,33
DA:336,33
DA:337,33
DA:338,33
DA:339,33
DA:341,33
DA:342,33
DA:343,33
DA:345,56
DA:347,28
DA:348,28
DA:350,61
DA:352,61
DA:354,33
DA:356,33
DA:361,33
DA:364,61
DA:367,33
DA:369,33
DA:374,33
DA:377,289054
DA:382,289054
DA:384,289054
DA:388,289054
DA:389,289054
DA:390,289054
DA:391,289054
DA:393,289054
DA:395,6
DA:397,6
DA:398,6
DA:400,6
DA:401,6
DA:404,289048
DA:406,8
DA:408,8
DA:409,8
DA:411,8
DA:413,3
DA:416,3
DA:419,8
DA:420,8
DA:423,289040
DA:425,289040
DA:426,0
DA:430,289054
DA:433,7
DA:435,7
DA:438,1156152
DA:442,289038
DA:443,289038
DA:445,289038
DA:447,289038
DA:450,289038
DA:453,289038
DA:454,289038
DA:455,289038
DA:457,289027
DA:459,289027
DA:460,289027
DA:463,11
DA:465,11
DA:466,11
DA:468,9
DA:470,9
DA:471,9
DA:473,5
DA:476,4
DA:477,9
DA:480,7
DA:482,7
DA:483,7
DA:485,14
DA:487,14
DA:488,14
DA:489,14
DA:491,289061
DA:493,289061
DA:495,10
DA:497,10
DA:498,10
DA:499,10
DA:501,289061
DA:504,330935
DA:508,330935
DA:509,330935
DA:511,330935
DA:513,333349
DA:515,330935
DA:516,330935
DA:518,330935
DA:520,328521
DA:521,328521
DA:525,330935
DA:526,2414
DA:528,1610
DA:530,2414
DA:531,2414
DA:533,2414
DA:535,2414
DA:538,328521
DA:540,328521
DA:541,1617
DA:546,806
DA:548,806
DA:551,1317272
DA:555,329318
DA:556,329318
DA:557,329318
DA:559,329318
DA:562,329318
DA:565,329318
DA:566,329318
DA:567,329318
DA:569,328508
DA:571,328508
DA:572,328508
DA:575,810
DA:577,810
DA:578,810
DA:580,811
DA:582,811
DA:583,811
DA:585,807
DA:588,4
DA:589,811
DA:593,340643
DA:599,340643
DA:601,2410
DA:604,338233
DA:606,338233
DA:612,2413
DA:614,2413
DA:617,803
DA:619,803
DA:622,1356132
DA:626,339033
DA:628,339033
DA:630,339033
DA:632,339033
DA:635,339033
DA:638,339033
DA:639,339033
DA:640,339033
DA:642,338228
DA:644,338228
DA:645,338228
DA:651,805
DA:654,805
DA:655,805
DA:657,803
DA:659,803
DA:660,803
DA:662,807
DA:664,807
DA:666,807
DA:667,807
DA:669,805
DA:672,2
DA:673,807
DA:676,6
DA:678,6
DA:681,66
DA:683,66
DA:686,66
DA:688,66
DA:691,972
DA:693,972
DA:696,72
DA:698,72
DA:701,1
DA:703,1
DA:705,1
DA:706,1
DA:707,1
DA:708,1
DA:709,1
DA:710,1
DA:711,1
DA:712,1
DA:715,1
DA:716,1
DA:717,1
DA:718,1
DA:719,1
DA:720,1
DA:721,1
DA:722,1
DA:723,2
DA:724,1
DA:726,1
DA:728,1
DA:729,1
DA:731,4
LF:286
LH:285
end_of_record
