TN:
SF:/home/david/shared-memory-disruptor/node_modules/node-addon-api/napi-inl.h
FN:54,_ZN4Napi7details12WrapCallbackIZNS_10ObjectWrapI9DisruptorE29InstanceSetterCallbackWrapperEP10napi_env__P20napi_callback_info__EUlvE_EEP12napi_value__T_
FN:54,_ZN4Napi7details12WrapCallbackIZNS_14RegisterModuleEP10napi_env__P12napi_value__S5_PFvNS_3EnvENS_6ObjectES7_EEUlvE_EES5_T_
FN:54,_ZN4Napi7details12WrapCallbackIZNS0_12CallbackDataIPFvRKNS_12CallbackInfoEEvE7WrapperEP10napi_env__P20napi_callback_info__EUlvE_EEP12napi_value__T_
FN:54,_ZN4Napi7details12WrapCallbackIZNS_10ObjectWrapI9DisruptorE33InstanceVoidMethodCallbackWrapperEP10napi_env__P20napi_callback_info__EUlvE_EEP12napi_value__T_
FN:54,_ZN4Napi7details12WrapCallbackIZNS_10ObjectWrapI9DisruptorE29InstanceGetterCallbackWrapperEP10napi_env__P20napi_callback_info__EUlvE_EEP12napi_value__T_
FN:54,_ZN4Napi7details12WrapCallbackIZNS_10ObjectWrapI9DisruptorE29InstanceMethodCallbackWrapperEP10napi_env__P20napi_callback_info__EUlvE_EEP12napi_value__T_
FN:54,_ZN4Napi7details12WrapCallbackIZNS_11AsyncWorker14OnWorkCompleteEP10napi_env__11napi_statusPvEUlvE_EEP12napi_value__T_
FN:54,_ZN4Napi7details12WrapCallbackIZNS_10ObjectWrapI9DisruptorE26ConstructorCallbackWrapperEP10napi_env__P20napi_callback_info__EUlvE_EEP12napi_value__T_
FN:89,_ZN4Napi7details12CallbackDataIPFvRKNS_12CallbackInfoEEvE7WrapperEP10napi_env__P20napi_callback_info__
FN:90,_ZZN4Napi7details12CallbackDataIPFvRKNS_12CallbackInfoEEvE7WrapperEP10napi_env__P20napi_callback_info__ENKUlvE_clEv
FN:169,_ZN4Napi14RegisterModuleEP10napi_env__P12napi_value__S3_PFvNS_3EnvENS_6ObjectES5_E
FN:173,_ZZN4Napi14RegisterModuleEP10napi_env__P12napi_value__S3_PFvNS_3EnvENS_6ObjectES5_EENKUlvE_clEv
FN:185,_ZN4Napi3EnvC2EP10napi_env__
FN:188,_ZNK4Napi3EnvcvP10napi_env__Ev
FN:199,_ZNK4Napi3Env9UndefinedEv
FN:206,_ZNK4Napi3Env4NullEv
FN:234,_ZN4Napi5ValueC2Ev
FN:237,_ZN4Napi5ValueC2EP10napi_env__P12napi_value__
FN:240,_ZNK4Napi5ValuecvP12napi_value__Ev
FN:259,_ZNK4Napi5Value3EnvEv
FN:267,_ZNK4Napi5Value4TypeEv
FN:339,_ZNK4Napi5Value10IsFunctionEv
FN:355,_ZNK4Napi5Value2AsINS_8FunctionEEET_v
FN:355,_ZNK4Napi5Value2AsINS_6ObjectEEET_v
FN:355,_ZNK4Napi5Value2AsINS_6NumberEEET_v
FN:355,_ZNK4Napi5Value2AsINS_7BooleanEEET_v
FN:355,_ZNK4Napi5Value2AsINS_6StringEEET_v
FN:391,_ZN4Napi7Boolean3NewEP10napi_env__b
FN:401,_ZN4Napi7BooleanC2EP10napi_env__P12napi_value__
FN:404,_ZNK4Napi7BooleancvbEv
FN:408,_ZNK4Napi7Boolean5ValueEv
FN:419,_ZN4Napi6Number3NewEP10napi_env__d
FN:429,_ZN4Napi6NumberC2EP10napi_env__P12napi_value__
FN:436,_ZNK4Napi6NumbercvjEv
FN:459,_ZNK4Napi6Number11Uint32ValueEv
FN:466,_ZNK4Napi6Number10Int64ValueEv
FN:491,_ZN4Napi4NameC2EP10napi_env__P12napi_value__
FN:537,_ZN4Napi6StringC2EP10napi_env__P12napi_value__
FN:540,_ZNK4Napi6StringcvNSt7__cxx1112basic_stringIcSt11char_traitsIcESaIcEEEB5cxx11Ev
FN:548,_ZNK4Napi6String9Utf8ValueB5cxx11Ev
FN:617,_ZN4Napi6Object14PropertyLValueIjEaSINS_5ValueEEERS2_T_
FN:623,_ZN4Napi6Object14PropertyLValueIjEC2ES0_j
FN:626,_ZN4Napi6Object3NewEP10napi_env__
FN:633,_ZN4Napi6ObjectC2Ev
FN:636,_ZN4Napi6ObjectC2EP10napi_env__P12napi_value__
FN:647,_ZN4Napi6ObjectixEj
FN:702,_ZNK4Napi6Object3GetEPKc
FN:723,_ZN4Napi6Object3SetEPKcNS_5ValueE
FN:784,_ZN4Napi6Object3SetEjNS_5ValueE
FN:912,_ZN4Napi5Array3NewEP10napi_env__
FN:929,_ZN4Napi5ArrayC2EP10napi_env__P12napi_value__
FN:932,_ZNK4Napi5Array6LengthEv
FN:1201,_ZN4Napi8Function3NewIPFvRKNS_12CallbackInfoEEEES0_P10napi_env__T_PKcPv
FN:1228,_ZN4Napi8FunctionC2EP10napi_env__P12napi_value__
FN:1263,_ZNK4Napi8Function12MakeCallbackEP12napi_value__RKSt16initializer_listIS2_E
FN:1273,_ZNK4Napi8Function12MakeCallbackEP12napi_value__mPKS2_
FN:1303,_ZN4Napi6BufferIhE3NewEP10napi_env__m
FN:1312,_ZN4Napi6BufferIhE3NewEP10napi_env__Phm
FN:1312,_ZN4Napi6BufferImE3NewEP10napi_env__Pmm
FN:1377,_ZN4Napi6BufferIhEC2Ev
FN:1386,_ZN4Napi6BufferImEC2EP10napi_env__P12napi_value__mPm
FN:1386,_ZN4Napi6BufferIhEC2EP10napi_env__P12napi_value__mPh
FN:1391,_ZNK4Napi6BufferIhE6LengthEv
FN:1403,_ZNK4Napi6BufferIhE10EnsureInfoEv
FN:1421,_ZN4Napi5Error3NewEP10napi_env__
FN:1479,_ZN4Napi5Error3NewEP10napi_env__RKNSt7__cxx1112basic_stringIcSt11char_traitsIcESaIcEEE
FN:1483,_ZN4Napi5Error5FatalEPKcS2_
FN:1490,_ZN4Napi5ErrorC2EP10napi_env__P12napi_value__
FN:1526,_ZNK4Napi5Error7MessageB5cxx11Ev
FN:1543,_ZNK4Napi5Error26ThrowAsJavaScriptExceptionEv
FN:1553,_ZNK4Napi5Error4whatEv
FN:1560,_ZN4Napi5Error3NewIS0_EET_P10napi_env__PKcmPF11napi_statusS4_P12napi_value__S9_PS9_E
FN:1608,_ZN4Napi9ReferenceINS_8FunctionEE3NewERKS1_j
FN:1608,_ZN4Napi9ReferenceINS_6ObjectEE3NewERKS1_j
FN:1625,_ZN4Napi9ReferenceINS_6ObjectEEC2Ev
FN:1629,_ZN4Napi9ReferenceINS_6ObjectEEC2EP10napi_env__P10napi_ref__
FN:1629,_ZN4Napi9ReferenceINS_8FunctionEEC2EP10napi_env__P10napi_ref__
FN:1634,_ZN4Napi9ReferenceINS_6ObjectEED2Ev
FN:1634,_ZN4Napi9ReferenceINS_8FunctionEED2Ev
FN:1645,_ZN4Napi9ReferenceINS_8FunctionEEC2EOS2_
FN:1645,_ZN4Napi9ReferenceINS_6ObjectEEC2EOS2_
FN:1653,_ZN4Napi9ReferenceINS_6ObjectEEaSEOS2_
FN:1700,_ZNK4Napi9ReferenceINS_6ObjectEE7IsEmptyEv
FN:1705,_ZNK4Napi9ReferenceINS_6ObjectEE5ValueEv
FN:1705,_ZNK4Napi9ReferenceINS_8FunctionEE5ValueEv
FN:1733,_ZN4Napi9ReferenceINS_6ObjectEE5ResetEv
FN:1776,_ZN4Napi10PersistentENS_6ObjectE
FN:1780,_ZN4Napi10PersistentENS_8FunctionE
FN:1791,_ZN4Napi15ObjectReferenceC2EP10napi_env__P10napi_ref__
FN:1794,_ZN4Napi15ObjectReferenceC2EONS_9ReferenceINS_6ObjectEEE
FN:1816,_ZNK4Napi15ObjectReference3GetEPKc
FN:1922,_ZN4Napi17FunctionReferenceC2EONS_9ReferenceINS_8FunctionEEE
FN:1968,_ZNK4Napi17FunctionReference12MakeCallbackEP12napi_value__RKSt16initializer_listIS2_E
FN:1994,_ZN4Napi12CallbackInfoC2EP10napi_env__P20napi_callback_info__
FN:2012,_ZN4Napi12CallbackInfoD2Ev
FN:2025,_ZNK4Napi12CallbackInfo3EnvEv
FN:2029,_ZNK4Napi12CallbackInfo6LengthEv
FN:2033,_ZNK4Napi12CallbackInfoixEm
FN:2037,_ZNK4Napi12CallbackInfo4ThisEv
FN:2044,_ZNK4Napi12CallbackInfo4DataEv
FN:2048,_ZN4Napi12CallbackInfo7SetDataEPv
FN:2287,_ZN4Napi10ObjectWrapI9DisruptorEC2ERKNS_12CallbackInfoE
FN:2301,_ZN4Napi10ObjectWrapI9DisruptorE6UnwrapENS_6ObjectE
FN:2309,_ZN4Napi10ObjectWrapI9DisruptorE11DefineClassENS_3EnvEPKcRKSt16initializer_listINS_23ClassPropertyDescriptorIS1_EEEPv
FN:2393,_ZN4Napi10ObjectWrapI9DisruptorE14InstanceMethodEPKcMS1_FvRKNS_12CallbackInfoEE24napi_property_attributesPv
FN:2411,_ZN4Napi10ObjectWrapI9DisruptorE14InstanceMethodEPKcMS1_FNS_5ValueERKNS_12CallbackInfoEE24napi_property_attributesPv
FN:2428,_ZN4Napi10ObjectWrapI9DisruptorE16InstanceAccessorEPKcMS1_FNS_5ValueERKNS_12CallbackInfoEEMS1_FvS8_RKS5_E24napi_property_attributesPv
FN:2470,_ZN4Napi10ObjectWrapI9DisruptorE26ConstructorCallbackWrapperEP10napi_env__P20napi_callback_info__
FN:2483,_ZZN4Napi10ObjectWrapI9DisruptorE26ConstructorCallbackWrapperEP10napi_env__P20napi_callback_info__ENKUlvE_clEv
FN:2547,_ZN4Napi10ObjectWrapI9DisruptorE33InstanceVoidMethodCallbackWrapperEP10napi_env__P20napi_callback_info__
FN:2550,_ZZN4Napi10ObjectWrapI9DisruptorE33InstanceVoidMethodCallbackWrapperEP10napi_env__P20napi_callback_info__ENKUlvE_clEv
FN:2563,_ZN4Napi10ObjectWrapI9DisruptorE29InstanceMethodCallbackWrapperEP10napi_env__P20napi_callback_info__
FN:2566,_ZZN4Napi10ObjectWrapI9DisruptorE29InstanceMethodCallbackWrapperEP10napi_env__P20napi_callback_info__ENKUlvE_clEv
FN:2578,_ZN4Napi10ObjectWrapI9DisruptorE29InstanceGetterCallbackWrapperEP10napi_env__P20napi_callback_info__
FN:2581,_ZZN4Napi10ObjectWrapI9DisruptorE29InstanceGetterCallbackWrapperEP10napi_env__P20napi_callback_info__ENKUlvE_clEv
FN:2593,_ZN4Napi10ObjectWrapI9DisruptorE29InstanceSetterCallbackWrapperEP10napi_env__P20napi_callback_info__
FN:2596,_ZZN4Napi10ObjectWrapI9DisruptorE29InstanceSetterCallbackWrapperEP10napi_env__P20napi_callback_info__ENKUlvE_clEv
FN:2609,_ZN4Napi10ObjectWrapI9DisruptorE16FinalizeCallbackEP10napi_env__PvS5_
FN:2622,_ZN4Napi11HandleScopeC2ENS_3EnvE
FN:2627,_ZN4Napi11HandleScopeD2Ev
FN:2647,_ZN4Napi20EscapableHandleScopeC2ENS_3EnvE
FN:2652,_ZN4Napi20EscapableHandleScopeD2Ev
FN:2664,_ZN4Napi20EscapableHandleScope6EscapeEP12napi_value__
FN:2675,_ZN4Napi11AsyncWorkerC2ERKNS_8FunctionE
FN:2679,_ZN4Napi11AsyncWorkerC2ERKNS_6ObjectERKNS_8FunctionE
FN:2688,_ZN4Napi11AsyncWorkerD2Ev
FN:2688,_ZN4Napi11AsyncWorkerD0Ev
FN:2720,_ZNK4Napi11AsyncWorker3EnvEv
FN:2724,_ZN4Napi11AsyncWorker5QueueEv
FN:2734,_ZN4Napi11AsyncWorker8ReceiverEv
FN:2738,_ZN4Napi11AsyncWorker8CallbackEv
FN:2742,_ZN4Napi11AsyncWorker4OnOKEv
FN:2746,_ZN4Napi11AsyncWorker7OnErrorERKNS_5ErrorE
FN:2750,_ZN4Napi11AsyncWorker8SetErrorERKNSt7__cxx1112basic_stringIcSt11char_traitsIcESaIcEEE
FN:2754,_ZN4Napi11AsyncWorker9OnExecuteEP10napi_env__Pv
FN:2767,_ZN4Napi11AsyncWorker14OnWorkCompleteEP10napi_env__11napi_statusPv
FN:2772,_ZZN4Napi11AsyncWorker14OnWorkCompleteEP10napi_env__11napi_statusPvENKUlvE_clEv
FNDA:0,_ZN4Napi7details12WrapCallbackIZNS_10ObjectWrapI9DisruptorE29InstanceSetterCallbackWrapperEP10napi_env__P20napi_callback_info__EUlvE_EEP12napi_value__T_
FNDA:0,_ZN4Napi7details12WrapCallbackIZNS_14RegisterModuleEP10napi_env__P12napi_value__S5_PFvNS_3EnvENS_6ObjectES7_EEUlvE_EES5_T_
FNDA:0,_ZN4Napi7details12WrapCallbackIZNS0_12CallbackDataIPFvRKNS_12CallbackInfoEEvE7WrapperEP10napi_env__P20napi_callback_info__EUlvE_EEP12napi_value__T_
FNDA:0,_ZN4Napi7details12WrapCallbackIZNS_10ObjectWrapI9DisruptorE33InstanceVoidMethodCallbackWrapperEP10napi_env__P20napi_callback_info__EUlvE_EEP12napi_value__T_
FNDA:0,_ZN4Napi7details12WrapCallbackIZNS_10ObjectWrapI9DisruptorE29InstanceGetterCallbackWrapperEP10napi_env__P20napi_callback_info__EUlvE_EEP12napi_value__T_
FNDA:0,_ZN4Napi7details12WrapCallbackIZNS_10ObjectWrapI9DisruptorE29InstanceMethodCallbackWrapperEP10napi_env__P20napi_callback_info__EUlvE_EEP12napi_value__T_
FNDA:0,_ZN4Napi7details12WrapCallbackIZNS_11AsyncWorker14OnWorkCompleteEP10napi_env__11napi_statusPvEUlvE_EEP12napi_value__T_
FNDA:0,_ZN4Napi7details12WrapCallbackIZNS_10ObjectWrapI9DisruptorE26ConstructorCallbackWrapperEP10napi_env__P20napi_callback_info__EUlvE_EEP12napi_value__T_
FNDA:0,_ZN4Napi7details12CallbackDataIPFvRKNS_12CallbackInfoEEvE7WrapperEP10napi_env__P20napi_callback_info__
FNDA:0,_ZZN4Napi7details12CallbackDataIPFvRKNS_12CallbackInfoEEvE7WrapperEP10napi_env__P20napi_callback_info__ENKUlvE_clEv
FNDA:0,_ZN4Napi14RegisterModuleEP10napi_env__P12napi_value__S3_PFvNS_3EnvENS_6ObjectES5_E
FNDA:0,_ZZN4Napi14RegisterModuleEP10napi_env__P12napi_value__S3_PFvNS_3EnvENS_6ObjectES5_EENKUlvE_clEv
FNDA:0,_ZN4Napi3EnvC2EP10napi_env__
FNDA:0,_ZNK4Napi3EnvcvP10napi_env__Ev
FNDA:0,_ZNK4Napi3Env9UndefinedEv
FNDA:0,_ZNK4Napi3Env4NullEv
FNDA:0,_ZN4Napi5ValueC2Ev
FNDA:0,_ZN4Napi5ValueC2EP10napi_env__P12napi_value__
FNDA:0,_ZNK4Napi5ValuecvP12napi_value__Ev
FNDA:0,_ZNK4Napi5Value3EnvEv
FNDA:0,_ZNK4Napi5Value4TypeEv
FNDA:0,_ZNK4Napi5Value10IsFunctionEv
FNDA:0,_ZNK4Napi5Value2AsINS_8FunctionEEET_v
FNDA:0,_ZNK4Napi5Value2AsINS_6ObjectEEET_v
FNDA:0,_ZNK4Napi5Value2AsINS_6NumberEEET_v
FNDA:0,_ZNK4Napi5Value2AsINS_7BooleanEEET_v
FNDA:0,_ZNK4Napi5Value2AsINS_6StringEEET_v
FNDA:0,_ZN4Napi7Boolean3NewEP10napi_env__b
FNDA:0,_ZN4Napi7BooleanC2EP10napi_env__P12napi_value__
FNDA:0,_ZNK4Napi7BooleancvbEv
FNDA:0,_ZNK4Napi7Boolean5ValueEv
FNDA:0,_ZN4Napi6Number3NewEP10napi_env__d
FNDA:0,_ZN4Napi6NumberC2EP10napi_env__P12napi_value__
FNDA:0,_ZNK4Napi6NumbercvjEv
FNDA:0,_ZNK4Napi6Number11Uint32ValueEv
FNDA:0,_ZNK4Napi6Number10Int64ValueEv
FNDA:0,_ZN4Napi4NameC2EP10napi_env__P12napi_value__
FNDA:0,_ZN4Napi6StringC2EP10napi_env__P12napi_value__
FNDA:0,_ZNK4Napi6StringcvNSt7__cxx1112basic_stringIcSt11char_traitsIcESaIcEEEB5cxx11Ev
FNDA:0,_ZNK4Napi6String9Utf8ValueB5cxx11Ev
FNDA:0,_ZN4Napi6Object14PropertyLValueIjEaSINS_5ValueEEERS2_T_
FNDA:0,_ZN4Napi6Object14PropertyLValueIjEC2ES0_j
FNDA:0,_ZN4Napi6Object3NewEP10napi_env__
FNDA:0,_ZN4Napi6ObjectC2Ev
FNDA:0,_ZN4Napi6ObjectC2EP10napi_env__P12napi_value__
FNDA:0,_ZN4Napi6ObjectixEj
FNDA:0,_ZNK4Napi6Object3GetEPKc
FNDA:0,_ZN4Napi6Object3SetEPKcNS_5ValueE
FNDA:0,_ZN4Napi6Object3SetEjNS_5ValueE
FNDA:0,_ZN4Napi5Array3NewEP10napi_env__
FNDA:0,_ZN4Napi5ArrayC2EP10napi_env__P12napi_value__
FNDA:0,_ZNK4Napi5Array6LengthEv
FNDA:0,_ZN4Napi8Function3NewIPFvRKNS_12CallbackInfoEEEES0_P10napi_env__T_PKcPv
FNDA:0,_ZN4Napi8FunctionC2EP10napi_env__P12napi_value__
FNDA:0,_ZNK4Napi8Function12MakeCallbackEP12napi_value__RKSt16initializer_listIS2_E
FNDA:0,_ZNK4Napi8Function12MakeCallbackEP12napi_value__mPKS2_
FNDA:0,_ZN4Napi6BufferIhE3NewEP10napi_env__m
FNDA:0,_ZN4Napi6BufferIhE3NewEP10napi_env__Phm
FNDA:0,_ZN4Napi6BufferImE3NewEP10napi_env__Pmm
FNDA:0,_ZN4Napi6BufferIhEC2Ev
FNDA:0,_ZN4Napi6BufferImEC2EP10napi_env__P12napi_value__mPm
FNDA:0,_ZN4Napi6BufferIhEC2EP10napi_env__P12napi_value__mPh
FNDA:0,_ZNK4Napi6BufferIhE6LengthEv
FNDA:0,_ZNK4Napi6BufferIhE10EnsureInfoEv
FNDA:0,_ZN4Napi5Error3NewEP10napi_env__
FNDA:0,_ZN4Napi5Error3NewEP10napi_env__RKNSt7__cxx1112basic_stringIcSt11char_traitsIcESaIcEEE
FNDA:0,_ZN4Napi5Error5FatalEPKcS2_
FNDA:0,_ZN4Napi5ErrorC2EP10napi_env__P12napi_value__
FNDA:0,_ZNK4Napi5Error7MessageB5cxx11Ev
FNDA:0,_ZNK4Napi5Error26ThrowAsJavaScriptExceptionEv
FNDA:0,_ZNK4Napi5Error4whatEv
FNDA:0,_ZN4Napi5Error3NewIS0_EET_P10napi_env__PKcmPF11napi_statusS4_P12napi_value__S9_PS9_E
FNDA:0,_ZN4Napi9ReferenceINS_8FunctionEE3NewERKS1_j
FNDA:0,_ZN4Napi9ReferenceINS_6ObjectEE3NewERKS1_j
FNDA:0,_ZN4Napi9ReferenceINS_6ObjectEEC2Ev
FNDA:0,_ZN4Napi9ReferenceINS_6ObjectEEC2EP10napi_env__P10napi_ref__
FNDA:0,_ZN4Napi9ReferenceINS_8FunctionEEC2EP10napi_env__P10napi_ref__
FNDA:0,_ZN4Napi9ReferenceINS_6ObjectEED2Ev
FNDA:0,_ZN4Napi9ReferenceINS_8FunctionEED2Ev
FNDA:0,_ZN4Napi9ReferenceINS_8FunctionEEC2EOS2_
FNDA:0,_ZN4Napi9ReferenceINS_6ObjectEEC2EOS2_
FNDA:0,_ZN4Napi9ReferenceINS_6ObjectEEaSEOS2_
FNDA:0,_ZNK4Napi9ReferenceINS_6ObjectEE7IsEmptyEv
FNDA:0,_ZNK4Napi9ReferenceINS_6ObjectEE5ValueEv
FNDA:0,_ZNK4Napi9ReferenceINS_8FunctionEE5ValueEv
FNDA:0,_ZN4Napi9ReferenceINS_6ObjectEE5ResetEv
FNDA:0,_ZN4Napi10PersistentENS_6ObjectE
FNDA:0,_ZN4Napi10PersistentENS_8FunctionE
FNDA:0,_ZN4Napi15ObjectReferenceC2EP10napi_env__P10napi_ref__
FNDA:0,_ZN4Napi15ObjectReferenceC2EONS_9ReferenceINS_6ObjectEEE
FNDA:0,_ZNK4Napi15ObjectReference3GetEPKc
FNDA:0,_ZN4Napi17FunctionReferenceC2EONS_9ReferenceINS_8FunctionEEE
FNDA:0,_ZNK4Napi17FunctionReference12MakeCallbackEP12napi_value__RKSt16initializer_listIS2_E
FNDA:0,_ZN4Napi12CallbackInfoC2EP10napi_env__P20napi_callback_info__
FNDA:0,_ZN4Napi12CallbackInfoD2Ev
FNDA:0,_ZNK4Napi12CallbackInfo3EnvEv
FNDA:0,_ZNK4Napi12CallbackInfo6LengthEv
FNDA:0,_ZNK4Napi12CallbackInfoixEm
FNDA:0,_ZNK4Napi12CallbackInfo4ThisEv
FNDA:0,_ZNK4Napi12CallbackInfo4DataEv
FNDA:0,_ZN4Napi12CallbackInfo7SetDataEPv
FNDA:0,_ZN4Napi10ObjectWrapI9DisruptorEC2ERKNS_12CallbackInfoE
FNDA:0,_ZN4Napi10ObjectWrapI9DisruptorE6UnwrapENS_6ObjectE
FNDA:0,_ZN4Napi10ObjectWrapI9DisruptorE11DefineClassENS_3EnvEPKcRKSt16initializer_listINS_23ClassPropertyDescriptorIS1_EEEPv
FNDA:0,_ZN4Napi10ObjectWrapI9DisruptorE14InstanceMethodEPKcMS1_FvRKNS_12CallbackInfoEE24napi_property_attributesPv
FNDA:0,_ZN4Napi10ObjectWrapI9DisruptorE14InstanceMethodEPKcMS1_FNS_5ValueERKNS_12CallbackInfoEE24napi_property_attributesPv
FNDA:0,_ZN4Napi10ObjectWrapI9DisruptorE16InstanceAccessorEPKcMS1_FNS_5ValueERKNS_12CallbackInfoEEMS1_FvS8_RKS5_E24napi_property_attributesPv
FNDA:0,_ZN4Napi10ObjectWrapI9DisruptorE26ConstructorCallbackWrapperEP10napi_env__P20napi_callback_info__
FNDA:0,_ZZN4Napi10ObjectWrapI9DisruptorE26ConstructorCallbackWrapperEP10napi_env__P20napi_callback_info__ENKUlvE_clEv
FNDA:0,_ZN4Napi10ObjectWrapI9DisruptorE33InstanceVoidMethodCallbackWrapperEP10napi_env__P20napi_callback_info__
FNDA:0,_ZZN4Napi10ObjectWrapI9DisruptorE33InstanceVoidMethodCallbackWrapperEP10napi_env__P20napi_callback_info__ENKUlvE_clEv
FNDA:0,_ZN4Napi10ObjectWrapI9DisruptorE29InstanceMethodCallbackWrapperEP10napi_env__P20napi_callback_info__
FNDA:0,_ZZN4Napi10ObjectWrapI9DisruptorE29InstanceMethodCallbackWrapperEP10napi_env__P20napi_callback_info__ENKUlvE_clEv
FNDA:0,_ZN4Napi10ObjectWrapI9DisruptorE29InstanceGetterCallbackWrapperEP10napi_env__P20napi_callback_info__
FNDA:0,_ZZN4Napi10ObjectWrapI9DisruptorE29InstanceGetterCallbackWrapperEP10napi_env__P20napi_callback_info__ENKUlvE_clEv
FNDA:0,_ZN4Napi10ObjectWrapI9DisruptorE29InstanceSetterCallbackWrapperEP10napi_env__P20napi_callback_info__
FNDA:0,_ZZN4Napi10ObjectWrapI9DisruptorE29InstanceSetterCallbackWrapperEP10napi_env__P20napi_callback_info__ENKUlvE_clEv
FNDA:0,_ZN4Napi10ObjectWrapI9DisruptorE16FinalizeCallbackEP10napi_env__PvS5_
FNDA:0,_ZN4Napi11HandleScopeC2ENS_3EnvE
FNDA:0,_ZN4Napi11HandleScopeD2Ev
FNDA:0,_ZN4Napi20EscapableHandleScopeC2ENS_3EnvE
FNDA:0,_ZN4Napi20EscapableHandleScopeD2Ev
FNDA:0,_ZN4Napi20EscapableHandleScope6EscapeEP12napi_value__
FNDA:0,_ZN4Napi11AsyncWorkerC2ERKNS_8FunctionE
FNDA:0,_ZN4Napi11AsyncWorkerC2ERKNS_6ObjectERKNS_8FunctionE
FNDA:0,_ZN4Napi11AsyncWorkerD2Ev
FNDA:0,_ZN4Napi11AsyncWorkerD0Ev
FNDA:0,_ZNK4Napi11AsyncWorker3EnvEv
FNDA:0,_ZN4Napi11AsyncWorker5QueueEv
FNDA:0,_ZN4Napi11AsyncWorker8ReceiverEv
FNDA:0,_ZN4Napi11AsyncWorker8CallbackEv
FNDA:0,_ZN4Napi11AsyncWorker4OnOKEv
FNDA:0,_ZN4Napi11AsyncWorker7OnErrorERKNS_5ErrorE
FNDA:0,_ZN4Napi11AsyncWorker8SetErrorERKNSt7__cxx1112basic_stringIcSt11char_traitsIcESaIcEEE
FNDA:0,_ZN4Napi11AsyncWorker9OnExecuteEP10napi_env__Pv
FNDA:0,_ZN4Napi11AsyncWorker14OnWorkCompleteEP10napi_env__11napi_statusPv
FNDA:0,_ZZN4Napi11AsyncWorker14OnWorkCompleteEP10napi_env__11napi_statusPvENKUlvE_clEv
FNF:137
FNH:0
DA:54,0
DA:57,0
DA:58,0
DA:59,0
DA:60,0
DA:89,0
DA:90,0
DA:91,0
DA:93,0
DA:94,0
DA:95,0
DA:96,0
DA:97,0
DA:169,0
DA:173,0
DA:174,0
DA:175,0
DA:176,0
DA:177,0
DA:178,0
DA:179,0
DA:185,0
DA:186,0
DA:188,0
DA:189,0
DA:199,0
DA:201,0
DA:202,0
DA:203,0
DA:206,0
DA:208,0
DA:209,0
DA:210,0
DA:234,0
DA:235,0
DA:237,0
DA:238,0
DA:240,0
DA:241,0
DA:259,0
DA:260,0
DA:267,0
DA:268,0
DA:269,0
DA:273,0
DA:274,0
DA:275,0
DA:339,0
DA:340,0
DA:355,0
DA:356,0
DA:391,0
DA:393,0
DA:394,0
DA:395,0
DA:401,0
DA:402,0
DA:404,0
DA:405,0
DA:408,0
DA:410,0
DA:411,0
DA:412,0
DA:419,0
DA:421,0
DA:422,0
DA:423,0
DA:429,0
DA:430,0
DA:436,0
DA:437,0
DA:459,0
DA:461,0
DA:462,0
DA:463,0
DA:466,0
DA:468,0
DA:469,0
DA:470,0
DA:491,0
DA:492,0
DA:537,0
DA:538,0
DA:540,0
DA:541,0
DA:548,0
DA:550,0
DA:551,0
DA:553,0
DA:554,0
DA:555,0
DA:556,0
DA:557,0
DA:558,0
DA:617,0
DA:618,0
DA:619,0
DA:623,0
DA:624,0
DA:626,0
DA:628,0
DA:629,0
DA:630,0
DA:633,0
DA:634,0
DA:636,0
DA:637,0
DA:647,0
DA:648,0
DA:702,0
DA:704,0
DA:705,0
DA:706,0
DA:723,0
DA:724,0
DA:725,0
DA:726,0
DA:784,0
DA:785,0
DA:786,0
DA:787,0
DA:912,0
DA:914,0
DA:915,0
DA:916,0
DA:929,0
DA:930,0
DA:932,0
DA:934,0
DA:935,0
DA:936,0
DA:1201,0
DA:1208,0
DA:1211,0
DA:1212,0
DA:1213,0
DA:1214,0
DA:1228,0
DA:1229,0
DA:1263,0
DA:1265,0
DA:1273,0
DA:1276,0
DA:1277,0
DA:1278,0
DA:1279,0
DA:1303,0
DA:1306,0
DA:1307,0
DA:1308,0
DA:1312,0
DA:1314,0
DA:1315,0
DA:1316,0
DA:1317,0
DA:1377,0
DA:1378,0
DA:1386,0
DA:1387,0
DA:1388,0
DA:1391,0
DA:1392,0
DA:1393,0
DA:1403,0
DA:1407,0
DA:1410,0
DA:1411,0
DA:1412,0
DA:1413,0
DA:1415,0
DA:1421,0
DA:1423,0
DA:1426,0
DA:1427,0
DA:1429,0
DA:1430,0
DA:1431,0
DA:1432,0
DA:1435,0
DA:1436,0
DA:1439,0
DA:1440,0
DA:1442,0
DA:1443,0
DA:1444,0
DA:1448,0
DA:1453,0
DA:1455,0
DA:1456,0
DA:1461,0
DA:1462,0
DA:1464,0
DA:1465,0
DA:1467,0
DA:1472,0
DA:1479,0
DA:1480,0
DA:1483,0
DA:1484,0
DA:1490,0
DA:1491,0
DA:1492,0
DA:1496,0
DA:1498,0
DA:1526,0
DA:1527,0
DA:1530,0
DA:1532,0
DA:1540,0
DA:1543,0
DA:1544,0
DA:1545,0
DA:1546,0
DA:1547,0
DA:1549,0
DA:1553,0
DA:1554,0
DA:1560,0
DA:1565,0
DA:1566,0
DA:1569,0
DA:1570,0
DA:1572,0
DA:1608,0
DA:1609,0
DA:1610,0
DA:1612,0
DA:1613,0
DA:1617,0
DA:1618,0
DA:1620,0
DA:1625,0
DA:1626,0
DA:1629,0
DA:1630,0
DA:1631,0
DA:1634,0
DA:1635,0
DA:1636,0
DA:1637,0
DA:1640,0
DA:1642,0
DA:1645,0
DA:1646,0
DA:1647,0
DA:1648,0
DA:1649,0
DA:1650,0
DA:1653,0
DA:1654,0
DA:1655,0
DA:1656,0
DA:1657,0
DA:1658,0
DA:1659,0
DA:1660,0
DA:1661,0
DA:1700,0
DA:1701,0
DA:1705,0
DA:1706,0
DA:1707,0
DA:1711,0
DA:1712,0
DA:1713,0
DA:1733,0
DA:1734,0
DA:1735,0
DA:1736,0
DA:1737,0
DA:1739,0
DA:1776,0
DA:1777,0
DA:1780,0
DA:1781,0
DA:1791,0
DA:1792,0
DA:1794,0
DA:1795,0
DA:1796,0
DA:1816,0
DA:1817,0
DA:1818,0
DA:1922,0
DA:1923,0
DA:1924,0
DA:1968,0
DA:1970,0
DA:1971,0
DA:1994,0
DA:1995,0
DA:1996,0
DA:1997,0
DA:1998,0
DA:1999,0
DA:2001,0
DA:2004,0
DA:2005,0
DA:2007,0
DA:2008,0
DA:2010,0
DA:2012,0
DA:2013,0
DA:2014,0
DA:2016,0
DA:2025,0
DA:2026,0
DA:2029,0
DA:2030,0
DA:2033,0
DA:2034,0
DA:2037,0
DA:2038,0
DA:2039,0
DA:2041,0
DA:2044,0
DA:2045,0
DA:2048,0
DA:2049,0
DA:2050,0
DA:2287,0
DA:2288,0
DA:2289,0
DA:2292,0
DA:2293,0
DA:2294,0
DA:2296,0
DA:2297,0
DA:2298,0
DA:2301,0
DA:2303,0
DA:2304,0
DA:2305,0
DA:2309,0
DA:2315,0
DA:2317,0
DA:2318,0
DA:2320,0
DA:2393,0
DA:2400,0
DA:2402,0
DA:2403,0
DA:2404,0
DA:2405,0
DA:2406,0
DA:2407,0
DA:2411,0
DA:2417,0
DA:2419,0
DA:2420,0
DA:2421,0
DA:2422,0
DA:2423,0
DA:2424,0
DA:2428,0
DA:2436,0
DA:2438,0
DA:2439,0
DA:2440,0
DA:2441,0
DA:2442,0
DA:2443,0
DA:2444,0
DA:2470,0
DA:2474,0
DA:2475,0
DA:2477,0
DA:2478,0
DA:2479,0
DA:2483,0
DA:2484,0
DA:2485,0
DA:2486,0
DA:2487,0
DA:2489,0
DA:2547,0
DA:2550,0
DA:2551,0
DA:2553,0
DA:2554,0
DA:2555,0
DA:2556,0
DA:2557,0
DA:2558,0
DA:2559,0
DA:2563,0
DA:2566,0
DA:2567,0
DA:2569,0
DA:2570,0
DA:2571,0
DA:2572,0
DA:2573,0
DA:2574,0
DA:2578,0
DA:2581,0
DA:2582,0
DA:2584,0
DA:2585,0
DA:2586,0
DA:2587,0
DA:2588,0
DA:2589,0
DA:2593,0
DA:2596,0
DA:2597,0
DA:2599,0
DA:2600,0
DA:2601,0
DA:2602,0
DA:2603,0
DA:2604,0
DA:2605,0
DA:2609,0
DA:2610,0
DA:2611,0
DA:2612,0
DA:2622,0
DA:2623,0
DA:2624,0
DA:2625,0
DA:2627,0
DA:2628,0
DA:2629,0
DA:2647,0
DA:2648,0
DA:2649,0
DA:2650,0
DA:2652,0
DA:2653,0
DA:2654,0
DA:2664,0
DA:2666,0
DA:2667,0
DA:2668,0
DA:2675,0
DA:2676,0
DA:2677,0
DA:2679,0
DA:2680,0
DA:2682,0
DA:2683,0
DA:2684,0
DA:2685,0
DA:2686,0
DA:2688,0
DA:2689,0
DA:2690,0
DA:2691,0
DA:2693,0
DA:2720,0
DA:2721,0
DA:2724,0
DA:2725,0
DA:2726,0
DA:2727,0
DA:2734,0
DA:2735,0
DA:2738,0
DA:2739,0
DA:2742,0
DA:2743,0
DA:2744,0
DA:2746,0
DA:2747,0
DA:2748,0
DA:2750,0
DA:2751,0
DA:2752,0
DA:2754,0
DA:2755,0
DA:2758,0
DA:2759,0
DA:2760,0
DA:2765,0
DA:2767,0
DA:2769,0
DA:2770,0
DA:2771,0
DA:2772,0
DA:2773,0
DA:2774,0
DA:2777,0
DA:2779,0
DA:2780,0
DA:2782,0
DA:2783,0
LF:487
LH:0
end_of_record
SF:/home/david/shared-memory-disruptor/node_modules/node-addon-api/napi.h
FN:900,_ZN4Napi15ObjectReferenceD2Ev
FN:937,_ZN4Napi17FunctionReferenceD2Ev
FN:1062,_ZN4Napi5ErrorD0Ev
FN:1062,_ZN4Napi5ErrorD2Ev
FN:1244,_ZN4Napi23ClassPropertyDescriptorI9DisruptorEC2E24napi_property_descriptor
FN:1279,_ZN4Napi10ObjectWrapI9DisruptorED2Ev
FNDA:0,_ZN4Napi15ObjectReferenceD2Ev
FNDA:0,_ZN4Napi17FunctionReferenceD2Ev
FNDA:0,_ZN4Napi5ErrorD0Ev
FNDA:0,_ZN4Napi5ErrorD2Ev
FNDA:0,_ZN4Napi23ClassPropertyDescriptorI9DisruptorEC2E24napi_property_descriptor
FNDA:0,_ZN4Napi10ObjectWrapI9DisruptorED2Ev
FNF:6
FNH:0
DA:900,0
DA:937,0
DA:1062,0
DA:1244,0
DA:1279,0
LF:5
LH:0
end_of_record
SF:/home/david/shared-memory-disruptor/src/disruptor.cc
FN:44,_ZN9Disruptor4SpinEv
FN:116,_Z12NullCallbackRKN4Napi12CallbackInfoE
FN:120,_Z11GetCallbackRKN4Napi12CallbackInfoEj
FN:135,_ZN20DisruptorAsyncWorkerI12AsyncBooleanED0Ev
FN:135,_ZN20DisruptorAsyncWorkerI11AsyncBufferIhEED2Ev
FN:135,_ZN20DisruptorAsyncWorkerI12AsyncBooleanED2Ev
FN:135,_ZN20DisruptorAsyncWorkerI11AsyncBufferIhEED0Ev
FN:135,_ZN20DisruptorAsyncWorkerI10AsyncArrayI11AsyncBufferIhEEED0Ev
FN:135,_ZN20DisruptorAsyncWorkerI10AsyncArrayI11AsyncBufferIhEEED2Ev
FN:138,_ZN20DisruptorAsyncWorkerI12AsyncBooleanEC2EP9DisruptorRKN4Napi8FunctionE
FN:138,_ZN20DisruptorAsyncWorkerI11AsyncBufferIhEEC2EP9DisruptorRKN4Napi8FunctionE
FN:138,_ZN20DisruptorAsyncWorkerI10AsyncArrayI11AsyncBufferIhEEEC2EP9DisruptorRKN4Napi8FunctionE
FN:150,_ZN20DisruptorAsyncWorkerI11AsyncBufferIhEE4OnOKEv
FN:150,_ZN20DisruptorAsyncWorkerI10AsyncArrayI11AsyncBufferIhEEE4OnOKEv
FN:150,_ZN20DisruptorAsyncWorkerI12AsyncBooleanE4OnOKEv
FN:170,_ZN11AsyncObjectD2Ev
FN:170,_ZN11AsyncObjectC2EOS_
FN:170,_ZN11AsyncObjectaSEOS_
FN:173,_ZN11AsyncObject3SetEPKcm
FN:178,_ZN11AsyncObject10GetSeqNextEN4Napi3EnvERNS0_6ObjectE
FN:194,_ZN11AsyncObjectC2Ev
FN:204,_ZN11AsyncBufferIhEC2EOS0_
FN:204,_ZN11AsyncBufferIhED2Ev
FN:204,_ZN11AsyncBufferIhEaSEOS0_
FN:207,_ZN11AsyncBufferIhEC2Ev
FN:213,_ZN11AsyncBufferIhE3NewEN4Napi3EnvEPhm
FN:218,_ZN11AsyncBufferIhE3NewEN4Napi3EnvEm
FN:223,_ZN11AsyncBufferIhE7ToValueEN4Napi3EnvE
FN:240,_ZN11AsyncBufferIhE6LengthEv
FN:246,_ZN11AsyncBufferIhEC2EPhm
FN:257,_ZN10AsyncArrayI11AsyncBufferIhEED2Ev
FN:257,_ZN10AsyncArrayI11AsyncBufferIhEEaSEOS2_
FN:260,_ZN10AsyncArrayI11AsyncBufferIhEEC2Ev
FN:265,_ZN10AsyncArrayI11AsyncBufferIhEE3NewEN4Napi3EnvE
FN:270,_ZN10AsyncArrayI11AsyncBufferIhEE3SetEjS1_
FN:280,_ZN10AsyncArrayI11AsyncBufferIhEE7ToValueEN4Napi3EnvE
FN:292,_ZN10AsyncArrayI11AsyncBufferIhEE6LengthEv
FN:297,_ZN10AsyncArrayI11AsyncBufferIhEE3SetEPKcm
FN:309,_ZN12AsyncBooleanC2Ev
FN:314,_ZN12AsyncBoolean3NewEN4Napi3EnvEb
FN:319,_ZN12AsyncBoolean7ToValueEN4Napi3EnvE
FN:324,_ZNK12AsyncBooleancvbEv
FN:330,_ZN12AsyncBooleanC2Eb
FN:341,_ZN11AsyncNumber3NewEN4Napi3EnvEm
FN:350,_ZN7CloseFDclEPi
FN:357,_Z15ThrowErrnoErrorRKN4Napi12CallbackInfoEPKc
FN:368,_ZN9DisruptorC2ERKN4Napi12CallbackInfoE
FN:427,_ZN9DisruptorD2Ev
FN:432,_ZN9Disruptor7ReleaseEv
FN:449,_ZN9Disruptor7ReleaseERKN4Napi12CallbackInfoE
FN:459,_ZN9Disruptor14ConsumeNewSyncI10AsyncArrayI11AsyncBufferIhEES2_EET_RKN4Napi3EnvEb
FN:459,_ZN9Disruptor14ConsumeNewSyncIN4Napi5ArrayENS1_6BufferEEET_RKNS1_3EnvEb
FN:510,_ZN9Disruptor14ConsumeNewSyncERKN4Napi12CallbackInfoE
FN:515,_ZN21ConsumeNewAsyncWorkerD2Ev
FN:515,_ZN21ConsumeNewAsyncWorkerD0Ev
FN:519,_ZN21ConsumeNewAsyncWorkerC2EP9DisruptorRKN4Napi8FunctionE
FN:527,_ZN21ConsumeNewAsyncWorker7ExecuteEv
FN:534,_ZN21ConsumeNewAsyncWorker5RetryEv
FN:540,_ZN9Disruptor15ConsumeNewAsyncERKN4Napi12CallbackInfoE
FN:545,_ZN9Disruptor10ConsumeNewERKN4Napi12CallbackInfoE
FN:557,_ZN9Disruptor13ConsumeCommitERKN4Napi12CallbackInfoE
FN:562,_ZN9Disruptor13UpdatePendingEmm
FN:568,_ZN9Disruptor13ConsumeCommitEv
FN:581,_ZN9Disruptor16ProduceClaimSyncIN4Napi6BufferENS1_6NumberEEET_IhERKNS1_3EnvEb
FN:581,_ZN9Disruptor16ProduceClaimSyncI11AsyncBuffer11AsyncNumberEET_IhERKN4Napi3EnvEb
FN:619,_ZN9Disruptor16ProduceClaimSyncERKN4Napi12CallbackInfoE
FN:624,_ZN23ProduceClaimAsyncWorkerD0Ev
FN:624,_ZN23ProduceClaimAsyncWorkerD2Ev
FN:628,_ZN23ProduceClaimAsyncWorkerC2EP9DisruptorRKN4Napi8FunctionE
FN:635,_ZN23ProduceClaimAsyncWorker7ExecuteEv
FN:642,_ZN23ProduceClaimAsyncWorker5RetryEv
FN:648,_ZN9Disruptor17ProduceClaimAsyncERKN4Napi12CallbackInfoE
FN:653,_ZN9Disruptor12ProduceClaimERKN4Napi12CallbackInfoE
FN:666,_ZN9Disruptor20ProduceClaimManySyncIN4Napi5ArrayENS1_6BufferENS1_6NumberEEET_RKNS1_3EnvEjb
FN:666,_ZN9Disruptor20ProduceClaimManySyncI10AsyncArrayI11AsyncBufferIhEES2_11AsyncNumberEET_RKN4Napi3EnvEjb
FN:725,_ZN9Disruptor20ProduceClaimManySyncERKN4Napi12CallbackInfoE
FN:731,_ZN27ProduceClaimManyAsyncWorkerD2Ev
FN:731,_ZN27ProduceClaimManyAsyncWorkerD0Ev
FN:735,_ZN27ProduceClaimManyAsyncWorkerC2EP9DisruptorRKN4Napi8FunctionEj
FN:745,_ZN27ProduceClaimManyAsyncWorker7ExecuteEv
FN:752,_ZN27ProduceClaimManyAsyncWorker5RetryEv
FN:761,_ZN9Disruptor21ProduceClaimManyAsyncERKN4Napi12CallbackInfoEj
FN:767,_ZN9Disruptor21ProduceClaimManyAsyncERKN4Napi12CallbackInfoE
FN:772,_ZN9Disruptor16ProduceClaimManyERKN4Napi12CallbackInfoE
FN:787,_ZN9Disruptor17ProduceCommitSyncIN4Napi7BooleanEEET_RKNS1_3EnvEmmb
FN:787,_ZN9Disruptor17ProduceCommitSyncI12AsyncBooleanEET_RKN4Napi3EnvEmmb
FN:804,_ZN9Disruptor10GetSeqNextERKN4Napi12CallbackInfoERmS4_
FN:813,_ZN9Disruptor17ProduceCommitSyncERKN4Napi12CallbackInfoE
FN:820,_ZN24ProduceCommitAsyncWorkerD0Ev
FN:820,_ZN24ProduceCommitAsyncWorkerD2Ev
FN:824,_ZN24ProduceCommitAsyncWorkerC2EP9DisruptorRKN4Napi8FunctionEmm
FN:835,_ZN24ProduceCommitAsyncWorker7ExecuteEv
FN:842,_ZN24ProduceCommitAsyncWorker5RetryEv
FN:851,_ZN9Disruptor18ProduceCommitAsyncERKN4Napi12CallbackInfoEmm
FN:858,_ZN9Disruptor18ProduceCommitAsyncERKN4Napi12CallbackInfoE
FN:865,_ZN9Disruptor13ProduceCommitERKN4Napi12CallbackInfoE
FN:880,_ZN9Disruptor12GetConsumersERKN4Napi12CallbackInfoE
FN:885,_ZN9Disruptor9GetCursorERKN4Napi12CallbackInfoE
FN:890,_ZN9Disruptor7GetNextERKN4Napi12CallbackInfoE
FN:895,_ZN9Disruptor11GetElementsERKN4Napi12CallbackInfoE
FN:900,_ZN9Disruptor11GetConsumerERKN4Napi12CallbackInfoE
FN:905,_ZN9Disruptor21GetPendingSeqConsumerERKN4Napi12CallbackInfoE
FN:910,_ZN9Disruptor19GetPendingSeqCursorERKN4Napi12CallbackInfoE
FN:915,_ZN9Disruptor10InitializeEN4Napi3EnvENS0_6ObjectE
FN:945,_Z10InitializeN4Napi3EnvENS_6ObjectES1_
FN:950,_register_disruptor
FN:950,_Z17__napi_InitializeP10napi_env__P12napi_value__S2_Pv
FNDA:0,_ZN9Disruptor4SpinEv
FNDA:0,_Z12NullCallbackRKN4Napi12CallbackInfoE
FNDA:0,_Z11GetCallbackRKN4Napi12CallbackInfoEj
FNDA:0,_ZN20DisruptorAsyncWorkerI12AsyncBooleanED0Ev
FNDA:0,_ZN20DisruptorAsyncWorkerI11AsyncBufferIhEED2Ev
FNDA:0,_ZN20DisruptorAsyncWorkerI12AsyncBooleanED2Ev
FNDA:0,_ZN20DisruptorAsyncWorkerI11AsyncBufferIhEED0Ev
FNDA:0,_ZN20DisruptorAsyncWorkerI10AsyncArrayI11AsyncBufferIhEEED0Ev
FNDA:0,_ZN20DisruptorAsyncWorkerI10AsyncArrayI11AsyncBufferIhEEED2Ev
FNDA:0,_ZN20DisruptorAsyncWorkerI12AsyncBooleanEC2EP9DisruptorRKN4Napi8FunctionE
FNDA:0,_ZN20DisruptorAsyncWorkerI11AsyncBufferIhEEC2EP9DisruptorRKN4Napi8FunctionE
FNDA:0,_ZN20DisruptorAsyncWorkerI10AsyncArrayI11AsyncBufferIhEEEC2EP9DisruptorRKN4Napi8FunctionE
FNDA:0,_ZN20DisruptorAsyncWorkerI11AsyncBufferIhEE4OnOKEv
FNDA:0,_ZN20DisruptorAsyncWorkerI10AsyncArrayI11AsyncBufferIhEEE4OnOKEv
FNDA:0,_ZN20DisruptorAsyncWorkerI12AsyncBooleanE4OnOKEv
FNDA:0,_ZN11AsyncObjectD2Ev
FNDA:0,_ZN11AsyncObjectC2EOS_
FNDA:0,_ZN11AsyncObjectaSEOS_
FNDA:0,_ZN11AsyncObject3SetEPKcm
FNDA:0,_ZN11AsyncObject10GetSeqNextEN4Napi3EnvERNS0_6ObjectE
FNDA:0,_ZN11AsyncObjectC2Ev
FNDA:0,_ZN11AsyncBufferIhEC2EOS0_
FNDA:0,_ZN11AsyncBufferIhED2Ev
FNDA:0,_ZN11AsyncBufferIhEaSEOS0_
FNDA:0,_ZN11AsyncBufferIhEC2Ev
FNDA:0,_ZN11AsyncBufferIhE3NewEN4Napi3EnvEPhm
FNDA:0,_ZN11AsyncBufferIhE3NewEN4Napi3EnvEm
FNDA:0,_ZN11AsyncBufferIhE7ToValueEN4Napi3EnvE
FNDA:0,_ZN11AsyncBufferIhE6LengthEv
FNDA:0,_ZN11AsyncBufferIhEC2EPhm
FNDA:0,_ZN10AsyncArrayI11AsyncBufferIhEED2Ev
FNDA:0,_ZN10AsyncArrayI11AsyncBufferIhEEaSEOS2_
FNDA:0,_ZN10AsyncArrayI11AsyncBufferIhEEC2Ev
FNDA:0,_ZN10AsyncArrayI11AsyncBufferIhEE3NewEN4Napi3EnvE
FNDA:0,_ZN10AsyncArrayI11AsyncBufferIhEE3SetEjS1_
FNDA:0,_ZN10AsyncArrayI11AsyncBufferIhEE7ToValueEN4Napi3EnvE
FNDA:0,_ZN10AsyncArrayI11AsyncBufferIhEE6LengthEv
FNDA:0,_ZN10AsyncArrayI11AsyncBufferIhEE3SetEPKcm
FNDA:0,_ZN12AsyncBooleanC2Ev
FNDA:0,_ZN12AsyncBoolean3NewEN4Napi3EnvEb
FNDA:0,_ZN12AsyncBoolean7ToValueEN4Napi3EnvE
FNDA:0,_ZNK12AsyncBooleancvbEv
FNDA:0,_ZN12AsyncBooleanC2Eb
FNDA:0,_ZN11AsyncNumber3NewEN4Napi3EnvEm
FNDA:0,_ZN7CloseFDclEPi
FNDA:0,_Z15ThrowErrnoErrorRKN4Napi12CallbackInfoEPKc
FNDA:0,_ZN9DisruptorC2ERKN4Napi12CallbackInfoE
FNDA:0,_ZN9DisruptorD2Ev
FNDA:0,_ZN9Disruptor7ReleaseEv
FNDA:0,_ZN9Disruptor7ReleaseERKN4Napi12CallbackInfoE
FNDA:0,_ZN9Disruptor14ConsumeNewSyncI10AsyncArrayI11AsyncBufferIhEES2_EET_RKN4Napi3EnvEb
FNDA:0,_ZN9Disruptor14ConsumeNewSyncIN4Napi5ArrayENS1_6BufferEEET_RKNS1_3EnvEb
FNDA:0,_ZN9Disruptor14ConsumeNewSyncERKN4Napi12CallbackInfoE
FNDA:0,_ZN21ConsumeNewAsyncWorkerD2Ev
FNDA:0,_ZN21ConsumeNewAsyncWorkerD0Ev
FNDA:0,_ZN21ConsumeNewAsyncWorkerC2EP9DisruptorRKN4Napi8FunctionE
FNDA:0,_ZN21ConsumeNewAsyncWorker7ExecuteEv
FNDA:0,_ZN21ConsumeNewAsyncWorker5RetryEv
FNDA:0,_ZN9Disruptor15ConsumeNewAsyncERKN4Napi12CallbackInfoE
FNDA:0,_ZN9Disruptor10ConsumeNewERKN4Napi12CallbackInfoE
FNDA:0,_ZN9Disruptor13ConsumeCommitERKN4Napi12CallbackInfoE
FNDA:0,_ZN9Disruptor13UpdatePendingEmm
FNDA:0,_ZN9Disruptor13ConsumeCommitEv
FNDA:0,_ZN9Disruptor16ProduceClaimSyncIN4Napi6BufferENS1_6NumberEEET_IhERKNS1_3EnvEb
FNDA:0,_ZN9Disruptor16ProduceClaimSyncI11AsyncBuffer11AsyncNumberEET_IhERKN4Napi3EnvEb
FNDA:0,_ZN9Disruptor16ProduceClaimSyncERKN4Napi12CallbackInfoE
FNDA:0,_ZN23ProduceClaimAsyncWorkerD0Ev
FNDA:0,_ZN23ProduceClaimAsyncWorkerD2Ev
FNDA:0,_ZN23ProduceClaimAsyncWorkerC2EP9DisruptorRKN4Napi8FunctionE
FNDA:0,_ZN23ProduceClaimAsyncWorker7ExecuteEv
FNDA:0,_ZN23ProduceClaimAsyncWorker5RetryEv
FNDA:0,_ZN9Disruptor17ProduceClaimAsyncERKN4Napi12CallbackInfoE
FNDA:0,_ZN9Disruptor12ProduceClaimERKN4Napi12CallbackInfoE
FNDA:0,_ZN9Disruptor20ProduceClaimManySyncIN4Napi5ArrayENS1_6BufferENS1_6NumberEEET_RKNS1_3EnvEjb
FNDA:0,_ZN9Disruptor20ProduceClaimManySyncI10AsyncArrayI11AsyncBufferIhEES2_11AsyncNumberEET_RKN4Napi3EnvEjb
FNDA:0,_ZN9Disruptor20ProduceClaimManySyncERKN4Napi12CallbackInfoE
FNDA:0,_ZN27ProduceClaimManyAsyncWorkerD2Ev
FNDA:0,_ZN27ProduceClaimManyAsyncWorkerD0Ev
FNDA:0,_ZN27ProduceClaimManyAsyncWorkerC2EP9DisruptorRKN4Napi8FunctionEj
FNDA:0,_ZN27ProduceClaimManyAsyncWorker7ExecuteEv
FNDA:0,_ZN27ProduceClaimManyAsyncWorker5RetryEv
FNDA:0,_ZN9Disruptor21ProduceClaimManyAsyncERKN4Napi12CallbackInfoEj
FNDA:0,_ZN9Disruptor21ProduceClaimManyAsyncERKN4Napi12CallbackInfoE
FNDA:0,_ZN9Disruptor16ProduceClaimManyERKN4Napi12CallbackInfoE
FNDA:0,_ZN9Disruptor17ProduceCommitSyncIN4Napi7BooleanEEET_RKNS1_3EnvEmmb
FNDA:0,_ZN9Disruptor17ProduceCommitSyncI12AsyncBooleanEET_RKN4Napi3EnvEmmb
FNDA:0,_ZN9Disruptor10GetSeqNextERKN4Napi12CallbackInfoERmS4_
FNDA:0,_ZN9Disruptor17ProduceCommitSyncERKN4Napi12CallbackInfoE
FNDA:0,_ZN24ProduceCommitAsyncWorkerD0Ev
FNDA:0,_ZN24ProduceCommitAsyncWorkerD2Ev
FNDA:0,_ZN24ProduceCommitAsyncWorkerC2EP9DisruptorRKN4Napi8FunctionEmm
FNDA:0,_ZN24ProduceCommitAsyncWorker7ExecuteEv
FNDA:0,_ZN24ProduceCommitAsyncWorker5RetryEv
FNDA:0,_ZN9Disruptor18ProduceCommitAsyncERKN4Napi12CallbackInfoEmm
FNDA:0,_ZN9Disruptor18ProduceCommitAsyncERKN4Napi12CallbackInfoE
FNDA:0,_ZN9Disruptor13ProduceCommitERKN4Napi12CallbackInfoE
FNDA:0,_ZN9Disruptor12GetConsumersERKN4Napi12CallbackInfoE
FNDA:0,_ZN9Disruptor9GetCursorERKN4Napi12CallbackInfoE
FNDA:0,_ZN9Disruptor7GetNextERKN4Napi12CallbackInfoE
FNDA:0,_ZN9Disruptor11GetElementsERKN4Napi12CallbackInfoE
FNDA:0,_ZN9Disruptor11GetConsumerERKN4Napi12CallbackInfoE
FNDA:0,_ZN9Disruptor21GetPendingSeqConsumerERKN4Napi12CallbackInfoE
FNDA:0,_ZN9Disruptor19GetPendingSeqCursorERKN4Napi12CallbackInfoE
FNDA:0,_ZN9Disruptor10InitializeEN4Napi3EnvENS0_6ObjectE
FNDA:0,_Z10InitializeN4Napi3EnvENS_6ObjectES1_
FNDA:0,_register_disruptor
FNDA:0,_Z17__napi_InitializeP10napi_env__P12napi_value__S2_Pv
FNF:107
FNH:0
DA:44,0
DA:46,0
DA:116,0
DA:118,0
DA:120,0
DA:122,0
DA:124,0
DA:125,0
DA:127,0
DA:131,0
DA:135,0
DA:138,0
DA:143,0
DA:145,0
DA:150,0
DA:152,0
DA:154,0
DA:157,0
DA:158,0
DA:159,0
DA:170,0
DA:173,0
DA:175,0
DA:176,0
DA:178,0
DA:180,0
DA:181,0
DA:183,0
DA:186,0
DA:187,0
DA:189,0
DA:191,0
DA:194,0
DA:195,0
DA:197,0
DA:204,0
DA:207,0
DA:209,0
DA:211,0
DA:213,0
DA:215,0
DA:218,0
DA:220,0
DA:223,0
DA:225,0
DA:227,0
DA:229,0
DA:233,0
DA:236,0
DA:237,0
DA:240,0
DA:242,0
DA:246,0
DA:248,0
DA:250,0
DA:257,0
DA:260,0
DA:261,0
DA:263,0
DA:265,0
DA:267,0
DA:270,0
DA:272,0
DA:274,0
DA:277,0
DA:278,0
DA:280,0
DA:282,0
DA:283,0
DA:284,0
DA:286,0
DA:288,0
DA:289,0
DA:292,0
DA:294,0
DA:297,0
DA:299,0
DA:300,0
DA:309,0
DA:310,0
DA:312,0
DA:314,0
DA:316,0
DA:319,0
DA:321,0
DA:324,0
DA:326,0
DA:330,0
DA:331,0
DA:333,0
DA:341,0
DA:343,0
DA:350,0
DA:352,0
DA:353,0
DA:354,0
DA:357,0
DA:359,0
DA:360,0
DA:361,0
DA:364,0
DA:365,0
DA:368,0
DA:370,0
DA:373,0
DA:374,0
DA:375,0
DA:376,0
DA:377,0
DA:378,0
DA:379,0
DA:383,0
DA:385,0
DA:386,0
DA:388,0
DA:395,0
DA:396,0
DA:400,0
DA:406,0
DA:409,0
DA:411,0
DA:417,0
DA:418,0
DA:419,0
DA:420,0
DA:421,0
DA:423,0
DA:424,0
DA:425,0
DA:427,0
DA:429,0
DA:430,0
DA:432,0
DA:434,0
DA:436,0
DA:438,0
DA:443,0
DA:446,0
DA:449,0
DA:451,0
DA:456,0
DA:459,0
DA:464,0
DA:466,0
DA:468,0
DA:470,0
DA:471,0
DA:472,0
DA:473,0
DA:475,0
DA:477,0
DA:479,0
DA:480,0
DA:482,0
DA:483,0
DA:486,0
DA:488,0
DA:490,0
DA:491,0
DA:493,0
DA:495,0
DA:498,0
DA:501,0
DA:502,0
DA:507,0
DA:510,0
DA:512,0
DA:515,0
DA:519,0
DA:520,0
DA:522,0
DA:524,0
DA:527,0
DA:530,0
DA:531,0
DA:532,0
DA:534,0
DA:536,0
DA:537,0
DA:540,0
DA:542,0
DA:543,0
DA:545,0
DA:547,0
DA:548,0
DA:550,0
DA:553,0
DA:554,0
DA:557,0
DA:559,0
DA:560,0
DA:562,0
DA:564,0
DA:565,0
DA:566,0
DA:568,0
DA:570,0
DA:572,0
DA:574,0
DA:575,0
DA:576,0
DA:578,0
DA:581,0
DA:583,0
DA:585,0
DA:587,0
DA:589,0
DA:591,0
DA:593,0
DA:595,0
DA:596,0
DA:600,0
DA:601,0
DA:603,0
DA:605,0
DA:606,0
DA:608,0
DA:609,0
DA:611,0
DA:616,0
DA:619,0
DA:621,0
DA:624,0
DA:628,0
DA:629,0
DA:630,0
DA:632,0
DA:635,0
DA:638,0
DA:639,0
DA:640,0
DA:642,0
DA:644,0
DA:645,0
DA:648,0
DA:650,0
DA:651,0
DA:653,0
DA:655,0
DA:656,0
DA:658,0
DA:661,0
DA:662,0
DA:666,0
DA:668,0
DA:670,0
DA:672,0
DA:673,0
DA:675,0
DA:677,0
DA:679,0
DA:681,0
DA:683,0
DA:684,0
DA:688,0
DA:689,0
DA:691,0
DA:692,0
DA:694,0
DA:696,0
DA:698,0
DA:699,0
DA:701,0
DA:704,0
DA:708,0
DA:710,0
DA:711,0
DA:714,0
DA:715,0
DA:717,0
DA:722,0
DA:725,0
DA:727,0
DA:728,0
DA:731,0
DA:735,0
DA:737,0
DA:740,0
DA:742,0
DA:745,0
DA:748,0
DA:749,0
DA:750,0
DA:752,0
DA:754,0
DA:755,0
DA:761,0
DA:764,0
DA:765,0
DA:767,0
DA:769,0
DA:770,0
DA:772,0
DA:774,0
DA:776,0
DA:777,0
DA:779,0
DA:782,0
DA:783,0
DA:787,0
DA:792,0
DA:794,0
DA:796,0
DA:801,0
DA:804,0
DA:808,0
DA:809,0
DA:810,0
DA:811,0
DA:813,0
DA:816,0
DA:817,0
DA:820,0
DA:824,0
DA:827,0
DA:830,0
DA:832,0
DA:835,0
DA:838,0
DA:839,0
DA:840,0
DA:842,0
DA:844,0
DA:845,0
DA:851,0
DA:855,0
DA:856,0
DA:858,0
DA:861,0
DA:862,0
DA:863,0
DA:865,0
DA:868,0
DA:870,0
DA:871,0
DA:873,0
DA:876,0
DA:877,0
DA:880,0
DA:882,0
DA:885,0
DA:887,0
DA:890,0
DA:892,0
DA:895,0
DA:897,0
DA:900,0
DA:902,0
DA:905,0
DA:907,0
DA:910,0
DA:912,0
DA:915,0
DA:917,0
DA:919,0
DA:920,0
DA:921,0
DA:922,0
DA:923,0
DA:924,0
DA:925,0
DA:926,0
DA:927,0
DA:928,0
DA:931,0
DA:932,0
DA:933,0
DA:934,0
DA:935,0
DA:936,0
DA:937,0
DA:938,0
DA:939,0
DA:940,0
DA:941,0
DA:942,0
DA:943,0
DA:945,0
DA:947,0
DA:948,0
DA:950,0
LF:381
LH:0
end_of_record
SF:/usr/include/c++/6/bits/alloc_traits.h
FN:435,_ZNSt16allocator_traitsISaINSt8__detail10_Hash_nodeISt4pairIKNSt7__cxx1112basic_stringIcSt11char_traitsIcESaIcEEEmELb1EEEEE8allocateERSC_m
FN:435,_ZNSt16allocator_traitsISaI11AsyncBufferIhEEE8allocateERS2_m
FN:435,_ZNSt16allocator_traitsISaIPNSt8__detail15_Hash_node_baseEEE8allocateERS3_m
FN:461,_ZNSt16allocator_traitsISaIPNSt8__detail15_Hash_node_baseEEE10deallocateERS3_PS2_m
FN:461,_ZNSt16allocator_traitsISaINSt8__detail10_Hash_nodeISt4pairIKNSt7__cxx1112basic_stringIcSt11char_traitsIcESaIcEEEmELb1EEEEE10deallocateERSC_PSB_m
FN:461,_ZNSt16allocator_traitsISaI11AsyncBufferIhEEE10deallocateERS2_PS1_m
FN:474,_ZNSt16allocator_traitsISaISt4pairIKNSt7__cxx1112basic_stringIcSt11char_traitsIcESaIcEEEmEEE9constructIS8_JRKSt21piecewise_construct_tSt5tupleIJOS6_EESF_IJEEEEEvRS9_PT_DpOT0_
FN:486,_ZNSt16allocator_traitsISaISt4pairIKNSt7__cxx1112basic_stringIcSt11char_traitsIcESaIcEEEmEEE7destroyIS8_EEvRS9_PT_
FN:495,_ZNSt16allocator_traitsISaI11AsyncBufferIhEEE8max_sizeERKS2_
FNDA:0,_ZNSt16allocator_traitsISaINSt8__detail10_Hash_nodeISt4pairIKNSt7__cxx1112basic_stringIcSt11char_traitsIcESaIcEEEmELb1EEEEE8allocateERSC_m
FNDA:0,_ZNSt16allocator_traitsISaI11AsyncBufferIhEEE8allocateERS2_m
FNDA:0,_ZNSt16allocator_traitsISaIPNSt8__detail15_Hash_node_baseEEE8allocateERS3_m
FNDA:0,_ZNSt16allocator_traitsISaIPNSt8__detail15_Hash_node_baseEEE10deallocateERS3_PS2_m
FNDA:0,_ZNSt16allocator_traitsISaINSt8__detail10_Hash_nodeISt4pairIKNSt7__cxx1112basic_stringIcSt11char_traitsIcESaIcEEEmELb1EEEEE10deallocateERSC_PSB_m
FNDA:0,_ZNSt16allocator_traitsISaI11AsyncBufferIhEEE10deallocateERS2_PS1_m
FNDA:0,_ZNSt16allocator_traitsISaISt4pairIKNSt7__cxx1112basic_stringIcSt11char_traitsIcESaIcEEEmEEE9constructIS8_JRKSt21piecewise_construct_tSt5tupleIJOS6_EESF_IJEEEEEvRS9_PT_DpOT0_
FNDA:0,_ZNSt16allocator_traitsISaISt4pairIKNSt7__cxx1112basic_stringIcSt11char_traitsIcESaIcEEEmEEE7destroyIS8_EEvRS9_PT_
FNDA:0,_ZNSt16allocator_traitsISaI11AsyncBufferIhEEE8max_sizeERKS2_
FNF:9
FNH:0
DA:435,0
DA:436,0
DA:461,0
DA:462,0
DA:474,0
DA:475,0
DA:486,0
DA:487,0
DA:495,0
DA:496,0
LF:10
LH:0
end_of_record
SF:/usr/include/c++/6/bits/allocator.h
FN:131,_ZNSaI11AsyncBufferIhEEC2Ev
FN:131,_ZNSaINSt8__detail10_Hash_nodeISt4pairIKNSt7__cxx1112basic_stringIcSt11char_traitsIcESaIcEEEmELb1EEEEC2Ev
FN:137,_ZNSaISt4pairIKNSt7__cxx1112basic_stringIcSt11char_traitsIcESaIcEEEmEEC2INSt8__detail10_Hash_nodeIS7_Lb1EEEEERKSaIT_E
FN:137,_ZNSaIPNSt8__detail15_Hash_node_baseEEC2INS_10_Hash_nodeISt4pairIKNSt7__cxx1112basic_stringIcSt11char_traitsIcESaIcEEEmELb1EEEEERKSaIT_E
FN:139,_ZNSaINSt8__detail10_Hash_nodeISt4pairIKNSt7__cxx1112basic_stringIcSt11char_traitsIcESaIcEEEmELb1EEEED2Ev
FN:139,_ZNSaISt4pairIKNSt7__cxx1112basic_stringIcSt11char_traitsIcESaIcEEEmEED2Ev
FN:139,_ZNSaIPNSt8__detail15_Hash_node_baseEED2Ev
FN:139,_ZNSaI11AsyncBufferIhEED2Ev
FNDA:0,_ZNSaI11AsyncBufferIhEEC2Ev
FNDA:0,_ZNSaINSt8__detail10_Hash_nodeISt4pairIKNSt7__cxx1112basic_stringIcSt11char_traitsIcESaIcEEEmELb1EEEEC2Ev
FNDA:0,_ZNSaISt4pairIKNSt7__cxx1112basic_stringIcSt11char_traitsIcESaIcEEEmEEC2INSt8__detail10_Hash_nodeIS7_Lb1EEEEERKSaIT_E
FNDA:0,_ZNSaIPNSt8__detail15_Hash_node_baseEEC2INS_10_Hash_nodeISt4pairIKNSt7__cxx1112basic_stringIcSt11char_traitsIcESaIcEEEmELb1EEEEERKSaIT_E
FNDA:0,_ZNSaINSt8__detail10_Hash_nodeISt4pairIKNSt7__cxx1112basic_stringIcSt11char_traitsIcESaIcEEEmELb1EEEED2Ev
FNDA:0,_ZNSaISt4pairIKNSt7__cxx1112basic_stringIcSt11char_traitsIcESaIcEEEmEED2Ev
FNDA:0,_ZNSaIPNSt8__detail15_Hash_node_baseEED2Ev
FNDA:0,_ZNSaI11AsyncBufferIhEED2Ev
FNF:8
FNH:0
DA:131,0
DA:137,0
DA:139,0
LF:3
LH:0
end_of_record
SF:/usr/include/c++/6/bits/basic_string.h
FN:107,_ZNSt7__cxx1112basic_stringIcSt11char_traitsIcESaIcEE12_Alloc_hiderD2Ev
FN:192,_ZNSt7__cxx1112basic_stringIcSt11char_traitsIcESaIcEE16_M_construct_auxIPcEEvT_S7_St12__false_type
FN:212,_ZNSt7__cxx1112basic_stringIcSt11char_traitsIcESaIcEE12_M_constructIPcEEvT_S7_
FN:549,_ZNSt7__cxx1112basic_stringIcSt11char_traitsIcESaIcEEC2IPcvEET_S7_RKS3_
FN:5021,_ZStplIcSt11char_traitsIcESaIcEENSt7__cxx1112basic_stringIT_T0_T1_EEOS8_S9_
FN:5045,_ZStplIcSt11char_traitsIcESaIcEENSt7__cxx1112basic_stringIT_T0_T1_EEOS8_PKS5_
FN:5073,_ZSteqIcEN9__gnu_cxx11__enable_ifIXsrSt9__is_charIT_E7__valueEbE6__typeERKNSt7__cxx1112basic_stringIS3_St11char_traitsIS3_ESaIS3_EEESE_
FN:5470,_ZNSt7__cxx119to_stringEi
FN:5654,_ZNSt4hashINSt7__cxx1112basic_stringIcSt11char_traitsIcESaIcEEEEC2Ev
FN:5658,_ZNKSt4hashINSt7__cxx1112basic_stringIcSt11char_traitsIcESaIcEEEEclERKS5_
FNDA:0,_ZNSt7__cxx1112basic_stringIcSt11char_traitsIcESaIcEE12_Alloc_hiderD2Ev
FNDA:0,_ZNSt7__cxx1112basic_stringIcSt11char_traitsIcESaIcEE16_M_construct_auxIPcEEvT_S7_St12__false_type
FNDA:0,_ZNSt7__cxx1112basic_stringIcSt11char_traitsIcESaIcEE12_M_constructIPcEEvT_S7_
FNDA:0,_ZNSt7__cxx1112basic_stringIcSt11char_traitsIcESaIcEEC2IPcvEET_S7_RKS3_
FNDA:0,_ZStplIcSt11char_traitsIcESaIcEENSt7__cxx1112basic_stringIT_T0_T1_EEOS8_S9_
FNDA:0,_ZStplIcSt11char_traitsIcESaIcEENSt7__cxx1112basic_stringIT_T0_T1_EEOS8_PKS5_
FNDA:0,_ZSteqIcEN9__gnu_cxx11__enable_ifIXsrSt9__is_charIT_E7__valueEbE6__typeERKNSt7__cxx1112basic_stringIS3_St11char_traitsIS3_ESaIS3_EEESE_
FNDA:0,_ZNSt7__cxx119to_stringEi
FNDA:0,_ZNSt4hashINSt7__cxx1112basic_stringIcSt11char_traitsIcESaIcEEEEC2Ev
FNDA:0,_ZNKSt4hashINSt7__cxx1112basic_stringIcSt11char_traitsIcESaIcEEEEclERKS5_
FNF:10
FNH:0
DA:107,0
DA:192,0
DA:196,0
DA:197,0
DA:212,0
DA:215,0
DA:216,0
DA:549,0
DA:551,0
DA:552,0
DA:5021,0
DA:5024,0
DA:5025,0
DA:5026,0
DA:5027,0
DA:5028,0
DA:5045,0
DA:5047,0
DA:5073,0
DA:5075,0
DA:5076,0
DA:5077,0
DA:5470,0
DA:5472,0
DA:5654,0
DA:5658,0
DA:5659,0
LF:27
LH:0
end_of_record
SF:/usr/include/c++/6/bits/basic_string.tcc
FN:206,_ZNSt7__cxx1112basic_stringIcSt11char_traitsIcESaIcEE12_M_constructIPcEEvT_S7_St20forward_iterator_tag
FNDA:0,_ZNSt7__cxx1112basic_stringIcSt11char_traitsIcESaIcEE12_M_constructIPcEEvT_S7_St20forward_iterator_tag
FNF:1
FNH:0
DA:206,0
DA:211,0
DA:212,0
DA:215,0
DA:217,0
DA:219,0
DA:220,0
DA:225,0
DA:226,0
DA:228,0
DA:229,0
DA:232,0
DA:233,0
LF:13
LH:0
end_of_record
SF:/usr/include/c++/6/bits/char_traits.h
FN:258,_ZNSt11char_traitsIcE7compareEPKcS2_m
FNDA:0,_ZNSt11char_traitsIcE7compareEPKcS2_m
FNF:1
FNH:0
DA:258,0
DA:260,0
DA:261,0
DA:262,0
LF:4
LH:0
end_of_record
SF:/usr/include/c++/6/bits/functional_hash.h
FN:50,_ZNSt11__hash_baseImNSt7__cxx1112basic_stringIcSt11char_traitsIcESaIcEEEEC2Ev
FN:174,_ZNSt10_Hash_impl4hashEPKvmm
FNDA:0,_ZNSt11__hash_baseImNSt7__cxx1112basic_stringIcSt11char_traitsIcESaIcEEEEC2Ev
FNDA:0,_ZNSt10_Hash_impl4hashEPKvmm
FNF:2
FNH:0
DA:50,0
DA:174,0
DA:176,0
LF:3
LH:0
end_of_record
SF:/usr/include/c++/6/bits/hashtable.h
FN:327,_ZNKSt10_HashtableINSt7__cxx1112basic_stringIcSt11char_traitsIcESaIcEEESt4pairIKS5_mESaIS8_ENSt8__detail10_Select1stESt8equal_toIS5_ESt4hashIS5_ENSA_18_Mod_range_hashingENSA_20_Default_ranged_hashENSA_20_Prime_rehash_policyENSA_17_Hashtable_traitsILb1ELb0ELb1EEEE21_M_uses_single_bucketEPPNSA_15_Hash_node_baseE
FN:338,_ZNSt10_HashtableINSt7__cxx1112basic_stringIcSt11char_traitsIcESaIcEEESt4pairIKS5_mESaIS8_ENSt8__detail10_Select1stESt8equal_toIS5_ESt4hashIS5_ENSA_18_Mod_range_hashingENSA_20_Default_ranged_hashENSA_20_Prime_rehash_policyENSA_17_Hashtable_traitsILb1ELb0ELb1EEEE19_M_allocate_bucketsEm
FN:350,_ZNSt10_HashtableINSt7__cxx1112basic_stringIcSt11char_traitsIcESaIcEEESt4pairIKS5_mESaIS8_ENSt8__detail10_Select1stESt8equal_toIS5_ESt4hashIS5_ENSA_18_Mod_range_hashingENSA_20_Default_ranged_hashENSA_20_Prime_rehash_policyENSA_17_Hashtable_traitsILb1ELb0ELb1EEEE21_M_deallocate_bucketsEPPNSA_15_Hash_node_baseEm
FN:359,_ZNSt10_HashtableINSt7__cxx1112basic_stringIcSt11char_traitsIcESaIcEEESt4pairIKS5_mESaIS8_ENSt8__detail10_Select1stESt8equal_toIS5_ESt4hashIS5_ENSA_18_Mod_range_hashingENSA_20_Default_ranged_hashENSA_20_Prime_rehash_policyENSA_17_Hashtable_traitsILb1ELb0ELb1EEEE21_M_deallocate_bucketsEv
FN:368,_ZNKSt10_HashtableINSt7__cxx1112basic_stringIcSt11char_traitsIcESaIcEEESt4pairIKS5_mESaIS8_ENSt8__detail10_Select1stESt8equal_toIS5_ESt4hashIS5_ENSA_18_Mod_range_hashingENSA_20_Default_ranged_hashENSA_20_Prime_rehash_policyENSA_17_Hashtable_traitsILb1ELb0ELb1EEEE8_M_beginEv
FN:393,_ZNSt10_HashtableINSt7__cxx1112basic_stringIcSt11char_traitsIcESaIcEEESt4pairIKS5_mESaIS8_ENSt8__detail10_Select1stESt8equal_toIS5_ESt4hashIS5_ENSA_18_Mod_range_hashingENSA_20_Default_ranged_hashENSA_20_Prime_rehash_policyENSA_17_Hashtable_traitsILb1ELb0ELb1EEEEC2Ev
FN:491,_ZNSt10_HashtableINSt7__cxx1112basic_stringIcSt11char_traitsIcESaIcEEESt4pairIKS5_mESaIS8_ENSt8__detail10_Select1stESt8equal_toIS5_ESt4hashIS5_ENSA_18_Mod_range_hashingENSA_20_Default_ranged_hashENSA_20_Prime_rehash_policyENSA_17_Hashtable_traitsILb1ELb0ELb1EEEE3endEv
FN:618,_ZNKSt10_HashtableINSt7__cxx1112basic_stringIcSt11char_traitsIcESaIcEEESt4pairIKS5_mESaIS8_ENSt8__detail10_Select1stESt8equal_toIS5_ESt4hashIS5_ENSA_18_Mod_range_hashingENSA_20_Default_ranged_hashENSA_20_Prime_rehash_policyENSA_17_Hashtable_traitsILb1ELb0ELb1EEEE15_M_bucket_indexEPNSA_10_Hash_nodeIS8_Lb1EEE
FN:622,_ZNKSt10_HashtableINSt7__cxx1112basic_stringIcSt11char_traitsIcESaIcEEESt4pairIKS5_mESaIS8_ENSt8__detail10_Select1stESt8equal_toIS5_ESt4hashIS5_ENSA_18_Mod_range_hashingENSA_20_Default_ranged_hashENSA_20_Prime_rehash_policyENSA_17_Hashtable_traitsILb1ELb0ELb1EEEE15_M_bucket_indexERS7_m
FN:631,_ZNKSt10_HashtableINSt7__cxx1112basic_stringIcSt11char_traitsIcESaIcEEESt4pairIKS5_mESaIS8_ENSt8__detail10_Select1stESt8equal_toIS5_ESt4hashIS5_ENSA_18_Mod_range_hashingENSA_20_Default_ranged_hashENSA_20_Prime_rehash_policyENSA_17_Hashtable_traitsILb1ELb0ELb1EEEE12_M_find_nodeEmRS7_m
FN:1223,_ZNSt10_HashtableINSt7__cxx1112basic_stringIcSt11char_traitsIcESaIcEEESt4pairIKS5_mESaIS8_ENSt8__detail10_Select1stESt8equal_toIS5_ESt4hashIS5_ENSA_18_Mod_range_hashingENSA_20_Default_ranged_hashENSA_20_Prime_rehash_policyENSA_17_Hashtable_traitsILb1ELb0ELb1EEEED2Ev
FN:1287,_ZNSt10_HashtableINSt7__cxx1112basic_stringIcSt11char_traitsIcESaIcEEESt4pairIKS5_mESaIS8_ENSt8__detail10_Select1stESt8equal_toIS5_ESt4hashIS5_ENSA_18_Mod_range_hashingENSA_20_Default_ranged_hashENSA_20_Prime_rehash_policyENSA_17_Hashtable_traitsILb1ELb0ELb1EEEE4findERS7_
FN:1407,_ZNKSt10_HashtableINSt7__cxx1112basic_stringIcSt11char_traitsIcESaIcEEESt4pairIKS5_mESaIS8_ENSt8__detail10_Select1stESt8equal_toIS5_ESt4hashIS5_ENSA_18_Mod_range_hashingENSA_20_Default_ranged_hashENSA_20_Prime_rehash_policyENSA_17_Hashtable_traitsILb1ELb0ELb1EEEE19_M_find_before_nodeEmRS7_m
FN:1435,_ZNSt10_HashtableINSt7__cxx1112basic_stringIcSt11char_traitsIcESaIcEEESt4pairIKS5_mESaIS8_ENSt8__detail10_Select1stESt8equal_toIS5_ESt4hashIS5_ENSA_18_Mod_range_hashingENSA_20_Default_ranged_hashENSA_20_Prime_rehash_policyENSA_17_Hashtable_traitsILb1ELb0ELb1EEEE22_M_insert_bucket_beginEmPNSA_10_Hash_nodeIS8_Lb1EEE
FN:1573,_ZNSt10_HashtableINSt7__cxx1112basic_stringIcSt11char_traitsIcESaIcEEESt4pairIKS5_mESaIS8_ENSt8__detail10_Select1stESt8equal_toIS5_ESt4hashIS5_ENSA_18_Mod_range_hashingENSA_20_Default_ranged_hashENSA_20_Prime_rehash_policyENSA_17_Hashtable_traitsILb1ELb0ELb1EEEE21_M_insert_unique_nodeEmmPNSA_10_Hash_nodeIS8_Lb1EEE
FN:1897,_ZNSt10_HashtableINSt7__cxx1112basic_stringIcSt11char_traitsIcESaIcEEESt4pairIKS5_mESaIS8_ENSt8__detail10_Select1stESt8equal_toIS5_ESt4hashIS5_ENSA_18_Mod_range_hashingENSA_20_Default_ranged_hashENSA_20_Prime_rehash_policyENSA_17_Hashtable_traitsILb1ELb0ELb1EEEE5clearEv
FN:1934,_ZNSt10_HashtableINSt7__cxx1112basic_stringIcSt11char_traitsIcESaIcEEESt4pairIKS5_mESaIS8_ENSt8__detail10_Select1stESt8equal_toIS5_ESt4hashIS5_ENSA_18_Mod_range_hashingENSA_20_Default_ranged_hashENSA_20_Prime_rehash_policyENSA_17_Hashtable_traitsILb1ELb0ELb1EEEE9_M_rehashEmRKm
FN:1957,_ZNSt10_HashtableINSt7__cxx1112basic_stringIcSt11char_traitsIcESaIcEEESt4pairIKS5_mESaIS8_ENSt8__detail10_Select1stESt8equal_toIS5_ESt4hashIS5_ENSA_18_Mod_range_hashingENSA_20_Default_ranged_hashENSA_20_Prime_rehash_policyENSA_17_Hashtable_traitsILb1ELb0ELb1EEEE13_M_rehash_auxEmSt17integral_constantIbLb1EE
FNDA:0,_ZNKSt10_HashtableINSt7__cxx1112basic_stringIcSt11char_traitsIcESaIcEEESt4pairIKS5_mESaIS8_ENSt8__detail10_Select1stESt8equal_toIS5_ESt4hashIS5_ENSA_18_Mod_range_hashingENSA_20_Default_ranged_hashENSA_20_Prime_rehash_policyENSA_17_Hashtable_traitsILb1ELb0ELb1EEEE21_M_uses_single_bucketEPPNSA_15_Hash_node_baseE
FNDA:0,_ZNSt10_HashtableINSt7__cxx1112basic_stringIcSt11char_traitsIcESaIcEEESt4pairIKS5_mESaIS8_ENSt8__detail10_Select1stESt8equal_toIS5_ESt4hashIS5_ENSA_18_Mod_range_hashingENSA_20_Default_ranged_hashENSA_20_Prime_rehash_policyENSA_17_Hashtable_traitsILb1ELb0ELb1EEEE19_M_allocate_bucketsEm
FNDA:0,_ZNSt10_HashtableINSt7__cxx1112basic_stringIcSt11char_traitsIcESaIcEEESt4pairIKS5_mESaIS8_ENSt8__detail10_Select1stESt8equal_toIS5_ESt4hashIS5_ENSA_18_Mod_range_hashingENSA_20_Default_ranged_hashENSA_20_Prime_rehash_policyENSA_17_Hashtable_traitsILb1ELb0ELb1EEEE21_M_deallocate_bucketsEPPNSA_15_Hash_node_baseEm
FNDA:0,_ZNSt10_HashtableINSt7__cxx1112basic_stringIcSt11char_traitsIcESaIcEEESt4pairIKS5_mESaIS8_ENSt8__detail10_Select1stESt8equal_toIS5_ESt4hashIS5_ENSA_18_Mod_range_hashingENSA_20_Default_ranged_hashENSA_20_Prime_rehash_policyENSA_17_Hashtable_traitsILb1ELb0ELb1EEEE21_M_deallocate_bucketsEv
FNDA:0,_ZNKSt10_HashtableINSt7__cxx1112basic_stringIcSt11char_traitsIcESaIcEEESt4pairIKS5_mESaIS8_ENSt8__detail10_Select1stESt8equal_toIS5_ESt4hashIS5_ENSA_18_Mod_range_hashingENSA_20_Default_ranged_hashENSA_20_Prime_rehash_policyENSA_17_Hashtable_traitsILb1ELb0ELb1EEEE8_M_beginEv
FNDA:0,_ZNSt10_HashtableINSt7__cxx1112basic_stringIcSt11char_traitsIcESaIcEEESt4pairIKS5_mESaIS8_ENSt8__detail10_Select1stESt8equal_toIS5_ESt4hashIS5_ENSA_18_Mod_range_hashingENSA_20_Default_ranged_hashENSA_20_Prime_rehash_policyENSA_17_Hashtable_traitsILb1ELb0ELb1EEEEC2Ev
FNDA:0,_ZNSt10_HashtableINSt7__cxx1112basic_stringIcSt11char_traitsIcESaIcEEESt4pairIKS5_mESaIS8_ENSt8__detail10_Select1stESt8equal_toIS5_ESt4hashIS5_ENSA_18_Mod_range_hashingENSA_20_Default_ranged_hashENSA_20_Prime_rehash_policyENSA_17_Hashtable_traitsILb1ELb0ELb1EEEE3endEv
FNDA:0,_ZNKSt10_HashtableINSt7__cxx1112basic_stringIcSt11char_traitsIcESaIcEEESt4pairIKS5_mESaIS8_ENSt8__detail10_Select1stESt8equal_toIS5_ESt4hashIS5_ENSA_18_Mod_range_hashingENSA_20_Default_ranged_hashENSA_20_Prime_rehash_policyENSA_17_Hashtable_traitsILb1ELb0ELb1EEEE15_M_bucket_indexEPNSA_10_Hash_nodeIS8_Lb1EEE
FNDA:0,_ZNKSt10_HashtableINSt7__cxx1112basic_stringIcSt11char_traitsIcESaIcEEESt4pairIKS5_mESaIS8_ENSt8__detail10_Select1stESt8equal_toIS5_ESt4hashIS5_ENSA_18_Mod_range_hashingENSA_20_Default_ranged_hashENSA_20_Prime_rehash_policyENSA_17_Hashtable_traitsILb1ELb0ELb1EEEE15_M_bucket_indexERS7_m
FNDA:0,_ZNKSt10_HashtableINSt7__cxx1112basic_stringIcSt11char_traitsIcESaIcEEESt4pairIKS5_mESaIS8_ENSt8__detail10_Select1stESt8equal_toIS5_ESt4hashIS5_ENSA_18_Mod_range_hashingENSA_20_Default_ranged_hashENSA_20_Prime_rehash_policyENSA_17_Hashtable_traitsILb1ELb0ELb1EEEE12_M_find_nodeEmRS7_m
FNDA:0,_ZNSt10_HashtableINSt7__cxx1112basic_stringIcSt11char_traitsIcESaIcEEESt4pairIKS5_mESaIS8_ENSt8__detail10_Select1stESt8equal_toIS5_ESt4hashIS5_ENSA_18_Mod_range_hashingENSA_20_Default_ranged_hashENSA_20_Prime_rehash_policyENSA_17_Hashtable_traitsILb1ELb0ELb1EEEED2Ev
FNDA:0,_ZNSt10_HashtableINSt7__cxx1112basic_stringIcSt11char_traitsIcESaIcEEESt4pairIKS5_mESaIS8_ENSt8__detail10_Select1stESt8equal_toIS5_ESt4hashIS5_ENSA_18_Mod_range_hashingENSA_20_Default_ranged_hashENSA_20_Prime_rehash_policyENSA_17_Hashtable_traitsILb1ELb0ELb1EEEE4findERS7_
FNDA:0,_ZNKSt10_HashtableINSt7__cxx1112basic_stringIcSt11char_traitsIcESaIcEEESt4pairIKS5_mESaIS8_ENSt8__detail10_Select1stESt8equal_toIS5_ESt4hashIS5_ENSA_18_Mod_range_hashingENSA_20_Default_ranged_hashENSA_20_Prime_rehash_policyENSA_17_Hashtable_traitsILb1ELb0ELb1EEEE19_M_find_before_nodeEmRS7_m
FNDA:0,_ZNSt10_HashtableINSt7__cxx1112basic_stringIcSt11char_traitsIcESaIcEEESt4pairIKS5_mESaIS8_ENSt8__detail10_Select1stESt8equal_toIS5_ESt4hashIS5_ENSA_18_Mod_range_hashingENSA_20_Default_ranged_hashENSA_20_Prime_rehash_policyENSA_17_Hashtable_traitsILb1ELb0ELb1EEEE22_M_insert_bucket_beginEmPNSA_10_Hash_nodeIS8_Lb1EEE
FNDA:0,_ZNSt10_HashtableINSt7__cxx1112basic_stringIcSt11char_traitsIcESaIcEEESt4pairIKS5_mESaIS8_ENSt8__detail10_Select1stESt8equal_toIS5_ESt4hashIS5_ENSA_18_Mod_range_hashingENSA_20_Default_ranged_hashENSA_20_Prime_rehash_policyENSA_17_Hashtable_traitsILb1ELb0ELb1EEEE21_M_insert_unique_nodeEmmPNSA_10_Hash_nodeIS8_Lb1EEE
FNDA:0,_ZNSt10_HashtableINSt7__cxx1112basic_stringIcSt11char_traitsIcESaIcEEESt4pairIKS5_mESaIS8_ENSt8__detail10_Select1stESt8equal_toIS5_ESt4hashIS5_ENSA_18_Mod_range_hashingENSA_20_Default_ranged_hashENSA_20_Prime_rehash_policyENSA_17_Hashtable_traitsILb1ELb0ELb1EEEE5clearEv
FNDA:0,_ZNSt10_HashtableINSt7__cxx1112basic_stringIcSt11char_traitsIcESaIcEEESt4pairIKS5_mESaIS8_ENSt8__detail10_Select1stESt8equal_toIS5_ESt4hashIS5_ENSA_18_Mod_range_hashingENSA_20_Default_ranged_hashENSA_20_Prime_rehash_policyENSA_17_Hashtable_traitsILb1ELb0ELb1EEEE9_M_rehashEmRKm
FNDA:0,_ZNSt10_HashtableINSt7__cxx1112basic_stringIcSt11char_traitsIcESaIcEEESt4pairIKS5_mESaIS8_ENSt8__detail10_Select1stESt8equal_toIS5_ESt4hashIS5_ENSA_18_Mod_range_hashingENSA_20_Default_ranged_hashENSA_20_Prime_rehash_policyENSA_17_Hashtable_traitsILb1ELb0ELb1EEEE13_M_rehash_auxEmSt17integral_constantIbLb1EE
FNF:18
FNH:0
DA:327,0
DA:328,0
DA:338,0
DA:340,0
DA:342,0
DA:343,0
DA:346,0
DA:350,0
DA:352,0
DA:353,0
DA:355,0
DA:359,0
DA:360,0
DA:368,0
DA:369,0
DA:393,0
DA:491,0
DA:492,0
DA:618,0
DA:619,0
DA:622,0
DA:623,0
DA:631,0
DA:634,0
DA:635,0
DA:636,0
DA:637,0
DA:1223,0
DA:1227,0
DA:1228,0
DA:1229,0
DA:1287,0
DA:1292,0
DA:1293,0
DA:1294,0
DA:1295,0
DA:1407,0
DA:1413,0
DA:1414,0
DA:1415,0
DA:1417,0
DA:1420,0
DA:1421,0
DA:1423,0
DA:1424,0
DA:1425,0
DA:1427,0
DA:1435,0
DA:1439,0
DA:1443,0
DA:1444,0
DA:1451,0
DA:1452,0
DA:1453,0
DA:1456,0
DA:1457,0
DA:1459,0
DA:1573,0
DA:1579,0
DA:1581,0
DA:1585,0
DA:1587,0
DA:1588,0
DA:1591,0
DA:1594,0
DA:1595,0
DA:1596,0
DA:1598,0
DA:1600,0
DA:1601,0
DA:1897,0
DA:1901,0
DA:1902,0
DA:1903,0
DA:1904,0
DA:1905,0
DA:1934,0
DA:1940,0
DA:1942,0
DA:1946,0
DA:1947,0
DA:1949,0
DA:1957,0
DA:1961,0
DA:1962,0
DA:1963,0
DA:1964,0
DA:1965,0
DA:1967,0
DA:1968,0
DA:1969,0
DA:1971,0
DA:1972,0
DA:1973,0
DA:1974,0
DA:1975,0
DA:1976,0
DA:1980,0
DA:1981,0
DA:1983,0
DA:1986,0
DA:1987,0
DA:1988,0
DA:1989,0
LF:104
LH:0
end_of_record
SF:/usr/include/c++/6/bits/hashtable_policy.h
FN:96,_ZNSt8__detail10_Select1stC2Ev
FN:100,_ZNKSt8__detail10_Select1stclIRSt4pairIKNSt7__cxx1112basic_stringIcSt11char_traitsIcESaIcEEEmEEEDTcl3getILi0EEcl7forwardIT_Efp_EEEOSC_
FN:231,_ZNSt8__detail15_Hash_node_baseC2Ev
FN:242,_ZNSt8__detail21_Hash_node_value_baseISt4pairIKNSt7__cxx1112basic_stringIcSt11char_traitsIcESaIcEEEmEEC2Ev
FN:249,_ZNSt8__detail21_Hash_node_value_baseISt4pairIKNSt7__cxx1112basic_stringIcSt11char_traitsIcESaIcEEEmEE9_M_valptrEv
FN:257,_ZNSt8__detail21_Hash_node_value_baseISt4pairIKNSt7__cxx1112basic_stringIcSt11char_traitsIcESaIcEEEmEE4_M_vEv
FN:277,_ZNSt8__detail10_Hash_nodeISt4pairIKNSt7__cxx1112basic_stringIcSt11char_traitsIcESaIcEEEmELb1EEC2Ev
FN:282,_ZNKSt8__detail10_Hash_nodeISt4pairIKNSt7__cxx1112basic_stringIcSt11char_traitsIcESaIcEEEmELb1EE7_M_nextEv
FN:307,_ZNSt8__detail19_Node_iterator_baseISt4pairIKNSt7__cxx1112basic_stringIcSt11char_traitsIcESaIcEEEmELb1EEC2EPNS_10_Hash_nodeIS9_Lb1EEE
FN:324,_ZNSt8__detailneISt4pairIKNSt7__cxx1112basic_stringIcSt11char_traitsIcESaIcEEEmELb1EEEbRKNS_19_Node_iterator_baseIT_XT0_EEESE_
FN:353,_ZNSt8__detail14_Node_iteratorISt4pairIKNSt7__cxx1112basic_stringIcSt11char_traitsIcESaIcEEEmELb0ELb1EEC2EPNS_10_Hash_nodeIS9_Lb1EEE
FN:361,_ZNKSt8__detail14_Node_iteratorISt4pairIKNSt7__cxx1112basic_stringIcSt11char_traitsIcESaIcEEEmELb0ELb1EEptEv
FN:437,_ZNSt8__detail18_Mod_range_hashingC2Ev
FN:444,_ZNKSt8__detail18_Mod_range_hashingclEmm
FN:460,_ZNSt8__detail20_Prime_rehash_policyC2Ef
FN:487,_ZNKSt8__detail20_Prime_rehash_policy8_M_stateEv
FN:495,_ZNSt8__detail20_Prime_rehash_policy8_M_resetEm
FN:543,_ZNSt8__detail9_Map_baseINSt7__cxx1112basic_stringIcSt11char_traitsIcESaIcEEESt4pairIKS6_mESaIS9_ENS_10_Select1stESt8equal_toIS6_ESt4hashIS6_ENS_18_Mod_range_hashingENS_20_Default_ranged_hashENS_20_Prime_rehash_policyENS_17_Hashtable_traitsILb1ELb0ELb1EEELb1EEC2Ev
FN:608,_ZNSt8__detail9_Map_baseINSt7__cxx1112basic_stringIcSt11char_traitsIcESaIcEEESt4pairIKS6_mESaIS9_ENS_10_Select1stESt8equal_toIS6_ESt4hashIS6_ENS_18_Mod_range_hashingENS_20_Default_ranged_hashENS_20_Prime_rehash_policyENS_17_Hashtable_traitsILb1ELb0ELb1EEELb1EEixEOS6_
FN:676,_ZNSt8__detail12_Insert_baseINSt7__cxx1112basic_stringIcSt11char_traitsIcESaIcEEESt4pairIKS6_mESaIS9_ENS_10_Select1stESt8equal_toIS6_ESt4hashIS6_ENS_18_Mod_range_hashingENS_20_Default_ranged_hashENS_20_Prime_rehash_policyENS_17_Hashtable_traitsILb1ELb0ELb1EEEEC2Ev
FN:869,_ZNSt8__detail7_InsertINSt7__cxx1112basic_stringIcSt11char_traitsIcESaIcEEESt4pairIKS6_mESaIS9_ENS_10_Select1stESt8equal_toIS6_ESt4hashIS6_ENS_18_Mod_range_hashingENS_20_Default_ranged_hashENS_20_Prime_rehash_policyENS_17_Hashtable_traitsILb1ELb0ELb1EEELb0ELb1EEC2Ev
FN:930,_ZNSt8__detail12_Rehash_baseINSt7__cxx1112basic_stringIcSt11char_traitsIcESaIcEEESt4pairIKS6_mESaIS9_ENS_10_Select1stESt8equal_toIS6_ESt4hashIS6_ENS_18_Mod_range_hashingENS_20_Default_ranged_hashENS_20_Prime_rehash_policyENS_17_Hashtable_traitsILb1ELb0ELb1EEEEC2Ev
FN:971,_ZNSt8__detail21_Hashtable_ebo_helperILi0ESaINS_10_Hash_nodeISt4pairIKNSt7__cxx1112basic_stringIcSt11char_traitsIcESaIcEEEmELb1EEEELb1EED2Ev
FN:974,_ZNSt8__detail21_Hashtable_ebo_helperILi0ENS_10_Select1stELb1EEC2Ev
FN:974,_ZNSt8__detail21_Hashtable_ebo_helperILi0ESt8equal_toINSt7__cxx1112basic_stringIcSt11char_traitsIcESaIcEEEELb1EEC2Ev
FN:974,_ZNSt8__detail21_Hashtable_ebo_helperILi1ESt4hashINSt7__cxx1112basic_stringIcSt11char_traitsIcESaIcEEEELb1EEC2Ev
FN:974,_ZNSt8__detail21_Hashtable_ebo_helperILi0ESaINS_10_Hash_nodeISt4pairIKNSt7__cxx1112basic_stringIcSt11char_traitsIcESaIcEEEmELb1EEEELb1EEC2Ev
FN:974,_ZNSt8__detail21_Hashtable_ebo_helperILi2ENS_18_Mod_range_hashingELb1EEC2Ev
FN:982,_ZNSt8__detail21_Hashtable_ebo_helperILi0ESt8equal_toINSt7__cxx1112basic_stringIcSt11char_traitsIcESaIcEEEELb1EE7_S_cgetERKS9_
FN:982,_ZNSt8__detail21_Hashtable_ebo_helperILi2ENS_18_Mod_range_hashingELb1EE7_S_cgetERKS2_
FN:982,_ZNSt8__detail21_Hashtable_ebo_helperILi1ESt4hashINSt7__cxx1112basic_stringIcSt11char_traitsIcESaIcEEEELb1EE7_S_cgetERKS9_
FN:982,_ZNSt8__detail21_Hashtable_ebo_helperILi0ENS_10_Select1stELb1EE7_S_cgetERKS2_
FN:986,_ZNSt8__detail21_Hashtable_ebo_helperILi0ESaINS_10_Hash_nodeISt4pairIKNSt7__cxx1112basic_stringIcSt11char_traitsIcESaIcEEEmELb1EEEELb1EE6_S_getERSD_
FN:986,_ZNSt8__detail21_Hashtable_ebo_helperILi0ENS_10_Select1stELb1EE6_S_getERS2_
FN:1247,_ZNSt8__detail15_Hash_code_baseINSt7__cxx1112basic_stringIcSt11char_traitsIcESaIcEEESt4pairIKS6_mENS_10_Select1stESt4hashIS6_ENS_18_Mod_range_hashingENS_20_Default_ranged_hashELb1EEC2Ev
FN:1254,_ZNKSt8__detail15_Hash_code_baseINSt7__cxx1112basic_stringIcSt11char_traitsIcESaIcEEESt4pairIKS6_mENS_10_Select1stESt4hashIS6_ENS_18_Mod_range_hashingENS_20_Default_ranged_hashELb1EE12_M_hash_codeERS8_
FN:1258,_ZNKSt8__detail15_Hash_code_baseINSt7__cxx1112basic_stringIcSt11char_traitsIcESaIcEEESt4pairIKS6_mENS_10_Select1stESt4hashIS6_ENS_18_Mod_range_hashingENS_20_Default_ranged_hashELb1EE15_M_bucket_indexERS8_mm
FN:1263,_ZNKSt8__detail15_Hash_code_baseINSt7__cxx1112basic_stringIcSt11char_traitsIcESaIcEEESt4pairIKS6_mENS_10_Select1stESt4hashIS6_ENS_18_Mod_range_hashingENS_20_Default_ranged_hashELb1EE15_M_bucket_indexEPKNS_10_Hash_nodeIS9_Lb1EEEm
FN:1269,_ZNKSt8__detail15_Hash_code_baseINSt7__cxx1112basic_stringIcSt11char_traitsIcESaIcEEESt4pairIKS6_mENS_10_Select1stESt4hashIS6_ENS_18_Mod_range_hashingENS_20_Default_ranged_hashELb1EE13_M_store_codeEPNS_10_Hash_nodeIS9_Lb1EEEm
FN:1285,_ZNKSt8__detail15_Hash_code_baseINSt7__cxx1112basic_stringIcSt11char_traitsIcESaIcEEESt4pairIKS6_mENS_10_Select1stESt4hashIS6_ENS_18_Mod_range_hashingENS_20_Default_ranged_hashELb1EE10_M_extractEv
FN:1288,_ZNSt8__detail15_Hash_code_baseINSt7__cxx1112basic_stringIcSt11char_traitsIcESaIcEEESt4pairIKS6_mENS_10_Select1stESt4hashIS6_ENS_18_Mod_range_hashingENS_20_Default_ranged_hashELb1EE10_M_extractEv
FN:1291,_ZNKSt8__detail15_Hash_code_baseINSt7__cxx1112basic_stringIcSt11char_traitsIcESaIcEEESt4pairIKS6_mENS_10_Select1stESt4hashIS6_ENS_18_Mod_range_hashingENS_20_Default_ranged_hashELb1EE5_M_h1Ev
FN:1297,_ZNKSt8__detail15_Hash_code_baseINSt7__cxx1112basic_stringIcSt11char_traitsIcESaIcEEESt4pairIKS6_mENS_10_Select1stESt4hashIS6_ENS_18_Mod_range_hashingENS_20_Default_ranged_hashELb1EE5_M_h2Ev
FN:1318,_ZNSt8__detail13_Equal_helperINSt7__cxx1112basic_stringIcSt11char_traitsIcESaIcEEESt4pairIKS6_mENS_10_Select1stESt8equal_toIS6_EmLb1EE9_S_equalsERKSC_RKSA_RS8_mPNS_10_Hash_nodeIS9_Lb1EEE
FN:1692,_ZNSt8__detail15_Hashtable_baseINSt7__cxx1112basic_stringIcSt11char_traitsIcESaIcEEESt4pairIKS6_mENS_10_Select1stESt8equal_toIS6_ESt4hashIS6_ENS_18_Mod_range_hashingENS_20_Default_ranged_hashENS_17_Hashtable_traitsILb1ELb0ELb1EEEEC2Ev
FN:1699,_ZNKSt8__detail15_Hashtable_baseINSt7__cxx1112basic_stringIcSt11char_traitsIcESaIcEEESt4pairIKS6_mENS_10_Select1stESt8equal_toIS6_ESt4hashIS6_ENS_18_Mod_range_hashingENS_20_Default_ranged_hashENS_17_Hashtable_traitsILb1ELb0ELb1EEEE9_M_equalsERS8_mPNS_10_Hash_nodeIS9_Lb1EEE
FN:1713,_ZNKSt8__detail15_Hashtable_baseINSt7__cxx1112basic_stringIcSt11char_traitsIcESaIcEEESt4pairIKS6_mENS_10_Select1stESt8equal_toIS6_ESt4hashIS6_ENS_18_Mod_range_hashingENS_20_Default_ranged_hashENS_17_Hashtable_traitsILb1ELb0ELb1EEEE5_M_eqEv
FN:1798,_ZNSt8__detail9_EqualityINSt7__cxx1112basic_stringIcSt11char_traitsIcESaIcEEESt4pairIKS6_mESaIS9_ENS_10_Select1stESt8equal_toIS6_ESt4hashIS6_ENS_18_Mod_range_hashingENS_20_Default_ranged_hashENS_20_Prime_rehash_policyENS_17_Hashtable_traitsILb1ELb0ELb1EEELb1EEC2Ev
FN:1884,_ZNSt8__detail16_Hashtable_allocISaINS_10_Hash_nodeISt4pairIKNSt7__cxx1112basic_stringIcSt11char_traitsIcESaIcEEEmELb1EEEEED2Ev
FN:1905,_ZNSt8__detail16_Hashtable_allocISaINS_10_Hash_nodeISt4pairIKNSt7__cxx1112basic_stringIcSt11char_traitsIcESaIcEEEmELb1EEEEEC2Ev
FN:1915,_ZNSt8__detail16_Hashtable_allocISaINS_10_Hash_nodeISt4pairIKNSt7__cxx1112basic_stringIcSt11char_traitsIcESaIcEEEmELb1EEEEE17_M_node_allocatorEv
FN:1945,_ZNSt8__detail16_Hashtable_allocISaINS_10_Hash_nodeISt4pairIKNSt7__cxx1112basic_stringIcSt11char_traitsIcESaIcEEEmELb1EEEEE16_M_allocate_nodeIJRKSt21piecewise_construct_tSt5tupleIJOS8_EESI_IJEEEEEPSB_DpOT_
FN:1966,_ZNSt8__detail16_Hashtable_allocISaINS_10_Hash_nodeISt4pairIKNSt7__cxx1112basic_stringIcSt11char_traitsIcESaIcEEEmELb1EEEEE18_M_deallocate_nodeEPSB_
FN:1978,_ZNSt8__detail16_Hashtable_allocISaINS_10_Hash_nodeISt4pairIKNSt7__cxx1112basic_stringIcSt11char_traitsIcESaIcEEEmELb1EEEEE19_M_deallocate_nodesEPSB_
FN:1990,_ZNSt8__detail16_Hashtable_allocISaINS_10_Hash_nodeISt4pairIKNSt7__cxx1112basic_stringIcSt11char_traitsIcESaIcEEEmELb1EEEEE19_M_allocate_bucketsEm
FN:2002,_ZNSt8__detail16_Hashtable_allocISaINS_10_Hash_nodeISt4pairIKNSt7__cxx1112basic_stringIcSt11char_traitsIcESaIcEEEmELb1EEEEE21_M_deallocate_bucketsEPPNS_15_Hash_node_baseEm
FNDA:0,_ZNSt8__detail10_Select1stC2Ev
FNDA:0,_ZNKSt8__detail10_Select1stclIRSt4pairIKNSt7__cxx1112basic_stringIcSt11char_traitsIcESaIcEEEmEEEDTcl3getILi0EEcl7forwardIT_Efp_EEEOSC_
FNDA:0,_ZNSt8__detail15_Hash_node_baseC2Ev
FNDA:0,_ZNSt8__detail21_Hash_node_value_baseISt4pairIKNSt7__cxx1112basic_stringIcSt11char_traitsIcESaIcEEEmEEC2Ev
FNDA:0,_ZNSt8__detail21_Hash_node_value_baseISt4pairIKNSt7__cxx1112basic_stringIcSt11char_traitsIcESaIcEEEmEE9_M_valptrEv
FNDA:0,_ZNSt8__detail21_Hash_node_value_baseISt4pairIKNSt7__cxx1112basic_stringIcSt11char_traitsIcESaIcEEEmEE4_M_vEv
FNDA:0,_ZNSt8__detail10_Hash_nodeISt4pairIKNSt7__cxx1112basic_stringIcSt11char_traitsIcESaIcEEEmELb1EEC2Ev
FNDA:0,_ZNKSt8__detail10_Hash_nodeISt4pairIKNSt7__cxx1112basic_stringIcSt11char_traitsIcESaIcEEEmELb1EE7_M_nextEv
FNDA:0,_ZNSt8__detail19_Node_iterator_baseISt4pairIKNSt7__cxx1112basic_stringIcSt11char_traitsIcESaIcEEEmELb1EEC2EPNS_10_Hash_nodeIS9_Lb1EEE
FNDA:0,_ZNSt8__detailneISt4pairIKNSt7__cxx1112basic_stringIcSt11char_traitsIcESaIcEEEmELb1EEEbRKNS_19_Node_iterator_baseIT_XT0_EEESE_
FNDA:0,_ZNSt8__detail14_Node_iteratorISt4pairIKNSt7__cxx1112basic_stringIcSt11char_traitsIcESaIcEEEmELb0ELb1EEC2EPNS_10_Hash_nodeIS9_Lb1EEE
FNDA:0,_ZNKSt8__detail14_Node_iteratorISt4pairIKNSt7__cxx1112basic_stringIcSt11char_traitsIcESaIcEEEmELb0ELb1EEptEv
FNDA:0,_ZNSt8__detail18_Mod_range_hashingC2Ev
FNDA:0,_ZNKSt8__detail18_Mod_range_hashingclEmm
FNDA:0,_ZNSt8__detail20_Prime_rehash_policyC2Ef
FNDA:0,_ZNKSt8__detail20_Prime_rehash_policy8_M_stateEv
FNDA:0,_ZNSt8__detail20_Prime_rehash_policy8_M_resetEm
FNDA:0,_ZNSt8__detail9_Map_baseINSt7__cxx1112basic_stringIcSt11char_traitsIcESaIcEEESt4pairIKS6_mESaIS9_ENS_10_Select1stESt8equal_toIS6_ESt4hashIS6_ENS_18_Mod_range_hashingENS_20_Default_ranged_hashENS_20_Prime_rehash_policyENS_17_Hashtable_traitsILb1ELb0ELb1EEELb1EEC2Ev
FNDA:0,_ZNSt8__detail9_Map_baseINSt7__cxx1112basic_stringIcSt11char_traitsIcESaIcEEESt4pairIKS6_mESaIS9_ENS_10_Select1stESt8equal_toIS6_ESt4hashIS6_ENS_18_Mod_range_hashingENS_20_Default_ranged_hashENS_20_Prime_rehash_policyENS_17_Hashtable_traitsILb1ELb0ELb1EEELb1EEixEOS6_
FNDA:0,_ZNSt8__detail12_Insert_baseINSt7__cxx1112basic_stringIcSt11char_traitsIcESaIcEEESt4pairIKS6_mESaIS9_ENS_10_Select1stESt8equal_toIS6_ESt4hashIS6_ENS_18_Mod_range_hashingENS_20_Default_ranged_hashENS_20_Prime_rehash_policyENS_17_Hashtable_traitsILb1ELb0ELb1EEEEC2Ev
FNDA:0,_ZNSt8__detail7_InsertINSt7__cxx1112basic_stringIcSt11char_traitsIcESaIcEEESt4pairIKS6_mESaIS9_ENS_10_Select1stESt8equal_toIS6_ESt4hashIS6_ENS_18_Mod_range_hashingENS_20_Default_ranged_hashENS_20_Prime_rehash_policyENS_17_Hashtable_traitsILb1ELb0ELb1EEELb0ELb1EEC2Ev
FNDA:0,_ZNSt8__detail12_Rehash_baseINSt7__cxx1112basic_stringIcSt11char_traitsIcESaIcEEESt4pairIKS6_mESaIS9_ENS_10_Select1stESt8equal_toIS6_ESt4hashIS6_ENS_18_Mod_range_hashingENS_20_Default_ranged_hashENS_20_Prime_rehash_policyENS_17_Hashtable_traitsILb1ELb0ELb1EEEEC2Ev
FNDA:0,_ZNSt8__detail21_Hashtable_ebo_helperILi0ESaINS_10_Hash_nodeISt4pairIKNSt7__cxx1112basic_stringIcSt11char_traitsIcESaIcEEEmELb1EEEELb1EED2Ev
FNDA:0,_ZNSt8__detail21_Hashtable_ebo_helperILi0ENS_10_Select1stELb1EEC2Ev
FNDA:0,_ZNSt8__detail21_Hashtable_ebo_helperILi0ESt8equal_toINSt7__cxx1112basic_stringIcSt11char_traitsIcESaIcEEEELb1EEC2Ev
FNDA:0,_ZNSt8__detail21_Hashtable_ebo_helperILi1ESt4hashINSt7__cxx1112basic_stringIcSt11char_traitsIcESaIcEEEELb1EEC2Ev
FNDA:0,_ZNSt8__detail21_Hashtable_ebo_helperILi0ESaINS_10_Hash_nodeISt4pairIKNSt7__cxx1112basic_stringIcSt11char_traitsIcESaIcEEEmELb1EEEELb1EEC2Ev
FNDA:0,_ZNSt8__detail21_Hashtable_ebo_helperILi2ENS_18_Mod_range_hashingELb1EEC2Ev
FNDA:0,_ZNSt8__detail21_Hashtable_ebo_helperILi0ESt8equal_toINSt7__cxx1112basic_stringIcSt11char_traitsIcESaIcEEEELb1EE7_S_cgetERKS9_
FNDA:0,_ZNSt8__detail21_Hashtable_ebo_helperILi2ENS_18_Mod_range_hashingELb1EE7_S_cgetERKS2_
FNDA:0,_ZNSt8__detail21_Hashtable_ebo_helperILi1ESt4hashINSt7__cxx1112basic_stringIcSt11char_traitsIcESaIcEEEELb1EE7_S_cgetERKS9_
FNDA:0,_ZNSt8__detail21_Hashtable_ebo_helperILi0ENS_10_Select1stELb1EE7_S_cgetERKS2_
FNDA:0,_ZNSt8__detail21_Hashtable_ebo_helperILi0ESaINS_10_Hash_nodeISt4pairIKNSt7__cxx1112basic_stringIcSt11char_traitsIcESaIcEEEmELb1EEEELb1EE6_S_getERSD_
FNDA:0,_ZNSt8__detail21_Hashtable_ebo_helperILi0ENS_10_Select1stELb1EE6_S_getERS2_
FNDA:0,_ZNSt8__detail15_Hash_code_baseINSt7__cxx1112basic_stringIcSt11char_traitsIcESaIcEEESt4pairIKS6_mENS_10_Select1stESt4hashIS6_ENS_18_Mod_range_hashingENS_20_Default_ranged_hashELb1EEC2Ev
FNDA:0,_ZNKSt8__detail15_Hash_code_baseINSt7__cxx1112basic_stringIcSt11char_traitsIcESaIcEEESt4pairIKS6_mENS_10_Select1stESt4hashIS6_ENS_18_Mod_range_hashingENS_20_Default_ranged_hashELb1EE12_M_hash_codeERS8_
FNDA:0,_ZNKSt8__detail15_Hash_code_baseINSt7__cxx1112basic_stringIcSt11char_traitsIcESaIcEEESt4pairIKS6_mENS_10_Select1stESt4hashIS6_ENS_18_Mod_range_hashingENS_20_Default_ranged_hashELb1EE15_M_bucket_indexERS8_mm
FNDA:0,_ZNKSt8__detail15_Hash_code_baseINSt7__cxx1112basic_stringIcSt11char_traitsIcESaIcEEESt4pairIKS6_mENS_10_Select1stESt4hashIS6_ENS_18_Mod_range_hashingENS_20_Default_ranged_hashELb1EE15_M_bucket_indexEPKNS_10_Hash_nodeIS9_Lb1EEEm
FNDA:0,_ZNKSt8__detail15_Hash_code_baseINSt7__cxx1112basic_stringIcSt11char_traitsIcESaIcEEESt4pairIKS6_mENS_10_Select1stESt4hashIS6_ENS_18_Mod_range_hashingENS_20_Default_ranged_hashELb1EE13_M_store_codeEPNS_10_Hash_nodeIS9_Lb1EEEm
FNDA:0,_ZNKSt8__detail15_Hash_code_baseINSt7__cxx1112basic_stringIcSt11char_traitsIcESaIcEEESt4pairIKS6_mENS_10_Select1stESt4hashIS6_ENS_18_Mod_range_hashingENS_20_Default_ranged_hashELb1EE10_M_extractEv
FNDA:0,_ZNSt8__detail15_Hash_code_baseINSt7__cxx1112basic_stringIcSt11char_traitsIcESaIcEEESt4pairIKS6_mENS_10_Select1stESt4hashIS6_ENS_18_Mod_range_hashingENS_20_Default_ranged_hashELb1EE10_M_extractEv
FNDA:0,_ZNKSt8__detail15_Hash_code_baseINSt7__cxx1112basic_stringIcSt11char_traitsIcESaIcEEESt4pairIKS6_mENS_10_Select1stESt4hashIS6_ENS_18_Mod_range_hashingENS_20_Default_ranged_hashELb1EE5_M_h1Ev
FNDA:0,_ZNKSt8__detail15_Hash_code_baseINSt7__cxx1112basic_stringIcSt11char_traitsIcESaIcEEESt4pairIKS6_mENS_10_Select1stESt4hashIS6_ENS_18_Mod_range_hashingENS_20_Default_ranged_hashELb1EE5_M_h2Ev
FNDA:0,_ZNSt8__detail13_Equal_helperINSt7__cxx1112basic_stringIcSt11char_traitsIcESaIcEEESt4pairIKS6_mENS_10_Select1stESt8equal_toIS6_EmLb1EE9_S_equalsERKSC_RKSA_RS8_mPNS_10_Hash_nodeIS9_Lb1EEE
FNDA:0,_ZNSt8__detail15_Hashtable_baseINSt7__cxx1112basic_stringIcSt11char_traitsIcESaIcEEESt4pairIKS6_mENS_10_Select1stESt8equal_toIS6_ESt4hashIS6_ENS_18_Mod_range_hashingENS_20_Default_ranged_hashENS_17_Hashtable_traitsILb1ELb0ELb1EEEEC2Ev
FNDA:0,_ZNKSt8__detail15_Hashtable_baseINSt7__cxx1112basic_stringIcSt11char_traitsIcESaIcEEESt4pairIKS6_mENS_10_Select1stESt8equal_toIS6_ESt4hashIS6_ENS_18_Mod_range_hashingENS_20_Default_ranged_hashENS_17_Hashtable_traitsILb1ELb0ELb1EEEE9_M_equalsERS8_mPNS_10_Hash_nodeIS9_Lb1EEE
FNDA:0,_ZNKSt8__detail15_Hashtable_baseINSt7__cxx1112basic_stringIcSt11char_traitsIcESaIcEEESt4pairIKS6_mENS_10_Select1stESt8equal_toIS6_ESt4hashIS6_ENS_18_Mod_range_hashingENS_20_Default_ranged_hashENS_17_Hashtable_traitsILb1ELb0ELb1EEEE5_M_eqEv
FNDA:0,_ZNSt8__detail9_EqualityINSt7__cxx1112basic_stringIcSt11char_traitsIcESaIcEEESt4pairIKS6_mESaIS9_ENS_10_Select1stESt8equal_toIS6_ESt4hashIS6_ENS_18_Mod_range_hashingENS_20_Default_ranged_hashENS_20_Prime_rehash_policyENS_17_Hashtable_traitsILb1ELb0ELb1EEELb1EEC2Ev
FNDA:0,_ZNSt8__detail16_Hashtable_allocISaINS_10_Hash_nodeISt4pairIKNSt7__cxx1112basic_stringIcSt11char_traitsIcESaIcEEEmELb1EEEEED2Ev
FNDA:0,_ZNSt8__detail16_Hashtable_allocISaINS_10_Hash_nodeISt4pairIKNSt7__cxx1112basic_stringIcSt11char_traitsIcESaIcEEEmELb1EEEEEC2Ev
FNDA:0,_ZNSt8__detail16_Hashtable_allocISaINS_10_Hash_nodeISt4pairIKNSt7__cxx1112basic_stringIcSt11char_traitsIcESaIcEEEmELb1EEEEE17_M_node_allocatorEv
FNDA:0,_ZNSt8__detail16_Hashtable_allocISaINS_10_Hash_nodeISt4pairIKNSt7__cxx1112basic_stringIcSt11char_traitsIcESaIcEEEmELb1EEEEE16_M_allocate_nodeIJRKSt21piecewise_construct_tSt5tupleIJOS8_EESI_IJEEEEEPSB_DpOT_
FNDA:0,_ZNSt8__detail16_Hashtable_allocISaINS_10_Hash_nodeISt4pairIKNSt7__cxx1112basic_stringIcSt11char_traitsIcESaIcEEEmELb1EEEEE18_M_deallocate_nodeEPSB_
FNDA:0,_ZNSt8__detail16_Hashtable_allocISaINS_10_Hash_nodeISt4pairIKNSt7__cxx1112basic_stringIcSt11char_traitsIcESaIcEEEmELb1EEEEE19_M_deallocate_nodesEPSB_
FNDA:0,_ZNSt8__detail16_Hashtable_allocISaINS_10_Hash_nodeISt4pairIKNSt7__cxx1112basic_stringIcSt11char_traitsIcESaIcEEEmELb1EEEEE19_M_allocate_bucketsEm
FNDA:0,_ZNSt8__detail16_Hashtable_allocISaINS_10_Hash_nodeISt4pairIKNSt7__cxx1112basic_stringIcSt11char_traitsIcESaIcEEEmELb1EEEEE21_M_deallocate_bucketsEPPNS_15_Hash_node_baseEm
FNF:56
FNH:0
DA:96,0
DA:100,0
DA:102,0
DA:231,0
DA:242,0
DA:249,0
DA:250,0
DA:257,0
DA:258,0
DA:277,0
DA:282,0
DA:283,0
DA:307,0
DA:308,0
DA:324,0
DA:327,0
DA:353,0
DA:354,0
DA:361,0
DA:362,0
DA:437,0
DA:444,0
DA:446,0
DA:460,0
DA:461,0
DA:487,0
DA:488,0
DA:495,0
DA:496,0
DA:543,0
DA:608,0
DA:613,0
DA:614,0
DA:615,0
DA:616,0
DA:618,0
DA:620,0
DA:621,0
DA:623,0
DA:626,0
DA:676,0
DA:869,0
DA:930,0
DA:971,0
DA:974,0
DA:982,0
DA:983,0
DA:986,0
DA:987,0
DA:1247,0
DA:1254,0
DA:1255,0
DA:1258,0
DA:1260,0
DA:1263,0
DA:1266,0
DA:1269,0
DA:1270,0
DA:1285,0
DA:1288,0
DA:1291,0
DA:1297,0
DA:1318,0
DA:1320,0
DA:1692,0
DA:1699,0
DA:1701,0
DA:1702,0
DA:1713,0
DA:1798,0
DA:1884,0
DA:1905,0
DA:1915,0
DA:1916,0
DA:1945,0
DA:1947,0
DA:1948,0
DA:1951,0
DA:1952,0
DA:1953,0
DA:1955,0
DA:1957,0
DA:1959,0
DA:1960,0
DA:1966,0
DA:1969,0
DA:1970,0
DA:1971,0
DA:1973,0
DA:1974,0
DA:1978,0
DA:1980,0
DA:1982,0
DA:1983,0
DA:1984,0
DA:1986,0
DA:1990,0
DA:1992,0
DA:1994,0
DA:1995,0
DA:1996,0
DA:1997,0
DA:2002,0
DA:2006,0
DA:2007,0
DA:2008,0
DA:2009,0
LF:107
LH:0
end_of_record
SF:/usr/include/c++/6/bits/move.h
FN:47,_ZSt11__addressofIPNSt8__detail15_Hash_node_baseEEPT_RS3_
FN:47,_ZSt11__addressofI11AsyncBufferIhEEPT_RS2_
FN:47,_ZSt11__addressofINSt8__detail10_Hash_nodeISt4pairIKNSt7__cxx1112basic_stringIcSt11char_traitsIcESaIcEEEmELb1EEEEPT_RSC_
FN:76,_ZSt7forwardIRKSt21piecewise_construct_tEOT_RNSt16remove_referenceIS3_E4typeE
FN:76,_ZSt7forwardINSt7__cxx1112basic_stringIcSt11char_traitsIcESaIcEEEEOT_RNSt16remove_referenceIS6_E4typeE
FN:76,_ZSt7forwardIRSt4pairIKNSt7__cxx1112basic_stringIcSt11char_traitsIcESaIcEEEmEEOT_RNSt16remove_referenceISA_E4typeE
FN:76,_ZSt7forwardISt14default_deleteISt6vectorI11AsyncBufferIhESaIS3_EEEEOT_RNSt16remove_referenceIS7_E4typeE
FN:76,_ZSt7forwardIONSt7__cxx1112basic_stringIcSt11char_traitsIcESaIcEEEEOT_RNSt16remove_referenceIS7_E4typeE
FN:76,_ZSt7forwardISt5tupleIJONSt7__cxx1112basic_stringIcSt11char_traitsIcESaIcEEEEEEOT_RNSt16remove_referenceIS9_E4typeE
FN:76,_ZSt7forwardIPSt13unordered_mapINSt7__cxx1112basic_stringIcSt11char_traitsIcESaIcEEEmSt4hashIS6_ESt8equal_toIS6_ESaISt4pairIKS6_mEEEEOT_RNSt16remove_referenceISH_E4typeE
FN:76,_ZSt7forwardISt5tupleIJEEEOT_RNSt16remove_referenceIS2_E4typeE
FN:76,_ZSt7forwardISt14default_deleteISt13unordered_mapINSt7__cxx1112basic_stringIcSt11char_traitsIcESaIcEEEmSt4hashIS7_ESt8equal_toIS7_ESaISt4pairIKS7_mEEEEEOT_RNSt16remove_referenceISI_E4typeE
FN:76,_ZSt7forwardI11AsyncBufferIhEEOT_RNSt16remove_referenceIS2_E4typeE
FN:101,_ZSt4moveIRN4Napi9ReferenceINS0_6ObjectEEEEONSt16remove_referenceIT_E4typeEOS6_
FN:101,_ZSt4moveIR11AsyncBufferIhEEONSt16remove_referenceIT_E4typeEOS4_
FN:101,_ZSt4moveIRN4Napi9ReferenceINS0_8FunctionEEEEONSt16remove_referenceIT_E4typeEOS6_
FN:101,_ZSt4moveIRPSt13unordered_mapINSt7__cxx1112basic_stringIcSt11char_traitsIcESaIcEEEmSt4hashIS6_ESt8equal_toIS6_ESaISt4pairIKS6_mEEEEONSt16remove_referenceIT_E4typeEOSJ_
FN:101,_ZSt4moveIRNSt7__cxx1112basic_stringIcSt11char_traitsIcESaIcEEEEONSt16remove_referenceIT_E4typeEOS8_
FN:101,_ZSt4moveIRPSt6vectorI11AsyncBufferIhESaIS2_EEEONSt16remove_referenceIT_E4typeEOS8_
FN:135,_ZSt9addressofIPNSt8__detail15_Hash_node_baseEEPT_RS3_
FN:135,_ZSt9addressofINSt8__detail10_Hash_nodeISt4pairIKNSt7__cxx1112basic_stringIcSt11char_traitsIcESaIcEEEmELb1EEEEPT_RSC_
FN:179,_ZSt4swapIPSt6vectorI11AsyncBufferIhESaIS2_EEENSt9enable_ifIXsrSt6__and_IJSt21is_move_constructibleIT_ESt18is_move_assignableIS9_EEE5valueEvE4typeERS9_SG_
FN:179,_ZSt4swapIPSt13unordered_mapINSt7__cxx1112basic_stringIcSt11char_traitsIcESaIcEEEmSt4hashIS6_ESt8equal_toIS6_ESaISt4pairIKS6_mEEEENSt9enable_ifIXsrSt6__and_IJSt21is_move_constructibleIT_ESt18is_move_assignableISK_EEE5valueEvE4typeERSK_SR_
FNDA:0,_ZSt11__addressofIPNSt8__detail15_Hash_node_baseEEPT_RS3_
FNDA:0,_ZSt11__addressofI11AsyncBufferIhEEPT_RS2_
FNDA:0,_ZSt11__addressofINSt8__detail10_Hash_nodeISt4pairIKNSt7__cxx1112basic_stringIcSt11char_traitsIcESaIcEEEmELb1EEEEPT_RSC_
FNDA:0,_ZSt7forwardIRKSt21piecewise_construct_tEOT_RNSt16remove_referenceIS3_E4typeE
FNDA:0,_ZSt7forwardINSt7__cxx1112basic_stringIcSt11char_traitsIcESaIcEEEEOT_RNSt16remove_referenceIS6_E4typeE
FNDA:0,_ZSt7forwardIRSt4pairIKNSt7__cxx1112basic_stringIcSt11char_traitsIcESaIcEEEmEEOT_RNSt16remove_referenceISA_E4typeE
FNDA:0,_ZSt7forwardISt14default_deleteISt6vectorI11AsyncBufferIhESaIS3_EEEEOT_RNSt16remove_referenceIS7_E4typeE
FNDA:0,_ZSt7forwardIONSt7__cxx1112basic_stringIcSt11char_traitsIcESaIcEEEEOT_RNSt16remove_referenceIS7_E4typeE
FNDA:0,_ZSt7forwardISt5tupleIJONSt7__cxx1112basic_stringIcSt11char_traitsIcESaIcEEEEEEOT_RNSt16remove_referenceIS9_E4typeE
FNDA:0,_ZSt7forwardIPSt13unordered_mapINSt7__cxx1112basic_stringIcSt11char_traitsIcESaIcEEEmSt4hashIS6_ESt8equal_toIS6_ESaISt4pairIKS6_mEEEEOT_RNSt16remove_referenceISH_E4typeE
FNDA:0,_ZSt7forwardISt5tupleIJEEEOT_RNSt16remove_referenceIS2_E4typeE
FNDA:0,_ZSt7forwardISt14default_deleteISt13unordered_mapINSt7__cxx1112basic_stringIcSt11char_traitsIcESaIcEEEmSt4hashIS7_ESt8equal_toIS7_ESaISt4pairIKS7_mEEEEEOT_RNSt16remove_referenceISI_E4typeE
FNDA:0,_ZSt7forwardI11AsyncBufferIhEEOT_RNSt16remove_referenceIS2_E4typeE
FNDA:0,_ZSt4moveIRN4Napi9ReferenceINS0_6ObjectEEEEONSt16remove_referenceIT_E4typeEOS6_
FNDA:0,_ZSt4moveIR11AsyncBufferIhEEONSt16remove_referenceIT_E4typeEOS4_
FNDA:0,_ZSt4moveIRN4Napi9ReferenceINS0_8FunctionEEEEONSt16remove_referenceIT_E4typeEOS6_
FNDA:0,_ZSt4moveIRPSt13unordered_mapINSt7__cxx1112basic_stringIcSt11char_traitsIcESaIcEEEmSt4hashIS6_ESt8equal_toIS6_ESaISt4pairIKS6_mEEEEONSt16remove_referenceIT_E4typeEOSJ_
FNDA:0,_ZSt4moveIRNSt7__cxx1112basic_stringIcSt11char_traitsIcESaIcEEEEONSt16remove_referenceIT_E4typeEOS8_
FNDA:0,_ZSt4moveIRPSt6vectorI11AsyncBufferIhESaIS2_EEEONSt16remove_referenceIT_E4typeEOS8_
FNDA:0,_ZSt9addressofIPNSt8__detail15_Hash_node_baseEEPT_RS3_
FNDA:0,_ZSt9addressofINSt8__detail10_Hash_nodeISt4pairIKNSt7__cxx1112basic_stringIcSt11char_traitsIcESaIcEEEmELb1EEEEPT_RSC_
FNDA:0,_ZSt4swapIPSt6vectorI11AsyncBufferIhESaIS2_EEENSt9enable_ifIXsrSt6__and_IJSt21is_move_constructibleIT_ESt18is_move_assignableIS9_EEE5valueEvE4typeERS9_SG_
[...]
FNDA:0,_ZN9__gnu_cxx13new_allocatorISt4pairIKNSt7__cxx1112basic_stringIcSt11char_traitsIcESaIcEEEmEE9constructIS9_JRKSt21piecewise_construct_tSt5tupleIJOS7_EESF_IJEEEEEvPT_DpOT0_
FNDA:0,_ZN9__gnu_cxx13new_allocatorISt4pairIKNSt7__cxx1112basic_stringIcSt11char_traitsIcESaIcEEEmEE7destroyIS9_EEvPT_
FNF:19
FNH:0
DA:79,0
DA:86,0
DA:99,0
DA:101,0
DA:102,0
DA:104,0
DA:109,0
DA:110,0
DA:113,0
DA:114,0
DA:119,0
DA:120,0
DA:124,0
LF:13
LH:0
end_of_record
SF:/usr/include/c++/6/ext/string_conversions.h
FN:89,_ZN9__gnu_cxx12__to_xstringINSt7__cxx1112basic_stringIcSt11char_traitsIcESaIcEEEcEET_PFiPT0_mPKS8_P13__va_list_tagEmSB_z
FNDA:0,_ZN9__gnu_cxx12__to_xstringINSt7__cxx1112basic_stringIcSt11char_traitsIcESaIcEEEcEET_PFiPT0_mPKS8_P13__va_list_tagEmSB_z
FNF:1
FNH:0
DA:89,0
DA:96,0
DA:99,0
DA:101,0
DA:103,0
DA:105,0
LF:6
LH:0
end_of_record
SF:/usr/include/c++/6/ext/type_traits.h
FN:152,_ZN9__gnu_cxx17__is_null_pointerIcEEbPT_
FNDA:0,_ZN9__gnu_cxx17__is_null_pointerIcEEbPT_
FNF:1
FNH:0
DA:152,0
DA:153,0
LF:2
LH:0
end_of_record
SF:/usr/include/c++/6/initializer_list
FN:66,_ZNSt16initializer_listIP12napi_value__EC1Ev
FN:71,_ZNKSt16initializer_listIN4Napi23ClassPropertyDescriptorI9DisruptorEEE4sizeEv
FN:71,_ZNKSt16initializer_listIP12napi_value__E4sizeEv
FN:75,_ZNKSt16initializer_listIN4Napi23ClassPropertyDescriptorI9DisruptorEEE5beginEv
FN:75,_ZNKSt16initializer_listIP12napi_value__E5beginEv
FNDA:0,_ZNSt16initializer_listIP12napi_value__EC1Ev
FNDA:0,_ZNKSt16initializer_listIN4Napi23ClassPropertyDescriptorI9DisruptorEEE4sizeEv
FNDA:0,_ZNKSt16initializer_listIP12napi_value__E4sizeEv
FNDA:0,_ZNKSt16initializer_listIN4Napi23ClassPropertyDescriptorI9DisruptorEEE5beginEv
FNDA:0,_ZNKSt16initializer_listIP12napi_value__E5beginEv
FNF:5
FNH:0
DA:66,0
DA:67,0
DA:71,0
DA:75,0
LF:4
LH:0
end_of_record
SF:/usr/include/c++/6/new
FN:146,_ZnwmPv
FN:152,_ZdlPvS_
FNDA:0,_ZnwmPv
FNDA:0,_ZdlPvS_
FNF:2
FNH:0
DA:146,0
DA:147,0
DA:152,0
LF:3
LH:0
end_of_record
SF:/usr/include/c++/6/tuple
FN:58,_ZNSt10_Head_baseILm1E7CloseFDLb1EEC2Ev
FN:58,_ZNSt10_Head_baseILm1ESt14default_deleteISt6vectorI11AsyncBufferIhESaIS3_EEELb1EEC2Ev
FN:58,_ZNSt10_Head_baseILm1ESt14default_deleteISt13unordered_mapINSt7__cxx1112basic_stringIcSt11char_traitsIcESaIcEEEmSt4hashIS7_ESt8equal_toIS7_ESaISt4pairIKS7_mEEEELb1EEC2Ev
FN:68,_ZNSt10_Head_baseILm1ESt14default_deleteISt13unordered_mapINSt7__cxx1112basic_stringIcSt11char_traitsIcESaIcEEEmSt4hashIS7_ESt8equal_toIS7_ESaISt4pairIKS7_mEEEELb1EEC2ISH_EEOT_
FN:95,_ZNSt10_Head_baseILm1ESt14default_deleteISt13unordered_mapINSt7__cxx1112basic_stringIcSt11char_traitsIcESaIcEEEmSt4hashIS7_ESt8equal_toIS7_ESaISt4pairIKS7_mEEEELb1EE7_M_headERSI_
FN:95,_ZNSt10_Head_baseILm1E7CloseFDLb1EE7_M_headERS1_
FN:95,_ZNSt10_Head_baseILm1ESt14default_deleteISt6vectorI11AsyncBufferIhESaIS3_EEELb1EE7_M_headERS7_
FN:104,_ZNSt10_Head_baseILm0EPSt6vectorI11AsyncBufferIhESaIS2_EELb0EEC2Ev
FN:104,_ZNSt10_Head_baseILm0EPiLb0EEC2Ev
FN:104,_ZNSt10_Head_baseILm0EPSt13unordered_mapINSt7__cxx1112basic_stringIcSt11char_traitsIcESaIcEEEmSt4hashIS6_ESt8equal_toIS6_ESaISt4pairIKS6_mEEELb0EEC2Ev
FN:114,_ZNSt10_Head_baseILm0EPSt13unordered_mapINSt7__cxx1112basic_stringIcSt11char_traitsIcESaIcEEEmSt4hashIS6_ESt8equal_toIS6_ESaISt4pairIKS6_mEEELb0EEC2ISG_EEOT_
FN:114,_ZNSt10_Head_baseILm0EONSt7__cxx1112basic_stringIcSt11char_traitsIcESaIcEEELb0EEC2IS5_EEOT_
FN:142,_ZNSt10_Head_baseILm0EPiLb0EE7_M_headERS1_
FN:142,_ZNSt10_Head_baseILm0EPSt6vectorI11AsyncBufferIhESaIS2_EELb0EE7_M_headERS6_
FN:142,_ZNSt10_Head_baseILm0EPSt13unordered_mapINSt7__cxx1112basic_stringIcSt11char_traitsIcESaIcEEEmSt4hashIS6_ESt8equal_toIS6_ESaISt4pairIKS6_mEEELb0EE7_M_headERSH_
FN:142,_ZNSt10_Head_baseILm0EONSt7__cxx1112basic_stringIcSt11char_traitsIcESaIcEEELb0EE7_M_headERS7_
FN:145,_ZNSt10_Head_baseILm0EPSt13unordered_mapINSt7__cxx1112basic_stringIcSt11char_traitsIcESaIcEEEmSt4hashIS6_ESt8equal_toIS6_ESaISt4pairIKS6_mEEELb0EE7_M_headERKSH_
FN:145,_ZNSt10_Head_baseILm0EPiLb0EE7_M_headERKS1_
FN:145,_ZNSt10_Head_baseILm0EPSt6vectorI11AsyncBufferIhESaIS2_EELb0EE7_M_headERKS6_
FN:190,_ZNSt11_Tuple_implILm0EJPi7CloseFDEE7_M_headERS2_
FN:190,_ZNSt11_Tuple_implILm0EJPSt13unordered_mapINSt7__cxx1112basic_stringIcSt11char_traitsIcESaIcEEEmSt4hashIS6_ESt8equal_toIS6_ESaISt4pairIKS6_mEEESt14default_deleteISF_EEE7_M_headERSJ_
FN:190,_ZNSt11_Tuple_implILm0EJPSt6vectorI11AsyncBufferIhESaIS2_EESt14default_deleteIS4_EEE7_M_headERS8_
FN:193,_ZNSt11_Tuple_implILm0EJPi7CloseFDEE7_M_headERKS2_
FN:193,_ZNSt11_Tuple_implILm0EJPSt6vectorI11AsyncBufferIhESaIS2_EESt14default_deleteIS4_EEE7_M_headERKS8_
FN:193,_ZNSt11_Tuple_implILm0EJPSt13unordered_mapINSt7__cxx1112basic_stringIcSt11char_traitsIcESaIcEEEmSt4hashIS6_ESt8equal_toIS6_ESaISt4pairIKS6_mEEESt14default_deleteISF_EEE7_M_headERKSJ_
FN:201,_ZNSt11_Tuple_implILm0EJPSt6vectorI11AsyncBufferIhESaIS2_EESt14default_deleteIS4_EEEC2Ev
FN:201,_ZNSt11_Tuple_implILm0EJPi7CloseFDEEC2Ev
FN:201,_ZNSt11_Tuple_implILm0EJPSt13unordered_mapINSt7__cxx1112basic_stringIcSt11char_traitsIcESaIcEEEmSt4hashIS6_ESt8equal_toIS6_ESaISt4pairIKS6_mEEESt14default_deleteISF_EEEC2Ev
FN:211,_ZNSt11_Tuple_implILm0EJPSt13unordered_mapINSt7__cxx1112basic_stringIcSt11char_traitsIcESaIcEEEmSt4hashIS6_ESt8equal_toIS6_ESaISt4pairIKS6_mEEESt14default_deleteISF_EEEC2ISG_JSI_EvEEOT_DpOT0_
FN:346,_ZNSt11_Tuple_implILm1EJ7CloseFDEE7_M_headERS1_
FN:346,_ZNSt11_Tuple_implILm1EJSt14default_deleteISt13unordered_mapINSt7__cxx1112basic_stringIcSt11char_traitsIcESaIcEEEmSt4hashIS7_ESt8equal_toIS7_ESaISt4pairIKS7_mEEEEEE7_M_headERSI_
FN:346,_ZNSt11_Tuple_implILm0EJONSt7__cxx1112basic_stringIcSt11char_traitsIcESaIcEEEEE7_M_headERS7_
FN:346,_ZNSt11_Tuple_implILm1EJSt14default_deleteISt6vectorI11AsyncBufferIhESaIS3_EEEEE7_M_headERS7_
FN:351,_ZNSt11_Tuple_implILm1EJSt14default_deleteISt13unordered_mapINSt7__cxx1112basic_stringIcSt11char_traitsIcESaIcEEEmSt4hashIS7_ESt8equal_toIS7_ESaISt4pairIKS7_mEEEEEEC2Ev
FN:351,_ZNSt11_Tuple_implILm1EJ7CloseFDEEC2Ev
FN:351,_ZNSt11_Tuple_implILm1EJSt14default_deleteISt6vectorI11AsyncBufferIhESaIS3_EEEEEC2Ev
FN:360,_ZNSt11_Tuple_implILm1EJSt14default_deleteISt13unordered_mapINSt7__cxx1112basic_stringIcSt11char_traitsIcESaIcEEEmSt4hashIS7_ESt8equal_toIS7_ESaISt4pairIKS7_mEEEEEEC2ISH_EEOT_
FN:360,_ZNSt11_Tuple_implILm0EJONSt7__cxx1112basic_stringIcSt11char_traitsIcESaIcEEEEEC2IS5_EEOT_
FN:366,_ZNSt11_Tuple_implILm0EJONSt7__cxx1112basic_stringIcSt11char_traitsIcESaIcEEEEEC2EOS7_
FN:636,_ZNSt5tupleIJONSt7__cxx1112basic_stringIcSt11char_traitsIcESaIcEEEEEC2IJS5_ELb1EEEDpOT_
FN:654,_ZNSt5tupleIJONSt7__cxx1112basic_stringIcSt11char_traitsIcESaIcEEEEEC2EOS7_
FN:878,_ZNSt5tupleIJPSt13unordered_mapINSt7__cxx1112basic_stringIcSt11char_traitsIcESaIcEEEmSt4hashIS6_ESt8equal_toIS6_ESaISt4pairIKS6_mEEESt14default_deleteISF_EEEC2ISG_SI_Lb1EEEv
FN:878,_ZNSt5tupleIJPi7CloseFDEEC2IS0_S1_Lb1EEEv
FN:878,_ZNSt5tupleIJPSt6vectorI11AsyncBufferIhESaIS2_EESt14default_deleteIS4_EEEC2IS5_S7_Lb1EEEv
FN:930,_ZNSt5tupleIJPSt13unordered_mapINSt7__cxx1112basic_stringIcSt11char_traitsIcESaIcEEEmSt4hashIS6_ESt8equal_toIS6_ESaISt4pairIKS6_mEEESt14default_deleteISF_EEEC2ISG_SI_Lb1EEEOT_OT0_
FN:1247,_ZSt12__get_helperILm0EPiJ7CloseFDEERT0_RSt11_Tuple_implIXT_EJS2_DpT1_EE
FN:1247,_ZSt12__get_helperILm0EONSt7__cxx1112basic_stringIcSt11char_traitsIcESaIcEEEJEERT0_RSt11_Tuple_implIXT_EJS7_DpT1_EE
FN:1247,_ZSt12__get_helperILm1ESt14default_deleteISt13unordered_mapINSt7__cxx1112basic_stringIcSt11char_traitsIcESaIcEEEmSt4hashIS7_ESt8equal_toIS7_ESaISt4pairIKS7_mEEEEJEERT0_RSt11_Tuple_implIXT_EJSI_DpT1_EE
FN:1247,_ZSt12__get_helperILm0EPSt13unordered_mapINSt7__cxx1112basic_stringIcSt11char_traitsIcESaIcEEEmSt4hashIS6_ESt8equal_toIS6_ESaISt4pairIKS6_mEEEJSt14default_deleteISF_EEERT0_RSt11_Tuple_implIXT_EJSJ_DpT1_EE
FN:1247,_ZSt12__get_helperILm0EPSt6vectorI11AsyncBufferIhESaIS2_EEJSt14default_deleteIS4_EEERT0_RSt11_Tuple_implIXT_EJS8_DpT1_EE
FN:1247,_ZSt12__get_helperILm1E7CloseFDJEERT0_RSt11_Tuple_implIXT_EJS1_DpT1_EE
FN:1247,_ZSt12__get_helperILm1ESt14default_deleteISt6vectorI11AsyncBufferIhESaIS3_EEEJEERT0_RSt11_Tuple_implIXT_EJS7_DpT1_EE
FN:1252,_ZSt12__get_helperILm0EPSt13unordered_mapINSt7__cxx1112basic_stringIcSt11char_traitsIcESaIcEEEmSt4hashIS6_ESt8equal_toIS6_ESaISt4pairIKS6_mEEEJSt14default_deleteISF_EEERKT0_RKSt11_Tuple_implIXT_EJSJ_DpT1_EE
FN:1252,_ZSt12__get_helperILm0EPiJ7CloseFDEERKT0_RKSt11_Tuple_implIXT_EJS2_DpT1_EE
FN:1252,_ZSt12__get_helperILm0EPSt6vectorI11AsyncBufferIhESaIS2_EEJSt14default_deleteIS4_EEERKT0_RKSt11_Tuple_implIXT_EJS8_DpT1_EE
FN:1258,_ZSt3getILm0EJPSt6vectorI11AsyncBufferIhESaIS2_EESt14default_deleteIS4_EEERNSt13tuple_elementIXT_ESt5tupleIJDpT0_EEE4typeERSC_
FN:1258,_ZSt3getILm0EJPSt13unordered_mapINSt7__cxx1112basic_stringIcSt11char_traitsIcESaIcEEEmSt4hashIS6_ESt8equal_toIS6_ESaISt4pairIKS6_mEEESt14default_deleteISF_EEERNSt13tuple_elementIXT_ESt5tupleIJDpT0_EEE4typeERSN_
FN:1258,_ZSt3getILm0EJPi7CloseFDEERNSt13tuple_elementIXT_ESt5tupleIJDpT0_EEE4typeERS6_
FN:1258,_ZSt3getILm0EJONSt7__cxx1112basic_stringIcSt11char_traitsIcESaIcEEEEERNSt13tuple_elementIXT_ESt5tupleIJDpT0_EEE4typeERSB_
FN:1258,_ZSt3getILm1EJPSt6vectorI11AsyncBufferIhESaIS2_EESt14default_deleteIS4_EEERNSt13tuple_elementIXT_ESt5tupleIJDpT0_EEE4typeERSC_
FN:1258,_ZSt3getILm1EJPSt13unordered_mapINSt7__cxx1112basic_stringIcSt11char_traitsIcESaIcEEEmSt4hashIS6_ESt8equal_toIS6_ESaISt4pairIKS6_mEEESt14default_deleteISF_EEERNSt13tuple_elementIXT_ESt5tupleIJDpT0_EEE4typeERSN_
FN:1258,_ZSt3getILm1EJPi7CloseFDEERNSt13tuple_elementIXT_ESt5tupleIJDpT0_EEE4typeERS6_
FN:1264,_ZSt3getILm0EJPi7CloseFDEERKNSt13tuple_elementIXT_ESt5tupleIJDpT0_EEE4typeERKS6_
FN:1264,_ZSt3getILm0EJPSt13unordered_mapINSt7__cxx1112basic_stringIcSt11char_traitsIcESaIcEEEmSt4hashIS6_ESt8equal_toIS6_ESaISt4pairIKS6_mEEESt14default_deleteISF_EEERKNSt13tuple_elementIXT_ESt5tupleIJDpT0_EEE4typeERKSN_
FN:1264,_ZSt3getILm0EJPSt6vectorI11AsyncBufferIhESaIS2_EESt14default_deleteIS4_EEERKNSt13tuple_elementIXT_ESt5tupleIJDpT0_EEE4typeERKSC_
FN:1403,_ZSt16forward_as_tupleIJNSt7__cxx1112basic_stringIcSt11char_traitsIcESaIcEEEEESt5tupleIJDpOT_EES9_
FN:1574,_ZNSt4pairIKNSt7__cxx1112basic_stringIcSt11char_traitsIcESaIcEEEmEC2IJOS5_EJEEESt21piecewise_construct_tSt5tupleIJDpT_EESB_IJDpT0_EE
FN:1586,_ZNSt4pairIKNSt7__cxx1112basic_stringIcSt11char_traitsIcESaIcEEEmEC2IJOS5_EJLm0EEJEJEEERSt5tupleIJDpT_EERSA_IJDpT1_EESt12_Index_tupleIJXspT0_EEESJ_IJXspT2_EEE
FNDA:0,_ZNSt10_Head_baseILm1E7CloseFDLb1EEC2Ev
FNDA:0,_ZNSt10_Head_baseILm1ESt14default_deleteISt6vectorI11AsyncBufferIhESaIS3_EEELb1EEC2Ev
FNDA:0,_ZNSt10_Head_baseILm1ESt14default_deleteISt13unordered_mapINSt7__cxx1112basic_stringIcSt11char_traitsIcESaIcEEEmSt4hashIS7_ESt8equal_toIS7_ESaISt4pairIKS7_mEEEELb1EEC2Ev
FNDA:0,_ZNSt10_Head_baseILm1ESt14default_deleteISt13unordered_mapINSt7__cxx1112basic_stringIcSt11char_traitsIcESaIcEEEmSt4hashIS7_ESt8equal_toIS7_ESaISt4pairIKS7_mEEEELb1EEC2ISH_EEOT_
FNDA:0,_ZNSt10_Head_baseILm1ESt14default_deleteISt13unordered_mapINSt7__cxx1112basic_stringIcSt11char_traitsIcESaIcEEEmSt4hashIS7_ESt8equal_toIS7_ESaISt4pairIKS7_mEEEELb1EE7_M_headERSI_
FNDA:0,_ZNSt10_Head_baseILm1E7CloseFDLb1EE7_M_headERS1_
FNDA:0,_ZNSt10_Head_baseILm1ESt14default_deleteISt6vectorI11AsyncBufferIhESaIS3_EEELb1EE7_M_headERS7_
FNDA:0,_ZNSt10_Head_baseILm0EPSt6vectorI11AsyncBufferIhESaIS2_EELb0EEC2Ev
FNDA:0,_ZNSt10_Head_baseILm0EPiLb0EEC2Ev
FNDA:0,_ZNSt10_Head_baseILm0EPSt13unordered_mapINSt7__cxx1112basic_stringIcSt11char_traitsIcESaIcEEEmSt4hashIS6_ESt8equal_toIS6_ESaISt4pairIKS6_mEEELb0EEC2Ev
FNDA:0,_ZNSt10_Head_baseILm0EPSt13unordered_mapINSt7__cxx1112basic_stringIcSt11char_traitsIcESaIcEEEmSt4hashIS6_ESt8equal_toIS6_ESaISt4pairIKS6_mEEELb0EEC2ISG_EEOT_
FNDA:0,_ZNSt10_Head_baseILm0EONSt7__cxx1112basic_stringIcSt11char_traitsIcESaIcEEELb0EEC2IS5_EEOT_
FNDA:0,_ZNSt10_Head_baseILm0EPiLb0EE7_M_headERS1_
FNDA:0,_ZNSt10_Head_baseILm0EPSt6vectorI11AsyncBufferIhESaIS2_EELb0EE7_M_headERS6_
FNDA:0,_ZNSt10_Head_baseILm0EPSt13unordered_mapINSt7__cxx1112basic_stringIcSt11char_traitsIcESaIcEEEmSt4hashIS6_ESt8equal_toIS6_ESaISt4pairIKS6_mEEELb0EE7_M_headERSH_
FNDA:0,_ZNSt10_Head_baseILm0EONSt7__cxx1112basic_stringIcSt11char_traitsIcESaIcEEELb0EE7_M_headERS7_
FNDA:0,_ZNSt10_Head_baseILm0EPSt13unordered_mapINSt7__cxx1112basic_stringIcSt11char_traitsIcESaIcEEEmSt4hashIS6_ESt8equal_toIS6_ESaISt4pairIKS6_mEEELb0EE7_M_headERKSH_
FNDA:0,_ZNSt10_Head_baseILm0EPiLb0EE7_M_headERKS1_
FNDA:0,_ZNSt10_Head_baseILm0EPSt6vectorI11AsyncBufferIhESaIS2_EELb0EE7_M_headERKS6_
FNDA:0,_ZNSt11_Tuple_implILm0EJPi7CloseFDEE7_M_headERS2_
FNDA:0,_ZNSt11_Tuple_implILm0EJPSt13unordered_mapINSt7__cxx1112basic_stringIcSt11char_traitsIcESaIcEEEmSt4hashIS6_ESt8equal_toIS6_ESaISt4pairIKS6_mEEESt14default_deleteISF_EEE7_M_headERSJ_
FNDA:0,_ZNSt11_Tuple_implILm0EJPSt6vectorI11AsyncBufferIhESaIS2_EESt14default_deleteIS4_EEE7_M_headERS8_
FNDA:0,_ZNSt11_Tuple_implILm0EJPi7CloseFDEE7_M_headERKS2_
FNDA:0,_ZNSt11_Tuple_implILm0EJPSt6vectorI11AsyncBufferIhESaIS2_EESt14default_deleteIS4_EEE7_M_headERKS8_
FNDA:0,_ZNSt11_Tuple_implILm0EJPSt13unordered_mapINSt7__cxx1112basic_stringIcSt11char_traitsIcESaIcEEEmSt4hashIS6_ESt8equal_toIS6_ESaISt4pairIKS6_mEEESt14default_deleteISF_EEE7_M_headERKSJ_
FNDA:0,_ZNSt11_Tuple_implILm0EJPSt6vectorI11AsyncBufferIhESaIS2_EESt14default_deleteIS4_EEEC2Ev
FNDA:0,_ZNSt11_Tuple_implILm0EJPi7CloseFDEEC2Ev
FNDA:0,_ZNSt11_Tuple_implILm0EJPSt13unordered_mapINSt7__cxx1112basic_stringIcSt11char_traitsIcESaIcEEEmSt4hashIS6_ESt8equal_toIS6_ESaISt4pairIKS6_mEEESt14default_deleteISF_EEEC2Ev
FNDA:0,_ZNSt11_Tuple_implILm0EJPSt13unordered_mapINSt7__cxx1112basic_stringIcSt11char_traitsIcESaIcEEEmSt4hashIS6_ESt8equal_toIS6_ESaISt4pairIKS6_mEEESt14default_deleteISF_EEEC2ISG_JSI_EvEEOT_DpOT0_
FNDA:0,_ZNSt11_Tuple_implILm1EJ7CloseFDEE7_M_headERS1_
FNDA:0,_ZNSt11_Tuple_implILm1EJSt14default_deleteISt13unordered_mapINSt7__cxx1112basic_stringIcSt11char_traitsIcESaIcEEEmSt4hashIS7_ESt8equal_toIS7_ESaISt4pairIKS7_mEEEEEE7_M_headERSI_
FNDA:0,_ZNSt11_Tuple_implILm0EJONSt7__cxx1112basic_stringIcSt11char_traitsIcESaIcEEEEE7_M_headERS7_
FNDA:0,_ZNSt11_Tuple_implILm1EJSt14default_deleteISt6vectorI11AsyncBufferIhESaIS3_EEEEE7_M_headERS7_
FNDA:0,_ZNSt11_Tuple_implILm1EJSt14default_deleteISt13unordered_mapINSt7__cxx1112basic_stringIcSt11char_traitsIcESaIcEEEmSt4hashIS7_ESt8equal_toIS7_ESaISt4pairIKS7_mEEEEEEC2Ev
FNDA:0,_ZNSt11_Tuple_implILm1EJ7CloseFDEEC2Ev
FNDA:0,_ZNSt11_Tuple_implILm1EJSt14default_deleteISt6vectorI11AsyncBufferIhESaIS3_EEEEEC2Ev
FNDA:0,_ZNSt11_Tuple_implILm1EJSt14default_deleteISt13unordered_mapINSt7__cxx1112basic_stringIcSt11char_traitsIcESaIcEEEmSt4hashIS7_ESt8equal_toIS7_ESaISt4pairIKS7_mEEEEEEC2ISH_EEOT_
FNDA:0,_ZNSt11_Tuple_implILm0EJONSt7__cxx1112basic_stringIcSt11char_traitsIcESaIcEEEEEC2IS5_EEOT_
FNDA:0,_ZNSt11_Tuple_implILm0EJONSt7__cxx1112basic_stringIcSt11char_traitsIcESaIcEEEEEC2EOS7_
FNDA:0,_ZNSt5tupleIJONSt7__cxx1112basic_stringIcSt11char_traitsIcESaIcEEEEEC2IJS5_ELb1EEEDpOT_
FNDA:0,_ZNSt5tupleIJONSt7__cxx1112basic_stringIcSt11char_traitsIcESaIcEEEEEC2EOS7_
FNDA:0,_ZNSt5tupleIJPSt13unordered_mapINSt7__cxx1112basic_stringIcSt11char_traitsIcESaIcEEEmSt4hashIS6_ESt8equal_toIS6_ESaISt4pairIKS6_mEEESt14default_deleteISF_EEEC2ISG_SI_Lb1EEEv
FNDA:0,_ZNSt5tupleIJPi7CloseFDEEC2IS0_S1_Lb1EEEv
FNDA:0,_ZNSt5tupleIJPSt6vectorI11AsyncBufferIhESaIS2_EESt14default_deleteIS4_EEEC2IS5_S7_Lb1EEEv
FNDA:0,_ZNSt5tupleIJPSt13unordered_mapINSt7__cxx1112basic_stringIcSt11char_traitsIcESaIcEEEmSt4hashIS6_ESt8equal_toIS6_ESaISt4pairIKS6_mEEESt14default_deleteISF_EEEC2ISG_SI_Lb1EEEOT_OT0_
FNDA:0,_ZSt12__get_helperILm0EPiJ7CloseFDEERT0_RSt11_Tuple_implIXT_EJS2_DpT1_EE
FNDA:0,_ZSt12__get_helperILm0EONSt7__cxx1112basic_stringIcSt11char_traitsIcESaIcEEEJEERT0_RSt11_Tuple_implIXT_EJS7_DpT1_EE
FNDA:0,_ZSt12__get_helperILm1ESt14default_deleteISt13unordered_mapINSt7__cxx1112basic_stringIcSt11char_traitsIcESaIcEEEmSt4hashIS7_ESt8equal_toIS7_ESaISt4pairIKS7_mEEEEJEERT0_RSt11_Tuple_implIXT_EJSI_DpT1_EE
FNDA:0,_ZSt12__get_helperILm0EPSt13unordered_mapINSt7__cxx1112basic_stringIcSt11char_traitsIcESaIcEEEmSt4hashIS6_ESt8equal_toIS6_ESaISt4pairIKS6_mEEEJSt14default_deleteISF_EEERT0_RSt11_Tuple_implIXT_EJSJ_DpT1_EE
FNDA:0,_ZSt12__get_helperILm0EPSt6vectorI11AsyncBufferIhESaIS2_EEJSt14default_deleteIS4_EEERT0_RSt11_Tuple_implIXT_EJS8_DpT1_EE
FNDA:0,_ZSt12__get_helperILm1E7CloseFDJEERT0_RSt11_Tuple_implIXT_EJS1_DpT1_EE
FNDA:0,_ZSt12__get_helperILm1ESt14default_deleteISt6vectorI11AsyncBufferIhESaIS3_EEEJEERT0_RSt11_Tuple_implIXT_EJS7_DpT1_EE
FNDA:0,_ZSt12__get_helperILm0EPSt13unordered_mapINSt7__cxx1112basic_stringIcSt11char_traitsIcESaIcEEEmSt4hashIS6_ESt8equal_toIS6_ESaISt4pairIKS6_mEEEJSt14default_deleteISF_EEERKT0_RKSt11_Tuple_implIXT_EJSJ_DpT1_EE
FNDA:0,_ZSt12__get_helperILm0EPiJ7CloseFDEERKT0_RKSt11_Tuple_implIXT_EJS2_DpT1_EE
FNDA:0,_ZSt12__get_helperILm0EPSt6vectorI11AsyncBufferIhESaIS2_EEJSt14default_deleteIS4_EEERKT0_RKSt11_Tuple_implIXT_EJS8_DpT1_EE
FNDA:0,_ZSt3getILm0EJPSt6vectorI11AsyncBufferIhESaIS2_EESt14default_deleteIS4_EEERNSt13tuple_elementIXT_ESt5tupleIJDpT0_EEE4typeERSC_
FNDA:0,_ZSt3getILm0EJPSt13unordered_mapINSt7__cxx1112basic_stringIcSt11char_traitsIcESaIcEEEmSt4hashIS6_ESt8equal_toIS6_ESaISt4pairIKS6_mEEESt14default_deleteISF_EEERNSt13tuple_elementIXT_ESt5tupleIJDpT0_EEE4typeERSN_
FNDA:0,_ZSt3getILm0EJPi7CloseFDEERNSt13tuple_elementIXT_ESt5tupleIJDpT0_EEE4typeERS6_
FNDA:0,_ZSt3getILm0EJONSt7__cxx1112basic_stringIcSt11char_traitsIcESaIcEEEEERNSt13tuple_elementIXT_ESt5tupleIJDpT0_EEE4typeERSB_
FNDA:0,_ZSt3getILm1EJPSt6vectorI11AsyncBufferIhESaIS2_EESt14default_deleteIS4_EEERNSt13tuple_elementIXT_ESt5tupleIJDpT0_EEE4typeERSC_
FNDA:0,_ZSt3getILm1EJPSt13unordered_mapINSt7__cxx1112basic_stringIcSt11char_traitsIcESaIcEEEmSt4hashIS6_ESt8equal_toIS6_ESaISt4pairIKS6_mEEESt14default_deleteISF_EEERNSt13tuple_elementIXT_ESt5tupleIJDpT0_EEE4typeERSN_
FNDA:0,_ZSt3getILm1EJPi7CloseFDEERNSt13tuple_elementIXT_ESt5tupleIJDpT0_EEE4typeERS6_
FNDA:0,_ZSt3getILm0EJPi7CloseFDEERKNSt13tuple_elementIXT_ESt5tupleIJDpT0_EEE4typeERKS6_
FNDA:0,_ZSt3getILm0EJPSt13unordered_mapINSt7__cxx1112basic_stringIcSt11char_traitsIcESaIcEEEmSt4hashIS6_ESt8equal_toIS6_ESaISt4pairIKS6_mEEESt14default_deleteISF_EEERKNSt13tuple_elementIXT_ESt5tupleIJDpT0_EEE4typeERKSN_
FNDA:0,_ZSt3getILm0EJPSt6vectorI11AsyncBufferIhESaIS2_EESt14default_deleteIS4_EEERKNSt13tuple_elementIXT_ESt5tupleIJDpT0_EEE4typeERKSC_
FNDA:0,_ZSt16forward_as_tupleIJNSt7__cxx1112basic_stringIcSt11char_traitsIcESaIcEEEEESt5tupleIJDpOT_EES9_
FNDA:0,_ZNSt4pairIKNSt7__cxx1112basic_stringIcSt11char_traitsIcESaIcEEEmEC2IJOS5_EJEEESt21piecewise_construct_tSt5tupleIJDpT_EESB_IJDpT0_EE
FNDA:0,_ZNSt4pairIKNSt7__cxx1112basic_stringIcSt11char_traitsIcESaIcEEEmEC2IJOS5_EJLm0EEJEJEEERSt5tupleIJDpT_EERSA_IJDpT1_EESt12_Index_tupleIJXspT0_EEESJ_IJXspT2_EEE
FNF:68
FNH:0
DA:58,0
DA:59,0
DA:68,0
DA:69,0
DA:95,0
DA:104,0
DA:105,0
DA:114,0
DA:115,0
DA:142,0
DA:145,0
DA:190,0
DA:193,0
DA:201,0
DA:202,0
DA:211,0
DA:213,0
DA:346,0
DA:351,0
DA:352,0
DA:360,0
DA:361,0
DA:366,0
DA:368,0
DA:636,0
DA:637,0
DA:654,0
DA:878,0
DA:879,0
DA:930,0
DA:931,0
DA:1247,0
DA:1248,0
DA:1252,0
DA:1253,0
DA:1258,0
DA:1259,0
DA:1264,0
DA:1265,0
DA:1403,0
DA:1404,0
DA:1574,0
DA:1579,0
DA:1580,0
DA:1586,0
DA:1589,0
DA:1590,0
DA:1591,0
LF:48
LH:0
end_of_record
SF:/usr/include/c++/6/type_traits
FN:2052,_ZNSt15aligned_storageILm40ELm8EEC2Ev
FNDA:0,_ZNSt15aligned_storageILm40ELm8EEC2Ev
FNF:1
FNH:0
DA:2052,0
LF:1
LH:0
end_of_record
SF:/usr/include/c++/6/utility
FN:167,_ZNSt10__pair_getILm0EE5__getIKNSt7__cxx1112basic_stringIcSt11char_traitsIcESaIcEEEmEERT_RSt4pairIS9_T0_E
FN:202,_ZSt3getILm0EKNSt7__cxx1112basic_stringIcSt11char_traitsIcESaIcEEEmERNSt13tuple_elementIXT_ESt4pairIT0_T1_EE4typeERSB_
FNDA:0,_ZNSt10__pair_getILm0EE5__getIKNSt7__cxx1112basic_stringIcSt11char_traitsIcESaIcEEEmEERT_RSt4pairIS9_T0_E
FNDA:0,_ZSt3getILm0EKNSt7__cxx1112basic_stringIcSt11char_traitsIcESaIcEEEmERNSt13tuple_elementIXT_ESt4pairIT0_T1_EE4typeERSB_
FNF:2
FNH:0
DA:167,0
DA:168,0
DA:202,0
DA:203,0
LF:4
LH:0
end_of_record
