TN:
SF:/home/david/shared-memory-disruptor/node_modules/node-addon-api/napi-inl.h
FN:33,_ZN4Napi7detailsL10AttachDataINS_18MethodCallbackDataI9DisruptorMS3_FNS_5ValueERKNS_12CallbackInfoEEEEEE11napi_statusP10napi_env__P12napi_value__PT_PFvSD_PvSI_ESI_
FN:33,_ZN4Napi7detailsL10AttachDataINS_18MethodCallbackDataI9DisruptorPFvRKNS_12CallbackInfoEEEEEE11napi_statusP10napi_env__P12napi_value__PT_PFvSC_PvSH_ESH_
FN:33,_ZN4Napi7detailsL10AttachDataINS_18MethodCallbackDataI9DisruptorPFNS_5ValueERKNS_12CallbackInfoEEEEEE11napi_statusP10napi_env__P12napi_value__PT_PFvSD_PvSI_ESI_
FN:33,_ZN4Napi7detailsL10AttachDataINS_20AccessorCallbackDataI9DisruptorPFNS_5ValueERKNS_12CallbackInfoEEPFvS7_RKS4_EEEEE11napi_statusP10napi_env__P12napi_value__PT_PFvSH_PvSM_ESM_
FN:33,_ZN4Napi7detailsL10AttachDataINS_18MethodCallbackDataI9DisruptorMS3_FvRKNS_12CallbackInfoEEEEEE11napi_statusP10napi_env__P12napi_value__PT_PFvSC_PvSH_ESH_
FN:33,_ZN4Napi7detailsL10AttachDataINS_20AccessorCallbackDataI9DisruptorMS3_FNS_5ValueERKNS_12CallbackInfoEEMS3_FvS7_RKS4_EEEEE11napi_statusP10napi_env__P12napi_value__PT_PFvSH_PvSM_ESM_
FN:40,_ZZN4Napi7detailsL10AttachDataINS_18MethodCallbackDataI9DisruptorMS3_FNS_5ValueERKNS_12CallbackInfoEEEEEE11napi_statusP10napi_env__P12napi_value__PT_PFvSD_PvSI_ESI_ENKUlSD_SI_SI_E_clESD_SI_SI_
FN:40,_ZZN4Napi7detailsL10AttachDataINS_18MethodCallbackDataI9DisruptorPFvRKNS_12CallbackInfoEEEEEE11napi_statusP10napi_env__P12napi_value__PT_PFvSC_PvSH_ESH_ENKUlSC_SH_SH_E_clESC_SH_SH_
FN:40,_ZZN4Napi7detailsL10AttachDataINS_20AccessorCallbackDataI9DisruptorPFNS_5ValueERKNS_12CallbackInfoEEPFvS7_RKS4_EEEEE11napi_statusP10napi_env__P12napi_value__PT_PFvSH_PvSM_ESM_ENKUlSH_SM_SM_E_clESH_SM_SM_
FN:40,_ZZN4Napi7detailsL10AttachDataINS_18MethodCallbackDataI9DisruptorMS3_FvRKNS_12CallbackInfoEEEEEE11napi_statusP10napi_env__P12napi_value__PT_PFvSC_PvSH_ESH_ENKUlSC_SH_SH_E_clESC_SH_SH_
FN:40,_ZZN4Napi7detailsL10AttachDataINS_20AccessorCallbackDataI9DisruptorMS3_FNS_5ValueERKNS_12CallbackInfoEEMS3_FvS7_RKS4_EEEEE11napi_statusP10napi_env__P12napi_value__PT_PFvSH_PvSM_ESM_ENKUlSH_SM_SM_E_clESH_SM_SM_
FN:40,_ZZN4Napi7detailsL10AttachDataINS_18MethodCallbackDataI9DisruptorPFNS_5ValueERKNS_12CallbackInfoEEEEEE11napi_statusP10napi_env__P12napi_value__PT_PFvSD_PvSI_ESI_ENKUlSD_SI_SI_E_clESD_SI_SI_
FN:76,_ZN4Napi7details12WrapCallbackIZNS0_L25TemplatedInstanceCallbackI9DisruptorXadL_ZNS3_14ProduceRecoverERKNS_12CallbackInfoEEEEEP12napi_value__P10napi_env__P20napi_callback_info__EUlvE_EES8_T_
FN:76,_ZN4Napi7details12WrapCallbackIZNS_12InstanceWrapI9DisruptorE29InstanceMethodCallbackWrapperEP10napi_env__P20napi_callback_info__EUlvE_EEP12napi_value__T_
FN:76,_ZN4Napi7details12WrapCallbackIZNS0_L25TemplatedInstanceCallbackI9DisruptorXadL_ZNS3_17GetPendingSeqNextERKNS_12CallbackInfoEEEEEP12napi_value__P10napi_env__P20napi_callback_info__EUlvE_EES8_T_
FN:76,_ZN4Napi7details12WrapCallbackIZNS0_L25TemplatedInstanceCallbackI9DisruptorXadL_ZNS3_20GetPendingSeqNextEndERKNS_12CallbackInfoEEEEEP12napi_value__P10napi_env__P20napi_callback_info__EUlvE_EES8_T_
FN:76,_ZN4Napi7details12WrapCallbackIZNS0_L25TemplatedInstanceCallbackI9DisruptorXadL_ZNS3_13ProduceCommitERKNS_12CallbackInfoEEEEEP12napi_value__P10napi_env__P20napi_callback_info__EUlvE_EES8_T_
FN:76,_ZN4Napi7details12WrapCallbackIZNS0_L25TemplatedInstanceCallbackI9DisruptorXadL_ZNS3_11GetConsumerERKNS_12CallbackInfoEEEEEP12napi_value__P10napi_env__P20napi_callback_info__EUlvE_EES8_T_
FN:76,_ZN4Napi7details12WrapCallbackIZNS0_L25TemplatedInstanceCallbackI9DisruptorXadL_ZNS3_17ProduceClaimAvailERKNS_12CallbackInfoEEEEEP12napi_value__P10napi_env__P20napi_callback_info__EUlvE_EES8_T_
FN:76,_ZN4Napi7details12WrapCallbackIZNS0_L29TemplatedInstanceVoidCallbackI9DisruptorXadL_ZNS3_22ProduceClaimAvailAsyncERKNS_12CallbackInfoEEEEEP12napi_value__P10napi_env__P20napi_callback_info__EUlvE_EES8_T_
FN:76,_ZN4Napi7details12WrapCallbackIZNS0_L25TemplatedInstanceCallbackI9DisruptorXadL_ZNS3_20ProduceClaimManySyncERKNS_12CallbackInfoEEEEEP12napi_value__P10napi_env__P20napi_callback_info__EUlvE_EES8_T_
FN:76,_ZN4Napi7details12WrapCallbackIZNS0_L25TemplatedInstanceCallbackI9DisruptorXadL_ZNS3_9GetCursorERKNS_12CallbackInfoEEEEEP12napi_value__P10napi_env__P20napi_callback_info__EUlvE_EES8_T_
FN:76,_ZN4Napi7details12WrapCallbackIZNS0_L25TemplatedInstanceCallbackI9DisruptorXadL_ZNS3_12GetConsumersERKNS_12CallbackInfoEEEEEP12napi_value__P10napi_env__P20napi_callback_info__EUlvE_EES8_T_
FN:76,_ZN4Napi7details12WrapCallbackIZNS0_L21TemplatedVoidCallbackIXadL_Z12NullCallbackRKNS_12CallbackInfoEEEEEP12napi_value__P10napi_env__P20napi_callback_info__EUlvE_EES7_T_
FN:76,_ZN4Napi7details12WrapCallbackIZNS0_L25TemplatedInstanceCallbackI9DisruptorXadL_ZNS3_14GetElementSizeERKNS_12CallbackInfoEEEEEP12napi_value__P10napi_env__P20napi_callback_info__EUlvE_EES8_T_
FN:76,_ZN4Napi7details12WrapCallbackIZNS0_L29TemplatedInstanceVoidCallbackI9DisruptorXadL_ZNS3_18ProduceCommitAsyncERKNS_12CallbackInfoEEEEEP12napi_value__P10napi_env__P20napi_callback_info__EUlvE_EES8_T_
FN:76,_ZN4Napi7details12WrapCallbackIZNS_12InstanceWrapI9DisruptorE33InstanceVoidMethodCallbackWrapperEP10napi_env__P20napi_callback_info__EUlvE_EEP12napi_value__T_
FN:76,_ZN4Napi7details12WrapCallbackIZNS0_L25TemplatedInstanceCallbackI9DisruptorXadL_ZNS3_9GetStatusERKNS_12CallbackInfoEEEEEP12napi_value__P10napi_env__P20napi_callback_info__EUlvE_EES8_T_
FN:76,_ZN4Napi7details12WrapCallbackIZNS_12InstanceWrapI9DisruptorE29InstanceSetterCallbackWrapperEP10napi_env__P20napi_callback_info__EUlvE_EEP12napi_value__T_
FN:76,_ZN4Napi7details12WrapCallbackIZNS_10ObjectWrapI9DisruptorE27StaticSetterCallbackWrapperEP10napi_env__P20napi_callback_info__EUlvE_EEP12napi_value__T_
FN:76,_ZN4Napi7details12WrapCallbackIZNS0_L25TemplatedInstanceCallbackI9DisruptorXadL_ZNS3_11GetElementsERKNS_12CallbackInfoEEEEEP12napi_value__P10napi_env__P20napi_callback_info__EUlvE_EES8_T_
FN:76,_ZN4Napi7details12WrapCallbackIZNS_10ObjectWrapI9DisruptorE26ConstructorCallbackWrapperEP10napi_env__P20napi_callback_info__EUlvE0_EEP12napi_value__T_
FN:76,_ZN4Napi7details12WrapCallbackIZNS0_L29TemplatedInstanceVoidCallbackI9DisruptorXadL_ZNS3_7ReleaseERKNS_12CallbackInfoEEEEEP12napi_value__P10napi_env__P20napi_callback_info__EUlvE_EES8_T_
FN:76,_ZN4Napi7details12WrapCallbackIZNS_10ObjectWrapI9DisruptorE26ConstructorCallbackWrapperEP10napi_env__P20napi_callback_info__EUlvE_EEP12napi_value__T_
FN:76,_ZN4Napi7details12WrapCallbackIZNS0_L25TemplatedInstanceCallbackI9DisruptorXadL_ZNS3_10ConsumeNewERKNS_12CallbackInfoEEEEEP12napi_value__P10napi_env__P20napi_callback_info__EUlvE_EES8_T_
FN:76,_ZN4Napi7details12WrapCallbackIZNS0_L25TemplatedInstanceCallbackI9DisruptorXadL_ZNS3_7GetSpinERKNS_12CallbackInfoEEEEEP12napi_value__P10napi_env__P20napi_callback_info__EUlvE_EES8_T_
FN:76,_ZN4Napi7details12WrapCallbackIZNS_10ObjectWrapI9DisruptorE27StaticMethodCallbackWrapperEP10napi_env__P20napi_callback_info__EUlvE_EEP12napi_value__T_
FN:76,_ZN4Napi7details12WrapCallbackIZNS0_L29TemplatedInstanceVoidCallbackI9DisruptorXadL_ZNS3_21ProduceClaimManyAsyncERKNS_12CallbackInfoEEEEEP12napi_value__P10napi_env__P20napi_callback_info__EUlvE_EES8_T_
FN:76,_ZN4Napi7details12WrapCallbackIZNS0_L25TemplatedInstanceCallbackI9DisruptorXadL_ZNS3_13ConsumeCommitERKNS_12CallbackInfoEEEEEP12napi_value__P10napi_env__P20napi_callback_info__EUlvE_EES8_T_
FN:76,_ZN4Napi7details12WrapCallbackIZNS0_L25TemplatedInstanceCallbackI9DisruptorXadL_ZNS3_21GetPendingSeqConsumerERKNS_12CallbackInfoEEEEEP12napi_value__P10napi_env__P20napi_callback_info__EUlvE_EES8_T_
FN:76,_ZN4Napi7details12WrapCallbackIZNS0_L25TemplatedInstanceCallbackI9DisruptorXadL_ZNS3_12ProduceClaimERKNS_12CallbackInfoEEEEEP12napi_value__P10napi_env__P20napi_callback_info__EUlvE_EES8_T_
FN:76,_ZN4Napi7details12WrapCallbackIZNS_11AsyncWorker14OnWorkCompleteENS_3EnvE11napi_statusEUlvE_EEP12napi_value__T_
FN:76,_ZN4Napi7details12WrapCallbackIZNS0_L29TemplatedInstanceVoidCallbackI9DisruptorXadL_ZNS3_15ConsumeNewAsyncERKNS_12CallbackInfoEEEEEP12napi_value__P10napi_env__P20napi_callback_info__EUlvE_EES8_T_
FN:76,_ZN4Napi7details12WrapCallbackIZNS0_L25TemplatedInstanceCallbackI9DisruptorXadL_ZNS3_7GetNextERKNS_12CallbackInfoEEEEEP12napi_value__P10napi_env__P20napi_callback_info__EUlvE_EES8_T_
FN:76,_ZN4Napi7details12WrapCallbackIZNS0_L25TemplatedInstanceCallbackI9DisruptorXadL_ZNS3_17ProduceCommitSyncERKNS_12CallbackInfoEEEEEP12napi_value__P10napi_env__P20napi_callback_info__EUlvE_EES8_T_
FN:76,_ZN4Napi7details12WrapCallbackIZNS0_L25TemplatedInstanceCallbackI9DisruptorXadL_ZNS3_16ProduceClaimManyERKNS_12CallbackInfoEEEEEP12napi_value__P10napi_env__P20napi_callback_info__EUlvE_EES8_T_
FN:76,_ZN4Napi7details12WrapCallbackIZNS0_L25TemplatedInstanceCallbackI9DisruptorXadL_ZNS3_14ConsumeNewSyncERKNS_12CallbackInfoEEEEEP12napi_value__P10napi_env__P20napi_callback_info__EUlvE_EES8_T_
FN:76,_ZN4Napi7details12WrapCallbackIZNS0_L29TemplatedInstanceVoidCallbackI9DisruptorXadL_ZNS3_17ProduceClaimAsyncERKNS_12CallbackInfoEEEEEP12napi_value__P10napi_env__P20napi_callback_info__EUlvE_EES8_T_
FN:76,_ZN4Napi7details12WrapCallbackIZNS0_L25TemplatedInstanceCallbackI9DisruptorXadL_ZNS3_21ProduceClaimAvailSyncERKNS_12CallbackInfoEEEEEP12napi_value__P10napi_env__P20napi_callback_info__EUlvE_EES8_T_
FN:76,_ZN4Napi7details12WrapCallbackIZNS0_L25TemplatedInstanceCallbackI9DisruptorXadL_ZNS3_16ProduceClaimSyncERKNS_12CallbackInfoEEEEEP12napi_value__P10napi_env__P20napi_callback_info__EUlvE_EES8_T_
FN:76,_ZN4Napi7details12WrapCallbackIZNS_12InstanceWrapI9DisruptorE13WrappedMethodIXadL_ZNS3_9SetStatusERKNS_12CallbackInfoERKNS_5ValueEEEEEP12napi_value__P10napi_env__P20napi_callback_info__EUlvE_EESD_T_
FN:76,_ZN4Napi7details12WrapCallbackIZNS_14RegisterModuleEP10napi_env__P12napi_value__PFNS_6ObjectENS_3EnvES6_EEUlvE_EES5_T_
FN:76,_ZN4Napi7details12WrapCallbackIZNS_12InstanceWrapI9DisruptorE29InstanceGetterCallbackWrapperEP10napi_env__P20napi_callback_info__EUlvE_EEP12napi_value__T_
FN:76,_ZN4Napi7details12WrapCallbackIZNS_10ObjectWrapI9DisruptorE31StaticVoidMethodCallbackWrapperEP10napi_env__P20napi_callback_info__EUlvE_EEP12napi_value__T_
FN:76,_ZN4Napi7details12WrapCallbackIZNS_10ObjectWrapI9DisruptorE27StaticGetterCallbackWrapperEP10napi_env__P20napi_callback_info__EUlvE_EEP12napi_value__T_
FN:76,_ZN4Napi7details12WrapCallbackIZNS0_L25TemplatedInstanceCallbackI9DisruptorXadL_ZNS3_19GetPendingSeqCursorERKNS_12CallbackInfoEEEEEP12napi_value__P10napi_env__P20napi_callback_info__EUlvE_EES8_T_
FN:95,_ZN4Napi7details16WrapVoidCallbackIZNS0_12FinalizeDataIhZN9DisruptorC4ERKNS_12CallbackInfoEEUlNS_3EnvEPhE_vE7WrapperEP10napi_env__PvSD_EUlvE_EEvT_
FN:146,_ZN4Napi7detailsL21TemplatedVoidCallbackIXadL_Z12NullCallbackRKNS_12CallbackInfoEEEEEP12napi_value__P10napi_env__P20napi_callback_info__
FN:147,_ZZN4Napi7detailsL21TemplatedVoidCallbackIXadL_Z12NullCallbackRKNS_12CallbackInfoEEEEEP12napi_value__P10napi_env__P20napi_callback_info__ENKUlvE_clEv
FN:166,_ZN4Napi7detailsL25TemplatedInstanceCallbackI9DisruptorXadL_ZNS2_21GetPendingSeqConsumerERKNS_12CallbackInfoEEEEEP12napi_value__P10napi_env__P20napi_callback_info__
FN:166,_ZN4Napi7detailsL25TemplatedInstanceCallbackI9DisruptorXadL_ZNS2_14ProduceRecoverERKNS_12CallbackInfoEEEEEP12napi_value__P10napi_env__P20napi_callback_info__
FN:166,_ZN4Napi7detailsL25TemplatedInstanceCallbackI9DisruptorXadL_ZNS2_13ConsumeCommitERKNS_12CallbackInfoEEEEEP12napi_value__P10napi_env__P20napi_callback_info__
FN:166,_ZN4Napi7detailsL25TemplatedInstanceCallbackI9DisruptorXadL_ZNS2_12ProduceClaimERKNS_12CallbackInfoEEEEEP12napi_value__P10napi_env__P20napi_callback_info__
FN:166,_ZN4Napi7detailsL25TemplatedInstanceCallbackI9DisruptorXadL_ZNS2_14GetElementSizeERKNS_12CallbackInfoEEEEEP12napi_value__P10napi_env__P20napi_callback_info__
FN:166,_ZN4Napi7detailsL25TemplatedInstanceCallbackI9DisruptorXadL_ZNS2_9GetCursorERKNS_12CallbackInfoEEEEEP12napi_value__P10napi_env__P20napi_callback_info__
FN:166,_ZN4Napi7detailsL25TemplatedInstanceCallbackI9DisruptorXadL_ZNS2_11GetElementsERKNS_12CallbackInfoEEEEEP12napi_value__P10napi_env__P20napi_callback_info__
FN:166,_ZN4Napi7detailsL25TemplatedInstanceCallbackI9DisruptorXadL_ZNS2_7GetNextERKNS_12CallbackInfoEEEEEP12napi_value__P10napi_env__P20napi_callback_info__
FN:166,_ZN4Napi7detailsL25TemplatedInstanceCallbackI9DisruptorXadL_ZNS2_10ConsumeNewERKNS_12CallbackInfoEEEEEP12napi_value__P10napi_env__P20napi_callback_info__
FN:166,_ZN4Napi7detailsL25TemplatedInstanceCallbackI9DisruptorXadL_ZNS2_12GetConsumersERKNS_12CallbackInfoEEEEEP12napi_value__P10napi_env__P20napi_callback_info__
FN:166,_ZN4Napi7detailsL25TemplatedInstanceCallbackI9DisruptorXadL_ZNS2_7GetSpinERKNS_12CallbackInfoEEEEEP12napi_value__P10napi_env__P20napi_callback_info__
FN:166,_ZN4Napi7detailsL25TemplatedInstanceCallbackI9DisruptorXadL_ZNS2_9GetStatusERKNS_12CallbackInfoEEEEEP12napi_value__P10napi_env__P20napi_callback_info__
FN:166,_ZN4Napi7detailsL25TemplatedInstanceCallbackI9DisruptorXadL_ZNS2_17ProduceClaimAvailERKNS_12CallbackInfoEEEEEP12napi_value__P10napi_env__P20napi_callback_info__
FN:166,_ZN4Napi7detailsL25TemplatedInstanceCallbackI9DisruptorXadL_ZNS2_13ProduceCommitERKNS_12CallbackInfoEEEEEP12napi_value__P10napi_env__P20napi_callback_info__
FN:166,_ZN4Napi7detailsL25TemplatedInstanceCallbackI9DisruptorXadL_ZNS2_17ProduceCommitSyncERKNS_12CallbackInfoEEEEEP12napi_value__P10napi_env__P20napi_callback_info__
FN:166,_ZN4Napi7detailsL25TemplatedInstanceCallbackI9DisruptorXadL_ZNS2_17GetPendingSeqNextERKNS_12CallbackInfoEEEEEP12napi_value__P10napi_env__P20napi_callback_info__
FN:166,_ZN4Napi7detailsL25TemplatedInstanceCallbackI9DisruptorXadL_ZNS2_16ProduceClaimManyERKNS_12CallbackInfoEEEEEP12napi_value__P10napi_env__P20napi_callback_info__
FN:166,_ZN4Napi7detailsL25TemplatedInstanceCallbackI9DisruptorXadL_ZNS2_16ProduceClaimSyncERKNS_12CallbackInfoEEEEEP12napi_value__P10napi_env__P20napi_callback_info__
FN:166,_ZN4Napi7detailsL25TemplatedInstanceCallbackI9DisruptorXadL_ZNS2_14ConsumeNewSyncERKNS_12CallbackInfoEEEEEP12napi_value__P10napi_env__P20napi_callback_info__
FN:166,_ZN4Napi7detailsL25TemplatedInstanceCallbackI9DisruptorXadL_ZNS2_21ProduceClaimAvailSyncERKNS_12CallbackInfoEEEEEP12napi_value__P10napi_env__P20napi_callback_info__
FN:166,_ZN4Napi7detailsL25TemplatedInstanceCallbackI9DisruptorXadL_ZNS2_20ProduceClaimManySyncERKNS_12CallbackInfoEEEEEP12napi_value__P10napi_env__P20napi_callback_info__
FN:166,_ZN4Napi7detailsL25TemplatedInstanceCallbackI9DisruptorXadL_ZNS2_20GetPendingSeqNextEndERKNS_12CallbackInfoEEEEEP12napi_value__P10napi_env__P20napi_callback_info__
FN:166,_ZN4Napi7detailsL25TemplatedInstanceCallbackI9DisruptorXadL_ZNS2_11GetConsumerERKNS_12CallbackInfoEEEEEP12napi_value__P10napi_env__P20napi_callback_info__
FN:166,_ZN4Napi7detailsL25TemplatedInstanceCallbackI9DisruptorXadL_ZNS2_19GetPendingSeqCursorERKNS_12CallbackInfoEEEEEP12napi_value__P10napi_env__P20napi_callback_info__
FN:167,_ZZN4Napi7detailsL25TemplatedInstanceCallbackI9DisruptorXadL_ZNS2_10ConsumeNewERKNS_12CallbackInfoEEEEEP12napi_value__P10napi_env__P20napi_callback_info__ENKUlvE_clEv
FN:167,_ZZN4Napi7detailsL25TemplatedInstanceCallbackI9DisruptorXadL_ZNS2_11GetElementsERKNS_12CallbackInfoEEEEEP12napi_value__P10napi_env__P20napi_callback_info__ENKUlvE_clEv
FN:167,_ZZN4Napi7detailsL25TemplatedInstanceCallbackI9DisruptorXadL_ZNS2_21GetPendingSeqConsumerERKNS_12CallbackInfoEEEEEP12napi_value__P10napi_env__P20napi_callback_info__ENKUlvE_clEv
FN:167,_ZZN4Napi7detailsL25TemplatedInstanceCallbackI9DisruptorXadL_ZNS2_12ProduceClaimERKNS_12CallbackInfoEEEEEP12napi_value__P10napi_env__P20napi_callback_info__ENKUlvE_clEv
FN:167,_ZZN4Napi7detailsL25TemplatedInstanceCallbackI9DisruptorXadL_ZNS2_14ConsumeNewSyncERKNS_12CallbackInfoEEEEEP12napi_value__P10napi_env__P20napi_callback_info__ENKUlvE_clEv
FN:167,_ZZN4Napi7detailsL25TemplatedInstanceCallbackI9DisruptorXadL_ZNS2_17ProduceClaimAvailERKNS_12CallbackInfoEEEEEP12napi_value__P10napi_env__P20napi_callback_info__ENKUlvE_clEv
FN:167,_ZZN4Napi7detailsL25TemplatedInstanceCallbackI9DisruptorXadL_ZNS2_16ProduceClaimSyncERKNS_12CallbackInfoEEEEEP12napi_value__P10napi_env__P20napi_callback_info__ENKUlvE_clEv
FN:167,_ZZN4Napi7detailsL25TemplatedInstanceCallbackI9DisruptorXadL_ZNS2_20ProduceClaimManySyncERKNS_12CallbackInfoEEEEEP12napi_value__P10napi_env__P20napi_callback_info__ENKUlvE_clEv
FN:167,_ZZN4Napi7detailsL25TemplatedInstanceCallbackI9DisruptorXadL_ZNS2_14ProduceRecoverERKNS_12CallbackInfoEEEEEP12napi_value__P10napi_env__P20napi_callback_info__ENKUlvE_clEv
FN:167,_ZZN4Napi7detailsL25TemplatedInstanceCallbackI9DisruptorXadL_ZNS2_12GetConsumersERKNS_12CallbackInfoEEEEEP12napi_value__P10napi_env__P20napi_callback_info__ENKUlvE_clEv
FN:167,_ZZN4Napi7detailsL25TemplatedInstanceCallbackI9DisruptorXadL_ZNS2_7GetNextERKNS_12CallbackInfoEEEEEP12napi_value__P10napi_env__P20napi_callback_info__ENKUlvE_clEv
FN:167,_ZZN4Napi7detailsL25TemplatedInstanceCallbackI9DisruptorXadL_ZNS2_11GetConsumerERKNS_12CallbackInfoEEEEEP12napi_value__P10napi_env__P20napi_callback_info__ENKUlvE_clEv
FN:167,_ZZN4Napi7detailsL25TemplatedInstanceCallbackI9DisruptorXadL_ZNS2_13ProduceCommitERKNS_12CallbackInfoEEEEEP12napi_value__P10napi_env__P20napi_callback_info__ENKUlvE_clEv
FN:167,_ZZN4Napi7detailsL25TemplatedInstanceCallbackI9DisruptorXadL_ZNS2_20GetPendingSeqNextEndERKNS_12CallbackInfoEEEEEP12napi_value__P10napi_env__P20napi_callback_info__ENKUlvE_clEv
FN:167,_ZZN4Napi7detailsL25TemplatedInstanceCallbackI9DisruptorXadL_ZNS2_17GetPendingSeqNextERKNS_12CallbackInfoEEEEEP12napi_value__P10napi_env__P20napi_callback_info__ENKUlvE_clEv
FN:167,_ZZN4Napi7detailsL25TemplatedInstanceCallbackI9DisruptorXadL_ZNS2_13ConsumeCommitERKNS_12CallbackInfoEEEEEP12napi_value__P10napi_env__P20napi_callback_info__ENKUlvE_clEv
FN:167,_ZZN4Napi7detailsL25TemplatedInstanceCallbackI9DisruptorXadL_ZNS2_17ProduceCommitSyncERKNS_12CallbackInfoEEEEEP12napi_value__P10napi_env__P20napi_callback_info__ENKUlvE_clEv
FN:167,_ZZN4Napi7detailsL25TemplatedInstanceCallbackI9DisruptorXadL_ZNS2_19GetPendingSeqCursorERKNS_12CallbackInfoEEEEEP12napi_value__P10napi_env__P20napi_callback_info__ENKUlvE_clEv
FN:167,_ZZN4Napi7detailsL25TemplatedInstanceCallbackI9DisruptorXadL_ZNS2_7GetSpinERKNS_12CallbackInfoEEEEEP12napi_value__P10napi_env__P20napi_callback_info__ENKUlvE_clEv
FN:167,_ZZN4Napi7detailsL25TemplatedInstanceCallbackI9DisruptorXadL_ZNS2_9GetStatusERKNS_12CallbackInfoEEEEEP12napi_value__P10napi_env__P20napi_callback_info__ENKUlvE_clEv
FN:167,_ZZN4Napi7detailsL25TemplatedInstanceCallbackI9DisruptorXadL_ZNS2_16ProduceClaimManyERKNS_12CallbackInfoEEEEEP12napi_value__P10napi_env__P20napi_callback_info__ENKUlvE_clEv
FN:167,_ZZN4Napi7detailsL25TemplatedInstanceCallbackI9DisruptorXadL_ZNS2_9GetCursorERKNS_12CallbackInfoEEEEEP12napi_value__P10napi_env__P20napi_callback_info__ENKUlvE_clEv
FN:167,_ZZN4Napi7detailsL25TemplatedInstanceCallbackI9DisruptorXadL_ZNS2_21ProduceClaimAvailSyncERKNS_12CallbackInfoEEEEEP12napi_value__P10napi_env__P20napi_callback_info__ENKUlvE_clEv
FN:167,_ZZN4Napi7detailsL25TemplatedInstanceCallbackI9DisruptorXadL_ZNS2_14GetElementSizeERKNS_12CallbackInfoEEEEEP12napi_value__P10napi_env__P20napi_callback_info__ENKUlvE_clEv
FN:176,_ZN4Napi7detailsL29TemplatedInstanceVoidCallbackI9DisruptorXadL_ZNS2_7ReleaseERKNS_12CallbackInfoEEEEEP12napi_value__P10napi_env__P20napi_callback_info__
FN:176,_ZN4Napi7detailsL29TemplatedInstanceVoidCallbackI9DisruptorXadL_ZNS2_21ProduceClaimManyAsyncERKNS_12CallbackInfoEEEEEP12napi_value__P10napi_env__P20napi_callback_info__
FN:176,_ZN4Napi7detailsL29TemplatedInstanceVoidCallbackI9DisruptorXadL_ZNS2_15ConsumeNewAsyncERKNS_12CallbackInfoEEEEEP12napi_value__P10napi_env__P20napi_callback_info__
FN:176,_ZN4Napi7detailsL29TemplatedInstanceVoidCallbackI9DisruptorXadL_ZNS2_18ProduceCommitAsyncERKNS_12CallbackInfoEEEEEP12napi_value__P10napi_env__P20napi_callback_info__
FN:176,_ZN4Napi7detailsL29TemplatedInstanceVoidCallbackI9DisruptorXadL_ZNS2_17ProduceClaimAsyncERKNS_12CallbackInfoEEEEEP12napi_value__P10napi_env__P20napi_callback_info__
FN:176,_ZN4Napi7detailsL29TemplatedInstanceVoidCallbackI9DisruptorXadL_ZNS2_22ProduceClaimAvailAsyncERKNS_12CallbackInfoEEEEEP12napi_value__P10napi_env__P20napi_callback_info__
FN:178,_ZZN4Napi7detailsL29TemplatedInstanceVoidCallbackI9DisruptorXadL_ZNS2_22ProduceClaimAvailAsyncERKNS_12CallbackInfoEEEEEP12napi_value__P10napi_env__P20napi_callback_info__ENKUlvE_clEv
FN:178,_ZZN4Napi7detailsL29TemplatedInstanceVoidCallbackI9DisruptorXadL_ZNS2_18ProduceCommitAsyncERKNS_12CallbackInfoEEEEEP12napi_value__P10napi_env__P20napi_callback_info__ENKUlvE_clEv
FN:178,_ZZN4Napi7detailsL29TemplatedInstanceVoidCallbackI9DisruptorXadL_ZNS2_15ConsumeNewAsyncERKNS_12CallbackInfoEEEEEP12napi_value__P10napi_env__P20napi_callback_info__ENKUlvE_clEv
FN:178,_ZZN4Napi7detailsL29TemplatedInstanceVoidCallbackI9DisruptorXadL_ZNS2_17ProduceClaimAsyncERKNS_12CallbackInfoEEEEEP12napi_value__P10napi_env__P20napi_callback_info__ENKUlvE_clEv
FN:178,_ZZN4Napi7detailsL29TemplatedInstanceVoidCallbackI9DisruptorXadL_ZNS2_21ProduceClaimManyAsyncERKNS_12CallbackInfoEEEEEP12napi_value__P10napi_env__P20napi_callback_info__ENKUlvE_clEv
FN:178,_ZZN4Napi7detailsL29TemplatedInstanceVoidCallbackI9DisruptorXadL_ZNS2_7ReleaseERKNS_12CallbackInfoEEEEEP12napi_value__P10napi_env__P20napi_callback_info__ENKUlvE_clEv
FN:188,_ZN4Napi7details12FinalizeDataIhZN9DisruptorC4ERKNS_12CallbackInfoEEUlNS_3EnvEPhE_vE7WrapperEP10napi_env__PvSC_
FN:191,_ZZN4Napi7details12FinalizeDataIhZN9DisruptorC4ERKNS_12CallbackInfoEEUlNS_3EnvEPhE_vE7WrapperEP10napi_env__PvSC_ENKUlvE_clEv
FN:376,_ZN4Napi14RegisterModuleEP10napi_env__P12napi_value__PFNS_6ObjectENS_3EnvES4_E
FN:379,_ZZN4Napi14RegisterModuleEP10napi_env__P12napi_value__PFNS_6ObjectENS_3EnvES4_EENKUlvE_clEv
FN:455,_ZN4Napi3EnvC2EP10napi_env__
FN:458,_ZNK4Napi3EnvcvP10napi_env__Ev
FN:462,_ZNK4Napi3Env6GlobalEv
FN:469,_ZNK4Napi3Env9UndefinedEv
FN:476,_ZNK4Napi3Env4NullEv
FN:483,_ZNK4Napi3Env18IsExceptionPendingEv
FN:582,_ZN4Napi5ValueC2Ev
FN:585,_ZN4Napi5ValueC2EP10napi_env__P12napi_value__
FN:588,_ZNK4Napi5ValuecvP12napi_value__Ev
FN:607,_ZNK4Napi5Value3EnvEv
FN:611,_ZNK4Napi5Value7IsEmptyEv
FN:615,_ZNK4Napi5Value4TypeEv
FN:706,_ZNK4Napi5Value10IsFunctionEv
FN:748,_ZNK4Napi5Value2AsINS_6ObjectEEET_v
FN:748,_ZNK4Napi5Value2AsINS_6NumberEEET_v
FN:748,_ZNK4Napi5Value2AsINS_8FunctionEEET_v
FN:748,_ZNK4Napi5Value2AsINS_7BooleanEEET_v
FN:748,_ZNK4Napi5Value2AsINS_6BufferIhEEEET_v
FN:748,_ZNK4Napi5Value2AsINS_6StringEEET_v
FN:784,_ZN4Napi7Boolean3NewEP10napi_env__b
FN:794,_ZN4Napi7BooleanC2EP10napi_env__P12napi_value__
FN:797,_ZNK4Napi7BooleancvbEv
FN:801,_ZNK4Napi7Boolean5ValueEv
FN:812,_ZN4Napi6Number3NewEP10napi_env__d
FN:822,_ZN4Napi6NumberC2EP10napi_env__P12napi_value__
FN:825,_ZNK4Napi6NumbercviEv
FN:829,_ZNK4Napi6NumbercvjEv
FN:845,_ZNK4Napi6Number10Int32ValueEv
FN:852,_ZNK4Napi6Number11Uint32ValueEv
FN:859,_ZNK4Napi6Number10Int64ValueEv
FN:978,_ZN4Napi4NameC2EP10napi_env__P12napi_value__
FN:993,_ZN4Napi6String3NewEP10napi_env__PKc
FN:1036,_ZN4Napi6StringC2EP10napi_env__P12napi_value__
FN:1039,_ZNK4Napi6StringcvNSt7__cxx1112basic_stringIcSt11char_traitsIcESaIcEEEEv
FN:1047,_ZNK4Napi6String9Utf8ValueB5cxx11Ev
FN:1178,_ZN4Napi7details13vf_utf8_charp4FromEP10napi_env__PKc
FN:1202,_ZN4Napi7details11vf_fallbackINS_5ValueEE4FromEP10napi_env__RKS2_
FN:1202,_ZN4Napi7details11vf_fallbackINS_8FunctionEE4FromEP10napi_env__RKS2_
FN:1202,_ZN4Napi7details11vf_fallbackINS_6BufferIhEEE4FromEP10napi_env__RKS3_
FN:1202,_ZN4Napi7details11vf_fallbackIP12napi_value__E4FromEP10napi_env__RKS3_
FN:1222,_ZN4Napi5Value4FromINS_6BufferIhEEEES0_P10napi_env__RKT_
FN:1222,_ZN4Napi5Value4FromINS_8FunctionEEES0_P10napi_env__RKT_
FN:1222,_ZN4Napi5Value4FromIP12napi_value__EES0_P10napi_env__RKT_
FN:1222,_ZN4Napi5Value4FromIS0_EES0_P10napi_env__RKT_
FN:1236,_ZN4Napi6String4FromIPKcEES0_P10napi_env__RKT_
FN:1273,_ZN4Napi6Object14PropertyLValueIjEaSINS_5ValueEEERS2_T_
FN:1285,_ZN4Napi6Object14PropertyLValueIjEC2ES0_j
FN:1288,_ZN4Napi6Object3NewEP10napi_env__
FN:1295,_ZN4Napi6ObjectC2Ev
FN:1298,_ZN4Napi6ObjectC2EP10napi_env__P12napi_value__
FN:1311,_ZN4Napi6ObjectixEj
FN:1390,_ZNK4Napi6Object3GetEPKc
FN:1416,_ZNK4Napi6Object3SetINS_8FunctionEEEbPKcRKT_
FN:1462,_ZNK4Napi6Object3SetINS_6BufferIhEEEEbjRKT_
FN:1462,_ZNK4Napi6Object3SetINS_5ValueEEEbjRKT_
FN:1711,_ZN4Napi5Array3NewEP10napi_env__
FN:1728,_ZN4Napi5ArrayC2EP10napi_env__P12napi_value__
FN:1731,_ZNK4Napi5Array6LengthEv
FN:2019,_ZN4Napi10TypedArrayC2Ev
FN:2023,_ZN4Napi10TypedArrayC2EP10napi_env__P12napi_value__
FN:2129,_ZN4Napi12TypedArrayOfIhEC2Ev
FN:2133,_ZN4Napi12TypedArrayOfIhEC2EP10napi_env__P12napi_value__
FN:2188,_ZN4NapiL14CreateFunctionINS_18MethodCallbackDataI9DisruptorPFvRKNS_12CallbackInfoEEEEEE11napi_statusP10napi_env__PKcPFP12napi_value__SB_P20napi_callback_info__EPT_PSF_
FN:2188,_ZN4NapiL14CreateFunctionINS_18MethodCallbackDataI9DisruptorPFNS_5ValueERKNS_12CallbackInfoEEEEEE11napi_statusP10napi_env__PKcPFP12napi_value__SC_P20napi_callback_info__EPT_PSG_
FN:2203,_ZN4Napi8Function3NewIXadL_Z12NullCallbackRKNS_12CallbackInfoEEEEES0_P10napi_env__PKcPv
FN:2276,_ZN4Napi8FunctionC2EP10napi_env__P12napi_value__
FN:2304,_ZNK4Napi8Function4CallEP12napi_value__RKSt16initializer_listIS2_E
FN:2309,_ZNK4Napi8Function4CallEP12napi_value__RKSt6vectorIS2_SaIS2_EE
FN:2335,_ZNK4Napi8Function4CallEP12napi_value__mPKS2_
FN:2345,_ZNK4Napi8Function12MakeCallbackEP12napi_value__RKSt16initializer_listIS2_EP20napi_async_context__
FN:2359,_ZNK4Napi8Function12MakeCallbackEP12napi_value__mPKS2_P20napi_async_context__
FN:2448,_ZN4Napi6BufferIhE3NewIZN9DisruptorC4ERKNS_12CallbackInfoEEUlNS_3EnvEPhE_EES1_P10napi_env__S8_mT_
FN:2505,_ZN4Napi6BufferIhEC2Ev
FN:2509,_ZN4Napi6BufferIhEC2EP10napi_env__P12napi_value__
FN:2514,_ZN4Napi6BufferIhEC2EP10napi_env__P12napi_value__mPh
FN:2519,_ZNK4Napi6BufferIhE6LengthEv
FN:2531,_ZNK4Napi6BufferIhE10EnsureInfoEv
FN:2549,_ZN4Napi5Error3NewEP10napi_env__
FN:2609,_ZN4Napi5Error3NewEP10napi_env__PKc
FN:2613,_ZN4Napi5Error3NewEP10napi_env__RKNSt7__cxx1112basic_stringIcSt11char_traitsIcESaIcEEE
FN:2617,_ZN4Napi5Error5FatalEPKcS2_
FN:2624,_ZN4Napi5ErrorC2EP10napi_env__P12napi_value__
FN:2662,_ZNK4Napi5Error5ValueEv
FN:2728,_ZNK4Napi5Error7MessageB5cxx11Ev
FN:2753,_ZNK4Napi5Error26ThrowAsJavaScriptExceptionEv
FN:2801,_ZNK4Napi5Error4whatEv
FN:2807,_ZN4Napi5Error16ERROR_WRAP_VALUEEv
FN:2812,_ZN4Napi5Error3NewINS_9TypeErrorEEET_P10napi_env__PKcmPF11napi_statusS5_P12napi_value__SA_PSA_E
FN:2812,_ZN4Napi5Error3NewIS0_EET_P10napi_env__PKcmPF11napi_statusS4_P12napi_value__S9_PS9_E
FN:2827,_ZN4Napi9TypeError3NewEP10napi_env__PKc
FN:2838,_ZN4Napi9TypeErrorC2EP10napi_env__P12napi_value__
FN:2860,_ZN4Napi9ReferenceINS_6ObjectEE3NewERKS1_j
FN:2860,_ZN4Napi9ReferenceINS_6BufferIhEEE3NewERKS2_j
FN:2860,_ZN4Napi9ReferenceINS_8FunctionEE3NewERKS1_j
FN:2877,_ZN4Napi9ReferenceINS_6BufferIhEEEC2Ev
FN:2877,_ZN4Napi9ReferenceINS_8FunctionEEC2Ev
FN:2877,_ZN4Napi9ReferenceINS_6ObjectEEC2Ev
FN:2881,_ZN4Napi9ReferenceINS_6BufferIhEEEC2EP10napi_env__P10napi_ref__
FN:2881,_ZN4Napi9ReferenceINS_6ObjectEEC2EP10napi_env__P10napi_ref__
FN:2881,_ZN4Napi9ReferenceINS_8FunctionEEC2EP10napi_env__P10napi_ref__
FN:2886,_ZN4Napi9ReferenceINS_6ObjectEED2Ev
FN:2886,_ZN4Napi9ReferenceINS_8FunctionEED2Ev
FN:2886,_ZN4Napi9ReferenceINS_6BufferIhEEED2Ev
FN:2897,_ZN4Napi9ReferenceINS_6ObjectEEC2EOS2_
FN:2897,_ZN4Napi9ReferenceINS_8FunctionEEC2EOS2_
FN:2905,_ZN4Napi9ReferenceINS_8FunctionEEaSEOS2_
FN:2905,_ZN4Napi9ReferenceINS_6ObjectEEaSEOS2_
FN:2905,_ZN4Napi9ReferenceINS_6BufferIhEEEaSEOS3_
FN:2947,_ZNK4Napi9ReferenceINS_6ObjectEE3EnvEv
FN:2947,_ZNK4Napi9ReferenceINS_8FunctionEE3EnvEv
FN:2952,_ZNK4Napi9ReferenceINS_6ObjectEE7IsEmptyEv
FN:2952,_ZNK4Napi9ReferenceINS_8FunctionEE7IsEmptyEv
FN:2957,_ZNK4Napi9ReferenceINS_6ObjectEE5ValueEv
FN:2957,_ZNK4Napi9ReferenceINS_8FunctionEE5ValueEv
FN:2957,_ZNK4Napi9ReferenceINS_6BufferIhEEE5ValueEv
FN:2985,_ZN4Napi9ReferenceINS_8FunctionEE5ResetEv
FN:2985,_ZN4Napi9ReferenceINS_6BufferIhEEE5ResetEv
FN:2985,_ZN4Napi9ReferenceINS_6ObjectEE5ResetEv
FN:3024,_ZN4Napi10PersistentINS_6BufferIhEEEENS_9ReferenceIT_EES4_
FN:3028,_ZN4Napi10PersistentENS_6ObjectE
FN:3032,_ZN4Napi10PersistentENS_8FunctionE
FN:3043,_ZN4Napi15ObjectReferenceC2EP10napi_env__P10napi_ref__
FN:3046,_ZN4Napi15ObjectReferenceC2EONS_9ReferenceINS_6ObjectEEE
FN:3068,_ZNK4Napi15ObjectReference3GetEPKc
FN:3218,_ZN4Napi17FunctionReferenceC2Ev
FN:3225,_ZN4Napi17FunctionReferenceC2EONS_9ReferenceINS_8FunctionEEE
FN:3238,_ZN4Napi17FunctionReferenceaSEOS0_
FN:3294,_ZNK4Napi17FunctionReference4CallEP12napi_value__RKSt16initializer_listIS2_E
FN:3311,_ZNK4Napi17FunctionReference4CallEP12napi_value__RKSt6vectorIS2_SaIS2_EE
FN:3345,_ZNK4Napi17FunctionReference12MakeCallbackEP12napi_value__RKSt16initializer_listIS2_EP20napi_async_context__
FN:3443,_ZN4Napi12CallbackInfoC2EP10napi_env__P20napi_callback_info__
FN:3461,_ZN4Napi12CallbackInfoD2Ev
FN:3478,_ZNK4Napi12CallbackInfo3EnvEv
FN:3482,_ZNK4Napi12CallbackInfo6LengthEv
FN:3486,_ZNK4Napi12CallbackInfoixEm
FN:3490,_ZNK4Napi12CallbackInfo4ThisEv
FN:3497,_ZNK4Napi12CallbackInfo4DataEv
FN:3501,_ZN4Napi12CallbackInfo7SetDataEPv
FN:3825,_ZN4Napi12InstanceWrapI9DisruptorE14AttachPropDataEP10napi_env__P12napi_value__PK24napi_property_descriptor
FN:3918,_ZN4Napi12InstanceWrapI9DisruptorE14InstanceMethodIXadL_ZNS1_7ReleaseERKNS_12CallbackInfoEEEEENS_23ClassPropertyDescriptorIS1_EEPKc24napi_property_attributesPv
FN:3918,_ZN4Napi12InstanceWrapI9DisruptorE14InstanceMethodIXadL_ZNS1_21ProduceClaimManyAsyncERKNS_12CallbackInfoEEEEENS_23ClassPropertyDescriptorIS1_EEPKc24napi_property_attributesPv
FN:3918,_ZN4Napi12InstanceWrapI9DisruptorE14InstanceMethodIXadL_ZNS1_22ProduceClaimAvailAsyncERKNS_12CallbackInfoEEEEENS_23ClassPropertyDescriptorIS1_EEPKc24napi_property_attributesPv
FN:3918,_ZN4Napi12InstanceWrapI9DisruptorE14InstanceMethodIXadL_ZNS1_18ProduceCommitAsyncERKNS_12CallbackInfoEEEEENS_23ClassPropertyDescriptorIS1_EEPKc24napi_property_attributesPv
FN:3918,_ZN4Napi12InstanceWrapI9DisruptorE14InstanceMethodIXadL_ZNS1_15ConsumeNewAsyncERKNS_12CallbackInfoEEEEENS_23ClassPropertyDescriptorIS1_EEPKc24napi_property_attributesPv
FN:3918,_ZN4Napi12InstanceWrapI9DisruptorE14InstanceMethodIXadL_ZNS1_17ProduceClaimAsyncERKNS_12CallbackInfoEEEEENS_23ClassPropertyDescriptorIS1_EEPKc24napi_property_attributesPv
FN:3932,_ZN4Napi12InstanceWrapI9DisruptorE14InstanceMethodIXadL_ZNS1_12ProduceClaimERKNS_12CallbackInfoEEEEENS_23ClassPropertyDescriptorIS1_EEPKc24napi_property_attributesPv
FN:3932,_ZN4Napi12InstanceWrapI9DisruptorE14InstanceMethodIXadL_ZNS1_14ConsumeNewSyncERKNS_12CallbackInfoEEEEENS_23ClassPropertyDescriptorIS1_EEPKc24napi_property_attributesPv
FN:3932,_ZN4Napi12InstanceWrapI9DisruptorE14InstanceMethodIXadL_ZNS1_20ProduceClaimManySyncERKNS_12CallbackInfoEEEEENS_23ClassPropertyDescriptorIS1_EEPKc24napi_property_attributesPv
FN:3932,_ZN4Napi12InstanceWrapI9DisruptorE14InstanceMethodIXadL_ZNS1_17ProduceClaimAvailERKNS_12CallbackInfoEEEEENS_23ClassPropertyDescriptorIS1_EEPKc24napi_property_attributesPv
FN:3932,_ZN4Napi12InstanceWrapI9DisruptorE14InstanceMethodIXadL_ZNS1_16ProduceClaimSyncERKNS_12CallbackInfoEEEEENS_23ClassPropertyDescriptorIS1_EEPKc24napi_property_attributesPv
FN:3932,_ZN4Napi12InstanceWrapI9DisruptorE14InstanceMethodIXadL_ZNS1_21ProduceClaimAvailSyncERKNS_12CallbackInfoEEEEENS_23ClassPropertyDescriptorIS1_EEPKc24napi_property_attributesPv
FN:3932,_ZN4Napi12InstanceWrapI9DisruptorE14InstanceMethodIXadL_ZNS1_10ConsumeNewERKNS_12CallbackInfoEEEEENS_23ClassPropertyDescriptorIS1_EEPKc24napi_property_attributesPv
FN:3932,_ZN4Napi12InstanceWrapI9DisruptorE14InstanceMethodIXadL_ZNS1_13ProduceCommitERKNS_12CallbackInfoEEEEENS_23ClassPropertyDescriptorIS1_EEPKc24napi_property_attributesPv
FN:3932,_ZN4Napi12InstanceWrapI9DisruptorE14InstanceMethodIXadL_ZNS1_16ProduceClaimManyERKNS_12CallbackInfoEEEEENS_23ClassPropertyDescriptorIS1_EEPKc24napi_property_attributesPv
FN:3932,_ZN4Napi12InstanceWrapI9DisruptorE14InstanceMethodIXadL_ZNS1_17ProduceCommitSyncERKNS_12CallbackInfoEEEEENS_23ClassPropertyDescriptorIS1_EEPKc24napi_property_attributesPv
FN:3932,_ZN4Napi12InstanceWrapI9DisruptorE14InstanceMethodIXadL_ZNS1_14ProduceRecoverERKNS_12CallbackInfoEEEEENS_23ClassPropertyDescriptorIS1_EEPKc24napi_property_attributesPv
FN:3932,_ZN4Napi12InstanceWrapI9DisruptorE14InstanceMethodIXadL_ZNS1_13ConsumeCommitERKNS_12CallbackInfoEEEEENS_23ClassPropertyDescriptorIS1_EEPKc24napi_property_attributesPv
FN:4013,_ZN4Napi12InstanceWrapI9DisruptorE16InstanceAccessorIXadL_ZNS1_11GetElementsERKNS_12CallbackInfoEEELMS1_FvS6_RKNS_5ValueEE0EEENS_23ClassPropertyDescriptorIS1_EEPKc24napi_property_attributesPv
FN:4013,_ZN4Napi12InstanceWrapI9DisruptorE16InstanceAccessorIXadL_ZNS1_21GetPendingSeqConsumerERKNS_12CallbackInfoEEELMS1_FvS6_RKNS_5ValueEE0EEENS_23ClassPropertyDescriptorIS1_EEPKc24napi_property_attributesPv
FN:4013,_ZN4Napi12InstanceWrapI9DisruptorE16InstanceAccessorIXadL_ZNS1_7GetNextERKNS_12CallbackInfoEEELMS1_FvS6_RKNS_5ValueEE0EEENS_23ClassPropertyDescriptorIS1_EEPKc24napi_property_attributesPv
FN:4013,_ZN4Napi12InstanceWrapI9DisruptorE16InstanceAccessorIXadL_ZNS1_20GetPendingSeqNextEndERKNS_12CallbackInfoEEELMS1_FvS6_RKNS_5ValueEE0EEENS_23ClassPropertyDescriptorIS1_EEPKc24napi_property_attributesPv
FN:4013,_ZN4Napi12InstanceWrapI9DisruptorE16InstanceAccessorIXadL_ZNS1_17GetPendingSeqNextERKNS_12CallbackInfoEEELMS1_FvS6_RKNS_5ValueEE0EEENS_23ClassPropertyDescriptorIS1_EEPKc24napi_property_attributesPv
FN:4013,_ZN4Napi12InstanceWrapI9DisruptorE16InstanceAccessorIXadL_ZNS1_19GetPendingSeqCursorERKNS_12CallbackInfoEEELMS1_FvS6_RKNS_5ValueEE0EEENS_23ClassPropertyDescriptorIS1_EEPKc24napi_property_attributesPv
FN:4013,_ZN4Napi12InstanceWrapI9DisruptorE16InstanceAccessorIXadL_ZNS1_12GetConsumersERKNS_12CallbackInfoEEELMS1_FvS6_RKNS_5ValueEE0EEENS_23ClassPropertyDescriptorIS1_EEPKc24napi_property_attributesPv
FN:4013,_ZN4Napi12InstanceWrapI9DisruptorE16InstanceAccessorIXadL_ZNS1_14GetElementSizeERKNS_12CallbackInfoEEELMS1_FvS6_RKNS_5ValueEE0EEENS_23ClassPropertyDescriptorIS1_EEPKc24napi_property_attributesPv
FN:4013,_ZN4Napi12InstanceWrapI9DisruptorE16InstanceAccessorIXadL_ZNS1_11GetConsumerERKNS_12CallbackInfoEEELMS1_FvS6_RKNS_5ValueEE0EEENS_23ClassPropertyDescriptorIS1_EEPKc24napi_property_attributesPv
FN:4013,_ZN4Napi12InstanceWrapI9DisruptorE16InstanceAccessorIXadL_ZNS1_9GetStatusERKNS_12CallbackInfoEEEXadL_ZNS1_9SetStatusES6_RKNS_5ValueEEEEENS_23ClassPropertyDescriptorIS1_EEPKc24napi_property_attributesPv
FN:4013,_ZN4Napi12InstanceWrapI9DisruptorE16InstanceAccessorIXadL_ZNS1_9GetCursorERKNS_12CallbackInfoEEELMS1_FvS6_RKNS_5ValueEE0EEENS_23ClassPropertyDescriptorIS1_EEPKc24napi_property_attributesPv
FN:4013,_ZN4Napi12InstanceWrapI9DisruptorE16InstanceAccessorIXadL_ZNS1_7GetSpinERKNS_12CallbackInfoEEELMS1_FvS6_RKNS_5ValueEE0EEENS_23ClassPropertyDescriptorIS1_EEPKc24napi_property_attributesPv
FN:4067,_ZN4Napi12InstanceWrapI9DisruptorE33InstanceVoidMethodCallbackWrapperEP10napi_env__P20napi_callback_info__
FN:4070,_ZZN4Napi12InstanceWrapI9DisruptorE33InstanceVoidMethodCallbackWrapperEP10napi_env__P20napi_callback_info__ENKUlvE_clEv
FN:4083,_ZN4Napi12InstanceWrapI9DisruptorE29InstanceMethodCallbackWrapperEP10napi_env__P20napi_callback_info__
FN:4086,_ZZN4Napi12InstanceWrapI9DisruptorE29InstanceMethodCallbackWrapperEP10napi_env__P20napi_callback_info__ENKUlvE_clEv
FN:4098,_ZN4Napi12InstanceWrapI9DisruptorE29InstanceGetterCallbackWrapperEP10napi_env__P20napi_callback_info__
FN:4101,_ZZN4Napi12InstanceWrapI9DisruptorE29InstanceGetterCallbackWrapperEP10napi_env__P20napi_callback_info__ENKUlvE_clEv
FN:4113,_ZN4Napi12InstanceWrapI9DisruptorE29InstanceSetterCallbackWrapperEP10napi_env__P20napi_callback_info__
FN:4116,_ZZN4Napi12InstanceWrapI9DisruptorE29InstanceSetterCallbackWrapperEP10napi_env__P20napi_callback_info__ENKUlvE_clEv
FN:4130,_ZN4Napi12InstanceWrapI9DisruptorE13WrappedMethodIXadL_ZNS1_9SetStatusERKNS_12CallbackInfoERKNS_5ValueEEEEEP12napi_value__P10napi_env__P20napi_callback_info__
FN:4132,_ZZN4Napi12InstanceWrapI9DisruptorE13WrappedMethodIXadL_ZNS1_9SetStatusERKNS_12CallbackInfoERKNS_5ValueEEEEEP12napi_value__P10napi_env__P20napi_callback_info__ENKUlvE_clEv
FN:4145,_ZN4Napi10ObjectWrapI9DisruptorEC2ERKNS_12CallbackInfoE
FN:4159,_ZN4Napi10ObjectWrapI9DisruptorED2Ev
FN:4159,_ZN4Napi10ObjectWrapI9DisruptorED0Ev
FN:4173,_ZN4Napi10ObjectWrapI9DisruptorE6UnwrapENS_6ObjectE
FN:4182,_ZN4Napi10ObjectWrapI9DisruptorE11DefineClassENS_3EnvEPKcmPK24napi_property_descriptorPv
FN:4256,_ZN4Napi10ObjectWrapI9DisruptorE11DefineClassENS_3EnvEPKcRKSt16initializer_listINS_23ClassPropertyDescriptorIS1_EEEPv
FN:4492,_ZN4Napi10ObjectWrapI9DisruptorE18OnCalledAsFunctionERKNS_12CallbackInfoE
FN:4501,_ZN4Napi10ObjectWrapI9DisruptorE8FinalizeENS_3EnvE
FN:4504,_ZN4Napi10ObjectWrapI9DisruptorE26ConstructorCallbackWrapperEP10napi_env__P20napi_callback_info__
FN:4514,_ZZN4Napi10ObjectWrapI9DisruptorE26ConstructorCallbackWrapperEP10napi_env__P20napi_callback_info__ENKUlvE_clEv
FN:4517,_ZZN4Napi10ObjectWrapI9DisruptorE26ConstructorCallbackWrapperEP10napi_env__P20napi_callback_info__ENKUlvE0_clEv
FN:4539,_ZN4Napi10ObjectWrapI9DisruptorE31StaticVoidMethodCallbackWrapperEP10napi_env__P20napi_callback_info__
FN:4542,_ZZN4Napi10ObjectWrapI9DisruptorE31StaticVoidMethodCallbackWrapperEP10napi_env__P20napi_callback_info__ENKUlvE_clEv
FN:4553,_ZN4Napi10ObjectWrapI9DisruptorE27StaticMethodCallbackWrapperEP10napi_env__P20napi_callback_info__
FN:4556,_ZZN4Napi10ObjectWrapI9DisruptorE27StaticMethodCallbackWrapperEP10napi_env__P20napi_callback_info__ENKUlvE_clEv
FN:4566,_ZN4Napi10ObjectWrapI9DisruptorE27StaticGetterCallbackWrapperEP10napi_env__P20napi_callback_info__
FN:4569,_ZZN4Napi10ObjectWrapI9DisruptorE27StaticGetterCallbackWrapperEP10napi_env__P20napi_callback_info__ENKUlvE_clEv
FN:4579,_ZN4Napi10ObjectWrapI9DisruptorE27StaticSetterCallbackWrapperEP10napi_env__P20napi_callback_info__
FN:4582,_ZZN4Napi10ObjectWrapI9DisruptorE27StaticSetterCallbackWrapperEP10napi_env__P20napi_callback_info__ENKUlvE_clEv
FN:4593,_ZN4Napi10ObjectWrapI9DisruptorE16FinalizeCallbackEP10napi_env__PvS5_
FN:4619,_ZN4Napi11HandleScopeC2ENS_3EnvE
FN:4624,_ZN4Napi11HandleScopeD2Ev
FN:4647,_ZN4Napi20EscapableHandleScopeC2ENS_3EnvE
FN:4652,_ZN4Napi20EscapableHandleScopeD2Ev
FN:4663,_ZNK4Napi20EscapableHandleScope3EnvEv
FN:4667,_ZN4Napi20EscapableHandleScope6EscapeEP12napi_value__
FN:4691,_ZN4Napi13CallbackScopeD0Ev
FN:4691,_ZN4Napi13CallbackScopeD2Ev
FN:4728,_ZN4Napi12AsyncContextD0Ev
FN:4728,_ZN4Napi12AsyncContextD2Ev
FN:4762,_ZN4Napi11AsyncWorkerC2ERKNS_8FunctionE
FN:4766,_ZN4Napi11AsyncWorkerC2ERKNS_8FunctionEPKc
FN:4771,_ZN4Napi11AsyncWorkerC2ERKNS_8FunctionEPKcRKNS_6ObjectE
FN:4794,_ZN4Napi11AsyncWorkerC2ERKNS_6ObjectERKNS_8FunctionEPKcS3_
FN:4838,_ZN4Napi11AsyncWorkerD2Ev
FN:4838,_ZN4Napi11AsyncWorkerD0Ev
FN:4845,_ZN4Napi11AsyncWorker7DestroyEv
FN:4876,_ZNK4Napi11AsyncWorker3EnvEv
FN:4880,_ZN4Napi11AsyncWorker5QueueEv
FN:4890,_ZN4Napi11AsyncWorker8ReceiverEv
FN:4894,_ZN4Napi11AsyncWorker8CallbackEv
FN:4902,_ZN4Napi11AsyncWorker4OnOKEv
FN:4908,_ZN4Napi11AsyncWorker7OnErrorERKNS_5ErrorE
FN:4914,_ZN4Napi11AsyncWorker8SetErrorERKNSt7__cxx1112basic_stringIcSt11char_traitsIcESaIcEEE
FN:4918,_ZN4Napi11AsyncWorker9GetResultENS_3EnvE
FN:4925,_ZN4Napi11AsyncWorker18OnAsyncWorkExecuteEP10napi_env__Pv
FN:4933,_ZN4Napi11AsyncWorker9OnExecuteENS_3EnvE
FN:4945,_ZN4Napi11AsyncWorker19OnAsyncWorkCompleteEP10napi_env__11napi_statusPv
FN:4951,_ZN4Napi11AsyncWorker14OnWorkCompleteENS_3EnvE11napi_status
FN:4954,_ZZN4Napi11AsyncWorker14OnWorkCompleteENS_3EnvE11napi_statusENKUlvE_clEv
FNDA:222,_ZN4Napi7details12WrapCallbackIZNS0_L25TemplatedInstanceCallbackI9DisruptorXadL_ZNS3_11GetConsumerERKNS_12CallbackInfoEEEEEP12napi_value__P10napi_env__P20napi_callback_info__EUlvE_EES8_T_
FNDA:1556,_ZZN4Napi7detailsL25TemplatedInstanceCallbackI9DisruptorXadL_ZNS2_11GetElementsERKNS_12CallbackInfoEEEEEP12napi_value__P10napi_env__P20napi_callback_info__ENKUlvE_clEv
FNDA:4251,_ZN4Napi7detailsL29TemplatedInstanceVoidCallbackI9DisruptorXadL_ZNS2_7ReleaseERKNS_12CallbackInfoEEEEEP12napi_value__P10napi_env__P20napi_callback_info__
FNDA:520740,_ZN4Napi7details12WrapCallbackIZNS0_L25TemplatedInstanceCallbackI9DisruptorXadL_ZNS3_13ProduceCommitERKNS_12CallbackInfoEEEEEP12napi_value__P10napi_env__P20napi_callback_info__EUlvE_EES8_T_
FNDA:505,_ZN4Napi12InstanceWrapI9DisruptorE14InstanceMethodIXadL_ZNS1_7ReleaseERKNS_12CallbackInfoEEEEENS_23ClassPropertyDescriptorIS1_EEPKc24napi_property_attributesPv
FNDA:3760,_ZNK4Napi9ReferenceINS_6ObjectEE7IsEmptyEv
FNDA:530272,_ZNK4Napi7BooleancvbEv
FNDA:522459,_ZN4Napi7details12WrapCallbackIZNS0_L25TemplatedInstanceCallbackI9DisruptorXadL_ZNS3_20GetPendingSeqNextEndERKNS_12CallbackInfoEEEEEP12napi_value__P10napi_env__P20napi_callback_info__EUlvE_EES8_T_
FNDA:76,_ZN4Napi7detailsL25TemplatedInstanceCallbackI9DisruptorXadL_ZNS2_14ProduceRecoverERKNS_12CallbackInfoEEEEEP12napi_value__P10napi_env__P20napi_callback_info__
FNDA:522459,_ZN4Napi7details12WrapCallbackIZNS0_L25TemplatedInstanceCallbackI9DisruptorXadL_ZNS3_17GetPendingSeqNextERKNS_12CallbackInfoEEEEEP12napi_value__P10napi_env__P20napi_callback_info__EUlvE_EES8_T_
FNDA:4764,_ZN4Napi9ReferenceINS_6ObjectEEaSEOS2_
FNDA:505,_ZN4Napi12InstanceWrapI9DisruptorE16InstanceAccessorIXadL_ZNS1_21GetPendingSeqConsumerERKNS_12CallbackInfoEEELMS1_FvS6_RKNS_5ValueEE0EEENS_23ClassPropertyDescriptorIS1_EEPKc24napi_property_attributesPv
FNDA:948190,_ZN4Napi7detailsL25TemplatedInstanceCallbackI9DisruptorXadL_ZNS2_13ConsumeCommitERKNS_12CallbackInfoEEEEEP12napi_value__P10napi_env__P20napi_callback_info__
FNDA:14268,_ZN4Napi9ReferenceINS_6BufferIhEEE3NewERKS2_j
FNDA:5363532,_ZN4Napi9ReferenceINS_6ObjectEE3NewERKS1_j
FNDA:5376423,_ZNK4Napi12CallbackInfo4ThisEv
FNDA:505,_ZN4Napi12InstanceWrapI9DisruptorE14InstanceMethodIXadL_ZNS1_12ProduceClaimERKNS_12CallbackInfoEEEEENS_23ClassPropertyDescriptorIS1_EEPKc24napi_property_attributesPv
FNDA:38253,_ZN4Napi9ReferenceINS_6BufferIhEEE5ResetEv
FNDA:0,_ZN4Napi7details12WrapCallbackIZNS_12InstanceWrapI9DisruptorE29InstanceMethodCallbackWrapperEP10napi_env__P20napi_callback_info__EUlvE_EEP12napi_value__T_
FNDA:3744,_ZN4Napi7details12FinalizeDataIhZN9DisruptorC4ERKNS_12CallbackInfoEEUlNS_3EnvEPhE_vE7WrapperEP10napi_env__PvSC_
FNDA:4756,_ZN4Napi6BufferIhEC2EP10napi_env__P12napi_value__mPh
FNDA:76,_ZN4Napi7details12WrapCallbackIZNS0_L25TemplatedInstanceCallbackI9DisruptorXadL_ZNS3_14ProduceRecoverERKNS_12CallbackInfoEEEEEP12napi_value__P10napi_env__P20napi_callback_info__EUlvE_EES8_T_
FNDA:948173,_ZZN4Napi7detailsL25TemplatedInstanceCallbackI9DisruptorXadL_ZNS2_10ConsumeNewERKNS_12CallbackInfoEEEEEP12napi_value__P10napi_env__P20napi_callback_info__ENKUlvE_clEv
FNDA:4756,_ZN4Napi6BufferIhEC2Ev
FNDA:12751,_ZN4Napi9ReferenceINS_8FunctionEE5ResetEv
FNDA:948273,_ZN4Napi7detailsL25TemplatedInstanceCallbackI9DisruptorXadL_ZNS2_21GetPendingSeqConsumerERKNS_12CallbackInfoEEEEEP12napi_value__P10napi_env__P20napi_callback_info__
FNDA:505,_ZN4Napi12InstanceWrapI9DisruptorE16InstanceAccessorIXadL_ZNS1_11GetElementsERKNS_12CallbackInfoEEELMS1_FvS6_RKNS_5ValueEE0EEENS_23ClassPropertyDescriptorIS1_EEPKc24napi_property_attributesPv
FNDA:5363532,_ZN4Napi15ObjectReferenceC2EONS_9ReferenceINS_6ObjectEEE
FNDA:4756,_ZN4Napi9ReferenceINS_8FunctionEEaSEOS2_
FNDA:505,_ZN4Napi12InstanceWrapI9DisruptorE16InstanceAccessorIXadL_ZNS1_7GetNextERKNS_12CallbackInfoEEELMS1_FvS6_RKNS_5ValueEE0EEENS_23ClassPropertyDescriptorIS1_EEPKc24napi_property_attributesPv
FNDA:8,_ZN4Napi6String4FromIPKcEES0_P10napi_env__RKT_
FNDA:0,_ZN4Napi7detailsL10AttachDataINS_18MethodCallbackDataI9DisruptorMS3_FNS_5ValueERKNS_12CallbackInfoEEEEEE11napi_statusP10napi_env__P12napi_value__PT_PFvSD_PvSI_ESI_
FNDA:531093,_ZNK4Napi6Object3SetINS_6BufferIhEEEEbjRKT_
FNDA:519441,_ZN4Napi7detailsL25TemplatedInstanceCallbackI9DisruptorXadL_ZNS2_12ProduceClaimERKNS_12CallbackInfoEEEEEP12napi_value__P10napi_env__P20napi_callback_info__
FNDA:2681766,_ZN4Napi11AsyncWorker8CallbackEv
FNDA:5363532,_ZN4Napi6Object3NewEP10napi_env__
FNDA:2681766,_ZZN4Napi11AsyncWorker14OnWorkCompleteENS_3EnvE11napi_statusENKUlvE_clEv
FNDA:13,_ZZN4Napi7detailsL25TemplatedInstanceCallbackI9DisruptorXadL_ZNS2_14ConsumeNewSyncERKNS_12CallbackInfoEEEEEP12napi_value__P10napi_env__P20napi_callback_info__ENKUlvE_clEv
FNDA:0,_ZZN4Napi12InstanceWrapI9DisruptorE29InstanceSetterCallbackWrapperEP10napi_env__P20napi_callback_info__ENKUlvE_clEv
FNDA:0,_ZZN4Napi7detailsL10AttachDataINS_18MethodCallbackDataI9DisruptorMS3_FNS_5ValueERKNS_12CallbackInfoEEEEEE11napi_statusP10napi_env__P12napi_value__PT_PFvSD_PvSI_ESI_ENKUlSD_SI_SI_E_clESD_SI_SI_
FNDA:0,_ZN4NapiL14CreateFunctionINS_18MethodCallbackDataI9DisruptorPFvRKNS_12CallbackInfoEEEEEE11napi_statusP10napi_env__PKcPFP12napi_value__SB_P20napi_callback_info__EPT_PSF_
FNDA:11,_ZN4Napi7details12WrapCallbackIZNS0_L25TemplatedInstanceCallbackI9DisruptorXadL_ZNS3_20ProduceClaimManySyncERKNS_12CallbackInfoEEEEEP12napi_value__P10napi_env__P20napi_callback_info__EUlvE_EES8_T_
FNDA:2,_ZN4Napi7details12WrapCallbackIZNS0_L29TemplatedInstanceVoidCallbackI9DisruptorXadL_ZNS3_22ProduceClaimAvailAsyncERKNS_12CallbackInfoEEEEEP12napi_value__P10napi_env__P20napi_callback_info__EUlvE_EES8_T_
FNDA:1271887,_ZNK4Napi8Function4CallEP12napi_value__RKSt16initializer_listIS2_E
FNDA:948273,_ZZN4Napi7detailsL25TemplatedInstanceCallbackI9DisruptorXadL_ZNS2_21GetPendingSeqConsumerERKNS_12CallbackInfoEEEEEP12napi_value__P10napi_env__P20napi_callback_info__ENKUlvE_clEv
FNDA:505,_ZN4Napi12InstanceWrapI9DisruptorE14InstanceMethodIXadL_ZNS1_14ConsumeNewSyncERKNS_12CallbackInfoEEEEENS_23ClassPropertyDescriptorIS1_EEPKc24napi_property_attributesPv
FNDA:2116,_ZN4Napi7details12WrapCallbackIZNS0_L25TemplatedInstanceCallbackI9DisruptorXadL_ZNS3_17ProduceClaimAvailERKNS_12CallbackInfoEEEEEP12napi_value__P10napi_env__P20napi_callback_info__EUlvE_EES8_T_
FNDA:519441,_ZZN4Napi7detailsL25TemplatedInstanceCallbackI9DisruptorXadL_ZNS2_12ProduceClaimERKNS_12CallbackInfoEEEEEP12napi_value__P10napi_env__P20napi_callback_info__ENKUlvE_clEv
FNDA:8,_ZNK4Napi5Error5ValueEv
FNDA:0,_ZN4Napi7detailsL21TemplatedVoidCallbackIXadL_Z12NullCallbackRKNS_12CallbackInfoEEEEEP12napi_value__P10napi_env__P20napi_callback_info__
FNDA:2681766,_ZN4Napi11AsyncWorker7DestroyEv
FNDA:21234,_ZNK4Napi6NumbercvjEv
FNDA:505,_ZN4Napi12InstanceWrapI9DisruptorE14InstanceMethodIXadL_ZNS1_20ProduceClaimManySyncERKNS_12CallbackInfoEEEEENS_23ClassPropertyDescriptorIS1_EEPKc24napi_property_attributesPv
FNDA:811,_ZZN4Napi7detailsL29TemplatedInstanceVoidCallbackI9DisruptorXadL_ZNS2_18ProduceCommitAsyncERKNS_12CallbackInfoEEEEEP12napi_value__P10napi_env__P20napi_callback_info__ENKUlvE_clEv
FNDA:0,_ZN4Napi7details12WrapCallbackIZNS0_L21TemplatedVoidCallbackIXadL_Z12NullCallbackRKNS_12CallbackInfoEEEEEP12napi_value__P10napi_env__P20napi_callback_info__EUlvE_EES7_T_
FNDA:505,_ZN4Napi12InstanceWrapI9DisruptorE14InstanceMethodIXadL_ZNS1_21ProduceClaimManyAsyncERKNS_12CallbackInfoEEEEENS_23ClassPropertyDescriptorIS1_EEPKc24napi_property_attributesPv
FNDA:3752,_ZN4Napi10ObjectWrapI9DisruptorED2Ev
FNDA:0,_ZN4Napi10ObjectWrapI9DisruptorED0Ev
FNDA:38373147,_ZNK4Napi5ValuecvP12napi_value__Ev
FNDA:0,_ZN4Napi5Error5FatalEPKcS2_
FNDA:0,_ZNK4Napi15ObjectReference3GetEPKc
FNDA:2,_ZZN4Napi7detailsL29TemplatedInstanceVoidCallbackI9DisruptorXadL_ZNS2_22ProduceClaimAvailAsyncERKNS_12CallbackInfoEEEEEP12napi_value__P10napi_env__P20napi_callback_info__ENKUlvE_clEv
FNDA:505,_ZN4Napi12InstanceWrapI9DisruptorE16InstanceAccessorIXadL_ZNS1_20GetPendingSeqNextEndERKNS_12CallbackInfoEEELMS1_FvS6_RKNS_5ValueEE0EEENS_23ClassPropertyDescriptorIS1_EEPKc24napi_property_attributesPv
FNDA:807,_ZZN4Napi7detailsL25TemplatedInstanceCallbackI9DisruptorXadL_ZNS2_16ProduceClaimSyncERKNS_12CallbackInfoEEEEEP12napi_value__P10napi_env__P20napi_callback_info__ENKUlvE_clEv
FNDA:0,_ZN4Napi12AsyncContextD0Ev
FNDA:12,_ZN4Napi7details12WrapCallbackIZNS0_L25TemplatedInstanceCallbackI9DisruptorXadL_ZNS3_12GetConsumersERKNS_12CallbackInfoEEEEEP12napi_value__P10napi_env__P20napi_callback_info__EUlvE_EES8_T_
FNDA:1098,_ZN4Napi7detailsL25TemplatedInstanceCallbackI9DisruptorXadL_ZNS2_14GetElementSizeERKNS_12CallbackInfoEEEEEP12napi_value__P10napi_env__P20napi_callback_info__
FNDA:2116,_ZZN4Napi7detailsL25TemplatedInstanceCallbackI9DisruptorXadL_ZNS2_17ProduceClaimAvailERKNS_12CallbackInfoEEEEEP12napi_value__P10napi_env__P20napi_callback_info__ENKUlvE_clEv
FNDA:2681766,_ZN4Napi11AsyncWorkerC2ERKNS_6ObjectERKNS_8FunctionEPKcS3_
FNDA:9,_ZN4Napi12InstanceWrapI9DisruptorE13WrappedMethodIXadL_ZNS1_9SetStatusERKNS_12CallbackInfoERKNS_5ValueEEEEEP12napi_value__P10napi_env__P20napi_callback_info__
FNDA:222,_ZN4Napi7details12WrapCallbackIZNS0_L25TemplatedInstanceCallbackI9DisruptorXadL_ZNS3_9GetCursorERKNS_12CallbackInfoEEEEEP12napi_value__P10napi_env__P20napi_callback_info__EUlvE_EES8_T_
FNDA:531093,_ZN4Napi5Value4FromINS_6BufferIhEEEES0_P10napi_env__RKT_
FNDA:0,_ZZN4Napi10ObjectWrapI9DisruptorE26ConstructorCallbackWrapperEP10napi_env__P20napi_callback_info__ENKUlvE_clEv
FNDA:0,_ZZN4Napi7detailsL21TemplatedVoidCallbackIXadL_Z12NullCallbackRKNS_12CallbackInfoEEEEEP12napi_value__P10napi_env__P20napi_callback_info__ENKUlvE_clEv
FNDA:505,_ZN4Napi12InstanceWrapI9DisruptorE14InstanceMethodIXadL_ZNS1_18ProduceCommitAsyncERKNS_12CallbackInfoEEEEENS_23ClassPropertyDescriptorIS1_EEPKc24napi_property_attributesPv
FNDA:40020324,_ZN4Napi3EnvC2EP10napi_env__
FNDA:505,_ZN4Napi12InstanceWrapI9DisruptorE14InstanceMethodIXadL_ZNS1_22ProduceClaimAvailAsyncERKNS_12CallbackInfoEEEEENS_23ClassPropertyDescriptorIS1_EEPKc24napi_property_attributesPv
FNDA:0,_ZNK4Napi17FunctionReference4CallEP12napi_value__RKSt6vectorIS2_SaIS2_EE
FNDA:505,_ZN4Napi12InstanceWrapI9DisruptorE16InstanceAccessorIXadL_ZNS1_19GetPendingSeqCursorERKNS_12CallbackInfoEEELMS1_FvS6_RKNS_5ValueEE0EEENS_23ClassPropertyDescriptorIS1_EEPKc24napi_property_attributesPv
FNDA:505,_ZN4Napi14RegisterModuleEP10napi_env__P12napi_value__PFNS_6ObjectENS_3EnvES4_E
FNDA:4764,_ZN4Napi17FunctionReferenceC2Ev
FNDA:0,_ZN4Napi11AsyncWorker9GetResultENS_3EnvE
FNDA:1098,_ZN4Napi7details12WrapCallbackIZNS0_L25TemplatedInstanceCallbackI9DisruptorXadL_ZNS3_14GetElementSizeERKNS_12CallbackInfoEEEEEP12napi_value__P10napi_env__P20napi_callback_info__EUlvE_EES8_T_
FNDA:811,_ZN4Napi7details12WrapCallbackIZNS0_L29TemplatedInstanceVoidCallbackI9DisruptorXadL_ZNS3_18ProduceCommitAsyncERKNS_12CallbackInfoEEEEEP12napi_value__P10napi_env__P20napi_callback_info__EUlvE_EES8_T_
FNDA:505,_ZN4Napi12InstanceWrapI9DisruptorE16InstanceAccessorIXadL_ZNS1_17GetPendingSeqNextERKNS_12CallbackInfoEEELMS1_FvS6_RKNS_5ValueEE0EEENS_23ClassPropertyDescriptorIS1_EEPKc24napi_property_attributesPv
FNDA:5417435,_ZN4Napi6NumberC2EP10napi_env__P12napi_value__
FNDA:205653,_ZN4Napi6Object14PropertyLValueIjEC2ES0_j
FNDA:222,_ZN4Napi7detailsL25TemplatedInstanceCallbackI9DisruptorXadL_ZNS2_9GetCursorERKNS_12CallbackInfoEEEEEP12napi_value__P10napi_env__P20napi_callback_info__
FNDA:2685518,_ZN4Napi11HandleScopeC2ENS_3EnvE
FNDA:0,_ZZN4Napi7detailsL10AttachDataINS_18MethodCallbackDataI9DisruptorPFvRKNS_12CallbackInfoEEEEEE11napi_statusP10napi_env__P12napi_value__PT_PFvSC_PvSH_ESH_ENKUlSC_SH_SH_E_clESC_SH_SH_
FNDA:505,_ZN4Napi12InstanceWrapI9DisruptorE14InstanceMethodIXadL_ZNS1_16ProduceClaimSyncERKNS_12CallbackInfoEEEEENS_23ClassPropertyDescriptorIS1_EEPKc24napi_property_attributesPv
FNDA:4516913,_ZN4Napi8FunctionC2EP10napi_env__P12napi_value__
FNDA:205653,_ZN4Napi7details11vf_fallbackINS_5ValueEE4FromEP10napi_env__RKS2_
FNDA:11,_ZZN4Napi7detailsL25TemplatedInstanceCallbackI9DisruptorXadL_ZNS2_20ProduceClaimManySyncERKNS_12CallbackInfoEEEEEP12napi_value__P10napi_env__P20napi_callback_info__ENKUlvE_clEv
FNDA:0,_ZN4Napi7details12WrapCallbackIZNS_12InstanceWrapI9DisruptorE29InstanceSetterCallbackWrapperEP10napi_env__P20napi_callback_info__EUlvE_EEP12napi_value__T_
FNDA:0,_ZN4Napi7detailsL10AttachDataINS_18MethodCallbackDataI9DisruptorPFvRKNS_12CallbackInfoEEEEEE11napi_statusP10napi_env__P12napi_value__PT_PFvSC_PvSH_ESH_
FNDA:5363532,_ZN4Napi9ReferenceINS_6ObjectEEC2EOS2_
FNDA:10735588,_ZN4Napi9ReferenceINS_6ObjectEED2Ev
FNDA:9,_ZNK4Napi6Number10Int32ValueEv
FNDA:5371659,_ZNK4Napi5Value2AsINS_6ObjectEEET_v
FNDA:553243,_ZNK4Napi17FunctionReference12MakeCallbackEP12napi_value__RKSt16initializer_listIS2_EP20napi_async_context__
FNDA:591532,_ZNK4Napi12CallbackInfoixEm
FNDA:14268,_ZN4Napi9ReferenceINS_6BufferIhEEEC2EP10napi_env__P10napi_ref__
FNDA:505,_ZN4Napi5Value4FromINS_8FunctionEEES0_P10napi_env__RKT_
FNDA:4756,_ZN4Napi12TypedArrayOfIhEC2Ev
FNDA:505,_ZN4Napi12InstanceWrapI9DisruptorE14InstanceMethodIXadL_ZNS1_17ProduceClaimAvailERKNS_12CallbackInfoEEEEENS_23ClassPropertyDescriptorIS1_EEPKc24napi_property_attributesPv
FNDA:3744,_ZZN4Napi7details12FinalizeDataIhZN9DisruptorC4ERKNS_12CallbackInfoEEUlNS_3EnvEPhE_vE7WrapperEP10napi_env__PvSC_ENKUlvE_clEv
FNDA:0,_ZZN4Napi12InstanceWrapI9DisruptorE29InstanceGetterCallbackWrapperEP10napi_env__P20napi_callback_info__ENKUlvE_clEv
FNDA:422953,_ZN4Napi7details12WrapCallbackIZNS0_L25TemplatedInstanceCallbackI9DisruptorXadL_ZNS3_9GetStatusERKNS_12CallbackInfoEEEEEP12napi_value__P10napi_env__P20napi_callback_info__EUlvE_EES8_T_
FNDA:505,_ZN4Napi12InstanceWrapI9DisruptorE16InstanceAccessorIXadL_ZNS1_12GetConsumersERKNS_12CallbackInfoEEELMS1_FvS6_RKNS_5ValueEE0EEENS_23ClassPropertyDescriptorIS1_EEPKc24napi_property_attributesPv
FNDA:0,_ZN4Napi7details12WrapCallbackIZNS_12InstanceWrapI9DisruptorE33InstanceVoidMethodCallbackWrapperEP10napi_env__P20napi_callback_info__EUlvE_EEP12napi_value__T_
FNDA:4772,_ZN4Napi6StringC2EP10napi_env__P12napi_value__
FNDA:0,_ZZN4Napi10ObjectWrapI9DisruptorE27StaticSetterCallbackWrapperEP10napi_env__P20napi_callback_info__ENKUlvE_clEv
FNDA:3238761,_ZNK4Napi9ReferenceINS_6ObjectEE5ValueEv
FNDA:2681766,_ZN4Napi11AsyncWorker5QueueEv
FNDA:222,_ZZN4Napi7detailsL25TemplatedInstanceCallbackI9DisruptorXadL_ZNS2_7GetNextERKNS_12CallbackInfoEEEEEP12napi_value__P10napi_env__P20napi_callback_info__ENKUlvE_clEv
FNDA:12,_ZZN4Napi7detailsL25TemplatedInstanceCallbackI9DisruptorXadL_ZNS2_12GetConsumersERKNS_12CallbackInfoEEEEEP12napi_value__P10napi_env__P20napi_callback_info__ENKUlvE_clEv
FNDA:1556,_ZN4Napi7details12WrapCallbackIZNS0_L25TemplatedInstanceCallbackI9DisruptorXadL_ZNS3_11GetElementsERKNS_12CallbackInfoEEEEEP12napi_value__P10napi_env__P20napi_callback_info__EUlvE_EES8_T_
FNDA:553243,_ZN4Napi11AsyncWorker8ReceiverEv
FNDA:2686522,_ZN4Napi9ReferenceINS_8FunctionEE3NewERKS1_j
FNDA:0,_ZN4Napi12InstanceWrapI9DisruptorE33InstanceVoidMethodCallbackWrapperEP10napi_env__P20napi_callback_info__
FNDA:556995,_ZNK4Napi5Value7IsEmptyEv
FNDA:2681766,_ZN4Napi11AsyncWorkerC2ERKNS_8FunctionEPKcRKNS_6ObjectE
FNDA:8,_ZN4Napi5Error16ERROR_WRAP_VALUEEv
FNDA:505,_ZN4Napi12InstanceWrapI9DisruptorE14InstanceMethodIXadL_ZNS1_10ConsumeNewERKNS_12CallbackInfoEEEEENS_23ClassPropertyDescriptorIS1_EEPKc24napi_property_attributesPv
FNDA:505,_ZN4Napi12InstanceWrapI9DisruptorE16InstanceAccessorIXadL_ZNS1_11GetConsumerERKNS_12CallbackInfoEEELMS1_FvS6_RKNS_5ValueEE0EEENS_23ClassPropertyDescriptorIS1_EEPKc24napi_property_attributesPv
FNDA:505,_ZN4Napi12InstanceWrapI9DisruptorE14InstanceMethodIXadL_ZNS1_21ProduceClaimAvailSyncERKNS_12CallbackInfoEEEEENS_23ClassPropertyDescriptorIS1_EEPKc24napi_property_attributesPv
FNDA:562755,_ZN4Napi20EscapableHandleScopeC2ENS_3EnvE
FNDA:76,_ZZN4Napi7detailsL25TemplatedInstanceCallbackI9DisruptorXadL_ZNS2_14ProduceRecoverERKNS_12CallbackInfoEEEEEP12napi_value__P10napi_env__P20napi_callback_info__ENKUlvE_clEv
FNDA:505,_ZN4Napi12InstanceWrapI9DisruptorE14InstanceMethodIXadL_ZNS1_15ConsumeNewAsyncERKNS_12CallbackInfoEEEEENS_23ClassPropertyDescriptorIS1_EEPKc24napi_property_attributesPv
FNDA:1079856,_ZNK4Napi12CallbackInfo6LengthEv
FNDA:505,_ZN4Napi12InstanceWrapI9DisruptorE16InstanceAccessorIXadL_ZNS1_14GetElementSizeERKNS_12CallbackInfoEEELMS1_FvS6_RKNS_5ValueEE0EEENS_23ClassPropertyDescriptorIS1_EEPKc24napi_property_attributesPv
FNDA:2686522,_ZN4Napi10PersistentENS_8FunctionE
FNDA:562755,_ZNK4Napi20EscapableHandleScope3EnvEv
FNDA:0,_ZN4Napi7details12WrapCallbackIZNS_10ObjectWrapI9DisruptorE27StaticSetterCallbackWrapperEP10napi_env__P20napi_callback_info__EUlvE_EEP12napi_value__T_
FNDA:4756,_ZN4Napi6BufferIhE3NewIZN9DisruptorC4ERKNS_12CallbackInfoEEUlNS_3EnvEPhE_EES1_P10napi_env__S8_mT_
FNDA:11,_ZN4Napi7detailsL29TemplatedInstanceVoidCallbackI9DisruptorXadL_ZNS2_21ProduceClaimManyAsyncERKNS_12CallbackInfoEEEEEP12napi_value__P10napi_env__P20napi_callback_info__
FNDA:13,_ZZN4Napi7detailsL29TemplatedInstanceVoidCallbackI9DisruptorXadL_ZNS2_15ConsumeNewAsyncERKNS_12CallbackInfoEEEEEP12napi_value__P10napi_env__P20napi_callback_info__ENKUlvE_clEv
FNDA:2681766,_ZN4Napi11AsyncWorkerC2ERKNS_8FunctionE
FNDA:519441,_ZNK4Napi6BufferIhE6LengthEv
FNDA:0,_ZN4Napi7details12WrapCallbackIZNS_10ObjectWrapI9DisruptorE26ConstructorCallbackWrapperEP10napi_env__P20napi_callback_info__EUlvE_EEP12napi_value__T_
FNDA:4251,_ZN4Napi7details12WrapCallbackIZNS0_L29TemplatedInstanceVoidCallbackI9DisruptorXadL_ZNS3_7ReleaseERKNS_12CallbackInfoEEEEEP12napi_value__P10napi_env__P20napi_callback_info__EUlvE_EES8_T_
FNDA:2686522,_ZN4Napi17FunctionReferenceC2EONS_9ReferenceINS_8FunctionEEE
FNDA:0,_ZN4Napi11AsyncWorker8SetErrorERKNSt7__cxx1112basic_stringIcSt11char_traitsIcESaIcEEE
FNDA:1370376,_ZN4Napi5ArrayC2EP10napi_env__P12napi_value__
FNDA:0,_ZZN4Napi10ObjectWrapI9DisruptorE31StaticVoidMethodCallbackWrapperEP10napi_env__P20napi_callback_info__ENKUlvE_clEv
FNDA:2550098,_ZN4Napi10TypedArrayC2EP10napi_env__P12napi_value__
FNDA:4764,_ZN4Napi7details12WrapCallbackIZNS_10ObjectWrapI9DisruptorE26ConstructorCallbackWrapperEP10napi_env__P20napi_callback_info__EUlvE0_EEP12napi_value__T_
FNDA:0,_ZN4Napi9TypeErrorC2EP10napi_env__P12napi_value__
FNDA:27998684,_ZN4Napi6ObjectC2EP10napi_env__P12napi_value__
FNDA:0,_ZN4Napi5Value4FromIP12napi_value__EES0_P10napi_env__RKT_
FNDA:1556,_ZN4Napi7detailsL25TemplatedInstanceCallbackI9DisruptorXadL_ZNS2_11GetElementsERKNS_12CallbackInfoEEEEEP12napi_value__P10napi_env__P20napi_callback_info__
FNDA:5366903,_ZN4Napi10ObjectWrapI9DisruptorE6UnwrapENS_6ObjectE
FNDA:505,_ZN4Napi12InstanceWrapI9DisruptorE16InstanceAccessorIXadL_ZNS1_9GetStatusERKNS_12CallbackInfoEEEXadL_ZNS1_9SetStatusES6_RKNS_5ValueEEEEENS_23ClassPropertyDescriptorIS1_EEPKc24napi_property_attributesPv
FNDA:4756,_ZN4Napi17FunctionReferenceaSEOS0_
FNDA:14268,_ZNK4Napi6Object3GetEPKc
FNDA:0,_ZNK4Napi5Error7MessageB5cxx11Ev
FNDA:0,_ZN4Napi13CallbackScopeD2Ev
FNDA:5393442,_ZN4Napi6Number3NewEP10napi_env__d
FNDA:948173,_ZN4Napi7detailsL25TemplatedInstanceCallbackI9DisruptorXadL_ZNS2_10ConsumeNewERKNS_12CallbackInfoEEEEEP12napi_value__P10napi_env__P20napi_callback_info__
FNDA:505,_ZN4Napi10ObjectWrapI9DisruptorE11DefineClassENS_3EnvEPKcRKSt16initializer_listINS_23ClassPropertyDescriptorIS1_EEEPv
FNDA:505,_ZN4Napi12InstanceWrapI9DisruptorE14InstanceMethodIXadL_ZNS1_17ProduceCommitSyncERKNS_12CallbackInfoEEEEENS_23ClassPropertyDescriptorIS1_EEPKc24napi_property_attributesPv
FNDA:553243,_ZNK4Napi5Value4TypeEv
FNDA:0,_ZZN4Napi7detailsL10AttachDataINS_20AccessorCallbackDataI9DisruptorPFNS_5ValueERKNS_12CallbackInfoEEPFvS7_RKS4_EEEEE11napi_statusP10napi_env__P12napi_value__PT_PFvSH_PvSM_ESM_ENKUlSH_SM_SM_E_clESH_SM_SM_
FNDA:23993,_ZNK4Napi5Value2AsINS_6NumberEEET_v
FNDA:530272,_ZNK4Napi7Boolean5ValueEv
FNDA:553243,_ZNK4Napi3Env4NullEv
FNDA:1020,_ZN4Napi7details12WrapCallbackIZNS0_L25TemplatedInstanceCallbackI9DisruptorXadL_ZNS3_7GetSpinERKNS_12CallbackInfoEEEEEP12napi_value__P10napi_env__P20napi_callback_info__EUlvE_EES8_T_
FNDA:222,_ZN4Napi7detailsL25TemplatedInstanceCallbackI9DisruptorXadL_ZNS2_7GetNextERKNS_12CallbackInfoEEEEEP12napi_value__P10napi_env__P20napi_callback_info__
FNDA:0,_ZN4Napi10ObjectWrapI9DisruptorE18OnCalledAsFunctionERKNS_12CallbackInfoE
FNDA:2550098,_ZN4Napi12TypedArrayOfIhEC2EP10napi_env__P12napi_value__
FNDA:36887459,_ZNK4Napi3EnvcvP10napi_env__Ev
FNDA:0,_ZN4Napi13CallbackScopeD0Ev
FNDA:21682176,_ZNK4Napi5Value3EnvEv
FNDA:0,_ZN4Napi5Error3NewEP10napi_env__
FNDA:0,_ZNK4Napi6StringcvNSt7__cxx1112basic_stringIcSt11char_traitsIcESaIcEEEEv
FNDA:5371667,_ZN4Napi12CallbackInfoC2EP10napi_env__P20napi_callback_info__
FNDA:8,_ZNK4Napi9ReferenceINS_6ObjectEE3EnvEv
FNDA:505,_ZN4Napi12InstanceWrapI9DisruptorE14InstanceMethodIXadL_ZNS1_13ProduceCommitERKNS_12CallbackInfoEEEEENS_23ClassPropertyDescriptorIS1_EEPKc24napi_property_attributesPv
FNDA:0,_ZN4Napi8Function3NewIXadL_Z12NullCallbackRKNS_12CallbackInfoEEEEES0_P10napi_env__PKcPv
FNDA:0,_ZN4NapiL14CreateFunctionINS_18MethodCallbackDataI9DisruptorPFNS_5ValueERKNS_12CallbackInfoEEEEEE11napi_statusP10napi_env__PKcPFP12napi_value__SC_P20napi_callback_info__EPT_PSG_
FNDA:222,_ZZN4Napi7detailsL25TemplatedInstanceCallbackI9DisruptorXadL_ZNS2_11GetConsumerERKNS_12CallbackInfoEEEEEP12napi_value__P10napi_env__P20napi_callback_info__ENKUlvE_clEv
FNDA:505,_ZN4Napi12InstanceWrapI9DisruptorE14InstanceMethodIXadL_ZNS1_16ProduceClaimManyERKNS_12CallbackInfoEEEEENS_23ClassPropertyDescriptorIS1_EEPKc24napi_property_attributesPv
FNDA:5376796,_ZN4Napi9ReferenceINS_8FunctionEED2Ev
FNDA:505,_ZNK4Napi6Object3SetINS_8FunctionEEEbPKcRKT_
FNDA:0,_ZNK4Napi5Error4whatEv
FNDA:948173,_ZN4Napi7details12WrapCallbackIZNS0_L25TemplatedInstanceCallbackI9DisruptorXadL_ZNS3_10ConsumeNewERKNS_12CallbackInfoEEEEEP12napi_value__P10napi_env__P20napi_callback_info__EUlvE_EES8_T_
FNDA:25524,_ZN4Napi9ReferenceINS_6BufferIhEEED2Ev
FNDA:0,_ZNK4Napi8Function4CallEP12napi_value__RKSt6vectorIS2_SaIS2_EE
FNDA:11,_ZN4Napi7details12WrapCallbackIZNS0_L29TemplatedInstanceVoidCallbackI9DisruptorXadL_ZNS3_21ProduceClaimManyAsyncERKNS_12CallbackInfoEEEEEP12napi_value__P10napi_env__P20napi_callback_info__EUlvE_EES8_T_
FNDA:2681766,_ZN4Napi11AsyncWorker19OnAsyncWorkCompleteEP10napi_env__11napi_statusPv
FNDA:8,_ZN4Napi5Error3NewIS0_EET_P10napi_env__PKcmPF11napi_statusS4_P12napi_value__S9_PS9_E
FNDA:811,_ZN4Napi7detailsL25TemplatedInstanceCallbackI9DisruptorXadL_ZNS2_17ProduceCommitSyncERKNS_12CallbackInfoEEEEEP12napi_value__P10napi_env__P20napi_callback_info__
FNDA:948190,_ZN4Napi7details12WrapCallbackIZNS0_L25TemplatedInstanceCallbackI9DisruptorXadL_ZNS3_13ConsumeCommitERKNS_12CallbackInfoEEEEEP12napi_value__P10napi_env__P20napi_callback_info__EUlvE_EES8_T_
FNDA:505,_ZZN4Napi14RegisterModuleEP10napi_env__P12napi_value__PFNS_6ObjectENS_3EnvES4_EENKUlvE_clEv
FNDA:1273455,_ZNK4Napi9ReferenceINS_6BufferIhEEE5ValueEv
FNDA:2681766,_ZN4Napi11AsyncWorker18OnAsyncWorkExecuteEP10napi_env__Pv
FNDA:0,_ZZN4Napi7detailsL10AttachDataINS_18MethodCallbackDataI9DisruptorMS3_FvRKNS_12CallbackInfoEEEEEE11napi_statusP10napi_env__P12napi_value__PT_PFvSC_PvSH_ESH_ENKUlSC_SH_SH_E_clESC_SH_SH_
FNDA:0,_ZN4Napi7detailsL10AttachDataINS_18MethodCallbackDataI9DisruptorPFNS_5ValueERKNS_12CallbackInfoEEEEEE11napi_statusP10napi_env__P12napi_value__PT_PFvSD_PvSI_ESI_
FNDA:520740,_ZZN4Napi7detailsL25TemplatedInstanceCallbackI9DisruptorXadL_ZNS2_13ProduceCommitERKNS_12CallbackInfoEEEEEP12napi_value__P10napi_env__P20napi_callback_info__ENKUlvE_clEv
FNDA:3744,_ZN4Napi7details16WrapVoidCallbackIZNS0_12FinalizeDataIhZN9DisruptorC4ERKNS_12CallbackInfoEEUlNS_3EnvEPhE_vE7WrapperEP10napi_env__PvSD_EUlvE_EEvT_
FNDA:520740,_ZN4Napi7detailsL25TemplatedInstanceCallbackI9DisruptorXadL_ZNS2_13ProduceCommitERKNS_12CallbackInfoEEEEEP12napi_value__P10napi_env__P20napi_callback_info__
FNDA:422953,_ZN4Napi7detailsL25TemplatedInstanceCallbackI9DisruptorXadL_ZNS2_9GetStatusERKNS_12CallbackInfoEEEEEP12napi_value__P10napi_env__P20napi_callback_info__
FNDA:2116,_ZN4Napi7detailsL25TemplatedInstanceCallbackI9DisruptorXadL_ZNS2_17ProduceClaimAvailERKNS_12CallbackInfoEEEEEP12napi_value__P10napi_env__P20napi_callback_info__
FNDA:0,_ZN4Napi5Error3NewINS_9TypeErrorEEET_P10napi_env__PKcmPF11napi_statusS5_P12napi_value__SA_PSA_E
FNDA:13,_ZN4Napi7detailsL29TemplatedInstanceVoidCallbackI9DisruptorXadL_ZNS2_15ConsumeNewAsyncERKNS_12CallbackInfoEEEEEP12napi_value__P10napi_env__P20napi_callback_info__
FNDA:1370376,_ZN4Napi5Array3NewEP10napi_env__
FNDA:40539688,_ZN4Napi5ValueC2EP10napi_env__P12napi_value__
FNDA:3953653,_ZNK4Napi9ReferenceINS_8FunctionEE5ValueEv
FNDA:1020,_ZN4Napi7detailsL25TemplatedInstanceCallbackI9DisruptorXadL_ZNS2_7GetSpinERKNS_12CallbackInfoEEEEEP12napi_value__P10napi_env__P20napi_callback_info__
FNDA:21234,_ZNK4Napi6Number11Uint32ValueEv
FNDA:0,_ZN4Napi12InstanceWrapI9DisruptorE29InstanceGetterCallbackWrapperEP10napi_env__P20napi_callback_info__
FNDA:0,_ZN4Napi7details12WrapCallbackIZNS_10ObjectWrapI9DisruptorE27StaticMethodCallbackWrapperEP10napi_env__P20napi_callback_info__EUlvE_EEP12napi_value__T_
FNDA:12,_ZN4Napi7detailsL25TemplatedInstanceCallbackI9DisruptorXadL_ZNS2_12GetConsumersERKNS_12CallbackInfoEEEEEP12napi_value__P10napi_env__P20napi_callback_info__
FNDA:4764,_ZN4Napi9ReferenceINS_6ObjectEE5ResetEv
FNDA:14292,_ZN4Napi9ReferenceINS_6BufferIhEEEC2Ev
FNDA:4756,_ZN4Napi5ValueC2Ev
FNDA:0,_ZN4Napi10ObjectWrapI9DisruptorE27StaticMethodCallbackWrapperEP10napi_env__P20napi_callback_info__
FNDA:0,_ZN4Napi12InstanceWrapI9DisruptorE29InstanceMethodCallbackWrapperEP10napi_env__P20napi_callback_info__
FNDA:0,_ZN4Napi9TypeError3NewEP10napi_env__PKc
FNDA:522459,_ZN4Napi7detailsL25TemplatedInstanceCallbackI9DisruptorXadL_ZNS2_17GetPendingSeqNextERKNS_12CallbackInfoEEEEEP12napi_value__P10napi_env__P20napi_callback_info__
FNDA:0,_ZZN4Napi7detailsL10AttachDataINS_20AccessorCallbackDataI9DisruptorMS3_FNS_5ValueERKNS_12CallbackInfoEEMS3_FvS7_RKS4_EEEEE11napi_statusP10napi_env__P12napi_value__PT_PFvSH_PvSM_ESM_ENKUlSH_SM_SM_E_clESH_SM_SM_
FNDA:505,_ZN4Napi12InstanceWrapI9DisruptorE14InstanceMethodIXadL_ZNS1_14ProduceRecoverERKNS_12CallbackInfoEEEEENS_23ClassPropertyDescriptorIS1_EEPKc24napi_property_attributesPv
FNDA:2681766,_ZN4Napi7details12WrapCallbackIZNS_11AsyncWorker14OnWorkCompleteENS_3EnvE11napi_statusEUlvE_EEP12napi_value__T_
FNDA:0,_ZN4Napi11AsyncWorker7OnErrorERKNS_5ErrorE
FNDA:0,_ZNK4Napi12CallbackInfo4DataEv
FNDA:15150,_ZN4Napi12InstanceWrapI9DisruptorE14AttachPropDataEP10napi_env__P12napi_value__PK24napi_property_descriptor
FNDA:553243,_ZNK4Napi8Function12MakeCallbackEP12napi_value__mPKS2_P20napi_async_context__
FNDA:519441,_ZN4Napi7details12WrapCallbackIZNS0_L25TemplatedInstanceCallbackI9DisruptorXadL_ZNS3_12ProduceClaimERKNS_12CallbackInfoEEEEEP12napi_value__P10napi_env__P20napi_callback_info__EUlvE_EES8_T_
FNDA:2681766,_ZN4Napi11AsyncWorker14OnWorkCompleteENS_3EnvE11napi_status
FNDA:522459,_ZZN4Napi7detailsL25TemplatedInstanceCallbackI9DisruptorXadL_ZNS2_20GetPendingSeqNextEndERKNS_12CallbackInfoEEEEEP12napi_value__P10napi_env__P20napi_callback_info__ENKUlvE_clEv
FNDA:948273,_ZN4Napi7details12WrapCallbackIZNS0_L25TemplatedInstanceCallbackI9DisruptorXadL_ZNS3_21GetPendingSeqConsumerERKNS_12CallbackInfoEEEEEP12napi_value__P10napi_env__P20napi_callback_info__EUlvE_EES8_T_
FNDA:562755,_ZNK4Napi3Env18IsExceptionPendingEv
FNDA:0,_ZN4Napi7detailsL10AttachDataINS_18MethodCallbackDataI9DisruptorMS3_FvRKNS_12CallbackInfoEEEEEE11napi_statusP10napi_env__P12napi_value__PT_PFvSC_PvSH_ESH_
FNDA:0,_ZZN4Napi7detailsL10AttachDataINS_18MethodCallbackDataI9DisruptorPFNS_5ValueERKNS_12CallbackInfoEEEEEE11napi_statusP10napi_env__P12napi_value__PT_PFvSD_PvSI_ESI_ENKUlSD_SI_SI_E_clESD_SI_SI_
FNDA:205653,_ZN4Napi5Value4FromIS0_EES0_P10napi_env__RKT_
FNDA:8,_ZNK4Napi5Error26ThrowAsJavaScriptExceptionEv
FNDA:2685518,_ZN4Napi11HandleScopeD2Ev
FNDA:0,_ZN4Napi7detailsL10AttachDataINS_20AccessorCallbackDataI9DisruptorPFNS_5ValueERKNS_12CallbackInfoEEPFvS7_RKS4_EEEEE11napi_statusP10napi_env__P12napi_value__PT_PFvSH_PvSM_ESM_
FNDA:522459,_ZZN4Napi7detailsL25TemplatedInstanceCallbackI9DisruptorXadL_ZNS2_17GetPendingSeqNextERKNS_12CallbackInfoEEEEEP12napi_value__P10napi_env__P20napi_callback_info__ENKUlvE_clEv
FNDA:1226412,_ZNK4Napi3Env9UndefinedEv
FNDA:13,_ZN4Napi7details12WrapCallbackIZNS0_L29TemplatedInstanceVoidCallbackI9DisruptorXadL_ZNS3_15ConsumeNewAsyncERKNS_12CallbackInfoEEEEEP12napi_value__P10napi_env__P20napi_callback_info__EUlvE_EES8_T_
FNDA:2545342,_ZN4Napi6BufferIhEC2EP10napi_env__P12napi_value__
FNDA:2681766,_ZN4Napi11AsyncWorker9OnExecuteENS_3EnvE
FNDA:5371667,_ZN4Napi12CallbackInfoD2Ev
FNDA:811,_ZN4Napi7detailsL29TemplatedInstanceVoidCallbackI9DisruptorXadL_ZNS2_18ProduceCommitAsyncERKNS_12CallbackInfoEEEEEP12napi_value__P10napi_env__P20napi_callback_info__
FNDA:505,_ZN4Napi12InstanceWrapI9DisruptorE14InstanceMethodIXadL_ZNS1_13ConsumeCommitERKNS_12CallbackInfoEEEEENS_23ClassPropertyDescriptorIS1_EEPKc24napi_property_attributesPv
FNDA:0,_ZN4Napi7details11vf_fallbackIP12napi_value__E4FromEP10napi_env__RKS3_
FNDA:4764,_ZN4Napi10ObjectWrapI9DisruptorE26ConstructorCallbackWrapperEP10napi_env__P20napi_callback_info__
FNDA:811,_ZN4Napi7details12WrapCallbackIZNS0_L25TemplatedInstanceCallbackI9DisruptorXadL_ZNS3_17ProduceCommitSyncERKNS_12CallbackInfoEEEEEP12napi_value__P10napi_env__P20napi_callback_info__EUlvE_EES8_T_
FNDA:13,_ZN4Napi7detailsL25TemplatedInstanceCallbackI9DisruptorXadL_ZNS2_14ConsumeNewSyncERKNS_12CallbackInfoEEEEEP12napi_value__P10napi_env__P20napi_callback_info__
FNDA:0,_ZNK4Napi9ReferenceINS_8FunctionEE3EnvEv
FNDA:2681766,_ZN4Napi11AsyncWorkerD2Ev
FNDA:9512,_ZNK4Napi17FunctionReference4CallEP12napi_value__RKSt16initializer_listIS2_E
FNDA:205653,_ZN4Napi6ObjectixEj
FNDA:1608206,_ZN4Napi7BooleanC2EP10napi_env__P12napi_value__
FNDA:0,_ZN4Napi12AsyncContextD2Ev
FNDA:222,_ZN4Napi7details12WrapCallbackIZNS0_L25TemplatedInstanceCallbackI9DisruptorXadL_ZNS3_7GetNextERKNS_12CallbackInfoEEEEEP12napi_value__P10napi_env__P20napi_callback_info__EUlvE_EES8_T_
FNDA:562755,_ZN4Napi20EscapableHandleScope6EscapeEP12napi_value__
FNDA:87,_ZZN4Napi7detailsL25TemplatedInstanceCallbackI9DisruptorXadL_ZNS2_19GetPendingSeqCursorERKNS_12CallbackInfoEEEEEP12napi_value__P10napi_env__P20napi_callback_info__ENKUlvE_clEv
FNDA:807,_ZN4Napi7detailsL25TemplatedInstanceCallbackI9DisruptorXadL_ZNS2_16ProduceClaimSyncERKNS_12CallbackInfoEEEEEP12napi_value__P10napi_env__P20napi_callback_info__
FNDA:36,_ZN4Napi7detailsL25TemplatedInstanceCallbackI9DisruptorXadL_ZNS2_16ProduceClaimManyERKNS_12CallbackInfoEEEEEP12napi_value__P10napi_env__P20napi_callback_info__
FNDA:505,_ZN4Napi7details11vf_fallbackINS_8FunctionEE4FromEP10napi_env__RKS2_
FNDA:811,_ZZN4Napi7detailsL25TemplatedInstanceCallbackI9DisruptorXadL_ZNS2_17ProduceCommitSyncERKNS_12CallbackInfoEEEEEP12napi_value__P10napi_env__P20napi_callback_info__ENKUlvE_clEv
FNDA:948190,_ZZN4Napi7detailsL25TemplatedInstanceCallbackI9DisruptorXadL_ZNS2_13ConsumeCommitERKNS_12CallbackInfoEEEEEP12napi_value__P10napi_env__P20napi_callback_info__ENKUlvE_clEv
FNDA:531093,_ZN4Napi7details11vf_fallbackINS_6BufferIhEEE4FromEP10napi_env__RKS3_
FNDA:2,_ZN4Napi7detailsL25TemplatedInstanceCallbackI9DisruptorXadL_ZNS2_21ProduceClaimAvailSyncERKNS_12CallbackInfoEEEEEP12napi_value__P10napi_env__P20napi_callback_info__
FNDA:14268,_ZN4Napi9ReferenceINS_6BufferIhEEEaSEOS3_
FNDA:0,_ZZN4Napi12InstanceWrapI9DisruptorE29InstanceMethodCallbackWrapperEP10napi_env__P20napi_callback_info__ENKUlvE_clEv
FNDA:5368304,_ZN4Napi9ReferenceINS_6ObjectEEC2EP10napi_env__P10napi_ref__
FNDA:2,_ZN4Napi7details12WrapCallbackIZNS0_L25TemplatedInstanceCallbackI9DisruptorXadL_ZNS3_21ProduceClaimAvailSyncERKNS_12CallbackInfoEEEEEP12napi_value__P10napi_env__P20napi_callback_info__EUlvE_EES8_T_
FNDA:9532,_ZNK4Napi5Value2AsINS_7BooleanEEET_v
FNDA:505,_ZN4Napi12InstanceWrapI9DisruptorE14InstanceMethodIXadL_ZNS1_17ProduceClaimAsyncERKNS_12CallbackInfoEEEEENS_23ClassPropertyDescriptorIS1_EEPKc24napi_property_attributesPv
FNDA:4764,_ZN4Napi10ObjectWrapI9DisruptorEC2ERKNS_12CallbackInfoE
FNDA:4764,_ZN4Napi9ReferenceINS_8FunctionEEC2Ev
FNDA:0,_ZN4Napi7detailsL10AttachDataINS_20AccessorCallbackDataI9DisruptorMS3_FNS_5ValueERKNS_12CallbackInfoEEMS3_FvS7_RKS4_EEEEE11napi_statusP10napi_env__P12napi_value__PT_PFvSH_PvSM_ESM_
FNDA:8,_ZN4Napi5Error3NewEP10napi_env__RKNSt7__cxx1112basic_stringIcSt11char_traitsIcESaIcEEE
FNDA:4764,_ZZN4Napi10ObjectWrapI9DisruptorE26ConstructorCallbackWrapperEP10napi_env__P20napi_callback_info__ENKUlvE0_clEv
FNDA:4772,_ZN4Napi4NameC2EP10napi_env__P12napi_value__
FNDA:1020,_ZZN4Napi7detailsL25TemplatedInstanceCallbackI9DisruptorXadL_ZNS2_7GetSpinERKNS_12CallbackInfoEEEEEP12napi_value__P10napi_env__P20napi_callback_info__ENKUlvE_clEv
FNDA:13,_ZN4Napi7details12WrapCallbackIZNS0_L25TemplatedInstanceCallbackI9DisruptorXadL_ZNS3_14ConsumeNewSyncERKNS_12CallbackInfoEEEEEP12napi_value__P10napi_env__P20napi_callback_info__EUlvE_EES8_T_
FNDA:14268,_ZN4Napi10PersistentINS_6BufferIhEEEENS_9ReferenceIT_EES4_
FNDA:36,_ZN4Napi7details12WrapCallbackIZNS0_L25TemplatedInstanceCallbackI9DisruptorXadL_ZNS3_16ProduceClaimManyERKNS_12CallbackInfoEEEEEP12napi_value__P10napi_env__P20napi_callback_info__EUlvE_EES8_T_
FNDA:562755,_ZNK4Napi5Value2AsINS_8FunctionEEET_v
FNDA:807,_ZN4Napi7details12WrapCallbackIZNS0_L29TemplatedInstanceVoidCallbackI9DisruptorXadL_ZNS3_17ProduceClaimAsyncERKNS_12CallbackInfoEEEEEP12napi_value__P10napi_env__P20napi_callback_info__EUlvE_EES8_T_
FNDA:8,_ZN4Napi6String3NewEP10napi_env__PKc
FNDA:5920578,_ZNK4Napi12CallbackInfo3EnvEv
FNDA:505,_ZN4Napi7details12WrapCallbackIZNS_14RegisterModuleEP10napi_env__P12napi_value__PFNS_6ObjectENS_3EnvES6_EEUlvE_EES5_T_
FNDA:807,_ZZN4Napi7detailsL29TemplatedInstanceVoidCallbackI9DisruptorXadL_ZNS2_17ProduceClaimAsyncERKNS_12CallbackInfoEEEEEP12napi_value__P10napi_env__P20napi_callback_info__ENKUlvE_clEv
FNDA:9,_ZNK4Napi6NumbercviEv
FNDA:522459,_ZN4Napi7detailsL25TemplatedInstanceCallbackI9DisruptorXadL_ZNS2_20GetPendingSeqNextEndERKNS_12CallbackInfoEEEEEP12napi_value__P10napi_env__P20napi_callback_info__
FNDA:2,_ZN4Napi7detailsL29TemplatedInstanceVoidCallbackI9DisruptorXadL_ZNS2_22ProduceClaimAvailAsyncERKNS_12CallbackInfoEEEEEP12napi_value__P10napi_env__P20napi_callback_info__
FNDA:4756,_ZNK4Napi3Env6GlobalEv
FNDA:562755,_ZN4Napi20EscapableHandleScopeD2Ev
FNDA:0,_ZN4Napi11AsyncWorker4OnOKEv
FNDA:0,_ZZN4Napi12InstanceWrapI9DisruptorE33InstanceVoidMethodCallbackWrapperEP10napi_env__P20napi_callback_info__ENKUlvE_clEv
FNDA:2750,_ZNK4Napi6Number10Int64ValueEv
FNDA:4756,_ZN4Napi6ObjectC2Ev
FNDA:0,_ZNK4Napi9ReferenceINS_8FunctionEE7IsEmptyEv
FNDA:2686522,_ZN4Napi9ReferenceINS_8FunctionEEC2EP10napi_env__P10napi_ref__
FNDA:807,_ZN4Napi7detailsL29TemplatedInstanceVoidCallbackI9DisruptorXadL_ZNS2_17ProduceClaimAsyncERKNS_12CallbackInfoEEEEEP12napi_value__P10napi_env__P20napi_callback_info__
FNDA:553243,_ZNK4Napi8Function12MakeCallbackEP12napi_value__RKSt16initializer_listIS2_EP20napi_async_context__
FNDA:11,_ZN4Napi7detailsL25TemplatedInstanceCallbackI9DisruptorXadL_ZNS2_20ProduceClaimManySyncERKNS_12CallbackInfoEEEEEP12napi_value__P10napi_env__P20napi_callback_info__
FNDA:205653,_ZNK4Napi6Object3SetINS_5ValueEEEbjRKT_
FNDA:8,_ZN4Napi7details13vf_utf8_charp4FromEP10napi_env__PKc
FNDA:4764,_ZNK4Napi6String9Utf8ValueB5cxx11Ev
FNDA:0,_ZN4Napi12InstanceWrapI9DisruptorE29InstanceSetterCallbackWrapperEP10napi_env__P20napi_callback_info__
FNDA:1271887,_ZNK4Napi5Value2AsINS_6BufferIhEEEET_v
FNDA:807,_ZN4Napi7details12WrapCallbackIZNS0_L25TemplatedInstanceCallbackI9DisruptorXadL_ZNS3_16ProduceClaimSyncERKNS_12CallbackInfoEEEEEP12napi_value__P10napi_env__P20napi_callback_info__EUlvE_EES8_T_
FNDA:9,_ZN4Napi7details12WrapCallbackIZNS_12InstanceWrapI9DisruptorE13WrappedMethodIXadL_ZNS3_9SetStatusERKNS_12CallbackInfoERKNS_5ValueEEEEEP12napi_value__P10napi_env__P20napi_callback_info__EUlvE_EESD_T_
FNDA:9,_ZZN4Napi12InstanceWrapI9DisruptorE13WrappedMethodIXadL_ZNS1_9SetStatusERKNS_12CallbackInfoERKNS_5ValueEEEEEP12napi_value__P10napi_env__P20napi_callback_info__ENKUlvE_clEv
FNDA:950325,_ZNK4Napi5Array6LengthEv
FNDA:4764,_ZN4Napi9ReferenceINS_6ObjectEEC2Ev
FNDA:0,_ZN4Napi7details12WrapCallbackIZNS_10ObjectWrapI9DisruptorE27StaticGetterCallbackWrapperEP10napi_env__P20napi_callback_info__EUlvE_EEP12napi_value__T_
FNDA:36,_ZZN4Napi7detailsL25TemplatedInstanceCallbackI9DisruptorXadL_ZNS2_16ProduceClaimManyERKNS_12CallbackInfoEEEEEP12napi_value__P10napi_env__P20napi_callback_info__ENKUlvE_clEv
FNDA:11,_ZZN4Napi7detailsL29TemplatedInstanceVoidCallbackI9DisruptorXadL_ZNS2_21ProduceClaimManyAsyncERKNS_12CallbackInfoEEEEEP12napi_value__P10napi_env__P20napi_callback_info__ENKUlvE_clEv
FNDA:222,_ZN4Napi7detailsL25TemplatedInstanceCallbackI9DisruptorXadL_ZNS2_11GetConsumerERKNS_12CallbackInfoEEEEEP12napi_value__P10napi_env__P20napi_callback_info__
FNDA:553243,_ZNK4Napi5Value10IsFunctionEv
FNDA:0,_ZN4Napi5Error3NewEP10napi_env__PKc
FNDA:0,_ZN4Napi7details12WrapCallbackIZNS_12InstanceWrapI9DisruptorE29InstanceGetterCallbackWrapperEP10napi_env__P20napi_callback_info__EUlvE_EEP12napi_value__T_
FNDA:505,_ZN4Napi10ObjectWrapI9DisruptorE11DefineClassENS_3EnvEPKcmPK24napi_property_descriptorPv
FNDA:0,_ZN4Napi7details12WrapCallbackIZNS_10ObjectWrapI9DisruptorE31StaticVoidMethodCallbackWrapperEP10napi_env__P20napi_callback_info__EUlvE_EEP12napi_value__T_
FNDA:505,_ZN4Napi12InstanceWrapI9DisruptorE16InstanceAccessorIXadL_ZNS1_9GetCursorERKNS_12CallbackInfoEEELMS1_FvS6_RKNS_5ValueEE0EEENS_23ClassPropertyDescriptorIS1_EEPKc24napi_property_attributesPv
FNDA:0,_ZN4Napi12CallbackInfo7SetDataEPv
FNDA:422953,_ZZN4Napi7detailsL25TemplatedInstanceCallbackI9DisruptorXadL_ZNS2_9GetStatusERKNS_12CallbackInfoEEEEEP12napi_value__P10napi_env__P20napi_callback_info__ENKUlvE_clEv
FNDA:8,_ZN4Napi5ErrorC2EP10napi_env__P12napi_value__
FNDA:5363532,_ZN4Napi10PersistentENS_6ObjectE
FNDA:2686522,_ZN4Napi9ReferenceINS_8FunctionEEC2EOS2_
FNDA:1598674,_ZN4Napi7Boolean3NewEP10napi_env__b
FNDA:519441,_ZNK4Napi6BufferIhE10EnsureInfoEv
FNDA:0,_ZN4Napi10ObjectWrapI9DisruptorE31StaticVoidMethodCallbackWrapperEP10napi_env__P20napi_callback_info__
FNDA:0,_ZN4Napi10ObjectWrapI9DisruptorE27StaticGetterCallbackWrapperEP10napi_env__P20napi_callback_info__
FNDA:3744,_ZN4Napi10ObjectWrapI9DisruptorE8FinalizeENS_3EnvE
FNDA:3235009,_ZNK4Napi11AsyncWorker3EnvEv
FNDA:505,_ZN4Napi12InstanceWrapI9DisruptorE16InstanceAccessorIXadL_ZNS1_7GetSpinERKNS_12CallbackInfoEEELMS1_FvS6_RKNS_5ValueEE0EEENS_23ClassPropertyDescriptorIS1_EEPKc24napi_property_attributesPv
FNDA:4764,_ZNK4Napi5Value2AsINS_6StringEEET_v
FNDA:87,_ZN4Napi7detailsL25TemplatedInstanceCallbackI9DisruptorXadL_ZNS2_19GetPendingSeqCursorERKNS_12CallbackInfoEEEEEP12napi_value__P10napi_env__P20napi_callback_info__
FNDA:1098,_ZZN4Napi7detailsL25TemplatedInstanceCallbackI9DisruptorXadL_ZNS2_14GetElementSizeERKNS_12CallbackInfoEEEEEP12napi_value__P10napi_env__P20napi_callback_info__ENKUlvE_clEv
FNDA:2,_ZZN4Napi7detailsL25TemplatedInstanceCallbackI9DisruptorXadL_ZNS2_21ProduceClaimAvailSyncERKNS_12CallbackInfoEEEEEP12napi_value__P10napi_env__P20napi_callback_info__ENKUlvE_clEv
FNDA:2681766,_ZN4Napi11AsyncWorkerC2ERKNS_8FunctionEPKc
FNDA:1271887,_ZNK4Napi8Function4CallEP12napi_value__mPKS2_
FNDA:87,_ZN4Napi7details12WrapCallbackIZNS0_L25TemplatedInstanceCallbackI9DisruptorXadL_ZNS3_19GetPendingSeqCursorERKNS_12CallbackInfoEEEEEP12napi_value__P10napi_env__P20napi_callback_info__EUlvE_EES8_T_
FNDA:0,_ZN4Napi11AsyncWorkerD0Ev
FNDA:0,_ZN4Napi10ObjectWrapI9DisruptorE27StaticSetterCallbackWrapperEP10napi_env__P20napi_callback_info__
FNDA:4756,_ZN4Napi10TypedArrayC2Ev
FNDA:4251,_ZZN4Napi7detailsL29TemplatedInstanceVoidCallbackI9DisruptorXadL_ZNS2_7ReleaseERKNS_12CallbackInfoEEEEEP12napi_value__P10napi_env__P20napi_callback_info__ENKUlvE_clEv
FNDA:8,_ZN4Napi15ObjectReferenceC2EP10napi_env__P10napi_ref__
FNDA:205653,_ZN4Napi6Object14PropertyLValueIjEaSINS_5ValueEEERS2_T_
FNDA:222,_ZZN4Napi7detailsL25TemplatedInstanceCallbackI9DisruptorXadL_ZNS2_9GetCursorERKNS_12CallbackInfoEEEEEP12napi_value__P10napi_env__P20napi_callback_info__ENKUlvE_clEv
FNDA:3744,_ZN4Napi10ObjectWrapI9DisruptorE16FinalizeCallbackEP10napi_env__PvS5_
FNDA:0,_ZZN4Napi10ObjectWrapI9DisruptorE27StaticMethodCallbackWrapperEP10napi_env__P20napi_callback_info__ENKUlvE_clEv
FNDA:0,_ZZN4Napi10ObjectWrapI9DisruptorE27StaticGetterCallbackWrapperEP10napi_env__P20napi_callback_info__ENKUlvE_clEv
FNF:352
FNH:279
DA:33,0
DA:39,0
DA:40,0
DA:41,0
DA:68,0
DA:70,0
DA:76,8053938
DA:79,8053938
DA:80,8
DA:81,8
DA:82,8
DA:95,3744
DA:98,3744
[...]
FN:103,_ZN9__gnu_cxx13new_allocatorI24napi_property_descriptorE8allocateEmPKv
FN:103,_ZN9__gnu_cxx13new_allocatorI11AsyncBufferE8allocateEmPKv
FN:132,_ZN9__gnu_cxx13new_allocatorIP12napi_value__E10deallocateEPS2_m
FN:132,_ZN9__gnu_cxx13new_allocatorINSt8__detail10_Hash_nodeIPhLb0EEEE10deallocateEPS4_m
FN:132,_ZN9__gnu_cxx13new_allocatorI24napi_property_descriptorE10deallocateEPS1_m
FN:132,_ZN9__gnu_cxx13new_allocatorIPNSt8__detail15_Hash_node_baseEE10deallocateEPS3_m
FN:132,_ZN9__gnu_cxx13new_allocatorI11AsyncBufferE10deallocateEPS1_m
FN:154,_ZNK9__gnu_cxx13new_allocatorI11AsyncBufferE8max_sizeEv
FN:154,_ZNK9__gnu_cxx13new_allocatorI24napi_property_descriptorE8max_sizeEv
FN:160,_ZN9__gnu_cxx13new_allocatorI11AsyncBufferE9constructIS1_JS1_EEEvPT_DpOT0_
FN:160,_ZN9__gnu_cxx13new_allocatorINSt8__detail10_Hash_nodeIPhLb0EEEE9constructIS3_JRS3_EEEvPT_DpOT0_
FN:166,_ZN9__gnu_cxx13new_allocatorINSt8__detail10_Hash_nodeIPhLb0EEEE7destroyIS3_EEvPT_
FN:166,_ZN9__gnu_cxx13new_allocatorI11AsyncBufferE7destroyIS1_EEvPT_
FN:197,_ZNK9__gnu_cxx13new_allocatorINSt8__detail10_Hash_nodeIPhLb0EEEE11_M_max_sizeEv
FN:197,_ZNK9__gnu_cxx13new_allocatorI11AsyncBufferE11_M_max_sizeEv
FN:197,_ZNK9__gnu_cxx13new_allocatorI24napi_property_descriptorE11_M_max_sizeEv
FN:197,_ZNK9__gnu_cxx13new_allocatorIPNSt8__detail15_Hash_node_baseEE11_M_max_sizeEv
FNDA:265,_ZN9__gnu_cxx13new_allocatorIPNSt8__detail15_Hash_node_baseEEC2Ev
FNDA:4756,_ZN9__gnu_cxx13new_allocatorINSt8__detail10_Hash_nodeIPhLb0EEEE8allocateEmPKv
FNDA:0,_ZN9__gnu_cxx13new_allocatorIP12napi_value__E10deallocateEPS2_m
FNDA:4756,_ZNK9__gnu_cxx13new_allocatorINSt8__detail10_Hash_nodeIPhLb0EEEE11_M_max_sizeEv
FNDA:259,_ZN9__gnu_cxx13new_allocatorIPNSt8__detail15_Hash_node_baseEE8allocateEmPKv
FNDA:3744,_ZN9__gnu_cxx13new_allocatorINSt8__detail10_Hash_nodeIPhLb0EEEE10deallocateEPS4_m
FNDA:505,_ZN9__gnu_cxx13new_allocatorI24napi_property_descriptorEC2Ev
FNDA:3744,_ZN9__gnu_cxx13new_allocatorINSt8__detail10_Hash_nodeIPhLb0EEEE7destroyIS3_EEvPT_
FNDA:1028265,_ZNK9__gnu_cxx13new_allocatorI11AsyncBufferE11_M_max_sizeEv
FNDA:2416390,_ZN9__gnu_cxx13new_allocatorI11AsyncBufferED2Ev
FNDA:30,_ZN9__gnu_cxx13new_allocatorI11AsyncBufferE9constructIS1_JS1_EEEvPT_DpOT0_
FNDA:505,_ZN9__gnu_cxx13new_allocatorI24napi_property_descriptorE8allocateEmPKv
FNDA:1515,_ZN9__gnu_cxx13new_allocatorI24napi_property_descriptorED2Ev
FNDA:1010,_ZN9__gnu_cxx13new_allocatorI24napi_property_descriptorEC2ERKS2_
FNDA:505,_ZN9__gnu_cxx13new_allocatorI24napi_property_descriptorE10deallocateEPS1_m
FNDA:0,_ZN9__gnu_cxx13new_allocatorIP12napi_value__EC2Ev
FNDA:505,_ZNK9__gnu_cxx13new_allocatorI24napi_property_descriptorE8max_sizeEv
FNDA:822612,_ZNK9__gnu_cxx13new_allocatorI11AsyncBufferE8max_sizeEv
FNDA:30,_ZN9__gnu_cxx13new_allocatorI11AsyncBufferE7destroyIS1_EEvPT_
FNDA:1010,_ZNK9__gnu_cxx13new_allocatorI24napi_property_descriptorE11_M_max_sizeEv
FNDA:265,_ZN9__gnu_cxx13new_allocatorIPNSt8__detail15_Hash_node_baseEED2Ev
FNDA:0,_ZN9__gnu_cxx13new_allocatorIcEC2Ev
FNDA:2416390,_ZN9__gnu_cxx13new_allocatorI11AsyncBufferEC2Ev
FNDA:4756,_ZN9__gnu_cxx13new_allocatorINSt8__detail10_Hash_nodeIPhLb0EEEE9constructIS3_JRS3_EEEvPT_DpOT0_
FNDA:0,_ZN9__gnu_cxx13new_allocatorIcED2Ev
FNDA:205653,_ZN9__gnu_cxx13new_allocatorI11AsyncBufferE10deallocateEPS1_m
FNDA:0,_ZN9__gnu_cxx13new_allocatorIP12napi_value__ED2Ev
FNDA:6,_ZN9__gnu_cxx13new_allocatorIPNSt8__detail15_Hash_node_baseEE10deallocateEPS3_m
FNDA:259,_ZNK9__gnu_cxx13new_allocatorIPNSt8__detail15_Hash_node_baseEE11_M_max_sizeEv
FNDA:253,_ZN9__gnu_cxx13new_allocatorINSt8__detail10_Hash_nodeIPhLb0EEEEC2Ev
FNDA:205653,_ZN9__gnu_cxx13new_allocatorI11AsyncBufferE8allocateEmPKv
FNF:31
FNH:26
DA:79,2417413
DA:82,1010
DA:89,2418170
DA:103,211173
DA:111,211173
DA:115,0
DA:116,0
DA:117,0
DA:127,211173
DA:132,209908
DA:145,209908
DA:154,823117
DA:155,823117
DA:160,4786
DA:162,4786
DA:166,3774
DA:168,3774
DA:197,1034290
DA:200,1034290
LF:19
LH:16
end_of_record
TN:
SF:/usr/include/c++/11/ext/type_traits.h
FN:152,_ZN9__gnu_cxx17__is_null_pointerIKcEEbPT_
FNDA:0,_ZN9__gnu_cxx17__is_null_pointerIKcEEbPT_
FNF:1
FNH:0
DA:152,0
DA:153,0
LF:2
LH:0
end_of_record
TN:
SF:/usr/include/c++/11/initializer_list
FN:71,_ZNKSt16initializer_listIP12napi_value__E4sizeEv
FN:71,_ZNKSt16initializer_listIN4Napi23ClassPropertyDescriptorI9DisruptorEEE4sizeEv
FN:75,_ZNKSt16initializer_listIP12napi_value__E5beginEv
FN:75,_ZNKSt16initializer_listIN4Napi23ClassPropertyDescriptorI9DisruptorEEE5beginEv
FNDA:1825130,_ZNKSt16initializer_listIP12napi_value__E5beginEv
FNDA:1825130,_ZNKSt16initializer_listIP12napi_value__E4sizeEv
FNDA:505,_ZNKSt16initializer_listIN4Napi23ClassPropertyDescriptorI9DisruptorEEE5beginEv
FNDA:505,_ZNKSt16initializer_listIN4Napi23ClassPropertyDescriptorI9DisruptorEEE4sizeEv
FNF:4
FNH:4
DA:71,1825635
DA:75,1825635
LF:2
LH:2
end_of_record
TN:
SF:/usr/include/c++/11/new
FN:174,_ZnwmPv
FN:180,_ZdlPvS_
FNDA:215700,_ZnwmPv
FNDA:0,_ZdlPvS_
FNF:2
FNH:1
DA:174,215700
DA:175,215700
DA:180,0
LF:3
LH:2
end_of_record
TN:
SF:/usr/include/c++/11/tuple
FN:80,_ZNSt10_Head_baseILm1E7CloseFDLb1EEC2Ev
FN:80,_ZNSt10_Head_baseILm1ESt14default_deleteISt6vectorI11AsyncBufferSaIS2_EEELb1EEC2Ev
FN:90,_ZNSt10_Head_baseILm1ESt14default_deleteISt6vectorI11AsyncBufferSaIS2_EEELb1EEC2IS5_EEOT_
FN:120,_ZNSt10_Head_baseILm1E7CloseFDLb1EE7_M_headERS1_
FN:120,_ZNSt10_Head_baseILm1ESt14default_deleteISt6vectorI11AsyncBufferSaIS2_EEELb1EE7_M_headERS6_
FN:179,_ZNSt10_Head_baseILm0EPiLb0EEC2Ev
FN:179,_ZNSt10_Head_baseILm0EPSt6vectorI11AsyncBufferSaIS1_EELb0EEC2Ev
FN:189,_ZNSt10_Head_baseILm0EPSt6vectorI11AsyncBufferSaIS1_EELb0EEC2IS4_EEOT_
FN:219,_ZNSt10_Head_baseILm0EPiLb0EE7_M_headERS1_
FN:219,_ZNSt10_Head_baseILm0EPSt6vectorI11AsyncBufferSaIS1_EELb0EE7_M_headERS5_
FN:222,_ZNSt10_Head_baseILm0EPiLb0EE7_M_headERKS1_
FN:222,_ZNSt10_Head_baseILm0EPSt6vectorI11AsyncBufferSaIS1_EELb0EE7_M_headERKS5_
FN:254,_ZNSt11_Tuple_implILm0EJPSt6vectorI11AsyncBufferSaIS1_EESt14default_deleteIS3_EEE7_M_headERS7_
FN:254,_ZNSt11_Tuple_implILm0EJPi7CloseFDEE7_M_headERS2_
FN:257,_ZNSt11_Tuple_implILm0EJPi7CloseFDEE7_M_headERKS2_
FN:257,_ZNSt11_Tuple_implILm0EJPSt6vectorI11AsyncBufferSaIS1_EESt14default_deleteIS3_EEE7_M_headERKS7_
FN:260,_ZNSt11_Tuple_implILm0EJPSt6vectorI11AsyncBufferSaIS1_EESt14default_deleteIS3_EEE7_M_tailERS7_
FN:265,_ZNSt11_Tuple_implILm0EJPSt6vectorI11AsyncBufferSaIS1_EESt14default_deleteIS3_EEEC2Ev
FN:265,_ZNSt11_Tuple_implILm0EJPi7CloseFDEEC2Ev
FN:288,_ZNSt11_Tuple_implILm0EJPSt6vectorI11AsyncBufferSaIS1_EESt14default_deleteIS3_EEEC2EOS7_
FN:415,_ZNSt11_Tuple_implILm1EJ7CloseFDEE7_M_headERS1_
FN:415,_ZNSt11_Tuple_implILm1EJSt14default_deleteISt6vectorI11AsyncBufferSaIS2_EEEEE7_M_headERS6_
FN:421,_ZNSt11_Tuple_implILm1EJSt14default_deleteISt6vectorI11AsyncBufferSaIS2_EEEEEC2Ev
FN:421,_ZNSt11_Tuple_implILm1EJ7CloseFDEEC2Ev
FN:442,_ZNSt11_Tuple_implILm1EJSt14default_deleteISt6vectorI11AsyncBufferSaIS2_EEEEEC2EOS6_
FN:1038,_ZNSt5tupleIJPi7CloseFDEEC2ILb1ELb1EEEv
FN:1038,_ZNSt5tupleIJPSt6vectorI11AsyncBufferSaIS1_EESt14default_deleteIS3_EEEC2ILb1ELb1EEEv
FN:1079,_ZNSt5tupleIJPSt6vectorI11AsyncBufferSaIS1_EESt14default_deleteIS3_EEEC2EOS7_
FN:1366,_ZSt12__get_helperILm1E7CloseFDJEERT0_RSt11_Tuple_implIXT_EJS1_DpT1_EE
FN:1366,_ZSt12__get_helperILm0EPiJ7CloseFDEERT0_RSt11_Tuple_implIXT_EJS2_DpT1_EE
FN:1366,_ZSt12__get_helperILm0EPSt6vectorI11AsyncBufferSaIS1_EEJSt14default_deleteIS3_EEERT0_RSt11_Tuple_implIXT_EJS7_DpT1_EE
FN:1366,_ZSt12__get_helperILm1ESt14default_deleteISt6vectorI11AsyncBufferSaIS2_EEEJEERT0_RSt11_Tuple_implIXT_EJS6_DpT1_EE
FN:1371,_ZSt12__get_helperILm0EPSt6vectorI11AsyncBufferSaIS1_EEJSt14default_deleteIS3_EEERKT0_RKSt11_Tuple_implIXT_EJS7_DpT1_EE
FN:1371,_ZSt12__get_helperILm0EPiJ7CloseFDEERKT0_RKSt11_Tuple_implIXT_EJS2_DpT1_EE
FN:1382,_ZSt3getILm0EJPSt6vectorI11AsyncBufferSaIS1_EESt14default_deleteIS3_EEERNSt13tuple_elementIXT_ESt5tupleIJDpT0_EEE4typeERSB_
FN:1382,_ZSt3getILm1EJPi7CloseFDEERNSt13tuple_elementIXT_ESt5tupleIJDpT0_EEE4typeERS6_
FN:1382,_ZSt3getILm1EJPSt6vectorI11AsyncBufferSaIS1_EESt14default_deleteIS3_EEERNSt13tuple_elementIXT_ESt5tupleIJDpT0_EEE4typeERSB_
FN:1382,_ZSt3getILm0EJPi7CloseFDEERNSt13tuple_elementIXT_ESt5tupleIJDpT0_EEE4typeERS6_
FN:1388,_ZSt3getILm0EJPSt6vectorI11AsyncBufferSaIS1_EESt14default_deleteIS3_EEERKNSt13tuple_elementIXT_ESt5tupleIJDpT0_EEE4typeERKSB_
FN:1388,_ZSt3getILm0EJPi7CloseFDEERKNSt13tuple_elementIXT_ESt5tupleIJDpT0_EEE4typeERKS6_
FNDA:205623,_ZNSt11_Tuple_implILm0EJPSt6vectorI11AsyncBufferSaIS1_EESt14default_deleteIS3_EEE7_M_tailERS7_
FNDA:4756,_ZNSt11_Tuple_implILm1EJ7CloseFDEE7_M_headERS1_
FNDA:4756,_ZNSt10_Head_baseILm1E7CloseFDLb1EEC2Ev
FNDA:9512,_ZNSt10_Head_baseILm0EPiLb0EE7_M_headERS1_
FNDA:9512,_ZSt12__get_helperILm0EPiJ7CloseFDEERT0_RSt11_Tuple_implIXT_EJS2_DpT1_EE
FNDA:10076806,_ZSt3getILm0EJPSt6vectorI11AsyncBufferSaIS1_EESt14default_deleteIS3_EEERNSt13tuple_elementIXT_ESt5tupleIJDpT0_EEE4typeERSB_
FNDA:4756,_ZSt12__get_helperILm1E7CloseFDJEERT0_RSt11_Tuple_implIXT_EJS1_DpT1_EE
FNDA:10282429,_ZNSt11_Tuple_implILm0EJPSt6vectorI11AsyncBufferSaIS1_EESt14default_deleteIS3_EEE7_M_headERS7_
FNDA:4756,_ZNSt10_Head_baseILm0EPiLb0EEC2Ev
FNDA:4756,_ZNSt10_Head_baseILm1E7CloseFDLb1EE7_M_headERS1_
FNDA:5038403,_ZNSt11_Tuple_implILm1EJSt14default_deleteISt6vectorI11AsyncBufferSaIS2_EEEEE7_M_headERS6_
FNDA:205623,_ZNSt10_Head_baseILm0EPSt6vectorI11AsyncBufferSaIS1_EELb0EEC2IS4_EEOT_
FNDA:10076806,_ZSt12__get_helperILm0EPSt6vectorI11AsyncBufferSaIS1_EEJSt14default_deleteIS3_EEERT0_RSt11_Tuple_implIXT_EJS7_DpT1_EE
FNDA:2450756,_ZSt3getILm0EJPSt6vectorI11AsyncBufferSaIS1_EESt14default_deleteIS3_EEERKNSt13tuple_elementIXT_ESt5tupleIJDpT0_EEE4typeERKSB_
FNDA:2416390,_ZNSt11_Tuple_implILm0EJPSt6vectorI11AsyncBufferSaIS1_EESt14default_deleteIS3_EEEC2Ev
FNDA:2450756,_ZSt12__get_helperILm0EPSt6vectorI11AsyncBufferSaIS1_EEJSt14default_deleteIS3_EEERKT0_RKSt11_Tuple_implIXT_EJS7_DpT1_EE
FNDA:5032,_ZNSt10_Head_baseILm0EPiLb0EE7_M_headERKS1_
FNDA:4756,_ZNSt5tupleIJPi7CloseFDEEC2ILb1ELb1EEEv
FNDA:4756,_ZSt3getILm1EJPi7CloseFDEERNSt13tuple_elementIXT_ESt5tupleIJDpT0_EEE4typeERS6_
FNDA:4832780,_ZSt12__get_helperILm1ESt14default_deleteISt6vectorI11AsyncBufferSaIS2_EEEJEERT0_RSt11_Tuple_implIXT_EJS6_DpT1_EE
FNDA:2416390,_ZNSt10_Head_baseILm1ESt14default_deleteISt6vectorI11AsyncBufferSaIS2_EEELb1EEC2Ev
FNDA:9512,_ZNSt11_Tuple_implILm0EJPi7CloseFDEE7_M_headERS2_
FNDA:2416390,_ZNSt5tupleIJPSt6vectorI11AsyncBufferSaIS1_EESt14default_deleteIS3_EEEC2ILb1ELb1EEEv
FNDA:4756,_ZNSt11_Tuple_implILm0EJPi7CloseFDEEC2Ev
FNDA:2450756,_ZNSt10_Head_baseILm0EPSt6vectorI11AsyncBufferSaIS1_EELb0EE7_M_headERKS5_
FNDA:9512,_ZSt3getILm0EJPi7CloseFDEERNSt13tuple_elementIXT_ESt5tupleIJDpT0_EEE4typeERS6_
FNDA:5032,_ZSt3getILm0EJPi7CloseFDEERKNSt13tuple_elementIXT_ESt5tupleIJDpT0_EEE4typeERKS6_
FNDA:4832780,_ZSt3getILm1EJPSt6vectorI11AsyncBufferSaIS1_EESt14default_deleteIS3_EEERNSt13tuple_elementIXT_ESt5tupleIJDpT0_EEE4typeERSB_
FNDA:5032,_ZNSt11_Tuple_implILm0EJPi7CloseFDEE7_M_headERKS2_
FNDA:5038403,_ZNSt10_Head_baseILm1ESt14default_deleteISt6vectorI11AsyncBufferSaIS2_EEELb1EE7_M_headERS6_
FNDA:205623,_ZNSt10_Head_baseILm1ESt14default_deleteISt6vectorI11AsyncBufferSaIS2_EEELb1EEC2IS5_EEOT_
FNDA:2416390,_ZNSt11_Tuple_implILm1EJSt14default_deleteISt6vectorI11AsyncBufferSaIS2_EEEEEC2Ev
FNDA:205623,_ZNSt5tupleIJPSt6vectorI11AsyncBufferSaIS1_EESt14default_deleteIS3_EEEC2EOS7_
FNDA:205623,_ZNSt11_Tuple_implILm1EJSt14default_deleteISt6vectorI11AsyncBufferSaIS2_EEEEEC2EOS6_
FNDA:205623,_ZNSt11_Tuple_implILm0EJPSt6vectorI11AsyncBufferSaIS1_EESt14default_deleteIS3_EEEC2EOS7_
FNDA:2416390,_ZNSt10_Head_baseILm0EPSt6vectorI11AsyncBufferSaIS1_EELb0EEC2Ev
FNDA:4756,_ZNSt11_Tuple_implILm1EJ7CloseFDEEC2Ev
FNDA:5032,_ZSt12__get_helperILm0EPiJ7CloseFDEERKT0_RKSt11_Tuple_implIXT_EJS2_DpT1_EE
FNDA:2450756,_ZNSt11_Tuple_implILm0EJPSt6vectorI11AsyncBufferSaIS1_EESt14default_deleteIS3_EEE7_M_headERKS7_
FNDA:10282429,_ZNSt10_Head_baseILm0EPSt6vectorI11AsyncBufferSaIS1_EELb0EE7_M_headERS5_
FNF:40
FNH:40
DA:80,2421146
DA:81,2421146
DA:90,205623
DA:91,205623
DA:120,5043159
DA:179,2421146
DA:180,2421146
DA:189,205623
DA:190,205623
DA:219,10291941
DA:222,2455788
DA:254,10291941
DA:257,2455788
DA:260,205623
DA:265,2421146
DA:266,2421146
DA:288,205623
DA:291,205623
DA:292,205623
DA:293,205623
DA:415,5043159
DA:421,2421146
DA:422,2421146
DA:442,205623
DA:444,205623
DA:445,205623
DA:1038,2421146
DA:1040,2421146
DA:1079,205623
DA:1366,14923854
DA:1367,14923854
DA:1371,2455788
DA:1372,2455788
DA:1382,14923854
DA:1383,14923854
DA:1388,2455788
DA:1389,2455788
LF:37
LH:37
end_of_record
TN:
SF:/usr/include/x86_64-linux-gnu/c++/11/bits/gthr-default.h
FN:248,_ZL18__gthread_active_pv
FN:746,_ZL20__gthread_mutex_lockP15pthread_mutex_t
FN:776,_ZL22__gthread_mutex_unlockP15pthread_mutex_t
FNDA:27522,_ZL18__gthread_active_pv
FNDA:13761,_ZL22__gthread_mutex_unlockP15pthread_mutex_t
FNDA:13761,_ZL20__gthread_mutex_lockP15pthread_mutex_t
FNF:3
FNH:3
DA:248,27522
DA:252,27522
DA:746,13761
DA:748,13761
DA:749,13761
DA:751,0
DA:776,13761
DA:778,13761
DA:779,13761
DA:781,0
LF:10
LH:8
end_of_record
TN:
SF:lib/disruptor.js
FN:8,check
FN:18,Disruptor2
FN:54,_consumeNew
FN:61,consumeNew
FN:71,_produceClaim
FN:79,produceClaim
FN:89,_produceClaimMany
FN:97,produceClaimMany
FN:107,_produceClaimAvail
FN:115,produceClaimAvail
FN:125,_produceCommit
FN:135,produceCommit
FN:157,DisruptorReadStream
FN:169,__read
FN:192,_read
FN:223,read_again
FN:237,DisruptorWriteStream
FN:249,_write
FN:277,_final
FN:282,_destroy
FN:293,_commit
FN:319,commit_again
FN:323,write_again
FNDA:1018,_destroy
FNDA:948173,_consumeNew
FNDA:316531,read_again
FNDA:519441,_produceClaim
FNDA:4,_final
FNDA:948173,consumeNew
FNDA:1286,_commit
FNDA:2112,_write
FNDA:13,DisruptorWriteStream
FNDA:4764,Disruptor2
FNDA:2116,produceClaimAvail
FNDA:1009,DisruptorReadStream
FNDA:2116,_produceClaimAvail
FNDA:520740,_produceCommit
FNDA:1990506,check
FNDA:1,commit_again
FNDA:36,_produceClaimMany
FNDA:1976,write_again
FNDA:519441,produceClaim
FNDA:423596,_read
FNDA:425600,__read
FNDA:36,produceClaimMany
FNDA:520740,produceCommit
FNF:23
FNH:23
BRDA:1,0,0,505
BRDA:8,1,0,1990506
BRDA:11,2,0,1438907
BRDA:18,3,0,4764
BRDA:22,4,0,685896
BRDA:23,5,0,685896
BRDA:28,6,0,467553
BRDA:29,7,0,467553
BRDA:34,8,0,23
BRDA:35,9,0,23
BRDA:40,10,0,2112
BRDA:41,11,0,2112
BRDA:46,12,0,468847
BRDA:47,13,0,1285
BRDA:50,14,0,467562
BRDA:54,15,0,948173
BRDA:61,16,0,948173
BRDA:64,17,0,262277
BRDA:67,18,0,685896
BRDA:71,19,0,519441
BRDA:79,20,0,519441
BRDA:82,21,0,51888
BRDA:85,22,0,467553
BRDA:89,23,0,36
BRDA:97,24,0,36
BRDA:100,25,0,13
BRDA:103,26,0,23
BRDA:107,27,0,2116
BRDA:115,28,0,2116
BRDA:118,29,0,4
BRDA:121,30,0,2112
BRDA:125,31,0,520740
BRDA:128,32,0,1293
BRDA:131,33,0,519447
BRDA:135,34,0,520740
BRDA:138,35,0,1293
BRDA:140,36,0,8
BRDA:143,37,0,1285
BRDA:146,38,0,519447
BRDA:148,39,0,51885
BRDA:151,40,0,467562
BRDA:157,41,0,1009
BRDA:159,42,0,1
BRDA:162,43,0,1008
BRDA:162,44,0,1
BRDA:165,45,0,1007
BRDA:169,46,0,425600
BRDA:170,47,0,106058
BRDA:173,48,0,319542
BRDA:176,49,0,319541
BRDA:179,50,0,1
BRDA:183,51,0,319542
BRDA:184,52,0,1
BRDA:189,53,0,319541
BRDA:192,54,0,423596
BRDA:193,55,0,1
BRDA:196,56,0,423595
BRDA:197,57,0,317535
BRDA:198,58,0,105056
BRDA:202,59,0,212479
BRDA:202,60,0,2005
BRDA:207,61,0,1002
BRDA:211,62,0,1003
BRDA:215,63,0,210474
BRDA:215,64,0,1
BRDA:217,65,0,210473
BRDA:223,66,0,316531
BRDA:224,67,0,316531
BRDA:227,68,0,1007
BRDA:228,69,0,1
BRDA:230,70,0,1006
BRDA:237,71,0,13
BRDA:239,72,0,1
BRDA:242,73,0,12
BRDA:242,74,0,1
BRDA:245,75,0,11
BRDA:249,76,0,2112
BRDA:250,77,0,1
BRDA:253,78,0,2111
BRDA:256,79,0,2110
BRDA:257,80,0,1
BRDA:261,81,0,2110
BRDA:262,82,0,1
BRDA:266,83,0,2109
BRDA:267,84,0,1285
BRDA:271,85,0,2109
BRDA:271,86,0,824
BRDA:274,87,0,1285
BRDA:277,88,0,4
BRDA:282,89,0,11
BRDA:283,90,0,5
BRDA:286,91,0,2
BRDA:288,92,0,9
BRDA:293,93,0,1286
BRDA:294,94,0,1
BRDA:297,95,0,1285
BRDA:301,96,0,1284
BRDA:301,97,0,1
BRDA:305,98,0,1284
BRDA:306,99,0,1
BRDA:310,100,0,1283
BRDA:310,101,0,1
BRDA:313,102,0,1282
BRDA:313,103,0,1152
BRDA:316,104,0,130
BRDA:319,105,0,1
BRDA:320,106,0,1
BRDA:323,107,0,1976
BRDA:324,108,0,1976
BRF:109
BRH:109
DA:1,505
DA:2,505
DA:3,505
DA:4,505
DA:5,505
DA:6,505
DA:7,505
DA:8,1990506
DA:9,1990506
DA:10,1990506
DA:11,1990506
DA:12,1438907
DA:13,1438907
DA:14,1990506
DA:15,505
DA:16,505
DA:17,505
DA:18,505
DA:19,4764
DA:20,4764
DA:21,4764
DA:22,4764
DA:23,685896
DA:24,685896
DA:25,685896
DA:26,4764
DA:27,4764
DA:28,4764
DA:29,467553
DA:30,467553
DA:31,467553
DA:32,4764
DA:33,4764
DA:34,4764
DA:35,23
DA:36,23
DA:37,23
DA:38,4764
DA:39,4764
DA:40,4764
DA:41,2112
DA:42,2112
DA:43,2112
DA:44,4764
DA:45,4764
DA:46,4764
DA:47,468847
DA:48,1285
DA:49,1285
DA:50,467562
DA:51,4764
DA:52,4764
DA:53,505
DA:54,505
DA:55,948173
DA:56,948173
DA:57,948173
DA:58,948173
DA:59,948173
DA:60,505
DA:61,505
DA:62,948173
DA:63,948173
DA:64,948173
DA:65,262277
DA:66,262277
DA:67,685896
DA:68,685896
DA:69,948173
DA:70,505
DA:71,505
DA:72,519441
DA:73,519441
DA:74,519441
DA:75,519441
DA:76,519441
DA:77,519441
DA:78,505
DA:79,505
DA:80,519441
DA:81,519441
DA:82,519441
DA:83,51888
DA:84,51888
DA:85,467553
DA:86,467553
DA:87,519441
DA:88,505
DA:89,505
DA:90,36
DA:91,36
DA:92,36
DA:93,36
DA:94,36
DA:95,36
DA:96,505
DA:97,505
DA:98,36
DA:99,36
DA:100,36
DA:101,13
DA:102,13
DA:103,23
DA:104,23
DA:105,36
DA:106,505
DA:107,505
DA:108,2116
DA:109,2116
DA:110,2116
DA:111,2116
DA:112,2116
DA:113,2116
DA:114,505
DA:115,505
DA:116,2116
DA:117,2116
DA:118,2116
DA:119,4
DA:120,4
DA:121,2112
DA:122,2112
DA:123,2116
DA:124,505
DA:125,505
DA:126,520740
DA:127,520740
DA:128,520740
DA:129,1293
DA:130,1293
DA:131,519447
DA:132,519447
DA:133,520740
DA:134,505
DA:135,505
DA:136,520740
DA:137,520740
DA:138,520740
DA:139,1293
DA:140,1293
DA:141,8
DA:142,8
DA:143,1285
DA:144,1285
DA:145,1285
DA:146,519447
DA:147,519447
DA:148,520740
DA:149,51885
DA:150,51885
DA:151,467562
DA:152,467562
DA:153,520740
DA:154,505
DA:155,505
DA:156,505
DA:157,505
DA:158,1009
DA:159,1009
DA:160,1
DA:161,1
DA:162,1009
DA:163,1
DA:164,1
DA:165,1007
DA:166,1007
DA:167,1009
DA:168,505
DA:169,505
DA:170,425600
DA:171,106058
DA:172,106058
DA:173,319542
DA:174,319542
DA:175,319542
DA:176,425600
DA:177,319541
DA:178,319541
DA:179,425600
DA:180,1
DA:181,1
DA:182,1
DA:183,319542
DA:184,425600
DA:185,1
DA:186,1
DA:187,1
DA:188,1
DA:189,319541
DA:190,425600
DA:191,505
DA:192,505
DA:193,423596
DA:194,1
DA:195,1
DA:196,423595
DA:197,423596
DA:198,317535
DA:199,105056
DA:200,105056
DA:201,105056
DA:202,317535
DA:203,2005
DA:204,2005
DA:205,2005
DA:206,2005
DA:207,2005
DA:208,1002
DA:209,1002
DA:210,1002
DA:211,2005
DA:212,1003
DA:213,1003
DA:214,2005
DA:215,212479
DA:216,1
DA:217,210474
DA:218,210473
DA:219,210473
DA:220,317535
DA:221,423596
DA:222,505
DA:223,505
DA:224,316531
DA:225,316531
DA:226,505
DA:227,505
DA:228,1007
DA:229,1
DA:230,1007
DA:231,1006
DA:232,1006
DA:233,1007
DA:234,505
DA:235,505
DA:236,505
DA:237,505
DA:238,13
DA:239,13
DA:240,1
DA:241,1
DA:242,13
DA:243,1
DA:244,1
DA:245,11
DA:246,11
DA:247,13
DA:248,505
DA:249,505
DA:250,2112
DA:251,1
DA:252,1
DA:253,2111
DA:254,2111
DA:255,2111
DA:256,2112
DA:257,2112
DA:258,1
DA:259,1
DA:260,1
DA:261,2110
DA:262,2112
DA:263,1
DA:264,1
DA:265,1
DA:266,2109
DA:267,2112
DA:268,1285
DA:269,1285
DA:270,1285
DA:271,2112
DA:272,824
DA:273,824
DA:274,1285
DA:275,2112
DA:276,505
DA:277,505
DA:278,4
DA:279,4
DA:280,4
DA:281,505
DA:282,505
DA:283,11
DA:284,5
DA:285,5
DA:286,11
DA:287,2
DA:288,11
DA:289,9
DA:290,9
DA:291,11
DA:292,505
DA:293,505
DA:294,1286
DA:295,1
DA:296,1
DA:297,1285
DA:298,1285
DA:299,1285
DA:300,1285
DA:301,1286
DA:302,1
DA:303,1
DA:304,1
DA:305,1284
DA:306,1286
DA:307,1
DA:308,1
DA:309,1
DA:310,1286
DA:311,1
DA:312,1
DA:313,1286
DA:314,1152
DA:315,1152
DA:316,130
DA:317,1286
DA:318,505
DA:319,505
DA:320,1
DA:321,1
DA:322,505
DA:323,505
DA:324,1976
DA:325,1976
DA:326,505
DA:327,505
DA:328,505
DA:329,505
DA:330,505
LF:330
LH:330
end_of_record
