TN:
SF:/home/david/shared-memory-disruptor/node_modules/node-addon-api/napi-inl.h
FN:54,_ZN4Napi7details12WrapCallbackIZNS_11AsyncWorker14OnWorkCompleteEP10napi_env__11napi_statusPvEUlvE_EEP12napi_value__T_
FN:54,_ZN4Napi7details12WrapCallbackIZNS_10ObjectWrapI9DisruptorE29InstanceGetterCallbackWrapperEP10napi_env__P20napi_callback_info__EUlvE_EEP12napi_value__T_
FN:54,_ZN4Napi7details12WrapCallbackIZNS_10ObjectWrapI9DisruptorE26ConstructorCallbackWrapperEP10napi_env__P20napi_callback_info__EUlvE_EEP12napi_value__T_
FN:54,_ZN4Napi7details12WrapCallbackIZNS_10ObjectWrapI9DisruptorE33InstanceVoidMethodCallbackWrapperEP10napi_env__P20napi_callback_info__EUlvE_EEP12napi_value__T_
FN:54,_ZN4Napi7details12WrapCallbackIZNS_14RegisterModuleEP10napi_env__P12napi_value__S5_PFvNS_3EnvENS_6ObjectES7_EEUlvE_EES5_T_
FN:54,_ZN4Napi7details12WrapCallbackIZNS_10ObjectWrapI9DisruptorE29InstanceSetterCallbackWrapperEP10napi_env__P20napi_callback_info__EUlvE_EEP12napi_value__T_
FN:54,_ZN4Napi7details12WrapCallbackIZNS0_12CallbackDataIPFvRKNS_12CallbackInfoEEvE7WrapperEP10napi_env__P20napi_callback_info__EUlvE_EEP12napi_value__T_
FN:54,_ZN4Napi7details12WrapCallbackIZNS_10ObjectWrapI9DisruptorE29InstanceMethodCallbackWrapperEP10napi_env__P20napi_callback_info__EUlvE_EEP12napi_value__T_
FN:89,_ZN4Napi7details12CallbackDataIPFvRKNS_12CallbackInfoEEvE7WrapperEP10napi_env__P20napi_callback_info__
FN:90,_ZZN4Napi7details12CallbackDataIPFvRKNS_12CallbackInfoEEvE7WrapperEP10napi_env__P20napi_callback_info__ENKUlvE_clEv
FN:169,_ZN4Napi14RegisterModuleEP10napi_env__P12napi_value__S3_PFvNS_3EnvENS_6ObjectES5_E
FN:173,_ZZN4Napi14RegisterModuleEP10napi_env__P12napi_value__S3_PFvNS_3EnvENS_6ObjectES5_EENKUlvE_clEv
FN:185,_ZN4Napi3EnvC2EP10napi_env__
FN:188,_ZNK4Napi3EnvcvP10napi_env__Ev
FN:199,_ZNK4Napi3Env9UndefinedEv
FN:206,_ZNK4Napi3Env4NullEv
FN:234,_ZN4Napi5ValueC2Ev
FN:237,_ZN4Napi5ValueC2EP10napi_env__P12napi_value__
FN:240,_ZNK4Napi5ValuecvP12napi_value__Ev
FN:259,_ZNK4Napi5Value3EnvEv
FN:267,_ZNK4Napi5Value4TypeEv
FN:339,_ZNK4Napi5Value10IsFunctionEv
FN:355,_ZNK4Napi5Value2AsINS_7BooleanEEET_v
FN:355,_ZNK4Napi5Value2AsINS_6NumberEEET_v
FN:355,_ZNK4Napi5Value2AsINS_6StringEEET_v
FN:355,_ZNK4Napi5Value2AsINS_8FunctionEEET_v
FN:355,_ZNK4Napi5Value2AsINS_6ObjectEEET_v
FN:391,_ZN4Napi7Boolean3NewEP10napi_env__b
FN:401,_ZN4Napi7BooleanC2EP10napi_env__P12napi_value__
FN:404,_ZNK4Napi7BooleancvbEv
FN:408,_ZNK4Napi7Boolean5ValueEv
FN:419,_ZN4Napi6Number3NewEP10napi_env__d
FN:429,_ZN4Napi6NumberC2EP10napi_env__P12napi_value__
FN:436,_ZNK4Napi6NumbercvjEv
FN:459,_ZNK4Napi6Number11Uint32ValueEv
FN:466,_ZNK4Napi6Number10Int64ValueEv
FN:491,_ZN4Napi4NameC2EP10napi_env__P12napi_value__
FN:537,_ZN4Napi6StringC2EP10napi_env__P12napi_value__
FN:540,_ZNK4Napi6StringcvNSt7__cxx1112basic_stringIcSt11char_traitsIcESaIcEEEB5cxx11Ev
FN:548,_ZNK4Napi6String9Utf8ValueB5cxx11Ev
FN:617,_ZN4Napi6Object14PropertyLValueIjEaSINS_5ValueEEERS2_T_
FN:623,_ZN4Napi6Object14PropertyLValueIjEC2ES0_j
FN:626,_ZN4Napi6Object3NewEP10napi_env__
FN:633,_ZN4Napi6ObjectC2Ev
FN:636,_ZN4Napi6ObjectC2EP10napi_env__P12napi_value__
FN:647,_ZN4Napi6ObjectixEj
FN:702,_ZNK4Napi6Object3GetEPKc
FN:723,_ZN4Napi6Object3SetEPKcNS_5ValueE
FN:784,_ZN4Napi6Object3SetEjNS_5ValueE
FN:912,_ZN4Napi5Array3NewEP10napi_env__
FN:929,_ZN4Napi5ArrayC2EP10napi_env__P12napi_value__
FN:932,_ZNK4Napi5Array6LengthEv
FN:1201,_ZN4Napi8Function3NewIPFvRKNS_12CallbackInfoEEEES0_P10napi_env__T_PKcPv
FN:1228,_ZN4Napi8FunctionC2EP10napi_env__P12napi_value__
FN:1263,_ZNK4Napi8Function12MakeCallbackEP12napi_value__RKSt16initializer_listIS2_E
FN:1273,_ZNK4Napi8Function12MakeCallbackEP12napi_value__mPKS2_
FN:1303,_ZN4Napi6BufferIhE3NewEP10napi_env__m
FN:1312,_ZN4Napi6BufferImE3NewEP10napi_env__Pmm
FN:1312,_ZN4Napi6BufferIhE3NewEP10napi_env__Phm
FN:1377,_ZN4Napi6BufferIhEC2Ev
FN:1386,_ZN4Napi6BufferIhEC2EP10napi_env__P12napi_value__mPh
FN:1386,_ZN4Napi6BufferImEC2EP10napi_env__P12napi_value__mPm
FN:1391,_ZNK4Napi6BufferIhE6LengthEv
FN:1403,_ZNK4Napi6BufferIhE10EnsureInfoEv
FN:1421,_ZN4Napi5Error3NewEP10napi_env__
FN:1479,_ZN4Napi5Error3NewEP10napi_env__RKNSt7__cxx1112basic_stringIcSt11char_traitsIcESaIcEEE
FN:1483,_ZN4Napi5Error5FatalEPKcS2_
FN:1490,_ZN4Napi5ErrorC2EP10napi_env__P12napi_value__
FN:1526,_ZNK4Napi5Error7MessageB5cxx11Ev
FN:1543,_ZNK4Napi5Error26ThrowAsJavaScriptExceptionEv
FN:1553,_ZNK4Napi5Error4whatEv
FN:1560,_ZN4Napi5Error3NewIS0_EET_P10napi_env__PKcmPF11napi_statusS4_P12napi_value__S9_PS9_E
FN:1608,_ZN4Napi9ReferenceINS_6ObjectEE3NewERKS1_j
FN:1608,_ZN4Napi9ReferenceINS_8FunctionEE3NewERKS1_j
FN:1625,_ZN4Napi9ReferenceINS_6ObjectEEC2Ev
FN:1629,_ZN4Napi9ReferenceINS_6ObjectEEC2EP10napi_env__P10napi_ref__
FN:1629,_ZN4Napi9ReferenceINS_8FunctionEEC2EP10napi_env__P10napi_ref__
FN:1634,_ZN4Napi9ReferenceINS_8FunctionEED2Ev
FN:1634,_ZN4Napi9ReferenceINS_6ObjectEED2Ev
FN:1645,_ZN4Napi9ReferenceINS_8FunctionEEC2EOS2_
FN:1645,_ZN4Napi9ReferenceINS_6ObjectEEC2EOS2_
FN:1653,_ZN4Napi9ReferenceINS_6ObjectEEaSEOS2_
FN:1700,_ZNK4Napi9ReferenceINS_6ObjectEE7IsEmptyEv
FN:1705,_ZNK4Napi9ReferenceINS_6ObjectEE5ValueEv
FN:1705,_ZNK4Napi9ReferenceINS_8FunctionEE5ValueEv
FN:1733,_ZN4Napi9ReferenceINS_6ObjectEE5ResetEv
FN:1776,_ZN4Napi10PersistentENS_6ObjectE
FN:1780,_ZN4Napi10PersistentENS_8FunctionE
FN:1791,_ZN4Napi15ObjectReferenceC2EP10napi_env__P10napi_ref__
FN:1794,_ZN4Napi15ObjectReferenceC2EONS_9ReferenceINS_6ObjectEEE
FN:1816,_ZNK4Napi15ObjectReference3GetEPKc
FN:1922,_ZN4Napi17FunctionReferenceC2EONS_9ReferenceINS_8FunctionEEE
FN:1968,_ZNK4Napi17FunctionReference12MakeCallbackEP12napi_value__RKSt16initializer_listIS2_E
FN:1994,_ZN4Napi12CallbackInfoC2EP10napi_env__P20napi_callback_info__
FN:2012,_ZN4Napi12CallbackInfoD2Ev
FN:2025,_ZNK4Napi12CallbackInfo3EnvEv
FN:2029,_ZNK4Napi12CallbackInfo6LengthEv
FN:2033,_ZNK4Napi12CallbackInfoixEm
FN:2037,_ZNK4Napi12CallbackInfo4ThisEv
FN:2044,_ZNK4Napi12CallbackInfo4DataEv
FN:2048,_ZN4Napi12CallbackInfo7SetDataEPv
FN:2287,_ZN4Napi10ObjectWrapI9DisruptorEC2ERKNS_12CallbackInfoE
FN:2301,_ZN4Napi10ObjectWrapI9DisruptorE6UnwrapENS_6ObjectE
FN:2309,_ZN4Napi10ObjectWrapI9DisruptorE11DefineClassENS_3EnvEPKcRKSt16initializer_listINS_23ClassPropertyDescriptorIS1_EEEPv
FN:2393,_ZN4Napi10ObjectWrapI9DisruptorE14InstanceMethodEPKcMS1_FvRKNS_12CallbackInfoEE24napi_property_attributesPv
FN:2411,_ZN4Napi10ObjectWrapI9DisruptorE14InstanceMethodEPKcMS1_FNS_5ValueERKNS_12CallbackInfoEE24napi_property_attributesPv
FN:2428,_ZN4Napi10ObjectWrapI9DisruptorE16InstanceAccessorEPKcMS1_FNS_5ValueERKNS_12CallbackInfoEEMS1_FvS8_RKS5_E24napi_property_attributesPv
FN:2470,_ZN4Napi10ObjectWrapI9DisruptorE26ConstructorCallbackWrapperEP10napi_env__P20napi_callback_info__
FN:2483,_ZZN4Napi10ObjectWrapI9DisruptorE26ConstructorCallbackWrapperEP10napi_env__P20napi_callback_info__ENKUlvE_clEv
FN:2547,_ZN4Napi10ObjectWrapI9DisruptorE33InstanceVoidMethodCallbackWrapperEP10napi_env__P20napi_callback_info__
FN:2550,_ZZN4Napi10ObjectWrapI9DisruptorE33InstanceVoidMethodCallbackWrapperEP10napi_env__P20napi_callback_info__ENKUlvE_clEv
FN:2563,_ZN4Napi10ObjectWrapI9DisruptorE29InstanceMethodCallbackWrapperEP10napi_env__P20napi_callback_info__
FN:2566,_ZZN4Napi10ObjectWrapI9DisruptorE29InstanceMethodCallbackWrapperEP10napi_env__P20napi_callback_info__ENKUlvE_clEv
FN:2578,_ZN4Napi10ObjectWrapI9DisruptorE29InstanceGetterCallbackWrapperEP10napi_env__P20napi_callback_info__
FN:2581,_ZZN4Napi10ObjectWrapI9DisruptorE29InstanceGetterCallbackWrapperEP10napi_env__P20napi_callback_info__ENKUlvE_clEv
FN:2593,_ZN4Napi10ObjectWrapI9DisruptorE29InstanceSetterCallbackWrapperEP10napi_env__P20napi_callback_info__
FN:2596,_ZZN4Napi10ObjectWrapI9DisruptorE29InstanceSetterCallbackWrapperEP10napi_env__P20napi_callback_info__ENKUlvE_clEv
FN:2609,_ZN4Napi10ObjectWrapI9DisruptorE16FinalizeCallbackEP10napi_env__PvS5_
FN:2622,_ZN4Napi11HandleScopeC2ENS_3EnvE
FN:2627,_ZN4Napi11HandleScopeD2Ev
FN:2647,_ZN4Napi20EscapableHandleScopeC2ENS_3EnvE
FN:2652,_ZN4Napi20EscapableHandleScopeD2Ev
FN:2664,_ZN4Napi20EscapableHandleScope6EscapeEP12napi_value__
FN:2675,_ZN4Napi11AsyncWorkerC2ERKNS_8FunctionE
FN:2679,_ZN4Napi11AsyncWorkerC2ERKNS_6ObjectERKNS_8FunctionE
FN:2688,_ZN4Napi11AsyncWorkerD2Ev
FN:2688,_ZN4Napi11AsyncWorkerD0Ev
FN:2720,_ZNK4Napi11AsyncWorker3EnvEv
FN:2724,_ZN4Napi11AsyncWorker5QueueEv
FN:2734,_ZN4Napi11AsyncWorker8ReceiverEv
FN:2738,_ZN4Napi11AsyncWorker8CallbackEv
FN:2742,_ZN4Napi11AsyncWorker4OnOKEv
FN:2746,_ZN4Napi11AsyncWorker7OnErrorERKNS_5ErrorE
FN:2750,_ZN4Napi11AsyncWorker8SetErrorERKNSt7__cxx1112basic_stringIcSt11char_traitsIcESaIcEEE
FN:2754,_ZN4Napi11AsyncWorker9OnExecuteEP10napi_env__Pv
FN:2767,_ZN4Napi11AsyncWorker14OnWorkCompleteEP10napi_env__11napi_statusPv
FN:2772,_ZZN4Napi11AsyncWorker14OnWorkCompleteEP10napi_env__11napi_statusPvENKUlvE_clEv
FNDA:36,_ZN4Napi7details12WrapCallbackIZNS_10ObjectWrapI9DisruptorE26ConstructorCallbackWrapperEP10napi_env__P20napi_callback_info__EUlvE_EEP12napi_value__T_
FNDA:0,_ZN4Napi7details12WrapCallbackIZNS_10ObjectWrapI9DisruptorE29InstanceSetterCallbackWrapperEP10napi_env__P20napi_callback_info__EUlvE_EEP12napi_value__T_
FNDA:1182,_ZN4Napi7details12WrapCallbackIZNS_10ObjectWrapI9DisruptorE29InstanceGetterCallbackWrapperEP10napi_env__P20napi_callback_info__EUlvE_EEP12napi_value__T_
FNDA:3243,_ZN4Napi7details12WrapCallbackIZNS_10ObjectWrapI9DisruptorE29InstanceMethodCallbackWrapperEP10napi_env__P20napi_callback_info__EUlvE_EEP12napi_value__T_
FNDA:1656,_ZN4Napi7details12WrapCallbackIZNS_10ObjectWrapI9DisruptorE33InstanceVoidMethodCallbackWrapperEP10napi_env__P20napi_callback_info__EUlvE_EEP12napi_value__T_
FNDA:1,_ZN4Napi7details12WrapCallbackIZNS0_12CallbackDataIPFvRKNS_12CallbackInfoEEvE7WrapperEP10napi_env__P20napi_callback_info__EUlvE_EEP12napi_value__T_
FNDA:974586,_ZN4Napi7details12WrapCallbackIZNS_11AsyncWorker14OnWorkCompleteEP10napi_env__11napi_statusPvEUlvE_EEP12napi_value__T_
FNDA:1,_ZN4Napi7details12WrapCallbackIZNS_14RegisterModuleEP10napi_env__P12napi_value__S5_PFvNS_3EnvENS_6ObjectES7_EEUlvE_EES5_T_
FNDA:1,_ZN4Napi7details12CallbackDataIPFvRKNS_12CallbackInfoEEvE7WrapperEP10napi_env__P20napi_callback_info__
FNDA:1,_ZZN4Napi7details12CallbackDataIPFvRKNS_12CallbackInfoEEvE7WrapperEP10napi_env__P20napi_callback_info__ENKUlvE_clEv
FNDA:1,_ZN4Napi14RegisterModuleEP10napi_env__P12napi_value__S3_PFvNS_3EnvENS_6ObjectES5_E
FNDA:1,_ZZN4Napi14RegisterModuleEP10napi_env__P12napi_value__S3_PFvNS_3EnvENS_6ObjectES5_EENKUlvE_clEv
FNDA:6837546,_ZN4Napi3EnvC2EP10napi_env__
FNDA:5867028,_ZNK4Napi3EnvcvP10napi_env__Ev
FNDA:10,_ZNK4Napi3Env9UndefinedEv
FNDA:1626,_ZNK4Napi3Env4NullEv
FNDA:816,_ZN4Napi5ValueC2Ev
FNDA:2964405,_ZN4Napi5ValueC2EP10napi_env__P12napi_value__
FNDA:5867036,_ZNK4Napi5ValuecvP12napi_value__Ev
FNDA:4879017,_ZNK4Napi5Value3EnvEv
FNDA:1626,_ZNK4Napi5Value4TypeEv
FNDA:1626,_ZNK4Napi5Value10IsFunctionEv
FNDA:72,_ZNK4Napi5Value2AsINS_7BooleanEEET_v
FNDA:2557,_ZNK4Napi5Value2AsINS_6NumberEEET_v
FNDA:1625,_ZNK4Napi5Value2AsINS_8FunctionEEET_v
FNDA:8494,_ZNK4Napi5Value2AsINS_6ObjectEEET_v
FNDA:36,_ZNK4Napi5Value2AsINS_6StringEEET_v
FNDA:2415,_ZN4Napi7Boolean3NewEP10napi_env__b
FNDA:2487,_ZN4Napi7BooleanC2EP10napi_env__P12napi_value__
FNDA:879,_ZNK4Napi7BooleancvbEv
FNDA:879,_ZNK4Napi7Boolean5ValueEv
FNDA:2618,_ZN4Napi6Number3NewEP10napi_env__d
FNDA:5175,_ZN4Napi6NumberC2EP10napi_env__P12napi_value__
FNDA:144,_ZNK4Napi6NumbercvjEv
FNDA:144,_ZNK4Napi6Number11Uint32ValueEv
FNDA:2413,_ZNK4Napi6Number10Int64ValueEv
FNDA:36,_ZN4Napi4NameC2EP10napi_env__P12napi_value__
FNDA:36,_ZN4Napi6StringC2EP10napi_env__P12napi_value__
FNDA:0,_ZNK4Napi6StringcvNSt7__cxx1112basic_stringIcSt11char_traitsIcESaIcEEEB5cxx11Ev
FNDA:36,_ZNK4Napi6String9Utf8ValueB5cxx11Ev
FNDA:6,_ZN4Napi6Object14PropertyLValueIjEaSINS_5ValueEEERS2_T_
FNDA:6,_ZN4Napi6Object14PropertyLValueIjEC2ES0_j
FNDA:974586,_ZN4Napi6Object3NewEP10napi_env__
FNDA:816,_ZN4Napi6ObjectC2Ev
FNDA:2945115,_ZN4Napi6ObjectC2EP10napi_env__P12napi_value__
FNDA:6,_ZN4Napi6ObjectixEj
FNDA:2413,_ZNK4Napi6Object3GetEPKc
FNDA:2415,_ZN4Napi6Object3SetEPKcNS_5ValueE
FNDA:17,_ZN4Napi6Object3SetEjNS_5ValueE
FNDA:27,_ZN4Napi5Array3NewEP10napi_env__
FNDA:27,_ZN4Napi5ArrayC2EP10napi_env__P12napi_value__
FNDA:9,_ZNK4Napi5Array6LengthEv
FNDA:1,_ZN4Napi8Function3NewIPFvRKNS_12CallbackInfoEEEES0_P10napi_env__T_PKcPv
FNDA:976213,_ZN4Napi8FunctionC2EP10napi_env__P12napi_value__
FNDA:1626,_ZNK4Napi8Function12MakeCallbackEP12napi_value__RKSt16initializer_listIS2_E
FNDA:1626,_ZNK4Napi8Function12MakeCallbackEP12napi_value__mPKS2_
FNDA:13,_ZN4Napi6BufferIhE3NewEP10napi_env__m
FNDA:3403,_ZN4Napi6BufferIhE3NewEP10napi_env__Phm
FNDA:6,_ZN4Napi6BufferImE3NewEP10napi_env__Pmm
FNDA:816,_ZN4Napi6BufferIhEC2Ev
FNDA:3416,_ZN4Napi6BufferIhEC2EP10napi_env__P12napi_value__mPh
FNDA:6,_ZN4Napi6BufferImEC2EP10napi_env__P12napi_value__mPm
FNDA:811,_ZNK4Napi6BufferIhE6LengthEv
FNDA:811,_ZNK4Napi6BufferIhE10EnsureInfoEv
FNDA:0,_ZN4Napi5Error3NewEP10napi_env__
FNDA:3,_ZN4Napi5Error3NewEP10napi_env__RKNSt7__cxx1112basic_stringIcSt11char_traitsIcESaIcEEE
FNDA:0,_ZN4Napi5Error5FatalEPKcS2_
FNDA:3,_ZN4Napi5ErrorC2EP10napi_env__P12napi_value__
FNDA:0,_ZNK4Napi5Error7MessageB5cxx11Ev
FNDA:3,_ZNK4Napi5Error26ThrowAsJavaScriptExceptionEv
FNDA:0,_ZNK4Napi5Error4whatEv
FNDA:3,_ZN4Napi5Error3NewIS0_EET_P10napi_env__PKcmPF11napi_statusS4_P12napi_value__S9_PS9_E
FNDA:974586,_ZN4Napi9ReferenceINS_8FunctionEE3NewERKS1_j
FNDA:1949172,_ZN4Napi9ReferenceINS_6ObjectEE3NewERKS1_j
FNDA:36,_ZN4Napi9ReferenceINS_6ObjectEEC2Ev
FNDA:974586,_ZN4Napi9ReferenceINS_8FunctionEEC2EP10napi_env__P10napi_ref__
FNDA:1949211,_ZN4Napi9ReferenceINS_6ObjectEEC2EP10napi_env__P10napi_ref__
FNDA:1949172,_ZN4Napi9ReferenceINS_8FunctionEED2Ev
FNDA:3898414,_ZN4Napi9ReferenceINS_6ObjectEED2Ev
FNDA:974586,_ZN4Napi9ReferenceINS_8FunctionEEC2EOS2_
FNDA:1949172,_ZN4Napi9ReferenceINS_6ObjectEEC2EOS2_
FNDA:36,_ZN4Napi9ReferenceINS_6ObjectEEaSEOS2_
FNDA:3,_ZNK4Napi9ReferenceINS_6ObjectEE7IsEmptyEv
FNDA:974586,_ZNK4Napi9ReferenceINS_8FunctionEE5ValueEv
FNDA:976215,_ZNK4Napi9ReferenceINS_6ObjectEE5ValueEv
FNDA:36,_ZN4Napi9ReferenceINS_6ObjectEE5ResetEv
FNDA:1949172,_ZN4Napi10PersistentENS_6ObjectE
FNDA:974586,_ZN4Napi10PersistentENS_8FunctionE
FNDA:3,_ZN4Napi15ObjectReferenceC2EP10napi_env__P10napi_ref__
FNDA:1949172,_ZN4Napi15ObjectReferenceC2EONS_9ReferenceINS_6ObjectEEE
FNDA:0,_ZNK4Napi15ObjectReference3GetEPKc
FNDA:974586,_ZN4Napi17FunctionReferenceC2EONS_9ReferenceINS_8FunctionEEE
FNDA:1626,_ZNK4Napi17FunctionReference12MakeCallbackEP12napi_value__RKSt16initializer_listIS2_E
FNDA:6118,_ZN4Napi12CallbackInfoC2EP10napi_env__P20napi_callback_info__
FNDA:6118,_ZN4Napi12CallbackInfoD2Ev
FNDA:4475,_ZNK4Napi12CallbackInfo3EnvEv
FNDA:1626,_ZNK4Napi12CallbackInfo6LengthEv
FNDA:4291,_ZNK4Napi12CallbackInfoixEm
FNDA:6150,_ZNK4Napi12CallbackInfo4ThisEv
FNDA:6082,_ZNK4Napi12CallbackInfo4DataEv
FNDA:6082,_ZN4Napi12CallbackInfo7SetDataEPv
FNDA:36,_ZN4Napi10ObjectWrapI9DisruptorEC2ERKNS_12CallbackInfoE
FNDA:6081,_ZN4Napi10ObjectWrapI9DisruptorE6UnwrapENS_6ObjectE
FNDA:1,_ZN4Napi10ObjectWrapI9DisruptorE11DefineClassENS_3EnvEPKcRKSt16initializer_listINS_23ClassPropertyDescriptorIS1_EEEPv
FNDA:5,_ZN4Napi10ObjectWrapI9DisruptorE14InstanceMethodEPKcMS1_FvRKNS_12CallbackInfoEE24napi_property_attributesPv
FNDA:6,_ZN4Napi10ObjectWrapI9DisruptorE14InstanceMethodEPKcMS1_FNS_5ValueERKNS_12CallbackInfoEE24napi_property_attributesPv
FNDA:5,_ZN4Napi10ObjectWrapI9DisruptorE16InstanceAccessorEPKcMS1_FNS_5ValueERKNS_12CallbackInfoEEMS1_FvS8_RKS5_E24napi_property_attributesPv
FNDA:36,_ZN4Napi10ObjectWrapI9DisruptorE26ConstructorCallbackWrapperEP10napi_env__P20napi_callback_info__
FNDA:36,_ZZN4Napi10ObjectWrapI9DisruptorE26ConstructorCallbackWrapperEP10napi_env__P20napi_callback_info__ENKUlvE_clEv
FNDA:1656,_ZN4Napi10ObjectWrapI9DisruptorE33InstanceVoidMethodCallbackWrapperEP10napi_env__P20napi_callback_info__
FNDA:1656,_ZZN4Napi10ObjectWrapI9DisruptorE33InstanceVoidMethodCallbackWrapperEP10napi_env__P20napi_callback_info__ENKUlvE_clEv
FNDA:3243,_ZN4Napi10ObjectWrapI9DisruptorE29InstanceMethodCallbackWrapperEP10napi_env__P20napi_callback_info__
FNDA:3243,_ZZN4Napi10ObjectWrapI9DisruptorE29InstanceMethodCallbackWrapperEP10napi_env__P20napi_callback_info__ENKUlvE_clEv
FNDA:1182,_ZN4Napi10ObjectWrapI9DisruptorE29InstanceGetterCallbackWrapperEP10napi_env__P20napi_callback_info__
FNDA:1182,_ZZN4Napi10ObjectWrapI9DisruptorE29InstanceGetterCallbackWrapperEP10napi_env__P20napi_callback_info__ENKUlvE_clEv
FNDA:0,_ZN4Napi10ObjectWrapI9DisruptorE29InstanceSetterCallbackWrapperEP10napi_env__P20napi_callback_info__
FNDA:0,_ZZN4Napi10ObjectWrapI9DisruptorE29InstanceSetterCallbackWrapperEP10napi_env__P20napi_callback_info__ENKUlvE_clEv
FNDA:28,_ZN4Napi10ObjectWrapI9DisruptorE16FinalizeCallbackEP10napi_env__PvS5_
FNDA:974589,_ZN4Napi11HandleScopeC2ENS_3EnvE
FNDA:974589,_ZN4Napi11HandleScopeD2Ev
FNDA:1626,_ZN4Napi20EscapableHandleScopeC2ENS_3EnvE
FNDA:1626,_ZN4Napi20EscapableHandleScopeD2Ev
FNDA:1626,_ZN4Napi20EscapableHandleScope6EscapeEP12napi_value__
FNDA:974586,_ZN4Napi11AsyncWorkerC2ERKNS_8FunctionE
FNDA:974586,_ZN4Napi11AsyncWorkerC2ERKNS_6ObjectERKNS_8FunctionE
FNDA:0,_ZN4Napi11AsyncWorkerD0Ev
FNDA:974586,_ZN4Napi11AsyncWorkerD2Ev
FNDA:977838,_ZNK4Napi11AsyncWorker3EnvEv
FNDA:974586,_ZN4Napi11AsyncWorker5QueueEv
FNDA:1626,_ZN4Napi11AsyncWorker8ReceiverEv
FNDA:974586,_ZN4Napi11AsyncWorker8CallbackEv
FNDA:0,_ZN4Napi11AsyncWorker4OnOKEv
FNDA:0,_ZN4Napi11AsyncWorker7OnErrorERKNS_5ErrorE
FNDA:0,_ZN4Napi11AsyncWorker8SetErrorERKNSt7__cxx1112basic_stringIcSt11char_traitsIcESaIcEEE
FNDA:974586,_ZN4Napi11AsyncWorker9OnExecuteEP10napi_env__Pv
FNDA:974586,_ZN4Napi11AsyncWorker14OnWorkCompleteEP10napi_env__11napi_statusPv
FNDA:974586,_ZZN4Napi11AsyncWorker14OnWorkCompleteEP10napi_env__11napi_statusPvENKUlvE_clEv
FNF:137
FNH:124
DA:54,980705
DA:57,980705
DA:58,6
DA:59,3
DA:60,3
DA:89,1
DA:90,2
DA:91,2
DA:93,1
DA:94,1
DA:95,1
DA:96,2
DA:97,1
DA:169,1
DA:173,1
DA:174,4
DA:175,1
DA:176,2
DA:177,1
DA:178,1
DA:179,1
DA:185,6837546
DA:186,6837546
DA:188,5867028
DA:189,5867028
DA:199,10
DA:201,10
DA:202,10
DA:203,10
DA:206,1626
DA:208,1626
DA:209,1626
DA:210,1626
DA:234,816
DA:235,816
DA:237,2964405
DA:238,2964405
DA:240,5867036
DA:241,5867036
DA:259,4879017
DA:260,4879017
DA:267,1626
DA:268,1626
DA:269,0
DA:273,1626
DA:274,1626
DA:275,1626
DA:339,1626
DA:340,1626
DA:355,12784
DA:356,12784
DA:391,2415
DA:393,2415
DA:394,2415
DA:395,2415
DA:401,2487
DA:402,2487
DA:404,879
DA:405,879
DA:408,879
DA:410,879
DA:411,879
DA:412,879
DA:419,2618
DA:421,2618
DA:422,2618
DA:423,2618
DA:429,5175
DA:430,5175
DA:436,144
DA:437,144
DA:459,144
DA:461,144
DA:462,144
DA:463,144
DA:466,2413
DA:468,2413
DA:469,2413
DA:470,2413
DA:491,36
DA:492,36
DA:537,36
DA:538,36
DA:540,0
DA:541,0
DA:548,36
DA:550,36
DA:551,36
DA:553,36
DA:554,36
DA:555,36
DA:556,36
DA:557,36
DA:558,36
DA:617,6
DA:618,6
DA:619,6
DA:623,6
DA:624,6
DA:626,974586
DA:628,974586
DA:629,974586
DA:630,974586
DA:633,816
DA:634,816
DA:636,2945115
DA:637,2945115
DA:647,6
DA:648,6
DA:702,2413
DA:704,2413
DA:705,2413
DA:706,2413
DA:723,2415
DA:724,2415
DA:725,2415
DA:726,2415
DA:784,17
DA:785,17
DA:786,17
DA:787,17
DA:912,27
DA:914,27
DA:915,27
DA:916,27
DA:929,27
DA:930,27
DA:932,9
DA:934,9
DA:935,9
DA:936,9
DA:1201,1
DA:1208,1
DA:1211,1
DA:1212,1
DA:1213,1
DA:1214,1
DA:1228,976213
DA:1229,976213
DA:1263,1626
DA:1265,1626
DA:1273,1626
DA:1276,1626
DA:1277,3252
DA:1278,1626
DA:1279,1626
DA:1303,13
DA:1306,13
DA:1307,13
DA:1308,13
DA:1312,3409
DA:1314,3409
DA:1315,3409
DA:1316,3409
DA:1317,3409
DA:1377,816
DA:1378,816
DA:1386,3422
DA:1387,3422
DA:1388,3422
DA:1391,811
DA:1392,811
DA:1393,811
DA:1403,811
DA:1407,811
DA:1410,0
DA:1411,0
DA:1412,0
DA:1413,0
DA:1415,811
DA:1421,0
DA:1423,0
DA:1426,0
DA:1427,0
DA:1429,0
DA:1430,0
DA:1431,0
DA:1432,0
DA:1435,0
DA:1436,0
DA:1439,0
DA:1440,0
DA:1442,0
DA:1443,0
DA:1444,0
DA:1448,0
DA:1453,0
DA:1455,0
DA:1456,0
DA:1461,0
DA:1462,0
DA:1464,0
DA:1465,0
DA:1467,0
DA:1472,0
DA:1479,3
DA:1480,3
DA:1483,0
DA:1484,0
DA:1490,3
DA:1491,3
DA:1492,3
DA:1496,3
DA:1498,3
DA:1526,0
DA:1527,0
DA:1530,0
DA:1532,0
DA:1540,0
DA:1543,3
DA:1544,6
DA:1545,3
DA:1546,3
DA:1547,3
DA:1549,3
DA:1553,0
DA:1554,0
DA:1560,3
DA:1565,3
DA:1566,3
DA:1569,3
DA:1570,3
DA:1572,3
DA:1608,2923758
DA:1609,2923758
DA:1610,2923758
DA:1612,2923758
DA:1613,0
DA:1617,2923758
DA:1618,2923758
DA:1620,2923758
DA:1625,36
DA:1626,36
DA:1629,2923797
DA:1630,2923797
DA:1631,2923797
DA:1634,5847586
DA:1635,5847586
DA:1636,2923792
DA:1637,2923792
DA:1640,2923792
DA:1642,5847586
DA:1645,2923758
DA:1646,2923758
DA:1647,2923758
DA:1648,2923758
DA:1649,2923758
DA:1650,2923758
DA:1653,36
DA:1654,36
DA:1655,36
DA:1656,36
DA:1657,36
DA:1658,36
DA:1659,36
DA:1660,36
DA:1661,36
DA:1700,3
DA:1701,3
DA:1705,1950801
DA:1706,1950801
DA:1707,0
DA:1711,1950801
DA:1712,1950801
DA:1713,1950801
DA:1733,36
DA:1734,36
DA:1735,0
DA:1736,0
DA:1737,0
DA:1739,36
DA:1776,1949172
DA:1777,1949172
DA:1780,974586
DA:1781,974586
DA:1791,3
DA:1792,3
DA:1794,1949172
DA:1795,1949172
DA:1796,1949172
DA:1816,0
DA:1817,0
DA:1818,0
DA:1922,974586
DA:1923,974586
DA:1924,974586
DA:1968,1626
DA:1970,3252
DA:1971,3252
DA:1994,6118
DA:1995,6118
DA:1996,6118
DA:1997,6118
DA:1998,6118
DA:1999,6118
DA:2001,6118
DA:2004,36
DA:2005,36
DA:2007,36
DA:2008,36
DA:2010,6118
DA:2012,12236
DA:2013,6118
DA:2014,36
DA:2016,6118
DA:2025,4475
DA:2026,4475
DA:2029,1626
DA:2030,1626
DA:2033,4291
DA:2034,4291
DA:2037,6150
DA:2038,6150
DA:2039,0
DA:2041,6150
DA:2044,6082
DA:2045,6082
DA:2048,6082
DA:2049,6082
DA:2050,6082
DA:2287,36
DA:2288,36
DA:2289,36
DA:2292,36
DA:2293,36
DA:2294,36
DA:2296,36
DA:2297,36
DA:2298,36
DA:2301,6081
DA:2303,6081
DA:2304,6081
DA:2305,6081
DA:2309,1
DA:2315,1
DA:2317,2
DA:2318,1
DA:2320,1
DA:2393,5
DA:2400,5
DA:2402,5
DA:2403,5
DA:2404,5
DA:2405,5
DA:2406,5
DA:2407,5
DA:2411,6
DA:2417,6
DA:2419,6
DA:2420,6
DA:2421,6
DA:2422,6
DA:2423,6
DA:2424,6
DA:2428,5
DA:2436,5
DA:2438,5
DA:2439,5
DA:2440,5
DA:2441,5
DA:2442,5
DA:2443,5
DA:2444,5
DA:2470,36
DA:2474,36
DA:2475,36
DA:2477,36
DA:2478,0
DA:2479,0
DA:2483,72
DA:2484,72
DA:2485,39
DA:2486,66
DA:2487,36
DA:2489,36
DA:2547,1656
DA:2550,3312
DA:2551,3312
DA:2553,1656
DA:2554,1656
DA:2555,1656
DA:2556,1656
DA:2557,1656
DA:2558,3312
DA:2559,1656
DA:2563,3243
DA:2566,6486
DA:2567,6486
DA:2569,3243
DA:2570,3243
DA:2571,3243
DA:2572,3243
DA:2573,6486
DA:2574,3243
DA:2578,1182
DA:2581,2364
DA:2582,2364
DA:2584,1182
DA:2585,1182
DA:2586,1182
DA:2587,1182
DA:2588,2364
DA:2589,1182
DA:2593,0
DA:2596,0
DA:2597,0
DA:2599,0
DA:2600,0
DA:2601,0
DA:2602,0
DA:2603,0
DA:2604,0
DA:2605,0
DA:2609,28
DA:2610,28
DA:2611,28
DA:2612,28
DA:2622,974589
DA:2623,974589
DA:2624,974589
DA:2625,974589
DA:2627,1949178
DA:2628,974589
DA:2629,974589
DA:2647,1626
DA:2648,1626
DA:2649,1626
DA:2650,1626
DA:2652,3252
DA:2653,1626
DA:2654,1626
DA:2664,1626
DA:2666,1626
DA:2667,1626
DA:2668,1626
DA:2675,974586
DA:2676,974586
DA:2677,974586
DA:2679,974586
DA:2680,1949172
DA:2682,2923758
DA:2683,974586
DA:2684,974586
DA:2685,974586
DA:2686,974586
DA:2688,1949172
DA:2689,974586
DA:2690,974586
DA:2691,974586
DA:2693,974586
DA:2720,977838
DA:2721,977838
DA:2724,974586
DA:2725,974586
DA:2726,974586
DA:2727,974586
DA:2734,1626
DA:2735,1626
DA:2738,974586
DA:2739,974586
DA:2742,0
DA:2743,0
DA:2744,0
DA:2746,0
DA:2747,0
DA:2748,0
DA:2750,0
DA:2751,0
DA:2752,0
DA:2754,974586
DA:2755,974586
DA:2758,974586
DA:2759,0
DA:2760,0
DA:2765,974586
DA:2767,974586
DA:2769,974586
DA:2770,974586
DA:2771,1949172
DA:2772,974586
DA:2773,2923758
DA:2774,2923758
DA:2777,0
DA:2779,974586
DA:2780,974586
DA:2782,974586
DA:2783,974586
LF:487
LH:413
end_of_record
SF:/home/david/shared-memory-disruptor/node_modules/node-addon-api/napi.h
FN:900,_ZN4Napi15ObjectReferenceD2Ev
FN:937,_ZN4Napi17FunctionReferenceD2Ev
FN:1062,_ZN4Napi5ErrorD2Ev
FN:1062,_ZN4Napi5ErrorD0Ev
FN:1244,_ZN4Napi23ClassPropertyDescriptorI9DisruptorEC2E24napi_property_descriptor
FN:1279,_ZN4Napi10ObjectWrapI9DisruptorED2Ev
FNDA:1949175,_ZN4Napi15ObjectReferenceD2Ev
FNDA:974586,_ZN4Napi17FunctionReferenceD2Ev
FNDA:0,_ZN4Napi5ErrorD0Ev
FNDA:3,_ZN4Napi5ErrorD2Ev
FNDA:16,_ZN4Napi23ClassPropertyDescriptorI9DisruptorEC2E24napi_property_descriptor
FNDA:31,_ZN4Napi10ObjectWrapI9DisruptorED2Ev
FNF:6
FNH:5
DA:900,1949175
DA:937,974586
DA:1062,3
DA:1244,16
DA:1279,31
LF:5
LH:5
end_of_record
SF:/usr/include/c++/6/bits/alloc_traits.h
FN:435,_ZNSt16allocator_traitsISaI11AsyncBufferIhEEE8allocateERS2_m
FN:461,_ZNSt16allocator_traitsISaI11AsyncBufferIhEEE10deallocateERS2_PS1_m
FN:495,_ZNSt16allocator_traitsISaI11AsyncBufferIhEEE8max_sizeERKS2_
FNDA:6,_ZNSt16allocator_traitsISaI11AsyncBufferIhEEE8allocateERS2_m
FNDA:6,_ZNSt16allocator_traitsISaI11AsyncBufferIhEEE10deallocateERS2_PS1_m
FNDA:12,_ZNSt16allocator_traitsISaI11AsyncBufferIhEEE8max_sizeERKS2_
FNF:3
FNH:3
DA:435,6
DA:436,6
DA:461,6
DA:462,6
DA:495,12
DA:496,12
LF:6
LH:6
end_of_record
SF:/usr/include/c++/6/bits/allocator.h
FN:131,_ZNSaI11AsyncBufferIhEEC2Ev
FN:139,_ZNSaI11AsyncBufferIhEED2Ev
FNDA:295452,_ZNSaI11AsyncBufferIhEEC2Ev
FNDA:295452,_ZNSaI11AsyncBufferIhEED2Ev
FNF:2
FNH:2
DA:131,295452
DA:139,295452
LF:2
LH:2
end_of_record
SF:/usr/include/c++/6/bits/basic_string.h
FN:107,_ZNSt7__cxx1112basic_stringIcSt11char_traitsIcESaIcEE12_Alloc_hiderD2Ev
FN:192,_ZNSt7__cxx1112basic_stringIcSt11char_traitsIcESaIcEE16_M_construct_auxIPcEEvT_S7_St12__false_type
FN:212,_ZNSt7__cxx1112basic_stringIcSt11char_traitsIcESaIcEE12_M_constructIPcEEvT_S7_
FN:549,_ZNSt7__cxx1112basic_stringIcSt11char_traitsIcESaIcEEC2IPcvEET_S7_RKS3_
FN:5021,_ZStplIcSt11char_traitsIcESaIcEENSt7__cxx1112basic_stringIT_T0_T1_EEOS8_S9_
FN:5045,_ZStplIcSt11char_traitsIcESaIcEENSt7__cxx1112basic_stringIT_T0_T1_EEOS8_PKS5_
FN:5470,_ZNSt7__cxx119to_stringEi
FNDA:0,_ZNSt7__cxx1112basic_stringIcSt11char_traitsIcESaIcEE12_Alloc_hiderD2Ev
FNDA:0,_ZNSt7__cxx1112basic_stringIcSt11char_traitsIcESaIcEE16_M_construct_auxIPcEEvT_S7_St12__false_type
FNDA:0,_ZNSt7__cxx1112basic_stringIcSt11char_traitsIcESaIcEE12_M_constructIPcEEvT_S7_
FNDA:0,_ZNSt7__cxx1112basic_stringIcSt11char_traitsIcESaIcEEC2IPcvEET_S7_RKS3_
FNDA:3,_ZStplIcSt11char_traitsIcESaIcEENSt7__cxx1112basic_stringIT_T0_T1_EEOS8_S9_
FNDA:3,_ZStplIcSt11char_traitsIcESaIcEENSt7__cxx1112basic_stringIT_T0_T1_EEOS8_PKS5_
FNDA:0,_ZNSt7__cxx119to_stringEi
FNF:7
FNH:2
DA:107,0
DA:192,0
DA:196,0
DA:197,0
DA:212,0
DA:215,0
DA:216,0
DA:549,0
DA:551,0
DA:552,0
DA:5021,3
DA:5024,3
DA:5025,3
DA:5026,3
DA:5027,0
DA:5028,3
DA:5045,3
DA:5047,3
DA:5470,0
DA:5472,0
LF:20
LH:7
end_of_record
SF:/usr/include/c++/6/bits/basic_string.tcc
FN:206,_ZNSt7__cxx1112basic_stringIcSt11char_traitsIcESaIcEE12_M_constructIPcEEvT_S7_St20forward_iterator_tag
FNDA:0,_ZNSt7__cxx1112basic_stringIcSt11char_traitsIcESaIcEE12_M_constructIPcEEvT_S7_St20forward_iterator_tag
FNF:1
FNH:0
DA:206,0
DA:211,0
DA:212,0
DA:215,0
DA:217,0
DA:219,0
DA:220,0
DA:225,0
DA:226,0
DA:228,0
DA:229,0
DA:232,0
DA:233,0
LF:13
LH:0
end_of_record
SF:/usr/include/c++/6/bits/move.h
FN:47,_ZSt11__addressofI11AsyncBufferIhEEPT_RS2_
FN:76,_ZSt7forwardI11AsyncBufferIhEEOT_RNSt16remove_referenceIS2_E4typeE
FN:76,_ZSt7forwardISt14default_deleteISt6vectorI11AsyncBufferIhESaIS3_EEEEOT_RNSt16remove_referenceIS7_E4typeE
FN:101,_ZSt4moveIRN4Napi9ReferenceINS0_8FunctionEEEEONSt16remove_referenceIT_E4typeEOS6_
FN:101,_ZSt4moveIRPSt6vectorI11AsyncBufferIhESaIS2_EEEONSt16remove_referenceIT_E4typeEOS8_
FN:101,_ZSt4moveIRNSt7__cxx1112basic_stringIcSt11char_traitsIcESaIcEEEEONSt16remove_referenceIT_E4typeEOS8_
FN:101,_ZSt4moveIRN4Napi9ReferenceINS0_6ObjectEEEEONSt16remove_referenceIT_E4typeEOS6_
FN:179,_ZSt4swapIPSt6vectorI11AsyncBufferIhESaIS2_EEENSt9enable_ifIXsrSt6__and_IJSt21is_move_constructibleIT_ESt18is_move_assignableIS9_EEE5valueEvE4typeERS9_SG_
FNDA:7,_ZSt11__addressofI11AsyncBufferIhEEPT_RS2_
FNDA:1,_ZSt7forwardI11AsyncBufferIhEEOT_RNSt16remove_referenceIS2_E4typeE
FNDA:295452,_ZSt7forwardISt14default_deleteISt6vectorI11AsyncBufferIhESaIS3_EEEEOT_RNSt16remove_referenceIS7_E4typeE
FNDA:886356,_ZSt4moveIRPSt6vectorI11AsyncBufferIhESaIS2_EEEONSt16remove_referenceIT_E4typeEOS8_
FNDA:6,_ZSt4moveIRNSt7__cxx1112basic_stringIcSt11char_traitsIcESaIcEEEEONSt16remove_referenceIT_E4typeEOS8_
FNDA:974586,_ZSt4moveIRN4Napi9ReferenceINS0_8FunctionEEEEONSt16remove_referenceIT_E4typeEOS6_
FNDA:1949172,_ZSt4moveIRN4Napi9ReferenceINS0_6ObjectEEEEONSt16remove_referenceIT_E4typeEOS6_
FNDA:295452,_ZSt4swapIPSt6vectorI11AsyncBufferIhESaIS2_EEENSt9enable_ifIXsrSt6__and_IJSt21is_move_constructibleIT_ESt18is_move_assignableIS9_EEE5valueEvE4typeERS9_SG_
FNF:8
FNH:8
DA:47,7
DA:50,7
DA:76,295453
DA:77,295453
DA:101,3810120
DA:102,3810120
DA:179,295452
DA:190,295452
DA:191,295452
DA:192,295452
DA:193,295452
LF:11
LH:11
end_of_record
SF:/usr/include/c++/6/bits/stl_algobase.h
FN:219,_ZSt3maxImERKT_S2_S2_
FNDA:6,_ZSt3maxImERKT_S2_S2_
FNF:1
FNH:1
DA:219,6
DA:224,6
DA:225,5
DA:226,1
LF:4
LH:4
end_of_record
SF:/usr/include/c++/6/bits/stl_construct.h
FN:74,_ZSt10_ConstructI11AsyncBufferIhEJEEvPT_DpOT0_
FN:74,_ZSt10_ConstructI11AsyncBufferIhEJS1_EEvPT_DpOT0_
FN:112,_ZNSt12_Destroy_auxILb1EE9__destroyIP11AsyncBufferIhEEEvT_S5_
FN:122,_ZSt8_DestroyIP11AsyncBufferIhEEvT_S3_
FN:148,_ZSt8_DestroyIP11AsyncBufferIhES1_EvT_S3_RSaIT0_E
FNDA:1,_ZSt10_ConstructI11AsyncBufferIhEJS1_EEvPT_DpOT0_
FNDA:6,_ZSt10_ConstructI11AsyncBufferIhEJEEvPT_DpOT0_
FNDA:295458,_ZNSt12_Destroy_auxILb1EE9__destroyIP11AsyncBufferIhEEEvT_S5_
FNDA:295458,_ZSt8_DestroyIP11AsyncBufferIhEEvT_S3_
FNDA:295458,_ZSt8_DestroyIP11AsyncBufferIhES1_EvT_S3_RSaIT0_E
FNF:5
FNH:5
DA:74,7
DA:75,7
DA:112,295458
DA:122,295458
DA:126,295458
DA:128,295458
DA:148,295458
DA:151,295458
DA:152,295458
LF:9
LH:9
end_of_record
SF:/usr/include/c++/6/bits/stl_iterator.h
FN:1032,_ZNSt13move_iteratorIP11AsyncBufferIhEEC2ES2_
FN:1040,_ZNKSt13move_iteratorIP11AsyncBufferIhEE4baseEv
FN:1044,_ZNKSt13move_iteratorIP11AsyncBufferIhEEdeEv
FN:1052,_ZNSt13move_iteratorIP11AsyncBufferIhEEppEv
FN:1119,_ZSteqIP11AsyncBufferIhEEbRKSt13move_iteratorIT_ES7_
FN:1131,_ZStneIP11AsyncBufferIhEEbRKSt13move_iteratorIT_ES7_
FN:1223,_ZSt32__make_move_if_noexcept_iteratorI11AsyncBufferIhESt13move_iteratorIPS1_EET0_PT_
FNDA:12,_ZNSt13move_iteratorIP11AsyncBufferIhEEC2ES2_
FNDA:14,_ZNKSt13move_iteratorIP11AsyncBufferIhEE4baseEv
FNDA:1,_ZNKSt13move_iteratorIP11AsyncBufferIhEEdeEv
FNDA:1,_ZNSt13move_iteratorIP11AsyncBufferIhEEppEv
FNDA:7,_ZSteqIP11AsyncBufferIhEEbRKSt13move_iteratorIT_ES7_
FNDA:7,_ZStneIP11AsyncBufferIhEEbRKSt13move_iteratorIT_ES7_
FNDA:12,_ZSt32__make_move_if_noexcept_iteratorI11AsyncBufferIhESt13move_iteratorIPS1_EET0_PT_
FNF:7
FNH:7
DA:1032,12
DA:1033,12
DA:1040,14
DA:1041,14
DA:1044,1
DA:1045,1
DA:1052,1
DA:1054,1
DA:1055,1
DA:1119,7
DA:1121,7
DA:1131,7
DA:1133,7
DA:1223,12
DA:1224,12
LF:15
LH:15
end_of_record
SF:/usr/include/c++/6/bits/stl_iterator_base_funcs.h
FN:96,_ZSt10__distanceIPcENSt15iterator_traitsIT_E15difference_typeES2_S2_St26random_access_iterator_tag
FN:135,_ZSt8distanceIPcENSt15iterator_traitsIT_E15difference_typeES2_S2_
FNDA:0,_ZSt10__distanceIPcENSt15iterator_traitsIT_E15difference_typeES2_S2_St26random_access_iterator_tag
FNDA:0,_ZSt8distanceIPcENSt15iterator_traitsIT_E15difference_typeES2_S2_
FNF:2
FNH:0
DA:96,0
DA:102,0
DA:135,0
DA:138,0
DA:139,0
LF:5
LH:0
end_of_record
SF:/usr/include/c++/6/bits/stl_iterator_base_types.h
FN:204,_ZSt19__iterator_categoryIPcENSt15iterator_traitsIT_E17iterator_categoryERKS2_
FNDA:0,_ZSt19__iterator_categoryIPcENSt15iterator_traitsIT_E17iterator_categoryERKS2_
FNF:1
FNH:0
DA:204,0
DA:205,0
LF:2
LH:0
end_of_record
SF:/usr/include/c++/6/bits/stl_uninitialized.h
FN:68,_ZNSt20__uninitialized_copyILb0EE13__uninit_copyISt13move_iteratorIP11AsyncBufferIhEES5_EET0_T_S8_S7_
FN:107,_ZSt18uninitialized_copyISt13move_iteratorIP11AsyncBufferIhEES3_ET0_T_S6_S5_
FN:279,_ZSt22__uninitialized_copy_aISt13move_iteratorIP11AsyncBufferIhEES3_S2_ET0_T_S6_S5_RSaIT1_E
FN:297,_ZSt34__uninitialized_move_if_noexcept_aIP11AsyncBufferIhES2_SaIS1_EET0_T_S5_S4_RT1_
FN:513,_ZNSt27__uninitialized_default_n_1ILb0EE18__uninit_default_nIP11AsyncBufferIhEmEET_S5_T0_
FN:566,_ZSt25__uninitialized_default_nIP11AsyncBufferIhEmET_S3_T0_
FN:635,_ZSt27__uninitialized_default_n_aIP11AsyncBufferIhEmS1_ET_S3_T0_RSaIT1_E
FNDA:6,_ZNSt20__uninitialized_copyILb0EE13__uninit_copyISt13move_iteratorIP11AsyncBufferIhEES5_EET0_T_S8_S7_
FNDA:6,_ZSt18uninitialized_copyISt13move_iteratorIP11AsyncBufferIhEES3_ET0_T_S6_S5_
FNDA:6,_ZSt22__uninitialized_copy_aISt13move_iteratorIP11AsyncBufferIhEES3_S2_ET0_T_S6_S5_RSaIT1_E
FNDA:6,_ZSt34__uninitialized_move_if_noexcept_aIP11AsyncBufferIhES2_SaIS1_EET0_T_S5_S4_RT1_
FNDA:6,_ZNSt27__uninitialized_default_n_1ILb0EE18__uninit_default_nIP11AsyncBufferIhEmEET_S5_T0_
FNDA:6,_ZSt25__uninitialized_default_nIP11AsyncBufferIhEmET_S3_T0_
FNDA:6,_ZSt27__uninitialized_default_n_aIP11AsyncBufferIhEmS1_ET_S3_T0_RSaIT1_E
FNF:7
FNH:7
DA:68,6
DA:71,6
DA:74,8
DA:75,1
DA:76,6
DA:78,0
DA:80,0
DA:81,0
DA:107,6
DA:120,6
DA:126,6
DA:279,6
DA:281,6
DA:297,6
DA:303,6
DA:304,6
DA:513,6
DA:515,6
DA:518,18
DA:519,6
DA:520,6
DA:566,6
DA:571,6
DA:575,6
DA:635,6
DA:637,6
LF:26
LH:23
end_of_record
SF:/usr/include/c++/6/bits/stl_vector.h
FN:79,_ZNSt12_Vector_baseI11AsyncBufferIhESaIS1_EE12_Vector_implD2Ev
FN:86,_ZNSt12_Vector_baseI11AsyncBufferIhESaIS1_EE12_Vector_implC2Ev
FN:113,_ZNSt12_Vector_baseI11AsyncBufferIhESaIS1_EE19_M_get_Tp_allocatorEv
FN:117,_ZNKSt12_Vector_baseI11AsyncBufferIhESaIS1_EE19_M_get_Tp_allocatorEv
FN:124,_ZNSt12_Vector_baseI11AsyncBufferIhESaIS1_EEC2Ev
FN:159,_ZNSt12_Vector_baseI11AsyncBufferIhESaIS1_EED2Ev
FN:167,_ZNSt12_Vector_baseI11AsyncBufferIhESaIS1_EE11_M_allocateEm
FN:174,_ZNSt12_Vector_baseI11AsyncBufferIhESaIS1_EE13_M_deallocateEPS1_m
FN:255,_ZNSt6vectorI11AsyncBufferIhESaIS1_EEC2Ev
FN:425,_ZNSt6vectorI11AsyncBufferIhESaIS1_EED2Ev
FN:655,_ZNKSt6vectorI11AsyncBufferIhESaIS1_EE4sizeEv
FN:660,_ZNKSt6vectorI11AsyncBufferIhESaIS1_EE8max_sizeEv
FN:674,_ZNSt6vectorI11AsyncBufferIhESaIS1_EE6resizeEm
FN:780,_ZNSt6vectorI11AsyncBufferIhESaIS1_EEixEm
FN:1420,_ZNKSt6vectorI11AsyncBufferIhESaIS1_EE12_M_check_lenEmPKc
FN:1434,_ZNSt6vectorI11AsyncBufferIhESaIS1_EE15_M_erase_at_endEPS1_
FNDA:295452,_ZNSt12_Vector_baseI11AsyncBufferIhESaIS1_EE12_Vector_implD2Ev
FNDA:295452,_ZNSt12_Vector_baseI11AsyncBufferIhESaIS1_EE12_Vector_implC2Ev
FNDA:295470,_ZNSt12_Vector_baseI11AsyncBufferIhESaIS1_EE19_M_get_Tp_allocatorEv
FNDA:12,_ZNKSt12_Vector_baseI11AsyncBufferIhESaIS1_EE19_M_get_Tp_allocatorEv
FNDA:295452,_ZNSt12_Vector_baseI11AsyncBufferIhESaIS1_EEC2Ev
FNDA:295452,_ZNSt12_Vector_baseI11AsyncBufferIhESaIS1_EED2Ev
FNDA:6,_ZNSt12_Vector_baseI11AsyncBufferIhESaIS1_EE11_M_allocateEm
FNDA:295458,_ZNSt12_Vector_baseI11AsyncBufferIhESaIS1_EE13_M_deallocateEPS1_m
FNDA:295452,_ZNSt6vectorI11AsyncBufferIhESaIS1_EEC2Ev
FNDA:295452,_ZNSt6vectorI11AsyncBufferIhESaIS1_EED2Ev
FNDA:295511,_ZNKSt6vectorI11AsyncBufferIhESaIS1_EE4sizeEv
FNDA:12,_ZNKSt6vectorI11AsyncBufferIhESaIS1_EE8max_sizeEv
FNDA:6,_ZNSt6vectorI11AsyncBufferIhESaIS1_EE6resizeEm
FNDA:12,_ZNSt6vectorI11AsyncBufferIhESaIS1_EEixEm
FNDA:6,_ZNKSt6vectorI11AsyncBufferIhESaIS1_EE12_M_check_lenEmPKc
FNDA:0,_ZNSt6vectorI11AsyncBufferIhESaIS1_EE15_M_erase_at_endEPS1_
FNF:16
FNH:15
DA:79,295452
DA:86,295452
DA:87,295452
DA:88,295452
DA:113,295470
DA:114,295470
DA:117,12
DA:118,12
DA:124,295452
DA:125,295452
DA:159,295452
DA:160,590904
DA:161,590904
DA:167,6
DA:170,6
DA:174,295458
DA:177,295458
DA:178,6
DA:179,295458
DA:255,295452
DA:259,295452
DA:425,295452
DA:426,295452
DA:427,590904
DA:655,295511
DA:656,295511
DA:660,12
DA:661,12
DA:674,6
DA:676,6
DA:677,6
DA:678,0
DA:679,0
DA:680,6
DA:780,12
DA:781,12
DA:1420,6
DA:1422,6
DA:1423,0
DA:1425,6
DA:1426,6
DA:1434,0
DA:1436,0
DA:1437,0
DA:1438,0
LF:45
LH:38
end_of_record
SF:/usr/include/c++/6/bits/unique_ptr.h
FN:57,_ZNSt14default_deleteISt6vectorI11AsyncBufferIhESaIS2_EEEC2Ev
FN:70,_ZNKSt14default_deleteISt6vectorI11AsyncBufferIhESaIS2_EEEclEPS4_
FN:158,_ZNSt10unique_ptrISt6vectorI11AsyncBufferIhESaIS2_EESt14default_deleteIS4_EEC2Ev
FN:170,_ZNSt10unique_ptrIi7CloseFDEC2EPi
FN:170,_ZNSt10unique_ptrISt6vectorI11AsyncBufferIhESaIS2_EESt14default_deleteIS4_EEC2EPS4_
FN:235,_ZNSt10unique_ptrISt6vectorI11AsyncBufferIhESaIS2_EESt14default_deleteIS4_EED2Ev
FN:235,_ZNSt10unique_ptrIi7CloseFDED2Ev
FN:252,_ZNSt10unique_ptrISt6vectorI11AsyncBufferIhESaIS2_EESt14default_deleteIS4_EEaSEOS7_
FN:291,_ZNKSt10unique_ptrISt6vectorI11AsyncBufferIhESaIS2_EESt14default_deleteIS4_EEdeEv
FN:291,_ZNKSt10unique_ptrIi7CloseFDEdeEv
FN:299,_ZNKSt10unique_ptrISt6vectorI11AsyncBufferIhESaIS2_EESt14default_deleteIS4_EEptEv
FN:307,_ZNKSt10unique_ptrIi7CloseFDE3getEv
FN:307,_ZNKSt10unique_ptrISt6vectorI11AsyncBufferIhESaIS2_EESt14default_deleteIS4_EE3getEv
FN:312,_ZNSt10unique_ptrIi7CloseFDE11get_deleterEv
FN:312,_ZNSt10unique_ptrISt6vectorI11AsyncBufferIhESaIS2_EESt14default_deleteIS4_EE11get_deleterEv
FN:328,_ZNSt10unique_ptrISt6vectorI11AsyncBufferIhESaIS2_EESt14default_deleteIS4_EE7releaseEv
FN:342,_ZNSt10unique_ptrISt6vectorI11AsyncBufferIhESaIS2_EESt14default_deleteIS4_EE5resetEPS4_
FN:790,_ZSt11make_uniqueISt6vectorI11AsyncBufferIhESaIS2_EEJEENSt9_MakeUniqIT_E15__single_objectEDpOT0_
FNDA:590904,_ZNSt14default_deleteISt6vectorI11AsyncBufferIhESaIS2_EEEC2Ev
FNDA:295452,_ZNKSt14default_deleteISt6vectorI11AsyncBufferIhESaIS2_EEEclEPS4_
FNDA:295452,_ZNSt10unique_ptrISt6vectorI11AsyncBufferIhESaIS2_EESt14default_deleteIS4_EEC2Ev
FNDA:295452,_ZNSt10unique_ptrISt6vectorI11AsyncBufferIhESaIS2_EESt14default_deleteIS4_EEC2EPS4_
FNDA:36,_ZNSt10unique_ptrIi7CloseFDEC2EPi
FNDA:590902,_ZNSt10unique_ptrISt6vectorI11AsyncBufferIhESaIS2_EESt14default_deleteIS4_EED2Ev
FNDA:36,_ZNSt10unique_ptrIi7CloseFDED2Ev
FNDA:295452,_ZNSt10unique_ptrISt6vectorI11AsyncBufferIhESaIS2_EESt14default_deleteIS4_EEaSEOS7_
FNDA:12,_ZNKSt10unique_ptrISt6vectorI11AsyncBufferIhESaIS2_EESt14default_deleteIS4_EEdeEv
FNDA:102,_ZNKSt10unique_ptrIi7CloseFDEdeEv
FNDA:295475,_ZNKSt10unique_ptrISt6vectorI11AsyncBufferIhESaIS2_EESt14default_deleteIS4_EEptEv
FNDA:590939,_ZNKSt10unique_ptrISt6vectorI11AsyncBufferIhESaIS2_EESt14default_deleteIS4_EE3getEv
FNDA:102,_ZNKSt10unique_ptrIi7CloseFDE3getEv
FNDA:886352,_ZNSt10unique_ptrISt6vectorI11AsyncBufferIhESaIS2_EESt14default_deleteIS4_EE11get_deleterEv
FNDA:36,_ZNSt10unique_ptrIi7CloseFDE11get_deleterEv
FNDA:295452,_ZNSt10unique_ptrISt6vectorI11AsyncBufferIhESaIS2_EESt14default_deleteIS4_EE7releaseEv
FNDA:295452,_ZNSt10unique_ptrISt6vectorI11AsyncBufferIhESaIS2_EESt14default_deleteIS4_EE5resetEPS4_
FNDA:295452,_ZSt11make_uniqueISt6vectorI11AsyncBufferIhESaIS2_EEJEENSt9_MakeUniqIT_E15__single_objectEDpOT0_
FNF:18
FNH:18
DA:57,590904
DA:70,295452
DA:76,295452
DA:77,295452
DA:158,295452
DA:159,295452
DA:161,295452
DA:170,295488
DA:171,295488
DA:173,295488
DA:176,295488
DA:235,590938
DA:237,590938
DA:238,590940
DA:239,295488
DA:240,590940
DA:241,590940
DA:252,295452
DA:254,295452
DA:255,295452
DA:256,295452
DA:291,114
DA:294,114
DA:299,295475
DA:302,295475
DA:307,591041
DA:308,591041
DA:312,886388
DA:313,886388
DA:328,295452
DA:330,295452
DA:331,295452
DA:332,295452
DA:342,295452
DA:345,295452
DA:346,295452
DA:347,0
DA:348,295452
DA:790,295452
DA:791,295452
LF:40
LH:39
end_of_record
SF:/usr/include/c++/6/bits/vector.tcc
FN:540,_ZNSt6vectorI11AsyncBufferIhESaIS1_EE17_M_default_appendEm
FNDA:6,_ZNSt6vectorI11AsyncBufferIhESaIS1_EE17_M_default_appendEm
FNF:1
FNH:1
DA:540,6
DA:543,6
DA:545,12
DA:546,6
DA:548,0
DA:549,0
DA:550,0
DA:555,6
DA:556,6
DA:557,6
DA:558,6
DA:561,6
DA:563,6
DA:564,6
DA:565,6
DA:567,6
DA:569,0
DA:571,0
DA:572,0
DA:573,0
DA:574,0
DA:576,6
DA:577,6
DA:578,6
DA:579,6
DA:580,6
DA:581,6
DA:582,6
DA:583,6
DA:586,6
LF:30
LH:22
end_of_record
SF:/usr/include/c++/6/exception
FN:63,_ZNSt9exceptionC2Ev
FNDA:3,_ZNSt9exceptionC2Ev
FNF:1
FNH:1
DA:63,3
LF:1
LH:1
end_of_record
SF:/usr/include/c++/6/ext/new_allocator.h
FN:79,_ZN9__gnu_cxx13new_allocatorI11AsyncBufferIhEEC2Ev
FN:86,_ZN9__gnu_cxx13new_allocatorI11AsyncBufferIhEED2Ev
FN:99,_ZN9__gnu_cxx13new_allocatorI11AsyncBufferIhEE8allocateEmPKv
FN:109,_ZN9__gnu_cxx13new_allocatorI11AsyncBufferIhEE10deallocateEPS2_m
FN:113,_ZNK9__gnu_cxx13new_allocatorI11AsyncBufferIhEE8max_sizeEv
FNDA:295452,_ZN9__gnu_cxx13new_allocatorI11AsyncBufferIhEEC2Ev
FNDA:295452,_ZN9__gnu_cxx13new_allocatorI11AsyncBufferIhEED2Ev
FNDA:6,_ZN9__gnu_cxx13new_allocatorI11AsyncBufferIhEE8allocateEmPKv
FNDA:6,_ZN9__gnu_cxx13new_allocatorI11AsyncBufferIhEE10deallocateEPS2_m
FNDA:18,_ZNK9__gnu_cxx13new_allocatorI11AsyncBufferIhEE8max_sizeEv
FNF:5
FNH:5
DA:79,295452
DA:86,295452
DA:99,6
DA:101,6
DA:102,0
DA:104,6
DA:109,6
DA:110,6
DA:113,18
DA:114,18
LF:10
LH:9
end_of_record
SF:/usr/include/c++/6/ext/string_conversions.h
FN:89,_ZN9__gnu_cxx12__to_xstringINSt7__cxx1112basic_stringIcSt11char_traitsIcESaIcEEEcEET_PFiPT0_mPKS8_P13__va_list_tagEmSB_z
FNDA:0,_ZN9__gnu_cxx12__to_xstringINSt7__cxx1112basic_stringIcSt11char_traitsIcESaIcEEEcEET_PFiPT0_mPKS8_P13__va_list_tagEmSB_z
FNF:1
FNH:0
DA:89,0
DA:96,0
DA:99,0
DA:101,0
DA:103,0
DA:105,0
LF:6
LH:0
end_of_record
SF:/usr/include/c++/6/ext/type_traits.h
FN:152,_ZN9__gnu_cxx17__is_null_pointerIcEEbPT_
FNDA:0,_ZN9__gnu_cxx17__is_null_pointerIcEEbPT_
FNF:1
FNH:0
DA:152,0
DA:153,0
LF:2
LH:0
end_of_record
SF:/usr/include/c++/6/initializer_list
FN:66,_ZNSt16initializer_listIP12napi_value__EC1Ev
FN:71,_ZNKSt16initializer_listIP12napi_value__E4sizeEv
FN:71,_ZNKSt16initializer_listIN4Napi23ClassPropertyDescriptorI9DisruptorEEE4sizeEv
FN:75,_ZNKSt16initializer_listIP12napi_value__E5beginEv
FN:75,_ZNKSt16initializer_listIN4Napi23ClassPropertyDescriptorI9DisruptorEEE5beginEv
FNDA:0,_ZNSt16initializer_listIP12napi_value__EC1Ev
FNDA:1,_ZNKSt16initializer_listIN4Napi23ClassPropertyDescriptorI9DisruptorEEE4sizeEv
FNDA:1626,_ZNKSt16initializer_listIP12napi_value__E4sizeEv
FNDA:1,_ZNKSt16initializer_listIN4Napi23ClassPropertyDescriptorI9DisruptorEEE5beginEv
FNDA:1626,_ZNKSt16initializer_listIP12napi_value__E5beginEv
FNF:5
FNH:4
DA:66,0
DA:67,0
DA:71,1627
DA:75,1627
LF:4
LH:2
end_of_record
SF:/usr/include/c++/6/new
FN:146,_ZnwmPv
FNDA:7,_ZnwmPv
FNF:1
FNH:1
DA:146,7
DA:147,7
LF:2
LH:2
end_of_record
SF:/usr/include/c++/6/tuple
FN:58,_ZNSt10_Head_baseILm1E7CloseFDLb1EEC2Ev
FN:58,_ZNSt10_Head_baseILm1ESt14default_deleteISt6vectorI11AsyncBufferIhESaIS3_EEELb1EEC2Ev
FN:95,_ZNSt10_Head_baseILm1E7CloseFDLb1EE7_M_headERS1_
FN:95,_ZNSt10_Head_baseILm1ESt14default_deleteISt6vectorI11AsyncBufferIhESaIS3_EEELb1EE7_M_headERS7_
FN:104,_ZNSt10_Head_baseILm0EPiLb0EEC2Ev
FN:104,_ZNSt10_Head_baseILm0EPSt6vectorI11AsyncBufferIhESaIS2_EELb0EEC2Ev
FN:142,_ZNSt10_Head_baseILm0EPiLb0EE7_M_headERS1_
FN:142,_ZNSt10_Head_baseILm0EPSt6vectorI11AsyncBufferIhESaIS2_EELb0EE7_M_headERS6_
FN:145,_ZNSt10_Head_baseILm0EPSt6vectorI11AsyncBufferIhESaIS2_EELb0EE7_M_headERKS6_
FN:145,_ZNSt10_Head_baseILm0EPiLb0EE7_M_headERKS1_
FN:190,_ZNSt11_Tuple_implILm0EJPSt6vectorI11AsyncBufferIhESaIS2_EESt14default_deleteIS4_EEE7_M_headERS8_
FN:190,_ZNSt11_Tuple_implILm0EJPi7CloseFDEE7_M_headERS2_
FN:193,_ZNSt11_Tuple_implILm0EJPi7CloseFDEE7_M_headERKS2_
FN:193,_ZNSt11_Tuple_implILm0EJPSt6vectorI11AsyncBufferIhESaIS2_EESt14default_deleteIS4_EEE7_M_headERKS8_
FN:201,_ZNSt11_Tuple_implILm0EJPSt6vectorI11AsyncBufferIhESaIS2_EESt14default_deleteIS4_EEEC2Ev
FN:201,_ZNSt11_Tuple_implILm0EJPi7CloseFDEEC2Ev
FN:346,_ZNSt11_Tuple_implILm1EJSt14default_deleteISt6vectorI11AsyncBufferIhESaIS3_EEEEE7_M_headERS7_
FN:346,_ZNSt11_Tuple_implILm1EJ7CloseFDEE7_M_headERS1_
FN:351,_ZNSt11_Tuple_implILm1EJSt14default_deleteISt6vectorI11AsyncBufferIhESaIS3_EEEEEC2Ev
FN:351,_ZNSt11_Tuple_implILm1EJ7CloseFDEEC2Ev
FN:878,_ZNSt5tupleIJPi7CloseFDEEC2IS0_S1_Lb1EEEv
FN:878,_ZNSt5tupleIJPSt6vectorI11AsyncBufferIhESaIS2_EESt14default_deleteIS4_EEEC2IS5_S7_Lb1EEEv
FN:1247,_ZSt12__get_helperILm0EPiJ7CloseFDEERT0_RSt11_Tuple_implIXT_EJS2_DpT1_EE
FN:1247,_ZSt12__get_helperILm0EPSt6vectorI11AsyncBufferIhESaIS2_EEJSt14default_deleteIS4_EEERT0_RSt11_Tuple_implIXT_EJS8_DpT1_EE
FN:1247,_ZSt12__get_helperILm1E7CloseFDJEERT0_RSt11_Tuple_implIXT_EJS1_DpT1_EE
FN:1247,_ZSt12__get_helperILm1ESt14default_deleteISt6vectorI11AsyncBufferIhESaIS3_EEEJEERT0_RSt11_Tuple_implIXT_EJS7_DpT1_EE
FN:1252,_ZSt12__get_helperILm0EPSt6vectorI11AsyncBufferIhESaIS2_EEJSt14default_deleteIS4_EEERKT0_RKSt11_Tuple_implIXT_EJS8_DpT1_EE
FN:1252,_ZSt12__get_helperILm0EPiJ7CloseFDEERKT0_RKSt11_Tuple_implIXT_EJS2_DpT1_EE
FN:1258,_ZSt3getILm0EJPSt6vectorI11AsyncBufferIhESaIS2_EESt14default_deleteIS4_EEERNSt13tuple_elementIXT_ESt5tupleIJDpT0_EEE4typeERSC_
FN:1258,_ZSt3getILm1EJPi7CloseFDEERNSt13tuple_elementIXT_ESt5tupleIJDpT0_EEE4typeERS6_
FN:1258,_ZSt3getILm1EJPSt6vectorI11AsyncBufferIhESaIS2_EESt14default_deleteIS4_EEERNSt13tuple_elementIXT_ESt5tupleIJDpT0_EEE4typeERSC_
FN:1258,_ZSt3getILm0EJPi7CloseFDEERNSt13tuple_elementIXT_ESt5tupleIJDpT0_EEE4typeERS6_
FN:1264,_ZSt3getILm0EJPSt6vectorI11AsyncBufferIhESaIS2_EESt14default_deleteIS4_EEERKNSt13tuple_elementIXT_ESt5tupleIJDpT0_EEE4typeERKSC_
FN:1264,_ZSt3getILm0EJPi7CloseFDEERKNSt13tuple_elementIXT_ESt5tupleIJDpT0_EEE4typeERKS6_
FNDA:590904,_ZNSt10_Head_baseILm1ESt14default_deleteISt6vectorI11AsyncBufferIhESaIS3_EEELb1EEC2Ev
FNDA:36,_ZNSt10_Head_baseILm1E7CloseFDLb1EEC2Ev
FNDA:886356,_ZNSt10_Head_baseILm1ESt14default_deleteISt6vectorI11AsyncBufferIhESaIS3_EEELb1EE7_M_headERS7_
FNDA:36,_ZNSt10_Head_baseILm1E7CloseFDLb1EE7_M_headERS1_
FNDA:590904,_ZNSt10_Head_baseILm0EPSt6vectorI11AsyncBufferIhESaIS2_EELb0EEC2Ev
FNDA:36,_ZNSt10_Head_baseILm0EPiLb0EEC2Ev
FNDA:1477260,_ZNSt10_Head_baseILm0EPSt6vectorI11AsyncBufferIhESaIS2_EELb0EE7_M_headERS6_
FNDA:72,_ZNSt10_Head_baseILm0EPiLb0EE7_M_headERS1_
FNDA:590939,_ZNSt10_Head_baseILm0EPSt6vectorI11AsyncBufferIhESaIS2_EELb0EE7_M_headERKS6_
FNDA:102,_ZNSt10_Head_baseILm0EPiLb0EE7_M_headERKS1_
FNDA:1477260,_ZNSt11_Tuple_implILm0EJPSt6vectorI11AsyncBufferIhESaIS2_EESt14default_deleteIS4_EEE7_M_headERS8_
FNDA:72,_ZNSt11_Tuple_implILm0EJPi7CloseFDEE7_M_headERS2_
FNDA:590939,_ZNSt11_Tuple_implILm0EJPSt6vectorI11AsyncBufferIhESaIS2_EESt14default_deleteIS4_EEE7_M_headERKS8_
FNDA:102,_ZNSt11_Tuple_implILm0EJPi7CloseFDEE7_M_headERKS2_
FNDA:590904,_ZNSt11_Tuple_implILm0EJPSt6vectorI11AsyncBufferIhESaIS2_EESt14default_deleteIS4_EEEC2Ev
FNDA:36,_ZNSt11_Tuple_implILm0EJPi7CloseFDEEC2Ev
FNDA:886356,_ZNSt11_Tuple_implILm1EJSt14default_deleteISt6vectorI11AsyncBufferIhESaIS3_EEEEE7_M_headERS7_
FNDA:36,_ZNSt11_Tuple_implILm1EJ7CloseFDEE7_M_headERS1_
FNDA:590904,_ZNSt11_Tuple_implILm1EJSt14default_deleteISt6vectorI11AsyncBufferIhESaIS3_EEEEEC2Ev
FNDA:36,_ZNSt11_Tuple_implILm1EJ7CloseFDEEC2Ev
FNDA:590904,_ZNSt5tupleIJPSt6vectorI11AsyncBufferIhESaIS2_EESt14default_deleteIS4_EEEC2IS5_S7_Lb1EEEv
FNDA:36,_ZNSt5tupleIJPi7CloseFDEEC2IS0_S1_Lb1EEEv
FNDA:886356,_ZSt12__get_helperILm1ESt14default_deleteISt6vectorI11AsyncBufferIhESaIS3_EEEJEERT0_RSt11_Tuple_implIXT_EJS7_DpT1_EE
FNDA:36,_ZSt12__get_helperILm1E7CloseFDJEERT0_RSt11_Tuple_implIXT_EJS1_DpT1_EE
FNDA:1477260,_ZSt12__get_helperILm0EPSt6vectorI11AsyncBufferIhESaIS2_EEJSt14default_deleteIS4_EEERT0_RSt11_Tuple_implIXT_EJS8_DpT1_EE
FNDA:72,_ZSt12__get_helperILm0EPiJ7CloseFDEERT0_RSt11_Tuple_implIXT_EJS2_DpT1_EE
FNDA:590939,_ZSt12__get_helperILm0EPSt6vectorI11AsyncBufferIhESaIS2_EEJSt14default_deleteIS4_EEERKT0_RKSt11_Tuple_implIXT_EJS8_DpT1_EE
FNDA:102,_ZSt12__get_helperILm0EPiJ7CloseFDEERKT0_RKSt11_Tuple_implIXT_EJS2_DpT1_EE
FNDA:886356,_ZSt3getILm1EJPSt6vectorI11AsyncBufferIhESaIS2_EESt14default_deleteIS4_EEERNSt13tuple_elementIXT_ESt5tupleIJDpT0_EEE4typeERSC_
FNDA:36,_ZSt3getILm1EJPi7CloseFDEERNSt13tuple_elementIXT_ESt5tupleIJDpT0_EEE4typeERS6_
FNDA:1477260,_ZSt3getILm0EJPSt6vectorI11AsyncBufferIhESaIS2_EESt14default_deleteIS4_EEERNSt13tuple_elementIXT_ESt5tupleIJDpT0_EEE4typeERSC_
FNDA:72,_ZSt3getILm0EJPi7CloseFDEERNSt13tuple_elementIXT_ESt5tupleIJDpT0_EEE4typeERS6_
FNDA:590939,_ZSt3getILm0EJPSt6vectorI11AsyncBufferIhESaIS2_EESt14default_deleteIS4_EEERKNSt13tuple_elementIXT_ESt5tupleIJDpT0_EEE4typeERKSC_
FNDA:102,_ZSt3getILm0EJPi7CloseFDEERKNSt13tuple_elementIXT_ESt5tupleIJDpT0_EEE4typeERKS6_
FNF:34
FNH:34
DA:58,590940
DA:59,590940
DA:95,886392
DA:104,590940
DA:105,590940
DA:142,1477332
DA:145,591041
DA:190,1477332
DA:193,591041
DA:201,590940
DA:202,590940
DA:346,886392
DA:351,590940
DA:352,590940
DA:878,590940
DA:879,590940
DA:1247,2363724
DA:1248,2363724
DA:1252,591041
DA:1253,591041
DA:1258,2363724
DA:1259,2363724
DA:1264,591041
DA:1265,591041
LF:24
LH:24
end_of_record
SF:/home/david/shared-memory-disruptor/src/disruptor.cc
FN:39,_ZN9Disruptor4SpinEv
FN:96,_Z12NullCallbackRKN4Napi12CallbackInfoE
FN:100,_Z11GetCallbackRKN4Napi12CallbackInfoEj
FN:115,_ZN20DisruptorAsyncWorkerI11AsyncBufferIhEED0Ev
FN:115,_ZN20DisruptorAsyncWorkerI10AsyncArrayI11AsyncBufferIhEEED2Ev
FN:115,_ZN20DisruptorAsyncWorkerI12AsyncBooleanED0Ev
FN:115,_ZN20DisruptorAsyncWorkerI12AsyncBooleanED2Ev
FN:115,_ZN20DisruptorAsyncWorkerI11AsyncBufferIhEED2Ev
FN:115,_ZN20DisruptorAsyncWorkerI10AsyncArrayI11AsyncBufferIhEEED0Ev
FN:118,_ZN20DisruptorAsyncWorkerI10AsyncArrayI11AsyncBufferIhEEEC2EP9DisruptorRKN4Napi8FunctionE
FN:118,_ZN20DisruptorAsyncWorkerI11AsyncBufferIhEEC2EP9DisruptorRKN4Napi8FunctionE
FN:118,_ZN20DisruptorAsyncWorkerI12AsyncBooleanEC2EP9DisruptorRKN4Napi8FunctionE
FN:130,_ZN20DisruptorAsyncWorkerI10AsyncArrayI11AsyncBufferIhEEE4OnOKEv
FN:130,_ZN20DisruptorAsyncWorkerI11AsyncBufferIhEE4OnOKEv
FN:130,_ZN20DisruptorAsyncWorkerI12AsyncBooleanE4OnOKEv
FN:151,_ZN11AsyncBufferIhEC2Ev
FN:153,_ZN11AsyncBufferIhE3NewEN4Napi3EnvEPhm
FN:158,_ZN11AsyncBufferIhE3NewEN4Napi3EnvEm
FN:163,_ZN11AsyncBufferIhE3SetEPKcm
FN:169,_ZN11AsyncBufferIhE7ToValueEN4Napi3EnvE
FN:190,_ZN11AsyncBufferIhE6LengthEv
FN:202,_ZN10AsyncArrayI11AsyncBufferIhEED2Ev
FN:202,_ZN10AsyncArrayI11AsyncBufferIhEEC2Ev
FN:202,_ZN10AsyncArrayI11AsyncBufferIhEEaSEOS2_
FN:204,_ZN10AsyncArrayI11AsyncBufferIhEE3NewEN4Napi3EnvE
FN:209,_ZN10AsyncArrayI11AsyncBufferIhEE3SetEjS1_
FN:219,_ZN10AsyncArrayI11AsyncBufferIhEE7ToValueEN4Napi3EnvE
FN:230,_ZN10AsyncArrayI11AsyncBufferIhEE6LengthEv
FN:240,_ZN12AsyncBoolean3NewEN4Napi3EnvEb
FN:245,_ZN12AsyncBoolean7ToValueEN4Napi3EnvE
FN:250,_ZNK12AsyncBooleancvbEv
FN:260,_ZN11AsyncNumber3NewEN4Napi3EnvEm
FN:268,_ZN7CloseFDclEPi
FN:275,_Z15ThrowErrnoErrorRKN4Napi12CallbackInfoEPKc
FN:286,_ZN9DisruptorC2ERKN4Napi12CallbackInfoE
FN:345,_ZN9DisruptorD2Ev
FN:350,_ZN9Disruptor7ReleaseEv
FN:367,_ZN9Disruptor7ReleaseERKN4Napi12CallbackInfoE
FN:377,_ZN9Disruptor14ConsumeNewSyncIN4Napi5ArrayENS1_6BufferEEET_RKNS1_3EnvEb
FN:377,_ZN9Disruptor14ConsumeNewSyncI10AsyncArrayI11AsyncBufferIhEES2_EET_RKN4Napi3EnvEb
FN:428,_ZN9Disruptor14ConsumeNewSyncERKN4Napi12CallbackInfoE
FN:433,_ZN21ConsumeNewAsyncWorkerD2Ev
FN:433,_ZN21ConsumeNewAsyncWorkerD0Ev
FN:437,_ZN21ConsumeNewAsyncWorkerC2EP9DisruptorRKN4Napi8FunctionE
FN:445,_ZN21ConsumeNewAsyncWorker7ExecuteEv
FN:452,_ZN21ConsumeNewAsyncWorker5RetryEv
FN:458,_ZN9Disruptor15ConsumeNewAsyncERKN4Napi12CallbackInfoE
FN:463,_ZN9Disruptor10ConsumeNewERKN4Napi12CallbackInfoE
FN:475,_ZN9Disruptor13ConsumeCommitERKN4Napi12CallbackInfoE
FN:480,_ZN9Disruptor13UpdatePendingEmm
FN:486,_ZN9Disruptor13ConsumeCommitEv
FN:499,_ZN9Disruptor16ProduceClaimSyncIN4Napi6BufferENS1_6NumberEEET_IhERKNS1_3EnvEb
FN:499,_ZN9Disruptor16ProduceClaimSyncI11AsyncBuffer11AsyncNumberEET_IhERKN4Napi3EnvEb
FN:538,_ZN9Disruptor16ProduceClaimSyncERKN4Napi12CallbackInfoE
FN:543,_ZN23ProduceClaimAsyncWorkerD0Ev
FN:543,_ZN23ProduceClaimAsyncWorkerD2Ev
FN:547,_ZN23ProduceClaimAsyncWorkerC2EP9DisruptorRKN4Napi8FunctionE
FN:554,_ZN23ProduceClaimAsyncWorker7ExecuteEv
FN:561,_ZN23ProduceClaimAsyncWorker5RetryEv
FN:567,_ZN9Disruptor17ProduceClaimAsyncERKN4Napi12CallbackInfoE
FN:572,_ZN9Disruptor12ProduceClaimERKN4Napi12CallbackInfoE
FN:585,_ZN9Disruptor17ProduceCommitSyncI12AsyncBooleanEET_RKN4Napi3EnvEmb
FN:585,_ZN9Disruptor17ProduceCommitSyncIN4Napi7BooleanEEET_RKNS1_3EnvEmb
FN:601,_ZN9Disruptor10GetSeqNextERKN4Napi12CallbackInfoE
FN:606,_ZN9Disruptor17ProduceCommitSyncERKN4Napi12CallbackInfoE
FN:611,_ZN24ProduceCommitAsyncWorkerD0Ev
FN:611,_ZN24ProduceCommitAsyncWorkerD2Ev
FN:615,_ZN24ProduceCommitAsyncWorkerC2EP9DisruptorRKN4Napi8FunctionEm
FN:624,_ZN24ProduceCommitAsyncWorker7ExecuteEv
FN:631,_ZN24ProduceCommitAsyncWorker5RetryEv
FN:640,_ZN9Disruptor18ProduceCommitAsyncERKN4Napi12CallbackInfoEm
FN:646,_ZN9Disruptor18ProduceCommitAsyncERKN4Napi12CallbackInfoE
FN:651,_ZN9Disruptor13ProduceCommitERKN4Napi12CallbackInfoE
FN:665,_ZN9Disruptor12GetConsumersERKN4Napi12CallbackInfoE
FN:670,_ZN9Disruptor9GetCursorERKN4Napi12CallbackInfoE
FN:675,_ZN9Disruptor7GetNextERKN4Napi12CallbackInfoE
FN:680,_ZN9Disruptor11GetElementsERKN4Napi12CallbackInfoE
FN:685,_ZN9Disruptor11GetConsumerERKN4Napi12CallbackInfoE
FN:690,_ZN9Disruptor10InitializeEN4Napi3EnvENS0_6ObjectE
FN:715,_Z10InitializeN4Napi3EnvENS_6ObjectES1_
FN:720,_register_disruptor
FN:720,_Z17__napi_InitializeP10napi_env__P12napi_value__S2_Pv
FNDA:974586,_ZN9Disruptor4SpinEv
FNDA:1,_Z12NullCallbackRKN4Napi12CallbackInfoE
FNDA:1626,_Z11GetCallbackRKN4Napi12CallbackInfoEj
FNDA:0,_ZN20DisruptorAsyncWorkerI12AsyncBooleanED0Ev
FNDA:338486,_ZN20DisruptorAsyncWorkerI12AsyncBooleanED2Ev
FNDA:0,_ZN20DisruptorAsyncWorkerI11AsyncBufferIhEED0Ev
FNDA:340648,_ZN20DisruptorAsyncWorkerI11AsyncBufferIhEED2Ev
FNDA:0,_ZN20DisruptorAsyncWorkerI10AsyncArrayI11AsyncBufferIhEEED0Ev
FNDA:295452,_ZN20DisruptorAsyncWorkerI10AsyncArrayI11AsyncBufferIhEEED2Ev
FNDA:338486,_ZN20DisruptorAsyncWorkerI12AsyncBooleanEC2EP9DisruptorRKN4Napi8FunctionE
FNDA:340648,_ZN20DisruptorAsyncWorkerI11AsyncBufferIhEEC2EP9DisruptorRKN4Napi8FunctionE
FNDA:295452,_ZN20DisruptorAsyncWorkerI10AsyncArrayI11AsyncBufferIhEEEC2EP9DisruptorRKN4Napi8FunctionE
FNDA:295452,_ZN20DisruptorAsyncWorkerI10AsyncArrayI11AsyncBufferIhEEE4OnOKEv
FNDA:340648,_ZN20DisruptorAsyncWorkerI11AsyncBufferIhEE4OnOKEv
FNDA:338486,_ZN20DisruptorAsyncWorkerI12AsyncBooleanE4OnOKEv
FNDA:340654,_ZN11AsyncBufferIhEC2Ev
FNDA:810,_ZN11AsyncBufferIhE3NewEN4Napi3EnvEPhm
FNDA:339844,_ZN11AsyncBufferIhE3NewEN4Napi3EnvEm
FNDA:804,_ZN11AsyncBufferIhE3SetEPKcm
FNDA:816,_ZN11AsyncBufferIhE7ToValueEN4Napi3EnvE
FNDA:340648,_ZN11AsyncBufferIhE6LengthEv
FNDA:295452,_ZN10AsyncArrayI11AsyncBufferIhEEC2Ev
FNDA:295452,_ZN10AsyncArrayI11AsyncBufferIhEEaSEOS2_
FNDA:590903,_ZN10AsyncArrayI11AsyncBufferIhEED2Ev
FNDA:295452,_ZN10AsyncArrayI11AsyncBufferIhEE3NewEN4Napi3EnvE
FNDA:6,_ZN10AsyncArrayI11AsyncBufferIhEE3SetEjS1_
FNDA:11,_ZN10AsyncArrayI11AsyncBufferIhEE7ToValueEN4Napi3EnvE
FNDA:295452,_ZN10AsyncArrayI11AsyncBufferIhEE6LengthEv
FNDA:338486,_ZN12AsyncBoolean3NewEN4Napi3EnvEb
FNDA:805,_ZN12AsyncBoolean7ToValueEN4Napi3EnvE
FNDA:338486,_ZNK12AsyncBooleancvbEv
FNDA:804,_ZN11AsyncNumber3NewEN4Napi3EnvEm
FNDA:36,_ZN7CloseFDclEPi
FNDA:3,_Z15ThrowErrnoErrorRKN4Napi12CallbackInfoEPKc
FNDA:36,_ZN9DisruptorC2ERKN4Napi12CallbackInfoE
FNDA:28,_ZN9DisruptorD2Ev
FNDA:61,_ZN9Disruptor7ReleaseEv
FNDA:33,_ZN9Disruptor7ReleaseERKN4Napi12CallbackInfoE
FNDA:295452,_ZN9Disruptor14ConsumeNewSyncI10AsyncArrayI11AsyncBufferIhEES2_EET_RKN4Napi3EnvEb
FNDA:16,_ZN9Disruptor14ConsumeNewSyncIN4Napi5ArrayENS1_6BufferEEET_RKNS1_3EnvEb
FNDA:7,_ZN9Disruptor14ConsumeNewSyncERKN4Napi12CallbackInfoE
FNDA:295452,_ZN21ConsumeNewAsyncWorkerD0Ev
FNDA:295452,_ZN21ConsumeNewAsyncWorkerD2Ev
FNDA:295452,_ZN21ConsumeNewAsyncWorkerC2EP9DisruptorRKN4Napi8FunctionE
FNDA:295452,_ZN21ConsumeNewAsyncWorker7ExecuteEv
FNDA:295441,_ZN21ConsumeNewAsyncWorker5RetryEv
FNDA:11,_ZN9Disruptor15ConsumeNewAsyncERKN4Napi12CallbackInfoE
FNDA:9,_ZN9Disruptor10ConsumeNewERKN4Napi12CallbackInfoE
FNDA:7,_ZN9Disruptor13ConsumeCommitERKN4Napi12CallbackInfoE
FNDA:14,_ZN9Disruptor13UpdatePendingEmm
FNDA:295475,_ZN9Disruptor13ConsumeCommitEv
FNDA:340648,_ZN9Disruptor16ProduceClaimSyncI11AsyncBuffer11AsyncNumberEET_IhERKN4Napi3EnvEb
FNDA:1617,_ZN9Disruptor16ProduceClaimSyncIN4Napi6BufferENS1_6NumberEEET_IhERKNS1_3EnvEb
FNDA:806,_ZN9Disruptor16ProduceClaimSyncERKN4Napi12CallbackInfoE
FNDA:340648,_ZN23ProduceClaimAsyncWorkerD0Ev
FNDA:340648,_ZN23ProduceClaimAsyncWorkerD2Ev
FNDA:340648,_ZN23ProduceClaimAsyncWorkerC2EP9DisruptorRKN4Napi8FunctionE
FNDA:340648,_ZN23ProduceClaimAsyncWorker7ExecuteEv
FNDA:339838,_ZN23ProduceClaimAsyncWorker5RetryEv
FNDA:810,_ZN9Disruptor17ProduceClaimAsyncERKN4Napi12CallbackInfoE
FNDA:811,_ZN9Disruptor12ProduceClaimERKN4Napi12CallbackInfoE
FNDA:338486,_ZN9Disruptor17ProduceCommitSyncI12AsyncBooleanEET_RKN4Napi3EnvEmb
FNDA:1610,_ZN9Disruptor17ProduceCommitSyncIN4Napi7BooleanEEET_RKNS1_3EnvEmb
FNDA:2413,_ZN9Disruptor10GetSeqNextERKN4Napi12CallbackInfoE
FNDA:803,_ZN9Disruptor17ProduceCommitSyncERKN4Napi12CallbackInfoE
FNDA:338486,_ZN24ProduceCommitAsyncWorkerD0Ev
FNDA:338486,_ZN24ProduceCommitAsyncWorkerD2Ev
FNDA:338486,_ZN24ProduceCommitAsyncWorkerC2EP9DisruptorRKN4Napi8FunctionEm
FNDA:338486,_ZN24ProduceCommitAsyncWorker7ExecuteEv
FNDA:337681,_ZN24ProduceCommitAsyncWorker5RetryEv
FNDA:805,_ZN9Disruptor18ProduceCommitAsyncERKN4Napi12CallbackInfoEm
FNDA:803,_ZN9Disruptor18ProduceCommitAsyncERKN4Napi12CallbackInfoE
FNDA:807,_ZN9Disruptor13ProduceCommitERKN4Napi12CallbackInfoE
FNDA:6,_ZN9Disruptor12GetConsumersERKN4Napi12CallbackInfoE
FNDA:66,_ZN9Disruptor9GetCursorERKN4Napi12CallbackInfoE
FNDA:66,_ZN9Disruptor7GetNextERKN4Napi12CallbackInfoE
FNDA:972,_ZN9Disruptor11GetElementsERKN4Napi12CallbackInfoE
FNDA:72,_ZN9Disruptor11GetConsumerERKN4Napi12CallbackInfoE
FNDA:1,_ZN9Disruptor10InitializeEN4Napi3EnvENS0_6ObjectE
FNDA:1,_Z10InitializeN4Napi3EnvENS_6ObjectES1_
FNDA:1,_register_disruptor
FNDA:1,_Z17__napi_InitializeP10napi_env__P12napi_value__S2_Pv
FNF:82
FNH:79
DA:39,974586
DA:41,974586
DA:96,1
DA:98,1
DA:100,1626
DA:102,1626
DA:104,1626
DA:105,1626
DA:107,1625
DA:111,1
DA:115,974586
DA:118,974586
DA:123,974586
DA:125,974586
DA:130,974586
DA:132,974586
DA:134,972960
DA:137,3252
DA:138,1626
DA:139,3252
DA:151,340654
DA:153,810
DA:155,810
DA:158,339844
DA:160,339844
DA:163,804
DA:165,804
DA:166,804
DA:167,804
DA:169,816
DA:171,816
DA:173,816
DA:175,810
DA:179,6
DA:182,816
DA:184,804
DA:187,816
DA:190,340648
DA:192,340648
DA:202,1181807
DA:204,295452
DA:206,295452
DA:209,6
DA:211,6
DA:213,6
DA:216,6
DA:217,6
DA:219,11
DA:221,11
DA:222,11
DA:223,17
DA:225,6
DA:227,11
DA:230,295452
DA:232,295452
DA:240,338486
DA:242,338486
DA:245,805
DA:247,805
DA:250,338486
DA:252,338486
DA:260,804
DA:262,804
DA:268,36
DA:270,36
DA:271,36
DA:272,36
DA:275,3
DA:277,3
DA:278,3
DA:279,3
DA:282,6
DA:283,9
DA:286,36
DA:288,39
DA:291,36
DA:292,36
DA:293,36
DA:294,36
DA:295,36
DA:296,36
DA:297,36
DA:301,72
DA:303,72
DA:304,36
DA:306,3
DA:313,66
DA:314,33
DA:318,33
DA:324,33
DA:327,33
DA:329,33
DA:335,33
DA:336,33
DA:337,33
DA:338,33
DA:339,33
DA:341,33
DA:342,33
DA:343,33
DA:345,56
DA:347,28
DA:348,28
DA:350,61
DA:352,61
DA:354,33
DA:356,33
DA:361,33
DA:364,61
DA:367,33
DA:369,33
DA:374,33
DA:377,295468
DA:382,295468
DA:384,295468
DA:386,295454
DA:388,295468
DA:389,295468
DA:390,295468
DA:391,295468
DA:393,295468
DA:395,12
DA:397,6
DA:398,6
DA:400,6
DA:401,6
DA:404,295462
DA:406,16
DA:408,8
DA:409,8
DA:411,8
DA:413,3
DA:416,3
DA:419,8
DA:420,8
DA:425,295468
DA:428,7
DA:430,7
DA:433,590904
DA:437,295452
DA:438,295452
DA:440,295452
DA:442,295452
DA:445,295452
DA:448,295452
DA:449,295452
DA:450,295452
DA:452,295441
DA:454,295441
DA:455,295441
DA:458,11
DA:460,11
DA:461,11
DA:463,9
DA:465,9
DA:466,9
DA:468,5
DA:471,4
DA:472,4
DA:475,7
DA:477,7
DA:478,7
DA:480,14
DA:482,14
DA:483,14
DA:484,14
DA:486,295475
DA:488,295475
DA:490,10
DA:492,10
DA:493,10
DA:494,10
DA:496,295475
DA:499,342265
DA:501,339851
DA:503,342265
DA:504,342265
DA:506,342265
DA:508,344679
DA:510,342265
DA:511,342265
DA:513,342265
DA:515,339851
DA:516,339851
DA:520,344679
DA:521,2414
DA:523,4828
DA:525,2414
DA:526,4828
DA:528,2414
DA:530,2414
DA:535,339851
DA:538,806
DA:540,806
DA:543,681296
DA:547,340648
DA:548,340648
DA:549,340648
DA:551,340648
DA:554,340648
DA:557,340648
DA:558,340648
DA:559,340648
DA:561,339838
DA:563,339838
DA:564,339838
DA:567,810
DA:569,810
DA:570,810
DA:572,811
DA:574,811
DA:575,811
DA:577,807
DA:580,4
DA:581,4
DA:585,340096
DA:589,337686
DA:591,340096
DA:593,2410
DA:598,337686
DA:601,2413
DA:603,2413
DA:606,803
DA:608,803
DA:611,676972
DA:615,338486
DA:617,338486
DA:619,338486
DA:621,338486
DA:624,338486
DA:627,338486
DA:628,338486
DA:629,338486
DA:631,337681
DA:633,337681
DA:634,337681
DA:640,805
DA:643,805
DA:644,805
DA:646,803
DA:648,803
DA:649,803
DA:651,807
DA:653,807
DA:655,807
DA:656,807
DA:658,805
DA:661,2
DA:662,2
DA:665,6
DA:667,6
DA:670,66
DA:672,66
DA:675,66
DA:677,66
DA:680,972
DA:682,972
DA:685,72
DA:687,72
DA:690,1
DA:692,2
DA:694,1
DA:695,1
DA:696,1
DA:697,1
DA:698,1
DA:699,1
DA:700,1
DA:701,1
DA:704,1
DA:705,1
DA:706,1
DA:707,1
DA:708,1
DA:709,1
DA:710,1
DA:711,1
DA:712,18
DA:713,1
DA:715,1
DA:717,1
DA:718,1
DA:720,2
LF:283
LH:283
end_of_record
