TN:
SF:/home/david/shared-memory-disruptor/node_modules/node-addon-api/napi-inl.h
FN:54,_ZN4Napi7details12WrapCallbackIZNS_10ObjectWrapI9DisruptorE29InstanceMethodCallbackWrapperEP10napi_env__P20napi_callback_info__EUlvE_EEP12napi_value__T_
FN:54,_ZN4Napi7details12WrapCallbackIZNS_10ObjectWrapI9DisruptorE29InstanceGetterCallbackWrapperEP10napi_env__P20napi_callback_info__EUlvE_EEP12napi_value__T_
FN:54,_ZN4Napi7details12WrapCallbackIZNS_10ObjectWrapI9DisruptorE33InstanceVoidMethodCallbackWrapperEP10napi_env__P20napi_callback_info__EUlvE_EEP12napi_value__T_
FN:54,_ZN4Napi7details12WrapCallbackIZNS_10ObjectWrapI9DisruptorE26ConstructorCallbackWrapperEP10napi_env__P20napi_callback_info__EUlvE_EEP12napi_value__T_
FN:54,_ZN4Napi7details12WrapCallbackIZNS_11AsyncWorker14OnWorkCompleteEP10napi_env__11napi_statusPvEUlvE_EEP12napi_value__T_
FN:54,_ZN4Napi7details12WrapCallbackIZNS_14RegisterModuleEP10napi_env__P12napi_value__S5_PFvNS_3EnvENS_6ObjectES7_EEUlvE_EES5_T_
FN:54,_ZN4Napi7details12WrapCallbackIZNS0_12CallbackDataIPFvRKNS_12CallbackInfoEEvE7WrapperEP10napi_env__P20napi_callback_info__EUlvE_EEP12napi_value__T_
FN:54,_ZN4Napi7details12WrapCallbackIZNS_10ObjectWrapI9DisruptorE29InstanceSetterCallbackWrapperEP10napi_env__P20napi_callback_info__EUlvE_EEP12napi_value__T_
FN:89,_ZN4Napi7details12CallbackDataIPFvRKNS_12CallbackInfoEEvE7WrapperEP10napi_env__P20napi_callback_info__
FN:90,_ZZN4Napi7details12CallbackDataIPFvRKNS_12CallbackInfoEEvE7WrapperEP10napi_env__P20napi_callback_info__ENKUlvE_clEv
FN:169,_ZN4Napi14RegisterModuleEP10napi_env__P12napi_value__S3_PFvNS_3EnvENS_6ObjectES5_E
FN:173,_ZZN4Napi14RegisterModuleEP10napi_env__P12napi_value__S3_PFvNS_3EnvENS_6ObjectES5_EENKUlvE_clEv
FN:185,_ZN4Napi3EnvC2EP10napi_env__
FN:188,_ZNK4Napi3EnvcvP10napi_env__Ev
FN:199,_ZNK4Napi3Env9UndefinedEv
FN:206,_ZNK4Napi3Env4NullEv
FN:234,_ZN4Napi5ValueC2Ev
FN:237,_ZN4Napi5ValueC2EP10napi_env__P12napi_value__
FN:240,_ZNK4Napi5ValuecvP12napi_value__Ev
FN:259,_ZNK4Napi5Value3EnvEv
FN:267,_ZNK4Napi5Value4TypeEv
FN:339,_ZNK4Napi5Value10IsFunctionEv
FN:355,_ZNK4Napi5Value2AsINS_7BooleanEEET_v
FN:355,_ZNK4Napi5Value2AsINS_6ObjectEEET_v
FN:355,_ZNK4Napi5Value2AsINS_8FunctionEEET_v
FN:355,_ZNK4Napi5Value2AsINS_6NumberEEET_v
FN:355,_ZNK4Napi5Value2AsINS_6StringEEET_v
FN:391,_ZN4Napi7Boolean3NewEP10napi_env__b
FN:401,_ZN4Napi7BooleanC2EP10napi_env__P12napi_value__
FN:404,_ZNK4Napi7BooleancvbEv
FN:408,_ZNK4Napi7Boolean5ValueEv
FN:419,_ZN4Napi6Number3NewEP10napi_env__d
FN:429,_ZN4Napi6NumberC2EP10napi_env__P12napi_value__
FN:436,_ZNK4Napi6NumbercvjEv
FN:459,_ZNK4Napi6Number11Uint32ValueEv
FN:466,_ZNK4Napi6Number10Int64ValueEv
FN:491,_ZN4Napi4NameC2EP10napi_env__P12napi_value__
FN:537,_ZN4Napi6StringC2EP10napi_env__P12napi_value__
FN:540,_ZNK4Napi6StringcvNSt7__cxx1112basic_stringIcSt11char_traitsIcESaIcEEEB5cxx11Ev
FN:548,_ZNK4Napi6String9Utf8ValueB5cxx11Ev
FN:617,_ZN4Napi6Object14PropertyLValueIjEaSINS_5ValueEEERS2_T_
FN:623,_ZN4Napi6Object14PropertyLValueIjEC2ES0_j
FN:626,_ZN4Napi6Object3NewEP10napi_env__
FN:633,_ZN4Napi6ObjectC2Ev
FN:636,_ZN4Napi6ObjectC2EP10napi_env__P12napi_value__
FN:647,_ZN4Napi6ObjectixEj
FN:702,_ZNK4Napi6Object3GetEPKc
FN:723,_ZN4Napi6Object3SetEPKcNS_5ValueE
FN:784,_ZN4Napi6Object3SetEjNS_5ValueE
FN:912,_ZN4Napi5Array3NewEP10napi_env__
FN:929,_ZN4Napi5ArrayC2EP10napi_env__P12napi_value__
FN:932,_ZNK4Napi5Array6LengthEv
FN:1201,_ZN4Napi8Function3NewIPFvRKNS_12CallbackInfoEEEES0_P10napi_env__T_PKcPv
FN:1228,_ZN4Napi8FunctionC2EP10napi_env__P12napi_value__
FN:1263,_ZNK4Napi8Function12MakeCallbackEP12napi_value__RKSt16initializer_listIS2_E
FN:1273,_ZNK4Napi8Function12MakeCallbackEP12napi_value__mPKS2_
FN:1303,_ZN4Napi6BufferIhE3NewEP10napi_env__m
FN:1312,_ZN4Napi6BufferIhE3NewEP10napi_env__Phm
FN:1312,_ZN4Napi6BufferImE3NewEP10napi_env__Pmm
FN:1377,_ZN4Napi6BufferIhEC2Ev
FN:1386,_ZN4Napi6BufferIhEC2EP10napi_env__P12napi_value__mPh
FN:1386,_ZN4Napi6BufferImEC2EP10napi_env__P12napi_value__mPm
FN:1391,_ZNK4Napi6BufferIhE6LengthEv
FN:1403,_ZNK4Napi6BufferIhE10EnsureInfoEv
FN:1421,_ZN4Napi5Error3NewEP10napi_env__
FN:1479,_ZN4Napi5Error3NewEP10napi_env__RKNSt7__cxx1112basic_stringIcSt11char_traitsIcESaIcEEE
FN:1483,_ZN4Napi5Error5FatalEPKcS2_
FN:1490,_ZN4Napi5ErrorC2EP10napi_env__P12napi_value__
FN:1526,_ZNK4Napi5Error7MessageB5cxx11Ev
FN:1543,_ZNK4Napi5Error26ThrowAsJavaScriptExceptionEv
FN:1553,_ZNK4Napi5Error4whatEv
FN:1560,_ZN4Napi5Error3NewIS0_EET_P10napi_env__PKcmPF11napi_statusS4_P12napi_value__S9_PS9_E
FN:1608,_ZN4Napi9ReferenceINS_8FunctionEE3NewERKS1_j
FN:1608,_ZN4Napi9ReferenceINS_6ObjectEE3NewERKS1_j
FN:1625,_ZN4Napi9ReferenceINS_6ObjectEEC2Ev
FN:1629,_ZN4Napi9ReferenceINS_6ObjectEEC2EP10napi_env__P10napi_ref__
FN:1629,_ZN4Napi9ReferenceINS_8FunctionEEC2EP10napi_env__P10napi_ref__
FN:1634,_ZN4Napi9ReferenceINS_6ObjectEED2Ev
FN:1634,_ZN4Napi9ReferenceINS_8FunctionEED2Ev
FN:1645,_ZN4Napi9ReferenceINS_8FunctionEEC2EOS2_
FN:1645,_ZN4Napi9ReferenceINS_6ObjectEEC2EOS2_
FN:1653,_ZN4Napi9ReferenceINS_6ObjectEEaSEOS2_
FN:1700,_ZNK4Napi9ReferenceINS_6ObjectEE7IsEmptyEv
FN:1705,_ZNK4Napi9ReferenceINS_8FunctionEE5ValueEv
FN:1705,_ZNK4Napi9ReferenceINS_6ObjectEE5ValueEv
FN:1733,_ZN4Napi9ReferenceINS_6ObjectEE5ResetEv
FN:1776,_ZN4Napi10PersistentENS_6ObjectE
FN:1780,_ZN4Napi10PersistentENS_8FunctionE
FN:1791,_ZN4Napi15ObjectReferenceC2EP10napi_env__P10napi_ref__
FN:1794,_ZN4Napi15ObjectReferenceC2EONS_9ReferenceINS_6ObjectEEE
FN:1816,_ZNK4Napi15ObjectReference3GetEPKc
FN:1922,_ZN4Napi17FunctionReferenceC2EONS_9ReferenceINS_8FunctionEEE
FN:1968,_ZNK4Napi17FunctionReference12MakeCallbackEP12napi_value__RKSt16initializer_listIS2_E
FN:1994,_ZN4Napi12CallbackInfoC2EP10napi_env__P20napi_callback_info__
FN:2012,_ZN4Napi12CallbackInfoD2Ev
FN:2025,_ZNK4Napi12CallbackInfo3EnvEv
FN:2029,_ZNK4Napi12CallbackInfo6LengthEv
FN:2033,_ZNK4Napi12CallbackInfoixEm
FN:2037,_ZNK4Napi12CallbackInfo4ThisEv
FN:2044,_ZNK4Napi12CallbackInfo4DataEv
FN:2048,_ZN4Napi12CallbackInfo7SetDataEPv
FN:2287,_ZN4Napi10ObjectWrapI9DisruptorEC2ERKNS_12CallbackInfoE
FN:2301,_ZN4Napi10ObjectWrapI9DisruptorE6UnwrapENS_6ObjectE
FN:2309,_ZN4Napi10ObjectWrapI9DisruptorE11DefineClassENS_3EnvEPKcRKSt16initializer_listINS_23ClassPropertyDescriptorIS1_EEEPv
FN:2393,_ZN4Napi10ObjectWrapI9DisruptorE14InstanceMethodEPKcMS1_FvRKNS_12CallbackInfoEE24napi_property_attributesPv
FN:2411,_ZN4Napi10ObjectWrapI9DisruptorE14InstanceMethodEPKcMS1_FNS_5ValueERKNS_12CallbackInfoEE24napi_property_attributesPv
FN:2428,_ZN4Napi10ObjectWrapI9DisruptorE16InstanceAccessorEPKcMS1_FNS_5ValueERKNS_12CallbackInfoEEMS1_FvS8_RKS5_E24napi_property_attributesPv
FN:2470,_ZN4Napi10ObjectWrapI9DisruptorE26ConstructorCallbackWrapperEP10napi_env__P20napi_callback_info__
FN:2483,_ZZN4Napi10ObjectWrapI9DisruptorE26ConstructorCallbackWrapperEP10napi_env__P20napi_callback_info__ENKUlvE_clEv
FN:2547,_ZN4Napi10ObjectWrapI9DisruptorE33InstanceVoidMethodCallbackWrapperEP10napi_env__P20napi_callback_info__
FN:2550,_ZZN4Napi10ObjectWrapI9DisruptorE33InstanceVoidMethodCallbackWrapperEP10napi_env__P20napi_callback_info__ENKUlvE_clEv
FN:2563,_ZN4Napi10ObjectWrapI9DisruptorE29InstanceMethodCallbackWrapperEP10napi_env__P20napi_callback_info__
FN:2566,_ZZN4Napi10ObjectWrapI9DisruptorE29InstanceMethodCallbackWrapperEP10napi_env__P20napi_callback_info__ENKUlvE_clEv
FN:2578,_ZN4Napi10ObjectWrapI9DisruptorE29InstanceGetterCallbackWrapperEP10napi_env__P20napi_callback_info__
FN:2581,_ZZN4Napi10ObjectWrapI9DisruptorE29InstanceGetterCallbackWrapperEP10napi_env__P20napi_callback_info__ENKUlvE_clEv
FN:2593,_ZN4Napi10ObjectWrapI9DisruptorE29InstanceSetterCallbackWrapperEP10napi_env__P20napi_callback_info__
FN:2596,_ZZN4Napi10ObjectWrapI9DisruptorE29InstanceSetterCallbackWrapperEP10napi_env__P20napi_callback_info__ENKUlvE_clEv
FN:2609,_ZN4Napi10ObjectWrapI9DisruptorE16FinalizeCallbackEP10napi_env__PvS5_
FN:2622,_ZN4Napi11HandleScopeC2ENS_3EnvE
FN:2627,_ZN4Napi11HandleScopeD2Ev
FN:2647,_ZN4Napi20EscapableHandleScopeC2ENS_3EnvE
FN:2652,_ZN4Napi20EscapableHandleScopeD2Ev
FN:2664,_ZN4Napi20EscapableHandleScope6EscapeEP12napi_value__
FN:2675,_ZN4Napi11AsyncWorkerC2ERKNS_8FunctionE
FN:2679,_ZN4Napi11AsyncWorkerC2ERKNS_6ObjectERKNS_8FunctionE
FN:2688,_ZN4Napi11AsyncWorkerD0Ev
FN:2688,_ZN4Napi11AsyncWorkerD2Ev
FN:2720,_ZNK4Napi11AsyncWorker3EnvEv
FN:2724,_ZN4Napi11AsyncWorker5QueueEv
FN:2734,_ZN4Napi11AsyncWorker8ReceiverEv
FN:2738,_ZN4Napi11AsyncWorker8CallbackEv
FN:2742,_ZN4Napi11AsyncWorker4OnOKEv
FN:2746,_ZN4Napi11AsyncWorker7OnErrorERKNS_5ErrorE
FN:2750,_ZN4Napi11AsyncWorker8SetErrorERKNSt7__cxx1112basic_stringIcSt11char_traitsIcESaIcEEE
FN:2754,_ZN4Napi11AsyncWorker9OnExecuteEP10napi_env__Pv
FN:2767,_ZN4Napi11AsyncWorker14OnWorkCompleteEP10napi_env__11napi_statusPv
FN:2772,_ZZN4Napi11AsyncWorker14OnWorkCompleteEP10napi_env__11napi_statusPvENKUlvE_clEv
FNDA:3373,_ZN4Napi7details12WrapCallbackIZNS_10ObjectWrapI9DisruptorE26ConstructorCallbackWrapperEP10napi_env__P20napi_callback_info__EUlvE_EEP12napi_value__T_
FNDA:0,_ZN4Napi7details12WrapCallbackIZNS_10ObjectWrapI9DisruptorE29InstanceSetterCallbackWrapperEP10napi_env__P20napi_callback_info__EUlvE_EEP12napi_value__T_
FNDA:1242,_ZN4Napi7details12WrapCallbackIZNS_10ObjectWrapI9DisruptorE29InstanceGetterCallbackWrapperEP10napi_env__P20napi_callback_info__EUlvE_EEP12napi_value__T_
FNDA:1223403,_ZN4Napi7details12WrapCallbackIZNS_10ObjectWrapI9DisruptorE29InstanceMethodCallbackWrapperEP10napi_env__P20napi_callback_info__EUlvE_EEP12napi_value__T_
FNDA:656003,_ZN4Napi7details12WrapCallbackIZNS_10ObjectWrapI9DisruptorE33InstanceVoidMethodCallbackWrapperEP10napi_env__P20napi_callback_info__EUlvE_EEP12napi_value__T_
FNDA:1,_ZN4Napi7details12WrapCallbackIZNS0_12CallbackDataIPFvRKNS_12CallbackInfoEEvE7WrapperEP10napi_env__P20napi_callback_info__EUlvE_EEP12napi_value__T_
FNDA:3226093,_ZN4Napi7details12WrapCallbackIZNS_11AsyncWorker14OnWorkCompleteEP10napi_env__11napi_statusPvEUlvE_EEP12napi_value__T_
FNDA:253,_ZN4Napi7details12WrapCallbackIZNS_14RegisterModuleEP10napi_env__P12napi_value__S5_PFvNS_3EnvENS_6ObjectES7_EEUlvE_EES5_T_
FNDA:1,_ZN4Napi7details12CallbackDataIPFvRKNS_12CallbackInfoEEvE7WrapperEP10napi_env__P20napi_callback_info__
FNDA:1,_ZZN4Napi7details12CallbackDataIPFvRKNS_12CallbackInfoEEvE7WrapperEP10napi_env__P20napi_callback_info__ENKUlvE_clEv
FNDA:253,_ZN4Napi14RegisterModuleEP10napi_env__P12napi_value__S3_PFvNS_3EnvENS_6ObjectES5_E
FNDA:253,_ZZN4Napi14RegisterModuleEP10napi_env__P12napi_value__S3_PFvNS_3EnvENS_6ObjectES5_EENKUlvE_clEv
FNDA:27002428,_ZN4Napi3EnvC2EP10napi_env__
FNDA:25728894,_ZNK4Napi3EnvcvP10napi_env__Ev
FNDA:337779,_ZNK4Napi3Env9UndefinedEv
FNDA:339398,_ZNK4Napi3Env4NullEv
FNDA:292263,_ZN4Napi5ValueC2Ev
FNDA:19809979,_ZN4Napi5ValueC2EP10napi_env__P12napi_value__
FNDA:25056449,_ZNK4Napi5ValuecvP12napi_value__Ev
FNDA:18302565,_ZNK4Napi5Value3EnvEv
FNDA:339398,_ZNK4Napi5Value4TypeEv
FNDA:339398,_ZNK4Napi5Value10IsFunctionEv
FNDA:6746,_ZNK4Napi5Value2AsINS_7BooleanEEET_v
FNDA:300357,_ZNK4Napi5Value2AsINS_6NumberEEET_v
FNDA:339397,_ZNK4Napi5Value2AsINS_8FunctionEEET_v
FNDA:2167513,_ZNK4Napi5Value2AsINS_6ObjectEEET_v
FNDA:3373,_ZNK4Napi5Value2AsINS_6StringEEET_v
FNDA:333191,_ZN4Napi7Boolean3NewEP10napi_env__b
FNDA:339937,_ZN4Napi7BooleanC2EP10napi_env__P12napi_value__
FNDA:58630,_ZNK4Napi7BooleancvbEv
FNDA:58630,_ZNK4Napi7Boolean5ValueEv
FNDA:287130,_ZN4Napi6Number3NewEP10napi_env__d
FNDA:587487,_ZN4Napi6NumberC2EP10napi_env__P12napi_value__
FNDA:13492,_ZNK4Napi6NumbercvjEv
FNDA:13492,_ZNK4Napi6Number11Uint32ValueEv
FNDA:286865,_ZNK4Napi6Number10Int64ValueEv
FNDA:3373,_ZN4Napi4NameC2EP10napi_env__P12napi_value__
FNDA:3373,_ZN4Napi6StringC2EP10napi_env__P12napi_value__
FNDA:0,_ZNK4Napi6StringcvNSt7__cxx1112basic_stringIcSt11char_traitsIcESaIcEEEB5cxx11Ev
FNDA:3373,_ZNK4Napi6String9Utf8ValueB5cxx11Ev
FNDA:291452,_ZN4Napi6Object14PropertyLValueIjEaSINS_5ValueEEERS2_T_
FNDA:291452,_ZN4Napi6Object14PropertyLValueIjEC2ES0_j
FNDA:3226093,_ZN4Napi6Object3NewEP10napi_env__
FNDA:292263,_ZN4Napi6ObjectC2Ev
FNDA:16586470,_ZN4Napi6ObjectC2EP10napi_env__P12napi_value__
FNDA:291452,_ZN4Napi6ObjectixEj
FNDA:286865,_ZNK4Napi6Object3GetEPKc
FNDA:287119,_ZN4Napi6Object3SetEPKcNS_5ValueE
FNDA:651689,_ZN4Napi6Object3SetEjNS_5ValueE
FNDA:942731,_ZN4Napi5Array3NewEP10napi_env__
FNDA:942731,_ZN4Napi5ArrayC2EP10napi_env__P12napi_value__
FNDA:581338,_ZNK4Napi5Array6LengthEv
FNDA:1,_ZN4Napi8Function3NewIPFvRKNS_12CallbackInfoEEEES0_P10napi_env__T_PKcPv
FNDA:3565744,_ZN4Napi8FunctionC2EP10napi_env__P12napi_value__
FNDA:339398,_ZNK4Napi8Function12MakeCallbackEP12napi_value__RKSt16initializer_listIS2_E
FNDA:339398,_ZNK4Napi8Function12MakeCallbackEP12napi_value__mPKS2_
FNDA:13,_ZN4Napi6BufferIhE3NewEP10napi_env__m
FNDA:939527,_ZN4Napi6BufferIhE3NewEP10napi_env__Phm
FNDA:6,_ZN4Napi6BufferImE3NewEP10napi_env__Pmm
FNDA:292263,_ZN4Napi6BufferIhEC2Ev
FNDA:939540,_ZN4Napi6BufferIhEC2EP10napi_env__P12napi_value__mPh
FNDA:6,_ZN4Napi6BufferImEC2EP10napi_env__P12napi_value__mPm
FNDA:51888,_ZNK4Napi6BufferIhE6LengthEv
FNDA:51888,_ZNK4Napi6BufferIhE10EnsureInfoEv
FNDA:0,_ZN4Napi5Error3NewEP10napi_env__
FNDA:3,_ZN4Napi5Error3NewEP10napi_env__RKNSt7__cxx1112basic_stringIcSt11char_traitsIcESaIcEEE
FNDA:0,_ZN4Napi5Error5FatalEPKcS2_
FNDA:3,_ZN4Napi5ErrorC2EP10napi_env__P12napi_value__
FNDA:0,_ZNK4Napi5Error7MessageB5cxx11Ev
FNDA:3,_ZNK4Napi5Error26ThrowAsJavaScriptExceptionEv
FNDA:0,_ZNK4Napi5Error4whatEv
FNDA:3,_ZN4Napi5Error3NewIS0_EET_P10napi_env__PKcmPF11napi_statusS4_P12napi_value__S9_PS9_E
FNDA:3226093,_ZN4Napi9ReferenceINS_8FunctionEE3NewERKS1_j
FNDA:6452186,_ZN4Napi9ReferenceINS_6ObjectEE3NewERKS1_j
FNDA:3373,_ZN4Napi9ReferenceINS_6ObjectEEC2Ev
FNDA:3226093,_ZN4Napi9ReferenceINS_8FunctionEEC2EP10napi_env__P10napi_ref__
FNDA:6455562,_ZN4Napi9ReferenceINS_6ObjectEEC2EP10napi_env__P10napi_ref__
FNDA:6452186,_ZN4Napi9ReferenceINS_8FunctionEED2Ev
FNDA:12910469,_ZN4Napi9ReferenceINS_6ObjectEED2Ev
FNDA:3226093,_ZN4Napi9ReferenceINS_8FunctionEEC2EOS2_
FNDA:6452186,_ZN4Napi9ReferenceINS_6ObjectEEC2EOS2_
FNDA:3373,_ZN4Napi9ReferenceINS_6ObjectEEaSEOS2_
FNDA:3,_ZNK4Napi9ReferenceINS_6ObjectEE7IsEmptyEv
FNDA:3226093,_ZNK4Napi9ReferenceINS_8FunctionEE5ValueEv
FNDA:3565494,_ZNK4Napi9ReferenceINS_6ObjectEE5ValueEv
FNDA:3373,_ZN4Napi9ReferenceINS_6ObjectEE5ResetEv
FNDA:6452186,_ZN4Napi10PersistentENS_6ObjectE
FNDA:3226093,_ZN4Napi10PersistentENS_8FunctionE
FNDA:3,_ZN4Napi15ObjectReferenceC2EP10napi_env__P10napi_ref__
FNDA:6452186,_ZN4Napi15ObjectReferenceC2EONS_9ReferenceINS_6ObjectEEE
FNDA:0,_ZNK4Napi15ObjectReference3GetEPKc
FNDA:3226093,_ZN4Napi17FunctionReferenceC2EONS_9ReferenceINS_8FunctionEEE
FNDA:339398,_ZNK4Napi17FunctionReference12MakeCallbackEP12napi_value__RKSt16initializer_listIS2_E
FNDA:1884022,_ZN4Napi12CallbackInfoC2EP10napi_env__P20napi_callback_info__
FNDA:1884022,_ZN4Napi12CallbackInfoD2Ev
FNDA:1565801,_ZNK4Napi12CallbackInfo3EnvEv
FNDA:339398,_ZNK4Napi12CallbackInfo6LengthEv
FNDA:649874,_ZNK4Napi12CallbackInfoixEm
FNDA:1887391,_ZNK4Napi12CallbackInfo4ThisEv
FNDA:1880649,_ZNK4Napi12CallbackInfo4DataEv
FNDA:1880649,_ZN4Napi12CallbackInfo7SetDataEPv
FNDA:3373,_ZN4Napi10ObjectWrapI9DisruptorEC2ERKNS_12CallbackInfoE
FNDA:1880648,_ZN4Napi10ObjectWrapI9DisruptorE6UnwrapENS_6ObjectE
FNDA:253,_ZN4Napi10ObjectWrapI9DisruptorE11DefineClassENS_3EnvEPKcRKSt16initializer_listINS_23ClassPropertyDescriptorIS1_EEEPv
FNDA:1265,_ZN4Napi10ObjectWrapI9DisruptorE14InstanceMethodEPKcMS1_FvRKNS_12CallbackInfoEE24napi_property_attributesPv
FNDA:1518,_ZN4Napi10ObjectWrapI9DisruptorE14InstanceMethodEPKcMS1_FNS_5ValueERKNS_12CallbackInfoEE24napi_property_attributesPv
FNDA:1771,_ZN4Napi10ObjectWrapI9DisruptorE16InstanceAccessorEPKcMS1_FNS_5ValueERKNS_12CallbackInfoEEMS1_FvS8_RKS5_E24napi_property_attributesPv
FNDA:3373,_ZN4Napi10ObjectWrapI9DisruptorE26ConstructorCallbackWrapperEP10napi_env__P20napi_callback_info__
FNDA:3373,_ZZN4Napi10ObjectWrapI9DisruptorE26ConstructorCallbackWrapperEP10napi_env__P20napi_callback_info__ENKUlvE_clEv
FNDA:656003,_ZN4Napi10ObjectWrapI9DisruptorE33InstanceVoidMethodCallbackWrapperEP10napi_env__P20napi_callback_info__
FNDA:656003,_ZZN4Napi10ObjectWrapI9DisruptorE33InstanceVoidMethodCallbackWrapperEP10napi_env__P20napi_callback_info__ENKUlvE_clEv
FNDA:1223403,_ZN4Napi10ObjectWrapI9DisruptorE29InstanceMethodCallbackWrapperEP10napi_env__P20napi_callback_info__
FNDA:1223403,_ZZN4Napi10ObjectWrapI9DisruptorE29InstanceMethodCallbackWrapperEP10napi_env__P20napi_callback_info__ENKUlvE_clEv
FNDA:1242,_ZN4Napi10ObjectWrapI9DisruptorE29InstanceGetterCallbackWrapperEP10napi_env__P20napi_callback_info__
FNDA:1242,_ZZN4Napi10ObjectWrapI9DisruptorE29InstanceGetterCallbackWrapperEP10napi_env__P20napi_callback_info__ENKUlvE_clEv
FNDA:0,_ZN4Napi10ObjectWrapI9DisruptorE29InstanceSetterCallbackWrapperEP10napi_env__P20napi_callback_info__
FNDA:0,_ZZN4Napi10ObjectWrapI9DisruptorE29InstanceSetterCallbackWrapperEP10napi_env__P20napi_callback_info__ENKUlvE_clEv
FNDA:2718,_ZN4Napi10ObjectWrapI9DisruptorE16FinalizeCallbackEP10napi_env__PvS5_
FNDA:3226096,_ZN4Napi11HandleScopeC2ENS_3EnvE
FNDA:3226096,_ZN4Napi11HandleScopeD2Ev
FNDA:339398,_ZN4Napi20EscapableHandleScopeC2ENS_3EnvE
FNDA:339398,_ZN4Napi20EscapableHandleScopeD2Ev
FNDA:339398,_ZN4Napi20EscapableHandleScope6EscapeEP12napi_value__
FNDA:3226093,_ZN4Napi11AsyncWorkerC2ERKNS_8FunctionE
FNDA:3226093,_ZN4Napi11AsyncWorkerC2ERKNS_6ObjectERKNS_8FunctionE
FNDA:0,_ZN4Napi11AsyncWorkerD0Ev
FNDA:3226093,_ZN4Napi11AsyncWorkerD2Ev
FNDA:3898189,_ZNK4Napi11AsyncWorker3EnvEv
FNDA:3226093,_ZN4Napi11AsyncWorker5QueueEv
FNDA:339398,_ZN4Napi11AsyncWorker8ReceiverEv
FNDA:3226093,_ZN4Napi11AsyncWorker8CallbackEv
FNDA:0,_ZN4Napi11AsyncWorker4OnOKEv
FNDA:0,_ZN4Napi11AsyncWorker7OnErrorERKNS_5ErrorE
FNDA:0,_ZN4Napi11AsyncWorker8SetErrorERKNSt7__cxx1112basic_stringIcSt11char_traitsIcESaIcEEE
FNDA:3225808,_ZN4Napi11AsyncWorker9OnExecuteEP10napi_env__Pv
FNDA:3226093,_ZN4Napi11AsyncWorker14OnWorkCompleteEP10napi_env__11napi_statusPv
FNDA:3226093,_ZZN4Napi11AsyncWorker14OnWorkCompleteEP10napi_env__11napi_statusPvENKUlvE_clEv
FNF:137
FNH:124
DA:54,5110368
DA:57,5110368
DA:58,6
DA:59,3
DA:60,3
DA:89,1
DA:90,2
DA:91,2
DA:93,1
DA:94,1
DA:95,1
DA:96,2
DA:97,1
DA:169,253
DA:173,253
DA:174,1012
DA:175,253
DA:176,506
DA:177,253
DA:178,253
DA:179,253
DA:185,27002428
DA:186,27002428
DA:188,25728894
DA:189,25728894
DA:199,337779
DA:201,337779
DA:202,337779
DA:203,337779
DA:206,339398
DA:208,339398
DA:209,339398
DA:210,339398
DA:234,292263
DA:235,292263
DA:237,19809979
DA:238,19809979
DA:240,25056449
DA:241,25056449
DA:259,18302565
DA:260,18302565
DA:267,339398
DA:268,339398
DA:269,0
DA:273,339398
DA:274,339398
DA:275,339398
DA:339,339398
DA:340,339398
DA:355,2817386
DA:356,2817386
DA:391,333191
DA:393,333191
DA:394,333191
DA:395,333191
DA:401,339937
DA:402,339937
DA:404,58630
DA:405,58630
DA:408,58630
DA:410,58630
DA:411,58630
DA:412,58630
DA:419,287130
DA:421,287130
DA:422,287130
DA:423,287130
DA:429,587487
DA:430,587487
DA:436,13492
DA:437,13492
DA:459,13492
DA:461,13492
DA:462,13492
DA:463,13492
DA:466,286865
DA:468,286865
DA:469,286865
DA:470,286865
DA:491,3373
DA:492,3373
DA:537,3373
DA:538,3373
DA:540,0
DA:541,0
DA:548,3373
DA:550,3373
DA:551,3373
DA:553,3373
DA:554,3373
DA:555,3373
DA:556,3373
DA:557,3373
DA:558,3373
DA:617,291452
DA:618,291452
DA:619,291452
DA:623,291452
DA:624,291452
DA:626,3226093
DA:628,3226093
DA:629,3226093
DA:630,3226093
DA:633,292263
DA:634,292263
DA:636,16586470
DA:637,16586470
DA:647,291452
DA:648,291452
DA:702,286865
DA:704,286865
DA:705,286865
DA:706,286865
DA:723,287119
DA:724,287119
DA:725,287119
DA:726,287119
DA:784,651689
DA:785,651689
DA:786,651689
DA:787,651689
DA:912,942731
DA:914,942731
DA:915,942731
DA:916,942731
DA:929,942731
DA:930,942731
DA:932,581338
DA:934,581338
DA:935,581338
DA:936,581338
DA:1201,1
DA:1208,1
DA:1211,1
DA:1212,1
DA:1213,1
DA:1214,1
DA:1228,3565744
DA:1229,3565744
DA:1263,339398
DA:1265,339398
DA:1273,339398
DA:1276,339398
DA:1277,678796
DA:1278,339398
DA:1279,339398
DA:1303,13
DA:1306,13
DA:1307,13
DA:1308,13
DA:1312,939533
DA:1314,939533
DA:1315,939533
DA:1316,939533
DA:1317,939533
DA:1377,292263
DA:1378,292263
DA:1386,939546
DA:1387,939546
DA:1388,939546
DA:1391,51888
DA:1392,51888
DA:1393,51888
DA:1403,51888
DA:1407,51888
DA:1410,0
DA:1411,0
DA:1412,0
DA:1413,0
DA:1415,51888
DA:1421,0
DA:1423,0
DA:1426,0
DA:1427,0
DA:1429,0
DA:1430,0
DA:1431,0
DA:1432,0
DA:1435,0
DA:1436,0
DA:1439,0
DA:1440,0
DA:1442,0
DA:1443,0
DA:1444,0
DA:1448,0
DA:1453,0
DA:1455,0
DA:1456,0
DA:1461,0
DA:1462,0
DA:1464,0
DA:1465,0
DA:1467,0
DA:1472,0
DA:1479,3
DA:1480,3
DA:1483,0
DA:1484,0
DA:1490,3
DA:1491,3
DA:1492,3
DA:1496,3
DA:1498,3
DA:1526,0
DA:1527,0
DA:1530,0
DA:1532,0
DA:1540,0
DA:1543,3
DA:1544,6
DA:1545,3
DA:1546,3
DA:1547,3
DA:1549,3
DA:1553,0
DA:1554,0
DA:1560,3
DA:1565,3
DA:1566,3
DA:1569,3
DA:1570,3
DA:1572,3
DA:1608,9678279
DA:1609,9678279
DA:1610,9678279
DA:1612,9678279
DA:1613,0
DA:1617,9678279
DA:1618,9678279
DA:1620,9678279
DA:1625,3373
DA:1626,3373
DA:1629,9681655
DA:1630,9681655
DA:1631,9681655
DA:1634,19362655
DA:1635,19362655
DA:1636,9681003
DA:1637,9681003
DA:1640,9681003
DA:1642,19362655
DA:1645,9678279
DA:1646,9678279
DA:1647,9678279
DA:1648,9678279
DA:1649,9678279
DA:1650,9678279
DA:1653,3373
DA:1654,3373
DA:1655,3373
DA:1656,3373
DA:1657,3373
DA:1658,3373
DA:1659,3373
DA:1660,3373
DA:1661,3373
DA:1700,3
DA:1701,3
DA:1705,6791587
DA:1706,6791587
DA:1707,0
DA:1711,6791587
DA:1712,6791587
DA:1713,6791587
DA:1733,3373
DA:1734,3373
DA:1735,0
DA:1736,0
DA:1737,0
DA:1739,3373
DA:1776,6452186
DA:1777,6452186
DA:1780,3226093
DA:1781,3226093
DA:1791,3
DA:1792,3
DA:1794,6452186
DA:1795,6452186
DA:1796,6452186
DA:1816,0
DA:1817,0
DA:1818,0
DA:1922,3226093
DA:1923,3226093
DA:1924,3226093
DA:1968,339398
DA:1970,678796
DA:1971,678796
DA:1994,1884022
DA:1995,1884022
DA:1996,1884022
DA:1997,1884022
DA:1998,1884022
DA:1999,1884022
DA:2001,1884022
DA:2004,3373
DA:2005,3373
DA:2007,3373
DA:2008,3373
DA:2010,1884022
DA:2012,3768044
DA:2013,1884022
DA:2014,3373
DA:2016,1884022
DA:2025,1565801
DA:2026,1565801
DA:2029,339398
DA:2030,339398
DA:2033,649874
DA:2034,649874
DA:2037,1887391
DA:2038,1887391
DA:2039,0
DA:2041,1887391
DA:2044,1880649
DA:2045,1880649
DA:2048,1880649
DA:2049,1880649
DA:2050,1880649
DA:2287,3373
DA:2288,3373
DA:2289,3373
DA:2292,3373
DA:2293,3373
DA:2294,3373
DA:2296,3373
DA:2297,3373
DA:2298,3373
DA:2301,1880648
DA:2303,1880648
DA:2304,1880648
DA:2305,1880648
DA:2309,253
DA:2315,253
DA:2317,506
DA:2318,253
DA:2320,253
DA:2393,1265
DA:2400,1265
DA:2402,1265
DA:2403,1265
DA:2404,1265
DA:2405,1265
DA:2406,1265
DA:2407,1265
DA:2411,1518
DA:2417,1518
DA:2419,1518
DA:2420,1518
DA:2421,1518
DA:2422,1518
DA:2423,1518
DA:2424,1518
DA:2428,1771
DA:2436,1771
DA:2438,1771
DA:2439,1771
DA:2440,1771
DA:2441,1771
DA:2442,1771
DA:2443,1771
DA:2444,1771
DA:2470,3373
DA:2474,3373
DA:2475,3373
DA:2477,3373
DA:2478,0
DA:2479,0
DA:2483,6746
DA:2484,6746
DA:2485,3376
DA:2486,6740
DA:2487,3373
DA:2489,3373
DA:2547,656003
DA:2550,1312006
DA:2551,1312006
DA:2553,656003
DA:2554,656003
DA:2555,656003
DA:2556,656003
DA:2557,656003
DA:2558,1312006
DA:2559,656003
DA:2563,1223403
DA:2566,2446806
DA:2567,2446806
DA:2569,1223403
DA:2570,1223403
DA:2571,1223403
DA:2572,1223403
DA:2573,2446806
DA:2574,1223403
DA:2578,1242
DA:2581,2484
DA:2582,2484
DA:2584,1242
DA:2585,1242
DA:2586,1242
DA:2587,1242
DA:2588,2484
DA:2589,1242
DA:2593,0
DA:2596,0
DA:2597,0
DA:2599,0
DA:2600,0
DA:2601,0
DA:2602,0
DA:2603,0
DA:2604,0
DA:2605,0
DA:2609,2718
DA:2610,2718
DA:2611,2718
DA:2612,2718
DA:2622,3226096
DA:2623,3226096
DA:2624,3226096
DA:2625,3226096
DA:2627,6452192
DA:2628,3226096
DA:2629,3226096
DA:2647,339398
DA:2648,339398
DA:2649,339398
DA:2650,339398
DA:2652,678796
DA:2653,339398
DA:2654,339398
DA:2664,339398
DA:2666,339398
DA:2667,339398
DA:2668,339398
DA:2675,3226093
DA:2676,3226093
DA:2677,3226093
DA:2679,3226093
DA:2680,6452186
DA:2682,9678279
DA:2683,3226093
DA:2684,3226093
DA:2685,3226093
DA:2686,3226093
DA:2688,6452186
DA:2689,3226093
DA:2690,3226093
DA:2691,3226093
DA:2693,3226093
DA:2720,3898189
DA:2721,3898189
DA:2724,3226093
DA:2725,3226093
DA:2726,3226093
DA:2727,3226093
DA:2734,339398
DA:2735,339398
DA:2738,3226093
DA:2739,3226093
DA:2742,0
DA:2743,0
DA:2744,0
DA:2746,0
DA:2747,0
DA:2748,0
DA:2750,0
DA:2751,0
DA:2752,0
DA:2754,3225808
DA:2755,3225808
DA:2758,3225808
DA:2759,0
DA:2760,0
DA:2765,3225881
DA:2767,3226093
DA:2769,3226093
DA:2770,3226093
DA:2771,6452186
DA:2772,3226093
DA:2773,9678279
DA:2774,9678279
DA:2777,0
DA:2779,3226093
DA:2780,3226093
DA:2782,3226093
DA:2783,3226093
LF:487
LH:413
end_of_record
SF:/home/david/shared-memory-disruptor/node_modules/node-addon-api/napi.h
FN:900,_ZN4Napi15ObjectReferenceD2Ev
FN:937,_ZN4Napi17FunctionReferenceD2Ev
FN:1062,_ZN4Napi5ErrorD2Ev
FN:1062,_ZN4Napi5ErrorD0Ev
FN:1244,_ZN4Napi23ClassPropertyDescriptorI9DisruptorEC2E24napi_property_descriptor
FN:1279,_ZN4Napi10ObjectWrapI9DisruptorED2Ev
FNDA:6452189,_ZN4Napi15ObjectReferenceD2Ev
FNDA:3226093,_ZN4Napi17FunctionReferenceD2Ev
FNDA:0,_ZN4Napi5ErrorD0Ev
FNDA:3,_ZN4Napi5ErrorD2Ev
FNDA:4554,_ZN4Napi23ClassPropertyDescriptorI9DisruptorEC2E24napi_property_descriptor
FNDA:2721,_ZN4Napi10ObjectWrapI9DisruptorED2Ev
FNF:6
FNH:5
DA:900,6452189
DA:937,3226093
DA:1062,3
DA:1244,4554
DA:1279,2721
LF:5
LH:5
end_of_record
SF:/usr/include/c++/6/bits/alloc_traits.h
FN:435,_ZNSt16allocator_traitsISaI11AsyncBufferIhEEE8allocateERS2_m
FN:461,_ZNSt16allocator_traitsISaI11AsyncBufferIhEEE10deallocateERS2_PS1_m
FN:495,_ZNSt16allocator_traitsISaI11AsyncBufferIhEEE8max_sizeERKS2_
FNDA:291425,_ZNSt16allocator_traitsISaI11AsyncBufferIhEEE8allocateERS2_m
FNDA:291452,_ZNSt16allocator_traitsISaI11AsyncBufferIhEEE10deallocateERS2_PS1_m
FNDA:582804,_ZNSt16allocator_traitsISaI11AsyncBufferIhEEE8max_sizeERKS2_
FNF:3
FNH:3
DA:435,291425
DA:436,291425
DA:461,291452
DA:462,291452
DA:495,582804
DA:496,582804
LF:6
LH:6
end_of_record
SF:/usr/include/c++/6/bits/allocator.h
FN:131,_ZNSaI11AsyncBufferIhEEC2Ev
FN:139,_ZNSaI11AsyncBufferIhEED2Ev
FNDA:877314,_ZNSaI11AsyncBufferIhEEC2Ev
FNDA:877345,_ZNSaI11AsyncBufferIhEED2Ev
FNF:2
FNH:2
DA:131,877314
DA:139,877345
LF:2
LH:2
end_of_record
SF:/usr/include/c++/6/bits/basic_string.h
FN:107,_ZNSt7__cxx1112basic_stringIcSt11char_traitsIcESaIcEE12_Alloc_hiderD2Ev
FN:192,_ZNSt7__cxx1112basic_stringIcSt11char_traitsIcESaIcEE16_M_construct_auxIPcEEvT_S7_St12__false_type
FN:212,_ZNSt7__cxx1112basic_stringIcSt11char_traitsIcESaIcEE12_M_constructIPcEEvT_S7_
FN:549,_ZNSt7__cxx1112basic_stringIcSt11char_traitsIcESaIcEEC2IPcvEET_S7_RKS3_
FN:5021,_ZStplIcSt11char_traitsIcESaIcEENSt7__cxx1112basic_stringIT_T0_T1_EEOS8_S9_
FN:5045,_ZStplIcSt11char_traitsIcESaIcEENSt7__cxx1112basic_stringIT_T0_T1_EEOS8_PKS5_
FN:5470,_ZNSt7__cxx119to_stringEi
FNDA:0,_ZNSt7__cxx1112basic_stringIcSt11char_traitsIcESaIcEE12_Alloc_hiderD2Ev
FNDA:0,_ZNSt7__cxx1112basic_stringIcSt11char_traitsIcESaIcEE16_M_construct_auxIPcEEvT_S7_St12__false_type
FNDA:0,_ZNSt7__cxx1112basic_stringIcSt11char_traitsIcESaIcEE12_M_constructIPcEEvT_S7_
FNDA:0,_ZNSt7__cxx1112basic_stringIcSt11char_traitsIcESaIcEEC2IPcvEET_S7_RKS3_
FNDA:3,_ZStplIcSt11char_traitsIcESaIcEENSt7__cxx1112basic_stringIT_T0_T1_EEOS8_S9_
FNDA:3,_ZStplIcSt11char_traitsIcESaIcEENSt7__cxx1112basic_stringIT_T0_T1_EEOS8_PKS5_
FNDA:0,_ZNSt7__cxx119to_stringEi
FNF:7
FNH:2
DA:107,0
DA:192,0
DA:196,0
DA:197,0
DA:212,0
DA:215,0
DA:216,0
DA:549,0
DA:551,0
DA:552,0
DA:5021,3
DA:5024,3
DA:5025,3
DA:5026,3
DA:5027,0
DA:5028,3
DA:5045,3
DA:5047,3
DA:5470,0
DA:5472,0
LF:20
LH:7
end_of_record
SF:/usr/include/c++/6/bits/basic_string.tcc
FN:206,_ZNSt7__cxx1112basic_stringIcSt11char_traitsIcESaIcEE12_M_constructIPcEEvT_S7_St20forward_iterator_tag
FNDA:0,_ZNSt7__cxx1112basic_stringIcSt11char_traitsIcESaIcEE12_M_constructIPcEEvT_S7_St20forward_iterator_tag
FNF:1
FNH:0
DA:206,0
DA:211,0
DA:212,0
DA:215,0
DA:217,0
DA:219,0
DA:220,0
DA:225,0
DA:226,0
DA:228,0
DA:229,0
DA:232,0
DA:233,0
LF:13
LH:0
end_of_record
SF:/usr/include/c++/6/bits/move.h
FN:47,_ZSt11__addressofI11AsyncBufferIhEEPT_RS2_
FN:76,_ZSt7forwardISt14default_deleteISt6vectorI11AsyncBufferIhESaIS3_EEEEOT_RNSt16remove_referenceIS7_E4typeE
FN:76,_ZSt7forwardI11AsyncBufferIhEEOT_RNSt16remove_referenceIS2_E4typeE
FN:101,_ZSt4moveIRNSt7__cxx1112basic_stringIcSt11char_traitsIcESaIcEEEEONSt16remove_referenceIT_E4typeEOS8_
FN:101,_ZSt4moveIRPSt6vectorI11AsyncBufferIhESaIS2_EEEONSt16remove_referenceIT_E4typeEOS8_
FN:101,_ZSt4moveIRN4Napi9ReferenceINS0_6ObjectEEEEONSt16remove_referenceIT_E4typeEOS6_
FN:101,_ZSt4moveIRN4Napi9ReferenceINS0_8FunctionEEEEONSt16remove_referenceIT_E4typeEOS6_
FN:179,_ZSt4swapIPSt6vectorI11AsyncBufferIhESaIS2_EEENSt9enable_ifIXsrSt6__and_IJSt21is_move_constructibleIT_ESt18is_move_assignableIS9_EEE5valueEvE4typeERS9_SG_
FNDA:291417,_ZSt11__addressofI11AsyncBufferIhEEPT_RS2_
FNDA:1,_ZSt7forwardI11AsyncBufferIhEEOT_RNSt16remove_referenceIS2_E4typeE
FNDA:877312,_ZSt7forwardISt14default_deleteISt6vectorI11AsyncBufferIhESaIS3_EEEEOT_RNSt16remove_referenceIS7_E4typeE
FNDA:2631599,_ZSt4moveIRPSt6vectorI11AsyncBufferIhESaIS2_EEEONSt16remove_referenceIT_E4typeEOS8_
FNDA:6,_ZSt4moveIRNSt7__cxx1112basic_stringIcSt11char_traitsIcESaIcEEEEONSt16remove_referenceIT_E4typeEOS8_
FNDA:3226093,_ZSt4moveIRN4Napi9ReferenceINS0_8FunctionEEEEONSt16remove_referenceIT_E4typeEOS6_
FNDA:6452186,_ZSt4moveIRN4Napi9ReferenceINS0_6ObjectEEEEONSt16remove_referenceIT_E4typeEOS6_
FNDA:877300,_ZSt4swapIPSt6vectorI11AsyncBufferIhESaIS2_EEENSt9enable_ifIXsrSt6__and_IJSt21is_move_constructibleIT_ESt18is_move_assignableIS9_EEE5valueEvE4typeERS9_SG_
FNF:8
FNH:8
DA:47,291417
DA:50,291417
DA:76,877313
DA:77,877313
DA:101,12309884
DA:102,12309884
DA:179,877300
DA:190,877300
DA:191,877310
DA:192,877317
DA:193,877250
LF:11
LH:11
end_of_record
SF:/usr/include/c++/6/bits/stl_algobase.h
FN:219,_ZSt3maxImERKT_S2_S2_
FNDA:291431,_ZSt3maxImERKT_S2_S2_
FNF:1
FNH:1
DA:219,291431
DA:224,291431
DA:225,291430
DA:226,1
LF:4
LH:4
end_of_record
SF:/usr/include/c++/6/bits/stl_construct.h
FN:74,_ZSt10_ConstructI11AsyncBufferIhEJEEvPT_DpOT0_
FN:74,_ZSt10_ConstructI11AsyncBufferIhEJS1_EEvPT_DpOT0_
FN:112,_ZNSt12_Destroy_auxILb1EE9__destroyIP11AsyncBufferIhEEEvT_S5_
FN:122,_ZSt8_DestroyIP11AsyncBufferIhEEvT_S3_
FN:148,_ZSt8_DestroyIP11AsyncBufferIhES1_EvT_S3_RSaIT0_E
FNDA:1,_ZSt10_ConstructI11AsyncBufferIhEJS1_EEvPT_DpOT0_
FNDA:291422,_ZSt10_ConstructI11AsyncBufferIhEJEEvPT_DpOT0_
FNDA:1167353,_ZNSt12_Destroy_auxILb1EE9__destroyIP11AsyncBufferIhEEEvT_S5_
FNDA:1167379,_ZSt8_DestroyIP11AsyncBufferIhEEvT_S3_
FNDA:1167427,_ZSt8_DestroyIP11AsyncBufferIhES1_EvT_S3_RSaIT0_E
FNF:5
FNH:5
DA:74,291423
DA:75,291423
DA:112,1167353
DA:122,1167379
DA:126,1167379
DA:128,1167435
DA:148,1167427
DA:151,1167427
DA:152,1167652
LF:9
LH:9
end_of_record
SF:/usr/include/c++/6/bits/stl_iterator.h
FN:1032,_ZNSt13move_iteratorIP11AsyncBufferIhEEC2ES2_
FN:1040,_ZNKSt13move_iteratorIP11AsyncBufferIhEE4baseEv
FN:1044,_ZNKSt13move_iteratorIP11AsyncBufferIhEEdeEv
FN:1052,_ZNSt13move_iteratorIP11AsyncBufferIhEEppEv
FN:1119,_ZSteqIP11AsyncBufferIhEEbRKSt13move_iteratorIT_ES7_
FN:1131,_ZStneIP11AsyncBufferIhEEbRKSt13move_iteratorIT_ES7_
FN:1223,_ZSt32__make_move_if_noexcept_iteratorI11AsyncBufferIhESt13move_iteratorIPS1_EET0_PT_
FNDA:582778,_ZNSt13move_iteratorIP11AsyncBufferIhEEC2ES2_
FNDA:582777,_ZNKSt13move_iteratorIP11AsyncBufferIhEE4baseEv
FNDA:1,_ZNKSt13move_iteratorIP11AsyncBufferIhEEdeEv
FNDA:1,_ZNSt13move_iteratorIP11AsyncBufferIhEEppEv
FNDA:291381,_ZSteqIP11AsyncBufferIhEEbRKSt13move_iteratorIT_ES7_
FNDA:291405,_ZStneIP11AsyncBufferIhEEbRKSt13move_iteratorIT_ES7_
FNDA:582762,_ZSt32__make_move_if_noexcept_iteratorI11AsyncBufferIhESt13move_iteratorIPS1_EET0_PT_
FNF:7
FNH:7
DA:1032,582778
DA:1033,582778
DA:1040,582777
DA:1041,582777
DA:1044,1
DA:1045,1
DA:1052,1
DA:1054,1
DA:1055,1
DA:1119,291381
DA:1121,291381
DA:1131,291405
DA:1133,291405
DA:1223,582762
DA:1224,582762
LF:15
LH:15
end_of_record
SF:/usr/include/c++/6/bits/stl_iterator_base_funcs.h
FN:96,_ZSt10__distanceIPcENSt15iterator_traitsIT_E15difference_typeES2_S2_St26random_access_iterator_tag
FN:135,_ZSt8distanceIPcENSt15iterator_traitsIT_E15difference_typeES2_S2_
FNDA:0,_ZSt10__distanceIPcENSt15iterator_traitsIT_E15difference_typeES2_S2_St26random_access_iterator_tag
FNDA:0,_ZSt8distanceIPcENSt15iterator_traitsIT_E15difference_typeES2_S2_
FNF:2
FNH:0
DA:96,0
DA:102,0
DA:135,0
DA:138,0
DA:139,0
LF:5
LH:0
end_of_record
SF:/usr/include/c++/6/bits/stl_iterator_base_types.h
FN:204,_ZSt19__iterator_categoryIPcENSt15iterator_traitsIT_E17iterator_categoryERKS2_
FNDA:0,_ZSt19__iterator_categoryIPcENSt15iterator_traitsIT_E17iterator_categoryERKS2_
FNF:1
FNH:0
DA:204,0
DA:205,0
LF:2
LH:0
end_of_record
SF:/usr/include/c++/6/bits/stl_uninitialized.h
FN:68,_ZNSt20__uninitialized_copyILb0EE13__uninit_copyISt13move_iteratorIP11AsyncBufferIhEES5_EET0_T_S8_S7_
FN:107,_ZSt18uninitialized_copyISt13move_iteratorIP11AsyncBufferIhEES3_ET0_T_S6_S5_
FN:279,_ZSt22__uninitialized_copy_aISt13move_iteratorIP11AsyncBufferIhEES3_S2_ET0_T_S6_S5_RSaIT1_E
FN:297,_ZSt34__uninitialized_move_if_noexcept_aIP11AsyncBufferIhES2_SaIS1_EET0_T_S5_S4_RT1_
FN:513,_ZNSt27__uninitialized_default_n_1ILb0EE18__uninit_default_nIP11AsyncBufferIhEmEET_S5_T0_
FN:566,_ZSt25__uninitialized_default_nIP11AsyncBufferIhEmET_S3_T0_
FN:635,_ZSt27__uninitialized_default_n_aIP11AsyncBufferIhEmS1_ET_S3_T0_RSaIT1_E
FNDA:291414,_ZNSt20__uninitialized_copyILb0EE13__uninit_copyISt13move_iteratorIP11AsyncBufferIhEES5_EET0_T_S8_S7_
FNDA:291438,_ZSt18uninitialized_copyISt13move_iteratorIP11AsyncBufferIhEES3_ET0_T_S6_S5_
FNDA:291435,_ZSt22__uninitialized_copy_aISt13move_iteratorIP11AsyncBufferIhEES3_S2_ET0_T_S6_S5_RSaIT1_E
FNDA:291391,_ZSt34__uninitialized_move_if_noexcept_aIP11AsyncBufferIhES2_SaIS1_EET0_T_S5_S4_RT1_
FNDA:291429,_ZNSt27__uninitialized_default_n_1ILb0EE18__uninit_default_nIP11AsyncBufferIhEmEET_S5_T0_
FNDA:291414,_ZSt25__uninitialized_default_nIP11AsyncBufferIhEmET_S3_T0_
FNDA:291416,_ZSt27__uninitialized_default_n_aIP11AsyncBufferIhEmS1_ET_S3_T0_RSaIT1_E
FNF:7
FNH:7
DA:68,291414
DA:71,291414
DA:74,291416
DA:75,1
DA:76,291425
DA:78,0
DA:80,0
DA:81,0
DA:107,291438
DA:120,291438
DA:126,291438
DA:279,291435
DA:281,291435
DA:297,291391
DA:303,291391
DA:304,291440
DA:513,291429
DA:515,291429
DA:518,874111
DA:519,291413
DA:520,291357
DA:566,291414
DA:571,291414
DA:575,291414
DA:635,291416
DA:637,291416
LF:26
LH:23
end_of_record
SF:/usr/include/c++/6/bits/stl_vector.h
FN:79,_ZNSt12_Vector_baseI11AsyncBufferIhESaIS1_EE12_Vector_implD2Ev
FN:86,_ZNSt12_Vector_baseI11AsyncBufferIhESaIS1_EE12_Vector_implC2Ev
FN:113,_ZNSt12_Vector_baseI11AsyncBufferIhESaIS1_EE19_M_get_Tp_allocatorEv
FN:117,_ZNKSt12_Vector_baseI11AsyncBufferIhESaIS1_EE19_M_get_Tp_allocatorEv
FN:124,_ZNSt12_Vector_baseI11AsyncBufferIhESaIS1_EEC2Ev
FN:159,_ZNSt12_Vector_baseI11AsyncBufferIhESaIS1_EED2Ev
FN:167,_ZNSt12_Vector_baseI11AsyncBufferIhESaIS1_EE11_M_allocateEm
FN:174,_ZNSt12_Vector_baseI11AsyncBufferIhESaIS1_EE13_M_deallocateEPS1_m
FN:255,_ZNSt6vectorI11AsyncBufferIhESaIS1_EEC2Ev
FN:425,_ZNSt6vectorI11AsyncBufferIhESaIS1_EED2Ev
FN:655,_ZNKSt6vectorI11AsyncBufferIhESaIS1_EE4sizeEv
FN:660,_ZNKSt6vectorI11AsyncBufferIhESaIS1_EE8max_sizeEv
FN:674,_ZNSt6vectorI11AsyncBufferIhESaIS1_EE6resizeEm
FN:780,_ZNSt6vectorI11AsyncBufferIhESaIS1_EEixEm
FN:1420,_ZNKSt6vectorI11AsyncBufferIhESaIS1_EE12_M_check_lenEmPKc
FN:1434,_ZNSt6vectorI11AsyncBufferIhESaIS1_EE15_M_erase_at_endEPS1_
FNDA:877345,_ZNSt12_Vector_baseI11AsyncBufferIhESaIS1_EE12_Vector_implD2Ev
FNDA:877320,_ZNSt12_Vector_baseI11AsyncBufferIhESaIS1_EE12_Vector_implC2Ev
FNDA:1746974,_ZNSt12_Vector_baseI11AsyncBufferIhESaIS1_EE19_M_get_Tp_allocatorEv
FNDA:582786,_ZNKSt12_Vector_baseI11AsyncBufferIhESaIS1_EE19_M_get_Tp_allocatorEv
FNDA:877324,_ZNSt12_Vector_baseI11AsyncBufferIhESaIS1_EEC2Ev
FNDA:877345,_ZNSt12_Vector_baseI11AsyncBufferIhESaIS1_EED2Ev
FNDA:291439,_ZNSt12_Vector_baseI11AsyncBufferIhESaIS1_EE11_M_allocateEm
FNDA:1167467,_ZNSt12_Vector_baseI11AsyncBufferIhESaIS1_EE13_M_deallocateEPS1_m
FNDA:877325,_ZNSt6vectorI11AsyncBufferIhESaIS1_EEC2Ev
FNDA:877345,_ZNSt6vectorI11AsyncBufferIhESaIS1_EED2Ev
FNDA:3489159,_ZNKSt6vectorI11AsyncBufferIhESaIS1_EE4sizeEv
FNDA:582783,_ZNKSt6vectorI11AsyncBufferIhESaIS1_EE8max_sizeEv
FNDA:291429,_ZNSt6vectorI11AsyncBufferIhESaIS1_EE6resizeEm
FNDA:582755,_ZNSt6vectorI11AsyncBufferIhESaIS1_EEixEm
FNDA:291420,_ZNKSt6vectorI11AsyncBufferIhESaIS1_EE12_M_check_lenEmPKc
FNDA:0,_ZNSt6vectorI11AsyncBufferIhESaIS1_EE15_M_erase_at_endEPS1_
FNF:16
FNH:15
DA:79,877345
DA:86,877320
DA:87,877320
DA:88,877315
DA:113,1746974
DA:114,1746974
DA:117,582786
DA:118,582786
DA:124,877324
DA:125,877324
DA:159,877345
DA:160,1754690
DA:161,1754690
DA:167,291439
DA:170,291439
DA:174,1167467
DA:177,1167467
DA:178,291452
DA:179,1167467
DA:255,877325
DA:259,877325
DA:425,877345
DA:426,877345
DA:427,1754690
DA:655,3489159
DA:656,3489159
DA:660,582783
DA:661,582783
DA:674,291429
DA:676,291429
DA:677,291433
DA:678,0
DA:679,0
DA:680,291355
DA:780,582755
DA:781,582755
DA:1420,291420
DA:1422,291420
DA:1423,0
DA:1425,291432
DA:1426,291432
DA:1434,0
DA:1436,0
DA:1437,0
DA:1438,0
LF:45
LH:38
end_of_record
SF:/usr/include/c++/6/bits/unique_ptr.h
FN:57,_ZNSt14default_deleteISt6vectorI11AsyncBufferIhESaIS2_EEEC2Ev
FN:70,_ZNKSt14default_deleteISt6vectorI11AsyncBufferIhESaIS2_EEEclEPS4_
FN:158,_ZNSt10unique_ptrISt6vectorI11AsyncBufferIhESaIS2_EESt14default_deleteIS4_EEC2Ev
FN:170,_ZNSt10unique_ptrIi7CloseFDEC2EPi
FN:170,_ZNSt10unique_ptrISt6vectorI11AsyncBufferIhESaIS2_EESt14default_deleteIS4_EEC2EPS4_
FN:235,_ZNSt10unique_ptrIi7CloseFDED2Ev
FN:235,_ZNSt10unique_ptrISt6vectorI11AsyncBufferIhESaIS2_EESt14default_deleteIS4_EED2Ev
FN:252,_ZNSt10unique_ptrISt6vectorI11AsyncBufferIhESaIS2_EESt14default_deleteIS4_EEaSEOS7_
FN:291,_ZNKSt10unique_ptrISt6vectorI11AsyncBufferIhESaIS2_EESt14default_deleteIS4_EEdeEv
FN:291,_ZNKSt10unique_ptrIi7CloseFDEdeEv
FN:299,_ZNKSt10unique_ptrISt6vectorI11AsyncBufferIhESaIS2_EESt14default_deleteIS4_EEptEv
FN:307,_ZNKSt10unique_ptrISt6vectorI11AsyncBufferIhESaIS2_EESt14default_deleteIS4_EE3getEv
FN:307,_ZNKSt10unique_ptrIi7CloseFDE3getEv
FN:312,_ZNSt10unique_ptrISt6vectorI11AsyncBufferIhESaIS2_EESt14default_deleteIS4_EE11get_deleterEv
FN:312,_ZNSt10unique_ptrIi7CloseFDE11get_deleterEv
FN:328,_ZNSt10unique_ptrISt6vectorI11AsyncBufferIhESaIS2_EESt14default_deleteIS4_EE7releaseEv
FN:342,_ZNSt10unique_ptrISt6vectorI11AsyncBufferIhESaIS2_EESt14default_deleteIS4_EE5resetEPS4_
FN:790,_ZSt11make_uniqueISt6vectorI11AsyncBufferIhESaIS2_EEJEENSt9_MakeUniqIT_E15__single_objectEDpOT0_
FNDA:1748918,_ZNSt14default_deleteISt6vectorI11AsyncBufferIhESaIS2_EEEC2Ev
FNDA:877345,_ZNKSt14default_deleteISt6vectorI11AsyncBufferIhESaIS2_EEEclEPS4_
FNDA:877345,_ZNSt10unique_ptrISt6vectorI11AsyncBufferIhESaIS2_EESt14default_deleteIS4_EEC2Ev
FNDA:877320,_ZNSt10unique_ptrISt6vectorI11AsyncBufferIhESaIS2_EESt14default_deleteIS4_EEC2EPS4_
FNDA:3373,_ZNSt10unique_ptrIi7CloseFDEC2EPi
FNDA:1751793,_ZNSt10unique_ptrISt6vectorI11AsyncBufferIhESaIS2_EESt14default_deleteIS4_EED2Ev
FNDA:3373,_ZNSt10unique_ptrIi7CloseFDED2Ev
FNDA:877141,_ZNSt10unique_ptrISt6vectorI11AsyncBufferIhESaIS2_EESt14default_deleteIS4_EEaSEOS7_
FNDA:582574,_ZNKSt10unique_ptrISt6vectorI11AsyncBufferIhESaIS2_EESt14default_deleteIS4_EEdeEv
FNDA:6897,_ZNKSt10unique_ptrIi7CloseFDEdeEv
FNDA:1738606,_ZNKSt10unique_ptrISt6vectorI11AsyncBufferIhESaIS2_EESt14default_deleteIS4_EEptEv
FNDA:3187303,_ZNKSt10unique_ptrISt6vectorI11AsyncBufferIhESaIS2_EESt14default_deleteIS4_EE3getEv
FNDA:6897,_ZNKSt10unique_ptrIi7CloseFDE3getEv
FNDA:2624891,_ZNSt10unique_ptrISt6vectorI11AsyncBufferIhESaIS2_EESt14default_deleteIS4_EE11get_deleterEv
FNDA:3373,_ZNSt10unique_ptrIi7CloseFDE11get_deleterEv
FNDA:877138,_ZNSt10unique_ptrISt6vectorI11AsyncBufferIhESaIS2_EESt14default_deleteIS4_EE7releaseEv
FNDA:877330,_ZNSt10unique_ptrISt6vectorI11AsyncBufferIhESaIS2_EESt14default_deleteIS4_EE5resetEPS4_
FNDA:877325,_ZSt11make_uniqueISt6vectorI11AsyncBufferIhESaIS2_EEJEENSt9_MakeUniqIT_E15__single_objectEDpOT0_
FNF:18
FNH:18
DA:57,1748918
DA:70,877345
DA:76,877345
DA:77,877345
DA:158,877345
DA:159,877345
DA:161,877345
DA:170,880693
DA:171,880693
DA:173,880700
DA:176,880708
DA:235,1755166
DA:237,1755166
DA:238,1754957
DA:239,880718
DA:240,1754957
DA:241,1754957
DA:252,877141
DA:254,877141
DA:255,877284
DA:256,877321
DA:291,589471
DA:294,589471
DA:299,1738606
DA:302,1738606
DA:307,3194200
DA:308,3194200
DA:312,2628264
DA:313,2628264
DA:328,877138
DA:330,877138
DA:331,877308
DA:332,877326
DA:342,877330
DA:345,877330
DA:346,877273
DA:347,0
DA:348,877273
DA:790,877325
DA:791,877325
LF:40
LH:39
end_of_record
SF:/usr/include/c++/6/bits/vector.tcc
FN:540,_ZNSt6vectorI11AsyncBufferIhESaIS1_EE17_M_default_appendEm
FNDA:291407,_ZNSt6vectorI11AsyncBufferIhESaIS1_EE17_M_default_appendEm
FNF:1
FNH:1
DA:540,291407
DA:543,291407
DA:545,582882
DA:546,291441
DA:548,8
DA:549,0
DA:550,0
DA:555,291441
DA:556,291435
DA:557,291438
DA:558,291451
DA:561,291403
DA:563,291403
DA:564,291451
DA:565,291418
DA:567,291406
DA:569,0
DA:571,0
DA:572,0
DA:573,0
DA:574,0
DA:576,291397
DA:577,291373
DA:578,291412
DA:579,291412
DA:580,291412
DA:581,291357
DA:582,291357
DA:583,291357
DA:586,291331
LF:30
LH:23
end_of_record
SF:/usr/include/c++/6/exception
FN:63,_ZNSt9exceptionC2Ev
FNDA:3,_ZNSt9exceptionC2Ev
FNF:1
FNH:1
DA:63,3
LF:1
LH:1
end_of_record
SF:/usr/include/c++/6/ext/new_allocator.h
FN:79,_ZN9__gnu_cxx13new_allocatorI11AsyncBufferIhEEC2Ev
FN:86,_ZN9__gnu_cxx13new_allocatorI11AsyncBufferIhEED2Ev
FN:99,_ZN9__gnu_cxx13new_allocatorI11AsyncBufferIhEE8allocateEmPKv
FN:109,_ZN9__gnu_cxx13new_allocatorI11AsyncBufferIhEE10deallocateEPS2_m
FN:113,_ZNK9__gnu_cxx13new_allocatorI11AsyncBufferIhEE8max_sizeEv
FNDA:877310,_ZN9__gnu_cxx13new_allocatorI11AsyncBufferIhEEC2Ev
FNDA:877345,_ZN9__gnu_cxx13new_allocatorI11AsyncBufferIhEED2Ev
FNDA:291419,_ZN9__gnu_cxx13new_allocatorI11AsyncBufferIhEE8allocateEmPKv
FNDA:291452,_ZN9__gnu_cxx13new_allocatorI11AsyncBufferIhEE10deallocateEPS2_m
FNDA:874131,_ZNK9__gnu_cxx13new_allocatorI11AsyncBufferIhEE8max_sizeEv
FNF:5
FNH:5
DA:79,877310
DA:86,877345
DA:99,291419
DA:101,291419
DA:102,0
DA:104,291424
DA:109,291452
DA:110,291452
DA:113,874131
DA:114,874131
LF:10
LH:9
end_of_record
SF:/usr/include/c++/6/ext/string_conversions.h
FN:89,_ZN9__gnu_cxx12__to_xstringINSt7__cxx1112basic_stringIcSt11char_traitsIcESaIcEEEcEET_PFiPT0_mPKS8_P13__va_list_tagEmSB_z
FNDA:0,_ZN9__gnu_cxx12__to_xstringINSt7__cxx1112basic_stringIcSt11char_traitsIcESaIcEEEcEET_PFiPT0_mPKS8_P13__va_list_tagEmSB_z
FNF:1
FNH:0
DA:89,0
DA:96,0
DA:99,0
DA:101,0
DA:103,0
DA:105,0
LF:6
LH:0
end_of_record
SF:/usr/include/c++/6/ext/type_traits.h
FN:152,_ZN9__gnu_cxx17__is_null_pointerIcEEbPT_
FNDA:0,_ZN9__gnu_cxx17__is_null_pointerIcEEbPT_
FNF:1
FNH:0
DA:152,0
DA:153,0
LF:2
LH:0
end_of_record
SF:/usr/include/c++/6/initializer_list
FN:66,_ZNSt16initializer_listIP12napi_value__EC1Ev
FN:71,_ZNKSt16initializer_listIN4Napi23ClassPropertyDescriptorI9DisruptorEEE4sizeEv
FN:71,_ZNKSt16initializer_listIP12napi_value__E4sizeEv
FN:75,_ZNKSt16initializer_listIN4Napi23ClassPropertyDescriptorI9DisruptorEEE5beginEv
FN:75,_ZNKSt16initializer_listIP12napi_value__E5beginEv
FNDA:0,_ZNSt16initializer_listIP12napi_value__EC1Ev
FNDA:253,_ZNKSt16initializer_listIN4Napi23ClassPropertyDescriptorI9DisruptorEEE4sizeEv
FNDA:339398,_ZNKSt16initializer_listIP12napi_value__E4sizeEv
FNDA:253,_ZNKSt16initializer_listIN4Napi23ClassPropertyDescriptorI9DisruptorEEE5beginEv
FNDA:339398,_ZNKSt16initializer_listIP12napi_value__E5beginEv
FNF:5
FNH:4
DA:66,0
DA:67,0
DA:71,339651
DA:75,339651
LF:4
LH:2
end_of_record
SF:/usr/include/c++/6/new
FN:146,_ZnwmPv
FNDA:291401,_ZnwmPv
FNF:1
FNH:1
DA:146,291401
DA:147,291401
LF:2
LH:2
end_of_record
SF:/usr/include/c++/6/tuple
FN:58,_ZNSt10_Head_baseILm1E7CloseFDLb1EEC2Ev
FN:58,_ZNSt10_Head_baseILm1ESt14default_deleteISt6vectorI11AsyncBufferIhESaIS3_EEELb1EEC2Ev
FN:95,_ZNSt10_Head_baseILm1ESt14default_deleteISt6vectorI11AsyncBufferIhESaIS3_EEELb1EE7_M_headERS7_
FN:95,_ZNSt10_Head_baseILm1E7CloseFDLb1EE7_M_headERS1_
FN:104,_ZNSt10_Head_baseILm0EPiLb0EEC2Ev
FN:104,_ZNSt10_Head_baseILm0EPSt6vectorI11AsyncBufferIhESaIS2_EELb0EEC2Ev
FN:142,_ZNSt10_Head_baseILm0EPSt6vectorI11AsyncBufferIhESaIS2_EELb0EE7_M_headERS6_
FN:142,_ZNSt10_Head_baseILm0EPiLb0EE7_M_headERS1_
FN:145,_ZNSt10_Head_baseILm0EPSt6vectorI11AsyncBufferIhESaIS2_EELb0EE7_M_headERKS6_
FN:145,_ZNSt10_Head_baseILm0EPiLb0EE7_M_headERKS1_
FN:190,_ZNSt11_Tuple_implILm0EJPSt6vectorI11AsyncBufferIhESaIS2_EESt14default_deleteIS4_EEE7_M_headERS8_
FN:190,_ZNSt11_Tuple_implILm0EJPi7CloseFDEE7_M_headERS2_
FN:193,_ZNSt11_Tuple_implILm0EJPSt6vectorI11AsyncBufferIhESaIS2_EESt14default_deleteIS4_EEE7_M_headERKS8_
FN:193,_ZNSt11_Tuple_implILm0EJPi7CloseFDEE7_M_headERKS2_
FN:201,_ZNSt11_Tuple_implILm0EJPi7CloseFDEEC2Ev
FN:201,_ZNSt11_Tuple_implILm0EJPSt6vectorI11AsyncBufferIhESaIS2_EESt14default_deleteIS4_EEEC2Ev
FN:346,_ZNSt11_Tuple_implILm1EJ7CloseFDEE7_M_headERS1_
FN:346,_ZNSt11_Tuple_implILm1EJSt14default_deleteISt6vectorI11AsyncBufferIhESaIS3_EEEEE7_M_headERS7_
FN:351,_ZNSt11_Tuple_implILm1EJ7CloseFDEEC2Ev
FN:351,_ZNSt11_Tuple_implILm1EJSt14default_deleteISt6vectorI11AsyncBufferIhESaIS3_EEEEEC2Ev
FN:878,_ZNSt5tupleIJPSt6vectorI11AsyncBufferIhESaIS2_EESt14default_deleteIS4_EEEC2IS5_S7_Lb1EEEv
FN:878,_ZNSt5tupleIJPi7CloseFDEEC2IS0_S1_Lb1EEEv
FN:1247,_ZSt12__get_helperILm0EPiJ7CloseFDEERT0_RSt11_Tuple_implIXT_EJS2_DpT1_EE
FN:1247,_ZSt12__get_helperILm1ESt14default_deleteISt6vectorI11AsyncBufferIhESaIS3_EEEJEERT0_RSt11_Tuple_implIXT_EJS7_DpT1_EE
FN:1247,_ZSt12__get_helperILm0EPSt6vectorI11AsyncBufferIhESaIS2_EEJSt14default_deleteIS4_EEERT0_RSt11_Tuple_implIXT_EJS8_DpT1_EE
FN:1247,_ZSt12__get_helperILm1E7CloseFDJEERT0_RSt11_Tuple_implIXT_EJS1_DpT1_EE
FN:1252,_ZSt12__get_helperILm0EPiJ7CloseFDEERKT0_RKSt11_Tuple_implIXT_EJS2_DpT1_EE
FN:1252,_ZSt12__get_helperILm0EPSt6vectorI11AsyncBufferIhESaIS2_EEJSt14default_deleteIS4_EEERKT0_RKSt11_Tuple_implIXT_EJS8_DpT1_EE
FN:1258,_ZSt3getILm1EJPSt6vectorI11AsyncBufferIhESaIS2_EESt14default_deleteIS4_EEERNSt13tuple_elementIXT_ESt5tupleIJDpT0_EEE4typeERSC_
FN:1258,_ZSt3getILm1EJPi7CloseFDEERNSt13tuple_elementIXT_ESt5tupleIJDpT0_EEE4typeERS6_
FN:1258,_ZSt3getILm0EJPi7CloseFDEERNSt13tuple_elementIXT_ESt5tupleIJDpT0_EEE4typeERS6_
FN:1258,_ZSt3getILm0EJPSt6vectorI11AsyncBufferIhESaIS2_EESt14default_deleteIS4_EEERNSt13tuple_elementIXT_ESt5tupleIJDpT0_EEE4typeERSC_
FN:1264,_ZSt3getILm0EJPi7CloseFDEERKNSt13tuple_elementIXT_ESt5tupleIJDpT0_EEE4typeERKS6_
FN:1264,_ZSt3getILm0EJPSt6vectorI11AsyncBufferIhESaIS2_EESt14default_deleteIS4_EEERKNSt13tuple_elementIXT_ESt5tupleIJDpT0_EEE4typeERKSC_
FNDA:1748858,_ZNSt10_Head_baseILm1ESt14default_deleteISt6vectorI11AsyncBufferIhESaIS3_EEELb1EEC2Ev
FNDA:3373,_ZNSt10_Head_baseILm1E7CloseFDLb1EEC2Ev
FNDA:2625563,_ZNSt10_Head_baseILm1ESt14default_deleteISt6vectorI11AsyncBufferIhESaIS3_EEELb1EE7_M_headERS7_
FNDA:3373,_ZNSt10_Head_baseILm1E7CloseFDLb1EE7_M_headERS1_
FNDA:1749333,_ZNSt10_Head_baseILm0EPSt6vectorI11AsyncBufferIhESaIS2_EELb0EEC2Ev
FNDA:3373,_ZNSt10_Head_baseILm0EPiLb0EEC2Ev
FNDA:4369456,_ZNSt10_Head_baseILm0EPSt6vectorI11AsyncBufferIhESaIS2_EELb0EE7_M_headERS6_
FNDA:6746,_ZNSt10_Head_baseILm0EPiLb0EE7_M_headERS1_
FNDA:3190670,_ZNSt10_Head_baseILm0EPSt6vectorI11AsyncBufferIhESaIS2_EELb0EE7_M_headERKS6_
FNDA:6897,_ZNSt10_Head_baseILm0EPiLb0EE7_M_headERKS1_
FNDA:4369583,_ZNSt11_Tuple_implILm0EJPSt6vectorI11AsyncBufferIhESaIS2_EESt14default_deleteIS4_EEE7_M_headERS8_
FNDA:6746,_ZNSt11_Tuple_implILm0EJPi7CloseFDEE7_M_headERS2_
FNDA:3190082,_ZNSt11_Tuple_implILm0EJPSt6vectorI11AsyncBufferIhESaIS2_EESt14default_deleteIS4_EEE7_M_headERKS8_
FNDA:6897,_ZNSt11_Tuple_implILm0EJPi7CloseFDEE7_M_headERKS2_
FNDA:1748687,_ZNSt11_Tuple_implILm0EJPSt6vectorI11AsyncBufferIhESaIS2_EESt14default_deleteIS4_EEEC2Ev
FNDA:3373,_ZNSt11_Tuple_implILm0EJPi7CloseFDEEC2Ev
FNDA:2625459,_ZNSt11_Tuple_implILm1EJSt14default_deleteISt6vectorI11AsyncBufferIhESaIS3_EEEEE7_M_headERS7_
FNDA:3373,_ZNSt11_Tuple_implILm1EJ7CloseFDEE7_M_headERS1_
FNDA:1748809,_ZNSt11_Tuple_implILm1EJSt14default_deleteISt6vectorI11AsyncBufferIhESaIS3_EEEEEC2Ev
FNDA:3373,_ZNSt11_Tuple_implILm1EJ7CloseFDEEC2Ev
FNDA:1748351,_ZNSt5tupleIJPSt6vectorI11AsyncBufferIhESaIS2_EESt14default_deleteIS4_EEEC2IS5_S7_Lb1EEEv
FNDA:3373,_ZNSt5tupleIJPi7CloseFDEEC2IS0_S1_Lb1EEEv
FNDA:2625332,_ZSt12__get_helperILm1ESt14default_deleteISt6vectorI11AsyncBufferIhESaIS3_EEEJEERT0_RSt11_Tuple_implIXT_EJS7_DpT1_EE
FNDA:3373,_ZSt12__get_helperILm1E7CloseFDJEERT0_RSt11_Tuple_implIXT_EJS1_DpT1_EE
FNDA:4368050,_ZSt12__get_helperILm0EPSt6vectorI11AsyncBufferIhESaIS2_EEJSt14default_deleteIS4_EEERT0_RSt11_Tuple_implIXT_EJS8_DpT1_EE
FNDA:6746,_ZSt12__get_helperILm0EPiJ7CloseFDEERT0_RSt11_Tuple_implIXT_EJS2_DpT1_EE
FNDA:3189504,_ZSt12__get_helperILm0EPSt6vectorI11AsyncBufferIhESaIS2_EEJSt14default_deleteIS4_EEERKT0_RKSt11_Tuple_implIXT_EJS8_DpT1_EE
FNDA:6897,_ZSt12__get_helperILm0EPiJ7CloseFDEERKT0_RKSt11_Tuple_implIXT_EJS2_DpT1_EE
FNDA:2625244,_ZSt3getILm1EJPSt6vectorI11AsyncBufferIhESaIS2_EESt14default_deleteIS4_EEERNSt13tuple_elementIXT_ESt5tupleIJDpT0_EEE4typeERSC_
FNDA:3373,_ZSt3getILm1EJPi7CloseFDEERNSt13tuple_elementIXT_ESt5tupleIJDpT0_EEE4typeERS6_
FNDA:4367026,_ZSt3getILm0EJPSt6vectorI11AsyncBufferIhESaIS2_EESt14default_deleteIS4_EEERNSt13tuple_elementIXT_ESt5tupleIJDpT0_EEE4typeERSC_
FNDA:6746,_ZSt3getILm0EJPi7CloseFDEERNSt13tuple_elementIXT_ESt5tupleIJDpT0_EEE4typeERS6_
FNDA:3188091,_ZSt3getILm0EJPSt6vectorI11AsyncBufferIhESaIS2_EESt14default_deleteIS4_EEERKNSt13tuple_elementIXT_ESt5tupleIJDpT0_EEE4typeERKSC_
FNDA:6897,_ZSt3getILm0EJPi7CloseFDEERKNSt13tuple_elementIXT_ESt5tupleIJDpT0_EEE4typeERKS6_
FNF:34
FNH:34
DA:58,1752231
DA:59,1752231
DA:95,2628936
DA:104,1752706
DA:105,1752706
DA:142,4376202
DA:145,3197567
DA:190,4376329
DA:193,3196979
DA:201,1752060
DA:202,1752060
DA:346,2628832
DA:351,1752182
DA:352,1752182
DA:878,1751724
DA:879,1751724
DA:1247,7003501
DA:1248,7003501
DA:1252,3196401
DA:1253,3196401
DA:1258,7002389
DA:1259,7002389
DA:1264,3194988
DA:1265,3194988
LF:24
LH:24
end_of_record
SF:/home/david/shared-memory-disruptor/src/disruptor.cc
FN:39,_ZN9Disruptor4SpinEv
FN:98,_Z12NullCallbackRKN4Napi12CallbackInfoE
FN:102,_Z11GetCallbackRKN4Napi12CallbackInfoEj
FN:117,_ZN20DisruptorAsyncWorkerI11AsyncBufferIhEED0Ev
FN:117,_ZN20DisruptorAsyncWorkerI10AsyncArrayI11AsyncBufferIhEEED0Ev
FN:117,_ZN20DisruptorAsyncWorkerI12AsyncBooleanED2Ev
FN:117,_ZN20DisruptorAsyncWorkerI11AsyncBufferIhEED2Ev
FN:117,_ZN20DisruptorAsyncWorkerI12AsyncBooleanED0Ev
FN:117,_ZN20DisruptorAsyncWorkerI10AsyncArrayI11AsyncBufferIhEEED2Ev
FN:120,_ZN20DisruptorAsyncWorkerI11AsyncBufferIhEEC2EP9DisruptorRKN4Napi8FunctionE
FN:120,_ZN20DisruptorAsyncWorkerI10AsyncArrayI11AsyncBufferIhEEEC2EP9DisruptorRKN4Napi8FunctionE
FN:120,_ZN20DisruptorAsyncWorkerI12AsyncBooleanEC2EP9DisruptorRKN4Napi8FunctionE
FN:132,_ZN20DisruptorAsyncWorkerI12AsyncBooleanE4OnOKEv
FN:132,_ZN20DisruptorAsyncWorkerI10AsyncArrayI11AsyncBufferIhEEE4OnOKEv
FN:132,_ZN20DisruptorAsyncWorkerI11AsyncBufferIhEE4OnOKEv
FN:153,_ZN11AsyncBufferIhEC2Ev
FN:155,_ZN11AsyncBufferIhE3NewEN4Napi3EnvEPhm
FN:160,_ZN11AsyncBufferIhE3NewEN4Napi3EnvEm
FN:165,_ZN11AsyncBufferIhE3SetEPKcm
FN:171,_ZN11AsyncBufferIhE7ToValueEN4Napi3EnvE
FN:192,_ZN11AsyncBufferIhE6LengthEv
FN:204,_ZN10AsyncArrayI11AsyncBufferIhEEC2Ev
FN:204,_ZN10AsyncArrayI11AsyncBufferIhEEaSEOS2_
FN:204,_ZN10AsyncArrayI11AsyncBufferIhEED2Ev
FN:206,_ZN10AsyncArrayI11AsyncBufferIhEE3NewEN4Napi3EnvE
FN:211,_ZN10AsyncArrayI11AsyncBufferIhEE3SetEjS1_
FN:221,_ZN10AsyncArrayI11AsyncBufferIhEE7ToValueEN4Napi3EnvE
FN:232,_ZN10AsyncArrayI11AsyncBufferIhEE6LengthEv
FN:242,_ZN12AsyncBoolean3NewEN4Napi3EnvEb
FN:247,_ZN12AsyncBoolean7ToValueEN4Napi3EnvE
FN:252,_ZNK12AsyncBooleancvbEv
FN:262,_ZN11AsyncNumber3NewEN4Napi3EnvEm
FN:270,_ZN7CloseFDclEPi
FN:277,_Z15ThrowErrnoErrorRKN4Napi12CallbackInfoEPKc
FN:288,_ZN9DisruptorC2ERKN4Napi12CallbackInfoE
FN:347,_ZN9DisruptorD2Ev
FN:352,_ZN9Disruptor7ReleaseEv
FN:369,_ZN9Disruptor7ReleaseERKN4Napi12CallbackInfoE
FN:379,_ZN9Disruptor14ConsumeNewSyncIN4Napi5ArrayENS1_6BufferEEET_RKNS1_3EnvEb
FN:379,_ZN9Disruptor14ConsumeNewSyncI10AsyncArrayI11AsyncBufferIhEES2_EET_RKN4Napi3EnvEb
FN:430,_ZN9Disruptor14ConsumeNewSyncERKN4Napi12CallbackInfoE
FN:435,_ZN21ConsumeNewAsyncWorkerD0Ev
FN:435,_ZN21ConsumeNewAsyncWorkerD2Ev
FN:439,_ZN21ConsumeNewAsyncWorkerC2EP9DisruptorRKN4Napi8FunctionE
FN:447,_ZN21ConsumeNewAsyncWorker7ExecuteEv
FN:454,_ZN21ConsumeNewAsyncWorker5RetryEv
FN:460,_ZN9Disruptor15ConsumeNewAsyncERKN4Napi12CallbackInfoE
FN:465,_ZN9Disruptor10ConsumeNewERKN4Napi12CallbackInfoE
FN:477,_ZN9Disruptor13ConsumeCommitERKN4Napi12CallbackInfoE
FN:482,_ZN9Disruptor13UpdatePendingEmm
FN:488,_ZN9Disruptor13ConsumeCommitEv
FN:501,_ZN9Disruptor16ProduceClaimSyncI11AsyncBuffer11AsyncNumberEET_IhERKN4Napi3EnvEb
FN:501,_ZN9Disruptor16ProduceClaimSyncIN4Napi6BufferENS1_6NumberEEET_IhERKNS1_3EnvEb
FN:540,_ZN9Disruptor16ProduceClaimSyncERKN4Napi12CallbackInfoE
FN:545,_ZN23ProduceClaimAsyncWorkerD0Ev
FN:545,_ZN23ProduceClaimAsyncWorkerD2Ev
FN:549,_ZN23ProduceClaimAsyncWorkerC2EP9DisruptorRKN4Napi8FunctionE
FN:556,_ZN23ProduceClaimAsyncWorker7ExecuteEv
FN:563,_ZN23ProduceClaimAsyncWorker5RetryEv
FN:569,_ZN9Disruptor17ProduceClaimAsyncERKN4Napi12CallbackInfoE
FN:574,_ZN9Disruptor12ProduceClaimERKN4Napi12CallbackInfoE
FN:587,_ZN9Disruptor17ProduceCommitSyncIN4Napi7BooleanEEET_RKNS1_3EnvEmb
FN:587,_ZN9Disruptor17ProduceCommitSyncI12AsyncBooleanEET_RKN4Napi3EnvEmb
FN:603,_ZN9Disruptor10GetSeqNextERKN4Napi12CallbackInfoE
FN:608,_ZN9Disruptor17ProduceCommitSyncERKN4Napi12CallbackInfoE
FN:613,_ZN24ProduceCommitAsyncWorkerD0Ev
FN:613,_ZN24ProduceCommitAsyncWorkerD2Ev
FN:617,_ZN24ProduceCommitAsyncWorkerC2EP9DisruptorRKN4Napi8FunctionEm
FN:626,_ZN24ProduceCommitAsyncWorker7ExecuteEv
FN:633,_ZN24ProduceCommitAsyncWorker5RetryEv
FN:642,_ZN9Disruptor18ProduceCommitAsyncERKN4Napi12CallbackInfoEm
FN:648,_ZN9Disruptor18ProduceCommitAsyncERKN4Napi12CallbackInfoE
FN:653,_ZN9Disruptor13ProduceCommitERKN4Napi12CallbackInfoE
FN:667,_ZN9Disruptor12GetConsumersERKN4Napi12CallbackInfoE
FN:672,_ZN9Disruptor9GetCursorERKN4Napi12CallbackInfoE
FN:677,_ZN9Disruptor7GetNextERKN4Napi12CallbackInfoE
FN:682,_ZN9Disruptor11GetElementsERKN4Napi12CallbackInfoE
FN:687,_ZN9Disruptor11GetConsumerERKN4Napi12CallbackInfoE
FN:692,_ZN9Disruptor21GetPendingSeqConsumerERKN4Napi12CallbackInfoE
FN:697,_ZN9Disruptor19GetPendingSeqCursorERKN4Napi12CallbackInfoE
FN:702,_ZN9Disruptor10InitializeEN4Napi3EnvENS0_6ObjectE
FN:729,_Z10InitializeN4Napi3EnvENS_6ObjectES1_
FN:734,_register_disruptor
FN:734,_Z17__napi_InitializeP10napi_env__P12napi_value__S2_Pv
FNDA:3226093,_ZN9Disruptor4SpinEv
FNDA:1,_Z12NullCallbackRKN4Napi12CallbackInfoE
FNDA:339398,_Z11GetCallbackRKN4Napi12CallbackInfoEj
FNDA:0,_ZN20DisruptorAsyncWorkerI12AsyncBooleanED0Ev
FNDA:2011213,_ZN20DisruptorAsyncWorkerI12AsyncBooleanED2Ev
FNDA:0,_ZN20DisruptorAsyncWorkerI11AsyncBufferIhEED0Ev
FNDA:337535,_ZN20DisruptorAsyncWorkerI11AsyncBufferIhEED2Ev
FNDA:0,_ZN20DisruptorAsyncWorkerI10AsyncArrayI11AsyncBufferIhEEED0Ev
FNDA:877345,_ZN20DisruptorAsyncWorkerI10AsyncArrayI11AsyncBufferIhEEED2Ev
FNDA:2011213,_ZN20DisruptorAsyncWorkerI12AsyncBooleanEC2EP9DisruptorRKN4Napi8FunctionE
FNDA:337535,_ZN20DisruptorAsyncWorkerI11AsyncBufferIhEEC2EP9DisruptorRKN4Napi8FunctionE
FNDA:877345,_ZN20DisruptorAsyncWorkerI10AsyncArrayI11AsyncBufferIhEEEC2EP9DisruptorRKN4Napi8FunctionE
FNDA:877345,_ZN20DisruptorAsyncWorkerI10AsyncArrayI11AsyncBufferIhEEE4OnOKEv
FNDA:337535,_ZN20DisruptorAsyncWorkerI11AsyncBufferIhEE4OnOKEv
FNDA:2011213,_ZN20DisruptorAsyncWorkerI12AsyncBooleanE4OnOKEv
FNDA:628863,_ZN11AsyncBufferIhEC2Ev
FNDA:292235,_ZN11AsyncBufferIhE3NewEN4Napi3EnvEPhm
FNDA:336730,_ZN11AsyncBufferIhE3NewEN4Napi3EnvEm
FNDA:805,_ZN11AsyncBufferIhE3SetEPKcm
FNDA:292263,_ZN11AsyncBufferIhE7ToValueEN4Napi3EnvE
FNDA:337535,_ZN11AsyncBufferIhE6LengthEv
FNDA:877345,_ZN10AsyncArrayI11AsyncBufferIhEEC2Ev
FNDA:877172,_ZN10AsyncArrayI11AsyncBufferIhEEaSEOS2_
FNDA:1751998,_ZN10AsyncArrayI11AsyncBufferIhEED2Ev
FNDA:877320,_ZN10AsyncArrayI11AsyncBufferIhEE3NewEN4Napi3EnvE
FNDA:291428,_ZN10AsyncArrayI11AsyncBufferIhEE3SetEjS1_
FNDA:291457,_ZN10AsyncArrayI11AsyncBufferIhEE7ToValueEN4Napi3EnvE
FNDA:877248,_ZN10AsyncArrayI11AsyncBufferIhEE6LengthEv
FNDA:2011206,_ZN12AsyncBoolean3NewEN4Napi3EnvEb
FNDA:47130,_ZN12AsyncBoolean7ToValueEN4Napi3EnvE
FNDA:2011128,_ZNK12AsyncBooleancvbEv
FNDA:805,_ZN11AsyncNumber3NewEN4Napi3EnvEm
FNDA:3373,_ZN7CloseFDclEPi
FNDA:3,_Z15ThrowErrnoErrorRKN4Napi12CallbackInfoEPKc
FNDA:3373,_ZN9DisruptorC2ERKN4Napi12CallbackInfoE
FNDA:2718,_ZN9DisruptorD2Ev
FNDA:5836,_ZN9Disruptor7ReleaseEv
FNDA:3118,_ZN9Disruptor7ReleaseERKN4Napi12CallbackInfoE
FNDA:877301,_ZN9Disruptor14ConsumeNewSyncI10AsyncArrayI11AsyncBufferIhEES2_EET_RKN4Napi3EnvEb
FNDA:651274,_ZN9Disruptor14ConsumeNewSyncIN4Napi5ArrayENS1_6BufferEEET_RKNS1_3EnvEb
FNDA:69936,_ZN9Disruptor14ConsumeNewSyncERKN4Napi12CallbackInfoE
FNDA:877345,_ZN21ConsumeNewAsyncWorkerD0Ev
FNDA:877345,_ZN21ConsumeNewAsyncWorkerD2Ev
FNDA:877345,_ZN21ConsumeNewAsyncWorkerC2EP9DisruptorRKN4Napi8FunctionE
FNDA:877329,_ZN21ConsumeNewAsyncWorker7ExecuteEv
FNDA:585888,_ZN21ConsumeNewAsyncWorker5RetryEv
FNDA:291457,_ZN9Disruptor15ConsumeNewAsyncERKN4Napi12CallbackInfoE
FNDA:581338,_ZN9Disruptor10ConsumeNewERKN4Napi12CallbackInfoE
FNDA:651266,_ZN9Disruptor13ConsumeCommitERKN4Napi12CallbackInfoE
FNDA:651212,_ZN9Disruptor13UpdatePendingEmm
FNDA:2179821,_ZN9Disruptor13ConsumeCommitEv
FNDA:337535,_ZN9Disruptor16ProduceClaimSyncI11AsyncBuffer11AsyncNumberEET_IhERKN4Napi3EnvEb
FNDA:286068,_ZN9Disruptor16ProduceClaimSyncIN4Napi6BufferENS1_6NumberEEET_IhERKNS1_3EnvEb
FNDA:234180,_ZN9Disruptor16ProduceClaimSyncERKN4Napi12CallbackInfoE
FNDA:337535,_ZN23ProduceClaimAsyncWorkerD0Ev
FNDA:337535,_ZN23ProduceClaimAsyncWorkerD2Ev
FNDA:337535,_ZN23ProduceClaimAsyncWorkerC2EP9DisruptorRKN4Napi8FunctionE
FNDA:337535,_ZN23ProduceClaimAsyncWorker7ExecuteEv
FNDA:336724,_ZN23ProduceClaimAsyncWorker5RetryEv
FNDA:811,_ZN9Disruptor17ProduceClaimAsyncERKN4Napi12CallbackInfoE
FNDA:51888,_ZN9Disruptor12ProduceClaimERKN4Napi12CallbackInfoE
FNDA:2011204,_ZN9Disruptor17ProduceCommitSyncI12AsyncBooleanEET_RKN4Napi3EnvEmb
FNDA:286061,_ZN9Disruptor17ProduceCommitSyncIN4Napi7BooleanEEET_RKNS1_3EnvEmb
FNDA:286865,_ZN9Disruptor10GetSeqNextERKN4Napi12CallbackInfoE
FNDA:234177,_ZN9Disruptor17ProduceCommitSyncERKN4Napi12CallbackInfoE
FNDA:2011213,_ZN24ProduceCommitAsyncWorkerD0Ev
FNDA:2011213,_ZN24ProduceCommitAsyncWorkerD2Ev
FNDA:2011213,_ZN24ProduceCommitAsyncWorkerC2EP9DisruptorRKN4Napi8FunctionEm
FNDA:2010766,_ZN24ProduceCommitAsyncWorker7ExecuteEv
FNDA:1964083,_ZN24ProduceCommitAsyncWorker5RetryEv
FNDA:47130,_ZN9Disruptor18ProduceCommitAsyncERKN4Napi12CallbackInfoEm
FNDA:804,_ZN9Disruptor18ProduceCommitAsyncERKN4Napi12CallbackInfoE
FNDA:51884,_ZN9Disruptor13ProduceCommitERKN4Napi12CallbackInfoE
FNDA:6,_ZN9Disruptor12GetConsumersERKN4Napi12CallbackInfoE
FNDA:78,_ZN9Disruptor9GetCursorERKN4Napi12CallbackInfoE
FNDA:78,_ZN9Disruptor7GetNextERKN4Napi12CallbackInfoE
FNDA:972,_ZN9Disruptor11GetElementsERKN4Napi12CallbackInfoE
FNDA:84,_ZN9Disruptor11GetConsumerERKN4Napi12CallbackInfoE
FNDA:12,_ZN9Disruptor21GetPendingSeqConsumerERKN4Napi12CallbackInfoE
FNDA:12,_ZN9Disruptor19GetPendingSeqCursorERKN4Napi12CallbackInfoE
FNDA:253,_ZN9Disruptor10InitializeEN4Napi3EnvENS0_6ObjectE
FNDA:253,_Z10InitializeN4Napi3EnvENS_6ObjectES1_
FNDA:253,_register_disruptor
FNDA:253,_Z17__napi_InitializeP10napi_env__P12napi_value__S2_Pv
FNF:84
FNH:81
DA:39,3226093
DA:41,3226093
DA:98,1
DA:100,1
DA:102,339398
DA:104,339398
DA:106,339398
DA:107,339398
DA:109,339397
DA:113,1
DA:117,3226093
DA:120,3226093
DA:125,3226093
DA:127,3226093
DA:132,3226093
DA:134,3226093
DA:136,2886695
DA:139,678796
DA:140,339398
DA:141,678796
DA:153,628863
DA:155,292235
DA:157,292235
DA:160,336730
DA:162,336730
DA:165,805
DA:167,805
DA:168,805
DA:169,805
DA:171,292263
DA:173,292263
DA:175,292263
DA:177,292257
DA:181,6
DA:184,292263
DA:186,805
DA:189,292263
DA:192,337535
DA:194,337535
DA:204,3506515
DA:206,877320
DA:208,877320
DA:211,291428
DA:213,291428
DA:215,291436
DA:218,291362
DA:219,291439
DA:221,291457
DA:223,291457
DA:224,291457
DA:225,582909
DA:227,291452
DA:229,291457
DA:232,877248
DA:234,877248
DA:242,2011206
DA:244,2011206
DA:247,47130
DA:249,47130
DA:252,2011128
DA:254,2011128
DA:262,805
DA:264,805
DA:270,3373
DA:272,3373
DA:273,3373
DA:274,3373
DA:277,3
DA:279,3
DA:280,3
DA:281,3
DA:284,6
DA:285,9
DA:288,3373
DA:290,3376
DA:293,3373
DA:294,3373
DA:295,3373
DA:296,3373
DA:297,3373
DA:298,3373
DA:299,3373
DA:303,6746
DA:305,6746
DA:306,3373
DA:308,3
DA:315,6740
DA:316,3370
DA:320,3370
DA:326,3370
DA:329,3370
DA:331,3370
DA:337,3370
DA:338,3370
DA:339,3370
DA:340,3370
DA:341,3370
DA:343,3370
DA:344,3370
DA:345,3370
DA:347,5436
DA:349,2718
DA:350,2718
DA:352,5836
DA:354,5836
DA:356,3118
DA:358,3118
DA:363,3118
DA:366,5836
DA:369,3118
DA:371,3118
DA:376,3118
DA:379,1528575
DA:384,1528575
DA:386,1528599
DA:388,581153466
DA:390,581804720
DA:391,581804720
DA:392,581804720
DA:393,581804720
DA:395,581804720
DA:397,1301414
DA:399,650707
DA:400,650707
DA:402,650693
DA:403,650643
DA:406,581154013
DA:408,1094
DA:410,547
DA:411,547
DA:413,547
DA:415,416
DA:418,416
DA:421,547
DA:422,547
DA:427,1528534
DA:430,69936
DA:432,69936
DA:435,1754690
DA:439,877345
DA:440,877345
DA:442,877345
DA:444,877345
DA:447,877329
DA:450,877329
DA:451,877241
DA:452,877322
DA:454,585888
DA:456,585888
DA:457,585888
DA:460,291457
DA:462,291457
DA:463,291457
DA:465,581338
DA:467,581338
DA:468,581338
DA:470,289889
DA:473,291449
DA:474,291449
DA:477,651266
DA:479,651266
DA:480,651266
DA:482,651212
DA:484,651212
DA:485,651212
DA:486,651212
DA:488,2179821
DA:490,2179821
DA:492,651269
DA:494,651269
DA:495,651269
DA:496,651269
DA:498,2179821
DA:501,46474137
DA:503,46187271
DA:505,46474137
DA:506,46474137
DA:508,46474137
DA:510,58927453
DA:512,58607339
DA:513,58607339
DA:515,58607339
DA:517,46154023
DA:518,46154023
DA:522,46794251
DA:523,320114
DA:525,573732
DA:527,286866
DA:528,573732
DA:530,286866
DA:532,286866
DA:537,336737
DA:540,234180
DA:542,234180
DA:545,675070
DA:549,337535
DA:550,337535
DA:551,337535
DA:553,337535
DA:556,337535
DA:559,337535
DA:560,337535
DA:561,337535
DA:563,336724
DA:565,336724
DA:566,336724
DA:569,811
DA:571,811
DA:572,811
DA:574,51888
DA:576,51888
DA:577,51888
DA:579,51884
DA:582,4
DA:583,4
DA:587,986827973
DA:591,986541111
DA:593,986827973
DA:595,286862
DA:600,2010403
DA:603,286865
DA:605,286865
DA:608,234177
DA:610,234177
DA:613,4022426
DA:617,2011213
DA:619,2011213
DA:621,2011213
DA:623,2011213
DA:626,2010766
DA:629,2010766
DA:630,2011149
DA:631,2011181
DA:633,1964083
DA:635,1964083
DA:636,1964083
DA:642,47130
DA:645,47130
DA:646,47130
DA:648,804
DA:650,804
DA:651,804
DA:653,51884
DA:655,51884
DA:657,51884
DA:658,51884
DA:660,5558
DA:663,46326
DA:664,46326
DA:667,6
DA:669,6
DA:672,78
DA:674,78
DA:677,78
DA:679,78
DA:682,972
DA:684,972
DA:687,84
DA:689,84
DA:692,12
DA:694,12
DA:697,12
DA:699,12
DA:702,253
DA:704,506
DA:706,253
DA:707,253
DA:708,253
DA:709,253
DA:710,253
DA:711,253
DA:712,253
DA:713,253
DA:716,253
DA:717,253
DA:718,253
DA:719,253
DA:720,253
DA:721,253
DA:722,253
DA:723,253
DA:724,253
DA:725,253
DA:726,5060
DA:727,253
DA:729,253
DA:731,253
DA:732,253
DA:734,506
LF:289
LH:289
end_of_record
