TN:
SF:/usr/include/c++/11/bits/allocator.h
FN:168,_ZNSaI11AsyncBufferEC2Ev
FNDA:2657288,_ZNSaI11AsyncBufferEC2Ev
FN:168,_ZNSaI24napi_property_descriptorEC2Ev
FNDA:505,_ZNSaI24napi_property_descriptorEC2Ev
FN:168,_ZNSaIP12napi_value__EC2Ev
FNDA:0,_ZNSaIP12napi_value__EC2Ev
FN:168,_ZNSaINSt8__detail10_Hash_nodeIPhLb0EEEEC2Ev
FNDA:253,_ZNSaINSt8__detail10_Hash_nodeIPhLb0EEEEC2Ev
FN:171,_ZNSaI24napi_property_descriptorEC2ERKS0_
FNDA:1010,_ZNSaI24napi_property_descriptorEC2ERKS0_
FN:181,_ZNSaIPNSt8__detail15_Hash_node_baseEEC2INS_10_Hash_nodeIPhLb0EEEEERKSaIT_E
FNDA:265,_ZNSaIPNSt8__detail15_Hash_node_baseEEC2INS_10_Hash_nodeIPhLb0EEEEERKSaIT_E
FN:186,_ZNSaIPNSt8__detail15_Hash_node_baseEED2Ev
FNDA:265,_ZNSaIPNSt8__detail15_Hash_node_baseEED2Ev
FN:186,_ZNSaI11AsyncBufferED2Ev
FNDA:2657288,_ZNSaI11AsyncBufferED2Ev
FN:186,_ZNSaI24napi_property_descriptorED2Ev
FNDA:1515,_ZNSaI24napi_property_descriptorED2Ev
FN:186,_ZNSaIP12napi_value__ED2Ev
FNDA:0,_ZNSaIP12napi_value__ED2Ev
DA:168,2657288
DA:168,505
DA:168,0
DA:168,253
DA:171,1010
DA:172,1010
DA:181,265
DA:186,265
DA:186,2657288
DA:186,1515
DA:186,0
end_of_record
SF:/usr/include/c++/11/iostream
end_of_record
SF:/usr/include/c++/11/bits/stl_pair.h
FN:352,_ZNSt4pairINSt8__detail14_Node_iteratorIPhLb1ELb0EEEbEC2IS3_bLb1EEEOT_OT0_
FNDA:0,_ZNSt4pairINSt8__detail14_Node_iteratorIPhLb1ELb0EEEbEC2IS3_bLb1EEEOT_OT0_
FN:352,_ZNSt4pairINSt8__detail14_Node_iteratorIPhLb1ELb0EEEbEC2IRS3_bLb1EEEOT_OT0_
FNDA:4736,_ZNSt4pairINSt8__detail14_Node_iteratorIPhLb1ELb0EEEbEC2IRS3_bLb1EEEOT_OT0_
FN:567,_ZSt9make_pairINSt8__detail14_Node_iteratorIPhLb1ELb0EEEbESt4pairINSt25__strip_reference_wrapperINSt5decayIT_E4typeEE6__typeENS5_INS6_IT0_E4typeEE6__typeEEOS7_OSC_
FNDA:0,_ZSt9make_pairINSt8__detail14_Node_iteratorIPhLb1ELb0EEEbESt4pairINSt25__strip_reference_wrapperINSt5decayIT_E4typeEE6__typeENS5_INS6_IT0_E4typeEE6__typeEEOS7_OSC_
DA:352,0
DA:353,0
DA:352,4736
DA:353,4736
DA:567,0
DA:572,0
end_of_record
SF:/usr/include/c++/11/bits/hashtable_policy.h
FN:84,_ZNKSt8__detail9_IdentityclIRPhEEOT_S5_
FNDA:4736,_ZNKSt8__detail9_IdentityclIRPhEEOT_S5_
FN:84,_ZNKSt8__detail9_IdentityclIRKPhEEOT_S6_
FNDA:36650,_ZNKSt8__detail9_IdentityclIRKPhEEOT_S6_
FN:218,_ZNSt8__detail15_Hash_node_baseC2Ev
FNDA:4989,_ZNSt8__detail15_Hash_node_baseC2Ev
FN:236,_ZNSt8__detail21_Hash_node_value_baseIPhE9_M_valptrEv
FNDA:13196,_ZNSt8__detail21_Hash_node_value_baseIPhE9_M_valptrEv
FN:240,_ZNKSt8__detail21_Hash_node_value_baseIPhE9_M_valptrEv
FNDA:36650,_ZNKSt8__detail21_Hash_node_value_baseIPhE9_M_valptrEv
FN:244,_ZNSt8__detail21_Hash_node_value_baseIPhE4_M_vEv
FNDA:4736,_ZNSt8__detail21_Hash_node_value_baseIPhE4_M_vEv
FN:248,_ZNKSt8__detail21_Hash_node_value_baseIPhE4_M_vEv
FNDA:36650,_ZNKSt8__detail21_Hash_node_value_baseIPhE4_M_vEv
FN:281,_ZNKSt8__detail10_Hash_nodeIPhLb0EE7_M_nextEv
FNDA:29937,_ZNKSt8__detail10_Hash_nodeIPhLb0EE7_M_nextEv
FN:294,_ZNSt8__detail19_Node_iterator_baseIPhLb0EEC2EPNS_10_Hash_nodeIS1_Lb0EEE
FNDA:23120,_ZNSt8__detail19_Node_iterator_baseIPhLb0EEC2EPNS_10_Hash_nodeIS1_Lb0EEE
FN:302,_ZNSt8__detaileqERKNS_19_Node_iterator_baseIPhLb0EEES4_
FNDA:7330,_ZNSt8__detaileqERKNS_19_Node_iterator_baseIPhLb0EEES4_
FN:337,_ZNSt8__detail14_Node_iteratorIPhLb1ELb0EEC2EPNS_10_Hash_nodeIS1_Lb0EEE
FNDA:23120,_ZNSt8__detail14_Node_iteratorIPhLb1ELb0EEC2EPNS_10_Hash_nodeIS1_Lb0EEE
FN:427,_ZNKSt8__detail18_Mod_range_hashingclEmm
FNDA:34233,_ZNKSt8__detail18_Mod_range_hashingclEmm
FN:445,_ZNSt8__detail20_Prime_rehash_policyC2Ef
FNDA:253,_ZNSt8__detail20_Prime_rehash_policyC2Ef
FN:472,_ZNKSt8__detail20_Prime_rehash_policy8_M_stateEv
FNDA:4736,_ZNKSt8__detail20_Prime_rehash_policy8_M_stateEv
FN:480,_ZNSt8__detail20_Prime_rehash_policy8_M_resetEm
FNDA:0,_ZNSt8__detail20_Prime_rehash_policy8_M_resetEm
FN:1126,_ZNSt8__detail21_Hashtable_ebo_helperILi0ESaINS_10_Hash_nodeIPhLb0EEEELb1EEC2Ev
FNDA:253,_ZNSt8__detail21_Hashtable_ebo_helperILi0ESaINS_10_Hash_nodeIPhLb0EEEELb1EEC2Ev
FN:1133,_ZNKSt8__detail21_Hashtable_ebo_helperILi0ESt8equal_toIPhELb1EE7_M_cgetEv
FNDA:18466,_ZNKSt8__detail21_Hashtable_ebo_helperILi0ESt8equal_toIPhELb1EE7_M_cgetEv
FN:1133,_ZNKSt8__detail21_Hashtable_ebo_helperILi1ESt4hashIPhELb1EE7_M_cgetEv
FNDA:33974,_ZNKSt8__detail21_Hashtable_ebo_helperILi1ESt4hashIPhELb1EE7_M_cgetEv
FN:1134,_ZNSt8__detail21_Hashtable_ebo_helperILi0ESaINS_10_Hash_nodeIPhLb0EEEELb1EE6_M_getEv
FNDA:17185,_ZNSt8__detail21_Hashtable_ebo_helperILi0ESaINS_10_Hash_nodeIPhLb0EEEELb1EE6_M_getEv
FN:1213,_ZNKSt8__detail15_Hash_code_baseIPhS1_NS_9_IdentityESt4hashIS1_ENS_18_Mod_range_hashingENS_20_Default_ranged_hashELb0EE12_M_hash_codeERKS1_
FNDA:33974,_ZNKSt8__detail15_Hash_code_baseIPhS1_NS_9_IdentityESt4hashIS1_ENS_18_Mod_range_hashingENS_20_Default_ranged_hashELb0EE12_M_hash_codeERKS1_
FN:1230,_ZNKSt8__detail15_Hash_code_baseIPhS1_NS_9_IdentityESt4hashIS1_ENS_18_Mod_range_hashingENS_20_Default_ranged_hashELb0EE15_M_bucket_indexEmm
FNDA:16049,_ZNKSt8__detail15_Hash_code_baseIPhS1_NS_9_IdentityESt4hashIS1_ENS_18_Mod_range_hashingENS_20_Default_ranged_hashELb0EE15_M_bucket_indexEmm
FN:1234,_ZNKSt8__detail15_Hash_code_baseIPhS1_NS_9_IdentityESt4hashIS1_ENS_18_Mod_range_hashingENS_20_Default_ranged_hashELb0EE15_M_bucket_indexERKNS_16_Hash_node_valueIS1_Lb0EEEm
FNDA:18184,_ZNKSt8__detail15_Hash_code_baseIPhS1_NS_9_IdentityESt4hashIS1_ENS_18_Mod_range_hashingENS_20_Default_ranged_hashELb0EE15_M_bucket_indexERKNS_16_Hash_node_valueIS1_Lb0EEEm
FN:1252,_ZNKSt8__detail15_Hash_code_baseIPhS1_NS_9_IdentityESt4hashIS1_ENS_18_Mod_range_hashingENS_20_Default_ranged_hashELb0EE13_M_store_codeERNS_21_Hash_node_code_cacheILb0EEEm
FNDA:4736,_ZNKSt8__detail15_Hash_code_baseIPhS1_NS_9_IdentityESt4hashIS1_ENS_18_Mod_range_hashingENS_20_Default_ranged_hashELb0EE13_M_store_codeERNS_21_Hash_node_code_cacheILb0EEEm
FN:1274,_ZNKSt8__detail15_Hash_code_baseIPhS1_NS_9_IdentityESt4hashIS1_ENS_18_Mod_range_hashingENS_20_Default_ranged_hashELb0EE7_M_hashEv
FNDA:33974,_ZNKSt8__detail15_Hash_code_baseIPhS1_NS_9_IdentityESt4hashIS1_ENS_18_Mod_range_hashingENS_20_Default_ranged_hashELb0EE7_M_hashEv
FN:1584,_ZNSt8__detail15_Hashtable_baseIPhS1_NS_9_IdentityESt8equal_toIS1_ESt4hashIS1_ENS_18_Mod_range_hashingENS_20_Default_ranged_hashENS_17_Hashtable_traitsILb0ELb1ELb1EEEE9_S_equalsEmRKNS_21_Hash_node_code_cacheILb0EEE
FNDA:18466,_ZNSt8__detail15_Hashtable_baseIPhS1_NS_9_IdentityESt8equal_toIS1_ESt4hashIS1_ENS_18_Mod_range_hashingENS_20_Default_ranged_hashENS_17_Hashtable_traitsILb0ELb1ELb1EEEE9_S_equalsEmRKNS_21_Hash_node_code_cacheILb0EEE
FN:1608,_ZNKSt8__detail15_Hashtable_baseIPhS1_NS_9_IdentityESt8equal_toIS1_ESt4hashIS1_ENS_18_Mod_range_hashingENS_20_Default_ranged_hashENS_17_Hashtable_traitsILb0ELb1ELb1EEEE9_M_equalsERKS1_mRKNS_16_Hash_node_valueIS1_Lb0EEE
FNDA:18466,_ZNKSt8__detail15_Hashtable_baseIPhS1_NS_9_IdentityESt8equal_toIS1_ESt4hashIS1_ENS_18_Mod_range_hashingENS_20_Default_ranged_hashENS_17_Hashtable_traitsILb0ELb1ELb1EEEE9_M_equalsERKS1_mRKNS_16_Hash_node_valueIS1_Lb0EEE
FN:1647,_ZNKSt8__detail15_Hashtable_baseIPhS1_NS_9_IdentityESt8equal_toIS1_ESt4hashIS1_ENS_18_Mod_range_hashingENS_20_Default_ranged_hashENS_17_Hashtable_traitsILb0ELb1ELb1EEEE5_M_eqEv
FNDA:18466,_ZNKSt8__detail15_Hashtable_baseIPhS1_NS_9_IdentityESt8equal_toIS1_ESt4hashIS1_ENS_18_Mod_range_hashingENS_20_Default_ranged_hashENS_17_Hashtable_traitsILb0ELb1ELb1EEEE5_M_eqEv
FN:1820,_ZNSt8__detail16_Hashtable_allocISaINS_10_Hash_nodeIPhLb0EEEEEC2Ev
FNDA:253,_ZNSt8__detail16_Hashtable_allocISaINS_10_Hash_nodeIPhLb0EEEEEC2Ev
FN:1830,_ZNSt8__detail16_Hashtable_allocISaINS_10_Hash_nodeIPhLb0EEEEE17_M_node_allocatorEv
FNDA:17185,_ZNSt8__detail16_Hashtable_allocISaINS_10_Hash_nodeIPhLb0EEEEE17_M_node_allocatorEv
FN:1867,_ZNSt8__detail16_Hashtable_allocISaINS_10_Hash_nodeIPhLb0EEEEE16_M_allocate_nodeIJRS2_EEEPS3_DpOT_
FNDA:4736,_ZNSt8__detail16_Hashtable_allocISaINS_10_Hash_nodeIPhLb0EEEEE16_M_allocate_nodeIJRS2_EEEPS3_DpOT_
FN:1889,_ZNSt8__detail16_Hashtable_allocISaINS_10_Hash_nodeIPhLb0EEEEE18_M_deallocate_nodeEPS3_
FNDA:3724,_ZNSt8__detail16_Hashtable_allocISaINS_10_Hash_nodeIPhLb0EEEEE18_M_deallocate_nodeEPS3_
FN:1897,_ZNSt8__detail16_Hashtable_allocISaINS_10_Hash_nodeIPhLb0EEEEE22_M_deallocate_node_ptrEPS3_
FNDA:3724,_ZNSt8__detail16_Hashtable_allocISaINS_10_Hash_nodeIPhLb0EEEEE22_M_deallocate_node_ptrEPS3_
FN:1919,_ZNSt8__detail16_Hashtable_allocISaINS_10_Hash_nodeIPhLb0EEEEE19_M_allocate_bucketsEm
FNDA:259,_ZNSt8__detail16_Hashtable_allocISaINS_10_Hash_nodeIPhLb0EEEEE19_M_allocate_bucketsEm
FN:1932,_ZNSt8__detail16_Hashtable_allocISaINS_10_Hash_nodeIPhLb0EEEEE21_M_deallocate_bucketsEPPNS_15_Hash_node_baseEm
FNDA:6,_ZNSt8__detail16_Hashtable_allocISaINS_10_Hash_nodeIPhLb0EEEEE21_M_deallocate_bucketsEPPNS_15_Hash_node_baseEm
DA:84,36650
DA:85,36650
DA:84,4736
DA:85,4736
DA:218,4989
DA:236,13196
DA:237,13196
DA:240,36650
DA:241,36650
DA:244,4736
DA:245,4736
DA:248,36650
DA:249,36650
DA:281,29937
DA:282,29937
DA:294,23120
DA:295,23120
DA:302,7330
DA:304,7330
DA:337,23120
DA:338,23120
DA:427,34233
DA:429,34233
DA:445,253
DA:446,253
DA:472,4736
DA:473,4736
DA:480,0
DA:481,0
DA:1126,253
DA:1133,18466
DA:1133,33974
DA:1134,17185
DA:1213,33974
DA:1217,33974
DA:1230,16049
DA:1231,16049
DA:1234,18184
DA:1240,36368
DA:1241,18184
DA:1252,4736
DA:1253,4736
DA:1274,33974
DA:1584,18466
DA:1585,18466
DA:1608,18466
DA:1614,18466
DA:1647,18466
DA:1820,253
DA:1830,17185
DA:1831,17185
DA:1867,4736
DA:1870,4736
DA:1871,4736
DA:1874,4736
DA:1875,4736
DA:1878,4736
DA:1880,0
DA:1882,0
DA:1883,0
DA:1889,3724
DA:1891,3724
DA:1892,3724
DA:1893,3724
DA:1897,3724
DA:1900,3724
DA:1901,3724
DA:1902,3724
DA:1903,3724
DA:1919,259
DA:1922,259
DA:1924,259
DA:1925,259
DA:1926,259
DA:1927,259
DA:1928,259
DA:1932,6
DA:1937,6
DA:1938,6
DA:1939,6
DA:1940,6
end_of_record
SF:/usr/include/c++/11/bits/vector.tcc
FN:611,_ZNSt6vectorI11AsyncBufferSaIS0_EE17_M_default_appendEm
FNDA:311890,_ZNSt6vectorI11AsyncBufferSaIS0_EE17_M_default_appendEm
DA:611,311890
DA:614,311890
DA:616,311890
DA:617,311890
DA:618,311890
DA:620,311890
DA:621,0
DA:623,311890
DA:626,0
DA:627,0
DA:628,0
DA:634,311890
DA:635,311890
DA:640,311890
DA:641,311890
DA:643,0
DA:645,0
DA:646,0
DA:648,311890
DA:649,311890
DA:675,311890
DA:676,311890
DA:677,311890
DA:678,311890
DA:679,311890
DA:680,311890
DA:683,311890
end_of_record
SF:/usr/include/c++/11/bits/functional_hash.h
FN:110,_ZNKSt4hashIPhEclES0_
FNDA:33974,_ZNKSt4hashIPhEclES0_
DA:110,33974
DA:111,33974
end_of_record
SF:/usr/include/c++/11/bits/unique_ptr.h
FN:79,_ZNKSt14default_deleteISt6vectorI11AsyncBufferSaIS1_EEEclEPS3_
FNDA:2657288,_ZNKSt14default_deleteISt6vectorI11AsyncBufferSaIS1_EEEclEPS3_
FN:155,_ZNSt15__uniq_ptr_implISt6vectorI11AsyncBufferSaIS1_EESt14default_deleteIS3_EEC2EPS3_
FNDA:2657288,_ZNSt15__uniq_ptr_implISt6vectorI11AsyncBufferSaIS1_EESt14default_deleteIS3_EEC2EPS3_
FN:155,_ZNSt15__uniq_ptr_implIi7CloseFDEC2EPi
FNDA:4736,_ZNSt15__uniq_ptr_implIi7CloseFDEC2EPi
FN:161,_ZNSt15__uniq_ptr_implISt6vectorI11AsyncBufferSaIS1_EESt14default_deleteIS3_EEC2EOS6_
FNDA:311842,_ZNSt15__uniq_ptr_implISt6vectorI11AsyncBufferSaIS1_EESt14default_deleteIS3_EEC2EOS6_
FN:165,_ZNSt15__uniq_ptr_implISt6vectorI11AsyncBufferSaIS1_EESt14default_deleteIS3_EEaSEOS6_
FNDA:1328644,_ZNSt15__uniq_ptr_implISt6vectorI11AsyncBufferSaIS1_EESt14default_deleteIS3_EEaSEOS6_
FN:172,_ZNSt15__uniq_ptr_implIi7CloseFDE6_M_ptrEv
FNDA:9472,_ZNSt15__uniq_ptr_implIi7CloseFDE6_M_ptrEv
FN:172,_ZNSt15__uniq_ptr_implISt6vectorI11AsyncBufferSaIS1_EESt14default_deleteIS3_EE6_M_ptrEv
FNDA:11252836,_ZNSt15__uniq_ptr_implISt6vectorI11AsyncBufferSaIS1_EESt14default_deleteIS3_EE6_M_ptrEv
FN:173,_ZNKSt15__uniq_ptr_implISt6vectorI11AsyncBufferSaIS1_EESt14default_deleteIS3_EE6_M_ptrEv
FNDA:2996718,_ZNKSt15__uniq_ptr_implISt6vectorI11AsyncBufferSaIS1_EESt14default_deleteIS3_EE6_M_ptrEv
FN:173,_ZNKSt15__uniq_ptr_implIi7CloseFDE6_M_ptrEv
FNDA:5000,_ZNKSt15__uniq_ptr_implIi7CloseFDE6_M_ptrEv
FN:174,_ZNSt15__uniq_ptr_implIi7CloseFDE10_M_deleterEv
FNDA:4736,_ZNSt15__uniq_ptr_implIi7CloseFDE10_M_deleterEv
FN:174,_ZNSt15__uniq_ptr_implISt6vectorI11AsyncBufferSaIS1_EESt14default_deleteIS3_EE10_M_deleterEv
FNDA:5314576,_ZNSt15__uniq_ptr_implISt6vectorI11AsyncBufferSaIS1_EESt14default_deleteIS3_EE10_M_deleterEv
FN:177,_ZNSt15__uniq_ptr_implISt6vectorI11AsyncBufferSaIS1_EESt14default_deleteIS3_EE5resetEPS3_
FNDA:1328644,_ZNSt15__uniq_ptr_implISt6vectorI11AsyncBufferSaIS1_EESt14default_deleteIS3_EE5resetEPS3_
FN:185,_ZNSt15__uniq_ptr_implISt6vectorI11AsyncBufferSaIS1_EESt14default_deleteIS3_EE7releaseEv
FNDA:1328644,_ZNSt15__uniq_ptr_implISt6vectorI11AsyncBufferSaIS1_EESt14default_deleteIS3_EE7releaseEv
FN:211,_ZNSt15__uniq_ptr_dataISt6vectorI11AsyncBufferSaIS1_EESt14default_deleteIS3_ELb1ELb1EEC2EOS6_
FNDA:311842,_ZNSt15__uniq_ptr_dataISt6vectorI11AsyncBufferSaIS1_EESt14default_deleteIS3_ELb1ELb1EEC2EOS6_
FN:212,_ZNSt15__uniq_ptr_dataISt6vectorI11AsyncBufferSaIS1_EESt14default_deleteIS3_ELb1ELb1EEaSEOS6_
FNDA:1328644,_ZNSt15__uniq_ptr_dataISt6vectorI11AsyncBufferSaIS1_EESt14default_deleteIS3_ELb1ELb1EEaSEOS6_
FN:281,_ZNSt10unique_ptrIi7CloseFDEC2IS0_vEEPi
FNDA:4736,_ZNSt10unique_ptrIi7CloseFDEC2IS0_vEEPi
FN:281,_ZNSt10unique_ptrISt6vectorI11AsyncBufferSaIS1_EESt14default_deleteIS3_EEC2IS5_vEEPS3_
FNDA:2657288,_ZNSt10unique_ptrISt6vectorI11AsyncBufferSaIS1_EESt14default_deleteIS3_EEC2IS5_vEEPS3_
FN:327,_ZNSt10unique_ptrISt6vectorI11AsyncBufferSaIS1_EESt14default_deleteIS3_EEC2EOS6_
FNDA:311842,_ZNSt10unique_ptrISt6vectorI11AsyncBufferSaIS1_EESt14default_deleteIS3_EEC2EOS6_
FN:355,_ZNSt10unique_ptrISt6vectorI11AsyncBufferSaIS1_EESt14default_deleteIS3_EED2Ev
FNDA:2969130,_ZNSt10unique_ptrISt6vectorI11AsyncBufferSaIS1_EESt14default_deleteIS3_EED2Ev
FN:355,_ZNSt10unique_ptrIi7CloseFDED2Ev
FNDA:4736,_ZNSt10unique_ptrIi7CloseFDED2Ev
FN:371,_ZNSt10unique_ptrISt6vectorI11AsyncBufferSaIS1_EESt14default_deleteIS3_EEaSEOS6_
FNDA:1328644,_ZNSt10unique_ptrISt6vectorI11AsyncBufferSaIS1_EESt14default_deleteIS3_EEaSEOS6_
FN:405,_ZNKSt10unique_ptrISt6vectorI11AsyncBufferSaIS1_EESt14default_deleteIS3_EEdeEv
FNDA:623780,_ZNKSt10unique_ptrISt6vectorI11AsyncBufferSaIS1_EESt14default_deleteIS3_EEdeEv
FN:405,_ZNKSt10unique_ptrIi7CloseFDEdeEv
FNDA:5000,_ZNKSt10unique_ptrIi7CloseFDEdeEv
FN:413,_ZNKSt10unique_ptrISt6vectorI11AsyncBufferSaIS1_EESt14default_deleteIS3_EEptEv
FNDA:2372938,_ZNKSt10unique_ptrISt6vectorI11AsyncBufferSaIS1_EESt14default_deleteIS3_EEptEv
FN:421,_ZNKSt10unique_ptrIi7CloseFDE3getEv
FNDA:5000,_ZNKSt10unique_ptrIi7CloseFDE3getEv
FN:421,_ZNKSt10unique_ptrISt6vectorI11AsyncBufferSaIS1_EESt14default_deleteIS3_EE3getEv
FNDA:2996718,_ZNKSt10unique_ptrISt6vectorI11AsyncBufferSaIS1_EESt14default_deleteIS3_EE3getEv
FN:426,_ZNSt10unique_ptrISt6vectorI11AsyncBufferSaIS1_EESt14default_deleteIS3_EE11get_deleterEv
FNDA:1328644,_ZNSt10unique_ptrISt6vectorI11AsyncBufferSaIS1_EESt14default_deleteIS3_EE11get_deleterEv
FN:426,_ZNSt10unique_ptrIi7CloseFDE11get_deleterEv
FNDA:4736,_ZNSt10unique_ptrIi7CloseFDE11get_deleterEv
FN:961,_ZSt11make_uniqueISt6vectorI11AsyncBufferSaIS1_EEJEENSt9_MakeUniqIT_E15__single_objectEDpOT0_
FNDA:2657288,_ZSt11make_uniqueISt6vectorI11AsyncBufferSaIS1_EEJEENSt9_MakeUniqIT_E15__single_objectEDpOT0_
DA:79,2657288
DA:85,2657288
DA:86,2657288
DA:155,2657288
DA:155,4736
DA:161,311842
DA:162,311842
DA:163,311842
DA:165,1328644
DA:167,1328644
DA:168,1328644
DA:169,1328644
DA:172,11252836
DA:172,9472
DA:173,2996718
DA:173,5000
DA:174,4736
DA:174,5314576
DA:177,1328644
DA:179,1328644
DA:180,1328644
DA:181,1328644
DA:182,1328644
DA:183,1328644
DA:185,1328644
DA:187,1328644
DA:188,1328644
DA:189,1328644
DA:211,311842
DA:212,1328644
DA:281,2657288
DA:282,2657288
DA:283,2657288
DA:281,4736
DA:282,4736
DA:283,4736
DA:327,311842
DA:355,2969130
DA:359,2969130
DA:360,2969130
DA:361,1328644
DA:362,2969130
DA:363,2969130
DA:355,4736
DA:359,4736
DA:360,4736
DA:361,4736
DA:362,4736
DA:363,4736
DA:371,1328644
DA:405,623780
DA:407,623780
DA:408,623780
DA:405,5000
DA:407,5000
DA:408,5000
DA:413,2372938
DA:416,2372938
DA:421,2996718
DA:422,2996718
DA:421,5000
DA:422,5000
DA:426,1328644
DA:427,1328644
DA:426,4736
DA:427,4736
DA:961,2657288
DA:962,2657288
end_of_record
SF:/usr/include/c++/11/bits/exception.h
FN:64,_ZNSt9exceptionC2Ev
FNDA:4,_ZNSt9exceptionC2Ev
DA:64,4
end_of_record
SF:/usr/include/c++/11/bits/std_mutex.h
FN:98,_ZNSt5mutex4lockEv
FNDA:13701,_ZNSt5mutex4lockEv
FN:115,_ZNSt5mutex6unlockEv
FNDA:13701,_ZNSt5mutex6unlockEv
FN:228,_ZNSt10lock_guardISt5mutexEC2ERS0_
FNDA:13701,_ZNSt10lock_guardISt5mutexEC2ERS0_
FN:234,_ZNSt10lock_guardISt5mutexED2Ev
FNDA:13701,_ZNSt10lock_guardISt5mutexED2Ev
DA:98,13701
DA:100,13701
DA:103,13701
DA:104,0
DA:105,13701
DA:115,13701
DA:118,13701
DA:119,13701
DA:228,13701
DA:229,13701
DA:234,13701
DA:235,13701
end_of_record
SF:/home/david/shared-memory-disruptor/node_modules/node-addon-api/napi-inl.h
FN:29,_ZN4Napi7detailsL10AttachDataINS_18MethodCallbackDataI9DisruptorPFNS_5ValueERKNS_12CallbackInfoEEEEEE11napi_statusP10napi_env__P12napi_value__PT_PFvSD_PvSI_ESI_
FNDA:0,_ZN4Napi7detailsL10AttachDataINS_18MethodCallbackDataI9DisruptorPFNS_5ValueERKNS_12CallbackInfoEEEEEE11napi_statusP10napi_env__P12napi_value__PT_PFvSD_PvSI_ESI_
FN:29,_ZN4Napi7detailsL10AttachDataINS_18MethodCallbackDataI9DisruptorMS3_FvRKNS_12CallbackInfoEEEEEE11napi_statusP10napi_env__P12napi_value__PT_PFvSC_PvSH_ESH_
FNDA:0,_ZN4Napi7detailsL10AttachDataINS_18MethodCallbackDataI9DisruptorMS3_FvRKNS_12CallbackInfoEEEEEE11napi_statusP10napi_env__P12napi_value__PT_PFvSC_PvSH_ESH_
FN:29,_ZN4Napi7detailsL10AttachDataINS_20AccessorCallbackDataI9DisruptorMS3_FNS_5ValueERKNS_12CallbackInfoEEMS3_FvS7_RKS4_EEEEE11napi_statusP10napi_env__P12napi_value__PT_PFvSH_PvSM_ESM_
FNDA:0,_ZN4Napi7detailsL10AttachDataINS_20AccessorCallbackDataI9DisruptorMS3_FNS_5ValueERKNS_12CallbackInfoEEMS3_FvS7_RKS4_EEEEE11napi_statusP10napi_env__P12napi_value__PT_PFvSH_PvSM_ESM_
FN:29,_ZN4Napi7detailsL10AttachDataINS_20AccessorCallbackDataI9DisruptorPFNS_5ValueERKNS_12CallbackInfoEEPFvS7_RKS4_EEEEE11napi_statusP10napi_env__P12napi_value__PT_PFvSH_PvSM_ESM_
FNDA:0,_ZN4Napi7detailsL10AttachDataINS_20AccessorCallbackDataI9DisruptorPFNS_5ValueERKNS_12CallbackInfoEEPFvS7_RKS4_EEEEE11napi_statusP10napi_env__P12napi_value__PT_PFvSH_PvSM_ESM_
FN:29,_ZN4Napi7detailsL10AttachDataINS_18MethodCallbackDataI9DisruptorPFvRKNS_12CallbackInfoEEEEEE11napi_statusP10napi_env__P12napi_value__PT_PFvSC_PvSH_ESH_
FNDA:0,_ZN4Napi7detailsL10AttachDataINS_18MethodCallbackDataI9DisruptorPFvRKNS_12CallbackInfoEEEEEE11napi_statusP10napi_env__P12napi_value__PT_PFvSC_PvSH_ESH_
FN:29,_ZN4Napi7detailsL10AttachDataINS_18MethodCallbackDataI9DisruptorMS3_FNS_5ValueERKNS_12CallbackInfoEEEEEE11napi_statusP10napi_env__P12napi_value__PT_PFvSD_PvSI_ESI_
FNDA:0,_ZN4Napi7detailsL10AttachDataINS_18MethodCallbackDataI9DisruptorMS3_FNS_5ValueERKNS_12CallbackInfoEEEEEE11napi_statusP10napi_env__P12napi_value__PT_PFvSD_PvSI_ESI_
FN:36,_ZZN4Napi7detailsL10AttachDataINS_18MethodCallbackDataI9DisruptorPFNS_5ValueERKNS_12CallbackInfoEEEEEE11napi_statusP10napi_env__P12napi_value__PT_PFvSD_PvSI_ESI_ENKUlSD_SI_SI_E_clESD_SI_SI_
FNDA:0,_ZZN4Napi7detailsL10AttachDataINS_18MethodCallbackDataI9DisruptorPFNS_5ValueERKNS_12CallbackInfoEEEEEE11napi_statusP10napi_env__P12napi_value__PT_PFvSD_PvSI_ESI_ENKUlSD_SI_SI_E_clESD_SI_SI_
FN:36,_ZZN4Napi7detailsL10AttachDataINS_18MethodCallbackDataI9DisruptorMS3_FvRKNS_12CallbackInfoEEEEEE11napi_statusP10napi_env__P12napi_value__PT_PFvSC_PvSH_ESH_ENKUlSC_SH_SH_E_clESC_SH_SH_
FNDA:0,_ZZN4Napi7detailsL10AttachDataINS_18MethodCallbackDataI9DisruptorMS3_FvRKNS_12CallbackInfoEEEEEE11napi_statusP10napi_env__P12napi_value__PT_PFvSC_PvSH_ESH_ENKUlSC_SH_SH_E_clESC_SH_SH_
FN:36,_ZZN4Napi7detailsL10AttachDataINS_20AccessorCallbackDataI9DisruptorPFNS_5ValueERKNS_12CallbackInfoEEPFvS7_RKS4_EEEEE11napi_statusP10napi_env__P12napi_value__PT_PFvSH_PvSM_ESM_ENKUlSH_SM_SM_E_clESH_SM_SM_
FNDA:0,_ZZN4Napi7detailsL10AttachDataINS_20AccessorCallbackDataI9DisruptorPFNS_5ValueERKNS_12CallbackInfoEEPFvS7_RKS4_EEEEE11napi_statusP10napi_env__P12napi_value__PT_PFvSH_PvSM_ESM_ENKUlSH_SM_SM_E_clESH_SM_SM_
FN:36,_ZZN4Napi7detailsL10AttachDataINS_18MethodCallbackDataI9DisruptorMS3_FNS_5ValueERKNS_12CallbackInfoEEEEEE11napi_statusP10napi_env__P12napi_value__PT_PFvSD_PvSI_ESI_ENKUlSD_SI_SI_E_clESD_SI_SI_
FNDA:0,_ZZN4Napi7detailsL10AttachDataINS_18MethodCallbackDataI9DisruptorMS3_FNS_5ValueERKNS_12CallbackInfoEEEEEE11napi_statusP10napi_env__P12napi_value__PT_PFvSD_PvSI_ESI_ENKUlSD_SI_SI_E_clESD_SI_SI_
FN:36,_ZZN4Napi7detailsL10AttachDataINS_20AccessorCallbackDataI9DisruptorMS3_FNS_5ValueERKNS_12CallbackInfoEEMS3_FvS7_RKS4_EEEEE11napi_statusP10napi_env__P12napi_value__PT_PFvSH_PvSM_ESM_ENKUlSH_SM_SM_E_clESH_SM_SM_
FNDA:0,_ZZN4Napi7detailsL10AttachDataINS_20AccessorCallbackDataI9DisruptorMS3_FNS_5ValueERKNS_12CallbackInfoEEMS3_FvS7_RKS4_EEEEE11napi_statusP10napi_env__P12napi_value__PT_PFvSH_PvSM_ESM_ENKUlSH_SM_SM_E_clESH_SM_SM_
FN:36,_ZZN4Napi7detailsL10AttachDataINS_18MethodCallbackDataI9DisruptorPFvRKNS_12CallbackInfoEEEEEE11napi_statusP10napi_env__P12napi_value__PT_PFvSC_PvSH_ESH_ENKUlSC_SH_SH_E_clESC_SH_SH_
FNDA:0,_ZZN4Napi7detailsL10AttachDataINS_18MethodCallbackDataI9DisruptorPFvRKNS_12CallbackInfoEEEEEE11napi_statusP10napi_env__P12napi_value__PT_PFvSC_PvSH_ESH_ENKUlSC_SH_SH_E_clESC_SH_SH_
FN:72,_ZN4Napi7details12WrapCallbackIZNS0_L25TemplatedInstanceCallbackI9DisruptorXadL_ZNS3_12GetConsumersERKNS_12CallbackInfoEEEEEP12napi_value__P10napi_env__P20napi_callback_info__EUlvE_EES8_T_
FNDA:12,_ZN4Napi7details12WrapCallbackIZNS0_L25TemplatedInstanceCallbackI9DisruptorXadL_ZNS3_12GetConsumersERKNS_12CallbackInfoEEEEEP12napi_value__P10napi_env__P20napi_callback_info__EUlvE_EES8_T_
FN:72,_ZN4Napi7details12WrapCallbackIZNS0_L25TemplatedInstanceCallbackI9DisruptorXadL_ZNS3_9GetStatusERKNS_12CallbackInfoEEEEEP12napi_value__P10napi_env__P20napi_callback_info__EUlvE_EES8_T_
FNDA:212233,_ZN4Napi7details12WrapCallbackIZNS0_L25TemplatedInstanceCallbackI9DisruptorXadL_ZNS3_9GetStatusERKNS_12CallbackInfoEEEEEP12napi_value__P10napi_env__P20napi_callback_info__EUlvE_EES8_T_
FN:72,_ZN4Napi7details12WrapCallbackIZNS0_L25TemplatedInstanceCallbackI9DisruptorXadL_ZNS3_7GetSpinERKNS_12CallbackInfoEEEEEP12napi_value__P10napi_env__P20napi_callback_info__EUlvE_EES8_T_
FNDA:1020,_ZN4Napi7details12WrapCallbackIZNS0_L25TemplatedInstanceCallbackI9DisruptorXadL_ZNS3_7GetSpinERKNS_12CallbackInfoEEEEEP12napi_value__P10napi_env__P20napi_callback_info__EUlvE_EES8_T_
FN:72,_ZN4Napi7details12WrapCallbackIZNS0_L25TemplatedInstanceCallbackI9DisruptorXadL_ZNS3_14GetElementSizeERKNS_12CallbackInfoEEEEEP12napi_value__P10napi_env__P20napi_callback_info__EUlvE_EES8_T_
FNDA:1090,_ZN4Napi7details12WrapCallbackIZNS0_L25TemplatedInstanceCallbackI9DisruptorXadL_ZNS3_14GetElementSizeERKNS_12CallbackInfoEEEEEP12napi_value__P10napi_env__P20napi_callback_info__EUlvE_EES8_T_
FN:72,_ZN4Napi7details12WrapCallbackIZNS0_L25TemplatedInstanceCallbackI9DisruptorXadL_ZNS3_7GetNextERKNS_12CallbackInfoEEEEEP12napi_value__P10napi_env__P20napi_callback_info__EUlvE_EES8_T_
FNDA:222,_ZN4Napi7details12WrapCallbackIZNS0_L25TemplatedInstanceCallbackI9DisruptorXadL_ZNS3_7GetNextERKNS_12CallbackInfoEEEEEP12napi_value__P10napi_env__P20napi_callback_info__EUlvE_EES8_T_
FN:72,_ZN4Napi7details12WrapCallbackIZNS0_L25TemplatedInstanceCallbackI9DisruptorXadL_ZNS3_9GetCursorERKNS_12CallbackInfoEEEEEP12napi_value__P10napi_env__P20napi_callback_info__EUlvE_EES8_T_
FNDA:222,_ZN4Napi7details12WrapCallbackIZNS0_L25TemplatedInstanceCallbackI9DisruptorXadL_ZNS3_9GetCursorERKNS_12CallbackInfoEEEEEP12napi_value__P10napi_env__P20napi_callback_info__EUlvE_EES8_T_
FN:72,_ZN4Napi7details12WrapCallbackIZNS0_L29TemplatedInstanceVoidCallbackI9DisruptorXadL_ZNS3_18ProduceCommitAsyncERKNS_12CallbackInfoEEEEEP12napi_value__P10napi_env__P20napi_callback_info__EUlvE_EES8_T_
FNDA:811,_ZN4Napi7details12WrapCallbackIZNS0_L29TemplatedInstanceVoidCallbackI9DisruptorXadL_ZNS3_18ProduceCommitAsyncERKNS_12CallbackInfoEEEEEP12napi_value__P10napi_env__P20napi_callback_info__EUlvE_EES8_T_
FN:72,_ZN4Napi7details12WrapCallbackIZNS0_L25TemplatedInstanceCallbackI9DisruptorXadL_ZNS3_11GetElementsERKNS_12CallbackInfoEEEEEP12napi_value__P10napi_env__P20napi_callback_info__EUlvE_EES8_T_
FNDA:1556,_ZN4Napi7details12WrapCallbackIZNS0_L25TemplatedInstanceCallbackI9DisruptorXadL_ZNS3_11GetElementsERKNS_12CallbackInfoEEEEEP12napi_value__P10napi_env__P20napi_callback_info__EUlvE_EES8_T_
FN:72,_ZN4Napi7details12WrapCallbackIZNS0_L25TemplatedInstanceCallbackI9DisruptorXadL_ZNS3_11GetConsumerERKNS_12CallbackInfoEEEEEP12napi_value__P10napi_env__P20napi_callback_info__EUlvE_EES8_T_
FNDA:222,_ZN4Napi7details12WrapCallbackIZNS0_L25TemplatedInstanceCallbackI9DisruptorXadL_ZNS3_11GetConsumerERKNS_12CallbackInfoEEEEEP12napi_value__P10napi_env__P20napi_callback_info__EUlvE_EES8_T_
FN:72,_ZN4Napi7details12WrapCallbackIZNS0_L25TemplatedInstanceCallbackI9DisruptorXadL_ZNS3_19GetPendingSeqCursorERKNS_12CallbackInfoEEEEEP12napi_value__P10napi_env__P20napi_callback_info__EUlvE_EES8_T_
FNDA:87,_ZN4Napi7details12WrapCallbackIZNS0_L25TemplatedInstanceCallbackI9DisruptorXadL_ZNS3_19GetPendingSeqCursorERKNS_12CallbackInfoEEEEEP12napi_value__P10napi_env__P20napi_callback_info__EUlvE_EES8_T_
FN:72,_ZN4Napi7details12WrapCallbackIZNS0_L29TemplatedInstanceVoidCallbackI9DisruptorXadL_ZNS3_15ConsumeNewAsyncERKNS_12CallbackInfoEEEEEP12napi_value__P10napi_env__P20napi_callback_info__EUlvE_EES8_T_
FNDA:13,_ZN4Napi7details12WrapCallbackIZNS0_L29TemplatedInstanceVoidCallbackI9DisruptorXadL_ZNS3_15ConsumeNewAsyncERKNS_12CallbackInfoEEEEEP12napi_value__P10napi_env__P20napi_callback_info__EUlvE_EES8_T_
FN:72,_ZN4Napi7details12WrapCallbackIZNS0_L29TemplatedInstanceVoidCallbackI9DisruptorXadL_ZNS3_17ProduceClaimAsyncERKNS_12CallbackInfoEEEEEP12napi_value__P10napi_env__P20napi_callback_info__EUlvE_EES8_T_
FNDA:807,_ZN4Napi7details12WrapCallbackIZNS0_L29TemplatedInstanceVoidCallbackI9DisruptorXadL_ZNS3_17ProduceClaimAsyncERKNS_12CallbackInfoEEEEEP12napi_value__P10napi_env__P20napi_callback_info__EUlvE_EES8_T_
FN:72,_ZN4Napi7details12WrapCallbackIZNS0_L29TemplatedInstanceVoidCallbackI9DisruptorXadL_ZNS3_21ProduceClaimManyAsyncERKNS_12CallbackInfoEEEEEP12napi_value__P10napi_env__P20napi_callback_info__EUlvE_EES8_T_
FNDA:11,_ZN4Napi7details12WrapCallbackIZNS0_L29TemplatedInstanceVoidCallbackI9DisruptorXadL_ZNS3_21ProduceClaimManyAsyncERKNS_12CallbackInfoEEEEEP12napi_value__P10napi_env__P20napi_callback_info__EUlvE_EES8_T_
FN:72,_ZN4Napi7details12WrapCallbackIZNS0_L29TemplatedInstanceVoidCallbackI9DisruptorXadL_ZNS3_22ProduceClaimAvailAsyncERKNS_12CallbackInfoEEEEEP12napi_value__P10napi_env__P20napi_callback_info__EUlvE_EES8_T_
FNDA:2,_ZN4Napi7details12WrapCallbackIZNS0_L29TemplatedInstanceVoidCallbackI9DisruptorXadL_ZNS3_22ProduceClaimAvailAsyncERKNS_12CallbackInfoEEEEEP12napi_value__P10napi_env__P20napi_callback_info__EUlvE_EES8_T_
FN:72,_ZN4Napi7details12WrapCallbackIZNS_12InstanceWrapI9DisruptorE29InstanceSetterCallbackWrapperEP10napi_env__P20napi_callback_info__EUlvE_EEP12napi_value__T_
FNDA:0,_ZN4Napi7details12WrapCallbackIZNS_12InstanceWrapI9DisruptorE29InstanceSetterCallbackWrapperEP10napi_env__P20napi_callback_info__EUlvE_EEP12napi_value__T_
FN:72,_ZN4Napi7details12WrapCallbackIZNS0_L25TemplatedInstanceCallbackI9DisruptorXadL_ZNS3_17ProduceCommitSyncERKNS_12CallbackInfoEEEEEP12napi_value__P10napi_env__P20napi_callback_info__EUlvE_EES8_T_
FNDA:811,_ZN4Napi7details12WrapCallbackIZNS0_L25TemplatedInstanceCallbackI9DisruptorXadL_ZNS3_17ProduceCommitSyncERKNS_12CallbackInfoEEEEEP12napi_value__P10napi_env__P20napi_callback_info__EUlvE_EES8_T_
FN:72,_ZN4Napi7details12WrapCallbackIZNS0_L21TemplatedVoidCallbackIXadL_Z12NullCallbackRKNS_12CallbackInfoEEEEEP12napi_value__P10napi_env__P20napi_callback_info__EUlvE_EES7_T_
FNDA:0,_ZN4Napi7details12WrapCallbackIZNS0_L21TemplatedVoidCallbackIXadL_Z12NullCallbackRKNS_12CallbackInfoEEEEEP12napi_value__P10napi_env__P20napi_callback_info__EUlvE_EES7_T_
FN:72,_ZN4Napi7details12WrapCallbackIZNS0_L25TemplatedInstanceCallbackI9DisruptorXadL_ZNS3_12ProduceClaimERKNS_12CallbackInfoEEEEEP12napi_value__P10napi_env__P20napi_callback_info__EUlvE_EES8_T_
FNDA:519441,_ZN4Napi7details12WrapCallbackIZNS0_L25TemplatedInstanceCallbackI9DisruptorXadL_ZNS3_12ProduceClaimERKNS_12CallbackInfoEEEEEP12napi_value__P10napi_env__P20napi_callback_info__EUlvE_EES8_T_
FN:72,_ZN4Napi7details12WrapCallbackIZNS0_L25TemplatedInstanceCallbackI9DisruptorXadL_ZNS3_16ProduceClaimSyncERKNS_12CallbackInfoEEEEEP12napi_value__P10napi_env__P20napi_callback_info__EUlvE_EES8_T_
FNDA:807,_ZN4Napi7details12WrapCallbackIZNS0_L25TemplatedInstanceCallbackI9DisruptorXadL_ZNS3_16ProduceClaimSyncERKNS_12CallbackInfoEEEEEP12napi_value__P10napi_env__P20napi_callback_info__EUlvE_EES8_T_
FN:72,_ZN4Napi7details12WrapCallbackIZNS0_L25TemplatedInstanceCallbackI9DisruptorXadL_ZNS3_16ProduceClaimManyERKNS_12CallbackInfoEEEEEP12napi_value__P10napi_env__P20napi_callback_info__EUlvE_EES8_T_
FNDA:24,_ZN4Napi7details12WrapCallbackIZNS0_L25TemplatedInstanceCallbackI9DisruptorXadL_ZNS3_16ProduceClaimManyERKNS_12CallbackInfoEEEEEP12napi_value__P10napi_env__P20napi_callback_info__EUlvE_EES8_T_
FN:72,_ZN4Napi7details12WrapCallbackIZNS0_L25TemplatedInstanceCallbackI9DisruptorXadL_ZNS3_20ProduceClaimManySyncERKNS_12CallbackInfoEEEEEP12napi_value__P10napi_env__P20napi_callback_info__EUlvE_EES8_T_
FNDA:11,_ZN4Napi7details12WrapCallbackIZNS0_L25TemplatedInstanceCallbackI9DisruptorXadL_ZNS3_20ProduceClaimManySyncERKNS_12CallbackInfoEEEEEP12napi_value__P10napi_env__P20napi_callback_info__EUlvE_EES8_T_
FN:72,_ZN4Napi7details12WrapCallbackIZNS0_L25TemplatedInstanceCallbackI9DisruptorXadL_ZNS3_17ProduceClaimAvailERKNS_12CallbackInfoEEEEEP12napi_value__P10napi_env__P20napi_callback_info__EUlvE_EES8_T_
FNDA:1827,_ZN4Napi7details12WrapCallbackIZNS0_L25TemplatedInstanceCallbackI9DisruptorXadL_ZNS3_17ProduceClaimAvailERKNS_12CallbackInfoEEEEEP12napi_value__P10napi_env__P20napi_callback_info__EUlvE_EES8_T_
FN:72,_ZN4Napi7details12WrapCallbackIZNS0_L25TemplatedInstanceCallbackI9DisruptorXadL_ZNS3_21ProduceClaimAvailSyncERKNS_12CallbackInfoEEEEEP12napi_value__P10napi_env__P20napi_callback_info__EUlvE_EES8_T_
FNDA:2,_ZN4Napi7details12WrapCallbackIZNS0_L25TemplatedInstanceCallbackI9DisruptorXadL_ZNS3_21ProduceClaimAvailSyncERKNS_12CallbackInfoEEEEEP12napi_value__P10napi_env__P20napi_callback_info__EUlvE_EES8_T_
FN:72,_ZN4Napi7details12WrapCallbackIZNS0_L25TemplatedInstanceCallbackI9DisruptorXadL_ZNS3_13ProduceCommitERKNS_12CallbackInfoEEEEEP12napi_value__P10napi_env__P20napi_callback_info__EUlvE_EES8_T_
FNDA:520733,_ZN4Napi7details12WrapCallbackIZNS0_L25TemplatedInstanceCallbackI9DisruptorXadL_ZNS3_13ProduceCommitERKNS_12CallbackInfoEEEEEP12napi_value__P10napi_env__P20napi_callback_info__EUlvE_EES8_T_
FN:72,_ZN4Napi7details12WrapCallbackIZNS0_L25TemplatedInstanceCallbackI9DisruptorXadL_ZNS3_20GetPendingSeqNextEndERKNS_12CallbackInfoEEEEEP12napi_value__P10napi_env__P20napi_callback_info__EUlvE_EES8_T_
FNDA:522158,_ZN4Napi7details12WrapCallbackIZNS0_L25TemplatedInstanceCallbackI9DisruptorXadL_ZNS3_20GetPendingSeqNextEndERKNS_12CallbackInfoEEEEEP12napi_value__P10napi_env__P20napi_callback_info__EUlvE_EES8_T_
FN:72,_ZN4Napi7details12WrapCallbackIZNS0_L25TemplatedInstanceCallbackI9DisruptorXadL_ZNS3_14ProduceRecoverERKNS_12CallbackInfoEEEEEP12napi_value__P10napi_env__P20napi_callback_info__EUlvE_EES8_T_
FNDA:76,_ZN4Napi7details12WrapCallbackIZNS0_L25TemplatedInstanceCallbackI9DisruptorXadL_ZNS3_14ProduceRecoverERKNS_12CallbackInfoEEEEEP12napi_value__P10napi_env__P20napi_callback_info__EUlvE_EES8_T_
FN:72,_ZN4Napi7details12WrapCallbackIZNS0_L25TemplatedInstanceCallbackI9DisruptorXadL_ZNS3_10ConsumeNewERKNS_12CallbackInfoEEEEEP12napi_value__P10napi_env__P20napi_callback_info__EUlvE_EES8_T_
FNDA:1090524,_ZN4Napi7details12WrapCallbackIZNS0_L25TemplatedInstanceCallbackI9DisruptorXadL_ZNS3_10ConsumeNewERKNS_12CallbackInfoEEEEEP12napi_value__P10napi_env__P20napi_callback_info__EUlvE_EES8_T_
FN:72,_ZN4Napi7details12WrapCallbackIZNS0_L25TemplatedInstanceCallbackI9DisruptorXadL_ZNS3_14ConsumeNewSyncERKNS_12CallbackInfoEEEEEP12napi_value__P10napi_env__P20napi_callback_info__EUlvE_EES8_T_
FNDA:13,_ZN4Napi7details12WrapCallbackIZNS0_L25TemplatedInstanceCallbackI9DisruptorXadL_ZNS3_14ConsumeNewSyncERKNS_12CallbackInfoEEEEEP12napi_value__P10napi_env__P20napi_callback_info__EUlvE_EES8_T_
FN:72,_ZN4Napi7details12WrapCallbackIZNS0_L25TemplatedInstanceCallbackI9DisruptorXadL_ZNS3_13ConsumeCommitERKNS_12CallbackInfoEEEEEP12napi_value__P10napi_env__P20napi_callback_info__EUlvE_EES8_T_
FNDA:1090541,_ZN4Napi7details12WrapCallbackIZNS0_L25TemplatedInstanceCallbackI9DisruptorXadL_ZNS3_13ConsumeCommitERKNS_12CallbackInfoEEEEEP12napi_value__P10napi_env__P20napi_callback_info__EUlvE_EES8_T_
FN:72,_ZN4Napi7details12WrapCallbackIZNS0_L29TemplatedInstanceVoidCallbackI9DisruptorXadL_ZNS3_7ReleaseERKNS_12CallbackInfoEEEEEP12napi_value__P10napi_env__P20napi_callback_info__EUlvE_EES8_T_
FNDA:4231,_ZN4Napi7details12WrapCallbackIZNS0_L29TemplatedInstanceVoidCallbackI9DisruptorXadL_ZNS3_7ReleaseERKNS_12CallbackInfoEEEEEP12napi_value__P10napi_env__P20napi_callback_info__EUlvE_EES8_T_
FN:72,_ZN4Napi7details12WrapCallbackIZNS0_L25TemplatedInstanceCallbackI9DisruptorXadL_ZNS3_21GetPendingSeqConsumerERKNS_12CallbackInfoEEEEEP12napi_value__P10napi_env__P20napi_callback_info__EUlvE_EES8_T_
FNDA:1090624,_ZN4Napi7details12WrapCallbackIZNS0_L25TemplatedInstanceCallbackI9DisruptorXadL_ZNS3_21GetPendingSeqConsumerERKNS_12CallbackInfoEEEEEP12napi_value__P10napi_env__P20napi_callback_info__EUlvE_EES8_T_
FN:72,_ZN4Napi7details12WrapCallbackIZNS0_L25TemplatedInstanceCallbackI9DisruptorXadL_ZNS3_17GetPendingSeqNextERKNS_12CallbackInfoEEEEEP12napi_value__P10napi_env__P20napi_callback_info__EUlvE_EES8_T_
FNDA:522158,_ZN4Napi7details12WrapCallbackIZNS0_L25TemplatedInstanceCallbackI9DisruptorXadL_ZNS3_17GetPendingSeqNextERKNS_12CallbackInfoEEEEEP12napi_value__P10napi_env__P20napi_callback_info__EUlvE_EES8_T_
FN:72,_ZN4Napi7details12WrapCallbackIZNS_10ObjectWrapI9DisruptorE27StaticSetterCallbackWrapperEP10napi_env__P20napi_callback_info__EUlvE_EEP12napi_value__T_
FNDA:0,_ZN4Napi7details12WrapCallbackIZNS_10ObjectWrapI9DisruptorE27StaticSetterCallbackWrapperEP10napi_env__P20napi_callback_info__EUlvE_EEP12napi_value__T_
FN:72,_ZN4Napi7details12WrapCallbackIZNS_10ObjectWrapI9DisruptorE27StaticGetterCallbackWrapperEP10napi_env__P20napi_callback_info__EUlvE_EEP12napi_value__T_
FNDA:0,_ZN4Napi7details12WrapCallbackIZNS_10ObjectWrapI9DisruptorE27StaticGetterCallbackWrapperEP10napi_env__P20napi_callback_info__EUlvE_EEP12napi_value__T_
FN:72,_ZN4Napi7details12WrapCallbackIZNS_10ObjectWrapI9DisruptorE26ConstructorCallbackWrapperEP10napi_env__P20napi_callback_info__EUlvE_EEP12napi_value__T_
FNDA:4740,_ZN4Napi7details12WrapCallbackIZNS_10ObjectWrapI9DisruptorE26ConstructorCallbackWrapperEP10napi_env__P20napi_callback_info__EUlvE_EEP12napi_value__T_
FN:72,_ZN4Napi7details12WrapCallbackIZNS_10ObjectWrapI9DisruptorE31StaticVoidMethodCallbackWrapperEP10napi_env__P20napi_callback_info__EUlvE_EEP12napi_value__T_
FNDA:0,_ZN4Napi7details12WrapCallbackIZNS_10ObjectWrapI9DisruptorE31StaticVoidMethodCallbackWrapperEP10napi_env__P20napi_callback_info__EUlvE_EEP12napi_value__T_
FN:72,_ZN4Napi7details12WrapCallbackIZNS_10ObjectWrapI9DisruptorE27StaticMethodCallbackWrapperEP10napi_env__P20napi_callback_info__EUlvE_EEP12napi_value__T_
FNDA:0,_ZN4Napi7details12WrapCallbackIZNS_10ObjectWrapI9DisruptorE27StaticMethodCallbackWrapperEP10napi_env__P20napi_callback_info__EUlvE_EEP12napi_value__T_
FN:72,_ZN4Napi7details12WrapCallbackIZNS_12InstanceWrapI9DisruptorE13WrappedMethodIXadL_ZNS3_9SetStatusERKNS_12CallbackInfoERKNS_5ValueEEEEEP12napi_value__P10napi_env__P20napi_callback_info__EUlvE_EESD_T_
FNDA:9,_ZN4Napi7details12WrapCallbackIZNS_12InstanceWrapI9DisruptorE13WrappedMethodIXadL_ZNS3_9SetStatusERKNS_12CallbackInfoERKNS_5ValueEEEEEP12napi_value__P10napi_env__P20napi_callback_info__EUlvE_EESD_T_
FN:72,_ZN4Napi7details12WrapCallbackIZNS_11AsyncWorker14OnWorkCompleteENS_3EnvE11napi_statusEUlvE_EEP12napi_value__T_
FNDA:3225010,_ZN4Napi7details12WrapCallbackIZNS_11AsyncWorker14OnWorkCompleteENS_3EnvE11napi_statusEUlvE_EEP12napi_value__T_
FN:72,_ZN4Napi7details12WrapCallbackIZNS_14RegisterModuleEP10napi_env__P12napi_value__PFNS_6ObjectENS_3EnvES6_EEUlvE_EES5_T_
FNDA:505,_ZN4Napi7details12WrapCallbackIZNS_14RegisterModuleEP10napi_env__P12napi_value__PFNS_6ObjectENS_3EnvES6_EEUlvE_EES5_T_
FN:72,_ZN4Napi7details12WrapCallbackIZNS_12InstanceWrapI9DisruptorE33InstanceVoidMethodCallbackWrapperEP10napi_env__P20napi_callback_info__EUlvE_EEP12napi_value__T_
FNDA:0,_ZN4Napi7details12WrapCallbackIZNS_12InstanceWrapI9DisruptorE33InstanceVoidMethodCallbackWrapperEP10napi_env__P20napi_callback_info__EUlvE_EEP12napi_value__T_
FN:72,_ZN4Napi7details12WrapCallbackIZNS_12InstanceWrapI9DisruptorE29InstanceMethodCallbackWrapperEP10napi_env__P20napi_callback_info__EUlvE_EEP12napi_value__T_
FNDA:0,_ZN4Napi7details12WrapCallbackIZNS_12InstanceWrapI9DisruptorE29InstanceMethodCallbackWrapperEP10napi_env__P20napi_callback_info__EUlvE_EEP12napi_value__T_
FN:72,_ZN4Napi7details12WrapCallbackIZNS_12InstanceWrapI9DisruptorE29InstanceGetterCallbackWrapperEP10napi_env__P20napi_callback_info__EUlvE_EEP12napi_value__T_
FNDA:0,_ZN4Napi7details12WrapCallbackIZNS_12InstanceWrapI9DisruptorE29InstanceGetterCallbackWrapperEP10napi_env__P20napi_callback_info__EUlvE_EEP12napi_value__T_
FN:91,_ZN4Napi7details16WrapVoidCallbackIZNS0_12FinalizeDataIhZN9DisruptorC4ERKNS_12CallbackInfoEEUlNS_3EnvEPhE_vE7WrapperEP10napi_env__PvSD_EUlvE_EEvT_
FNDA:3724,_ZN4Napi7details16WrapVoidCallbackIZNS0_12FinalizeDataIhZN9DisruptorC4ERKNS_12CallbackInfoEEUlNS_3EnvEPhE_vE7WrapperEP10napi_env__PvSD_EUlvE_EEvT_
FN:142,_ZN4Napi7detailsL21TemplatedVoidCallbackIXadL_Z12NullCallbackRKNS_12CallbackInfoEEEEEP12napi_value__P10napi_env__P20napi_callback_info__
FNDA:0,_ZN4Napi7detailsL21TemplatedVoidCallbackIXadL_Z12NullCallbackRKNS_12CallbackInfoEEEEEP12napi_value__P10napi_env__P20napi_callback_info__
FN:143,_ZZN4Napi7detailsL21TemplatedVoidCallbackIXadL_Z12NullCallbackRKNS_12CallbackInfoEEEEEP12napi_value__P10napi_env__P20napi_callback_info__ENKUlvE_clEv
FNDA:0,_ZZN4Napi7detailsL21TemplatedVoidCallbackIXadL_Z12NullCallbackRKNS_12CallbackInfoEEEEEP12napi_value__P10napi_env__P20napi_callback_info__ENKUlvE_clEv
FN:162,_ZN4Napi7detailsL25TemplatedInstanceCallbackI9DisruptorXadL_ZNS2_9GetStatusERKNS_12CallbackInfoEEEEEP12napi_value__P10napi_env__P20napi_callback_info__
FNDA:212233,_ZN4Napi7detailsL25TemplatedInstanceCallbackI9DisruptorXadL_ZNS2_9GetStatusERKNS_12CallbackInfoEEEEEP12napi_value__P10napi_env__P20napi_callback_info__
FN:162,_ZN4Napi7detailsL25TemplatedInstanceCallbackI9DisruptorXadL_ZNS2_10ConsumeNewERKNS_12CallbackInfoEEEEEP12napi_value__P10napi_env__P20napi_callback_info__
FNDA:1090524,_ZN4Napi7detailsL25TemplatedInstanceCallbackI9DisruptorXadL_ZNS2_10ConsumeNewERKNS_12CallbackInfoEEEEEP12napi_value__P10napi_env__P20napi_callback_info__
FN:162,_ZN4Napi7detailsL25TemplatedInstanceCallbackI9DisruptorXadL_ZNS2_14ConsumeNewSyncERKNS_12CallbackInfoEEEEEP12napi_value__P10napi_env__P20napi_callback_info__
FNDA:13,_ZN4Napi7detailsL25TemplatedInstanceCallbackI9DisruptorXadL_ZNS2_14ConsumeNewSyncERKNS_12CallbackInfoEEEEEP12napi_value__P10napi_env__P20napi_callback_info__
FN:162,_ZN4Napi7detailsL25TemplatedInstanceCallbackI9DisruptorXadL_ZNS2_12GetConsumersERKNS_12CallbackInfoEEEEEP12napi_value__P10napi_env__P20napi_callback_info__
FNDA:12,_ZN4Napi7detailsL25TemplatedInstanceCallbackI9DisruptorXadL_ZNS2_12GetConsumersERKNS_12CallbackInfoEEEEEP12napi_value__P10napi_env__P20napi_callback_info__
FN:162,_ZN4Napi7detailsL25TemplatedInstanceCallbackI9DisruptorXadL_ZNS2_13ConsumeCommitERKNS_12CallbackInfoEEEEEP12napi_value__P10napi_env__P20napi_callback_info__
FNDA:1090541,_ZN4Napi7detailsL25TemplatedInstanceCallbackI9DisruptorXadL_ZNS2_13ConsumeCommitERKNS_12CallbackInfoEEEEEP12napi_value__P10napi_env__P20napi_callback_info__
FN:162,_ZN4Napi7detailsL25TemplatedInstanceCallbackI9DisruptorXadL_ZNS2_9GetCursorERKNS_12CallbackInfoEEEEEP12napi_value__P10napi_env__P20napi_callback_info__
FNDA:222,_ZN4Napi7detailsL25TemplatedInstanceCallbackI9DisruptorXadL_ZNS2_9GetCursorERKNS_12CallbackInfoEEEEEP12napi_value__P10napi_env__P20napi_callback_info__
FN:162,_ZN4Napi7detailsL25TemplatedInstanceCallbackI9DisruptorXadL_ZNS2_7GetNextERKNS_12CallbackInfoEEEEEP12napi_value__P10napi_env__P20napi_callback_info__
FNDA:222,_ZN4Napi7detailsL25TemplatedInstanceCallbackI9DisruptorXadL_ZNS2_7GetNextERKNS_12CallbackInfoEEEEEP12napi_value__P10napi_env__P20napi_callback_info__
FN:162,_ZN4Napi7detailsL25TemplatedInstanceCallbackI9DisruptorXadL_ZNS2_11GetElementsERKNS_12CallbackInfoEEEEEP12napi_value__P10napi_env__P20napi_callback_info__
FNDA:1556,_ZN4Napi7detailsL25TemplatedInstanceCallbackI9DisruptorXadL_ZNS2_11GetElementsERKNS_12CallbackInfoEEEEEP12napi_value__P10napi_env__P20napi_callback_info__
FN:162,_ZN4Napi7detailsL25TemplatedInstanceCallbackI9DisruptorXadL_ZNS2_11GetConsumerERKNS_12CallbackInfoEEEEEP12napi_value__P10napi_env__P20napi_callback_info__
FNDA:222,_ZN4Napi7detailsL25TemplatedInstanceCallbackI9DisruptorXadL_ZNS2_11GetConsumerERKNS_12CallbackInfoEEEEEP12napi_value__P10napi_env__P20napi_callback_info__
FN:162,_ZN4Napi7detailsL25TemplatedInstanceCallbackI9DisruptorXadL_ZNS2_19GetPendingSeqCursorERKNS_12CallbackInfoEEEEEP12napi_value__P10napi_env__P20napi_callback_info__
FNDA:87,_ZN4Napi7detailsL25TemplatedInstanceCallbackI9DisruptorXadL_ZNS2_19GetPendingSeqCursorERKNS_12CallbackInfoEEEEEP12napi_value__P10napi_env__P20napi_callback_info__
FN:162,_ZN4Napi7detailsL25TemplatedInstanceCallbackI9DisruptorXadL_ZNS2_7GetSpinERKNS_12CallbackInfoEEEEEP12napi_value__P10napi_env__P20napi_callback_info__
FNDA:1020,_ZN4Napi7detailsL25TemplatedInstanceCallbackI9DisruptorXadL_ZNS2_7GetSpinERKNS_12CallbackInfoEEEEEP12napi_value__P10napi_env__P20napi_callback_info__
FN:162,_ZN4Napi7detailsL25TemplatedInstanceCallbackI9DisruptorXadL_ZNS2_20ProduceClaimManySyncERKNS_12CallbackInfoEEEEEP12napi_value__P10napi_env__P20napi_callback_info__
FNDA:11,_ZN4Napi7detailsL25TemplatedInstanceCallbackI9DisruptorXadL_ZNS2_20ProduceClaimManySyncERKNS_12CallbackInfoEEEEEP12napi_value__P10napi_env__P20napi_callback_info__
FN:162,_ZN4Napi7detailsL25TemplatedInstanceCallbackI9DisruptorXadL_ZNS2_17ProduceCommitSyncERKNS_12CallbackInfoEEEEEP12napi_value__P10napi_env__P20napi_callback_info__
FNDA:811,_ZN4Napi7detailsL25TemplatedInstanceCallbackI9DisruptorXadL_ZNS2_17ProduceCommitSyncERKNS_12CallbackInfoEEEEEP12napi_value__P10napi_env__P20napi_callback_info__
FN:162,_ZN4Napi7detailsL25TemplatedInstanceCallbackI9DisruptorXadL_ZNS2_13ProduceCommitERKNS_12CallbackInfoEEEEEP12napi_value__P10napi_env__P20napi_callback_info__
FNDA:520733,_ZN4Napi7detailsL25TemplatedInstanceCallbackI9DisruptorXadL_ZNS2_13ProduceCommitERKNS_12CallbackInfoEEEEEP12napi_value__P10napi_env__P20napi_callback_info__
FN:162,_ZN4Napi7detailsL25TemplatedInstanceCallbackI9DisruptorXadL_ZNS2_21ProduceClaimAvailSyncERKNS_12CallbackInfoEEEEEP12napi_value__P10napi_env__P20napi_callback_info__
FNDA:2,_ZN4Napi7detailsL25TemplatedInstanceCallbackI9DisruptorXadL_ZNS2_21ProduceClaimAvailSyncERKNS_12CallbackInfoEEEEEP12napi_value__P10napi_env__P20napi_callback_info__
FN:162,_ZN4Napi7detailsL25TemplatedInstanceCallbackI9DisruptorXadL_ZNS2_21GetPendingSeqConsumerERKNS_12CallbackInfoEEEEEP12napi_value__P10napi_env__P20napi_callback_info__
FNDA:1090624,_ZN4Napi7detailsL25TemplatedInstanceCallbackI9DisruptorXadL_ZNS2_21GetPendingSeqConsumerERKNS_12CallbackInfoEEEEEP12napi_value__P10napi_env__P20napi_callback_info__
FN:162,_ZN4Napi7detailsL25TemplatedInstanceCallbackI9DisruptorXadL_ZNS2_17ProduceClaimAvailERKNS_12CallbackInfoEEEEEP12napi_value__P10napi_env__P20napi_callback_info__
FNDA:1827,_ZN4Napi7detailsL25TemplatedInstanceCallbackI9DisruptorXadL_ZNS2_17ProduceClaimAvailERKNS_12CallbackInfoEEEEEP12napi_value__P10napi_env__P20napi_callback_info__
FN:162,_ZN4Napi7detailsL25TemplatedInstanceCallbackI9DisruptorXadL_ZNS2_17GetPendingSeqNextERKNS_12CallbackInfoEEEEEP12napi_value__P10napi_env__P20napi_callback_info__
FNDA:522158,_ZN4Napi7detailsL25TemplatedInstanceCallbackI9DisruptorXadL_ZNS2_17GetPendingSeqNextERKNS_12CallbackInfoEEEEEP12napi_value__P10napi_env__P20napi_callback_info__
FN:162,_ZN4Napi7detailsL25TemplatedInstanceCallbackI9DisruptorXadL_ZNS2_16ProduceClaimManyERKNS_12CallbackInfoEEEEEP12napi_value__P10napi_env__P20napi_callback_info__
FNDA:24,_ZN4Napi7detailsL25TemplatedInstanceCallbackI9DisruptorXadL_ZNS2_16ProduceClaimManyERKNS_12CallbackInfoEEEEEP12napi_value__P10napi_env__P20napi_callback_info__
FN:162,_ZN4Napi7detailsL25TemplatedInstanceCallbackI9DisruptorXadL_ZNS2_20GetPendingSeqNextEndERKNS_12CallbackInfoEEEEEP12napi_value__P10napi_env__P20napi_callback_info__
FNDA:522158,_ZN4Napi7detailsL25TemplatedInstanceCallbackI9DisruptorXadL_ZNS2_20GetPendingSeqNextEndERKNS_12CallbackInfoEEEEEP12napi_value__P10napi_env__P20napi_callback_info__
FN:162,_ZN4Napi7detailsL25TemplatedInstanceCallbackI9DisruptorXadL_ZNS2_14ProduceRecoverERKNS_12CallbackInfoEEEEEP12napi_value__P10napi_env__P20napi_callback_info__
FNDA:76,_ZN4Napi7detailsL25TemplatedInstanceCallbackI9DisruptorXadL_ZNS2_14ProduceRecoverERKNS_12CallbackInfoEEEEEP12napi_value__P10napi_env__P20napi_callback_info__
FN:162,_ZN4Napi7detailsL25TemplatedInstanceCallbackI9DisruptorXadL_ZNS2_14GetElementSizeERKNS_12CallbackInfoEEEEEP12napi_value__P10napi_env__P20napi_callback_info__
FNDA:1090,_ZN4Napi7detailsL25TemplatedInstanceCallbackI9DisruptorXadL_ZNS2_14GetElementSizeERKNS_12CallbackInfoEEEEEP12napi_value__P10napi_env__P20napi_callback_info__
FN:162,_ZN4Napi7detailsL25TemplatedInstanceCallbackI9DisruptorXadL_ZNS2_16ProduceClaimSyncERKNS_12CallbackInfoEEEEEP12napi_value__P10napi_env__P20napi_callback_info__
FNDA:807,_ZN4Napi7detailsL25TemplatedInstanceCallbackI9DisruptorXadL_ZNS2_16ProduceClaimSyncERKNS_12CallbackInfoEEEEEP12napi_value__P10napi_env__P20napi_callback_info__
FN:162,_ZN4Napi7detailsL25TemplatedInstanceCallbackI9DisruptorXadL_ZNS2_12ProduceClaimERKNS_12CallbackInfoEEEEEP12napi_value__P10napi_env__P20napi_callback_info__
FNDA:519441,_ZN4Napi7detailsL25TemplatedInstanceCallbackI9DisruptorXadL_ZNS2_12ProduceClaimERKNS_12CallbackInfoEEEEEP12napi_value__P10napi_env__P20napi_callback_info__
FN:163,_ZZN4Napi7detailsL25TemplatedInstanceCallbackI9DisruptorXadL_ZNS2_14GetElementSizeERKNS_12CallbackInfoEEEEEP12napi_value__P10napi_env__P20napi_callback_info__ENKUlvE_clEv
FNDA:1090,_ZZN4Napi7detailsL25TemplatedInstanceCallbackI9DisruptorXadL_ZNS2_14GetElementSizeERKNS_12CallbackInfoEEEEEP12napi_value__P10napi_env__P20napi_callback_info__ENKUlvE_clEv
FN:163,_ZZN4Napi7detailsL25TemplatedInstanceCallbackI9DisruptorXadL_ZNS2_7GetSpinERKNS_12CallbackInfoEEEEEP12napi_value__P10napi_env__P20napi_callback_info__ENKUlvE_clEv
FNDA:1020,_ZZN4Napi7detailsL25TemplatedInstanceCallbackI9DisruptorXadL_ZNS2_7GetSpinERKNS_12CallbackInfoEEEEEP12napi_value__P10napi_env__P20napi_callback_info__ENKUlvE_clEv
FN:163,_ZZN4Napi7detailsL25TemplatedInstanceCallbackI9DisruptorXadL_ZNS2_19GetPendingSeqCursorERKNS_12CallbackInfoEEEEEP12napi_value__P10napi_env__P20napi_callback_info__ENKUlvE_clEv
FNDA:87,_ZZN4Napi7detailsL25TemplatedInstanceCallbackI9DisruptorXadL_ZNS2_19GetPendingSeqCursorERKNS_12CallbackInfoEEEEEP12napi_value__P10napi_env__P20napi_callback_info__ENKUlvE_clEv
FN:163,_ZZN4Napi7detailsL25TemplatedInstanceCallbackI9DisruptorXadL_ZNS2_11GetConsumerERKNS_12CallbackInfoEEEEEP12napi_value__P10napi_env__P20napi_callback_info__ENKUlvE_clEv
FNDA:222,_ZZN4Napi7detailsL25TemplatedInstanceCallbackI9DisruptorXadL_ZNS2_11GetConsumerERKNS_12CallbackInfoEEEEEP12napi_value__P10napi_env__P20napi_callback_info__ENKUlvE_clEv
FN:163,_ZZN4Napi7detailsL25TemplatedInstanceCallbackI9DisruptorXadL_ZNS2_17ProduceCommitSyncERKNS_12CallbackInfoEEEEEP12napi_value__P10napi_env__P20napi_callback_info__ENKUlvE_clEv
FNDA:811,_ZZN4Napi7detailsL25TemplatedInstanceCallbackI9DisruptorXadL_ZNS2_17ProduceCommitSyncERKNS_12CallbackInfoEEEEEP12napi_value__P10napi_env__P20napi_callback_info__ENKUlvE_clEv
FN:163,_ZZN4Napi7detailsL25TemplatedInstanceCallbackI9DisruptorXadL_ZNS2_11GetElementsERKNS_12CallbackInfoEEEEEP12napi_value__P10napi_env__P20napi_callback_info__ENKUlvE_clEv
FNDA:1556,_ZZN4Napi7detailsL25TemplatedInstanceCallbackI9DisruptorXadL_ZNS2_11GetElementsERKNS_12CallbackInfoEEEEEP12napi_value__P10napi_env__P20napi_callback_info__ENKUlvE_clEv
FN:163,_ZZN4Napi7detailsL25TemplatedInstanceCallbackI9DisruptorXadL_ZNS2_7GetNextERKNS_12CallbackInfoEEEEEP12napi_value__P10napi_env__P20napi_callback_info__ENKUlvE_clEv
FNDA:222,_ZZN4Napi7detailsL25TemplatedInstanceCallbackI9DisruptorXadL_ZNS2_7GetNextERKNS_12CallbackInfoEEEEEP12napi_value__P10napi_env__P20napi_callback_info__ENKUlvE_clEv
FN:163,_ZZN4Napi7detailsL25TemplatedInstanceCallbackI9DisruptorXadL_ZNS2_9GetStatusERKNS_12CallbackInfoEEEEEP12napi_value__P10napi_env__P20napi_callback_info__ENKUlvE_clEv
FNDA:212233,_ZZN4Napi7detailsL25TemplatedInstanceCallbackI9DisruptorXadL_ZNS2_9GetStatusERKNS_12CallbackInfoEEEEEP12napi_value__P10napi_env__P20napi_callback_info__ENKUlvE_clEv
FN:163,_ZZN4Napi7detailsL25TemplatedInstanceCallbackI9DisruptorXadL_ZNS2_9GetCursorERKNS_12CallbackInfoEEEEEP12napi_value__P10napi_env__P20napi_callback_info__ENKUlvE_clEv
FNDA:222,_ZZN4Napi7detailsL25TemplatedInstanceCallbackI9DisruptorXadL_ZNS2_9GetCursorERKNS_12CallbackInfoEEEEEP12napi_value__P10napi_env__P20napi_callback_info__ENKUlvE_clEv
FN:163,_ZZN4Napi7detailsL25TemplatedInstanceCallbackI9DisruptorXadL_ZNS2_17GetPendingSeqNextERKNS_12CallbackInfoEEEEEP12napi_value__P10napi_env__P20napi_callback_info__ENKUlvE_clEv
FNDA:522158,_ZZN4Napi7detailsL25TemplatedInstanceCallbackI9DisruptorXadL_ZNS2_17GetPendingSeqNextERKNS_12CallbackInfoEEEEEP12napi_value__P10napi_env__P20napi_callback_info__ENKUlvE_clEv
FN:163,_ZZN4Napi7detailsL25TemplatedInstanceCallbackI9DisruptorXadL_ZNS2_21GetPendingSeqConsumerERKNS_12CallbackInfoEEEEEP12napi_value__P10napi_env__P20napi_callback_info__ENKUlvE_clEv
FNDA:1090624,_ZZN4Napi7detailsL25TemplatedInstanceCallbackI9DisruptorXadL_ZNS2_21GetPendingSeqConsumerERKNS_12CallbackInfoEEEEEP12napi_value__P10napi_env__P20napi_callback_info__ENKUlvE_clEv
FN:163,_ZZN4Napi7detailsL25TemplatedInstanceCallbackI9DisruptorXadL_ZNS2_12GetConsumersERKNS_12CallbackInfoEEEEEP12napi_value__P10napi_env__P20napi_callback_info__ENKUlvE_clEv
FNDA:12,_ZZN4Napi7detailsL25TemplatedInstanceCallbackI9DisruptorXadL_ZNS2_12GetConsumersERKNS_12CallbackInfoEEEEEP12napi_value__P10napi_env__P20napi_callback_info__ENKUlvE_clEv
FN:163,_ZZN4Napi7detailsL25TemplatedInstanceCallbackI9DisruptorXadL_ZNS2_20GetPendingSeqNextEndERKNS_12CallbackInfoEEEEEP12napi_value__P10napi_env__P20napi_callback_info__ENKUlvE_clEv
FNDA:522158,_ZZN4Napi7detailsL25TemplatedInstanceCallbackI9DisruptorXadL_ZNS2_20GetPendingSeqNextEndERKNS_12CallbackInfoEEEEEP12napi_value__P10napi_env__P20napi_callback_info__ENKUlvE_clEv
FN:163,_ZZN4Napi7detailsL25TemplatedInstanceCallbackI9DisruptorXadL_ZNS2_13ConsumeCommitERKNS_12CallbackInfoEEEEEP12napi_value__P10napi_env__P20napi_callback_info__ENKUlvE_clEv
FNDA:1090541,_ZZN4Napi7detailsL25TemplatedInstanceCallbackI9DisruptorXadL_ZNS2_13ConsumeCommitERKNS_12CallbackInfoEEEEEP12napi_value__P10napi_env__P20napi_callback_info__ENKUlvE_clEv
FN:163,_ZZN4Napi7detailsL25TemplatedInstanceCallbackI9DisruptorXadL_ZNS2_13ProduceCommitERKNS_12CallbackInfoEEEEEP12napi_value__P10napi_env__P20napi_callback_info__ENKUlvE_clEv
FNDA:520733,_ZZN4Napi7detailsL25TemplatedInstanceCallbackI9DisruptorXadL_ZNS2_13ProduceCommitERKNS_12CallbackInfoEEEEEP12napi_value__P10napi_env__P20napi_callback_info__ENKUlvE_clEv
FN:163,_ZZN4Napi7detailsL25TemplatedInstanceCallbackI9DisruptorXadL_ZNS2_21ProduceClaimAvailSyncERKNS_12CallbackInfoEEEEEP12napi_value__P10napi_env__P20napi_callback_info__ENKUlvE_clEv
FNDA:2,_ZZN4Napi7detailsL25TemplatedInstanceCallbackI9DisruptorXadL_ZNS2_21ProduceClaimAvailSyncERKNS_12CallbackInfoEEEEEP12napi_value__P10napi_env__P20napi_callback_info__ENKUlvE_clEv
FN:163,_ZZN4Napi7detailsL25TemplatedInstanceCallbackI9DisruptorXadL_ZNS2_17ProduceClaimAvailERKNS_12CallbackInfoEEEEEP12napi_value__P10napi_env__P20napi_callback_info__ENKUlvE_clEv
FNDA:1827,_ZZN4Napi7detailsL25TemplatedInstanceCallbackI9DisruptorXadL_ZNS2_17ProduceClaimAvailERKNS_12CallbackInfoEEEEEP12napi_value__P10napi_env__P20napi_callback_info__ENKUlvE_clEv
FN:163,_ZZN4Napi7detailsL25TemplatedInstanceCallbackI9DisruptorXadL_ZNS2_20ProduceClaimManySyncERKNS_12CallbackInfoEEEEEP12napi_value__P10napi_env__P20napi_callback_info__ENKUlvE_clEv
FNDA:11,_ZZN4Napi7detailsL25TemplatedInstanceCallbackI9DisruptorXadL_ZNS2_20ProduceClaimManySyncERKNS_12CallbackInfoEEEEEP12napi_value__P10napi_env__P20napi_callback_info__ENKUlvE_clEv
FN:163,_ZZN4Napi7detailsL25TemplatedInstanceCallbackI9DisruptorXadL_ZNS2_16ProduceClaimManyERKNS_12CallbackInfoEEEEEP12napi_value__P10napi_env__P20napi_callback_info__ENKUlvE_clEv
FNDA:24,_ZZN4Napi7detailsL25TemplatedInstanceCallbackI9DisruptorXadL_ZNS2_16ProduceClaimManyERKNS_12CallbackInfoEEEEEP12napi_value__P10napi_env__P20napi_callback_info__ENKUlvE_clEv
FN:163,_ZZN4Napi7detailsL25TemplatedInstanceCallbackI9DisruptorXadL_ZNS2_14ProduceRecoverERKNS_12CallbackInfoEEEEEP12napi_value__P10napi_env__P20napi_callback_info__ENKUlvE_clEv
FNDA:76,_ZZN4Napi7detailsL25TemplatedInstanceCallbackI9DisruptorXadL_ZNS2_14ProduceRecoverERKNS_12CallbackInfoEEEEEP12napi_value__P10napi_env__P20napi_callback_info__ENKUlvE_clEv
FN:163,_ZZN4Napi7detailsL25TemplatedInstanceCallbackI9DisruptorXadL_ZNS2_16ProduceClaimSyncERKNS_12CallbackInfoEEEEEP12napi_value__P10napi_env__P20napi_callback_info__ENKUlvE_clEv
FNDA:807,_ZZN4Napi7detailsL25TemplatedInstanceCallbackI9DisruptorXadL_ZNS2_16ProduceClaimSyncERKNS_12CallbackInfoEEEEEP12napi_value__P10napi_env__P20napi_callback_info__ENKUlvE_clEv
FN:163,_ZZN4Napi7detailsL25TemplatedInstanceCallbackI9DisruptorXadL_ZNS2_12ProduceClaimERKNS_12CallbackInfoEEEEEP12napi_value__P10napi_env__P20napi_callback_info__ENKUlvE_clEv
FNDA:519441,_ZZN4Napi7detailsL25TemplatedInstanceCallbackI9DisruptorXadL_ZNS2_12ProduceClaimERKNS_12CallbackInfoEEEEEP12napi_value__P10napi_env__P20napi_callback_info__ENKUlvE_clEv
FN:163,_ZZN4Napi7detailsL25TemplatedInstanceCallbackI9DisruptorXadL_ZNS2_10ConsumeNewERKNS_12CallbackInfoEEEEEP12napi_value__P10napi_env__P20napi_callback_info__ENKUlvE_clEv
FNDA:1090524,_ZZN4Napi7detailsL25TemplatedInstanceCallbackI9DisruptorXadL_ZNS2_10ConsumeNewERKNS_12CallbackInfoEEEEEP12napi_value__P10napi_env__P20napi_callback_info__ENKUlvE_clEv
FN:163,_ZZN4Napi7detailsL25TemplatedInstanceCallbackI9DisruptorXadL_ZNS2_14ConsumeNewSyncERKNS_12CallbackInfoEEEEEP12napi_value__P10napi_env__P20napi_callback_info__ENKUlvE_clEv
FNDA:13,_ZZN4Napi7detailsL25TemplatedInstanceCallbackI9DisruptorXadL_ZNS2_14ConsumeNewSyncERKNS_12CallbackInfoEEEEEP12napi_value__P10napi_env__P20napi_callback_info__ENKUlvE_clEv
FN:172,_ZN4Napi7detailsL29TemplatedInstanceVoidCallbackI9DisruptorXadL_ZNS2_7ReleaseERKNS_12CallbackInfoEEEEEP12napi_value__P10napi_env__P20napi_callback_info__
FNDA:4231,_ZN4Napi7detailsL29TemplatedInstanceVoidCallbackI9DisruptorXadL_ZNS2_7ReleaseERKNS_12CallbackInfoEEEEEP12napi_value__P10napi_env__P20napi_callback_info__
FN:172,_ZN4Napi7detailsL29TemplatedInstanceVoidCallbackI9DisruptorXadL_ZNS2_18ProduceCommitAsyncERKNS_12CallbackInfoEEEEEP12napi_value__P10napi_env__P20napi_callback_info__
FNDA:811,_ZN4Napi7detailsL29TemplatedInstanceVoidCallbackI9DisruptorXadL_ZNS2_18ProduceCommitAsyncERKNS_12CallbackInfoEEEEEP12napi_value__P10napi_env__P20napi_callback_info__
FN:172,_ZN4Napi7detailsL29TemplatedInstanceVoidCallbackI9DisruptorXadL_ZNS2_22ProduceClaimAvailAsyncERKNS_12CallbackInfoEEEEEP12napi_value__P10napi_env__P20napi_callback_info__
FNDA:2,_ZN4Napi7detailsL29TemplatedInstanceVoidCallbackI9DisruptorXadL_ZNS2_22ProduceClaimAvailAsyncERKNS_12CallbackInfoEEEEEP12napi_value__P10napi_env__P20napi_callback_info__
FN:172,_ZN4Napi7detailsL29TemplatedInstanceVoidCallbackI9DisruptorXadL_ZNS2_21ProduceClaimManyAsyncERKNS_12CallbackInfoEEEEEP12napi_value__P10napi_env__P20napi_callback_info__
FNDA:11,_ZN4Napi7detailsL29TemplatedInstanceVoidCallbackI9DisruptorXadL_ZNS2_21ProduceClaimManyAsyncERKNS_12CallbackInfoEEEEEP12napi_value__P10napi_env__P20napi_callback_info__
FN:172,_ZN4Napi7detailsL29TemplatedInstanceVoidCallbackI9DisruptorXadL_ZNS2_17ProduceClaimAsyncERKNS_12CallbackInfoEEEEEP12napi_value__P10napi_env__P20napi_callback_info__
FNDA:807,_ZN4Napi7detailsL29TemplatedInstanceVoidCallbackI9DisruptorXadL_ZNS2_17ProduceClaimAsyncERKNS_12CallbackInfoEEEEEP12napi_value__P10napi_env__P20napi_callback_info__
FN:172,_ZN4Napi7detailsL29TemplatedInstanceVoidCallbackI9DisruptorXadL_ZNS2_15ConsumeNewAsyncERKNS_12CallbackInfoEEEEEP12napi_value__P10napi_env__P20napi_callback_info__
FNDA:13,_ZN4Napi7detailsL29TemplatedInstanceVoidCallbackI9DisruptorXadL_ZNS2_15ConsumeNewAsyncERKNS_12CallbackInfoEEEEEP12napi_value__P10napi_env__P20napi_callback_info__
FN:174,_ZZN4Napi7detailsL29TemplatedInstanceVoidCallbackI9DisruptorXadL_ZNS2_7ReleaseERKNS_12CallbackInfoEEEEEP12napi_value__P10napi_env__P20napi_callback_info__ENKUlvE_clEv
FNDA:4231,_ZZN4Napi7detailsL29TemplatedInstanceVoidCallbackI9DisruptorXadL_ZNS2_7ReleaseERKNS_12CallbackInfoEEEEEP12napi_value__P10napi_env__P20napi_callback_info__ENKUlvE_clEv
FN:174,_ZZN4Napi7detailsL29TemplatedInstanceVoidCallbackI9DisruptorXadL_ZNS2_17ProduceClaimAsyncERKNS_12CallbackInfoEEEEEP12napi_value__P10napi_env__P20napi_callback_info__ENKUlvE_clEv
FNDA:807,_ZZN4Napi7detailsL29TemplatedInstanceVoidCallbackI9DisruptorXadL_ZNS2_17ProduceClaimAsyncERKNS_12CallbackInfoEEEEEP12napi_value__P10napi_env__P20napi_callback_info__ENKUlvE_clEv
FN:174,_ZZN4Napi7detailsL29TemplatedInstanceVoidCallbackI9DisruptorXadL_ZNS2_18ProduceCommitAsyncERKNS_12CallbackInfoEEEEEP12napi_value__P10napi_env__P20napi_callback_info__ENKUlvE_clEv
FNDA:811,_ZZN4Napi7detailsL29TemplatedInstanceVoidCallbackI9DisruptorXadL_ZNS2_18ProduceCommitAsyncERKNS_12CallbackInfoEEEEEP12napi_value__P10napi_env__P20napi_callback_info__ENKUlvE_clEv
FN:174,_ZZN4Napi7detailsL29TemplatedInstanceVoidCallbackI9DisruptorXadL_ZNS2_22ProduceClaimAvailAsyncERKNS_12CallbackInfoEEEEEP12napi_value__P10napi_env__P20napi_callback_info__ENKUlvE_clEv
FNDA:2,_ZZN4Napi7detailsL29TemplatedInstanceVoidCallbackI9DisruptorXadL_ZNS2_22ProduceClaimAvailAsyncERKNS_12CallbackInfoEEEEEP12napi_value__P10napi_env__P20napi_callback_info__ENKUlvE_clEv
FN:174,_ZZN4Napi7detailsL29TemplatedInstanceVoidCallbackI9DisruptorXadL_ZNS2_21ProduceClaimManyAsyncERKNS_12CallbackInfoEEEEEP12napi_value__P10napi_env__P20napi_callback_info__ENKUlvE_clEv
FNDA:11,_ZZN4Napi7detailsL29TemplatedInstanceVoidCallbackI9DisruptorXadL_ZNS2_21ProduceClaimManyAsyncERKNS_12CallbackInfoEEEEEP12napi_value__P10napi_env__P20napi_callback_info__ENKUlvE_clEv
FN:174,_ZZN4Napi7detailsL29TemplatedInstanceVoidCallbackI9DisruptorXadL_ZNS2_15ConsumeNewAsyncERKNS_12CallbackInfoEEEEEP12napi_value__P10napi_env__P20napi_callback_info__ENKUlvE_clEv
FNDA:13,_ZZN4Napi7detailsL29TemplatedInstanceVoidCallbackI9DisruptorXadL_ZNS2_15ConsumeNewAsyncERKNS_12CallbackInfoEEEEEP12napi_value__P10napi_env__P20napi_callback_info__ENKUlvE_clEv
FN:184,_ZN4Napi7details12FinalizeDataIhZN9DisruptorC4ERKNS_12CallbackInfoEEUlNS_3EnvEPhE_vE7WrapperEP10napi_env__PvSC_
FNDA:3724,_ZN4Napi7details12FinalizeDataIhZN9DisruptorC4ERKNS_12CallbackInfoEEUlNS_3EnvEPhE_vE7WrapperEP10napi_env__PvSC_
FN:187,_ZZN4Napi7details12FinalizeDataIhZN9DisruptorC4ERKNS_12CallbackInfoEEUlNS_3EnvEPhE_vE7WrapperEP10napi_env__PvSC_ENKUlvE_clEv
FNDA:3724,_ZZN4Napi7details12FinalizeDataIhZN9DisruptorC4ERKNS_12CallbackInfoEEUlNS_3EnvEPhE_vE7WrapperEP10napi_env__PvSC_ENKUlvE_clEv
FN:372,_ZN4Napi14RegisterModuleEP10napi_env__P12napi_value__PFNS_6ObjectENS_3EnvES4_E
FNDA:505,_ZN4Napi14RegisterModuleEP10napi_env__P12napi_value__PFNS_6ObjectENS_3EnvES4_E
FN:375,_ZZN4Napi14RegisterModuleEP10napi_env__P12napi_value__PFNS_6ObjectENS_3EnvES4_EENKUlvE_clEv
FNDA:505,_ZZN4Napi14RegisterModuleEP10napi_env__P12napi_value__PFNS_6ObjectENS_3EnvES4_EENKUlvE_clEv
FN:451,_ZN4Napi3EnvC2EP10napi_env__
FNDA:45969647,_ZN4Napi3EnvC2EP10napi_env__
FN:454,_ZNK4Napi3EnvcvP10napi_env__Ev
FNDA:41672125,_ZNK4Napi3EnvcvP10napi_env__Ev
FN:458,_ZNK4Napi3Env6GlobalEv
FNDA:4736,_ZNK4Napi3Env6GlobalEv
FN:465,_ZNK4Napi3Env9UndefinedEv
FNDA:1210836,_ZNK4Napi3Env9UndefinedEv
FN:472,_ZNK4Napi3Env4NullEv
FNDA:548271,_ZNK4Napi3Env4NullEv
FN:479,_ZNK4Napi3Env18IsExceptionPendingEv
FNDA:557743,_ZNK4Napi3Env18IsExceptionPendingEv
FN:578,_ZN4Napi5ValueC2Ev
FNDA:4736,_ZN4Napi5ValueC2Ev
FN:581,_ZN4Napi5ValueC2EP10napi_env__P12napi_value__
FNDA:45148824,_ZN4Napi5ValueC2EP10napi_env__P12napi_value__
FN:584,_ZNK4Napi5ValuecvP12napi_value__Ev
FNDA:43921802,_ZNK4Napi5ValuecvP12napi_value__Ev
FN:603,_ZNK4Napi5Value3EnvEv
FNDA:25263192,_ZNK4Napi5Value3EnvEv
FN:607,_ZNK4Napi5Value7IsEmptyEv
FNDA:551999,_ZNK4Napi5Value7IsEmptyEv
FN:611,_ZNK4Napi5Value4TypeEv
FNDA:548271,_ZNK4Napi5Value4TypeEv
FN:702,_ZNK4Napi5Value10IsFunctionEv
FNDA:548271,_ZNK4Napi5Value10IsFunctionEv
FN:744,_ZNK4Napi5Value2AsINS_6StringEEET_v
FNDA:4740,_ZNK4Napi5Value2AsINS_6StringEEET_v
FN:744,_ZNK4Napi5Value2AsINS_8FunctionEEET_v
FNDA:557743,_ZNK4Napi5Value2AsINS_8FunctionEEET_v
FN:744,_ZNK4Napi5Value2AsINS_6ObjectEEET_v
FNDA:5587034,_ZNK4Napi5Value2AsINS_6ObjectEEET_v
FN:744,_ZNK4Napi5Value2AsINS_6BufferIhEEEET_v
FNDA:1519741,_ZNK4Napi5Value2AsINS_6BufferIhEEEET_v
FN:744,_ZNK4Napi5Value2AsINS_6NumberEEET_v
FNDA:23598,_ZNK4Napi5Value2AsINS_6NumberEEET_v
FN:744,_ZNK4Napi5Value2AsINS_7BooleanEEET_v
FNDA:9480,_ZNK4Napi5Value2AsINS_7BooleanEEET_v
FN:780,_ZN4Napi7Boolean3NewEP10napi_env__b
FNDA:1735300,_ZN4Napi7Boolean3NewEP10napi_env__b
FN:790,_ZN4Napi7BooleanC2EP10napi_env__P12napi_value__
FNDA:1744780,_ZN4Napi7BooleanC2EP10napi_env__P12napi_value__
FN:793,_ZNK4Napi7BooleancvbEv
FNDA:530213,_ZNK4Napi7BooleancvbEv
FN:797,_ZNK4Napi7Boolean5ValueEv
FNDA:530213,_ZNK4Napi7Boolean5ValueEv
FN:808,_ZN4Napi6Number3NewEP10napi_env__d
FNDA:5820831,_ZN4Napi6Number3NewEP10napi_env__d
FN:818,_ZN4Napi6NumberC2EP10napi_env__P12napi_value__
FNDA:5844429,_ZN4Napi6NumberC2EP10napi_env__P12napi_value__
FN:821,_ZNK4Napi6NumbercviEv
FNDA:9,_ZNK4Napi6NumbercviEv
FN:825,_ZNK4Napi6NumbercvjEv
FNDA:20837,_ZNK4Napi6NumbercvjEv
FN:841,_ZNK4Napi6Number10Int32ValueEv
FNDA:9,_ZNK4Napi6Number10Int32ValueEv
FN:848,_ZNK4Napi6Number11Uint32ValueEv
FNDA:20837,_ZNK4Napi6Number11Uint32ValueEv
FN:855,_ZNK4Napi6Number10Int64ValueEv
FNDA:2752,_ZNK4Napi6Number10Int64ValueEv
FN:974,_ZN4Napi4NameC2EP10napi_env__P12napi_value__
FNDA:4744,_ZN4Napi4NameC2EP10napi_env__P12napi_value__
FN:989,_ZN4Napi6String3NewEP10napi_env__PKc
FNDA:4,_ZN4Napi6String3NewEP10napi_env__PKc
FN:1032,_ZN4Napi6StringC2EP10napi_env__P12napi_value__
FNDA:4744,_ZN4Napi6StringC2EP10napi_env__P12napi_value__
FN:1035,_ZNK4Napi6StringcvNSt7__cxx1112basic_stringIcSt11char_traitsIcESaIcEEEEv
FNDA:0,_ZNK4Napi6StringcvNSt7__cxx1112basic_stringIcSt11char_traitsIcESaIcEEEEv
FN:1043,_ZNK4Napi6String9Utf8ValueB5cxx11Ev
FNDA:4740,_ZNK4Napi6String9Utf8ValueB5cxx11Ev
FN:1174,_ZN4Napi7details13vf_utf8_charp4FromEP10napi_env__PKc
FNDA:4,_ZN4Napi7details13vf_utf8_charp4FromEP10napi_env__PKc
FN:1198,_ZN4Napi7details11vf_fallbackINS_8FunctionEE4FromEP10napi_env__RKS2_
FNDA:505,_ZN4Napi7details11vf_fallbackINS_8FunctionEE4FromEP10napi_env__RKS2_
FN:1198,_ZN4Napi7details11vf_fallbackIP12napi_value__E4FromEP10napi_env__RKS3_
FNDA:0,_ZN4Napi7details11vf_fallbackIP12napi_value__E4FromEP10napi_env__RKS3_
FN:1198,_ZN4Napi7details11vf_fallbackINS_6BufferIhEEE4FromEP10napi_env__RKS3_
FNDA:672569,_ZN4Napi7details11vf_fallbackINS_6BufferIhEEE4FromEP10napi_env__RKS3_
FN:1198,_ZN4Napi7details11vf_fallbackINS_5ValueEE4FromEP10napi_env__RKS2_
FNDA:311890,_ZN4Napi7details11vf_fallbackINS_5ValueEE4FromEP10napi_env__RKS2_
FN:1218,_ZN4Napi5Value4FromIS0_EES0_P10napi_env__RKT_
FNDA:311890,_ZN4Napi5Value4FromIS0_EES0_P10napi_env__RKT_
FN:1218,_ZN4Napi5Value4FromIP12napi_value__EES0_P10napi_env__RKT_
FNDA:0,_ZN4Napi5Value4FromIP12napi_value__EES0_P10napi_env__RKT_
FN:1218,_ZN4Napi5Value4FromINS_6BufferIhEEEES0_P10napi_env__RKT_
FNDA:672569,_ZN4Napi5Value4FromINS_6BufferIhEEEES0_P10napi_env__RKT_
FN:1218,_ZN4Napi5Value4FromINS_8FunctionEEES0_P10napi_env__RKT_
FNDA:505,_ZN4Napi5Value4FromINS_8FunctionEEES0_P10napi_env__RKT_
FN:1232,_ZN4Napi6String4FromIPKcEES0_P10napi_env__RKT_
FNDA:4,_ZN4Napi6String4FromIPKcEES0_P10napi_env__RKT_
FN:1269,_ZN4Napi6Object14PropertyLValueIjEaSINS_5ValueEEERS2_T_
FNDA:311890,_ZN4Napi6Object14PropertyLValueIjEaSINS_5ValueEEERS2_T_
FN:1281,_ZN4Napi6Object14PropertyLValueIjEC2ES0_j
FNDA:311890,_ZN4Napi6Object14PropertyLValueIjEC2ES0_j
FN:1284,_ZN4Napi6Object3NewEP10napi_env__
FNDA:6450020,_ZN4Napi6Object3NewEP10napi_env__
FN:1291,_ZN4Napi6ObjectC2Ev
FNDA:4736,_ZN4Napi6ObjectC2Ev
FN:1294,_ZN4Napi6ObjectC2EP10napi_env__P12napi_value__
FNDA:31584748,_ZN4Napi6ObjectC2EP10napi_env__P12napi_value__
FN:1305,_ZN4Napi6ObjectixEj
FNDA:311890,_ZN4Napi6ObjectixEj
FN:1388,_ZNK4Napi6Object3GetEPKc
FNDA:14208,_ZNK4Napi6Object3GetEPKc
FN:1413,_ZN4Napi6Object3SetINS_8FunctionEEEbPKcRKT_
FNDA:505,_ZN4Napi6Object3SetINS_8FunctionEEEbPKcRKT_
FN:1459,_ZN4Napi6Object3SetINS_6BufferIhEEEEbjRKT_
FNDA:672569,_ZN4Napi6Object3SetINS_6BufferIhEEEEbjRKT_
FN:1459,_ZN4Napi6Object3SetINS_5ValueEEEbjRKT_
FNDA:311890,_ZN4Napi6Object3SetINS_5ValueEEEbjRKT_
FN:1707,_ZN4Napi5Array3NewEP10napi_env__
FNDA:1512991,_ZN4Napi5Array3NewEP10napi_env__
FN:1724,_ZN4Napi5ArrayC2EP10napi_env__P12napi_value__
FNDA:1512991,_ZN4Napi5ArrayC2EP10napi_env__P12napi_value__
FN:1727,_ZNK4Napi5Array6LengthEv
FNDA:1092375,_ZNK4Napi5Array6LengthEv
FN:2015,_ZN4Napi10TypedArrayC2Ev
FNDA:4736,_ZN4Napi10TypedArrayC2Ev
FN:2019,_ZN4Napi10TypedArrayC2EP10napi_env__P12napi_value__
FNDA:3045786,_ZN4Napi10TypedArrayC2EP10napi_env__P12napi_value__
FN:2125,_ZN4Napi12TypedArrayOfIhEC2Ev
FNDA:4736,_ZN4Napi12TypedArrayOfIhEC2Ev
FN:2129,_ZN4Napi12TypedArrayOfIhEC2EP10napi_env__P12napi_value__
FNDA:3045786,_ZN4Napi12TypedArrayOfIhEC2EP10napi_env__P12napi_value__
FN:2184,_ZN4NapiL14CreateFunctionINS_18MethodCallbackDataI9DisruptorPFvRKNS_12CallbackInfoEEEEEE11napi_statusP10napi_env__PKcPFP12napi_value__SB_P20napi_callback_info__EPT_PSF_
FNDA:0,_ZN4NapiL14CreateFunctionINS_18MethodCallbackDataI9DisruptorPFvRKNS_12CallbackInfoEEEEEE11napi_statusP10napi_env__PKcPFP12napi_value__SB_P20napi_callback_info__EPT_PSF_
FN:2184,_ZN4NapiL14CreateFunctionINS_18MethodCallbackDataI9DisruptorPFNS_5ValueERKNS_12CallbackInfoEEEEEE11napi_statusP10napi_env__PKcPFP12napi_value__SC_P20napi_callback_info__EPT_PSG_
FNDA:0,_ZN4NapiL14CreateFunctionINS_18MethodCallbackDataI9DisruptorPFNS_5ValueERKNS_12CallbackInfoEEEEEE11napi_statusP10napi_env__PKcPFP12napi_value__SC_P20napi_callback_info__EPT_PSG_
FN:2199,_ZN4Napi8Function3NewIXadL_Z12NullCallbackRKNS_12CallbackInfoEEEEES0_P10napi_env__PKcPv
FNDA:0,_ZN4Napi8Function3NewIXadL_Z12NullCallbackRKNS_12CallbackInfoEEEEES0_P10napi_env__PKcPv
FN:2272,_ZN4Napi8FunctionC2EP10napi_env__P12napi_value__
FNDA:5302999,_ZN4Napi8FunctionC2EP10napi_env__P12napi_value__
FN:2295,_ZNK4Napi8Function4CallEP12napi_value__RKSt16initializer_listIS2_E
FNDA:1519741,_ZNK4Napi8Function4CallEP12napi_value__RKSt16initializer_listIS2_E
FN:2300,_ZNK4Napi8Function4CallEP12napi_value__RKSt6vectorIS2_SaIS2_EE
FNDA:0,_ZNK4Napi8Function4CallEP12napi_value__RKSt6vectorIS2_SaIS2_EE
FN:2305,_ZNK4Napi8Function4CallEP12napi_value__mPKS2_
FNDA:1519741,_ZNK4Napi8Function4CallEP12napi_value__mPKS2_
FN:2315,_ZNK4Napi8Function12MakeCallbackEP12napi_value__RKSt16initializer_listIS2_EP20napi_async_context__
FNDA:548271,_ZNK4Napi8Function12MakeCallbackEP12napi_value__RKSt16initializer_listIS2_EP20napi_async_context__
FN:2329,_ZNK4Napi8Function12MakeCallbackEP12napi_value__mPKS2_P20napi_async_context__
FNDA:548271,_ZNK4Napi8Function12MakeCallbackEP12napi_value__mPKS2_P20napi_async_context__
FN:2418,_ZN4Napi6BufferIhE3NewIZN9DisruptorC4ERKNS_12CallbackInfoEEUlNS_3EnvEPhE_EES1_P10napi_env__S8_mT_
FNDA:4736,_ZN4Napi6BufferIhE3NewIZN9DisruptorC4ERKNS_12CallbackInfoEEUlNS_3EnvEPhE_EES1_P10napi_env__S8_mT_
FN:2475,_ZN4Napi6BufferIhEC2Ev
FNDA:4736,_ZN4Napi6BufferIhEC2Ev
FN:2479,_ZN4Napi6BufferIhEC2EP10napi_env__P12napi_value__
FNDA:3041050,_ZN4Napi6BufferIhEC2EP10napi_env__P12napi_value__
FN:2484,_ZN4Napi6BufferIhEC2EP10napi_env__P12napi_value__mPh
FNDA:4736,_ZN4Napi6BufferIhEC2EP10napi_env__P12napi_value__mPh
FN:2489,_ZNK4Napi6BufferIhE6LengthEv
FNDA:519441,_ZNK4Napi6BufferIhE6LengthEv
FN:2501,_ZNK4Napi6BufferIhE10EnsureInfoEv
FNDA:519441,_ZNK4Napi6BufferIhE10EnsureInfoEv
FN:2519,_ZN4Napi5Error3NewEP10napi_env__
FNDA:0,_ZN4Napi5Error3NewEP10napi_env__
FN:2579,_ZN4Napi5Error3NewEP10napi_env__PKc
FNDA:0,_ZN4Napi5Error3NewEP10napi_env__PKc
FN:2583,_ZN4Napi5Error3NewEP10napi_env__RKNSt7__cxx1112basic_stringIcSt11char_traitsIcESaIcEEE
FNDA:4,_ZN4Napi5Error3NewEP10napi_env__RKNSt7__cxx1112basic_stringIcSt11char_traitsIcESaIcEEE
FN:2587,_ZN4Napi5Error5FatalEPKcS2_
FNDA:0,_ZN4Napi5Error5FatalEPKcS2_
FN:2594,_ZN4Napi5ErrorC2EP10napi_env__P12napi_value__
FNDA:4,_ZN4Napi5ErrorC2EP10napi_env__P12napi_value__
FN:2632,_ZNK4Napi5Error5ValueEv
FNDA:4,_ZNK4Napi5Error5ValueEv
FN:2696,_ZNK4Napi5Error7MessageB5cxx11Ev
FNDA:0,_ZNK4Napi5Error7MessageB5cxx11Ev
FN:2721,_ZNK4Napi5Error26ThrowAsJavaScriptExceptionEv
FNDA:4,_ZNK4Napi5Error26ThrowAsJavaScriptExceptionEv
FN:2769,_ZNK4Napi5Error4whatEv
FNDA:0,_ZNK4Napi5Error4whatEv
FN:2776,_ZN4Napi5Error3NewIS0_EET_P10napi_env__PKcmPF11napi_statusS4_P12napi_value__S9_PS9_E
FNDA:4,_ZN4Napi5Error3NewIS0_EET_P10napi_env__PKcmPF11napi_statusS4_P12napi_value__S9_PS9_E
FN:2824,_ZN4Napi9ReferenceINS_6BufferIhEEE3NewERKS2_j
FNDA:14208,_ZN4Napi9ReferenceINS_6BufferIhEEE3NewERKS2_j
FN:2824,_ZN4Napi9ReferenceINS_6ObjectEE3NewERKS1_j
FNDA:6450020,_ZN4Napi9ReferenceINS_6ObjectEE3NewERKS1_j
FN:2824,_ZN4Napi9ReferenceINS_8FunctionEE3NewERKS1_j
FNDA:3229746,_ZN4Napi9ReferenceINS_8FunctionEE3NewERKS1_j
FN:2841,_ZN4Napi9ReferenceINS_6BufferIhEEEC2Ev
FNDA:14220,_ZN4Napi9ReferenceINS_6BufferIhEEEC2Ev
FN:2841,_ZN4Napi9ReferenceINS_6ObjectEEC2Ev
FNDA:4740,_ZN4Napi9ReferenceINS_6ObjectEEC2Ev
FN:2841,_ZN4Napi9ReferenceINS_8FunctionEEC2Ev
FNDA:4740,_ZN4Napi9ReferenceINS_8FunctionEEC2Ev
FN:2845,_ZN4Napi9ReferenceINS_8FunctionEEC2EP10napi_env__P10napi_ref__
FNDA:3229746,_ZN4Napi9ReferenceINS_8FunctionEEC2EP10napi_env__P10napi_ref__
FN:2845,_ZN4Napi9ReferenceINS_6BufferIhEEEC2EP10napi_env__P10napi_ref__
FNDA:14208,_ZN4Napi9ReferenceINS_6BufferIhEEEC2EP10napi_env__P10napi_ref__
FN:2845,_ZN4Napi9ReferenceINS_6ObjectEEC2EP10napi_env__P10napi_ref__
FNDA:6454764,_ZN4Napi9ReferenceINS_6ObjectEEC2EP10napi_env__P10napi_ref__
FN:2850,_ZN4Napi9ReferenceINS_6BufferIhEEED2Ev
FNDA:25392,_ZN4Napi9ReferenceINS_6BufferIhEEED2Ev
FN:2850,_ZN4Napi9ReferenceINS_8FunctionEED2Ev
FNDA:6463220,_ZN4Napi9ReferenceINS_8FunctionEED2Ev
FN:2850,_ZN4Napi9ReferenceINS_6ObjectEED2Ev
FNDA:12908512,_ZN4Napi9ReferenceINS_6ObjectEED2Ev
FN:2861,_ZN4Napi9ReferenceINS_8FunctionEEC2EOS2_
FNDA:3229746,_ZN4Napi9ReferenceINS_8FunctionEEC2EOS2_
FN:2861,_ZN4Napi9ReferenceINS_6ObjectEEC2EOS2_
FNDA:6450020,_ZN4Napi9ReferenceINS_6ObjectEEC2EOS2_
FN:2869,_ZN4Napi9ReferenceINS_8FunctionEEaSEOS2_
FNDA:4736,_ZN4Napi9ReferenceINS_8FunctionEEaSEOS2_
FN:2869,_ZN4Napi9ReferenceINS_6BufferIhEEEaSEOS3_
FNDA:14208,_ZN4Napi9ReferenceINS_6BufferIhEEEaSEOS3_
FN:2869,_ZN4Napi9ReferenceINS_6ObjectEEaSEOS2_
FNDA:4740,_ZN4Napi9ReferenceINS_6ObjectEEaSEOS2_
FN:2911,_ZNK4Napi9ReferenceINS_8FunctionEE3EnvEv
FNDA:0,_ZNK4Napi9ReferenceINS_8FunctionEE3EnvEv
FN:2911,_ZNK4Napi9ReferenceINS_6ObjectEE3EnvEv
FNDA:4,_ZNK4Napi9ReferenceINS_6ObjectEE3EnvEv
FN:2916,_ZNK4Napi9ReferenceINS_6ObjectEE7IsEmptyEv
FNDA:3732,_ZNK4Napi9ReferenceINS_6ObjectEE7IsEmptyEv
FN:2916,_ZNK4Napi9ReferenceINS_8FunctionEE7IsEmptyEv
FNDA:0,_ZNK4Napi9ReferenceINS_8FunctionEE7IsEmptyEv
FN:2921,_ZNK4Napi9ReferenceINS_6BufferIhEEE5ValueEv
FNDA:1521309,_ZNK4Napi9ReferenceINS_6BufferIhEEE5ValueEv
FN:2921,_ZNK4Napi9ReferenceINS_6ObjectEE5ValueEv
FNDA:3777009,_ZNK4Napi9ReferenceINS_6ObjectEE5ValueEv
FN:2921,_ZNK4Napi9ReferenceINS_8FunctionEE5ValueEv
FNDA:4744751,_ZNK4Napi9ReferenceINS_8FunctionEE5ValueEv
FN:2949,_ZN4Napi9ReferenceINS_6ObjectEE5ResetEv
FNDA:4740,_ZN4Napi9ReferenceINS_6ObjectEE5ResetEv
FN:2949,_ZN4Napi9ReferenceINS_8FunctionEE5ResetEv
FNDA:12691,_ZN4Napi9ReferenceINS_8FunctionEE5ResetEv
FN:2949,_ZN4Napi9ReferenceINS_6BufferIhEEE5ResetEv
FNDA:38073,_ZN4Napi9ReferenceINS_6BufferIhEEE5ResetEv
FN:2988,_ZN4Napi10PersistentINS_6BufferIhEEEENS_9ReferenceIT_EES4_
FNDA:14208,_ZN4Napi10PersistentINS_6BufferIhEEEENS_9ReferenceIT_EES4_
FN:2992,_ZN4Napi10PersistentENS_6ObjectE
FNDA:6450020,_ZN4Napi10PersistentENS_6ObjectE
FN:2996,_ZN4Napi10PersistentENS_8FunctionE
FNDA:3229746,_ZN4Napi10PersistentENS_8FunctionE
FN:3007,_ZN4Napi15ObjectReferenceC2EP10napi_env__P10napi_ref__
FNDA:4,_ZN4Napi15ObjectReferenceC2EP10napi_env__P10napi_ref__
FN:3010,_ZN4Napi15ObjectReferenceC2EONS_9ReferenceINS_6ObjectEEE
FNDA:6450020,_ZN4Napi15ObjectReferenceC2EONS_9ReferenceINS_6ObjectEEE
FN:3032,_ZNK4Napi15ObjectReference3GetEPKc
FNDA:0,_ZNK4Napi15ObjectReference3GetEPKc
FN:3181,_ZN4Napi17FunctionReferenceC2Ev
FNDA:4740,_ZN4Napi17FunctionReferenceC2Ev
FN:3188,_ZN4Napi17FunctionReferenceC2EONS_9ReferenceINS_8FunctionEEE
FNDA:3229746,_ZN4Napi17FunctionReferenceC2EONS_9ReferenceINS_8FunctionEEE
FN:3201,_ZN4Napi17FunctionReferenceaSEOS0_
FNDA:4736,_ZN4Napi17FunctionReferenceaSEOS0_
FN:3257,_ZNK4Napi17FunctionReference4CallEP12napi_value__RKSt16initializer_listIS2_E
FNDA:9472,_ZNK4Napi17FunctionReference4CallEP12napi_value__RKSt16initializer_listIS2_E
FN:3274,_ZNK4Napi17FunctionReference4CallEP12napi_value__RKSt6vectorIS2_SaIS2_EE
FNDA:0,_ZNK4Napi17FunctionReference4CallEP12napi_value__RKSt6vectorIS2_SaIS2_EE
FN:3308,_ZNK4Napi17FunctionReference12MakeCallbackEP12napi_value__RKSt16initializer_listIS2_EP20napi_async_context__
FNDA:548271,_ZNK4Napi17FunctionReference12MakeCallbackEP12napi_value__RKSt16initializer_listIS2_EP20napi_async_context__
FN:3406,_ZN4Napi12CallbackInfoC2EP10napi_env__P20napi_callback_info__
FNDA:5587038,_ZN4Napi12CallbackInfoC2EP10napi_env__P20napi_callback_info__
FN:3424,_ZN4Napi12CallbackInfoD2Ev
FNDA:5587038,_ZN4Napi12CallbackInfoD2Ev
FN:3441,_ZNK4Napi12CallbackInfo3EnvEv
FNDA:6130973,_ZNK4Napi12CallbackInfo3EnvEv
FN:3445,_ZNK4Napi12CallbackInfo6LengthEv
FNDA:1070626,_ZNK4Napi12CallbackInfo6LengthEv
FN:3449,_ZNK4Napi12CallbackInfoixEm
FNDA:586089,_ZNK4Napi12CallbackInfoixEm
FN:3453,_ZNK4Napi12CallbackInfo4ThisEv
FNDA:5591774,_ZNK4Napi12CallbackInfo4ThisEv
FN:3460,_ZNK4Napi12CallbackInfo4DataEv
FNDA:0,_ZNK4Napi12CallbackInfo4DataEv
FN:3464,_ZN4Napi12CallbackInfo7SetDataEPv
FNDA:0,_ZN4Napi12CallbackInfo7SetDataEPv
FN:3788,_ZN4Napi12InstanceWrapI9DisruptorE14AttachPropDataEP10napi_env__P12napi_value__PK24napi_property_descriptor
FNDA:15150,_ZN4Napi12InstanceWrapI9DisruptorE14AttachPropDataEP10napi_env__P12napi_value__PK24napi_property_descriptor
FN:3881,_ZN4Napi12InstanceWrapI9DisruptorE14InstanceMethodIXadL_ZNS1_7ReleaseERKNS_12CallbackInfoEEEEENS_23ClassPropertyDescriptorIS1_EEPKc24napi_property_attributesPv
FNDA:505,_ZN4Napi12InstanceWrapI9DisruptorE14InstanceMethodIXadL_ZNS1_7ReleaseERKNS_12CallbackInfoEEEEENS_23ClassPropertyDescriptorIS1_EEPKc24napi_property_attributesPv
FN:3881,_ZN4Napi12InstanceWrapI9DisruptorE14InstanceMethodIXadL_ZNS1_15ConsumeNewAsyncERKNS_12CallbackInfoEEEEENS_23ClassPropertyDescriptorIS1_EEPKc24napi_property_attributesPv
FNDA:505,_ZN4Napi12InstanceWrapI9DisruptorE14InstanceMethodIXadL_ZNS1_15ConsumeNewAsyncERKNS_12CallbackInfoEEEEENS_23ClassPropertyDescriptorIS1_EEPKc24napi_property_attributesPv
FN:3881,_ZN4Napi12InstanceWrapI9DisruptorE14InstanceMethodIXadL_ZNS1_17ProduceClaimAsyncERKNS_12CallbackInfoEEEEENS_23ClassPropertyDescriptorIS1_EEPKc24napi_property_attributesPv
FNDA:505,_ZN4Napi12InstanceWrapI9DisruptorE14InstanceMethodIXadL_ZNS1_17ProduceClaimAsyncERKNS_12CallbackInfoEEEEENS_23ClassPropertyDescriptorIS1_EEPKc24napi_property_attributesPv
FN:3881,_ZN4Napi12InstanceWrapI9DisruptorE14InstanceMethodIXadL_ZNS1_21ProduceClaimManyAsyncERKNS_12CallbackInfoEEEEENS_23ClassPropertyDescriptorIS1_EEPKc24napi_property_attributesPv
FNDA:505,_ZN4Napi12InstanceWrapI9DisruptorE14InstanceMethodIXadL_ZNS1_21ProduceClaimManyAsyncERKNS_12CallbackInfoEEEEENS_23ClassPropertyDescriptorIS1_EEPKc24napi_property_attributesPv
FN:3881,_ZN4Napi12InstanceWrapI9DisruptorE14InstanceMethodIXadL_ZNS1_18ProduceCommitAsyncERKNS_12CallbackInfoEEEEENS_23ClassPropertyDescriptorIS1_EEPKc24napi_property_attributesPv
FNDA:505,_ZN4Napi12InstanceWrapI9DisruptorE14InstanceMethodIXadL_ZNS1_18ProduceCommitAsyncERKNS_12CallbackInfoEEEEENS_23ClassPropertyDescriptorIS1_EEPKc24napi_property_attributesPv
FN:3881,_ZN4Napi12InstanceWrapI9DisruptorE14InstanceMethodIXadL_ZNS1_22ProduceClaimAvailAsyncERKNS_12CallbackInfoEEEEENS_23ClassPropertyDescriptorIS1_EEPKc24napi_property_attributesPv
FNDA:505,_ZN4Napi12InstanceWrapI9DisruptorE14InstanceMethodIXadL_ZNS1_22ProduceClaimAvailAsyncERKNS_12CallbackInfoEEEEENS_23ClassPropertyDescriptorIS1_EEPKc24napi_property_attributesPv
FN:3895,_ZN4Napi12InstanceWrapI9DisruptorE14InstanceMethodIXadL_ZNS1_16ProduceClaimManyERKNS_12CallbackInfoEEEEENS_23ClassPropertyDescriptorIS1_EEPKc24napi_property_attributesPv
FNDA:505,_ZN4Napi12InstanceWrapI9DisruptorE14InstanceMethodIXadL_ZNS1_16ProduceClaimManyERKNS_12CallbackInfoEEEEENS_23ClassPropertyDescriptorIS1_EEPKc24napi_property_attributesPv
FN:3895,_ZN4Napi12InstanceWrapI9DisruptorE14InstanceMethodIXadL_ZNS1_14ConsumeNewSyncERKNS_12CallbackInfoEEEEENS_23ClassPropertyDescriptorIS1_EEPKc24napi_property_attributesPv
FNDA:505,_ZN4Napi12InstanceWrapI9DisruptorE14InstanceMethodIXadL_ZNS1_14ConsumeNewSyncERKNS_12CallbackInfoEEEEENS_23ClassPropertyDescriptorIS1_EEPKc24napi_property_attributesPv
FN:3895,_ZN4Napi12InstanceWrapI9DisruptorE14InstanceMethodIXadL_ZNS1_12ProduceClaimERKNS_12CallbackInfoEEEEENS_23ClassPropertyDescriptorIS1_EEPKc24napi_property_attributesPv
FNDA:505,_ZN4Napi12InstanceWrapI9DisruptorE14InstanceMethodIXadL_ZNS1_12ProduceClaimERKNS_12CallbackInfoEEEEENS_23ClassPropertyDescriptorIS1_EEPKc24napi_property_attributesPv
FN:3895,_ZN4Napi12InstanceWrapI9DisruptorE14InstanceMethodIXadL_ZNS1_16ProduceClaimSyncERKNS_12CallbackInfoEEEEENS_23ClassPropertyDescriptorIS1_EEPKc24napi_property_attributesPv
FNDA:505,_ZN4Napi12InstanceWrapI9DisruptorE14InstanceMethodIXadL_ZNS1_16ProduceClaimSyncERKNS_12CallbackInfoEEEEENS_23ClassPropertyDescriptorIS1_EEPKc24napi_property_attributesPv
FN:3895,_ZN4Napi12InstanceWrapI9DisruptorE14InstanceMethodIXadL_ZNS1_17ProduceClaimAvailERKNS_12CallbackInfoEEEEENS_23ClassPropertyDescriptorIS1_EEPKc24napi_property_attributesPv
FNDA:505,_ZN4Napi12InstanceWrapI9DisruptorE14InstanceMethodIXadL_ZNS1_17ProduceClaimAvailERKNS_12CallbackInfoEEEEENS_23ClassPropertyDescriptorIS1_EEPKc24napi_property_attributesPv
FN:3895,_ZN4Napi12InstanceWrapI9DisruptorE14InstanceMethodIXadL_ZNS1_21ProduceClaimAvailSyncERKNS_12CallbackInfoEEEEENS_23ClassPropertyDescriptorIS1_EEPKc24napi_property_attributesPv
FNDA:505,_ZN4Napi12InstanceWrapI9DisruptorE14InstanceMethodIXadL_ZNS1_21ProduceClaimAvailSyncERKNS_12CallbackInfoEEEEENS_23ClassPropertyDescriptorIS1_EEPKc24napi_property_attributesPv
FN:3895,_ZN4Napi12InstanceWrapI9DisruptorE14InstanceMethodIXadL_ZNS1_13ProduceCommitERKNS_12CallbackInfoEEEEENS_23ClassPropertyDescriptorIS1_EEPKc24napi_property_attributesPv
FNDA:505,_ZN4Napi12InstanceWrapI9DisruptorE14InstanceMethodIXadL_ZNS1_13ProduceCommitERKNS_12CallbackInfoEEEEENS_23ClassPropertyDescriptorIS1_EEPKc24napi_property_attributesPv
FN:3895,_ZN4Napi12InstanceWrapI9DisruptorE14InstanceMethodIXadL_ZNS1_17ProduceCommitSyncERKNS_12CallbackInfoEEEEENS_23ClassPropertyDescriptorIS1_EEPKc24napi_property_attributesPv
FNDA:505,_ZN4Napi12InstanceWrapI9DisruptorE14InstanceMethodIXadL_ZNS1_17ProduceCommitSyncERKNS_12CallbackInfoEEEEENS_23ClassPropertyDescriptorIS1_EEPKc24napi_property_attributesPv
[...]
FN:1126,_ZN9Disruptor17ProduceCommitSyncI12AsyncBooleanEET_RKN4Napi3EnvEmmb
FNDA:1664407,_ZN9Disruptor17ProduceCommitSyncI12AsyncBooleanEET_RKN4Napi3EnvEmmb
FN:1126,_ZN9Disruptor17ProduceCommitSyncIN4Napi7BooleanEEET_RKNS1_3EnvEmmb
FNDA:521544,_ZN9Disruptor17ProduceCommitSyncIN4Napi7BooleanEEET_RKNS1_3EnvEmmb
FN:1147,_ZN9Disruptor13UpdateSeqNextEmm
FNDA:992694,_ZN9Disruptor13UpdateSeqNextEmm
FN:1153,_ZN9Disruptor10GetSeqNextERKN4Napi12CallbackInfoERmS4_
FNDA:522355,_ZN9Disruptor10GetSeqNextERKN4Napi12CallbackInfoERmS4_
FN:1169,_ZN9Disruptor17ProduceCommitSyncERKN4Napi12CallbackInfoE
FNDA:811,_ZN9Disruptor17ProduceCommitSyncERKN4Napi12CallbackInfoE
FN:1180,_ZN24ProduceCommitAsyncWorkerC2EP9DisruptorRKN4Napi8FunctionEmm
FNDA:1664407,_ZN24ProduceCommitAsyncWorkerC2EP9DisruptorRKN4Napi8FunctionEmm
FN:1192,_ZN24ProduceCommitAsyncWorker7ExecuteEv
FNDA:1664407,_ZN24ProduceCommitAsyncWorker7ExecuteEv
FN:1199,_ZN24ProduceCommitAsyncWorker5RetryEv
FNDA:1542212,_ZN24ProduceCommitAsyncWorker5RetryEv
FN:1208,_ZN9Disruptor18ProduceCommitAsyncERKN4Napi12CallbackInfoEmmj
FNDA:122195,_ZN9Disruptor18ProduceCommitAsyncERKN4Napi12CallbackInfoEmmj
FN:1217,_ZN9Disruptor18ProduceCommitAsyncERKN4Napi12CallbackInfoE
FNDA:811,_ZN9Disruptor18ProduceCommitAsyncERKN4Napi12CallbackInfoE
FN:1224,_ZN9Disruptor13ProduceCommitERKN4Napi12CallbackInfoE
FNDA:520733,_ZN9Disruptor13ProduceCommitERKN4Napi12CallbackInfoE
FN:1239,_ZN9Disruptor12GetConsumersERKN4Napi12CallbackInfoE
FNDA:12,_ZN9Disruptor12GetConsumersERKN4Napi12CallbackInfoE
FN:1244,_ZN9Disruptor9GetCursorERKN4Napi12CallbackInfoE
FNDA:222,_ZN9Disruptor9GetCursorERKN4Napi12CallbackInfoE
FN:1249,_ZN9Disruptor7GetNextERKN4Napi12CallbackInfoE
FNDA:222,_ZN9Disruptor7GetNextERKN4Napi12CallbackInfoE
FN:1254,_ZN9Disruptor11GetElementsERKN4Napi12CallbackInfoE
FNDA:1556,_ZN9Disruptor11GetElementsERKN4Napi12CallbackInfoE
FN:1259,_ZN9Disruptor11GetConsumerERKN4Napi12CallbackInfoE
FNDA:222,_ZN9Disruptor11GetConsumerERKN4Napi12CallbackInfoE
FN:1264,_ZN9Disruptor21GetPendingSeqConsumerERKN4Napi12CallbackInfoE
FNDA:1090624,_ZN9Disruptor21GetPendingSeqConsumerERKN4Napi12CallbackInfoE
FN:1269,_ZN9Disruptor19GetPendingSeqCursorERKN4Napi12CallbackInfoE
FNDA:87,_ZN9Disruptor19GetPendingSeqCursorERKN4Napi12CallbackInfoE
FN:1274,_ZN9Disruptor17GetPendingSeqNextERKN4Napi12CallbackInfoE
FNDA:522158,_ZN9Disruptor17GetPendingSeqNextERKN4Napi12CallbackInfoE
FN:1279,_ZN9Disruptor20GetPendingSeqNextEndERKN4Napi12CallbackInfoE
FNDA:522158,_ZN9Disruptor20GetPendingSeqNextEndERKN4Napi12CallbackInfoE
FN:1284,_ZN9Disruptor14GetElementSizeERKN4Napi12CallbackInfoE
FNDA:1090,_ZN9Disruptor14GetElementSizeERKN4Napi12CallbackInfoE
FN:1289,_ZN9Disruptor7GetSpinERKN4Napi12CallbackInfoE
FNDA:1020,_ZN9Disruptor7GetSpinERKN4Napi12CallbackInfoE
FN:1294,_ZN9Disruptor9GetStatusERKN4Napi12CallbackInfoE
FNDA:212233,_ZN9Disruptor9GetStatusERKN4Napi12CallbackInfoE
FN:1299,_ZN9Disruptor9SetStatusERKN4Napi12CallbackInfoERKNS0_5ValueE
FNDA:9,_ZN9Disruptor9SetStatusERKN4Napi12CallbackInfoERKNS0_5ValueE
FN:1304,_ZN9Disruptor10InitializeEN4Napi3EnvENS0_6ObjectE
FNDA:505,_ZN9Disruptor10InitializeEN4Napi3EnvENS0_6ObjectE
FN:1352,_Z10InitializeN4Napi3EnvENS_6ObjectE
FNDA:505,_Z10InitializeN4Napi3EnvENS_6ObjectE
FN:1357,_register_disruptor
FNDA:253,_register_disruptor
FN:1357,_ZL17__napi_InitializeP10napi_env__P12napi_value__
FNDA:505,_ZL17__napi_InitializeP10napi_env__P12napi_value__
DA:72,3225010
DA:74,3225010
DA:191,548271
DA:193,548271
DA:195,548271
DA:196,548271
DA:198,548271
DA:210,1510269
DA:213,4530807
DA:218,1510269
DA:219,3020538
DA:220,3020538
DA:229,543849
DA:231,543849
DA:233,543849
DA:235,543849
DA:238,317452
DA:240,317452
DA:243,231959
DA:245,231959
DA:249,1087698
DA:250,1087698
DA:251,1087698
DA:252,1087698
DA:254,1087698
DA:265,2657288
DA:266,2657288
DA:268,2657288
DA:270,1328644
DA:272,1328644
DA:275,311890
DA:277,311890
DA:279,311890
DA:282,311890
DA:283,311890
DA:285,420514
DA:287,420514
DA:288,420514
DA:289,732404
DA:291,311890
DA:293,420514
DA:296,1328644
DA:298,1328644
DA:308,1664407
DA:309,1664407
DA:311,1664407
DA:313,1664407
DA:315,1664407
DA:318,122195
DA:320,122195
DA:323,1664407
DA:325,1664407
DA:329,1664407
DA:330,1664407
DA:332,1664407
DA:341,432333
DA:343,432333
DA:346,664209
DA:348,664209
DA:355,1664407
DA:358,1664407
DA:359,1664407
DA:360,1664407
DA:362,1664407
DA:355,238603
DA:358,238603
DA:359,238603
DA:360,238603
DA:362,238603
DA:355,231959
DA:358,231959
DA:359,231959
DA:360,231959
DA:362,231959
DA:355,1090041
DA:358,1090041
DA:359,1090041
DA:360,1090041
DA:362,1090041
DA:367,1090041
DA:369,1090041
DA:371,670222
DA:374,419819
DA:376,2518914
DA:377,419819
DA:380,419819
DA:381,419819
DA:382,419819
DA:383,839638
DA:367,231959
DA:369,231959
DA:371,226397
DA:374,5562
DA:376,33372
DA:377,5562
DA:380,5562
DA:381,5562
DA:382,5562
DA:383,11124
DA:367,238603
DA:369,238603
DA:371,237908
DA:374,695
DA:376,4170
DA:377,695
DA:380,695
DA:381,695
DA:382,695
DA:383,1390
DA:367,1664407
DA:369,1664407
DA:371,1542212
DA:374,122195
DA:376,733170
DA:377,122195
DA:380,122195
DA:381,122195
DA:382,122195
DA:383,244390
DA:400,4736
DA:402,4736
DA:403,4736
DA:404,4736
DA:407,4
DA:410,4
DA:411,4
DA:418,4
DA:422,4
DA:423,8
DA:426,4740
DA:428,4740
DA:431,4740
DA:432,4740
DA:433,4740
DA:434,4740
DA:435,4740
DA:436,4740
DA:437,4740
DA:442,4740
DA:443,4740
DA:447,4740
DA:449,264
DA:450,264
DA:455,4740
DA:457,4
DA:460,4736
DA:468,4736
DA:469,4736
DA:470,4736
DA:474,4736
DA:480,4736
DA:483,4736
DA:485,4736
DA:490,4736
DA:491,4736
DA:492,4736
DA:493,4736
DA:494,4736
DA:495,4736
DA:497,4736
DA:498,4736
DA:500,4736
DA:501,4736
DA:543,4736
DA:544,4736
DA:545,4736
DA:546,4736
DA:548,4736
DA:549,4736
DA:550,4736
DA:553,4736
DA:555,7330
DA:556,7330
DA:557,4736
DA:559,2594
DA:560,2594
DA:562,4736
DA:564,4736
DA:571,4736
DA:575,3724
DA:576,3724
DA:577,3724
DA:578,3724
DA:581,4736
DA:582,4736
DA:583,4736
DA:585,4736
DA:587,4736
DA:588,14208
DA:590,4736
DA:591,4736
DA:592,4736
DA:594,4736
DA:595,14208
DA:597,4736
DA:598,4736
DA:599,4736
DA:600,4760
DA:602,3724
DA:605,3724
DA:602,3724
DA:604,3724
DA:605,3724
DA:607,7955
DA:609,7955
DA:610,7955
DA:611,7955
DA:612,7955
DA:614,7955
DA:616,4735
DA:618,4735
DA:623,4735
DA:626,7955
DA:629,4231
DA:631,4231
DA:635,4231
DA:640,1090041
DA:647,1090041
DA:651,1090041
DA:652,1090041
DA:653,1090041
DA:654,1090041
DA:656,1090041
DA:658,311358
DA:659,311358
DA:660,311358
DA:661,311358
DA:662,311358
DA:663,311358
DA:665,778683
DA:667,332
DA:668,332
DA:669,332
DA:671,47
DA:673,332
DA:674,332
DA:675,332
DA:676,332
DA:678,778351
DA:680,778351
DA:681,778351
DA:640,1090537
DA:647,1090537
DA:651,1090537
DA:652,1090537
DA:653,1090537
DA:654,1090537
DA:656,1090537
DA:658,564915
DA:659,564915
DA:660,564915
DA:661,564915
DA:662,564915
DA:665,525622
DA:667,105814
DA:668,105814
DA:669,105814
DA:671,638
DA:673,105814
DA:674,105814
DA:675,105814
DA:678,419808
DA:680,419808
DA:681,419808
DA:684,13
DA:687,13
DA:696,1090041
DA:697,1090041
DA:701,1090041
DA:703,1090041
DA:704,1090041
DA:707,1090041
DA:710,1090041
DA:711,1090041
DA:712,1090041
DA:714,670222
DA:716,670222
DA:717,670222
DA:720,419819
DA:722,419819
DA:723,419819
DA:725,1090524
DA:728,1090524
DA:729,1090524
DA:731,1090524
DA:733,670718
DA:736,419806
DA:737,419806
DA:740,1090541
DA:742,1090541
DA:745,982419
DA:747,982419
DA:748,982419
DA:749,982419
DA:751,3271119
DA:753,3271119
DA:755,3271119
DA:757,982418
DA:758,982418
DA:764,982418
DA:767,3271119
DA:771,231959
DA:778,231959
DA:780,231959
DA:782,253445
DA:784,247879
DA:786,247879
DA:788,226393
DA:789,226393
DA:793,237525
DA:794,5566
DA:796,5550
DA:797,5550
DA:798,5550
DA:799,5550
DA:800,5550
DA:801,5550
DA:804,226409
DA:806,226409
DA:807,226409
DA:808,226409
DA:809,226409
DA:771,520248
DA:778,520248
DA:780,520248
DA:782,3054422
DA:784,2534314
DA:786,2534314
DA:788,140
DA:789,140
DA:793,1040356
DA:794,520108
DA:796,515489
DA:797,515489
DA:798,515489
DA:799,515489
DA:800,515489
DA:801,515489
DA:804,4759
DA:806,4759
DA:807,4759
DA:808,4759
DA:809,4759
DA:812,807
DA:815,807
DA:822,231959
DA:823,231959
DA:825,231959
DA:827,231959
DA:828,231959
DA:829,231959
DA:832,231959
DA:835,231959
DA:836,231959
DA:837,231959
DA:838,231959
DA:840,226397
DA:842,226397
DA:843,226397
DA:846,5562
DA:848,5562
DA:849,5562
DA:851,519441
DA:854,519441
DA:855,519441
DA:856,519441
DA:858,514686
DA:861,4755
DA:862,4755
DA:866,152
DA:871,152
DA:872,152
DA:874,152
DA:876,1
DA:877,1
DA:881,151
DA:884,152
DA:885,152
DA:866,1199
DA:871,1199
DA:872,1199
DA:874,1199
DA:876,3
DA:877,3
DA:881,1196
DA:884,1199
DA:885,1199
DA:888,157215
DA:896,157215
DA:897,157215
DA:899,157215
DA:901,157224
DA:903,157215
DA:905,157215
DA:907,157206
DA:908,157206
DA:912,157224
DA:913,9
DA:915,9
DA:916,9
DA:917,9
DA:918,9
DA:919,9
DA:920,9
DA:922,157206
DA:924,157206
DA:925,157206
DA:926,157206
DA:927,157206
DA:888,35
DA:896,35
DA:897,35
DA:899,35
DA:901,60
DA:903,35
DA:905,35
DA:907,10
DA:908,10
DA:912,60
DA:913,25
DA:915,25
DA:916,25
DA:917,25
DA:918,25
DA:919,25
DA:922,10
DA:924,10
DA:925,10
DA:926,10
DA:927,10
DA:930,11
DA:933,22
DA:934,33
DA:943,157215
DA:945,157215
DA:950,157215
DA:952,157215
DA:953,157215
DA:954,157215
DA:957,157215
DA:960,314430
DA:961,314430
DA:962,157215
DA:963,157215
DA:965,157197
DA:967,157197
DA:968,157197
DA:974,18
DA:977,18
DA:978,18
DA:980,11
DA:982,11
DA:983,11
DA:985,24
DA:987,24
DA:989,24
DA:990,24
DA:991,24
DA:993,17
DA:996,7
DA:997,7
DA:1001,81388
DA:1009,81388
DA:1010,81388
DA:1012,162776
DA:1014,81388
DA:1015,81388
DA:1018,81531
DA:1019,143
DA:1021,143
DA:1022,143
DA:1023,143
DA:1024,143
DA:1025,143
DA:1026,143
DA:1028,81245
DA:1030,81245
DA:1031,81245
DA:1032,81245
DA:1033,81245
DA:1001,1829
DA:1009,1829
DA:1010,1829
DA:1012,171490
DA:1014,169661
DA:1015,169661
DA:1018,2983
DA:1019,1154
DA:1021,1154
DA:1022,1154
DA:1023,1154
DA:1024,1154
DA:1025,1154
DA:1028,675
DA:1030,675
DA:1031,675
DA:1032,675
DA:1033,675
DA:1036,2
DA:1039,4
DA:1040,6
DA:1049,81388
DA:1051,81388
DA:1056,81388
DA:1058,81388
DA:1059,81388
DA:1060,81388
DA:1063,81388
DA:1066,162776
DA:1067,162776
DA:1068,81388
DA:1069,81388
DA:1071,80711
DA:1073,80711
DA:1074,80711
DA:1080,677
DA:1083,677
DA:1084,677
DA:1087,2
DA:1089,2
DA:1090,2
DA:1092,1827
DA:1094,1827
DA:1096,1827
DA:1097,1827
DA:1098,1827
DA:1100,1152
DA:1103,675
DA:1104,675
DA:1107,76
DA:1109,76
DA:1110,76
DA:1112,76
DA:1114,140
DA:1115,116
DA:1116,40
DA:1118,20
DA:1119,40
DA:1122,76
DA:1126,1664407
DA:1131,1664407
DA:1135,1664401
DA:1136,1664401
DA:1138,122186
DA:1141,1542215
DA:1144,1542221
DA:1126,521544
DA:1131,521544
DA:1135,521538
DA:1136,521538
DA:1138,400157
DA:1141,121381
DA:1144,121387
DA:1147,992694
DA:1149,992694
DA:1150,992694
DA:1151,992694
DA:1153,522355
DA:1157,522355
DA:1159,1300
DA:1160,1300
DA:1161,1300
DA:1164,521055
DA:1165,521055
DA:1166,521055
DA:1169,811
DA:1172,811
DA:1173,811
DA:1180,1664407
DA:1183,1664407
DA:1186,1664407
DA:1187,1664407
DA:1189,1664407
DA:1192,1664407
DA:1195,1664407
DA:1196,1664407
DA:1197,1664407
DA:1199,1542212
DA:1201,1542212
DA:1202,1542212
DA:1208,122195
DA:1214,122195
DA:1215,122195
DA:1217,811
DA:1220,811
DA:1221,811
DA:1222,811
DA:1224,520733
DA:1227,520733
DA:1229,520733
DA:1230,520733
DA:1232,399349
DA:1235,121384
DA:1236,121384
DA:1239,12
DA:1241,12
DA:1244,222
DA:1246,222
DA:1249,222
DA:1251,222
DA:1254,1556
DA:1256,1556
DA:1259,222
DA:1261,222
DA:1264,1090624
DA:1266,1090624
DA:1269,87
DA:1271,87
DA:1274,522158
DA:1276,522158
DA:1279,522158
DA:1281,522158
DA:1284,1090
DA:1286,1090
DA:1289,1020
DA:1291,1020
DA:1294,212233
DA:1296,212233
DA:1299,9
DA:1301,9
DA:1302,9
DA:1304,505
DA:1307,505
DA:1308,505
DA:1309,253
DA:1311,505
DA:1313,505
DA:1315,505
DA:1316,505
DA:1317,505
DA:1318,505
DA:1319,505
DA:1320,505
DA:1321,505
DA:1322,505
DA:1323,505
DA:1324,505
DA:1325,505
DA:1326,505
DA:1327,505
DA:1328,505
DA:1329,505
DA:1330,505
DA:1331,505
DA:1332,505
DA:1333,505
DA:1336,505
DA:1337,505
DA:1338,505
DA:1339,505
DA:1340,505
DA:1341,505
DA:1342,505
DA:1343,505
DA:1344,505
DA:1345,505
DA:1346,505
DA:1349,505
DA:1352,505
DA:1354,505
DA:1357,253
DA:1357,505
end_of_record
SF:/usr/include/c++/11/bits/stl_vector.h
FN:97,_ZNSt12_Vector_baseI24napi_property_descriptorSaIS0_EE17_Vector_impl_dataC2Ev
FNDA:505,_ZNSt12_Vector_baseI24napi_property_descriptorSaIS0_EE17_Vector_impl_dataC2Ev
FN:97,_ZNSt12_Vector_baseIP12napi_value__SaIS1_EE17_Vector_impl_dataC2Ev
FNDA:0,_ZNSt12_Vector_baseIP12napi_value__SaIS1_EE17_Vector_impl_dataC2Ev
FN:97,_ZNSt12_Vector_baseI11AsyncBufferSaIS0_EE17_Vector_impl_dataC2Ev
FNDA:2657288,_ZNSt12_Vector_baseI11AsyncBufferSaIS0_EE17_Vector_impl_dataC2Ev
FN:131,_ZNSt12_Vector_baseIP12napi_value__SaIS1_EE12_Vector_implC2Ev
FNDA:0,_ZNSt12_Vector_baseIP12napi_value__SaIS1_EE12_Vector_implC2Ev
FN:131,_ZNSt12_Vector_baseI11AsyncBufferSaIS0_EE12_Vector_implC2Ev
FNDA:2657288,_ZNSt12_Vector_baseI11AsyncBufferSaIS0_EE12_Vector_implC2Ev
FN:136,_ZNSt12_Vector_baseI24napi_property_descriptorSaIS0_EE12_Vector_implC2ERKS1_
FNDA:505,_ZNSt12_Vector_baseI24napi_property_descriptorSaIS0_EE12_Vector_implC2ERKS1_
FN:276,_ZNSt12_Vector_baseIP12napi_value__SaIS1_EE19_M_get_Tp_allocatorEv
FNDA:0,_ZNSt12_Vector_baseIP12napi_value__SaIS1_EE19_M_get_Tp_allocatorEv
FN:276,_ZNSt12_Vector_baseI11AsyncBufferSaIS0_EE19_M_get_Tp_allocatorEv
FNDA:3281068,_ZNSt12_Vector_baseI11AsyncBufferSaIS0_EE19_M_get_Tp_allocatorEv
FN:276,_ZNSt12_Vector_baseI24napi_property_descriptorSaIS0_EE19_M_get_Tp_allocatorEv
FNDA:1010,_ZNSt12_Vector_baseI24napi_property_descriptorSaIS0_EE19_M_get_Tp_allocatorEv
FN:280,_ZNKSt12_Vector_baseI11AsyncBufferSaIS0_EE19_M_get_Tp_allocatorEv
FNDA:1247560,_ZNKSt12_Vector_baseI11AsyncBufferSaIS0_EE19_M_get_Tp_allocatorEv
FN:288,_ZNSt12_Vector_baseIP12napi_value__SaIS1_EEC2Ev
FNDA:0,_ZNSt12_Vector_baseIP12napi_value__SaIS1_EEC2Ev
FN:288,_ZNSt12_Vector_baseI11AsyncBufferSaIS0_EEC2Ev
FNDA:2657288,_ZNSt12_Vector_baseI11AsyncBufferSaIS0_EEC2Ev
FN:303,_ZNSt12_Vector_baseI24napi_property_descriptorSaIS0_EEC2EmRKS1_
FNDA:505,_ZNSt12_Vector_baseI24napi_property_descriptorSaIS0_EEC2EmRKS1_
FN:333,_ZNSt12_Vector_baseIP12napi_value__SaIS1_EED2Ev
FNDA:0,_ZNSt12_Vector_baseIP12napi_value__SaIS1_EED2Ev
FN:333,_ZNSt12_Vector_baseI24napi_property_descriptorSaIS0_EED2Ev
FNDA:505,_ZNSt12_Vector_baseI24napi_property_descriptorSaIS0_EED2Ev
FN:333,_ZNSt12_Vector_baseI11AsyncBufferSaIS0_EED2Ev
FNDA:2657288,_ZNSt12_Vector_baseI11AsyncBufferSaIS0_EED2Ev
FN:343,_ZNSt12_Vector_baseI24napi_property_descriptorSaIS0_EE11_M_allocateEm
FNDA:505,_ZNSt12_Vector_baseI24napi_property_descriptorSaIS0_EE11_M_allocateEm
FN:343,_ZNSt12_Vector_baseI11AsyncBufferSaIS0_EE11_M_allocateEm
FNDA:311890,_ZNSt12_Vector_baseI11AsyncBufferSaIS0_EE11_M_allocateEm
FN:350,_ZNSt12_Vector_baseI11AsyncBufferSaIS0_EE13_M_deallocateEPS0_m
FNDA:2969178,_ZNSt12_Vector_baseI11AsyncBufferSaIS0_EE13_M_deallocateEPS0_m
FN:350,_ZNSt12_Vector_baseI24napi_property_descriptorSaIS0_EE13_M_deallocateEPS0_m
FNDA:505,_ZNSt12_Vector_baseI24napi_property_descriptorSaIS0_EE13_M_deallocateEPS0_m
FN:350,_ZNSt12_Vector_baseIP12napi_value__SaIS1_EE13_M_deallocateEPS1_m
FNDA:0,_ZNSt12_Vector_baseIP12napi_value__SaIS1_EE13_M_deallocateEPS1_m
FN:359,_ZNSt12_Vector_baseI24napi_property_descriptorSaIS0_EE17_M_create_storageEm
FNDA:505,_ZNSt12_Vector_baseI24napi_property_descriptorSaIS0_EE17_M_create_storageEm
FN:453,_ZNSt6vectorI11AsyncBufferSaIS0_EE14_S_do_relocateEPS0_S3_S3_RS1_St17integral_constantIbLb1EE
FNDA:311890,_ZNSt6vectorI11AsyncBufferSaIS0_EE14_S_do_relocateEPS0_S3_S3_RS1_St17integral_constantIbLb1EE
FN:465,_ZNSt6vectorI11AsyncBufferSaIS0_EE11_S_relocateEPS0_S3_S3_RS1_
FNDA:311890,_ZNSt6vectorI11AsyncBufferSaIS0_EE11_S_relocateEPS0_S3_S3_RS1_
FN:487,_ZNSt6vectorI11AsyncBufferSaIS0_EEC2Ev
FNDA:2657288,_ZNSt6vectorI11AsyncBufferSaIS0_EEC2Ev
FN:487,_ZNSt6vectorIP12napi_value__SaIS1_EEC2Ev
FNDA:0,_ZNSt6vectorIP12napi_value__SaIS1_EEC2Ev
FN:510,_ZNSt6vectorI24napi_property_descriptorSaIS0_EEC2EmRKS1_
FNDA:505,_ZNSt6vectorI24napi_property_descriptorSaIS0_EEC2EmRKS1_
FN:678,_ZNSt6vectorI24napi_property_descriptorSaIS0_EED2Ev
FNDA:505,_ZNSt6vectorI24napi_property_descriptorSaIS0_EED2Ev
FN:678,_ZNSt6vectorI11AsyncBufferSaIS0_EED2Ev
FNDA:2657288,_ZNSt6vectorI11AsyncBufferSaIS0_EED2Ev
FN:678,_ZNSt6vectorIP12napi_value__SaIS1_EED2Ev
FNDA:0,_ZNSt6vectorIP12napi_value__SaIS1_EED2Ev
FN:918,_ZNKSt6vectorI11AsyncBufferSaIS0_EE4sizeEv
FNDA:4244278,_ZNKSt6vectorI11AsyncBufferSaIS0_EE4sizeEv
FN:918,_ZNKSt6vectorIP12napi_value__SaIS1_EE4sizeEv
FNDA:0,_ZNKSt6vectorIP12napi_value__SaIS1_EE4sizeEv
FN:923,_ZNKSt6vectorI11AsyncBufferSaIS0_EE8max_sizeEv
FNDA:1247560,_ZNKSt6vectorI11AsyncBufferSaIS0_EE8max_sizeEv
FN:937,_ZNSt6vectorI11AsyncBufferSaIS0_EE6resizeEm
FNDA:311890,_ZNSt6vectorI11AsyncBufferSaIS0_EE6resizeEm
FN:1043,_ZNSt6vectorI24napi_property_descriptorSaIS0_EEixEm
FNDA:45450,_ZNSt6vectorI24napi_property_descriptorSaIS0_EEixEm
FN:1043,_ZNSt6vectorI11AsyncBufferSaIS0_EEixEm
FNDA:623780,_ZNSt6vectorI11AsyncBufferSaIS0_EEixEm
FN:1168,_ZNSt6vectorI24napi_property_descriptorSaIS0_EE4dataEv
FNDA:505,_ZNSt6vectorI24napi_property_descriptorSaIS0_EE4dataEv
FN:1172,_ZNKSt6vectorIP12napi_value__SaIS1_EE4dataEv
FNDA:0,_ZNKSt6vectorIP12napi_value__SaIS1_EE4dataEv
FN:1603,_ZNSt6vectorI24napi_property_descriptorSaIS0_EE21_M_default_initializeEm
FNDA:505,_ZNSt6vectorI24napi_property_descriptorSaIS0_EE21_M_default_initializeEm
FN:1756,_ZNKSt6vectorI11AsyncBufferSaIS0_EE12_M_check_lenEmPKc
FNDA:311890,_ZNKSt6vectorI11AsyncBufferSaIS0_EE12_M_check_lenEmPKc
FN:1767,_ZNSt6vectorI24napi_property_descriptorSaIS0_EE17_S_check_init_lenEmRKS1_
FNDA:505,_ZNSt6vectorI24napi_property_descriptorSaIS0_EE17_S_check_init_lenEmRKS1_
FN:1776,_ZNSt6vectorI11AsyncBufferSaIS0_EE11_S_max_sizeERKS1_
FNDA:1247560,_ZNSt6vectorI11AsyncBufferSaIS0_EE11_S_max_sizeERKS1_
FN:1776,_ZNSt6vectorI24napi_property_descriptorSaIS0_EE11_S_max_sizeERKS1_
FNDA:505,_ZNSt6vectorI24napi_property_descriptorSaIS0_EE11_S_max_sizeERKS1_
FN:1792,_ZNSt6vectorI11AsyncBufferSaIS0_EE15_M_erase_at_endEPS0_
FNDA:0,_ZNSt6vectorI11AsyncBufferSaIS0_EE15_M_erase_at_endEPS0_
FN:1844,_ZNKSt6vectorIP12napi_value__SaIS1_EE11_M_data_ptrIS1_EEPT_S6_
FNDA:0,_ZNKSt6vectorIP12napi_value__SaIS1_EE11_M_data_ptrIS1_EEPT_S6_
FN:1844,_ZNKSt6vectorI24napi_property_descriptorSaIS0_EE11_M_data_ptrIS0_EEPT_S5_
FNDA:505,_ZNKSt6vectorI24napi_property_descriptorSaIS0_EE11_M_data_ptrIS0_EEPT_S5_
DA:97,505
DA:98,505
DA:99,505
DA:97,2657288
DA:98,2657288
DA:99,2657288
DA:97,0
DA:98,0
DA:99,0
DA:131,2657288
DA:133,2657288
DA:134,2657288
DA:131,0
DA:133,0
DA:134,0
DA:136,505
DA:137,505
DA:138,505
DA:276,1010
DA:277,1010
DA:276,3281068
DA:277,3281068
DA:276,0
DA:277,0
DA:280,1247560
DA:281,1247560
DA:288,2657288
DA:288,0
DA:303,505
DA:304,505
DA:305,505
DA:333,505
DA:335,505
DA:336,505
DA:337,505
DA:333,2657288
DA:335,2657288
DA:336,2657288
DA:337,2657288
DA:333,0
DA:335,0
DA:336,0
DA:337,0
DA:343,505
DA:346,505
DA:343,311890
DA:346,311890
DA:350,505
DA:353,505
DA:354,505
DA:355,505
DA:350,2969178
DA:353,2969178
DA:354,311890
DA:355,2969178
DA:350,0
DA:353,0
DA:354,0
DA:355,0
DA:359,505
DA:361,505
DA:362,505
DA:363,505
DA:364,505
DA:453,311890
DA:456,311890
DA:465,311890
DA:469,311890
DA:487,2657288
DA:487,0
DA:510,505
DA:511,505
DA:512,505
DA:678,505
DA:680,505
DA:681,505
DA:683,505
DA:678,2657288
DA:680,2657288
DA:681,2657288
DA:683,2657288
DA:678,0
DA:680,0
DA:681,0
DA:683,0
DA:918,4244278
DA:919,4244278
DA:918,0
DA:919,0
DA:923,1247560
DA:924,1247560
DA:937,311890
DA:939,311890
DA:940,311890
DA:941,0
DA:942,0
DA:943,311890
DA:1043,45450
DA:1046,45450
DA:1043,623780
DA:1046,623780
DA:1168,505
DA:1169,505
DA:1172,0
DA:1173,0
DA:1603,505
DA:1605,505
DA:1606,505
DA:1607,505
DA:1608,505
DA:1756,311890
DA:1758,311890
DA:1759,0
DA:1761,311890
DA:1762,311890
DA:1767,505
DA:1769,505
DA:1770,0
DA:1772,505
DA:1776,1247560
DA:1781,1247560
DA:1783,1247560
DA:1784,1247560
DA:1776,505
DA:1781,505
DA:1783,505
DA:1784,505
DA:1792,0
DA:1794,0
DA:1796,0
DA:1797,0
DA:1798,0
DA:1801,0
DA:1844,505
DA:1845,505
DA:1844,0
DA:1845,0
end_of_record
