TN:
SF:/home/david/shared-memory-disruptor/src/disruptor.cc
FN:52,_ZN9Disruptor4SpinEv
FN:160,_Z11GetCallbackRKN4Napi12CallbackInfoEj
FN:179,_ZN10SyncBuffer3NewEN4Napi3EnvEP9Disruptormm
FN:198,_ZN11AsyncBufferC2Ev
FN:202,_ZN11AsyncBuffer3NewEN4Napi3EnvEP9Disruptormm
FN:207,_ZN11AsyncBuffer7ToValueEN4Napi3EnvEP9Disruptor
FN:212,_ZN11AsyncBuffer6LengthEv
FN:218,_ZN11AsyncBufferC2Emmj
FN:234,_ZN10AsyncArrayI11AsyncBufferEC2Ev
FN:239,_ZN10AsyncArrayI11AsyncBufferE3NewEN4Napi3EnvE
FN:244,_ZN10AsyncArrayI11AsyncBufferE3SetEjOS0_
FN:254,_ZN10AsyncArrayI11AsyncBufferE7ToValueEN4Napi3EnvEP9Disruptor
FN:265,_ZN10AsyncArrayI11AsyncBufferE6LengthEv
FN:277,_ZN12AsyncBooleanC2Ev
FN:282,_ZN12AsyncBoolean3NewEN4Napi3EnvEb
FN:287,_ZN12AsyncBoolean7ToValueEN4Napi3EnvEP9Disruptor
FN:292,_ZNK12AsyncBooleancvbEv
FN:298,_ZN12AsyncBooleanC2Eb
FN:310,_Z7ToValueRKN4Napi3EnvEm
FN:315,_Z7ToValueRKN4Napi3EnvERK14AsyncUndefined
FN:324,_ZN20DisruptorAsyncWorkerI10AsyncArrayI11AsyncBufferEmmEC2EP9DisruptorRKN4Napi8FunctionE
FN:324,_ZN20DisruptorAsyncWorkerI11AsyncBuffermmEC2EP9DisruptorRKN4Napi8FunctionE
FN:324,_ZN20DisruptorAsyncWorkerI12AsyncBoolean14AsyncUndefinedS1_EC2EP9DisruptorRKN4Napi8FunctionE
FN:324,_ZN20DisruptorAsyncWorkerI10AsyncArrayI11AsyncBufferEm14AsyncUndefinedEC2EP9DisruptorRKN4Napi8FunctionE
FN:336,_ZN20DisruptorAsyncWorkerI12AsyncBoolean14AsyncUndefinedS1_E4OnOKEv
FN:336,_ZN20DisruptorAsyncWorkerI10AsyncArrayI11AsyncBufferEmmE4OnOKEv
FN:336,_ZN20DisruptorAsyncWorkerI11AsyncBuffermmE4OnOKEv
FN:336,_ZN20DisruptorAsyncWorkerI10AsyncArrayI11AsyncBufferEm14AsyncUndefinedE4OnOKEv
FN:369,_ZN7CloseFDclEPi
FN:376,_ZN9Disruptor15ThrowErrnoErrorERKN4Napi12CallbackInfoEPKc
FN:395,_ZN9DisruptorC2ERKN4Napi12CallbackInfoE
FN:540,_ZZN9DisruptorC4ERKN4Napi12CallbackInfoEENKUlNS0_3EnvEPhE_clES4_S5_
FN:567,_ZN9DisruptorD0Ev
FN:567,_ZN9DisruptorD2Ev
FN:572,_ZN9Disruptor7ReleaseEv
FN:594,_ZN9Disruptor7ReleaseERKN4Napi12CallbackInfoE
FN:603,_ZN9Disruptor14ConsumeNewSyncIN4Napi5ArrayE10SyncBufferEET_RKNS1_3EnvEbRm
FN:603,_ZN9Disruptor14ConsumeNewSyncI10AsyncArrayI11AsyncBufferES2_EET_RKN4Napi3EnvEbRm
FN:647,_ZN9Disruptor14ConsumeNewSyncERKN4Napi12CallbackInfoE
FN:659,_ZN21ConsumeNewAsyncWorkerC2EP9DisruptorRKN4Napi8FunctionE
FN:670,_ZN21ConsumeNewAsyncWorker7ExecuteEv
FN:677,_ZN21ConsumeNewAsyncWorker5RetryEv
FN:683,_ZN9Disruptor15ConsumeNewAsyncERKN4Napi12CallbackInfoE
FN:688,_ZN9Disruptor10ConsumeNewERKN4Napi12CallbackInfoE
FN:703,_ZN9Disruptor13ConsumeCommitERKN4Napi12CallbackInfoE
FN:708,_ZN9Disruptor13UpdatePendingEmm
FN:714,_ZN9Disruptor13ConsumeCommitEv
FN:730,_ZN9Disruptor16ProduceClaimSyncI11AsyncBufferEENT_6BufferERKN4Napi3EnvEbRmS8_
FN:730,_ZN9Disruptor16ProduceClaimSyncI10SyncBufferEENT_6BufferERKN4Napi3EnvEbRmS8_
FN:771,_ZN9Disruptor16ProduceClaimSyncERKN4Napi12CallbackInfoE
FN:781,_ZN23ProduceClaimAsyncWorkerC2EP9DisruptorRKN4Napi8FunctionE
FN:791,_ZN23ProduceClaimAsyncWorker7ExecuteEv
FN:799,_ZN23ProduceClaimAsyncWorker5RetryEv
FN:805,_ZN9Disruptor17ProduceClaimAsyncERKN4Napi12CallbackInfoE
FN:810,_ZN9Disruptor12ProduceClaimERKN4Napi12CallbackInfoE
FN:825,_ZN9Disruptor17ProduceGetBuffersI10AsyncArrayI11AsyncBufferES2_EEvRKN4Napi3EnvEmmRT_
FN:825,_ZN9Disruptor17ProduceGetBuffersIN4Napi5ArrayE10SyncBufferEEvRKNS1_3EnvEmmRT_
FN:847,_ZN9Disruptor20ProduceClaimManySyncI10AsyncArrayI11AsyncBufferES2_EET_RKN4Napi3EnvEjbRmS9_
FN:847,_ZN9Disruptor20ProduceClaimManySyncIN4Napi5ArrayE10SyncBufferEET_RKNS1_3EnvEjbRmS8_
FN:889,_ZN9Disruptor20ProduceClaimManySyncERKN4Napi12CallbackInfoE
FN:902,_ZN27ProduceClaimManyAsyncWorkerC2EP9DisruptorRKN4Napi8FunctionEj
FN:916,_ZN27ProduceClaimManyAsyncWorker7ExecuteEv
FN:924,_ZN27ProduceClaimManyAsyncWorker5RetryEv
FN:933,_ZN9Disruptor21ProduceClaimManyAsyncERKN4Napi12CallbackInfoEj
FN:939,_ZN9Disruptor21ProduceClaimManyAsyncERKN4Napi12CallbackInfoE
FN:944,_ZN9Disruptor16ProduceClaimManyERKN4Napi12CallbackInfoE
FN:959,_ZN9Disruptor14ProduceRecoverERKN4Napi12CallbackInfoE
FN:978,_ZN9Disruptor17ProduceCommitSyncIN4Napi7BooleanEEET_RKNS1_3EnvEmmb
FN:978,_ZN9Disruptor17ProduceCommitSyncI12AsyncBooleanEET_RKN4Napi3EnvEmmb
FN:998,_ZN9Disruptor13UpdateSeqNextEmm
FN:1004,_ZN9Disruptor10GetSeqNextERKN4Napi12CallbackInfoERmS4_
FN:1020,_ZN9Disruptor17ProduceCommitSyncERKN4Napi12CallbackInfoE
FN:1031,_ZN24ProduceCommitAsyncWorkerC2EP9DisruptorRKN4Napi8FunctionEmm
FN:1043,_ZN24ProduceCommitAsyncWorker7ExecuteEv
FN:1050,_ZN24ProduceCommitAsyncWorker5RetryEv
FN:1059,_ZN9Disruptor18ProduceCommitAsyncERKN4Napi12CallbackInfoEmmj
FN:1068,_ZN9Disruptor18ProduceCommitAsyncERKN4Napi12CallbackInfoE
FN:1075,_ZN9Disruptor13ProduceCommitERKN4Napi12CallbackInfoE
FN:1090,_ZN9Disruptor12GetConsumersERKN4Napi12CallbackInfoE
FN:1095,_ZN9Disruptor9GetCursorERKN4Napi12CallbackInfoE
FN:1100,_ZN9Disruptor7GetNextERKN4Napi12CallbackInfoE
FN:1105,_ZN9Disruptor11GetElementsERKN4Napi12CallbackInfoE
FN:1110,_ZN9Disruptor11GetConsumerERKN4Napi12CallbackInfoE
FN:1115,_ZN9Disruptor21GetPendingSeqConsumerERKN4Napi12CallbackInfoE
FN:1120,_ZN9Disruptor19GetPendingSeqCursorERKN4Napi12CallbackInfoE
FN:1125,_ZN9Disruptor17GetPendingSeqNextERKN4Napi12CallbackInfoE
FN:1130,_ZN9Disruptor20GetPendingSeqNextEndERKN4Napi12CallbackInfoE
FN:1135,_ZN9Disruptor14GetElementSizeERKN4Napi12CallbackInfoE
FN:1140,_ZN9Disruptor10InitializeEN4Napi3EnvENS0_6ObjectE
FN:1183,_Z10InitializeN4Napi3EnvENS_6ObjectE
FN:1188,_register_disruptor
FN:1188,_ZL17__napi_InitializeP10napi_env__P12napi_value__
FNDA:3612,_ZN9DisruptorD0Ev
FNDA:519116,_ZN10AsyncArrayI11AsyncBufferE7ToValueEN4Napi3EnvEP9Disruptor
FNDA:6820,_ZN9Disruptor7ReleaseEv
FNDA:64,_ZN9Disruptor14GetElementSizeERKN4Napi12CallbackInfoE
FNDA:519441,_ZN9Disruptor12ProduceClaimERKN4Napi12CallbackInfoE
FNDA:519098,_ZN9Disruptor15ConsumeNewAsyncERKN4Napi12CallbackInfoE
FNDA:968764,_Z7ToValueRKN4Napi3EnvERK14AsyncUndefined
FNDA:2638487,_ZN12AsyncBooleanC2Eb
FNDA:750571,_Z11GetCallbackRKN4Napi12CallbackInfoEj
FNDA:45,_ZN9Disruptor17ProduceGetBuffersIN4Napi5ArrayE10SyncBufferEEvRKNS1_3EnvEmmRT_
FNDA:197,_ZN9Disruptor7GetNextERKN4Napi12CallbackInfoE
FNDA:505,_ZL17__napi_InitializeP10napi_env__P12napi_value__
FNDA:3712,_ZN7CloseFDclEPi
FNDA:1108135,_ZN20DisruptorAsyncWorkerI10AsyncArrayI11AsyncBufferEm14AsyncUndefinedE4OnOKEv
FNDA:11,_ZN9Disruptor21ProduceClaimManyAsyncERKN4Napi12CallbackInfoE
FNDA:2638487,_ZN9Disruptor17ProduceCommitSyncI12AsyncBooleanEET_RKN4Napi3EnvEmmb
FNDA:76,_ZN9Disruptor14ProduceRecoverERKN4Napi12CallbackInfoE
FNDA:3612,_ZN9DisruptorD2Ev
FNDA:810,_ZN9Disruptor17ProduceCommitSyncERKN4Napi12CallbackInfoE
FNDA:197,_ZN9Disruptor11GetConsumerERKN4Napi12CallbackInfoE
FNDA:520248,_ZN9Disruptor16ProduceClaimSyncI10SyncBufferEENT_6BufferERKN4Napi3EnvEbRmS8_
FNDA:3521708,_ZN9Disruptor13ConsumeCommitEv
FNDA:2638487,_ZN12AsyncBooleanC2Ev
FNDA:24,_ZN9Disruptor16ProduceClaimManyERKN4Napi12CallbackInfoE
FNDA:589037,_ZN21ConsumeNewAsyncWorker5RetryEv
FNDA:1129884,_ZN10AsyncArrayI11AsyncBufferE3NewEN4Napi3EnvE
FNDA:520257,_ZN9Disruptor17ProduceCommitSyncIN4Napi7BooleanEEET_RKNS1_3EnvEmmb
FNDA:253,_register_disruptor
FNDA:6622,_ZN9Disruptor17ProduceClaimAsyncERKN4Napi12CallbackInfoE
FNDA:28170,_ZN23ProduceClaimAsyncWorker7ExecuteEv
FNDA:18,_ZN9Disruptor21ProduceClaimManyAsyncERKN4Napi12CallbackInfoEj
FNDA:2638487,_ZN12AsyncBoolean3NewEN4Napi3EnvEb
FNDA:35,_ZN9Disruptor20ProduceClaimManySyncIN4Napi5ArrayE10SyncBufferEET_RKNS1_3EnvEjbRmS8_
FNDA:2638487,_ZNK12AsyncBooleancvbEv
FNDA:1206773,_ZN9Disruptor10ConsumeNewERKN4Napi12CallbackInfoE
FNDA:28170,_ZN23ProduceClaimAsyncWorkerC2EP9DisruptorRKN4Napi8FunctionE
FNDA:519333,_ZN10AsyncArrayI11AsyncBufferE3SetEjOS0_
FNDA:1734312,_ZN10SyncBuffer3NewEN4Napi3EnvEP9Disruptormm
FNDA:519447,_ZN9Disruptor13ProduceCommitERKN4Napi12CallbackInfoE
FNDA:72,_ZN9Disruptor19GetPendingSeqCursorERKN4Napi12CallbackInfoE
FNDA:1556,_ZN9Disruptor11GetElementsERKN4Napi12CallbackInfoE
FNDA:28170,_ZN9Disruptor16ProduceClaimSyncI11AsyncBufferEENT_6BufferERKN4Napi3EnvEbRmS8_
FNDA:28170,_ZN20DisruptorAsyncWorkerI11AsyncBuffermmEC2EP9DisruptorRKN4Napi8FunctionE
FNDA:224833,_ZN12AsyncBoolean7ToValueEN4Napi3EnvEP9Disruptor
FNDA:2638487,_ZN24ProduceCommitAsyncWorkerC2EP9DisruptorRKN4Napi8FunctionEmm
FNDA:2638487,_ZN20DisruptorAsyncWorkerI12AsyncBoolean14AsyncUndefinedS1_EC2EP9DisruptorRKN4Napi8FunctionE
FNDA:3612,_ZZN9DisruptorC4ERKN4Napi12CallbackInfoEENKUlNS0_3EnvEPhE_clES4_S5_
FNDA:1129884,_ZN10AsyncArrayI11AsyncBufferE6LengthEv
FNDA:3716,_ZN9DisruptorC2ERKN4Napi12CallbackInfoE
FNDA:807,_ZN9Disruptor16ProduceClaimSyncERKN4Napi12CallbackInfoE
FNDA:21749,_ZN27ProduceClaimManyAsyncWorkerC2EP9DisruptorRKN4Napi8FunctionEj
FNDA:9,_ZN9Disruptor17ProduceGetBuffersI10AsyncArrayI11AsyncBufferES2_EEvRKN4Napi3EnvEmmRT_
FNDA:1108135,_ZN20DisruptorAsyncWorkerI10AsyncArrayI11AsyncBufferEm14AsyncUndefinedEC2EP9DisruptorRKN4Napi8FunctionE
FNDA:197,_ZN9Disruptor9GetCursorERKN4Napi12CallbackInfoE
FNDA:28170,_ZN20DisruptorAsyncWorkerI11AsyncBuffermmE4OnOKEv
FNDA:570222,_ZN9Disruptor13UpdateSeqNextEmm
FNDA:505,_Z10InitializeN4Napi3EnvENS_6ObjectE
FNDA:2638487,_ZN20DisruptorAsyncWorkerI12AsyncBoolean14AsyncUndefinedS1_E4OnOKEv
FNDA:1206789,_ZN9Disruptor13UpdatePendingEmm
FNDA:12,_ZN9Disruptor12GetConsumersERKN4Napi12CallbackInfoE
FNDA:12,_ZN9Disruptor14ConsumeNewSyncERKN4Napi12CallbackInfoE
FNDA:28170,_ZN11AsyncBuffer6LengthEv
FNDA:3796541,_ZN9Disruptor4SpinEv
FNDA:21548,_ZN23ProduceClaimAsyncWorker5RetryEv
FNDA:525955,_ZN11AsyncBuffer7ToValueEN4Napi3EnvEP9Disruptor
FNDA:1095006,_ZN11AsyncBufferC2Emmj
FNDA:810,_ZN9Disruptor18ProduceCommitAsyncERKN4Napi12CallbackInfoE
FNDA:21749,_ZN20DisruptorAsyncWorkerI10AsyncArrayI11AsyncBufferEmmE4OnOKEv
FNDA:2259768,_ZN10AsyncArrayI11AsyncBufferEC2Ev
FNDA:2413654,_ZN24ProduceCommitAsyncWorker5RetryEv
FNDA:4,_ZN9Disruptor15ThrowErrnoErrorERKN4Napi12CallbackInfoEPKc
FNDA:1206788,_ZN9Disruptor13ConsumeCommitERKN4Napi12CallbackInfoE
FNDA:21749,_ZN9Disruptor20ProduceClaimManySyncI10AsyncArrayI11AsyncBufferES2_EET_RKN4Napi3EnvEjbRmS9_
FNDA:505,_ZN9Disruptor10InitializeEN4Napi3EnvENS0_6ObjectE
FNDA:547503,_ZN11AsyncBufferC2Ev
FNDA:547503,_ZN11AsyncBuffer3NewEN4Napi3EnvEP9Disruptormm
FNDA:1206857,_ZN9Disruptor21GetPendingSeqConsumerERKN4Napi12CallbackInfoE
FNDA:3208,_ZN9Disruptor7ReleaseERKN4Napi12CallbackInfoE
FNDA:21749,_ZN20DisruptorAsyncWorkerI10AsyncArrayI11AsyncBufferEmmEC2EP9DisruptorRKN4Napi8FunctionE
FNDA:21749,_ZN27ProduceClaimManyAsyncWorker7ExecuteEv
FNDA:2638487,_ZN24ProduceCommitAsyncWorker7ExecuteEv
FNDA:1108135,_ZN21ConsumeNewAsyncWorkerC2EP9DisruptorRKN4Napi8FunctionE
FNDA:1206785,_ZN9Disruptor14ConsumeNewSyncIN4Napi5ArrayE10SyncBufferEET_RKNS1_3EnvEbRm
FNDA:521067,_ZN9Disruptor10GetSeqNextERKN4Napi12CallbackInfoERmS4_
FNDA:532378,_Z7ToValueRKN4Napi3EnvEm
FNDA:21731,_ZN27ProduceClaimManyAsyncWorker5RetryEv
FNDA:1108135,_ZN21ConsumeNewAsyncWorker7ExecuteEv
FNDA:520319,_ZN9Disruptor17GetPendingSeqNextERKN4Napi12CallbackInfoE
FNDA:520319,_ZN9Disruptor20GetPendingSeqNextEndERKN4Napi12CallbackInfoE
FNDA:1108135,_ZN9Disruptor14ConsumeNewSyncI10AsyncArrayI11AsyncBufferES2_EET_RKN4Napi3EnvEbRm
FNDA:224833,_ZN9Disruptor18ProduceCommitAsyncERKN4Napi12CallbackInfoEmmj
FNDA:11,_ZN9Disruptor20ProduceClaimManySyncERKN4Napi12CallbackInfoE
FNF:92
FNH:92
DA:52,3796541
DA:54,3796541
DA:160,750571
DA:162,750571
DA:164,750571
DA:165,750571
DA:167,750571
DA:179,1734312
DA:182,5202936
DA:187,1734312
DA:188,3468624
DA:189,3468624
DA:198,547503
DA:200,547503
DA:202,547503
DA:204,547503
DA:207,525955
DA:209,525955
DA:212,28170
DA:214,28170
DA:218,1095006
DA:219,1095006
DA:220,1095006
DA:221,1095006
DA:223,1095006
DA:234,2259768
DA:235,2259768
DA:237,2259768
DA:239,1129884
DA:241,1129884
DA:244,519333
DA:246,519333
DA:248,519333
DA:251,519333
DA:252,519333
DA:254,519116
DA:256,519116
DA:257,519116
DA:258,1038449
DA:260,519333
DA:262,519116
DA:265,1129884
DA:267,1129884
DA:277,2638487
DA:278,2638487
DA:280,2638487
DA:282,2638487
DA:284,2638487
DA:287,224833
DA:289,224833
DA:292,2638487
DA:294,2638487
DA:298,2638487
DA:299,2638487
DA:301,2638487
DA:310,532378
DA:312,532378
DA:315,968764
DA:317,968764
DA:324,3796541
DA:327,3796541
DA:328,3796541
DA:329,3796541
DA:331,3796541
DA:336,3796541
DA:338,3796541
DA:340,3045970
DA:343,750571
DA:345,4503426
DA:346,750571
DA:349,750571
DA:350,750571
DA:351,750571
DA:352,1501142
DA:369,3712
DA:371,3712
DA:372,3712
DA:373,3712
DA:376,4
DA:379,4
DA:380,4
DA:387,4
DA:391,4
DA:392,8
DA:395,3716
DA:397,3716
DA:400,3716
DA:401,3716
DA:402,3716
DA:403,3716
DA:404,3716
DA:405,3716
DA:406,3716
DA:411,3716
DA:412,3716
DA:416,3716
DA:418,240
DA:419,240
DA:424,3716
DA:426,4
DA:429,3712
DA:435,3712
DA:436,3712
DA:440,3712
DA:446,3712
DA:449,3712
DA:451,3712
DA:456,3712
DA:457,3712
DA:458,3712
DA:459,3712
DA:460,3712
DA:462,3712
DA:463,3712
DA:465,3712
DA:466,3712
DA:508,3712
DA:509,3712
DA:510,3712
DA:511,3712
DA:513,3712
DA:514,3712
DA:515,3712
DA:518,3712
DA:520,6687
DA:521,6687
DA:522,3712
DA:524,2975
DA:525,2975
DA:527,3712
DA:529,3712
DA:536,3712
DA:540,3612
DA:541,3612
DA:542,3612
DA:543,3612
DA:546,3712
DA:547,3712
DA:548,3712
DA:550,3712
DA:552,3712
DA:553,11136
DA:555,3712
DA:556,3712
DA:557,3712
DA:559,3712
DA:560,11136
DA:562,3712
DA:563,3712
DA:564,3712
DA:565,3736
DA:567,7224
DA:569,3612
DA:570,7224
DA:572,6820
DA:574,6820
DA:575,6820
DA:576,6820
DA:577,6820
DA:579,6820
DA:581,3712
DA:583,3712
DA:588,3712
DA:591,6820
DA:594,3208
DA:596,3208
DA:600,3208
DA:603,2314920
DA:610,2314920
DA:612,1108131
DA:614,2314920
DA:615,2314920
DA:616,2314920
DA:617,2314920
DA:619,2314920
DA:621,1205696
DA:622,1205696
DA:623,1205696
DA:624,1205696
DA:625,1205696
DA:626,518681
DA:628,1109224
DA:630,1093
DA:631,1093
DA:632,1093
DA:634,595
DA:636,1093
DA:637,1093
DA:638,1093
DA:639,411
DA:643,1108131
DA:644,1108131
DA:647,12
DA:650,12
DA:659,1108135
DA:660,1108135
DA:664,1108135
DA:666,1108135
DA:667,1108135
DA:670,1108135
DA:673,1108135
DA:674,1108135
DA:675,1108135
DA:677,589037
DA:679,589037
DA:680,589037
DA:683,519098
DA:685,519098
DA:686,519098
DA:688,1206773
DA:691,1206773
DA:692,1206773
DA:694,1206773
DA:696,687687
DA:699,519086
DA:700,519086
DA:703,1206788
DA:705,1206788
DA:708,1206789
DA:710,1206789
DA:711,1206789
DA:712,1206789
DA:714,3521708
DA:716,3521708
DA:718,3521708
DA:720,1206788
DA:723,1206788
DA:726,3521708
DA:730,548418
DA:735,27379
DA:737,548418
DA:739,548418
DA:741,3097674
DA:743,2570805
DA:745,2570805
DA:747,21549
DA:748,21549
DA:752,1075287
DA:753,526869
DA:755,521039
DA:756,521039
DA:757,521039
DA:758,521039
DA:759,521039
DA:760,521039
DA:765,27379
DA:766,27379
DA:767,27379
DA:768,27379
DA:771,807
DA:774,807
DA:781,28170
DA:782,28170
DA:784,28170
DA:786,28170
DA:787,28170
DA:788,28170
DA:791,28170
DA:794,28170
DA:795,28170
DA:796,28170
DA:797,28170
DA:799,21548
DA:801,21548
DA:802,21548
DA:805,6622
DA:807,6622
DA:808,6622
DA:810,519441
DA:813,519441
DA:814,519441
DA:815,519441
DA:817,513626
DA:820,5815
DA:821,5815
DA:825,54
DA:830,54
DA:831,54
DA:833,54
DA:835,4
DA:836,4
DA:840,50
DA:843,54
DA:844,54
DA:847,21784
DA:853,21750
DA:855,21784
DA:856,21784
DA:858,21784
DA:860,21818
DA:862,21784
DA:864,21784
DA:866,21750
DA:867,21750
DA:871,21818
DA:872,34
DA:874,34
DA:875,34
DA:876,34
DA:877,34
DA:878,34
DA:879,9
DA:883,21750
DA:884,21750
DA:885,21750
DA:886,21750
DA:889,11
DA:892,22
DA:893,33
DA:902,21749
DA:904,21749
DA:909,21749
DA:911,21749
DA:912,21749
DA:913,21749
DA:916,21749
DA:919,43498
DA:920,43498
DA:921,21749
DA:922,21749
DA:924,21731
DA:926,21731
DA:927,21731
DA:933,18
DA:936,18
DA:937,18
DA:939,11
DA:941,11
DA:942,11
DA:944,24
DA:946,24
DA:948,24
DA:949,24
DA:950,24
DA:952,17
DA:955,7
DA:956,7
DA:959,76
DA:961,76
DA:962,76
DA:964,76
DA:966,140
DA:967,116
DA:968,40
DA:970,20
DA:971,40
DA:974,76
DA:978,3158744
DA:983,3158744
DA:985,2637677
DA:987,3158732
DA:989,521055
DA:995,2637689
DA:998,570222
DA:1000,570222
DA:1001,570222
DA:1002,570222
DA:1004,521067
DA:1008,521067
DA:1010,12
DA:1011,12
DA:1012,12
DA:1015,521055
DA:1016,521055
DA:1017,521055
DA:1020,810
DA:1023,810
DA:1024,810
DA:1031,2638487
DA:1034,2638487
DA:1037,2638487
DA:1038,2638487
DA:1040,2638487
DA:1043,2638487
DA:1046,2638487
DA:1047,2638487
DA:1048,2638487
DA:1050,2413654
DA:1052,2413654
DA:1053,2413654
DA:1059,224833
DA:1065,224833
DA:1066,224833
DA:1068,810
DA:1071,810
DA:1072,810
DA:1073,810
DA:1075,519447
DA:1078,519447
DA:1080,519447
DA:1081,519447
DA:1083,295424
DA:1086,224023
DA:1087,224023
DA:1090,12
DA:1092,12
DA:1095,197
DA:1097,197
DA:1100,197
DA:1102,197
DA:1105,1556
DA:1107,1556
DA:1110,197
DA:1112,197
DA:1115,1206857
DA:1117,1206857
DA:1120,72
DA:1122,72
DA:1125,520319
DA:1127,520319
DA:1130,520319
DA:1132,520319
DA:1135,64
DA:1137,64
DA:1140,505
DA:1143,505
DA:1144,505
DA:1145,253
DA:1147,505
DA:1149,505
DA:1151,505
DA:1152,505
DA:1153,505
DA:1154,505
DA:1155,505
DA:1156,505
DA:1157,505
DA:1158,505
DA:1159,505
DA:1160,505
DA:1161,505
DA:1162,505
DA:1163,505
DA:1164,505
DA:1165,505
DA:1168,505
DA:1169,505
DA:1170,505
DA:1171,505
DA:1172,505
DA:1173,505
DA:1174,505
DA:1175,505
DA:1176,505
DA:1177,505
DA:1180,505
DA:1183,505
DA:1185,505
DA:1188,758
LF:449
LH:449
end_of_record
TN:
SF:lib/disruptor.js
FN:4,check
FN:14,Disruptor2
FN:44,_consumeNew
FN:51,consumeNew
FN:61,_produceClaim
FN:69,produceClaim
FN:79,_produceClaimMany
FN:87,produceClaimMany
FN:97,_produceCommit
FN:107,produceCommit
FNDA:24,_produceClaimMany
FNDA:519441,produceClaim
FNDA:519447,produceCommit
FNDA:519441,_produceClaim
FNDA:3716,Disruptor2
FNDA:519447,_produceCommit
FNDA:24,produceClaimMany
FNDA:2245685,check
FNDA:1206773,_consumeNew
FNDA:1206773,consumeNew
FNF:10
FNH:10
BRDA:1,0,0,505
BRDA:4,1,0,2245685
BRDA:7,2,0,1496754
BRDA:14,3,0,3716
BRDA:18,4,0,475709
BRDA:19,5,0,475709
BRDA:24,6,0,467553
BRDA:25,7,0,467553
BRDA:30,8,0,11
BRDA:31,9,0,11
BRDA:36,10,0,467556
BRDA:37,11,0,2
BRDA:40,12,0,467554
BRDA:44,13,0,1206773
BRDA:51,14,0,1206773
BRDA:54,15,0,731064
BRDA:57,16,0,475709
BRDA:61,17,0,519441
BRDA:69,18,0,519441
BRDA:72,19,0,51888
BRDA:75,20,0,467553
BRDA:79,21,0,24
BRDA:87,22,0,24
BRDA:90,23,0,13
BRDA:93,24,0,11
BRDA:97,25,0,519447
BRDA:100,26,0,8
BRDA:103,27,0,519439
BRDA:107,28,0,519447
BRDA:110,29,0,8
BRDA:112,30,0,6
BRDA:115,31,0,2
BRDA:118,32,0,519439
BRDA:120,33,0,51885
BRDA:123,34,0,467554
BRF:35
BRH:35
DA:1,505
DA:2,505
DA:3,505
DA:4,2245685
DA:5,2245685
DA:6,2245685
DA:7,2245685
DA:8,1496754
DA:9,1496754
DA:10,2245685
DA:11,505
DA:12,505
DA:13,505
DA:14,505
DA:15,3716
DA:16,3716
DA:17,3716
DA:18,3716
DA:19,475709
DA:20,475709
DA:21,475709
DA:22,3716
DA:23,3716
DA:24,3716
DA:25,467553
DA:26,467553
DA:27,467553
DA:28,3716
DA:29,3716
DA:30,3716
DA:31,11
DA:32,11
DA:33,11
DA:34,3716
DA:35,3716
DA:36,3716
DA:37,467556
DA:38,2
DA:39,2
DA:40,467554
DA:41,3716
DA:42,3716
DA:43,505
DA:44,505
DA:45,1206773
DA:46,1206773
DA:47,1206773
DA:48,1206773
DA:49,1206773
DA:50,505
DA:51,505
DA:52,1206773
DA:53,1206773
DA:54,1206773
DA:55,731064
DA:56,731064
DA:57,475709
DA:58,475709
DA:59,1206773
DA:60,505
DA:61,505
DA:62,519441
DA:63,519441
DA:64,519441
DA:65,519441
DA:66,519441
DA:67,519441
DA:68,505
DA:69,505
DA:70,519441
DA:71,519441
DA:72,519441
DA:73,51888
DA:74,51888
DA:75,467553
DA:76,467553
DA:77,519441
DA:78,505
DA:79,505
DA:80,24
DA:81,24
DA:82,24
DA:83,24
DA:84,24
DA:85,24
DA:86,505
DA:87,505
DA:88,24
DA:89,24
DA:90,24
DA:91,13
DA:92,13
DA:93,11
DA:94,11
DA:95,24
DA:96,505
DA:97,505
DA:98,519447
DA:99,519447
DA:100,519447
DA:101,8
DA:102,8
DA:103,519439
DA:104,519439
DA:105,519447
DA:106,505
DA:107,505
DA:108,519447
DA:109,519447
DA:110,519447
DA:111,8
DA:112,8
DA:113,6
DA:114,6
DA:115,2
DA:116,2
DA:117,2
DA:118,519439
DA:119,519439
DA:120,519447
DA:121,51885
DA:122,51885
DA:123,467554
DA:124,467554
DA:125,519447
DA:126,505
DA:127,505
DA:128,505
LF:128
LH:128
end_of_record
