TN:
SF:/home/david/shared-memory-disruptor/src/disruptor.cc
FN:52,_ZN9Disruptor4SpinEv
FN:160,_Z11GetCallbackRKN4Napi12CallbackInfoEj
FN:179,_ZN10SyncBuffer3NewEN4Napi3EnvEP9Disruptormm
FN:198,_ZN11AsyncBufferC2Ev
FN:202,_ZN11AsyncBuffer3NewEN4Napi3EnvEP9Disruptormm
FN:207,_ZN11AsyncBuffer7ToValueEN4Napi3EnvEP9Disruptor
FN:212,_ZN11AsyncBuffer6LengthEv
FN:218,_ZN11AsyncBufferC2Emmj
FN:234,_ZN10AsyncArrayI11AsyncBufferEC2Ev
FN:239,_ZN10AsyncArrayI11AsyncBufferE3NewEN4Napi3EnvE
FN:244,_ZN10AsyncArrayI11AsyncBufferE3SetEjOS0_
FN:254,_ZN10AsyncArrayI11AsyncBufferE7ToValueEN4Napi3EnvEP9Disruptor
FN:265,_ZN10AsyncArrayI11AsyncBufferE6LengthEv
FN:277,_ZN12AsyncBooleanC2Ev
FN:282,_ZN12AsyncBoolean3NewEN4Napi3EnvEb
FN:287,_ZN12AsyncBoolean7ToValueEN4Napi3EnvEP9Disruptor
FN:292,_ZNK12AsyncBooleancvbEv
FN:298,_ZN12AsyncBooleanC2Eb
FN:310,_Z7ToValueRKN4Napi3EnvEm
FN:315,_Z7ToValueRKN4Napi3EnvERK14AsyncUndefined
FN:324,_ZN20DisruptorAsyncWorkerI12AsyncBoolean14AsyncUndefinedS1_EC2EP9DisruptorRKN4Napi8FunctionE
FN:324,_ZN20DisruptorAsyncWorkerI10AsyncArrayI11AsyncBufferEmmEC2EP9DisruptorRKN4Napi8FunctionE
FN:324,_ZN20DisruptorAsyncWorkerI11AsyncBuffermmEC2EP9DisruptorRKN4Napi8FunctionE
FN:324,_ZN20DisruptorAsyncWorkerI10AsyncArrayI11AsyncBufferEm14AsyncUndefinedEC2EP9DisruptorRKN4Napi8FunctionE
FN:336,_ZN20DisruptorAsyncWorkerI12AsyncBoolean14AsyncUndefinedS1_E4OnOKEv
FN:336,_ZN20DisruptorAsyncWorkerI10AsyncArrayI11AsyncBufferEm14AsyncUndefinedE4OnOKEv
FN:336,_ZN20DisruptorAsyncWorkerI10AsyncArrayI11AsyncBufferEmmE4OnOKEv
FN:336,_ZN20DisruptorAsyncWorkerI11AsyncBuffermmE4OnOKEv
FN:369,_ZN7CloseFDclEPi
FN:376,_ZN9Disruptor15ThrowErrnoErrorERKN4Napi12CallbackInfoEPKc
FN:395,_ZN9DisruptorC2ERKN4Napi12CallbackInfoE
FN:540,_ZZN9DisruptorC4ERKN4Napi12CallbackInfoEENKUlNS0_3EnvEPhE_clES4_S5_
FN:567,_ZN9DisruptorD0Ev
FN:567,_ZN9DisruptorD2Ev
FN:572,_ZN9Disruptor7ReleaseEv
FN:594,_ZN9Disruptor7ReleaseERKN4Napi12CallbackInfoE
FN:603,_ZN9Disruptor14ConsumeNewSyncIN4Napi5ArrayE10SyncBufferEET_RKNS1_3EnvEbRm
FN:603,_ZN9Disruptor14ConsumeNewSyncI10AsyncArrayI11AsyncBufferES2_EET_RKN4Napi3EnvEbRm
FN:647,_ZN9Disruptor14ConsumeNewSyncERKN4Napi12CallbackInfoE
FN:659,_ZN21ConsumeNewAsyncWorkerC2EP9DisruptorRKN4Napi8FunctionE
FN:670,_ZN21ConsumeNewAsyncWorker7ExecuteEv
FN:677,_ZN21ConsumeNewAsyncWorker5RetryEv
FN:683,_ZN9Disruptor15ConsumeNewAsyncERKN4Napi12CallbackInfoE
FN:688,_ZN9Disruptor10ConsumeNewERKN4Napi12CallbackInfoE
FN:703,_ZN9Disruptor13ConsumeCommitERKN4Napi12CallbackInfoE
FN:708,_ZN9Disruptor13UpdatePendingEmm
FN:714,_ZN9Disruptor13ConsumeCommitEv
FN:730,_ZN9Disruptor16ProduceClaimSyncI11AsyncBufferEENT_6BufferERKN4Napi3EnvEbRmS8_
FN:730,_ZN9Disruptor16ProduceClaimSyncI10SyncBufferEENT_6BufferERKN4Napi3EnvEbRmS8_
FN:771,_ZN9Disruptor16ProduceClaimSyncERKN4Napi12CallbackInfoE
FN:781,_ZN23ProduceClaimAsyncWorkerC2EP9DisruptorRKN4Napi8FunctionE
FN:791,_ZN23ProduceClaimAsyncWorker7ExecuteEv
FN:799,_ZN23ProduceClaimAsyncWorker5RetryEv
FN:805,_ZN9Disruptor17ProduceClaimAsyncERKN4Napi12CallbackInfoE
FN:810,_ZN9Disruptor12ProduceClaimERKN4Napi12CallbackInfoE
FN:825,_ZN9Disruptor17ProduceGetBuffersIN4Napi5ArrayE10SyncBufferEEvRKNS1_3EnvEmmRT_
FN:825,_ZN9Disruptor17ProduceGetBuffersI10AsyncArrayI11AsyncBufferES2_EEvRKN4Napi3EnvEmmRT_
FN:847,_ZN9Disruptor20ProduceClaimManySyncI10AsyncArrayI11AsyncBufferES2_EET_RKN4Napi3EnvEjbRmS9_
FN:847,_ZN9Disruptor20ProduceClaimManySyncIN4Napi5ArrayE10SyncBufferEET_RKNS1_3EnvEjbRmS8_
FN:889,_ZN9Disruptor20ProduceClaimManySyncERKN4Napi12CallbackInfoE
FN:902,_ZN27ProduceClaimManyAsyncWorkerC2EP9DisruptorRKN4Napi8FunctionEj
FN:916,_ZN27ProduceClaimManyAsyncWorker7ExecuteEv
FN:924,_ZN27ProduceClaimManyAsyncWorker5RetryEv
FN:933,_ZN9Disruptor21ProduceClaimManyAsyncERKN4Napi12CallbackInfoEj
FN:939,_ZN9Disruptor21ProduceClaimManyAsyncERKN4Napi12CallbackInfoE
FN:944,_ZN9Disruptor16ProduceClaimManyERKN4Napi12CallbackInfoE
FN:959,_ZN9Disruptor14ProduceRecoverERKN4Napi12CallbackInfoE
FN:978,_ZN9Disruptor17ProduceCommitSyncI12AsyncBooleanEET_RKN4Napi3EnvEmmb
FN:978,_ZN9Disruptor17ProduceCommitSyncIN4Napi7BooleanEEET_RKNS1_3EnvEmmb
FN:998,_ZN9Disruptor13UpdateSeqNextEmm
FN:1004,_ZN9Disruptor10GetSeqNextERKN4Napi12CallbackInfoERmS4_
FN:1020,_ZN9Disruptor17ProduceCommitSyncERKN4Napi12CallbackInfoE
FN:1031,_ZN24ProduceCommitAsyncWorkerC2EP9DisruptorRKN4Napi8FunctionEmm
FN:1043,_ZN24ProduceCommitAsyncWorker7ExecuteEv
FN:1050,_ZN24ProduceCommitAsyncWorker5RetryEv
FN:1059,_ZN9Disruptor18ProduceCommitAsyncERKN4Napi12CallbackInfoEmmj
FN:1068,_ZN9Disruptor18ProduceCommitAsyncERKN4Napi12CallbackInfoE
FN:1075,_ZN9Disruptor13ProduceCommitERKN4Napi12CallbackInfoE
FN:1090,_ZN9Disruptor12GetConsumersERKN4Napi12CallbackInfoE
FN:1095,_ZN9Disruptor9GetCursorERKN4Napi12CallbackInfoE
FN:1100,_ZN9Disruptor7GetNextERKN4Napi12CallbackInfoE
FN:1105,_ZN9Disruptor11GetElementsERKN4Napi12CallbackInfoE
FN:1110,_ZN9Disruptor11GetConsumerERKN4Napi12CallbackInfoE
FN:1115,_ZN9Disruptor21GetPendingSeqConsumerERKN4Napi12CallbackInfoE
FN:1120,_ZN9Disruptor19GetPendingSeqCursorERKN4Napi12CallbackInfoE
FN:1125,_ZN9Disruptor17GetPendingSeqNextERKN4Napi12CallbackInfoE
FN:1130,_ZN9Disruptor20GetPendingSeqNextEndERKN4Napi12CallbackInfoE
FN:1135,_ZN9Disruptor14GetElementSizeERKN4Napi12CallbackInfoE
FN:1140,_ZN9Disruptor10InitializeEN4Napi3EnvENS0_6ObjectE
FN:1183,_Z10InitializeN4Napi3EnvENS_6ObjectE
FN:1188,_register_disruptor
FN:1188,_ZL17__napi_InitializeP10napi_env__P12napi_value__
FNDA:24,_ZN9Disruptor16ProduceClaimManyERKN4Napi12CallbackInfoE
FNDA:30948,_ZN9Disruptor16ProduceClaimSyncI11AsyncBufferEENT_6BufferERKN4Napi3EnvEbRmS8_
FNDA:2076146,_ZN10AsyncArrayI11AsyncBufferEC2Ev
FNDA:223397,_ZN12AsyncBoolean7ToValueEN4Napi3EnvEP9Disruptor
FNDA:11,_ZN9Disruptor21ProduceClaimManyAsyncERKN4Napi12CallbackInfoE
FNDA:1015857,_ZN20DisruptorAsyncWorkerI10AsyncArrayI11AsyncBufferEm14AsyncUndefinedE4OnOKEv
FNDA:495901,_ZN10AsyncArrayI11AsyncBufferE7ToValueEN4Napi3EnvEP9Disruptor
FNDA:2538301,_ZN20DisruptorAsyncWorkerI12AsyncBoolean14AsyncUndefinedS1_E4OnOKEv
FNDA:1181066,_ZN9Disruptor21GetPendingSeqConsumerERKN4Napi12CallbackInfoE
FNDA:22216,_ZN27ProduceClaimManyAsyncWorker7ExecuteEv
FNDA:573467,_ZN9Disruptor13UpdateSeqNextEmm
FNDA:7400,_ZN9Disruptor17ProduceClaimAsyncERKN4Napi12CallbackInfoE
FNDA:2538301,_ZN20DisruptorAsyncWorkerI12AsyncBoolean14AsyncUndefinedS1_EC2EP9DisruptorRKN4Napi8FunctionE
FNDA:1015857,_ZN21ConsumeNewAsyncWorker7ExecuteEv
FNDA:45,_ZN9Disruptor17ProduceGetBuffersIN4Napi5ArrayE10SyncBufferEEvRKNS1_3EnvEmmRT_
FNDA:3208,_ZN9Disruptor7ReleaseERKN4Napi12CallbackInfoE
FNDA:1054118,_ZN11AsyncBufferC2Emmj
FNDA:30948,_ZN23ProduceClaimAsyncWorker7ExecuteEv
FNDA:4,_ZN9Disruptor15ThrowErrnoErrorERKN4Napi12CallbackInfoEPKc
FNDA:519974,_ZN21ConsumeNewAsyncWorker5RetryEv
FNDA:22198,_ZN27ProduceClaimManyAsyncWorker5RetryEv
FNDA:197,_ZN9Disruptor11GetConsumerERKN4Napi12CallbackInfoE
FNDA:30948,_ZN20DisruptorAsyncWorkerI11AsyncBuffermmEC2EP9DisruptorRKN4Napi8FunctionE
FNDA:1709279,_ZN10SyncBuffer3NewEN4Napi3EnvEP9Disruptormm
FNDA:253,_register_disruptor
FNDA:3377848,_ZN9Disruptor13ConsumeCommitEv
FNDA:76,_ZN9Disruptor14ProduceRecoverERKN4Napi12CallbackInfoE
FNDA:1180982,_ZN9Disruptor10ConsumeNewERKN4Napi12CallbackInfoE
FNDA:72,_ZN9Disruptor19GetPendingSeqCursorERKN4Napi12CallbackInfoE
FNDA:527059,_ZN11AsyncBuffer3NewEN4Napi3EnvEP9Disruptormm
FNDA:22216,_ZN20DisruptorAsyncWorkerI10AsyncArrayI11AsyncBufferEmmEC2EP9DisruptorRKN4Napi8FunctionE
FNDA:23548,_ZN23ProduceClaimAsyncWorker5RetryEv
FNDA:510719,_Z7ToValueRKN4Napi3EnvEm
FNDA:197,_ZN9Disruptor9GetCursorERKN4Napi12CallbackInfoE
FNDA:3612,_ZN9DisruptorD0Ev
FNDA:1180997,_ZN9Disruptor13ConsumeCommitERKN4Napi12CallbackInfoE
FNDA:505,_ZN9Disruptor10InitializeEN4Napi3EnvENS0_6ObjectE
FNDA:519441,_ZN9Disruptor12ProduceClaimERKN4Napi12CallbackInfoE
FNDA:807,_ZN9Disruptor16ProduceClaimSyncERKN4Napi12CallbackInfoE
FNDA:810,_ZN9Disruptor17ProduceCommitSyncERKN4Napi12CallbackInfoE
FNDA:1038073,_ZN10AsyncArrayI11AsyncBufferE3NewEN4Napi3EnvE
FNDA:520319,_ZN9Disruptor17GetPendingSeqNextERKN4Napi12CallbackInfoE
FNDA:495883,_ZN9Disruptor15ConsumeNewAsyncERKN4Napi12CallbackInfoE
FNDA:527059,_ZN11AsyncBufferC2Ev
FNDA:726698,_Z11GetCallbackRKN4Napi12CallbackInfoEj
FNDA:12,_ZN9Disruptor12GetConsumersERKN4Napi12CallbackInfoE
FNDA:2314904,_ZN24ProduceCommitAsyncWorker5RetryEv
FNDA:1015857,_ZN20DisruptorAsyncWorkerI10AsyncArrayI11AsyncBufferEm14AsyncUndefinedEC2EP9DisruptorRKN4Napi8FunctionE
FNDA:2538301,_ZN9Disruptor17ProduceCommitSyncI12AsyncBooleanEET_RKN4Napi3EnvEmmb
FNDA:505,_ZL17__napi_InitializeP10napi_env__P12napi_value__
FNDA:1180998,_ZN9Disruptor13UpdatePendingEmm
FNDA:520248,_ZN9Disruptor16ProduceClaimSyncI10SyncBufferEENT_6BufferERKN4Napi3EnvEbRmS8_
FNDA:2538301,_ZN12AsyncBooleanC2Ev
FNDA:1556,_ZN9Disruptor11GetElementsERKN4Napi12CallbackInfoE
FNDA:1180994,_ZN9Disruptor14ConsumeNewSyncIN4Napi5ArrayE10SyncBufferEET_RKNS1_3EnvEbRm
FNDA:496111,_ZN10AsyncArrayI11AsyncBufferE3SetEjOS0_
FNDA:22216,_ZN27ProduceClaimManyAsyncWorkerC2EP9DisruptorRKN4Napi8FunctionEj
FNDA:519447,_ZN9Disruptor13ProduceCommitERKN4Napi12CallbackInfoE
FNDA:22216,_ZN9Disruptor20ProduceClaimManySyncI10AsyncArrayI11AsyncBufferES2_EET_RKN4Napi3EnvEjbRmS9_
FNDA:223397,_ZN9Disruptor18ProduceCommitAsyncERKN4Napi12CallbackInfoEmmj
FNDA:22216,_ZN20DisruptorAsyncWorkerI10AsyncArrayI11AsyncBufferEmmE4OnOKEv
FNDA:2538301,_ZNK12AsyncBooleancvbEv
FNDA:942677,_Z7ToValueRKN4Napi3EnvERK14AsyncUndefined
FNDA:30948,_ZN11AsyncBuffer6LengthEv
FNDA:18,_ZN9Disruptor21ProduceClaimManyAsyncERKN4Napi12CallbackInfoEj
FNDA:9,_ZN9Disruptor17ProduceGetBuffersI10AsyncArrayI11AsyncBufferES2_EEvRKN4Napi3EnvEmmRT_
FNDA:3612,_ZN9DisruptorD2Ev
FNDA:3716,_ZN9DisruptorC2ERKN4Napi12CallbackInfoE
FNDA:520257,_ZN9Disruptor17ProduceCommitSyncIN4Napi7BooleanEEET_RKNS1_3EnvEmmb
FNDA:35,_ZN9Disruptor20ProduceClaimManySyncIN4Napi5ArrayE10SyncBufferEET_RKNS1_3EnvEjbRmS8_
FNDA:1015857,_ZN21ConsumeNewAsyncWorkerC2EP9DisruptorRKN4Napi8FunctionE
FNDA:503511,_ZN11AsyncBuffer7ToValueEN4Napi3EnvEP9Disruptor
FNDA:3612,_ZZN9DisruptorC4ERKN4Napi12CallbackInfoEENKUlNS0_3EnvEPhE_clES4_S5_
FNDA:6820,_ZN9Disruptor7ReleaseEv
FNDA:1015857,_ZN9Disruptor14ConsumeNewSyncI10AsyncArrayI11AsyncBufferES2_EET_RKN4Napi3EnvEbRm
FNDA:2538301,_ZN12AsyncBoolean3NewEN4Napi3EnvEb
FNDA:2538301,_ZN12AsyncBooleanC2Eb
FNDA:64,_ZN9Disruptor14GetElementSizeERKN4Napi12CallbackInfoE
FNDA:11,_ZN9Disruptor20ProduceClaimManySyncERKN4Napi12CallbackInfoE
FNDA:810,_ZN9Disruptor18ProduceCommitAsyncERKN4Napi12CallbackInfoE
FNDA:197,_ZN9Disruptor7GetNextERKN4Napi12CallbackInfoE
FNDA:30948,_ZN23ProduceClaimAsyncWorkerC2EP9DisruptorRKN4Napi8FunctionE
FNDA:30948,_ZN20DisruptorAsyncWorkerI11AsyncBuffermmE4OnOKEv
FNDA:521067,_ZN9Disruptor10GetSeqNextERKN4Napi12CallbackInfoERmS4_
FNDA:3607322,_ZN9Disruptor4SpinEv
FNDA:12,_ZN9Disruptor14ConsumeNewSyncERKN4Napi12CallbackInfoE
FNDA:520319,_ZN9Disruptor20GetPendingSeqNextEndERKN4Napi12CallbackInfoE
FNDA:1038073,_ZN10AsyncArrayI11AsyncBufferE6LengthEv
FNDA:3712,_ZN7CloseFDclEPi
FNDA:2538301,_ZN24ProduceCommitAsyncWorker7ExecuteEv
FNDA:2538301,_ZN24ProduceCommitAsyncWorkerC2EP9DisruptorRKN4Napi8FunctionEmm
FNDA:505,_Z10InitializeN4Napi3EnvENS_6ObjectE
FNF:92
FNH:92
DA:52,3607322
DA:54,3607322
DA:160,726698
DA:162,726698
DA:164,726698
DA:165,726698
DA:167,726698
DA:179,1709279
DA:182,5127837
DA:187,1709279
DA:188,3418558
DA:189,3418558
DA:198,527059
DA:200,527059
DA:202,527059
DA:204,527059
DA:207,503511
DA:209,503511
DA:212,30948
DA:214,30948
DA:218,1054118
DA:219,1054118
DA:220,1054118
DA:221,1054118
DA:223,1054118
DA:234,2076146
DA:235,2076146
DA:237,2076146
DA:239,1038073
DA:241,1038073
DA:244,496111
DA:246,496111
DA:248,496111
DA:251,496111
DA:252,496111
DA:254,495901
DA:256,495901
DA:257,495901
DA:258,992012
DA:260,496111
DA:262,495901
DA:265,1038073
DA:267,1038073
DA:277,2538301
DA:278,2538301
DA:280,2538301
DA:282,2538301
DA:284,2538301
DA:287,223397
DA:289,223397
DA:292,2538301
DA:294,2538301
DA:298,2538301
DA:299,2538301
DA:301,2538301
DA:310,510719
DA:312,510719
DA:315,942677
DA:317,942677
DA:324,3607322
DA:327,3607322
DA:328,3607322
DA:329,3607322
DA:331,3607322
DA:336,3607322
DA:338,3607322
DA:340,2880624
DA:343,726698
DA:345,4360188
DA:346,726698
DA:349,726698
DA:350,726698
DA:351,726698
DA:352,1453396
DA:369,3712
DA:371,3712
DA:372,3712
DA:373,3712
DA:376,4
DA:379,4
DA:380,4
DA:387,4
DA:391,4
DA:392,8
DA:395,3716
DA:397,3716
DA:400,3716
DA:401,3716
DA:402,3716
DA:403,3716
DA:404,3716
DA:405,3716
DA:406,3716
DA:411,3716
DA:412,3716
DA:416,3716
DA:418,240
DA:419,240
DA:424,3716
DA:426,4
DA:429,3712
DA:435,3712
DA:436,3712
DA:440,3712
DA:446,3712
DA:449,3712
DA:451,3712
DA:456,3712
DA:457,3712
DA:458,3712
DA:459,3712
DA:460,3712
DA:462,3712
DA:463,3712
DA:465,3712
DA:466,3712
DA:508,3712
DA:509,3712
DA:510,3712
DA:511,3712
DA:513,3712
DA:514,3712
DA:515,3712
DA:518,3712
DA:520,6430
DA:521,6430
DA:522,3712
DA:524,2718
DA:525,2718
DA:527,3712
DA:529,3712
DA:536,3712
DA:540,3612
DA:541,3612
DA:542,3612
DA:543,3612
DA:546,3712
DA:547,3712
DA:548,3712
DA:550,3712
DA:552,3712
DA:553,11136
DA:555,3712
DA:556,3712
DA:557,3712
DA:559,3712
DA:560,11136
DA:562,3712
DA:563,3712
DA:564,3712
DA:565,3732
DA:567,7224
DA:569,3612
DA:570,7224
DA:572,6820
DA:574,6820
DA:575,6820
DA:576,6820
DA:577,6820
DA:579,6820
DA:581,3712
DA:583,3712
DA:588,3712
DA:591,6820
DA:594,3208
DA:596,3208
DA:600,3208
DA:603,2196851
DA:610,2196851
DA:612,1015853
DA:614,2196851
DA:615,2196851
DA:616,2196851
DA:617,2196851
DA:619,2196851
DA:621,1179905
DA:622,1179905
DA:623,1179905
DA:624,1179905
DA:625,1179905
DA:626,495491
DA:628,1016946
DA:630,1093
DA:631,1093
DA:632,1093
DA:634,575
DA:636,1093
DA:637,1093
DA:638,1093
DA:639,386
DA:643,1015853
DA:644,1015853
DA:647,12
DA:650,12
DA:659,1015857
DA:660,1015857
DA:664,1015857
DA:666,1015857
DA:667,1015857
DA:670,1015857
DA:673,1015857
DA:674,1015857
DA:675,1015857
DA:677,519974
DA:679,519974
DA:680,519974
DA:683,495883
DA:685,495883
DA:686,495883
DA:688,1180982
DA:691,1180982
DA:692,1180982
DA:694,1180982
DA:696,685111
DA:699,495871
DA:700,495871
DA:703,1180997
DA:705,1180997
DA:708,1180998
DA:710,1180998
DA:711,1180998
DA:712,1180998
DA:714,3377848
DA:716,3377848
DA:718,3377848
DA:720,1180997
DA:723,1180997
DA:726,3377848
DA:730,551196
DA:735,30157
DA:737,551196
DA:739,551196
DA:741,3101799
DA:743,2574150
DA:745,2574150
DA:747,23547
DA:748,23547
DA:752,1078845
DA:753,527649
DA:755,521039
DA:756,521039
DA:757,521039
DA:758,521039
DA:759,521039
DA:760,521039
DA:765,30157
DA:766,30157
DA:767,30157
DA:768,30157
DA:771,807
DA:774,807
DA:781,30948
DA:782,30948
DA:784,30948
DA:786,30948
DA:787,30948
DA:788,30948
DA:791,30948
DA:794,30948
DA:795,30948
DA:796,30948
DA:797,30948
DA:799,23548
DA:801,23548
DA:802,23548
DA:805,7400
DA:807,7400
DA:808,7400
DA:810,519441
DA:813,519441
DA:814,519441
DA:815,519441
DA:817,512848
DA:820,6593
DA:821,6593
DA:825,54
DA:830,54
DA:831,54
DA:833,54
DA:835,4
DA:836,4
DA:840,50
DA:843,54
DA:844,54
DA:847,22251
DA:853,22217
DA:855,22251
DA:856,22251
DA:858,22251
DA:860,22285
DA:862,22251
DA:864,22251
DA:866,22217
DA:867,22217
DA:871,22285
DA:872,34
DA:874,34
DA:875,34
DA:876,34
DA:877,34
DA:878,34
DA:879,9
DA:883,22217
DA:884,22217
DA:885,22217
DA:886,22217
DA:889,11
DA:892,22
DA:893,33
DA:902,22216
DA:904,22216
DA:909,22216
DA:911,22216
DA:912,22216
DA:913,22216
DA:916,22216
DA:919,44432
DA:920,44432
DA:921,22216
DA:922,22216
DA:924,22198
DA:926,22198
DA:927,22198
DA:933,18
DA:936,18
DA:937,18
DA:939,11
DA:941,11
DA:942,11
DA:944,24
DA:946,24
DA:948,24
DA:949,24
DA:950,24
DA:952,17
DA:955,7
DA:956,7
DA:959,76
DA:961,76
DA:962,76
DA:964,76
DA:966,140
DA:967,116
DA:968,40
DA:970,20
DA:971,40
DA:974,76
DA:978,3058558
DA:983,3058558
DA:985,2537491
DA:987,3058546
DA:989,521055
DA:995,2537503
DA:998,573467
DA:1000,573467
DA:1001,573467
DA:1002,573467
DA:1004,521067
DA:1008,521067
DA:1010,12
DA:1011,12
DA:1012,12
DA:1015,521055
DA:1016,521055
DA:1017,521055
DA:1020,810
DA:1023,810
DA:1024,810
DA:1031,2538301
DA:1034,2538301
DA:1037,2538301
DA:1038,2538301
DA:1040,2538301
DA:1043,2538301
DA:1046,2538301
DA:1047,2538301
DA:1048,2538301
DA:1050,2314904
DA:1052,2314904
DA:1053,2314904
DA:1059,223397
DA:1065,223397
DA:1066,223397
DA:1068,810
DA:1071,810
DA:1072,810
DA:1073,810
DA:1075,519447
DA:1078,519447
DA:1080,519447
DA:1081,519447
DA:1083,296860
DA:1086,222587
DA:1087,222587
DA:1090,12
DA:1092,12
DA:1095,197
DA:1097,197
DA:1100,197
DA:1102,197
DA:1105,1556
DA:1107,1556
DA:1110,197
DA:1112,197
DA:1115,1181066
DA:1117,1181066
DA:1120,72
DA:1122,72
DA:1125,520319
DA:1127,520319
DA:1130,520319
DA:1132,520319
DA:1135,64
DA:1137,64
DA:1140,505
DA:1143,505
DA:1144,505
DA:1145,253
DA:1147,505
DA:1149,505
DA:1151,505
DA:1152,505
DA:1153,505
DA:1154,505
DA:1155,505
DA:1156,505
DA:1157,505
DA:1158,505
DA:1159,505
DA:1160,505
DA:1161,505
DA:1162,505
DA:1163,505
DA:1164,505
DA:1165,505
DA:1168,505
DA:1169,505
DA:1170,505
DA:1171,505
DA:1172,505
DA:1173,505
DA:1174,505
DA:1175,505
DA:1176,505
DA:1177,505
DA:1180,505
DA:1183,505
DA:1185,505
DA:1188,758
LF:449
LH:449
end_of_record
TN:
SF:lib/disruptor.js
FN:4,check
FN:14,Disruptor2
FN:44,_consumeNew
FN:51,consumeNew
FN:61,_produceClaim
FN:69,produceClaim
FN:79,_produceClaimMany
FN:87,produceClaimMany
FN:97,_produceCommit
FN:107,produceCommit
FNDA:1180982,_consumeNew
FNDA:519447,_produceCommit
FNDA:2219894,check
FNDA:24,_produceClaimMany
FNDA:1180982,consumeNew
FNDA:24,produceClaimMany
FNDA:519447,produceCommit
FNDA:519441,_produceClaim
FNDA:3716,Disruptor2
FNDA:519441,produceClaim
FNF:10
FNH:10
BRDA:1,0,0,505
BRDA:4,1,0,2219894
BRDA:7,2,0,1494836
BRDA:14,3,0,3716
BRDA:18,4,0,487451
BRDA:19,5,0,487451
BRDA:24,6,0,467553
BRDA:25,7,0,467553
BRDA:30,8,0,11
BRDA:31,9,0,11
BRDA:36,10,0,467556
BRDA:37,11,0,2
BRDA:40,12,0,467554
BRDA:44,13,0,1180982
BRDA:51,14,0,1180982
BRDA:54,15,0,693531
BRDA:57,16,0,487451
BRDA:61,17,0,519441
BRDA:69,18,0,519441
BRDA:72,19,0,51888
BRDA:75,20,0,467553
BRDA:79,21,0,24
BRDA:87,22,0,24
BRDA:90,23,0,13
BRDA:93,24,0,11
BRDA:97,25,0,519447
BRDA:100,26,0,8
BRDA:103,27,0,519439
BRDA:107,28,0,519447
BRDA:110,29,0,8
BRDA:112,30,0,6
BRDA:115,31,0,2
BRDA:118,32,0,519439
BRDA:120,33,0,51885
BRDA:123,34,0,467554
BRF:35
BRH:35
DA:1,505
DA:2,505
DA:3,505
DA:4,2219894
DA:5,2219894
DA:6,2219894
DA:7,2219894
DA:8,1494836
DA:9,1494836
DA:10,2219894
DA:11,505
DA:12,505
DA:13,505
DA:14,505
DA:15,3716
DA:16,3716
DA:17,3716
DA:18,3716
DA:19,487451
DA:20,487451
DA:21,487451
DA:22,3716
DA:23,3716
DA:24,3716
DA:25,467553
DA:26,467553
DA:27,467553
DA:28,3716
DA:29,3716
DA:30,3716
DA:31,11
DA:32,11
DA:33,11
DA:34,3716
DA:35,3716
DA:36,3716
DA:37,467556
DA:38,2
DA:39,2
DA:40,467554
DA:41,3716
DA:42,3716
DA:43,505
DA:44,505
DA:45,1180982
DA:46,1180982
DA:47,1180982
DA:48,1180982
DA:49,1180982
DA:50,505
DA:51,505
DA:52,1180982
DA:53,1180982
DA:54,1180982
DA:55,693531
DA:56,693531
DA:57,487451
DA:58,487451
DA:59,1180982
DA:60,505
DA:61,505
DA:62,519441
DA:63,519441
DA:64,519441
DA:65,519441
DA:66,519441
DA:67,519441
DA:68,505
DA:69,505
DA:70,519441
DA:71,519441
DA:72,519441
DA:73,51888
DA:74,51888
DA:75,467553
DA:76,467553
DA:77,519441
DA:78,505
DA:79,505
DA:80,24
DA:81,24
DA:82,24
DA:83,24
DA:84,24
DA:85,24
DA:86,505
DA:87,505
DA:88,24
DA:89,24
DA:90,24
DA:91,13
DA:92,13
DA:93,11
DA:94,11
DA:95,24
DA:96,505
DA:97,505
DA:98,519447
DA:99,519447
DA:100,519447
DA:101,8
DA:102,8
DA:103,519439
DA:104,519439
DA:105,519447
DA:106,505
DA:107,505
DA:108,519447
DA:109,519447
DA:110,519447
DA:111,8
DA:112,8
DA:113,6
DA:114,6
DA:115,2
DA:116,2
DA:117,2
DA:118,519439
DA:119,519439
DA:120,519447
DA:121,51885
DA:122,51885
DA:123,467554
DA:124,467554
DA:125,519447
DA:126,505
DA:127,505
DA:128,505
LF:128
LH:128
end_of_record
