TN:
SF:/usr/include/c++/9/bits/basic_string.h
FN:243,_ZNSt7__cxx1112basic_stringIcSt11char_traitsIcESaIcEE16_M_construct_auxIPcEEvT_S7_St12__false_type
FNDA:0,_ZNSt7__cxx1112basic_stringIcSt11char_traitsIcESaIcEE16_M_construct_auxIPcEEvT_S7_St12__false_type
FN:243,_ZNSt7__cxx1112basic_stringIcSt11char_traitsIcESaIcEE16_M_construct_auxIPKcEEvT_S8_St12__false_type
FNDA:0,_ZNSt7__cxx1112basic_stringIcSt11char_traitsIcESaIcEE16_M_construct_auxIPKcEEvT_S8_St12__false_type
FN:263,_ZNSt7__cxx1112basic_stringIcSt11char_traitsIcESaIcEE12_M_constructIPcEEvT_S7_
FNDA:0,_ZNSt7__cxx1112basic_stringIcSt11char_traitsIcESaIcEE12_M_constructIPcEEvT_S7_
FN:263,_ZNSt7__cxx1112basic_stringIcSt11char_traitsIcESaIcEE12_M_constructIPKcEEvT_S8_
FNDA:0,_ZNSt7__cxx1112basic_stringIcSt11char_traitsIcESaIcEE12_M_constructIPKcEEvT_S8_
FN:625,_ZNSt7__cxx1112basic_stringIcSt11char_traitsIcESaIcEEC2IPcvEET_S7_RKS3_
FNDA:0,_ZNSt7__cxx1112basic_stringIcSt11char_traitsIcESaIcEEC2IPcvEET_S7_RKS3_
FN:6097,_ZStplIcSt11char_traitsIcESaIcEENSt7__cxx1112basic_stringIT_T0_T1_EEOS8_S9_
FNDA:4,_ZStplIcSt11char_traitsIcESaIcEENSt7__cxx1112basic_stringIT_T0_T1_EEOS8_S9_
FN:6121,_ZStplIcSt11char_traitsIcESaIcEENSt7__cxx1112basic_stringIT_T0_T1_EEOS8_PKS5_
FNDA:4,_ZStplIcSt11char_traitsIcESaIcEENSt7__cxx1112basic_stringIT_T0_T1_EEOS8_PKS5_
FN:6546,_ZNSt7__cxx119to_stringEi
FNDA:0,_ZNSt7__cxx119to_stringEi
DA:243,0
DA:247,0
DA:248,0
DA:243,0
DA:247,0
DA:248,0
DA:263,0
DA:266,0
DA:267,0
DA:263,0
DA:266,0
DA:267,0
DA:625,0
DA:627,0
DA:628,0
DA:6097,4
DA:6100,4
DA:6101,4
DA:6102,4
DA:6103,0
DA:6104,4
DA:6121,4
DA:6123,4
DA:6546,0
DA:6548,0
end_of_record
SF:/usr/include/c++/9/bits/hashtable_policy.h
FN:84,_ZNKSt8__detail9_IdentityclIRKPhEEOT_S6_
FNDA:11336,_ZNKSt8__detail9_IdentityclIRKPhEEOT_S6_
FN:84,_ZNKSt8__detail9_IdentityclIRPhEEOT_S5_
FNDA:17098,_ZNKSt8__detail9_IdentityclIRPhEEOT_S5_
FN:218,_ZNSt8__detail15_Hash_node_baseC2Ev
FNDA:3965,_ZNSt8__detail15_Hash_node_baseC2Ev
FN:236,_ZNSt8__detail21_Hash_node_value_baseIPhE9_M_valptrEv
FNDA:24422,_ZNSt8__detail21_Hash_node_value_baseIPhE9_M_valptrEv
FN:240,_ZNKSt8__detail21_Hash_node_value_baseIPhE9_M_valptrEv
FNDA:11336,_ZNKSt8__detail21_Hash_node_value_baseIPhE9_M_valptrEv
FN:244,_ZNSt8__detail21_Hash_node_value_baseIPhE4_M_vEv
FNDA:17098,_ZNSt8__detail21_Hash_node_value_baseIPhE4_M_vEv
FN:248,_ZNKSt8__detail21_Hash_node_value_baseIPhE4_M_vEv
FNDA:11336,_ZNKSt8__detail21_Hash_node_value_baseIPhE4_M_vEv
FN:282,_ZNKSt8__detail10_Hash_nodeIPhLb0EE7_M_nextEv
FNDA:18602,_ZNKSt8__detail10_Hash_nodeIPhLb0EE7_M_nextEv
FN:294,_ZNSt8__detail19_Node_iterator_baseIPhLb0EEC2EPNS_10_Hash_nodeIS1_Lb0EEE
FNDA:20076,_ZNSt8__detail19_Node_iterator_baseIPhLb0EEC2EPNS_10_Hash_nodeIS1_Lb0EEE
FN:304,_ZNSt8__detaileqIPhLb0EEEbRKNS_19_Node_iterator_baseIT_XT0_EEES6_
FNDA:6376,_ZNSt8__detaileqIPhLb0EEEbRKNS_19_Node_iterator_baseIT_XT0_EEES6_
FN:340,_ZNSt8__detail14_Node_iteratorIPhLb1ELb0EEC2EPNS_10_Hash_nodeIS1_Lb0EEE
FNDA:20076,_ZNSt8__detail14_Node_iteratorIPhLb1ELb0EEC2EPNS_10_Hash_nodeIS1_Lb0EEE
FN:431,_ZNKSt8__detail18_Mod_range_hashingclEmm
FNDA:25293,_ZNKSt8__detail18_Mod_range_hashingclEmm
FN:449,_ZNSt8__detail20_Prime_rehash_policyC2Ef
FNDA:253,_ZNSt8__detail20_Prime_rehash_policyC2Ef
FN:476,_ZNKSt8__detail20_Prime_rehash_policy8_M_stateEv
FNDA:3712,_ZNKSt8__detail20_Prime_rehash_policy8_M_stateEv
FN:484,_ZNSt8__detail20_Prime_rehash_policy8_M_resetEm
FNDA:0,_ZNSt8__detail20_Prime_rehash_policy8_M_resetEm
FN:1096,_ZNSt8__detail21_Hashtable_ebo_helperILi0ESaINS_10_Hash_nodeIPhLb0EEEELb1EEC2Ev
FNDA:253,_ZNSt8__detail21_Hashtable_ebo_helperILi0ESaINS_10_Hash_nodeIPhLb0EEEELb1EEC2Ev
FN:1104,_ZNSt8__detail21_Hashtable_ebo_helperILi0ENS_9_IdentityELb1EE7_S_cgetERKS2_
FNDA:24465,_ZNSt8__detail21_Hashtable_ebo_helperILi0ENS_9_IdentityELb1EE7_S_cgetERKS2_
FN:1104,_ZNSt8__detail21_Hashtable_ebo_helperILi1ESt4hashIPhELb1EE7_S_cgetERKS4_
FNDA:25036,_ZNSt8__detail21_Hashtable_ebo_helperILi1ESt4hashIPhELb1EE7_S_cgetERKS4_
FN:1104,_ZNSt8__detail21_Hashtable_ebo_helperILi2ENS_18_Mod_range_hashingELb1EE7_S_cgetERKS2_
FNDA:25293,_ZNSt8__detail21_Hashtable_ebo_helperILi2ENS_18_Mod_range_hashingELb1EE7_S_cgetERKS2_
FN:1104,_ZNSt8__detail21_Hashtable_ebo_helperILi0ESt8equal_toIPhELb1EE7_S_cgetERKS4_
FNDA:13129,_ZNSt8__detail21_Hashtable_ebo_helperILi0ESt8equal_toIPhELb1EE7_S_cgetERKS4_
FN:1108,_ZNSt8__detail21_Hashtable_ebo_helperILi0ESaINS_10_Hash_nodeIPhLb0EEEELb1EE6_S_getERS5_
FNDA:14909,_ZNSt8__detail21_Hashtable_ebo_helperILi0ESaINS_10_Hash_nodeIPhLb0EEEELb1EE6_S_getERS5_
FN:1108,_ZNSt8__detail21_Hashtable_ebo_helperILi0ENS_9_IdentityELb1EE6_S_getERS2_
FNDA:3969,_ZNSt8__detail21_Hashtable_ebo_helperILi0ENS_9_IdentityELb1EE6_S_getERS2_
FN:1288,_ZNKSt8__detail15_Hash_code_baseIPhS1_NS_9_IdentityESt4hashIS1_ENS_18_Mod_range_hashingENS_20_Default_ranged_hashELb0EE12_M_hash_codeERKS1_
FNDA:13700,_ZNKSt8__detail15_Hash_code_baseIPhS1_NS_9_IdentityESt4hashIS1_ENS_18_Mod_range_hashingENS_20_Default_ranged_hashELb0EE12_M_hash_codeERKS1_
FN:1296,_ZNKSt8__detail15_Hash_code_baseIPhS1_NS_9_IdentityESt4hashIS1_ENS_18_Mod_range_hashingENS_20_Default_ranged_hashELb0EE15_M_bucket_indexERKS1_mm
FNDA:13957,_ZNKSt8__detail15_Hash_code_baseIPhS1_NS_9_IdentityESt4hashIS1_ENS_18_Mod_range_hashingENS_20_Default_ranged_hashELb0EE15_M_bucket_indexERKS1_mm
FN:1300,_ZNKSt8__detail15_Hash_code_baseIPhS1_NS_9_IdentityESt4hashIS1_ENS_18_Mod_range_hashingENS_20_Default_ranged_hashELb0EE15_M_bucket_indexEPKNS_10_Hash_nodeIS1_Lb0EEEm
FNDA:11336,_ZNKSt8__detail15_Hash_code_baseIPhS1_NS_9_IdentityESt4hashIS1_ENS_18_Mod_range_hashingENS_20_Default_ranged_hashELb0EE15_M_bucket_indexEPKNS_10_Hash_nodeIS1_Lb0EEEm
FN:1307,_ZNKSt8__detail15_Hash_code_baseIPhS1_NS_9_IdentityESt4hashIS1_ENS_18_Mod_range_hashingENS_20_Default_ranged_hashELb0EE13_M_store_codeEPNS_10_Hash_nodeIS1_Lb0EEEm
FNDA:3712,_ZNKSt8__detail15_Hash_code_baseIPhS1_NS_9_IdentityESt4hashIS1_ENS_18_Mod_range_hashingENS_20_Default_ranged_hashELb0EE13_M_store_codeEPNS_10_Hash_nodeIS1_Lb0EEEm
FN:1323,_ZNKSt8__detail15_Hash_code_baseIPhS1_NS_9_IdentityESt4hashIS1_ENS_18_Mod_range_hashingENS_20_Default_ranged_hashELb0EE10_M_extractEv
FNDA:24465,_ZNKSt8__detail15_Hash_code_baseIPhS1_NS_9_IdentityESt4hashIS1_ENS_18_Mod_range_hashingENS_20_Default_ranged_hashELb0EE10_M_extractEv
FN:1326,_ZNSt8__detail15_Hash_code_baseIPhS1_NS_9_IdentityESt4hashIS1_ENS_18_Mod_range_hashingENS_20_Default_ranged_hashELb0EE10_M_extractEv
FNDA:3969,_ZNSt8__detail15_Hash_code_baseIPhS1_NS_9_IdentityESt4hashIS1_ENS_18_Mod_range_hashingENS_20_Default_ranged_hashELb0EE10_M_extractEv
FN:1329,_ZNKSt8__detail15_Hash_code_baseIPhS1_NS_9_IdentityESt4hashIS1_ENS_18_Mod_range_hashingENS_20_Default_ranged_hashELb0EE5_M_h1Ev
FNDA:25036,_ZNKSt8__detail15_Hash_code_baseIPhS1_NS_9_IdentityESt4hashIS1_ENS_18_Mod_range_hashingENS_20_Default_ranged_hashELb0EE5_M_h1Ev
FN:1335,_ZNKSt8__detail15_Hash_code_baseIPhS1_NS_9_IdentityESt4hashIS1_ENS_18_Mod_range_hashingENS_20_Default_ranged_hashELb0EE5_M_h2Ev
FNDA:25293,_ZNKSt8__detail15_Hash_code_baseIPhS1_NS_9_IdentityESt4hashIS1_ENS_18_Mod_range_hashingENS_20_Default_ranged_hashELb0EE5_M_h2Ev
FN:1459,_ZNSt8__detail13_Equal_helperIPhS1_NS_9_IdentityESt8equal_toIS1_EmLb0EE9_S_equalsERKS4_RKS2_RKS1_mPNS_10_Hash_nodeIS1_Lb0EEE
FNDA:13129,_ZNSt8__detail13_Equal_helperIPhS1_NS_9_IdentityESt8equal_toIS1_EmLb0EE9_S_equalsERKS4_RKS2_RKS1_mPNS_10_Hash_nodeIS1_Lb0EEE
FN:1829,_ZNKSt8__detail15_Hashtable_baseIPhS1_NS_9_IdentityESt8equal_toIS1_ESt4hashIS1_ENS_18_Mod_range_hashingENS_20_Default_ranged_hashENS_17_Hashtable_traitsILb0ELb1ELb1EEEE9_M_equalsERKS1_mPNS_10_Hash_nodeIS1_Lb0EEE
FNDA:13129,_ZNKSt8__detail15_Hashtable_baseIPhS1_NS_9_IdentityESt8equal_toIS1_ESt4hashIS1_ENS_18_Mod_range_hashingENS_20_Default_ranged_hashENS_17_Hashtable_traitsILb0ELb1ELb1EEEE9_M_equalsERKS1_mPNS_10_Hash_nodeIS1_Lb0EEE
FN:1846,_ZNKSt8__detail15_Hashtable_baseIPhS1_NS_9_IdentityESt8equal_toIS1_ESt4hashIS1_ENS_18_Mod_range_hashingENS_20_Default_ranged_hashENS_17_Hashtable_traitsILb0ELb1ELb1EEEE5_M_eqEv
FNDA:13129,_ZNKSt8__detail15_Hashtable_baseIPhS1_NS_9_IdentityESt8equal_toIS1_ESt4hashIS1_ENS_18_Mod_range_hashingENS_20_Default_ranged_hashENS_17_Hashtable_traitsILb0ELb1ELb1EEEE5_M_eqEv
FN:2036,_ZNSt8__detail16_Hashtable_allocISaINS_10_Hash_nodeIPhLb0EEEEEC2Ev
FNDA:253,_ZNSt8__detail16_Hashtable_allocISaINS_10_Hash_nodeIPhLb0EEEEEC2Ev
FN:2046,_ZNSt8__detail16_Hashtable_allocISaINS_10_Hash_nodeIPhLb0EEEEE17_M_node_allocatorEv
FNDA:14909,_ZNSt8__detail16_Hashtable_allocISaINS_10_Hash_nodeIPhLb0EEEEE17_M_node_allocatorEv
FN:2079,_ZNSt8__detail16_Hashtable_allocISaINS_10_Hash_nodeIPhLb0EEEEE16_M_allocate_nodeIJRS2_EEEPS3_DpOT_
FNDA:3712,_ZNSt8__detail16_Hashtable_allocISaINS_10_Hash_nodeIPhLb0EEEEE16_M_allocate_nodeIJRS2_EEEPS3_DpOT_
FN:2100,_ZNSt8__detail16_Hashtable_allocISaINS_10_Hash_nodeIPhLb0EEEEE18_M_deallocate_nodeEPS3_
FNDA:3612,_ZNSt8__detail16_Hashtable_allocISaINS_10_Hash_nodeIPhLb0EEEEE18_M_deallocate_nodeEPS3_
FN:2108,_ZNSt8__detail16_Hashtable_allocISaINS_10_Hash_nodeIPhLb0EEEEE22_M_deallocate_node_ptrEPS3_
FNDA:3612,_ZNSt8__detail16_Hashtable_allocISaINS_10_Hash_nodeIPhLb0EEEEE22_M_deallocate_node_ptrEPS3_
FN:2130,_ZNSt8__detail16_Hashtable_allocISaINS_10_Hash_nodeIPhLb0EEEEE19_M_allocate_bucketsEm
FNDA:257,_ZNSt8__detail16_Hashtable_allocISaINS_10_Hash_nodeIPhLb0EEEEE19_M_allocate_bucketsEm
FN:2142,_ZNSt8__detail16_Hashtable_allocISaINS_10_Hash_nodeIPhLb0EEEEE21_M_deallocate_bucketsEPPNS_15_Hash_node_baseEm
FNDA:4,_ZNSt8__detail16_Hashtable_allocISaINS_10_Hash_nodeIPhLb0EEEEE21_M_deallocate_bucketsEPPNS_15_Hash_node_baseEm
DA:84,11336
DA:85,11336
DA:84,17098
DA:85,17098
DA:218,3965
DA:236,24422
DA:237,24422
DA:240,11336
DA:241,11336
DA:244,17098
DA:245,17098
DA:248,11336
DA:249,11336
DA:282,18602
DA:283,18602
DA:294,20076
DA:295,20076
DA:304,6376
DA:307,6376
DA:340,20076
DA:341,20076
DA:431,25293
DA:433,25293
DA:449,253
DA:450,253
DA:476,3712
DA:477,3712
DA:484,0
DA:485,0
DA:1096,253
DA:1104,24465
DA:1105,24465
DA:1104,13129
DA:1105,13129
DA:1104,25293
DA:1105,25293
DA:1104,25036
DA:1105,25036
DA:1108,14909
DA:1109,14909
DA:1108,3969
DA:1109,3969
DA:1288,13700
DA:1292,13700
DA:1296,13957
DA:1297,13957
DA:1300,11336
DA:1304,11336
DA:1307,3712
DA:1308,3712
DA:1323,24465
DA:1326,3969
DA:1329,25036
DA:1335,25293
DA:1459,13129
DA:1461,13129
DA:1829,13129
DA:1834,13129
DA:1835,13129
DA:1846,13129
DA:2036,253
DA:2046,14909
DA:2047,14909
DA:2079,3712
DA:2081,3712
DA:2082,3712
DA:2085,3712
DA:2086,3712
DA:2089,3712
DA:2091,0
DA:2093,0
DA:2094,0
DA:2100,3612
DA:2102,3612
DA:2103,3612
DA:2104,3612
DA:2108,3612
DA:2111,3612
DA:2112,3612
DA:2113,3612
DA:2114,3612
DA:2130,257
DA:2132,257
DA:2134,257
DA:2135,257
DA:2136,257
DA:2137,514
DA:2142,4
DA:2146,4
DA:2147,8
DA:2148,4
DA:2149,4
end_of_record
SF:/usr/include/c++/9/initializer_list
FN:71,_ZNKSt16initializer_listIN4Napi23ClassPropertyDescriptorI9DisruptorEEE4sizeEv
FNDA:505,_ZNKSt16initializer_listIN4Napi23ClassPropertyDescriptorI9DisruptorEEE4sizeEv
FN:71,_ZNKSt16initializer_listIP12napi_value__E4sizeEv
FNDA:1303910,_ZNKSt16initializer_listIP12napi_value__E4sizeEv
FN:75,_ZNKSt16initializer_listIN4Napi23ClassPropertyDescriptorI9DisruptorEEE5beginEv
FNDA:505,_ZNKSt16initializer_listIN4Napi23ClassPropertyDescriptorI9DisruptorEEE5beginEv
FN:75,_ZNKSt16initializer_listIP12napi_value__E5beginEv
FNDA:1303910,_ZNKSt16initializer_listIP12napi_value__E5beginEv
DA:71,505
DA:71,1303910
DA:75,505
DA:75,1303910
end_of_record
SF:/usr/include/c++/9/bits/unordered_set.h
FN:135,_ZNSt13unordered_setIPhSt4hashIS0_ESt8equal_toIS0_ESaIS0_EEC2Ev
FNDA:253,_ZNSt13unordered_setIPhSt4hashIS0_ESt8equal_toIS0_ESaIS0_EEC2Ev
FN:333,_ZNSt13unordered_setIPhSt4hashIS0_ESt8equal_toIS0_ESaIS0_EE3endEv
FNDA:6376,_ZNSt13unordered_setIPhSt4hashIS0_ESt8equal_toIS0_ESaIS0_EE3endEv
FN:376,_ZNSt13unordered_setIPhSt4hashIS0_ESt8equal_toIS0_ESaIS0_EE7emplaceIJRS0_EEESt4pairINSt8__detail14_Node_iteratorIS0_Lb1ELb0EEEbEDpOT_
FNDA:3712,_ZNSt13unordered_setIPhSt4hashIS0_ESt8equal_toIS0_ESaIS0_EE7emplaceIJRS0_EEESt4pairINSt8__detail14_Node_iteratorIS0_Lb1ELb0EEEbEDpOT_
FN:544,_ZNSt13unordered_setIPhSt4hashIS0_ESt8equal_toIS0_ESaIS0_EE5eraseERKS0_
FNDA:3612,_ZNSt13unordered_setIPhSt4hashIS0_ESt8equal_toIS0_ESaIS0_EE5eraseERKS0_
FN:649,_ZNSt13unordered_setIPhSt4hashIS0_ESt8equal_toIS0_ESaIS0_EE4findERKS0_
FNDA:6376,_ZNSt13unordered_setIPhSt4hashIS0_ESt8equal_toIS0_ESaIS0_EE4findERKS0_
DA:135,253
DA:333,6376
DA:334,6376
DA:376,3712
DA:377,3712
DA:544,3612
DA:545,3612
DA:649,6376
DA:650,6376
end_of_record
SF:/usr/include/c++/9/ext/type_traits.h
FN:152,_ZN9__gnu_cxx17__is_null_pointerIcEEbPT_
FNDA:0,_ZN9__gnu_cxx17__is_null_pointerIcEEbPT_
FN:152,_ZN9__gnu_cxx17__is_null_pointerIKcEEbPT_
FNDA:0,_ZN9__gnu_cxx17__is_null_pointerIKcEEbPT_
DA:152,0
DA:153,0
DA:152,0
DA:153,0
end_of_record
SF:/usr/include/c++/9/bits/char_traits.h
FN:329,_ZNSt11char_traitsIcE6lengthEPKc
FNDA:0,_ZNSt11char_traitsIcE6lengthEPKc
FN:361,_ZNSt11char_traitsIcE4copyEPcPKcm
FNDA:0,_ZNSt11char_traitsIcE4copyEPcPKcm
DA:329,0
DA:335,0
DA:361,0
DA:363,0
DA:364,0
DA:365,0
end_of_record
SF:/usr/include/c++/9/bits/move.h
FN:47,_ZSt11__addressofI11AsyncBufferEPT_RS1_
FNDA:158299,_ZSt11__addressofI11AsyncBufferEPT_RS1_
FN:47,_ZSt11__addressofINSt8__detail10_Hash_nodeIPhLb0EEEEPT_RS4_
FNDA:3612,_ZSt11__addressofINSt8__detail10_Hash_nodeIPhLb0EEEEPT_RS4_
FN:47,_ZSt11__addressofIPNSt8__detail15_Hash_node_baseEEPT_RS3_
FNDA:4,_ZSt11__addressofIPNSt8__detail15_Hash_node_baseEEPT_RS3_
FN:74,_ZSt7forwardIRKPhEOT_RNSt16remove_referenceIS3_E4typeE
FNDA:11336,_ZSt7forwardIRKPhEOT_RNSt16remove_referenceIS3_E4typeE
FN:74,_ZSt7forwardI11AsyncBufferEOT_RNSt16remove_referenceIS1_E4typeE
FNDA:442,_ZSt7forwardI11AsyncBufferEOT_RNSt16remove_referenceIS1_E4typeE
FN:74,_ZSt7forwardIRPSt6vectorI11AsyncBufferSaIS1_EEEOT_RNSt16remove_referenceIS6_E4typeE
FNDA:472245,_ZSt7forwardIRPSt6vectorI11AsyncBufferSaIS1_EEEOT_RNSt16remove_referenceIS6_E4typeE
FN:74,_ZSt7forwardINSt8__detail14_Node_iteratorIPhLb1ELb0EEEEOT_RNSt16remove_referenceIS4_E4typeE
FNDA:7424,_ZSt7forwardINSt8__detail14_Node_iteratorIPhLb1ELb0EEEEOT_RNSt16remove_referenceIS4_E4typeE
FN:74,_ZSt7forwardISt14default_deleteISt6vectorI11AsyncBufferSaIS2_EEEEOT_RNSt16remove_referenceIS6_E4typeE
FNDA:1886470,_ZSt7forwardISt14default_deleteISt6vectorI11AsyncBufferSaIS2_EEEEOT_RNSt16remove_referenceIS6_E4typeE
FN:74,_ZSt7forwardIRPhEOT_RNSt16remove_referenceIS2_E4typeE
FNDA:39370,_ZSt7forwardIRPhEOT_RNSt16remove_referenceIS2_E4typeE
FN:74,_ZSt7forwardIbEOT_RNSt16remove_referenceIS0_E4typeE
FNDA:7424,_ZSt7forwardIbEOT_RNSt16remove_referenceIS0_E4typeE
FN:99,_ZSt4moveIRN4Napi9ReferenceINS0_6ObjectEEEEONSt16remove_referenceIT_E4typeEOS6_
FNDA:3664930,_ZSt4moveIRN4Napi9ReferenceINS0_6ObjectEEEEONSt16remove_referenceIT_E4typeEOS6_
FN:99,_ZSt4moveIRN4Napi9ReferenceINS0_8FunctionEEEEONSt16remove_referenceIT_E4typeEOS6_
FNDA:1836180,_ZSt4moveIRN4Napi9ReferenceINS0_8FunctionEEEEONSt16remove_referenceIT_E4typeEOS6_
FN:99,_ZSt4moveIRN4Napi17FunctionReferenceEEONSt16remove_referenceIT_E4typeEOS4_
FNDA:3712,_ZSt4moveIRN4Napi17FunctionReferenceEEONSt16remove_referenceIT_E4typeEOS4_
FN:99,_ZSt4moveIRNSt7__cxx1112basic_stringIcSt11char_traitsIcESaIcEEEEONSt16remove_referenceIT_E4typeEOS8_
FNDA:8,_ZSt4moveIRNSt7__cxx1112basic_stringIcSt11char_traitsIcESaIcEEEEONSt16remove_referenceIT_E4typeEOS8_
FN:99,_ZSt4moveIRSaIcEEONSt16remove_referenceIT_E4typeEOS3_
FNDA:0,_ZSt4moveIRSaIcEEONSt16remove_referenceIT_E4typeEOS3_
FN:99,_ZSt4moveIRPiEONSt16remove_referenceIT_E4typeEOS3_
FNDA:3712,_ZSt4moveIRPiEONSt16remove_referenceIT_E4typeEOS3_
FN:99,_ZSt4moveIRPSt6vectorI11AsyncBufferSaIS1_EEEONSt16remove_referenceIT_E4typeEOS7_
FNDA:4709920,_ZSt4moveIRPSt6vectorI11AsyncBufferSaIS1_EEEONSt16remove_referenceIT_E4typeEOS7_
FN:99,_ZSt4moveIR11AsyncBufferEONSt16remove_referenceIT_E4typeEOS3_
FNDA:157857,_ZSt4moveIR11AsyncBufferEONSt16remove_referenceIT_E4typeEOS3_
FN:138,_ZSt9addressofIPNSt8__detail15_Hash_node_baseEEPT_RS3_
FNDA:4,_ZSt9addressofIPNSt8__detail15_Hash_node_baseEEPT_RS3_
FN:138,_ZSt9addressofINSt8__detail10_Hash_nodeIPhLb0EEEEPT_RS4_
FNDA:3612,_ZSt9addressofINSt8__detail10_Hash_nodeIPhLb0EEEEPT_RS4_
FN:182,_ZSt4swapIPSt6vectorI11AsyncBufferSaIS1_EEENSt9enable_ifIXsrSt6__and_IJSt6__not_ISt15__is_tuple_likeIT_EESt21is_move_constructibleIS9_ESt18is_move_assignableIS9_EEE5valueEvE4typeERS9_SJ_
FNDA:941984,_ZSt4swapIPSt6vectorI11AsyncBufferSaIS1_EEENSt9enable_ifIXsrSt6__and_IJSt6__not_ISt15__is_tuple_likeIT_EESt21is_move_constructibleIS9_ESt18is_move_assignableIS9_EEE5valueEvE4typeERS9_SJ_
DA:47,158299
DA:48,158299
DA:47,3612
DA:48,3612
DA:47,4
DA:48,4
DA:74,442
DA:75,442
DA:74,11336
DA:75,11336
DA:74,472245
DA:75,472245
DA:74,7424
DA:75,7424
DA:74,1886470
DA:75,1886470
DA:74,39370
DA:75,39370
DA:74,7424
DA:75,7424
DA:99,157857
DA:100,157857
DA:99,4709920
DA:100,4709920
DA:99,3712
DA:100,3712
DA:99,0
DA:100,0
DA:99,8
DA:100,8
DA:99,3712
DA:100,3712
DA:99,1836180
DA:100,1836180
DA:99,3664930
DA:100,3664930
DA:138,3612
DA:139,3612
DA:138,4
DA:139,4
DA:182,941984
DA:193,941984
DA:194,941984
DA:195,941984
DA:196,941984
end_of_record
SF:/usr/include/c++/9/bits/basic_string.tcc
FN:206,_ZNSt7__cxx1112basic_stringIcSt11char_traitsIcESaIcEE12_M_constructIPcEEvT_S7_St20forward_iterator_tag
FNDA:0,_ZNSt7__cxx1112basic_stringIcSt11char_traitsIcESaIcEE12_M_constructIPcEEvT_S7_St20forward_iterator_tag
FN:206,_ZNSt7__cxx1112basic_stringIcSt11char_traitsIcESaIcEE12_M_constructIPKcEEvT_S8_St20forward_iterator_tag
FNDA:0,_ZNSt7__cxx1112basic_stringIcSt11char_traitsIcESaIcEE12_M_constructIPKcEEvT_S8_St20forward_iterator_tag
DA:206,0
DA:211,0
DA:212,0
DA:215,0
DA:217,0
DA:219,0
DA:220,0
DA:225,0
DA:226,0
DA:228,0
DA:229,0
DA:232,0
DA:233,0
DA:206,0
DA:211,0
DA:212,0
DA:215,0
DA:217,0
DA:219,0
DA:220,0
DA:225,0
DA:226,0
DA:228,0
DA:229,0
DA:232,0
DA:233,0
end_of_record
SF:/usr/include/c++/9/bits/allocator.h
FN:138,_ZNSaI11AsyncBufferEC2Ev
FNDA:1883970,_ZNSaI11AsyncBufferEC2Ev
FN:138,_ZNSaI24napi_property_descriptorEC2Ev
FNDA:505,_ZNSaI24napi_property_descriptorEC2Ev
FN:138,_ZNSaIP12napi_value__EC2Ev
FNDA:0,_ZNSaIP12napi_value__EC2Ev
FN:138,_ZNSaINSt8__detail10_Hash_nodeIPhLb0EEEEC2Ev
FNDA:253,_ZNSaINSt8__detail10_Hash_nodeIPhLb0EEEEC2Ev
FN:141,_ZNSaI24napi_property_descriptorEC2ERKS0_
FNDA:1010,_ZNSaI24napi_property_descriptorEC2ERKS0_
FN:151,_ZNSaIPNSt8__detail15_Hash_node_baseEEC2INS_10_Hash_nodeIPhLb0EEEEERKSaIT_E
FNDA:261,_ZNSaIPNSt8__detail15_Hash_node_baseEEC2INS_10_Hash_nodeIPhLb0EEEEERKSaIT_E
FN:153,_ZNSaIPNSt8__detail15_Hash_node_baseEED2Ev
FNDA:261,_ZNSaIPNSt8__detail15_Hash_node_baseEED2Ev
FN:153,_ZNSaI11AsyncBufferED2Ev
FNDA:1883970,_ZNSaI11AsyncBufferED2Ev
FN:153,_ZNSaI24napi_property_descriptorED2Ev
FNDA:1515,_ZNSaI24napi_property_descriptorED2Ev
FN:153,_ZNSaIP12napi_value__ED2Ev
FNDA:0,_ZNSaIP12napi_value__ED2Ev
DA:138,1883970
DA:138,505
DA:138,0
DA:138,253
DA:141,1010
DA:142,1010
DA:151,261
DA:153,261
DA:153,1883970
DA:153,1515
DA:153,0
end_of_record
SF:/usr/include/c++/9/bits/stl_function.h
FN:355,_ZNKSt8equal_toIPhEclERKS0_S3_
FNDA:13129,_ZNKSt8equal_toIPhEclERKS0_S3_
DA:355,13129
DA:356,13129
end_of_record
SF:/usr/include/c++/9/bits/vector.tcc
FN:611,_ZNSt6vectorI11AsyncBufferSaIS0_EE17_M_default_appendEm
FNDA:157636,_ZNSt6vectorI11AsyncBufferSaIS0_EE17_M_default_appendEm
DA:611,157636
DA:614,157636
DA:616,157636
DA:617,157636
DA:618,157636
DA:620,157636
DA:621,0
DA:623,157636
DA:626,0
DA:627,0
DA:628,0
DA:633,157636
DA:635,157636
DA:636,157636
DA:640,157636
DA:641,157636
DA:643,0
DA:645,0
DA:646,0
DA:648,157636
DA:649,157636
DA:653,0
DA:656,0
DA:657,0
DA:658,0
DA:659,0
DA:661,0
DA:663,0
DA:665,0
DA:666,0
DA:667,0
DA:668,0
DA:669,0
DA:671,0
DA:672,0
DA:675,157636
DA:676,157636
DA:677,157636
DA:678,157636
DA:679,157636
DA:680,157636
DA:683,157636
end_of_record
SF:/home/david/shared-memory-disruptor/node_modules/node-addon-api/napi.h
FN:1641,_ZN4Napi23ClassPropertyDescriptorI9DisruptorEC2E24napi_property_descriptor
FNDA:12625,_ZN4Napi23ClassPropertyDescriptorI9DisruptorEC2E24napi_property_descriptor
FN:1889,_ZN4Napi10ObjectWrapI9DisruptorE10WrapGetterIXadL_ZNS1_19GetPendingSeqCursorERKNS_12CallbackInfoEEEEEPFP12napi_value__P10napi_env__P20napi_callback_info__ENS2_9GetterTagIXT_EEE
FNDA:505,_ZN4Napi10ObjectWrapI9DisruptorE10WrapGetterIXadL_ZNS1_19GetPendingSeqCursorERKNS_12CallbackInfoEEEEEPFP12napi_value__P10napi_env__P20napi_callback_info__ENS2_9GetterTagIXT_EEE
FN:1889,_ZN4Napi10ObjectWrapI9DisruptorE10WrapGetterIXadL_ZNS1_11GetConsumerERKNS_12CallbackInfoEEEEEPFP12napi_value__P10napi_env__P20napi_callback_info__ENS2_9GetterTagIXT_EEE
FNDA:505,_ZN4Napi10ObjectWrapI9DisruptorE10WrapGetterIXadL_ZNS1_11GetConsumerERKNS_12CallbackInfoEEEEEPFP12napi_value__P10napi_env__P20napi_callback_info__ENS2_9GetterTagIXT_EEE
FN:1889,_ZN4Napi10ObjectWrapI9DisruptorE10WrapGetterIXadL_ZNS1_11GetElementsERKNS_12CallbackInfoEEEEEPFP12napi_value__P10napi_env__P20napi_callback_info__ENS2_9GetterTagIXT_EEE
FNDA:505,_ZN4Napi10ObjectWrapI9DisruptorE10WrapGetterIXadL_ZNS1_11GetElementsERKNS_12CallbackInfoEEEEEPFP12napi_value__P10napi_env__P20napi_callback_info__ENS2_9GetterTagIXT_EEE
FN:1889,_ZN4Napi10ObjectWrapI9DisruptorE10WrapGetterIXadL_ZNS1_7GetNextERKNS_12CallbackInfoEEEEEPFP12napi_value__P10napi_env__P20napi_callback_info__ENS2_9GetterTagIXT_EEE
FNDA:505,_ZN4Napi10ObjectWrapI9DisruptorE10WrapGetterIXadL_ZNS1_7GetNextERKNS_12CallbackInfoEEEEEPFP12napi_value__P10napi_env__P20napi_callback_info__ENS2_9GetterTagIXT_EEE
FN:1889,_ZN4Napi10ObjectWrapI9DisruptorE10WrapGetterIXadL_ZNS1_9GetCursorERKNS_12CallbackInfoEEEEEPFP12napi_value__P10napi_env__P20napi_callback_info__ENS2_9GetterTagIXT_EEE
FNDA:505,_ZN4Napi10ObjectWrapI9DisruptorE10WrapGetterIXadL_ZNS1_9GetCursorERKNS_12CallbackInfoEEEEEPFP12napi_value__P10napi_env__P20napi_callback_info__ENS2_9GetterTagIXT_EEE
FN:1889,_ZN4Napi10ObjectWrapI9DisruptorE10WrapGetterIXadL_ZNS1_12GetConsumersERKNS_12CallbackInfoEEEEEPFP12napi_value__P10napi_env__P20napi_callback_info__ENS2_9GetterTagIXT_EEE
FNDA:505,_ZN4Napi10ObjectWrapI9DisruptorE10WrapGetterIXadL_ZNS1_12GetConsumersERKNS_12CallbackInfoEEEEEPFP12napi_value__P10napi_env__P20napi_callback_info__ENS2_9GetterTagIXT_EEE
FN:1889,_ZN4Napi10ObjectWrapI9DisruptorE10WrapGetterIXadL_ZNS1_14GetElementSizeERKNS_12CallbackInfoEEEEEPFP12napi_value__P10napi_env__P20napi_callback_info__ENS2_9GetterTagIXT_EEE
FNDA:505,_ZN4Napi10ObjectWrapI9DisruptorE10WrapGetterIXadL_ZNS1_14GetElementSizeERKNS_12CallbackInfoEEEEEPFP12napi_value__P10napi_env__P20napi_callback_info__ENS2_9GetterTagIXT_EEE
FN:1889,_ZN4Napi10ObjectWrapI9DisruptorE10WrapGetterIXadL_ZNS1_20GetPendingSeqNextEndERKNS_12CallbackInfoEEEEEPFP12napi_value__P10napi_env__P20napi_callback_info__ENS2_9GetterTagIXT_EEE
FNDA:505,_ZN4Napi10ObjectWrapI9DisruptorE10WrapGetterIXadL_ZNS1_20GetPendingSeqNextEndERKNS_12CallbackInfoEEEEEPFP12napi_value__P10napi_env__P20napi_callback_info__ENS2_9GetterTagIXT_EEE
FN:1889,_ZN4Napi10ObjectWrapI9DisruptorE10WrapGetterIXadL_ZNS1_17GetPendingSeqNextERKNS_12CallbackInfoEEEEEPFP12napi_value__P10napi_env__P20napi_callback_info__ENS2_9GetterTagIXT_EEE
FNDA:505,_ZN4Napi10ObjectWrapI9DisruptorE10WrapGetterIXadL_ZNS1_17GetPendingSeqNextERKNS_12CallbackInfoEEEEEPFP12napi_value__P10napi_env__P20napi_callback_info__ENS2_9GetterTagIXT_EEE
FN:1889,_ZN4Napi10ObjectWrapI9DisruptorE10WrapGetterIXadL_ZNS1_21GetPendingSeqConsumerERKNS_12CallbackInfoEEEEEPFP12napi_value__P10napi_env__P20napi_callback_info__ENS2_9GetterTagIXT_EEE
FNDA:505,_ZN4Napi10ObjectWrapI9DisruptorE10WrapGetterIXadL_ZNS1_21GetPendingSeqConsumerERKNS_12CallbackInfoEEEEEPFP12napi_value__P10napi_env__P20napi_callback_info__ENS2_9GetterTagIXT_EEE
FN:1894,_ZN4Napi10ObjectWrapI9DisruptorE10WrapSetterENS2_9SetterTagILMS1_FvRKNS_12CallbackInfoERKNS_5ValueEE0EEE
FNDA:5050,_ZN4Napi10ObjectWrapI9DisruptorE10WrapSetterENS2_9SetterTagILMS1_FvRKNS_12CallbackInfoERKNS_5ValueEE0EEE
DA:1641,12625
DA:1889,505
DA:1889,505
DA:1889,505
DA:1889,505
DA:1889,505
DA:1889,505
DA:1889,505
DA:1889,505
DA:1889,505
DA:1889,505
DA:1894,5050
end_of_record
SF:/usr/include/c++/9/bits/alloc_traits.h
FN:443,_ZNSt16allocator_traitsISaIPNSt8__detail15_Hash_node_baseEEE8allocateERS3_m
FNDA:257,_ZNSt16allocator_traitsISaIPNSt8__detail15_Hash_node_baseEEE8allocateERS3_m
FN:443,_ZNSt16allocator_traitsISaI24napi_property_descriptorEE8allocateERS1_m
FNDA:505,_ZNSt16allocator_traitsISaI24napi_property_descriptorEE8allocateERS1_m
FN:443,_ZNSt16allocator_traitsISaI11AsyncBufferEE8allocateERS1_m
FNDA:157636,_ZNSt16allocator_traitsISaI11AsyncBufferEE8allocateERS1_m
FN:443,_ZNSt16allocator_traitsISaINSt8__detail10_Hash_nodeIPhLb0EEEEE8allocateERS4_m
FNDA:3712,_ZNSt16allocator_traitsISaINSt8__detail10_Hash_nodeIPhLb0EEEEE8allocateERS4_m
FN:469,_ZNSt16allocator_traitsISaI24napi_property_descriptorEE10deallocateERS1_PS0_m
FNDA:505,_ZNSt16allocator_traitsISaI24napi_property_descriptorEE10deallocateERS1_PS0_m
FN:469,_ZNSt16allocator_traitsISaI11AsyncBufferEE10deallocateERS1_PS0_m
FNDA:157636,_ZNSt16allocator_traitsISaI11AsyncBufferEE10deallocateERS1_PS0_m
FN:469,_ZNSt16allocator_traitsISaIPNSt8__detail15_Hash_node_baseEEE10deallocateERS3_PS2_m
FNDA:4,_ZNSt16allocator_traitsISaIPNSt8__detail15_Hash_node_baseEEE10deallocateERS3_PS2_m
FN:469,_ZNSt16allocator_traitsISaINSt8__detail10_Hash_nodeIPhLb0EEEEE10deallocateERS4_PS3_m
FNDA:3612,_ZNSt16allocator_traitsISaINSt8__detail10_Hash_nodeIPhLb0EEEEE10deallocateERS4_PS3_m
FN:469,_ZNSt16allocator_traitsISaIP12napi_value__EE10deallocateERS2_PS1_m
FNDA:0,_ZNSt16allocator_traitsISaIP12napi_value__EE10deallocateERS2_PS1_m
FN:482,_ZNSt16allocator_traitsISaI11AsyncBufferEE9constructIS0_JS0_EEEvRS1_PT_DpOT0_
FNDA:221,_ZNSt16allocator_traitsISaI11AsyncBufferEE9constructIS0_JS0_EEEvRS1_PT_DpOT0_
FN:482,_ZNSt16allocator_traitsISaINSt8__detail10_Hash_nodeIPhLb0EEEEE9constructIS2_JRS2_EEEvRS4_PT_DpOT0_
FNDA:3712,_ZNSt16allocator_traitsISaINSt8__detail10_Hash_nodeIPhLb0EEEEE9constructIS2_JRS2_EEEvRS4_PT_DpOT0_
FN:495,_ZNSt16allocator_traitsISaI11AsyncBufferEE7destroyIS0_EEvRS1_PT_
FNDA:221,_ZNSt16allocator_traitsISaI11AsyncBufferEE7destroyIS0_EEvRS1_PT_
FN:495,_ZNSt16allocator_traitsISaINSt8__detail10_Hash_nodeIPhLb0EEEEE7destroyIS2_EEvRS4_PT_
FNDA:3612,_ZNSt16allocator_traitsISaINSt8__detail10_Hash_nodeIPhLb0EEEEE7destroyIS2_EEvRS4_PT_
FN:505,_ZNSt16allocator_traitsISaI11AsyncBufferEE8max_sizeERKS1_
FNDA:630544,_ZNSt16allocator_traitsISaI11AsyncBufferEE8max_sizeERKS1_
FN:505,_ZNSt16allocator_traitsISaI24napi_property_descriptorEE8max_sizeERKS1_
FNDA:505,_ZNSt16allocator_traitsISaI24napi_property_descriptorEE8max_sizeERKS1_
DA:443,257
DA:444,257
DA:443,505
DA:444,505
DA:443,157636
DA:444,157636
DA:443,3712
DA:444,3712
DA:469,505
DA:470,505
DA:469,157636
DA:470,157636
DA:469,4
DA:470,4
DA:469,3612
DA:470,3612
DA:469,0
DA:470,0
DA:482,221
DA:484,221
DA:482,3712
DA:484,3712
DA:495,221
DA:497,221
DA:495,3612
DA:497,3612
DA:505,630544
DA:506,630544
DA:505,505
DA:506,505
end_of_record
SF:/usr/include/c++/9/ext/new_allocator.h
FN:80,_ZN9__gnu_cxx13new_allocatorIPNSt8__detail15_Hash_node_baseEEC2Ev
FNDA:261,_ZN9__gnu_cxx13new_allocatorIPNSt8__detail15_Hash_node_baseEEC2Ev
FN:80,_ZN9__gnu_cxx13new_allocatorIcEC2Ev
FNDA:0,_ZN9__gnu_cxx13new_allocatorIcEC2Ev
FN:80,_ZN9__gnu_cxx13new_allocatorINSt8__detail10_Hash_nodeIPhLb0EEEEC2Ev
FNDA:253,_ZN9__gnu_cxx13new_allocatorINSt8__detail10_Hash_nodeIPhLb0EEEEC2Ev
FN:80,_ZN9__gnu_cxx13new_allocatorIP12napi_value__EC2Ev
FNDA:0,_ZN9__gnu_cxx13new_allocatorIP12napi_value__EC2Ev
FN:80,_ZN9__gnu_cxx13new_allocatorI24napi_property_descriptorEC2Ev
FNDA:505,_ZN9__gnu_cxx13new_allocatorI24napi_property_descriptorEC2Ev
FN:80,_ZN9__gnu_cxx13new_allocatorI11AsyncBufferEC2Ev
FNDA:1883970,_ZN9__gnu_cxx13new_allocatorI11AsyncBufferEC2Ev
FN:83,_ZN9__gnu_cxx13new_allocatorI24napi_property_descriptorEC2ERKS2_
FNDA:1010,_ZN9__gnu_cxx13new_allocatorI24napi_property_descriptorEC2ERKS2_
FN:89,_ZN9__gnu_cxx13new_allocatorI24napi_property_descriptorED2Ev
FNDA:1515,_ZN9__gnu_cxx13new_allocatorI24napi_property_descriptorED2Ev
FN:89,_ZN9__gnu_cxx13new_allocatorI11AsyncBufferED2Ev
FNDA:1883970,_ZN9__gnu_cxx13new_allocatorI11AsyncBufferED2Ev
FN:89,_ZN9__gnu_cxx13new_allocatorIcED2Ev
FNDA:0,_ZN9__gnu_cxx13new_allocatorIcED2Ev
FN:89,_ZN9__gnu_cxx13new_allocatorIPNSt8__detail15_Hash_node_baseEED2Ev
FNDA:261,_ZN9__gnu_cxx13new_allocatorIPNSt8__detail15_Hash_node_baseEED2Ev
FN:89,_ZN9__gnu_cxx13new_allocatorIP12napi_value__ED2Ev
FNDA:0,_ZN9__gnu_cxx13new_allocatorIP12napi_value__ED2Ev
FN:102,_ZN9__gnu_cxx13new_allocatorI24napi_property_descriptorE8allocateEmPKv
FNDA:505,_ZN9__gnu_cxx13new_allocatorI24napi_property_descriptorE8allocateEmPKv
FN:102,_ZN9__gnu_cxx13new_allocatorINSt8__detail10_Hash_nodeIPhLb0EEEE8allocateEmPKv
FNDA:3712,_ZN9__gnu_cxx13new_allocatorINSt8__detail10_Hash_nodeIPhLb0EEEE8allocateEmPKv
FN:102,_ZN9__gnu_cxx13new_allocatorIPNSt8__detail15_Hash_node_baseEE8allocateEmPKv
FNDA:257,_ZN9__gnu_cxx13new_allocatorIPNSt8__detail15_Hash_node_baseEE8allocateEmPKv
FN:102,_ZN9__gnu_cxx13new_allocatorI11AsyncBufferE8allocateEmPKv
FNDA:157636,_ZN9__gnu_cxx13new_allocatorI11AsyncBufferE8allocateEmPKv
FN:119,_ZN9__gnu_cxx13new_allocatorIPNSt8__detail15_Hash_node_baseEE10deallocateEPS3_m
FNDA:4,_ZN9__gnu_cxx13new_allocatorIPNSt8__detail15_Hash_node_baseEE10deallocateEPS3_m
FN:119,_ZN9__gnu_cxx13new_allocatorINSt8__detail10_Hash_nodeIPhLb0EEEE10deallocateEPS4_m
FNDA:3612,_ZN9__gnu_cxx13new_allocatorINSt8__detail10_Hash_nodeIPhLb0EEEE10deallocateEPS4_m
FN:119,_ZN9__gnu_cxx13new_allocatorIP12napi_value__E10deallocateEPS2_m
FNDA:0,_ZN9__gnu_cxx13new_allocatorIP12napi_value__E10deallocateEPS2_m
FN:119,_ZN9__gnu_cxx13new_allocatorI11AsyncBufferE10deallocateEPS1_m
FNDA:157636,_ZN9__gnu_cxx13new_allocatorI11AsyncBufferE10deallocateEPS1_m
FN:119,_ZN9__gnu_cxx13new_allocatorI24napi_property_descriptorE10deallocateEPS1_m
FNDA:505,_ZN9__gnu_cxx13new_allocatorI24napi_property_descriptorE10deallocateEPS1_m
FN:132,_ZNK9__gnu_cxx13new_allocatorIPNSt8__detail15_Hash_node_baseEE8max_sizeEv
FNDA:257,_ZNK9__gnu_cxx13new_allocatorIPNSt8__detail15_Hash_node_baseEE8max_sizeEv
FN:132,_ZNK9__gnu_cxx13new_allocatorI24napi_property_descriptorE8max_sizeEv
FNDA:1010,_ZNK9__gnu_cxx13new_allocatorI24napi_property_descriptorE8max_sizeEv
FN:132,_ZNK9__gnu_cxx13new_allocatorI11AsyncBufferE8max_sizeEv
FNDA:788180,_ZNK9__gnu_cxx13new_allocatorI11AsyncBufferE8max_sizeEv
FN:132,_ZNK9__gnu_cxx13new_allocatorINSt8__detail10_Hash_nodeIPhLb0EEEE8max_sizeEv
FNDA:3712,_ZNK9__gnu_cxx13new_allocatorINSt8__detail10_Hash_nodeIPhLb0EEEE8max_sizeEv
FN:144,_ZN9__gnu_cxx13new_allocatorINSt8__detail10_Hash_nodeIPhLb0EEEE9constructIS3_JRS3_EEEvPT_DpOT0_
FNDA:3712,_ZN9__gnu_cxx13new_allocatorINSt8__detail10_Hash_nodeIPhLb0EEEE9constructIS3_JRS3_EEEvPT_DpOT0_
FN:144,_ZN9__gnu_cxx13new_allocatorI11AsyncBufferE9constructIS1_JS1_EEEvPT_DpOT0_
FNDA:221,_ZN9__gnu_cxx13new_allocatorI11AsyncBufferE9constructIS1_JS1_EEEvPT_DpOT0_
FN:151,_ZN9__gnu_cxx13new_allocatorINSt8__detail10_Hash_nodeIPhLb0EEEE7destroyIS3_EEvPT_
FNDA:3612,_ZN9__gnu_cxx13new_allocatorINSt8__detail10_Hash_nodeIPhLb0EEEE7destroyIS3_EEvPT_
FN:151,_ZN9__gnu_cxx13new_allocatorI11AsyncBufferE7destroyIS1_EEvPT_
FNDA:221,_ZN9__gnu_cxx13new_allocatorI11AsyncBufferE7destroyIS1_EEvPT_
DA:80,261
DA:80,1883970
DA:80,505
DA:80,0
DA:80,253
DA:80,0
DA:83,1010
DA:89,261
DA:89,1883970
DA:89,1515
DA:89,0
DA:89,0
DA:102,257
DA:104,257
DA:105,0
DA:114,257
DA:102,505
DA:104,505
DA:105,0
DA:114,505
DA:102,157636
DA:104,157636
DA:105,0
DA:114,157636
DA:102,3712
DA:104,3712
DA:105,0
DA:114,3712
DA:119,505
DA:128,505
DA:129,505
DA:119,157636
DA:128,157636
DA:129,157636
DA:119,4
DA:128,4
DA:129,4
DA:119,3612
DA:128,3612
DA:129,3612
DA:119,0
DA:128,0
DA:129,0
DA:132,257
DA:135,257
DA:132,788180
DA:135,788180
DA:132,1010
DA:135,1010
DA:132,3712
DA:135,3712
DA:144,221
DA:147,221
DA:144,3712
DA:147,3712
DA:151,221
DA:153,221
DA:151,3612
DA:153,3612
end_of_record
SF:/usr/include/c++/9/bits/stl_pair.h
FN:341,_ZNSt4pairINSt8__detail14_Node_iteratorIPhLb1ELb0EEEbEC2IS3_bLb1EEEOT_OT0_
FNDA:3712,_ZNSt4pairINSt8__detail14_Node_iteratorIPhLb1ELb0EEEbEC2IS3_bLb1EEEOT_OT0_
FN:524,_ZSt9make_pairINSt8__detail14_Node_iteratorIPhLb1ELb0EEEbESt4pairINSt17__decay_and_stripIT_E6__typeENS5_IT0_E6__typeEEOS6_OS9_
FNDA:3712,_ZSt9make_pairINSt8__detail14_Node_iteratorIPhLb1ELb0EEEbESt4pairINSt17__decay_and_stripIT_E6__typeENS5_IT0_E6__typeEEOS6_OS9_
DA:341,3712
DA:342,3712
DA:524,3712
DA:529,3712
end_of_record
SF:/usr/include/c++/9/ext/aligned_buffer.h
FN:102,_ZN9__gnu_cxx16__aligned_bufferIPhE7_M_addrEv
FNDA:24422,_ZN9__gnu_cxx16__aligned_bufferIPhE7_M_addrEv
FN:108,_ZNK9__gnu_cxx16__aligned_bufferIPhE7_M_addrEv
FNDA:11336,_ZNK9__gnu_cxx16__aligned_bufferIPhE7_M_addrEv
FN:114,_ZN9__gnu_cxx16__aligned_bufferIPhE6_M_ptrEv
FNDA:24422,_ZN9__gnu_cxx16__aligned_bufferIPhE6_M_ptrEv
FN:118,_ZNK9__gnu_cxx16__aligned_bufferIPhE6_M_ptrEv
FNDA:11336,_ZNK9__gnu_cxx16__aligned_bufferIPhE6_M_ptrEv
DA:102,24422
DA:104,24422
DA:108,11336
DA:110,11336
DA:114,24422
DA:115,24422
DA:118,11336
DA:119,11336
end_of_record
SF:/usr/include/c++/9/bits/std_mutex.h
FN:98,_ZNSt5mutex4lockEv
FNDA:11541,_ZNSt5mutex4lockEv
FN:115,_ZNSt5mutex6unlockEv
FNDA:11541,_ZNSt5mutex6unlockEv
FN:158,_ZNSt10lock_guardISt5mutexEC2ERS0_
FNDA:11541,_ZNSt10lock_guardISt5mutexEC2ERS0_
FN:164,_ZNSt10lock_guardISt5mutexED2Ev
FNDA:11541,_ZNSt10lock_guardISt5mutexED2Ev
DA:98,11541
DA:100,11541
DA:103,11541
DA:104,0
DA:105,11541
DA:115,11541
DA:118,11541
DA:119,11541
DA:158,11541
DA:159,11541
DA:164,11541
DA:165,11541
end_of_record
SF:/usr/include/c++/9/bits/functional_hash.h
FN:109,_ZNKSt4hashIPhEclES0_
FNDA:25036,_ZNKSt4hashIPhEclES0_
DA:109,25036
DA:110,25036
end_of_record
SF:/usr/include/c++/9/bits/stl_algobase.h
FN:198,_ZSt3minImERKT_S2_S2_
FNDA:631049,_ZSt3minImERKT_S2_S2_
FN:222,_ZSt3maxImERKT_S2_S2_
FNDA:157636,_ZSt3maxImERKT_S2_S2_
FN:280,_ZSt12__niter_baseIP24napi_property_descriptorET_S2_
FNDA:505,_ZSt12__niter_baseIP24napi_property_descriptorET_S2_
FN:280,_ZSt12__niter_baseIP11AsyncBufferET_S2_
FNDA:472908,_ZSt12__niter_baseIP11AsyncBufferET_S2_
FN:295,_ZSt12__niter_wrapIP24napi_property_descriptorET_RKS2_S2_
FNDA:505,_ZSt12__niter_wrapIP24napi_property_descriptorET_RKS2_S2_
FN:756,_ZSt10__fill_n_aIP24napi_property_descriptormS0_EN9__gnu_cxx11__enable_ifIXntsrSt11__is_scalarIT1_E7__valueET_E6__typeES7_T0_RKS5_
FNDA:505,_ZSt10__fill_n_aIP24napi_property_descriptormS0_EN9__gnu_cxx11__enable_ifIXntsrSt11__is_scalarIT1_E7__valueET_E6__typeES7_T0_RKS5_
FN:802,_ZSt6fill_nIP24napi_property_descriptormS0_ET_S2_T0_RKT1_
FNDA:505,_ZSt6fill_nIP24napi_property_descriptormS0_ET_S2_T0_RKT1_
DA:198,631049
DA:203,631049
DA:204,0
DA:205,631049
DA:222,157636
DA:227,157636
DA:228,157415
DA:229,221
DA:280,505
DA:282,505
DA:280,472908
DA:282,472908
DA:295,505
DA:296,505
DA:756,505
DA:758,505
DA:759,13130
DA:760,12625
DA:761,505
DA:802,505
DA:808,505
DA:809,505
end_of_record
SF:/home/david/shared-memory-disruptor/src/disruptor.cc
FN:52,_ZN9Disruptor4SpinEv
FNDA:1832460,_ZN9Disruptor4SpinEv
FN:160,_Z11GetCallbackRKN4Napi12CallbackInfoEj
FNDA:284555,_Z11GetCallbackRKN4Napi12CallbackInfoEj
FN:179,_ZN10SyncBuffer3NewEN4Napi3EnvEP9Disruptormm
FNDA:1011930,_ZN10SyncBuffer3NewEN4Napi3EnvEP9Disruptormm
FN:198,_ZN11AsyncBufferC2Ev
FNDA:338976,_ZN11AsyncBufferC2Ev
FN:202,_ZN11AsyncBuffer3NewEN4Napi3EnvEP9Disruptormm
FNDA:338976,_ZN11AsyncBuffer3NewEN4Napi3EnvEP9Disruptormm
FN:207,_ZN11AsyncBuffer7ToValueEN4Napi3EnvEP9Disruptor
FNDA:163178,_ZN11AsyncBuffer7ToValueEN4Napi3EnvEP9Disruptor
FN:212,_ZN11AsyncBuffer6LengthEv
FNDA:181340,_ZN11AsyncBuffer6LengthEv
FN:218,_ZN11AsyncBufferC2Emmj
FNDA:677952,_ZN11AsyncBufferC2Emmj
FN:234,_ZN10AsyncArrayI11AsyncBufferEC2Ev
FNDA:1883970,_ZN10AsyncArrayI11AsyncBufferEC2Ev
FN:239,_ZN10AsyncArrayI11AsyncBufferE3NewEN4Napi3EnvE
FNDA:941984,_ZN10AsyncArrayI11AsyncBufferE3NewEN4Napi3EnvE
FN:244,_ZN10AsyncArrayI11AsyncBufferE3SetEjOS0_
FNDA:157636,_ZN10AsyncArrayI11AsyncBufferE3SetEjOS0_
FN:254,_ZN10AsyncArrayI11AsyncBufferE7ToValueEN4Napi3EnvEP9Disruptor
FNDA:157430,_ZN10AsyncArrayI11AsyncBufferE7ToValueEN4Napi3EnvEP9Disruptor
FN:265,_ZN10AsyncArrayI11AsyncBufferE6LengthEv
FNDA:941984,_ZN10AsyncArrayI11AsyncBufferE6LengthEv
FN:277,_ZN12AsyncBooleanC2Ev
FNDA:709140,_ZN12AsyncBooleanC2Ev
FN:282,_ZN12AsyncBoolean3NewEN4Napi3EnvEb
FNDA:709140,_ZN12AsyncBoolean3NewEN4Napi3EnvEb
FN:287,_ZN12AsyncBoolean7ToValueEN4Napi3EnvEP9Disruptor
FNDA:121583,_ZN12AsyncBoolean7ToValueEN4Napi3EnvEP9Disruptor
FN:292,_ZNK12AsyncBooleancvbEv
FNDA:709140,_ZNK12AsyncBooleancvbEv
FN:298,_ZN12AsyncBooleanC2Eb
FNDA:709140,_ZN12AsyncBooleanC2Eb
FN:310,_Z7ToValueRKN4Napi3EnvEm
FNDA:168532,_Z7ToValueRKN4Napi3EnvEm
FN:315,_Z7ToValueRKN4Napi3EnvERK14AsyncUndefined
FNDA:400578,_Z7ToValueRKN4Napi3EnvERK14AsyncUndefined
FN:324,_ZN20DisruptorAsyncWorkerI12AsyncBoolean14AsyncUndefinedS1_EC2EP9DisruptorRKN4Napi8FunctionE
FNDA:709140,_ZN20DisruptorAsyncWorkerI12AsyncBoolean14AsyncUndefinedS1_EC2EP9DisruptorRKN4Napi8FunctionE
FN:324,_ZN20DisruptorAsyncWorkerI10AsyncArrayI11AsyncBufferEmmEC2EP9DisruptorRKN4Napi8FunctionE
FNDA:131264,_ZN20DisruptorAsyncWorkerI10AsyncArrayI11AsyncBufferEmmEC2EP9DisruptorRKN4Napi8FunctionE
FN:324,_ZN20DisruptorAsyncWorkerI11AsyncBuffermmEC2EP9DisruptorRKN4Napi8FunctionE
FNDA:181340,_ZN20DisruptorAsyncWorkerI11AsyncBuffermmEC2EP9DisruptorRKN4Napi8FunctionE
FN:324,_ZN20DisruptorAsyncWorkerI10AsyncArrayI11AsyncBufferEm14AsyncUndefinedEC2EP9DisruptorRKN4Napi8FunctionE
FNDA:810720,_ZN20DisruptorAsyncWorkerI10AsyncArrayI11AsyncBufferEm14AsyncUndefinedEC2EP9DisruptorRKN4Napi8FunctionE
FN:336,_ZN20DisruptorAsyncWorkerI10AsyncArrayI11AsyncBufferEm14AsyncUndefinedE4OnOKEv
FNDA:810720,_ZN20DisruptorAsyncWorkerI10AsyncArrayI11AsyncBufferEm14AsyncUndefinedE4OnOKEv
FN:336,_ZN20DisruptorAsyncWorkerI11AsyncBuffermmE4OnOKEv
FNDA:181340,_ZN20DisruptorAsyncWorkerI11AsyncBuffermmE4OnOKEv
FN:336,_ZN20DisruptorAsyncWorkerI10AsyncArrayI11AsyncBufferEmmE4OnOKEv
FNDA:131264,_ZN20DisruptorAsyncWorkerI10AsyncArrayI11AsyncBufferEmmE4OnOKEv
FN:336,_ZN20DisruptorAsyncWorkerI12AsyncBoolean14AsyncUndefinedS1_E4OnOKEv
FNDA:709140,_ZN20DisruptorAsyncWorkerI12AsyncBoolean14AsyncUndefinedS1_E4OnOKEv
FN:369,_ZN7CloseFDclEPi
FNDA:3712,_ZN7CloseFDclEPi
FN:376,_ZN9Disruptor15ThrowErrnoErrorERKN4Napi12CallbackInfoEPKc
FNDA:4,_ZN9Disruptor15ThrowErrnoErrorERKN4Napi12CallbackInfoEPKc
FN:395,_ZN9DisruptorC2ERKN4Napi12CallbackInfoE
FNDA:3716,_ZN9DisruptorC2ERKN4Napi12CallbackInfoE
FN:540,_ZZN9DisruptorC4ERKN4Napi12CallbackInfoEENKUlNS0_3EnvEPhE_clES4_S5_
FNDA:3612,_ZZN9DisruptorC4ERKN4Napi12CallbackInfoEENKUlNS0_3EnvEPhE_clES4_S5_
FN:567,_ZN9DisruptorD2Ev
FNDA:3612,_ZN9DisruptorD2Ev
FN:567,_ZN9DisruptorD0Ev
FNDA:3612,_ZN9DisruptorD0Ev
FN:572,_ZN9Disruptor7ReleaseEv
FNDA:6820,_ZN9Disruptor7ReleaseEv
FN:594,_ZN9Disruptor7ReleaseERKN4Napi12CallbackInfoE
FNDA:3208,_ZN9Disruptor7ReleaseERKN4Napi12CallbackInfoE
FN:603,_ZN9Disruptor14ConsumeNewSyncIN4Napi5ArrayE10SyncBufferEET_RKNS1_3EnvEbRm
FNDA:485458,_ZN9Disruptor14ConsumeNewSyncIN4Napi5ArrayE10SyncBufferEET_RKNS1_3EnvEbRm
FN:603,_ZN9Disruptor14ConsumeNewSyncI10AsyncArrayI11AsyncBufferES2_EET_RKN4Napi3EnvEbRm
FNDA:810720,_ZN9Disruptor14ConsumeNewSyncI10AsyncArrayI11AsyncBufferES2_EET_RKN4Napi3EnvEbRm
FN:647,_ZN9Disruptor14ConsumeNewSyncERKN4Napi12CallbackInfoE
FNDA:12,_ZN9Disruptor14ConsumeNewSyncERKN4Napi12CallbackInfoE
FN:659,_ZN21ConsumeNewAsyncWorkerC2EP9DisruptorRKN4Napi8FunctionE
FNDA:810720,_ZN21ConsumeNewAsyncWorkerC2EP9DisruptorRKN4Napi8FunctionE
FN:670,_ZN21ConsumeNewAsyncWorker7ExecuteEv
FNDA:810720,_ZN21ConsumeNewAsyncWorker7ExecuteEv
FN:677,_ZN21ConsumeNewAsyncWorker5RetryEv
FNDA:653308,_ZN21ConsumeNewAsyncWorker5RetryEv
FN:683,_ZN9Disruptor15ConsumeNewAsyncERKN4Napi12CallbackInfoE
FNDA:157412,_ZN9Disruptor15ConsumeNewAsyncERKN4Napi12CallbackInfoE
FN:688,_ZN9Disruptor10ConsumeNewERKN4Napi12CallbackInfoE
FNDA:485446,_ZN9Disruptor10ConsumeNewERKN4Napi12CallbackInfoE
FN:703,_ZN9Disruptor13ConsumeCommitERKN4Napi12CallbackInfoE
FNDA:485461,_ZN9Disruptor13ConsumeCommitERKN4Napi12CallbackInfoE
FN:708,_ZN9Disruptor13UpdatePendingEmm
FNDA:485462,_ZN9Disruptor13UpdatePendingEmm
FN:714,_ZN9Disruptor13ConsumeCommitEv
FNDA:1781640,_ZN9Disruptor13ConsumeCommitEv
FN:730,_ZN9Disruptor16ProduceClaimSyncI10SyncBufferEENT_6BufferERKN4Napi3EnvEbRmS8_
FNDA:520248,_ZN9Disruptor16ProduceClaimSyncI10SyncBufferEENT_6BufferERKN4Napi3EnvEbRmS8_
FN:730,_ZN9Disruptor16ProduceClaimSyncI11AsyncBufferEENT_6BufferERKN4Napi3EnvEbRmS8_
FNDA:181340,_ZN9Disruptor16ProduceClaimSyncI11AsyncBufferEENT_6BufferERKN4Napi3EnvEbRmS8_
FN:771,_ZN9Disruptor16ProduceClaimSyncERKN4Napi12CallbackInfoE
FNDA:807,_ZN9Disruptor16ProduceClaimSyncERKN4Napi12CallbackInfoE
FN:781,_ZN23ProduceClaimAsyncWorkerC2EP9DisruptorRKN4Napi8FunctionE
FNDA:181340,_ZN23ProduceClaimAsyncWorkerC2EP9DisruptorRKN4Napi8FunctionE
FN:791,_ZN23ProduceClaimAsyncWorker7ExecuteEv
FNDA:181340,_ZN23ProduceClaimAsyncWorker7ExecuteEv
FN:799,_ZN23ProduceClaimAsyncWorker5RetryEv
FNDA:175798,_ZN23ProduceClaimAsyncWorker5RetryEv
FN:805,_ZN9Disruptor17ProduceClaimAsyncERKN4Napi12CallbackInfoE
FNDA:5542,_ZN9Disruptor17ProduceClaimAsyncERKN4Napi12CallbackInfoE
FN:810,_ZN9Disruptor12ProduceClaimERKN4Napi12CallbackInfoE
FNDA:519441,_ZN9Disruptor12ProduceClaimERKN4Napi12CallbackInfoE
FN:825,_ZN9Disruptor17ProduceGetBuffersI10AsyncArrayI11AsyncBufferES2_EEvRKN4Napi3EnvEmmRT_
FNDA:9,_ZN9Disruptor17ProduceGetBuffersI10AsyncArrayI11AsyncBufferES2_EEvRKN4Napi3EnvEmmRT_
FN:825,_ZN9Disruptor17ProduceGetBuffersIN4Napi5ArrayE10SyncBufferEEvRKNS1_3EnvEmmRT_
FNDA:45,_ZN9Disruptor17ProduceGetBuffersIN4Napi5ArrayE10SyncBufferEEvRKNS1_3EnvEmmRT_
FN:847,_ZN9Disruptor20ProduceClaimManySyncIN4Napi5ArrayE10SyncBufferEET_RKNS1_3EnvEjbRmS8_
FNDA:35,_ZN9Disruptor20ProduceClaimManySyncIN4Napi5ArrayE10SyncBufferEET_RKNS1_3EnvEjbRmS8_
FN:847,_ZN9Disruptor20ProduceClaimManySyncI10AsyncArrayI11AsyncBufferES2_EET_RKN4Napi3EnvEjbRmS9_
FNDA:131264,_ZN9Disruptor20ProduceClaimManySyncI10AsyncArrayI11AsyncBufferES2_EET_RKN4Napi3EnvEjbRmS9_
FN:889,_ZN9Disruptor20ProduceClaimManySyncERKN4Napi12CallbackInfoE
FNDA:11,_ZN9Disruptor20ProduceClaimManySyncERKN4Napi12CallbackInfoE
FN:902,_ZN27ProduceClaimManyAsyncWorkerC2EP9DisruptorRKN4Napi8FunctionEj
FNDA:131264,_ZN27ProduceClaimManyAsyncWorkerC2EP9DisruptorRKN4Napi8FunctionEj
FN:916,_ZN27ProduceClaimManyAsyncWorker7ExecuteEv
FNDA:131264,_ZN27ProduceClaimManyAsyncWorker7ExecuteEv
FN:924,_ZN27ProduceClaimManyAsyncWorker5RetryEv
FNDA:131246,_ZN27ProduceClaimManyAsyncWorker5RetryEv
FN:933,_ZN9Disruptor21ProduceClaimManyAsyncERKN4Napi12CallbackInfoEj
FNDA:18,_ZN9Disruptor21ProduceClaimManyAsyncERKN4Napi12CallbackInfoEj
FN:939,_ZN9Disruptor21ProduceClaimManyAsyncERKN4Napi12CallbackInfoE
FNDA:11,_ZN9Disruptor21ProduceClaimManyAsyncERKN4Napi12CallbackInfoE
FN:944,_ZN9Disruptor16ProduceClaimManyERKN4Napi12CallbackInfoE
FNDA:24,_ZN9Disruptor16ProduceClaimManyERKN4Napi12CallbackInfoE
FN:959,_ZN9Disruptor14ProduceRecoverERKN4Napi12CallbackInfoE
FNDA:76,_ZN9Disruptor14ProduceRecoverERKN4Napi12CallbackInfoE
FN:978,_ZN9Disruptor17ProduceCommitSyncI12AsyncBooleanEET_RKN4Napi3EnvEmmb
FNDA:709140,_ZN9Disruptor17ProduceCommitSyncI12AsyncBooleanEET_RKN4Napi3EnvEmmb
FN:978,_ZN9Disruptor17ProduceCommitSyncIN4Napi7BooleanEEET_RKNS1_3EnvEmmb
FNDA:520257,_ZN9Disruptor17ProduceCommitSyncIN4Napi7BooleanEEET_RKNS1_3EnvEmmb
FN:998,_ZN9Disruptor13UpdateSeqNextEmm
FNDA:832907,_ZN9Disruptor13UpdateSeqNextEmm
FN:1004,_ZN9Disruptor10GetSeqNextERKN4Napi12CallbackInfoERmS4_
FNDA:521067,_ZN9Disruptor10GetSeqNextERKN4Napi12CallbackInfoERmS4_
FN:1020,_ZN9Disruptor17ProduceCommitSyncERKN4Napi12CallbackInfoE
FNDA:810,_ZN9Disruptor17ProduceCommitSyncERKN4Napi12CallbackInfoE
FN:1031,_ZN24ProduceCommitAsyncWorkerC2EP9DisruptorRKN4Napi8FunctionEmm
FNDA:709140,_ZN24ProduceCommitAsyncWorkerC2EP9DisruptorRKN4Napi8FunctionEmm
FN:1043,_ZN24ProduceCommitAsyncWorker7ExecuteEv
FNDA:709140,_ZN24ProduceCommitAsyncWorker7ExecuteEv
FN:1050,_ZN24ProduceCommitAsyncWorker5RetryEv
FNDA:587557,_ZN24ProduceCommitAsyncWorker5RetryEv
FN:1059,_ZN9Disruptor18ProduceCommitAsyncERKN4Napi12CallbackInfoEmmj
FNDA:121583,_ZN9Disruptor18ProduceCommitAsyncERKN4Napi12CallbackInfoEmmj
FN:1068,_ZN9Disruptor18ProduceCommitAsyncERKN4Napi12CallbackInfoE
FNDA:810,_ZN9Disruptor18ProduceCommitAsyncERKN4Napi12CallbackInfoE
FN:1075,_ZN9Disruptor13ProduceCommitERKN4Napi12CallbackInfoE
FNDA:519447,_ZN9Disruptor13ProduceCommitERKN4Napi12CallbackInfoE
FN:1090,_ZN9Disruptor12GetConsumersERKN4Napi12CallbackInfoE
FNDA:12,_ZN9Disruptor12GetConsumersERKN4Napi12CallbackInfoE
FN:1095,_ZN9Disruptor9GetCursorERKN4Napi12CallbackInfoE
FNDA:197,_ZN9Disruptor9GetCursorERKN4Napi12CallbackInfoE
FN:1100,_ZN9Disruptor7GetNextERKN4Napi12CallbackInfoE
FNDA:197,_ZN9Disruptor7GetNextERKN4Napi12CallbackInfoE
FN:1105,_ZN9Disruptor11GetElementsERKN4Napi12CallbackInfoE
FNDA:1556,_ZN9Disruptor11GetElementsERKN4Napi12CallbackInfoE
FN:1110,_ZN9Disruptor11GetConsumerERKN4Napi12CallbackInfoE
FNDA:197,_ZN9Disruptor11GetConsumerERKN4Napi12CallbackInfoE
FN:1115,_ZN9Disruptor21GetPendingSeqConsumerERKN4Napi12CallbackInfoE
FNDA:485530,_ZN9Disruptor21GetPendingSeqConsumerERKN4Napi12CallbackInfoE
FN:1120,_ZN9Disruptor19GetPendingSeqCursorERKN4Napi12CallbackInfoE
FNDA:72,_ZN9Disruptor19GetPendingSeqCursorERKN4Napi12CallbackInfoE
FN:1125,_ZN9Disruptor17GetPendingSeqNextERKN4Napi12CallbackInfoE
FNDA:520319,_ZN9Disruptor17GetPendingSeqNextERKN4Napi12CallbackInfoE
FN:1130,_ZN9Disruptor20GetPendingSeqNextEndERKN4Napi12CallbackInfoE
FNDA:520319,_ZN9Disruptor20GetPendingSeqNextEndERKN4Napi12CallbackInfoE
FN:1135,_ZN9Disruptor14GetElementSizeERKN4Napi12CallbackInfoE
FNDA:64,_ZN9Disruptor14GetElementSizeERKN4Napi12CallbackInfoE
FN:1140,_ZN9Disruptor10InitializeEN4Napi3EnvENS0_6ObjectE
FNDA:505,_ZN9Disruptor10InitializeEN4Napi3EnvENS0_6ObjectE
FN:1183,_Z10InitializeN4Napi3EnvENS_6ObjectE
FNDA:505,_Z10InitializeN4Napi3EnvENS_6ObjectE
FN:1188,_Z17__napi_InitializeP10napi_env__P12napi_value__
FNDA:505,_Z17__napi_InitializeP10napi_env__P12napi_value__
FN:1188,_register_disruptor
FNDA:253,_register_disruptor
DA:52,1832460
DA:54,1832460
DA:160,284555
DA:162,284555
DA:164,284555
DA:165,284555
DA:167,284555
DA:179,1011930
DA:182,1011930
DA:187,1011930
DA:188,1011930
DA:189,3035780
DA:198,338976
DA:200,338976
DA:202,338976
DA:204,338976
DA:207,163178
DA:209,163178
DA:212,181340
DA:214,181340
DA:218,677952
DA:221,677952
DA:223,677952
DA:234,1883970
DA:235,1883970
DA:237,1883970
DA:239,941984
DA:241,941984
DA:244,157636
DA:246,157636
DA:248,157636
DA:251,157636
DA:252,157636
DA:254,157430
DA:256,157430
DA:257,157430
DA:258,315066
DA:260,157636
DA:262,157430
DA:265,941984
DA:267,941984
DA:277,709140
DA:278,709140
DA:280,709140
DA:282,709140
DA:284,709140
DA:287,121583
DA:289,121583
DA:292,709140
DA:294,709140
DA:298,709140
DA:299,709140
DA:301,709140
DA:310,168532
DA:312,168532
DA:315,400578
DA:317,400578
DA:324,709140
DA:329,709140
DA:331,709140
DA:324,131264
DA:329,131264
DA:331,131264
DA:324,181340
DA:329,181340
DA:331,181340
DA:324,810720
DA:329,810720
DA:331,810720
DA:336,810720
DA:338,810720
DA:340,653308
DA:343,157412
DA:345,787060
DA:346,157412
DA:349,157412
DA:351,157412
DA:352,314824
DA:336,181340
DA:338,181340
DA:340,175798
DA:343,5542
DA:345,27710
DA:346,5542
DA:349,5542
DA:351,5542
DA:352,11084
DA:336,131264
DA:338,131264
DA:340,131246
DA:343,18
DA:345,90
DA:346,18
DA:349,18
DA:351,18
DA:352,36
DA:336,709140
DA:338,709140
DA:340,587557
DA:343,121583
DA:345,607915
DA:346,121583
DA:349,121583
DA:351,121583
DA:352,243166
DA:369,3712
DA:371,3712
DA:372,3712
DA:373,3712
DA:376,4
DA:379,4
DA:380,4
DA:387,4
DA:391,4
DA:392,8
DA:395,3716
DA:397,3736
DA:400,3716
DA:401,3716
DA:402,3716
DA:403,3716
DA:404,3716
DA:405,3716
DA:406,3716
DA:411,3716
DA:412,3716
DA:416,3716
DA:418,240
DA:419,240
DA:424,3716
DA:426,4
DA:429,3712
DA:435,3712
DA:436,3712
DA:440,3712
DA:446,3712
DA:449,3712
DA:451,3712
DA:456,3712
DA:457,3712
DA:458,3712
DA:459,3712
DA:460,3712
DA:462,3712
DA:463,3712
DA:465,3712
DA:466,3712
DA:508,3712
DA:509,3712
DA:510,3712
DA:511,3712
DA:513,3712
DA:514,3712
DA:515,3712
DA:518,7424
DA:520,6376
DA:521,6376
DA:522,3712
DA:524,2664
DA:525,2664
DA:529,3712
DA:540,3612
DA:541,7224
DA:542,3612
DA:543,7324
DA:546,7424
DA:547,3712
DA:550,3712
DA:552,3712
DA:553,7424
DA:555,3712
DA:556,3712
DA:557,14848
DA:559,3712
DA:560,7424
DA:562,3712
DA:563,3712
DA:564,18560
DA:565,3712
DA:567,3612
DA:570,3612
DA:567,3612
DA:569,3612
DA:570,3612
DA:572,6820
DA:574,6820
DA:575,6820
DA:576,6820
DA:577,6820
DA:579,6820
DA:581,3712
DA:583,3712
DA:588,3712
DA:591,6820
DA:594,3208
DA:596,3208
DA:600,3208
DA:603,810720
DA:610,810720
DA:612,653314
DA:614,810720
DA:615,810720
DA:616,810720
DA:617,810720
DA:619,810720
DA:621,314096
DA:622,157048
DA:623,157048
DA:624,157048
DA:625,157048
DA:628,653672
DA:630,716
DA:631,358
DA:632,358
DA:634,220
DA:636,358
DA:637,358
DA:638,358
DA:643,653314
DA:644,653314
DA:603,485458
DA:610,485458
DA:612,157402
DA:614,485458
DA:615,485458
DA:616,485458
DA:617,485458
DA:619,485458
DA:621,327321
DA:622,327321
DA:623,327321
DA:624,327321
DA:625,327321
DA:628,158137
DA:630,735
DA:631,735
DA:632,735
DA:634,398
DA:636,735
DA:637,735
DA:638,735
DA:643,157402
DA:644,157402
DA:647,12
DA:650,12
DA:659,810720
DA:660,810720
DA:664,810720
DA:666,810720
DA:667,810720
DA:670,810720
DA:673,810720
DA:674,810720
DA:675,810720
DA:677,653308
DA:679,653308
DA:680,653308
DA:683,157412
DA:685,157412
DA:686,157412
DA:688,485446
DA:692,485446
DA:694,485446
DA:696,328046
DA:699,157400
DA:700,314800
DA:703,485461
DA:705,485461
DA:708,485462
DA:710,485462
DA:711,485462
DA:712,485462
DA:714,1781640
DA:716,1781640
DA:718,1781640
DA:720,485461
DA:723,485461
DA:726,1781640
DA:730,181340
DA:735,175810
DA:737,181340
DA:739,181340
DA:741,196099
DA:743,190546
DA:745,190546
DA:747,175787
DA:748,175787
DA:752,186893
DA:753,5553
DA:755,5530
DA:756,5530
DA:757,5530
DA:758,5530
DA:759,5530
DA:760,5530
DA:765,175810
DA:766,175810
DA:767,175810
DA:768,175810
DA:730,520248
DA:735,4739
DA:737,520248
DA:739,520248
DA:741,3054600
DA:743,2534380
DA:745,2534380
DA:747,30
DA:748,30
DA:752,1040470
DA:753,520218
DA:755,515509
DA:756,515509
DA:757,515509
DA:758,515509
DA:759,515509
DA:760,515509
DA:765,4739
DA:766,4739
DA:767,4739
DA:768,4739
DA:771,807
DA:774,807
DA:781,181340
DA:782,181340
DA:784,181340
DA:786,181340
DA:787,181340
DA:788,181340
DA:791,181340
DA:794,181340
DA:795,181340
DA:796,181340
DA:797,181340
DA:799,175798
DA:801,175798
DA:802,175798
DA:805,5542
DA:807,5542
DA:808,5542
DA:810,519441
DA:814,519441
DA:815,519441
DA:817,514706
DA:820,4735
DA:821,9470
DA:825,9
DA:830,9
DA:831,9
DA:833,9
DA:835,1
DA:836,1
DA:840,8
DA:843,9
DA:844,9
DA:825,45
DA:830,45
DA:831,45
DA:833,45
DA:835,3
DA:836,3
DA:840,42
DA:843,45
DA:844,45
DA:847,131264
DA:853,131255
DA:855,131264
DA:856,131264
DA:858,131264
DA:860,131273
DA:862,131264
DA:864,131264
DA:866,131255
DA:867,131255
DA:871,131273
DA:872,9
DA:874,18
DA:875,9
DA:876,9
DA:877,9
DA:878,9
DA:883,131255
DA:884,131255
DA:885,131255
DA:886,131255
DA:847,35
DA:853,10
DA:855,35
DA:856,35
DA:858,35
DA:860,60
DA:862,35
DA:864,35
DA:866,10
DA:867,10
DA:871,60
DA:872,25
DA:874,25
DA:875,25
DA:876,25
DA:877,25
DA:878,25
DA:883,10
DA:884,10
DA:885,10
DA:886,10
DA:889,11
DA:892,11
DA:893,11
DA:902,131264
DA:904,131264
DA:909,131264
DA:911,131264
DA:912,131264
DA:913,131264
DA:916,131264
DA:919,262528
DA:920,262528
DA:921,131264
DA:922,131264
DA:924,131246
DA:926,131246
DA:927,131246
DA:933,18
DA:936,18
DA:937,18
DA:939,11
DA:941,11
DA:942,11
DA:944,24
DA:946,24
DA:949,24
DA:950,24
DA:952,17
DA:955,7
DA:956,14
DA:959,76
DA:961,76
DA:962,76
DA:964,76
DA:966,140
DA:967,116
DA:968,40
DA:970,20
DA:971,40
DA:974,76
DA:978,709140
DA:983,709140
DA:985,587560
DA:987,709134
DA:989,121574
DA:995,587566
DA:978,520257
DA:983,520257
DA:985,120770
DA:987,520251
DA:989,399481
DA:995,120776
DA:998,832907
DA:1000,832907
DA:1001,832907
DA:1002,832907
DA:1004,521067
DA:1008,521067
DA:1010,12
DA:1011,12
DA:1012,12
DA:1015,521055
DA:1016,521055
DA:1017,521055
DA:1020,810
DA:1023,810
DA:1024,810
DA:1031,709140
DA:1034,709140
DA:1038,709140
DA:1040,709140
DA:1043,709140
DA:1046,709140
DA:1047,709140
DA:1048,709140
DA:1050,587557
DA:1052,587557
DA:1053,587557
DA:1059,121583
DA:1065,121583
DA:1066,121583
DA:1068,810
DA:1071,810
DA:1072,810
DA:1073,810
DA:1075,519447
DA:1078,519447
DA:1080,519447
DA:1081,519447
DA:1083,398674
DA:1086,120773
DA:1087,241546
DA:1090,12
DA:1092,12
DA:1095,197
DA:1097,197
DA:1100,197
DA:1102,197
DA:1105,1556
DA:1107,1556
DA:1110,197
DA:1112,197
DA:1115,485530
DA:1117,485530
DA:1120,72
DA:1122,72
DA:1125,520319
DA:1127,520319
DA:1130,520319
DA:1132,520319
DA:1135,64
DA:1137,64
DA:1140,505
DA:1143,1010
DA:1144,505
DA:1145,253
DA:1149,505
DA:1151,505
DA:1152,505
DA:1153,505
DA:1154,505
DA:1155,505
DA:1156,505
DA:1157,505
DA:1158,505
DA:1159,505
DA:1160,505
DA:1161,505
DA:1162,505
DA:1163,505
DA:1164,505
DA:1165,505
DA:1168,505
DA:1169,505
DA:1170,505
DA:1171,505
DA:1172,505
DA:1173,505
DA:1174,505
DA:1175,505
DA:1176,505
DA:1177,505
DA:1178,505
DA:1180,505
DA:1183,505
DA:1185,505
DA:1188,253
DA:1188,505
end_of_record
SF:/usr/include/c++/9/bits/exception.h
FN:63,_ZNSt9exceptionC2Ev
FNDA:4,_ZNSt9exceptionC2Ev
DA:63,4
end_of_record
SF:/usr/include/c++/9/bits/ptr_traits.h
FN:145,_ZNSt14pointer_traitsIPNSt8__detail10_Hash_nodeIPhLb0EEEE10pointer_toERS3_
FNDA:3612,_ZNSt14pointer_traitsIPNSt8__detail10_Hash_nodeIPhLb0EEEE10pointer_toERS3_
FN:145,_ZNSt14pointer_traitsIPPNSt8__detail15_Hash_node_baseEE10pointer_toERS2_
FNDA:4,_ZNSt14pointer_traitsIPPNSt8__detail15_Hash_node_baseEE10pointer_toERS2_
FN:155,_ZSt12__to_addressIPNSt8__detail15_Hash_node_baseEEPT_S4_
FNDA:257,_ZSt12__to_addressIPNSt8__detail15_Hash_node_baseEEPT_S4_
FN:155,_ZSt12__to_addressINSt8__detail10_Hash_nodeIPhLb0EEEEPT_S5_
FNDA:3712,_ZSt12__to_addressINSt8__detail10_Hash_nodeIPhLb0EEEEPT_S5_
DA:145,3612
DA:146,3612
DA:145,4
DA:146,4
DA:155,257
DA:158,257
DA:155,3712
DA:158,3712
end_of_record
SF:/usr/include/c++/9/bits/stl_vector.h
FN:94,_ZNSt12_Vector_baseI24napi_property_descriptorSaIS0_EE17_Vector_impl_dataC2Ev
FNDA:505,_ZNSt12_Vector_baseI24napi_property_descriptorSaIS0_EE17_Vector_impl_dataC2Ev
FN:94,_ZNSt12_Vector_baseIP12napi_value__SaIS1_EE17_Vector_impl_dataC2Ev
FNDA:0,_ZNSt12_Vector_baseIP12napi_value__SaIS1_EE17_Vector_impl_dataC2Ev
FN:94,_ZNSt12_Vector_baseI11AsyncBufferSaIS0_EE17_Vector_impl_dataC2Ev
FNDA:1883970,_ZNSt12_Vector_baseI11AsyncBufferSaIS0_EE17_Vector_impl_dataC2Ev
FN:128,_ZNSt12_Vector_baseIP12napi_value__SaIS1_EE12_Vector_implC2Ev
FNDA:0,_ZNSt12_Vector_baseIP12napi_value__SaIS1_EE12_Vector_implC2Ev
FN:128,_ZNSt12_Vector_baseI11AsyncBufferSaIS0_EE12_Vector_implC2Ev
FNDA:1883970,_ZNSt12_Vector_baseI11AsyncBufferSaIS0_EE12_Vector_implC2Ev
FN:133,_ZNSt12_Vector_baseI24napi_property_descriptorSaIS0_EE12_Vector_implC2ERKS1_
FNDA:505,_ZNSt12_Vector_baseI24napi_property_descriptorSaIS0_EE12_Vector_implC2ERKS1_
FN:273,_ZNSt12_Vector_baseI11AsyncBufferSaIS0_EE19_M_get_Tp_allocatorEv
FNDA:2199240,_ZNSt12_Vector_baseI11AsyncBufferSaIS0_EE19_M_get_Tp_allocatorEv
FN:273,_ZNSt12_Vector_baseIP12napi_value__SaIS1_EE19_M_get_Tp_allocatorEv
FNDA:0,_ZNSt12_Vector_baseIP12napi_value__SaIS1_EE19_M_get_Tp_allocatorEv
FN:273,_ZNSt12_Vector_baseI24napi_property_descriptorSaIS0_EE19_M_get_Tp_allocatorEv
FNDA:1010,_ZNSt12_Vector_baseI24napi_property_descriptorSaIS0_EE19_M_get_Tp_allocatorEv
FN:277,_ZNKSt12_Vector_baseI11AsyncBufferSaIS0_EE19_M_get_Tp_allocatorEv
FNDA:630544,_ZNKSt12_Vector_baseI11AsyncBufferSaIS0_EE19_M_get_Tp_allocatorEv
FN:285,_ZNSt12_Vector_baseIP12napi_value__SaIS1_EEC2Ev
FNDA:0,_ZNSt12_Vector_baseIP12napi_value__SaIS1_EEC2Ev
FN:285,_ZNSt12_Vector_baseI11AsyncBufferSaIS0_EEC2Ev
FNDA:1883970,_ZNSt12_Vector_baseI11AsyncBufferSaIS0_EEC2Ev
FN:300,_ZNSt12_Vector_baseI24napi_property_descriptorSaIS0_EEC2EmRKS1_
FNDA:505,_ZNSt12_Vector_baseI24napi_property_descriptorSaIS0_EEC2EmRKS1_
FN:330,_ZNSt12_Vector_baseIP12napi_value__SaIS1_EED2Ev
FNDA:0,_ZNSt12_Vector_baseIP12napi_value__SaIS1_EED2Ev
FN:330,_ZNSt12_Vector_baseI11AsyncBufferSaIS0_EED2Ev
FNDA:1883970,_ZNSt12_Vector_baseI11AsyncBufferSaIS0_EED2Ev
FN:330,_ZNSt12_Vector_baseI24napi_property_descriptorSaIS0_EED2Ev
FNDA:505,_ZNSt12_Vector_baseI24napi_property_descriptorSaIS0_EED2Ev
FN:340,_ZNSt12_Vector_baseI11AsyncBufferSaIS0_EE11_M_allocateEm
FNDA:157636,_ZNSt12_Vector_baseI11AsyncBufferSaIS0_EE11_M_allocateEm
FN:340,_ZNSt12_Vector_baseI24napi_property_descriptorSaIS0_EE11_M_allocateEm
FNDA:505,_ZNSt12_Vector_baseI24napi_property_descriptorSaIS0_EE11_M_allocateEm
FN:347,_ZNSt12_Vector_baseIP12napi_value__SaIS1_EE13_M_deallocateEPS1_m
FNDA:0,_ZNSt12_Vector_baseIP12napi_value__SaIS1_EE13_M_deallocateEPS1_m
FN:347,_ZNSt12_Vector_baseI11AsyncBufferSaIS0_EE13_M_deallocateEPS0_m
FNDA:2041600,_ZNSt12_Vector_baseI11AsyncBufferSaIS0_EE13_M_deallocateEPS0_m
FN:347,_ZNSt12_Vector_baseI24napi_property_descriptorSaIS0_EE13_M_deallocateEPS0_m
FNDA:505,_ZNSt12_Vector_baseI24napi_property_descriptorSaIS0_EE13_M_deallocateEPS0_m
FN:356,_ZNSt12_Vector_baseI24napi_property_descriptorSaIS0_EE17_M_create_storageEm
FNDA:505,_ZNSt12_Vector_baseI24napi_property_descriptorSaIS0_EE17_M_create_storageEm
FN:428,_ZNSt6vectorI11AsyncBufferSaIS0_EE19_S_nothrow_relocateESt17integral_constantIbLb1EE
FNDA:157636,_ZNSt6vectorI11AsyncBufferSaIS0_EE19_S_nothrow_relocateESt17integral_constantIbLb1EE
FN:441,_ZNSt6vectorI11AsyncBufferSaIS0_EE15_S_use_relocateEv
FNDA:157636,_ZNSt6vectorI11AsyncBufferSaIS0_EE15_S_use_relocateEv
FN:450,_ZNSt6vectorI11AsyncBufferSaIS0_EE14_S_do_relocateEPS0_S3_S3_RS1_St17integral_constantIbLb1EE
FNDA:157636,_ZNSt6vectorI11AsyncBufferSaIS0_EE14_S_do_relocateEPS0_S3_S3_RS1_St17integral_constantIbLb1EE
FN:462,_ZNSt6vectorI11AsyncBufferSaIS0_EE11_S_relocateEPS0_S3_S3_RS1_
FNDA:157636,_ZNSt6vectorI11AsyncBufferSaIS0_EE11_S_relocateEPS0_S3_S3_RS1_
FN:484,_ZNSt6vectorI11AsyncBufferSaIS0_EEC2Ev
FNDA:1883970,_ZNSt6vectorI11AsyncBufferSaIS0_EEC2Ev
FN:484,_ZNSt6vectorIP12napi_value__SaIS1_EEC2Ev
FNDA:0,_ZNSt6vectorIP12napi_value__SaIS1_EEC2Ev
FN:507,_ZNSt6vectorI24napi_property_descriptorSaIS0_EEC2EmRKS1_
FNDA:505,_ZNSt6vectorI24napi_property_descriptorSaIS0_EEC2EmRKS1_
FN:675,_ZNSt6vectorI24napi_property_descriptorSaIS0_EED2Ev
FNDA:505,_ZNSt6vectorI24napi_property_descriptorSaIS0_EED2Ev
FN:675,_ZNSt6vectorI11AsyncBufferSaIS0_EED2Ev
FNDA:1883970,_ZNSt6vectorI11AsyncBufferSaIS0_EED2Ev
FN:675,_ZNSt6vectorIP12napi_value__SaIS1_EED2Ev
FNDA:0,_ZNSt6vectorIP12napi_value__SaIS1_EED2Ev
FN:915,_ZNKSt6vectorI11AsyncBufferSaIS0_EE4sizeEv
FNDA:2360500,_ZNKSt6vectorI11AsyncBufferSaIS0_EE4sizeEv
FN:915,_ZNKSt6vectorIP12napi_value__SaIS1_EE4sizeEv
FNDA:0,_ZNKSt6vectorIP12napi_value__SaIS1_EE4sizeEv
FN:920,_ZNKSt6vectorI11AsyncBufferSaIS0_EE8max_sizeEv
FNDA:630544,_ZNKSt6vectorI11AsyncBufferSaIS0_EE8max_sizeEv
FN:934,_ZNSt6vectorI11AsyncBufferSaIS0_EE6resizeEm
FNDA:157636,_ZNSt6vectorI11AsyncBufferSaIS0_EE6resizeEm
FN:1040,_ZNSt6vectorI24napi_property_descriptorSaIS0_EEixEm
FNDA:37875,_ZNSt6vectorI24napi_property_descriptorSaIS0_EEixEm
FN:1040,_ZNSt6vectorI11AsyncBufferSaIS0_EEixEm
FNDA:315272,_ZNSt6vectorI11AsyncBufferSaIS0_EEixEm
FN:1165,_ZNSt6vectorI24napi_property_descriptorSaIS0_EE4dataEv
FNDA:505,_ZNSt6vectorI24napi_property_descriptorSaIS0_EE4dataEv
FN:1169,_ZNKSt6vectorIP12napi_value__SaIS1_EE4dataEv
FNDA:0,_ZNKSt6vectorIP12napi_value__SaIS1_EE4dataEv
FN:1600,_ZNSt6vectorI24napi_property_descriptorSaIS0_EE21_M_default_initializeEm
FNDA:505,_ZNSt6vectorI24napi_property_descriptorSaIS0_EE21_M_default_initializeEm
FN:1753,_ZNKSt6vectorI11AsyncBufferSaIS0_EE12_M_check_lenEmPKc
FNDA:157636,_ZNKSt6vectorI11AsyncBufferSaIS0_EE12_M_check_lenEmPKc
FN:1764,_ZNSt6vectorI24napi_property_descriptorSaIS0_EE17_S_check_init_lenEmRKS1_
FNDA:505,_ZNSt6vectorI24napi_property_descriptorSaIS0_EE17_S_check_init_lenEmRKS1_
FN:1773,_ZNSt6vectorI11AsyncBufferSaIS0_EE11_S_max_sizeERKS1_
FNDA:630544,_ZNSt6vectorI11AsyncBufferSaIS0_EE11_S_max_sizeERKS1_
FN:1773,_ZNSt6vectorI24napi_property_descriptorSaIS0_EE11_S_max_sizeERKS1_
FNDA:505,_ZNSt6vectorI24napi_property_descriptorSaIS0_EE11_S_max_sizeERKS1_
FN:1789,_ZNSt6vectorI11AsyncBufferSaIS0_EE15_M_erase_at_endEPS0_
FNDA:0,_ZNSt6vectorI11AsyncBufferSaIS0_EE15_M_erase_at_endEPS0_
FN:1840,_ZNKSt6vectorIP12napi_value__SaIS1_EE11_M_data_ptrIS1_EEPT_S6_
FNDA:0,_ZNKSt6vectorIP12napi_value__SaIS1_EE11_M_data_ptrIS1_EEPT_S6_
FN:1840,_ZNKSt6vectorI24napi_property_descriptorSaIS0_EE11_M_data_ptrIS0_EEPT_S5_
FNDA:505,_ZNKSt6vectorI24napi_property_descriptorSaIS0_EE11_M_data_ptrIS0_EEPT_S5_
DA:94,505
DA:95,505
DA:96,505
DA:94,1883970
DA:95,1883970
DA:96,1883970
DA:94,0
DA:95,0
DA:96,0
DA:128,1883970
DA:130,1883970
DA:131,1883970
DA:128,0
DA:130,0
DA:131,0
DA:133,505
DA:134,505
DA:135,505
DA:273,1010
DA:274,1010
DA:273,2199240
DA:274,2199240
DA:273,0
DA:274,0
DA:277,630544
DA:278,630544
DA:285,1883970
DA:285,0
DA:300,505
DA:301,505
DA:302,505
DA:330,505
DA:332,505
DA:333,505
DA:334,505
DA:330,1883970
DA:332,1883970
DA:333,1883970
DA:334,1883970
DA:330,0
DA:332,0
DA:333,0
DA:334,0
DA:340,505
DA:343,505
DA:340,157636
DA:343,157636
DA:347,505
DA:350,505
DA:351,505
DA:352,505
DA:347,2041600
DA:350,2041600
DA:351,157636
DA:352,2041600
DA:347,0
DA:350,0
DA:351,0
DA:352,0
DA:356,505
DA:358,505
DA:359,505
DA:360,505
DA:361,505
DA:428,157636
DA:433,157636
DA:441,157636
DA:446,157636
DA:450,157636
DA:453,157636
DA:462,157636
DA:466,157636
DA:484,1883970
DA:484,0
DA:507,505
DA:508,505
DA:509,505
DA:675,505
DA:677,505
DA:678,505
DA:680,505
DA:675,1883970
DA:677,1883970
DA:678,1883970
DA:680,1883970
DA:675,0
DA:677,0
DA:678,0
DA:680,0
DA:915,2360500
DA:916,2360500
DA:915,0
DA:916,0
DA:920,630544
DA:921,630544
DA:934,157636
DA:936,157636
DA:937,157636
DA:938,0
DA:939,0
DA:940,157636
DA:1040,37875
DA:1043,37875
DA:1040,315272
DA:1043,315272
DA:1165,505
DA:1166,505
DA:1169,0
DA:1170,0
DA:1600,505
DA:1602,505
DA:1603,505
DA:1604,505
DA:1605,505
DA:1753,157636
DA:1755,157636
DA:1756,0
DA:1758,157636
DA:1759,157636
DA:1764,505
DA:1766,505
DA:1767,0
DA:1769,505
DA:1773,630544
DA:1778,630544
DA:1780,630544
DA:1781,630544
DA:1773,505
DA:1778,505
DA:1780,505
DA:1781,505
DA:1789,0
DA:1791,0
DA:1793,0
DA:1794,0
DA:1795,0
DA:1798,0
DA:1840,505
DA:1841,505
DA:1840,0
DA:1841,0
end_of_record
SF:/usr/include/c++/9/bits/unique_ptr.h
FN:75,_ZNKSt14default_deleteISt6vectorI11AsyncBufferSaIS1_EEEclEPS3_
FNDA:1883970,_ZNKSt14default_deleteISt6vectorI11AsyncBufferSaIS1_EEEclEPS3_
FN:147,_ZNSt15__uniq_ptr_implISt6vectorI11AsyncBufferSaIS1_EESt14default_deleteIS3_EEC2EPS3_
FNDA:1883970,_ZNSt15__uniq_ptr_implISt6vectorI11AsyncBufferSaIS1_EESt14default_deleteIS3_EEC2EPS3_
FN:147,_ZNSt15__uniq_ptr_implIi7CloseFDEC2EPi
FNDA:3712,_ZNSt15__uniq_ptr_implIi7CloseFDEC2EPi
FN:150,_ZNSt15__uniq_ptr_implISt6vectorI11AsyncBufferSaIS1_EESt14default_deleteIS3_EEC2IS5_EEPS3_OT_
FNDA:157415,_ZNSt15__uniq_ptr_implISt6vectorI11AsyncBufferSaIS1_EESt14default_deleteIS3_EEC2IS5_EEPS3_OT_
FN:153,_ZNSt15__uniq_ptr_implIi7CloseFDE6_M_ptrEv
FNDA:7424,_ZNSt15__uniq_ptr_implIi7CloseFDE6_M_ptrEv
FN:153,_ZNSt15__uniq_ptr_implISt6vectorI11AsyncBufferSaIS1_EESt14default_deleteIS3_EE6_M_ptrEv
FNDA:5966730,_ZNSt15__uniq_ptr_implISt6vectorI11AsyncBufferSaIS1_EESt14default_deleteIS3_EE6_M_ptrEv
FN:154,_ZNKSt15__uniq_ptr_implISt6vectorI11AsyncBufferSaIS1_EESt14default_deleteIS3_EE6_M_ptrEv
FNDA:2829360,_ZNKSt15__uniq_ptr_implISt6vectorI11AsyncBufferSaIS1_EESt14default_deleteIS3_EE6_M_ptrEv
FN:154,_ZNKSt15__uniq_ptr_implIi7CloseFDE6_M_ptrEv
FNDA:3952,_ZNKSt15__uniq_ptr_implIi7CloseFDE6_M_ptrEv
FN:155,_ZNSt15__uniq_ptr_implISt6vectorI11AsyncBufferSaIS1_EESt14default_deleteIS3_EE10_M_deleterEv
FNDA:3925350,_ZNSt15__uniq_ptr_implISt6vectorI11AsyncBufferSaIS1_EESt14default_deleteIS3_EE10_M_deleterEv
FN:155,_ZNSt15__uniq_ptr_implIi7CloseFDE10_M_deleterEv
FNDA:3712,_ZNSt15__uniq_ptr_implIi7CloseFDE10_M_deleterEv
FN:211,_ZNSt10unique_ptrIi7CloseFDEC2IS0_vEEPi
FNDA:3712,_ZNSt10unique_ptrIi7CloseFDEC2IS0_vEEPi
FN:211,_ZNSt10unique_ptrISt6vectorI11AsyncBufferSaIS1_EESt14default_deleteIS3_EEC2IS5_vEEPS3_
FNDA:1883970,_ZNSt10unique_ptrISt6vectorI11AsyncBufferSaIS1_EESt14default_deleteIS3_EEC2IS5_vEEPS3_
FN:257,_ZNSt10unique_ptrISt6vectorI11AsyncBufferSaIS1_EESt14default_deleteIS3_EEC2EOS6_
FNDA:157415,_ZNSt10unique_ptrISt6vectorI11AsyncBufferSaIS1_EESt14default_deleteIS3_EEC2EOS6_
FN:286,_ZNSt10unique_ptrISt6vectorI11AsyncBufferSaIS1_EESt14default_deleteIS3_EED2Ev
FNDA:2041380,_ZNSt10unique_ptrISt6vectorI11AsyncBufferSaIS1_EESt14default_deleteIS3_EED2Ev
FN:286,_ZNSt10unique_ptrIi7CloseFDED2Ev
FNDA:3712,_ZNSt10unique_ptrIi7CloseFDED2Ev
FN:305,_ZNSt10unique_ptrISt6vectorI11AsyncBufferSaIS1_EESt14default_deleteIS3_EEaSEOS6_
FNDA:941984,_ZNSt10unique_ptrISt6vectorI11AsyncBufferSaIS1_EESt14default_deleteIS3_EEaSEOS6_
FN:344,_ZNKSt10unique_ptrISt6vectorI11AsyncBufferSaIS1_EESt14default_deleteIS3_EEdeEv
FNDA:315272,_ZNKSt10unique_ptrISt6vectorI11AsyncBufferSaIS1_EESt14default_deleteIS3_EEdeEv
FN:344,_ZNKSt10unique_ptrIi7CloseFDEdeEv
FNDA:3952,_ZNKSt10unique_ptrIi7CloseFDEdeEv
FN:352,_ZNKSt10unique_ptrISt6vectorI11AsyncBufferSaIS1_EESt14default_deleteIS3_EEptEv
FNDA:1414690,_ZNKSt10unique_ptrISt6vectorI11AsyncBufferSaIS1_EESt14default_deleteIS3_EEptEv
FN:360,_ZNKSt10unique_ptrIi7CloseFDE3getEv
FNDA:3952,_ZNKSt10unique_ptrIi7CloseFDE3getEv
FN:360,_ZNKSt10unique_ptrISt6vectorI11AsyncBufferSaIS1_EESt14default_deleteIS3_EE3getEv
FNDA:2829360,_ZNKSt10unique_ptrISt6vectorI11AsyncBufferSaIS1_EESt14default_deleteIS3_EE3getEv
FN:365,_ZNSt10unique_ptrISt6vectorI11AsyncBufferSaIS1_EESt14default_deleteIS3_EE11get_deleterEv
FNDA:3925350,_ZNSt10unique_ptrISt6vectorI11AsyncBufferSaIS1_EESt14default_deleteIS3_EE11get_deleterEv
FN:365,_ZNSt10unique_ptrIi7CloseFDE11get_deleterEv
FNDA:3712,_ZNSt10unique_ptrIi7CloseFDE11get_deleterEv
FN:381,_ZNSt10unique_ptrISt6vectorI11AsyncBufferSaIS1_EESt14default_deleteIS3_EE7releaseEv
FNDA:1099400,_ZNSt10unique_ptrISt6vectorI11AsyncBufferSaIS1_EESt14default_deleteIS3_EE7releaseEv
FN:395,_ZNSt10unique_ptrISt6vectorI11AsyncBufferSaIS1_EESt14default_deleteIS3_EE5resetEPS3_
FNDA:941984,_ZNSt10unique_ptrISt6vectorI11AsyncBufferSaIS1_EESt14default_deleteIS3_EE5resetEPS3_
FN:856,_ZSt11make_uniqueISt6vectorI11AsyncBufferSaIS1_EEJEENSt9_MakeUniqIT_E15__single_objectEDpOT0_
FNDA:1883970,_ZSt11make_uniqueISt6vectorI11AsyncBufferSaIS1_EEJEENSt9_MakeUniqIT_E15__single_objectEDpOT0_
DA:75,1883970
DA:81,1883970
DA:82,1883970
DA:147,1883970
DA:147,3712
DA:150,157415
DA:151,157415
DA:153,5966730
DA:153,7424
DA:154,2829360
DA:154,3952
DA:155,3925350
DA:155,3712
DA:211,1883970
DA:212,1883970
DA:213,1883970
DA:211,3712
DA:212,3712
DA:213,3712
DA:257,157415
DA:258,157415
DA:286,2041380
DA:290,2041380
DA:291,2041380
DA:292,941984
DA:293,2041380
DA:294,2041380
DA:286,3712
DA:290,3712
DA:291,3712
DA:292,3712
DA:293,3712
DA:294,3712
DA:305,941984
DA:307,941984
DA:308,941984
DA:309,941984
DA:344,315272
DA:347,315272
DA:344,3952
DA:347,3952
DA:352,1414690
DA:355,1414690
DA:360,2829360
DA:361,2829360
DA:360,3952
DA:361,3952
DA:365,3925350
DA:366,3925350
DA:365,3712
DA:366,3712
DA:381,1099400
DA:383,1099400
DA:384,1099400
DA:385,1099400
DA:395,941984
DA:400,941984
DA:401,941984
DA:402,941984
DA:403,941984
DA:856,1883970
DA:857,1883970
end_of_record
SF:/usr/include/c++/9/new
FN:173,_ZnwmPv
FNDA:165281,_ZnwmPv
FN:179,_ZdlPvS_
FNDA:0,_ZdlPvS_
DA:173,165281
DA:174,165281
DA:179,0
end_of_record
SF:/usr/include/c++/9/bits/stl_iterator_base_funcs.h
FN:98,_ZSt10__distanceIPcENSt15iterator_traitsIT_E15difference_typeES2_S2_St26random_access_iterator_tag
FNDA:0,_ZSt10__distanceIPcENSt15iterator_traitsIT_E15difference_typeES2_S2_St26random_access_iterator_tag
FN:98,_ZSt10__distanceIPKcENSt15iterator_traitsIT_E15difference_typeES3_S3_St26random_access_iterator_tag
FNDA:0,_ZSt10__distanceIPKcENSt15iterator_traitsIT_E15difference_typeES3_S3_St26random_access_iterator_tag
FN:138,_ZSt8distanceIPcENSt15iterator_traitsIT_E15difference_typeES2_S2_
FNDA:0,_ZSt8distanceIPcENSt15iterator_traitsIT_E15difference_typeES2_S2_
FN:138,_ZSt8distanceIPKcENSt15iterator_traitsIT_E15difference_typeES3_S3_
FNDA:0,_ZSt8distanceIPKcENSt15iterator_traitsIT_E15difference_typeES3_S3_
DA:98,0
DA:104,0
DA:98,0
DA:104,0
DA:138,0
DA:141,0
DA:142,0
DA:138,0
DA:141,0
DA:142,0
end_of_record
SF:/usr/include/c++/9/bits/hashtable.h
FN:342,_ZNKSt10_HashtableIPhS0_SaIS0_ENSt8__detail9_IdentityESt8equal_toIS0_ESt4hashIS0_ENS2_18_Mod_range_hashingENS2_20_Default_ranged_hashENS2_20_Prime_rehash_policyENS2_17_Hashtable_traitsILb0ELb1ELb1EEEE21_M_uses_single_bucketEPPNS2_15_Hash_node_baseE
FNDA:257,_ZNKSt10_HashtableIPhS0_SaIS0_ENSt8__detail9_IdentityESt8equal_toIS0_ESt4hashIS0_ENS2_18_Mod_range_hashingENS2_20_Default_ranged_hashENS2_20_Prime_rehash_policyENS2_17_Hashtable_traitsILb0ELb1ELb1EEEE21_M_uses_single_bucketEPPNS2_15_Hash_node_baseE
FN:353,_ZNSt10_HashtableIPhS0_SaIS0_ENSt8__detail9_IdentityESt8equal_toIS0_ESt4hashIS0_ENS2_18_Mod_range_hashingENS2_20_Default_ranged_hashENS2_20_Prime_rehash_policyENS2_17_Hashtable_traitsILb0ELb1ELb1EEEE19_M_allocate_bucketsEm
FNDA:257,_ZNSt10_HashtableIPhS0_SaIS0_ENSt8__detail9_IdentityESt8equal_toIS0_ESt4hashIS0_ENS2_18_Mod_range_hashingENS2_20_Default_ranged_hashENS2_20_Prime_rehash_policyENS2_17_Hashtable_traitsILb0ELb1ELb1EEEE19_M_allocate_bucketsEm
FN:365,_ZNSt10_HashtableIPhS0_SaIS0_ENSt8__detail9_IdentityESt8equal_toIS0_ESt4hashIS0_ENS2_18_Mod_range_hashingENS2_20_Default_ranged_hashENS2_20_Prime_rehash_policyENS2_17_Hashtable_traitsILb0ELb1ELb1EEEE21_M_deallocate_bucketsEPPNS2_15_Hash_node_baseEm
FNDA:257,_ZNSt10_HashtableIPhS0_SaIS0_ENSt8__detail9_IdentityESt8equal_toIS0_ESt4hashIS0_ENS2_18_Mod_range_hashingENS2_20_Default_ranged_hashENS2_20_Prime_rehash_policyENS2_17_Hashtable_traitsILb0ELb1ELb1EEEE21_M_deallocate_bucketsEPPNS2_15_Hash_node_baseEm
FN:374,_ZNSt10_HashtableIPhS0_SaIS0_ENSt8__detail9_IdentityESt8equal_toIS0_ESt4hashIS0_ENS2_18_Mod_range_hashingENS2_20_Default_ranged_hashENS2_20_Prime_rehash_policyENS2_17_Hashtable_traitsILb0ELb1ELb1EEEE21_M_deallocate_bucketsEv
FNDA:257,_ZNSt10_HashtableIPhS0_SaIS0_ENSt8__detail9_IdentityESt8equal_toIS0_ESt4hashIS0_ENS2_18_Mod_range_hashingENS2_20_Default_ranged_hashENS2_20_Prime_rehash_policyENS2_17_Hashtable_traitsILb0ELb1ELb1EEEE21_M_deallocate_bucketsEv
FN:383,_ZNKSt10_HashtableIPhS0_SaIS0_ENSt8__detail9_IdentityESt8equal_toIS0_ESt4hashIS0_ENS2_18_Mod_range_hashingENS2_20_Default_ranged_hashENS2_20_Prime_rehash_policyENS2_17_Hashtable_traitsILb0ELb1ELb1EEEE8_M_beginEv
FNDA:257,_ZNKSt10_HashtableIPhS0_SaIS0_ENSt8__detail9_IdentityESt8equal_toIS0_ESt4hashIS0_ENS2_18_Mod_range_hashingENS2_20_Default_ranged_hashENS2_20_Prime_rehash_policyENS2_17_Hashtable_traitsILb0ELb1ELb1EEEE8_M_beginEv
FN:414,_ZNSt10_HashtableIPhS0_SaIS0_ENSt8__detail9_IdentityESt8equal_toIS0_ESt4hashIS0_ENS2_18_Mod_range_hashingENS2_20_Default_ranged_hashENS2_20_Prime_rehash_policyENS2_17_Hashtable_traitsILb0ELb1ELb1EEEEC2Ev
FNDA:253,_ZNSt10_HashtableIPhS0_SaIS0_ENSt8__detail9_IdentityESt8equal_toIS0_ESt4hashIS0_ENS2_18_Mod_range_hashingENS2_20_Default_ranged_hashENS2_20_Prime_rehash_policyENS2_17_Hashtable_traitsILb0ELb1ELb1EEEEC2Ev
FN:512,_ZNSt10_HashtableIPhS0_SaIS0_ENSt8__detail9_IdentityESt8equal_toIS0_ESt4hashIS0_ENS2_18_Mod_range_hashingENS2_20_Default_ranged_hashENS2_20_Prime_rehash_policyENS2_17_Hashtable_traitsILb0ELb1ELb1EEEE3endEv
FNDA:10088,_ZNSt10_HashtableIPhS0_SaIS0_ENSt8__detail9_IdentityESt8equal_toIS0_ESt4hashIS0_ENS2_18_Mod_range_hashingENS2_20_Default_ranged_hashENS2_20_Prime_rehash_policyENS2_17_Hashtable_traitsILb0ELb1ELb1EEEE3endEv
FN:639,_ZNKSt10_HashtableIPhS0_SaIS0_ENSt8__detail9_IdentityESt8equal_toIS0_ESt4hashIS0_ENS2_18_Mod_range_hashingENS2_20_Default_ranged_hashENS2_20_Prime_rehash_policyENS2_17_Hashtable_traitsILb0ELb1ELb1EEEE15_M_bucket_indexEPNS2_10_Hash_nodeIS0_Lb0EEE
FNDA:11108,_ZNKSt10_HashtableIPhS0_SaIS0_ENSt8__detail9_IdentityESt8equal_toIS0_ESt4hashIS0_ENS2_18_Mod_range_hashingENS2_20_Default_ranged_hashENS2_20_Prime_rehash_policyENS2_17_Hashtable_traitsILb0ELb1ELb1EEEE15_M_bucket_indexEPNS2_10_Hash_nodeIS0_Lb0EEE
FN:643,_ZNKSt10_HashtableIPhS0_SaIS0_ENSt8__detail9_IdentityESt8equal_toIS0_ESt4hashIS0_ENS2_18_Mod_range_hashingENS2_20_Default_ranged_hashENS2_20_Prime_rehash_policyENS2_17_Hashtable_traitsILb0ELb1ELb1EEEE15_M_bucket_indexERKS0_m
FNDA:13957,_ZNKSt10_HashtableIPhS0_SaIS0_ENSt8__detail9_IdentityESt8equal_toIS0_ESt4hashIS0_ENS2_18_Mod_range_hashingENS2_20_Default_ranged_hashENS2_20_Prime_rehash_policyENS2_17_Hashtable_traitsILb0ELb1ELb1EEEE15_M_bucket_indexERKS0_m
FN:652,_ZNKSt10_HashtableIPhS0_SaIS0_ENSt8__detail9_IdentityESt8equal_toIS0_ESt4hashIS0_ENS2_18_Mod_range_hashingENS2_20_Default_ranged_hashENS2_20_Prime_rehash_policyENS2_17_Hashtable_traitsILb0ELb1ELb1EEEE12_M_find_nodeEmRKS0_m
FNDA:10088,_ZNKSt10_HashtableIPhS0_SaIS0_ENSt8__detail9_IdentityESt8equal_toIS0_ESt4hashIS0_ENS2_18_Mod_range_hashingENS2_20_Default_ranged_hashENS2_20_Prime_rehash_policyENS2_17_Hashtable_traitsILb0ELb1ELb1EEEE12_M_find_nodeEmRKS0_m
FN:748,_ZNSt10_HashtableIPhS0_SaIS0_ENSt8__detail9_IdentityESt8equal_toIS0_ESt4hashIS0_ENS2_18_Mod_range_hashingENS2_20_Default_ranged_hashENS2_20_Prime_rehash_policyENS2_17_Hashtable_traitsILb0ELb1ELb1EEEE7emplaceIJRS0_EEESt4pairINS2_14_Node_iteratorIS0_Lb1ELb0EEEbEDpOT_
FNDA:3712,_ZNSt10_HashtableIPhS0_SaIS0_ENSt8__detail9_IdentityESt8equal_toIS0_ESt4hashIS0_ENS2_18_Mod_range_hashingENS2_20_Default_ranged_hashENS2_20_Prime_rehash_policyENS2_17_Hashtable_traitsILb0ELb1ELb1EEEE7emplaceIJRS0_EEESt4pairINS2_14_Node_iteratorIS0_Lb1ELb0EEEbEDpOT_
FN:771,_ZNSt10_HashtableIPhS0_SaIS0_ENSt8__detail9_IdentityESt8equal_toIS0_ESt4hashIS0_ENS2_18_Mod_range_hashingENS2_20_Default_ranged_hashENS2_20_Prime_rehash_policyENS2_17_Hashtable_traitsILb0ELb1ELb1EEEE5eraseERKS0_
FNDA:3612,_ZNSt10_HashtableIPhS0_SaIS0_ENSt8__detail9_IdentityESt8equal_toIS0_ESt4hashIS0_ENS2_18_Mod_range_hashingENS2_20_Default_ranged_hashENS2_20_Prime_rehash_policyENS2_17_Hashtable_traitsILb0ELb1ELb1EEEE5eraseERKS0_
FN:1412,_ZNSt10_HashtableIPhS0_SaIS0_ENSt8__detail9_IdentityESt8equal_toIS0_ESt4hashIS0_ENS2_18_Mod_range_hashingENS2_20_Default_ranged_hashENS2_20_Prime_rehash_policyENS2_17_Hashtable_traitsILb0ELb1ELb1EEEE4findERKS0_
FNDA:6376,_ZNSt10_HashtableIPhS0_SaIS0_ENSt8__detail9_IdentityESt8equal_toIS0_ESt4hashIS0_ENS2_18_Mod_range_hashingENS2_20_Default_ranged_hashENS2_20_Prime_rehash_policyENS2_17_Hashtable_traitsILb0ELb1ELb1EEEE4findERKS0_
FN:1532,_ZNKSt10_HashtableIPhS0_SaIS0_ENSt8__detail9_IdentityESt8equal_toIS0_ESt4hashIS0_ENS2_18_Mod_range_hashingENS2_20_Default_ranged_hashENS2_20_Prime_rehash_policyENS2_17_Hashtable_traitsILb0ELb1ELb1EEEE19_M_find_before_nodeEmRKS0_m
FNDA:13700,_ZNKSt10_HashtableIPhS0_SaIS0_ENSt8__detail9_IdentityESt8equal_toIS0_ESt4hashIS0_ENS2_18_Mod_range_hashingENS2_20_Default_ranged_hashENS2_20_Prime_rehash_policyENS2_17_Hashtable_traitsILb0ELb1ELb1EEEE19_M_find_before_nodeEmRKS0_m
FN:1560,_ZNSt10_HashtableIPhS0_SaIS0_ENSt8__detail9_IdentityESt8equal_toIS0_ESt4hashIS0_ENS2_18_Mod_range_hashingENS2_20_Default_ranged_hashENS2_20_Prime_rehash_policyENS2_17_Hashtable_traitsILb0ELb1ELb1EEEE22_M_insert_bucket_beginEmPNS2_10_Hash_nodeIS0_Lb0EEE
FNDA:3712,_ZNSt10_HashtableIPhS0_SaIS0_ENSt8__detail9_IdentityESt8equal_toIS0_ESt4hashIS0_ENS2_18_Mod_range_hashingENS2_20_Default_ranged_hashENS2_20_Prime_rehash_policyENS2_17_Hashtable_traitsILb0ELb1ELb1EEEE22_M_insert_bucket_beginEmPNS2_10_Hash_nodeIS0_Lb0EEE
FN:1591,_ZNSt10_HashtableIPhS0_SaIS0_ENSt8__detail9_IdentityESt8equal_toIS0_ESt4hashIS0_ENS2_18_Mod_range_hashingENS2_20_Default_ranged_hashENS2_20_Prime_rehash_policyENS2_17_Hashtable_traitsILb0ELb1ELb1EEEE22_M_remove_bucket_beginEmPNS2_10_Hash_nodeIS0_Lb0EEEm
FNDA:1371,_ZNSt10_HashtableIPhS0_SaIS0_ENSt8__detail9_IdentityESt8equal_toIS0_ESt4hashIS0_ENS2_18_Mod_range_hashingENS2_20_Default_ranged_hashENS2_20_Prime_rehash_policyENS2_17_Hashtable_traitsILb0ELb1ELb1EEEE22_M_remove_bucket_beginEmPNS2_10_Hash_nodeIS0_Lb0EEEm
FN:1632,_ZNSt10_HashtableIPhS0_SaIS0_ENSt8__detail9_IdentityESt8equal_toIS0_ESt4hashIS0_ENS2_18_Mod_range_hashingENS2_20_Default_ranged_hashENS2_20_Prime_rehash_policyENS2_17_Hashtable_traitsILb0ELb1ELb1EEEE10_M_emplaceIJRS0_EEESt4pairINS2_14_Node_iteratorIS0_Lb1ELb0EEEbESt17integral_constantIbLb1EEDpOT_
FNDA:3712,_ZNSt10_HashtableIPhS0_SaIS0_ENSt8__detail9_IdentityESt8equal_toIS0_ESt4hashIS0_ENS2_18_Mod_range_hashingENS2_20_Default_ranged_hashENS2_20_Prime_rehash_policyENS2_17_Hashtable_traitsILb0ELb1ELb1EEEE10_M_emplaceIJRS0_EEESt4pairINS2_14_Node_iteratorIS0_Lb1ELb0EEEbESt17integral_constantIbLb1EEDpOT_
FN:1698,_ZNSt10_HashtableIPhS0_SaIS0_ENSt8__detail9_IdentityESt8equal_toIS0_ESt4hashIS0_ENS2_18_Mod_range_hashingENS2_20_Default_ranged_hashENS2_20_Prime_rehash_policyENS2_17_Hashtable_traitsILb0ELb1ELb1EEEE21_M_insert_unique_nodeEmmPNS2_10_Hash_nodeIS0_Lb0EEEm
FNDA:3712,_ZNSt10_HashtableIPhS0_SaIS0_ENSt8__detail9_IdentityESt8equal_toIS0_ESt4hashIS0_ENS2_18_Mod_range_hashingENS2_20_Default_ranged_hashENS2_20_Prime_rehash_policyENS2_17_Hashtable_traitsILb0ELb1ELb1EEEE21_M_insert_unique_nodeEmmPNS2_10_Hash_nodeIS0_Lb0EEEm
FN:1869,_ZNSt10_HashtableIPhS0_SaIS0_ENSt8__detail9_IdentityESt8equal_toIS0_ESt4hashIS0_ENS2_18_Mod_range_hashingENS2_20_Default_ranged_hashENS2_20_Prime_rehash_policyENS2_17_Hashtable_traitsILb0ELb1ELb1EEEE8_M_eraseEmPNS2_15_Hash_node_baseEPNS2_10_Hash_nodeIS0_Lb0EEE
FNDA:3612,_ZNSt10_HashtableIPhS0_SaIS0_ENSt8__detail9_IdentityESt8equal_toIS0_ESt4hashIS0_ENS2_18_Mod_range_hashingENS2_20_Default_ranged_hashENS2_20_Prime_rehash_policyENS2_17_Hashtable_traitsILb0ELb1ELb1EEEE8_M_eraseEmPNS2_15_Hash_node_baseEPNS2_10_Hash_nodeIS0_Lb0EEE
FN:1897,_ZNSt10_HashtableIPhS0_SaIS0_ENSt8__detail9_IdentityESt8equal_toIS0_ESt4hashIS0_ENS2_18_Mod_range_hashingENS2_20_Default_ranged_hashENS2_20_Prime_rehash_policyENS2_17_Hashtable_traitsILb0ELb1ELb1EEEE8_M_eraseESt17integral_constantIbLb1EERKS0_
FNDA:3612,_ZNSt10_HashtableIPhS0_SaIS0_ENSt8__detail9_IdentityESt8equal_toIS0_ESt4hashIS0_ENS2_18_Mod_range_hashingENS2_20_Default_ranged_hashENS2_20_Prime_rehash_policyENS2_17_Hashtable_traitsILb0ELb1ELb1EEEE8_M_eraseESt17integral_constantIbLb1EERKS0_
FN:2061,_ZNSt10_HashtableIPhS0_SaIS0_ENSt8__detail9_IdentityESt8equal_toIS0_ESt4hashIS0_ENS2_18_Mod_range_hashingENS2_20_Default_ranged_hashENS2_20_Prime_rehash_policyENS2_17_Hashtable_traitsILb0ELb1ELb1EEEE9_M_rehashEmRKm
FNDA:257,_ZNSt10_HashtableIPhS0_SaIS0_ENSt8__detail9_IdentityESt8equal_toIS0_ESt4hashIS0_ENS2_18_Mod_range_hashingENS2_20_Default_ranged_hashENS2_20_Prime_rehash_policyENS2_17_Hashtable_traitsILb0ELb1ELb1EEEE9_M_rehashEmRKm
FN:2084,_ZNSt10_HashtableIPhS0_SaIS0_ENSt8__detail9_IdentityESt8equal_toIS0_ESt4hashIS0_ENS2_18_Mod_range_hashingENS2_20_Default_ranged_hashENS2_20_Prime_rehash_policyENS2_17_Hashtable_traitsILb0ELb1ELb1EEEE13_M_rehash_auxEmSt17integral_constantIbLb1EE
FNDA:257,_ZNSt10_HashtableIPhS0_SaIS0_ENSt8__detail9_IdentityESt8equal_toIS0_ESt4hashIS0_ENS2_18_Mod_range_hashingENS2_20_Default_ranged_hashENS2_20_Prime_rehash_policyENS2_17_Hashtable_traitsILb0ELb1ELb1EEEE13_M_rehash_auxEmSt17integral_constantIbLb1EE
DA:342,257
DA:343,257
DA:353,257
DA:355,257
DA:357,0
DA:358,0
DA:361,257
DA:365,257
DA:367,257
DA:368,253
DA:370,4
DA:374,257
DA:375,257
DA:383,257
DA:384,257
DA:414,253
DA:512,10088
DA:513,10088
DA:639,11108
DA:640,11108
DA:643,13957
DA:644,13957
DA:652,10088
DA:655,10088
DA:656,10088
DA:657,2664
DA:658,7424
DA:748,3712
DA:749,3712
DA:771,3612
DA:772,3612
DA:1412,6376
DA:1417,6376
DA:1418,6376
DA:1419,6376
DA:1420,6376
DA:1532,13700
DA:1538,13700
DA:1539,13700
DA:1540,2854
DA:1542,10846
DA:1543,2283
DA:1545,13129
DA:1546,6276
DA:1548,6853
DA:1549,4570
DA:1550,2283
DA:1552,4570
DA:1560,3712
DA:1564,3712
DA:1568,2283
DA:1569,2283
DA:1576,1429
DA:1577,1429
DA:1578,1429
DA:1581,1138
DA:1582,1429
DA:1584,3712
DA:1591,1371
DA:1596,1371
DA:1600,1337
DA:1601,932
DA:1604,1337
DA:1605,372
DA:1606,1337
DA:1608,1371
DA:1632,3712
DA:1638,3712
DA:1639,3712
DA:1643,3712
DA:1645,0
DA:1647,0
DA:1648,0
DA:1651,3712
DA:1652,3712
DA:1655,0
DA:1656,0
DA:1660,3712
DA:1661,7424
DA:1698,3712
DA:1704,3712
[...]
DA:3248,0
DA:3249,12625
DA:3250,7575
DA:3251,0
DA:3253,0
DA:3254,0
DA:3255,7575
DA:3256,0
DA:3258,0
DA:3259,0
DA:3264,1010
DA:3268,505
DA:3273,505
DA:3276,505
DA:3277,505
DA:3551,505
DA:3555,505
DA:3556,505
DA:3557,505
DA:3558,505
DA:3559,505
DA:3560,505
DA:3551,505
DA:3555,505
DA:3556,505
DA:3557,505
DA:3558,505
DA:3559,505
DA:3560,505
DA:3551,505
DA:3555,505
DA:3556,505
DA:3557,505
DA:3558,505
DA:3559,505
DA:3560,505
DA:3551,505
DA:3555,505
DA:3556,505
DA:3557,505
DA:3558,505
DA:3559,505
DA:3560,505
DA:3551,505
DA:3555,505
DA:3556,505
DA:3557,505
DA:3558,505
DA:3559,505
DA:3560,505
DA:3565,505
DA:3569,505
DA:3570,505
DA:3571,505
DA:3572,505
DA:3573,505
DA:3574,505
DA:3565,505
DA:3569,505
DA:3570,505
DA:3571,505
DA:3572,505
DA:3573,505
DA:3574,505
DA:3565,505
DA:3569,505
DA:3570,505
DA:3571,505
DA:3572,505
DA:3573,505
DA:3574,505
DA:3565,505
DA:3569,505
DA:3570,505
DA:3571,505
DA:3572,505
DA:3573,505
DA:3574,505
DA:3565,505
DA:3569,505
DA:3570,505
DA:3571,505
DA:3572,505
DA:3573,505
DA:3574,505
DA:3565,505
DA:3569,505
DA:3570,505
DA:3571,505
DA:3572,505
DA:3573,505
DA:3574,505
DA:3565,505
DA:3569,505
DA:3570,505
DA:3571,505
DA:3572,505
DA:3573,505
DA:3574,505
DA:3565,505
DA:3569,505
DA:3570,505
DA:3571,505
DA:3572,505
DA:3573,505
DA:3574,505
DA:3565,505
DA:3569,505
DA:3570,505
DA:3571,505
DA:3572,505
DA:3573,505
DA:3574,505
DA:3565,505
DA:3569,505
DA:3570,505
DA:3571,505
DA:3572,505
DA:3573,505
DA:3574,505
DA:3646,505
DA:3650,505
DA:3651,505
DA:3652,505
DA:3653,505
DA:3654,505
DA:3655,505
DA:3656,505
DA:3646,505
DA:3650,505
DA:3651,505
DA:3652,505
DA:3653,505
DA:3654,505
DA:3655,505
DA:3656,505
DA:3646,505
DA:3650,505
DA:3651,505
DA:3652,505
DA:3653,505
DA:3654,505
DA:3655,505
DA:3656,505
DA:3646,505
DA:3650,505
DA:3651,505
DA:3652,505
DA:3653,505
DA:3654,505
DA:3655,505
DA:3656,505
DA:3646,505
DA:3650,505
DA:3651,505
DA:3652,505
DA:3653,505
DA:3654,505
DA:3655,505
DA:3656,505
DA:3646,505
DA:3650,505
DA:3651,505
DA:3652,505
DA:3653,505
DA:3654,505
DA:3655,505
DA:3656,505
DA:3646,505
DA:3650,505
DA:3651,505
DA:3652,505
DA:3653,505
DA:3654,505
DA:3655,505
DA:3656,505
DA:3646,505
DA:3650,505
DA:3651,505
DA:3652,505
DA:3653,505
DA:3654,505
DA:3655,505
DA:3656,505
DA:3646,505
DA:3650,505
DA:3651,505
DA:3652,505
DA:3653,505
DA:3654,505
DA:3655,505
DA:3656,505
DA:3646,505
DA:3650,505
DA:3651,505
DA:3652,505
DA:3653,505
DA:3654,505
DA:3655,505
DA:3656,505
DA:3720,3612
DA:3723,3716
DA:3727,3716
DA:3728,3716
DA:3730,3716
DA:3731,3716
DA:3732,0
DA:3733,0
DA:3736,3716
DA:3737,7432
DA:3738,3716
DA:3740,3712
DA:3751,7424
DA:3754,3716
DA:3758,0
DA:3761,0
DA:3762,0
DA:3764,0
DA:3765,0
DA:3766,0
DA:3767,0
DA:3768,0
DA:3772,0
DA:3775,0
DA:3776,0
DA:3778,0
DA:3779,0
DA:3780,0
DA:3781,0
DA:3785,0
DA:3788,0
DA:3789,0
DA:3791,0
DA:3792,0
DA:3793,0
DA:3794,0
DA:3798,0
DA:3801,0
DA:3802,0
DA:3804,0
DA:3805,0
DA:3806,0
DA:3807,0
DA:3808,0
DA:3812,0
DA:3815,0
DA:3816,0
DA:3818,0
DA:3819,0
DA:3820,0
DA:3821,0
DA:3822,0
DA:3823,0
DA:3824,0
DA:3828,0
DA:3831,0
DA:3832,0
DA:3834,0
DA:3835,0
DA:3836,0
DA:3837,0
DA:3838,0
DA:3839,0
DA:3843,0
DA:3846,0
DA:3847,0
DA:3849,0
DA:3850,0
DA:3851,0
DA:3852,0
DA:3853,0
DA:3854,0
DA:3858,0
DA:3861,0
DA:3862,0
DA:3864,0
DA:3865,0
DA:3866,0
DA:3867,0
DA:3868,0
DA:3869,0
DA:3870,0
DA:3874,3612
DA:3875,3612
DA:3876,3612
DA:3877,3612
DA:3878,3612
DA:3899,810
DA:3900,810
DA:3905,810
DA:3899,11
DA:3900,11
DA:3905,11
DA:3899,807
DA:3900,807
DA:3905,807
DA:3899,12
DA:3900,12
DA:3905,12
DA:3899,3208
DA:3900,3208
DA:3905,3208
DA:3900,810
DA:3900,11
DA:3900,807
DA:3900,12
DA:3900,3208
DA:3901,4848
DA:3902,4848
DA:3903,4848
DA:3904,9696
DA:3910,485461
DA:3911,485461
DA:3915,485461
DA:3910,519441
DA:3911,519441
DA:3915,519441
DA:3910,807
DA:3911,807
DA:3915,807
DA:3910,24
DA:3911,24
DA:3915,24
DA:3910,11
DA:3911,11
DA:3915,11
DA:3910,519447
DA:3911,519447
DA:3915,519447
DA:3910,810
DA:3911,810
DA:3915,810
DA:3910,76
DA:3911,76
DA:3915,76
DA:3910,485446
DA:3911,485446
DA:3915,485446
DA:3910,12
DA:3911,12
DA:3915,12
DA:3910,72
DA:3911,72
DA:3915,72
DA:3910,485530
DA:3911,485530
DA:3915,485530
DA:3910,520319
DA:3911,520319
DA:3915,520319
DA:3910,520319
DA:3911,520319
DA:3915,520319
DA:3910,64
DA:3911,64
DA:3915,64
DA:3910,12
DA:3911,12
DA:3915,12
DA:3910,197
DA:3911,197
DA:3915,197
DA:3910,197
DA:3911,197
DA:3915,197
DA:3910,1556
DA:3911,1556
DA:3915,1556
DA:3910,197
DA:3911,197
DA:3915,197
DA:3911,485461
DA:3911,519441
DA:3911,807
DA:3911,24
DA:3911,11
DA:3911,519447
DA:3911,810
DA:3911,76
DA:3911,485446
DA:3911,12
DA:3911,72
DA:3911,485530
DA:3911,520319
DA:3911,520319
DA:3911,64
DA:3911,12
DA:3911,197
DA:3911,197
DA:3911,1556
DA:3911,197
DA:3912,7080000
DA:3913,3540000
DA:3914,7080000
DA:3947,1832470
DA:3948,1832470
DA:3949,1832470
DA:3950,1832470
DA:3952,3664940
DA:3953,1832470
DA:3954,1832470
DA:3957,1832470
DA:3975,291979
DA:3976,291979
DA:3977,291979
DA:3978,291979
DA:3980,583958
DA:3981,291979
DA:3982,291979
DA:3985,291979
DA:3991,291979
DA:3992,291979
DA:3995,291979
DA:3997,291979
DA:3998,291979
DA:3999,291979
DA:4019,0
DA:4024,0
DA:4019,0
DA:4020,0
DA:4021,0
DA:4024,0
DA:4057,0
DA:4062,0
DA:4057,0
DA:4058,0
DA:4059,0
DA:4060,0
DA:4062,0
DA:4091,1832460
DA:4092,1832460
DA:4093,1832460
DA:4095,1832460
DA:4096,1832460
DA:4097,1832460
DA:4098,1832460
DA:4100,1832460
DA:4102,1832460
DA:4103,1832460
DA:4106,1832460
DA:4107,1832460
DA:4123,1832460
DA:4126,1832460
DA:4127,0
DA:4130,1832460
DA:4132,1832460
DA:4134,1832460
DA:4136,1832460
DA:4138,1832460
DA:4139,1832460
DA:4167,0
DA:4172,0
DA:4167,1832460
DA:4168,1832460
DA:4169,1832460
DA:4170,1832460
DA:4172,1832460
DA:4174,1832460
DA:4175,1832460
DA:4176,1832460
DA:4205,2117020
DA:4206,2117020
DA:4209,1832460
DA:4210,1832460
DA:4211,1832460
DA:4212,1832460
DA:4219,284555
DA:4220,284555
DA:4223,1832460
DA:4224,1832460
DA:4231,0
DA:4232,0
DA:4233,0
DA:4235,0
DA:4237,0
DA:4238,0
DA:4239,0
DA:4241,0
DA:4243,0
DA:4244,0
DA:4245,0
DA:4247,0
DA:4248,0
DA:4254,1832460
DA:4255,1832460
DA:4256,1832460
DA:4257,1832460
DA:4262,1832460
DA:4265,1832460
DA:4266,0
DA:4267,0
DA:4272,1832460
DA:4274,1832460
DA:4277,1832460
DA:4278,1832460
DA:4279,1832460
DA:4280,1832460
DA:4281,1832460
DA:4282,3664930
DA:4283,1832460
DA:4284,1832460
DA:4285,1832460
DA:4288,0
DA:4290,1832460
DA:4293,1832460
DA:4294,1832460
DA:4296,1832460
end_of_record
SF:/usr/include/x86_64-linux-gnu/c++/9/bits/gthr-default.h
FN:248,_ZL18__gthread_active_pv
FNDA:23082,_ZL18__gthread_active_pv
FN:746,_ZL20__gthread_mutex_lockP15pthread_mutex_t
FNDA:11541,_ZL20__gthread_mutex_lockP15pthread_mutex_t
FN:776,_ZL22__gthread_mutex_unlockP15pthread_mutex_t
FNDA:11541,_ZL22__gthread_mutex_unlockP15pthread_mutex_t
DA:248,23082
DA:252,23082
DA:746,11541
DA:748,11541
DA:749,11541
DA:751,0
DA:776,11541
DA:778,11541
DA:779,11541
DA:781,0
end_of_record
SF:/usr/include/c++/9/bits/stl_iterator.h
FN:1057,_ZNSt13move_iteratorIP11AsyncBufferEC2ES1_
FNDA:0,_ZNSt13move_iteratorIP11AsyncBufferEC2ES1_
FN:1066,_ZNKSt13move_iteratorIP11AsyncBufferE4baseEv
FNDA:0,_ZNKSt13move_iteratorIP11AsyncBufferE4baseEv
FN:1070,_ZNKSt13move_iteratorIP11AsyncBufferEdeEv
FNDA:0,_ZNKSt13move_iteratorIP11AsyncBufferEdeEv
FN:1078,_ZNSt13move_iteratorIP11AsyncBufferEppEv
FNDA:0,_ZNSt13move_iteratorIP11AsyncBufferEppEv
FN:1145,_ZSteqIP11AsyncBufferEbRKSt13move_iteratorIT_ES6_
FNDA:0,_ZSteqIP11AsyncBufferEbRKSt13move_iteratorIT_ES6_
FN:1157,_ZStneIP11AsyncBufferEbRKSt13move_iteratorIT_ES6_
FNDA:0,_ZStneIP11AsyncBufferEbRKSt13move_iteratorIT_ES6_
FN:1242,_ZSt32__make_move_if_noexcept_iteratorI11AsyncBufferSt13move_iteratorIPS0_EET0_PT_
FNDA:0,_ZSt32__make_move_if_noexcept_iteratorI11AsyncBufferSt13move_iteratorIPS0_EET0_PT_
DA:1057,0
DA:1058,0
DA:1066,0
DA:1067,0
DA:1070,0
DA:1071,0
DA:1078,0
DA:1080,0
DA:1081,0
DA:1145,0
DA:1147,0
DA:1157,0
DA:1159,0
DA:1242,0
DA:1243,0
end_of_record
SF:/usr/include/c++/9/bits/stl_uninitialized.h
FN:76,_ZNSt20__uninitialized_copyILb0EE13__uninit_copyISt13move_iteratorIP11AsyncBufferES4_EET0_T_S7_S6_
FNDA:0,_ZNSt20__uninitialized_copyILb0EE13__uninit_copyISt13move_iteratorIP11AsyncBufferES4_EET0_T_S7_S6_
FN:115,_ZSt18uninitialized_copyISt13move_iteratorIP11AsyncBufferES2_ET0_T_S5_S4_
FNDA:0,_ZSt18uninitialized_copyISt13move_iteratorIP11AsyncBufferES2_ET0_T_S5_S4_
FN:305,_ZSt22__uninitialized_copy_aISt13move_iteratorIP11AsyncBufferES2_S1_ET0_T_S5_S4_RSaIT1_E
FNDA:0,_ZSt22__uninitialized_copy_aISt13move_iteratorIP11AsyncBufferES2_S1_ET0_T_S5_S4_RSaIT1_E
FN:323,_ZSt34__uninitialized_move_if_noexcept_aIP11AsyncBufferS1_SaIS0_EET0_T_S4_S3_RT1_
FNDA:0,_ZSt34__uninitialized_move_if_noexcept_aIP11AsyncBufferS1_SaIS0_EET0_T_S4_S3_RT1_
FN:539,_ZNSt27__uninitialized_default_n_1ILb0EE18__uninit_default_nIP11AsyncBuffermEET_S4_T0_
FNDA:157636,_ZNSt27__uninitialized_default_n_1ILb0EE18__uninit_default_nIP11AsyncBuffermEET_S4_T0_
FN:561,_ZNSt27__uninitialized_default_n_1ILb1EE18__uninit_default_nIP24napi_property_descriptormEET_S4_T0_
FNDA:505,_ZNSt27__uninitialized_default_n_1ILb1EE18__uninit_default_nIP24napi_property_descriptormEET_S4_T0_
FN:592,_ZSt25__uninitialized_default_nIP24napi_property_descriptormET_S2_T0_
FNDA:505,_ZSt25__uninitialized_default_nIP24napi_property_descriptormET_S2_T0_
FN:592,_ZSt25__uninitialized_default_nIP11AsyncBuffermET_S2_T0_
FNDA:157636,_ZSt25__uninitialized_default_nIP11AsyncBuffermET_S2_T0_
FN:661,_ZSt27__uninitialized_default_n_aIP24napi_property_descriptormS0_ET_S2_T0_RSaIT1_E
FNDA:505,_ZSt27__uninitialized_default_n_aIP24napi_property_descriptormS0_ET_S2_T0_RSaIT1_E
FN:661,_ZSt27__uninitialized_default_n_aIP11AsyncBuffermS0_ET_S2_T0_RSaIT1_E
FNDA:157636,_ZSt27__uninitialized_default_n_aIP11AsyncBuffermS0_ET_S2_T0_RSaIT1_E
FN:905,_ZSt19__relocate_object_aI11AsyncBufferS0_SaIS0_EEvPT_PT0_RT1_
FNDA:221,_ZSt19__relocate_object_aI11AsyncBufferS0_SaIS0_EEvPT_PT0_RT1_
FN:936,_ZSt14__relocate_a_1IP11AsyncBufferS1_SaIS0_EET0_T_S4_S3_RT1_
FNDA:157636,_ZSt14__relocate_a_1IP11AsyncBufferS1_SaIS0_EET0_T_S4_S3_RT1_
FN:958,_ZSt12__relocate_aIP11AsyncBufferS1_SaIS0_EET0_T_S4_S3_RT1_
FNDA:157636,_ZSt12__relocate_aIP11AsyncBufferS1_SaIS0_EET0_T_S4_S3_RT1_
DA:76,0
DA:79,0
DA:82,0
DA:83,0
DA:84,0
DA:86,0
DA:88,0
DA:89,0
DA:115,0
DA:134,0
DA:140,0
DA:305,0
DA:307,0
DA:323,0
DA:329,0
DA:330,0
DA:539,157636
DA:541,157636
DA:544,315272
DA:545,157636
DA:546,157636
DA:548,0
DA:550,0
DA:551,0
DA:561,505
DA:566,505
DA:592,505
DA:597,505
DA:601,505
DA:592,157636
DA:597,157636
DA:601,157636
DA:661,505
DA:663,505
DA:661,157636
DA:663,157636
DA:905,221
DA:912,221
DA:913,221
DA:914,221
DA:936,157636
DA:948,157636
DA:949,157857
DA:950,221
DA:952,157636
DA:958,157636
DA:964,157636
DA:966,157636
end_of_record
SF:/usr/include/c++/9/bits/stl_construct.h
FN:74,_ZSt10_ConstructI11AsyncBufferJS0_EEvPT_DpOT0_
FNDA:0,_ZSt10_ConstructI11AsyncBufferJS0_EEvPT_DpOT0_
FN:74,_ZSt10_ConstructI11AsyncBufferJEEvPT_DpOT0_
FNDA:157636,_ZSt10_ConstructI11AsyncBufferJEEvPT_DpOT0_
FN:117,_ZNSt12_Destroy_auxILb1EE9__destroyIP24napi_property_descriptorEEvT_S4_
FNDA:505,_ZNSt12_Destroy_auxILb1EE9__destroyIP24napi_property_descriptorEEvT_S4_
FN:117,_ZNSt12_Destroy_auxILb1EE9__destroyIP11AsyncBufferEEvT_S4_
FNDA:1883970,_ZNSt12_Destroy_auxILb1EE9__destroyIP11AsyncBufferEEvT_S4_
FN:117,_ZNSt12_Destroy_auxILb1EE9__destroyIPP12napi_value__EEvT_S5_
FNDA:0,_ZNSt12_Destroy_auxILb1EE9__destroyIPP12napi_value__EEvT_S5_
FN:127,_ZSt8_DestroyIP24napi_property_descriptorEvT_S2_
FNDA:505,_ZSt8_DestroyIP24napi_property_descriptorEvT_S2_
FN:127,_ZSt8_DestroyIP11AsyncBufferEvT_S2_
FNDA:1883970,_ZSt8_DestroyIP11AsyncBufferEvT_S2_
FN:127,_ZSt8_DestroyIPP12napi_value__EvT_S3_
FNDA:0,_ZSt8_DestroyIPP12napi_value__EvT_S3_
FN:203,_ZSt8_DestroyIP24napi_property_descriptorS0_EvT_S2_RSaIT0_E
FNDA:505,_ZSt8_DestroyIP24napi_property_descriptorS0_EvT_S2_RSaIT0_E
FN:203,_ZSt8_DestroyIP11AsyncBufferS0_EvT_S2_RSaIT0_E
FNDA:1883970,_ZSt8_DestroyIP11AsyncBufferS0_EvT_S2_RSaIT0_E
FN:203,_ZSt8_DestroyIPP12napi_value__S1_EvT_S3_RSaIT0_E
FNDA:0,_ZSt8_DestroyIPP12napi_value__S1_EvT_S3_RSaIT0_E
DA:74,0
DA:75,0
DA:74,157636
DA:75,315272
DA:117,505
DA:117,1883970
DA:117,0
DA:127,505
DA:137,505
DA:138,505
DA:127,1883970
DA:137,1883970
DA:138,1883970
DA:127,0
DA:137,0
DA:138,0
DA:203,505
DA:206,505
DA:207,505
DA:203,1883970
DA:206,1883970
DA:207,1883970
DA:203,0
DA:206,0
DA:207,0
end_of_record
SF:/usr/include/c++/9/tuple
FN:76,_ZNSt10_Head_baseILm1ESt14default_deleteISt6vectorI11AsyncBufferSaIS2_EEELb1EEC2Ev
FNDA:1883970,_ZNSt10_Head_baseILm1ESt14default_deleteISt6vectorI11AsyncBufferSaIS2_EEELb1EEC2Ev
FN:76,_ZNSt10_Head_baseILm1E7CloseFDLb1EEC2Ev
FNDA:3712,_ZNSt10_Head_baseILm1E7CloseFDLb1EEC2Ev
FN:86,_ZNSt10_Head_baseILm1ESt14default_deleteISt6vectorI11AsyncBufferSaIS2_EEELb1EEC2IS5_EEOT_
FNDA:157415,_ZNSt10_Head_baseILm1ESt14default_deleteISt6vectorI11AsyncBufferSaIS2_EEELb1EEC2IS5_EEOT_
FN:113,_ZNSt10_Head_baseILm1ESt14default_deleteISt6vectorI11AsyncBufferSaIS2_EEELb1EE7_M_headERS6_
FNDA:3925350,_ZNSt10_Head_baseILm1ESt14default_deleteISt6vectorI11AsyncBufferSaIS2_EEELb1EE7_M_headERS6_
FN:113,_ZNSt10_Head_baseILm1E7CloseFDLb1EE7_M_headERS1_
FNDA:3712,_ZNSt10_Head_baseILm1E7CloseFDLb1EE7_M_headERS1_
FN:122,_ZNSt10_Head_baseILm0EPSt6vectorI11AsyncBufferSaIS1_EELb0EEC2Ev
FNDA:1883970,_ZNSt10_Head_baseILm0EPSt6vectorI11AsyncBufferSaIS1_EELb0EEC2Ev
FN:122,_ZNSt10_Head_baseILm0EPiLb0EEC2Ev
FNDA:3712,_ZNSt10_Head_baseILm0EPiLb0EEC2Ev
FN:132,_ZNSt10_Head_baseILm0EPSt6vectorI11AsyncBufferSaIS1_EELb0EEC2IRS4_EEOT_
FNDA:157415,_ZNSt10_Head_baseILm0EPSt6vectorI11AsyncBufferSaIS1_EELb0EEC2IRS4_EEOT_
FN:160,_ZNSt10_Head_baseILm0EPiLb0EE7_M_headERS1_
FNDA:7424,_ZNSt10_Head_baseILm0EPiLb0EE7_M_headERS1_
FN:160,_ZNSt10_Head_baseILm0EPSt6vectorI11AsyncBufferSaIS1_EELb0EE7_M_headERS5_
FNDA:5966730,_ZNSt10_Head_baseILm0EPSt6vectorI11AsyncBufferSaIS1_EELb0EE7_M_headERS5_
FN:163,_ZNSt10_Head_baseILm0EPSt6vectorI11AsyncBufferSaIS1_EELb0EE7_M_headERKS5_
FNDA:2829360,_ZNSt10_Head_baseILm0EPSt6vectorI11AsyncBufferSaIS1_EELb0EE7_M_headERKS5_
FN:163,_ZNSt10_Head_baseILm0EPiLb0EE7_M_headERKS1_
FNDA:3952,_ZNSt10_Head_baseILm0EPiLb0EE7_M_headERKS1_
FN:195,_ZNSt11_Tuple_implILm0EJPSt6vectorI11AsyncBufferSaIS1_EESt14default_deleteIS3_EEE7_M_headERS7_
FNDA:5966730,_ZNSt11_Tuple_implILm0EJPSt6vectorI11AsyncBufferSaIS1_EESt14default_deleteIS3_EEE7_M_headERS7_
FN:195,_ZNSt11_Tuple_implILm0EJPi7CloseFDEE7_M_headERS2_
FNDA:7424,_ZNSt11_Tuple_implILm0EJPi7CloseFDEE7_M_headERS2_
FN:198,_ZNSt11_Tuple_implILm0EJPi7CloseFDEE7_M_headERKS2_
FNDA:3952,_ZNSt11_Tuple_implILm0EJPi7CloseFDEE7_M_headERKS2_
FN:198,_ZNSt11_Tuple_implILm0EJPSt6vectorI11AsyncBufferSaIS1_EESt14default_deleteIS3_EEE7_M_headERKS7_
FNDA:2829360,_ZNSt11_Tuple_implILm0EJPSt6vectorI11AsyncBufferSaIS1_EESt14default_deleteIS3_EEE7_M_headERKS7_
FN:206,_ZNSt11_Tuple_implILm0EJPi7CloseFDEEC2Ev
FNDA:3712,_ZNSt11_Tuple_implILm0EJPi7CloseFDEEC2Ev
FN:206,_ZNSt11_Tuple_implILm0EJPSt6vectorI11AsyncBufferSaIS1_EESt14default_deleteIS3_EEEC2Ev
FNDA:1883970,_ZNSt11_Tuple_implILm0EJPSt6vectorI11AsyncBufferSaIS1_EESt14default_deleteIS3_EEEC2Ev
FN:216,_ZNSt11_Tuple_implILm0EJPSt6vectorI11AsyncBufferSaIS1_EESt14default_deleteIS3_EEEC2IRS4_JS6_EvEEOT_DpOT0_
FNDA:157415,_ZNSt11_Tuple_implILm0EJPSt6vectorI11AsyncBufferSaIS1_EESt14default_deleteIS3_EEEC2IRS4_JS6_EvEEOT_DpOT0_
FN:334,_ZNSt11_Tuple_implILm1EJSt14default_deleteISt6vectorI11AsyncBufferSaIS2_EEEEE7_M_headERS6_
FNDA:3925350,_ZNSt11_Tuple_implILm1EJSt14default_deleteISt6vectorI11AsyncBufferSaIS2_EEEEE7_M_headERS6_
FN:334,_ZNSt11_Tuple_implILm1EJ7CloseFDEE7_M_headERS1_
FNDA:3712,_ZNSt11_Tuple_implILm1EJ7CloseFDEE7_M_headERS1_
FN:339,_ZNSt11_Tuple_implILm1EJ7CloseFDEEC2Ev
FNDA:3712,_ZNSt11_Tuple_implILm1EJ7CloseFDEEC2Ev
FN:339,_ZNSt11_Tuple_implILm1EJSt14default_deleteISt6vectorI11AsyncBufferSaIS2_EEEEEC2Ev
FNDA:1883970,_ZNSt11_Tuple_implILm1EJSt14default_deleteISt6vectorI11AsyncBufferSaIS2_EEEEEC2Ev
FN:348,_ZNSt11_Tuple_implILm1EJSt14default_deleteISt6vectorI11AsyncBufferSaIS2_EEEEEC2IS5_EEOT_
FNDA:157415,_ZNSt11_Tuple_implILm1EJSt14default_deleteISt6vectorI11AsyncBufferSaIS2_EEEEEC2IS5_EEOT_
FN:918,_ZNSt5tupleIJPi7CloseFDEEC2IS0_S1_Lb1EEEv
FNDA:3712,_ZNSt5tupleIJPi7CloseFDEEC2IS0_S1_Lb1EEEv
FN:918,_ZNSt5tupleIJPSt6vectorI11AsyncBufferSaIS1_EESt14default_deleteIS3_EEEC2IS4_S6_Lb1EEEv
FNDA:1883970,_ZNSt5tupleIJPSt6vectorI11AsyncBufferSaIS1_EESt14default_deleteIS3_EEEC2IS4_S6_Lb1EEEv
FN:968,_ZNSt5tupleIJPSt6vectorI11AsyncBufferSaIS1_EESt14default_deleteIS3_EEEC2IRS4_S6_Lb1EEEOT_OT0_
FNDA:157415,_ZNSt5tupleIJPSt6vectorI11AsyncBufferSaIS1_EESt14default_deleteIS3_EEEC2IRS4_S6_Lb1EEEOT_OT0_
FN:1309,_ZSt12__get_helperILm1E7CloseFDJEERT0_RSt11_Tuple_implIXT_EJS1_DpT1_EE
FNDA:3712,_ZSt12__get_helperILm1E7CloseFDJEERT0_RSt11_Tuple_implIXT_EJS1_DpT1_EE
FN:1309,_ZSt12__get_helperILm1ESt14default_deleteISt6vectorI11AsyncBufferSaIS2_EEEJEERT0_RSt11_Tuple_implIXT_EJS6_DpT1_EE
FNDA:3925350,_ZSt12__get_helperILm1ESt14default_deleteISt6vectorI11AsyncBufferSaIS2_EEEJEERT0_RSt11_Tuple_implIXT_EJS6_DpT1_EE
FN:1309,_ZSt12__get_helperILm0EPSt6vectorI11AsyncBufferSaIS1_EEJSt14default_deleteIS3_EEERT0_RSt11_Tuple_implIXT_EJS7_DpT1_EE
FNDA:5966730,_ZSt12__get_helperILm0EPSt6vectorI11AsyncBufferSaIS1_EEJSt14default_deleteIS3_EEERT0_RSt11_Tuple_implIXT_EJS7_DpT1_EE
FN:1309,_ZSt12__get_helperILm0EPiJ7CloseFDEERT0_RSt11_Tuple_implIXT_EJS2_DpT1_EE
FNDA:7424,_ZSt12__get_helperILm0EPiJ7CloseFDEERT0_RSt11_Tuple_implIXT_EJS2_DpT1_EE
FN:1314,_ZSt12__get_helperILm0EPiJ7CloseFDEERKT0_RKSt11_Tuple_implIXT_EJS2_DpT1_EE
FNDA:3952,_ZSt12__get_helperILm0EPiJ7CloseFDEERKT0_RKSt11_Tuple_implIXT_EJS2_DpT1_EE
FN:1314,_ZSt12__get_helperILm0EPSt6vectorI11AsyncBufferSaIS1_EEJSt14default_deleteIS3_EEERKT0_RKSt11_Tuple_implIXT_EJS7_DpT1_EE
FNDA:2829360,_ZSt12__get_helperILm0EPSt6vectorI11AsyncBufferSaIS1_EEJSt14default_deleteIS3_EEERKT0_RKSt11_Tuple_implIXT_EJS7_DpT1_EE
FN:1320,_ZSt3getILm1EJPSt6vectorI11AsyncBufferSaIS1_EESt14default_deleteIS3_EEERNSt13tuple_elementIXT_ESt5tupleIJDpT0_EEE4typeERSB_
FNDA:3925350,_ZSt3getILm1EJPSt6vectorI11AsyncBufferSaIS1_EESt14default_deleteIS3_EEERNSt13tuple_elementIXT_ESt5tupleIJDpT0_EEE4typeERSB_
FN:1320,_ZSt3getILm1EJPi7CloseFDEERNSt13tuple_elementIXT_ESt5tupleIJDpT0_EEE4typeERS6_
FNDA:3712,_ZSt3getILm1EJPi7CloseFDEERNSt13tuple_elementIXT_ESt5tupleIJDpT0_EEE4typeERS6_
FN:1320,_ZSt3getILm0EJPSt6vectorI11AsyncBufferSaIS1_EESt14default_deleteIS3_EEERNSt13tuple_elementIXT_ESt5tupleIJDpT0_EEE4typeERSB_
FNDA:5966730,_ZSt3getILm0EJPSt6vectorI11AsyncBufferSaIS1_EESt14default_deleteIS3_EEERNSt13tuple_elementIXT_ESt5tupleIJDpT0_EEE4typeERSB_
FN:1320,_ZSt3getILm0EJPi7CloseFDEERNSt13tuple_elementIXT_ESt5tupleIJDpT0_EEE4typeERS6_
FNDA:7424,_ZSt3getILm0EJPi7CloseFDEERNSt13tuple_elementIXT_ESt5tupleIJDpT0_EEE4typeERS6_
FN:1326,_ZSt3getILm0EJPSt6vectorI11AsyncBufferSaIS1_EESt14default_deleteIS3_EEERKNSt13tuple_elementIXT_ESt5tupleIJDpT0_EEE4typeERKSB_
FNDA:2829360,_ZSt3getILm0EJPSt6vectorI11AsyncBufferSaIS1_EESt14default_deleteIS3_EEERKNSt13tuple_elementIXT_ESt5tupleIJDpT0_EEE4typeERKSB_
FN:1326,_ZSt3getILm0EJPi7CloseFDEERKNSt13tuple_elementIXT_ESt5tupleIJDpT0_EEE4typeERKS6_
FNDA:3952,_ZSt3getILm0EJPi7CloseFDEERKNSt13tuple_elementIXT_ESt5tupleIJDpT0_EEE4typeERKS6_
DA:76,1883970
DA:77,1883970
DA:76,3712
DA:77,3712
DA:86,157415
DA:87,157415
DA:113,3925350
DA:113,3712
DA:122,1883970
DA:123,1883970
DA:122,3712
DA:123,3712
DA:132,157415
DA:133,157415
DA:160,5966730
DA:160,7424
DA:163,2829360
DA:163,3952
DA:195,5966730
DA:195,7424
DA:198,2829360
DA:198,3952
DA:206,1883970
DA:207,1883970
DA:206,3712
DA:207,3712
DA:216,157415
DA:218,157415
DA:334,3925350
DA:334,3712
DA:339,1883970
DA:340,1883970
DA:339,3712
DA:340,3712
DA:348,157415
DA:349,157415
DA:918,1883970
DA:919,1883970
DA:918,3712
DA:919,3712
DA:968,157415
DA:969,157415
DA:1309,3925350
DA:1310,3925350
DA:1309,3712
DA:1310,3712
DA:1309,5966730
DA:1310,5966730
DA:1309,7424
DA:1310,7424
DA:1314,2829360
DA:1315,2829360
DA:1314,3952
DA:1315,3952
DA:1320,3925350
DA:1321,3925350
DA:1320,3712
DA:1321,3712
DA:1320,5966730
DA:1321,5966730
DA:1320,7424
DA:1321,7424
DA:1326,2829360
DA:1327,2829360
DA:1326,3952
DA:1327,3952
end_of_record
