TN:
SF:/home/david/shared-memory-disruptor/lib/disruptor.js
FN:4,check
FN:14,(anonymous_1)
FN:18,(anonymous_2)
FN:19,(anonymous_3)
FN:24,(anonymous_4)
FN:25,(anonymous_5)
FN:30,(anonymous_6)
FN:31,(anonymous_7)
FN:36,(anonymous_8)
FN:44,(anonymous_9)
FN:51,(anonymous_10)
FN:61,(anonymous_11)
FN:69,(anonymous_12)
FN:79,(anonymous_13)
FN:87,(anonymous_14)
FN:97,(anonymous_15)
FN:107,(anonymous_16)
FNDA:24,(anonymous_13)
FNDA:234183,(anonymous_8)
FNDA:11,(anonymous_6)
FNDA:11,(anonymous_7)
FNDA:286068,(anonymous_11)
FNDA:286074,(anonymous_16)
FNDA:3464,(anonymous_1)
FNDA:1069683,check
FNDA:234180,(anonymous_4)
FNDA:208369,(anonymous_3)
FNDA:286074,(anonymous_15)
FNDA:234180,(anonymous_5)
FNDA:24,(anonymous_14)
FNDA:497517,(anonymous_10)
FNDA:497517,(anonymous_9)
FNDA:208369,(anonymous_2)
FNDA:286068,(anonymous_12)
FNF:17
FNH:17
BRDA:6,0,0,752135
BRDA:6,0,1,317548
BRDA:37,1,0,2
BRDA:37,1,1,234181
BRDA:53,2,0,289148
BRDA:53,2,1,208369
BRDA:71,3,0,51888
BRDA:71,3,1,234180
BRDA:89,4,0,13
BRDA:89,4,1,11
BRDA:99,5,0,8
BRDA:99,5,1,286066
BRDA:109,6,0,8
BRDA:109,6,1,286066
BRDA:111,7,0,6
BRDA:111,7,1,2
BRDA:119,8,0,51885
BRDA:119,8,1,234181
BRF:18
BRH:18
DA:1,253
DA:2,253
DA:6,1069683
DA:8,752135
DA:16,3464
DA:18,3460
DA:19,208369
DA:20,208369
DA:24,3460
DA:25,234180
DA:26,234180
DA:30,3460
DA:31,11
DA:32,11
DA:36,3460
DA:37,234183
DA:38,2
DA:40,234181
DA:46,497517
DA:53,497517
DA:55,289148
DA:58,208369
DA:63,286068
DA:71,286068
DA:73,51888
DA:76,234180
DA:81,24
DA:89,24
DA:91,13
DA:94,11
DA:99,286074
DA:101,8
DA:104,286066
DA:109,286074
DA:111,8
DA:113,6
DA:116,2
DA:119,286066
DA:121,51885
DA:124,234181
DA:128,253
LF:41
LH:41
end_of_record
TN:
SF:/home/david/shared-memory-disruptor/src/disruptor.cc
FN:47,_ZN9Disruptor4SpinEv
FN:149,_Z11GetCallbackRKN4Napi12CallbackInfoEj
FN:167,_ZN11AsyncBufferIhEC2Ev
FN:173,_ZN11AsyncBufferIhE3NewEN4Napi3EnvEPhm
FN:178,_ZN11AsyncBufferIhE3NewEN4Napi3EnvEm
FN:183,_ZN11AsyncBufferIhE7ToValueEN4Napi3EnvE
FN:199,_ZN11AsyncBufferIhE6LengthEv
FN:205,_ZN11AsyncBufferIhEC2EPhm
FN:219,_ZN10AsyncArrayI11AsyncBufferIhEEC2Ev
FN:224,_ZN10AsyncArrayI11AsyncBufferIhEE3NewEN4Napi3EnvE
FN:229,_ZN10AsyncArrayI11AsyncBufferIhEE3SetEjS1_
FN:239,_ZN10AsyncArrayI11AsyncBufferIhEE7ToValueEN4Napi3EnvE
FN:250,_ZN10AsyncArrayI11AsyncBufferIhEE6LengthEv
FN:262,_ZN12AsyncBooleanC2Ev
FN:267,_ZN12AsyncBoolean3NewEN4Napi3EnvEb
FN:272,_ZN12AsyncBoolean7ToValueEN4Napi3EnvE
FN:277,_ZNK12AsyncBooleancvbEv
FN:283,_ZN12AsyncBooleanC2Eb
FN:295,_Z7ToValueRKN4Napi3EnvEm
FN:300,_Z7ToValueRKN4Napi3EnvERK14AsyncUndefined
FN:309,_ZN20DisruptorAsyncWorkerI12AsyncBoolean14AsyncUndefinedS1_EC2EP9DisruptorRKN4Napi8FunctionE
FN:309,_ZN20DisruptorAsyncWorkerI11AsyncBufferIhEmmEC2EP9DisruptorRKN4Napi8FunctionE
FN:309,_ZN20DisruptorAsyncWorkerI10AsyncArrayI11AsyncBufferIhEEm14AsyncUndefinedEC2EP9DisruptorRKN4Napi8FunctionE
FN:309,_ZN20DisruptorAsyncWorkerI10AsyncArrayI11AsyncBufferIhEEmmEC2EP9DisruptorRKN4Napi8FunctionE
FN:321,_ZN20DisruptorAsyncWorkerI11AsyncBufferIhEmmE4OnOKEv
FN:321,_ZN20DisruptorAsyncWorkerI10AsyncArrayI11AsyncBufferIhEEm14AsyncUndefinedE4OnOKEv
FN:321,_ZN20DisruptorAsyncWorkerI12AsyncBoolean14AsyncUndefinedS1_E4OnOKEv
FN:321,_ZN20DisruptorAsyncWorkerI10AsyncArrayI11AsyncBufferIhEEmmE4OnOKEv
FN:354,_ZN7CloseFDclEPi
FN:361,_ZN9Disruptor15ThrowErrnoErrorERKN4Napi12CallbackInfoEPKcb
FN:386,_ZN9DisruptorC2ERKN4Napi12CallbackInfoE
FN:448,_ZN9DisruptorD0Ev
FN:448,_ZN9DisruptorD2Ev
FN:453,_ZN9Disruptor7ReleaseEv
FN:470,_ZN9Disruptor7ReleaseERKN4Napi12CallbackInfoE
FN:479,_ZN9Disruptor14ConsumeNewSyncIN4Napi5ArrayENS1_6BufferEEET_RKNS1_3EnvEbRm
FN:479,_ZN9Disruptor14ConsumeNewSyncI10AsyncArrayI11AsyncBufferIhEES2_EET_RKN4Napi3EnvEbRm
FN:537,_ZN9Disruptor14ConsumeNewSyncERKN4Napi12CallbackInfoE
FN:549,_ZN21ConsumeNewAsyncWorkerC2EP9DisruptorRKN4Napi8FunctionE
FN:560,_ZN21ConsumeNewAsyncWorker7ExecuteEv
FN:567,_ZN21ConsumeNewAsyncWorker5RetryEv
FN:573,_ZN9Disruptor15ConsumeNewAsyncERKN4Napi12CallbackInfoE
FN:578,_ZN9Disruptor10ConsumeNewERKN4Napi12CallbackInfoE
FN:593,_ZN9Disruptor13ConsumeCommitERKN4Napi12CallbackInfoE
FN:598,_ZN9Disruptor13UpdatePendingEmm
FN:604,_ZN9Disruptor13ConsumeCommitEv
FN:620,_ZN9Disruptor16ProduceClaimSyncIN4Napi6BufferEEET_IhERKNS1_3EnvEbRmS8_
FN:620,_ZN9Disruptor16ProduceClaimSyncI11AsyncBufferEET_IhERKN4Napi3EnvEbRmS8_
FN:665,_ZN9Disruptor16ProduceClaimSyncERKN4Napi12CallbackInfoE
FN:676,_ZN23ProduceClaimAsyncWorkerC2EP9DisruptorRKN4Napi8FunctionE
FN:686,_ZN23ProduceClaimAsyncWorker7ExecuteEv
FN:694,_ZN23ProduceClaimAsyncWorker5RetryEv
FN:700,_ZN9Disruptor17ProduceClaimAsyncERKN4Napi12CallbackInfoE
FN:705,_ZN9Disruptor12ProduceClaimERKN4Napi12CallbackInfoE
FN:720,_ZN9Disruptor17ProduceGetBuffersIN4Napi5ArrayENS1_6BufferEEEvRKNS1_3EnvEmmRT_
FN:720,_ZN9Disruptor17ProduceGetBuffersI10AsyncArrayI11AsyncBufferIhEES2_EEvRKN4Napi3EnvEmmRT_
FN:752,_ZN9Disruptor20ProduceClaimManySyncI10AsyncArrayI11AsyncBufferIhEES2_EET_RKN4Napi3EnvEjbRmSA_
FN:752,_ZN9Disruptor20ProduceClaimManySyncIN4Napi5ArrayENS1_6BufferEEET_RKNS1_3EnvEjbRmS8_
FN:794,_ZN9Disruptor20ProduceClaimManySyncERKN4Napi12CallbackInfoE
FN:807,_ZN27ProduceClaimManyAsyncWorkerC2EP9DisruptorRKN4Napi8FunctionEj
FN:821,_ZN27ProduceClaimManyAsyncWorker7ExecuteEv
FN:829,_ZN27ProduceClaimManyAsyncWorker5RetryEv
FN:838,_ZN9Disruptor21ProduceClaimManyAsyncERKN4Napi12CallbackInfoEj
FN:844,_ZN9Disruptor21ProduceClaimManyAsyncERKN4Napi12CallbackInfoE
FN:849,_ZN9Disruptor16ProduceClaimManyERKN4Napi12CallbackInfoE
FN:864,_ZN9Disruptor14ProduceRecoverERKN4Napi12CallbackInfoE
FN:883,_ZN9Disruptor17ProduceCommitSyncI12AsyncBooleanEET_RKN4Napi3EnvEmmb
FN:883,_ZN9Disruptor17ProduceCommitSyncIN4Napi7BooleanEEET_RKNS1_3EnvEmmb
FN:903,_ZN9Disruptor13UpdateSeqNextEmm
FN:909,_ZN9Disruptor10GetSeqNextERKN4Napi12CallbackInfoERmS4_
FN:925,_ZN9Disruptor17ProduceCommitSyncERKN4Napi12CallbackInfoE
FN:936,_ZN24ProduceCommitAsyncWorkerC2EP9DisruptorRKN4Napi8FunctionEmm
FN:948,_ZN24ProduceCommitAsyncWorker7ExecuteEv
FN:955,_ZN24ProduceCommitAsyncWorker5RetryEv
FN:964,_ZN9Disruptor18ProduceCommitAsyncERKN4Napi12CallbackInfoEmmj
FN:973,_ZN9Disruptor18ProduceCommitAsyncERKN4Napi12CallbackInfoE
FN:980,_ZN9Disruptor13ProduceCommitERKN4Napi12CallbackInfoE
FN:995,_ZN9Disruptor12GetConsumersERKN4Napi12CallbackInfoE
FN:1000,_ZN9Disruptor9GetCursorERKN4Napi12CallbackInfoE
FN:1005,_ZN9Disruptor7GetNextERKN4Napi12CallbackInfoE
FN:1010,_ZN9Disruptor11GetElementsERKN4Napi12CallbackInfoE
FN:1015,_ZN9Disruptor11GetConsumerERKN4Napi12CallbackInfoE
FN:1020,_ZN9Disruptor21GetPendingSeqConsumerERKN4Napi12CallbackInfoE
FN:1025,_ZN9Disruptor19GetPendingSeqCursorERKN4Napi12CallbackInfoE
FN:1030,_ZN9Disruptor17GetPendingSeqNextERKN4Napi12CallbackInfoE
FN:1035,_ZN9Disruptor20GetPendingSeqNextEndERKN4Napi12CallbackInfoE
FN:1040,_ZN9Disruptor14GetElementSizeERKN4Napi12CallbackInfoE
FN:1045,_ZN9Disruptor10InitializeEN4Napi3EnvENS0_6ObjectE
FN:1081,_Z10InitializeN4Napi3EnvENS_6ObjectE
FN:1086,_Z17__napi_InitializeP10napi_env__P12napi_value__
FN:1086,_register_disruptor
FNDA:694082,_ZN9Disruptor14ConsumeNewSyncIN4Napi5ArrayENS1_6BufferEEET_RKNS1_3EnvEbRm
FNDA:519313,_ZN9Disruptor12ProduceClaimERKN4Napi12CallbackInfoE
FNDA:607914,_Z7ToValueRKN4Napi3EnvERK14AsyncUndefined
FNDA:519319,_ZN9Disruptor13ProduceCommitERKN4Napi12CallbackInfoE
FNDA:476,_Z17__napi_InitializeP10napi_env__P12napi_value__
FNDA:144611,_ZN20DisruptorAsyncWorkerI11AsyncBufferIhEmmE4OnOKEv
FNDA:76,_ZN9Disruptor14ProduceRecoverERKN4Napi12CallbackInfoE
FNDA:3687,_ZN7CloseFDclEPi
FNDA:3183,_ZN9DisruptorD0Ev
FNDA:520120,_ZN9Disruptor16ProduceClaimSyncIN4Napi6BufferEEET_IhERKNS1_3EnvEbRmS8_
FNDA:139616,_ZN11AsyncBufferIhE3NewEN4Napi3EnvEm
FNDA:1175790,_ZN9Disruptor14ConsumeNewSyncI10AsyncArrayI11AsyncBufferIhEES2_EET_RKN4Napi3EnvEbRm
FNDA:1175790,_ZN20DisruptorAsyncWorkerI10AsyncArrayI11AsyncBufferIhEEm14AsyncUndefinedE4OnOKEv
FNDA:18,_ZN9Disruptor21ProduceClaimManyAsyncERKN4Napi12CallbackInfoEj
FNDA:5007,_ZN9Disruptor17ProduceClaimAsyncERKN4Napi12CallbackInfoE
FNDA:279552,_ZN11AsyncBufferIhE3NewEN4Napi3EnvEPhm
FNDA:520939,_ZN9Disruptor10GetSeqNextERKN4Napi12CallbackInfoERmS4_
FNDA:1612580,_ZN12AsyncBoolean3NewEN4Napi3EnvEb
FNDA:694154,_ZN9Disruptor21GetPendingSeqConsumerERKN4Napi12CallbackInfoE
FNDA:3208,_ZN9Disruptor7ReleaseERKN4Napi12CallbackInfoE
FNDA:1612580,_ZN12AsyncBooleanC2Eb
FNDA:144611,_ZN11AsyncBufferIhE6LengthEv
FNDA:2563950,_ZN9Disruptor13ConsumeCommitEv
FNDA:144611,_ZN20DisruptorAsyncWorkerI11AsyncBufferIhEmmEC2EP9DisruptorRKN4Napi8FunctionE
FNDA:139604,_ZN23ProduceClaimAsyncWorker5RetryEv
FNDA:810,_ZN9Disruptor17ProduceCommitSyncERKN4Napi12CallbackInfoE
FNDA:12,_ZN9Disruptor12GetConsumersERKN4Napi12CallbackInfoE
FNDA:72,_ZN9Disruptor19GetPendingSeqCursorERKN4Napi12CallbackInfoE
FNDA:11,_ZN9Disruptor21ProduceClaimManyAsyncERKN4Napi12CallbackInfoE
FNDA:144611,_ZN23ProduceClaimAsyncWorker7ExecuteEv
FNDA:1612580,_ZN20DisruptorAsyncWorkerI12AsyncBoolean14AsyncUndefinedS1_EC2EP9DisruptorRKN4Napi8FunctionE
FNDA:11,_ZN9Disruptor20ProduceClaimManySyncERKN4Napi12CallbackInfoE
FNDA:3183,_ZN9DisruptorD2Ev
FNDA:131816,_ZN27ProduceClaimManyAsyncWorkerC2EP9DisruptorRKN4Napi8FunctionEj
FNDA:476,_Z10InitializeN4Napi3EnvENS_6ObjectE
FNDA:807,_ZN9Disruptor16ProduceClaimSyncERKN4Napi12CallbackInfoE
FNDA:446149,_Z11GetCallbackRKN4Napi12CallbackInfoEj
FNDA:1612580,_ZNK12AsyncBooleancvbEv
FNDA:1175790,_ZN20DisruptorAsyncWorkerI10AsyncArrayI11AsyncBufferIhEEm14AsyncUndefinedEC2EP9DisruptorRKN4Napi8FunctionE
FNDA:694086,_ZN9Disruptor13UpdatePendingEmm
FNDA:419168,_ZN11AsyncBufferIhEC2Ev
FNDA:144611,_ZN9Disruptor16ProduceClaimSyncI11AsyncBufferEET_IhERKN4Napi3EnvEbRmS8_
FNDA:1612580,_ZN24ProduceCommitAsyncWorker7ExecuteEv
FNDA:1612580,_ZN9Disruptor17ProduceCommitSyncI12AsyncBooleanEET_RKN4Napi3EnvEmmb
FNDA:1175790,_ZN21ConsumeNewAsyncWorkerC2EP9DisruptorRKN4Napi8FunctionE
FNDA:520191,_ZN9Disruptor17GetPendingSeqNextERKN4Napi12CallbackInfoE
FNDA:6391,_ZN9Disruptor7ReleaseEv
FNDA:1307600,_ZN10AsyncArrayI11AsyncBufferIhEE6LengthEv
FNDA:45,_ZN9Disruptor17ProduceGetBuffersIN4Napi5ArrayENS1_6BufferEEEvRKNS1_3EnvEmmRT_
FNDA:3064790,_ZN9Disruptor4SpinEv
FNDA:64,_ZN9Disruptor14GetElementSizeERKN4Napi12CallbackInfoE
FNDA:4,_ZN9Disruptor15ThrowErrnoErrorERKN4Napi12CallbackInfoEPKcb
FNDA:274557,_ZN10AsyncArrayI11AsyncBufferIhEE3SetEjS1_
FNDA:1445790,_ZN24ProduceCommitAsyncWorker5RetryEv
FNDA:197,_ZN9Disruptor9GetCursorERKN4Napi12CallbackInfoE
FNDA:144611,_ZN23ProduceClaimAsyncWorkerC2EP9DisruptorRKN4Napi8FunctionE
FNDA:520191,_ZN9Disruptor20GetPendingSeqNextEndERKN4Napi12CallbackInfoE
FNDA:476,_ZN9Disruptor10InitializeEN4Napi3EnvENS0_6ObjectE
FNDA:197,_ZN9Disruptor7GetNextERKN4Napi12CallbackInfoE
FNDA:131816,_ZN20DisruptorAsyncWorkerI10AsyncArrayI11AsyncBufferIhEEmmEC2EP9DisruptorRKN4Napi8FunctionE
FNDA:1612580,_ZN12AsyncBooleanC2Ev
FNDA:131798,_ZN27ProduceClaimManyAsyncWorker5RetryEv
FNDA:1612580,_ZN20DisruptorAsyncWorkerI12AsyncBoolean14AsyncUndefinedS1_E4OnOKEv
FNDA:274352,_ZN10AsyncArrayI11AsyncBufferIhEE7ToValueEN4Napi3EnvE
FNDA:1556,_ZN9Disruptor11GetElementsERKN4Napi12CallbackInfoE
FNDA:810,_ZN9Disruptor18ProduceCommitAsyncERKN4Napi12CallbackInfoE
FNDA:3687,_ZN9DisruptorC2ERKN4Napi12CallbackInfoE
FNDA:901452,_ZN21ConsumeNewAsyncWorker5RetryEv
FNDA:166790,_ZN12AsyncBoolean7ToValueEN4Napi3EnvE
FNDA:1612580,_ZN24ProduceCommitAsyncWorkerC2EP9DisruptorRKN4Napi8FunctionEmm
FNDA:2615200,_ZN10AsyncArrayI11AsyncBufferIhEEC2Ev
FNDA:419168,_ZN11AsyncBufferIhEC2EPhm
FNDA:12,_ZN9Disruptor14ConsumeNewSyncERKN4Napi12CallbackInfoE
FNDA:131816,_ZN27ProduceClaimManyAsyncWorker7ExecuteEv
FNDA:24,_ZN9Disruptor16ProduceClaimManyERKN4Napi12CallbackInfoE
FNDA:131816,_ZN20DisruptorAsyncWorkerI10AsyncArrayI11AsyncBufferIhEEmmE4OnOKEv
FNDA:284384,_Z7ToValueRKN4Napi3EnvEm
FNDA:796602,_ZN9Disruptor13UpdateSeqNextEmm
FNDA:694085,_ZN9Disruptor13ConsumeCommitERKN4Napi12CallbackInfoE
FNDA:694070,_ZN9Disruptor10ConsumeNewERKN4Napi12CallbackInfoE
FNDA:1175790,_ZN21ConsumeNewAsyncWorker7ExecuteEv
FNDA:9,_ZN9Disruptor17ProduceGetBuffersI10AsyncArrayI11AsyncBufferIhEES2_EEvRKN4Napi3EnvEmmRT_
FNDA:279564,_ZN11AsyncBufferIhE7ToValueEN4Napi3EnvE
FNDA:166790,_ZN9Disruptor18ProduceCommitAsyncERKN4Napi12CallbackInfoEmmj
FNDA:1307600,_ZN10AsyncArrayI11AsyncBufferIhEE3NewEN4Napi3EnvE
FNDA:131816,_ZN9Disruptor20ProduceClaimManySyncI10AsyncArrayI11AsyncBufferIhEES2_EET_RKN4Napi3EnvEjbRmSA_
FNDA:224,_register_disruptor
FNDA:35,_ZN9Disruptor20ProduceClaimManySyncIN4Napi5ArrayENS1_6BufferEEET_RKNS1_3EnvEjbRmS8_
FNDA:274334,_ZN9Disruptor15ConsumeNewAsyncERKN4Napi12CallbackInfoE
FNDA:197,_ZN9Disruptor11GetConsumerERKN4Napi12CallbackInfoE
FNDA:520129,_ZN9Disruptor17ProduceCommitSyncIN4Napi7BooleanEEET_RKNS1_3EnvEmmb
FNF:91
FNH:91
DA:47,3064790
DA:49,3064790
DA:149,446149
DA:151,446149
DA:153,446149
DA:154,446149
DA:156,446149
DA:167,419168
DA:169,419168
DA:171,419168
DA:173,279552
DA:175,279552
DA:178,139616
DA:180,139616
DA:183,279564
DA:185,279564
DA:187,279564
DA:189,279552
DA:193,12
DA:196,279564
DA:199,144611
DA:201,144611
DA:205,419168
DA:207,419168
DA:209,419168
DA:219,2615200
DA:220,2615200
DA:222,2615200
DA:224,1307600
DA:226,1307600
DA:229,274557
DA:231,274557
DA:233,274557
DA:236,274557
DA:237,274557
DA:239,274352
DA:241,274352
DA:242,274352
DA:243,548909
DA:245,274557
DA:247,274352
DA:250,1307600
DA:252,1307600
DA:262,1612580
DA:263,1612580
DA:265,1612580
DA:267,1612580
DA:269,1612580
DA:272,166790
DA:274,166790
DA:277,1612580
DA:279,1612580
DA:283,1612580
DA:284,1612580
DA:286,1612580
DA:295,284384
DA:297,284384
DA:300,607914
DA:302,607914
DA:309,3064797
DA:314,3064797
DA:316,3064797
DA:321,3064797
DA:323,3064797
DA:325,2618644
DA:328,446149
DA:330,2230745
DA:331,446149
DA:334,446149
DA:336,446149
DA:337,892298
DA:354,3687
DA:356,3687
DA:357,3687
DA:358,3687
DA:361,4
DA:368,4
DA:370,4
DA:371,4
DA:373,4
DA:377,4
DA:378,4
DA:379,4
DA:382,4
DA:383,8
DA:386,3687
DA:388,3691
DA:391,3687
DA:392,3687
DA:393,3687
DA:394,3687
DA:395,3687
DA:396,3687
DA:397,3687
DA:401,3687
DA:403,3691
DA:404,3687
DA:406,4
DA:413,3683
DA:414,3683
DA:418,3683
DA:424,3683
DA:427,3683
DA:429,3683
DA:435,3683
DA:436,3683
DA:437,3683
DA:438,3683
DA:439,3683
DA:441,3683
DA:442,3683
DA:444,3683
DA:445,3683
DA:446,3683
DA:448,6366
DA:450,3183
DA:451,6366
DA:453,6391
DA:455,6391
DA:457,3683
DA:459,3683
DA:464,3683
DA:467,6391
DA:470,3208
DA:472,3208
DA:476,3208
DA:479,1869872
DA:486,1869872
DA:488,1175782
DA:490,1869872
DA:491,1869872
DA:492,1869872
DA:493,1869872
DA:495,1869872
DA:497,966959
DA:499,692993
DA:501,692993
DA:502,692993
DA:504,692993
DA:505,692993
DA:506,692993
DA:509,1176875
DA:511,1455
DA:513,1093
DA:515,1093
DA:516,1093
DA:518,1093
DA:520,596
DA:523,596
DA:526,1093
DA:527,1093
DA:528,1093
DA:533,1175782
DA:534,1175782
DA:537,12
DA:540,12
DA:549,1175790
DA:550,1175790
DA:554,1175790
DA:556,1175790
DA:557,1175790
DA:560,1175790
DA:563,1175790
DA:564,1175790
DA:565,1175790
DA:567,901452
DA:569,901452
DA:570,901452
DA:573,274334
DA:575,274334
DA:576,274334
DA:578,694070
DA:582,694070
DA:584,694070
DA:586,419748
DA:589,274322
DA:590,548644
DA:593,694085
DA:595,694085
DA:598,694086
DA:600,694086
DA:601,694086
DA:602,694086
DA:604,2563950
DA:606,2563950
DA:608,2563950
DA:610,694085
DA:613,694085
DA:616,2563950
DA:620,664731
DA:625,143820
DA:627,664731
DA:629,664731
DA:631,3221152
DA:633,2696058
DA:635,2696058
DA:637,139640
DA:638,139640
DA:642,1189825
DA:643,525091
DA:645,520911
DA:647,520911
DA:648,520911
DA:650,520911
DA:651,520911
DA:652,520911
DA:654,520911
DA:659,143820
DA:660,143820
DA:661,143820
DA:662,143820
DA:665,807
DA:668,807
DA:669,807
DA:676,144611
DA:677,144611
DA:679,144611
DA:681,144611
DA:682,144611
DA:683,144611
DA:686,144611
DA:689,144611
DA:690,144611
DA:691,144611
DA:692,144611
DA:694,139604
DA:696,139604
DA:697,139604
DA:700,5007
DA:702,5007
DA:703,5007
DA:705,519313
DA:709,519313
DA:710,519313
DA:712,515113
DA:715,4200
DA:716,8400
DA:720,54
DA:725,54
DA:726,54
DA:728,54
DA:730,4
DA:732,4
DA:733,4
DA:735,4
DA:738,4
DA:742,50
DA:744,50
DA:745,50
DA:748,54
DA:749,54
DA:752,131851
DA:758,131817
DA:760,131851
DA:761,131851
DA:763,131851
DA:765,131885
DA:767,131851
DA:769,131851
DA:771,131817
DA:772,131817
DA:776,131885
DA:777,34
DA:779,43
DA:780,34
DA:781,34
DA:782,34
DA:783,34
DA:788,131817
DA:789,131817
DA:790,131817
DA:791,131817
DA:794,11
DA:797,11
DA:798,11
DA:807,131816
DA:809,131816
DA:814,131816
DA:816,131816
DA:817,131816
DA:818,131816
DA:821,131816
DA:824,263632
DA:825,263632
DA:826,131816
DA:827,131816
DA:829,131798
DA:831,131798
DA:832,131798
DA:838,18
DA:841,18
DA:842,18
DA:844,11
DA:846,11
DA:847,11
DA:849,24
DA:851,24
DA:854,24
DA:855,24
DA:857,17
DA:860,7
DA:861,14
DA:864,76
DA:866,76
DA:867,76
DA:869,76
DA:871,140
DA:872,116
DA:873,40
DA:875,20
DA:876,40
DA:879,76
DA:883,2132709
DA:888,2132709
DA:890,1611767
DA:892,2132693
DA:894,520927
DA:900,1611783
DA:903,796602
DA:905,796602
DA:906,796602
DA:907,796602
DA:909,520939
DA:913,520939
DA:915,12
DA:916,12
DA:917,12
DA:920,520927
DA:921,520927
DA:922,520927
DA:925,810
DA:928,810
DA:929,810
DA:936,1612580
DA:939,1612580
DA:943,1612580
DA:945,1612580
DA:948,1612580
DA:951,1612580
DA:952,1612580
DA:953,1612580
DA:955,1445790
DA:957,1445790
DA:958,1445790
DA:964,166790
DA:970,166790
DA:971,166790
DA:973,810
DA:976,810
DA:977,810
DA:978,810
DA:980,519319
DA:983,519319
DA:985,519319
DA:986,519319
DA:988,353339
DA:991,165980
DA:992,331960
DA:995,12
DA:997,12
DA:1000,197
DA:1002,197
DA:1005,197
DA:1007,197
DA:1010,1556
DA:1012,1556
DA:1015,197
DA:1017,197
DA:1020,694154
DA:1022,694154
DA:1025,72
DA:1027,72
DA:1030,520191
DA:1032,520191
DA:1035,520191
DA:1037,520191
DA:1040,64
DA:1042,64
DA:1045,476
DA:1047,476
DA:1049,476
DA:1050,476
DA:1051,476
DA:1052,476
DA:1053,476
DA:1054,476
DA:1055,476
DA:1056,476
DA:1057,476
DA:1058,476
DA:1059,476
DA:1060,476
DA:1061,476
DA:1062,476
DA:1063,476
DA:1066,476
DA:1067,476
DA:1068,476
DA:1069,476
DA:1070,476
DA:1071,476
DA:1072,476
DA:1073,476
DA:1074,476
DA:1075,476
DA:1076,476
DA:1078,476
DA:1081,476
DA:1083,476
DA:1086,700
LF:410
LH:410
end_of_record
