TN:
SF:/home/david/shared-memory-disruptor/src/disruptor.cc
FN:75,_ZN9Disruptor4SpinEv
FN:204,_Z11GetCallbackRKN4Napi12CallbackInfoEj
FN:223,_ZN10SyncBuffer3NewEN4Napi3EnvEP9Disruptormm
FN:242,_ZN11AsyncBufferC2Ev
FN:246,_ZN11AsyncBuffer3NewEN4Napi3EnvEP9Disruptormm
FN:251,_ZN11AsyncBuffer7ToValueEN4Napi3EnvEP9Disruptor
FN:256,_ZN11AsyncBuffer6LengthEv
FN:262,_ZN11AsyncBufferC2Emmj
FN:278,_ZN10AsyncArrayI11AsyncBufferEC2Ev
FN:283,_ZN10AsyncArrayI11AsyncBufferE3NewEN4Napi3EnvE
FN:288,_ZN10AsyncArrayI11AsyncBufferE3SetEjOS0_
FN:298,_ZN10AsyncArrayI11AsyncBufferE7ToValueEN4Napi3EnvEP9Disruptor
FN:309,_ZN10AsyncArrayI11AsyncBufferE6LengthEv
FN:321,_ZN12AsyncBooleanC2Ev
FN:326,_ZN12AsyncBoolean3NewEN4Napi3EnvEb
FN:331,_ZN12AsyncBoolean7ToValueEN4Napi3EnvEP9Disruptor
FN:336,_ZNK12AsyncBooleancvbEv
FN:342,_ZN12AsyncBooleanC2Eb
FN:354,_Z7ToValueRKN4Napi3EnvEm
FN:359,_Z7ToValueRKN4Napi3EnvERK14AsyncUndefined
FN:371,_ZN20DisruptorAsyncWorkerI10AsyncArrayI11AsyncBufferEm14AsyncUndefinedS3_EC2EP9DisruptorRKN4Napi8FunctionE
FN:371,_ZN20DisruptorAsyncWorkerI10AsyncArrayI11AsyncBufferEmmbEC2EP9DisruptorRKN4Napi8FunctionE
FN:371,_ZN20DisruptorAsyncWorkerI11AsyncBuffermmbEC2EP9DisruptorRKN4Napi8FunctionE
FN:371,_ZN20DisruptorAsyncWorkerI12AsyncBoolean14AsyncUndefinedS1_S1_EC2EP9DisruptorRKN4Napi8FunctionE
FN:383,_ZN20DisruptorAsyncWorkerI10AsyncArrayI11AsyncBufferEmmbE4OnOKEv
FN:383,_ZN20DisruptorAsyncWorkerI10AsyncArrayI11AsyncBufferEm14AsyncUndefinedS3_E4OnOKEv
FN:383,_ZN20DisruptorAsyncWorkerI11AsyncBuffermmbE4OnOKEv
FN:383,_ZN20DisruptorAsyncWorkerI12AsyncBoolean14AsyncUndefinedS1_S1_E4OnOKEv
FN:418,_ZN7CloseFDclEPi
FN:425,_ZN9Disruptor15ThrowErrnoErrorERKN4Napi12CallbackInfoEPKc
FN:444,_ZN9DisruptorC2ERKN4Napi12CallbackInfoE
FN:595,_ZZN9DisruptorC4ERKN4Napi12CallbackInfoEENKUlNS0_3EnvEPhE_clES4_S5_
FN:622,_ZN9DisruptorD0Ev
FN:622,_ZN9DisruptorD2Ev
FN:627,_ZN9Disruptor7ReleaseEv
FN:649,_ZN9Disruptor7ReleaseERKN4Napi12CallbackInfoE
FN:667,_ZN9Disruptor14ConsumeNewSyncI10AsyncArrayI11AsyncBufferES2_EET_RKN4Napi3EnvEbRm
FN:667,_ZN9Disruptor14ConsumeNewSyncIN4Napi5ArrayE10SyncBufferEET_RKNS1_3EnvEbRm
FN:712,_ZN9Disruptor14ConsumeNewSyncERKN4Napi12CallbackInfoE
FN:722,_ZN21ConsumeNewAsyncWorkerC2EP9DisruptorRKN4Napi8FunctionE
FN:731,_ZN21ConsumeNewAsyncWorker7ExecuteEv
FN:738,_ZN21ConsumeNewAsyncWorker5RetryEv
FN:744,_ZN9Disruptor15ConsumeNewAsyncERKN4Napi12CallbackInfoE
FN:749,_ZN9Disruptor10ConsumeNewERKN4Napi12CallbackInfoE
FN:764,_ZN9Disruptor13ConsumeCommitERKN4Napi12CallbackInfoE
FN:769,_ZN9Disruptor13UpdatePendingEmm
FN:775,_ZN9Disruptor13ConsumeCommitEv
FN:795,_ZN9Disruptor16ProduceClaimSyncI11AsyncBufferEENT_6BufferERKN4Napi3EnvEbRmS8_Rb
FN:795,_ZN9Disruptor16ProduceClaimSyncI10SyncBufferEENT_6BufferERKN4Napi3EnvEbRmS8_Rb
FN:852,_ZN9Disruptor16ProduceClaimSyncERKN4Napi12CallbackInfoE
FN:863,_ZN23ProduceClaimAsyncWorkerC2EP9DisruptorRKN4Napi8FunctionE
FN:874,_ZN23ProduceClaimAsyncWorker7ExecuteEv
FN:882,_ZN23ProduceClaimAsyncWorker5RetryEv
FN:888,_ZN9Disruptor17ProduceClaimAsyncERKN4Napi12CallbackInfoE
FN:893,_ZN9Disruptor12ProduceClaimERKN4Napi12CallbackInfoE
FN:910,_ZN9Disruptor17ProduceGetBuffersIN4Napi5ArrayE10SyncBufferEEvRKNS1_3EnvEmmbRT_
FN:910,_ZN9Disruptor17ProduceGetBuffersI10AsyncArrayI11AsyncBufferES2_EEvRKN4Napi3EnvEmmbRT_
FN:933,_ZN9Disruptor20ProduceClaimManySyncI10AsyncArrayI11AsyncBufferES2_EET_RKN4Napi3EnvEjbRmS9_Rb
FN:933,_ZN9Disruptor20ProduceClaimManySyncIN4Napi5ArrayE10SyncBufferEET_RKNS1_3EnvEjbRmS8_Rb
FN:991,_ZN9Disruptor20ProduceClaimManySyncERKN4Napi12CallbackInfoE
FN:1006,_ZN27ProduceClaimManyAsyncWorkerC2EP9DisruptorRKN4Napi8FunctionEj
FN:1022,_ZN27ProduceClaimManyAsyncWorker7ExecuteEv
FN:1030,_ZN27ProduceClaimManyAsyncWorker5RetryEv
FN:1039,_ZN9Disruptor21ProduceClaimManyAsyncERKN4Napi12CallbackInfoEj
FN:1045,_ZN9Disruptor21ProduceClaimManyAsyncERKN4Napi12CallbackInfoE
FN:1050,_ZN9Disruptor16ProduceClaimManyERKN4Napi12CallbackInfoE
FN:1068,_ZN9Disruptor21ProduceClaimAvailSyncIN4Napi5ArrayE10SyncBufferEET_RKNS1_3EnvEjbRmS8_Rb
FN:1068,_ZN9Disruptor21ProduceClaimAvailSyncI10AsyncArrayI11AsyncBufferES2_EET_RKN4Napi3EnvEjbRmS9_Rb
FN:1118,_ZN9Disruptor21ProduceClaimAvailSyncERKN4Napi12CallbackInfoE
FN:1133,_ZN28ProduceClaimAvailAsyncWorkerC2EP9DisruptorRKN4Napi8FunctionEj
FN:1149,_ZN28ProduceClaimAvailAsyncWorker7ExecuteEv
FN:1157,_ZN28ProduceClaimAvailAsyncWorker5RetryEv
FN:1166,_ZN9Disruptor22ProduceClaimAvailAsyncERKN4Napi12CallbackInfoEj
FN:1173,_ZN9Disruptor22ProduceClaimAvailAsyncERKN4Napi12CallbackInfoE
FN:1178,_ZN9Disruptor17ProduceClaimAvailERKN4Napi12CallbackInfoE
FN:1195,_ZN9Disruptor14ProduceRecoverERKN4Napi12CallbackInfoE
FN:1214,_ZN9Disruptor17ProduceCommitSyncIN4Napi7BooleanEEET_RKNS1_3EnvEmmb
FN:1214,_ZN9Disruptor17ProduceCommitSyncI12AsyncBooleanEET_RKN4Napi3EnvEmmb
FN:1235,_ZN9Disruptor13UpdateSeqNextEmmb
FN:1244,_ZN9Disruptor10GetSeqNextERKN4Napi12CallbackInfoERmS4_
FN:1260,_ZN9Disruptor17ProduceCommitSyncERKN4Napi12CallbackInfoE
FN:1271,_ZN24ProduceCommitAsyncWorkerC2EP9DisruptorRKN4Napi8FunctionEmm
FN:1282,_ZN24ProduceCommitAsyncWorker7ExecuteEv
FN:1289,_ZN24ProduceCommitAsyncWorker5RetryEv
FN:1298,_ZN9Disruptor18ProduceCommitAsyncERKN4Napi12CallbackInfoEmmj
FN:1307,_ZN9Disruptor18ProduceCommitAsyncERKN4Napi12CallbackInfoE
FN:1314,_ZN9Disruptor13ProduceCommitERKN4Napi12CallbackInfoE
FN:1329,_ZN9Disruptor12GetConsumersERKN4Napi12CallbackInfoE
FN:1334,_ZN9Disruptor9GetCursorERKN4Napi12CallbackInfoE
FN:1339,_ZN9Disruptor7GetNextERKN4Napi12CallbackInfoE
FN:1344,_ZN9Disruptor11GetElementsERKN4Napi12CallbackInfoE
FN:1349,_ZN9Disruptor11GetConsumerERKN4Napi12CallbackInfoE
FN:1354,_ZN9Disruptor21GetPendingSeqConsumerERKN4Napi12CallbackInfoE
FN:1359,_ZN9Disruptor19GetPendingSeqCursorERKN4Napi12CallbackInfoE
FN:1364,_ZN9Disruptor17GetPendingSeqNextERKN4Napi12CallbackInfoE
FN:1369,_ZN9Disruptor20GetPendingSeqNextEndERKN4Napi12CallbackInfoE
FN:1374,_ZN9Disruptor23GetAllConsumersIgnoringERKN4Napi12CallbackInfoE
FN:1379,_ZN9Disruptor14GetElementSizeERKN4Napi12CallbackInfoE
FN:1384,_ZN9Disruptor7GetSpinERKN4Napi12CallbackInfoE
FN:1389,_ZN9Disruptor9GetStatusERKN4Napi12CallbackInfoE
FN:1394,_ZN9Disruptor9SetStatusERKN4Napi12CallbackInfoERKNS0_5ValueE
FN:1399,_ZN9Disruptor10InitializeEN4Napi3EnvENS0_6ObjectE
FN:1448,_Z10InitializeN4Napi3EnvENS_6ObjectE
FN:1453,_ZL17__napi_InitializeP10napi_env__P12napi_value__
FN:1453,_register_disruptor
FNDA:813677,_ZN21ConsumeNewAsyncWorker5RetryEv
FNDA:9007,_ZN9Disruptor7ReleaseEv
FNDA:110938,_ZN20DisruptorAsyncWorkerI11AsyncBuffermmbEC2EP9DisruptorRKN4Napi8FunctionE
FNDA:3590440,_ZN9Disruptor4SpinEv
FNDA:33264,_ZN9Disruptor21ProduceClaimAvailSyncI10AsyncArrayI11AsyncBufferES2_EET_RKN4Napi3EnvEjbRmS9_Rb
FNDA:522619,_ZN9Disruptor17ProduceCommitSyncIN4Napi7BooleanEEET_RKNS1_3EnvEmmb
FNDA:2414,_ZN9Disruptor17ProduceGetBuffersIN4Napi5ArrayE10SyncBufferEEvRKNS1_3EnvEmmbRT_
FNDA:12,_ZN9Disruptor21ProduceClaimManyAsyncERKN4Napi12CallbackInfoEj
FNDA:3746169,_ZN9Disruptor13UpdateSeqNextEmmb
FNDA:1198709,_ZN20DisruptorAsyncWorkerI10AsyncArrayI11AsyncBufferEm14AsyncUndefinedS3_E4OnOKEv
FNDA:3,_ZN9Disruptor22ProduceClaimAvailAsyncERKN4Napi12CallbackInfoEj
FNDA:1048624,_ZN9Disruptor13UpdatePendingEmm
FNDA:504079,_Z11GetCallbackRKN4Napi12CallbackInfoEj
FNDA:110938,_ZN23ProduceClaimAsyncWorkerC2EP9DisruptorRKN4Napi8FunctionE
FNDA:2155956,_ZN20DisruptorAsyncWorkerI12AsyncBoolean14AsyncUndefinedS1_S1_EC2EP9DisruptorRKN4Napi8FunctionE
FNDA:811,_ZN9Disruptor17ProduceCommitSyncERKN4Napi12CallbackInfoE
FNDA:3750,_ZN9DisruptorD2Ev
FNDA:506,_ZN9Disruptor10InitializeEN4Napi3EnvENS0_6ObjectE
FNDA:2155956,_ZN9Disruptor17ProduceCommitSyncI12AsyncBooleanEET_RKN4Napi3EnvEmmb
FNDA:110938,_ZN20DisruptorAsyncWorkerI11AsyncBuffermmbE4OnOKEv
FNDA:11,_ZN9Disruptor20ProduceClaimManySyncERKN4Napi12CallbackInfoE
FNDA:12031142,_ZN9Disruptor9GetStatusERKN4Napi12CallbackInfoE
FNDA:33264,_ZN28ProduceClaimAvailAsyncWorkerC2EP9DisruptorRKN4Napi8FunctionEj
FNDA:7066696,_ZN9Disruptor14ConsumeNewSyncIN4Napi5ArrayE10SyncBufferEET_RKNS1_3EnvEbRm
FNDA:2,_ZN9Disruptor21ProduceClaimAvailSyncERKN4Napi12CallbackInfoE
FNDA:811,_ZN9Disruptor18ProduceCommitAsyncERKN4Napi12CallbackInfoE
FNDA:390288,_ZN11AsyncBuffer7ToValueEN4Napi3EnvEP9Disruptor
FNDA:12,_ZN9Disruptor17ProduceGetBuffersI10AsyncArrayI11AsyncBufferES2_EEvRKN4Napi3EnvEmmbRT_
FNDA:807,_ZN9Disruptor16ProduceClaimSyncERKN4Napi12CallbackInfoE
FNDA:506,_Z10InitializeN4Napi3EnvENS_6ObjectE
FNDA:91573,_ZN9Disruptor20ProduceClaimManySyncI10AsyncArrayI11AsyncBufferES2_EET_RKN4Napi3EnvEjbRmS9_Rb
FNDA:91573,_ZN27ProduceClaimManyAsyncWorkerC2EP9DisruptorRKN4Napi8FunctionEj
FNDA:2155956,_ZN20DisruptorAsyncWorkerI12AsyncBoolean14AsyncUndefinedS1_S1_E4OnOKEv
FNDA:1198709,_ZN21ConsumeNewAsyncWorkerC2EP9DisruptorRKN4Napi8FunctionE
FNDA:1111854,_Z7ToValueRKN4Napi3EnvERK14AsyncUndefined
FNDA:11,_ZN9Disruptor21ProduceClaimManyAsyncERKN4Napi12CallbackInfoE
FNDA:1198709,_ZN21ConsumeNewAsyncWorker7ExecuteEv
FNDA:3510420,_ZN9Disruptor17GetPendingSeqNextERKN4Napi12CallbackInfoE
FNDA:2155956,_ZNK12AsyncBooleancvbEv
FNDA:33261,_ZN28ProduceClaimAvailAsyncWorker5RetryEv
FNDA:2647092,_ZN10AsyncArrayI11AsyncBufferEC2Ev
FNDA:222,_ZN9Disruptor9GetCursorERKN4Napi12CallbackInfoE
FNDA:400383,_Z7ToValueRKN4Napi3EnvEm
FNDA:992248,_ZN11AsyncBufferC2Emmj
FNDA:5764,_ZN7CloseFDclEPi
FNDA:496124,_ZN11AsyncBufferC2Ev
FNDA:1323546,_ZN10AsyncArrayI11AsyncBufferE3NewEN4Napi3EnvE
FNDA:5102,_ZN9Disruptor17ProduceClaimAsyncERKN4Napi12CallbackInfoE
FNDA:110938,_ZN11AsyncBuffer6LengthEv
FNDA:496124,_ZN11AsyncBuffer3NewEN4Napi3EnvEP9Disruptormm
FNDA:5772,_ZN9DisruptorC2ERKN4Napi12CallbackInfoE
FNDA:519445,_ZN9Disruptor12ProduceClaimERKN4Napi12CallbackInfoE
FNDA:51,_ZN9Disruptor20ProduceClaimManySyncIN4Napi5ArrayE10SyncBufferEET_RKNS1_3EnvEjbRmS8_Rb
FNDA:3750,_ZN9DisruptorD0Ev
FNDA:110938,_ZN9Disruptor16ProduceClaimSyncI11AsyncBufferEENT_6BufferERKN4Napi3EnvEbRmS8_Rb
FNDA:4755,_ZZN9DisruptorC4ERKN4Napi12CallbackInfoEENKUlNS0_3EnvEPhE_clES4_S5_
FNDA:7066701,_ZN9Disruptor13ConsumeCommitERKN4Napi12CallbackInfoE
FNDA:385047,_ZN10AsyncArrayI11AsyncBufferE7ToValueEN4Napi3EnvEP9Disruptor
FNDA:13,_ZN9Disruptor14ConsumeNewSyncERKN4Napi12CallbackInfoE
FNDA:11,_ZN9Disruptor9SetStatusERKN4Napi12CallbackInfoERKNS0_5ValueE
FNDA:222,_ZN9Disruptor7GetNextERKN4Napi12CallbackInfoE
FNDA:222,_ZN9Disruptor11GetConsumerERKN4Napi12CallbackInfoE
FNDA:113930,_ZN9Disruptor18ProduceCommitAsyncERKN4Napi12CallbackInfoEmmj
FNDA:506,_ZL17__napi_InitializeP10napi_env__P12napi_value__
FNDA:1556,_ZN9Disruptor11GetElementsERKN4Napi12CallbackInfoE
FNDA:40,_ZN9Disruptor16ProduceClaimManyERKN4Napi12CallbackInfoE
FNDA:110938,_ZN23ProduceClaimAsyncWorker7ExecuteEv
FNDA:2155956,_ZN12AsyncBoolean3NewEN4Napi3EnvEb
FNDA:2990069,_ZN9Disruptor17ProduceClaimAvailERKN4Napi12CallbackInfoE
FNDA:1323546,_ZN10AsyncArrayI11AsyncBufferE6LengthEv
FNDA:91573,_ZN27ProduceClaimManyAsyncWorker7ExecuteEv
FNDA:2155956,_ZN12AsyncBooleanC2Ev
FNDA:521808,_ZN9Disruptor13ProduceCommitERKN4Napi12CallbackInfoE
FNDA:2105,_ZN9Disruptor14GetElementSizeERKN4Napi12CallbackInfoE
FNDA:2155956,_ZN24ProduceCommitAsyncWorker7ExecuteEv
FNDA:7066783,_ZN9Disruptor21GetPendingSeqConsumerERKN4Napi12CallbackInfoE
FNDA:124837,_ZN20DisruptorAsyncWorkerI10AsyncArrayI11AsyncBufferEmmbE4OnOKEv
FNDA:1198709,_ZN20DisruptorAsyncWorkerI10AsyncArrayI11AsyncBufferEm14AsyncUndefinedS3_EC2EP9DisruptorRKN4Napi8FunctionE
FNDA:105836,_ZN23ProduceClaimAsyncWorker5RetryEv
FNDA:2027,_ZN9Disruptor7GetSpinERKN4Napi12CallbackInfoE
FNDA:2155956,_ZN12AsyncBooleanC2Eb
FNDA:3510420,_ZN9Disruptor20GetPendingSeqNextEndERKN4Napi12CallbackInfoE
FNDA:76,_ZN9Disruptor14ProduceRecoverERKN4Napi12CallbackInfoE
FNDA:113930,_ZN12AsyncBoolean7ToValueEN4Napi3EnvEP9Disruptor
FNDA:15332106,_ZN9Disruptor13ConsumeCommitEv
FNDA:8,_ZN9Disruptor15ThrowErrnoErrorERKN4Napi12CallbackInfoEPKc
FNDA:520252,_ZN9Disruptor16ProduceClaimSyncI10SyncBufferEENT_6BufferERKN4Napi3EnvEbRmS8_Rb
FNDA:523430,_ZN9Disruptor10GetSeqNextERKN4Napi12CallbackInfoERmS4_
FNDA:5257,_ZN9Disruptor7ReleaseERKN4Napi12CallbackInfoE
FNDA:1198709,_ZN9Disruptor14ConsumeNewSyncI10AsyncArrayI11AsyncBufferES2_EET_RKN4Napi3EnvEbRm
FNDA:2155956,_ZN24ProduceCommitAsyncWorkerC2EP9DisruptorRKN4Napi8FunctionEmm
FNDA:3510406,_ZN9Disruptor23GetAllConsumersIgnoringERKN4Napi12CallbackInfoE
FNDA:2,_ZN9Disruptor22ProduceClaimAvailAsyncERKN4Napi12CallbackInfoE
FNDA:7066683,_ZN9Disruptor10ConsumeNewERKN4Napi12CallbackInfoE
FNDA:124837,_ZN20DisruptorAsyncWorkerI10AsyncArrayI11AsyncBufferEmmbEC2EP9DisruptorRKN4Napi8FunctionE
FNDA:254,_register_disruptor
FNDA:33264,_ZN28ProduceClaimAvailAsyncWorker7ExecuteEv
FNDA:2042026,_ZN24ProduceCommitAsyncWorker5RetryEv
FNDA:1577098,_ZN10SyncBuffer3NewEN4Napi3EnvEP9Disruptormm
FNDA:385032,_ZN9Disruptor15ConsumeNewAsyncERKN4Napi12CallbackInfoE
FNDA:2990071,_ZN9Disruptor21ProduceClaimAvailSyncIN4Napi5ArrayE10SyncBufferEET_RKNS1_3EnvEjbRmS8_Rb
FNDA:12,_ZN9Disruptor12GetConsumersERKN4Napi12CallbackInfoE
FNDA:385186,_ZN10AsyncArrayI11AsyncBufferE3SetEjOS0_
FNDA:87,_ZN9Disruptor19GetPendingSeqCursorERKN4Napi12CallbackInfoE
FNDA:91561,_ZN27ProduceClaimManyAsyncWorker5RetryEv
FNF:105
FNH:105
DA:75,3590440
DA:77,3590440
DA:204,504079
DA:206,504079
DA:208,504079
DA:209,504079
DA:211,504079
DA:223,1577098
DA:226,4731294
DA:231,1577098
DA:232,3154196
DA:233,3154196
DA:242,496124
DA:244,496124
DA:246,496124
DA:248,496124
DA:251,390288
DA:253,390288
DA:256,110938
DA:258,110938
DA:262,992248
DA:263,992248
DA:264,992248
DA:265,992248
DA:267,992248
DA:278,2647092
DA:279,2647092
DA:281,2647092
DA:283,1323546
DA:285,1323546
DA:288,385186
DA:290,385186
DA:292,385186
DA:295,385186
DA:296,385186
DA:298,385047
DA:300,385047
DA:301,385047
DA:302,770233
DA:304,385186
DA:306,385047
DA:309,1323546
DA:311,1323546
DA:321,2155956
DA:322,2155956
DA:324,2155956
DA:326,2155956
DA:328,2155956
DA:331,113930
DA:333,113930
DA:336,2155956
DA:338,2155956
DA:342,2155956
DA:343,2155956
DA:345,2155956
DA:354,400383
DA:356,400383
DA:359,1111854
DA:361,1111854
DA:371,3590440
DA:374,3590440
DA:375,3590440
DA:376,3590440
DA:378,3590440
DA:383,3590440
DA:385,3590440
DA:387,3086361
DA:390,504079
DA:392,3528553
DA:393,504079
DA:396,504079
DA:397,504079
DA:398,504079
DA:399,504079
DA:400,1008158
DA:418,5764
DA:420,5764
DA:421,5764
DA:422,5764
DA:425,8
DA:428,8
DA:429,8
DA:436,8
DA:440,8
DA:441,16
DA:444,5772
DA:446,5772
DA:449,5772
DA:450,5772
DA:451,5772
DA:452,5772
DA:453,5772
DA:454,5772
DA:455,5772
DA:460,5772
DA:461,5772
DA:462,5772
DA:465,5772
DA:467,282
DA:468,282
DA:473,5772
DA:475,8
DA:478,5764
DA:486,5764
DA:487,5764
DA:488,5764
DA:492,5764
DA:498,5764
DA:501,5764
DA:503,5764
DA:508,5764
DA:509,5764
DA:510,5764
DA:511,5764
DA:512,5764
DA:513,5764
DA:515,5764
DA:516,5764
DA:518,5764
DA:519,5764
DA:521,5764
DA:563,5764
DA:564,5764
DA:565,5764
DA:566,5764
DA:568,5764
DA:569,5764
DA:570,5764
DA:573,5764
DA:575,9013
DA:576,9013
DA:577,5764
DA:579,3249
DA:580,3249
DA:582,5764
DA:584,5764
DA:591,5764
DA:595,4755
DA:596,4755
DA:597,4755
DA:598,4755
DA:601,5764
DA:602,5764
DA:603,5764
DA:605,5764
DA:607,5764
DA:608,17292
DA:610,5764
DA:611,5764
DA:612,5764
DA:614,5764
DA:615,17292
DA:617,5764
DA:618,5764
DA:619,5764
DA:620,5812
DA:622,7500
DA:624,3750
DA:625,7500
DA:627,9007
DA:629,9007
DA:630,9007
DA:631,9007
DA:632,9007
DA:634,9007
DA:636,5762
DA:638,5762
DA:643,5762
DA:646,9007
DA:649,5257
DA:651,15771
DA:652,6265
DA:653,6265
DA:655,1008
DA:658,5257
DA:662,5257
DA:667,8265405
DA:674,8265405
DA:678,8265405
DA:679,8265405
DA:680,8265405
DA:681,8265405
DA:683,8265405
DA:685,942467
DA:686,942467
DA:687,942467
DA:688,942467
DA:689,942467
DA:690,384774
DA:692,7322938
DA:694,106157
DA:695,106157
DA:696,106157
DA:698,685
DA:700,106157
DA:701,106157
DA:702,106157
DA:703,256
DA:705,7216781
DA:707,7216781
DA:709,7216781
DA:712,13
DA:715,13
DA:722,1198709
DA:723,1198709
DA:725,1198709
DA:727,1198709
DA:728,1198709
DA:731,1198709
DA:734,1198709
DA:735,1198709
DA:736,1198709
DA:738,813677
DA:740,813677
DA:741,813677
DA:744,385032
DA:746,385032
DA:747,385032
DA:749,7066683
DA:752,7066683
DA:753,7066683
DA:755,7066683
DA:757,6681664
DA:760,385019
DA:761,385019
DA:764,7066701
DA:766,7066701
DA:769,1048624
DA:771,1048624
DA:772,1048624
DA:773,1048624
DA:775,15332106
DA:777,15332106
DA:779,15332106
DA:781,1048623
DA:782,1048623
DA:788,1048623
DA:791,15332106
DA:795,631190
DA:805,631190
DA:807,631190
DA:808,631190
DA:810,3181335
DA:812,2656024
DA:814,2656024
DA:816,2656016
DA:818,2656016
DA:820,105879
DA:821,105879
DA:826,631190
DA:828,4
DA:831,1156493
DA:832,525307
DA:834,521039
DA:835,521039
DA:836,521039
DA:837,521039
DA:838,521039
DA:839,521039
DA:840,521039
DA:843,110147
DA:845,110151
DA:846,110151
DA:847,110151
DA:848,110151
DA:849,110151
DA:852,807
DA:856,807
DA:863,110938
DA:864,110938
DA:866,110938
DA:868,110938
DA:869,110938
DA:870,110938
DA:871,110938
DA:874,110938
DA:877,110938
DA:878,110938
DA:879,110938
DA:880,110938
DA:882,105836
DA:884,105836
DA:885,105836
DA:888,5102
DA:890,5102
DA:891,5102
DA:893,519445
DA:897,519445
DA:898,519445
DA:900,519445
DA:902,515150
DA:905,4295
DA:906,4295
DA:910,2426
DA:916,2426
DA:917,2426
DA:919,2426
DA:921,9
DA:922,9
DA:926,2417
DA:929,2426
DA:930,2426
DA:933,91624
DA:944,91624
DA:945,91624
DA:947,91624
DA:948,91624
DA:950,91686
DA:952,91640
DA:954,91640
DA:956,91628
DA:958,91628
DA:960,91578
DA:961,91578
DA:966,91624
DA:968,4
DA:971,91662
DA:972,42
DA:974,42
DA:975,42
DA:976,42
DA:977,42
DA:978,42
DA:979,42
DA:980,9
DA:982,91578
DA:984,91582
DA:985,91582
DA:986,91582
DA:987,91582
DA:988,91582
DA:991,11
DA:995,22
DA:996,33
DA:1006,91573
DA:1008,91573
DA:1014,91573
DA:1016,91573
DA:1017,91573
DA:1018,91573
DA:1019,91573
DA:1022,91573
DA:1025,183146
DA:1026,183146
DA:1027,91573
DA:1028,91573
DA:1030,91561
DA:1032,91561
DA:1033,91561
DA:1039,12
DA:1042,12
DA:1043,12
DA:1045,11
DA:1047,11
DA:1048,11
DA:1050,40
DA:1052,40
DA:1055,40
DA:1056,40
DA:1058,40
DA:1060,39
DA:1063,1
DA:1064,1
DA:1068,3023335
DA:1079,3023335
DA:1080,3023335
DA:1081,3023335
DA:1083,6153567
DA:1085,3130232
DA:1086,3130232
DA:1088,3129224
DA:1089,3129224
DA:1093,3023335
DA:1095,5
DA:1098,3025694
DA:1099,2364
DA:1101,2364
DA:1102,2364
DA:1103,2364
DA:1104,2364
DA:1105,2364
DA:1106,2364
DA:1107,3
DA:1109,3020966
DA:1111,3020971
DA:1112,3020971
DA:1113,3020971
DA:1114,3020971
DA:1115,3020971
DA:1118,2
DA:1122,4
DA:1123,6
DA:1133,33264
DA:1135,33264
DA:1141,33264
DA:1143,33264
DA:1144,33264
DA:1145,33264
DA:1146,33264
DA:1149,33264
DA:1152,66528
DA:1153,66528
DA:1154,33264
DA:1155,33264
DA:1157,33261
DA:1159,33261
DA:1160,33261
DA:1166,3
DA:1169,3
DA:1170,3
DA:1173,2
DA:1175,2
DA:1176,2
DA:1178,2990069
DA:1180,2990069
DA:1183,2990069
DA:1184,2990069
DA:1186,2990069
DA:1188,2990068
DA:1191,1
DA:1192,1
DA:1195,76
DA:1197,76
DA:1198,76
DA:1200,76
DA:1202,140
DA:1203,116
DA:1204,40
DA:1206,20
DA:1207,40
DA:1210,76
DA:1214,2678575
DA:1219,2678575
DA:1223,2678567
DA:1224,2678567
DA:1226,523418
DA:1229,2155149
DA:1232,2155157
DA:1235,3746169
DA:1239,3746169
DA:1240,3746169
DA:1241,3746169
DA:1242,3746169
DA:1244,523430
DA:1248,523430
DA:1250,2367
DA:1251,2367
DA:1252,2367
DA:1255,521063
DA:1256,521063
DA:1257,521063
DA:1260,811
DA:1263,811
DA:1264,811
DA:1271,2155956
DA:1274,2155956
DA:1276,2155956
DA:1277,2155956
DA:1279,2155956
DA:1282,2155956
DA:1285,2155956
DA:1286,2155956
DA:1287,2155956
DA:1289,2042026
DA:1291,2042026
DA:1292,2042026
DA:1298,113930
DA:1304,113930
DA:1305,113930
DA:1307,811
DA:1310,811
DA:1311,811
DA:1312,811
DA:1314,521808
DA:1317,521808
DA:1319,521808
DA:1320,521808
DA:1322,408689
DA:1325,113119
DA:1326,113119
DA:1329,12
DA:1331,12
DA:1334,222
DA:1336,222
DA:1339,222
DA:1341,222
DA:1344,1556
DA:1346,1556
DA:1349,222
DA:1351,222
DA:1354,7066783
DA:1356,7066783
DA:1359,87
DA:1361,87
DA:1364,3510420
DA:1366,3510420
DA:1369,3510420
DA:1371,3510420
DA:1374,3510406
DA:1376,3510406
DA:1379,2105
DA:1381,2105
DA:1384,2027
DA:1386,2027
DA:1389,12031142
DA:1391,12031142
DA:1394,11
DA:1396,11
DA:1397,11
DA:1399,506
DA:1402,506
DA:1403,506
DA:1404,254
DA:1406,506
DA:1408,506
DA:1410,506
DA:1411,506
DA:1412,506
DA:1413,506
DA:1414,506
DA:1415,506
DA:1416,506
DA:1417,506
DA:1418,506
DA:1419,506
DA:1420,506
DA:1421,506
DA:1422,506
DA:1423,506
DA:1424,506
DA:1425,506
DA:1426,506
DA:1427,506
DA:1428,506
DA:1429,506
DA:1432,506
DA:1433,506
DA:1434,506
DA:1435,506
DA:1436,506
DA:1437,506
DA:1438,506
DA:1439,506
DA:1440,506
DA:1441,506
DA:1442,506
DA:1445,506
DA:1448,506
DA:1450,506
DA:1453,760
LF:550
LH:550
end_of_record
TN:
SF:lib/disruptor.js
FN:8,check
FN:18,Disruptor2
FN:54,_consumeNew
FN:61,consumeNew
FN:71,_produceClaim
FN:80,produceClaim
FN:90,_produceClaimMany
FN:99,produceClaimMany
FN:109,_produceClaimAvail
FN:118,produceClaimAvail
FN:128,_produceCommit
FN:138,produceCommit
FN:160,DisruptorReadStream
FN:172,__read
FN:195,_read
FN:221,read_again
FN:235,DisruptorWriteStream
FN:247,_write
FN:282,_final
FN:287,_destroy
FN:298,_commit
FN:324,commit_again
FN:328,write_again
FNDA:5,_final
FNDA:5772,Disruptor2
FNDA:1,commit_again
FNDA:17,DisruptorWriteStream
FNDA:519445,produceClaim
FNDA:6232641,_read
FNDA:2354,_commit
FNDA:519445,_produceClaim
FNDA:2990069,produceClaimAvail
FNDA:2990069,_produceClaimAvail
FNDA:2990061,_write
FNDA:2988858,write_again
FNDA:6125862,__read
FNDA:7066683,_consumeNew
FNDA:6122848,read_again
FNDA:2012,DisruptorReadStream
FNDA:7066683,consumeNew
FNDA:40,_produceClaimMany
FNDA:11098045,check
FNDA:40,produceClaimMany
FNDA:521808,produceCommit
FNDA:521808,_produceCommit
FNDA:2024,_destroy
FNF:23
FNH:23
BRDA:1,0,0,506
BRDA:8,1,0,11098045
BRDA:11,2,0,10595610
BRDA:18,3,0,5772
BRDA:22,4,0,6492812
BRDA:23,5,0,6492812
BRDA:28,6,0,467557
BRDA:29,7,0,467557
BRDA:34,8,0,27
BRDA:35,9,0,27
BRDA:40,10,0,2990065
BRDA:41,11,0,2990065
BRDA:46,12,0,469915
BRDA:47,13,0,2353
BRDA:50,14,0,467562
BRDA:54,15,0,7066683
BRDA:61,16,0,7066683
BRDA:64,17,0,573871
BRDA:67,18,0,6492812
BRDA:71,19,0,519445
BRDA:80,20,0,519445
BRDA:83,21,0,51888
BRDA:86,22,0,467557
BRDA:90,23,0,40
BRDA:99,24,0,40
BRDA:102,25,0,13
BRDA:105,26,0,27
BRDA:109,27,0,2990069
BRDA:118,28,0,2990069
BRDA:121,29,0,4
BRDA:124,30,0,2990065
BRDA:128,31,0,521808
BRDA:131,32,0,2361
BRDA:134,33,0,519447
BRDA:138,34,0,521808
BRDA:141,35,0,2361
BRDA:143,36,0,8
BRDA:146,37,0,2353
BRDA:149,38,0,520808
BRDA:149,39,0,519447
BRDA:151,40,0,51885
BRDA:154,41,0,467562
BRDA:160,42,0,2012
BRDA:162,43,0,1
BRDA:165,44,0,2011
BRDA:165,45,0,1
BRDA:168,46,0,2010
BRDA:172,47,0,6125862
BRDA:173,48,0,1
BRDA:176,49,0,6125861
BRDA:179,50,0,6125860
BRDA:182,51,0,1
BRDA:186,52,0,6125861
BRDA:187,53,0,1001
BRDA:192,54,0,6124860
BRDA:195,55,0,6232641
BRDA:196,56,0,107783
BRDA:199,57,0,6124858
BRDA:200,58,0,6123855
BRDA:201,59,0,107782
BRDA:202,60,0,107780
BRDA:205,61,0,6016073
BRDA:205,62,0,1004
BRDA:213,63,0,6015069
BRDA:213,64,0,1
BRDA:215,65,0,6015068
BRDA:221,66,0,6122848
BRDA:222,67,0,6122848
BRDA:225,68,0,2010
BRDA:226,69,0,1001
BRDA:228,70,0,1009
BRDA:235,71,0,17
BRDA:237,72,0,1
BRDA:240,73,0,16
BRDA:240,74,0,1
BRDA:243,75,0,15
BRDA:247,76,0,2990061
BRDA:248,77,0,1
BRDA:251,78,0,2990060
BRDA:258,79,0,2990059
BRDA:259,80,0,1
BRDA:263,81,0,2990059
BRDA:264,82,0,1
BRDA:268,83,0,2990058
BRDA:269,84,0,2358
BRDA:273,85,0,2990058
BRDA:273,86,0,2987705
BRDA:274,87,0,1
BRDA:277,88,0,2987704
BRDA:279,89,0,2353
BRDA:282,90,0,5
BRDA:287,91,0,14
BRDA:288,92,0,6
BRDA:291,93,0,2
BRDA:293,94,0,12
BRDA:298,95,0,2354
BRDA:299,96,0,1
BRDA:302,97,0,2353
BRDA:306,98,0,2352
BRDA:306,99,0,1
BRDA:310,100,0,2352
BRDA:311,101,0,1
BRDA:315,102,0,2351
BRDA:315,103,0,1
BRDA:318,104,0,2350
BRDA:318,105,0,1154
BRDA:321,106,0,1196
BRDA:324,107,0,1
BRDA:325,108,0,1
BRDA:328,109,0,2988858
BRDA:329,110,0,2988857
BRF:111
BRH:111
DA:1,506
DA:2,506
DA:3,506
DA:4,506
DA:5,506
DA:6,506
DA:7,506
DA:8,11098045
DA:9,11098045
DA:10,11098045
DA:11,11098045
DA:12,10595610
DA:13,10595610
DA:14,11098045
DA:15,506
DA:16,506
DA:17,506
DA:18,506
DA:19,5772
DA:20,5772
DA:21,5772
DA:22,5772
DA:23,6492812
DA:24,6492812
DA:25,6492812
DA:26,5772
DA:27,5772
DA:28,5772
DA:29,467557
DA:30,467557
DA:31,467557
DA:32,5772
DA:33,5772
DA:34,5772
DA:35,27
DA:36,27
DA:37,27
DA:38,5772
DA:39,5772
DA:40,5772
DA:41,2990065
DA:42,2990065
DA:43,2990065
DA:44,5772
DA:45,5772
DA:46,5772
DA:47,469915
DA:48,2353
DA:49,2353
DA:50,467562
DA:51,5772
DA:52,5772
DA:53,506
DA:54,506
DA:55,7066683
DA:56,7066683
DA:57,7066683
DA:58,7066683
DA:59,7066683
DA:60,506
DA:61,506
DA:62,7066683
DA:63,7066683
DA:64,7066683
DA:65,573871
DA:66,573871
DA:67,6492812
DA:68,6492812
DA:69,7066683
DA:70,506
DA:71,506
DA:72,519445
DA:73,519445
DA:74,519445
DA:75,519445
DA:76,519445
DA:77,519445
DA:78,519445
DA:79,506
DA:80,506
DA:81,519445
DA:82,519445
DA:83,519445
DA:84,51888
DA:85,51888
DA:86,467557
DA:87,467557
DA:88,519445
DA:89,506
DA:90,506
DA:91,40
DA:92,40
DA:93,40
DA:94,40
DA:95,40
DA:96,40
DA:97,40
DA:98,506
DA:99,506
DA:100,40
DA:101,40
DA:102,40
DA:103,13
DA:104,13
DA:105,27
DA:106,27
DA:107,40
DA:108,506
DA:109,506
DA:110,2990069
DA:111,2990069
DA:112,2990069
DA:113,2990069
DA:114,2990069
DA:115,2990069
DA:116,2990069
DA:117,506
DA:118,506
DA:119,2990069
DA:120,2990069
DA:121,2990069
DA:122,4
DA:123,4
DA:124,2990065
DA:125,2990065
DA:126,2990069
DA:127,506
DA:128,506
DA:129,521808
DA:130,521808
DA:131,521808
DA:132,2361
DA:133,2361
DA:134,519447
DA:135,519447
DA:136,521808
DA:137,506
DA:138,506
DA:139,521808
DA:140,521808
DA:141,521808
DA:142,2361
DA:143,2361
DA:144,8
DA:145,8
DA:146,2353
DA:147,2353
DA:148,2353
DA:149,519447
DA:150,519447
DA:151,520808
DA:152,51885
DA:153,51885
DA:154,467562
DA:155,467562
DA:156,521808
DA:157,506
DA:158,506
DA:159,506
DA:160,506
DA:161,2012
DA:162,2012
DA:163,1
DA:164,1
DA:165,2012
DA:166,1
DA:167,1
DA:168,2010
DA:169,2010
DA:170,2012
DA:171,506
DA:172,506
DA:173,6125862
DA:174,1
DA:175,1
DA:176,6125861
DA:177,6125861
DA:178,6125861
DA:179,6125862
DA:180,6125860
DA:181,6125860
DA:182,6125862
DA:183,1
DA:184,1
DA:185,1
DA:186,6125861
DA:187,6125862
DA:188,1001
DA:189,1001
DA:190,1001
DA:191,1001
DA:192,6124860
DA:193,6125862
DA:194,506
DA:195,506
DA:196,6232641
DA:197,107783
DA:198,107783
DA:199,6124858
DA:200,6232641
DA:201,6123855
DA:202,107782
DA:203,107780
DA:204,107780
DA:205,6123855
DA:206,1004
DA:207,1004
DA:208,1004
DA:209,1004
DA:210,1004
DA:211,1004
DA:212,1004
DA:213,6016073
DA:214,1
DA:215,6015069
DA:216,6015068
DA:217,6015068
DA:218,6123855
DA:219,6232641
DA:220,506
DA:221,506
DA:222,6122848
DA:223,6122848
DA:224,506
DA:225,506
DA:226,2010
DA:227,1001
DA:228,2010
DA:229,1009
DA:230,1009
DA:231,2010
DA:232,506
DA:233,506
DA:234,506
DA:235,506
DA:236,17
DA:237,17
DA:238,1
DA:239,1
DA:240,17
DA:241,1
DA:242,1
DA:243,15
DA:244,15
DA:245,17
DA:246,506
DA:247,506
DA:248,2990061
DA:249,1
DA:250,1
DA:251,2990060
DA:252,2990060
DA:253,2990060
DA:254,2990060
DA:255,2990060
DA:256,2990060
DA:257,2990060
DA:258,2990061
DA:259,2990061
DA:260,1
DA:261,1
DA:262,1
DA:263,2990059
DA:264,2990061
DA:265,1
DA:266,1
DA:267,1
DA:268,2990058
DA:269,2990061
DA:270,2358
DA:271,2358
DA:272,2358
DA:273,2990061
DA:274,2987705
DA:275,1
DA:276,1
DA:277,2987704
DA:278,2987704
DA:279,2353
DA:280,2990061
DA:281,506
DA:282,506
DA:283,5
DA:284,5
DA:285,5
DA:286,506
DA:287,506
DA:288,14
DA:289,6
DA:290,6
DA:291,14
DA:292,2
DA:293,14
DA:294,12
DA:295,12
DA:296,14
DA:297,506
DA:298,506
DA:299,2354
DA:300,1
DA:301,1
DA:302,2353
DA:303,2353
DA:304,2353
DA:305,2353
DA:306,2354
DA:307,1
DA:308,1
DA:309,1
DA:310,2352
DA:311,2354
DA:312,1
DA:313,1
DA:314,1
DA:315,2354
DA:316,1
DA:317,1
DA:318,2354
DA:319,1154
DA:320,1154
DA:321,1196
DA:322,2354
DA:323,506
DA:324,506
DA:325,1
DA:326,1
DA:327,506
DA:328,506
DA:329,2988858
DA:330,2988858
DA:331,506
DA:332,506
DA:333,506
DA:334,506
DA:335,506
LF:335
LH:335
end_of_record
