TN:
SF:/home/david/shared-memory-disruptor/node_modules/node-addon-api/napi-inl.h
FN:54,_ZN4Napi7details12WrapCallbackIZNS0_12CallbackDataIPFvRKNS_12CallbackInfoEEvE7WrapperEP10napi_env__P20napi_callback_info__EUlvE_EEP12napi_value__T_
FN:54,_ZN4Napi7details12WrapCallbackIZNS_14RegisterModuleEP10napi_env__P12napi_value__S5_PFvNS_3EnvENS_6ObjectES7_EEUlvE_EES5_T_
FN:54,_ZN4Napi7details12WrapCallbackIZNS_11AsyncWorker14OnWorkCompleteEP10napi_env__11napi_statusPvEUlvE_EEP12napi_value__T_
FN:54,_ZN4Napi7details12WrapCallbackIZNS_10ObjectWrapI9DisruptorE29InstanceSetterCallbackWrapperEP10napi_env__P20napi_callback_info__EUlvE_EEP12napi_value__T_
FN:54,_ZN4Napi7details12WrapCallbackIZNS_10ObjectWrapI9DisruptorE29InstanceMethodCallbackWrapperEP10napi_env__P20napi_callback_info__EUlvE_EEP12napi_value__T_
FN:54,_ZN4Napi7details12WrapCallbackIZNS_10ObjectWrapI9DisruptorE26ConstructorCallbackWrapperEP10napi_env__P20napi_callback_info__EUlvE_EEP12napi_value__T_
FN:54,_ZN4Napi7details12WrapCallbackIZNS_10ObjectWrapI9DisruptorE33InstanceVoidMethodCallbackWrapperEP10napi_env__P20napi_callback_info__EUlvE_EEP12napi_value__T_
FN:54,_ZN4Napi7details12WrapCallbackIZNS_10ObjectWrapI9DisruptorE29InstanceGetterCallbackWrapperEP10napi_env__P20napi_callback_info__EUlvE_EEP12napi_value__T_
FN:89,_ZN4Napi7details12CallbackDataIPFvRKNS_12CallbackInfoEEvE7WrapperEP10napi_env__P20napi_callback_info__
FN:90,_ZZN4Napi7details12CallbackDataIPFvRKNS_12CallbackInfoEEvE7WrapperEP10napi_env__P20napi_callback_info__ENKUlvE_clEv
FN:169,_ZN4Napi14RegisterModuleEP10napi_env__P12napi_value__S3_PFvNS_3EnvENS_6ObjectES5_E
FN:173,_ZZN4Napi14RegisterModuleEP10napi_env__P12napi_value__S3_PFvNS_3EnvENS_6ObjectES5_EENKUlvE_clEv
FN:185,_ZN4Napi3EnvC2EP10napi_env__
FN:188,_ZNK4Napi3EnvcvP10napi_env__Ev
FN:199,_ZNK4Napi3Env9UndefinedEv
FN:206,_ZNK4Napi3Env4NullEv
FN:234,_ZN4Napi5ValueC2Ev
FN:237,_ZN4Napi5ValueC2EP10napi_env__P12napi_value__
FN:240,_ZNK4Napi5ValuecvP12napi_value__Ev
FN:259,_ZNK4Napi5Value3EnvEv
FN:267,_ZNK4Napi5Value4TypeEv
FN:339,_ZNK4Napi5Value10IsFunctionEv
FN:355,_ZNK4Napi5Value2AsINS_6StringEEET_v
FN:355,_ZNK4Napi5Value2AsINS_7BooleanEEET_v
FN:355,_ZNK4Napi5Value2AsINS_6NumberEEET_v
FN:355,_ZNK4Napi5Value2AsINS_8FunctionEEET_v
FN:355,_ZNK4Napi5Value2AsINS_6ObjectEEET_v
FN:391,_ZN4Napi7Boolean3NewEP10napi_env__b
FN:401,_ZN4Napi7BooleanC2EP10napi_env__P12napi_value__
FN:404,_ZNK4Napi7BooleancvbEv
FN:408,_ZNK4Napi7Boolean5ValueEv
FN:419,_ZN4Napi6Number3NewEP10napi_env__d
FN:429,_ZN4Napi6NumberC2EP10napi_env__P12napi_value__
FN:436,_ZNK4Napi6NumbercvjEv
FN:459,_ZNK4Napi6Number11Uint32ValueEv
FN:466,_ZNK4Napi6Number10Int64ValueEv
FN:491,_ZN4Napi4NameC2EP10napi_env__P12napi_value__
FN:537,_ZN4Napi6StringC2EP10napi_env__P12napi_value__
FN:540,_ZNK4Napi6StringcvNSt7__cxx1112basic_stringIcSt11char_traitsIcESaIcEEEB5cxx11Ev
FN:548,_ZNK4Napi6String9Utf8ValueB5cxx11Ev
FN:617,_ZN4Napi6Object14PropertyLValueIjEaSINS_5ValueEEERS2_T_
FN:623,_ZN4Napi6Object14PropertyLValueIjEC2ES0_j
FN:626,_ZN4Napi6Object3NewEP10napi_env__
FN:633,_ZN4Napi6ObjectC2Ev
FN:636,_ZN4Napi6ObjectC2EP10napi_env__P12napi_value__
FN:647,_ZN4Napi6ObjectixEj
FN:702,_ZNK4Napi6Object3GetEPKc
FN:723,_ZN4Napi6Object3SetEPKcNS_5ValueE
FN:784,_ZN4Napi6Object3SetEjNS_5ValueE
FN:912,_ZN4Napi5Array3NewEP10napi_env__
FN:929,_ZN4Napi5ArrayC2EP10napi_env__P12napi_value__
FN:932,_ZNK4Napi5Array6LengthEv
FN:1201,_ZN4Napi8Function3NewIPFvRKNS_12CallbackInfoEEEES0_P10napi_env__T_PKcPv
FN:1228,_ZN4Napi8FunctionC2EP10napi_env__P12napi_value__
FN:1263,_ZNK4Napi8Function12MakeCallbackEP12napi_value__RKSt16initializer_listIS2_E
FN:1273,_ZNK4Napi8Function12MakeCallbackEP12napi_value__mPKS2_
FN:1303,_ZN4Napi6BufferIhE3NewEP10napi_env__m
FN:1312,_ZN4Napi6BufferImE3NewEP10napi_env__Pmm
FN:1312,_ZN4Napi6BufferIhE3NewEP10napi_env__Phm
FN:1377,_ZN4Napi6BufferIhEC2Ev
FN:1386,_ZN4Napi6BufferImEC2EP10napi_env__P12napi_value__mPm
FN:1386,_ZN4Napi6BufferIhEC2EP10napi_env__P12napi_value__mPh
FN:1391,_ZNK4Napi6BufferIhE6LengthEv
FN:1403,_ZNK4Napi6BufferIhE10EnsureInfoEv
FN:1421,_ZN4Napi5Error3NewEP10napi_env__
FN:1479,_ZN4Napi5Error3NewEP10napi_env__RKNSt7__cxx1112basic_stringIcSt11char_traitsIcESaIcEEE
FN:1483,_ZN4Napi5Error5FatalEPKcS2_
FN:1490,_ZN4Napi5ErrorC2EP10napi_env__P12napi_value__
FN:1526,_ZNK4Napi5Error7MessageB5cxx11Ev
FN:1543,_ZNK4Napi5Error26ThrowAsJavaScriptExceptionEv
FN:1553,_ZNK4Napi5Error4whatEv
FN:1560,_ZN4Napi5Error3NewIS0_EET_P10napi_env__PKcmPF11napi_statusS4_P12napi_value__S9_PS9_E
FN:1608,_ZN4Napi9ReferenceINS_6ObjectEE3NewERKS1_j
FN:1608,_ZN4Napi9ReferenceINS_8FunctionEE3NewERKS1_j
FN:1625,_ZN4Napi9ReferenceINS_6ObjectEEC2Ev
FN:1629,_ZN4Napi9ReferenceINS_6ObjectEEC2EP10napi_env__P10napi_ref__
FN:1629,_ZN4Napi9ReferenceINS_8FunctionEEC2EP10napi_env__P10napi_ref__
FN:1634,_ZN4Napi9ReferenceINS_6ObjectEED2Ev
FN:1634,_ZN4Napi9ReferenceINS_8FunctionEED2Ev
FN:1645,_ZN4Napi9ReferenceINS_6ObjectEEC2EOS2_
FN:1645,_ZN4Napi9ReferenceINS_8FunctionEEC2EOS2_
FN:1653,_ZN4Napi9ReferenceINS_6ObjectEEaSEOS2_
FN:1700,_ZNK4Napi9ReferenceINS_6ObjectEE7IsEmptyEv
FN:1705,_ZNK4Napi9ReferenceINS_6ObjectEE5ValueEv
FN:1705,_ZNK4Napi9ReferenceINS_8FunctionEE5ValueEv
FN:1733,_ZN4Napi9ReferenceINS_6ObjectEE5ResetEv
FN:1776,_ZN4Napi10PersistentENS_6ObjectE
FN:1780,_ZN4Napi10PersistentENS_8FunctionE
FN:1791,_ZN4Napi15ObjectReferenceC2EP10napi_env__P10napi_ref__
FN:1794,_ZN4Napi15ObjectReferenceC2EONS_9ReferenceINS_6ObjectEEE
FN:1816,_ZNK4Napi15ObjectReference3GetEPKc
FN:1922,_ZN4Napi17FunctionReferenceC2EONS_9ReferenceINS_8FunctionEEE
FN:1968,_ZNK4Napi17FunctionReference12MakeCallbackEP12napi_value__RKSt16initializer_listIS2_E
FN:1994,_ZN4Napi12CallbackInfoC2EP10napi_env__P20napi_callback_info__
FN:2012,_ZN4Napi12CallbackInfoD2Ev
FN:2025,_ZNK4Napi12CallbackInfo3EnvEv
FN:2029,_ZNK4Napi12CallbackInfo6LengthEv
FN:2033,_ZNK4Napi12CallbackInfoixEm
FN:2037,_ZNK4Napi12CallbackInfo4ThisEv
FN:2044,_ZNK4Napi12CallbackInfo4DataEv
FN:2048,_ZN4Napi12CallbackInfo7SetDataEPv
FN:2287,_ZN4Napi10ObjectWrapI9DisruptorEC2ERKNS_12CallbackInfoE
FN:2301,_ZN4Napi10ObjectWrapI9DisruptorE6UnwrapENS_6ObjectE
FN:2309,_ZN4Napi10ObjectWrapI9DisruptorE11DefineClassENS_3EnvEPKcRKSt16initializer_listINS_23ClassPropertyDescriptorIS1_EEEPv
FN:2393,_ZN4Napi10ObjectWrapI9DisruptorE14InstanceMethodEPKcMS1_FvRKNS_12CallbackInfoEE24napi_property_attributesPv
FN:2411,_ZN4Napi10ObjectWrapI9DisruptorE14InstanceMethodEPKcMS1_FNS_5ValueERKNS_12CallbackInfoEE24napi_property_attributesPv
FN:2428,_ZN4Napi10ObjectWrapI9DisruptorE16InstanceAccessorEPKcMS1_FNS_5ValueERKNS_12CallbackInfoEEMS1_FvS8_RKS5_E24napi_property_attributesPv
FN:2470,_ZN4Napi10ObjectWrapI9DisruptorE26ConstructorCallbackWrapperEP10napi_env__P20napi_callback_info__
FN:2483,_ZZN4Napi10ObjectWrapI9DisruptorE26ConstructorCallbackWrapperEP10napi_env__P20napi_callback_info__ENKUlvE_clEv
FN:2547,_ZN4Napi10ObjectWrapI9DisruptorE33InstanceVoidMethodCallbackWrapperEP10napi_env__P20napi_callback_info__
FN:2550,_ZZN4Napi10ObjectWrapI9DisruptorE33InstanceVoidMethodCallbackWrapperEP10napi_env__P20napi_callback_info__ENKUlvE_clEv
FN:2563,_ZN4Napi10ObjectWrapI9DisruptorE29InstanceMethodCallbackWrapperEP10napi_env__P20napi_callback_info__
FN:2566,_ZZN4Napi10ObjectWrapI9DisruptorE29InstanceMethodCallbackWrapperEP10napi_env__P20napi_callback_info__ENKUlvE_clEv
FN:2578,_ZN4Napi10ObjectWrapI9DisruptorE29InstanceGetterCallbackWrapperEP10napi_env__P20napi_callback_info__
FN:2581,_ZZN4Napi10ObjectWrapI9DisruptorE29InstanceGetterCallbackWrapperEP10napi_env__P20napi_callback_info__ENKUlvE_clEv
FN:2593,_ZN4Napi10ObjectWrapI9DisruptorE29InstanceSetterCallbackWrapperEP10napi_env__P20napi_callback_info__
FN:2596,_ZZN4Napi10ObjectWrapI9DisruptorE29InstanceSetterCallbackWrapperEP10napi_env__P20napi_callback_info__ENKUlvE_clEv
FN:2609,_ZN4Napi10ObjectWrapI9DisruptorE16FinalizeCallbackEP10napi_env__PvS5_
FN:2622,_ZN4Napi11HandleScopeC2ENS_3EnvE
FN:2627,_ZN4Napi11HandleScopeD2Ev
FN:2647,_ZN4Napi20EscapableHandleScopeC2ENS_3EnvE
FN:2652,_ZN4Napi20EscapableHandleScopeD2Ev
FN:2664,_ZN4Napi20EscapableHandleScope6EscapeEP12napi_value__
FN:2675,_ZN4Napi11AsyncWorkerC2ERKNS_8FunctionE
FN:2679,_ZN4Napi11AsyncWorkerC2ERKNS_6ObjectERKNS_8FunctionE
FN:2688,_ZN4Napi11AsyncWorkerD0Ev
FN:2688,_ZN4Napi11AsyncWorkerD2Ev
FN:2720,_ZNK4Napi11AsyncWorker3EnvEv
FN:2724,_ZN4Napi11AsyncWorker5QueueEv
FN:2734,_ZN4Napi11AsyncWorker8ReceiverEv
FN:2738,_ZN4Napi11AsyncWorker8CallbackEv
FN:2742,_ZN4Napi11AsyncWorker4OnOKEv
FN:2746,_ZN4Napi11AsyncWorker7OnErrorERKNS_5ErrorE
FN:2750,_ZN4Napi11AsyncWorker8SetErrorERKNSt7__cxx1112basic_stringIcSt11char_traitsIcESaIcEEE
FN:2754,_ZN4Napi11AsyncWorker9OnExecuteEP10napi_env__Pv
FN:2767,_ZN4Napi11AsyncWorker14OnWorkCompleteEP10napi_env__11napi_statusPv
FN:2772,_ZZN4Napi11AsyncWorker14OnWorkCompleteEP10napi_env__11napi_statusPvENKUlvE_clEv
FNDA:3373,_ZN4Napi7details12WrapCallbackIZNS_10ObjectWrapI9DisruptorE26ConstructorCallbackWrapperEP10napi_env__P20napi_callback_info__EUlvE_EEP12napi_value__T_
FNDA:0,_ZN4Napi7details12WrapCallbackIZNS_10ObjectWrapI9DisruptorE29InstanceSetterCallbackWrapperEP10napi_env__P20napi_callback_info__EUlvE_EEP12napi_value__T_
FNDA:1218,_ZN4Napi7details12WrapCallbackIZNS_10ObjectWrapI9DisruptorE29InstanceGetterCallbackWrapperEP10napi_env__P20napi_callback_info__EUlvE_EEP12napi_value__T_
FNDA:1213346,_ZN4Napi7details12WrapCallbackIZNS_10ObjectWrapI9DisruptorE29InstanceMethodCallbackWrapperEP10napi_env__P20napi_callback_info__EUlvE_EEP12napi_value__T_
FNDA:645946,_ZN4Napi7details12WrapCallbackIZNS_10ObjectWrapI9DisruptorE33InstanceVoidMethodCallbackWrapperEP10napi_env__P20napi_callback_info__EUlvE_EEP12napi_value__T_
FNDA:1,_ZN4Napi7details12WrapCallbackIZNS0_12CallbackDataIPFvRKNS_12CallbackInfoEEvE7WrapperEP10napi_env__P20napi_callback_info__EUlvE_EEP12napi_value__T_
FNDA:3206709,_ZN4Napi7details12WrapCallbackIZNS_11AsyncWorker14OnWorkCompleteEP10napi_env__11napi_statusPvEUlvE_EEP12napi_value__T_
FNDA:253,_ZN4Napi7details12WrapCallbackIZNS_14RegisterModuleEP10napi_env__P12napi_value__S5_PFvNS_3EnvENS_6ObjectES7_EEUlvE_EES5_T_
FNDA:1,_ZN4Napi7details12CallbackDataIPFvRKNS_12CallbackInfoEEvE7WrapperEP10napi_env__P20napi_callback_info__
FNDA:1,_ZZN4Napi7details12CallbackDataIPFvRKNS_12CallbackInfoEEvE7WrapperEP10napi_env__P20napi_callback_info__ENKUlvE_clEv
FNDA:253,_ZN4Napi14RegisterModuleEP10napi_env__P12napi_value__S3_PFvNS_3EnvENS_6ObjectES5_E
FNDA:253,_ZZN4Napi14RegisterModuleEP10napi_env__P12napi_value__S3_PFvNS_3EnvENS_6ObjectES5_EENKUlvE_clEv
FNDA:26779314,_ZN4Napi3EnvC2EP10napi_env__
FNDA:25455349,_ZNK4Napi3EnvcvP10napi_env__Ev
FNDA:320897,_ZNK4Napi3Env9UndefinedEv
FNDA:322516,_ZNK4Napi3Env4NullEv
FNDA:276617,_ZN4Napi5ValueC2Ev
FNDA:19540684,_ZN4Napi5ValueC2EP10napi_env__P12napi_value__
FNDA:24816668,_ZNK4Napi5ValuecvP12napi_value__Ev
FNDA:18169861,_ZNK4Napi5Value3EnvEv
FNDA:322516,_ZNK4Napi5Value4TypeEv
FNDA:322516,_ZNK4Napi5Value10IsFunctionEv
FNDA:6746,_ZNK4Napi5Value2AsINS_7BooleanEEET_v
FNDA:300357,_ZNK4Napi5Value2AsINS_6NumberEEET_v
FNDA:322515,_ZNK4Napi5Value2AsINS_8FunctionEEET_v
FNDA:2147375,_ZNK4Napi5Value2AsINS_6ObjectEEET_v
FNDA:3373,_ZNK4Napi5Value2AsINS_6StringEEET_v
FNDA:331955,_ZN4Napi7Boolean3NewEP10napi_env__b
FNDA:338701,_ZN4Napi7BooleanC2EP10napi_env__P12napi_value__
FNDA:58630,_ZNK4Napi7BooleancvbEv
FNDA:58630,_ZNK4Napi7Boolean5ValueEv
FNDA:287106,_ZN4Napi6Number3NewEP10napi_env__d
FNDA:587463,_ZN4Napi6NumberC2EP10napi_env__P12napi_value__
FNDA:13492,_ZNK4Napi6NumbercvjEv
FNDA:13492,_ZNK4Napi6Number11Uint32ValueEv
FNDA:286865,_ZNK4Napi6Number10Int64ValueEv
FNDA:3373,_ZN4Napi4NameC2EP10napi_env__P12napi_value__
FNDA:3373,_ZN4Napi6StringC2EP10napi_env__P12napi_value__
FNDA:0,_ZNK4Napi6StringcvNSt7__cxx1112basic_stringIcSt11char_traitsIcESaIcEEEB5cxx11Ev
FNDA:3373,_ZNK4Napi6String9Utf8ValueB5cxx11Ev
FNDA:275806,_ZN4Napi6Object14PropertyLValueIjEaSINS_5ValueEEERS2_T_
FNDA:275806,_ZN4Napi6Object14PropertyLValueIjEC2ES0_j
FNDA:3206709,_ZN4Napi6Object3NewEP10napi_env__
FNDA:276617,_ZN4Napi6ObjectC2Ev
FNDA:16402845,_ZN4Napi6ObjectC2EP10napi_env__P12napi_value__
FNDA:275806,_ZN4Napi6ObjectixEj
FNDA:286865,_ZNK4Napi6Object3GetEPKc
FNDA:287119,_ZN4Napi6Object3SetEPKcNS_5ValueE
FNDA:641605,_ZN4Napi6Object3SetEjNS_5ValueE
FNDA:917028,_ZN4Napi5Array3NewEP10napi_env__
FNDA:917028,_ZN4Napi5ArrayC2EP10napi_env__P12napi_value__
FNDA:550434,_ZNK4Napi5Array6LengthEv
FNDA:1,_ZN4Napi8Function3NewIPFvRKNS_12CallbackInfoEEEES0_P10napi_env__T_PKcPv
FNDA:3529478,_ZN4Napi8FunctionC2EP10napi_env__P12napi_value__
FNDA:322516,_ZNK4Napi8Function12MakeCallbackEP12napi_value__RKSt16initializer_listIS2_E
FNDA:322516,_ZNK4Napi8Function12MakeCallbackEP12napi_value__mPKS2_
FNDA:13,_ZN4Napi6BufferIhE3NewEP10napi_env__m
FNDA:929443,_ZN4Napi6BufferIhE3NewEP10napi_env__Phm
FNDA:6,_ZN4Napi6BufferImE3NewEP10napi_env__Pmm
FNDA:276617,_ZN4Napi6BufferIhEC2Ev
FNDA:929456,_ZN4Napi6BufferIhEC2EP10napi_env__P12napi_value__mPh
FNDA:6,_ZN4Napi6BufferImEC2EP10napi_env__P12napi_value__mPm
FNDA:51888,_ZNK4Napi6BufferIhE6LengthEv
FNDA:51888,_ZNK4Napi6BufferIhE10EnsureInfoEv
FNDA:0,_ZN4Napi5Error3NewEP10napi_env__
FNDA:3,_ZN4Napi5Error3NewEP10napi_env__RKNSt7__cxx1112basic_stringIcSt11char_traitsIcESaIcEEE
FNDA:0,_ZN4Napi5Error5FatalEPKcS2_
FNDA:3,_ZN4Napi5ErrorC2EP10napi_env__P12napi_value__
FNDA:0,_ZNK4Napi5Error7MessageB5cxx11Ev
FNDA:3,_ZNK4Napi5Error26ThrowAsJavaScriptExceptionEv
FNDA:0,_ZNK4Napi5Error4whatEv
FNDA:3,_ZN4Napi5Error3NewIS0_EET_P10napi_env__PKcmPF11napi_statusS4_P12napi_value__S9_PS9_E
FNDA:3206709,_ZN4Napi9ReferenceINS_8FunctionEE3NewERKS1_j
FNDA:6413418,_ZN4Napi9ReferenceINS_6ObjectEE3NewERKS1_j
FNDA:3373,_ZN4Napi9ReferenceINS_6ObjectEEC2Ev
FNDA:3206709,_ZN4Napi9ReferenceINS_8FunctionEEC2EP10napi_env__P10napi_ref__
FNDA:6416794,_ZN4Napi9ReferenceINS_6ObjectEEC2EP10napi_env__P10napi_ref__
FNDA:6413418,_ZN4Napi9ReferenceINS_8FunctionEED2Ev
FNDA:12832933,_ZN4Napi9ReferenceINS_6ObjectEED2Ev
FNDA:3206709,_ZN4Napi9ReferenceINS_8FunctionEEC2EOS2_
FNDA:6413418,_ZN4Napi9ReferenceINS_6ObjectEEC2EOS2_
FNDA:3373,_ZN4Napi9ReferenceINS_6ObjectEEaSEOS2_
FNDA:3,_ZNK4Napi9ReferenceINS_6ObjectEE7IsEmptyEv
FNDA:3206709,_ZNK4Napi9ReferenceINS_8FunctionEE5ValueEv
FNDA:3529228,_ZNK4Napi9ReferenceINS_6ObjectEE5ValueEv
FNDA:3373,_ZN4Napi9ReferenceINS_6ObjectEE5ResetEv
FNDA:6413418,_ZN4Napi10PersistentENS_6ObjectE
FNDA:3206709,_ZN4Napi10PersistentENS_8FunctionE
FNDA:3,_ZN4Napi15ObjectReferenceC2EP10napi_env__P10napi_ref__
FNDA:6413418,_ZN4Napi15ObjectReferenceC2EONS_9ReferenceINS_6ObjectEEE
FNDA:0,_ZNK4Napi15ObjectReference3GetEPKc
FNDA:3206709,_ZN4Napi17FunctionReferenceC2EONS_9ReferenceINS_8FunctionEEE
FNDA:322516,_ZNK4Napi17FunctionReference12MakeCallbackEP12napi_value__RKSt16initializer_listIS2_E
FNDA:1863884,_ZN4Napi12CallbackInfoC2EP10napi_env__P20napi_callback_info__
FNDA:1863884,_ZN4Napi12CallbackInfoD2Ev
FNDA:1538838,_ZNK4Napi12CallbackInfo3EnvEv
FNDA:322516,_ZNK4Napi12CallbackInfo6LengthEv
FNDA:632992,_ZNK4Napi12CallbackInfoixEm
FNDA:1867253,_ZNK4Napi12CallbackInfo4ThisEv
FNDA:1860511,_ZNK4Napi12CallbackInfo4DataEv
FNDA:1860511,_ZN4Napi12CallbackInfo7SetDataEPv
FNDA:3373,_ZN4Napi10ObjectWrapI9DisruptorEC2ERKNS_12CallbackInfoE
FNDA:1860510,_ZN4Napi10ObjectWrapI9DisruptorE6UnwrapENS_6ObjectE
FNDA:253,_ZN4Napi10ObjectWrapI9DisruptorE11DefineClassENS_3EnvEPKcRKSt16initializer_listINS_23ClassPropertyDescriptorIS1_EEEPv
FNDA:1265,_ZN4Napi10ObjectWrapI9DisruptorE14InstanceMethodEPKcMS1_FvRKNS_12CallbackInfoEE24napi_property_attributesPv
FNDA:1518,_ZN4Napi10ObjectWrapI9DisruptorE14InstanceMethodEPKcMS1_FNS_5ValueERKNS_12CallbackInfoEE24napi_property_attributesPv
FNDA:1771,_ZN4Napi10ObjectWrapI9DisruptorE16InstanceAccessorEPKcMS1_FNS_5ValueERKNS_12CallbackInfoEEMS1_FvS8_RKS5_E24napi_property_attributesPv
FNDA:3373,_ZN4Napi10ObjectWrapI9DisruptorE26ConstructorCallbackWrapperEP10napi_env__P20napi_callback_info__
FNDA:3373,_ZZN4Napi10ObjectWrapI9DisruptorE26ConstructorCallbackWrapperEP10napi_env__P20napi_callback_info__ENKUlvE_clEv
FNDA:645946,_ZN4Napi10ObjectWrapI9DisruptorE33InstanceVoidMethodCallbackWrapperEP10napi_env__P20napi_callback_info__
FNDA:645946,_ZZN4Napi10ObjectWrapI9DisruptorE33InstanceVoidMethodCallbackWrapperEP10napi_env__P20napi_callback_info__ENKUlvE_clEv
FNDA:1213346,_ZN4Napi10ObjectWrapI9DisruptorE29InstanceMethodCallbackWrapperEP10napi_env__P20napi_callback_info__
FNDA:1213346,_ZZN4Napi10ObjectWrapI9DisruptorE29InstanceMethodCallbackWrapperEP10napi_env__P20napi_callback_info__ENKUlvE_clEv
FNDA:1218,_ZN4Napi10ObjectWrapI9DisruptorE29InstanceGetterCallbackWrapperEP10napi_env__P20napi_callback_info__
FNDA:1218,_ZZN4Napi10ObjectWrapI9DisruptorE29InstanceGetterCallbackWrapperEP10napi_env__P20napi_callback_info__ENKUlvE_clEv
FNDA:0,_ZN4Napi10ObjectWrapI9DisruptorE29InstanceSetterCallbackWrapperEP10napi_env__P20napi_callback_info__
FNDA:0,_ZZN4Napi10ObjectWrapI9DisruptorE29InstanceSetterCallbackWrapperEP10napi_env__P20napi_callback_info__ENKUlvE_clEv
FNDA:2718,_ZN4Napi10ObjectWrapI9DisruptorE16FinalizeCallbackEP10napi_env__PvS5_
FNDA:3206712,_ZN4Napi11HandleScopeC2ENS_3EnvE
FNDA:3206712,_ZN4Napi11HandleScopeD2Ev
FNDA:322516,_ZN4Napi20EscapableHandleScopeC2ENS_3EnvE
FNDA:322516,_ZN4Napi20EscapableHandleScopeD2Ev
FNDA:322516,_ZN4Napi20EscapableHandleScope6EscapeEP12napi_value__
FNDA:3206709,_ZN4Napi11AsyncWorkerC2ERKNS_8FunctionE
FNDA:3206709,_ZN4Napi11AsyncWorkerC2ERKNS_6ObjectERKNS_8FunctionE
FNDA:0,_ZN4Napi11AsyncWorkerD0Ev
FNDA:3206709,_ZN4Napi11AsyncWorkerD2Ev
FNDA:3845489,_ZNK4Napi11AsyncWorker3EnvEv
FNDA:3206709,_ZN4Napi11AsyncWorker5QueueEv
FNDA:322516,_ZN4Napi11AsyncWorker8ReceiverEv
FNDA:3206709,_ZN4Napi11AsyncWorker8CallbackEv
FNDA:0,_ZN4Napi11AsyncWorker4OnOKEv
FNDA:0,_ZN4Napi11AsyncWorker7OnErrorERKNS_5ErrorE
FNDA:0,_ZN4Napi11AsyncWorker8SetErrorERKNSt7__cxx1112basic_stringIcSt11char_traitsIcESaIcEEE
FNDA:3206372,_ZN4Napi11AsyncWorker9OnExecuteEP10napi_env__Pv
FNDA:3206709,_ZN4Napi11AsyncWorker14OnWorkCompleteEP10napi_env__11napi_statusPv
FNDA:3206709,_ZZN4Napi11AsyncWorker14OnWorkCompleteEP10napi_env__11napi_statusPvENKUlvE_clEv
FNF:137
FNH:124
DA:54,5070846
DA:57,5070846
DA:58,6
DA:59,3
DA:60,3
DA:89,1
DA:90,2
DA:91,2
DA:93,1
DA:94,1
DA:95,1
DA:96,2
DA:97,1
DA:169,253
DA:173,253
DA:174,1012
DA:175,253
DA:176,506
DA:177,253
DA:178,253
DA:179,253
DA:185,26779314
DA:186,26779314
DA:188,25455349
DA:189,25455349
DA:199,320897
DA:201,320897
DA:202,320897
DA:203,320897
DA:206,322516
DA:208,322516
DA:209,322516
DA:210,322516
DA:234,276617
DA:235,276617
DA:237,19540684
DA:238,19540684
DA:240,24816668
DA:241,24816668
DA:259,18169861
DA:260,18169861
DA:267,322516
DA:268,322516
DA:269,0
DA:273,322516
DA:274,322516
DA:275,322516
DA:339,322516
DA:340,322516
DA:355,2780366
DA:356,2780366
DA:391,331955
DA:393,331955
DA:394,331955
DA:395,331955
DA:401,338701
DA:402,338701
DA:404,58630
DA:405,58630
DA:408,58630
DA:410,58630
DA:411,58630
DA:412,58630
DA:419,287106
DA:421,287106
DA:422,287106
DA:423,287106
DA:429,587463
DA:430,587463
DA:436,13492
DA:437,13492
DA:459,13492
DA:461,13492
DA:462,13492
DA:463,13492
DA:466,286865
DA:468,286865
DA:469,286865
DA:470,286865
DA:491,3373
DA:492,3373
DA:537,3373
DA:538,3373
DA:540,0
DA:541,0
DA:548,3373
DA:550,3373
DA:551,3373
DA:553,3373
DA:554,3373
DA:555,3373
DA:556,3373
DA:557,3373
DA:558,3373
DA:617,275806
DA:618,275806
DA:619,275806
DA:623,275806
DA:624,275806
DA:626,3206709
DA:628,3206709
DA:629,3206709
DA:630,3206709
DA:633,276617
DA:634,276617
DA:636,16402845
DA:637,16402845
DA:647,275806
DA:648,275806
DA:702,286865
DA:704,286865
DA:705,286865
DA:706,286865
DA:723,287119
DA:724,287119
DA:725,287119
DA:726,287119
DA:784,641605
DA:785,641605
DA:786,641605
DA:787,641605
DA:912,917028
DA:914,917028
DA:915,917028
DA:916,917028
DA:929,917028
DA:930,917028
DA:932,550434
DA:934,550434
DA:935,550434
DA:936,550434
DA:1201,1
DA:1208,1
DA:1211,1
DA:1212,1
DA:1213,1
DA:1214,1
DA:1228,3529478
DA:1229,3529478
DA:1263,322516
DA:1265,322516
DA:1273,322516
DA:1276,322516
DA:1277,645032
DA:1278,322516
DA:1279,322516
DA:1303,13
DA:1306,13
DA:1307,13
DA:1308,13
DA:1312,929449
DA:1314,929449
DA:1315,929449
DA:1316,929449
DA:1317,929449
DA:1377,276617
DA:1378,276617
DA:1386,929462
DA:1387,929462
DA:1388,929462
DA:1391,51888
DA:1392,51888
DA:1393,51888
DA:1403,51888
DA:1407,51888
DA:1410,0
DA:1411,0
DA:1412,0
DA:1413,0
DA:1415,51888
DA:1421,0
DA:1423,0
DA:1426,0
DA:1427,0
DA:1429,0
DA:1430,0
DA:1431,0
DA:1432,0
DA:1435,0
DA:1436,0
DA:1439,0
DA:1440,0
DA:1442,0
DA:1443,0
DA:1444,0
DA:1448,0
DA:1453,0
DA:1455,0
DA:1456,0
DA:1461,0
DA:1462,0
DA:1464,0
DA:1465,0
DA:1467,0
DA:1472,0
DA:1479,3
DA:1480,3
DA:1483,0
DA:1484,0
DA:1490,3
DA:1491,3
DA:1492,3
DA:1496,3
DA:1498,3
DA:1526,0
DA:1527,0
DA:1530,0
DA:1532,0
DA:1540,0
DA:1543,3
DA:1544,6
DA:1545,3
DA:1546,3
DA:1547,3
DA:1549,3
DA:1553,0
DA:1554,0
DA:1560,3
DA:1565,3
DA:1566,3
DA:1569,3
DA:1570,3
DA:1572,3
DA:1608,9620127
DA:1609,9620127
DA:1610,9620127
DA:1612,9620127
DA:1613,0
DA:1617,9620127
DA:1618,9620127
DA:1620,9620127
DA:1625,3373
DA:1626,3373
DA:1629,9623503
DA:1630,9623503
DA:1631,9623503
DA:1634,19246351
DA:1635,19246351
DA:1636,9622851
DA:1637,9622851
DA:1640,9622851
DA:1642,19246351
DA:1645,9620127
DA:1646,9620127
DA:1647,9620127
DA:1648,9620127
DA:1649,9620127
DA:1650,9620127
DA:1653,3373
DA:1654,3373
DA:1655,3373
DA:1656,3373
DA:1657,3373
DA:1658,3373
DA:1659,3373
DA:1660,3373
DA:1661,3373
DA:1700,3
DA:1701,3
DA:1705,6735937
DA:1706,6735937
DA:1707,0
DA:1711,6735937
DA:1712,6735937
DA:1713,6735937
DA:1733,3373
DA:1734,3373
DA:1735,0
DA:1736,0
DA:1737,0
DA:1739,3373
DA:1776,6413418
DA:1777,6413418
DA:1780,3206709
DA:1781,3206709
DA:1791,3
DA:1792,3
DA:1794,6413418
DA:1795,6413418
DA:1796,6413418
DA:1816,0
DA:1817,0
DA:1818,0
DA:1922,3206709
DA:1923,3206709
DA:1924,3206709
DA:1968,322516
DA:1970,645032
DA:1971,645032
DA:1994,1863884
DA:1995,1863884
DA:1996,1863884
DA:1997,1863884
DA:1998,1863884
DA:1999,1863884
DA:2001,1863884
DA:2004,3373
DA:2005,3373
DA:2007,3373
DA:2008,3373
DA:2010,1863884
DA:2012,3727768
DA:2013,1863884
DA:2014,3373
DA:2016,1863884
DA:2025,1538838
DA:2026,1538838
DA:2029,322516
DA:2030,322516
DA:2033,632992
DA:2034,632992
DA:2037,1867253
DA:2038,1867253
DA:2039,0
DA:2041,1867253
DA:2044,1860511
DA:2045,1860511
DA:2048,1860511
DA:2049,1860511
DA:2050,1860511
DA:2287,3373
DA:2288,3373
DA:2289,3373
DA:2292,3373
DA:2293,3373
DA:2294,3373
DA:2296,3373
DA:2297,3373
DA:2298,3373
DA:2301,1860510
DA:2303,1860510
DA:2304,1860510
DA:2305,1860510
DA:2309,253
DA:2315,253
DA:2317,506
DA:2318,253
DA:2320,253
DA:2393,1265
DA:2400,1265
DA:2402,1265
DA:2403,1265
DA:2404,1265
DA:2405,1265
DA:2406,1265
DA:2407,1265
DA:2411,1518
DA:2417,1518
DA:2419,1518
DA:2420,1518
DA:2421,1518
DA:2422,1518
DA:2423,1518
DA:2424,1518
DA:2428,1771
DA:2436,1771
DA:2438,1771
DA:2439,1771
DA:2440,1771
DA:2441,1771
DA:2442,1771
DA:2443,1771
DA:2444,1771
DA:2470,3373
DA:2474,3373
DA:2475,3373
DA:2477,3373
DA:2478,0
DA:2479,0
DA:2483,6746
DA:2484,6746
DA:2485,3376
DA:2486,6740
DA:2487,3373
DA:2489,3373
DA:2547,645946
DA:2550,1291892
DA:2551,1291892
DA:2553,645946
DA:2554,645946
DA:2555,645946
DA:2556,645946
DA:2557,645946
DA:2558,1291892
DA:2559,645946
DA:2563,1213346
DA:2566,2426692
DA:2567,2426692
DA:2569,1213346
DA:2570,1213346
DA:2571,1213346
DA:2572,1213346
DA:2573,2426692
DA:2574,1213346
DA:2578,1218
DA:2581,2436
DA:2582,2436
DA:2584,1218
DA:2585,1218
DA:2586,1218
DA:2587,1218
DA:2588,2436
DA:2589,1218
DA:2593,0
DA:2596,0
DA:2597,0
DA:2599,0
DA:2600,0
DA:2601,0
DA:2602,0
DA:2603,0
DA:2604,0
DA:2605,0
DA:2609,2718
DA:2610,2718
DA:2611,2718
DA:2612,2718
DA:2622,3206712
DA:2623,3206712
DA:2624,3206712
DA:2625,3206712
DA:2627,6413424
DA:2628,3206712
DA:2629,3206712
DA:2647,322516
DA:2648,322516
DA:2649,322516
DA:2650,322516
DA:2652,645032
DA:2653,322516
DA:2654,322516
DA:2664,322516
DA:2666,322516
DA:2667,322516
DA:2668,322516
DA:2675,3206709
DA:2676,3206709
DA:2677,3206709
DA:2679,3206709
DA:2680,6413418
DA:2682,9620127
DA:2683,3206709
DA:2684,3206709
DA:2685,3206709
DA:2686,3206709
DA:2688,6413418
DA:2689,3206709
DA:2690,3206709
DA:2691,3206709
DA:2693,3206709
DA:2720,3845489
DA:2721,3845489
DA:2724,3206709
DA:2725,3206709
DA:2726,3206709
DA:2727,3206709
DA:2734,322516
DA:2735,322516
DA:2738,3206709
DA:2739,3206709
DA:2742,0
DA:2743,0
DA:2744,0
DA:2746,0
DA:2747,0
DA:2748,0
DA:2750,0
DA:2751,0
DA:2752,0
DA:2754,3206372
DA:2755,3206372
DA:2758,3206372
DA:2759,0
DA:2760,0
DA:2765,3206497
DA:2767,3206709
DA:2769,3206709
DA:2770,3206709
DA:2771,6413418
DA:2772,3206709
DA:2773,9620127
DA:2774,9620127
DA:2777,0
DA:2779,3206709
DA:2780,3206709
DA:2782,3206709
DA:2783,3206709
LF:487
LH:413
end_of_record
SF:/home/david/shared-memory-disruptor/node_modules/node-addon-api/napi.h
FN:900,_ZN4Napi15ObjectReferenceD2Ev
FN:937,_ZN4Napi17FunctionReferenceD2Ev
FN:1062,_ZN4Napi5ErrorD0Ev
FN:1062,_ZN4Napi5ErrorD2Ev
FN:1244,_ZN4Napi23ClassPropertyDescriptorI9DisruptorEC2E24napi_property_descriptor
FN:1279,_ZN4Napi10ObjectWrapI9DisruptorED2Ev
FNDA:6413421,_ZN4Napi15ObjectReferenceD2Ev
FNDA:3206709,_ZN4Napi17FunctionReferenceD2Ev
FNDA:0,_ZN4Napi5ErrorD0Ev
FNDA:3,_ZN4Napi5ErrorD2Ev
FNDA:4554,_ZN4Napi23ClassPropertyDescriptorI9DisruptorEC2E24napi_property_descriptor
FNDA:2721,_ZN4Napi10ObjectWrapI9DisruptorED2Ev
FNF:6
FNH:5
DA:900,6413421
DA:937,3206709
DA:1062,3
DA:1244,4554
DA:1279,2721
LF:5
LH:5
end_of_record
SF:/usr/include/c++/6/bits/alloc_traits.h
FN:435,_ZNSt16allocator_traitsISaI11AsyncBufferIhEEE8allocateERS2_m
FN:461,_ZNSt16allocator_traitsISaI11AsyncBufferIhEEE10deallocateERS2_PS1_m
FN:495,_ZNSt16allocator_traitsISaI11AsyncBufferIhEEE8max_sizeERKS2_
FNDA:275780,_ZNSt16allocator_traitsISaI11AsyncBufferIhEEE8allocateERS2_m
FNDA:275806,_ZNSt16allocator_traitsISaI11AsyncBufferIhEEE10deallocateERS2_PS1_m
FNDA:551518,_ZNSt16allocator_traitsISaI11AsyncBufferIhEEE8max_sizeERKS2_
FNF:3
FNH:3
DA:435,275780
DA:436,275780
DA:461,275806
DA:462,275806
DA:495,551518
DA:496,551518
LF:6
LH:6
end_of_record
SF:/usr/include/c++/6/bits/allocator.h
FN:131,_ZNSaI11AsyncBufferIhEEC2Ev
FN:139,_ZNSaI11AsyncBufferIhEED2Ev
FNDA:855355,_ZNSaI11AsyncBufferIhEEC2Ev
FNDA:855396,_ZNSaI11AsyncBufferIhEED2Ev
FNF:2
FNH:2
DA:131,855355
DA:139,855396
LF:2
LH:2
end_of_record
SF:/usr/include/c++/6/bits/basic_string.h
FN:107,_ZNSt7__cxx1112basic_stringIcSt11char_traitsIcESaIcEE12_Alloc_hiderD2Ev
FN:192,_ZNSt7__cxx1112basic_stringIcSt11char_traitsIcESaIcEE16_M_construct_auxIPcEEvT_S7_St12__false_type
FN:212,_ZNSt7__cxx1112basic_stringIcSt11char_traitsIcESaIcEE12_M_constructIPcEEvT_S7_
FN:549,_ZNSt7__cxx1112basic_stringIcSt11char_traitsIcESaIcEEC2IPcvEET_S7_RKS3_
FN:5021,_ZStplIcSt11char_traitsIcESaIcEENSt7__cxx1112basic_stringIT_T0_T1_EEOS8_S9_
FN:5045,_ZStplIcSt11char_traitsIcESaIcEENSt7__cxx1112basic_stringIT_T0_T1_EEOS8_PKS5_
FN:5470,_ZNSt7__cxx119to_stringEi
FNDA:0,_ZNSt7__cxx1112basic_stringIcSt11char_traitsIcESaIcEE12_Alloc_hiderD2Ev
FNDA:0,_ZNSt7__cxx1112basic_stringIcSt11char_traitsIcESaIcEE16_M_construct_auxIPcEEvT_S7_St12__false_type
FNDA:0,_ZNSt7__cxx1112basic_stringIcSt11char_traitsIcESaIcEE12_M_constructIPcEEvT_S7_
FNDA:0,_ZNSt7__cxx1112basic_stringIcSt11char_traitsIcESaIcEEC2IPcvEET_S7_RKS3_
FNDA:3,_ZStplIcSt11char_traitsIcESaIcEENSt7__cxx1112basic_stringIT_T0_T1_EEOS8_S9_
FNDA:3,_ZStplIcSt11char_traitsIcESaIcEENSt7__cxx1112basic_stringIT_T0_T1_EEOS8_PKS5_
FNDA:0,_ZNSt7__cxx119to_stringEi
FNF:7
FNH:2
DA:107,0
DA:192,0
DA:196,0
DA:197,0
DA:212,0
DA:215,0
DA:216,0
DA:549,0
DA:551,0
DA:552,0
DA:5021,3
DA:5024,3
DA:5025,3
DA:5026,3
DA:5027,0
DA:5028,3
DA:5045,3
DA:5047,3
DA:5470,0
DA:5472,0
LF:20
LH:7
end_of_record
SF:/usr/include/c++/6/bits/basic_string.tcc
FN:206,_ZNSt7__cxx1112basic_stringIcSt11char_traitsIcESaIcEE12_M_constructIPcEEvT_S7_St20forward_iterator_tag
FNDA:0,_ZNSt7__cxx1112basic_stringIcSt11char_traitsIcESaIcEE12_M_constructIPcEEvT_S7_St20forward_iterator_tag
FNF:1
FNH:0
DA:206,0
DA:211,0
DA:212,0
DA:215,0
DA:217,0
DA:219,0
DA:220,0
DA:225,0
DA:226,0
DA:228,0
DA:229,0
DA:232,0
DA:233,0
LF:13
LH:0
end_of_record
SF:/usr/include/c++/6/bits/move.h
FN:47,_ZSt11__addressofI11AsyncBufferIhEEPT_RS2_
FN:76,_ZSt7forwardI11AsyncBufferIhEEOT_RNSt16remove_referenceIS2_E4typeE
FN:76,_ZSt7forwardISt14default_deleteISt6vectorI11AsyncBufferIhESaIS3_EEEEOT_RNSt16remove_referenceIS7_E4typeE
FN:101,_ZSt4moveIRN4Napi9ReferenceINS0_8FunctionEEEEONSt16remove_referenceIT_E4typeEOS6_
FN:101,_ZSt4moveIRN4Napi9ReferenceINS0_6ObjectEEEEONSt16remove_referenceIT_E4typeEOS6_
FN:101,_ZSt4moveIRPSt6vectorI11AsyncBufferIhESaIS2_EEEONSt16remove_referenceIT_E4typeEOS8_
FN:101,_ZSt4moveIRNSt7__cxx1112basic_stringIcSt11char_traitsIcESaIcEEEEONSt16remove_referenceIT_E4typeEOS8_
FN:179,_ZSt4swapIPSt6vectorI11AsyncBufferIhESaIS2_EEENSt9enable_ifIXsrSt6__and_IJSt21is_move_constructibleIT_ESt18is_move_assignableIS9_EEE5valueEvE4typeERS9_SG_
FNDA:275739,_ZSt11__addressofI11AsyncBufferIhEEPT_RS2_
FNDA:1,_ZSt7forwardI11AsyncBufferIhEEOT_RNSt16remove_referenceIS2_E4typeE
FNDA:855353,_ZSt7forwardISt14default_deleteISt6vectorI11AsyncBufferIhESaIS3_EEEEOT_RNSt16remove_referenceIS7_E4typeE
FNDA:2565820,_ZSt4moveIRPSt6vectorI11AsyncBufferIhESaIS2_EEEONSt16remove_referenceIT_E4typeEOS8_
FNDA:6,_ZSt4moveIRNSt7__cxx1112basic_stringIcSt11char_traitsIcESaIcEEEEONSt16remove_referenceIT_E4typeEOS8_
FNDA:3206709,_ZSt4moveIRN4Napi9ReferenceINS0_8FunctionEEEEONSt16remove_referenceIT_E4typeEOS6_
FNDA:6413418,_ZSt4moveIRN4Napi9ReferenceINS0_6ObjectEEEEONSt16remove_referenceIT_E4typeEOS6_
FNDA:855360,_ZSt4swapIPSt6vectorI11AsyncBufferIhESaIS2_EEENSt9enable_ifIXsrSt6__and_IJSt21is_move_constructibleIT_ESt18is_move_assignableIS9_EEE5valueEvE4typeERS9_SG_
FNF:8
FNH:8
DA:47,275739
DA:50,275739
DA:76,855354
DA:77,855354
DA:101,12185953
DA:102,12185953
DA:179,855360
DA:190,855360
DA:191,855354
DA:192,855363
DA:193,855315
LF:11
LH:11
end_of_record
SF:/usr/include/c++/6/bits/stl_algobase.h
FN:219,_ZSt3maxImERKT_S2_S2_
FNDA:275770,_ZSt3maxImERKT_S2_S2_
FNF:1
FNH:1
DA:219,275770
DA:224,275770
DA:225,275769
DA:226,1
LF:4
LH:4
end_of_record
SF:/usr/include/c++/6/bits/stl_construct.h
FN:74,_ZSt10_ConstructI11AsyncBufferIhEJEEvPT_DpOT0_
FN:74,_ZSt10_ConstructI11AsyncBufferIhEJS1_EEvPT_DpOT0_
FN:112,_ZNSt12_Destroy_auxILb1EE9__destroyIP11AsyncBufferIhEEEvT_S5_
FN:122,_ZSt8_DestroyIP11AsyncBufferIhEEvT_S3_
FN:148,_ZSt8_DestroyIP11AsyncBufferIhES1_EvT_S3_RSaIT0_E
FNDA:1,_ZSt10_ConstructI11AsyncBufferIhEJS1_EEvPT_DpOT0_
FNDA:275749,_ZSt10_ConstructI11AsyncBufferIhEJEEvPT_DpOT0_
FNDA:1129949,_ZNSt12_Destroy_auxILb1EE9__destroyIP11AsyncBufferIhEEEvT_S5_
FNDA:1129975,_ZSt8_DestroyIP11AsyncBufferIhEEvT_S3_
FNDA:1130055,_ZSt8_DestroyIP11AsyncBufferIhES1_EvT_S3_RSaIT0_E
FNF:5
FNH:5
DA:74,275750
DA:75,275750
DA:112,1129949
DA:122,1129975
DA:126,1129975
DA:128,1130016
DA:148,1130055
DA:151,1130055
DA:152,1130184
LF:9
LH:9
end_of_record
SF:/usr/include/c++/6/bits/stl_iterator.h
FN:1032,_ZNSt13move_iteratorIP11AsyncBufferIhEEC2ES2_
FN:1040,_ZNKSt13move_iteratorIP11AsyncBufferIhEE4baseEv
FN:1044,_ZNKSt13move_iteratorIP11AsyncBufferIhEEdeEv
FN:1052,_ZNSt13move_iteratorIP11AsyncBufferIhEEppEv
FN:1119,_ZSteqIP11AsyncBufferIhEEbRKSt13move_iteratorIT_ES7_
FN:1131,_ZStneIP11AsyncBufferIhEEbRKSt13move_iteratorIT_ES7_
FN:1223,_ZSt32__make_move_if_noexcept_iteratorI11AsyncBufferIhESt13move_iteratorIPS1_EET0_PT_
FNDA:551469,_ZNSt13move_iteratorIP11AsyncBufferIhEEC2ES2_
FNDA:551486,_ZNKSt13move_iteratorIP11AsyncBufferIhEE4baseEv
FNDA:1,_ZNKSt13move_iteratorIP11AsyncBufferIhEEdeEv
FNDA:1,_ZNSt13move_iteratorIP11AsyncBufferIhEEppEv
FNDA:275739,_ZSteqIP11AsyncBufferIhEEbRKSt13move_iteratorIT_ES7_
FNDA:275702,_ZStneIP11AsyncBufferIhEEbRKSt13move_iteratorIT_ES7_
FNDA:551448,_ZSt32__make_move_if_noexcept_iteratorI11AsyncBufferIhESt13move_iteratorIPS1_EET0_PT_
FNF:7
FNH:7
DA:1032,551469
DA:1033,551469
DA:1040,551486
DA:1041,551486
DA:1044,1
DA:1045,1
DA:1052,1
DA:1054,1
DA:1055,1
DA:1119,275739
DA:1121,275739
DA:1131,275702
DA:1133,275702
DA:1223,551448
DA:1224,551448
LF:15
LH:15
end_of_record
SF:/usr/include/c++/6/bits/stl_iterator_base_funcs.h
FN:96,_ZSt10__distanceIPcENSt15iterator_traitsIT_E15difference_typeES2_S2_St26random_access_iterator_tag
FN:135,_ZSt8distanceIPcENSt15iterator_traitsIT_E15difference_typeES2_S2_
FNDA:0,_ZSt10__distanceIPcENSt15iterator_traitsIT_E15difference_typeES2_S2_St26random_access_iterator_tag
FNDA:0,_ZSt8distanceIPcENSt15iterator_traitsIT_E15difference_typeES2_S2_
FNF:2
FNH:0
DA:96,0
DA:102,0
DA:135,0
DA:138,0
DA:139,0
LF:5
LH:0
end_of_record
SF:/usr/include/c++/6/bits/stl_iterator_base_types.h
FN:204,_ZSt19__iterator_categoryIPcENSt15iterator_traitsIT_E17iterator_categoryERKS2_
FNDA:0,_ZSt19__iterator_categoryIPcENSt15iterator_traitsIT_E17iterator_categoryERKS2_
FNF:1
FNH:0
DA:204,0
DA:205,0
LF:2
LH:0
end_of_record
SF:/usr/include/c++/6/bits/stl_uninitialized.h
FN:68,_ZNSt20__uninitialized_copyILb0EE13__uninit_copyISt13move_iteratorIP11AsyncBufferIhEES5_EET0_T_S8_S7_
FN:107,_ZSt18uninitialized_copyISt13move_iteratorIP11AsyncBufferIhEES3_ET0_T_S6_S5_
FN:279,_ZSt22__uninitialized_copy_aISt13move_iteratorIP11AsyncBufferIhEES3_S2_ET0_T_S6_S5_RSaIT1_E
FN:297,_ZSt34__uninitialized_move_if_noexcept_aIP11AsyncBufferIhES2_SaIS1_EET0_T_S5_S4_RT1_
FN:513,_ZNSt27__uninitialized_default_n_1ILb0EE18__uninit_default_nIP11AsyncBufferIhEmEET_S5_T0_
FN:566,_ZSt25__uninitialized_default_nIP11AsyncBufferIhEmET_S3_T0_
FN:635,_ZSt27__uninitialized_default_n_aIP11AsyncBufferIhEmS1_ET_S3_T0_RSaIT1_E
FNDA:275767,_ZNSt20__uninitialized_copyILb0EE13__uninit_copyISt13move_iteratorIP11AsyncBufferIhEES5_EET0_T_S8_S7_
FNDA:275784,_ZSt18uninitialized_copyISt13move_iteratorIP11AsyncBufferIhEES3_ET0_T_S6_S5_
FNDA:275783,_ZSt22__uninitialized_copy_aISt13move_iteratorIP11AsyncBufferIhEES3_S2_ET0_T_S6_S5_RSaIT1_E
FNDA:275743,_ZSt34__uninitialized_move_if_noexcept_aIP11AsyncBufferIhES2_SaIS1_EET0_T_S5_S4_RT1_
FNDA:275758,_ZNSt27__uninitialized_default_n_1ILb0EE18__uninit_default_nIP11AsyncBufferIhEmEET_S5_T0_
FNDA:275738,_ZSt25__uninitialized_default_nIP11AsyncBufferIhEmET_S3_T0_
FNDA:275753,_ZSt27__uninitialized_default_n_aIP11AsyncBufferIhEmS1_ET_S3_T0_RSaIT1_E
FNF:7
FNH:7
DA:68,275767
DA:71,275767
DA:74,275769
DA:75,1
DA:76,275762
DA:78,0
DA:80,0
DA:81,0
DA:107,275784
DA:120,275784
DA:126,275784
DA:279,275783
DA:281,275783
DA:297,275743
DA:303,275743
DA:304,275787
DA:513,275758
DA:515,275758
DA:518,827088
DA:519,275735
DA:520,275688
DA:566,275738
DA:571,275738
DA:575,275738
DA:635,275753
DA:637,275753
LF:26
LH:23
end_of_record
SF:/usr/include/c++/6/bits/stl_vector.h
FN:79,_ZNSt12_Vector_baseI11AsyncBufferIhESaIS1_EE12_Vector_implD2Ev
FN:86,_ZNSt12_Vector_baseI11AsyncBufferIhESaIS1_EE12_Vector_implC2Ev
FN:113,_ZNSt12_Vector_baseI11AsyncBufferIhESaIS1_EE19_M_get_Tp_allocatorEv
FN:117,_ZNKSt12_Vector_baseI11AsyncBufferIhESaIS1_EE19_M_get_Tp_allocatorEv
FN:124,_ZNSt12_Vector_baseI11AsyncBufferIhESaIS1_EEC2Ev
FN:159,_ZNSt12_Vector_baseI11AsyncBufferIhESaIS1_EED2Ev
FN:167,_ZNSt12_Vector_baseI11AsyncBufferIhESaIS1_EE11_M_allocateEm
FN:174,_ZNSt12_Vector_baseI11AsyncBufferIhESaIS1_EE13_M_deallocateEPS1_m
FN:255,_ZNSt6vectorI11AsyncBufferIhESaIS1_EEC2Ev
FN:425,_ZNSt6vectorI11AsyncBufferIhESaIS1_EED2Ev
FN:655,_ZNKSt6vectorI11AsyncBufferIhESaIS1_EE4sizeEv
FN:660,_ZNKSt6vectorI11AsyncBufferIhESaIS1_EE8max_sizeEv
FN:674,_ZNSt6vectorI11AsyncBufferIhESaIS1_EE6resizeEm
FN:780,_ZNSt6vectorI11AsyncBufferIhESaIS1_EEixEm
FN:1420,_ZNKSt6vectorI11AsyncBufferIhESaIS1_EE12_M_check_lenEmPKc
FN:1434,_ZNSt6vectorI11AsyncBufferIhESaIS1_EE15_M_erase_at_endEPS1_
FNDA:855396,_ZNSt12_Vector_baseI11AsyncBufferIhESaIS1_EE12_Vector_implD2Ev
FNDA:855366,_ZNSt12_Vector_baseI11AsyncBufferIhESaIS1_EE12_Vector_implC2Ev
FNDA:1678627,_ZNSt12_Vector_baseI11AsyncBufferIhESaIS1_EE19_M_get_Tp_allocatorEv
FNDA:551496,_ZNKSt12_Vector_baseI11AsyncBufferIhESaIS1_EE19_M_get_Tp_allocatorEv
FNDA:855373,_ZNSt12_Vector_baseI11AsyncBufferIhESaIS1_EEC2Ev
FNDA:855396,_ZNSt12_Vector_baseI11AsyncBufferIhESaIS1_EED2Ev
FNDA:275789,_ZNSt12_Vector_baseI11AsyncBufferIhESaIS1_EE11_M_allocateEm
FNDA:1130044,_ZNSt12_Vector_baseI11AsyncBufferIhESaIS1_EE13_M_deallocateEPS1_m
FNDA:855380,_ZNSt6vectorI11AsyncBufferIhESaIS1_EEC2Ev
FNDA:855396,_ZNSt6vectorI11AsyncBufferIhESaIS1_EED2Ev
FNDA:3331831,_ZNKSt6vectorI11AsyncBufferIhESaIS1_EE4sizeEv
FNDA:551490,_ZNKSt6vectorI11AsyncBufferIhESaIS1_EE8max_sizeEv
FNDA:275780,_ZNSt6vectorI11AsyncBufferIhESaIS1_EE6resizeEm
FNDA:551581,_ZNSt6vectorI11AsyncBufferIhESaIS1_EEixEm
FNDA:275756,_ZNKSt6vectorI11AsyncBufferIhESaIS1_EE12_M_check_lenEmPKc
FNDA:0,_ZNSt6vectorI11AsyncBufferIhESaIS1_EE15_M_erase_at_endEPS1_
FNF:16
FNH:15
DA:79,855396
DA:86,855366
DA:87,855366
DA:88,855356
DA:113,1678627
DA:114,1678627
DA:117,551496
DA:118,551496
DA:124,855373
DA:125,855373
DA:159,855396
DA:160,1710792
DA:161,1710792
DA:167,275789
DA:170,275789
DA:174,1130044
DA:177,1130044
DA:178,275806
DA:179,1130044
DA:255,855380
DA:259,855380
DA:425,855396
DA:426,855396
DA:427,1710792
DA:655,3331831
DA:656,3331831
DA:660,551490
DA:661,551490
DA:674,275780
DA:676,275780
DA:677,275783
DA:678,0
DA:679,0
DA:680,275710
DA:780,551581
DA:781,551581
DA:1420,275756
DA:1422,275756
DA:1423,0
DA:1425,275769
DA:1426,275775
DA:1434,0
DA:1436,0
DA:1437,0
DA:1438,0
LF:45
LH:38
end_of_record
SF:/usr/include/c++/6/bits/unique_ptr.h
FN:57,_ZNSt14default_deleteISt6vectorI11AsyncBufferIhESaIS2_EEEC2Ev
FN:70,_ZNKSt14default_deleteISt6vectorI11AsyncBufferIhESaIS2_EEEclEPS4_
FN:158,_ZNSt10unique_ptrISt6vectorI11AsyncBufferIhESaIS2_EESt14default_deleteIS4_EEC2Ev
FN:170,_ZNSt10unique_ptrIi7CloseFDEC2EPi
FN:170,_ZNSt10unique_ptrISt6vectorI11AsyncBufferIhESaIS2_EESt14default_deleteIS4_EEC2EPS4_
FN:235,_ZNSt10unique_ptrISt6vectorI11AsyncBufferIhESaIS2_EESt14default_deleteIS4_EED2Ev
FN:235,_ZNSt10unique_ptrIi7CloseFDED2Ev
FN:252,_ZNSt10unique_ptrISt6vectorI11AsyncBufferIhESaIS2_EESt14default_deleteIS4_EEaSEOS7_
FN:291,_ZNKSt10unique_ptrISt6vectorI11AsyncBufferIhESaIS2_EESt14default_deleteIS4_EEdeEv
FN:291,_ZNKSt10unique_ptrIi7CloseFDEdeEv
FN:299,_ZNKSt10unique_ptrISt6vectorI11AsyncBufferIhESaIS2_EESt14default_deleteIS4_EEptEv
FN:307,_ZNKSt10unique_ptrIi7CloseFDE3getEv
FN:307,_ZNKSt10unique_ptrISt6vectorI11AsyncBufferIhESaIS2_EESt14default_deleteIS4_EE3getEv
FN:312,_ZNSt10unique_ptrISt6vectorI11AsyncBufferIhESaIS2_EESt14default_deleteIS4_EE11get_deleterEv
FN:312,_ZNSt10unique_ptrIi7CloseFDE11get_deleterEv
FN:328,_ZNSt10unique_ptrISt6vectorI11AsyncBufferIhESaIS2_EESt14default_deleteIS4_EE7releaseEv
FN:342,_ZNSt10unique_ptrISt6vectorI11AsyncBufferIhESaIS2_EESt14default_deleteIS4_EE5resetEPS4_
FN:790,_ZSt11make_uniqueISt6vectorI11AsyncBufferIhESaIS2_EEJEENSt9_MakeUniqIT_E15__single_objectEDpOT0_
FNDA:1703610,_ZNSt14default_deleteISt6vectorI11AsyncBufferIhESaIS2_EEEC2Ev
FNDA:855396,_ZNKSt14default_deleteISt6vectorI11AsyncBufferIhESaIS2_EEEclEPS4_
FNDA:855396,_ZNSt10unique_ptrISt6vectorI11AsyncBufferIhESaIS2_EESt14default_deleteIS4_EEC2Ev
FNDA:855356,_ZNSt10unique_ptrISt6vectorI11AsyncBufferIhESaIS2_EESt14default_deleteIS4_EEC2EPS4_
FNDA:3373,_ZNSt10unique_ptrIi7CloseFDEC2EPi
FNDA:1707781,_ZNSt10unique_ptrISt6vectorI11AsyncBufferIhESaIS2_EESt14default_deleteIS4_EED2Ev
FNDA:3373,_ZNSt10unique_ptrIi7CloseFDED2Ev
FNDA:855169,_ZNSt10unique_ptrISt6vectorI11AsyncBufferIhESaIS2_EESt14default_deleteIS4_EEaSEOS7_
FNDA:551495,_ZNKSt10unique_ptrISt6vectorI11AsyncBufferIhESaIS2_EESt14default_deleteIS4_EEdeEv
FNDA:6897,_ZNKSt10unique_ptrIi7CloseFDEdeEv
FNDA:1676327,_ZNKSt10unique_ptrISt6vectorI11AsyncBufferIhESaIS2_EESt14default_deleteIS4_EEptEv
FNDA:3071541,_ZNKSt10unique_ptrISt6vectorI11AsyncBufferIhESaIS2_EESt14default_deleteIS4_EE3getEv
FNDA:6897,_ZNKSt10unique_ptrIi7CloseFDE3getEv
FNDA:2559178,_ZNSt10unique_ptrISt6vectorI11AsyncBufferIhESaIS2_EESt14default_deleteIS4_EE11get_deleterEv
FNDA:3373,_ZNSt10unique_ptrIi7CloseFDE11get_deleterEv
FNDA:855163,_ZNSt10unique_ptrISt6vectorI11AsyncBufferIhESaIS2_EESt14default_deleteIS4_EE7releaseEv
FNDA:855362,_ZNSt10unique_ptrISt6vectorI11AsyncBufferIhESaIS2_EESt14default_deleteIS4_EE5resetEPS4_
FNDA:855365,_ZSt11make_uniqueISt6vectorI11AsyncBufferIhESaIS2_EEJEENSt9_MakeUniqIT_E15__single_objectEDpOT0_
FNF:18
FNH:18
DA:57,1703610
DA:70,855396
DA:76,855396
DA:77,855396
DA:158,855396
DA:159,855396
DA:161,855396
DA:170,858729
DA:171,858729
DA:173,858750
DA:176,858749
DA:235,1711154
DA:237,1711154
DA:238,1711222
DA:239,858769
DA:240,1711222
DA:241,1711222
DA:252,855169
DA:254,855169
DA:255,855332
DA:256,855374
DA:291,558392
DA:294,558392
DA:299,1676327
DA:302,1676327
DA:307,3078438
DA:308,3078438
DA:312,2562551
DA:313,2562551
DA:328,855163
DA:330,855163
DA:331,855340
DA:332,855366
DA:342,855362
DA:345,855362
DA:346,855326
DA:347,0
DA:348,855326
DA:790,855365
DA:791,855365
LF:40
LH:39
end_of_record
SF:/usr/include/c++/6/bits/vector.tcc
FN:540,_ZNSt6vectorI11AsyncBufferIhESaIS1_EE17_M_default_appendEm
FNDA:275775,_ZNSt6vectorI11AsyncBufferIhESaIS1_EE17_M_default_appendEm
FNF:1
FNH:1
DA:540,275775
DA:543,275775
DA:545,551588
DA:546,275794
DA:548,9
DA:549,0
DA:550,0
DA:555,275794
DA:556,275789
DA:557,275790
DA:558,275801
DA:561,275743
DA:563,275743
DA:564,275801
DA:565,275762
DA:567,275763
DA:569,0
DA:571,0
DA:572,0
DA:573,0
DA:574,0
DA:576,275725
DA:577,275700
DA:578,275748
DA:579,275748
DA:580,275748
DA:581,275725
DA:582,275725
DA:583,275725
DA:586,275715
LF:30
LH:23
end_of_record
SF:/usr/include/c++/6/exception
FN:63,_ZNSt9exceptionC2Ev
FNDA:3,_ZNSt9exceptionC2Ev
FNF:1
FNH:1
DA:63,3
LF:1
LH:1
end_of_record
SF:/usr/include/c++/6/ext/new_allocator.h
FN:79,_ZN9__gnu_cxx13new_allocatorI11AsyncBufferIhEEC2Ev
FN:86,_ZN9__gnu_cxx13new_allocatorI11AsyncBufferIhEED2Ev
FN:99,_ZN9__gnu_cxx13new_allocatorI11AsyncBufferIhEE8allocateEmPKv
FN:109,_ZN9__gnu_cxx13new_allocatorI11AsyncBufferIhEE10deallocateEPS2_m
FN:113,_ZNK9__gnu_cxx13new_allocatorI11AsyncBufferIhEE8max_sizeEv
FNDA:855349,_ZN9__gnu_cxx13new_allocatorI11AsyncBufferIhEEC2Ev
FNDA:855396,_ZN9__gnu_cxx13new_allocatorI11AsyncBufferIhEED2Ev
FNDA:275777,_ZN9__gnu_cxx13new_allocatorI11AsyncBufferIhEE8allocateEmPKv
FNDA:275806,_ZN9__gnu_cxx13new_allocatorI11AsyncBufferIhEE10deallocateEPS2_m
FNDA:827215,_ZNK9__gnu_cxx13new_allocatorI11AsyncBufferIhEE8max_sizeEv
FNF:5
FNH:5
DA:79,855349
DA:86,855396
DA:99,275777
DA:101,275777
DA:102,0
DA:104,275780
DA:109,275806
DA:110,275806
DA:113,827215
DA:114,827215
LF:10
LH:9
end_of_record
SF:/usr/include/c++/6/ext/string_conversions.h
FN:89,_ZN9__gnu_cxx12__to_xstringINSt7__cxx1112basic_stringIcSt11char_traitsIcESaIcEEEcEET_PFiPT0_mPKS8_P13__va_list_tagEmSB_z
FNDA:0,_ZN9__gnu_cxx12__to_xstringINSt7__cxx1112basic_stringIcSt11char_traitsIcESaIcEEEcEET_PFiPT0_mPKS8_P13__va_list_tagEmSB_z
FNF:1
FNH:0
DA:89,0
DA:96,0
DA:99,0
DA:101,0
DA:103,0
DA:105,0
LF:6
LH:0
end_of_record
SF:/usr/include/c++/6/ext/type_traits.h
FN:152,_ZN9__gnu_cxx17__is_null_pointerIcEEbPT_
FNDA:0,_ZN9__gnu_cxx17__is_null_pointerIcEEbPT_
FNF:1
FNH:0
DA:152,0
DA:153,0
LF:2
LH:0
end_of_record
SF:/usr/include/c++/6/initializer_list
FN:66,_ZNSt16initializer_listIP12napi_value__EC1Ev
FN:71,_ZNKSt16initializer_listIP12napi_value__E4sizeEv
FN:71,_ZNKSt16initializer_listIN4Napi23ClassPropertyDescriptorI9DisruptorEEE4sizeEv
FN:75,_ZNKSt16initializer_listIN4Napi23ClassPropertyDescriptorI9DisruptorEEE5beginEv
FN:75,_ZNKSt16initializer_listIP12napi_value__E5beginEv
FNDA:0,_ZNSt16initializer_listIP12napi_value__EC1Ev
FNDA:253,_ZNKSt16initializer_listIN4Napi23ClassPropertyDescriptorI9DisruptorEEE4sizeEv
FNDA:322516,_ZNKSt16initializer_listIP12napi_value__E4sizeEv
FNDA:253,_ZNKSt16initializer_listIN4Napi23ClassPropertyDescriptorI9DisruptorEEE5beginEv
FNDA:322516,_ZNKSt16initializer_listIP12napi_value__E5beginEv
FNF:5
FNH:4
DA:66,0
DA:67,0
DA:71,322769
DA:75,322769
LF:4
LH:2
end_of_record
SF:/usr/include/c++/6/new
FN:146,_ZnwmPv
FNDA:275714,_ZnwmPv
FNF:1
FNH:1
DA:146,275714
DA:147,275714
LF:2
LH:2
end_of_record
SF:/usr/include/c++/6/tuple
FN:58,_ZNSt10_Head_baseILm1ESt14default_deleteISt6vectorI11AsyncBufferIhESaIS3_EEELb1EEC2Ev
FN:58,_ZNSt10_Head_baseILm1E7CloseFDLb1EEC2Ev
FN:95,_ZNSt10_Head_baseILm1ESt14default_deleteISt6vectorI11AsyncBufferIhESaIS3_EEELb1EE7_M_headERS7_
FN:95,_ZNSt10_Head_baseILm1E7CloseFDLb1EE7_M_headERS1_
FN:104,_ZNSt10_Head_baseILm0EPiLb0EEC2Ev
FN:104,_ZNSt10_Head_baseILm0EPSt6vectorI11AsyncBufferIhESaIS2_EELb0EEC2Ev
FN:142,_ZNSt10_Head_baseILm0EPSt6vectorI11AsyncBufferIhESaIS2_EELb0EE7_M_headERS6_
FN:142,_ZNSt10_Head_baseILm0EPiLb0EE7_M_headERS1_
FN:145,_ZNSt10_Head_baseILm0EPSt6vectorI11AsyncBufferIhESaIS2_EELb0EE7_M_headERKS6_
FN:145,_ZNSt10_Head_baseILm0EPiLb0EE7_M_headERKS1_
FN:190,_ZNSt11_Tuple_implILm0EJPSt6vectorI11AsyncBufferIhESaIS2_EESt14default_deleteIS4_EEE7_M_headERS8_
FN:190,_ZNSt11_Tuple_implILm0EJPi7CloseFDEE7_M_headERS2_
FN:193,_ZNSt11_Tuple_implILm0EJPi7CloseFDEE7_M_headERKS2_
FN:193,_ZNSt11_Tuple_implILm0EJPSt6vectorI11AsyncBufferIhESaIS2_EESt14default_deleteIS4_EEE7_M_headERKS8_
FN:201,_ZNSt11_Tuple_implILm0EJPi7CloseFDEEC2Ev
FN:201,_ZNSt11_Tuple_implILm0EJPSt6vectorI11AsyncBufferIhESaIS2_EESt14default_deleteIS4_EEEC2Ev
FN:346,_ZNSt11_Tuple_implILm1EJ7CloseFDEE7_M_headERS1_
FN:346,_ZNSt11_Tuple_implILm1EJSt14default_deleteISt6vectorI11AsyncBufferIhESaIS3_EEEEE7_M_headERS7_
FN:351,_ZNSt11_Tuple_implILm1EJ7CloseFDEEC2Ev
FN:351,_ZNSt11_Tuple_implILm1EJSt14default_deleteISt6vectorI11AsyncBufferIhESaIS3_EEEEEC2Ev
FN:878,_ZNSt5tupleIJPSt6vectorI11AsyncBufferIhESaIS2_EESt14default_deleteIS4_EEEC2IS5_S7_Lb1EEEv
FN:878,_ZNSt5tupleIJPi7CloseFDEEC2IS0_S1_Lb1EEEv
FN:1247,_ZSt12__get_helperILm0EPiJ7CloseFDEERT0_RSt11_Tuple_implIXT_EJS2_DpT1_EE
FN:1247,_ZSt12__get_helperILm1ESt14default_deleteISt6vectorI11AsyncBufferIhESaIS3_EEEJEERT0_RSt11_Tuple_implIXT_EJS7_DpT1_EE
FN:1247,_ZSt12__get_helperILm1E7CloseFDJEERT0_RSt11_Tuple_implIXT_EJS1_DpT1_EE
FN:1247,_ZSt12__get_helperILm0EPSt6vectorI11AsyncBufferIhESaIS2_EEJSt14default_deleteIS4_EEERT0_RSt11_Tuple_implIXT_EJS8_DpT1_EE
FN:1252,_ZSt12__get_helperILm0EPSt6vectorI11AsyncBufferIhESaIS2_EEJSt14default_deleteIS4_EEERKT0_RKSt11_Tuple_implIXT_EJS8_DpT1_EE
FN:1252,_ZSt12__get_helperILm0EPiJ7CloseFDEERKT0_RKSt11_Tuple_implIXT_EJS2_DpT1_EE
FN:1258,_ZSt3getILm1EJPi7CloseFDEERNSt13tuple_elementIXT_ESt5tupleIJDpT0_EEE4typeERS6_
FN:1258,_ZSt3getILm1EJPSt6vectorI11AsyncBufferIhESaIS2_EESt14default_deleteIS4_EEERNSt13tuple_elementIXT_ESt5tupleIJDpT0_EEE4typeERSC_
FN:1258,_ZSt3getILm0EJPSt6vectorI11AsyncBufferIhESaIS2_EESt14default_deleteIS4_EEERNSt13tuple_elementIXT_ESt5tupleIJDpT0_EEE4typeERSC_
FN:1258,_ZSt3getILm0EJPi7CloseFDEERNSt13tuple_elementIXT_ESt5tupleIJDpT0_EEE4typeERS6_
FN:1264,_ZSt3getILm0EJPi7CloseFDEERKNSt13tuple_elementIXT_ESt5tupleIJDpT0_EEE4typeERKS6_
FN:1264,_ZSt3getILm0EJPSt6vectorI11AsyncBufferIhESaIS2_EESt14default_deleteIS4_EEERKNSt13tuple_elementIXT_ESt5tupleIJDpT0_EEE4typeERKSC_
FNDA:1703501,_ZNSt10_Head_baseILm1ESt14default_deleteISt6vectorI11AsyncBufferIhESaIS3_EEELb1EEC2Ev
FNDA:3373,_ZNSt10_Head_baseILm1E7CloseFDLb1EEC2Ev
FNDA:2559897,_ZNSt10_Head_baseILm1ESt14default_deleteISt6vectorI11AsyncBufferIhESaIS3_EEELb1EE7_M_headERS7_
FNDA:3373,_ZNSt10_Head_baseILm1E7CloseFDLb1EE7_M_headERS1_
FNDA:1704099,_ZNSt10_Head_baseILm0EPSt6vectorI11AsyncBufferIhESaIS2_EELb0EEC2Ev
FNDA:3373,_ZNSt10_Head_baseILm0EPiLb0EEC2Ev
FNDA:4257428,_ZNSt10_Head_baseILm0EPSt6vectorI11AsyncBufferIhESaIS2_EELb0EE7_M_headERS6_
FNDA:6746,_ZNSt10_Head_baseILm0EPiLb0EE7_M_headERS1_
FNDA:3074915,_ZNSt10_Head_baseILm0EPSt6vectorI11AsyncBufferIhESaIS2_EELb0EE7_M_headERKS6_
FNDA:6897,_ZNSt10_Head_baseILm0EPiLb0EE7_M_headERKS1_
FNDA:4257542,_ZNSt11_Tuple_implILm0EJPSt6vectorI11AsyncBufferIhESaIS2_EESt14default_deleteIS4_EEE7_M_headERS8_
FNDA:6746,_ZNSt11_Tuple_implILm0EJPi7CloseFDEE7_M_headERS2_
FNDA:3074445,_ZNSt11_Tuple_implILm0EJPSt6vectorI11AsyncBufferIhESaIS2_EESt14default_deleteIS4_EEE7_M_headERKS8_
FNDA:6897,_ZNSt11_Tuple_implILm0EJPi7CloseFDEE7_M_headERKS2_
FNDA:1703327,_ZNSt11_Tuple_implILm0EJPSt6vectorI11AsyncBufferIhESaIS2_EESt14default_deleteIS4_EEEC2Ev
FNDA:3373,_ZNSt11_Tuple_implILm0EJPi7CloseFDEEC2Ev
FNDA:2559750,_ZNSt11_Tuple_implILm1EJSt14default_deleteISt6vectorI11AsyncBufferIhESaIS3_EEEEE7_M_headERS7_
FNDA:3373,_ZNSt11_Tuple_implILm1EJ7CloseFDEE7_M_headERS1_
FNDA:1703465,_ZNSt11_Tuple_implILm1EJSt14default_deleteISt6vectorI11AsyncBufferIhESaIS3_EEEEEC2Ev
FNDA:3373,_ZNSt11_Tuple_implILm1EJ7CloseFDEEC2Ev
FNDA:1703010,_ZNSt5tupleIJPSt6vectorI11AsyncBufferIhESaIS2_EESt14default_deleteIS4_EEEC2IS5_S7_Lb1EEEv
FNDA:3373,_ZNSt5tupleIJPi7CloseFDEEC2IS0_S1_Lb1EEEv
FNDA:2559714,_ZSt12__get_helperILm1ESt14default_deleteISt6vectorI11AsyncBufferIhESaIS3_EEEJEERT0_RSt11_Tuple_implIXT_EJS7_DpT1_EE
FNDA:3373,_ZSt12__get_helperILm1E7CloseFDJEERT0_RSt11_Tuple_implIXT_EJS1_DpT1_EE
FNDA:4256267,_ZSt12__get_helperILm0EPSt6vectorI11AsyncBufferIhESaIS2_EEJSt14default_deleteIS4_EEERT0_RSt11_Tuple_implIXT_EJS8_DpT1_EE
FNDA:6746,_ZSt12__get_helperILm0EPiJ7CloseFDEERT0_RSt11_Tuple_implIXT_EJS2_DpT1_EE
FNDA:3073703,_ZSt12__get_helperILm0EPSt6vectorI11AsyncBufferIhESaIS2_EEJSt14default_deleteIS4_EEERKT0_RKSt11_Tuple_implIXT_EJS8_DpT1_EE
FNDA:6897,_ZSt12__get_helperILm0EPiJ7CloseFDEERKT0_RKSt11_Tuple_implIXT_EJS2_DpT1_EE
FNDA:2559582,_ZSt3getILm1EJPSt6vectorI11AsyncBufferIhESaIS2_EESt14default_deleteIS4_EEERNSt13tuple_elementIXT_ESt5tupleIJDpT0_EEE4typeERSC_
FNDA:3373,_ZSt3getILm1EJPi7CloseFDEERNSt13tuple_elementIXT_ESt5tupleIJDpT0_EEE4typeERS6_
FNDA:4255291,_ZSt3getILm0EJPSt6vectorI11AsyncBufferIhESaIS2_EESt14default_deleteIS4_EEERNSt13tuple_elementIXT_ESt5tupleIJDpT0_EEE4typeERSC_
FNDA:6746,_ZSt3getILm0EJPi7CloseFDEERNSt13tuple_elementIXT_ESt5tupleIJDpT0_EEE4typeERS6_
FNDA:3072296,_ZSt3getILm0EJPSt6vectorI11AsyncBufferIhESaIS2_EESt14default_deleteIS4_EEERKNSt13tuple_elementIXT_ESt5tupleIJDpT0_EEE4typeERKSC_
FNDA:6897,_ZSt3getILm0EJPi7CloseFDEERKNSt13tuple_elementIXT_ESt5tupleIJDpT0_EEE4typeERKS6_
FNF:34
FNH:34
DA:58,1706874
DA:59,1706874
DA:95,2563270
DA:104,1707472
DA:105,1707472
DA:142,4264174
DA:145,3081812
DA:190,4264288
DA:193,3081342
DA:201,1706700
DA:202,1706700
DA:346,2563123
DA:351,1706838
DA:352,1706838
DA:878,1706383
DA:879,1706383
DA:1247,6826100
DA:1248,6826100
DA:1252,3080600
DA:1253,3080600
DA:1258,6824992
DA:1259,6824992
DA:1264,3079193
DA:1265,3079193
LF:24
LH:24
end_of_record
SF:/home/david/shared-memory-disruptor/src/disruptor.cc
FN:39,_ZN9Disruptor4SpinEv
FN:98,_Z12NullCallbackRKN4Napi12CallbackInfoE
FN:102,_Z11GetCallbackRKN4Napi12CallbackInfoEj
FN:117,_ZN20DisruptorAsyncWorkerI12AsyncBooleanED0Ev
FN:117,_ZN20DisruptorAsyncWorkerI11AsyncBufferIhEED0Ev
FN:117,_ZN20DisruptorAsyncWorkerI10AsyncArrayI11AsyncBufferIhEEED0Ev
FN:117,_ZN20DisruptorAsyncWorkerI10AsyncArrayI11AsyncBufferIhEEED2Ev
FN:117,_ZN20DisruptorAsyncWorkerI12AsyncBooleanED2Ev
FN:117,_ZN20DisruptorAsyncWorkerI11AsyncBufferIhEED2Ev
FN:120,_ZN20DisruptorAsyncWorkerI11AsyncBufferIhEEC2EP9DisruptorRKN4Napi8FunctionE
FN:120,_ZN20DisruptorAsyncWorkerI10AsyncArrayI11AsyncBufferIhEEEC2EP9DisruptorRKN4Napi8FunctionE
FN:120,_ZN20DisruptorAsyncWorkerI12AsyncBooleanEC2EP9DisruptorRKN4Napi8FunctionE
FN:132,_ZN20DisruptorAsyncWorkerI10AsyncArrayI11AsyncBufferIhEEE4OnOKEv
FN:132,_ZN20DisruptorAsyncWorkerI12AsyncBooleanE4OnOKEv
FN:132,_ZN20DisruptorAsyncWorkerI11AsyncBufferIhEE4OnOKEv
FN:153,_ZN11AsyncBufferIhEC2Ev
FN:155,_ZN11AsyncBufferIhE3NewEN4Napi3EnvEPhm
FN:160,_ZN11AsyncBufferIhE3NewEN4Napi3EnvEm
FN:165,_ZN11AsyncBufferIhE3SetEPKcm
FN:171,_ZN11AsyncBufferIhE7ToValueEN4Napi3EnvE
FN:192,_ZN11AsyncBufferIhE6LengthEv
FN:204,_ZN10AsyncArrayI11AsyncBufferIhEEC2Ev
FN:204,_ZN10AsyncArrayI11AsyncBufferIhEED2Ev
FN:204,_ZN10AsyncArrayI11AsyncBufferIhEEaSEOS2_
FN:206,_ZN10AsyncArrayI11AsyncBufferIhEE3NewEN4Napi3EnvE
FN:211,_ZN10AsyncArrayI11AsyncBufferIhEE3SetEjS1_
FN:221,_ZN10AsyncArrayI11AsyncBufferIhEE7ToValueEN4Napi3EnvE
FN:232,_ZN10AsyncArrayI11AsyncBufferIhEE6LengthEv
FN:242,_ZN12AsyncBoolean3NewEN4Napi3EnvEb
FN:247,_ZN12AsyncBoolean7ToValueEN4Napi3EnvE
FN:252,_ZNK12AsyncBooleancvbEv
FN:262,_ZN11AsyncNumber3NewEN4Napi3EnvEm
FN:270,_ZN7CloseFDclEPi
FN:277,_Z15ThrowErrnoErrorRKN4Napi12CallbackInfoEPKc
FN:288,_ZN9DisruptorC2ERKN4Napi12CallbackInfoE
FN:347,_ZN9DisruptorD2Ev
FN:352,_ZN9Disruptor7ReleaseEv
FN:369,_ZN9Disruptor7ReleaseERKN4Napi12CallbackInfoE
FN:379,_ZN9Disruptor14ConsumeNewSyncI10AsyncArrayI11AsyncBufferIhEES2_EET_RKN4Napi3EnvEb
FN:379,_ZN9Disruptor14ConsumeNewSyncIN4Napi5ArrayENS1_6BufferEEET_RKNS1_3EnvEb
FN:430,_ZN9Disruptor14ConsumeNewSyncERKN4Napi12CallbackInfoE
FN:435,_ZN21ConsumeNewAsyncWorkerD2Ev
FN:435,_ZN21ConsumeNewAsyncWorkerD0Ev
FN:439,_ZN21ConsumeNewAsyncWorkerC2EP9DisruptorRKN4Napi8FunctionE
FN:447,_ZN21ConsumeNewAsyncWorker7ExecuteEv
FN:454,_ZN21ConsumeNewAsyncWorker5RetryEv
FN:460,_ZN9Disruptor15ConsumeNewAsyncERKN4Napi12CallbackInfoE
FN:465,_ZN9Disruptor10ConsumeNewERKN4Napi12CallbackInfoE
FN:477,_ZN9Disruptor13ConsumeCommitERKN4Napi12CallbackInfoE
FN:482,_ZN9Disruptor13UpdatePendingEmm
FN:488,_ZN9Disruptor13ConsumeCommitEv
FN:501,_ZN9Disruptor16ProduceClaimSyncIN4Napi6BufferENS1_6NumberEEET_IhERKNS1_3EnvEb
FN:501,_ZN9Disruptor16ProduceClaimSyncI11AsyncBuffer11AsyncNumberEET_IhERKN4Napi3EnvEb
FN:540,_ZN9Disruptor16ProduceClaimSyncERKN4Napi12CallbackInfoE
FN:545,_ZN23ProduceClaimAsyncWorkerD2Ev
FN:545,_ZN23ProduceClaimAsyncWorkerD0Ev
FN:549,_ZN23ProduceClaimAsyncWorkerC2EP9DisruptorRKN4Napi8FunctionE
FN:556,_ZN23ProduceClaimAsyncWorker7ExecuteEv
FN:563,_ZN23ProduceClaimAsyncWorker5RetryEv
FN:569,_ZN9Disruptor17ProduceClaimAsyncERKN4Napi12CallbackInfoE
FN:574,_ZN9Disruptor12ProduceClaimERKN4Napi12CallbackInfoE
FN:587,_ZN9Disruptor17ProduceCommitSyncI12AsyncBooleanEET_RKN4Napi3EnvEmb
FN:587,_ZN9Disruptor17ProduceCommitSyncIN4Napi7BooleanEEET_RKNS1_3EnvEmb
FN:603,_ZN9Disruptor10GetSeqNextERKN4Napi12CallbackInfoE
FN:608,_ZN9Disruptor17ProduceCommitSyncERKN4Napi12CallbackInfoE
FN:613,_ZN24ProduceCommitAsyncWorkerD0Ev
FN:613,_ZN24ProduceCommitAsyncWorkerD2Ev
FN:617,_ZN24ProduceCommitAsyncWorkerC2EP9DisruptorRKN4Napi8FunctionEm
FN:626,_ZN24ProduceCommitAsyncWorker7ExecuteEv
FN:633,_ZN24ProduceCommitAsyncWorker5RetryEv
FN:642,_ZN9Disruptor18ProduceCommitAsyncERKN4Napi12CallbackInfoEm
FN:648,_ZN9Disruptor18ProduceCommitAsyncERKN4Napi12CallbackInfoE
FN:653,_ZN9Disruptor13ProduceCommitERKN4Napi12CallbackInfoE
FN:667,_ZN9Disruptor12GetConsumersERKN4Napi12CallbackInfoE
FN:672,_ZN9Disruptor9GetCursorERKN4Napi12CallbackInfoE
FN:677,_ZN9Disruptor7GetNextERKN4Napi12CallbackInfoE
FN:682,_ZN9Disruptor11GetElementsERKN4Napi12CallbackInfoE
FN:687,_ZN9Disruptor11GetConsumerERKN4Napi12CallbackInfoE
FN:692,_ZN9Disruptor21GetPendingSeqConsumerERKN4Napi12CallbackInfoE
FN:697,_ZN9Disruptor19GetPendingSeqCursorERKN4Napi12CallbackInfoE
FN:702,_ZN9Disruptor10InitializeEN4Napi3EnvENS0_6ObjectE
FN:729,_Z10InitializeN4Napi3EnvENS_6ObjectES1_
FN:734,_register_disruptor
FN:734,_Z17__napi_InitializeP10napi_env__P12napi_value__S2_Pv
FNDA:3206709,_ZN9Disruptor4SpinEv
FNDA:1,_Z12NullCallbackRKN4Napi12CallbackInfoE
FNDA:322516,_Z11GetCallbackRKN4Napi12CallbackInfoEj
FNDA:0,_ZN20DisruptorAsyncWorkerI12AsyncBooleanED0Ev
FNDA:2015000,_ZN20DisruptorAsyncWorkerI12AsyncBooleanED2Ev
FNDA:0,_ZN20DisruptorAsyncWorkerI11AsyncBufferIhEED0Ev
FNDA:336313,_ZN20DisruptorAsyncWorkerI11AsyncBufferIhEED2Ev
FNDA:0,_ZN20DisruptorAsyncWorkerI10AsyncArrayI11AsyncBufferIhEEED0Ev
FNDA:855396,_ZN20DisruptorAsyncWorkerI10AsyncArrayI11AsyncBufferIhEEED2Ev
FNDA:2015000,_ZN20DisruptorAsyncWorkerI12AsyncBooleanEC2EP9DisruptorRKN4Napi8FunctionE
FNDA:336313,_ZN20DisruptorAsyncWorkerI11AsyncBufferIhEEC2EP9DisruptorRKN4Napi8FunctionE
FNDA:855396,_ZN20DisruptorAsyncWorkerI10AsyncArrayI11AsyncBufferIhEEEC2EP9DisruptorRKN4Napi8FunctionE
FNDA:855396,_ZN20DisruptorAsyncWorkerI10AsyncArrayI11AsyncBufferIhEEE4OnOKEv
FNDA:336313,_ZN20DisruptorAsyncWorkerI11AsyncBufferIhEE4OnOKEv
FNDA:2015000,_ZN20DisruptorAsyncWorkerI12AsyncBooleanE4OnOKEv
FNDA:611977,_ZN11AsyncBufferIhEC2Ev
FNDA:276559,_ZN11AsyncBufferIhE3NewEN4Napi3EnvEPhm
FNDA:335508,_ZN11AsyncBufferIhE3NewEN4Napi3EnvEm
FNDA:805,_ZN11AsyncBufferIhE3SetEPKcm
FNDA:276617,_ZN11AsyncBufferIhE7ToValueEN4Napi3EnvE
FNDA:336313,_ZN11AsyncBufferIhE6LengthEv
FNDA:855396,_ZN10AsyncArrayI11AsyncBufferIhEEC2Ev
FNDA:855214,_ZN10AsyncArrayI11AsyncBufferIhEEaSEOS2_
FNDA:1707901,_ZN10AsyncArrayI11AsyncBufferIhEED2Ev
FNDA:855374,_ZN10AsyncArrayI11AsyncBufferIhEE3NewEN4Napi3EnvE
FNDA:275756,_ZN10AsyncArrayI11AsyncBufferIhEE3SetEjS1_
FNDA:275811,_ZN10AsyncArrayI11AsyncBufferIhEE7ToValueEN4Napi3EnvE
FNDA:855311,_ZN10AsyncArrayI11AsyncBufferIhEE6LengthEv
FNDA:2014992,_ZN12AsyncBoolean3NewEN4Napi3EnvEb
FNDA:45894,_ZN12AsyncBoolean7ToValueEN4Napi3EnvE
FNDA:2014959,_ZNK12AsyncBooleancvbEv
FNDA:805,_ZN11AsyncNumber3NewEN4Napi3EnvEm
FNDA:3373,_ZN7CloseFDclEPi
FNDA:3,_Z15ThrowErrnoErrorRKN4Napi12CallbackInfoEPKc
FNDA:3373,_ZN9DisruptorC2ERKN4Napi12CallbackInfoE
FNDA:2718,_ZN9DisruptorD2Ev
FNDA:5836,_ZN9Disruptor7ReleaseEv
FNDA:3118,_ZN9Disruptor7ReleaseERKN4Napi12CallbackInfoE
FNDA:855373,_ZN9Disruptor14ConsumeNewSyncI10AsyncArrayI11AsyncBufferIhEES2_EET_RKN4Napi3EnvEb
FNDA:641217,_ZN9Disruptor14ConsumeNewSyncIN4Napi5ArrayENS1_6BufferEEET_RKNS1_3EnvEb
FNDA:90783,_ZN9Disruptor14ConsumeNewSyncERKN4Napi12CallbackInfoE
FNDA:855396,_ZN21ConsumeNewAsyncWorkerD0Ev
FNDA:855396,_ZN21ConsumeNewAsyncWorkerD2Ev
FNDA:855396,_ZN21ConsumeNewAsyncWorkerC2EP9DisruptorRKN4Napi8FunctionE
FNDA:855384,_ZN21ConsumeNewAsyncWorker7ExecuteEv
FNDA:579585,_ZN21ConsumeNewAsyncWorker5RetryEv
FNDA:275811,_ZN9Disruptor15ConsumeNewAsyncERKN4Napi12CallbackInfoE
FNDA:550434,_ZN9Disruptor10ConsumeNewERKN4Napi12CallbackInfoE
FNDA:641209,_ZN9Disruptor13ConsumeCommitERKN4Napi12CallbackInfoE
FNDA:641126,_ZN9Disruptor13UpdatePendingEmm
FNDA:2137792,_ZN9Disruptor13ConsumeCommitEv
FNDA:336313,_ZN9Disruptor16ProduceClaimSyncI11AsyncBuffer11AsyncNumberEET_IhERKN4Napi3EnvEb
FNDA:286068,_ZN9Disruptor16ProduceClaimSyncIN4Napi6BufferENS1_6NumberEEET_IhERKNS1_3EnvEb
FNDA:234180,_ZN9Disruptor16ProduceClaimSyncERKN4Napi12CallbackInfoE
FNDA:336313,_ZN23ProduceClaimAsyncWorkerD0Ev
FNDA:336313,_ZN23ProduceClaimAsyncWorkerD2Ev
FNDA:336313,_ZN23ProduceClaimAsyncWorkerC2EP9DisruptorRKN4Napi8FunctionE
FNDA:336313,_ZN23ProduceClaimAsyncWorker7ExecuteEv
FNDA:335502,_ZN23ProduceClaimAsyncWorker5RetryEv
FNDA:811,_ZN9Disruptor17ProduceClaimAsyncERKN4Napi12CallbackInfoE
FNDA:51888,_ZN9Disruptor12ProduceClaimERKN4Napi12CallbackInfoE
FNDA:2014992,_ZN9Disruptor17ProduceCommitSyncI12AsyncBooleanEET_RKN4Napi3EnvEmb
FNDA:286061,_ZN9Disruptor17ProduceCommitSyncIN4Napi7BooleanEEET_RKNS1_3EnvEmb
FNDA:286865,_ZN9Disruptor10GetSeqNextERKN4Napi12CallbackInfoE
FNDA:234177,_ZN9Disruptor17ProduceCommitSyncERKN4Napi12CallbackInfoE
FNDA:2015000,_ZN24ProduceCommitAsyncWorkerD0Ev
FNDA:2015000,_ZN24ProduceCommitAsyncWorkerD2Ev
FNDA:2015000,_ZN24ProduceCommitAsyncWorkerC2EP9DisruptorRKN4Napi8FunctionEm
FNDA:2014516,_ZN24ProduceCommitAsyncWorker7ExecuteEv
FNDA:1969106,_ZN24ProduceCommitAsyncWorker5RetryEv
FNDA:45894,_ZN9Disruptor18ProduceCommitAsyncERKN4Napi12CallbackInfoEm
FNDA:804,_ZN9Disruptor18ProduceCommitAsyncERKN4Napi12CallbackInfoE
FNDA:51884,_ZN9Disruptor13ProduceCommitERKN4Napi12CallbackInfoE
FNDA:6,_ZN9Disruptor12GetConsumersERKN4Napi12CallbackInfoE
FNDA:78,_ZN9Disruptor9GetCursorERKN4Napi12CallbackInfoE
FNDA:78,_ZN9Disruptor7GetNextERKN4Napi12CallbackInfoE
FNDA:972,_ZN9Disruptor11GetElementsERKN4Napi12CallbackInfoE
FNDA:84,_ZN9Disruptor11GetConsumerERKN4Napi12CallbackInfoE
FNDA:0,_ZN9Disruptor21GetPendingSeqConsumerERKN4Napi12CallbackInfoE
FNDA:0,_ZN9Disruptor19GetPendingSeqCursorERKN4Napi12CallbackInfoE
FNDA:253,_ZN9Disruptor10InitializeEN4Napi3EnvENS0_6ObjectE
FNDA:253,_Z10InitializeN4Napi3EnvENS_6ObjectES1_
FNDA:253,_register_disruptor
FNDA:253,_Z17__napi_InitializeP10napi_env__P12napi_value__S2_Pv
FNF:84
FNH:79
DA:39,3206709
DA:41,3206709
DA:98,1
DA:100,1
DA:102,322516
DA:104,322516
DA:106,322516
DA:107,322516
DA:109,322515
DA:113,1
DA:117,3206709
DA:120,3206709
DA:125,3206709
DA:127,3206709
DA:132,3206709
DA:134,3206709
DA:136,2884193
DA:139,645032
DA:140,322516
DA:141,645032
DA:153,611977
DA:155,276559
DA:157,276559
DA:160,335508
DA:162,335508
DA:165,805
DA:167,805
DA:168,805
DA:169,805
DA:171,276617
DA:173,276617
DA:175,276617
DA:177,276611
DA:181,6
DA:184,276617
DA:186,805
DA:189,276617
DA:192,336313
DA:194,336313
DA:204,3418511
DA:206,855374
DA:208,855374
DA:211,275756
DA:213,275756
DA:215,275793
DA:218,275707
DA:219,275791
DA:221,275811
DA:223,275811
DA:224,275811
DA:225,551617
DA:227,275806
DA:229,275811
DA:232,855311
DA:234,855311
DA:242,2014992
DA:244,2014992
DA:247,45894
DA:249,45894
DA:252,2014959
DA:254,2014959
DA:262,805
DA:264,805
DA:270,3373
DA:272,3373
DA:273,3373
DA:274,3373
DA:277,3
DA:279,3
DA:280,3
DA:281,3
DA:284,6
DA:285,9
DA:288,3373
DA:290,3376
DA:293,3373
DA:294,3373
DA:295,3373
DA:296,3373
DA:297,3373
DA:298,3373
DA:299,3373
DA:303,6746
DA:305,6746
DA:306,3373
DA:308,3
DA:315,6740
DA:316,3370
DA:320,3370
DA:326,3370
DA:329,3370
DA:331,3370
DA:337,3370
DA:338,3370
DA:339,3370
DA:340,3370
DA:341,3370
DA:343,3370
DA:344,3370
DA:345,3370
DA:347,5436
DA:349,2718
DA:350,2718
DA:352,5836
DA:354,5836
DA:356,3118
DA:358,3118
DA:363,3118
DA:366,5836
DA:369,3118
DA:371,3118
DA:376,3118
DA:379,1496590
DA:384,1496590
DA:386,1496598
DA:388,381425927
DA:390,382067096
DA:391,382067096
DA:392,382067096
DA:393,382067096
DA:395,382067096
DA:397,1281244
DA:399,640622
DA:400,640622
DA:402,640611
DA:403,640556
DA:406,381426474
DA:408,1094
DA:410,547
DA:411,547
DA:413,547
DA:415,389
DA:418,389
DA:421,547
DA:422,547
DA:427,1496497
DA:430,90783
DA:432,90783
DA:435,1710792
DA:439,855396
DA:440,855396
DA:442,855396
DA:444,855396
DA:447,855384
DA:450,855384
DA:451,855309
DA:452,855372
DA:454,579585
DA:456,579585
DA:457,579585
DA:460,275811
DA:462,275811
DA:463,275811
DA:465,550434
DA:467,550434
DA:468,550434
DA:470,274631
DA:473,275803
DA:474,275803
DA:477,641209
DA:479,641209
DA:480,641209
DA:482,641126
DA:484,641126
DA:485,641126
DA:486,641126
DA:488,2137792
DA:490,2137792
DA:492,641212
DA:494,641212
DA:495,641212
DA:496,641212
DA:498,2137792
DA:501,30039525
DA:503,29752659
DA:505,30039525
DA:506,30039525
DA:508,30039525
DA:510,39773801
DA:512,39459889
DA:513,39459889
DA:515,39459889
DA:517,29725613
DA:518,29725613
DA:522,30353437
DA:523,313912
DA:525,573732
DA:527,286866
DA:528,573732
DA:530,286866
DA:532,286866
DA:537,335515
DA:540,234180
DA:542,234180
DA:545,672626
DA:549,336313
DA:550,336313
DA:551,336313
DA:553,336313
DA:556,336313
DA:559,336313
DA:560,336313
DA:561,336313
DA:563,335502
DA:565,335502
DA:566,335502
DA:569,811
DA:571,811
DA:572,811
DA:574,51888
DA:576,51888
DA:577,51888
DA:579,51884
DA:582,4
DA:583,4
DA:587,472352869
DA:591,472066007
DA:593,472352869
DA:595,286862
DA:600,2014191
DA:603,286865
DA:605,286865
DA:608,234177
DA:610,234177
DA:613,4030000
DA:617,2015000
DA:619,2015000
DA:621,2015000
DA:623,2015000
DA:626,2014516
DA:629,2014516
DA:630,2014945
DA:631,2014963
DA:633,1969106
DA:635,1969106
DA:636,1969106
DA:642,45894
DA:645,45894
DA:646,45894
DA:648,804
DA:650,804
DA:651,804
DA:653,51884
DA:655,51884
DA:657,51884
DA:658,51884
DA:660,6794
DA:663,45090
DA:664,45090
DA:667,6
DA:669,6
DA:672,78
DA:674,78
DA:677,78
DA:679,78
DA:682,972
DA:684,972
DA:687,84
DA:689,84
DA:692,0
DA:694,0
DA:697,0
DA:699,0
DA:702,253
DA:704,506
DA:706,253
DA:707,253
DA:708,253
DA:709,253
DA:710,253
DA:711,253
DA:712,253
DA:713,253
DA:716,253
DA:717,253
DA:718,253
DA:719,253
DA:720,253
DA:721,253
DA:722,253
DA:723,253
DA:724,253
DA:725,253
DA:726,5060
DA:727,253
DA:729,253
DA:731,253
DA:732,253
DA:734,506
LF:289
LH:285
end_of_record
