TN:
SF:/usr/include/c++/9/bits/stl_function.h
FN:355,_ZNKSt8equal_toIPhEclERKS0_S3_
FNDA:0,_ZNKSt8equal_toIPhEclERKS0_S3_
DA:355,0
DA:356,0
end_of_record
SF:/usr/include/c++/9/ext/type_traits.h
FN:152,_ZN9__gnu_cxx17__is_null_pointerIcEEbPT_
FNDA:0,_ZN9__gnu_cxx17__is_null_pointerIcEEbPT_
FN:152,_ZN9__gnu_cxx17__is_null_pointerIKcEEbPT_
FNDA:0,_ZN9__gnu_cxx17__is_null_pointerIKcEEbPT_
DA:152,0
DA:153,0
DA:152,0
DA:153,0
end_of_record
SF:/usr/include/c++/9/bits/stl_uninitialized.h
FN:76,_ZNSt20__uninitialized_copyILb0EE13__uninit_copyISt13move_iteratorIP11AsyncBufferES4_EET0_T_S7_S6_
FNDA:0,_ZNSt20__uninitialized_copyILb0EE13__uninit_copyISt13move_iteratorIP11AsyncBufferES4_EET0_T_S7_S6_
FN:115,_ZSt18uninitialized_copyISt13move_iteratorIP11AsyncBufferES2_ET0_T_S5_S4_
FNDA:0,_ZSt18uninitialized_copyISt13move_iteratorIP11AsyncBufferES2_ET0_T_S5_S4_
FN:305,_ZSt22__uninitialized_copy_aISt13move_iteratorIP11AsyncBufferES2_S1_ET0_T_S5_S4_RSaIT1_E
FNDA:0,_ZSt22__uninitialized_copy_aISt13move_iteratorIP11AsyncBufferES2_S1_ET0_T_S5_S4_RSaIT1_E
FN:323,_ZSt34__uninitialized_move_if_noexcept_aIP11AsyncBufferS1_SaIS0_EET0_T_S4_S3_RT1_
FNDA:0,_ZSt34__uninitialized_move_if_noexcept_aIP11AsyncBufferS1_SaIS0_EET0_T_S4_S3_RT1_
FN:539,_ZNSt27__uninitialized_default_n_1ILb0EE18__uninit_default_nIP11AsyncBuffermEET_S4_T0_
FNDA:0,_ZNSt27__uninitialized_default_n_1ILb0EE18__uninit_default_nIP11AsyncBuffermEET_S4_T0_
FN:561,_ZNSt27__uninitialized_default_n_1ILb1EE18__uninit_default_nIP24napi_property_descriptormEET_S4_T0_
FNDA:0,_ZNSt27__uninitialized_default_n_1ILb1EE18__uninit_default_nIP24napi_property_descriptormEET_S4_T0_
FN:592,_ZSt25__uninitialized_default_nIP24napi_property_descriptormET_S2_T0_
FNDA:0,_ZSt25__uninitialized_default_nIP24napi_property_descriptormET_S2_T0_
FN:592,_ZSt25__uninitialized_default_nIP11AsyncBuffermET_S2_T0_
FNDA:0,_ZSt25__uninitialized_default_nIP11AsyncBuffermET_S2_T0_
FN:661,_ZSt27__uninitialized_default_n_aIP24napi_property_descriptormS0_ET_S2_T0_RSaIT1_E
FNDA:0,_ZSt27__uninitialized_default_n_aIP24napi_property_descriptormS0_ET_S2_T0_RSaIT1_E
FN:661,_ZSt27__uninitialized_default_n_aIP11AsyncBuffermS0_ET_S2_T0_RSaIT1_E
FNDA:0,_ZSt27__uninitialized_default_n_aIP11AsyncBuffermS0_ET_S2_T0_RSaIT1_E
FN:905,_ZSt19__relocate_object_aI11AsyncBufferS0_SaIS0_EEvPT_PT0_RT1_
FNDA:0,_ZSt19__relocate_object_aI11AsyncBufferS0_SaIS0_EEvPT_PT0_RT1_
FN:936,_ZSt14__relocate_a_1IP11AsyncBufferS1_SaIS0_EET0_T_S4_S3_RT1_
FNDA:0,_ZSt14__relocate_a_1IP11AsyncBufferS1_SaIS0_EET0_T_S4_S3_RT1_
FN:958,_ZSt12__relocate_aIP11AsyncBufferS1_SaIS0_EET0_T_S4_S3_RT1_
FNDA:0,_ZSt12__relocate_aIP11AsyncBufferS1_SaIS0_EET0_T_S4_S3_RT1_
DA:76,0
DA:79,0
DA:82,0
DA:83,0
DA:84,0
DA:86,0
DA:88,0
DA:89,0
DA:115,0
DA:134,0
DA:140,0
DA:305,0
DA:307,0
DA:323,0
DA:329,0
DA:330,0
DA:539,0
DA:541,0
DA:544,0
DA:545,0
DA:546,0
DA:548,0
DA:550,0
DA:551,0
DA:561,0
DA:566,0
DA:592,0
DA:597,0
DA:601,0
DA:592,0
DA:597,0
DA:601,0
DA:661,0
DA:663,0
DA:661,0
DA:663,0
DA:905,0
DA:912,0
DA:913,0
DA:914,0
DA:936,0
DA:948,0
DA:949,0
DA:950,0
DA:952,0
DA:958,0
DA:964,0
DA:966,0
end_of_record
SF:/usr/include/c++/9/bits/stl_iterator.h
FN:1057,_ZNSt13move_iteratorIP11AsyncBufferEC2ES1_
FNDA:0,_ZNSt13move_iteratorIP11AsyncBufferEC2ES1_
FN:1066,_ZNKSt13move_iteratorIP11AsyncBufferE4baseEv
FNDA:0,_ZNKSt13move_iteratorIP11AsyncBufferE4baseEv
FN:1070,_ZNKSt13move_iteratorIP11AsyncBufferEdeEv
FNDA:0,_ZNKSt13move_iteratorIP11AsyncBufferEdeEv
FN:1078,_ZNSt13move_iteratorIP11AsyncBufferEppEv
FNDA:0,_ZNSt13move_iteratorIP11AsyncBufferEppEv
FN:1145,_ZSteqIP11AsyncBufferEbRKSt13move_iteratorIT_ES6_
FNDA:0,_ZSteqIP11AsyncBufferEbRKSt13move_iteratorIT_ES6_
FN:1157,_ZStneIP11AsyncBufferEbRKSt13move_iteratorIT_ES6_
FNDA:0,_ZStneIP11AsyncBufferEbRKSt13move_iteratorIT_ES6_
FN:1242,_ZSt32__make_move_if_noexcept_iteratorI11AsyncBufferSt13move_iteratorIPS0_EET0_PT_
FNDA:0,_ZSt32__make_move_if_noexcept_iteratorI11AsyncBufferSt13move_iteratorIPS0_EET0_PT_
DA:1057,0
DA:1058,0
DA:1066,0
DA:1067,0
DA:1070,0
DA:1071,0
DA:1078,0
DA:1080,0
DA:1081,0
DA:1145,0
DA:1147,0
DA:1157,0
DA:1159,0
DA:1242,0
DA:1243,0
end_of_record
SF:/usr/include/c++/9/tuple
FN:76,_ZNSt10_Head_baseILm1ESt14default_deleteISt6vectorI11AsyncBufferSaIS2_EEELb1EEC2Ev
FNDA:0,_ZNSt10_Head_baseILm1ESt14default_deleteISt6vectorI11AsyncBufferSaIS2_EEELb1EEC2Ev
FN:76,_ZNSt10_Head_baseILm1E7CloseFDLb1EEC2Ev
FNDA:0,_ZNSt10_Head_baseILm1E7CloseFDLb1EEC2Ev
FN:86,_ZNSt10_Head_baseILm1ESt14default_deleteISt6vectorI11AsyncBufferSaIS2_EEELb1EEC2IS5_EEOT_
FNDA:0,_ZNSt10_Head_baseILm1ESt14default_deleteISt6vectorI11AsyncBufferSaIS2_EEELb1EEC2IS5_EEOT_
FN:113,_ZNSt10_Head_baseILm1ESt14default_deleteISt6vectorI11AsyncBufferSaIS2_EEELb1EE7_M_headERS6_
FNDA:0,_ZNSt10_Head_baseILm1ESt14default_deleteISt6vectorI11AsyncBufferSaIS2_EEELb1EE7_M_headERS6_
FN:113,_ZNSt10_Head_baseILm1E7CloseFDLb1EE7_M_headERS1_
FNDA:0,_ZNSt10_Head_baseILm1E7CloseFDLb1EE7_M_headERS1_
FN:122,_ZNSt10_Head_baseILm0EPSt6vectorI11AsyncBufferSaIS1_EELb0EEC2Ev
FNDA:0,_ZNSt10_Head_baseILm0EPSt6vectorI11AsyncBufferSaIS1_EELb0EEC2Ev
FN:122,_ZNSt10_Head_baseILm0EPiLb0EEC2Ev
FNDA:0,_ZNSt10_Head_baseILm0EPiLb0EEC2Ev
FN:132,_ZNSt10_Head_baseILm0EPSt6vectorI11AsyncBufferSaIS1_EELb0EEC2IRS4_EEOT_
FNDA:0,_ZNSt10_Head_baseILm0EPSt6vectorI11AsyncBufferSaIS1_EELb0EEC2IRS4_EEOT_
FN:160,_ZNSt10_Head_baseILm0EPiLb0EE7_M_headERS1_
FNDA:0,_ZNSt10_Head_baseILm0EPiLb0EE7_M_headERS1_
FN:160,_ZNSt10_Head_baseILm0EPSt6vectorI11AsyncBufferSaIS1_EELb0EE7_M_headERS5_
FNDA:0,_ZNSt10_Head_baseILm0EPSt6vectorI11AsyncBufferSaIS1_EELb0EE7_M_headERS5_
FN:163,_ZNSt10_Head_baseILm0EPSt6vectorI11AsyncBufferSaIS1_EELb0EE7_M_headERKS5_
FNDA:0,_ZNSt10_Head_baseILm0EPSt6vectorI11AsyncBufferSaIS1_EELb0EE7_M_headERKS5_
FN:163,_ZNSt10_Head_baseILm0EPiLb0EE7_M_headERKS1_
FNDA:0,_ZNSt10_Head_baseILm0EPiLb0EE7_M_headERKS1_
FN:195,_ZNSt11_Tuple_implILm0EJPSt6vectorI11AsyncBufferSaIS1_EESt14default_deleteIS3_EEE7_M_headERS7_
FNDA:0,_ZNSt11_Tuple_implILm0EJPSt6vectorI11AsyncBufferSaIS1_EESt14default_deleteIS3_EEE7_M_headERS7_
FN:195,_ZNSt11_Tuple_implILm0EJPi7CloseFDEE7_M_headERS2_
FNDA:0,_ZNSt11_Tuple_implILm0EJPi7CloseFDEE7_M_headERS2_
FN:198,_ZNSt11_Tuple_implILm0EJPi7CloseFDEE7_M_headERKS2_
FNDA:0,_ZNSt11_Tuple_implILm0EJPi7CloseFDEE7_M_headERKS2_
FN:198,_ZNSt11_Tuple_implILm0EJPSt6vectorI11AsyncBufferSaIS1_EESt14default_deleteIS3_EEE7_M_headERKS7_
FNDA:0,_ZNSt11_Tuple_implILm0EJPSt6vectorI11AsyncBufferSaIS1_EESt14default_deleteIS3_EEE7_M_headERKS7_
FN:206,_ZNSt11_Tuple_implILm0EJPi7CloseFDEEC2Ev
FNDA:0,_ZNSt11_Tuple_implILm0EJPi7CloseFDEEC2Ev
FN:206,_ZNSt11_Tuple_implILm0EJPSt6vectorI11AsyncBufferSaIS1_EESt14default_deleteIS3_EEEC2Ev
FNDA:0,_ZNSt11_Tuple_implILm0EJPSt6vectorI11AsyncBufferSaIS1_EESt14default_deleteIS3_EEEC2Ev
FN:216,_ZNSt11_Tuple_implILm0EJPSt6vectorI11AsyncBufferSaIS1_EESt14default_deleteIS3_EEEC2IRS4_JS6_EvEEOT_DpOT0_
FNDA:0,_ZNSt11_Tuple_implILm0EJPSt6vectorI11AsyncBufferSaIS1_EESt14default_deleteIS3_EEEC2IRS4_JS6_EvEEOT_DpOT0_
FN:334,_ZNSt11_Tuple_implILm1EJSt14default_deleteISt6vectorI11AsyncBufferSaIS2_EEEEE7_M_headERS6_
FNDA:0,_ZNSt11_Tuple_implILm1EJSt14default_deleteISt6vectorI11AsyncBufferSaIS2_EEEEE7_M_headERS6_
FN:334,_ZNSt11_Tuple_implILm1EJ7CloseFDEE7_M_headERS1_
FNDA:0,_ZNSt11_Tuple_implILm1EJ7CloseFDEE7_M_headERS1_
FN:339,_ZNSt11_Tuple_implILm1EJ7CloseFDEEC2Ev
FNDA:0,_ZNSt11_Tuple_implILm1EJ7CloseFDEEC2Ev
FN:339,_ZNSt11_Tuple_implILm1EJSt14default_deleteISt6vectorI11AsyncBufferSaIS2_EEEEEC2Ev
FNDA:0,_ZNSt11_Tuple_implILm1EJSt14default_deleteISt6vectorI11AsyncBufferSaIS2_EEEEEC2Ev
FN:348,_ZNSt11_Tuple_implILm1EJSt14default_deleteISt6vectorI11AsyncBufferSaIS2_EEEEEC2IS5_EEOT_
FNDA:0,_ZNSt11_Tuple_implILm1EJSt14default_deleteISt6vectorI11AsyncBufferSaIS2_EEEEEC2IS5_EEOT_
FN:918,_ZNSt5tupleIJPi7CloseFDEEC2IS0_S1_Lb1EEEv
FNDA:0,_ZNSt5tupleIJPi7CloseFDEEC2IS0_S1_Lb1EEEv
FN:918,_ZNSt5tupleIJPSt6vectorI11AsyncBufferSaIS1_EESt14default_deleteIS3_EEEC2IS4_S6_Lb1EEEv
FNDA:0,_ZNSt5tupleIJPSt6vectorI11AsyncBufferSaIS1_EESt14default_deleteIS3_EEEC2IS4_S6_Lb1EEEv
FN:968,_ZNSt5tupleIJPSt6vectorI11AsyncBufferSaIS1_EESt14default_deleteIS3_EEEC2IRS4_S6_Lb1EEEOT_OT0_
FNDA:0,_ZNSt5tupleIJPSt6vectorI11AsyncBufferSaIS1_EESt14default_deleteIS3_EEEC2IRS4_S6_Lb1EEEOT_OT0_
FN:1309,_ZSt12__get_helperILm1E7CloseFDJEERT0_RSt11_Tuple_implIXT_EJS1_DpT1_EE
FNDA:0,_ZSt12__get_helperILm1E7CloseFDJEERT0_RSt11_Tuple_implIXT_EJS1_DpT1_EE
FN:1309,_ZSt12__get_helperILm1ESt14default_deleteISt6vectorI11AsyncBufferSaIS2_EEEJEERT0_RSt11_Tuple_implIXT_EJS6_DpT1_EE
FNDA:0,_ZSt12__get_helperILm1ESt14default_deleteISt6vectorI11AsyncBufferSaIS2_EEEJEERT0_RSt11_Tuple_implIXT_EJS6_DpT1_EE
FN:1309,_ZSt12__get_helperILm0EPSt6vectorI11AsyncBufferSaIS1_EEJSt14default_deleteIS3_EEERT0_RSt11_Tuple_implIXT_EJS7_DpT1_EE
FNDA:0,_ZSt12__get_helperILm0EPSt6vectorI11AsyncBufferSaIS1_EEJSt14default_deleteIS3_EEERT0_RSt11_Tuple_implIXT_EJS7_DpT1_EE
FN:1309,_ZSt12__get_helperILm0EPiJ7CloseFDEERT0_RSt11_Tuple_implIXT_EJS2_DpT1_EE
FNDA:0,_ZSt12__get_helperILm0EPiJ7CloseFDEERT0_RSt11_Tuple_implIXT_EJS2_DpT1_EE
FN:1314,_ZSt12__get_helperILm0EPiJ7CloseFDEERKT0_RKSt11_Tuple_implIXT_EJS2_DpT1_EE
FNDA:0,_ZSt12__get_helperILm0EPiJ7CloseFDEERKT0_RKSt11_Tuple_implIXT_EJS2_DpT1_EE
FN:1314,_ZSt12__get_helperILm0EPSt6vectorI11AsyncBufferSaIS1_EEJSt14default_deleteIS3_EEERKT0_RKSt11_Tuple_implIXT_EJS7_DpT1_EE
FNDA:0,_ZSt12__get_helperILm0EPSt6vectorI11AsyncBufferSaIS1_EEJSt14default_deleteIS3_EEERKT0_RKSt11_Tuple_implIXT_EJS7_DpT1_EE
FN:1320,_ZSt3getILm1EJPSt6vectorI11AsyncBufferSaIS1_EESt14default_deleteIS3_EEERNSt13tuple_elementIXT_ESt5tupleIJDpT0_EEE4typeERSB_
FNDA:0,_ZSt3getILm1EJPSt6vectorI11AsyncBufferSaIS1_EESt14default_deleteIS3_EEERNSt13tuple_elementIXT_ESt5tupleIJDpT0_EEE4typeERSB_
FN:1320,_ZSt3getILm1EJPi7CloseFDEERNSt13tuple_elementIXT_ESt5tupleIJDpT0_EEE4typeERS6_
FNDA:0,_ZSt3getILm1EJPi7CloseFDEERNSt13tuple_elementIXT_ESt5tupleIJDpT0_EEE4typeERS6_
FN:1320,_ZSt3getILm0EJPSt6vectorI11AsyncBufferSaIS1_EESt14default_deleteIS3_EEERNSt13tuple_elementIXT_ESt5tupleIJDpT0_EEE4typeERSB_
FNDA:0,_ZSt3getILm0EJPSt6vectorI11AsyncBufferSaIS1_EESt14default_deleteIS3_EEERNSt13tuple_elementIXT_ESt5tupleIJDpT0_EEE4typeERSB_
FN:1320,_ZSt3getILm0EJPi7CloseFDEERNSt13tuple_elementIXT_ESt5tupleIJDpT0_EEE4typeERS6_
FNDA:0,_ZSt3getILm0EJPi7CloseFDEERNSt13tuple_elementIXT_ESt5tupleIJDpT0_EEE4typeERS6_
FN:1326,_ZSt3getILm0EJPSt6vectorI11AsyncBufferSaIS1_EESt14default_deleteIS3_EEERKNSt13tuple_elementIXT_ESt5tupleIJDpT0_EEE4typeERKSB_
FNDA:0,_ZSt3getILm0EJPSt6vectorI11AsyncBufferSaIS1_EESt14default_deleteIS3_EEERKNSt13tuple_elementIXT_ESt5tupleIJDpT0_EEE4typeERKSB_
FN:1326,_ZSt3getILm0EJPi7CloseFDEERKNSt13tuple_elementIXT_ESt5tupleIJDpT0_EEE4typeERKS6_
FNDA:0,_ZSt3getILm0EJPi7CloseFDEERKNSt13tuple_elementIXT_ESt5tupleIJDpT0_EEE4typeERKS6_
DA:76,0
DA:77,0
DA:76,0
DA:77,0
DA:86,0
DA:87,0
DA:113,0
DA:113,0
DA:122,0
DA:123,0
DA:122,0
DA:123,0
DA:132,0
DA:133,0
DA:160,0
DA:160,0
DA:163,0
DA:163,0
DA:195,0
DA:195,0
DA:198,0
DA:198,0
DA:206,0
DA:207,0
DA:206,0
DA:207,0
DA:216,0
DA:218,0
DA:334,0
DA:334,0
DA:339,0
DA:340,0
DA:339,0
DA:340,0
DA:348,0
DA:349,0
DA:918,0
DA:919,0
DA:918,0
DA:919,0
DA:968,0
DA:969,0
DA:1309,0
DA:1310,0
DA:1309,0
DA:1310,0
DA:1309,0
DA:1310,0
DA:1309,0
DA:1310,0
DA:1314,0
DA:1315,0
DA:1314,0
DA:1315,0
DA:1320,0
DA:1321,0
DA:1320,0
DA:1321,0
DA:1320,0
DA:1321,0
DA:1320,0
DA:1321,0
DA:1326,0
DA:1327,0
DA:1326,0
DA:1327,0
end_of_record
SF:/usr/include/c++/9/bits/move.h
FN:47,_ZSt11__addressofI11AsyncBufferEPT_RS1_
FNDA:0,_ZSt11__addressofI11AsyncBufferEPT_RS1_
FN:47,_ZSt11__addressofINSt8__detail10_Hash_nodeIPhLb0EEEEPT_RS4_
FNDA:0,_ZSt11__addressofINSt8__detail10_Hash_nodeIPhLb0EEEEPT_RS4_
FN:47,_ZSt11__addressofIPNSt8__detail15_Hash_node_baseEEPT_RS3_
FNDA:0,_ZSt11__addressofIPNSt8__detail15_Hash_node_baseEEPT_RS3_
FN:74,_ZSt7forwardIRKPhEOT_RNSt16remove_referenceIS3_E4typeE
FNDA:0,_ZSt7forwardIRKPhEOT_RNSt16remove_referenceIS3_E4typeE
FN:74,_ZSt7forwardI11AsyncBufferEOT_RNSt16remove_referenceIS1_E4typeE
FNDA:0,_ZSt7forwardI11AsyncBufferEOT_RNSt16remove_referenceIS1_E4typeE
FN:74,_ZSt7forwardIRPSt6vectorI11AsyncBufferSaIS1_EEEOT_RNSt16remove_referenceIS6_E4typeE
FNDA:0,_ZSt7forwardIRPSt6vectorI11AsyncBufferSaIS1_EEEOT_RNSt16remove_referenceIS6_E4typeE
FN:74,_ZSt7forwardINSt8__detail14_Node_iteratorIPhLb1ELb0EEEEOT_RNSt16remove_referenceIS4_E4typeE
FNDA:0,_ZSt7forwardINSt8__detail14_Node_iteratorIPhLb1ELb0EEEEOT_RNSt16remove_referenceIS4_E4typeE
FN:74,_ZSt7forwardISt14default_deleteISt6vectorI11AsyncBufferSaIS2_EEEEOT_RNSt16remove_referenceIS6_E4typeE
FNDA:0,_ZSt7forwardISt14default_deleteISt6vectorI11AsyncBufferSaIS2_EEEEOT_RNSt16remove_referenceIS6_E4typeE
FN:74,_ZSt7forwardIRPhEOT_RNSt16remove_referenceIS2_E4typeE
FNDA:0,_ZSt7forwardIRPhEOT_RNSt16remove_referenceIS2_E4typeE
FN:74,_ZSt7forwardIbEOT_RNSt16remove_referenceIS0_E4typeE
FNDA:0,_ZSt7forwardIbEOT_RNSt16remove_referenceIS0_E4typeE
FN:99,_ZSt4moveIRN4Napi9ReferenceINS0_6ObjectEEEEONSt16remove_referenceIT_E4typeEOS6_
FNDA:0,_ZSt4moveIRN4Napi9ReferenceINS0_6ObjectEEEEONSt16remove_referenceIT_E4typeEOS6_
FN:99,_ZSt4moveIRN4Napi9ReferenceINS0_8FunctionEEEEONSt16remove_referenceIT_E4typeEOS6_
FNDA:0,_ZSt4moveIRN4Napi9ReferenceINS0_8FunctionEEEEONSt16remove_referenceIT_E4typeEOS6_
FN:99,_ZSt4moveIRN4Napi17FunctionReferenceEEONSt16remove_referenceIT_E4typeEOS4_
FNDA:0,_ZSt4moveIRN4Napi17FunctionReferenceEEONSt16remove_referenceIT_E4typeEOS4_
FN:99,_ZSt4moveIRNSt7__cxx1112basic_stringIcSt11char_traitsIcESaIcEEEEONSt16remove_referenceIT_E4typeEOS8_
FNDA:0,_ZSt4moveIRNSt7__cxx1112basic_stringIcSt11char_traitsIcESaIcEEEEONSt16remove_referenceIT_E4typeEOS8_
FN:99,_ZSt4moveIRSaIcEEONSt16remove_referenceIT_E4typeEOS3_
FNDA:0,_ZSt4moveIRSaIcEEONSt16remove_referenceIT_E4typeEOS3_
FN:99,_ZSt4moveIRPiEONSt16remove_referenceIT_E4typeEOS3_
FNDA:0,_ZSt4moveIRPiEONSt16remove_referenceIT_E4typeEOS3_
FN:99,_ZSt4moveIRPSt6vectorI11AsyncBufferSaIS1_EEEONSt16remove_referenceIT_E4typeEOS7_
FNDA:0,_ZSt4moveIRPSt6vectorI11AsyncBufferSaIS1_EEEONSt16remove_referenceIT_E4typeEOS7_
FN:99,_ZSt4moveIR11AsyncBufferEONSt16remove_referenceIT_E4typeEOS3_
FNDA:0,_ZSt4moveIR11AsyncBufferEONSt16remove_referenceIT_E4typeEOS3_
FN:138,_ZSt9addressofIPNSt8__detail15_Hash_node_baseEEPT_RS3_
FNDA:0,_ZSt9addressofIPNSt8__detail15_Hash_node_baseEEPT_RS3_
FN:138,_ZSt9addressofINSt8__detail10_Hash_nodeIPhLb0EEEEPT_RS4_
FNDA:0,_ZSt9addressofINSt8__detail10_Hash_nodeIPhLb0EEEEPT_RS4_
FN:182,_ZSt4swapIPSt6vectorI11AsyncBufferSaIS1_EEENSt9enable_ifIXsrSt6__and_IJSt6__not_ISt15__is_tuple_likeIT_EESt21is_move_constructibleIS9_ESt18is_move_assignableIS9_EEE5valueEvE4typeERS9_SJ_
FNDA:0,_ZSt4swapIPSt6vectorI11AsyncBufferSaIS1_EEENSt9enable_ifIXsrSt6__and_IJSt6__not_ISt15__is_tuple_likeIT_EESt21is_move_constructibleIS9_ESt18is_move_assignableIS9_EEE5valueEvE4typeERS9_SJ_
DA:47,0
DA:48,0
DA:47,0
DA:48,0
DA:47,0
DA:48,0
DA:74,0
DA:75,0
DA:74,0
DA:75,0
DA:74,0
DA:75,0
DA:74,0
DA:75,0
DA:74,0
DA:75,0
DA:74,0
DA:75,0
DA:74,0
DA:75,0
DA:99,0
DA:100,0
DA:99,0
DA:100,0
DA:99,0
DA:100,0
DA:99,0
DA:100,0
DA:99,0
DA:100,0
DA:99,0
DA:100,0
DA:99,0
DA:100,0
DA:99,0
DA:100,0
DA:138,0
DA:139,0
DA:138,0
DA:139,0
DA:182,0
DA:193,0
DA:194,0
DA:195,0
DA:196,0
end_of_record
SF:/usr/include/c++/9/bits/hashtable.h
FN:342,_ZNKSt10_HashtableIPhS0_SaIS0_ENSt8__detail9_IdentityESt8equal_toIS0_ESt4hashIS0_ENS2_18_Mod_range_hashingENS2_20_Default_ranged_hashENS2_20_Prime_rehash_policyENS2_17_Hashtable_traitsILb0ELb1ELb1EEEE21_M_uses_single_bucketEPPNS2_15_Hash_node_baseE
FNDA:0,_ZNKSt10_HashtableIPhS0_SaIS0_ENSt8__detail9_IdentityESt8equal_toIS0_ESt4hashIS0_ENS2_18_Mod_range_hashingENS2_20_Default_ranged_hashENS2_20_Prime_rehash_policyENS2_17_Hashtable_traitsILb0ELb1ELb1EEEE21_M_uses_single_bucketEPPNS2_15_Hash_node_baseE
FN:353,_ZNSt10_HashtableIPhS0_SaIS0_ENSt8__detail9_IdentityESt8equal_toIS0_ESt4hashIS0_ENS2_18_Mod_range_hashingENS2_20_Default_ranged_hashENS2_20_Prime_rehash_policyENS2_17_Hashtable_traitsILb0ELb1ELb1EEEE19_M_allocate_bucketsEm
FNDA:0,_ZNSt10_HashtableIPhS0_SaIS0_ENSt8__detail9_IdentityESt8equal_toIS0_ESt4hashIS0_ENS2_18_Mod_range_hashingENS2_20_Default_ranged_hashENS2_20_Prime_rehash_policyENS2_17_Hashtable_traitsILb0ELb1ELb1EEEE19_M_allocate_bucketsEm
FN:365,_ZNSt10_HashtableIPhS0_SaIS0_ENSt8__detail9_IdentityESt8equal_toIS0_ESt4hashIS0_ENS2_18_Mod_range_hashingENS2_20_Default_ranged_hashENS2_20_Prime_rehash_policyENS2_17_Hashtable_traitsILb0ELb1ELb1EEEE21_M_deallocate_bucketsEPPNS2_15_Hash_node_baseEm
FNDA:0,_ZNSt10_HashtableIPhS0_SaIS0_ENSt8__detail9_IdentityESt8equal_toIS0_ESt4hashIS0_ENS2_18_Mod_range_hashingENS2_20_Default_ranged_hashENS2_20_Prime_rehash_policyENS2_17_Hashtable_traitsILb0ELb1ELb1EEEE21_M_deallocate_bucketsEPPNS2_15_Hash_node_baseEm
FN:374,_ZNSt10_HashtableIPhS0_SaIS0_ENSt8__detail9_IdentityESt8equal_toIS0_ESt4hashIS0_ENS2_18_Mod_range_hashingENS2_20_Default_ranged_hashENS2_20_Prime_rehash_policyENS2_17_Hashtable_traitsILb0ELb1ELb1EEEE21_M_deallocate_bucketsEv
FNDA:0,_ZNSt10_HashtableIPhS0_SaIS0_ENSt8__detail9_IdentityESt8equal_toIS0_ESt4hashIS0_ENS2_18_Mod_range_hashingENS2_20_Default_ranged_hashENS2_20_Prime_rehash_policyENS2_17_Hashtable_traitsILb0ELb1ELb1EEEE21_M_deallocate_bucketsEv
FN:383,_ZNKSt10_HashtableIPhS0_SaIS0_ENSt8__detail9_IdentityESt8equal_toIS0_ESt4hashIS0_ENS2_18_Mod_range_hashingENS2_20_Default_ranged_hashENS2_20_Prime_rehash_policyENS2_17_Hashtable_traitsILb0ELb1ELb1EEEE8_M_beginEv
FNDA:0,_ZNKSt10_HashtableIPhS0_SaIS0_ENSt8__detail9_IdentityESt8equal_toIS0_ESt4hashIS0_ENS2_18_Mod_range_hashingENS2_20_Default_ranged_hashENS2_20_Prime_rehash_policyENS2_17_Hashtable_traitsILb0ELb1ELb1EEEE8_M_beginEv
FN:414,_ZNSt10_HashtableIPhS0_SaIS0_ENSt8__detail9_IdentityESt8equal_toIS0_ESt4hashIS0_ENS2_18_Mod_range_hashingENS2_20_Default_ranged_hashENS2_20_Prime_rehash_policyENS2_17_Hashtable_traitsILb0ELb1ELb1EEEEC2Ev
FNDA:0,_ZNSt10_HashtableIPhS0_SaIS0_ENSt8__detail9_IdentityESt8equal_toIS0_ESt4hashIS0_ENS2_18_Mod_range_hashingENS2_20_Default_ranged_hashENS2_20_Prime_rehash_policyENS2_17_Hashtable_traitsILb0ELb1ELb1EEEEC2Ev
FN:512,_ZNSt10_HashtableIPhS0_SaIS0_ENSt8__detail9_IdentityESt8equal_toIS0_ESt4hashIS0_ENS2_18_Mod_range_hashingENS2_20_Default_ranged_hashENS2_20_Prime_rehash_policyENS2_17_Hashtable_traitsILb0ELb1ELb1EEEE3endEv
FNDA:0,_ZNSt10_HashtableIPhS0_SaIS0_ENSt8__detail9_IdentityESt8equal_toIS0_ESt4hashIS0_ENS2_18_Mod_range_hashingENS2_20_Default_ranged_hashENS2_20_Prime_rehash_policyENS2_17_Hashtable_traitsILb0ELb1ELb1EEEE3endEv
FN:639,_ZNKSt10_HashtableIPhS0_SaIS0_ENSt8__detail9_IdentityESt8equal_toIS0_ESt4hashIS0_ENS2_18_Mod_range_hashingENS2_20_Default_ranged_hashENS2_20_Prime_rehash_policyENS2_17_Hashtable_traitsILb0ELb1ELb1EEEE15_M_bucket_indexEPNS2_10_Hash_nodeIS0_Lb0EEE
FNDA:0,_ZNKSt10_HashtableIPhS0_SaIS0_ENSt8__detail9_IdentityESt8equal_toIS0_ESt4hashIS0_ENS2_18_Mod_range_hashingENS2_20_Default_ranged_hashENS2_20_Prime_rehash_policyENS2_17_Hashtable_traitsILb0ELb1ELb1EEEE15_M_bucket_indexEPNS2_10_Hash_nodeIS0_Lb0EEE
FN:643,_ZNKSt10_HashtableIPhS0_SaIS0_ENSt8__detail9_IdentityESt8equal_toIS0_ESt4hashIS0_ENS2_18_Mod_range_hashingENS2_20_Default_ranged_hashENS2_20_Prime_rehash_policyENS2_17_Hashtable_traitsILb0ELb1ELb1EEEE15_M_bucket_indexERKS0_m
FNDA:0,_ZNKSt10_HashtableIPhS0_SaIS0_ENSt8__detail9_IdentityESt8equal_toIS0_ESt4hashIS0_ENS2_18_Mod_range_hashingENS2_20_Default_ranged_hashENS2_20_Prime_rehash_policyENS2_17_Hashtable_traitsILb0ELb1ELb1EEEE15_M_bucket_indexERKS0_m
FN:652,_ZNKSt10_HashtableIPhS0_SaIS0_ENSt8__detail9_IdentityESt8equal_toIS0_ESt4hashIS0_ENS2_18_Mod_range_hashingENS2_20_Default_ranged_hashENS2_20_Prime_rehash_policyENS2_17_Hashtable_traitsILb0ELb1ELb1EEEE12_M_find_nodeEmRKS0_m
FNDA:0,_ZNKSt10_HashtableIPhS0_SaIS0_ENSt8__detail9_IdentityESt8equal_toIS0_ESt4hashIS0_ENS2_18_Mod_range_hashingENS2_20_Default_ranged_hashENS2_20_Prime_rehash_policyENS2_17_Hashtable_traitsILb0ELb1ELb1EEEE12_M_find_nodeEmRKS0_m
FN:748,_ZNSt10_HashtableIPhS0_SaIS0_ENSt8__detail9_IdentityESt8equal_toIS0_ESt4hashIS0_ENS2_18_Mod_range_hashingENS2_20_Default_ranged_hashENS2_20_Prime_rehash_policyENS2_17_Hashtable_traitsILb0ELb1ELb1EEEE7emplaceIJRS0_EEESt4pairINS2_14_Node_iteratorIS0_Lb1ELb0EEEbEDpOT_
FNDA:0,_ZNSt10_HashtableIPhS0_SaIS0_ENSt8__detail9_IdentityESt8equal_toIS0_ESt4hashIS0_ENS2_18_Mod_range_hashingENS2_20_Default_ranged_hashENS2_20_Prime_rehash_policyENS2_17_Hashtable_traitsILb0ELb1ELb1EEEE7emplaceIJRS0_EEESt4pairINS2_14_Node_iteratorIS0_Lb1ELb0EEEbEDpOT_
FN:771,_ZNSt10_HashtableIPhS0_SaIS0_ENSt8__detail9_IdentityESt8equal_toIS0_ESt4hashIS0_ENS2_18_Mod_range_hashingENS2_20_Default_ranged_hashENS2_20_Prime_rehash_policyENS2_17_Hashtable_traitsILb0ELb1ELb1EEEE5eraseERKS0_
FNDA:0,_ZNSt10_HashtableIPhS0_SaIS0_ENSt8__detail9_IdentityESt8equal_toIS0_ESt4hashIS0_ENS2_18_Mod_range_hashingENS2_20_Default_ranged_hashENS2_20_Prime_rehash_policyENS2_17_Hashtable_traitsILb0ELb1ELb1EEEE5eraseERKS0_
FN:1412,_ZNSt10_HashtableIPhS0_SaIS0_ENSt8__detail9_IdentityESt8equal_toIS0_ESt4hashIS0_ENS2_18_Mod_range_hashingENS2_20_Default_ranged_hashENS2_20_Prime_rehash_policyENS2_17_Hashtable_traitsILb0ELb1ELb1EEEE4findERKS0_
FNDA:0,_ZNSt10_HashtableIPhS0_SaIS0_ENSt8__detail9_IdentityESt8equal_toIS0_ESt4hashIS0_ENS2_18_Mod_range_hashingENS2_20_Default_ranged_hashENS2_20_Prime_rehash_policyENS2_17_Hashtable_traitsILb0ELb1ELb1EEEE4findERKS0_
FN:1532,_ZNKSt10_HashtableIPhS0_SaIS0_ENSt8__detail9_IdentityESt8equal_toIS0_ESt4hashIS0_ENS2_18_Mod_range_hashingENS2_20_Default_ranged_hashENS2_20_Prime_rehash_policyENS2_17_Hashtable_traitsILb0ELb1ELb1EEEE19_M_find_before_nodeEmRKS0_m
FNDA:0,_ZNKSt10_HashtableIPhS0_SaIS0_ENSt8__detail9_IdentityESt8equal_toIS0_ESt4hashIS0_ENS2_18_Mod_range_hashingENS2_20_Default_ranged_hashENS2_20_Prime_rehash_policyENS2_17_Hashtable_traitsILb0ELb1ELb1EEEE19_M_find_before_nodeEmRKS0_m
FN:1560,_ZNSt10_HashtableIPhS0_SaIS0_ENSt8__detail9_IdentityESt8equal_toIS0_ESt4hashIS0_ENS2_18_Mod_range_hashingENS2_20_Default_ranged_hashENS2_20_Prime_rehash_policyENS2_17_Hashtable_traitsILb0ELb1ELb1EEEE22_M_insert_bucket_beginEmPNS2_10_Hash_nodeIS0_Lb0EEE
FNDA:0,_ZNSt10_HashtableIPhS0_SaIS0_ENSt8__detail9_IdentityESt8equal_toIS0_ESt4hashIS0_ENS2_18_Mod_range_hashingENS2_20_Default_ranged_hashENS2_20_Prime_rehash_policyENS2_17_Hashtable_traitsILb0ELb1ELb1EEEE22_M_insert_bucket_beginEmPNS2_10_Hash_nodeIS0_Lb0EEE
FN:1591,_ZNSt10_HashtableIPhS0_SaIS0_ENSt8__detail9_IdentityESt8equal_toIS0_ESt4hashIS0_ENS2_18_Mod_range_hashingENS2_20_Default_ranged_hashENS2_20_Prime_rehash_policyENS2_17_Hashtable_traitsILb0ELb1ELb1EEEE22_M_remove_bucket_beginEmPNS2_10_Hash_nodeIS0_Lb0EEEm
FNDA:0,_ZNSt10_HashtableIPhS0_SaIS0_ENSt8__detail9_IdentityESt8equal_toIS0_ESt4hashIS0_ENS2_18_Mod_range_hashingENS2_20_Default_ranged_hashENS2_20_Prime_rehash_policyENS2_17_Hashtable_traitsILb0ELb1ELb1EEEE22_M_remove_bucket_beginEmPNS2_10_Hash_nodeIS0_Lb0EEEm
FN:1632,_ZNSt10_HashtableIPhS0_SaIS0_ENSt8__detail9_IdentityESt8equal_toIS0_ESt4hashIS0_ENS2_18_Mod_range_hashingENS2_20_Default_ranged_hashENS2_20_Prime_rehash_policyENS2_17_Hashtable_traitsILb0ELb1ELb1EEEE10_M_emplaceIJRS0_EEESt4pairINS2_14_Node_iteratorIS0_Lb1ELb0EEEbESt17integral_constantIbLb1EEDpOT_
FNDA:0,_ZNSt10_HashtableIPhS0_SaIS0_ENSt8__detail9_IdentityESt8equal_toIS0_ESt4hashIS0_ENS2_18_Mod_range_hashingENS2_20_Default_ranged_hashENS2_20_Prime_rehash_policyENS2_17_Hashtable_traitsILb0ELb1ELb1EEEE10_M_emplaceIJRS0_EEESt4pairINS2_14_Node_iteratorIS0_Lb1ELb0EEEbESt17integral_constantIbLb1EEDpOT_
FN:1698,_ZNSt10_HashtableIPhS0_SaIS0_ENSt8__detail9_IdentityESt8equal_toIS0_ESt4hashIS0_ENS2_18_Mod_range_hashingENS2_20_Default_ranged_hashENS2_20_Prime_rehash_policyENS2_17_Hashtable_traitsILb0ELb1ELb1EEEE21_M_insert_unique_nodeEmmPNS2_10_Hash_nodeIS0_Lb0EEEm
FNDA:0,_ZNSt10_HashtableIPhS0_SaIS0_ENSt8__detail9_IdentityESt8equal_toIS0_ESt4hashIS0_ENS2_18_Mod_range_hashingENS2_20_Default_ranged_hashENS2_20_Prime_rehash_policyENS2_17_Hashtable_traitsILb0ELb1ELb1EEEE21_M_insert_unique_nodeEmmPNS2_10_Hash_nodeIS0_Lb0EEEm
FN:1869,_ZNSt10_HashtableIPhS0_SaIS0_ENSt8__detail9_IdentityESt8equal_toIS0_ESt4hashIS0_ENS2_18_Mod_range_hashingENS2_20_Default_ranged_hashENS2_20_Prime_rehash_policyENS2_17_Hashtable_traitsILb0ELb1ELb1EEEE8_M_eraseEmPNS2_15_Hash_node_baseEPNS2_10_Hash_nodeIS0_Lb0EEE
FNDA:0,_ZNSt10_HashtableIPhS0_SaIS0_ENSt8__detail9_IdentityESt8equal_toIS0_ESt4hashIS0_ENS2_18_Mod_range_hashingENS2_20_Default_ranged_hashENS2_20_Prime_rehash_policyENS2_17_Hashtable_traitsILb0ELb1ELb1EEEE8_M_eraseEmPNS2_15_Hash_node_baseEPNS2_10_Hash_nodeIS0_Lb0EEE
FN:1897,_ZNSt10_HashtableIPhS0_SaIS0_ENSt8__detail9_IdentityESt8equal_toIS0_ESt4hashIS0_ENS2_18_Mod_range_hashingENS2_20_Default_ranged_hashENS2_20_Prime_rehash_policyENS2_17_Hashtable_traitsILb0ELb1ELb1EEEE8_M_eraseESt17integral_constantIbLb1EERKS0_
FNDA:0,_ZNSt10_HashtableIPhS0_SaIS0_ENSt8__detail9_IdentityESt8equal_toIS0_ESt4hashIS0_ENS2_18_Mod_range_hashingENS2_20_Default_ranged_hashENS2_20_Prime_rehash_policyENS2_17_Hashtable_traitsILb0ELb1ELb1EEEE8_M_eraseESt17integral_constantIbLb1EERKS0_
FN:2061,_ZNSt10_HashtableIPhS0_SaIS0_ENSt8__detail9_IdentityESt8equal_toIS0_ESt4hashIS0_ENS2_18_Mod_range_hashingENS2_20_Default_ranged_hashENS2_20_Prime_rehash_policyENS2_17_Hashtable_traitsILb0ELb1ELb1EEEE9_M_rehashEmRKm
FNDA:0,_ZNSt10_HashtableIPhS0_SaIS0_ENSt8__detail9_IdentityESt8equal_toIS0_ESt4hashIS0_ENS2_18_Mod_range_hashingENS2_20_Default_ranged_hashENS2_20_Prime_rehash_policyENS2_17_Hashtable_traitsILb0ELb1ELb1EEEE9_M_rehashEmRKm
FN:2084,_ZNSt10_HashtableIPhS0_SaIS0_ENSt8__detail9_IdentityESt8equal_toIS0_ESt4hashIS0_ENS2_18_Mod_range_hashingENS2_20_Default_ranged_hashENS2_20_Prime_rehash_policyENS2_17_Hashtable_traitsILb0ELb1ELb1EEEE13_M_rehash_auxEmSt17integral_constantIbLb1EE
FNDA:0,_ZNSt10_HashtableIPhS0_SaIS0_ENSt8__detail9_IdentityESt8equal_toIS0_ESt4hashIS0_ENS2_18_Mod_range_hashingENS2_20_Default_ranged_hashENS2_20_Prime_rehash_policyENS2_17_Hashtable_traitsILb0ELb1ELb1EEEE13_M_rehash_auxEmSt17integral_constantIbLb1EE
DA:342,0
DA:343,0
DA:353,0
DA:355,0
DA:357,0
DA:358,0
DA:361,0
DA:365,0
DA:367,0
DA:368,0
DA:370,0
DA:374,0
DA:375,0
DA:383,0
DA:384,0
DA:414,0
DA:512,0
DA:513,0
DA:639,0
DA:640,0
DA:643,0
DA:644,0
DA:652,0
DA:655,0
DA:656,0
DA:657,0
DA:658,0
DA:748,0
DA:749,0
DA:771,0
DA:772,0
DA:1412,0
DA:1417,0
DA:1418,0
DA:1419,0
DA:1420,0
DA:1532,0
DA:1538,0
DA:1539,0
DA:1540,0
DA:1542,0
DA:1543,0
DA:1545,0
DA:1546,0
DA:1548,0
DA:1549,0
DA:1550,0
DA:1552,0
DA:1560,0
DA:1564,0
DA:1568,0
DA:1569,0
DA:1576,0
DA:1577,0
DA:1578,0
DA:1581,0
DA:1582,0
DA:1584,0
DA:1591,0
DA:1596,0
DA:1600,0
DA:1601,0
DA:1604,0
DA:1605,0
DA:1606,0
DA:1608,0
DA:1632,0
DA:1638,0
DA:1639,0
DA:1643,0
DA:1645,0
DA:1647,0
DA:1648,0
DA:1651,0
DA:1652,0
DA:1655,0
DA:1656,0
DA:1660,0
DA:1661,0
DA:1698,0
DA:1704,0
DA:1705,0
DA:1711,0
DA:1713,0
DA:1714,0
DA:1717,0
DA:1720,0
DA:1721,0
DA:1722,0
DA:1724,0
DA:1726,0
DA:1727,0
DA:1869,0
DA:1874,0
DA:1875,0
DA:1876,0
DA:1877,0
DA:1879,0
DA:1880,0
DA:1881,0
DA:1884,0
DA:1885,0
DA:1886,0
DA:1887,0
DA:1889,0
DA:1897,0
DA:1902,0
DA:1903,0
DA:1906,0
DA:1907,0
DA:1908,0
DA:1911,0
DA:1912,0
DA:1913,0
DA:2061,0
DA:2067,0
DA:2069,0
DA:2073,0
DA:2074,0
DA:2076,0
DA:2084,0
DA:2088,0
DA:2089,0
DA:2090,0
DA:2091,0
DA:2092,0
DA:2094,0
DA:2095,0
DA:2096,0
DA:2098,0
DA:2099,0
DA:2100,0
DA:2101,0
DA:2102,0
DA:2103,0
DA:2107,0
DA:2108,0
DA:2110,0
DA:2113,0
DA:2114,0
DA:2115,0
DA:2116,0
end_of_record
SF:/usr/include/c++/9/bits/exception.h
FN:63,_ZNSt9exceptionC2Ev
FNDA:0,_ZNSt9exceptionC2Ev
DA:63,0
end_of_record
SF:/usr/include/c++/9/bits/vector.tcc
FN:611,_ZNSt6vectorI11AsyncBufferSaIS0_EE17_M_default_appendEm
FNDA:0,_ZNSt6vectorI11AsyncBufferSaIS0_EE17_M_default_appendEm
DA:611,0
DA:614,0
DA:616,0
DA:617,0
DA:618,0
DA:620,0
DA:621,0
DA:623,0
DA:626,0
DA:627,0
DA:628,0
DA:633,0
DA:635,0
DA:636,0
DA:640,0
DA:641,0
DA:643,0
DA:645,0
DA:646,0
DA:648,0
DA:649,0
DA:653,0
DA:656,0
DA:657,0
DA:658,0
DA:659,0
DA:661,0
DA:663,0
DA:665,0
DA:666,0
DA:667,0
DA:668,0
DA:669,0
DA:671,0
DA:672,0
DA:675,0
DA:676,0
DA:677,0
DA:678,0
DA:679,0
DA:680,0
DA:683,0
end_of_record
SF:/usr/include/c++/9/bits/char_traits.h
FN:329,_ZNSt11char_traitsIcE6lengthEPKc
FNDA:0,_ZNSt11char_traitsIcE6lengthEPKc
FN:361,_ZNSt11char_traitsIcE4copyEPcPKcm
FNDA:0,_ZNSt11char_traitsIcE4copyEPcPKcm
DA:329,0
DA:335,0
DA:361,0
DA:363,0
DA:364,0
DA:365,0
end_of_record
SF:/usr/include/c++/9/bits/stl_pair.h
FN:341,_ZNSt4pairINSt8__detail14_Node_iteratorIPhLb1ELb0EEEbEC2IS3_bLb1EEEOT_OT0_
FNDA:0,_ZNSt4pairINSt8__detail14_Node_iteratorIPhLb1ELb0EEEbEC2IS3_bLb1EEEOT_OT0_
FN:524,_ZSt9make_pairINSt8__detail14_Node_iteratorIPhLb1ELb0EEEbESt4pairINSt17__decay_and_stripIT_E6__typeENS5_IT0_E6__typeEEOS6_OS9_
FNDA:0,_ZSt9make_pairINSt8__detail14_Node_iteratorIPhLb1ELb0EEEbESt4pairINSt17__decay_and_stripIT_E6__typeENS5_IT0_E6__typeEEOS6_OS9_
DA:341,0
DA:342,0
DA:524,0
DA:529,0
end_of_record
SF:/usr/include/c++/9/ext/new_allocator.h
FN:80,_ZN9__gnu_cxx13new_allocatorIPNSt8__detail15_Hash_node_baseEEC2Ev
FNDA:0,_ZN9__gnu_cxx13new_allocatorIPNSt8__detail15_Hash_node_baseEEC2Ev
FN:80,_ZN9__gnu_cxx13new_allocatorIcEC2Ev
FNDA:0,_ZN9__gnu_cxx13new_allocatorIcEC2Ev
FN:80,_ZN9__gnu_cxx13new_allocatorINSt8__detail10_Hash_nodeIPhLb0EEEEC2Ev
FNDA:0,_ZN9__gnu_cxx13new_allocatorINSt8__detail10_Hash_nodeIPhLb0EEEEC2Ev
FN:80,_ZN9__gnu_cxx13new_allocatorIP12napi_value__EC2Ev
FNDA:0,_ZN9__gnu_cxx13new_allocatorIP12napi_value__EC2Ev
FN:80,_ZN9__gnu_cxx13new_allocatorI24napi_property_descriptorEC2Ev
FNDA:0,_ZN9__gnu_cxx13new_allocatorI24napi_property_descriptorEC2Ev
FN:80,_ZN9__gnu_cxx13new_allocatorI11AsyncBufferEC2Ev
FNDA:0,_ZN9__gnu_cxx13new_allocatorI11AsyncBufferEC2Ev
FN:83,_ZN9__gnu_cxx13new_allocatorI24napi_property_descriptorEC2ERKS2_
FNDA:0,_ZN9__gnu_cxx13new_allocatorI24napi_property_descriptorEC2ERKS2_
FN:89,_ZN9__gnu_cxx13new_allocatorI24napi_property_descriptorED2Ev
FNDA:0,_ZN9__gnu_cxx13new_allocatorI24napi_property_descriptorED2Ev
FN:89,_ZN9__gnu_cxx13new_allocatorI11AsyncBufferED2Ev
FNDA:0,_ZN9__gnu_cxx13new_allocatorI11AsyncBufferED2Ev
FN:89,_ZN9__gnu_cxx13new_allocatorIcED2Ev
FNDA:0,_ZN9__gnu_cxx13new_allocatorIcED2Ev
FN:89,_ZN9__gnu_cxx13new_allocatorIPNSt8__detail15_Hash_node_baseEED2Ev
FNDA:0,_ZN9__gnu_cxx13new_allocatorIPNSt8__detail15_Hash_node_baseEED2Ev
FN:89,_ZN9__gnu_cxx13new_allocatorIP12napi_value__ED2Ev
FNDA:0,_ZN9__gnu_cxx13new_allocatorIP12napi_value__ED2Ev
FN:102,_ZN9__gnu_cxx13new_allocatorI24napi_property_descriptorE8allocateEmPKv
FNDA:0,_ZN9__gnu_cxx13new_allocatorI24napi_property_descriptorE8allocateEmPKv
FN:102,_ZN9__gnu_cxx13new_allocatorINSt8__detail10_Hash_nodeIPhLb0EEEE8allocateEmPKv
FNDA:0,_ZN9__gnu_cxx13new_allocatorINSt8__detail10_Hash_nodeIPhLb0EEEE8allocateEmPKv
FN:102,_ZN9__gnu_cxx13new_allocatorIPNSt8__detail15_Hash_node_baseEE8allocateEmPKv
FNDA:0,_ZN9__gnu_cxx13new_allocatorIPNSt8__detail15_Hash_node_baseEE8allocateEmPKv
FN:102,_ZN9__gnu_cxx13new_allocatorI11AsyncBufferE8allocateEmPKv
FNDA:0,_ZN9__gnu_cxx13new_allocatorI11AsyncBufferE8allocateEmPKv
FN:119,_ZN9__gnu_cxx13new_allocatorIPNSt8__detail15_Hash_node_baseEE10deallocateEPS3_m
FNDA:0,_ZN9__gnu_cxx13new_allocatorIPNSt8__detail15_Hash_node_baseEE10deallocateEPS3_m
FN:119,_ZN9__gnu_cxx13new_allocatorINSt8__detail10_Hash_nodeIPhLb0EEEE10deallocateEPS4_m
FNDA:0,_ZN9__gnu_cxx13new_allocatorINSt8__detail10_Hash_nodeIPhLb0EEEE10deallocateEPS4_m
FN:119,_ZN9__gnu_cxx13new_allocatorIP12napi_value__E10deallocateEPS2_m
FNDA:0,_ZN9__gnu_cxx13new_allocatorIP12napi_value__E10deallocateEPS2_m
FN:119,_ZN9__gnu_cxx13new_allocatorI11AsyncBufferE10deallocateEPS1_m
FNDA:0,_ZN9__gnu_cxx13new_allocatorI11AsyncBufferE10deallocateEPS1_m
FN:119,_ZN9__gnu_cxx13new_allocatorI24napi_property_descriptorE10deallocateEPS1_m
FNDA:0,_ZN9__gnu_cxx13new_allocatorI24napi_property_descriptorE10deallocateEPS1_m
FN:132,_ZNK9__gnu_cxx13new_allocatorIPNSt8__detail15_Hash_node_baseEE8max_sizeEv
FNDA:0,_ZNK9__gnu_cxx13new_allocatorIPNSt8__detail15_Hash_node_baseEE8max_sizeEv
FN:132,_ZNK9__gnu_cxx13new_allocatorI24napi_property_descriptorE8max_sizeEv
FNDA:0,_ZNK9__gnu_cxx13new_allocatorI24napi_property_descriptorE8max_sizeEv
FN:132,_ZNK9__gnu_cxx13new_allocatorI11AsyncBufferE8max_sizeEv
FNDA:0,_ZNK9__gnu_cxx13new_allocatorI11AsyncBufferE8max_sizeEv
FN:132,_ZNK9__gnu_cxx13new_allocatorINSt8__detail10_Hash_nodeIPhLb0EEEE8max_sizeEv
FNDA:0,_ZNK9__gnu_cxx13new_allocatorINSt8__detail10_Hash_nodeIPhLb0EEEE8max_sizeEv
FN:144,_ZN9__gnu_cxx13new_allocatorINSt8__detail10_Hash_nodeIPhLb0EEEE9constructIS3_JRS3_EEEvPT_DpOT0_
FNDA:0,_ZN9__gnu_cxx13new_allocatorINSt8__detail10_Hash_nodeIPhLb0EEEE9constructIS3_JRS3_EEEvPT_DpOT0_
FN:144,_ZN9__gnu_cxx13new_allocatorI11AsyncBufferE9constructIS1_JS1_EEEvPT_DpOT0_
FNDA:0,_ZN9__gnu_cxx13new_allocatorI11AsyncBufferE9constructIS1_JS1_EEEvPT_DpOT0_
FN:151,_ZN9__gnu_cxx13new_allocatorINSt8__detail10_Hash_nodeIPhLb0EEEE7destroyIS3_EEvPT_
FNDA:0,_ZN9__gnu_cxx13new_allocatorINSt8__detail10_Hash_nodeIPhLb0EEEE7destroyIS3_EEvPT_
FN:151,_ZN9__gnu_cxx13new_allocatorI11AsyncBufferE7destroyIS1_EEvPT_
FNDA:0,_ZN9__gnu_cxx13new_allocatorI11AsyncBufferE7destroyIS1_EEvPT_
DA:80,0
DA:80,0
DA:80,0
DA:80,0
DA:80,0
DA:80,0
DA:83,0
DA:89,0
DA:89,0
DA:89,0
DA:89,0
DA:89,0
DA:102,0
DA:104,0
DA:105,0
DA:114,0
DA:102,0
DA:104,0
DA:105,0
DA:114,0
DA:102,0
DA:104,0
DA:105,0
DA:114,0
DA:102,0
DA:104,0
DA:105,0
DA:114,0
DA:119,0
DA:128,0
DA:129,0
DA:119,0
DA:128,0
DA:129,0
DA:119,0
DA:128,0
DA:129,0
DA:119,0
DA:128,0
DA:129,0
DA:119,0
DA:128,0
DA:129,0
DA:132,0
DA:135,0
DA:132,0
DA:135,0
DA:132,0
DA:135,0
DA:132,0
DA:135,0
DA:144,0
DA:147,0
DA:144,0
DA:147,0
DA:151,0
DA:153,0
DA:151,0
DA:153,0
end_of_record
SF:/home/david/shared-memory-disruptor/node_modules/node-addon-api/napi.h
FN:863,_ZN4Napi10TypedArray30TypedArrayTypeForPrimitiveTypeIhEE20napi_typedarray_typev
FNDA:0,_ZN4Napi10TypedArray30TypedArrayTypeForPrimitiveTypeIhEE20napi_typedarray_typev
FN:1641,_ZN4Napi23ClassPropertyDescriptorI9DisruptorEC2E24napi_property_descriptor
FNDA:0,_ZN4Napi23ClassPropertyDescriptorI9DisruptorEC2E24napi_property_descriptor
FN:1889,_ZN4Napi10ObjectWrapI9DisruptorE10WrapGetterIXadL_ZNS1_19GetPendingSeqCursorERKNS_12CallbackInfoEEEEEPFP12napi_value__P10napi_env__P20napi_callback_info__ENS2_9GetterTagIXT_EEE
FNDA:0,_ZN4Napi10ObjectWrapI9DisruptorE10WrapGetterIXadL_ZNS1_19GetPendingSeqCursorERKNS_12CallbackInfoEEEEEPFP12napi_value__P10napi_env__P20napi_callback_info__ENS2_9GetterTagIXT_EEE
FN:1889,_ZN4Napi10ObjectWrapI9DisruptorE10WrapGetterIXadL_ZNS1_11GetConsumerERKNS_12CallbackInfoEEEEEPFP12napi_value__P10napi_env__P20napi_callback_info__ENS2_9GetterTagIXT_EEE
FNDA:0,_ZN4Napi10ObjectWrapI9DisruptorE10WrapGetterIXadL_ZNS1_11GetConsumerERKNS_12CallbackInfoEEEEEPFP12napi_value__P10napi_env__P20napi_callback_info__ENS2_9GetterTagIXT_EEE
FN:1889,_ZN4Napi10ObjectWrapI9DisruptorE10WrapGetterIXadL_ZNS1_11GetElementsERKNS_12CallbackInfoEEEEEPFP12napi_value__P10napi_env__P20napi_callback_info__ENS2_9GetterTagIXT_EEE
FNDA:0,_ZN4Napi10ObjectWrapI9DisruptorE10WrapGetterIXadL_ZNS1_11GetElementsERKNS_12CallbackInfoEEEEEPFP12napi_value__P10napi_env__P20napi_callback_info__ENS2_9GetterTagIXT_EEE
FN:1889,_ZN4Napi10ObjectWrapI9DisruptorE10WrapGetterIXadL_ZNS1_7GetNextERKNS_12CallbackInfoEEEEEPFP12napi_value__P10napi_env__P20napi_callback_info__ENS2_9GetterTagIXT_EEE
FNDA:0,_ZN4Napi10ObjectWrapI9DisruptorE10WrapGetterIXadL_ZNS1_7GetNextERKNS_12CallbackInfoEEEEEPFP12napi_value__P10napi_env__P20napi_callback_info__ENS2_9GetterTagIXT_EEE
FN:1889,_ZN4Napi10ObjectWrapI9DisruptorE10WrapGetterIXadL_ZNS1_9GetCursorERKNS_12CallbackInfoEEEEEPFP12napi_value__P10napi_env__P20napi_callback_info__ENS2_9GetterTagIXT_EEE
FNDA:0,_ZN4Napi10ObjectWrapI9DisruptorE10WrapGetterIXadL_ZNS1_9GetCursorERKNS_12CallbackInfoEEEEEPFP12napi_value__P10napi_env__P20napi_callback_info__ENS2_9GetterTagIXT_EEE
FN:1889,_ZN4Napi10ObjectWrapI9DisruptorE10WrapGetterIXadL_ZNS1_12GetConsumersERKNS_12CallbackInfoEEEEEPFP12napi_value__P10napi_env__P20napi_callback_info__ENS2_9GetterTagIXT_EEE
FNDA:0,_ZN4Napi10ObjectWrapI9DisruptorE10WrapGetterIXadL_ZNS1_12GetConsumersERKNS_12CallbackInfoEEEEEPFP12napi_value__P10napi_env__P20napi_callback_info__ENS2_9GetterTagIXT_EEE
FN:1889,_ZN4Napi10ObjectWrapI9DisruptorE10WrapGetterIXadL_ZNS1_14GetElementSizeERKNS_12CallbackInfoEEEEEPFP12napi_value__P10napi_env__P20napi_callback_info__ENS2_9GetterTagIXT_EEE
FNDA:0,_ZN4Napi10ObjectWrapI9DisruptorE10WrapGetterIXadL_ZNS1_14GetElementSizeERKNS_12CallbackInfoEEEEEPFP12napi_value__P10napi_env__P20napi_callback_info__ENS2_9GetterTagIXT_EEE
FN:1889,_ZN4Napi10ObjectWrapI9DisruptorE10WrapGetterIXadL_ZNS1_20GetPendingSeqNextEndERKNS_12CallbackInfoEEEEEPFP12napi_value__P10napi_env__P20napi_callback_info__ENS2_9GetterTagIXT_EEE
FNDA:0,_ZN4Napi10ObjectWrapI9DisruptorE10WrapGetterIXadL_ZNS1_20GetPendingSeqNextEndERKNS_12CallbackInfoEEEEEPFP12napi_value__P10napi_env__P20napi_callback_info__ENS2_9GetterTagIXT_EEE
FN:1889,_ZN4Napi10ObjectWrapI9DisruptorE10WrapGetterIXadL_ZNS1_17GetPendingSeqNextERKNS_12CallbackInfoEEEEEPFP12napi_value__P10napi_env__P20napi_callback_info__ENS2_9GetterTagIXT_EEE
FNDA:0,_ZN4Napi10ObjectWrapI9DisruptorE10WrapGetterIXadL_ZNS1_17GetPendingSeqNextERKNS_12CallbackInfoEEEEEPFP12napi_value__P10napi_env__P20napi_callback_info__ENS2_9GetterTagIXT_EEE
FN:1889,_ZN4Napi10ObjectWrapI9DisruptorE10WrapGetterIXadL_ZNS1_21GetPendingSeqConsumerERKNS_12CallbackInfoEEEEEPFP12napi_value__P10napi_env__P20napi_callback_info__ENS2_9GetterTagIXT_EEE
FNDA:0,_ZN4Napi10ObjectWrapI9DisruptorE10WrapGetterIXadL_ZNS1_21GetPendingSeqConsumerERKNS_12CallbackInfoEEEEEPFP12napi_value__P10napi_env__P20napi_callback_info__ENS2_9GetterTagIXT_EEE
FN:1894,_ZN4Napi10ObjectWrapI9DisruptorE10WrapSetterENS2_9SetterTagILMS1_FvRKNS_12CallbackInfoERKNS_5ValueEE0EEE
FNDA:0,_ZN4Napi10ObjectWrapI9DisruptorE10WrapSetterENS2_9SetterTagILMS1_FvRKNS_12CallbackInfoERKNS_5ValueEE0EEE
DA:863,0
DA:876,0
DA:1641,0
DA:1889,0
DA:1889,0
DA:1889,0
DA:1889,0
DA:1889,0
DA:1889,0
DA:1889,0
DA:1889,0
DA:1889,0
DA:1889,0
DA:1894,0
end_of_record
SF:/usr/include/c++/9/bits/stl_construct.h
FN:74,_ZSt10_ConstructI11AsyncBufferJS0_EEvPT_DpOT0_
FNDA:0,_ZSt10_ConstructI11AsyncBufferJS0_EEvPT_DpOT0_
FN:74,_ZSt10_ConstructI11AsyncBufferJEEvPT_DpOT0_
FNDA:0,_ZSt10_ConstructI11AsyncBufferJEEvPT_DpOT0_
FN:117,_ZNSt12_Destroy_auxILb1EE9__destroyIP24napi_property_descriptorEEvT_S4_
FNDA:0,_ZNSt12_Destroy_auxILb1EE9__destroyIP24napi_property_descriptorEEvT_S4_
FN:117,_ZNSt12_Destroy_auxILb1EE9__destroyIP11AsyncBufferEEvT_S4_
FNDA:0,_ZNSt12_Destroy_auxILb1EE9__destroyIP11AsyncBufferEEvT_S4_
FN:117,_ZNSt12_Destroy_auxILb1EE9__destroyIPP12napi_value__EEvT_S5_
FNDA:0,_ZNSt12_Destroy_auxILb1EE9__destroyIPP12napi_value__EEvT_S5_
FN:127,_ZSt8_DestroyIP24napi_property_descriptorEvT_S2_
FNDA:0,_ZSt8_DestroyIP24napi_property_descriptorEvT_S2_
FN:127,_ZSt8_DestroyIP11AsyncBufferEvT_S2_
FNDA:0,_ZSt8_DestroyIP11AsyncBufferEvT_S2_
FN:127,_ZSt8_DestroyIPP12napi_value__EvT_S3_
FNDA:0,_ZSt8_DestroyIPP12napi_value__EvT_S3_
FN:203,_ZSt8_DestroyIP24napi_property_descriptorS0_EvT_S2_RSaIT0_E
FNDA:0,_ZSt8_DestroyIP24napi_property_descriptorS0_EvT_S2_RSaIT0_E
FN:203,_ZSt8_DestroyIP11AsyncBufferS0_EvT_S2_RSaIT0_E
FNDA:0,_ZSt8_DestroyIP11AsyncBufferS0_EvT_S2_RSaIT0_E
FN:203,_ZSt8_DestroyIPP12napi_value__S1_EvT_S3_RSaIT0_E
FNDA:0,_ZSt8_DestroyIPP12napi_value__S1_EvT_S3_RSaIT0_E
DA:74,0
DA:75,0
DA:74,0
DA:75,0
DA:117,0
DA:117,0
DA:117,0
DA:127,0
DA:137,0
DA:138,0
DA:127,0
DA:137,0
DA:138,0
DA:127,0
DA:137,0
DA:138,0
DA:203,0
DA:206,0
DA:207,0
DA:203,0
DA:206,0
DA:207,0
DA:203,0
DA:206,0
DA:207,0
end_of_record
SF:/usr/include/c++/9/bits/std_mutex.h
FN:98,_ZNSt5mutex4lockEv
FNDA:0,_ZNSt5mutex4lockEv
FN:115,_ZNSt5mutex6unlockEv
FNDA:0,_ZNSt5mutex6unlockEv
FN:158,_ZNSt10lock_guardISt5mutexEC2ERS0_
FNDA:0,_ZNSt10lock_guardISt5mutexEC2ERS0_
FN:164,_ZNSt10lock_guardISt5mutexED2Ev
FNDA:0,_ZNSt10lock_guardISt5mutexED2Ev
DA:98,0
DA:100,0
DA:103,0
DA:104,0
DA:105,0
DA:115,0
DA:118,0
DA:119,0
DA:158,0
DA:159,0
DA:164,0
DA:165,0
end_of_record
SF:/usr/include/c++/9/bits/stl_vector.h
FN:94,_ZNSt12_Vector_baseI24napi_property_descriptorSaIS0_EE17_Vector_impl_dataC2Ev
FNDA:0,_ZNSt12_Vector_baseI24napi_property_descriptorSaIS0_EE17_Vector_impl_dataC2Ev
FN:94,_ZNSt12_Vector_baseIP12napi_value__SaIS1_EE17_Vector_impl_dataC2Ev
FNDA:0,_ZNSt12_Vector_baseIP12napi_value__SaIS1_EE17_Vector_impl_dataC2Ev
FN:94,_ZNSt12_Vector_baseI11AsyncBufferSaIS0_EE17_Vector_impl_dataC2Ev
FNDA:0,_ZNSt12_Vector_baseI11AsyncBufferSaIS0_EE17_Vector_impl_dataC2Ev
FN:128,_ZNSt12_Vector_baseIP12napi_value__SaIS1_EE12_Vector_implC2Ev
FNDA:0,_ZNSt12_Vector_baseIP12napi_value__SaIS1_EE12_Vector_implC2Ev
FN:128,_ZNSt12_Vector_baseI11AsyncBufferSaIS0_EE12_Vector_implC2Ev
FNDA:0,_ZNSt12_Vector_baseI11AsyncBufferSaIS0_EE12_Vector_implC2Ev
FN:133,_ZNSt12_Vector_baseI24napi_property_descriptorSaIS0_EE12_Vector_implC2ERKS1_
FNDA:0,_ZNSt12_Vector_baseI24napi_property_descriptorSaIS0_EE12_Vector_implC2ERKS1_
FN:273,_ZNSt12_Vector_baseI11AsyncBufferSaIS0_EE19_M_get_Tp_allocatorEv
FNDA:0,_ZNSt12_Vector_baseI11AsyncBufferSaIS0_EE19_M_get_Tp_allocatorEv
FN:273,_ZNSt12_Vector_baseIP12napi_value__SaIS1_EE19_M_get_Tp_allocatorEv
FNDA:0,_ZNSt12_Vector_baseIP12napi_value__SaIS1_EE19_M_get_Tp_allocatorEv
FN:273,_ZNSt12_Vector_baseI24napi_property_descriptorSaIS0_EE19_M_get_Tp_allocatorEv
FNDA:0,_ZNSt12_Vector_baseI24napi_property_descriptorSaIS0_EE19_M_get_Tp_allocatorEv
FN:277,_ZNKSt12_Vector_baseI11AsyncBufferSaIS0_EE19_M_get_Tp_allocatorEv
FNDA:0,_ZNKSt12_Vector_baseI11AsyncBufferSaIS0_EE19_M_get_Tp_allocatorEv
FN:285,_ZNSt12_Vector_baseIP12napi_value__SaIS1_EEC2Ev
FNDA:0,_ZNSt12_Vector_baseIP12napi_value__SaIS1_EEC2Ev
FN:285,_ZNSt12_Vector_baseI11AsyncBufferSaIS0_EEC2Ev
FNDA:0,_ZNSt12_Vector_baseI11AsyncBufferSaIS0_EEC2Ev
FN:300,_ZNSt12_Vector_baseI24napi_property_descriptorSaIS0_EEC2EmRKS1_
FNDA:0,_ZNSt12_Vector_baseI24napi_property_descriptorSaIS0_EEC2EmRKS1_
FN:330,_ZNSt12_Vector_baseIP12napi_value__SaIS1_EED2Ev
FNDA:0,_ZNSt12_Vector_baseIP12napi_value__SaIS1_EED2Ev
FN:330,_ZNSt12_Vector_baseI11AsyncBufferSaIS0_EED2Ev
FNDA:0,_ZNSt12_Vector_baseI11AsyncBufferSaIS0_EED2Ev
FN:330,_ZNSt12_Vector_baseI24napi_property_descriptorSaIS0_EED2Ev
FNDA:0,_ZNSt12_Vector_baseI24napi_property_descriptorSaIS0_EED2Ev
FN:340,_ZNSt12_Vector_baseI11AsyncBufferSaIS0_EE11_M_allocateEm
FNDA:0,_ZNSt12_Vector_baseI11AsyncBufferSaIS0_EE11_M_allocateEm
FN:340,_ZNSt12_Vector_baseI24napi_property_descriptorSaIS0_EE11_M_allocateEm
FNDA:0,_ZNSt12_Vector_baseI24napi_property_descriptorSaIS0_EE11_M_allocateEm
FN:347,_ZNSt12_Vector_baseIP12napi_value__SaIS1_EE13_M_deallocateEPS1_m
FNDA:0,_ZNSt12_Vector_baseIP12napi_value__SaIS1_EE13_M_deallocateEPS1_m
FN:347,_ZNSt12_Vector_baseI11AsyncBufferSaIS0_EE13_M_deallocateEPS0_m
FNDA:0,_ZNSt12_Vector_baseI11AsyncBufferSaIS0_EE13_M_deallocateEPS0_m
FN:347,_ZNSt12_Vector_baseI24napi_property_descriptorSaIS0_EE13_M_deallocateEPS0_m
FNDA:0,_ZNSt12_Vector_baseI24napi_property_descriptorSaIS0_EE13_M_deallocateEPS0_m
FN:356,_ZNSt12_Vector_baseI24napi_property_descriptorSaIS0_EE17_M_create_storageEm
FNDA:0,_ZNSt12_Vector_baseI24napi_property_descriptorSaIS0_EE17_M_create_storageEm
FN:428,_ZNSt6vectorI11AsyncBufferSaIS0_EE19_S_nothrow_relocateESt17integral_constantIbLb1EE
FNDA:0,_ZNSt6vectorI11AsyncBufferSaIS0_EE19_S_nothrow_relocateESt17integral_constantIbLb1EE
FN:441,_ZNSt6vectorI11AsyncBufferSaIS0_EE15_S_use_relocateEv
FNDA:0,_ZNSt6vectorI11AsyncBufferSaIS0_EE15_S_use_relocateEv
FN:450,_ZNSt6vectorI11AsyncBufferSaIS0_EE14_S_do_relocateEPS0_S3_S3_RS1_St17integral_constantIbLb1EE
FNDA:0,_ZNSt6vectorI11AsyncBufferSaIS0_EE14_S_do_relocateEPS0_S3_S3_RS1_St17integral_constantIbLb1EE
FN:462,_ZNSt6vectorI11AsyncBufferSaIS0_EE11_S_relocateEPS0_S3_S3_RS1_
FNDA:0,_ZNSt6vectorI11AsyncBufferSaIS0_EE11_S_relocateEPS0_S3_S3_RS1_
FN:484,_ZNSt6vectorI11AsyncBufferSaIS0_EEC2Ev
FNDA:0,_ZNSt6vectorI11AsyncBufferSaIS0_EEC2Ev
FN:484,_ZNSt6vectorIP12napi_value__SaIS1_EEC2Ev
FNDA:0,_ZNSt6vectorIP12napi_value__SaIS1_EEC2Ev
FN:507,_ZNSt6vectorI24napi_property_descriptorSaIS0_EEC2EmRKS1_
FNDA:0,_ZNSt6vectorI24napi_property_descriptorSaIS0_EEC2EmRKS1_
FN:675,_ZNSt6vectorI24napi_property_descriptorSaIS0_EED2Ev
FNDA:0,_ZNSt6vectorI24napi_property_descriptorSaIS0_EED2Ev
FN:675,_ZNSt6vectorI11AsyncBufferSaIS0_EED2Ev
FNDA:0,_ZNSt6vectorI11AsyncBufferSaIS0_EED2Ev
FN:675,_ZNSt6vectorIP12napi_value__SaIS1_EED2Ev
FNDA:0,_ZNSt6vectorIP12napi_value__SaIS1_EED2Ev
FN:915,_ZNKSt6vectorI11AsyncBufferSaIS0_EE4sizeEv
FNDA:0,_ZNKSt6vectorI11AsyncBufferSaIS0_EE4sizeEv
FN:915,_ZNKSt6vectorIP12napi_value__SaIS1_EE4sizeEv
FNDA:0,_ZNKSt6vectorIP12napi_value__SaIS1_EE4sizeEv
FN:920,_ZNKSt6vectorI11AsyncBufferSaIS0_EE8max_sizeEv
FNDA:0,_ZNKSt6vectorI11AsyncBufferSaIS0_EE8max_sizeEv
FN:934,_ZNSt6vectorI11AsyncBufferSaIS0_EE6resizeEm
FNDA:0,_ZNSt6vectorI11AsyncBufferSaIS0_EE6resizeEm
FN:1040,_ZNSt6vectorI24napi_property_descriptorSaIS0_EEixEm
FNDA:0,_ZNSt6vectorI24napi_property_descriptorSaIS0_EEixEm
FN:1040,_ZNSt6vectorI11AsyncBufferSaIS0_EEixEm
FNDA:0,_ZNSt6vectorI11AsyncBufferSaIS0_EEixEm
FN:1165,_ZNSt6vectorI24napi_property_descriptorSaIS0_EE4dataEv
FNDA:0,_ZNSt6vectorI24napi_property_descriptorSaIS0_EE4dataEv
FN:1169,_ZNKSt6vectorIP12napi_value__SaIS1_EE4dataEv
FNDA:0,_ZNKSt6vectorIP12napi_value__SaIS1_EE4dataEv
FN:1600,_ZNSt6vectorI24napi_property_descriptorSaIS0_EE21_M_default_initializeEm
FNDA:0,_ZNSt6vectorI24napi_property_descriptorSaIS0_EE21_M_default_initializeEm
FN:1753,_ZNKSt6vectorI11AsyncBufferSaIS0_EE12_M_check_lenEmPKc
FNDA:0,_ZNKSt6vectorI11AsyncBufferSaIS0_EE12_M_check_lenEmPKc
FN:1764,_ZNSt6vectorI24napi_property_descriptorSaIS0_EE17_S_check_init_lenEmRKS1_
FNDA:0,_ZNSt6vectorI24napi_property_descriptorSaIS0_EE17_S_check_init_lenEmRKS1_
FN:1773,_ZNSt6vectorI11AsyncBufferSaIS0_EE11_S_max_sizeERKS1_
FNDA:0,_ZNSt6vectorI11AsyncBufferSaIS0_EE11_S_max_sizeERKS1_
FN:1773,_ZNSt6vectorI24napi_property_descriptorSaIS0_EE11_S_max_sizeERKS1_
FNDA:0,_ZNSt6vectorI24napi_property_descriptorSaIS0_EE11_S_max_sizeERKS1_
FN:1789,_ZNSt6vectorI11AsyncBufferSaIS0_EE15_M_erase_at_endEPS0_
FNDA:0,_ZNSt6vectorI11AsyncBufferSaIS0_EE15_M_erase_at_endEPS0_
FN:1840,_ZNKSt6vectorIP12napi_value__SaIS1_EE11_M_data_ptrIS1_EEPT_S6_
FNDA:0,_ZNKSt6vectorIP12napi_value__SaIS1_EE11_M_data_ptrIS1_EEPT_S6_
FN:1840,_ZNKSt6vectorI24napi_property_descriptorSaIS0_EE11_M_data_ptrIS0_EEPT_S5_
FNDA:0,_ZNKSt6vectorI24napi_property_descriptorSaIS0_EE11_M_data_ptrIS0_EEPT_S5_
DA:94,0
DA:95,0
DA:96,0
DA:94,0
DA:95,0
DA:96,0
DA:94,0
DA:95,0
DA:96,0
DA:128,0
DA:130,0
DA:131,0
DA:128,0
DA:130,0
DA:131,0
DA:133,0
DA:134,0
DA:135,0
DA:273,0
DA:274,0
DA:273,0
DA:274,0
DA:273,0
DA:274,0
DA:277,0
DA:278,0
DA:285,0
DA:285,0
DA:300,0
DA:301,0
DA:302,0
DA:330,0
DA:332,0
DA:333,0
DA:334,0
DA:330,0
DA:332,0
DA:333,0
DA:334,0
DA:330,0
DA:332,0
DA:333,0
DA:334,0
DA:340,0
DA:343,0
DA:340,0
DA:343,0
DA:347,0
DA:350,0
DA:351,0
DA:352,0
DA:347,0
DA:350,0
DA:351,0
DA:352,0
DA:347,0
DA:350,0
DA:351,0
DA:352,0
DA:356,0
DA:358,0
DA:359,0
DA:360,0
DA:361,0
DA:428,0
DA:433,0
DA:441,0
DA:446,0
DA:450,0
DA:453,0
DA:462,0
DA:466,0
DA:484,0
DA:484,0
DA:507,0
DA:508,0
DA:509,0
DA:675,0
DA:677,0
DA:678,0
DA:680,0
DA:675,0
DA:677,0
DA:678,0
DA:680,0
DA:675,0
DA:677,0
DA:678,0
DA:680,0
DA:915,0
DA:916,0
DA:915,0
DA:916,0
DA:920,0
DA:921,0
DA:934,0
DA:936,0
DA:937,0
DA:938,0
DA:939,0
DA:940,0
DA:1040,0
DA:1043,0
DA:1040,0
DA:1043,0
DA:1165,0
DA:1166,0
DA:1169,0
DA:1170,0
DA:1600,0
DA:1602,0
DA:1603,0
DA:1604,0
DA:1605,0
DA:1753,0
DA:1755,0
DA:1756,0
DA:1758,0
DA:1759,0
DA:1764,0
DA:1766,0
DA:1767,0
DA:1769,0
DA:1773,0
DA:1778,0
DA:1780,0
DA:1781,0
DA:1773,0
DA:1778,0
DA:1780,0
DA:1781,0
DA:1789,0
DA:1791,0
DA:1793,0
DA:1794,0
DA:1795,0
DA:1798,0
DA:1840,0
DA:1841,0
DA:1840,0
DA:1841,0
end_of_record
SF:/home/david/shared-memory-disruptor/node_modules/node-addon-api/napi-inl.h
FN:27,_ZN4Napi7detailsL10AttachDataINS_10ObjectWrapI9DisruptorE18MethodCallbackDataIMS3_FNS_5ValueERKNS_12CallbackInfoEEEEEE11napi_statusP10napi_env__P12napi_value__PT_PFvSF_PvSK_ESK_
FNDA:0,_ZN4Napi7detailsL10AttachDataINS_10ObjectWrapI9DisruptorE18MethodCallbackDataIMS3_FNS_5ValueERKNS_12CallbackInfoEEEEEE11napi_statusP10napi_env__P12napi_value__PT_PFvSF_PvSK_ESK_
FN:27,_ZN4Napi7detailsL10AttachDataINS_10ObjectWrapI9DisruptorE18MethodCallbackDataIMS3_FvRKNS_12CallbackInfoEEEEEE11napi_statusP10napi_env__P12napi_value__PT_PFvSE_PvSJ_ESJ_
FNDA:0,_ZN4Napi7detailsL10AttachDataINS_10ObjectWrapI9DisruptorE18MethodCallbackDataIMS3_FvRKNS_12CallbackInfoEEEEEE11napi_statusP10napi_env__P12napi_value__PT_PFvSE_PvSJ_ESJ_
FN:27,_ZN4Napi7detailsL10AttachDataINS_10ObjectWrapI9DisruptorE20AccessorCallbackDataIMS3_FNS_5ValueERKNS_12CallbackInfoEEMS3_FvS9_RKS6_EEEEE11napi_statusP10napi_env__P12napi_value__PT_PFvSJ_PvSO_ESO_
FNDA:0,_ZN4Napi7detailsL10AttachDataINS_10ObjectWrapI9DisruptorE20AccessorCallbackDataIMS3_FNS_5ValueERKNS_12CallbackInfoEEMS3_FvS9_RKS6_EEEEE11napi_statusP10napi_env__P12napi_value__PT_PFvSJ_PvSO_ESO_
FN:27,_ZN4Napi7detailsL10AttachDataINS_10ObjectWrapI9DisruptorE20AccessorCallbackDataIPFNS_5ValueERKNS_12CallbackInfoEEPFvS9_RKS6_EEEEE11napi_statusP10napi_env__P12napi_value__PT_PFvSJ_PvSO_ESO_
FNDA:0,_ZN4Napi7detailsL10AttachDataINS_10ObjectWrapI9DisruptorE20AccessorCallbackDataIPFNS_5ValueERKNS_12CallbackInfoEEPFvS9_RKS6_EEEEE11napi_statusP10napi_env__P12napi_value__PT_PFvSJ_PvSO_ESO_
FN:27,_ZN4Napi7detailsL10AttachDataINS_10ObjectWrapI9DisruptorE18MethodCallbackDataIPFvRKNS_12CallbackInfoEEEEEE11napi_statusP10napi_env__P12napi_value__PT_PFvSE_PvSJ_ESJ_
FNDA:0,_ZN4Napi7detailsL10AttachDataINS_10ObjectWrapI9DisruptorE18MethodCallbackDataIPFvRKNS_12CallbackInfoEEEEEE11napi_statusP10napi_env__P12napi_value__PT_PFvSE_PvSJ_ESJ_
FN:27,_ZN4Napi7detailsL10AttachDataINS_10ObjectWrapI9DisruptorE18MethodCallbackDataIPFNS_5ValueERKNS_12CallbackInfoEEEEEE11napi_statusP10napi_env__P12napi_value__PT_PFvSF_PvSK_ESK_
FNDA:0,_ZN4Napi7detailsL10AttachDataINS_10ObjectWrapI9DisruptorE18MethodCallbackDataIPFNS_5ValueERKNS_12CallbackInfoEEEEEE11napi_statusP10napi_env__P12napi_value__PT_PFvSF_PvSK_ESK_
FN:34,_ZZN4Napi7detailsL10AttachDataINS_10ObjectWrapI9DisruptorE20AccessorCallbackDataIPFNS_5ValueERKNS_12CallbackInfoEEPFvS9_RKS6_EEEEE11napi_statusP10napi_env__P12napi_value__PT_PFvSJ_PvSO_ESO_ENKUlSJ_SO_SO_E_clESJ_SO_SO_
FNDA:0,_ZZN4Napi7detailsL10AttachDataINS_10ObjectWrapI9DisruptorE20AccessorCallbackDataIPFNS_5ValueERKNS_12CallbackInfoEEPFvS9_RKS6_EEEEE11napi_statusP10napi_env__P12napi_value__PT_PFvSJ_PvSO_ESO_ENKUlSJ_SO_SO_E_clESJ_SO_SO_
FN:34,_ZZN4Napi7detailsL10AttachDataINS_10ObjectWrapI9DisruptorE18MethodCallbackDataIMS3_FNS_5ValueERKNS_12CallbackInfoEEEEEE11napi_statusP10napi_env__P12napi_value__PT_PFvSF_PvSK_ESK_ENKUlSF_SK_SK_E_clESF_SK_SK_
FNDA:0,_ZZN4Napi7detailsL10AttachDataINS_10ObjectWrapI9DisruptorE18MethodCallbackDataIMS3_FNS_5ValueERKNS_12CallbackInfoEEEEEE11napi_statusP10napi_env__P12napi_value__PT_PFvSF_PvSK_ESK_ENKUlSF_SK_SK_E_clESF_SK_SK_
FN:34,_ZZN4Napi7detailsL10AttachDataINS_10ObjectWrapI9DisruptorE18MethodCallbackDataIMS3_FvRKNS_12CallbackInfoEEEEEE11napi_statusP10napi_env__P12napi_value__PT_PFvSE_PvSJ_ESJ_ENKUlSE_SJ_SJ_E_clESE_SJ_SJ_
FNDA:0,_ZZN4Napi7detailsL10AttachDataINS_10ObjectWrapI9DisruptorE18MethodCallbackDataIMS3_FvRKNS_12CallbackInfoEEEEEE11napi_statusP10napi_env__P12napi_value__PT_PFvSE_PvSJ_ESJ_ENKUlSE_SJ_SJ_E_clESE_SJ_SJ_
FN:34,_ZZN4Napi7detailsL10AttachDataINS_10ObjectWrapI9DisruptorE20AccessorCallbackDataIMS3_FNS_5ValueERKNS_12CallbackInfoEEMS3_FvS9_RKS6_EEEEE11napi_statusP10napi_env__P12napi_value__PT_PFvSJ_PvSO_ESO_ENKUlSJ_SO_SO_E_clESJ_SO_SO_
FNDA:0,_ZZN4Napi7detailsL10AttachDataINS_10ObjectWrapI9DisruptorE20AccessorCallbackDataIMS3_FNS_5ValueERKNS_12CallbackInfoEEMS3_FvS9_RKS6_EEEEE11napi_statusP10napi_env__P12napi_value__PT_PFvSJ_PvSO_ESO_ENKUlSJ_SO_SO_E_clESJ_SO_SO_
FN:34,_ZZN4Napi7detailsL10AttachDataINS_10ObjectWrapI9DisruptorE18MethodCallbackDataIPFNS_5ValueERKNS_12CallbackInfoEEEEEE11napi_statusP10napi_env__P12napi_value__PT_PFvSF_PvSK_ESK_ENKUlSF_SK_SK_E_clESF_SK_SK_
FNDA:0,_ZZN4Napi7detailsL10AttachDataINS_10ObjectWrapI9DisruptorE18MethodCallbackDataIPFNS_5ValueERKNS_12CallbackInfoEEEEEE11napi_statusP10napi_env__P12napi_value__PT_PFvSF_PvSK_ESK_ENKUlSF_SK_SK_E_clESF_SK_SK_
FN:34,_ZZN4Napi7detailsL10AttachDataINS_10ObjectWrapI9DisruptorE18MethodCallbackDataIPFvRKNS_12CallbackInfoEEEEEE11napi_statusP10napi_env__P12napi_value__PT_PFvSE_PvSJ_ESJ_ENKUlSE_SJ_SJ_E_clESE_SJ_SJ_
FNDA:0,_ZZN4Napi7detailsL10AttachDataINS_10ObjectWrapI9DisruptorE18MethodCallbackDataIPFvRKNS_12CallbackInfoEEEEEE11napi_statusP10napi_env__P12napi_value__PT_PFvSE_PvSJ_ESJ_ENKUlSE_SJ_SJ_E_clESE_SJ_SJ_
FN:70,_ZN4Napi7details12WrapCallbackIZNS_10ObjectWrapI9DisruptorE13WrappedMethodIXadL_ZNS3_21ProduceClaimManyAsyncERKNS_12CallbackInfoEEEEEP12napi_value__P10napi_env__P20napi_callback_info__EUlvE_EESA_T_
FNDA:0,_ZN4Napi7details12WrapCallbackIZNS_10ObjectWrapI9DisruptorE13WrappedMethodIXadL_ZNS3_21ProduceClaimManyAsyncERKNS_12CallbackInfoEEEEEP12napi_value__P10napi_env__P20napi_callback_info__EUlvE_EESA_T_
FN:70,_ZN4Napi7details12WrapCallbackIZNS_10ObjectWrapI9DisruptorE13WrappedMethodIXadL_ZNS3_14ProduceRecoverERKNS_12CallbackInfoEEEEEP12napi_value__P10napi_env__P20napi_callback_info__EUlvE_EESA_T_
FNDA:0,_ZN4Napi7details12WrapCallbackIZNS_10ObjectWrapI9DisruptorE13WrappedMethodIXadL_ZNS3_14ProduceRecoverERKNS_12CallbackInfoEEEEEP12napi_value__P10napi_env__P20napi_callback_info__EUlvE_EESA_T_
FN:70,_ZN4Napi7details12WrapCallbackIZNS_10ObjectWrapI9DisruptorE13WrappedMethodIXadL_ZNS3_17ProduceClaimAsyncERKNS_12CallbackInfoEEEEEP12napi_value__P10napi_env__P20napi_callback_info__EUlvE_EESA_T_
FNDA:0,_ZN4Napi7details12WrapCallbackIZNS_10ObjectWrapI9DisruptorE13WrappedMethodIXadL_ZNS3_17ProduceClaimAsyncERKNS_12CallbackInfoEEEEEP12napi_value__P10napi_env__P20napi_callback_info__EUlvE_EESA_T_
FN:70,_ZN4Napi7details12WrapCallbackIZZNS_8Function3NewIXadL_Z12NullCallbackRKNS_12CallbackInfoEEEEES2_P10napi_env__PKcPvENKUlS8_P20napi_callback_info__E_clES8_SD_EUlvE_EEP12napi_value__T_
FNDA:0,_ZN4Napi7details12WrapCallbackIZZNS_8Function3NewIXadL_Z12NullCallbackRKNS_12CallbackInfoEEEEES2_P10napi_env__PKcPvENKUlS8_P20napi_callback_info__E_clES8_SD_EUlvE_EEP12napi_value__T_
FN:70,_ZN4Napi7details12WrapCallbackIZNS_10ObjectWrapI9DisruptorE13WrappedMethodIXadL_ZNS3_15ConsumeNewAsyncERKNS_12CallbackInfoEEEEEP12napi_value__P10napi_env__P20napi_callback_info__EUlvE_EESA_T_
FNDA:0,_ZN4Napi7details12WrapCallbackIZNS_10ObjectWrapI9DisruptorE13WrappedMethodIXadL_ZNS3_15ConsumeNewAsyncERKNS_12CallbackInfoEEEEEP12napi_value__P10napi_env__P20napi_callback_info__EUlvE_EESA_T_
FN:70,_ZN4Napi7details12WrapCallbackIZNS_10ObjectWrapI9DisruptorE13WrappedMethodIXadL_ZNS3_7ReleaseERKNS_12CallbackInfoEEEEEP12napi_value__P10napi_env__P20napi_callback_info__EUlvE_EESA_T_
FNDA:0,_ZN4Napi7details12WrapCallbackIZNS_10ObjectWrapI9DisruptorE13WrappedMethodIXadL_ZNS3_7ReleaseERKNS_12CallbackInfoEEEEEP12napi_value__P10napi_env__P20napi_callback_info__EUlvE_EESA_T_
FN:70,_ZN4Napi7details12WrapCallbackIZNS_10ObjectWrapI9DisruptorE13WrappedMethodIXadL_ZNS3_12ProduceClaimERKNS_12CallbackInfoEEEEEP12napi_value__P10napi_env__P20napi_callback_info__EUlvE_EESA_T_
FNDA:0,_ZN4Napi7details12WrapCallbackIZNS_10ObjectWrapI9DisruptorE13WrappedMethodIXadL_ZNS3_12ProduceClaimERKNS_12CallbackInfoEEEEEP12napi_value__P10napi_env__P20napi_callback_info__EUlvE_EESA_T_
FN:70,_ZN4Napi7details12WrapCallbackIZNS_10ObjectWrapI9DisruptorE13WrappedMethodIXadL_ZNS3_13ConsumeCommitERKNS_12CallbackInfoEEEEEP12napi_value__P10napi_env__P20napi_callback_info__EUlvE_EESA_T_
FNDA:0,_ZN4Napi7details12WrapCallbackIZNS_10ObjectWrapI9DisruptorE13WrappedMethodIXadL_ZNS3_13ConsumeCommitERKNS_12CallbackInfoEEEEEP12napi_value__P10napi_env__P20napi_callback_info__EUlvE_EESA_T_
FN:70,_ZN4Napi7details12WrapCallbackIZNS_10ObjectWrapI9DisruptorE13WrappedMethodIXadL_ZNS3_14ConsumeNewSyncERKNS_12CallbackInfoEEEEEP12napi_value__P10napi_env__P20napi_callback_info__EUlvE_EESA_T_
FNDA:0,_ZN4Napi7details12WrapCallbackIZNS_10ObjectWrapI9DisruptorE13WrappedMethodIXadL_ZNS3_14ConsumeNewSyncERKNS_12CallbackInfoEEEEEP12napi_value__P10napi_env__P20napi_callback_info__EUlvE_EESA_T_
FN:70,_ZN4Napi7details12WrapCallbackIZNS_10ObjectWrapI9DisruptorE13WrappedMethodIXadL_ZNS3_16ProduceClaimSyncERKNS_12CallbackInfoEEEEEP12napi_value__P10napi_env__P20napi_callback_info__EUlvE_EESA_T_
FNDA:0,_ZN4Napi7details12WrapCallbackIZNS_10ObjectWrapI9DisruptorE13WrappedMethodIXadL_ZNS3_16ProduceClaimSyncERKNS_12CallbackInfoEEEEEP12napi_value__P10napi_env__P20napi_callback_info__EUlvE_EESA_T_
FN:70,_ZN4Napi7details12WrapCallbackIZNS_10ObjectWrapI9DisruptorE13WrappedMethodIXadL_ZNS3_16ProduceClaimManyERKNS_12CallbackInfoEEEEEP12napi_value__P10napi_env__P20napi_callback_info__EUlvE_EESA_T_
FNDA:0,_ZN4Napi7details12WrapCallbackIZNS_10ObjectWrapI9DisruptorE13WrappedMethodIXadL_ZNS3_16ProduceClaimManyERKNS_12CallbackInfoEEEEEP12napi_value__P10napi_env__P20napi_callback_info__EUlvE_EESA_T_
FN:70,_ZN4Napi7details12WrapCallbackIZNS_10ObjectWrapI9DisruptorE13WrappedMethodIXadL_ZNS3_20ProduceClaimManySyncERKNS_12CallbackInfoEEEEEP12napi_value__P10napi_env__P20napi_callback_info__EUlvE_EESA_T_
FNDA:0,_ZN4Napi7details12WrapCallbackIZNS_10ObjectWrapI9DisruptorE13WrappedMethodIXadL_ZNS3_20ProduceClaimManySyncERKNS_12CallbackInfoEEEEEP12napi_value__P10napi_env__P20napi_callback_info__EUlvE_EESA_T_
FN:70,_ZN4Napi7details12WrapCallbackIZNS_10ObjectWrapI9DisruptorE13WrappedMethodIXadL_ZNS3_13ProduceCommitERKNS_12CallbackInfoEEEEEP12napi_value__P10napi_env__P20napi_callback_info__EUlvE_EESA_T_
FNDA:0,_ZN4Napi7details12WrapCallbackIZNS_10ObjectWrapI9DisruptorE13WrappedMethodIXadL_ZNS3_13ProduceCommitERKNS_12CallbackInfoEEEEEP12napi_value__P10napi_env__P20napi_callback_info__EUlvE_EESA_T_
FN:70,_ZN4Napi7details12WrapCallbackIZNS_10ObjectWrapI9DisruptorE13WrappedMethodIXadL_ZNS3_10ConsumeNewERKNS_12CallbackInfoEEEEEP12napi_value__P10napi_env__P20napi_callback_info__EUlvE_EESA_T_
FNDA:0,_ZN4Napi7details12WrapCallbackIZNS_10ObjectWrapI9DisruptorE13WrappedMethodIXadL_ZNS3_10ConsumeNewERKNS_12CallbackInfoEEEEEP12napi_value__P10napi_env__P20napi_callback_info__EUlvE_EESA_T_
FN:70,_ZN4Napi7details12WrapCallbackIZNS_10ObjectWrapI9DisruptorE13WrappedMethodIXadL_ZNS3_18ProduceCommitAsyncERKNS_12CallbackInfoEEEEEP12napi_value__P10napi_env__P20napi_callback_info__EUlvE_EESA_T_
FNDA:0,_ZN4Napi7details12WrapCallbackIZNS_10ObjectWrapI9DisruptorE13WrappedMethodIXadL_ZNS3_18ProduceCommitAsyncERKNS_12CallbackInfoEEEEEP12napi_value__P10napi_env__P20napi_callback_info__EUlvE_EESA_T_
FN:70,_ZN4Napi7details12WrapCallbackIZNS_10ObjectWrapI9DisruptorE13WrappedMethodIXadL_ZNS3_17ProduceCommitSyncERKNS_12CallbackInfoEEEEEP12napi_value__P10napi_env__P20napi_callback_info__EUlvE_EESA_T_
FNDA:0,_ZN4Napi7details12WrapCallbackIZNS_10ObjectWrapI9DisruptorE13WrappedMethodIXadL_ZNS3_17ProduceCommitSyncERKNS_12CallbackInfoEEEEEP12napi_value__P10napi_env__P20napi_callback_info__EUlvE_EESA_T_
FN:70,_ZN4Napi7details12WrapCallbackIZNS_14RegisterModuleEP10napi_env__P12napi_value__PFNS_6ObjectENS_3EnvES6_EEUlvE_EES5_T_
FNDA:0,_ZN4Napi7details12WrapCallbackIZNS_14RegisterModuleEP10napi_env__P12napi_value__PFNS_6ObjectENS_3EnvES6_EEUlvE_EES5_T_
FN:70,_ZN4Napi7details12WrapCallbackIZNS_10ObjectWrapI9DisruptorE29InstanceMethodCallbackWrapperEP10napi_env__P20napi_callback_info__EUlvE_EEP12napi_value__T_
FNDA:0,_ZN4Napi7details12WrapCallbackIZNS_10ObjectWrapI9DisruptorE29InstanceMethodCallbackWrapperEP10napi_env__P20napi_callback_info__EUlvE_EEP12napi_value__T_
FN:70,_ZN4Napi7details12WrapCallbackIZNS_10ObjectWrapI9DisruptorE33InstanceVoidMethodCallbackWrapperEP10napi_env__P20napi_callback_info__EUlvE_EEP12napi_value__T_
FNDA:0,_ZN4Napi7details12WrapCallbackIZNS_10ObjectWrapI9DisruptorE33InstanceVoidMethodCallbackWrapperEP10napi_env__P20napi_callback_info__EUlvE_EEP12napi_value__T_
FN:70,_ZN4Napi7details12WrapCallbackIZNS_10ObjectWrapI9DisruptorE29InstanceSetterCallbackWrapperEP10napi_env__P20napi_callback_info__EUlvE_EEP12napi_value__T_
FNDA:0,_ZN4Napi7details12WrapCallbackIZNS_10ObjectWrapI9DisruptorE29InstanceSetterCallbackWrapperEP10napi_env__P20napi_callback_info__EUlvE_EEP12napi_value__T_
FN:70,_ZN4Napi7details12WrapCallbackIZNS_10ObjectWrapI9DisruptorE29InstanceGetterCallbackWrapperEP10napi_env__P20napi_callback_info__EUlvE_EEP12napi_value__T_
FNDA:0,_ZN4Napi7details12WrapCallbackIZNS_10ObjectWrapI9DisruptorE29InstanceGetterCallbackWrapperEP10napi_env__P20napi_callback_info__EUlvE_EEP12napi_value__T_
FN:70,_ZN4Napi7details12WrapCallbackIZNS_10ObjectWrapI9DisruptorE27StaticSetterCallbackWrapperEP10napi_env__P20napi_callback_info__EUlvE_EEP12napi_value__T_
FNDA:0,_ZN4Napi7details12WrapCallbackIZNS_10ObjectWrapI9DisruptorE27StaticSetterCallbackWrapperEP10napi_env__P20napi_callback_info__EUlvE_EEP12napi_value__T_
FN:70,_ZN4Napi7details12WrapCallbackIZNS_10ObjectWrapI9DisruptorE27StaticGetterCallbackWrapperEP10napi_env__P20napi_callback_info__EUlvE_EEP12napi_value__T_
FNDA:0,_ZN4Napi7details12WrapCallbackIZNS_10ObjectWrapI9DisruptorE27StaticGetterCallbackWrapperEP10napi_env__P20napi_callback_info__EUlvE_EEP12napi_value__T_
FN:70,_ZN4Napi7details12WrapCallbackIZNS_10ObjectWrapI9DisruptorE26ConstructorCallbackWrapperEP10napi_env__P20napi_callback_info__EUlvE_EEP12napi_value__T_
FNDA:0,_ZN4Napi7details12WrapCallbackIZNS_10ObjectWrapI9DisruptorE26ConstructorCallbackWrapperEP10napi_env__P20napi_callback_info__EUlvE_EEP12napi_value__T_
FN:70,_ZN4Napi7details12WrapCallbackIZNS_10ObjectWrapI9DisruptorE31StaticVoidMethodCallbackWrapperEP10napi_env__P20napi_callback_info__EUlvE_EEP12napi_value__T_
FNDA:0,_ZN4Napi7details12WrapCallbackIZNS_10ObjectWrapI9DisruptorE31StaticVoidMethodCallbackWrapperEP10napi_env__P20napi_callback_info__EUlvE_EEP12napi_value__T_
FN:70,_ZN4Napi7details12WrapCallbackIZNS_10ObjectWrapI9DisruptorE27StaticMethodCallbackWrapperEP10napi_env__P20napi_callback_info__EUlvE_EEP12napi_value__T_
FNDA:0,_ZN4Napi7details12WrapCallbackIZNS_10ObjectWrapI9DisruptorE27StaticMethodCallbackWrapperEP10napi_env__P20napi_callback_info__EUlvE_EEP12napi_value__T_
FN:70,_ZN4Napi7details12WrapCallbackIZNS_10ObjectWrapI9DisruptorE13WrappedMethodIXadL_ZNS3_19GetPendingSeqCursorERKNS_12CallbackInfoEEEEEP12napi_value__P10napi_env__P20napi_callback_info__EUlvE_EESA_T_
FNDA:0,_ZN4Napi7details12WrapCallbackIZNS_10ObjectWrapI9DisruptorE13WrappedMethodIXadL_ZNS3_19GetPendingSeqCursorERKNS_12CallbackInfoEEEEEP12napi_value__P10napi_env__P20napi_callback_info__EUlvE_EESA_T_
FN:70,_ZN4Napi7details12WrapCallbackIZNS_10ObjectWrapI9DisruptorE13WrappedMethodIXadL_ZNS3_11GetConsumerERKNS_12CallbackInfoEEEEEP12napi_value__P10napi_env__P20napi_callback_info__EUlvE_EESA_T_
FNDA:0,_ZN4Napi7details12WrapCallbackIZNS_10ObjectWrapI9DisruptorE13WrappedMethodIXadL_ZNS3_11GetConsumerERKNS_12CallbackInfoEEEEEP12napi_value__P10napi_env__P20napi_callback_info__EUlvE_EESA_T_
FN:70,_ZN4Napi7details12WrapCallbackIZNS_10ObjectWrapI9DisruptorE13WrappedMethodIXadL_ZNS3_11GetElementsERKNS_12CallbackInfoEEEEEP12napi_value__P10napi_env__P20napi_callback_info__EUlvE_EESA_T_
FNDA:0,_ZN4Napi7details12WrapCallbackIZNS_10ObjectWrapI9DisruptorE13WrappedMethodIXadL_ZNS3_11GetElementsERKNS_12CallbackInfoEEEEEP12napi_value__P10napi_env__P20napi_callback_info__EUlvE_EESA_T_
FN:70,_ZN4Napi7details12WrapCallbackIZNS_10ObjectWrapI9DisruptorE13WrappedMethodIXadL_ZNS3_7GetNextERKNS_12CallbackInfoEEEEEP12napi_value__P10napi_env__P20napi_callback_info__EUlvE_EESA_T_
FNDA:0,_ZN4Napi7details12WrapCallbackIZNS_10ObjectWrapI9DisruptorE13WrappedMethodIXadL_ZNS3_7GetNextERKNS_12CallbackInfoEEEEEP12napi_value__P10napi_env__P20napi_callback_info__EUlvE_EESA_T_
FN:70,_ZN4Napi7details12WrapCallbackIZNS_10ObjectWrapI9DisruptorE13WrappedMethodIXadL_ZNS3_9GetCursorERKNS_12CallbackInfoEEEEEP12napi_value__P10napi_env__P20napi_callback_info__EUlvE_EESA_T_
FNDA:0,_ZN4Napi7details12WrapCallbackIZNS_10ObjectWrapI9DisruptorE13WrappedMethodIXadL_ZNS3_9GetCursorERKNS_12CallbackInfoEEEEEP12napi_value__P10napi_env__P20napi_callback_info__EUlvE_EESA_T_
FN:70,_ZN4Napi7details12WrapCallbackIZNS_10ObjectWrapI9DisruptorE13WrappedMethodIXadL_ZNS3_12GetConsumersERKNS_12CallbackInfoEEEEEP12napi_value__P10napi_env__P20napi_callback_info__EUlvE_EESA_T_
FNDA:0,_ZN4Napi7details12WrapCallbackIZNS_10ObjectWrapI9DisruptorE13WrappedMethodIXadL_ZNS3_12GetConsumersERKNS_12CallbackInfoEEEEEP12napi_value__P10napi_env__P20napi_callback_info__EUlvE_EESA_T_
FN:70,_ZN4Napi7details12WrapCallbackIZNS_10ObjectWrapI9DisruptorE13WrappedMethodIXadL_ZNS3_14GetElementSizeERKNS_12CallbackInfoEEEEEP12napi_value__P10napi_env__P20napi_callback_info__EUlvE_EESA_T_
FNDA:0,_ZN4Napi7details12WrapCallbackIZNS_10ObjectWrapI9DisruptorE13WrappedMethodIXadL_ZNS3_14GetElementSizeERKNS_12CallbackInfoEEEEEP12napi_value__P10napi_env__P20napi_callback_info__EUlvE_EESA_T_
FN:70,_ZN4Napi7details12WrapCallbackIZNS_10ObjectWrapI9DisruptorE13WrappedMethodIXadL_ZNS3_20GetPendingSeqNextEndERKNS_12CallbackInfoEEEEEP12napi_value__P10napi_env__P20napi_callback_info__EUlvE_EESA_T_
FNDA:0,_ZN4Napi7details12WrapCallbackIZNS_10ObjectWrapI9DisruptorE13WrappedMethodIXadL_ZNS3_20GetPendingSeqNextEndERKNS_12CallbackInfoEEEEEP12napi_value__P10napi_env__P20napi_callback_info__EUlvE_EESA_T_
FN:70,_ZN4Napi7details12WrapCallbackIZNS_10ObjectWrapI9DisruptorE13WrappedMethodIXadL_ZNS3_17GetPendingSeqNextERKNS_12CallbackInfoEEEEEP12napi_value__P10napi_env__P20napi_callback_info__EUlvE_EESA_T_
FNDA:0,_ZN4Napi7details12WrapCallbackIZNS_10ObjectWrapI9DisruptorE13WrappedMethodIXadL_ZNS3_17GetPendingSeqNextERKNS_12CallbackInfoEEEEEP12napi_value__P10napi_env__P20napi_callback_info__EUlvE_EESA_T_
FN:70,_ZN4Napi7details12WrapCallbackIZNS_10ObjectWrapI9DisruptorE13WrappedMethodIXadL_ZNS3_21GetPendingSeqConsumerERKNS_12CallbackInfoEEEEEP12napi_value__P10napi_env__P20napi_callback_info__EUlvE_EESA_T_
FNDA:0,_ZN4Napi7details12WrapCallbackIZNS_10ObjectWrapI9DisruptorE13WrappedMethodIXadL_ZNS3_21GetPendingSeqConsumerERKNS_12CallbackInfoEEEEEP12napi_value__P10napi_env__P20napi_callback_info__EUlvE_EESA_T_
FN:70,_ZN4Napi7details12WrapCallbackIZNS_11AsyncWorker14OnWorkCompleteENS_3EnvE11napi_statusEUlvE_EEP12napi_value__T_
FNDA:0,_ZN4Napi7details12WrapCallbackIZNS_11AsyncWorker14OnWorkCompleteENS_3EnvE11napi_statusEUlvE_EEP12napi_value__T_
FN:123,_ZN4Napi7details12FinalizeDataIhZN9DisruptorC4ERKNS_12CallbackInfoEEUlNS_3EnvEPhE_vE7WrapperEP10napi_env__PvSC_
FNDA:0,_ZN4Napi7details12FinalizeDataIhZN9DisruptorC4ERKNS_12CallbackInfoEEUlNS_3EnvEPhE_vE7WrapperEP10napi_env__PvSC_
FN:251,_ZN4Napi14RegisterModuleEP10napi_env__P12napi_value__PFNS_6ObjectENS_3EnvES4_E
FNDA:0,_ZN4Napi14RegisterModuleEP10napi_env__P12napi_value__PFNS_6ObjectENS_3EnvES4_E
FN:254,_ZZN4Napi14RegisterModuleEP10napi_env__P12napi_value__PFNS_6ObjectENS_3EnvES4_EENKUlvE_clEv
FNDA:0,_ZZN4Napi14RegisterModuleEP10napi_env__P12napi_value__PFNS_6ObjectENS_3EnvES4_EENKUlvE_clEv
FN:264,_ZN4Napi3EnvC2EP10napi_env__
FNDA:0,_ZN4Napi3EnvC2EP10napi_env__
FN:267,_ZNK4Napi3EnvcvP10napi_env__Ev
FNDA:0,_ZNK4Napi3EnvcvP10napi_env__Ev
FN:271,_ZNK4Napi3Env6GlobalEv
FNDA:0,_ZNK4Napi3Env6GlobalEv
FN:278,_ZNK4Napi3Env9UndefinedEv
FNDA:0,_ZNK4Napi3Env9UndefinedEv
FN:285,_ZNK4Napi3Env4NullEv
FNDA:0,_ZNK4Napi3Env4NullEv
FN:292,_ZNK4Napi3Env18IsExceptionPendingEv
FNDA:0,_ZNK4Napi3Env18IsExceptionPendingEv
FN:371,_ZN4Napi5ValueC2Ev
FNDA:0,_ZN4Napi5ValueC2Ev
FN:374,_ZN4Napi5ValueC2EP10napi_env__P12napi_value__
FNDA:0,_ZN4Napi5ValueC2EP10napi_env__P12napi_value__
FN:377,_ZNK4Napi5ValuecvP12napi_value__Ev
FNDA:0,_ZNK4Napi5ValuecvP12napi_value__Ev
FN:396,_ZNK4Napi5Value3EnvEv
FNDA:0,_ZNK4Napi5Value3EnvEv
FN:400,_ZNK4Napi5Value7IsEmptyEv
FNDA:0,_ZNK4Napi5Value7IsEmptyEv
FN:404,_ZNK4Napi5Value4TypeEv
FNDA:0,_ZNK4Napi5Value4TypeEv
FN:495,_ZNK4Napi5Value10IsFunctionEv
FNDA:0,_ZNK4Napi5Value10IsFunctionEv
FN:537,_ZNK4Napi5Value2AsINS_8FunctionEEET_v
FNDA:0,_ZNK4Napi5Value2AsINS_8FunctionEEET_v
FN:537,_ZNK4Napi5Value2AsINS_6BufferIhEEEET_v
FNDA:0,_ZNK4Napi5Value2AsINS_6BufferIhEEEET_v
FN:537,_ZNK4Napi5Value2AsINS_6StringEEET_v
FNDA:0,_ZNK4Napi5Value2AsINS_6StringEEET_v
FN:537,_ZNK4Napi5Value2AsINS_7BooleanEEET_v
FNDA:0,_ZNK4Napi5Value2AsINS_7BooleanEEET_v
FN:537,_ZNK4Napi5Value2AsINS_6NumberEEET_v
FNDA:0,_ZNK4Napi5Value2AsINS_6NumberEEET_v
FN:537,_ZNK4Napi5Value2AsINS_6ObjectEEET_v
FNDA:0,_ZNK4Napi5Value2AsINS_6ObjectEEET_v
FN:573,_ZN4Napi7Boolean3NewEP10napi_env__b
FNDA:0,_ZN4Napi7Boolean3NewEP10napi_env__b
FN:583,_ZN4Napi7BooleanC2EP10napi_env__P12napi_value__
FNDA:0,_ZN4Napi7BooleanC2EP10napi_env__P12napi_value__
FN:586,_ZNK4Napi7BooleancvbEv
FNDA:0,_ZNK4Napi7BooleancvbEv
FN:590,_ZNK4Napi7Boolean5ValueEv
FNDA:0,_ZNK4Napi7Boolean5ValueEv
FN:601,_ZN4Napi6Number3NewEP10napi_env__d
FNDA:0,_ZN4Napi6Number3NewEP10napi_env__d
FN:611,_ZN4Napi6NumberC2EP10napi_env__P12napi_value__
FNDA:0,_ZN4Napi6NumberC2EP10napi_env__P12napi_value__
FN:618,_ZNK4Napi6NumbercvjEv
FNDA:0,_ZNK4Napi6NumbercvjEv
FN:641,_ZNK4Napi6Number11Uint32ValueEv
FNDA:0,_ZNK4Napi6Number11Uint32ValueEv
FN:648,_ZNK4Napi6Number10Int64ValueEv
FNDA:0,_ZNK4Napi6Number10Int64ValueEv
FN:767,_ZN4Napi4NameC2EP10napi_env__P12napi_value__
FNDA:0,_ZN4Napi4NameC2EP10napi_env__P12napi_value__
FN:813,_ZN4Napi6StringC2EP10napi_env__P12napi_value__
FNDA:0,_ZN4Napi6StringC2EP10napi_env__P12napi_value__
FN:816,_ZNK4Napi6StringcvNSt7__cxx1112basic_stringIcSt11char_traitsIcESaIcEEEEv
FNDA:0,_ZNK4Napi6StringcvNSt7__cxx1112basic_stringIcSt11char_traitsIcESaIcEEEEv
FN:824,_ZNK4Napi6String9Utf8ValueB5cxx11Ev
FNDA:0,_ZNK4Napi6String9Utf8ValueB5cxx11Ev
FN:931,_ZN4Napi7details11vf_fallbackINS_8FunctionEE4FromEP10napi_env__RKS2_
FNDA:0,_ZN4Napi7details11vf_fallbackINS_8FunctionEE4FromEP10napi_env__RKS2_
FN:931,_ZN4Napi7details11vf_fallbackINS_6BufferIhEEE4FromEP10napi_env__RKS3_
FNDA:0,_ZN4Napi7details11vf_fallbackINS_6BufferIhEEE4FromEP10napi_env__RKS3_
FN:931,_ZN4Napi7details11vf_fallbackINS_5ValueEE4FromEP10napi_env__RKS2_
FNDA:0,_ZN4Napi7details11vf_fallbackINS_5ValueEE4FromEP10napi_env__RKS2_
FN:951,_ZN4Napi5Value4FromINS_6BufferIhEEEES0_P10napi_env__RKT_
FNDA:0,_ZN4Napi5Value4FromINS_6BufferIhEEEES0_P10napi_env__RKT_
FN:951,_ZN4Napi5Value4FromINS_8FunctionEEES0_P10napi_env__RKT_
FNDA:0,_ZN4Napi5Value4FromINS_8FunctionEEES0_P10napi_env__RKT_
FN:951,_ZN4Napi5Value4FromIS0_EES0_P10napi_env__RKT_
FNDA:0,_ZN4Napi5Value4FromIS0_EES0_P10napi_env__RKT_
FN:997,_ZN4Napi6Object14PropertyLValueIjEaSINS_5ValueEEERS2_T_
FNDA:0,_ZN4Napi6Object14PropertyLValueIjEaSINS_5ValueEEERS2_T_
FN:1003,_ZN4Napi6Object14PropertyLValueIjEC2ES0_j
FNDA:0,_ZN4Napi6Object14PropertyLValueIjEC2ES0_j
FN:1006,_ZN4Napi6Object3NewEP10napi_env__
FNDA:0,_ZN4Napi6Object3NewEP10napi_env__
FN:1013,_ZN4Napi6ObjectC2Ev
FNDA:0,_ZN4Napi6ObjectC2Ev
FN:1016,_ZN4Napi6ObjectC2EP10napi_env__P12napi_value__
FNDA:0,_ZN4Napi6ObjectC2EP10napi_env__P12napi_value__
FN:1027,_ZN4Napi6ObjectixEj
FNDA:0,_ZN4Napi6ObjectixEj
FN:1107,_ZNK4Napi6Object3GetEPKc
FNDA:0,_ZNK4Napi6Object3GetEPKc
FN:1133,_ZN4Napi6Object3SetINS_8FunctionEEEvPKcRKT_
FNDA:0,_ZN4Napi6Object3SetINS_8FunctionEEEvPKcRKT_
FN:1181,_ZN4Napi6Object3SetINS_5ValueEEEvjRKT_
FNDA:0,_ZN4Napi6Object3SetINS_5ValueEEEvjRKT_
FN:1181,_ZN4Napi6Object3SetINS_6BufferIhEEEEvjRKT_
FNDA:0,_ZN4Napi6Object3SetINS_6BufferIhEEEEvjRKT_
FN:1335,_ZN4Napi5Array3NewEP10napi_env__
FNDA:0,_ZN4Napi5Array3NewEP10napi_env__
FN:1352,_ZN4Napi5ArrayC2EP10napi_env__P12napi_value__
FNDA:0,_ZN4Napi5ArrayC2EP10napi_env__P12napi_value__
FN:1355,_ZNK4Napi5Array6LengthEv
FNDA:0,_ZNK4Napi5Array6LengthEv
FN:1627,_ZN4Napi10TypedArrayC2Ev
FNDA:0,_ZN4Napi10TypedArrayC2Ev
FN:1631,_ZN4Napi10TypedArrayC2EP10napi_env__P12napi_value__
FNDA:0,_ZN4Napi10TypedArrayC2EP10napi_env__P12napi_value__
FN:1737,_ZN4Napi12TypedArrayOfIhEC2Ev
FNDA:0,_ZN4Napi12TypedArrayOfIhEC2Ev
FN:1741,_ZN4Napi12TypedArrayOfIhEC2EP10napi_env__P12napi_value__
FNDA:0,_ZN4Napi12TypedArrayOfIhEC2EP10napi_env__P12napi_value__
FN:1794,_ZN4NapiL14CreateFunctionINS_10ObjectWrapI9DisruptorE18MethodCallbackDataIPFvRKNS_12CallbackInfoEEEEEE11napi_statusP10napi_env__PKcPFP12napi_value__SD_P20napi_callback_info__EPT_PSH_
FNDA:0,_ZN4NapiL14CreateFunctionINS_10ObjectWrapI9DisruptorE18MethodCallbackDataIPFvRKNS_12CallbackInfoEEEEEE11napi_statusP10napi_env__PKcPFP12napi_value__SD_P20napi_callback_info__EPT_PSH_
FN:1794,_ZN4NapiL14CreateFunctionINS_10ObjectWrapI9DisruptorE18MethodCallbackDataIPFNS_5ValueERKNS_12CallbackInfoEEEEEE11napi_statusP10napi_env__PKcPFP12napi_value__SE_P20napi_callback_info__EPT_PSI_
FNDA:0,_ZN4NapiL14CreateFunctionINS_10ObjectWrapI9DisruptorE18MethodCallbackDataIPFNS_5ValueERKNS_12CallbackInfoEEEEEE11napi_statusP10napi_env__PKcPFP12napi_value__SE_P20napi_callback_info__EPT_PSI_
FN:1809,_ZN4Napi8Function3NewIXadL_Z12NullCallbackRKNS_12CallbackInfoEEEEES0_P10napi_env__PKcPv
FNDA:0,_ZN4Napi8Function3NewIXadL_Z12NullCallbackRKNS_12CallbackInfoEEEEES0_P10napi_env__PKcPv
FN:1813,_ZZN4Napi8Function3NewIXadL_Z12NullCallbackRKNS_12CallbackInfoEEEEES0_P10napi_env__PKcPvENKUlS6_P20napi_callback_info__E_clES6_SB_
FNDA:0,_ZZN4Napi8Function3NewIXadL_Z12NullCallbackRKNS_12CallbackInfoEEEEES0_P10napi_env__PKcPvENKUlS6_P20napi_callback_info__E_clES6_SB_
FN:1815,_ZZZN4Napi8Function3NewIXadL_Z12NullCallbackRKNS_12CallbackInfoEEEEES0_P10napi_env__PKcPvENKUlS6_P20napi_callback_info__E_clES6_SB_ENKUlvE_clEv
FNDA:0,_ZZZN4Napi8Function3NewIXadL_Z12NullCallbackRKNS_12CallbackInfoEEEEES0_P10napi_env__PKcPvENKUlS6_P20napi_callback_info__E_clES6_SB_ENKUlvE_clEv
FN:1887,_ZN4Napi8FunctionC2EP10napi_env__P12napi_value__
FNDA:0,_ZN4Napi8FunctionC2EP10napi_env__P12napi_value__
FN:1906,_ZNK4Napi8Function4CallEP12napi_value__RKSt16initializer_listIS2_E
FNDA:0,_ZNK4Napi8Function4CallEP12napi_value__RKSt16initializer_listIS2_E
FN:1910,_ZNK4Napi8Function4CallEP12napi_value__RKSt6vectorIS2_SaIS2_EE
FNDA:0,_ZNK4Napi8Function4CallEP12napi_value__RKSt6vectorIS2_SaIS2_EE
FN:1914,_ZNK4Napi8Function4CallEP12napi_value__mPKS2_
FNDA:0,_ZNK4Napi8Function4CallEP12napi_value__mPKS2_
FN:1922,_ZNK4Napi8Function12MakeCallbackEP12napi_value__RKSt16initializer_listIS2_EP20napi_async_context__
FNDA:0,_ZNK4Napi8Function12MakeCallbackEP12napi_value__RKSt16initializer_listIS2_EP20napi_async_context__
FN:1936,_ZNK4Napi8Function12MakeCallbackEP12napi_value__mPKS2_P20napi_async_context__
FNDA:0,_ZNK4Napi8Function12MakeCallbackEP12napi_value__mPKS2_P20napi_async_context__
FN:2022,_ZN4Napi6BufferIhE3NewIZN9DisruptorC4ERKNS_12CallbackInfoEEUlNS_3EnvEPhE_EES1_P10napi_env__S8_mT_
FNDA:0,_ZN4Napi6BufferIhE3NewIZN9DisruptorC4ERKNS_12CallbackInfoEEUlNS_3EnvEPhE_EES1_P10napi_env__S8_mT_
FN:2077,_ZN4Napi6BufferIhEC2Ev
FNDA:0,_ZN4Napi6BufferIhEC2Ev
FN:2081,_ZN4Napi6BufferIhEC2EP10napi_env__P12napi_value__
FNDA:0,_ZN4Napi6BufferIhEC2EP10napi_env__P12napi_value__
FN:2086,_ZN4Napi6BufferIhEC2EP10napi_env__P12napi_value__mPh
FNDA:0,_ZN4Napi6BufferIhEC2EP10napi_env__P12napi_value__mPh
FN:2091,_ZNK4Napi6BufferIhE6LengthEv
FNDA:0,_ZNK4Napi6BufferIhE6LengthEv
FN:2103,_ZNK4Napi6BufferIhE10EnsureInfoEv
FNDA:0,_ZNK4Napi6BufferIhE10EnsureInfoEv
FN:2121,_ZN4Napi5Error3NewEP10napi_env__
FNDA:0,_ZN4Napi5Error3NewEP10napi_env__
FN:2169,_ZN4Napi5Error3NewEP10napi_env__PKc
FNDA:0,_ZN4Napi5Error3NewEP10napi_env__PKc
FN:2173,_ZN4Napi5Error3NewEP10napi_env__RKNSt7__cxx1112basic_stringIcSt11char_traitsIcESaIcEEE
FNDA:0,_ZN4Napi5Error3NewEP10napi_env__RKNSt7__cxx1112basic_stringIcSt11char_traitsIcESaIcEEE
FN:2177,_ZN4Napi5Error5FatalEPKcS2_
FNDA:0,_ZN4Napi5Error5FatalEPKcS2_
FN:2184,_ZN4Napi5ErrorC2EP10napi_env__P12napi_value__
FNDA:0,_ZN4Napi5ErrorC2EP10napi_env__P12napi_value__
FN:2220,_ZNK4Napi5Error7MessageB5cxx11Ev
FNDA:0,_ZNK4Napi5Error7MessageB5cxx11Ev
FN:2237,_ZNK4Napi5Error26ThrowAsJavaScriptExceptionEv
FNDA:0,_ZNK4Napi5Error26ThrowAsJavaScriptExceptionEv
FN:2259,_ZNK4Napi5Error4whatEv
FNDA:0,_ZNK4Napi5Error4whatEv
FN:2266,_ZN4Napi5Error3NewIS0_EET_P10napi_env__PKcmPF11napi_statusS4_P12napi_value__S9_PS9_E
FNDA:0,_ZN4Napi5Error3NewIS0_EET_P10napi_env__PKcmPF11napi_statusS4_P12napi_value__S9_PS9_E
FN:2314,_ZN4Napi9ReferenceINS_6BufferIhEEE3NewERKS2_j
FNDA:0,_ZN4Napi9ReferenceINS_6BufferIhEEE3NewERKS2_j
FN:2314,_ZN4Napi9ReferenceINS_6ObjectEE3NewERKS1_j
FNDA:0,_ZN4Napi9ReferenceINS_6ObjectEE3NewERKS1_j
FN:2314,_ZN4Napi9ReferenceINS_8FunctionEE3NewERKS1_j
FNDA:0,_ZN4Napi9ReferenceINS_8FunctionEE3NewERKS1_j
FN:2331,_ZN4Napi9ReferenceINS_6BufferIhEEEC2Ev
FNDA:0,_ZN4Napi9ReferenceINS_6BufferIhEEEC2Ev
FN:2331,_ZN4Napi9ReferenceINS_8FunctionEEC2Ev
FNDA:0,_ZN4Napi9ReferenceINS_8FunctionEEC2Ev
FN:2331,_ZN4Napi9ReferenceINS_6ObjectEEC2Ev
FNDA:0,_ZN4Napi9ReferenceINS_6ObjectEEC2Ev
FN:2335,_ZN4Napi9ReferenceINS_6BufferIhEEEC2EP10napi_env__P10napi_ref__
FNDA:0,_ZN4Napi9ReferenceINS_6BufferIhEEEC2EP10napi_env__P10napi_ref__
FN:2335,_ZN4Napi9ReferenceINS_8FunctionEEC2EP10napi_env__P10napi_ref__
FNDA:0,_ZN4Napi9ReferenceINS_8FunctionEEC2EP10napi_env__P10napi_ref__
FN:2335,_ZN4Napi9ReferenceINS_6ObjectEEC2EP10napi_env__P10napi_ref__
FNDA:0,_ZN4Napi9ReferenceINS_6ObjectEEC2EP10napi_env__P10napi_ref__
FN:2340,_ZN4Napi9ReferenceINS_8FunctionEED2Ev
FNDA:0,_ZN4Napi9ReferenceINS_8FunctionEED2Ev
FN:2340,_ZN4Napi9ReferenceINS_6BufferIhEEED2Ev
FNDA:0,_ZN4Napi9ReferenceINS_6BufferIhEEED2Ev
FN:2340,_ZN4Napi9ReferenceINS_6ObjectEED2Ev
FNDA:0,_ZN4Napi9ReferenceINS_6ObjectEED2Ev
FN:2351,_ZN4Napi9ReferenceINS_6ObjectEEC2EOS2_
FNDA:0,_ZN4Napi9ReferenceINS_6ObjectEEC2EOS2_
FN:2351,_ZN4Napi9ReferenceINS_8FunctionEEC2EOS2_
FNDA:0,_ZN4Napi9ReferenceINS_8FunctionEEC2EOS2_
FN:2359,_ZN4Napi9ReferenceINS_6BufferIhEEEaSEOS3_
FNDA:0,_ZN4Napi9ReferenceINS_6BufferIhEEEaSEOS3_
FN:2359,_ZN4Napi9ReferenceINS_8FunctionEEaSEOS2_
FNDA:0,_ZN4Napi9ReferenceINS_8FunctionEEaSEOS2_
FN:2359,_ZN4Napi9ReferenceINS_6ObjectEEaSEOS2_
FNDA:0,_ZN4Napi9ReferenceINS_6ObjectEEaSEOS2_
FN:2401,_ZNK4Napi9ReferenceINS_8FunctionEE3EnvEv
FNDA:0,_ZNK4Napi9ReferenceINS_8FunctionEE3EnvEv
FN:2401,_ZNK4Napi9ReferenceINS_6ObjectEE3EnvEv
FNDA:0,_ZNK4Napi9ReferenceINS_6ObjectEE3EnvEv
FN:2406,_ZNK4Napi9ReferenceINS_8FunctionEE7IsEmptyEv
FNDA:0,_ZNK4Napi9ReferenceINS_8FunctionEE7IsEmptyEv
FN:2406,_ZNK4Napi9ReferenceINS_6ObjectEE7IsEmptyEv
FNDA:0,_ZNK4Napi9ReferenceINS_6ObjectEE7IsEmptyEv
FN:2411,_ZNK4Napi9ReferenceINS_8FunctionEE5ValueEv
FNDA:0,_ZNK4Napi9ReferenceINS_8FunctionEE5ValueEv
FN:2411,_ZNK4Napi9ReferenceINS_6ObjectEE5ValueEv
FNDA:0,_ZNK4Napi9ReferenceINS_6ObjectEE5ValueEv
FN:2411,_ZNK4Napi9ReferenceINS_6BufferIhEEE5ValueEv
FNDA:0,_ZNK4Napi9ReferenceINS_6BufferIhEEE5ValueEv
FN:2439,_ZN4Napi9ReferenceINS_6ObjectEE5ResetEv
FNDA:0,_ZN4Napi9ReferenceINS_6ObjectEE5ResetEv
FN:2439,_ZN4Napi9ReferenceINS_8FunctionEE5ResetEv
FNDA:0,_ZN4Napi9ReferenceINS_8FunctionEE5ResetEv
FN:2439,_ZN4Napi9ReferenceINS_6BufferIhEEE5ResetEv
FNDA:0,_ZN4Napi9ReferenceINS_6BufferIhEEE5ResetEv
FN:2478,_ZN4Napi10PersistentINS_6BufferIhEEEENS_9ReferenceIT_EES4_
FNDA:0,_ZN4Napi10PersistentINS_6BufferIhEEEENS_9ReferenceIT_EES4_
FN:2482,_ZN4Napi10PersistentENS_6ObjectE
FNDA:0,_ZN4Napi10PersistentENS_6ObjectE
FN:2486,_ZN4Napi10PersistentENS_8FunctionE
FNDA:0,_ZN4Napi10PersistentENS_8FunctionE
FN:2497,_ZN4Napi15ObjectReferenceC2EP10napi_env__P10napi_ref__
FNDA:0,_ZN4Napi15ObjectReferenceC2EP10napi_env__P10napi_ref__
FN:2500,_ZN4Napi15ObjectReferenceC2EONS_9ReferenceINS_6ObjectEEE
FNDA:0,_ZN4Napi15ObjectReferenceC2EONS_9ReferenceINS_6ObjectEEE
FN:2522,_ZNK4Napi15ObjectReference3GetEPKc
FNDA:0,_ZNK4Napi15ObjectReference3GetEPKc
FN:2621,_ZN4Napi17FunctionReferenceC2Ev
FNDA:0,_ZN4Napi17FunctionReferenceC2Ev
FN:2628,_ZN4Napi17FunctionReferenceC2EONS_9ReferenceINS_8FunctionEEE
FNDA:0,_ZN4Napi17FunctionReferenceC2EONS_9ReferenceINS_8FunctionEEE
FN:2641,_ZN4Napi17FunctionReferenceaSEOS0_
FNDA:0,_ZN4Napi17FunctionReferenceaSEOS0_
FN:2670,_ZNK4Napi17FunctionReference4CallEP12napi_value__RKSt16initializer_listIS2_E
FNDA:0,_ZNK4Napi17FunctionReference4CallEP12napi_value__RKSt16initializer_listIS2_E
FN:2680,_ZNK4Napi17FunctionReference4CallEP12napi_value__RKSt6vectorIS2_SaIS2_EE
FNDA:0,_ZNK4Napi17FunctionReference4CallEP12napi_value__RKSt6vectorIS2_SaIS2_EE
FN:2700,_ZNK4Napi17FunctionReference12MakeCallbackEP12napi_value__RKSt16initializer_listIS2_EP20napi_async_context__
[...]
FN:99,_ZN9__gnu_cxx12__to_xstringINSt7__cxx1112basic_stringIcSt11char_traitsIcESaIcEEEcEET_PFiPT0_mPKS8_P13__va_list_tagEmSB_z
FNDA:0,_ZN9__gnu_cxx12__to_xstringINSt7__cxx1112basic_stringIcSt11char_traitsIcESaIcEEEcEET_PFiPT0_mPKS8_P13__va_list_tagEmSB_z
DA:99,0
DA:105,0
DA:109,0
DA:111,0
DA:113,0
DA:115,0
end_of_record
SF:/usr/include/c++/9/bits/unique_ptr.h
FN:75,_ZNKSt14default_deleteISt6vectorI11AsyncBufferSaIS1_EEEclEPS3_
FNDA:0,_ZNKSt14default_deleteISt6vectorI11AsyncBufferSaIS1_EEEclEPS3_
FN:147,_ZNSt15__uniq_ptr_implISt6vectorI11AsyncBufferSaIS1_EESt14default_deleteIS3_EEC2EPS3_
FNDA:0,_ZNSt15__uniq_ptr_implISt6vectorI11AsyncBufferSaIS1_EESt14default_deleteIS3_EEC2EPS3_
FN:147,_ZNSt15__uniq_ptr_implIi7CloseFDEC2EPi
FNDA:0,_ZNSt15__uniq_ptr_implIi7CloseFDEC2EPi
FN:150,_ZNSt15__uniq_ptr_implISt6vectorI11AsyncBufferSaIS1_EESt14default_deleteIS3_EEC2IS5_EEPS3_OT_
FNDA:0,_ZNSt15__uniq_ptr_implISt6vectorI11AsyncBufferSaIS1_EESt14default_deleteIS3_EEC2IS5_EEPS3_OT_
FN:153,_ZNSt15__uniq_ptr_implIi7CloseFDE6_M_ptrEv
FNDA:0,_ZNSt15__uniq_ptr_implIi7CloseFDE6_M_ptrEv
FN:153,_ZNSt15__uniq_ptr_implISt6vectorI11AsyncBufferSaIS1_EESt14default_deleteIS3_EE6_M_ptrEv
FNDA:0,_ZNSt15__uniq_ptr_implISt6vectorI11AsyncBufferSaIS1_EESt14default_deleteIS3_EE6_M_ptrEv
FN:154,_ZNKSt15__uniq_ptr_implISt6vectorI11AsyncBufferSaIS1_EESt14default_deleteIS3_EE6_M_ptrEv
FNDA:0,_ZNKSt15__uniq_ptr_implISt6vectorI11AsyncBufferSaIS1_EESt14default_deleteIS3_EE6_M_ptrEv
FN:154,_ZNKSt15__uniq_ptr_implIi7CloseFDE6_M_ptrEv
FNDA:0,_ZNKSt15__uniq_ptr_implIi7CloseFDE6_M_ptrEv
FN:155,_ZNSt15__uniq_ptr_implISt6vectorI11AsyncBufferSaIS1_EESt14default_deleteIS3_EE10_M_deleterEv
FNDA:0,_ZNSt15__uniq_ptr_implISt6vectorI11AsyncBufferSaIS1_EESt14default_deleteIS3_EE10_M_deleterEv
FN:155,_ZNSt15__uniq_ptr_implIi7CloseFDE10_M_deleterEv
FNDA:0,_ZNSt15__uniq_ptr_implIi7CloseFDE10_M_deleterEv
FN:211,_ZNSt10unique_ptrIi7CloseFDEC2IS0_vEEPi
FNDA:0,_ZNSt10unique_ptrIi7CloseFDEC2IS0_vEEPi
FN:211,_ZNSt10unique_ptrISt6vectorI11AsyncBufferSaIS1_EESt14default_deleteIS3_EEC2IS5_vEEPS3_
FNDA:0,_ZNSt10unique_ptrISt6vectorI11AsyncBufferSaIS1_EESt14default_deleteIS3_EEC2IS5_vEEPS3_
FN:257,_ZNSt10unique_ptrISt6vectorI11AsyncBufferSaIS1_EESt14default_deleteIS3_EEC2EOS6_
FNDA:0,_ZNSt10unique_ptrISt6vectorI11AsyncBufferSaIS1_EESt14default_deleteIS3_EEC2EOS6_
FN:286,_ZNSt10unique_ptrISt6vectorI11AsyncBufferSaIS1_EESt14default_deleteIS3_EED2Ev
FNDA:0,_ZNSt10unique_ptrISt6vectorI11AsyncBufferSaIS1_EESt14default_deleteIS3_EED2Ev
FN:286,_ZNSt10unique_ptrIi7CloseFDED2Ev
FNDA:0,_ZNSt10unique_ptrIi7CloseFDED2Ev
FN:305,_ZNSt10unique_ptrISt6vectorI11AsyncBufferSaIS1_EESt14default_deleteIS3_EEaSEOS6_
FNDA:0,_ZNSt10unique_ptrISt6vectorI11AsyncBufferSaIS1_EESt14default_deleteIS3_EEaSEOS6_
FN:344,_ZNKSt10unique_ptrISt6vectorI11AsyncBufferSaIS1_EESt14default_deleteIS3_EEdeEv
FNDA:0,_ZNKSt10unique_ptrISt6vectorI11AsyncBufferSaIS1_EESt14default_deleteIS3_EEdeEv
FN:344,_ZNKSt10unique_ptrIi7CloseFDEdeEv
FNDA:0,_ZNKSt10unique_ptrIi7CloseFDEdeEv
FN:352,_ZNKSt10unique_ptrISt6vectorI11AsyncBufferSaIS1_EESt14default_deleteIS3_EEptEv
FNDA:0,_ZNKSt10unique_ptrISt6vectorI11AsyncBufferSaIS1_EESt14default_deleteIS3_EEptEv
FN:360,_ZNKSt10unique_ptrIi7CloseFDE3getEv
FNDA:0,_ZNKSt10unique_ptrIi7CloseFDE3getEv
FN:360,_ZNKSt10unique_ptrISt6vectorI11AsyncBufferSaIS1_EESt14default_deleteIS3_EE3getEv
FNDA:0,_ZNKSt10unique_ptrISt6vectorI11AsyncBufferSaIS1_EESt14default_deleteIS3_EE3getEv
FN:365,_ZNSt10unique_ptrISt6vectorI11AsyncBufferSaIS1_EESt14default_deleteIS3_EE11get_deleterEv
FNDA:0,_ZNSt10unique_ptrISt6vectorI11AsyncBufferSaIS1_EESt14default_deleteIS3_EE11get_deleterEv
FN:365,_ZNSt10unique_ptrIi7CloseFDE11get_deleterEv
FNDA:0,_ZNSt10unique_ptrIi7CloseFDE11get_deleterEv
FN:381,_ZNSt10unique_ptrISt6vectorI11AsyncBufferSaIS1_EESt14default_deleteIS3_EE7releaseEv
FNDA:0,_ZNSt10unique_ptrISt6vectorI11AsyncBufferSaIS1_EESt14default_deleteIS3_EE7releaseEv
FN:395,_ZNSt10unique_ptrISt6vectorI11AsyncBufferSaIS1_EESt14default_deleteIS3_EE5resetEPS3_
FNDA:0,_ZNSt10unique_ptrISt6vectorI11AsyncBufferSaIS1_EESt14default_deleteIS3_EE5resetEPS3_
FN:856,_ZSt11make_uniqueISt6vectorI11AsyncBufferSaIS1_EEJEENSt9_MakeUniqIT_E15__single_objectEDpOT0_
FNDA:0,_ZSt11make_uniqueISt6vectorI11AsyncBufferSaIS1_EEJEENSt9_MakeUniqIT_E15__single_objectEDpOT0_
DA:75,0
DA:81,0
DA:82,0
DA:147,0
DA:147,0
DA:150,0
DA:151,0
DA:153,0
DA:153,0
DA:154,0
DA:154,0
DA:155,0
DA:155,0
DA:211,0
DA:212,0
DA:213,0
DA:211,0
DA:212,0
DA:213,0
DA:257,0
DA:258,0
DA:286,0
DA:290,0
DA:291,0
DA:292,0
DA:293,0
DA:294,0
DA:286,0
DA:290,0
DA:291,0
DA:292,0
DA:293,0
DA:294,0
DA:305,0
DA:307,0
DA:308,0
DA:309,0
DA:344,0
DA:347,0
DA:344,0
DA:347,0
DA:352,0
DA:355,0
DA:360,0
DA:361,0
DA:360,0
DA:361,0
DA:365,0
DA:366,0
DA:365,0
DA:366,0
DA:381,0
DA:383,0
DA:384,0
DA:385,0
DA:395,0
DA:400,0
DA:401,0
DA:402,0
DA:403,0
DA:856,0
DA:857,0
end_of_record
SF:/usr/include/c++/9/bits/stl_iterator_base_funcs.h
FN:98,_ZSt10__distanceIPcENSt15iterator_traitsIT_E15difference_typeES2_S2_St26random_access_iterator_tag
FNDA:0,_ZSt10__distanceIPcENSt15iterator_traitsIT_E15difference_typeES2_S2_St26random_access_iterator_tag
FN:98,_ZSt10__distanceIPKcENSt15iterator_traitsIT_E15difference_typeES3_S3_St26random_access_iterator_tag
FNDA:0,_ZSt10__distanceIPKcENSt15iterator_traitsIT_E15difference_typeES3_S3_St26random_access_iterator_tag
FN:138,_ZSt8distanceIPcENSt15iterator_traitsIT_E15difference_typeES2_S2_
FNDA:0,_ZSt8distanceIPcENSt15iterator_traitsIT_E15difference_typeES2_S2_
FN:138,_ZSt8distanceIPKcENSt15iterator_traitsIT_E15difference_typeES3_S3_
FNDA:0,_ZSt8distanceIPKcENSt15iterator_traitsIT_E15difference_typeES3_S3_
DA:98,0
DA:104,0
DA:98,0
DA:104,0
DA:138,0
DA:141,0
DA:142,0
DA:138,0
DA:141,0
DA:142,0
end_of_record
SF:/usr/include/c++/9/bits/stl_algobase.h
FN:198,_ZSt3minImERKT_S2_S2_
FNDA:0,_ZSt3minImERKT_S2_S2_
FN:222,_ZSt3maxImERKT_S2_S2_
FNDA:0,_ZSt3maxImERKT_S2_S2_
FN:280,_ZSt12__niter_baseIP24napi_property_descriptorET_S2_
FNDA:0,_ZSt12__niter_baseIP24napi_property_descriptorET_S2_
FN:280,_ZSt12__niter_baseIP11AsyncBufferET_S2_
FNDA:0,_ZSt12__niter_baseIP11AsyncBufferET_S2_
FN:295,_ZSt12__niter_wrapIP24napi_property_descriptorET_RKS2_S2_
FNDA:0,_ZSt12__niter_wrapIP24napi_property_descriptorET_RKS2_S2_
FN:756,_ZSt10__fill_n_aIP24napi_property_descriptormS0_EN9__gnu_cxx11__enable_ifIXntsrSt11__is_scalarIT1_E7__valueET_E6__typeES7_T0_RKS5_
FNDA:0,_ZSt10__fill_n_aIP24napi_property_descriptormS0_EN9__gnu_cxx11__enable_ifIXntsrSt11__is_scalarIT1_E7__valueET_E6__typeES7_T0_RKS5_
FN:802,_ZSt6fill_nIP24napi_property_descriptormS0_ET_S2_T0_RKT1_
FNDA:0,_ZSt6fill_nIP24napi_property_descriptormS0_ET_S2_T0_RKT1_
DA:198,0
DA:203,0
DA:204,0
DA:205,0
DA:222,0
DA:227,0
DA:228,0
DA:229,0
DA:280,0
DA:282,0
DA:280,0
DA:282,0
DA:295,0
DA:296,0
DA:756,0
DA:758,0
DA:759,0
DA:760,0
DA:761,0
DA:802,0
DA:808,0
DA:809,0
end_of_record
SF:/usr/include/x86_64-linux-gnu/c++/9/bits/gthr-default.h
FN:248,_ZL18__gthread_active_pv
FNDA:0,_ZL18__gthread_active_pv
FN:746,_ZL20__gthread_mutex_lockP15pthread_mutex_t
FNDA:0,_ZL20__gthread_mutex_lockP15pthread_mutex_t
FN:776,_ZL22__gthread_mutex_unlockP15pthread_mutex_t
FNDA:0,_ZL22__gthread_mutex_unlockP15pthread_mutex_t
DA:248,0
DA:252,0
DA:746,0
DA:748,0
DA:749,0
DA:751,0
DA:776,0
DA:778,0
DA:779,0
DA:781,0
end_of_record
SF:/usr/include/c++/9/ext/aligned_buffer.h
FN:102,_ZN9__gnu_cxx16__aligned_bufferIPhE7_M_addrEv
FNDA:0,_ZN9__gnu_cxx16__aligned_bufferIPhE7_M_addrEv
FN:108,_ZNK9__gnu_cxx16__aligned_bufferIPhE7_M_addrEv
FNDA:0,_ZNK9__gnu_cxx16__aligned_bufferIPhE7_M_addrEv
FN:114,_ZN9__gnu_cxx16__aligned_bufferIPhE6_M_ptrEv
FNDA:0,_ZN9__gnu_cxx16__aligned_bufferIPhE6_M_ptrEv
FN:118,_ZNK9__gnu_cxx16__aligned_bufferIPhE6_M_ptrEv
FNDA:0,_ZNK9__gnu_cxx16__aligned_bufferIPhE6_M_ptrEv
DA:102,0
DA:104,0
DA:108,0
DA:110,0
DA:114,0
DA:115,0
DA:118,0
DA:119,0
end_of_record
SF:/usr/include/c++/9/bits/hashtable_policy.h
FN:84,_ZNKSt8__detail9_IdentityclIRKPhEEOT_S6_
FNDA:0,_ZNKSt8__detail9_IdentityclIRKPhEEOT_S6_
FN:84,_ZNKSt8__detail9_IdentityclIRPhEEOT_S5_
FNDA:0,_ZNKSt8__detail9_IdentityclIRPhEEOT_S5_
FN:218,_ZNSt8__detail15_Hash_node_baseC2Ev
FNDA:0,_ZNSt8__detail15_Hash_node_baseC2Ev
FN:236,_ZNSt8__detail21_Hash_node_value_baseIPhE9_M_valptrEv
FNDA:0,_ZNSt8__detail21_Hash_node_value_baseIPhE9_M_valptrEv
FN:240,_ZNKSt8__detail21_Hash_node_value_baseIPhE9_M_valptrEv
FNDA:0,_ZNKSt8__detail21_Hash_node_value_baseIPhE9_M_valptrEv
FN:244,_ZNSt8__detail21_Hash_node_value_baseIPhE4_M_vEv
FNDA:0,_ZNSt8__detail21_Hash_node_value_baseIPhE4_M_vEv
FN:248,_ZNKSt8__detail21_Hash_node_value_baseIPhE4_M_vEv
FNDA:0,_ZNKSt8__detail21_Hash_node_value_baseIPhE4_M_vEv
FN:282,_ZNKSt8__detail10_Hash_nodeIPhLb0EE7_M_nextEv
FNDA:0,_ZNKSt8__detail10_Hash_nodeIPhLb0EE7_M_nextEv
FN:294,_ZNSt8__detail19_Node_iterator_baseIPhLb0EEC2EPNS_10_Hash_nodeIS1_Lb0EEE
FNDA:0,_ZNSt8__detail19_Node_iterator_baseIPhLb0EEC2EPNS_10_Hash_nodeIS1_Lb0EEE
FN:304,_ZNSt8__detaileqIPhLb0EEEbRKNS_19_Node_iterator_baseIT_XT0_EEES6_
FNDA:0,_ZNSt8__detaileqIPhLb0EEEbRKNS_19_Node_iterator_baseIT_XT0_EEES6_
FN:340,_ZNSt8__detail14_Node_iteratorIPhLb1ELb0EEC2EPNS_10_Hash_nodeIS1_Lb0EEE
FNDA:0,_ZNSt8__detail14_Node_iteratorIPhLb1ELb0EEC2EPNS_10_Hash_nodeIS1_Lb0EEE
FN:431,_ZNKSt8__detail18_Mod_range_hashingclEmm
FNDA:0,_ZNKSt8__detail18_Mod_range_hashingclEmm
FN:449,_ZNSt8__detail20_Prime_rehash_policyC2Ef
FNDA:0,_ZNSt8__detail20_Prime_rehash_policyC2Ef
FN:476,_ZNKSt8__detail20_Prime_rehash_policy8_M_stateEv
FNDA:0,_ZNKSt8__detail20_Prime_rehash_policy8_M_stateEv
FN:484,_ZNSt8__detail20_Prime_rehash_policy8_M_resetEm
FNDA:0,_ZNSt8__detail20_Prime_rehash_policy8_M_resetEm
FN:1096,_ZNSt8__detail21_Hashtable_ebo_helperILi0ESaINS_10_Hash_nodeIPhLb0EEEELb1EEC2Ev
FNDA:0,_ZNSt8__detail21_Hashtable_ebo_helperILi0ESaINS_10_Hash_nodeIPhLb0EEEELb1EEC2Ev
FN:1104,_ZNSt8__detail21_Hashtable_ebo_helperILi0ENS_9_IdentityELb1EE7_S_cgetERKS2_
FNDA:0,_ZNSt8__detail21_Hashtable_ebo_helperILi0ENS_9_IdentityELb1EE7_S_cgetERKS2_
FN:1104,_ZNSt8__detail21_Hashtable_ebo_helperILi1ESt4hashIPhELb1EE7_S_cgetERKS4_
FNDA:0,_ZNSt8__detail21_Hashtable_ebo_helperILi1ESt4hashIPhELb1EE7_S_cgetERKS4_
FN:1104,_ZNSt8__detail21_Hashtable_ebo_helperILi2ENS_18_Mod_range_hashingELb1EE7_S_cgetERKS2_
FNDA:0,_ZNSt8__detail21_Hashtable_ebo_helperILi2ENS_18_Mod_range_hashingELb1EE7_S_cgetERKS2_
FN:1104,_ZNSt8__detail21_Hashtable_ebo_helperILi0ESt8equal_toIPhELb1EE7_S_cgetERKS4_
FNDA:0,_ZNSt8__detail21_Hashtable_ebo_helperILi0ESt8equal_toIPhELb1EE7_S_cgetERKS4_
FN:1108,_ZNSt8__detail21_Hashtable_ebo_helperILi0ESaINS_10_Hash_nodeIPhLb0EEEELb1EE6_S_getERS5_
FNDA:0,_ZNSt8__detail21_Hashtable_ebo_helperILi0ESaINS_10_Hash_nodeIPhLb0EEEELb1EE6_S_getERS5_
FN:1108,_ZNSt8__detail21_Hashtable_ebo_helperILi0ENS_9_IdentityELb1EE6_S_getERS2_
FNDA:0,_ZNSt8__detail21_Hashtable_ebo_helperILi0ENS_9_IdentityELb1EE6_S_getERS2_
FN:1288,_ZNKSt8__detail15_Hash_code_baseIPhS1_NS_9_IdentityESt4hashIS1_ENS_18_Mod_range_hashingENS_20_Default_ranged_hashELb0EE12_M_hash_codeERKS1_
FNDA:0,_ZNKSt8__detail15_Hash_code_baseIPhS1_NS_9_IdentityESt4hashIS1_ENS_18_Mod_range_hashingENS_20_Default_ranged_hashELb0EE12_M_hash_codeERKS1_
FN:1296,_ZNKSt8__detail15_Hash_code_baseIPhS1_NS_9_IdentityESt4hashIS1_ENS_18_Mod_range_hashingENS_20_Default_ranged_hashELb0EE15_M_bucket_indexERKS1_mm
FNDA:0,_ZNKSt8__detail15_Hash_code_baseIPhS1_NS_9_IdentityESt4hashIS1_ENS_18_Mod_range_hashingENS_20_Default_ranged_hashELb0EE15_M_bucket_indexERKS1_mm
FN:1300,_ZNKSt8__detail15_Hash_code_baseIPhS1_NS_9_IdentityESt4hashIS1_ENS_18_Mod_range_hashingENS_20_Default_ranged_hashELb0EE15_M_bucket_indexEPKNS_10_Hash_nodeIS1_Lb0EEEm
FNDA:0,_ZNKSt8__detail15_Hash_code_baseIPhS1_NS_9_IdentityESt4hashIS1_ENS_18_Mod_range_hashingENS_20_Default_ranged_hashELb0EE15_M_bucket_indexEPKNS_10_Hash_nodeIS1_Lb0EEEm
FN:1307,_ZNKSt8__detail15_Hash_code_baseIPhS1_NS_9_IdentityESt4hashIS1_ENS_18_Mod_range_hashingENS_20_Default_ranged_hashELb0EE13_M_store_codeEPNS_10_Hash_nodeIS1_Lb0EEEm
FNDA:0,_ZNKSt8__detail15_Hash_code_baseIPhS1_NS_9_IdentityESt4hashIS1_ENS_18_Mod_range_hashingENS_20_Default_ranged_hashELb0EE13_M_store_codeEPNS_10_Hash_nodeIS1_Lb0EEEm
FN:1323,_ZNKSt8__detail15_Hash_code_baseIPhS1_NS_9_IdentityESt4hashIS1_ENS_18_Mod_range_hashingENS_20_Default_ranged_hashELb0EE10_M_extractEv
FNDA:0,_ZNKSt8__detail15_Hash_code_baseIPhS1_NS_9_IdentityESt4hashIS1_ENS_18_Mod_range_hashingENS_20_Default_ranged_hashELb0EE10_M_extractEv
FN:1326,_ZNSt8__detail15_Hash_code_baseIPhS1_NS_9_IdentityESt4hashIS1_ENS_18_Mod_range_hashingENS_20_Default_ranged_hashELb0EE10_M_extractEv
FNDA:0,_ZNSt8__detail15_Hash_code_baseIPhS1_NS_9_IdentityESt4hashIS1_ENS_18_Mod_range_hashingENS_20_Default_ranged_hashELb0EE10_M_extractEv
FN:1329,_ZNKSt8__detail15_Hash_code_baseIPhS1_NS_9_IdentityESt4hashIS1_ENS_18_Mod_range_hashingENS_20_Default_ranged_hashELb0EE5_M_h1Ev
FNDA:0,_ZNKSt8__detail15_Hash_code_baseIPhS1_NS_9_IdentityESt4hashIS1_ENS_18_Mod_range_hashingENS_20_Default_ranged_hashELb0EE5_M_h1Ev
FN:1335,_ZNKSt8__detail15_Hash_code_baseIPhS1_NS_9_IdentityESt4hashIS1_ENS_18_Mod_range_hashingENS_20_Default_ranged_hashELb0EE5_M_h2Ev
FNDA:0,_ZNKSt8__detail15_Hash_code_baseIPhS1_NS_9_IdentityESt4hashIS1_ENS_18_Mod_range_hashingENS_20_Default_ranged_hashELb0EE5_M_h2Ev
FN:1459,_ZNSt8__detail13_Equal_helperIPhS1_NS_9_IdentityESt8equal_toIS1_EmLb0EE9_S_equalsERKS4_RKS2_RKS1_mPNS_10_Hash_nodeIS1_Lb0EEE
FNDA:0,_ZNSt8__detail13_Equal_helperIPhS1_NS_9_IdentityESt8equal_toIS1_EmLb0EE9_S_equalsERKS4_RKS2_RKS1_mPNS_10_Hash_nodeIS1_Lb0EEE
FN:1829,_ZNKSt8__detail15_Hashtable_baseIPhS1_NS_9_IdentityESt8equal_toIS1_ESt4hashIS1_ENS_18_Mod_range_hashingENS_20_Default_ranged_hashENS_17_Hashtable_traitsILb0ELb1ELb1EEEE9_M_equalsERKS1_mPNS_10_Hash_nodeIS1_Lb0EEE
FNDA:0,_ZNKSt8__detail15_Hashtable_baseIPhS1_NS_9_IdentityESt8equal_toIS1_ESt4hashIS1_ENS_18_Mod_range_hashingENS_20_Default_ranged_hashENS_17_Hashtable_traitsILb0ELb1ELb1EEEE9_M_equalsERKS1_mPNS_10_Hash_nodeIS1_Lb0EEE
FN:1846,_ZNKSt8__detail15_Hashtable_baseIPhS1_NS_9_IdentityESt8equal_toIS1_ESt4hashIS1_ENS_18_Mod_range_hashingENS_20_Default_ranged_hashENS_17_Hashtable_traitsILb0ELb1ELb1EEEE5_M_eqEv
FNDA:0,_ZNKSt8__detail15_Hashtable_baseIPhS1_NS_9_IdentityESt8equal_toIS1_ESt4hashIS1_ENS_18_Mod_range_hashingENS_20_Default_ranged_hashENS_17_Hashtable_traitsILb0ELb1ELb1EEEE5_M_eqEv
FN:2036,_ZNSt8__detail16_Hashtable_allocISaINS_10_Hash_nodeIPhLb0EEEEEC2Ev
FNDA:0,_ZNSt8__detail16_Hashtable_allocISaINS_10_Hash_nodeIPhLb0EEEEEC2Ev
FN:2046,_ZNSt8__detail16_Hashtable_allocISaINS_10_Hash_nodeIPhLb0EEEEE17_M_node_allocatorEv
FNDA:0,_ZNSt8__detail16_Hashtable_allocISaINS_10_Hash_nodeIPhLb0EEEEE17_M_node_allocatorEv
FN:2079,_ZNSt8__detail16_Hashtable_allocISaINS_10_Hash_nodeIPhLb0EEEEE16_M_allocate_nodeIJRS2_EEEPS3_DpOT_
FNDA:0,_ZNSt8__detail16_Hashtable_allocISaINS_10_Hash_nodeIPhLb0EEEEE16_M_allocate_nodeIJRS2_EEEPS3_DpOT_
FN:2100,_ZNSt8__detail16_Hashtable_allocISaINS_10_Hash_nodeIPhLb0EEEEE18_M_deallocate_nodeEPS3_
FNDA:0,_ZNSt8__detail16_Hashtable_allocISaINS_10_Hash_nodeIPhLb0EEEEE18_M_deallocate_nodeEPS3_
FN:2108,_ZNSt8__detail16_Hashtable_allocISaINS_10_Hash_nodeIPhLb0EEEEE22_M_deallocate_node_ptrEPS3_
FNDA:0,_ZNSt8__detail16_Hashtable_allocISaINS_10_Hash_nodeIPhLb0EEEEE22_M_deallocate_node_ptrEPS3_
FN:2130,_ZNSt8__detail16_Hashtable_allocISaINS_10_Hash_nodeIPhLb0EEEEE19_M_allocate_bucketsEm
FNDA:0,_ZNSt8__detail16_Hashtable_allocISaINS_10_Hash_nodeIPhLb0EEEEE19_M_allocate_bucketsEm
FN:2142,_ZNSt8__detail16_Hashtable_allocISaINS_10_Hash_nodeIPhLb0EEEEE21_M_deallocate_bucketsEPPNS_15_Hash_node_baseEm
FNDA:0,_ZNSt8__detail16_Hashtable_allocISaINS_10_Hash_nodeIPhLb0EEEEE21_M_deallocate_bucketsEPPNS_15_Hash_node_baseEm
DA:84,0
DA:85,0
DA:84,0
DA:85,0
DA:218,0
DA:236,0
DA:237,0
DA:240,0
DA:241,0
DA:244,0
DA:245,0
DA:248,0
DA:249,0
DA:282,0
DA:283,0
DA:294,0
DA:295,0
DA:304,0
DA:307,0
DA:340,0
DA:341,0
DA:431,0
DA:433,0
DA:449,0
DA:450,0
DA:476,0
DA:477,0
DA:484,0
DA:485,0
DA:1096,0
DA:1104,0
DA:1105,0
DA:1104,0
DA:1105,0
DA:1104,0
DA:1105,0
DA:1104,0
DA:1105,0
DA:1108,0
DA:1109,0
DA:1108,0
DA:1109,0
DA:1288,0
DA:1292,0
DA:1296,0
DA:1297,0
DA:1300,0
DA:1304,0
DA:1307,0
DA:1308,0
DA:1323,0
DA:1326,0
DA:1329,0
DA:1335,0
DA:1459,0
DA:1461,0
DA:1829,0
DA:1834,0
DA:1835,0
DA:1846,0
DA:2036,0
DA:2046,0
DA:2047,0
DA:2079,0
DA:2081,0
DA:2082,0
DA:2085,0
DA:2086,0
DA:2089,0
DA:2091,0
DA:2093,0
DA:2094,0
DA:2100,0
DA:2102,0
DA:2103,0
DA:2104,0
DA:2108,0
DA:2111,0
DA:2112,0
DA:2113,0
DA:2114,0
DA:2130,0
DA:2132,0
DA:2134,0
DA:2135,0
DA:2136,0
DA:2137,0
DA:2142,0
DA:2146,0
DA:2147,0
DA:2148,0
DA:2149,0
end_of_record
SF:/usr/include/c++/9/bits/alloc_traits.h
FN:443,_ZNSt16allocator_traitsISaIPNSt8__detail15_Hash_node_baseEEE8allocateERS3_m
FNDA:0,_ZNSt16allocator_traitsISaIPNSt8__detail15_Hash_node_baseEEE8allocateERS3_m
FN:443,_ZNSt16allocator_traitsISaI24napi_property_descriptorEE8allocateERS1_m
FNDA:0,_ZNSt16allocator_traitsISaI24napi_property_descriptorEE8allocateERS1_m
FN:443,_ZNSt16allocator_traitsISaI11AsyncBufferEE8allocateERS1_m
FNDA:0,_ZNSt16allocator_traitsISaI11AsyncBufferEE8allocateERS1_m
FN:443,_ZNSt16allocator_traitsISaINSt8__detail10_Hash_nodeIPhLb0EEEEE8allocateERS4_m
FNDA:0,_ZNSt16allocator_traitsISaINSt8__detail10_Hash_nodeIPhLb0EEEEE8allocateERS4_m
FN:469,_ZNSt16allocator_traitsISaI24napi_property_descriptorEE10deallocateERS1_PS0_m
FNDA:0,_ZNSt16allocator_traitsISaI24napi_property_descriptorEE10deallocateERS1_PS0_m
FN:469,_ZNSt16allocator_traitsISaI11AsyncBufferEE10deallocateERS1_PS0_m
FNDA:0,_ZNSt16allocator_traitsISaI11AsyncBufferEE10deallocateERS1_PS0_m
FN:469,_ZNSt16allocator_traitsISaIPNSt8__detail15_Hash_node_baseEEE10deallocateERS3_PS2_m
FNDA:0,_ZNSt16allocator_traitsISaIPNSt8__detail15_Hash_node_baseEEE10deallocateERS3_PS2_m
FN:469,_ZNSt16allocator_traitsISaINSt8__detail10_Hash_nodeIPhLb0EEEEE10deallocateERS4_PS3_m
FNDA:0,_ZNSt16allocator_traitsISaINSt8__detail10_Hash_nodeIPhLb0EEEEE10deallocateERS4_PS3_m
FN:469,_ZNSt16allocator_traitsISaIP12napi_value__EE10deallocateERS2_PS1_m
FNDA:0,_ZNSt16allocator_traitsISaIP12napi_value__EE10deallocateERS2_PS1_m
FN:482,_ZNSt16allocator_traitsISaI11AsyncBufferEE9constructIS0_JS0_EEEvRS1_PT_DpOT0_
FNDA:0,_ZNSt16allocator_traitsISaI11AsyncBufferEE9constructIS0_JS0_EEEvRS1_PT_DpOT0_
FN:482,_ZNSt16allocator_traitsISaINSt8__detail10_Hash_nodeIPhLb0EEEEE9constructIS2_JRS2_EEEvRS4_PT_DpOT0_
FNDA:0,_ZNSt16allocator_traitsISaINSt8__detail10_Hash_nodeIPhLb0EEEEE9constructIS2_JRS2_EEEvRS4_PT_DpOT0_
FN:495,_ZNSt16allocator_traitsISaI11AsyncBufferEE7destroyIS0_EEvRS1_PT_
FNDA:0,_ZNSt16allocator_traitsISaI11AsyncBufferEE7destroyIS0_EEvRS1_PT_
FN:495,_ZNSt16allocator_traitsISaINSt8__detail10_Hash_nodeIPhLb0EEEEE7destroyIS2_EEvRS4_PT_
FNDA:0,_ZNSt16allocator_traitsISaINSt8__detail10_Hash_nodeIPhLb0EEEEE7destroyIS2_EEvRS4_PT_
FN:505,_ZNSt16allocator_traitsISaI11AsyncBufferEE8max_sizeERKS1_
FNDA:0,_ZNSt16allocator_traitsISaI11AsyncBufferEE8max_sizeERKS1_
FN:505,_ZNSt16allocator_traitsISaI24napi_property_descriptorEE8max_sizeERKS1_
FNDA:0,_ZNSt16allocator_traitsISaI24napi_property_descriptorEE8max_sizeERKS1_
DA:443,0
DA:444,0
DA:443,0
DA:444,0
DA:443,0
DA:444,0
DA:443,0
DA:444,0
DA:469,0
DA:470,0
DA:469,0
DA:470,0
DA:469,0
DA:470,0
DA:469,0
DA:470,0
DA:469,0
DA:470,0
DA:482,0
DA:484,0
DA:482,0
DA:484,0
DA:495,0
DA:497,0
DA:495,0
DA:497,0
DA:505,0
DA:506,0
DA:505,0
DA:506,0
end_of_record
SF:/usr/include/c++/9/initializer_list
FN:71,_ZNKSt16initializer_listIN4Napi23ClassPropertyDescriptorI9DisruptorEEE4sizeEv
FNDA:0,_ZNKSt16initializer_listIN4Napi23ClassPropertyDescriptorI9DisruptorEEE4sizeEv
FN:71,_ZNKSt16initializer_listIP12napi_value__E4sizeEv
FNDA:0,_ZNKSt16initializer_listIP12napi_value__E4sizeEv
FN:75,_ZNKSt16initializer_listIN4Napi23ClassPropertyDescriptorI9DisruptorEEE5beginEv
FNDA:0,_ZNKSt16initializer_listIN4Napi23ClassPropertyDescriptorI9DisruptorEEE5beginEv
FN:75,_ZNKSt16initializer_listIP12napi_value__E5beginEv
FNDA:0,_ZNKSt16initializer_listIP12napi_value__E5beginEv
DA:71,0
DA:71,0
DA:75,0
DA:75,0
end_of_record
