TN:
SF:/home/david/shared-memory-disruptor/node_modules/node-addon-api/napi-inl.h
FN:54,_ZN4Napi7details12WrapCallbackIZNS_10ObjectWrapI9DisruptorE33InstanceVoidMethodCallbackWrapperEP10napi_env__P20napi_callback_info__EUlvE_EEP12napi_value__T_
FN:54,_ZN4Napi7details12WrapCallbackIZNS_10ObjectWrapI9DisruptorE29InstanceGetterCallbackWrapperEP10napi_env__P20napi_callback_info__EUlvE_EEP12napi_value__T_
FN:54,_ZN4Napi7details12WrapCallbackIZNS_10ObjectWrapI9DisruptorE29InstanceMethodCallbackWrapperEP10napi_env__P20napi_callback_info__EUlvE_EEP12napi_value__T_
FN:54,_ZN4Napi7details12WrapCallbackIZNS_14RegisterModuleEP10napi_env__P12napi_value__S5_PFvNS_3EnvENS_6ObjectES7_EEUlvE_EES5_T_
FN:54,_ZN4Napi7details12WrapCallbackIZNS0_12CallbackDataIPFvRKNS_12CallbackInfoEEvE7WrapperEP10napi_env__P20napi_callback_info__EUlvE_EEP12napi_value__T_
FN:54,_ZN4Napi7details12WrapCallbackIZNS_10ObjectWrapI9DisruptorE29InstanceSetterCallbackWrapperEP10napi_env__P20napi_callback_info__EUlvE_EEP12napi_value__T_
FN:54,_ZN4Napi7details12WrapCallbackIZNS_10ObjectWrapI9DisruptorE26ConstructorCallbackWrapperEP10napi_env__P20napi_callback_info__EUlvE_EEP12napi_value__T_
FN:54,_ZN4Napi7details12WrapCallbackIZNS_11AsyncWorker14OnWorkCompleteEP10napi_env__11napi_statusPvEUlvE_EEP12napi_value__T_
FN:89,_ZN4Napi7details12CallbackDataIPFvRKNS_12CallbackInfoEEvE7WrapperEP10napi_env__P20napi_callback_info__
FN:90,_ZZN4Napi7details12CallbackDataIPFvRKNS_12CallbackInfoEEvE7WrapperEP10napi_env__P20napi_callback_info__ENKUlvE_clEv
FN:169,_ZN4Napi14RegisterModuleEP10napi_env__P12napi_value__S3_PFvNS_3EnvENS_6ObjectES5_E
FN:173,_ZZN4Napi14RegisterModuleEP10napi_env__P12napi_value__S3_PFvNS_3EnvENS_6ObjectES5_EENKUlvE_clEv
FN:185,_ZN4Napi3EnvC2EP10napi_env__
FN:188,_ZNK4Napi3EnvcvP10napi_env__Ev
FN:199,_ZNK4Napi3Env9UndefinedEv
FN:206,_ZNK4Napi3Env4NullEv
FN:234,_ZN4Napi5ValueC2Ev
FN:237,_ZN4Napi5ValueC2EP10napi_env__P12napi_value__
FN:240,_ZNK4Napi5ValuecvP12napi_value__Ev
FN:259,_ZNK4Napi5Value3EnvEv
FN:267,_ZNK4Napi5Value4TypeEv
FN:339,_ZNK4Napi5Value10IsFunctionEv
FN:355,_ZNK4Napi5Value2AsINS_6ObjectEEET_v
FN:355,_ZNK4Napi5Value2AsINS_6StringEEET_v
FN:355,_ZNK4Napi5Value2AsINS_7BooleanEEET_v
FN:355,_ZNK4Napi5Value2AsINS_6NumberEEET_v
FN:355,_ZNK4Napi5Value2AsINS_8FunctionEEET_v
FN:391,_ZN4Napi7Boolean3NewEP10napi_env__b
FN:401,_ZN4Napi7BooleanC2EP10napi_env__P12napi_value__
FN:404,_ZNK4Napi7BooleancvbEv
FN:408,_ZNK4Napi7Boolean5ValueEv
FN:419,_ZN4Napi6Number3NewEP10napi_env__d
FN:429,_ZN4Napi6NumberC2EP10napi_env__P12napi_value__
FN:436,_ZNK4Napi6NumbercvjEv
FN:459,_ZNK4Napi6Number11Uint32ValueEv
FN:466,_ZNK4Napi6Number10Int64ValueEv
FN:491,_ZN4Napi4NameC2EP10napi_env__P12napi_value__
FN:537,_ZN4Napi6StringC2EP10napi_env__P12napi_value__
FN:540,_ZNK4Napi6StringcvNSt7__cxx1112basic_stringIcSt11char_traitsIcESaIcEEEB5cxx11Ev
FN:548,_ZNK4Napi6String9Utf8ValueB5cxx11Ev
FN:617,_ZN4Napi6Object14PropertyLValueIjEaSINS_5ValueEEERS2_T_
FN:623,_ZN4Napi6Object14PropertyLValueIjEC2ES0_j
FN:626,_ZN4Napi6Object3NewEP10napi_env__
FN:633,_ZN4Napi6ObjectC2Ev
FN:636,_ZN4Napi6ObjectC2EP10napi_env__P12napi_value__
FN:647,_ZN4Napi6ObjectixEj
FN:702,_ZNK4Napi6Object3GetEPKc
FN:723,_ZN4Napi6Object3SetEPKcNS_5ValueE
FN:784,_ZN4Napi6Object3SetEjNS_5ValueE
FN:912,_ZN4Napi5Array3NewEP10napi_env__
FN:929,_ZN4Napi5ArrayC2EP10napi_env__P12napi_value__
FN:932,_ZNK4Napi5Array6LengthEv
FN:1201,_ZN4Napi8Function3NewIPFvRKNS_12CallbackInfoEEEES0_P10napi_env__T_PKcPv
FN:1228,_ZN4Napi8FunctionC2EP10napi_env__P12napi_value__
FN:1263,_ZNK4Napi8Function12MakeCallbackEP12napi_value__RKSt16initializer_listIS2_E
FN:1273,_ZNK4Napi8Function12MakeCallbackEP12napi_value__mPKS2_
FN:1303,_ZN4Napi6BufferIhE3NewEP10napi_env__m
FN:1312,_ZN4Napi6BufferIhE3NewEP10napi_env__Phm
FN:1312,_ZN4Napi6BufferImE3NewEP10napi_env__Pmm
FN:1377,_ZN4Napi6BufferIhEC2Ev
FN:1386,_ZN4Napi6BufferImEC2EP10napi_env__P12napi_value__mPm
FN:1386,_ZN4Napi6BufferIhEC2EP10napi_env__P12napi_value__mPh
FN:1391,_ZNK4Napi6BufferIhE6LengthEv
FN:1403,_ZNK4Napi6BufferIhE10EnsureInfoEv
FN:1421,_ZN4Napi5Error3NewEP10napi_env__
FN:1479,_ZN4Napi5Error3NewEP10napi_env__RKNSt7__cxx1112basic_stringIcSt11char_traitsIcESaIcEEE
FN:1483,_ZN4Napi5Error5FatalEPKcS2_
FN:1490,_ZN4Napi5ErrorC2EP10napi_env__P12napi_value__
FN:1526,_ZNK4Napi5Error7MessageB5cxx11Ev
FN:1543,_ZNK4Napi5Error26ThrowAsJavaScriptExceptionEv
FN:1553,_ZNK4Napi5Error4whatEv
FN:1560,_ZN4Napi5Error3NewIS0_EET_P10napi_env__PKcmPF11napi_statusS4_P12napi_value__S9_PS9_E
FN:1608,_ZN4Napi9ReferenceINS_8FunctionEE3NewERKS1_j
FN:1608,_ZN4Napi9ReferenceINS_6ObjectEE3NewERKS1_j
FN:1625,_ZN4Napi9ReferenceINS_6ObjectEEC2Ev
FN:1629,_ZN4Napi9ReferenceINS_6ObjectEEC2EP10napi_env__P10napi_ref__
FN:1629,_ZN4Napi9ReferenceINS_8FunctionEEC2EP10napi_env__P10napi_ref__
FN:1634,_ZN4Napi9ReferenceINS_8FunctionEED2Ev
FN:1634,_ZN4Napi9ReferenceINS_6ObjectEED2Ev
FN:1645,_ZN4Napi9ReferenceINS_8FunctionEEC2EOS2_
FN:1645,_ZN4Napi9ReferenceINS_6ObjectEEC2EOS2_
FN:1653,_ZN4Napi9ReferenceINS_6ObjectEEaSEOS2_
FN:1700,_ZNK4Napi9ReferenceINS_6ObjectEE7IsEmptyEv
FN:1705,_ZNK4Napi9ReferenceINS_6ObjectEE5ValueEv
FN:1705,_ZNK4Napi9ReferenceINS_8FunctionEE5ValueEv
FN:1733,_ZN4Napi9ReferenceINS_6ObjectEE5ResetEv
FN:1776,_ZN4Napi10PersistentENS_6ObjectE
FN:1780,_ZN4Napi10PersistentENS_8FunctionE
FN:1791,_ZN4Napi15ObjectReferenceC2EP10napi_env__P10napi_ref__
FN:1794,_ZN4Napi15ObjectReferenceC2EONS_9ReferenceINS_6ObjectEEE
FN:1816,_ZNK4Napi15ObjectReference3GetEPKc
FN:1922,_ZN4Napi17FunctionReferenceC2EONS_9ReferenceINS_8FunctionEEE
FN:1968,_ZNK4Napi17FunctionReference12MakeCallbackEP12napi_value__RKSt16initializer_listIS2_E
FN:1994,_ZN4Napi12CallbackInfoC2EP10napi_env__P20napi_callback_info__
FN:2012,_ZN4Napi12CallbackInfoD2Ev
FN:2025,_ZNK4Napi12CallbackInfo3EnvEv
FN:2029,_ZNK4Napi12CallbackInfo6LengthEv
FN:2033,_ZNK4Napi12CallbackInfoixEm
FN:2037,_ZNK4Napi12CallbackInfo4ThisEv
FN:2044,_ZNK4Napi12CallbackInfo4DataEv
FN:2048,_ZN4Napi12CallbackInfo7SetDataEPv
FN:2287,_ZN4Napi10ObjectWrapI9DisruptorEC2ERKNS_12CallbackInfoE
FN:2301,_ZN4Napi10ObjectWrapI9DisruptorE6UnwrapENS_6ObjectE
FN:2309,_ZN4Napi10ObjectWrapI9DisruptorE11DefineClassENS_3EnvEPKcRKSt16initializer_listINS_23ClassPropertyDescriptorIS1_EEEPv
FN:2393,_ZN4Napi10ObjectWrapI9DisruptorE14InstanceMethodEPKcMS1_FvRKNS_12CallbackInfoEE24napi_property_attributesPv
FN:2411,_ZN4Napi10ObjectWrapI9DisruptorE14InstanceMethodEPKcMS1_FNS_5ValueERKNS_12CallbackInfoEE24napi_property_attributesPv
FN:2428,_ZN4Napi10ObjectWrapI9DisruptorE16InstanceAccessorEPKcMS1_FNS_5ValueERKNS_12CallbackInfoEEMS1_FvS8_RKS5_E24napi_property_attributesPv
FN:2470,_ZN4Napi10ObjectWrapI9DisruptorE26ConstructorCallbackWrapperEP10napi_env__P20napi_callback_info__
FN:2483,_ZZN4Napi10ObjectWrapI9DisruptorE26ConstructorCallbackWrapperEP10napi_env__P20napi_callback_info__ENKUlvE_clEv
FN:2547,_ZN4Napi10ObjectWrapI9DisruptorE33InstanceVoidMethodCallbackWrapperEP10napi_env__P20napi_callback_info__
FN:2550,_ZZN4Napi10ObjectWrapI9DisruptorE33InstanceVoidMethodCallbackWrapperEP10napi_env__P20napi_callback_info__ENKUlvE_clEv
FN:2563,_ZN4Napi10ObjectWrapI9DisruptorE29InstanceMethodCallbackWrapperEP10napi_env__P20napi_callback_info__
FN:2566,_ZZN4Napi10ObjectWrapI9DisruptorE29InstanceMethodCallbackWrapperEP10napi_env__P20napi_callback_info__ENKUlvE_clEv
FN:2578,_ZN4Napi10ObjectWrapI9DisruptorE29InstanceGetterCallbackWrapperEP10napi_env__P20napi_callback_info__
FN:2581,_ZZN4Napi10ObjectWrapI9DisruptorE29InstanceGetterCallbackWrapperEP10napi_env__P20napi_callback_info__ENKUlvE_clEv
FN:2593,_ZN4Napi10ObjectWrapI9DisruptorE29InstanceSetterCallbackWrapperEP10napi_env__P20napi_callback_info__
FN:2596,_ZZN4Napi10ObjectWrapI9DisruptorE29InstanceSetterCallbackWrapperEP10napi_env__P20napi_callback_info__ENKUlvE_clEv
FN:2609,_ZN4Napi10ObjectWrapI9DisruptorE16FinalizeCallbackEP10napi_env__PvS5_
FN:2622,_ZN4Napi11HandleScopeC2ENS_3EnvE
FN:2627,_ZN4Napi11HandleScopeD2Ev
FN:2647,_ZN4Napi20EscapableHandleScopeC2ENS_3EnvE
FN:2652,_ZN4Napi20EscapableHandleScopeD2Ev
FN:2664,_ZN4Napi20EscapableHandleScope6EscapeEP12napi_value__
FN:2675,_ZN4Napi11AsyncWorkerC2ERKNS_8FunctionE
FN:2679,_ZN4Napi11AsyncWorkerC2ERKNS_6ObjectERKNS_8FunctionE
FN:2688,_ZN4Napi11AsyncWorkerD2Ev
FN:2688,_ZN4Napi11AsyncWorkerD0Ev
FN:2720,_ZNK4Napi11AsyncWorker3EnvEv
FN:2724,_ZN4Napi11AsyncWorker5QueueEv
FN:2734,_ZN4Napi11AsyncWorker8ReceiverEv
FN:2738,_ZN4Napi11AsyncWorker8CallbackEv
FN:2742,_ZN4Napi11AsyncWorker4OnOKEv
FN:2746,_ZN4Napi11AsyncWorker7OnErrorERKNS_5ErrorE
FN:2750,_ZN4Napi11AsyncWorker8SetErrorERKNSt7__cxx1112basic_stringIcSt11char_traitsIcESaIcEEE
FN:2754,_ZN4Napi11AsyncWorker9OnExecuteEP10napi_env__Pv
FN:2767,_ZN4Napi11AsyncWorker14OnWorkCompleteEP10napi_env__11napi_statusPv
FN:2772,_ZZN4Napi11AsyncWorker14OnWorkCompleteEP10napi_env__11napi_statusPvENKUlvE_clEv
FNDA:3380,_ZN4Napi7details12WrapCallbackIZNS_10ObjectWrapI9DisruptorE26ConstructorCallbackWrapperEP10napi_env__P20napi_callback_info__EUlvE_EEP12napi_value__T_
FNDA:0,_ZN4Napi7details12WrapCallbackIZNS_10ObjectWrapI9DisruptorE29InstanceSetterCallbackWrapperEP10napi_env__P20napi_callback_info__EUlvE_EEP12napi_value__T_
FNDA:1560,_ZN4Napi7details12WrapCallbackIZNS_10ObjectWrapI9DisruptorE29InstanceGetterCallbackWrapperEP10napi_env__P20napi_callback_info__EUlvE_EEP12napi_value__T_
FNDA:1210673,_ZN4Napi7details12WrapCallbackIZNS_10ObjectWrapI9DisruptorE29InstanceMethodCallbackWrapperEP10napi_env__P20napi_callback_info__EUlvE_EEP12napi_value__T_
FNDA:643272,_ZN4Napi7details12WrapCallbackIZNS_10ObjectWrapI9DisruptorE33InstanceVoidMethodCallbackWrapperEP10napi_env__P20napi_callback_info__EUlvE_EEP12napi_value__T_
FNDA:1,_ZN4Napi7details12WrapCallbackIZNS0_12CallbackDataIPFvRKNS_12CallbackInfoEEvE7WrapperEP10napi_env__P20napi_callback_info__EUlvE_EEP12napi_value__T_
FNDA:3035076,_ZN4Napi7details12WrapCallbackIZNS_11AsyncWorker14OnWorkCompleteEP10napi_env__11napi_statusPvEUlvE_EEP12napi_value__T_
FNDA:253,_ZN4Napi7details12WrapCallbackIZNS_14RegisterModuleEP10napi_env__P12napi_value__S5_PFvNS_3EnvENS_6ObjectES7_EEUlvE_EES5_T_
FNDA:1,_ZN4Napi7details12CallbackDataIPFvRKNS_12CallbackInfoEEvE7WrapperEP10napi_env__P20napi_callback_info__
FNDA:1,_ZZN4Napi7details12CallbackDataIPFvRKNS_12CallbackInfoEEvE7WrapperEP10napi_env__P20napi_callback_info__ENKUlvE_clEv
FNDA:253,_ZN4Napi14RegisterModuleEP10napi_env__P12napi_value__S3_PFvNS_3EnvENS_6ObjectES5_E
FNDA:253,_ZZN4Napi14RegisterModuleEP10napi_env__P12napi_value__S3_PFvNS_3EnvENS_6ObjectES5_EENKUlvE_clEv
FNDA:25513632,_ZN4Napi3EnvC2EP10napi_env__
FNDA:24575121,_ZNK4Napi3EnvcvP10napi_env__Ev
FNDA:302627,_ZNK4Napi3Env9UndefinedEv
FNDA:304257,_ZNK4Napi3Env4NullEv
FNDA:258889,_ZN4Napi5ValueC2Ev
FNDA:19707778,_ZN4Napi5ValueC2EP10napi_env__P12napi_value__
FNDA:23972987,_ZNK4Napi5ValuecvP12napi_value__Ev
FNDA:17288964,_ZNK4Napi5Value3EnvEv
FNDA:304257,_ZNK4Napi5Value4TypeEv
FNDA:304257,_ZNK4Napi5Value10IsFunctionEv
FNDA:6760,_ZNK4Napi5Value2AsINS_7BooleanEEET_v
FNDA:587290,_ZNK4Napi5Value2AsINS_6NumberEEET_v
FNDA:304256,_ZNK4Napi5Value2AsINS_8FunctionEEET_v
FNDA:2142380,_ZNK4Napi5Value2AsINS_6ObjectEEET_v
FNDA:3380,_ZNK4Napi5Value2AsINS_6StringEEET_v
FNDA:331429,_ZN4Napi7Boolean3NewEP10napi_env__b
FNDA:338189,_ZN4Napi7BooleanC2EP10napi_env__P12napi_value__
FNDA:58648,_ZNK4Napi7BooleancvbEv
FNDA:58648,_ZNK4Napi7Boolean5ValueEv
FNDA:574138,_ZN4Napi6Number3NewEP10napi_env__d
FNDA:1161428,_ZN4Napi6NumberC2EP10napi_env__P12napi_value__
FNDA:13540,_ZNK4Napi6NumbercvjEv
FNDA:13540,_ZNK4Napi6Number11Uint32ValueEv
FNDA:573750,_ZNK4Napi6Number10Int64ValueEv
FNDA:3380,_ZN4Napi4NameC2EP10napi_env__P12napi_value__
FNDA:3380,_ZN4Napi6StringC2EP10napi_env__P12napi_value__
FNDA:0,_ZNK4Napi6StringcvNSt7__cxx1112basic_stringIcSt11char_traitsIcESaIcEEEB5cxx11Ev
FNDA:3380,_ZNK4Napi6String9Utf8ValueB5cxx11Ev
FNDA:258079,_ZN4Napi6Object14PropertyLValueIjEaSINS_5ValueEEERS2_T_
FNDA:258079,_ZN4Napi6Object14PropertyLValueIjEC2ES0_j
FNDA:3035076,_ZN4Napi6Object3NewEP10napi_env__
FNDA:258889,_ZN4Napi6ObjectC2Ev
FNDA:15800821,_ZN4Napi6ObjectC2EP10napi_env__P12napi_value__
FNDA:258079,_ZN4Napi6ObjectixEj
FNDA:573750,_ZNK4Napi6Object3GetEPKc
FNDA:574007,_ZN4Napi6Object3SetEPKcNS_5ValueE
FNDA:638919,_ZN4Napi6Object3SetEjNS_5ValueE
FNDA:896625,_ZN4Napi5Array3NewEP10napi_env__
FNDA:896625,_ZN4Napi5ArrayC2EP10napi_env__P12napi_value__
FNDA:513730,_ZNK4Napi5Array6LengthEv
FNDA:1,_ZN4Napi8Function3NewIPFvRKNS_12CallbackInfoEEEES0_P10napi_env__T_PKcPv
FNDA:3339586,_ZN4Napi8FunctionC2EP10napi_env__P12napi_value__
FNDA:304257,_ZNK4Napi8Function12MakeCallbackEP12napi_value__RKSt16initializer_listIS2_E
FNDA:304257,_ZNK4Napi8Function12MakeCallbackEP12napi_value__mPKS2_
FNDA:13,_ZN4Napi6BufferIhE3NewEP10napi_env__m
FNDA:926949,_ZN4Napi6BufferIhE3NewEP10napi_env__Phm
FNDA:9,_ZN4Napi6BufferImE3NewEP10napi_env__Pmm
FNDA:258889,_ZN4Napi6BufferIhEC2Ev
FNDA:926962,_ZN4Napi6BufferIhEC2EP10napi_env__P12napi_value__mPh
FNDA:9,_ZN4Napi6BufferImEC2EP10napi_env__P12napi_value__mPm
FNDA:51887,_ZNK4Napi6BufferIhE6LengthEv
FNDA:51887,_ZNK4Napi6BufferIhE10EnsureInfoEv
FNDA:0,_ZN4Napi5Error3NewEP10napi_env__
FNDA:3,_ZN4Napi5Error3NewEP10napi_env__RKNSt7__cxx1112basic_stringIcSt11char_traitsIcESaIcEEE
FNDA:0,_ZN4Napi5Error5FatalEPKcS2_
FNDA:3,_ZN4Napi5ErrorC2EP10napi_env__P12napi_value__
FNDA:0,_ZNK4Napi5Error7MessageB5cxx11Ev
FNDA:3,_ZNK4Napi5Error26ThrowAsJavaScriptExceptionEv
FNDA:0,_ZNK4Napi5Error4whatEv
FNDA:3,_ZN4Napi5Error3NewIS0_EET_P10napi_env__PKcmPF11napi_statusS4_P12napi_value__S9_PS9_E
FNDA:3035076,_ZN4Napi9ReferenceINS_8FunctionEE3NewERKS1_j
FNDA:6070152,_ZN4Napi9ReferenceINS_6ObjectEE3NewERKS1_j
FNDA:3380,_ZN4Napi9ReferenceINS_6ObjectEEC2Ev
FNDA:3035076,_ZN4Napi9ReferenceINS_8FunctionEEC2EP10napi_env__P10napi_ref__
FNDA:6073535,_ZN4Napi9ReferenceINS_6ObjectEEC2EP10napi_env__P10napi_ref__
FNDA:6070152,_ZN4Napi9ReferenceINS_8FunctionEED2Ev
FNDA:12146415,_ZN4Napi9ReferenceINS_6ObjectEED2Ev
FNDA:3035076,_ZN4Napi9ReferenceINS_8FunctionEEC2EOS2_
FNDA:6070152,_ZN4Napi9ReferenceINS_6ObjectEEC2EOS2_
FNDA:3380,_ZN4Napi9ReferenceINS_6ObjectEEaSEOS2_
FNDA:3,_ZNK4Napi9ReferenceINS_6ObjectEE7IsEmptyEv
FNDA:3035076,_ZNK4Napi9ReferenceINS_8FunctionEE5ValueEv
FNDA:3339336,_ZNK4Napi9ReferenceINS_6ObjectEE5ValueEv
FNDA:3380,_ZN4Napi9ReferenceINS_6ObjectEE5ResetEv
FNDA:6070152,_ZN4Napi10PersistentENS_6ObjectE
FNDA:3035076,_ZN4Napi10PersistentENS_8FunctionE
FNDA:3,_ZN4Napi15ObjectReferenceC2EP10napi_env__P10napi_ref__
FNDA:6070152,_ZN4Napi15ObjectReferenceC2EONS_9ReferenceINS_6ObjectEEE
FNDA:0,_ZNK4Napi15ObjectReference3GetEPKc
FNDA:3035076,_ZN4Napi17FunctionReferenceC2EONS_9ReferenceINS_8FunctionEEE
FNDA:304257,_ZNK4Napi17FunctionReference12MakeCallbackEP12napi_value__RKSt16initializer_listIS2_E
FNDA:1858886,_ZN4Napi12CallbackInfoC2EP10napi_env__P20napi_callback_info__
FNDA:1858886,_ZN4Napi12CallbackInfoD2Ev
FNDA:1518244,_ZNK4Napi12CallbackInfo3EnvEv
FNDA:304257,_ZNK4Napi12CallbackInfo6LengthEv
FNDA:614812,_ZNK4Napi12CallbackInfoixEm
FNDA:1862262,_ZNK4Napi12CallbackInfo4ThisEv
FNDA:1855506,_ZNK4Napi12CallbackInfo4DataEv
FNDA:1855506,_ZN4Napi12CallbackInfo7SetDataEPv
FNDA:3380,_ZN4Napi10ObjectWrapI9DisruptorEC2ERKNS_12CallbackInfoE
FNDA:1855505,_ZN4Napi10ObjectWrapI9DisruptorE6UnwrapENS_6ObjectE
FNDA:253,_ZN4Napi10ObjectWrapI9DisruptorE11DefineClassENS_3EnvEPKcRKSt16initializer_listINS_23ClassPropertyDescriptorIS1_EEEPv
FNDA:1518,_ZN4Napi10ObjectWrapI9DisruptorE14InstanceMethodEPKcMS1_FvRKNS_12CallbackInfoEE24napi_property_attributesPv
FNDA:2024,_ZN4Napi10ObjectWrapI9DisruptorE14InstanceMethodEPKcMS1_FNS_5ValueERKNS_12CallbackInfoEE24napi_property_attributesPv
FNDA:1771,_ZN4Napi10ObjectWrapI9DisruptorE16InstanceAccessorEPKcMS1_FNS_5ValueERKNS_12CallbackInfoEEMS1_FvS8_RKS5_E24napi_property_attributesPv
FNDA:3380,_ZN4Napi10ObjectWrapI9DisruptorE26ConstructorCallbackWrapperEP10napi_env__P20napi_callback_info__
FNDA:3380,_ZZN4Napi10ObjectWrapI9DisruptorE26ConstructorCallbackWrapperEP10napi_env__P20napi_callback_info__ENKUlvE_clEv
FNDA:643272,_ZN4Napi10ObjectWrapI9DisruptorE33InstanceVoidMethodCallbackWrapperEP10napi_env__P20napi_callback_info__
FNDA:643272,_ZZN4Napi10ObjectWrapI9DisruptorE33InstanceVoidMethodCallbackWrapperEP10napi_env__P20napi_callback_info__ENKUlvE_clEv
FNDA:1210673,_ZN4Napi10ObjectWrapI9DisruptorE29InstanceMethodCallbackWrapperEP10napi_env__P20napi_callback_info__
FNDA:1210673,_ZZN4Napi10ObjectWrapI9DisruptorE29InstanceMethodCallbackWrapperEP10napi_env__P20napi_callback_info__ENKUlvE_clEv
FNDA:1560,_ZN4Napi10ObjectWrapI9DisruptorE29InstanceGetterCallbackWrapperEP10napi_env__P20napi_callback_info__
FNDA:1560,_ZZN4Napi10ObjectWrapI9DisruptorE29InstanceGetterCallbackWrapperEP10napi_env__P20napi_callback_info__ENKUlvE_clEv
FNDA:0,_ZN4Napi10ObjectWrapI9DisruptorE29InstanceSetterCallbackWrapperEP10napi_env__P20napi_callback_info__
FNDA:0,_ZZN4Napi10ObjectWrapI9DisruptorE29InstanceSetterCallbackWrapperEP10napi_env__P20napi_callback_info__ENKUlvE_clEv
FNDA:2725,_ZN4Napi10ObjectWrapI9DisruptorE16FinalizeCallbackEP10napi_env__PvS5_
FNDA:3035079,_ZN4Napi11HandleScopeC2ENS_3EnvE
FNDA:3035079,_ZN4Napi11HandleScopeD2Ev
FNDA:304257,_ZN4Napi20EscapableHandleScopeC2ENS_3EnvE
FNDA:304257,_ZN4Napi20EscapableHandleScopeD2Ev
FNDA:304257,_ZN4Napi20EscapableHandleScope6EscapeEP12napi_value__
FNDA:3035076,_ZN4Napi11AsyncWorkerC2ERKNS_8FunctionE
FNDA:3035076,_ZN4Napi11AsyncWorkerC2ERKNS_6ObjectERKNS_8FunctionE
FNDA:0,_ZN4Napi11AsyncWorkerD0Ev
FNDA:3035076,_ZN4Napi11AsyncWorkerD2Ev
FNDA:3636153,_ZNK4Napi11AsyncWorker3EnvEv
FNDA:3035076,_ZN4Napi11AsyncWorker5QueueEv
FNDA:304257,_ZN4Napi11AsyncWorker8ReceiverEv
FNDA:3035076,_ZN4Napi11AsyncWorker8CallbackEv
FNDA:0,_ZN4Napi11AsyncWorker4OnOKEv
FNDA:0,_ZN4Napi11AsyncWorker7OnErrorERKNS_5ErrorE
FNDA:0,_ZN4Napi11AsyncWorker8SetErrorERKNSt7__cxx1112basic_stringIcSt11char_traitsIcESaIcEEE
FNDA:3034779,_ZN4Napi11AsyncWorker9OnExecuteEP10napi_env__Pv
FNDA:3035076,_ZN4Napi11AsyncWorker14OnWorkCompleteEP10napi_env__11napi_statusPv
FNDA:3035076,_ZZN4Napi11AsyncWorker14OnWorkCompleteEP10napi_env__11napi_statusPvENKUlvE_clEv
FNF:137
FNH:124
DA:54,4894215
DA:57,4894215
DA:58,6
DA:59,3
DA:60,3
DA:89,1
DA:90,2
DA:91,2
DA:93,1
DA:94,1
DA:95,1
DA:96,2
DA:97,1
DA:169,253
DA:173,253
DA:174,1012
DA:175,253
DA:176,506
DA:177,253
DA:178,253
DA:179,253
DA:185,25513632
DA:186,25513632
DA:188,24575121
DA:189,24575121
DA:199,302627
DA:201,302627
DA:202,302627
DA:203,302627
DA:206,304257
DA:208,304257
DA:209,304257
DA:210,304257
DA:234,258889
DA:235,258889
DA:237,19707778
DA:238,19707778
DA:240,23972987
DA:241,23972987
DA:259,17288964
DA:260,17288964
DA:267,304257
DA:268,304257
DA:269,0
DA:273,304257
DA:274,304257
DA:275,304257
DA:339,304257
DA:340,304257
DA:355,3044066
DA:356,3044066
DA:391,331429
DA:393,331429
DA:394,331429
DA:395,331429
DA:401,338189
DA:402,338189
DA:404,58648
DA:405,58648
DA:408,58648
DA:410,58648
DA:411,58648
DA:412,58648
DA:419,574138
DA:421,574138
DA:422,574138
DA:423,574138
DA:429,1161428
DA:430,1161428
DA:436,13540
DA:437,13540
DA:459,13540
DA:461,13540
DA:462,13540
DA:463,13540
DA:466,573750
DA:468,573750
DA:469,573750
DA:470,573750
DA:491,3380
DA:492,3380
DA:537,3380
DA:538,3380
DA:540,0
DA:541,0
DA:548,3380
DA:550,3380
DA:551,3380
DA:553,3380
DA:554,3380
DA:555,3380
DA:556,3380
DA:557,3380
DA:558,3380
DA:617,258079
DA:618,258079
DA:619,258079
DA:623,258079
DA:624,258079
DA:626,3035076
DA:628,3035076
DA:629,3035076
DA:630,3035076
DA:633,258889
DA:634,258889
DA:636,15800821
DA:637,15800821
DA:647,258079
DA:648,258079
DA:702,573750
DA:704,573750
DA:705,573750
DA:706,573750
DA:723,574007
DA:724,574007
DA:725,574007
DA:726,574007
DA:784,638919
DA:785,638919
DA:786,638919
DA:787,638919
DA:912,896625
DA:914,896625
DA:915,896625
DA:916,896625
DA:929,896625
DA:930,896625
DA:932,513730
DA:934,513730
DA:935,513730
DA:936,513730
DA:1201,1
DA:1208,1
DA:1211,1
DA:1212,1
DA:1213,1
DA:1214,1
DA:1228,3339586
DA:1229,3339586
DA:1263,304257
DA:1265,304257
DA:1273,304257
DA:1276,304257
DA:1277,608514
DA:1278,304257
DA:1279,304257
DA:1303,13
DA:1306,13
DA:1307,13
DA:1308,13
DA:1312,926958
DA:1314,926958
DA:1315,926958
DA:1316,926958
DA:1317,926958
DA:1377,258889
DA:1378,258889
DA:1386,926971
DA:1387,926971
DA:1388,926971
DA:1391,51887
DA:1392,51887
DA:1393,51887
DA:1403,51887
DA:1407,51887
DA:1410,0
DA:1411,0
DA:1412,0
DA:1413,0
DA:1415,51887
DA:1421,0
DA:1423,0
DA:1426,0
DA:1427,0
DA:1429,0
DA:1430,0
DA:1431,0
DA:1432,0
DA:1435,0
DA:1436,0
DA:1439,0
DA:1440,0
DA:1442,0
DA:1443,0
DA:1444,0
DA:1448,0
DA:1453,0
DA:1455,0
DA:1456,0
DA:1461,0
DA:1462,0
DA:1464,0
DA:1465,0
DA:1467,0
DA:1472,0
DA:1479,3
DA:1480,3
DA:1483,0
DA:1484,0
DA:1490,3
DA:1491,3
DA:1492,3
DA:1496,3
DA:1498,3
DA:1526,0
DA:1527,0
DA:1530,0
DA:1532,0
DA:1540,0
DA:1543,3
DA:1544,6
DA:1545,3
DA:1546,3
DA:1547,3
DA:1549,3
DA:1553,0
DA:1554,0
DA:1560,3
DA:1565,3
DA:1566,3
DA:1569,3
DA:1570,3
DA:1572,3
DA:1608,9105228
DA:1609,9105228
DA:1610,9105228
DA:1612,9105228
DA:1613,0
DA:1617,9105228
DA:1618,9105228
DA:1620,9105228
DA:1625,3380
DA:1626,3380
DA:1629,9108611
DA:1630,9108611
DA:1631,9108611
DA:1634,18216567
DA:1635,18216567
DA:1636,9107959
DA:1637,9107959
DA:1640,9107959
DA:1642,18216567
DA:1645,9105228
DA:1646,9105228
DA:1647,9105228
DA:1648,9105228
DA:1649,9105228
DA:1650,9105228
DA:1653,3380
DA:1654,3380
DA:1655,3380
DA:1656,3380
DA:1657,3380
DA:1658,3380
DA:1659,3380
DA:1660,3380
DA:1661,3380
DA:1700,3
DA:1701,3
DA:1705,6374412
DA:1706,6374412
DA:1707,0
DA:1711,6374412
DA:1712,6374412
DA:1713,6374412
DA:1733,3380
DA:1734,3380
DA:1735,0
DA:1736,0
DA:1737,0
DA:1739,3380
DA:1776,6070152
DA:1777,6070152
DA:1780,3035076
DA:1781,3035076
DA:1791,3
DA:1792,3
DA:1794,6070152
DA:1795,6070152
DA:1796,6070152
DA:1816,0
DA:1817,0
DA:1818,0
DA:1922,3035076
DA:1923,3035076
DA:1924,3035076
DA:1968,304257
DA:1970,608514
DA:1971,608514
DA:1994,1858886
DA:1995,1858886
DA:1996,1858886
DA:1997,1858886
DA:1998,1858886
DA:1999,1858886
DA:2001,1858886
DA:2004,3380
DA:2005,3380
DA:2007,3380
DA:2008,3380
DA:2010,1858886
DA:2012,3717772
DA:2013,1858886
DA:2014,3380
DA:2016,1858886
DA:2025,1518244
DA:2026,1518244
DA:2029,304257
DA:2030,304257
DA:2033,614812
DA:2034,614812
DA:2037,1862262
DA:2038,1862262
DA:2039,0
DA:2041,1862262
DA:2044,1855506
DA:2045,1855506
DA:2048,1855506
DA:2049,1855506
DA:2050,1855506
DA:2287,3380
DA:2288,3380
DA:2289,3380
DA:2292,3380
DA:2293,3380
DA:2294,3380
DA:2296,3380
DA:2297,3380
DA:2298,3380
DA:2301,1855505
DA:2303,1855505
DA:2304,1855505
DA:2305,1855505
DA:2309,253
DA:2315,253
DA:2317,506
DA:2318,253
DA:2320,253
DA:2393,1518
DA:2400,1518
DA:2402,1518
DA:2403,1518
DA:2404,1518
DA:2405,1518
DA:2406,1518
DA:2407,1518
DA:2411,2024
DA:2417,2024
DA:2419,2024
DA:2420,2024
DA:2421,2024
DA:2422,2024
DA:2423,2024
DA:2424,2024
DA:2428,1771
DA:2436,1771
DA:2438,1771
DA:2439,1771
DA:2440,1771
DA:2441,1771
DA:2442,1771
DA:2443,1771
DA:2444,1771
DA:2470,3380
DA:2474,3380
DA:2475,3380
DA:2477,3380
DA:2478,0
DA:2479,0
DA:2483,6760
DA:2484,6760
DA:2485,3383
DA:2486,6754
DA:2487,3380
DA:2489,3380
DA:2547,643272
DA:2550,1286544
DA:2551,1286544
DA:2553,643272
DA:2554,643272
DA:2555,643272
DA:2556,643272
DA:2557,643272
DA:2558,1286544
DA:2559,643272
DA:2563,1210673
DA:2566,2421346
DA:2567,2421346
DA:2569,1210673
DA:2570,1210673
DA:2571,1210673
DA:2572,1210673
DA:2573,2421346
DA:2574,1210673
DA:2578,1560
DA:2581,3120
DA:2582,3120
DA:2584,1560
DA:2585,1560
DA:2586,1560
DA:2587,1560
DA:2588,3120
DA:2589,1560
DA:2593,0
DA:2596,0
DA:2597,0
DA:2599,0
DA:2600,0
DA:2601,0
DA:2602,0
DA:2603,0
DA:2604,0
DA:2605,0
DA:2609,2725
DA:2610,2725
DA:2611,2725
DA:2612,2725
DA:2622,3035079
DA:2623,3035079
DA:2624,3035079
DA:2625,3035079
DA:2627,6070158
DA:2628,3035079
DA:2629,3035079
DA:2647,304257
DA:2648,304257
DA:2649,304257
DA:2650,304257
DA:2652,608514
DA:2653,304257
DA:2654,304257
DA:2664,304257
DA:2666,304257
DA:2667,304257
DA:2668,304257
DA:2675,3035076
DA:2676,3035076
DA:2677,3035076
DA:2679,3035076
DA:2680,6070152
DA:2682,9105228
DA:2683,3035076
DA:2684,3035076
DA:2685,3035076
DA:2686,3035076
DA:2688,6070152
DA:2689,3035076
DA:2690,3035076
DA:2691,3035076
DA:2693,3035076
DA:2720,3636153
DA:2721,3636153
DA:2724,3035076
DA:2725,3035076
DA:2726,3035076
DA:2727,3035076
DA:2734,304257
DA:2735,304257
DA:2738,3035076
DA:2739,3035076
DA:2742,0
DA:2743,0
DA:2744,0
DA:2746,0
DA:2747,0
DA:2748,0
DA:2750,0
DA:2751,0
DA:2752,0
DA:2754,3034779
DA:2755,3034779
DA:2758,3034779
DA:2759,0
DA:2760,0
DA:2765,3033286
DA:2767,3035076
DA:2769,3035076
DA:2770,3035076
DA:2771,6070152
DA:2772,3035076
DA:2773,9105228
DA:2774,9105228
DA:2777,0
DA:2779,3035076
DA:2780,3035076
DA:2782,3035076
DA:2783,3035076
LF:487
LH:413
end_of_record
SF:/home/david/shared-memory-disruptor/node_modules/node-addon-api/napi.h
FN:900,_ZN4Napi15ObjectReferenceD2Ev
FN:937,_ZN4Napi17FunctionReferenceD2Ev
FN:1062,_ZN4Napi5ErrorD2Ev
FN:1062,_ZN4Napi5ErrorD0Ev
FN:1244,_ZN4Napi23ClassPropertyDescriptorI9DisruptorEC2E24napi_property_descriptor
FN:1279,_ZN4Napi10ObjectWrapI9DisruptorED2Ev
FNDA:6070155,_ZN4Napi15ObjectReferenceD2Ev
FNDA:3035076,_ZN4Napi17FunctionReferenceD2Ev
FNDA:0,_ZN4Napi5ErrorD0Ev
FNDA:3,_ZN4Napi5ErrorD2Ev
FNDA:5313,_ZN4Napi23ClassPropertyDescriptorI9DisruptorEC2E24napi_property_descriptor
FNDA:2728,_ZN4Napi10ObjectWrapI9DisruptorED2Ev
FNF:6
FNH:5
DA:900,6070155
DA:937,3035076
DA:1062,3
DA:1244,5313
DA:1279,2728
LF:5
LH:5
end_of_record
SF:/usr/include/c++/6/bits/alloc_traits.h
FN:435,_ZNSt16allocator_traitsISaIPNSt8__detail15_Hash_node_baseEEE8allocateERS3_m
FN:435,_ZNSt16allocator_traitsISaINSt8__detail10_Hash_nodeISt4pairIKNSt7__cxx1112basic_stringIcSt11char_traitsIcESaIcEEEmELb1EEEEE8allocateERSC_m
FN:435,_ZNSt16allocator_traitsISaI11AsyncBufferIhEEE8allocateERS2_m
FN:461,_ZNSt16allocator_traitsISaIPNSt8__detail15_Hash_node_baseEEE10deallocateERS3_PS2_m
FN:461,_ZNSt16allocator_traitsISaI11AsyncBufferIhEEE10deallocateERS2_PS1_m
FN:461,_ZNSt16allocator_traitsISaINSt8__detail10_Hash_nodeISt4pairIKNSt7__cxx1112basic_stringIcSt11char_traitsIcESaIcEEEmELb1EEEEE10deallocateERSC_PSB_m
FN:474,_ZNSt16allocator_traitsISaISt4pairIKNSt7__cxx1112basic_stringIcSt11char_traitsIcESaIcEEEmEEE9constructIS8_JRKSt21piecewise_construct_tSt5tupleIJOS6_EESF_IJEEEEEvRS9_PT_DpOT0_
FN:486,_ZNSt16allocator_traitsISaISt4pairIKNSt7__cxx1112basic_stringIcSt11char_traitsIcESaIcEEEmEEE7destroyIS8_EEvRS9_PT_
FN:495,_ZNSt16allocator_traitsISaI11AsyncBufferIhEEE8max_sizeERKS2_
FNDA:1618,_ZNSt16allocator_traitsISaIPNSt8__detail15_Hash_node_baseEEE8allocateERS3_m
FNDA:258059,_ZNSt16allocator_traitsISaI11AsyncBufferIhEEE8allocateERS2_m
FNDA:1618,_ZNSt16allocator_traitsISaINSt8__detail10_Hash_nodeISt4pairIKNSt7__cxx1112basic_stringIcSt11char_traitsIcESaIcEEEmELb1EEEEE8allocateERSC_m
FNDA:258079,_ZNSt16allocator_traitsISaI11AsyncBufferIhEEE10deallocateERS2_PS1_m
FNDA:1618,_ZNSt16allocator_traitsISaIPNSt8__detail15_Hash_node_baseEEE10deallocateERS3_PS2_m
FNDA:1618,_ZNSt16allocator_traitsISaINSt8__detail10_Hash_nodeISt4pairIKNSt7__cxx1112basic_stringIcSt11char_traitsIcESaIcEEEmELb1EEEEE10deallocateERSC_PSB_m
FNDA:1618,_ZNSt16allocator_traitsISaISt4pairIKNSt7__cxx1112basic_stringIcSt11char_traitsIcESaIcEEEmEEE9constructIS8_JRKSt21piecewise_construct_tSt5tupleIJOS6_EESF_IJEEEEEvRS9_PT_DpOT0_
FNDA:1618,_ZNSt16allocator_traitsISaISt4pairIKNSt7__cxx1112basic_stringIcSt11char_traitsIcESaIcEEEmEEE7destroyIS8_EEvRS9_PT_
FNDA:516077,_ZNSt16allocator_traitsISaI11AsyncBufferIhEEE8max_sizeERKS2_
FNF:9
FNH:9
DA:435,261295
DA:436,261295
DA:461,261315
DA:462,261315
DA:474,1618
DA:475,1618
DA:486,1618
DA:487,1618
DA:495,516077
DA:496,516077
LF:10
LH:10
end_of_record
SF:/usr/include/c++/6/bits/allocator.h
FN:131,_ZNSaI11AsyncBufferIhEEC2Ev
FN:131,_ZNSaINSt8__detail10_Hash_nodeISt4pairIKNSt7__cxx1112basic_stringIcSt11char_traitsIcESaIcEEEmELb1EEEEC2Ev
FN:137,_ZNSaISt4pairIKNSt7__cxx1112basic_stringIcSt11char_traitsIcESaIcEEEmEEC2INSt8__detail10_Hash_nodeIS7_Lb1EEEEERKSaIT_E
FN:137,_ZNSaIPNSt8__detail15_Hash_node_baseEEC2INS_10_Hash_nodeISt4pairIKNSt7__cxx1112basic_stringIcSt11char_traitsIcESaIcEEEmELb1EEEEERKSaIT_E
FN:139,_ZNSaISt4pairIKNSt7__cxx1112basic_stringIcSt11char_traitsIcESaIcEEEmEED2Ev
FN:139,_ZNSaI11AsyncBufferIhEED2Ev
FN:139,_ZNSaINSt8__detail10_Hash_nodeISt4pairIKNSt7__cxx1112basic_stringIcSt11char_traitsIcESaIcEEEmELb1EEEED2Ev
FN:139,_ZNSaIPNSt8__detail15_Hash_node_baseEED2Ev
FNDA:1855481,_ZNSaI11AsyncBufferIhEEC2Ev
FNDA:2833455,_ZNSaINSt8__detail10_Hash_nodeISt4pairIKNSt7__cxx1112basic_stringIcSt11char_traitsIcESaIcEEEmELb1EEEEC2Ev
FNDA:3236,_ZNSaIPNSt8__detail15_Hash_node_baseEEC2INS_10_Hash_nodeISt4pairIKNSt7__cxx1112basic_stringIcSt11char_traitsIcESaIcEEEmELb1EEEEERKSaIT_E
FNDA:3236,_ZNSaISt4pairIKNSt7__cxx1112basic_stringIcSt11char_traitsIcESaIcEEEmEEC2INSt8__detail10_Hash_nodeIS7_Lb1EEEEERKSaIT_E
FNDA:3236,_ZNSaIPNSt8__detail15_Hash_node_baseEED2Ev
FNDA:1854382,_ZNSaI11AsyncBufferIhEED2Ev
FNDA:3236,_ZNSaISt4pairIKNSt7__cxx1112basic_stringIcSt11char_traitsIcESaIcEEEmEED2Ev
FNDA:2828035,_ZNSaINSt8__detail10_Hash_nodeISt4pairIKNSt7__cxx1112basic_stringIcSt11char_traitsIcESaIcEEEmELb1EEEED2Ev
FNF:8
FNH:8
DA:131,4688936
DA:137,6472
DA:139,4688889
LF:3
LH:3
end_of_record
SF:/usr/include/c++/6/bits/basic_string.h
FN:107,_ZNSt7__cxx1112basic_stringIcSt11char_traitsIcESaIcEE12_Alloc_hiderD2Ev
FN:192,_ZNSt7__cxx1112basic_stringIcSt11char_traitsIcESaIcEE16_M_construct_auxIPcEEvT_S7_St12__false_type
FN:212,_ZNSt7__cxx1112basic_stringIcSt11char_traitsIcESaIcEE12_M_constructIPcEEvT_S7_
FN:549,_ZNSt7__cxx1112basic_stringIcSt11char_traitsIcESaIcEEC2IPcvEET_S7_RKS3_
FN:5021,_ZStplIcSt11char_traitsIcESaIcEENSt7__cxx1112basic_stringIT_T0_T1_EEOS8_S9_
FN:5045,_ZStplIcSt11char_traitsIcESaIcEENSt7__cxx1112basic_stringIT_T0_T1_EEOS8_PKS5_
FN:5073,_ZSteqIcEN9__gnu_cxx11__enable_ifIXsrSt9__is_charIT_E7__valueEbE6__typeERKNSt7__cxx1112basic_stringIS3_St11char_traitsIS3_ESaIS3_EEESE_
FN:5470,_ZNSt7__cxx119to_stringEi
FN:5654,_ZNSt4hashINSt7__cxx1112basic_stringIcSt11char_traitsIcESaIcEEEEC2Ev
FN:5658,_ZNKSt4hashINSt7__cxx1112basic_stringIcSt11char_traitsIcESaIcEEEEclERKS5_
FNDA:0,_ZNSt7__cxx1112basic_stringIcSt11char_traitsIcESaIcEE12_Alloc_hiderD2Ev
FNDA:0,_ZNSt7__cxx1112basic_stringIcSt11char_traitsIcESaIcEE16_M_construct_auxIPcEEvT_S7_St12__false_type
FNDA:0,_ZNSt7__cxx1112basic_stringIcSt11char_traitsIcESaIcEE12_M_constructIPcEEvT_S7_
FNDA:0,_ZNSt7__cxx1112basic_stringIcSt11char_traitsIcESaIcEEC2IPcvEET_S7_RKS3_
FNDA:3,_ZStplIcSt11char_traitsIcESaIcEENSt7__cxx1112basic_stringIT_T0_T1_EEOS8_S9_
FNDA:3,_ZStplIcSt11char_traitsIcESaIcEENSt7__cxx1112basic_stringIT_T0_T1_EEOS8_PKS5_
FNDA:1618,_ZSteqIcEN9__gnu_cxx11__enable_ifIXsrSt9__is_charIT_E7__valueEbE6__typeERKNSt7__cxx1112basic_stringIS3_St11char_traitsIS3_ESaIS3_EEESE_
FNDA:0,_ZNSt7__cxx119to_stringEi
FNDA:2832198,_ZNSt4hashINSt7__cxx1112basic_stringIcSt11char_traitsIcESaIcEEEEC2Ev
FNDA:1035568,_ZNKSt4hashINSt7__cxx1112basic_stringIcSt11char_traitsIcESaIcEEEEclERKS5_
FNF:10
FNH:5
DA:107,0
DA:192,0
DA:196,0
DA:197,0
DA:212,0
DA:215,0
DA:216,0
DA:549,0
DA:551,0
DA:552,0
DA:5021,3
DA:5024,3
DA:5025,3
DA:5026,3
DA:5027,0
DA:5028,3
DA:5045,3
DA:5047,3
DA:5073,1618
DA:5075,1618
DA:5076,1618
DA:5077,1618
DA:5470,0
DA:5472,0
DA:5654,2832198
DA:5658,1035568
DA:5659,1035568
LF:27
LH:14
end_of_record
SF:/usr/include/c++/6/bits/basic_string.tcc
FN:206,_ZNSt7__cxx1112basic_stringIcSt11char_traitsIcESaIcEE12_M_constructIPcEEvT_S7_St20forward_iterator_tag
FNDA:0,_ZNSt7__cxx1112basic_stringIcSt11char_traitsIcESaIcEE12_M_constructIPcEEvT_S7_St20forward_iterator_tag
FNF:1
FNH:0
DA:206,0
DA:211,0
DA:212,0
DA:215,0
DA:217,0
DA:219,0
DA:220,0
DA:225,0
DA:226,0
DA:228,0
DA:229,0
DA:232,0
DA:233,0
LF:13
LH:0
end_of_record
SF:/usr/include/c++/6/bits/char_traits.h
FN:258,_ZNSt11char_traitsIcE7compareEPKcS2_m
FNDA:1618,_ZNSt11char_traitsIcE7compareEPKcS2_m
FNF:1
FNH:1
DA:258,1618
DA:260,1618
DA:261,0
DA:262,1618
LF:4
LH:3
end_of_record
SF:/usr/include/c++/6/bits/functional_hash.h
FN:50,_ZNSt11__hash_baseImNSt7__cxx1112basic_stringIcSt11char_traitsIcESaIcEEEEC2Ev
FN:174,_ZNSt10_Hash_impl4hashEPKvmm
FNDA:2831959,_ZNSt11__hash_baseImNSt7__cxx1112basic_stringIcSt11char_traitsIcESaIcEEEEC2Ev
FNDA:1035568,_ZNSt10_Hash_impl4hashEPKvmm
FNF:2
FNH:2
DA:50,2831959
DA:174,1035568
DA:176,1035568
LF:3
LH:3
end_of_record
SF:/usr/include/c++/6/bits/hashtable.h
FN:327,_ZNKSt10_HashtableINSt7__cxx1112basic_stringIcSt11char_traitsIcESaIcEEESt4pairIKS5_mESaIS8_ENSt8__detail10_Select1stESt8equal_toIS5_ESt4hashIS5_ENSA_18_Mod_range_hashingENSA_20_Default_ranged_hashENSA_20_Prime_rehash_policyENSA_17_Hashtable_traitsILb1ELb0ELb1EEEE21_M_uses_single_bucketEPPNSA_15_Hash_node_baseE
FN:338,_ZNSt10_HashtableINSt7__cxx1112basic_stringIcSt11char_traitsIcESaIcEEESt4pairIKS5_mESaIS8_ENSt8__detail10_Select1stESt8equal_toIS5_ESt4hashIS5_ENSA_18_Mod_range_hashingENSA_20_Default_ranged_hashENSA_20_Prime_rehash_policyENSA_17_Hashtable_traitsILb1ELb0ELb1EEEE19_M_allocate_bucketsEm
FN:350,_ZNSt10_HashtableINSt7__cxx1112basic_stringIcSt11char_traitsIcESaIcEEESt4pairIKS5_mESaIS8_ENSt8__detail10_Select1stESt8equal_toIS5_ESt4hashIS5_ENSA_18_Mod_range_hashingENSA_20_Default_ranged_hashENSA_20_Prime_rehash_policyENSA_17_Hashtable_traitsILb1ELb0ELb1EEEE21_M_deallocate_bucketsEPPNSA_15_Hash_node_baseEm
FN:359,_ZNSt10_HashtableINSt7__cxx1112basic_stringIcSt11char_traitsIcESaIcEEESt4pairIKS5_mESaIS8_ENSt8__detail10_Select1stESt8equal_toIS5_ESt4hashIS5_ENSA_18_Mod_range_hashingENSA_20_Default_ranged_hashENSA_20_Prime_rehash_policyENSA_17_Hashtable_traitsILb1ELb0ELb1EEEE21_M_deallocate_bucketsEv
FN:368,_ZNKSt10_HashtableINSt7__cxx1112basic_stringIcSt11char_traitsIcESaIcEEESt4pairIKS5_mESaIS8_ENSt8__detail10_Select1stESt8equal_toIS5_ESt4hashIS5_ENSA_18_Mod_range_hashingENSA_20_Default_ranged_hashENSA_20_Prime_rehash_policyENSA_17_Hashtable_traitsILb1ELb0ELb1EEEE8_M_beginEv
FN:393,_ZNSt10_HashtableINSt7__cxx1112basic_stringIcSt11char_traitsIcESaIcEEESt4pairIKS5_mESaIS8_ENSt8__detail10_Select1stESt8equal_toIS5_ESt4hashIS5_ENSA_18_Mod_range_hashingENSA_20_Default_ranged_hashENSA_20_Prime_rehash_policyENSA_17_Hashtable_traitsILb1ELb0ELb1EEEEC2Ev
FN:491,_ZNSt10_HashtableINSt7__cxx1112basic_stringIcSt11char_traitsIcESaIcEEESt4pairIKS5_mESaIS8_ENSt8__detail10_Select1stESt8equal_toIS5_ESt4hashIS5_ENSA_18_Mod_range_hashingENSA_20_Default_ranged_hashENSA_20_Prime_rehash_policyENSA_17_Hashtable_traitsILb1ELb0ELb1EEEE3endEv
FN:618,_ZNKSt10_HashtableINSt7__cxx1112basic_stringIcSt11char_traitsIcESaIcEEESt4pairIKS5_mESaIS8_ENSt8__detail10_Select1stESt8equal_toIS5_ESt4hashIS5_ENSA_18_Mod_range_hashingENSA_20_Default_ranged_hashENSA_20_Prime_rehash_policyENSA_17_Hashtable_traitsILb1ELb0ELb1EEEE15_M_bucket_indexEPNSA_10_Hash_nodeIS8_Lb1EEE
FN:622,_ZNKSt10_HashtableINSt7__cxx1112basic_stringIcSt11char_traitsIcESaIcEEESt4pairIKS5_mESaIS8_ENSt8__detail10_Select1stESt8equal_toIS5_ESt4hashIS5_ENSA_18_Mod_range_hashingENSA_20_Default_ranged_hashENSA_20_Prime_rehash_policyENSA_17_Hashtable_traitsILb1ELb0ELb1EEEE15_M_bucket_indexERS7_m
FN:631,_ZNKSt10_HashtableINSt7__cxx1112basic_stringIcSt11char_traitsIcESaIcEEESt4pairIKS5_mESaIS8_ENSt8__detail10_Select1stESt8equal_toIS5_ESt4hashIS5_ENSA_18_Mod_range_hashingENSA_20_Default_ranged_hashENSA_20_Prime_rehash_policyENSA_17_Hashtable_traitsILb1ELb0ELb1EEEE12_M_find_nodeEmRS7_m
FN:1223,_ZNSt10_HashtableINSt7__cxx1112basic_stringIcSt11char_traitsIcESaIcEEESt4pairIKS5_mESaIS8_ENSt8__detail10_Select1stESt8equal_toIS5_ESt4hashIS5_ENSA_18_Mod_range_hashingENSA_20_Default_ranged_hashENSA_20_Prime_rehash_policyENSA_17_Hashtable_traitsILb1ELb0ELb1EEEED2Ev
FN:1287,_ZNSt10_HashtableINSt7__cxx1112basic_stringIcSt11char_traitsIcESaIcEEESt4pairIKS5_mESaIS8_ENSt8__detail10_Select1stESt8equal_toIS5_ESt4hashIS5_ENSA_18_Mod_range_hashingENSA_20_Default_ranged_hashENSA_20_Prime_rehash_policyENSA_17_Hashtable_traitsILb1ELb0ELb1EEEE4findERS7_
FN:1407,_ZNKSt10_HashtableINSt7__cxx1112basic_stringIcSt11char_traitsIcESaIcEEESt4pairIKS5_mESaIS8_ENSt8__detail10_Select1stESt8equal_toIS5_ESt4hashIS5_ENSA_18_Mod_range_hashingENSA_20_Default_ranged_hashENSA_20_Prime_rehash_policyENSA_17_Hashtable_traitsILb1ELb0ELb1EEEE19_M_find_before_nodeEmRS7_m
FN:1435,_ZNSt10_HashtableINSt7__cxx1112basic_stringIcSt11char_traitsIcESaIcEEESt4pairIKS5_mESaIS8_ENSt8__detail10_Select1stESt8equal_toIS5_ESt4hashIS5_ENSA_18_Mod_range_hashingENSA_20_Default_ranged_hashENSA_20_Prime_rehash_policyENSA_17_Hashtable_traitsILb1ELb0ELb1EEEE22_M_insert_bucket_beginEmPNSA_10_Hash_nodeIS8_Lb1EEE
FN:1573,_ZNSt10_HashtableINSt7__cxx1112basic_stringIcSt11char_traitsIcESaIcEEESt4pairIKS5_mESaIS8_ENSt8__detail10_Select1stESt8equal_toIS5_ESt4hashIS5_ENSA_18_Mod_range_hashingENSA_20_Default_ranged_hashENSA_20_Prime_rehash_policyENSA_17_Hashtable_traitsILb1ELb0ELb1EEEE21_M_insert_unique_nodeEmmPNSA_10_Hash_nodeIS8_Lb1EEE
FN:1897,_ZNSt10_HashtableINSt7__cxx1112basic_stringIcSt11char_traitsIcESaIcEEESt4pairIKS5_mESaIS8_ENSt8__detail10_Select1stESt8equal_toIS5_ESt4hashIS5_ENSA_18_Mod_range_hashingENSA_20_Default_ranged_hashENSA_20_Prime_rehash_policyENSA_17_Hashtable_traitsILb1ELb0ELb1EEEE5clearEv
FN:1934,_ZNSt10_HashtableINSt7__cxx1112basic_stringIcSt11char_traitsIcESaIcEEESt4pairIKS5_mESaIS8_ENSt8__detail10_Select1stESt8equal_toIS5_ESt4hashIS5_ENSA_18_Mod_range_hashingENSA_20_Default_ranged_hashENSA_20_Prime_rehash_policyENSA_17_Hashtable_traitsILb1ELb0ELb1EEEE9_M_rehashEmRKm
FN:1957,_ZNSt10_HashtableINSt7__cxx1112basic_stringIcSt11char_traitsIcESaIcEEESt4pairIKS5_mESaIS8_ENSt8__detail10_Select1stESt8equal_toIS5_ESt4hashIS5_ENSA_18_Mod_range_hashingENSA_20_Default_ranged_hashENSA_20_Prime_rehash_policyENSA_17_Hashtable_traitsILb1ELb0ELb1EEEE13_M_rehash_auxEmSt17integral_constantIbLb1EE
FNDA:2829256,_ZNKSt10_HashtableINSt7__cxx1112basic_stringIcSt11char_traitsIcESaIcEEESt4pairIKS5_mESaIS8_ENSt8__detail10_Select1stESt8equal_toIS5_ESt4hashIS5_ENSA_18_Mod_range_hashingENSA_20_Default_ranged_hashENSA_20_Prime_rehash_policyENSA_17_Hashtable_traitsILb1ELb0ELb1EEEE21_M_uses_single_bucketEPPNSA_15_Hash_node_baseE
FNDA:1618,_ZNSt10_HashtableINSt7__cxx1112basic_stringIcSt11char_traitsIcESaIcEEESt4pairIKS5_mESaIS8_ENSt8__detail10_Select1stESt8equal_toIS5_ESt4hashIS5_ENSA_18_Mod_range_hashingENSA_20_Default_ranged_hashENSA_20_Prime_rehash_policyENSA_17_Hashtable_traitsILb1ELb0ELb1EEEE19_M_allocate_bucketsEm
FNDA:2829042,_ZNSt10_HashtableINSt7__cxx1112basic_stringIcSt11char_traitsIcESaIcEEESt4pairIKS5_mESaIS8_ENSt8__detail10_Select1stESt8equal_toIS5_ESt4hashIS5_ENSA_18_Mod_range_hashingENSA_20_Default_ranged_hashENSA_20_Prime_rehash_policyENSA_17_Hashtable_traitsILb1ELb0ELb1EEEE21_M_deallocate_bucketsEPPNSA_15_Hash_node_baseEm
FNDA:2829017,_ZNSt10_HashtableINSt7__cxx1112basic_stringIcSt11char_traitsIcESaIcEEESt4pairIKS5_mESaIS8_ENSt8__detail10_Select1stESt8equal_toIS5_ESt4hashIS5_ENSA_18_Mod_range_hashingENSA_20_Default_ranged_hashENSA_20_Prime_rehash_policyENSA_17_Hashtable_traitsILb1ELb0ELb1EEEE21_M_deallocate_bucketsEv
FNDA:2829989,_ZNKSt10_HashtableINSt7__cxx1112basic_stringIcSt11char_traitsIcESaIcEEESt4pairIKS5_mESaIS8_ENSt8__detail10_Select1stESt8equal_toIS5_ESt4hashIS5_ENSA_18_Mod_range_hashingENSA_20_Default_ranged_hashENSA_20_Prime_rehash_policyENSA_17_Hashtable_traitsILb1ELb0ELb1EEEE8_M_beginEv
FNDA:2833039,_ZNSt10_HashtableINSt7__cxx1112basic_stringIcSt11char_traitsIcESaIcEEESt4pairIKS5_mESaIS8_ENSt8__detail10_Select1stESt8equal_toIS5_ESt4hashIS5_ENSA_18_Mod_range_hashingENSA_20_Default_ranged_hashENSA_20_Prime_rehash_policyENSA_17_Hashtable_traitsILb1ELb0ELb1EEEEC2Ev
FNDA:2066282,_ZNSt10_HashtableINSt7__cxx1112basic_stringIcSt11char_traitsIcESaIcEEESt4pairIKS5_mESaIS8_ENSt8__detail10_Select1stESt8equal_toIS5_ESt4hashIS5_ENSA_18_Mod_range_hashingENSA_20_Default_ranged_hashENSA_20_Prime_rehash_policyENSA_17_Hashtable_traitsILb1ELb0ELb1EEEE3endEv
FNDA:809,_ZNKSt10_HashtableINSt7__cxx1112basic_stringIcSt11char_traitsIcESaIcEEESt4pairIKS5_mESaIS8_ENSt8__detail10_Select1stESt8equal_toIS5_ESt4hashIS5_ENSA_18_Mod_range_hashingENSA_20_Default_ranged_hashENSA_20_Prime_rehash_policyENSA_17_Hashtable_traitsILb1ELb0ELb1EEEE15_M_bucket_indexEPNSA_10_Hash_nodeIS8_Lb1EEE
FNDA:1037186,_ZNKSt10_HashtableINSt7__cxx1112basic_stringIcSt11char_traitsIcESaIcEEESt4pairIKS5_mESaIS8_ENSt8__detail10_Select1stESt8equal_toIS5_ESt4hashIS5_ENSA_18_Mod_range_hashingENSA_20_Default_ranged_hashENSA_20_Prime_rehash_policyENSA_17_Hashtable_traitsILb1ELb0ELb1EEEE15_M_bucket_indexERS7_m
FNDA:1035568,_ZNKSt10_HashtableINSt7__cxx1112basic_stringIcSt11char_traitsIcESaIcEEESt4pairIKS5_mESaIS8_ENSt8__detail10_Select1stESt8equal_toIS5_ESt4hashIS5_ENSA_18_Mod_range_hashingENSA_20_Default_ranged_hashENSA_20_Prime_rehash_policyENSA_17_Hashtable_traitsILb1ELb0ELb1EEEE12_M_find_nodeEmRS7_m
FNDA:2828167,_ZNSt10_HashtableINSt7__cxx1112basic_stringIcSt11char_traitsIcESaIcEEESt4pairIKS5_mESaIS8_ENSt8__detail10_Select1stESt8equal_toIS5_ESt4hashIS5_ENSA_18_Mod_range_hashingENSA_20_Default_ranged_hashENSA_20_Prime_rehash_policyENSA_17_Hashtable_traitsILb1ELb0ELb1EEEED2Ev
FNDA:1033950,_ZNSt10_HashtableINSt7__cxx1112basic_stringIcSt11char_traitsIcESaIcEEESt4pairIKS5_mESaIS8_ENSt8__detail10_Select1stESt8equal_toIS5_ESt4hashIS5_ENSA_18_Mod_range_hashingENSA_20_Default_ranged_hashENSA_20_Prime_rehash_policyENSA_17_Hashtable_traitsILb1ELb0ELb1EEEE4findERS7_
FNDA:1035568,_ZNKSt10_HashtableINSt7__cxx1112basic_stringIcSt11char_traitsIcESaIcEEESt4pairIKS5_mESaIS8_ENSt8__detail10_Select1stESt8equal_toIS5_ESt4hashIS5_ENSA_18_Mod_range_hashingENSA_20_Default_ranged_hashENSA_20_Prime_rehash_policyENSA_17_Hashtable_traitsILb1ELb0ELb1EEEE19_M_find_before_nodeEmRS7_m
FNDA:1618,_ZNSt10_HashtableINSt7__cxx1112basic_stringIcSt11char_traitsIcESaIcEEESt4pairIKS5_mESaIS8_ENSt8__detail10_Select1stESt8equal_toIS5_ESt4hashIS5_ENSA_18_Mod_range_hashingENSA_20_Default_ranged_hashENSA_20_Prime_rehash_policyENSA_17_Hashtable_traitsILb1ELb0ELb1EEEE22_M_insert_bucket_beginEmPNSA_10_Hash_nodeIS8_Lb1EEE
FNDA:1618,_ZNSt10_HashtableINSt7__cxx1112basic_stringIcSt11char_traitsIcESaIcEEESt4pairIKS5_mESaIS8_ENSt8__detail10_Select1stESt8equal_toIS5_ESt4hashIS5_ENSA_18_Mod_range_hashingENSA_20_Default_ranged_hashENSA_20_Prime_rehash_policyENSA_17_Hashtable_traitsILb1ELb0ELb1EEEE21_M_insert_unique_nodeEmmPNSA_10_Hash_nodeIS8_Lb1EEE
FNDA:2828056,_ZNSt10_HashtableINSt7__cxx1112basic_stringIcSt11char_traitsIcESaIcEEESt4pairIKS5_mESaIS8_ENSt8__detail10_Select1stESt8equal_toIS5_ESt4hashIS5_ENSA_18_Mod_range_hashingENSA_20_Default_ranged_hashENSA_20_Prime_rehash_policyENSA_17_Hashtable_traitsILb1ELb0ELb1EEEE5clearEv
FNDA:1618,_ZNSt10_HashtableINSt7__cxx1112basic_stringIcSt11char_traitsIcESaIcEEESt4pairIKS5_mESaIS8_ENSt8__detail10_Select1stESt8equal_toIS5_ESt4hashIS5_ENSA_18_Mod_range_hashingENSA_20_Default_ranged_hashENSA_20_Prime_rehash_policyENSA_17_Hashtable_traitsILb1ELb0ELb1EEEE9_M_rehashEmRKm
FNDA:1618,_ZNSt10_HashtableINSt7__cxx1112basic_stringIcSt11char_traitsIcESaIcEEESt4pairIKS5_mESaIS8_ENSt8__detail10_Select1stESt8equal_toIS5_ESt4hashIS5_ENSA_18_Mod_range_hashingENSA_20_Default_ranged_hashENSA_20_Prime_rehash_policyENSA_17_Hashtable_traitsILb1ELb0ELb1EEEE13_M_rehash_auxEmSt17integral_constantIbLb1EE
FNF:18
FNH:18
DA:327,2829256
DA:328,2829256
DA:338,1618
DA:340,1618
DA:342,0
DA:343,0
DA:346,1618
DA:350,2829042
DA:352,2829042
DA:353,2827712
DA:355,1618
DA:359,2829017
DA:360,2829017
DA:368,2829989
DA:369,2829989
DA:393,2833039
DA:491,2066282
DA:492,2066282
DA:618,809
DA:619,809
DA:622,1037186
DA:623,1037186
DA:631,1035568
DA:634,1035568
DA:635,1035568
DA:636,1618
DA:637,1033950
DA:1223,2828167
DA:1227,2828167
DA:1228,2827658
DA:1229,2828012
DA:1287,1033950
DA:1292,1033950
DA:1293,1033950
DA:1294,1033950
DA:1295,1033950
DA:1407,1035568
DA:1413,1035568
DA:1414,1035568
DA:1415,1033950
DA:1417,1618
DA:1420,1618
DA:1421,1618
DA:1423,0
DA:1424,0
DA:1425,0
DA:1427,0
DA:1435,1618
DA:1439,1618
DA:1443,0
DA:1444,0
DA:1451,1618
DA:1452,1618
DA:1453,1618
DA:1456,809
DA:1457,1618
DA:1459,1618
DA:1573,1618
DA:1579,1618
DA:1581,1618
DA:1585,1618
DA:1587,1618
DA:1588,1618
DA:1591,1618
DA:1594,1618
DA:1595,1618
DA:1596,1618
DA:1598,0
DA:1600,0
DA:1601,0
DA:1897,2828056
DA:1901,2828056
DA:1902,2828556
DA:1903,2828556
DA:1904,2828556
DA:1905,2828556
DA:1934,1618
DA:1940,1618
DA:1942,0
DA:1946,0
DA:1947,0
DA:1949,1618
DA:1957,1618
DA:1961,1618
DA:1962,1618
DA:1963,1618
DA:1964,1618
DA:1965,3236
DA:1967,809
DA:1968,809
DA:1969,809
DA:1971,809
DA:1972,809
DA:1973,809
DA:1974,809
DA:1975,0
DA:1976,809
DA:1980,0
DA:1981,0
DA:1983,809
DA:1986,1618
DA:1987,1618
DA:1988,1618
DA:1989,1618
LF:104
LH:87
end_of_record
SF:/usr/include/c++/6/bits/hashtable_policy.h
FN:96,_ZNSt8__detail10_Select1stC2Ev
FN:100,_ZNKSt8__detail10_Select1stclIRSt4pairIKNSt7__cxx1112basic_stringIcSt11char_traitsIcESaIcEEEmEEEDTcl3getILi0EEcl7forwardIT_Efp_EEEOSC_
FN:231,_ZNSt8__detail15_Hash_node_baseC2Ev
FN:242,_ZNSt8__detail21_Hash_node_value_baseISt4pairIKNSt7__cxx1112basic_stringIcSt11char_traitsIcESaIcEEEmEEC2Ev
FN:249,_ZNSt8__detail21_Hash_node_value_baseISt4pairIKNSt7__cxx1112basic_stringIcSt11char_traitsIcESaIcEEEmEE9_M_valptrEv
FN:257,_ZNSt8__detail21_Hash_node_value_baseISt4pairIKNSt7__cxx1112basic_stringIcSt11char_traitsIcESaIcEEEmEE4_M_vEv
FN:277,_ZNSt8__detail10_Hash_nodeISt4pairIKNSt7__cxx1112basic_stringIcSt11char_traitsIcESaIcEEEmELb1EEC2Ev
FN:282,_ZNKSt8__detail10_Hash_nodeISt4pairIKNSt7__cxx1112basic_stringIcSt11char_traitsIcESaIcEEEmELb1EE7_M_nextEv
FN:307,_ZNSt8__detail19_Node_iterator_baseISt4pairIKNSt7__cxx1112basic_stringIcSt11char_traitsIcESaIcEEEmELb1EEC2EPNS_10_Hash_nodeIS9_Lb1EEE
FN:324,_ZNSt8__detailneISt4pairIKNSt7__cxx1112basic_stringIcSt11char_traitsIcESaIcEEEmELb1EEEbRKNS_19_Node_iterator_baseIT_XT0_EEESE_
FN:353,_ZNSt8__detail14_Node_iteratorISt4pairIKNSt7__cxx1112basic_stringIcSt11char_traitsIcESaIcEEEmELb0ELb1EEC2EPNS_10_Hash_nodeIS9_Lb1EEE
FN:361,_ZNKSt8__detail14_Node_iteratorISt4pairIKNSt7__cxx1112basic_stringIcSt11char_traitsIcESaIcEEEmELb0ELb1EEptEv
FN:437,_ZNSt8__detail18_Mod_range_hashingC2Ev
FN:444,_ZNKSt8__detail18_Mod_range_hashingclEmm
FN:460,_ZNSt8__detail20_Prime_rehash_policyC2Ef
FN:487,_ZNKSt8__detail20_Prime_rehash_policy8_M_stateEv
FN:495,_ZNSt8__detail20_Prime_rehash_policy8_M_resetEm
FN:543,_ZNSt8__detail9_Map_baseINSt7__cxx1112basic_stringIcSt11char_traitsIcESaIcEEESt4pairIKS6_mESaIS9_ENS_10_Select1stESt8equal_toIS6_ESt4hashIS6_ENS_18_Mod_range_hashingENS_20_Default_ranged_hashENS_20_Prime_rehash_policyENS_17_Hashtable_traitsILb1ELb0ELb1EEELb1EEC2Ev
FN:608,_ZNSt8__detail9_Map_baseINSt7__cxx1112basic_stringIcSt11char_traitsIcESaIcEEESt4pairIKS6_mESaIS9_ENS_10_Select1stESt8equal_toIS6_ESt4hashIS6_ENS_18_Mod_range_hashingENS_20_Default_ranged_hashENS_20_Prime_rehash_policyENS_17_Hashtable_traitsILb1ELb0ELb1EEELb1EEixEOS6_
FN:676,_ZNSt8__detail12_Insert_baseINSt7__cxx1112basic_stringIcSt11char_traitsIcESaIcEEESt4pairIKS6_mESaIS9_ENS_10_Select1stESt8equal_toIS6_ESt4hashIS6_ENS_18_Mod_range_hashingENS_20_Default_ranged_hashENS_20_Prime_rehash_policyENS_17_Hashtable_traitsILb1ELb0ELb1EEEEC2Ev
FN:869,_ZNSt8__detail7_InsertINSt7__cxx1112basic_stringIcSt11char_traitsIcESaIcEEESt4pairIKS6_mESaIS9_ENS_10_Select1stESt8equal_toIS6_ESt4hashIS6_ENS_18_Mod_range_hashingENS_20_Default_ranged_hashENS_20_Prime_rehash_policyENS_17_Hashtable_traitsILb1ELb0ELb1EEELb0ELb1EEC2Ev
FN:930,_ZNSt8__detail12_Rehash_baseINSt7__cxx1112basic_stringIcSt11char_traitsIcESaIcEEESt4pairIKS6_mESaIS9_ENS_10_Select1stESt8equal_toIS6_ESt4hashIS6_ENS_18_Mod_range_hashingENS_20_Default_ranged_hashENS_20_Prime_rehash_policyENS_17_Hashtable_traitsILb1ELb0ELb1EEEEC2Ev
FN:971,_ZNSt8__detail21_Hashtable_ebo_helperILi0ESaINS_10_Hash_nodeISt4pairIKNSt7__cxx1112basic_stringIcSt11char_traitsIcESaIcEEEmELb1EEEELb1EED2Ev
FN:974,_ZNSt8__detail21_Hashtable_ebo_helperILi0ESaINS_10_Hash_nodeISt4pairIKNSt7__cxx1112basic_stringIcSt11char_traitsIcESaIcEEEmELb1EEEELb1EEC2Ev
FN:974,_ZNSt8__detail21_Hashtable_ebo_helperILi0ESt8equal_toINSt7__cxx1112basic_stringIcSt11char_traitsIcESaIcEEEELb1EEC2Ev
FN:974,_ZNSt8__detail21_Hashtable_ebo_helperILi0ENS_10_Select1stELb1EEC2Ev
FN:974,_ZNSt8__detail21_Hashtable_ebo_helperILi2ENS_18_Mod_range_hashingELb1EEC2Ev
FN:974,_ZNSt8__detail21_Hashtable_ebo_helperILi1ESt4hashINSt7__cxx1112basic_stringIcSt11char_traitsIcESaIcEEEELb1EEC2Ev
FN:982,_ZNSt8__detail21_Hashtable_ebo_helperILi1ESt4hashINSt7__cxx1112basic_stringIcSt11char_traitsIcESaIcEEEELb1EE7_S_cgetERKS9_
FN:982,_ZNSt8__detail21_Hashtable_ebo_helperILi0ESt8equal_toINSt7__cxx1112basic_stringIcSt11char_traitsIcESaIcEEEELb1EE7_S_cgetERKS9_
FN:982,_ZNSt8__detail21_Hashtable_ebo_helperILi0ENS_10_Select1stELb1EE7_S_cgetERKS2_
FN:982,_ZNSt8__detail21_Hashtable_ebo_helperILi2ENS_18_Mod_range_hashingELb1EE7_S_cgetERKS2_
FN:986,_ZNSt8__detail21_Hashtable_ebo_helperILi0ENS_10_Select1stELb1EE6_S_getERS2_
FN:986,_ZNSt8__detail21_Hashtable_ebo_helperILi0ESaINS_10_Hash_nodeISt4pairIKNSt7__cxx1112basic_stringIcSt11char_traitsIcESaIcEEEmELb1EEEELb1EE6_S_getERSD_
FN:1247,_ZNSt8__detail15_Hash_code_baseINSt7__cxx1112basic_stringIcSt11char_traitsIcESaIcEEESt4pairIKS6_mENS_10_Select1stESt4hashIS6_ENS_18_Mod_range_hashingENS_20_Default_ranged_hashELb1EEC2Ev
FN:1254,_ZNKSt8__detail15_Hash_code_baseINSt7__cxx1112basic_stringIcSt11char_traitsIcESaIcEEESt4pairIKS6_mENS_10_Select1stESt4hashIS6_ENS_18_Mod_range_hashingENS_20_Default_ranged_hashELb1EE12_M_hash_codeERS8_
FN:1258,_ZNKSt8__detail15_Hash_code_baseINSt7__cxx1112basic_stringIcSt11char_traitsIcESaIcEEESt4pairIKS6_mENS_10_Select1stESt4hashIS6_ENS_18_Mod_range_hashingENS_20_Default_ranged_hashELb1EE15_M_bucket_indexERS8_mm
FN:1263,_ZNKSt8__detail15_Hash_code_baseINSt7__cxx1112basic_stringIcSt11char_traitsIcESaIcEEESt4pairIKS6_mENS_10_Select1stESt4hashIS6_ENS_18_Mod_range_hashingENS_20_Default_ranged_hashELb1EE15_M_bucket_indexEPKNS_10_Hash_nodeIS9_Lb1EEEm
FN:1269,_ZNKSt8__detail15_Hash_code_baseINSt7__cxx1112basic_stringIcSt11char_traitsIcESaIcEEESt4pairIKS6_mENS_10_Select1stESt4hashIS6_ENS_18_Mod_range_hashingENS_20_Default_ranged_hashELb1EE13_M_store_codeEPNS_10_Hash_nodeIS9_Lb1EEEm
FN:1285,_ZNKSt8__detail15_Hash_code_baseINSt7__cxx1112basic_stringIcSt11char_traitsIcESaIcEEESt4pairIKS6_mENS_10_Select1stESt4hashIS6_ENS_18_Mod_range_hashingENS_20_Default_ranged_hashELb1EE10_M_extractEv
FN:1288,_ZNSt8__detail15_Hash_code_baseINSt7__cxx1112basic_stringIcSt11char_traitsIcESaIcEEESt4pairIKS6_mENS_10_Select1stESt4hashIS6_ENS_18_Mod_range_hashingENS_20_Default_ranged_hashELb1EE10_M_extractEv
FN:1291,_ZNKSt8__detail15_Hash_code_baseINSt7__cxx1112basic_stringIcSt11char_traitsIcESaIcEEESt4pairIKS6_mENS_10_Select1stESt4hashIS6_ENS_18_Mod_range_hashingENS_20_Default_ranged_hashELb1EE5_M_h1Ev
FN:1297,_ZNKSt8__detail15_Hash_code_baseINSt7__cxx1112basic_stringIcSt11char_traitsIcESaIcEEESt4pairIKS6_mENS_10_Select1stESt4hashIS6_ENS_18_Mod_range_hashingENS_20_Default_ranged_hashELb1EE5_M_h2Ev
FN:1318,_ZNSt8__detail13_Equal_helperINSt7__cxx1112basic_stringIcSt11char_traitsIcESaIcEEESt4pairIKS6_mENS_10_Select1stESt8equal_toIS6_EmLb1EE9_S_equalsERKSC_RKSA_RS8_mPNS_10_Hash_nodeIS9_Lb1EEE
FN:1692,_ZNSt8__detail15_Hashtable_baseINSt7__cxx1112basic_stringIcSt11char_traitsIcESaIcEEESt4pairIKS6_mENS_10_Select1stESt8equal_toIS6_ESt4hashIS6_ENS_18_Mod_range_hashingENS_20_Default_ranged_hashENS_17_Hashtable_traitsILb1ELb0ELb1EEEEC2Ev
FN:1699,_ZNKSt8__detail15_Hashtable_baseINSt7__cxx1112basic_stringIcSt11char_traitsIcESaIcEEESt4pairIKS6_mENS_10_Select1stESt8equal_toIS6_ESt4hashIS6_ENS_18_Mod_range_hashingENS_20_Default_ranged_hashENS_17_Hashtable_traitsILb1ELb0ELb1EEEE9_M_equalsERS8_mPNS_10_Hash_nodeIS9_Lb1EEE
FN:1713,_ZNKSt8__detail15_Hashtable_baseINSt7__cxx1112basic_stringIcSt11char_traitsIcESaIcEEESt4pairIKS6_mENS_10_Select1stESt8equal_toIS6_ESt4hashIS6_ENS_18_Mod_range_hashingENS_20_Default_ranged_hashENS_17_Hashtable_traitsILb1ELb0ELb1EEEE5_M_eqEv
FN:1798,_ZNSt8__detail9_EqualityINSt7__cxx1112basic_stringIcSt11char_traitsIcESaIcEEESt4pairIKS6_mESaIS9_ENS_10_Select1stESt8equal_toIS6_ESt4hashIS6_ENS_18_Mod_range_hashingENS_20_Default_ranged_hashENS_20_Prime_rehash_policyENS_17_Hashtable_traitsILb1ELb0ELb1EEELb1EEC2Ev
FN:1884,_ZNSt8__detail16_Hashtable_allocISaINS_10_Hash_nodeISt4pairIKNSt7__cxx1112basic_stringIcSt11char_traitsIcESaIcEEEmELb1EEEEED2Ev
FN:1905,_ZNSt8__detail16_Hashtable_allocISaINS_10_Hash_nodeISt4pairIKNSt7__cxx1112basic_stringIcSt11char_traitsIcESaIcEEEmELb1EEEEEC2Ev
FN:1915,_ZNSt8__detail16_Hashtable_allocISaINS_10_Hash_nodeISt4pairIKNSt7__cxx1112basic_stringIcSt11char_traitsIcESaIcEEEmELb1EEEEE17_M_node_allocatorEv
FN:1945,_ZNSt8__detail16_Hashtable_allocISaINS_10_Hash_nodeISt4pairIKNSt7__cxx1112basic_stringIcSt11char_traitsIcESaIcEEEmELb1EEEEE16_M_allocate_nodeIJRKSt21piecewise_construct_tSt5tupleIJOS8_EESI_IJEEEEEPSB_DpOT_
FN:1966,_ZNSt8__detail16_Hashtable_allocISaINS_10_Hash_nodeISt4pairIKNSt7__cxx1112basic_stringIcSt11char_traitsIcESaIcEEEmELb1EEEEE18_M_deallocate_nodeEPSB_
FN:1978,_ZNSt8__detail16_Hashtable_allocISaINS_10_Hash_nodeISt4pairIKNSt7__cxx1112basic_stringIcSt11char_traitsIcESaIcEEEmELb1EEEEE19_M_deallocate_nodesEPSB_
FN:1990,_ZNSt8__detail16_Hashtable_allocISaINS_10_Hash_nodeISt4pairIKNSt7__cxx1112basic_stringIcSt11char_traitsIcESaIcEEEmELb1EEEEE19_M_allocate_bucketsEm
FN:2002,_ZNSt8__detail16_Hashtable_allocISaINS_10_Hash_nodeISt4pairIKNSt7__cxx1112basic_stringIcSt11char_traitsIcESaIcEEEmELb1EEEEE21_M_deallocate_bucketsEPPNS_15_Hash_node_baseEm
FNDA:2832280,_ZNSt8__detail10_Select1stC2Ev
FNDA:3236,_ZNKSt8__detail10_Select1stclIRSt4pairIKNSt7__cxx1112basic_stringIcSt11char_traitsIcESaIcEEEmEEEDTcl3getILi0EEcl7forwardIT_Efp_EEEOSC_
FNDA:2835097,_ZNSt8__detail15_Hash_node_baseC2Ev
FNDA:1618,_ZNSt8__detail21_Hash_node_value_baseISt4pairIKNSt7__cxx1112basic_stringIcSt11char_traitsIcESaIcEEEmEEC2Ev
FNDA:9708,_ZNSt8__detail21_Hash_node_value_baseISt4pairIKNSt7__cxx1112basic_stringIcSt11char_traitsIcESaIcEEEmEE9_M_valptrEv
FNDA:3236,_ZNSt8__detail21_Hash_node_value_baseISt4pairIKNSt7__cxx1112basic_stringIcSt11char_traitsIcESaIcEEEmEE4_M_vEv
FNDA:1618,_ZNSt8__detail10_Hash_nodeISt4pairIKNSt7__cxx1112basic_stringIcSt11char_traitsIcESaIcEEEmELb1EEC2Ev
FNDA:3236,_ZNKSt8__detail10_Hash_nodeISt4pairIKNSt7__cxx1112basic_stringIcSt11char_traitsIcESaIcEEEmELb1EE7_M_nextEv
FNDA:2069518,_ZNSt8__detail19_Node_iterator_baseISt4pairIKNSt7__cxx1112basic_stringIcSt11char_traitsIcESaIcEEEmELb1EEC2EPNS_10_Hash_nodeIS9_Lb1EEE
FNDA:1033950,_ZNSt8__detailneISt4pairIKNSt7__cxx1112basic_stringIcSt11char_traitsIcESaIcEEEmELb1EEEbRKNS_19_Node_iterator_baseIT_XT0_EEESE_
FNDA:2069518,_ZNSt8__detail14_Node_iteratorISt4pairIKNSt7__cxx1112basic_stringIcSt11char_traitsIcESaIcEEEmELb0ELb1EEC2EPNS_10_Hash_nodeIS9_Lb1EEE
FNDA:3236,_ZNKSt8__detail14_Node_iteratorISt4pairIKNSt7__cxx1112basic_stringIcSt11char_traitsIcESaIcEEEmELb0ELb1EEptEv
FNDA:2832479,_ZNSt8__detail18_Mod_range_hashingC2Ev
FNDA:1038804,_ZNKSt8__detail18_Mod_range_hashingclEmm
FNDA:2833393,_ZNSt8__detail20_Prime_rehash_policyC2Ef
FNDA:1618,_ZNKSt8__detail20_Prime_rehash_policy8_M_stateEv
FNDA:0,_ZNSt8__detail20_Prime_rehash_policy8_M_resetEm
FNDA:2831945,_ZNSt8__detail9_Map_baseINSt7__cxx1112basic_stringIcSt11char_traitsIcESaIcEEESt4pairIKS6_mESaIS9_ENS_10_Select1stESt8equal_toIS6_ESt4hashIS6_ENS_18_Mod_range_hashingENS_20_Default_ranged_hashENS_20_Prime_rehash_policyENS_17_Hashtable_traitsILb1ELb0ELb1EEELb1EEC2Ev
FNDA:1618,_ZNSt8__detail9_Map_baseINSt7__cxx1112basic_stringIcSt11char_traitsIcESaIcEEESt4pairIKS6_mESaIS9_ENS_10_Select1stESt8equal_toIS6_ESt4hashIS6_ENS_18_Mod_range_hashingENS_20_Default_ranged_hashENS_20_Prime_rehash_policyENS_17_Hashtable_traitsILb1ELb0ELb1EEELb1EEixEOS6_
FNDA:2832928,_ZNSt8__detail12_Insert_baseINSt7__cxx1112basic_stringIcSt11char_traitsIcESaIcEEESt4pairIKS6_mESaIS9_ENS_10_Select1stESt8equal_toIS6_ESt4hashIS6_ENS_18_Mod_range_hashingENS_20_Default_ranged_hashENS_20_Prime_rehash_policyENS_17_Hashtable_traitsILb1ELb0ELb1EEEEC2Ev
FNDA:2832746,_ZNSt8__detail7_InsertINSt7__cxx1112basic_stringIcSt11char_traitsIcESaIcEEESt4pairIKS6_mESaIS9_ENS_10_Select1stESt8equal_toIS6_ESt4hashIS6_ENS_18_Mod_range_hashingENS_20_Default_ranged_hashENS_20_Prime_rehash_policyENS_17_Hashtable_traitsILb1ELb0ELb1EEELb0ELb1EEC2Ev
FNDA:2832890,_ZNSt8__detail12_Rehash_baseINSt7__cxx1112basic_stringIcSt11char_traitsIcESaIcEEESt4pairIKS6_mESaIS9_ENS_10_Select1stESt8equal_toIS6_ESt4hashIS6_ENS_18_Mod_range_hashingENS_20_Default_ranged_hashENS_20_Prime_rehash_policyENS_17_Hashtable_traitsILb1ELb0ELb1EEEEC2Ev
FNDA:2828039,_ZNSt8__detail21_Hashtable_ebo_helperILi0ESaINS_10_Hash_nodeISt4pairIKNSt7__cxx1112basic_stringIcSt11char_traitsIcESaIcEEEmELb1EEEELb1EED2Ev
FNDA:2833508,_ZNSt8__detail21_Hashtable_ebo_helperILi0ESaINS_10_Hash_nodeISt4pairIKNSt7__cxx1112basic_stringIcSt11char_traitsIcESaIcEEEmELb1EEEELb1EEC2Ev
FNDA:2832152,_ZNSt8__detail21_Hashtable_ebo_helperILi0ESt8equal_toINSt7__cxx1112basic_stringIcSt11char_traitsIcESaIcEEEELb1EEC2Ev
FNDA:2831822,_ZNSt8__detail21_Hashtable_ebo_helperILi2ENS_18_Mod_range_hashingELb1EEC2Ev
FNDA:2832417,_ZNSt8__detail21_Hashtable_ebo_helperILi1ESt4hashINSt7__cxx1112basic_stringIcSt11char_traitsIcESaIcEEEELb1EEC2Ev
FNDA:2832528,_ZNSt8__detail21_Hashtable_ebo_helperILi0ENS_10_Select1stELb1EEC2Ev
FNDA:1618,_ZNSt8__detail21_Hashtable_ebo_helperILi0ENS_10_Select1stELb1EE7_S_cgetERKS2_
FNDA:1618,_ZNSt8__detail21_Hashtable_ebo_helperILi0ESt8equal_toINSt7__cxx1112basic_stringIcSt11char_traitsIcESaIcEEEELb1EE7_S_cgetERKS9_
FNDA:1038804,_ZNSt8__detail21_Hashtable_ebo_helperILi2ENS_18_Mod_range_hashingELb1EE7_S_cgetERKS2_
FNDA:1035568,_ZNSt8__detail21_Hashtable_ebo_helperILi1ESt4hashINSt7__cxx1112basic_stringIcSt11char_traitsIcESaIcEEEELb1EE7_S_cgetERKS9_
FNDA:1618,_ZNSt8__detail21_Hashtable_ebo_helperILi0ENS_10_Select1stELb1EE6_S_getERS2_
FNDA:9708,_ZNSt8__detail21_Hashtable_ebo_helperILi0ESaINS_10_Hash_nodeISt4pairIKNSt7__cxx1112basic_stringIcSt11char_traitsIcESaIcEEEmELb1EEEELb1EE6_S_getERSD_
FNDA:2832681,_ZNSt8__detail15_Hash_code_baseINSt7__cxx1112basic_stringIcSt11char_traitsIcESaIcEEESt4pairIKS6_mENS_10_Select1stESt4hashIS6_ENS_18_Mod_range_hashingENS_20_Default_ranged_hashELb1EEC2Ev
FNDA:1035568,_ZNKSt8__detail15_Hash_code_baseINSt7__cxx1112basic_stringIcSt11char_traitsIcESaIcEEESt4pairIKS6_mENS_10_Select1stESt4hashIS6_ENS_18_Mod_range_hashingENS_20_Default_ranged_hashELb1EE12_M_hash_codeERS8_
FNDA:1037186,_ZNKSt8__detail15_Hash_code_baseINSt7__cxx1112basic_stringIcSt11char_traitsIcESaIcEEESt4pairIKS6_mENS_10_Select1stESt4hashIS6_ENS_18_Mod_range_hashingENS_20_Default_ranged_hashELb1EE15_M_bucket_indexERS8_mm
FNDA:1618,_ZNKSt8__detail15_Hash_code_baseINSt7__cxx1112basic_stringIcSt11char_traitsIcESaIcEEESt4pairIKS6_mENS_10_Select1stESt4hashIS6_ENS_18_Mod_range_hashingENS_20_Default_ranged_hashELb1EE15_M_bucket_indexEPKNS_10_Hash_nodeIS9_Lb1EEEm
FNDA:1618,_ZNKSt8__detail15_Hash_code_baseINSt7__cxx1112basic_stringIcSt11char_traitsIcESaIcEEESt4pairIKS6_mENS_10_Select1stESt4hashIS6_ENS_18_Mod_range_hashingENS_20_Default_ranged_hashELb1EE13_M_store_codeEPNS_10_Hash_nodeIS9_Lb1EEEm
FNDA:1618,_ZNKSt8__detail15_Hash_code_baseINSt7__cxx1112basic_stringIcSt11char_traitsIcESaIcEEESt4pairIKS6_mENS_10_Select1stESt4hashIS6_ENS_18_Mod_range_hashingENS_20_Default_ranged_hashELb1EE10_M_extractEv
FNDA:1618,_ZNSt8__detail15_Hash_code_baseINSt7__cxx1112basic_stringIcSt11char_traitsIcESaIcEEESt4pairIKS6_mENS_10_Select1stESt4hashIS6_ENS_18_Mod_range_hashingENS_20_Default_ranged_hashELb1EE10_M_extractEv
FNDA:1035568,_ZNKSt8__detail15_Hash_code_baseINSt7__cxx1112basic_stringIcSt11char_traitsIcESaIcEEESt4pairIKS6_mENS_10_Select1stESt4hashIS6_ENS_18_Mod_range_hashingENS_20_Default_ranged_hashELb1EE5_M_h1Ev
FNDA:1038804,_ZNKSt8__detail15_Hash_code_baseINSt7__cxx1112basic_stringIcSt11char_traitsIcESaIcEEESt4pairIKS6_mENS_10_Select1stESt4hashIS6_ENS_18_Mod_range_hashingENS_20_Default_ranged_hashELb1EE5_M_h2Ev
FNDA:1618,_ZNSt8__detail13_Equal_helperINSt7__cxx1112basic_stringIcSt11char_traitsIcESaIcEEESt4pairIKS6_mENS_10_Select1stESt8equal_toIS6_EmLb1EE9_S_equalsERKSC_RKSA_RS8_mPNS_10_Hash_nodeIS9_Lb1EEE
FNDA:2832830,_ZNSt8__detail15_Hashtable_baseINSt7__cxx1112basic_stringIcSt11char_traitsIcESaIcEEESt4pairIKS6_mENS_10_Select1stESt8equal_toIS6_ESt4hashIS6_ENS_18_Mod_range_hashingENS_20_Default_ranged_hashENS_17_Hashtable_traitsILb1ELb0ELb1EEEEC2Ev
FNDA:1618,_ZNKSt8__detail15_Hashtable_baseINSt7__cxx1112basic_stringIcSt11char_traitsIcESaIcEEESt4pairIKS6_mENS_10_Select1stESt8equal_toIS6_ESt4hashIS6_ENS_18_Mod_range_hashingENS_20_Default_ranged_hashENS_17_Hashtable_traitsILb1ELb0ELb1EEEE9_M_equalsERS8_mPNS_10_Hash_nodeIS9_Lb1EEE
FNDA:1618,_ZNKSt8__detail15_Hashtable_baseINSt7__cxx1112basic_stringIcSt11char_traitsIcESaIcEEESt4pairIKS6_mENS_10_Select1stESt8equal_toIS6_ESt4hashIS6_ENS_18_Mod_range_hashingENS_20_Default_ranged_hashENS_17_Hashtable_traitsILb1ELb0ELb1EEEE5_M_eqEv
FNDA:2832970,_ZNSt8__detail9_EqualityINSt7__cxx1112basic_stringIcSt11char_traitsIcESaIcEEESt4pairIKS6_mESaIS9_ENS_10_Select1stESt8equal_toIS6_ESt4hashIS6_ENS_18_Mod_range_hashingENS_20_Default_ranged_hashENS_20_Prime_rehash_policyENS_17_Hashtable_traitsILb1ELb0ELb1EEELb1EEC2Ev
FNDA:2827976,_ZNSt8__detail16_Hashtable_allocISaINS_10_Hash_nodeISt4pairIKNSt7__cxx1112basic_stringIcSt11char_traitsIcESaIcEEEmELb1EEEEED2Ev
FNDA:2833423,_ZNSt8__detail16_Hashtable_allocISaINS_10_Hash_nodeISt4pairIKNSt7__cxx1112basic_stringIcSt11char_traitsIcESaIcEEEmELb1EEEEEC2Ev
FNDA:9708,_ZNSt8__detail16_Hashtable_allocISaINS_10_Hash_nodeISt4pairIKNSt7__cxx1112basic_stringIcSt11char_traitsIcESaIcEEEmELb1EEEEE17_M_node_allocatorEv
FNDA:1618,_ZNSt8__detail16_Hashtable_allocISaINS_10_Hash_nodeISt4pairIKNSt7__cxx1112basic_stringIcSt11char_traitsIcESaIcEEEmELb1EEEEE16_M_allocate_nodeIJRKSt21piecewise_construct_tSt5tupleIJOS8_EESI_IJEEEEEPSB_DpOT_
FNDA:1618,_ZNSt8__detail16_Hashtable_allocISaINS_10_Hash_nodeISt4pairIKNSt7__cxx1112basic_stringIcSt11char_traitsIcESaIcEEEmELb1EEEEE18_M_deallocate_nodeEPSB_
FNDA:2828651,_ZNSt8__detail16_Hashtable_allocISaINS_10_Hash_nodeISt4pairIKNSt7__cxx1112basic_stringIcSt11char_traitsIcESaIcEEEmELb1EEEEE19_M_deallocate_nodesEPSB_
FNDA:1618,_ZNSt8__detail16_Hashtable_allocISaINS_10_Hash_nodeISt4pairIKNSt7__cxx1112basic_stringIcSt11char_traitsIcESaIcEEEmELb1EEEEE19_M_allocate_bucketsEm
FNDA:1618,_ZNSt8__detail16_Hashtable_allocISaINS_10_Hash_nodeISt4pairIKNSt7__cxx1112basic_stringIcSt11char_traitsIcESaIcEEEmELb1EEEEE21_M_deallocate_bucketsEPPNS_15_Hash_node_baseEm
FNF:56
FNH:55
DA:96,2832280
DA:100,3236
DA:102,3236
DA:231,2835097
DA:242,1618
DA:249,9708
DA:250,9708
DA:257,3236
DA:258,3236
DA:277,1618
DA:282,3236
DA:283,3236
DA:307,2069518
DA:308,2069518
DA:324,1033950
DA:327,1033950
DA:353,2069518
DA:354,2069518
DA:361,3236
DA:362,3236
DA:437,2832479
DA:444,1038804
DA:446,1038804
DA:460,2833393
DA:461,2833393
DA:487,1618
DA:488,1618
DA:495,0
DA:496,0
DA:543,2831945
DA:608,1618
DA:613,1618
DA:614,1618
DA:615,1618
DA:616,1618
DA:618,1618
DA:620,1618
DA:621,1618
DA:623,1618
DA:626,0
DA:676,2832928
DA:869,2832746
DA:930,2832890
DA:971,2828039
DA:974,14162427
DA:982,2077608
DA:983,2077608
DA:986,11326
DA:987,11326
DA:1247,2832681
DA:1254,1035568
DA:1255,1035568
DA:1258,1037186
DA:1260,1037186
DA:1263,1618
DA:1266,1618
DA:1269,1618
DA:1270,1618
DA:1285,1618
DA:1288,1618
DA:1291,1035568
DA:1297,1038804
DA:1318,1618
DA:1320,1618
DA:1692,2832830
DA:1699,1618
DA:1701,1618
DA:1702,1618
DA:1713,1618
DA:1798,2832970
DA:1884,2827976
DA:1905,2833423
DA:1915,9708
DA:1916,9708
DA:1945,1618
DA:1947,1618
DA:1948,1618
DA:1951,3236
DA:1952,1618
DA:1953,1618
DA:1955,3236
DA:1957,0
DA:1959,0
DA:1960,0
DA:1966,1618
DA:1969,1618
DA:1970,3236
DA:1971,1618
DA:1973,1618
DA:1974,1618
DA:1978,2830269
DA:1980,2831887
DA:1982,1618
DA:1983,1618
DA:1984,1618
DA:1986,2828651
DA:1990,1618
DA:1992,3236
DA:1994,1618
DA:1995,1618
DA:1996,1618
DA:1997,3236
DA:2002,1618
DA:2006,1618
DA:2007,3236
DA:2008,1618
DA:2009,1618
LF:107
LH:101
end_of_record
SF:/usr/include/c++/6/bits/move.h
FN:47,_ZSt11__addressofI11AsyncBufferIhEEPT_RS2_
FN:47,_ZSt11__addressofIPNSt8__detail15_Hash_node_baseEEPT_RS3_
FN:47,_ZSt11__addressofINSt8__detail10_Hash_nodeISt4pairIKNSt7__cxx1112basic_stringIcSt11char_traitsIcESaIcEEEmELb1EEEEPT_RSC_
FN:76,_ZSt7forwardIPSt13unordered_mapINSt7__cxx1112basic_stringIcSt11char_traitsIcESaIcEEEmSt4hashIS6_ESt8equal_toIS6_ESaISt4pairIKS6_mEEEEOT_RNSt16remove_referenceISH_E4typeE
FN:76,_ZSt7forwardISt14default_deleteISt13unordered_mapINSt7__cxx1112basic_stringIcSt11char_traitsIcESaIcEEEmSt4hashIS7_ESt8equal_toIS7_ESaISt4pairIKS7_mEEEEEOT_RNSt16remove_referenceISI_E4typeE
FN:76,_ZSt7forwardISt5tupleIJONSt7__cxx1112basic_stringIcSt11char_traitsIcESaIcEEEEEEOT_RNSt16remove_referenceIS9_E4typeE
FN:76,_ZSt7forwardIONSt7__cxx1112basic_stringIcSt11char_traitsIcESaIcEEEEOT_RNSt16remove_referenceIS7_E4typeE
FN:76,_ZSt7forwardIRSt4pairIKNSt7__cxx1112basic_stringIcSt11char_traitsIcESaIcEEEmEEOT_RNSt16remove_referenceISA_E4typeE
FN:76,_ZSt7forwardISt5tupleIJEEEOT_RNSt16remove_referenceIS2_E4typeE
FN:76,_ZSt7forwardISt14default_deleteISt6vectorI11AsyncBufferIhESaIS3_EEEEOT_RNSt16remove_referenceIS7_E4typeE
FN:76,_ZSt7forwardIRKSt21piecewise_construct_tEOT_RNSt16remove_referenceIS3_E4typeE
FN:76,_ZSt7forwardINSt7__cxx1112basic_stringIcSt11char_traitsIcESaIcEEEEOT_RNSt16remove_referenceIS6_E4typeE
FN:76,_ZSt7forwardI11AsyncBufferIhEEOT_RNSt16remove_referenceIS2_E4typeE
FN:101,_ZSt4moveIR11AsyncBufferIhEEONSt16remove_referenceIT_E4typeEOS4_
FN:101,_ZSt4moveIRNSt7__cxx1112basic_stringIcSt11char_traitsIcESaIcEEEEONSt16remove_referenceIT_E4typeEOS8_
FN:101,_ZSt4moveIRN4Napi9ReferenceINS0_8FunctionEEEEONSt16remove_referenceIT_E4typeEOS6_
FN:101,_ZSt4moveIRPSt13unordered_mapINSt7__cxx1112basic_stringIcSt11char_traitsIcESaIcEEEmSt4hashIS6_ESt8equal_toIS6_ESaISt4pairIKS6_mEEEEONSt16remove_referenceIT_E4typeEOSJ_
FN:101,_ZSt4moveIRN4Napi9ReferenceINS0_6ObjectEEEEONSt16remove_referenceIT_E4typeEOS6_
FN:101,_ZSt4moveIRPSt6vectorI11AsyncBufferIhESaIS2_EEEONSt16remove_referenceIT_E4typeEOS8_
FN:135,_ZSt9addressofIPNSt8__detail15_Hash_node_baseEEPT_RS3_
FN:135,_ZSt9addressofINSt8__detail10_Hash_nodeISt4pairIKNSt7__cxx1112basic_stringIcSt11char_traitsIcESaIcEEEmELb1EEEEPT_RSC_
FN:179,_ZSt4swapIPSt13unordered_mapINSt7__cxx1112basic_stringIcSt11char_traitsIcESaIcEEEmSt4hashIS6_ESt8equal_toIS6_ESaISt4pairIKS6_mEEEENSt9enable_ifIXsrSt6__and_IJSt21is_move_constructibleIT_ESt18is_move_assignableISK_EEE5valueEvE4typeERSK_SR_
FN:179,_ZSt4swapIPSt6vectorI11AsyncBufferIhESaIS2_EEENSt9enable_ifIXsrSt6__and_IJSt21is_move_constructibleIT_ESt18is_move_assignableIS9_EEE5valueEvE4typeERS9_SG_
FNDA:3236,_ZSt11__addressofIPNSt8__detail15_Hash_node_baseEEPT_RS3_
FNDA:516110,_ZSt11__addressofI11AsyncBufferIhEEPT_RS2_
FNDA:3236,_ZSt11__addressofINSt8__detail10_Hash_nodeISt4pairIKNSt7__cxx1112basic_stringIcSt11char_traitsIcESaIcEEEmELb1EEEEPT_RSC_
FNDA:3,_ZSt7forwardI11AsyncBufferIhEEOT_RNSt16remove_referenceIS2_E4typeE
FNDA:3236,_ZSt7forwardIRSt4pairIKNSt7__cxx1112basic_stringIcSt11char_traitsIcESaIcEEEmEEOT_RNSt16remove_referenceISA_E4typeE
FNDA:4854,_ZSt7forwardISt5tupleIJEEEOT_RNSt16remove_referenceIS2_E4typeE
FNDA:4854,_ZSt7forwardISt5tupleIJONSt7__cxx1112basic_stringIcSt11char_traitsIcESaIcEEEEEEOT_RNSt16remove_referenceIS9_E4typeE
FNDA:4854,_ZSt7forwardIRKSt21piecewise_construct_tEOT_RNSt16remove_referenceIS3_E4typeE
FNDA:3236,_ZSt7forwardIONSt7__cxx1112basic_stringIcSt11char_traitsIcESaIcEEEEOT_RNSt16remove_referenceIS7_E4typeE
FNDA:8090,_ZSt7forwardINSt7__cxx1112basic_stringIcSt11char_traitsIcESaIcEEEEOT_RNSt16remove_referenceIS6_E4typeE
FNDA:928094,_ZSt7forwardISt14default_deleteISt6vectorI11AsyncBufferIhESaIS3_EEEEOT_RNSt16remove_referenceIS7_E4typeE
FNDA:2421,_ZSt7forwardIPSt13unordered_mapINSt7__cxx1112basic_stringIcSt11char_traitsIcESaIcEEEmSt4hashIS6_ESt8equal_toIS6_ESaISt4pairIKS6_mEEEEOT_RNSt16remove_referenceISH_E4typeE
FNDA:1422971,_ZSt7forwardISt14default_deleteISt13unordered_mapINSt7__cxx1112basic_stringIcSt11char_traitsIcESaIcEEEmSt4hashIS7_ESt8equal_toIS7_ESaISt4pairIKS7_mEEEEEOT_RNSt16remove_referenceISI_E4typeE
FNDA:2784132,_ZSt4moveIRPSt6vectorI11AsyncBufferIhESaIS2_EEEONSt16remove_referenceIT_E4typeEOS8_
FNDA:4256676,_ZSt4moveIRPSt13unordered_mapINSt7__cxx1112basic_stringIcSt11char_traitsIcESaIcEEEmSt4hashIS6_ESt8equal_toIS6_ESaISt4pairIKS6_mEEEEONSt16remove_referenceIT_E4typeEOSJ_
FNDA:258044,_ZSt4moveIR11AsyncBufferIhEEONSt16remove_referenceIT_E4typeEOS4_
FNDA:3242,_ZSt4moveIRNSt7__cxx1112basic_stringIcSt11char_traitsIcESaIcEEEEONSt16remove_referenceIT_E4typeEOS8_
FNDA:3035076,_ZSt4moveIRN4Napi9ReferenceINS0_8FunctionEEEEONSt16remove_referenceIT_E4typeEOS6_
FNDA:6070152,_ZSt4moveIRN4Napi9ReferenceINS0_6ObjectEEEEONSt16remove_referenceIT_E4typeEOS6_
FNDA:1618,_ZSt9addressofIPNSt8__detail15_Hash_node_baseEEPT_RS3_
FNDA:1618,_ZSt9addressofINSt8__detail10_Hash_nodeISt4pairIKNSt7__cxx1112basic_stringIcSt11char_traitsIcESaIcEEEmELb1EEEEPT_RSC_
FNDA:928076,_ZSt4swapIPSt6vectorI11AsyncBufferIhESaIS2_EEENSt9enable_ifIXsrSt6__and_IJSt21is_move_constructibleIT_ESt18is_move_assignableIS9_EEE5valueEvE4typeERS9_SG_
FNDA:1418954,_ZSt4swapIPSt13unordered_mapINSt7__cxx1112basic_stringIcSt11char_traitsIcESaIcEEEmSt4hashIS6_ESt8equal_toIS6_ESaISt4pairIKS6_mEEEENSt9enable_ifIXsrSt6__and_IJSt21is_move_constructibleIT_ESt18is_move_assignableISK_EEE5valueEvE4typeERSK_SR_
FNF:23
FNH:23
DA:47,522582
DA:50,522582
DA:76,2382613
DA:77,2382613
DA:101,16407322
DA:102,16407322
DA:135,3236
DA:136,3236
DA:179,2347030
DA:190,2347030
DA:191,2347067
DA:192,2347072
DA:193,2347051
LF:13
LH:13
end_of_record
SF:/usr/include/c++/6/bits/ptr_traits.h
FN:141,_ZNSt14pointer_traitsIPNSt8__detail10_Hash_nodeISt4pairIKNSt7__cxx1112basic_stringIcSt11char_traitsIcESaIcEEEmELb1EEEE10pointer_toERSB_
FN:141,_ZNSt14pointer_traitsIPPNSt8__detail15_Hash_node_baseEE10pointer_toERS2_
FNDA:1618,_ZNSt14pointer_traitsIPPNSt8__detail15_Hash_node_baseEE10pointer_toERS2_
FNDA:1618,_ZNSt14pointer_traitsIPNSt8__detail10_Hash_nodeISt4pairIKNSt7__cxx1112basic_stringIcSt11char_traitsIcESaIcEEEmELb1EEEE10pointer_toERSB_
FNF:2
FNH:2
DA:141,3236
DA:142,3236
LF:2
LH:2
end_of_record
SF:/usr/include/c++/6/bits/stl_algobase.h
FN:219,_ZSt3maxImERKT_S2_S2_
FNDA:258046,_ZSt3maxImERKT_S2_S2_
FNF:1
FNH:1
DA:219,258046
DA:224,258046
DA:225,258043
DA:226,3
LF:4
LH:4
end_of_record
SF:/usr/include/c++/6/bits/stl_construct.h
FN:74,_ZSt10_ConstructI11AsyncBufferIhEJS1_EEvPT_DpOT0_
FN:74,_ZSt10_ConstructI11AsyncBufferIhEJEEvPT_DpOT0_
FN:92,_ZSt8_DestroyI11AsyncBufferIhEEvPT_
FN:100,_ZNSt12_Destroy_auxILb0EE9__destroyIP11AsyncBufferIhEEEvT_S5_
FN:122,_ZSt8_DestroyIP11AsyncBufferIhEEvT_S3_
FN:148,_ZSt8_DestroyIP11AsyncBufferIhES1_EvT_S3_RSaIT0_E
FNDA:3,_ZSt10_ConstructI11AsyncBufferIhEJS1_EEvPT_DpOT0_
FNDA:258033,_ZSt10_ConstructI11AsyncBufferIhEJEEvPT_DpOT0_
FNDA:258082,_ZSt8_DestroyI11AsyncBufferIhEEvPT_
FNDA:2110098,_ZNSt12_Destroy_auxILb0EE9__destroyIP11AsyncBufferIhEEEvT_S5_
FNDA:2110463,_ZSt8_DestroyIP11AsyncBufferIhEEvT_S3_
FNDA:2110609,_ZSt8_DestroyIP11AsyncBufferIhES1_EvT_S3_RSaIT0_E
FNF:6
FNH:6
DA:74,258036
DA:75,258036
DA:92,258082
DA:93,258082
DA:100,2368180
DA:102,2626262
DA:103,258082
DA:104,2110098
DA:122,2110463
DA:126,2110463
DA:128,2110348
DA:148,2110609
DA:151,2110609
DA:152,2110632
LF:14
LH:14
end_of_record
SF:/usr/include/c++/6/bits/stl_function.h
FN:118,_ZNSt15binary_functionINSt7__cxx1112basic_stringIcSt11char_traitsIcESaIcEEES5_bEC2Ev
FN:351,_ZNSt8equal_toINSt7__cxx1112basic_stringIcSt11char_traitsIcESaIcEEEEC2Ev
FN:355,_ZNKSt8equal_toINSt7__cxx1112basic_stringIcSt11char_traitsIcESaIcEEEEclERKS5_S8_
FNDA:2831402,_ZNSt15binary_functionINSt7__cxx1112basic_stringIcSt11char_traitsIcESaIcEEES5_bEC2Ev
FNDA:2831235,_ZNSt8equal_toINSt7__cxx1112basic_stringIcSt11char_traitsIcESaIcEEEEC2Ev
FNDA:1618,_ZNKSt8equal_toINSt7__cxx1112basic_stringIcSt11char_traitsIcESaIcEEEEclERKS5_S8_
FNF:3
FNH:3
DA:118,2831402
DA:351,2831235
DA:355,1618
DA:356,1618
LF:4
LH:4
end_of_record
SF:/usr/include/c++/6/bits/stl_iterator.h
FN:1032,_ZNSt13move_iteratorIP11AsyncBufferIhEEC2ES2_
FN:1040,_ZNKSt13move_iteratorIP11AsyncBufferIhEE4baseEv
FN:1044,_ZNKSt13move_iteratorIP11AsyncBufferIhEEdeEv
FN:1052,_ZNSt13move_iteratorIP11AsyncBufferIhEEppEv
FN:1119,_ZSteqIP11AsyncBufferIhEEbRKSt13move_iteratorIT_ES7_
FN:1131,_ZStneIP11AsyncBufferIhEEbRKSt13move_iteratorIT_ES7_
FN:1223,_ZSt32__make_move_if_noexcept_iteratorI11AsyncBufferIhESt13move_iteratorIPS1_EET0_PT_
FNDA:516088,_ZNSt13move_iteratorIP11AsyncBufferIhEEC2ES2_
FNDA:516120,_ZNKSt13move_iteratorIP11AsyncBufferIhEE4baseEv
FNDA:3,_ZNKSt13move_iteratorIP11AsyncBufferIhEEdeEv
FNDA:3,_ZNSt13move_iteratorIP11AsyncBufferIhEEppEv
FNDA:258006,_ZSteqIP11AsyncBufferIhEEbRKSt13move_iteratorIT_ES7_
FNDA:258049,_ZStneIP11AsyncBufferIhEEbRKSt13move_iteratorIT_ES7_
FNDA:516082,_ZSt32__make_move_if_noexcept_iteratorI11AsyncBufferIhESt13move_iteratorIPS1_EET0_PT_
FNF:7
FNH:7
DA:1032,516088
DA:1033,516088
DA:1040,516120
DA:1041,516120
DA:1044,3
DA:1045,3
DA:1052,3
DA:1054,3
DA:1055,3
DA:1119,258006
DA:1121,258006
DA:1131,258049
DA:1133,258049
DA:1223,516082
DA:1224,516082
LF:15
LH:15
end_of_record
SF:/usr/include/c++/6/bits/stl_iterator_base_funcs.h
FN:96,_ZSt10__distanceIPcENSt15iterator_traitsIT_E15difference_typeES2_S2_St26random_access_iterator_tag
FN:135,_ZSt8distanceIPcENSt15iterator_traitsIT_E15difference_typeES2_S2_
FNDA:0,_ZSt10__distanceIPcENSt15iterator_traitsIT_E15difference_typeES2_S2_St26random_access_iterator_tag
FNDA:0,_ZSt8distanceIPcENSt15iterator_traitsIT_E15difference_typeES2_S2_
FNF:2
FNH:0
DA:96,0
DA:102,0
DA:135,0
DA:138,0
DA:139,0
LF:5
LH:0
end_of_record
SF:/usr/include/c++/6/bits/stl_iterator_base_types.h
FN:204,_ZSt19__iterator_categoryIPcENSt15iterator_traitsIT_E17iterator_categoryERKS2_
FNDA:0,_ZSt19__iterator_categoryIPcENSt15iterator_traitsIT_E17iterator_categoryERKS2_
FNF:1
FNH:0
DA:204,0
DA:205,0
LF:2
LH:0
end_of_record
SF:/usr/include/c++/6/bits/stl_pair.h
FN:194,_ZNSt4pairIKNSt7__cxx1112basic_stringIcSt11char_traitsIcESaIcEEEmED2Ev
FNDA:1618,_ZNSt4pairIKNSt7__cxx1112basic_stringIcSt11char_traitsIcESaIcEEEmED2Ev
FNF:1
FNH:1
DA:194,1618
LF:1
LH:1
end_of_record
SF:/usr/include/c++/6/bits/stl_uninitialized.h
FN:68,_ZNSt20__uninitialized_copyILb0EE13__uninit_copyISt13move_iteratorIP11AsyncBufferIhEES5_EET0_T_S8_S7_
FN:107,_ZSt18uninitialized_copyISt13move_iteratorIP11AsyncBufferIhEES3_ET0_T_S6_S5_
FN:279,_ZSt22__uninitialized_copy_aISt13move_iteratorIP11AsyncBufferIhEES3_S2_ET0_T_S6_S5_RSaIT1_E
FN:297,_ZSt34__uninitialized_move_if_noexcept_aIP11AsyncBufferIhES2_SaIS1_EET0_T_S5_S4_RT1_
FN:513,_ZNSt27__uninitialized_default_n_1ILb0EE18__uninit_default_nIP11AsyncBufferIhEmEET_S5_T0_
FN:566,_ZSt25__uninitialized_default_nIP11AsyncBufferIhEmET_S3_T0_
FN:635,_ZSt27__uninitialized_default_n_aIP11AsyncBufferIhEmS1_ET_S3_T0_RSaIT1_E
FNDA:258049,_ZNSt20__uninitialized_copyILb0EE13__uninit_copyISt13move_iteratorIP11AsyncBufferIhEES5_EET0_T_S8_S7_
FNDA:258051,_ZSt18uninitialized_copyISt13move_iteratorIP11AsyncBufferIhEES3_ET0_T_S6_S5_
FNDA:258056,_ZSt22__uninitialized_copy_aISt13move_iteratorIP11AsyncBufferIhEES3_S2_ET0_T_S6_S5_RSaIT1_E
FNDA:258064,_ZSt34__uninitialized_move_if_noexcept_aIP11AsyncBufferIhES2_SaIS1_EET0_T_S5_S4_RT1_
FNDA:258032,_ZNSt27__uninitialized_default_n_1ILb0EE18__uninit_default_nIP11AsyncBufferIhEmEET_S5_T0_
FNDA:258045,_ZSt25__uninitialized_default_nIP11AsyncBufferIhEmET_S3_T0_
FNDA:258063,_ZSt27__uninitialized_default_n_aIP11AsyncBufferIhEmS1_ET_S3_T0_RSaIT1_E
FNF:7
FNH:7
DA:68,258049
DA:71,258049
DA:74,258055
DA:75,3
DA:76,258066
DA:78,0
DA:80,0
DA:81,0
DA:107,258051
DA:120,258051
DA:126,258051
DA:279,258056
DA:281,258056
DA:297,258064
DA:303,258064
DA:304,258055
DA:513,258032
DA:515,258032
DA:518,774166
DA:519,258032
DA:520,258067
DA:522,0
DA:524,0
DA:525,0
DA:566,258045
DA:571,258045
DA:575,258045
DA:635,258063
DA:637,258063
LF:29
LH:23
end_of_record
SF:/usr/include/c++/6/bits/stl_vector.h
FN:79,_ZNSt12_Vector_baseI11AsyncBufferIhESaIS1_EE12_Vector_implD2Ev
FN:86,_ZNSt12_Vector_baseI11AsyncBufferIhESaIS1_EE12_Vector_implC2Ev
FN:113,_ZNSt12_Vector_baseI11AsyncBufferIhESaIS1_EE19_M_get_Tp_allocatorEv
FN:117,_ZNKSt12_Vector_baseI11AsyncBufferIhESaIS1_EE19_M_get_Tp_allocatorEv
FN:124,_ZNSt12_Vector_baseI11AsyncBufferIhESaIS1_EEC2Ev
FN:159,_ZNSt12_Vector_baseI11AsyncBufferIhESaIS1_EED2Ev
FN:167,_ZNSt12_Vector_baseI11AsyncBufferIhESaIS1_EE11_M_allocateEm
FN:174,_ZNSt12_Vector_baseI11AsyncBufferIhESaIS1_EE13_M_deallocateEPS1_m
FN:255,_ZNSt6vectorI11AsyncBufferIhESaIS1_EEC2Ev
FN:425,_ZNSt6vectorI11AsyncBufferIhESaIS1_EED2Ev
FN:655,_ZNKSt6vectorI11AsyncBufferIhESaIS1_EE4sizeEv
FN:660,_ZNKSt6vectorI11AsyncBufferIhESaIS1_EE8max_sizeEv
FN:674,_ZNSt6vectorI11AsyncBufferIhESaIS1_EE6resizeEm
FN:780,_ZNSt6vectorI11AsyncBufferIhESaIS1_EEixEm
FN:1420,_ZNKSt6vectorI11AsyncBufferIhESaIS1_EE12_M_check_lenEmPKc
FN:1434,_ZNSt6vectorI11AsyncBufferIhESaIS1_EE15_M_erase_at_endEPS1_
FNDA:1854392,_ZNSt12_Vector_baseI11AsyncBufferIhESaIS1_EE12_Vector_implD2Ev
FNDA:1855538,_ZNSt12_Vector_baseI11AsyncBufferIhESaIS1_EE12_Vector_implC2Ev
FNDA:2623032,_ZNSt12_Vector_baseI11AsyncBufferIhESaIS1_EE19_M_get_Tp_allocatorEv
FNDA:516068,_ZNKSt12_Vector_baseI11AsyncBufferIhESaIS1_EE19_M_get_Tp_allocatorEv
FNDA:1855567,_ZNSt12_Vector_baseI11AsyncBufferIhESaIS1_EEC2Ev
FNDA:1854261,_ZNSt12_Vector_baseI11AsyncBufferIhESaIS1_EED2Ev
FNDA:258062,_ZNSt12_Vector_baseI11AsyncBufferIhESaIS1_EE11_M_allocateEm
FNDA:2110384,_ZNSt12_Vector_baseI11AsyncBufferIhESaIS1_EE13_M_deallocateEPS1_m
FNDA:1855622,_ZNSt6vectorI11AsyncBufferIhESaIS1_EEC2Ev
FNDA:1854191,_ZNSt6vectorI11AsyncBufferIhESaIS1_EED2Ev
FNDA:3246226,_ZNKSt6vectorI11AsyncBufferIhESaIS1_EE4sizeEv
FNDA:516060,_ZNKSt6vectorI11AsyncBufferIhESaIS1_EE8max_sizeEv
FNDA:258057,_ZNSt6vectorI11AsyncBufferIhESaIS1_EE6resizeEm
FNDA:516068,_ZNSt6vectorI11AsyncBufferIhESaIS1_EEixEm
FNDA:258044,_ZNKSt6vectorI11AsyncBufferIhESaIS1_EE12_M_check_lenEmPKc
FNDA:0,_ZNSt6vectorI11AsyncBufferIhESaIS1_EE15_M_erase_at_endEPS1_
FNF:16
FNH:15
DA:79,1854392
DA:86,1855538
DA:87,1855538
DA:88,1855492
DA:113,2623032
DA:114,2623032
DA:117,516068
DA:118,516068
DA:124,1855567
DA:125,1855567
DA:159,1854261
DA:160,3708522
DA:161,3708590
DA:167,258062
DA:170,258062
DA:174,2110384
DA:177,2110384
DA:178,258079
DA:179,2110384
DA:255,1855622
DA:259,1855622
DA:425,1854191
DA:426,1854228
DA:427,3708460
DA:655,3246226
DA:656,3246226
DA:660,516060
DA:661,516060
DA:674,258057
DA:676,258057
DA:677,258057
DA:678,0
DA:679,0
DA:680,258051
DA:780,516068
DA:781,516068
DA:1420,258044
DA:1422,258044
DA:1423,0
DA:1425,258052
DA:1426,258049
DA:1434,0
DA:1436,0
DA:1437,0
DA:1438,0
LF:45
LH:38
end_of_record
SF:/usr/include/c++/6/bits/unique_ptr.h
FN:57,_ZNSt14default_deleteISt13unordered_mapINSt7__cxx1112basic_stringIcSt11char_traitsIcESaIcEEEmSt4hashIS6_ESt8equal_toIS6_ESaISt4pairIKS6_mEEEEC2Ev
FN:57,_ZNSt14default_deleteISt6vectorI11AsyncBufferIhESaIS2_EEEC2Ev
FN:70,_ZNKSt14default_deleteISt6vectorI11AsyncBufferIhESaIS2_EEEclEPS4_
FN:70,_ZNKSt14default_deleteISt13unordered_mapINSt7__cxx1112basic_stringIcSt11char_traitsIcESaIcEEEmSt4hashIS6_ESt8equal_toIS6_ESaISt4pairIKS6_mEEEEclEPSF_
FN:170,_ZNSt10unique_ptrISt6vectorI11AsyncBufferIhESaIS2_EESt14default_deleteIS4_EEC2EPS4_
FN:170,_ZNSt10unique_ptrIi7CloseFDEC2EPi
FN:170,_ZNSt10unique_ptrISt13unordered_mapINSt7__cxx1112basic_stringIcSt11char_traitsIcESaIcEEEmSt4hashIS6_ESt8equal_toIS6_ESaISt4pairIKS6_mEEESt14default_deleteISF_EEC2EPSF_
FN:209,_ZNSt10unique_ptrISt13unordered_mapINSt7__cxx1112basic_stringIcSt11char_traitsIcESaIcEEEmSt4hashIS6_ESt8equal_toIS6_ESaISt4pairIKS6_mEEESt14default_deleteISF_EEC2EOSI_
FN:235,_ZNSt10unique_ptrISt6vectorI11AsyncBufferIhESaIS2_EESt14default_deleteIS4_EED2Ev
FN:235,_ZNSt10unique_ptrISt13unordered_mapINSt7__cxx1112basic_stringIcSt11char_traitsIcESaIcEEEmSt4hashIS6_ESt8equal_toIS6_ESaISt4pairIKS6_mEEESt14default_deleteISF_EED2Ev
FN:235,_ZNSt10unique_ptrIi7CloseFDED2Ev
FN:252,_ZNSt10unique_ptrISt6vectorI11AsyncBufferIhESaIS2_EESt14default_deleteIS4_EEaSEOS7_
FN:252,_ZNSt10unique_ptrISt13unordered_mapINSt7__cxx1112basic_stringIcSt11char_traitsIcESaIcEEEmSt4hashIS6_ESt8equal_toIS6_ESaISt4pairIKS6_mEEESt14default_deleteISF_EEaSEOSI_
FN:291,_ZNKSt10unique_ptrISt13unordered_mapINSt7__cxx1112basic_stringIcSt11char_traitsIcESaIcEEEmSt4hashIS6_ESt8equal_toIS6_ESaISt4pairIKS6_mEEESt14default_deleteISF_EEdeEv
FN:291,_ZNKSt10unique_ptrIi7CloseFDEdeEv
[...]
FNDA:3380,_ZSt3getILm1EJPi7CloseFDEERNSt13tuple_elementIXT_ESt5tupleIJDpT0_EEE4typeERS6_
FNDA:5652070,_ZSt3getILm1EJPSt13unordered_mapINSt7__cxx1112basic_stringIcSt11char_traitsIcESaIcEEEmSt4hashIS6_ESt8equal_toIS6_ESaISt4pairIKS6_mEEESt14default_deleteISF_EEERNSt13tuple_elementIXT_ESt5tupleIJDpT0_EEE4typeERSN_
FNDA:5553662,_ZSt3getILm0EJPSt6vectorI11AsyncBufferIhESaIS2_EESt14default_deleteIS4_EEERNSt13tuple_elementIXT_ESt5tupleIJDpT0_EEE4typeERSC_
FNDA:6760,_ZSt3getILm0EJPi7CloseFDEERNSt13tuple_elementIXT_ESt5tupleIJDpT0_EEE4typeERS6_
FNDA:8426517,_ZSt3getILm0EJPSt13unordered_mapINSt7__cxx1112basic_stringIcSt11char_traitsIcESaIcEEEmSt4hashIS6_ESt8equal_toIS6_ESaISt4pairIKS6_mEEESt14default_deleteISF_EEERNSt13tuple_elementIXT_ESt5tupleIJDpT0_EEE4typeERSN_
FNDA:3123686,_ZSt3getILm0EJPSt6vectorI11AsyncBufferIhESaIS2_EESt14default_deleteIS4_EEERKNSt13tuple_elementIXT_ESt5tupleIJDpT0_EEE4typeERKSC_
FNDA:6918,_ZSt3getILm0EJPi7CloseFDEERKNSt13tuple_elementIXT_ESt5tupleIJDpT0_EEE4typeERKS6_
FNDA:3485161,_ZSt3getILm0EJPSt13unordered_mapINSt7__cxx1112basic_stringIcSt11char_traitsIcESaIcEEEmSt4hashIS6_ESt8equal_toIS6_ESaISt4pairIKS6_mEEESt14default_deleteISF_EEERKNSt13tuple_elementIXT_ESt5tupleIJDpT0_EEE4typeERKSN_
FNDA:1618,_ZSt16forward_as_tupleIJNSt7__cxx1112basic_stringIcSt11char_traitsIcESaIcEEEEESt5tupleIJDpOT_EES9_
FNDA:1618,_ZNSt4pairIKNSt7__cxx1112basic_stringIcSt11char_traitsIcESaIcEEEmEC2IJOS5_EJEEESt21piecewise_construct_tSt5tupleIJDpT_EESB_IJDpT0_EE
FNDA:1618,_ZNSt4pairIKNSt7__cxx1112basic_stringIcSt11char_traitsIcESaIcEEEmEC2IJOS5_EJLm0EEJEJEEERSt5tupleIJDpT_EERSA_IJDpT1_EESt12_Index_tupleIJXspT0_EEESJ_IJXspT2_EEE
FNF:68
FNH:68
DA:58,4691399
DA:59,4691399
DA:68,807
DA:69,807
DA:95,9366574
DA:104,4691348
DA:105,4691348
DA:114,4043
DA:115,4043
DA:142,14000157
DA:145,6615381
DA:190,13993696
DA:193,6614360
DA:201,4691769
DA:202,4691769
DA:211,807
DA:213,807
DA:346,9369746
DA:351,4691358
DA:352,4691358
DA:360,2425
DA:361,2425
DA:366,1618
DA:368,1618
DA:636,1618
DA:637,1618
DA:654,1618
DA:878,4691902
DA:879,4691902
DA:930,807
DA:931,807
DA:1247,23356851
DA:1248,23356851
DA:1252,6615900
DA:1253,6615900
DA:1258,23352274
DA:1259,23352274
DA:1264,6615765
DA:1265,6615765
DA:1403,1618
DA:1404,1618
DA:1574,1618
DA:1579,1618
DA:1580,1618
DA:1586,1618
DA:1589,1618
DA:1590,1618
DA:1591,1618
LF:48
LH:48
end_of_record
SF:/usr/include/c++/6/type_traits
FN:2052,_ZNSt15aligned_storageILm40ELm8EEC2Ev
FNDA:1618,_ZNSt15aligned_storageILm40ELm8EEC2Ev
FNF:1
FNH:1
DA:2052,1618
LF:1
LH:1
end_of_record
SF:/usr/include/c++/6/utility
FN:167,_ZNSt10__pair_getILm0EE5__getIKNSt7__cxx1112basic_stringIcSt11char_traitsIcESaIcEEEmEERT_RSt4pairIS9_T0_E
FN:202,_ZSt3getILm0EKNSt7__cxx1112basic_stringIcSt11char_traitsIcESaIcEEEmERNSt13tuple_elementIXT_ESt4pairIT0_T1_EE4typeERSB_
FNDA:3236,_ZNSt10__pair_getILm0EE5__getIKNSt7__cxx1112basic_stringIcSt11char_traitsIcESaIcEEEmEERT_RSt4pairIS9_T0_E
FNDA:3236,_ZSt3getILm0EKNSt7__cxx1112basic_stringIcSt11char_traitsIcESaIcEEEmERNSt13tuple_elementIXT_ESt4pairIT0_T1_EE4typeERSB_
FNF:2
FNH:2
DA:167,3236
DA:168,3236
DA:202,3236
DA:203,3236
LF:4
LH:4
end_of_record
SF:/home/david/shared-memory-disruptor/src/disruptor.cc
FN:44,_ZN9Disruptor4SpinEv
FN:116,_Z12NullCallbackRKN4Napi12CallbackInfoE
FN:120,_Z11GetCallbackRKN4Napi12CallbackInfoEj
FN:135,_ZN20DisruptorAsyncWorkerI10AsyncArrayI11AsyncBufferIhEEED2Ev
FN:135,_ZN20DisruptorAsyncWorkerI12AsyncBooleanED2Ev
FN:135,_ZN20DisruptorAsyncWorkerI11AsyncBufferIhEED0Ev
FN:135,_ZN20DisruptorAsyncWorkerI12AsyncBooleanED0Ev
FN:135,_ZN20DisruptorAsyncWorkerI10AsyncArrayI11AsyncBufferIhEEED0Ev
FN:135,_ZN20DisruptorAsyncWorkerI11AsyncBufferIhEED2Ev
FN:138,_ZN20DisruptorAsyncWorkerI10AsyncArrayI11AsyncBufferIhEEEC2EP9DisruptorRKN4Napi8FunctionE
FN:138,_ZN20DisruptorAsyncWorkerI11AsyncBufferIhEEC2EP9DisruptorRKN4Napi8FunctionE
FN:138,_ZN20DisruptorAsyncWorkerI12AsyncBooleanEC2EP9DisruptorRKN4Napi8FunctionE
FN:150,_ZN20DisruptorAsyncWorkerI11AsyncBufferIhEE4OnOKEv
FN:150,_ZN20DisruptorAsyncWorkerI10AsyncArrayI11AsyncBufferIhEEE4OnOKEv
FN:150,_ZN20DisruptorAsyncWorkerI12AsyncBooleanE4OnOKEv
FN:170,_ZN11AsyncObjectaSEOS_
FN:170,_ZN11AsyncObjectD2Ev
FN:170,_ZN11AsyncObjectC2EOS_
FN:173,_ZN11AsyncObject3SetEPKcm
FN:178,_ZN11AsyncObject10GetSeqNextEN4Napi3EnvERNS0_6ObjectE
FN:194,_ZN11AsyncObjectC2Ev
FN:204,_ZN11AsyncBufferIhEaSEOS0_
FN:204,_ZN11AsyncBufferIhED2Ev
FN:204,_ZN11AsyncBufferIhEC2EOS0_
FN:207,_ZN11AsyncBufferIhEC2Ev
FN:213,_ZN11AsyncBufferIhE3NewEN4Napi3EnvEPhm
FN:218,_ZN11AsyncBufferIhE3NewEN4Napi3EnvEm
FN:223,_ZN11AsyncBufferIhE7ToValueEN4Napi3EnvE
FN:240,_ZN11AsyncBufferIhE6LengthEv
FN:246,_ZN11AsyncBufferIhEC2EPhm
FN:257,_ZN10AsyncArrayI11AsyncBufferIhEED2Ev
FN:257,_ZN10AsyncArrayI11AsyncBufferIhEEaSEOS2_
FN:260,_ZN10AsyncArrayI11AsyncBufferIhEEC2Ev
FN:265,_ZN10AsyncArrayI11AsyncBufferIhEE3NewEN4Napi3EnvE
FN:270,_ZN10AsyncArrayI11AsyncBufferIhEE3SetEjS1_
FN:280,_ZN10AsyncArrayI11AsyncBufferIhEE7ToValueEN4Napi3EnvE
FN:292,_ZN10AsyncArrayI11AsyncBufferIhEE6LengthEv
FN:297,_ZN10AsyncArrayI11AsyncBufferIhEE3SetEPKcm
FN:309,_ZN12AsyncBooleanC2Ev
FN:314,_ZN12AsyncBoolean3NewEN4Napi3EnvEb
FN:319,_ZN12AsyncBoolean7ToValueEN4Napi3EnvE
FN:324,_ZNK12AsyncBooleancvbEv
FN:330,_ZN12AsyncBooleanC2Eb
FN:341,_ZN11AsyncNumber3NewEN4Napi3EnvEm
FN:350,_ZN7CloseFDclEPi
FN:357,_Z15ThrowErrnoErrorRKN4Napi12CallbackInfoEPKc
FN:368,_ZN9DisruptorC2ERKN4Napi12CallbackInfoE
FN:427,_ZN9DisruptorD2Ev
FN:432,_ZN9Disruptor7ReleaseEv
FN:449,_ZN9Disruptor7ReleaseERKN4Napi12CallbackInfoE
FN:459,_ZN9Disruptor14ConsumeNewSyncI10AsyncArrayI11AsyncBufferIhEES2_EET_RKN4Napi3EnvEb
FN:459,_ZN9Disruptor14ConsumeNewSyncIN4Napi5ArrayENS1_6BufferEEET_RKNS1_3EnvEb
FN:510,_ZN9Disruptor14ConsumeNewSyncERKN4Napi12CallbackInfoE
FN:515,_ZN21ConsumeNewAsyncWorkerD2Ev
FN:515,_ZN21ConsumeNewAsyncWorkerD0Ev
FN:519,_ZN21ConsumeNewAsyncWorkerC2EP9DisruptorRKN4Napi8FunctionE
FN:527,_ZN21ConsumeNewAsyncWorker7ExecuteEv
FN:534,_ZN21ConsumeNewAsyncWorker5RetryEv
FN:540,_ZN9Disruptor15ConsumeNewAsyncERKN4Napi12CallbackInfoE
FN:545,_ZN9Disruptor10ConsumeNewERKN4Napi12CallbackInfoE
FN:557,_ZN9Disruptor13ConsumeCommitERKN4Napi12CallbackInfoE
FN:562,_ZN9Disruptor13UpdatePendingEmm
FN:568,_ZN9Disruptor13ConsumeCommitEv
FN:581,_ZN9Disruptor16ProduceClaimSyncIN4Napi6BufferENS1_6NumberEEET_IhERKNS1_3EnvEb
FN:581,_ZN9Disruptor16ProduceClaimSyncI11AsyncBuffer11AsyncNumberEET_IhERKN4Napi3EnvEb
FN:619,_ZN9Disruptor16ProduceClaimSyncERKN4Napi12CallbackInfoE
FN:624,_ZN23ProduceClaimAsyncWorkerD2Ev
FN:624,_ZN23ProduceClaimAsyncWorkerD0Ev
FN:628,_ZN23ProduceClaimAsyncWorkerC2EP9DisruptorRKN4Napi8FunctionE
FN:635,_ZN23ProduceClaimAsyncWorker7ExecuteEv
FN:642,_ZN23ProduceClaimAsyncWorker5RetryEv
FN:648,_ZN9Disruptor17ProduceClaimAsyncERKN4Napi12CallbackInfoE
FN:653,_ZN9Disruptor12ProduceClaimERKN4Napi12CallbackInfoE
FN:666,_ZN9Disruptor20ProduceClaimManySyncI10AsyncArrayI11AsyncBufferIhEES2_11AsyncNumberEET_RKN4Napi3EnvEjb
FN:666,_ZN9Disruptor20ProduceClaimManySyncIN4Napi5ArrayENS1_6BufferENS1_6NumberEEET_RKNS1_3EnvEjb
FN:725,_ZN9Disruptor20ProduceClaimManySyncERKN4Napi12CallbackInfoE
FN:731,_ZN27ProduceClaimManyAsyncWorkerD2Ev
FN:731,_ZN27ProduceClaimManyAsyncWorkerD0Ev
FN:735,_ZN27ProduceClaimManyAsyncWorkerC2EP9DisruptorRKN4Napi8FunctionEj
FN:745,_ZN27ProduceClaimManyAsyncWorker7ExecuteEv
FN:752,_ZN27ProduceClaimManyAsyncWorker5RetryEv
FN:761,_ZN9Disruptor21ProduceClaimManyAsyncERKN4Napi12CallbackInfoEj
FN:767,_ZN9Disruptor21ProduceClaimManyAsyncERKN4Napi12CallbackInfoE
FN:772,_ZN9Disruptor16ProduceClaimManyERKN4Napi12CallbackInfoE
FN:787,_ZN9Disruptor17ProduceCommitSyncI12AsyncBooleanEET_RKN4Napi3EnvEmmb
FN:787,_ZN9Disruptor17ProduceCommitSyncIN4Napi7BooleanEEET_RKNS1_3EnvEmmb
FN:804,_ZN9Disruptor10GetSeqNextERKN4Napi12CallbackInfoERmS4_
FN:813,_ZN9Disruptor17ProduceCommitSyncERKN4Napi12CallbackInfoE
FN:820,_ZN24ProduceCommitAsyncWorkerD2Ev
FN:820,_ZN24ProduceCommitAsyncWorkerD0Ev
FN:824,_ZN24ProduceCommitAsyncWorkerC2EP9DisruptorRKN4Napi8FunctionEmm
FN:835,_ZN24ProduceCommitAsyncWorker7ExecuteEv
FN:842,_ZN24ProduceCommitAsyncWorker5RetryEv
FN:851,_ZN9Disruptor18ProduceCommitAsyncERKN4Napi12CallbackInfoEmm
FN:858,_ZN9Disruptor18ProduceCommitAsyncERKN4Napi12CallbackInfoE
FN:865,_ZN9Disruptor13ProduceCommitERKN4Napi12CallbackInfoE
FN:880,_ZN9Disruptor12GetConsumersERKN4Napi12CallbackInfoE
FN:885,_ZN9Disruptor9GetCursorERKN4Napi12CallbackInfoE
FN:890,_ZN9Disruptor7GetNextERKN4Napi12CallbackInfoE
FN:895,_ZN9Disruptor11GetElementsERKN4Napi12CallbackInfoE
FN:900,_ZN9Disruptor11GetConsumerERKN4Napi12CallbackInfoE
FN:905,_ZN9Disruptor21GetPendingSeqConsumerERKN4Napi12CallbackInfoE
FN:910,_ZN9Disruptor19GetPendingSeqCursorERKN4Napi12CallbackInfoE
FN:915,_ZN9Disruptor10InitializeEN4Napi3EnvENS0_6ObjectE
FN:945,_Z10InitializeN4Napi3EnvENS_6ObjectES1_
FN:950,_Z17__napi_InitializeP10napi_env__P12napi_value__S2_Pv
FN:950,_register_disruptor
FNDA:3035076,_ZN9Disruptor4SpinEv
FNDA:1,_Z12NullCallbackRKN4Napi12CallbackInfoE
FNDA:304257,_Z11GetCallbackRKN4Napi12CallbackInfoEj
FNDA:0,_ZN20DisruptorAsyncWorkerI12AsyncBooleanED0Ev
FNDA:1874138,_ZN20DisruptorAsyncWorkerI12AsyncBooleanED2Ev
FNDA:0,_ZN20DisruptorAsyncWorkerI11AsyncBufferIhEED0Ev
FNDA:232834,_ZN20DisruptorAsyncWorkerI11AsyncBufferIhEED2Ev
FNDA:0,_ZN20DisruptorAsyncWorkerI10AsyncArrayI11AsyncBufferIhEEED0Ev
FNDA:928104,_ZN20DisruptorAsyncWorkerI10AsyncArrayI11AsyncBufferIhEEED2Ev
FNDA:1874138,_ZN20DisruptorAsyncWorkerI12AsyncBooleanEC2EP9DisruptorRKN4Napi8FunctionE
FNDA:232834,_ZN20DisruptorAsyncWorkerI11AsyncBufferIhEEC2EP9DisruptorRKN4Napi8FunctionE
FNDA:928104,_ZN20DisruptorAsyncWorkerI10AsyncArrayI11AsyncBufferIhEEEC2EP9DisruptorRKN4Napi8FunctionE
FNDA:232834,_ZN20DisruptorAsyncWorkerI11AsyncBufferIhEE4OnOKEv
FNDA:928104,_ZN20DisruptorAsyncWorkerI10AsyncArrayI11AsyncBufferIhEEE4OnOKEv
FNDA:1874138,_ZN20DisruptorAsyncWorkerI12AsyncBooleanE4OnOKEv
FNDA:807,_ZN11AsyncObjectC2EOS_
FNDA:1418749,_ZN11AsyncObjectaSEOS_
FNDA:2833950,_ZN11AsyncObjectD2Ev
FNDA:1618,_ZN11AsyncObject3SetEPKcm
FNDA:516975,_ZN11AsyncObject10GetSeqNextEN4Napi3EnvERNS0_6ObjectE
FNDA:2828025,_ZN11AsyncObjectC2Ev
FNDA:807,_ZN11AsyncBufferIhEC2EOS0_
FNDA:490858,_ZN11AsyncBufferIhEaSEOS0_
FNDA:982576,_ZN11AsyncBufferIhED2Ev
FNDA:490854,_ZN11AsyncBufferIhEC2Ev
FNDA:258854,_ZN11AsyncBufferIhE3NewEN4Napi3EnvEPhm
FNDA:232030,_ZN11AsyncBufferIhE3NewEN4Napi3EnvEm
FNDA:258889,_ZN11AsyncBufferIhE7ToValueEN4Napi3EnvE
FNDA:232834,_ZN11AsyncBufferIhE6LengthEv
FNDA:490849,_ZN11AsyncBufferIhEC2EPhm
FNDA:927998,_ZN10AsyncArrayI11AsyncBufferIhEEaSEOS2_
FNDA:1854755,_ZN10AsyncArrayI11AsyncBufferIhEED2Ev
FNDA:1852373,_ZN10AsyncArrayI11AsyncBufferIhEEC2Ev
FNDA:928084,_ZN10AsyncArrayI11AsyncBufferIhEE3NewEN4Napi3EnvE
FNDA:258049,_ZN10AsyncArrayI11AsyncBufferIhEE3SetEjS1_
FNDA:258086,_ZN10AsyncArrayI11AsyncBufferIhEE7ToValueEN4Napi3EnvE
FNDA:928053,_ZN10AsyncArrayI11AsyncBufferIhEE6LengthEv
FNDA:10,_ZN10AsyncArrayI11AsyncBufferIhEE3SetEPKcm
FNDA:1874138,_ZN12AsyncBooleanC2Ev
FNDA:1874082,_ZN12AsyncBoolean3NewEN4Napi3EnvEb
FNDA:45361,_ZN12AsyncBoolean7ToValueEN4Napi3EnvE
FNDA:1874019,_ZNK12AsyncBooleancvbEv
FNDA:1874042,_ZN12AsyncBooleanC2Eb
FNDA:1618,_ZN11AsyncNumber3NewEN4Napi3EnvEm
FNDA:3380,_ZN7CloseFDclEPi
FNDA:3,_Z15ThrowErrnoErrorRKN4Napi12CallbackInfoEPKc
FNDA:3380,_ZN9DisruptorC2ERKN4Napi12CallbackInfoE
FNDA:2725,_ZN9DisruptorD2Ev
FNDA:5850,_ZN9Disruptor7ReleaseEv
FNDA:3125,_ZN9Disruptor7ReleaseERKN4Napi12CallbackInfoE
FNDA:723616,_ZN9Disruptor14ConsumeNewSyncI10AsyncArrayI11AsyncBufferIhEES2_EET_RKN4Napi3EnvEb
FNDA:638525,_ZN9Disruptor14ConsumeNewSyncIN4Napi5ArrayENS1_6BufferEEET_RKNS1_3EnvEb
FNDA:124803,_ZN9Disruptor14ConsumeNewSyncERKN4Napi12CallbackInfoE
FNDA:723643,_ZN21ConsumeNewAsyncWorkerD0Ev
FNDA:723643,_ZN21ConsumeNewAsyncWorkerD2Ev
FNDA:723643,_ZN21ConsumeNewAsyncWorkerC2EP9DisruptorRKN4Napi8FunctionE
FNDA:723623,_ZN21ConsumeNewAsyncWorker7ExecuteEv
FNDA:465566,_ZN21ConsumeNewAsyncWorker5RetryEv
FNDA:258077,_ZN9Disruptor15ConsumeNewAsyncERKN4Napi12CallbackInfoE
FNDA:513722,_ZN9Disruptor10ConsumeNewERKN4Napi12CallbackInfoE
FNDA:638517,_ZN9Disruptor13ConsumeCommitERKN4Napi12CallbackInfoE
FNDA:638496,_ZN9Disruptor13UpdatePendingEmm
FNDA:2000633,_ZN9Disruptor13ConsumeCommitEv
FNDA:232834,_ZN9Disruptor16ProduceClaimSyncI11AsyncBuffer11AsyncNumberEET_IhERKN4Napi3EnvEb
FNDA:286066,_ZN9Disruptor16ProduceClaimSyncIN4Napi6BufferENS1_6NumberEEET_IhERKNS1_3EnvEb
FNDA:234179,_ZN9Disruptor16ProduceClaimSyncERKN4Napi12CallbackInfoE
FNDA:232834,_ZN23ProduceClaimAsyncWorkerD0Ev
FNDA:232834,_ZN23ProduceClaimAsyncWorkerD2Ev
FNDA:232834,_ZN23ProduceClaimAsyncWorkerC2EP9DisruptorRKN4Napi8FunctionE
FNDA:232834,_ZN23ProduceClaimAsyncWorker7ExecuteEv
FNDA:232024,_ZN23ProduceClaimAsyncWorker5RetryEv
FNDA:810,_ZN9Disruptor17ProduceClaimAsyncERKN4Napi12CallbackInfoE
FNDA:51887,_ZN9Disruptor12ProduceClaimERKN4Napi12CallbackInfoE
FNDA:204461,_ZN9Disruptor20ProduceClaimManySyncI10AsyncArrayI11AsyncBufferIhEES2_11AsyncNumberEET_RKN4Napi3EnvEjb
FNDA:14,_ZN9Disruptor20ProduceClaimManySyncIN4Napi5ArrayENS1_6BufferENS1_6NumberEEET_RKNS1_3EnvEjb
FNDA:6,_ZN9Disruptor20ProduceClaimManySyncERKN4Napi12CallbackInfoE
FNDA:204461,_ZN27ProduceClaimManyAsyncWorkerD0Ev
FNDA:204461,_ZN27ProduceClaimManyAsyncWorkerD2Ev
FNDA:204461,_ZN27ProduceClaimManyAsyncWorkerC2EP9DisruptorRKN4Napi8FunctionEj
FNDA:204461,_ZN27ProduceClaimManyAsyncWorker7ExecuteEv
FNDA:204452,_ZN27ProduceClaimManyAsyncWorker5RetryEv
FNDA:9,_ZN9Disruptor21ProduceClaimManyAsyncERKN4Napi12CallbackInfoEj
FNDA:6,_ZN9Disruptor21ProduceClaimManyAsyncERKN4Napi12CallbackInfoE
FNDA:8,_ZN9Disruptor16ProduceClaimManyERKN4Napi12CallbackInfoE
FNDA:1874093,_ZN9Disruptor17ProduceCommitSyncI12AsyncBooleanEET_RKN4Napi3EnvEmmb
FNDA:286068,_ZN9Disruptor17ProduceCommitSyncIN4Napi7BooleanEEET_RKNS1_3EnvEmmb
FNDA:286875,_ZN9Disruptor10GetSeqNextERKN4Napi12CallbackInfoERmS4_
FNDA:234180,_ZN9Disruptor17ProduceCommitSyncERKN4Napi12CallbackInfoE
FNDA:1874138,_ZN24ProduceCommitAsyncWorkerD0Ev
FNDA:1874138,_ZN24ProduceCommitAsyncWorkerD2Ev
FNDA:1874138,_ZN24ProduceCommitAsyncWorkerC2EP9DisruptorRKN4Napi8FunctionEmm
FNDA:1873582,_ZN24ProduceCommitAsyncWorker7ExecuteEv
FNDA:1828777,_ZN24ProduceCommitAsyncWorker5RetryEv
FNDA:45361,_ZN9Disruptor18ProduceCommitAsyncERKN4Napi12CallbackInfoEmm
FNDA:807,_ZN9Disruptor18ProduceCommitAsyncERKN4Napi12CallbackInfoE
FNDA:51888,_ZN9Disruptor13ProduceCommitERKN4Napi12CallbackInfoE
FNDA:9,_ZN9Disruptor12GetConsumersERKN4Napi12CallbackInfoE
FNDA:111,_ZN9Disruptor9GetCursorERKN4Napi12CallbackInfoE
FNDA:111,_ZN9Disruptor7GetNextERKN4Napi12CallbackInfoE
FNDA:1167,_ZN9Disruptor11GetElementsERKN4Napi12CallbackInfoE
FNDA:120,_ZN9Disruptor11GetConsumerERKN4Napi12CallbackInfoE
FNDA:21,_ZN9Disruptor21GetPendingSeqConsumerERKN4Napi12CallbackInfoE
FNDA:21,_ZN9Disruptor19GetPendingSeqCursorERKN4Napi12CallbackInfoE
FNDA:253,_ZN9Disruptor10InitializeEN4Napi3EnvENS0_6ObjectE
FNDA:253,_Z10InitializeN4Napi3EnvENS_6ObjectES1_
FNDA:253,_register_disruptor
FNDA:253,_Z17__napi_InitializeP10napi_env__P12napi_value__S2_Pv
FNF:107
FNH:104
DA:44,3035076
DA:46,3035076
DA:116,1
DA:118,1
DA:120,304257
DA:122,304257
DA:124,304257
DA:125,304257
DA:127,304256
DA:131,1
DA:135,3035076
DA:138,3035076
DA:143,3035076
DA:145,3035076
DA:150,3035076
DA:152,3035076
DA:154,2730819
DA:157,608514
DA:158,304257
DA:159,608514
DA:170,4253506
DA:173,1618
DA:175,1618
DA:176,1618
DA:178,516975
DA:180,516975
DA:181,516975
DA:183,809
DA:186,516975
DA:187,516975
DA:189,809
DA:191,516975
DA:194,2828025
DA:195,2828025
DA:197,2834319
DA:204,1474241
DA:207,490854
DA:209,490854
DA:211,490899
DA:213,258854
DA:215,258854
DA:218,232030
DA:220,232030
DA:223,258889
DA:225,258889
DA:227,258889
DA:229,258883
DA:233,6
DA:236,258889
DA:237,258889
DA:240,232834
DA:242,232834
DA:246,490849
DA:248,490849
DA:250,490897
DA:257,2782753
DA:260,1852373
DA:261,1852373
DA:263,1855349
DA:265,928084
DA:267,928084
DA:270,258049
DA:272,258049
DA:274,258067
DA:277,258038
DA:278,258042
DA:280,258086
DA:282,258086
DA:283,258086
DA:284,516165
DA:286,258079
DA:288,258086
DA:289,258086
DA:292,928053
DA:294,928053
DA:297,10
DA:299,10
DA:300,10
DA:309,1874138
DA:310,1874138
DA:312,1874138
DA:314,1874082
DA:316,1874082
DA:319,45361
DA:321,45361
DA:324,1874019
DA:326,1874019
DA:330,1874042
DA:331,1874042
DA:333,1874042
DA:341,1618
DA:343,1618
DA:350,3380
DA:352,3380
DA:353,3380
DA:354,3380
DA:357,3
DA:359,3
DA:360,3
DA:361,3
DA:364,6
DA:365,9
DA:368,3380
DA:370,3383
DA:373,3380
DA:374,3380
DA:375,3380
DA:376,3380
DA:377,3380
DA:378,3380
DA:379,3380
DA:383,6760
DA:385,6760
DA:386,3380
DA:388,3
DA:395,6754
DA:396,3377
DA:400,3377
DA:406,3377
DA:409,3377
DA:411,3377
DA:417,3377
DA:418,3377
DA:419,3377
DA:420,3377
DA:421,3377
DA:423,3377
DA:424,3377
DA:425,3377
DA:427,5450
DA:429,2725
DA:430,2725
DA:432,5850
DA:434,5850
DA:436,3125
DA:438,3125
DA:443,3125
DA:446,5850
DA:449,3125
DA:451,3125
DA:456,3125
DA:459,1362141
DA:464,1362141
DA:466,1362152
DA:468,780747991
DA:470,781386490
DA:471,781386490
DA:472,781386490
DA:473,781386490
DA:475,781386490
DA:477,1275896
DA:479,637948
DA:480,637948
DA:482,637954
DA:483,637921
DA:486,780748542
DA:488,1102
DA:490,551
DA:491,551
DA:493,551
DA:495,375
DA:498,375
DA:501,551
DA:502,551
DA:507,1362100
DA:510,124803
DA:512,124803
DA:515,1447286
DA:519,723643
DA:520,723643
DA:522,723643
DA:524,723643
DA:527,723623
DA:530,723623
DA:531,723594
DA:532,723631
DA:534,465566
DA:536,465566
DA:537,465566
DA:540,258077
DA:542,258077
DA:543,258077
DA:545,513722
DA:547,513722
DA:548,513722
DA:550,255656
DA:553,258066
DA:554,258066
DA:557,638517
DA:559,638517
DA:560,638517
DA:562,638496
DA:564,638496
DA:565,638496
DA:566,638496
DA:568,2000633
DA:570,2000633
DA:572,638520
DA:574,638520
DA:575,638520
DA:576,638520
DA:578,2000633
DA:581,31329904
DA:583,31043041
DA:585,31329904
DA:587,31329904
DA:589,41487916
DA:591,41182107
DA:593,41182107
DA:595,31024095
DA:596,31024095
DA:600,31635713
DA:601,305809
DA:603,572118
DA:605,286863
DA:606,574530
DA:608,286863
DA:609,286863
DA:611,286863
DA:616,232037
DA:619,234179
DA:621,234179
DA:624,465668
DA:628,232834
DA:629,232834
DA:630,232834
DA:632,232834
DA:635,232834
DA:638,232834
DA:639,232834
DA:640,232834
DA:642,232024
DA:644,232024
DA:645,232024
DA:648,810
DA:650,810
DA:651,810
DA:653,51887
DA:655,51887
DA:656,51887
DA:658,51883
DA:661,4
DA:662,4
DA:666,204475
DA:668,204475
DA:670,204461
DA:672,204475
DA:673,204475
DA:675,204475
DA:677,204489
DA:679,204475
DA:681,204475
DA:683,204461
DA:684,204461
DA:688,204489
DA:689,14
DA:691,14
DA:692,14
DA:694,14
DA:696,6
DA:698,3
DA:699,3
DA:701,3
DA:704,3
DA:708,22
DA:710,11
DA:711,11
DA:714,14
DA:715,14
DA:717,14
DA:722,204475
DA:725,6
DA:727,12
DA:728,18
DA:731,408922
DA:735,204461
DA:737,204461
DA:740,204461
DA:742,204461
DA:745,204461
DA:748,204461
DA:749,204461
DA:750,204461
DA:752,204452
DA:754,204452
DA:755,204452
DA:761,9
DA:764,9
DA:765,9
DA:767,6
DA:769,6
DA:770,6
DA:772,8
DA:774,8
DA:776,8
DA:777,8
DA:779,5
DA:782,3
DA:783,3
DA:787,1722168538
DA:792,1721881666
DA:794,1722168538
DA:796,286872
DA:801,1873289
DA:804,286875
DA:808,286875
DA:809,286875
DA:810,286875
DA:811,286875
DA:813,234180
DA:816,234180
DA:817,234180
DA:820,3748276
DA:824,1874138
DA:827,1874138
DA:830,1874138
DA:832,1874138
DA:835,1873582
DA:838,1873582
DA:839,1874001
DA:840,1874044
DA:842,1828777
DA:844,1828777
DA:845,1828777
DA:851,45361
DA:855,45361
DA:856,45361
DA:858,807
DA:861,807
DA:862,807
DA:863,807
DA:865,51888
DA:868,51888
DA:870,51888
DA:871,51888
DA:873,7334
DA:876,44554
DA:877,44554
DA:880,9
DA:882,9
DA:885,111
DA:887,111
DA:890,111
DA:892,111
DA:895,1167
DA:897,1167
DA:900,120
DA:902,120
DA:905,21
DA:907,21
DA:910,21
DA:912,21
DA:915,253
DA:917,506
DA:919,253
DA:920,253
DA:921,253
DA:922,253
DA:923,253
DA:924,253
DA:925,253
DA:926,253
DA:927,253
DA:928,253
DA:931,253
DA:932,253
DA:933,253
DA:934,253
DA:935,253
DA:936,253
DA:937,253
DA:938,253
DA:939,253
DA:940,253
DA:941,253
DA:942,5819
DA:943,253
DA:945,253
DA:947,253
DA:948,253
DA:950,506
LF:381
LH:381
end_of_record
