TN:
SF:/home/david/shared-memory-disruptor/src/disruptor.cc
FN:76,_ZN9Disruptor4SpinEv
FN:196,_Z11GetCallbackRKN4Napi12CallbackInfoEj
FN:215,_ZN10SyncBuffer3NewEN4Napi3EnvEP9Disruptormm
FN:234,_ZN11AsyncBufferC2Ev
FN:238,_ZN11AsyncBuffer3NewEN4Napi3EnvEP9Disruptormm
FN:243,_ZN11AsyncBuffer7ToValueEN4Napi3EnvEP9Disruptor
FN:248,_ZN11AsyncBuffer6LengthEv
FN:254,_ZN11AsyncBufferC2Emmj
FN:270,_ZN10AsyncArrayI11AsyncBufferEC2Ev
FN:275,_ZN10AsyncArrayI11AsyncBufferE3NewEN4Napi3EnvE
FN:280,_ZN10AsyncArrayI11AsyncBufferE3SetEjOS0_
FN:290,_ZN10AsyncArrayI11AsyncBufferE7ToValueEN4Napi3EnvEP9Disruptor
FN:301,_ZN10AsyncArrayI11AsyncBufferE6LengthEv
FN:313,_ZN12AsyncBooleanC2Ev
FN:318,_ZN12AsyncBoolean3NewEN4Napi3EnvEb
FN:323,_ZN12AsyncBoolean7ToValueEN4Napi3EnvEP9Disruptor
FN:328,_ZNK12AsyncBooleancvbEv
FN:334,_ZN12AsyncBooleanC2Eb
FN:346,_Z7ToValueRKN4Napi3EnvEm
FN:351,_Z7ToValueRKN4Napi3EnvERK14AsyncUndefined
FN:360,_ZN20DisruptorAsyncWorkerI12AsyncBoolean14AsyncUndefinedS1_EC2EP9DisruptorRKN4Napi8FunctionE
FN:360,_ZN20DisruptorAsyncWorkerI10AsyncArrayI11AsyncBufferEmmEC2EP9DisruptorRKN4Napi8FunctionE
FN:360,_ZN20DisruptorAsyncWorkerI11AsyncBuffermmEC2EP9DisruptorRKN4Napi8FunctionE
FN:360,_ZN20DisruptorAsyncWorkerI10AsyncArrayI11AsyncBufferEm14AsyncUndefinedEC2EP9DisruptorRKN4Napi8FunctionE
FN:372,_ZN20DisruptorAsyncWorkerI10AsyncArrayI11AsyncBufferEmmE4OnOKEv
FN:372,_ZN20DisruptorAsyncWorkerI11AsyncBuffermmE4OnOKEv
FN:372,_ZN20DisruptorAsyncWorkerI12AsyncBoolean14AsyncUndefinedS1_E4OnOKEv
FN:372,_ZN20DisruptorAsyncWorkerI10AsyncArrayI11AsyncBufferEm14AsyncUndefinedE4OnOKEv
FN:405,_ZN7CloseFDclEPi
FN:412,_ZN9Disruptor15ThrowErrnoErrorERKN4Napi12CallbackInfoEPKc
FN:431,_ZN9DisruptorC2ERKN4Napi12CallbackInfoE
FN:580,_ZZN9DisruptorC4ERKN4Napi12CallbackInfoEENKUlNS0_3EnvEPhE_clES4_S5_
FN:607,_ZN9DisruptorD2Ev
FN:607,_ZN9DisruptorD0Ev
FN:612,_ZN9Disruptor7ReleaseEv
FN:634,_ZN9Disruptor7ReleaseERKN4Napi12CallbackInfoE
FN:652,_ZN9Disruptor14ConsumeNewSyncIN4Napi5ArrayE10SyncBufferEET_RKNS1_3EnvEbRm
FN:652,_ZN9Disruptor14ConsumeNewSyncI10AsyncArrayI11AsyncBufferES2_EET_RKN4Napi3EnvEbRm
FN:696,_ZN9Disruptor14ConsumeNewSyncERKN4Napi12CallbackInfoE
FN:708,_ZN21ConsumeNewAsyncWorkerC2EP9DisruptorRKN4Napi8FunctionE
FN:719,_ZN21ConsumeNewAsyncWorker7ExecuteEv
FN:726,_ZN21ConsumeNewAsyncWorker5RetryEv
FN:732,_ZN9Disruptor15ConsumeNewAsyncERKN4Napi12CallbackInfoE
FN:737,_ZN9Disruptor10ConsumeNewERKN4Napi12CallbackInfoE
FN:752,_ZN9Disruptor13ConsumeCommitERKN4Napi12CallbackInfoE
FN:757,_ZN9Disruptor13UpdatePendingEmm
FN:763,_ZN9Disruptor13ConsumeCommitEv
FN:783,_ZN9Disruptor16ProduceClaimSyncI10SyncBufferEENT_6BufferERKN4Napi3EnvEbRmS8_
FN:783,_ZN9Disruptor16ProduceClaimSyncI11AsyncBufferEENT_6BufferERKN4Napi3EnvEbRmS8_
FN:825,_ZN9Disruptor16ProduceClaimSyncERKN4Napi12CallbackInfoE
FN:835,_ZN23ProduceClaimAsyncWorkerC2EP9DisruptorRKN4Napi8FunctionE
FN:845,_ZN23ProduceClaimAsyncWorker7ExecuteEv
FN:853,_ZN23ProduceClaimAsyncWorker5RetryEv
FN:859,_ZN9Disruptor17ProduceClaimAsyncERKN4Napi12CallbackInfoE
FN:864,_ZN9Disruptor12ProduceClaimERKN4Napi12CallbackInfoE
FN:879,_ZN9Disruptor17ProduceGetBuffersI10AsyncArrayI11AsyncBufferES2_EEvRKN4Napi3EnvEmmRT_
FN:879,_ZN9Disruptor17ProduceGetBuffersIN4Napi5ArrayE10SyncBufferEEvRKNS1_3EnvEmmRT_
FN:901,_ZN9Disruptor20ProduceClaimManySyncI10AsyncArrayI11AsyncBufferES2_EET_RKN4Napi3EnvEjbRmS9_
FN:901,_ZN9Disruptor20ProduceClaimManySyncIN4Napi5ArrayE10SyncBufferEET_RKNS1_3EnvEjbRmS8_
FN:944,_ZN9Disruptor20ProduceClaimManySyncERKN4Napi12CallbackInfoE
FN:957,_ZN27ProduceClaimManyAsyncWorkerC2EP9DisruptorRKN4Napi8FunctionEj
FN:971,_ZN27ProduceClaimManyAsyncWorker7ExecuteEv
FN:979,_ZN27ProduceClaimManyAsyncWorker5RetryEv
FN:988,_ZN9Disruptor21ProduceClaimManyAsyncERKN4Napi12CallbackInfoEj
FN:994,_ZN9Disruptor21ProduceClaimManyAsyncERKN4Napi12CallbackInfoE
FN:999,_ZN9Disruptor16ProduceClaimManyERKN4Napi12CallbackInfoE
FN:1015,_ZN9Disruptor21ProduceClaimAvailSyncI10AsyncArrayI11AsyncBufferES2_EET_RKN4Napi3EnvEjbRmS9_
FN:1015,_ZN9Disruptor21ProduceClaimAvailSyncIN4Napi5ArrayE10SyncBufferEET_RKNS1_3EnvEjbRmS8_
FN:1053,_ZN9Disruptor21ProduceClaimAvailSyncERKN4Napi12CallbackInfoE
FN:1066,_ZN28ProduceClaimAvailAsyncWorkerC2EP9DisruptorRKN4Napi8FunctionEj
FN:1080,_ZN28ProduceClaimAvailAsyncWorker7ExecuteEv
FN:1088,_ZN28ProduceClaimAvailAsyncWorker5RetryEv
FN:1097,_ZN9Disruptor22ProduceClaimAvailAsyncERKN4Napi12CallbackInfoEj
FN:1104,_ZN9Disruptor22ProduceClaimAvailAsyncERKN4Napi12CallbackInfoE
FN:1109,_ZN9Disruptor17ProduceClaimAvailERKN4Napi12CallbackInfoE
FN:1124,_ZN9Disruptor14ProduceRecoverERKN4Napi12CallbackInfoE
FN:1143,_ZN9Disruptor17ProduceCommitSyncIN4Napi7BooleanEEET_RKNS1_3EnvEmmb
FN:1143,_ZN9Disruptor17ProduceCommitSyncI12AsyncBooleanEET_RKN4Napi3EnvEmmb
FN:1164,_ZN9Disruptor13UpdateSeqNextEmm
FN:1170,_ZN9Disruptor10GetSeqNextERKN4Napi12CallbackInfoERmS4_
FN:1186,_ZN9Disruptor17ProduceCommitSyncERKN4Napi12CallbackInfoE
FN:1197,_ZN24ProduceCommitAsyncWorkerC2EP9DisruptorRKN4Napi8FunctionEmm
FN:1209,_ZN24ProduceCommitAsyncWorker7ExecuteEv
FN:1216,_ZN24ProduceCommitAsyncWorker5RetryEv
FN:1225,_ZN9Disruptor18ProduceCommitAsyncERKN4Napi12CallbackInfoEmmj
FN:1234,_ZN9Disruptor18ProduceCommitAsyncERKN4Napi12CallbackInfoE
FN:1241,_ZN9Disruptor13ProduceCommitERKN4Napi12CallbackInfoE
FN:1256,_ZN9Disruptor12GetConsumersERKN4Napi12CallbackInfoE
FN:1261,_ZN9Disruptor9GetCursorERKN4Napi12CallbackInfoE
FN:1266,_ZN9Disruptor7GetNextERKN4Napi12CallbackInfoE
FN:1271,_ZN9Disruptor11GetElementsERKN4Napi12CallbackInfoE
FN:1276,_ZN9Disruptor11GetConsumerERKN4Napi12CallbackInfoE
FN:1281,_ZN9Disruptor21GetPendingSeqConsumerERKN4Napi12CallbackInfoE
FN:1286,_ZN9Disruptor19GetPendingSeqCursorERKN4Napi12CallbackInfoE
FN:1291,_ZN9Disruptor17GetPendingSeqNextERKN4Napi12CallbackInfoE
FN:1296,_ZN9Disruptor20GetPendingSeqNextEndERKN4Napi12CallbackInfoE
FN:1301,_ZN9Disruptor14GetElementSizeERKN4Napi12CallbackInfoE
FN:1306,_ZN9Disruptor7GetSpinERKN4Napi12CallbackInfoE
FN:1311,_ZN9Disruptor9GetStatusERKN4Napi12CallbackInfoE
FN:1316,_ZN9Disruptor9SetStatusERKN4Napi12CallbackInfoERKNS0_5ValueE
FN:1321,_ZN9Disruptor10InitializeEN4Napi3EnvENS0_6ObjectE
FN:1369,_Z10InitializeN4Napi3EnvENS_6ObjectE
FN:1374,_ZL17__napi_InitializeP10napi_env__P12napi_value__
FN:1374,_register_disruptor
FNDA:9,_ZN9Disruptor9SetStatusERKN4Napi12CallbackInfoERKNS0_5ValueE
FNDA:13,_ZN9Disruptor14ConsumeNewSyncERKN4Napi12CallbackInfoE
FNDA:22,_ZN9Disruptor21ProduceClaimManyAsyncERKN4Napi12CallbackInfoEj
FNDA:522510,_ZN9Disruptor20GetPendingSeqNextEndERKN4Napi12CallbackInfoE
FNDA:1020,_ZN9Disruptor7GetSpinERKN4Napi12CallbackInfoE
FNDA:136134,_ZN20DisruptorAsyncWorkerI11AsyncBuffermmE4OnOKEv
FNDA:847282,_Z7ToValueRKN4Napi3EnvERK14AsyncUndefined
FNDA:2167,_ZN9Disruptor17ProduceClaimAvailERKN4Napi12CallbackInfoE
FNDA:1556,_ZN9Disruptor11GetElementsERKN4Napi12CallbackInfoE
FNDA:47,_ZN9Disruptor20ProduceClaimManySyncIN4Napi5ArrayE10SyncBufferEET_RKNS1_3EnvEjbRmS8_
FNDA:522362,_ZN9Disruptor10GetSeqNextERKN4Napi12CallbackInfoERmS4_
FNDA:521551,_ZN9Disruptor17ProduceCommitSyncIN4Napi7BooleanEEET_RKNS1_3EnvEmmb
FNDA:365757,_ZN10AsyncArrayI11AsyncBufferE3SetEjOS0_
FNDA:811,_ZN9Disruptor17ProduceCommitSyncERKN4Napi12CallbackInfoE
FNDA:501891,_ZN11AsyncBufferC2Ev
FNDA:56775,_ZN28ProduceClaimAvailAsyncWorker5RetryEv
FNDA:3744,_ZN9DisruptorD2Ev
FNDA:1952017,_ZN12AsyncBooleanC2Ev
FNDA:505,_ZL17__napi_InitializeP10napi_env__P12napi_value__
FNDA:1952017,_ZNK12AsyncBooleancvbEv
FNDA:1248420,_ZN9Disruptor13ConsumeCommitERKN4Napi12CallbackInfoE
FNDA:1952017,_ZN9Disruptor17ProduceCommitSyncI12AsyncBooleanEET_RKN4Napi3EnvEmmb
FNDA:1817839,_ZN24ProduceCommitAsyncWorker5RetryEv
FNDA:2,_ZN9Disruptor21ProduceClaimAvailSyncERKN4Napi12CallbackInfoE
FNDA:1248503,_ZN9Disruptor21GetPendingSeqConsumerERKN4Napi12CallbackInfoE
FNDA:2810726,_ZN10AsyncArrayI11AsyncBufferEC2Ev
FNDA:520740,_ZN9Disruptor13ProduceCommitERKN4Napi12CallbackInfoE
FNDA:1248403,_ZN9Disruptor10ConsumeNewERKN4Napi12CallbackInfoE
FNDA:11,_ZN9Disruptor21ProduceClaimManyAsyncERKN4Napi12CallbackInfoE
FNDA:422613,_ZN9Disruptor9GetStatusERKN4Napi12CallbackInfoE
FNDA:1259950,_ZN21ConsumeNewAsyncWorker7ExecuteEv
FNDA:370890,_ZN11AsyncBuffer7ToValueEN4Napi3EnvEP9Disruptor
FNDA:1952017,_ZN12AsyncBoolean3NewEN4Napi3EnvEb
FNDA:1952017,_ZN20DisruptorAsyncWorkerI12AsyncBoolean14AsyncUndefinedS1_E4OnOKEv
FNDA:2,_ZN9Disruptor22ProduceClaimAvailAsyncERKN4Napi12CallbackInfoE
FNDA:811,_ZN9Disruptor18ProduceCommitAsyncERKN4Napi12CallbackInfoE
FNDA:3493514,_ZN9Disruptor4SpinEv
FNDA:501891,_ZN11AsyncBuffer3NewEN4Napi3EnvEP9Disruptormm
FNDA:1405363,_ZN10AsyncArrayI11AsyncBufferE6LengthEv
FNDA:12,_ZN9Disruptor12GetConsumersERKN4Napi12CallbackInfoE
FNDA:57703,_ZN28ProduceClaimAvailAsyncWorkerC2EP9DisruptorRKN4Napi8FunctionEj
FNDA:1296,_ZN9Disruptor17ProduceGetBuffersIN4Napi5ArrayE10SyncBufferEEvRKNS1_3EnvEmmRT_
FNDA:1259950,_ZN9Disruptor14ConsumeNewSyncI10AsyncArrayI11AsyncBufferES2_EET_RKN4Napi3EnvEbRm
FNDA:222,_ZN9Disruptor7GetNextERKN4Napi12CallbackInfoE
FNDA:1259950,_ZN20DisruptorAsyncWorkerI10AsyncArrayI11AsyncBufferEm14AsyncUndefinedE4OnOKEv
FNDA:3744,_ZN9DisruptorD0Ev
FNDA:76,_ZN9Disruptor14ProduceRecoverERKN4Napi12CallbackInfoE
FNDA:253,_register_disruptor
FNDA:505,_Z10InitializeN4Napi3EnvENS_6ObjectE
FNDA:87710,_ZN27ProduceClaimManyAsyncWorker7ExecuteEv
FNDA:1098,_ZN9Disruptor14GetElementSizeERKN4Napi12CallbackInfoE
FNDA:36,_ZN9Disruptor16ProduceClaimManyERKN4Napi12CallbackInfoE
FNDA:1952017,_ZN24ProduceCommitAsyncWorkerC2EP9DisruptorRKN4Napi8FunctionEmm
FNDA:520248,_ZN9Disruptor16ProduceClaimSyncI10SyncBufferEENT_6BufferERKN4Napi3EnvEbRmS8_
FNDA:3744,_ZZN9DisruptorC4ERKN4Napi12CallbackInfoEENKUlNS0_3EnvEPhE_clES4_S5_
FNDA:1952017,_ZN20DisruptorAsyncWorkerI12AsyncBoolean14AsyncUndefinedS1_EC2EP9DisruptorRKN4Napi8FunctionE
FNDA:136134,_ZN11AsyncBuffer6LengthEv
FNDA:807,_ZN9Disruptor16ProduceClaimSyncERKN4Napi12CallbackInfoE
FNDA:1952017,_ZN24ProduceCommitAsyncWorker7ExecuteEv
FNDA:1562534,_ZN10SyncBuffer3NewEN4Napi3EnvEP9Disruptormm
FNDA:8,_ZN9Disruptor15ThrowErrnoErrorERKN4Napi12CallbackInfoEPKc
FNDA:57703,_ZN9Disruptor21ProduceClaimAvailSyncI10AsyncArrayI11AsyncBufferES2_EET_RKN4Napi3EnvEjbRmS9_
FNDA:1035108,_ZN9Disruptor13UpdatePendingEmm
FNDA:579876,_ZN10AsyncArrayI11AsyncBufferE7ToValueEN4Napi3EnvEP9Disruptor
FNDA:591092,_Z7ToValueRKN4Napi3EnvEm
FNDA:145413,_ZN20DisruptorAsyncWorkerI10AsyncArrayI11AsyncBufferEmmEC2EP9DisruptorRKN4Napi8FunctionE
FNDA:87710,_ZN9Disruptor20ProduceClaimManySyncI10AsyncArrayI11AsyncBufferES2_EET_RKN4Napi3EnvEjbRmS9_
FNDA:505,_ZN9Disruptor10InitializeEN4Napi3EnvENS0_6ObjectE
FNDA:2169,_ZN9Disruptor21ProduceClaimAvailSyncIN4Napi5ArrayE10SyncBufferEET_RKNS1_3EnvEjbRmS8_
FNDA:804031,_ZN9Disruptor13UpdateSeqNextEmm
FNDA:1952017,_ZN12AsyncBooleanC2Eb
FNDA:134178,_ZN12AsyncBoolean7ToValueEN4Napi3EnvEP9Disruptor
FNDA:136134,_ZN20DisruptorAsyncWorkerI11AsyncBuffermmEC2EP9DisruptorRKN4Napi8FunctionE
FNDA:7995,_ZN9Disruptor7ReleaseEv
FNDA:145413,_ZN20DisruptorAsyncWorkerI10AsyncArrayI11AsyncBufferEmmE4OnOKEv
FNDA:4756,_ZN7CloseFDclEPi
FNDA:4251,_ZN9Disruptor7ReleaseERKN4Napi12CallbackInfoE
FNDA:928,_ZN9Disruptor22ProduceClaimAvailAsyncERKN4Napi12CallbackInfoEj
FNDA:131001,_ZN23ProduceClaimAsyncWorker5RetryEv
FNDA:1248416,_ZN9Disruptor14ConsumeNewSyncIN4Napi5ArrayE10SyncBufferEET_RKNS1_3EnvEbRm
FNDA:136134,_ZN23ProduceClaimAsyncWorkerC2EP9DisruptorRKN4Napi8FunctionE
FNDA:1259950,_ZN21ConsumeNewAsyncWorkerC2EP9DisruptorRKN4Napi8FunctionE
FNDA:136134,_ZN9Disruptor16ProduceClaimSyncI11AsyncBufferEENT_6BufferERKN4Napi3EnvEbRmS8_
FNDA:578926,_ZN9Disruptor15ConsumeNewAsyncERKN4Napi12CallbackInfoE
FNDA:222,_ZN9Disruptor11GetConsumerERKN4Napi12CallbackInfoE
FNDA:136134,_ZN23ProduceClaimAsyncWorker7ExecuteEv
FNDA:522510,_ZN9Disruptor17GetPendingSeqNextERKN4Napi12CallbackInfoE
FNDA:87710,_ZN27ProduceClaimManyAsyncWorkerC2EP9DisruptorRKN4Napi8FunctionEj
FNDA:1405363,_ZN10AsyncArrayI11AsyncBufferE3NewEN4Napi3EnvE
FNDA:719187,_Z11GetCallbackRKN4Napi12CallbackInfoEj
FNDA:134178,_ZN9Disruptor18ProduceCommitAsyncERKN4Napi12CallbackInfoEmmj
FNDA:1003782,_ZN11AsyncBufferC2Emmj
FNDA:57703,_ZN28ProduceClaimAvailAsyncWorker7ExecuteEv
FNDA:519441,_ZN9Disruptor12ProduceClaimERKN4Napi12CallbackInfoE
FNDA:4764,_ZN9DisruptorC2ERKN4Napi12CallbackInfoE
FNDA:87,_ZN9Disruptor19GetPendingSeqCursorERKN4Napi12CallbackInfoE
FNDA:62,_ZN9Disruptor17ProduceGetBuffersI10AsyncArrayI11AsyncBufferES2_EEvRKN4Napi3EnvEmmRT_
FNDA:11,_ZN9Disruptor20ProduceClaimManySyncERKN4Napi12CallbackInfoE
FNDA:3756786,_ZN9Disruptor13ConsumeCommitEv
FNDA:681024,_ZN21ConsumeNewAsyncWorker5RetryEv
FNDA:87688,_ZN27ProduceClaimManyAsyncWorker5RetryEv
FNDA:222,_ZN9Disruptor9GetCursorERKN4Napi12CallbackInfoE
FNDA:5133,_ZN9Disruptor17ProduceClaimAsyncERKN4Napi12CallbackInfoE
FNDA:1259950,_ZN20DisruptorAsyncWorkerI10AsyncArrayI11AsyncBufferEm14AsyncUndefinedEC2EP9DisruptorRKN4Napi8FunctionE
FNF:104
FNH:104
DA:76,3493514
DA:78,3493514
DA:196,719187
DA:198,719187
DA:200,719187
DA:201,719187
DA:203,719187
DA:215,1562534
DA:218,4687602
DA:223,1562534
DA:224,3125068
DA:225,3125068
DA:234,501891
DA:236,501891
DA:238,501891
DA:240,501891
DA:243,370890
DA:245,370890
DA:248,136134
DA:250,136134
DA:254,1003782
DA:255,1003782
DA:256,1003782
DA:257,1003782
DA:259,1003782
DA:270,2810726
DA:271,2810726
DA:273,2810726
DA:275,1405363
DA:277,1405363
DA:280,365757
DA:282,365757
DA:284,365757
DA:287,365757
DA:288,365757
DA:290,579876
DA:292,579876
DA:293,579876
DA:294,945633
DA:296,365757
DA:298,579876
DA:301,1405363
DA:303,1405363
DA:313,1952017
DA:314,1952017
DA:316,1952017
DA:318,1952017
DA:320,1952017
DA:323,134178
DA:325,134178
DA:328,1952017
DA:330,1952017
DA:334,1952017
DA:335,1952017
DA:337,1952017
DA:346,591092
DA:348,591092
DA:351,847282
DA:353,847282
DA:360,3493514
DA:363,3493514
DA:364,3493514
DA:365,3493514
DA:367,3493514
DA:372,3493514
DA:374,3493514
DA:376,2774327
DA:379,719187
DA:381,4315122
DA:382,719187
DA:385,719187
DA:386,719187
DA:387,719187
DA:388,1438374
DA:405,4756
DA:407,4756
DA:408,4756
DA:409,4756
DA:412,8
DA:415,8
DA:416,8
DA:423,8
DA:427,8
DA:428,16
DA:431,4764
DA:433,4764
DA:436,4764
DA:437,4764
DA:438,4764
DA:439,4764
DA:440,4764
DA:441,4764
DA:442,4764
DA:447,4764
DA:448,4764
DA:449,4764
DA:452,4764
DA:454,276
DA:455,276
DA:460,4764
DA:462,8
DA:465,4756
DA:473,4756
DA:474,4756
DA:475,4756
DA:479,4756
DA:485,4756
DA:488,4756
DA:490,4756
DA:495,4756
DA:496,4756
DA:497,4756
DA:498,4756
DA:499,4756
DA:500,4756
DA:502,4756
DA:503,4756
DA:505,4756
DA:506,4756
DA:548,4756
DA:549,4756
DA:550,4756
DA:551,4756
DA:553,4756
DA:554,4756
DA:555,4756
DA:558,4756
DA:560,7551
DA:561,7551
DA:562,4756
DA:564,2795
DA:565,2795
DA:567,4756
DA:569,4756
DA:576,4756
DA:580,3744
DA:581,3744
DA:582,3744
DA:583,3744
DA:586,4756
DA:587,4756
DA:588,4756
DA:590,4756
DA:592,4756
DA:593,14268
DA:595,4756
DA:596,4756
DA:597,4756
DA:599,4756
DA:600,14268
DA:602,4756
DA:603,4756
DA:604,4756
DA:605,4804
DA:607,7488
DA:609,3744
DA:610,7488
DA:612,7995
DA:614,7995
DA:615,7995
DA:616,7995
DA:617,7995
DA:619,7995
DA:621,4755
DA:623,4755
DA:628,4755
DA:631,7995
DA:634,4251
DA:636,12753
DA:637,4255
DA:638,4255
DA:640,4
DA:643,4251
DA:647,4251
DA:652,2508366
DA:659,2508366
DA:663,2508366
DA:664,2508366
DA:665,2508366
DA:666,2508366
DA:668,2508366
DA:670,928958
DA:671,928958
DA:672,928958
DA:673,928958
DA:674,928958
DA:675,365373
DA:677,1579408
DA:679,106150
DA:680,106150
DA:681,106150
DA:683,683
DA:685,106150
DA:686,106150
DA:687,106150
DA:688,234
DA:690,1473258
DA:692,1473258
DA:693,1473258
DA:696,13
DA:699,13
DA:708,1259950
DA:709,1259950
DA:713,1259950
DA:715,1259950
DA:716,1259950
DA:719,1259950
DA:722,1259950
DA:723,1259950
DA:724,1259950
DA:726,681024
DA:728,681024
DA:729,681024
DA:732,578926
DA:734,578926
DA:735,578926
DA:737,1248403
DA:740,1248403
DA:741,1248403
DA:743,1248403
DA:745,669490
DA:748,578913
DA:749,578913
DA:752,1248420
DA:754,1248420
DA:757,1035108
DA:759,1035108
DA:760,1035108
DA:761,1035108
DA:763,3756786
DA:765,3756786
DA:767,3756786
DA:769,1035107
DA:770,1035107
DA:776,1035107
DA:779,3756786
DA:783,656382
DA:790,656382
DA:792,656382
DA:794,3201817
DA:796,2676450
DA:798,2676450
DA:799,2676450
DA:801,131015
DA:802,131015
DA:806,1181749
DA:807,525367
DA:809,521039
DA:810,521039
DA:811,521039
DA:812,521039
DA:813,521039
DA:814,521039
DA:817,135343
DA:819,135343
DA:820,135343
DA:821,135343
DA:822,135343
DA:825,807
DA:828,807
DA:835,136134
DA:836,136134
DA:838,136134
DA:840,136134
DA:841,136134
DA:842,136134
DA:845,136134
DA:848,136134
DA:849,136134
DA:850,136134
DA:851,136134
DA:853,131001
DA:855,131001
DA:856,131001
DA:859,5133
DA:861,5133
DA:862,5133
DA:864,519441
DA:867,519441
DA:868,519441
DA:869,519441
DA:871,515115
DA:874,4326
DA:875,4326
DA:879,1358
DA:884,1358
DA:885,1358
DA:887,1358
DA:889,4
DA:890,4
DA:894,1354
DA:897,1358
DA:898,1358
DA:901,87757
DA:909,87757
DA:910,87757
DA:912,87757
DA:914,87815
DA:916,87773
DA:918,87773
DA:919,87769
DA:921,87715
DA:922,87715
DA:926,87799
DA:927,42
DA:929,42
DA:930,42
DA:931,42
DA:932,42
DA:933,42
DA:934,9
DA:936,87715
DA:938,87715
DA:939,87715
DA:940,87715
DA:941,87715
DA:944,11
DA:947,22
DA:948,33
DA:957,87710
DA:959,87710
DA:964,87710
DA:966,87710
DA:967,87710
DA:968,87710
DA:971,87710
DA:974,175420
DA:975,175420
DA:976,87710
DA:977,87710
DA:979,87688
DA:981,87688
DA:982,87688
DA:988,22
DA:991,22
DA:992,22
DA:994,11
DA:996,11
DA:997,11
DA:999,36
DA:1001,36
DA:1003,36
DA:1004,36
DA:1005,36
DA:1007,25
DA:1010,11
DA:1011,11
DA:1015,59872
DA:1023,59872
DA:1024,59872
DA:1026,495368
DA:1028,435496
DA:1029,435496
DA:1031,435496
DA:1035,61168
DA:1036,1296
DA:1038,1296
DA:1039,1296
DA:1040,1296
DA:1041,1296
DA:1042,1296
DA:1043,53
DA:1045,58576
DA:1047,58576
DA:1048,58576
DA:1049,58576
DA:1050,58576
DA:1053,2
DA:1056,4
DA:1057,6
DA:1066,57703
DA:1068,57703
DA:1073,57703
DA:1075,57703
DA:1076,57703
DA:1077,57703
DA:1080,57703
DA:1083,115406
DA:1084,115406
DA:1085,57703
DA:1086,57703
DA:1088,56775
DA:1090,56775
DA:1091,56775
DA:1097,928
DA:1100,928
DA:1101,928
DA:1104,2
DA:1106,2
DA:1107,2
DA:1109,2167
DA:1111,2167
DA:1113,2167
DA:1114,2167
DA:1115,2167
DA:1117,1241
DA:1120,926
DA:1121,926
DA:1124,76
DA:1126,76
DA:1127,76
DA:1129,76
DA:1131,140
DA:1132,116
DA:1133,40
DA:1135,20
DA:1136,40
DA:1139,76
DA:1143,2473568
DA:1148,2473568
DA:1152,2473556
DA:1153,2473556
DA:1155,522350
DA:1158,1951206
DA:1161,1951218
DA:1164,804031
DA:1166,804031
DA:1167,804031
DA:1168,804031
DA:1170,522362
DA:1174,522362
DA:1176,1299
DA:1177,1299
DA:1178,1299
DA:1181,521063
DA:1182,521063
DA:1183,521063
DA:1186,811
DA:1189,811
DA:1190,811
DA:1197,1952017
DA:1200,1952017
DA:1203,1952017
DA:1204,1952017
DA:1206,1952017
DA:1209,1952017
DA:1212,1952017
DA:1213,1952017
DA:1214,1952017
DA:1216,1817839
DA:1218,1817839
DA:1219,1817839
DA:1225,134178
DA:1231,134178
DA:1232,134178
DA:1234,811
DA:1237,811
DA:1238,811
DA:1239,811
DA:1241,520740
DA:1244,520740
DA:1246,520740
DA:1247,520740
DA:1249,387373
DA:1252,133367
DA:1253,133367
DA:1256,12
DA:1258,12
DA:1261,222
DA:1263,222
DA:1266,222
DA:1268,222
DA:1271,1556
DA:1273,1556
DA:1276,222
DA:1278,222
DA:1281,1248503
DA:1283,1248503
DA:1286,87
DA:1288,87
DA:1291,522510
DA:1293,522510
DA:1296,522510
DA:1298,522510
DA:1301,1098
DA:1303,1098
DA:1306,1020
DA:1308,1020
DA:1311,422613
DA:1313,422613
DA:1316,9
DA:1318,9
DA:1319,9
DA:1321,505
DA:1324,505
DA:1325,505
DA:1326,253
DA:1328,505
DA:1330,505
DA:1332,505
DA:1333,505
DA:1334,505
DA:1335,505
DA:1336,505
DA:1337,505
DA:1338,505
DA:1339,505
DA:1340,505
DA:1341,505
DA:1342,505
DA:1343,505
DA:1344,505
DA:1345,505
DA:1346,505
DA:1347,505
DA:1348,505
DA:1349,505
DA:1350,505
DA:1353,505
DA:1354,505
DA:1355,505
DA:1356,505
DA:1357,505
DA:1358,505
DA:1359,505
DA:1360,505
DA:1361,505
DA:1362,505
DA:1363,505
DA:1366,505
DA:1369,505
DA:1371,505
DA:1374,758
LF:523
LH:523
end_of_record
TN:
SF:lib/disruptor.js
FN:8,check
FN:18,Disruptor2
FN:54,_consumeNew
FN:61,consumeNew
FN:71,_produceClaim
FN:79,produceClaim
FN:89,_produceClaimMany
FN:97,produceClaimMany
FN:107,_produceClaimAvail
FN:115,produceClaimAvail
FN:125,_produceCommit
FN:135,produceCommit
FN:157,DisruptorReadStream
FN:169,__read
FN:192,_read
FN:223,read_again
FN:237,DisruptorWriteStream
FN:249,_write
FN:277,_final
FN:282,_destroy
FN:293,_commit
FN:319,commit_again
FN:323,write_again
FNDA:423412,_read
FNDA:2167,_produceClaimAvail
FNDA:520740,produceCommit
FNDA:1286,_commit
FNDA:36,produceClaimMany
FNDA:425416,__read
FNDA:2163,_write
FNDA:1248403,_consumeNew
FNDA:519441,produceClaim
FNDA:4764,Disruptor2
FNDA:1,commit_again
FNDA:1018,_destroy
FNDA:520740,_produceCommit
FNDA:519441,_produceClaim
FNDA:13,DisruptorWriteStream
FNDA:2290787,check
FNDA:36,_produceClaimMany
FNDA:316354,read_again
FNDA:1009,DisruptorReadStream
FNDA:1248403,consumeNew
FNDA:4,_final
FNDA:2027,write_again
FNDA:2167,produceClaimAvail
FNF:23
FNH:23
BRDA:1,0,0,505
BRDA:8,1,0,2290787
BRDA:11,2,0,1573244
BRDA:18,3,0,4764
BRDA:22,4,0,686296
BRDA:23,5,0,686296
BRDA:28,6,0,467553
BRDA:29,7,0,467553
BRDA:34,8,0,23
BRDA:35,9,0,23
BRDA:40,10,0,2163
BRDA:41,11,0,2163
BRDA:46,12,0,468847
BRDA:47,13,0,1285
BRDA:50,14,0,467562
BRDA:54,15,0,1248403
BRDA:61,16,0,1248403
BRDA:64,17,0,562107
BRDA:67,18,0,686296
BRDA:71,19,0,519441
BRDA:79,20,0,519441
BRDA:82,21,0,51888
BRDA:85,22,0,467553
BRDA:89,23,0,36
BRDA:97,24,0,36
BRDA:100,25,0,13
BRDA:103,26,0,23
BRDA:107,27,0,2167
BRDA:115,28,0,2167
BRDA:118,29,0,4
BRDA:121,30,0,2163
BRDA:125,31,0,520740
BRDA:128,32,0,1293
BRDA:131,33,0,519447
BRDA:135,34,0,520740
BRDA:138,35,0,1293
BRDA:140,36,0,8
BRDA:143,37,0,1285
BRDA:146,38,0,519447
BRDA:148,39,0,51885
BRDA:151,40,0,467562
BRDA:157,41,0,1009
BRDA:159,42,0,1
BRDA:162,43,0,1008
BRDA:162,44,0,1
BRDA:165,45,0,1007
BRDA:169,46,0,425416
BRDA:170,47,0,106051
BRDA:173,48,0,319365
BRDA:176,49,0,319364
BRDA:179,50,0,1
BRDA:183,51,0,319365
BRDA:184,52,0,1
BRDA:189,53,0,319364
BRDA:192,54,0,423412
BRDA:193,55,0,1
BRDA:196,56,0,423411
BRDA:197,57,0,317358
BRDA:198,58,0,105049
BRDA:202,59,0,212309
BRDA:202,60,0,2005
BRDA:207,61,0,1002
BRDA:211,62,0,1003
BRDA:215,63,0,210304
BRDA:215,64,0,1
BRDA:217,65,0,210303
BRDA:223,66,0,316354
BRDA:224,67,0,316354
BRDA:227,68,0,1007
BRDA:228,69,0,1
BRDA:230,70,0,1006
BRDA:237,71,0,13
BRDA:239,72,0,1
BRDA:242,73,0,12
BRDA:242,74,0,1
BRDA:245,75,0,11
BRDA:249,76,0,2163
BRDA:250,77,0,1
BRDA:253,78,0,2162
BRDA:256,79,0,2161
BRDA:257,80,0,1
BRDA:261,81,0,2161
BRDA:262,82,0,1
BRDA:266,83,0,2160
BRDA:267,84,0,1285
BRDA:271,85,0,2160
BRDA:271,86,0,875
BRDA:274,87,0,1285
BRDA:277,88,0,4
BRDA:282,89,0,11
BRDA:283,90,0,5
BRDA:286,91,0,2
BRDA:288,92,0,9
BRDA:293,93,0,1286
BRDA:294,94,0,1
BRDA:297,95,0,1285
BRDA:301,96,0,1284
BRDA:301,97,0,1
BRDA:305,98,0,1284
BRDA:306,99,0,1
BRDA:310,100,0,1283
BRDA:310,101,0,1
BRDA:313,102,0,1282
BRDA:313,103,0,1152
BRDA:316,104,0,130
BRDA:319,105,0,1
BRDA:320,106,0,1
BRDA:323,107,0,2027
BRDA:324,108,0,2027
BRF:109
BRH:109
DA:1,505
DA:2,505
DA:3,505
DA:4,505
DA:5,505
DA:6,505
DA:7,505
DA:8,2290787
DA:9,2290787
DA:10,2290787
DA:11,2290787
DA:12,1573244
DA:13,1573244
DA:14,2290787
DA:15,505
DA:16,505
DA:17,505
DA:18,505
DA:19,4764
DA:20,4764
DA:21,4764
DA:22,4764
DA:23,686296
DA:24,686296
DA:25,686296
DA:26,4764
DA:27,4764
DA:28,4764
DA:29,467553
DA:30,467553
DA:31,467553
DA:32,4764
DA:33,4764
DA:34,4764
DA:35,23
DA:36,23
DA:37,23
DA:38,4764
DA:39,4764
DA:40,4764
DA:41,2163
DA:42,2163
DA:43,2163
DA:44,4764
DA:45,4764
DA:46,4764
DA:47,468847
DA:48,1285
DA:49,1285
DA:50,467562
DA:51,4764
DA:52,4764
DA:53,505
DA:54,505
DA:55,1248403
DA:56,1248403
DA:57,1248403
DA:58,1248403
DA:59,1248403
DA:60,505
DA:61,505
DA:62,1248403
DA:63,1248403
DA:64,1248403
DA:65,562107
DA:66,562107
DA:67,686296
DA:68,686296
DA:69,1248403
DA:70,505
DA:71,505
DA:72,519441
DA:73,519441
DA:74,519441
DA:75,519441
DA:76,519441
DA:77,519441
DA:78,505
DA:79,505
DA:80,519441
DA:81,519441
DA:82,519441
DA:83,51888
DA:84,51888
DA:85,467553
DA:86,467553
DA:87,519441
DA:88,505
DA:89,505
DA:90,36
DA:91,36
DA:92,36
DA:93,36
DA:94,36
DA:95,36
DA:96,505
DA:97,505
DA:98,36
DA:99,36
DA:100,36
DA:101,13
DA:102,13
DA:103,23
DA:104,23
DA:105,36
DA:106,505
DA:107,505
DA:108,2167
DA:109,2167
DA:110,2167
DA:111,2167
DA:112,2167
DA:113,2167
DA:114,505
DA:115,505
DA:116,2167
DA:117,2167
DA:118,2167
DA:119,4
DA:120,4
DA:121,2163
DA:122,2163
DA:123,2167
DA:124,505
DA:125,505
DA:126,520740
DA:127,520740
DA:128,520740
DA:129,1293
DA:130,1293
DA:131,519447
DA:132,519447
DA:133,520740
DA:134,505
DA:135,505
DA:136,520740
DA:137,520740
DA:138,520740
DA:139,1293
DA:140,1293
DA:141,8
DA:142,8
DA:143,1285
DA:144,1285
DA:145,1285
DA:146,519447
DA:147,519447
DA:148,520740
DA:149,51885
DA:150,51885
DA:151,467562
DA:152,467562
DA:153,520740
DA:154,505
DA:155,505
DA:156,505
DA:157,505
DA:158,1009
DA:159,1009
DA:160,1
DA:161,1
DA:162,1009
DA:163,1
DA:164,1
DA:165,1007
DA:166,1007
DA:167,1009
DA:168,505
DA:169,505
DA:170,425416
DA:171,106051
DA:172,106051
DA:173,319365
DA:174,319365
DA:175,319365
DA:176,425416
DA:177,319364
DA:178,319364
DA:179,425416
DA:180,1
DA:181,1
DA:182,1
DA:183,319365
DA:184,425416
DA:185,1
DA:186,1
DA:187,1
DA:188,1
DA:189,319364
DA:190,425416
DA:191,505
DA:192,505
DA:193,423412
DA:194,1
DA:195,1
DA:196,423411
DA:197,423412
DA:198,317358
DA:199,105049
DA:200,105049
DA:201,105049
DA:202,317358
DA:203,2005
DA:204,2005
DA:205,2005
DA:206,2005
DA:207,2005
DA:208,1002
DA:209,1002
DA:210,1002
DA:211,2005
DA:212,1003
DA:213,1003
DA:214,2005
DA:215,212309
DA:216,1
DA:217,210304
DA:218,210303
DA:219,210303
DA:220,317358
DA:221,423412
DA:222,505
DA:223,505
DA:224,316354
DA:225,316354
DA:226,505
DA:227,505
DA:228,1007
DA:229,1
DA:230,1007
DA:231,1006
DA:232,1006
DA:233,1007
DA:234,505
DA:235,505
DA:236,505
DA:237,505
DA:238,13
DA:239,13
DA:240,1
DA:241,1
DA:242,13
DA:243,1
DA:244,1
DA:245,11
DA:246,11
DA:247,13
DA:248,505
DA:249,505
DA:250,2163
DA:251,1
DA:252,1
DA:253,2162
DA:254,2162
DA:255,2162
DA:256,2163
DA:257,2163
DA:258,1
DA:259,1
DA:260,1
DA:261,2161
DA:262,2163
DA:263,1
DA:264,1
DA:265,1
DA:266,2160
DA:267,2163
DA:268,1285
DA:269,1285
DA:270,1285
DA:271,2163
DA:272,875
DA:273,875
DA:274,1285
DA:275,2163
DA:276,505
DA:277,505
DA:278,4
DA:279,4
DA:280,4
DA:281,505
DA:282,505
DA:283,11
DA:284,5
DA:285,5
DA:286,11
DA:287,2
DA:288,11
DA:289,9
DA:290,9
DA:291,11
DA:292,505
DA:293,505
DA:294,1286
DA:295,1
DA:296,1
DA:297,1285
DA:298,1285
DA:299,1285
DA:300,1285
DA:301,1286
DA:302,1
DA:303,1
DA:304,1
DA:305,1284
DA:306,1286
DA:307,1
DA:308,1
DA:309,1
DA:310,1286
DA:311,1
DA:312,1
DA:313,1286
DA:314,1152
DA:315,1152
DA:316,130
DA:317,1286
DA:318,505
DA:319,505
DA:320,1
DA:321,1
DA:322,505
DA:323,505
DA:324,2027
DA:325,2027
DA:326,505
DA:327,505
DA:328,505
DA:329,505
DA:330,505
LF:330
LH:330
end_of_record
