TN:
SF:/home/david/shared-memory-disruptor/node_modules/node-addon-api/napi-inl.h
FN:54,_ZN4Napi7details12WrapCallbackIZNS_10ObjectWrapI9DisruptorE29InstanceSetterCallbackWrapperEP10napi_env__P20napi_callback_info__EUlvE_EEP12napi_value__T_
FN:54,_ZN4Napi7details12WrapCallbackIZNS_10ObjectWrapI9DisruptorE33InstanceVoidMethodCallbackWrapperEP10napi_env__P20napi_callback_info__EUlvE_EEP12napi_value__T_
FN:54,_ZN4Napi7details12WrapCallbackIZNS0_12CallbackDataIPFvRKNS_12CallbackInfoEEvE7WrapperEP10napi_env__P20napi_callback_info__EUlvE_EEP12napi_value__T_
FN:54,_ZN4Napi7details12WrapCallbackIZNS_14RegisterModuleEP10napi_env__P12napi_value__S5_PFvNS_3EnvENS_6ObjectES7_EEUlvE_EES5_T_
FN:54,_ZN4Napi7details12WrapCallbackIZNS_10ObjectWrapI9DisruptorE29InstanceMethodCallbackWrapperEP10napi_env__P20napi_callback_info__EUlvE_EEP12napi_value__T_
FN:54,_ZN4Napi7details12WrapCallbackIZNS_11AsyncWorker14OnWorkCompleteEP10napi_env__11napi_statusPvEUlvE_EEP12napi_value__T_
FN:54,_ZN4Napi7details12WrapCallbackIZNS_10ObjectWrapI9DisruptorE26ConstructorCallbackWrapperEP10napi_env__P20napi_callback_info__EUlvE_EEP12napi_value__T_
FN:54,_ZN4Napi7details12WrapCallbackIZNS_10ObjectWrapI9DisruptorE29InstanceGetterCallbackWrapperEP10napi_env__P20napi_callback_info__EUlvE_EEP12napi_value__T_
FN:89,_ZN4Napi7details12CallbackDataIPFvRKNS_12CallbackInfoEEvE7WrapperEP10napi_env__P20napi_callback_info__
FN:90,_ZZN4Napi7details12CallbackDataIPFvRKNS_12CallbackInfoEEvE7WrapperEP10napi_env__P20napi_callback_info__ENKUlvE_clEv
FN:169,_ZN4Napi14RegisterModuleEP10napi_env__P12napi_value__S3_PFvNS_3EnvENS_6ObjectES5_E
FN:173,_ZZN4Napi14RegisterModuleEP10napi_env__P12napi_value__S3_PFvNS_3EnvENS_6ObjectES5_EENKUlvE_clEv
FN:185,_ZN4Napi3EnvC2EP10napi_env__
FN:188,_ZNK4Napi3EnvcvP10napi_env__Ev
FN:199,_ZNK4Napi3Env9UndefinedEv
FN:206,_ZNK4Napi3Env4NullEv
FN:234,_ZN4Napi5ValueC2Ev
FN:237,_ZN4Napi5ValueC2EP10napi_env__P12napi_value__
FN:240,_ZNK4Napi5ValuecvP12napi_value__Ev
FN:259,_ZNK4Napi5Value3EnvEv
FN:267,_ZNK4Napi5Value4TypeEv
FN:339,_ZNK4Napi5Value10IsFunctionEv
FN:355,_ZNK4Napi5Value2AsINS_6ObjectEEET_v
FN:355,_ZNK4Napi5Value2AsINS_7BooleanEEET_v
FN:355,_ZNK4Napi5Value2AsINS_6NumberEEET_v
FN:355,_ZNK4Napi5Value2AsINS_6StringEEET_v
FN:355,_ZNK4Napi5Value2AsINS_8FunctionEEET_v
FN:391,_ZN4Napi7Boolean3NewEP10napi_env__b
FN:401,_ZN4Napi7BooleanC2EP10napi_env__P12napi_value__
FN:404,_ZNK4Napi7BooleancvbEv
FN:408,_ZNK4Napi7Boolean5ValueEv
FN:419,_ZN4Napi6Number3NewEP10napi_env__d
FN:429,_ZN4Napi6NumberC2EP10napi_env__P12napi_value__
FN:436,_ZNK4Napi6NumbercvjEv
FN:459,_ZNK4Napi6Number11Uint32ValueEv
FN:466,_ZNK4Napi6Number10Int64ValueEv
FN:491,_ZN4Napi4NameC2EP10napi_env__P12napi_value__
FN:537,_ZN4Napi6StringC2EP10napi_env__P12napi_value__
FN:540,_ZNK4Napi6StringcvNSt7__cxx1112basic_stringIcSt11char_traitsIcESaIcEEEB5cxx11Ev
FN:548,_ZNK4Napi6String9Utf8ValueB5cxx11Ev
FN:617,_ZN4Napi6Object14PropertyLValueIjEaSINS_5ValueEEERS2_T_
FN:623,_ZN4Napi6Object14PropertyLValueIjEC2ES0_j
FN:626,_ZN4Napi6Object3NewEP10napi_env__
FN:633,_ZN4Napi6ObjectC2Ev
FN:636,_ZN4Napi6ObjectC2EP10napi_env__P12napi_value__
FN:647,_ZN4Napi6ObjectixEj
FN:702,_ZNK4Napi6Object3GetEPKc
FN:723,_ZN4Napi6Object3SetEPKcNS_5ValueE
FN:784,_ZN4Napi6Object3SetEjNS_5ValueE
FN:912,_ZN4Napi5Array3NewEP10napi_env__
FN:929,_ZN4Napi5ArrayC2EP10napi_env__P12napi_value__
FN:932,_ZNK4Napi5Array6LengthEv
FN:1201,_ZN4Napi8Function3NewIPFvRKNS_12CallbackInfoEEEES0_P10napi_env__T_PKcPv
FN:1228,_ZN4Napi8FunctionC2EP10napi_env__P12napi_value__
FN:1263,_ZNK4Napi8Function12MakeCallbackEP12napi_value__RKSt16initializer_listIS2_E
FN:1273,_ZNK4Napi8Function12MakeCallbackEP12napi_value__mPKS2_
FN:1303,_ZN4Napi6BufferIhE3NewEP10napi_env__m
FN:1312,_ZN4Napi6BufferImE3NewEP10napi_env__Pmm
FN:1312,_ZN4Napi6BufferIhE3NewEP10napi_env__Phm
FN:1377,_ZN4Napi6BufferIhEC2Ev
FN:1386,_ZN4Napi6BufferImEC2EP10napi_env__P12napi_value__mPm
FN:1386,_ZN4Napi6BufferIhEC2EP10napi_env__P12napi_value__mPh
FN:1391,_ZNK4Napi6BufferIhE6LengthEv
FN:1403,_ZNK4Napi6BufferIhE10EnsureInfoEv
FN:1421,_ZN4Napi5Error3NewEP10napi_env__
FN:1479,_ZN4Napi5Error3NewEP10napi_env__RKNSt7__cxx1112basic_stringIcSt11char_traitsIcESaIcEEE
FN:1483,_ZN4Napi5Error5FatalEPKcS2_
FN:1490,_ZN4Napi5ErrorC2EP10napi_env__P12napi_value__
FN:1526,_ZNK4Napi5Error7MessageB5cxx11Ev
FN:1543,_ZNK4Napi5Error26ThrowAsJavaScriptExceptionEv
FN:1553,_ZNK4Napi5Error4whatEv
FN:1560,_ZN4Napi5Error3NewIS0_EET_P10napi_env__PKcmPF11napi_statusS4_P12napi_value__S9_PS9_E
FN:1608,_ZN4Napi9ReferenceINS_8FunctionEE3NewERKS1_j
FN:1608,_ZN4Napi9ReferenceINS_6ObjectEE3NewERKS1_j
FN:1625,_ZN4Napi9ReferenceINS_6ObjectEEC2Ev
FN:1629,_ZN4Napi9ReferenceINS_6ObjectEEC2EP10napi_env__P10napi_ref__
FN:1629,_ZN4Napi9ReferenceINS_8FunctionEEC2EP10napi_env__P10napi_ref__
FN:1634,_ZN4Napi9ReferenceINS_6ObjectEED2Ev
FN:1634,_ZN4Napi9ReferenceINS_8FunctionEED2Ev
FN:1645,_ZN4Napi9ReferenceINS_6ObjectEEC2EOS2_
FN:1645,_ZN4Napi9ReferenceINS_8FunctionEEC2EOS2_
FN:1653,_ZN4Napi9ReferenceINS_6ObjectEEaSEOS2_
FN:1700,_ZNK4Napi9ReferenceINS_6ObjectEE7IsEmptyEv
FN:1705,_ZNK4Napi9ReferenceINS_8FunctionEE5ValueEv
FN:1705,_ZNK4Napi9ReferenceINS_6ObjectEE5ValueEv
FN:1733,_ZN4Napi9ReferenceINS_6ObjectEE5ResetEv
FN:1776,_ZN4Napi10PersistentENS_6ObjectE
FN:1780,_ZN4Napi10PersistentENS_8FunctionE
FN:1791,_ZN4Napi15ObjectReferenceC2EP10napi_env__P10napi_ref__
FN:1794,_ZN4Napi15ObjectReferenceC2EONS_9ReferenceINS_6ObjectEEE
FN:1816,_ZNK4Napi15ObjectReference3GetEPKc
FN:1922,_ZN4Napi17FunctionReferenceC2EONS_9ReferenceINS_8FunctionEEE
FN:1968,_ZNK4Napi17FunctionReference12MakeCallbackEP12napi_value__RKSt16initializer_listIS2_E
FN:1994,_ZN4Napi12CallbackInfoC2EP10napi_env__P20napi_callback_info__
FN:2012,_ZN4Napi12CallbackInfoD2Ev
FN:2025,_ZNK4Napi12CallbackInfo3EnvEv
FN:2029,_ZNK4Napi12CallbackInfo6LengthEv
FN:2033,_ZNK4Napi12CallbackInfoixEm
FN:2037,_ZNK4Napi12CallbackInfo4ThisEv
FN:2044,_ZNK4Napi12CallbackInfo4DataEv
FN:2048,_ZN4Napi12CallbackInfo7SetDataEPv
FN:2287,_ZN4Napi10ObjectWrapI9DisruptorEC2ERKNS_12CallbackInfoE
FN:2301,_ZN4Napi10ObjectWrapI9DisruptorE6UnwrapENS_6ObjectE
FN:2309,_ZN4Napi10ObjectWrapI9DisruptorE11DefineClassENS_3EnvEPKcRKSt16initializer_listINS_23ClassPropertyDescriptorIS1_EEEPv
FN:2393,_ZN4Napi10ObjectWrapI9DisruptorE14InstanceMethodEPKcMS1_FvRKNS_12CallbackInfoEE24napi_property_attributesPv
FN:2411,_ZN4Napi10ObjectWrapI9DisruptorE14InstanceMethodEPKcMS1_FNS_5ValueERKNS_12CallbackInfoEE24napi_property_attributesPv
FN:2428,_ZN4Napi10ObjectWrapI9DisruptorE16InstanceAccessorEPKcMS1_FNS_5ValueERKNS_12CallbackInfoEEMS1_FvS8_RKS5_E24napi_property_attributesPv
FN:2470,_ZN4Napi10ObjectWrapI9DisruptorE26ConstructorCallbackWrapperEP10napi_env__P20napi_callback_info__
FN:2483,_ZZN4Napi10ObjectWrapI9DisruptorE26ConstructorCallbackWrapperEP10napi_env__P20napi_callback_info__ENKUlvE_clEv
FN:2547,_ZN4Napi10ObjectWrapI9DisruptorE33InstanceVoidMethodCallbackWrapperEP10napi_env__P20napi_callback_info__
FN:2550,_ZZN4Napi10ObjectWrapI9DisruptorE33InstanceVoidMethodCallbackWrapperEP10napi_env__P20napi_callback_info__ENKUlvE_clEv
FN:2563,_ZN4Napi10ObjectWrapI9DisruptorE29InstanceMethodCallbackWrapperEP10napi_env__P20napi_callback_info__
FN:2566,_ZZN4Napi10ObjectWrapI9DisruptorE29InstanceMethodCallbackWrapperEP10napi_env__P20napi_callback_info__ENKUlvE_clEv
FN:2578,_ZN4Napi10ObjectWrapI9DisruptorE29InstanceGetterCallbackWrapperEP10napi_env__P20napi_callback_info__
FN:2581,_ZZN4Napi10ObjectWrapI9DisruptorE29InstanceGetterCallbackWrapperEP10napi_env__P20napi_callback_info__ENKUlvE_clEv
FN:2593,_ZN4Napi10ObjectWrapI9DisruptorE29InstanceSetterCallbackWrapperEP10napi_env__P20napi_callback_info__
FN:2596,_ZZN4Napi10ObjectWrapI9DisruptorE29InstanceSetterCallbackWrapperEP10napi_env__P20napi_callback_info__ENKUlvE_clEv
FN:2609,_ZN4Napi10ObjectWrapI9DisruptorE16FinalizeCallbackEP10napi_env__PvS5_
FN:2622,_ZN4Napi11HandleScopeC2ENS_3EnvE
FN:2627,_ZN4Napi11HandleScopeD2Ev
FN:2647,_ZN4Napi20EscapableHandleScopeC2ENS_3EnvE
FN:2652,_ZN4Napi20EscapableHandleScopeD2Ev
FN:2664,_ZN4Napi20EscapableHandleScope6EscapeEP12napi_value__
FN:2675,_ZN4Napi11AsyncWorkerC2ERKNS_8FunctionE
FN:2679,_ZN4Napi11AsyncWorkerC2ERKNS_6ObjectERKNS_8FunctionE
FN:2688,_ZN4Napi11AsyncWorkerD2Ev
FN:2688,_ZN4Napi11AsyncWorkerD0Ev
FN:2720,_ZNK4Napi11AsyncWorker3EnvEv
FN:2724,_ZN4Napi11AsyncWorker5QueueEv
FN:2734,_ZN4Napi11AsyncWorker8ReceiverEv
FN:2738,_ZN4Napi11AsyncWorker8CallbackEv
FN:2742,_ZN4Napi11AsyncWorker4OnOKEv
FN:2746,_ZN4Napi11AsyncWorker7OnErrorERKNS_5ErrorE
FN:2750,_ZN4Napi11AsyncWorker8SetErrorERKNSt7__cxx1112basic_stringIcSt11char_traitsIcESaIcEEE
FN:2754,_ZN4Napi11AsyncWorker9OnExecuteEP10napi_env__Pv
FN:2767,_ZN4Napi11AsyncWorker14OnWorkCompleteEP10napi_env__11napi_statusPv
FN:2772,_ZZN4Napi11AsyncWorker14OnWorkCompleteEP10napi_env__11napi_statusPvENKUlvE_clEv
FNDA:3389,_ZN4Napi7details12WrapCallbackIZNS_10ObjectWrapI9DisruptorE26ConstructorCallbackWrapperEP10napi_env__P20napi_callback_info__EUlvE_EEP12napi_value__T_
FNDA:0,_ZN4Napi7details12WrapCallbackIZNS_10ObjectWrapI9DisruptorE29InstanceSetterCallbackWrapperEP10napi_env__P20napi_callback_info__EUlvE_EEP12napi_value__T_
FNDA:654869,_ZN4Napi7details12WrapCallbackIZNS_10ObjectWrapI9DisruptorE29InstanceGetterCallbackWrapperEP10napi_env__P20napi_callback_info__EUlvE_EEP12napi_value__T_
FNDA:4774,_ZN4Napi7details12WrapCallbackIZNS_10ObjectWrapI9DisruptorE33InstanceVoidMethodCallbackWrapperEP10napi_env__P20napi_callback_info__EUlvE_EEP12napi_value__T_
FNDA:1833557,_ZN4Napi7details12WrapCallbackIZNS_10ObjectWrapI9DisruptorE29InstanceMethodCallbackWrapperEP10napi_env__P20napi_callback_info__EUlvE_EEP12napi_value__T_
FNDA:1,_ZN4Napi7details12WrapCallbackIZNS0_12CallbackDataIPFvRKNS_12CallbackInfoEEvE7WrapperEP10napi_env__P20napi_callback_info__EUlvE_EEP12napi_value__T_
FNDA:3393341,_ZN4Napi7details12WrapCallbackIZNS_11AsyncWorker14OnWorkCompleteEP10napi_env__11napi_statusPvEUlvE_EEP12napi_value__T_
FNDA:253,_ZN4Napi7details12WrapCallbackIZNS_14RegisterModuleEP10napi_env__P12napi_value__S5_PFvNS_3EnvENS_6ObjectES7_EEUlvE_EES5_T_
FNDA:1,_ZN4Napi7details12CallbackDataIPFvRKNS_12CallbackInfoEEvE7WrapperEP10napi_env__P20napi_callback_info__
FNDA:1,_ZZN4Napi7details12CallbackDataIPFvRKNS_12CallbackInfoEEvE7WrapperEP10napi_env__P20napi_callback_info__ENKUlvE_clEv
FNDA:253,_ZN4Napi14RegisterModuleEP10napi_env__P12napi_value__S3_PFvNS_3EnvENS_6ObjectES5_E
FNDA:253,_ZZN4Napi14RegisterModuleEP10napi_env__P12napi_value__S3_PFvNS_3EnvENS_6ObjectES5_EENKUlvE_clEv
FNDA:29646261,_ZN4Napi3EnvC2EP10napi_env__
FNDA:29192671,_ZNK4Napi3EnvcvP10napi_env__Ev
FNDA:688531,_ZNK4Napi3Env9UndefinedEv
FNDA:322089,_ZNK4Napi3Env4NullEv
FNDA:275261,_ZN4Napi5ValueC2Ev
FNDA:21834983,_ZN4Napi5ValueC2EP10napi_env__P12napi_value__
FNDA:28186820,_ZNK4Napi5ValuecvP12napi_value__Ev
FNDA:19734353,_ZNK4Napi5Value3EnvEv
FNDA:322089,_ZNK4Napi5Value4TypeEv
FNDA:322089,_ZNK4Napi5Value10IsFunctionEv
FNDA:6778,_ZNK4Napi5Value2AsINS_7BooleanEEET_v
FNDA:13715,_ZNK4Napi5Value2AsINS_6NumberEEET_v
FNDA:322088,_ZNK4Napi5Value2AsINS_8FunctionEEET_v
FNDA:2493200,_ZNK4Napi5Value2AsINS_6ObjectEEET_v
FNDA:3389,_ZNK4Napi5Value2AsINS_6StringEEET_v
FNDA:963561,_ZN4Napi7Boolean3NewEP10napi_env__b
FNDA:970339,_ZN4Napi7BooleanC2EP10napi_env__P12napi_value__
FNDA:58668,_ZNK4Napi7BooleancvbEv
FNDA:58668,_ZNK4Napi7Boolean5ValueEv
FNDA:929789,_ZN4Napi6Number3NewEP10napi_env__d
FNDA:943504,_ZN4Napi6NumberC2EP10napi_env__P12napi_value__
FNDA:13591,_ZNK4Napi6NumbercvjEv
FNDA:13591,_ZNK4Napi6Number11Uint32ValueEv
FNDA:124,_ZNK4Napi6Number10Int64ValueEv
FNDA:3389,_ZN4Napi4NameC2EP10napi_env__P12napi_value__
FNDA:3389,_ZN4Napi6StringC2EP10napi_env__P12napi_value__
FNDA:0,_ZNK4Napi6StringcvNSt7__cxx1112basic_stringIcSt11char_traitsIcESaIcEEEB5cxx11Ev
FNDA:3389,_ZNK4Napi6String9Utf8ValueB5cxx11Ev
FNDA:274448,_ZN4Napi6Object14PropertyLValueIjEaSINS_5ValueEEERS2_T_
FNDA:274448,_ZN4Napi6Object14PropertyLValueIjEC2ES0_j
FNDA:3393341,_ZN4Napi6Object3NewEP10napi_env__
FNDA:275261,_ZN4Napi6ObjectC2Ev
FNDA:17916982,_ZN4Napi6ObjectC2EP10napi_env__P12napi_value__
FNDA:274448,_ZN4Napi6ObjectixEj
FNDA:0,_ZNK4Napi6Object3GetEPKc
FNDA:253,_ZN4Napi6Object3SetEPKcNS_5ValueE
FNDA:631135,_ZN4Napi6Object3SetEjNS_5ValueE
FNDA:905202,_ZN4Napi5Array3NewEP10napi_env__
FNDA:905202,_ZN4Napi5ArrayC2EP10napi_env__P12napi_value__
FNDA:547670,_ZNK4Napi5Array6LengthEv
FNDA:1,_ZN4Napi8Function3NewIPFvRKNS_12CallbackInfoEEEES0_P10napi_env__T_PKcPv
FNDA:3715683,_ZN4Napi8FunctionC2EP10napi_env__P12napi_value__
FNDA:322089,_ZNK4Napi8Function12MakeCallbackEP12napi_value__RKSt16initializer_listIS2_E
FNDA:322089,_ZNK4Napi8Function12MakeCallbackEP12napi_value__mPKS2_
FNDA:17,_ZN4Napi6BufferIhE3NewEP10napi_env__m
FNDA:919168,_ZN4Napi6BufferIhE3NewEP10napi_env__Phm
FNDA:9,_ZN4Napi6BufferImE3NewEP10napi_env__Pmm
FNDA:275261,_ZN4Napi6BufferIhEC2Ev
FNDA:919185,_ZN4Napi6BufferIhEC2EP10napi_env__P12napi_value__mPh
FNDA:9,_ZN4Napi6BufferImEC2EP10napi_env__P12napi_value__mPm
FNDA:51889,_ZNK4Napi6BufferIhE6LengthEv
FNDA:51889,_ZNK4Napi6BufferIhE10EnsureInfoEv
FNDA:0,_ZN4Napi5Error3NewEP10napi_env__
FNDA:3,_ZN4Napi5Error3NewEP10napi_env__RKNSt7__cxx1112basic_stringIcSt11char_traitsIcESaIcEEE
FNDA:0,_ZN4Napi5Error5FatalEPKcS2_
FNDA:3,_ZN4Napi5ErrorC2EP10napi_env__P12napi_value__
FNDA:0,_ZNK4Napi5Error7MessageB5cxx11Ev
FNDA:3,_ZNK4Napi5Error26ThrowAsJavaScriptExceptionEv
FNDA:0,_ZNK4Napi5Error4whatEv
FNDA:3,_ZN4Napi5Error3NewIS0_EET_P10napi_env__PKcmPF11napi_statusS4_P12napi_value__S9_PS9_E
FNDA:3393341,_ZN4Napi9ReferenceINS_8FunctionEE3NewERKS1_j
FNDA:6786682,_ZN4Napi9ReferenceINS_6ObjectEE3NewERKS1_j
FNDA:3389,_ZN4Napi9ReferenceINS_6ObjectEEC2Ev
FNDA:3393341,_ZN4Napi9ReferenceINS_8FunctionEEC2EP10napi_env__P10napi_ref__
FNDA:6790074,_ZN4Napi9ReferenceINS_6ObjectEEC2EP10napi_env__P10napi_ref__
FNDA:6786682,_ZN4Napi9ReferenceINS_8FunctionEED2Ev
FNDA:13579693,_ZN4Napi9ReferenceINS_6ObjectEED2Ev
FNDA:3393341,_ZN4Napi9ReferenceINS_8FunctionEEC2EOS2_
FNDA:6786682,_ZN4Napi9ReferenceINS_6ObjectEEC2EOS2_
FNDA:3389,_ZN4Napi9ReferenceINS_6ObjectEEaSEOS2_
FNDA:3,_ZNK4Napi9ReferenceINS_6ObjectEE7IsEmptyEv
FNDA:3393341,_ZNK4Napi9ReferenceINS_8FunctionEE5ValueEv
FNDA:3715433,_ZNK4Napi9ReferenceINS_6ObjectEE5ValueEv
FNDA:3389,_ZN4Napi9ReferenceINS_6ObjectEE5ResetEv
FNDA:6786682,_ZN4Napi10PersistentENS_6ObjectE
FNDA:3393341,_ZN4Napi10PersistentENS_8FunctionE
FNDA:3,_ZN4Napi15ObjectReferenceC2EP10napi_env__P10napi_ref__
FNDA:6786682,_ZN4Napi15ObjectReferenceC2EONS_9ReferenceINS_6ObjectEEE
FNDA:0,_ZNK4Napi15ObjectReference3GetEPKc
FNDA:3393341,_ZN4Napi17FunctionReferenceC2EONS_9ReferenceINS_8FunctionEEE
FNDA:322089,_ZNK4Napi17FunctionReference12MakeCallbackEP12napi_value__RKSt16initializer_listIS2_E
FNDA:2496590,_ZN4Napi12CallbackInfoC2EP10napi_env__P20napi_callback_info__
FNDA:2496590,_ZN4Napi12CallbackInfoD2Ev
FNDA:2812283,_ZNK4Napi12CallbackInfo3EnvEv
FNDA:608970,_ZNK4Napi12CallbackInfo6LengthEv
FNDA:345971,_ZNK4Napi12CallbackInfoixEm
FNDA:2499975,_ZNK4Napi12CallbackInfo4ThisEv
FNDA:2493201,_ZNK4Napi12CallbackInfo4DataEv
FNDA:2493201,_ZN4Napi12CallbackInfo7SetDataEPv
FNDA:3389,_ZN4Napi10ObjectWrapI9DisruptorEC2ERKNS_12CallbackInfoE
FNDA:2493200,_ZN4Napi10ObjectWrapI9DisruptorE6UnwrapENS_6ObjectE
FNDA:253,_ZN4Napi10ObjectWrapI9DisruptorE11DefineClassENS_3EnvEPKcRKSt16initializer_listINS_23ClassPropertyDescriptorIS1_EEEPv
FNDA:1265,_ZN4Napi10ObjectWrapI9DisruptorE14InstanceMethodEPKcMS1_FvRKNS_12CallbackInfoEE24napi_property_attributesPv
FNDA:2530,_ZN4Napi10ObjectWrapI9DisruptorE14InstanceMethodEPKcMS1_FNS_5ValueERKNS_12CallbackInfoEE24napi_property_attributesPv
FNDA:2277,_ZN4Napi10ObjectWrapI9DisruptorE16InstanceAccessorEPKcMS1_FNS_5ValueERKNS_12CallbackInfoEEMS1_FvS8_RKS5_E24napi_property_attributesPv
FNDA:3389,_ZN4Napi10ObjectWrapI9DisruptorE26ConstructorCallbackWrapperEP10napi_env__P20napi_callback_info__
FNDA:3389,_ZZN4Napi10ObjectWrapI9DisruptorE26ConstructorCallbackWrapperEP10napi_env__P20napi_callback_info__ENKUlvE_clEv
FNDA:4774,_ZN4Napi10ObjectWrapI9DisruptorE33InstanceVoidMethodCallbackWrapperEP10napi_env__P20napi_callback_info__
FNDA:4774,_ZZN4Napi10ObjectWrapI9DisruptorE33InstanceVoidMethodCallbackWrapperEP10napi_env__P20napi_callback_info__ENKUlvE_clEv
FNDA:1833557,_ZN4Napi10ObjectWrapI9DisruptorE29InstanceMethodCallbackWrapperEP10napi_env__P20napi_callback_info__
FNDA:1833557,_ZZN4Napi10ObjectWrapI9DisruptorE29InstanceMethodCallbackWrapperEP10napi_env__P20napi_callback_info__ENKUlvE_clEv
FNDA:654869,_ZN4Napi10ObjectWrapI9DisruptorE29InstanceGetterCallbackWrapperEP10napi_env__P20napi_callback_info__
FNDA:654869,_ZZN4Napi10ObjectWrapI9DisruptorE29InstanceGetterCallbackWrapperEP10napi_env__P20napi_callback_info__ENKUlvE_clEv
FNDA:0,_ZN4Napi10ObjectWrapI9DisruptorE29InstanceSetterCallbackWrapperEP10napi_env__P20napi_callback_info__
FNDA:0,_ZZN4Napi10ObjectWrapI9DisruptorE29InstanceSetterCallbackWrapperEP10napi_env__P20napi_callback_info__ENKUlvE_clEv
FNDA:2934,_ZN4Napi10ObjectWrapI9DisruptorE16FinalizeCallbackEP10napi_env__PvS5_
FNDA:3393344,_ZN4Napi11HandleScopeC2ENS_3EnvE
FNDA:3393344,_ZN4Napi11HandleScopeD2Ev
FNDA:322089,_ZN4Napi20EscapableHandleScopeC2ENS_3EnvE
FNDA:322089,_ZN4Napi20EscapableHandleScopeD2Ev
FNDA:322089,_ZN4Napi20EscapableHandleScope6EscapeEP12napi_value__
FNDA:3393341,_ZN4Napi11AsyncWorkerC2ERKNS_8FunctionE
FNDA:3393341,_ZN4Napi11AsyncWorkerC2ERKNS_6ObjectERKNS_8FunctionE
FNDA:0,_ZN4Napi11AsyncWorkerD0Ev
FNDA:3393341,_ZN4Napi11AsyncWorkerD2Ev
FNDA:3713509,_ZNK4Napi11AsyncWorker3EnvEv
FNDA:3393341,_ZN4Napi11AsyncWorker5QueueEv
FNDA:322089,_ZN4Napi11AsyncWorker8ReceiverEv
FNDA:3393341,_ZN4Napi11AsyncWorker8CallbackEv
FNDA:0,_ZN4Napi11AsyncWorker4OnOKEv
FNDA:0,_ZN4Napi11AsyncWorker7OnErrorERKNS_5ErrorE
FNDA:0,_ZN4Napi11AsyncWorker8SetErrorERKNSt7__cxx1112basic_stringIcSt11char_traitsIcESaIcEEE
FNDA:3392930,_ZN4Napi11AsyncWorker9OnExecuteEP10napi_env__Pv
FNDA:3393341,_ZN4Napi11AsyncWorker14OnWorkCompleteEP10napi_env__11napi_statusPv
FNDA:3393341,_ZZN4Napi11AsyncWorker14OnWorkCompleteEP10napi_env__11napi_statusPvENKUlvE_clEv
FNF:137
FNH:123
DA:54,5890184
DA:57,5890184
DA:58,6
DA:59,3
DA:60,3
DA:89,1
DA:90,2
DA:91,2
DA:93,1
DA:94,1
DA:95,1
DA:96,2
DA:97,1
DA:169,253
DA:173,253
DA:174,1012
DA:175,253
DA:176,506
DA:177,253
DA:178,253
DA:179,253
DA:185,29646261
DA:186,29646261
DA:188,29192671
DA:189,29192671
DA:199,688531
DA:201,688531
DA:202,688531
DA:203,688531
DA:206,322089
DA:208,322089
DA:209,322089
DA:210,322089
DA:234,275261
DA:235,275261
DA:237,21834983
DA:238,21834983
DA:240,28186820
DA:241,28186820
DA:259,19734353
DA:260,19734353
DA:267,322089
DA:268,322089
DA:269,0
DA:273,322089
DA:274,322089
DA:275,322089
DA:339,322089
DA:340,322089
DA:355,2839170
DA:356,2839170
DA:391,963561
DA:393,963561
DA:394,963561
DA:395,963561
DA:401,970339
DA:402,970339
DA:404,58668
DA:405,58668
DA:408,58668
DA:410,58668
DA:411,58668
DA:412,58668
DA:419,929789
DA:421,929789
DA:422,929789
DA:423,929789
DA:429,943504
DA:430,943504
DA:436,13591
DA:437,13591
DA:459,13591
DA:461,13591
DA:462,13591
DA:463,13591
DA:466,124
DA:468,124
DA:469,124
DA:470,124
DA:491,3389
DA:492,3389
DA:537,3389
DA:538,3389
DA:540,0
DA:541,0
DA:548,3389
DA:550,3389
DA:551,3389
DA:553,3389
DA:554,3389
DA:555,3389
DA:556,3389
DA:557,3389
DA:558,3389
DA:617,274448
DA:618,274448
DA:619,274448
DA:623,274448
DA:624,274448
DA:626,3393341
DA:628,3393341
DA:629,3393341
DA:630,3393341
DA:633,275261
DA:634,275261
DA:636,17916982
DA:637,17916982
DA:647,274448
DA:648,274448
DA:702,0
DA:704,0
DA:705,0
DA:706,0
DA:723,253
DA:724,253
DA:725,253
DA:726,253
DA:784,631135
DA:785,631135
DA:786,631135
DA:787,631135
DA:912,905202
DA:914,905202
DA:915,905202
DA:916,905202
DA:929,905202
DA:930,905202
DA:932,547670
DA:934,547670
DA:935,547670
DA:936,547670
DA:1201,1
DA:1208,1
DA:1211,1
DA:1212,1
DA:1213,1
DA:1214,1
DA:1228,3715683
DA:1229,3715683
DA:1263,322089
DA:1265,322089
DA:1273,322089
DA:1276,322089
DA:1277,644178
DA:1278,322089
DA:1279,322089
DA:1303,17
DA:1306,17
DA:1307,17
DA:1308,17
DA:1312,919177
DA:1314,919177
DA:1315,919177
DA:1316,919177
DA:1317,919177
DA:1377,275261
DA:1378,275261
DA:1386,919194
DA:1387,919194
DA:1388,919194
DA:1391,51889
DA:1392,51889
DA:1393,51889
DA:1403,51889
DA:1407,51889
DA:1410,0
DA:1411,0
DA:1412,0
DA:1413,0
DA:1415,51889
DA:1421,0
DA:1423,0
DA:1426,0
DA:1427,0
DA:1429,0
DA:1430,0
DA:1431,0
DA:1432,0
DA:1435,0
DA:1436,0
DA:1439,0
DA:1440,0
DA:1442,0
DA:1443,0
DA:1444,0
DA:1448,0
DA:1453,0
DA:1455,0
DA:1456,0
DA:1461,0
DA:1462,0
DA:1464,0
DA:1465,0
DA:1467,0
DA:1472,0
DA:1479,3
DA:1480,3
DA:1483,0
DA:1484,0
DA:1490,3
DA:1491,3
DA:1492,3
DA:1496,3
DA:1498,3
DA:1526,0
DA:1527,0
DA:1530,0
DA:1532,0
DA:1540,0
DA:1543,3
DA:1544,6
DA:1545,3
DA:1546,3
DA:1547,3
DA:1549,3
DA:1553,0
DA:1554,0
DA:1560,3
DA:1565,3
DA:1566,3
DA:1569,3
DA:1570,3
DA:1572,3
DA:1608,10180023
DA:1609,10180023
DA:1610,10180023
DA:1612,10180023
DA:1613,0
DA:1617,10180023
DA:1618,10180023
DA:1620,10180023
DA:1625,3389
DA:1626,3389
DA:1629,10183415
DA:1630,10183415
DA:1631,10183415
DA:1634,20366375
DA:1635,20366375
DA:1636,10182963
DA:1637,10182963
DA:1640,10182963
DA:1642,20366375
DA:1645,10180023
DA:1646,10180023
DA:1647,10180023
DA:1648,10180023
DA:1649,10180023
DA:1650,10180023
DA:1653,3389
DA:1654,3389
DA:1655,3389
DA:1656,3389
DA:1657,3389
DA:1658,3389
DA:1659,3389
DA:1660,3389
DA:1661,3389
DA:1700,3
DA:1701,3
DA:1705,7108774
DA:1706,7108774
DA:1707,0
DA:1711,7108774
DA:1712,7108774
DA:1713,7108774
DA:1733,3389
DA:1734,3389
DA:1735,0
DA:1736,0
DA:1737,0
DA:1739,3389
DA:1776,6786682
DA:1777,6786682
DA:1780,3393341
DA:1781,3393341
DA:1791,3
DA:1792,3
DA:1794,6786682
DA:1795,6786682
DA:1796,6786682
DA:1816,0
DA:1817,0
DA:1818,0
DA:1922,3393341
DA:1923,3393341
DA:1924,3393341
DA:1968,322089
DA:1970,644178
DA:1971,644178
DA:1994,2496590
DA:1995,2496590
DA:1996,2496590
DA:1997,2496590
DA:1998,2496590
DA:1999,2496590
DA:2001,2496590
DA:2004,3389
DA:2005,3389
DA:2007,3389
DA:2008,3389
DA:2010,2496590
DA:2012,4993180
DA:2013,2496590
DA:2014,3389
DA:2016,2496590
DA:2025,2812283
DA:2026,2812283
DA:2029,608970
DA:2030,608970
DA:2033,345971
DA:2034,345971
DA:2037,2499975
DA:2038,2499975
DA:2039,0
DA:2041,2499975
DA:2044,2493201
DA:2045,2493201
DA:2048,2493201
DA:2049,2493201
DA:2050,2493201
DA:2287,3389
DA:2288,3389
DA:2289,3389
DA:2292,3389
DA:2293,3389
DA:2294,3389
DA:2296,3389
DA:2297,3389
DA:2298,3389
DA:2301,2493200
DA:2303,2493200
DA:2304,2493200
DA:2305,2493200
DA:2309,253
DA:2315,253
DA:2317,506
DA:2318,253
DA:2320,253
DA:2393,1265
DA:2400,1265
DA:2402,1265
DA:2403,1265
DA:2404,1265
DA:2405,1265
DA:2406,1265
DA:2407,1265
DA:2411,2530
DA:2417,2530
DA:2419,2530
DA:2420,2530
DA:2421,2530
DA:2422,2530
DA:2423,2530
DA:2424,2530
DA:2428,2277
DA:2436,2277
DA:2438,2277
DA:2439,2277
DA:2440,2277
DA:2441,2277
DA:2442,2277
DA:2443,2277
DA:2444,2277
DA:2470,3389
DA:2474,3389
DA:2475,3389
DA:2477,3389
DA:2478,0
DA:2479,0
DA:2483,6778
DA:2484,6778
DA:2485,3392
DA:2486,6772
DA:2487,3389
DA:2489,3389
DA:2547,4774
DA:2550,9548
DA:2551,9548
DA:2553,4774
DA:2554,4774
DA:2555,4774
DA:2556,4774
DA:2557,4774
DA:2558,9548
DA:2559,4774
DA:2563,1833557
DA:2566,3667114
DA:2567,3667114
DA:2569,1833557
DA:2570,1833557
DA:2571,1833557
DA:2572,1833557
DA:2573,3667114
DA:2574,1833557
DA:2578,654869
DA:2581,1309738
DA:2582,1309738
DA:2584,654869
DA:2585,654869
DA:2586,654869
DA:2587,654869
DA:2588,1309738
DA:2589,654869
DA:2593,0
DA:2596,0
DA:2597,0
DA:2599,0
DA:2600,0
DA:2601,0
DA:2602,0
DA:2603,0
DA:2604,0
DA:2605,0
DA:2609,2934
DA:2610,2934
DA:2611,2934
DA:2612,2934
DA:2622,3393344
DA:2623,3393344
DA:2624,3393344
DA:2625,3393344
DA:2627,6786688
DA:2628,3393344
DA:2629,3393344
DA:2647,322089
DA:2648,322089
DA:2649,322089
DA:2650,322089
DA:2652,644178
DA:2653,322089
DA:2654,322089
DA:2664,322089
DA:2666,322089
DA:2667,322089
DA:2668,322089
DA:2675,3393341
DA:2676,3393341
DA:2677,3393341
DA:2679,3393341
DA:2680,6786682
DA:2682,10180023
DA:2683,3393341
DA:2684,3393341
DA:2685,3393341
DA:2686,3393341
DA:2688,6786682
DA:2689,3393341
DA:2690,3393341
DA:2691,3393341
DA:2693,3393341
DA:2720,3713509
DA:2721,3713509
DA:2724,3393341
DA:2725,3393341
DA:2726,3393341
DA:2727,3393341
DA:2734,322089
DA:2735,322089
DA:2738,3393341
DA:2739,3393341
DA:2742,0
DA:2743,0
DA:2744,0
DA:2746,0
DA:2747,0
DA:2748,0
DA:2750,0
DA:2751,0
DA:2752,0
DA:2754,3392930
DA:2755,3392930
DA:2758,3392930
DA:2759,0
DA:2760,0
DA:2765,3392820
DA:2767,3393341
DA:2769,3393341
DA:2770,3393341
DA:2771,6786682
DA:2772,3393341
DA:2773,10180023
DA:2774,10180023
DA:2777,0
DA:2779,3393341
DA:2780,3393341
DA:2782,3393341
DA:2783,3393341
LF:487
LH:409
end_of_record
SF:/home/david/shared-memory-disruptor/node_modules/node-addon-api/napi.h
FN:900,_ZN4Napi15ObjectReferenceD2Ev
FN:937,_ZN4Napi17FunctionReferenceD2Ev
FN:1062,_ZN4Napi5ErrorD0Ev
FN:1062,_ZN4Napi5ErrorD2Ev
FN:1248,_ZN4Napi23ClassPropertyDescriptorI9DisruptorEC2E24napi_property_descriptor
FN:1283,_ZN4Napi10ObjectWrapI9DisruptorED2Ev
FNDA:6786685,_ZN4Napi15ObjectReferenceD2Ev
FNDA:3393341,_ZN4Napi17FunctionReferenceD2Ev
FNDA:0,_ZN4Napi5ErrorD0Ev
FNDA:3,_ZN4Napi5ErrorD2Ev
FNDA:6072,_ZN4Napi23ClassPropertyDescriptorI9DisruptorEC2E24napi_property_descriptor
FNDA:2937,_ZN4Napi10ObjectWrapI9DisruptorED2Ev
FNF:6
FNH:5
DA:900,6786685
DA:937,3393341
DA:1062,3
DA:1248,6072
DA:1283,2937
LF:5
LH:5
end_of_record
SF:/usr/include/c++/6/bits/alloc_traits.h
FN:435,_ZNSt16allocator_traitsISaI11AsyncBufferIhEEE8allocateERS2_m
FN:461,_ZNSt16allocator_traitsISaI11AsyncBufferIhEEE10deallocateERS2_PS1_m
FN:495,_ZNSt16allocator_traitsISaI11AsyncBufferIhEEE8max_sizeERKS2_
FNDA:274427,_ZNSt16allocator_traitsISaI11AsyncBufferIhEEE8allocateERS2_m
FNDA:274448,_ZNSt16allocator_traitsISaI11AsyncBufferIhEEE10deallocateERS2_PS1_m
FNDA:548828,_ZNSt16allocator_traitsISaI11AsyncBufferIhEEE8max_sizeERKS2_
FNF:3
FNH:3
DA:435,274427
DA:436,274427
DA:461,274448
DA:462,274448
DA:495,548828
DA:496,548828
LF:6
LH:6
end_of_record
SF:/usr/include/c++/6/bits/allocator.h
FN:131,_ZNSaI11AsyncBufferIhEEC2Ev
FN:139,_ZNSaI11AsyncBufferIhEED2Ev
FNDA:2212999,_ZNSaI11AsyncBufferIhEEC2Ev
FNDA:2192761,_ZNSaI11AsyncBufferIhEED2Ev
FNF:2
FNH:2
DA:131,2212999
DA:139,2192761
LF:2
LH:2
end_of_record
SF:/usr/include/c++/6/bits/basic_string.h
FN:107,_ZNSt7__cxx1112basic_stringIcSt11char_traitsIcESaIcEE12_Alloc_hiderD2Ev
FN:192,_ZNSt7__cxx1112basic_stringIcSt11char_traitsIcESaIcEE16_M_construct_auxIPcEEvT_S7_St12__false_type
FN:212,_ZNSt7__cxx1112basic_stringIcSt11char_traitsIcESaIcEE12_M_constructIPcEEvT_S7_
FN:549,_ZNSt7__cxx1112basic_stringIcSt11char_traitsIcESaIcEEC2IPcvEET_S7_RKS3_
FN:5021,_ZStplIcSt11char_traitsIcESaIcEENSt7__cxx1112basic_stringIT_T0_T1_EEOS8_S9_
FN:5045,_ZStplIcSt11char_traitsIcESaIcEENSt7__cxx1112basic_stringIT_T0_T1_EEOS8_PKS5_
FN:5470,_ZNSt7__cxx119to_stringEi
FNDA:0,_ZNSt7__cxx1112basic_stringIcSt11char_traitsIcESaIcEE12_Alloc_hiderD2Ev
FNDA:0,_ZNSt7__cxx1112basic_stringIcSt11char_traitsIcESaIcEE16_M_construct_auxIPcEEvT_S7_St12__false_type
FNDA:0,_ZNSt7__cxx1112basic_stringIcSt11char_traitsIcESaIcEE12_M_constructIPcEEvT_S7_
FNDA:0,_ZNSt7__cxx1112basic_stringIcSt11char_traitsIcESaIcEEC2IPcvEET_S7_RKS3_
FNDA:3,_ZStplIcSt11char_traitsIcESaIcEENSt7__cxx1112basic_stringIT_T0_T1_EEOS8_S9_
FNDA:3,_ZStplIcSt11char_traitsIcESaIcEENSt7__cxx1112basic_stringIT_T0_T1_EEOS8_PKS5_
FNDA:0,_ZNSt7__cxx119to_stringEi
FNF:7
FNH:2
DA:107,0
DA:192,0
DA:196,0
DA:197,0
DA:212,0
DA:215,0
DA:216,0
DA:549,0
DA:551,0
DA:552,0
DA:5021,3
DA:5024,3
DA:5025,3
DA:5026,3
DA:5027,0
DA:5028,3
DA:5045,3
DA:5047,3
DA:5470,0
DA:5472,0
LF:20
LH:7
end_of_record
SF:/usr/include/c++/6/bits/basic_string.tcc
FN:206,_ZNSt7__cxx1112basic_stringIcSt11char_traitsIcESaIcEE12_M_constructIPcEEvT_S7_St20forward_iterator_tag
FNDA:0,_ZNSt7__cxx1112basic_stringIcSt11char_traitsIcESaIcEE12_M_constructIPcEEvT_S7_St20forward_iterator_tag
FNF:1
FNH:0
DA:206,0
DA:211,0
DA:212,0
DA:215,0
DA:217,0
DA:219,0
DA:220,0
DA:225,0
DA:226,0
DA:228,0
DA:229,0
DA:232,0
DA:233,0
LF:13
LH:0
end_of_record
SF:/usr/include/c++/6/bits/move.h
FN:47,_ZSt11__addressofI11AsyncBufferIhEEPT_RS2_
FN:76,_ZSt7forwardI11AsyncBufferIhEEOT_RNSt16remove_referenceIS2_E4typeE
FN:76,_ZSt7forwardISt14default_deleteISt6vectorI11AsyncBufferIhESaIS3_EEEEOT_RNSt16remove_referenceIS7_E4typeE
FN:101,_ZSt4moveIRPSt6vectorI11AsyncBufferIhESaIS2_EEEONSt16remove_referenceIT_E4typeEOS8_
FN:101,_ZSt4moveIRNSt7__cxx1112basic_stringIcSt11char_traitsIcESaIcEEEEONSt16remove_referenceIT_E4typeEOS8_
FN:101,_ZSt4moveIRN4Napi9ReferenceINS0_8FunctionEEEEONSt16remove_referenceIT_E4typeEOS6_
FN:101,_ZSt4moveIR11AsyncBufferIhEEONSt16remove_referenceIT_E4typeEOS4_
FN:101,_ZSt4moveIRN4Napi9ReferenceINS0_6ObjectEEEEONSt16remove_referenceIT_E4typeEOS6_
FN:179,_ZSt4swapIPSt6vectorI11AsyncBufferIhESaIS2_EEENSt9enable_ifIXsrSt6__and_IJSt21is_move_constructibleIT_ESt18is_move_assignableIS9_EEE5valueEvE4typeERS9_SG_
FNDA:274411,_ZSt11__addressofI11AsyncBufferIhEEPT_RS2_
FNDA:3,_ZSt7forwardI11AsyncBufferIhEEOT_RNSt16remove_referenceIS2_E4typeE
FNDA:1107722,_ZSt7forwardISt14default_deleteISt6vectorI11AsyncBufferIhESaIS3_EEEEOT_RNSt16remove_referenceIS7_E4typeE
FNDA:3323038,_ZSt4moveIRPSt6vectorI11AsyncBufferIhESaIS2_EEEONSt16remove_referenceIT_E4typeEOS8_
FNDA:274439,_ZSt4moveIR11AsyncBufferIhEEONSt16remove_referenceIT_E4typeEOS4_
FNDA:6,_ZSt4moveIRNSt7__cxx1112basic_stringIcSt11char_traitsIcESaIcEEEEONSt16remove_referenceIT_E4typeEOS8_
FNDA:3393341,_ZSt4moveIRN4Napi9ReferenceINS0_8FunctionEEEEONSt16remove_referenceIT_E4typeEOS6_
FNDA:6786682,_ZSt4moveIRN4Napi9ReferenceINS0_6ObjectEEEEONSt16remove_referenceIT_E4typeEOS6_
FNDA:1107692,_ZSt4swapIPSt6vectorI11AsyncBufferIhESaIS2_EEENSt9enable_ifIXsrSt6__and_IJSt21is_move_constructibleIT_ESt18is_move_assignableIS9_EEE5valueEvE4typeERS9_SG_
FNF:9
FNH:9
DA:47,274411
DA:50,274411
DA:76,1107725
DA:77,1107725
DA:101,13777506
DA:102,13777506
DA:179,1107692
DA:190,1107692
DA:191,1107704
DA:192,1107707
DA:193,1107705
LF:11
LH:11
end_of_record
SF:/usr/include/c++/6/bits/stl_algobase.h
FN:219,_ZSt3maxImERKT_S2_S2_
FNDA:274405,_ZSt3maxImERKT_S2_S2_
FNF:1
FNH:1
DA:219,274405
DA:224,274405
DA:225,274402
DA:226,3
LF:4
LH:4
end_of_record
SF:/usr/include/c++/6/bits/stl_construct.h
FN:74,_ZSt10_ConstructI11AsyncBufferIhEJS1_EEvPT_DpOT0_
FN:74,_ZSt10_ConstructI11AsyncBufferIhEJEEvPT_DpOT0_
FN:112,_ZNSt12_Destroy_auxILb1EE9__destroyIP11AsyncBufferIhEEEvT_S5_
FN:122,_ZSt8_DestroyIP11AsyncBufferIhEEvT_S3_
FN:148,_ZSt8_DestroyIP11AsyncBufferIhES1_EvT_S3_RSaIT0_E
FNDA:3,_ZSt10_ConstructI11AsyncBufferIhEJS1_EEvPT_DpOT0_
FNDA:274416,_ZSt10_ConstructI11AsyncBufferIhEJEEvPT_DpOT0_
FNDA:2472730,_ZNSt12_Destroy_auxILb1EE9__destroyIP11AsyncBufferIhEEEvT_S5_
FNDA:2473069,_ZSt8_DestroyIP11AsyncBufferIhEEvT_S3_
FNDA:2473673,_ZSt8_DestroyIP11AsyncBufferIhES1_EvT_S3_RSaIT0_E
FNF:5
FNH:5
DA:74,274419
DA:75,274419
DA:112,2472730
DA:122,2473069
DA:126,2473069
DA:128,2473052
DA:148,2473673
DA:151,2473673
DA:152,2473828
LF:9
LH:9
end_of_record
SF:/usr/include/c++/6/bits/stl_iterator.h
FN:1032,_ZNSt13move_iteratorIP11AsyncBufferIhEEC2ES2_
FN:1040,_ZNKSt13move_iteratorIP11AsyncBufferIhEE4baseEv
FN:1044,_ZNKSt13move_iteratorIP11AsyncBufferIhEEdeEv
FN:1052,_ZNSt13move_iteratorIP11AsyncBufferIhEEppEv
FN:1119,_ZSteqIP11AsyncBufferIhEEbRKSt13move_iteratorIT_ES7_
FN:1131,_ZStneIP11AsyncBufferIhEEbRKSt13move_iteratorIT_ES7_
FN:1223,_ZSt32__make_move_if_noexcept_iteratorI11AsyncBufferIhESt13move_iteratorIPS1_EET0_PT_
FNDA:548833,_ZNSt13move_iteratorIP11AsyncBufferIhEEC2ES2_
FNDA:548849,_ZNKSt13move_iteratorIP11AsyncBufferIhEE4baseEv
FNDA:3,_ZNKSt13move_iteratorIP11AsyncBufferIhEEdeEv
FNDA:3,_ZNSt13move_iteratorIP11AsyncBufferIhEEppEv
FNDA:274414,_ZSteqIP11AsyncBufferIhEEbRKSt13move_iteratorIT_ES7_
FNDA:274421,_ZStneIP11AsyncBufferIhEEbRKSt13move_iteratorIT_ES7_
FNDA:548823,_ZSt32__make_move_if_noexcept_iteratorI11AsyncBufferIhESt13move_iteratorIPS1_EET0_PT_
FNF:7
FNH:7
DA:1032,548833
DA:1033,548833
DA:1040,548849
DA:1041,548849
DA:1044,3
DA:1045,3
DA:1052,3
DA:1054,3
DA:1055,3
DA:1119,274414
DA:1121,274414
DA:1131,274421
DA:1133,274421
DA:1223,548823
DA:1224,548823
LF:15
LH:15
end_of_record
SF:/usr/include/c++/6/bits/stl_iterator_base_funcs.h
FN:96,_ZSt10__distanceIPcENSt15iterator_traitsIT_E15difference_typeES2_S2_St26random_access_iterator_tag
FN:135,_ZSt8distanceIPcENSt15iterator_traitsIT_E15difference_typeES2_S2_
FNDA:0,_ZSt10__distanceIPcENSt15iterator_traitsIT_E15difference_typeES2_S2_St26random_access_iterator_tag
FNDA:0,_ZSt8distanceIPcENSt15iterator_traitsIT_E15difference_typeES2_S2_
FNF:2
FNH:0
DA:96,0
DA:102,0
DA:135,0
DA:138,0
DA:139,0
LF:5
LH:0
end_of_record
SF:/usr/include/c++/6/bits/stl_iterator_base_types.h
FN:204,_ZSt19__iterator_categoryIPcENSt15iterator_traitsIT_E17iterator_categoryERKS2_
FNDA:0,_ZSt19__iterator_categoryIPcENSt15iterator_traitsIT_E17iterator_categoryERKS2_
FNF:1
FNH:0
DA:204,0
DA:205,0
LF:2
LH:0
end_of_record
SF:/usr/include/c++/6/bits/stl_uninitialized.h
FN:68,_ZNSt20__uninitialized_copyILb0EE13__uninit_copyISt13move_iteratorIP11AsyncBufferIhEES5_EET0_T_S8_S7_
FN:107,_ZSt18uninitialized_copyISt13move_iteratorIP11AsyncBufferIhEES3_ET0_T_S6_S5_
FN:279,_ZSt22__uninitialized_copy_aISt13move_iteratorIP11AsyncBufferIhEES3_S2_ET0_T_S6_S5_RSaIT1_E
FN:297,_ZSt34__uninitialized_move_if_noexcept_aIP11AsyncBufferIhES2_SaIS1_EET0_T_S5_S4_RT1_
FN:513,_ZNSt27__uninitialized_default_n_1ILb0EE18__uninit_default_nIP11AsyncBufferIhEmEET_S5_T0_
FN:566,_ZSt25__uninitialized_default_nIP11AsyncBufferIhEmET_S3_T0_
FN:635,_ZSt27__uninitialized_default_n_aIP11AsyncBufferIhEmS1_ET_S3_T0_RSaIT1_E
FNDA:274428,_ZNSt20__uninitialized_copyILb0EE13__uninit_copyISt13move_iteratorIP11AsyncBufferIhEES5_EET0_T_S8_S7_
FNDA:274431,_ZSt18uninitialized_copyISt13move_iteratorIP11AsyncBufferIhEES3_ET0_T_S6_S5_
FNDA:274427,_ZSt22__uninitialized_copy_aISt13move_iteratorIP11AsyncBufferIhEES3_S2_ET0_T_S6_S5_RSaIT1_E
FNDA:274428,_ZSt34__uninitialized_move_if_noexcept_aIP11AsyncBufferIhES2_SaIS1_EET0_T_S5_S4_RT1_
FNDA:274416,_ZNSt27__uninitialized_default_n_1ILb0EE18__uninit_default_nIP11AsyncBufferIhEmEET_S5_T0_
FNDA:274416,_ZSt25__uninitialized_default_nIP11AsyncBufferIhEmET_S3_T0_
FNDA:274420,_ZSt27__uninitialized_default_n_aIP11AsyncBufferIhEmS1_ET_S3_T0_RSaIT1_E
FNF:7
FNH:7
DA:68,274428
DA:71,274428
DA:74,274434
DA:75,3
DA:76,274428
DA:78,0
DA:80,0
DA:81,0
DA:107,274431
DA:120,274431
DA:126,274431
DA:279,274427
DA:281,274427
DA:297,274428
DA:303,274428
DA:304,274426
DA:513,274416
DA:515,274416
DA:518,823242
DA:519,274411
DA:520,274418
DA:566,274416
DA:571,274416
DA:575,274416
DA:635,274420
DA:637,274420
LF:26
LH:23
end_of_record
SF:/usr/include/c++/6/bits/stl_vector.h
FN:79,_ZNSt12_Vector_baseI11AsyncBufferIhESaIS1_EE12_Vector_implD2Ev
FN:86,_ZNSt12_Vector_baseI11AsyncBufferIhESaIS1_EE12_Vector_implC2Ev
FN:113,_ZNSt12_Vector_baseI11AsyncBufferIhESaIS1_EE19_M_get_Tp_allocatorEv
FN:117,_ZNKSt12_Vector_baseI11AsyncBufferIhESaIS1_EE19_M_get_Tp_allocatorEv
FN:124,_ZNSt12_Vector_baseI11AsyncBufferIhESaIS1_EEC2Ev
FN:159,_ZNSt12_Vector_baseI11AsyncBufferIhESaIS1_EED2Ev
FN:167,_ZNSt12_Vector_baseI11AsyncBufferIhESaIS1_EE11_M_allocateEm
FN:174,_ZNSt12_Vector_baseI11AsyncBufferIhESaIS1_EE13_M_deallocateEPS1_m
FN:255,_ZNSt6vectorI11AsyncBufferIhESaIS1_EEC2Ev
FN:425,_ZNSt6vectorI11AsyncBufferIhESaIS1_EED2Ev
FN:655,_ZNKSt6vectorI11AsyncBufferIhESaIS1_EE4sizeEv
FN:660,_ZNKSt6vectorI11AsyncBufferIhESaIS1_EE8max_sizeEv
FN:674,_ZNSt6vectorI11AsyncBufferIhESaIS1_EE6resizeEm
FN:780,_ZNSt6vectorI11AsyncBufferIhESaIS1_EEixEm
FN:1420,_ZNKSt6vectorI11AsyncBufferIhESaIS1_EE12_M_check_lenEmPKc
FN:1434,_ZNSt6vectorI11AsyncBufferIhESaIS1_EE15_M_erase_at_endEPS1_
FNDA:2191991,_ZNSt12_Vector_baseI11AsyncBufferIhESaIS1_EE12_Vector_implD2Ev
FNDA:2213054,_ZNSt12_Vector_baseI11AsyncBufferIhESaIS1_EE12_Vector_implC2Ev
FNDA:3019106,_ZNSt12_Vector_baseI11AsyncBufferIhESaIS1_EE19_M_get_Tp_allocatorEv
FNDA:548810,_ZNKSt12_Vector_baseI11AsyncBufferIhESaIS1_EE19_M_get_Tp_allocatorEv
FNDA:2213100,_ZNSt12_Vector_baseI11AsyncBufferIhESaIS1_EEC2Ev
FNDA:2200351,_ZNSt12_Vector_baseI11AsyncBufferIhESaIS1_EED2Ev
FNDA:274434,_ZNSt12_Vector_baseI11AsyncBufferIhESaIS1_EE11_M_allocateEm
FNDA:2473403,_ZNSt12_Vector_baseI11AsyncBufferIhESaIS1_EE13_M_deallocateEPS1_m
FNDA:2213140,_ZNSt6vectorI11AsyncBufferIhESaIS1_EEC2Ev
FNDA:2200204,_ZNSt6vectorI11AsyncBufferIhESaIS1_EED2Ev
FNDA:3575807,_ZNKSt6vectorI11AsyncBufferIhESaIS1_EE4sizeEv
FNDA:548812,_ZNKSt6vectorI11AsyncBufferIhESaIS1_EE8max_sizeEv
FNDA:274430,_ZNSt6vectorI11AsyncBufferIhESaIS1_EE6resizeEm
FNDA:548871,_ZNSt6vectorI11AsyncBufferIhESaIS1_EEixEm
FNDA:274414,_ZNKSt6vectorI11AsyncBufferIhESaIS1_EE12_M_check_lenEmPKc
FNDA:0,_ZNSt6vectorI11AsyncBufferIhESaIS1_EE15_M_erase_at_endEPS1_
FNF:16
FNH:15
DA:79,2191991
DA:86,2213054
DA:87,2213054
DA:88,2212986
DA:113,3019106
DA:114,3019106
DA:117,548810
DA:118,548810
DA:124,2213100
DA:125,2213100
DA:159,2200351
DA:160,4400702
DA:161,4391745
DA:167,274434
DA:170,274434
DA:174,2473403
DA:177,2473403
DA:178,274448
DA:179,2473403
DA:255,2213140
DA:259,2213140
DA:425,2200204
DA:426,2200260
DA:427,4400942
DA:655,3575807
DA:656,3575807
DA:660,548812
DA:661,548812
DA:674,274430
DA:676,274430
DA:677,274434
DA:678,0
DA:679,0
DA:680,274424
DA:780,548871
DA:781,548871
DA:1420,274414
DA:1422,274414
DA:1423,0
DA:1425,274429
DA:1426,274405
DA:1434,0
DA:1436,0
DA:1437,0
DA:1438,0
LF:45
LH:38
end_of_record
SF:/usr/include/c++/6/bits/unique_ptr.h
FN:57,_ZNSt14default_deleteISt6vectorI11AsyncBufferIhESaIS2_EEEC2Ev
FN:70,_ZNKSt14default_deleteISt6vectorI11AsyncBufferIhESaIS2_EEEclEPS4_
FN:170,_ZNSt10unique_ptrIi7CloseFDEC2EPi
FN:170,_ZNSt10unique_ptrISt6vectorI11AsyncBufferIhESaIS2_EESt14default_deleteIS4_EEC2EPS4_
FN:235,_ZNSt10unique_ptrISt6vectorI11AsyncBufferIhESaIS2_EESt14default_deleteIS4_EED2Ev
FN:235,_ZNSt10unique_ptrIi7CloseFDED2Ev
FN:252,_ZNSt10unique_ptrISt6vectorI11AsyncBufferIhESaIS2_EESt14default_deleteIS4_EEaSEOS7_
FN:291,_ZNKSt10unique_ptrIi7CloseFDEdeEv
FN:291,_ZNKSt10unique_ptrISt6vectorI11AsyncBufferIhESaIS2_EESt14default_deleteIS4_EEdeEv
FN:299,_ZNKSt10unique_ptrISt6vectorI11AsyncBufferIhESaIS2_EESt14default_deleteIS4_EEptEv
FN:307,_ZNKSt10unique_ptrIi7CloseFDE3getEv
FN:307,_ZNKSt10unique_ptrISt6vectorI11AsyncBufferIhESaIS2_EESt14default_deleteIS4_EE3getEv
FN:312,_ZNSt10unique_ptrIi7CloseFDE11get_deleterEv
FN:312,_ZNSt10unique_ptrISt6vectorI11AsyncBufferIhESaIS2_EESt14default_deleteIS4_EE11get_deleterEv
FN:328,_ZNSt10unique_ptrISt6vectorI11AsyncBufferIhESaIS2_EESt14default_deleteIS4_EE7releaseEv
FN:342,_ZNSt10unique_ptrISt6vectorI11AsyncBufferIhESaIS2_EESt14default_deleteIS4_EE5resetEPS4_
FN:790,_ZSt11make_uniqueISt6vectorI11AsyncBufferIhESaIS2_EEJEENSt9_MakeUniqIT_E15__single_objectEDpOT0_
FNDA:2211117,_ZNSt14default_deleteISt6vectorI11AsyncBufferIhESaIS2_EEEC2Ev
FNDA:2200207,_ZNKSt14default_deleteISt6vectorI11AsyncBufferIhESaIS2_EEEclEPS4_
FNDA:2212911,_ZNSt10unique_ptrISt6vectorI11AsyncBufferIhESaIS2_EESt14default_deleteIS4_EEC2EPS4_
FNDA:3389,_ZNSt10unique_ptrIi7CloseFDEC2EPi
FNDA:2196368,_ZNSt10unique_ptrISt6vectorI11AsyncBufferIhESaIS2_EESt14default_deleteIS4_EED2Ev
FNDA:3389,_ZNSt10unique_ptrIi7CloseFDED2Ev
FNDA:1107607,_ZNSt10unique_ptrISt6vectorI11AsyncBufferIhESaIS2_EESt14default_deleteIS4_EEaSEOS7_
FNDA:548856,_ZNKSt10unique_ptrISt6vectorI11AsyncBufferIhESaIS2_EESt14default_deleteIS4_EEdeEv
FNDA:6942,_ZNKSt10unique_ptrIi7CloseFDEdeEv
FNDA:1929823,_ZNKSt10unique_ptrISt6vectorI11AsyncBufferIhESaIS2_EESt14default_deleteIS4_EEptEv
FNDA:3582577,_ZNKSt10unique_ptrISt6vectorI11AsyncBufferIhESaIS2_EESt14default_deleteIS4_EE3getEv
FNDA:6942,_ZNKSt10unique_ptrIi7CloseFDE3getEv
FNDA:4382861,_ZNSt10unique_ptrISt6vectorI11AsyncBufferIhESaIS2_EESt14default_deleteIS4_EE11get_deleterEv
FNDA:3389,_ZNSt10unique_ptrIi7CloseFDE11get_deleterEv
FNDA:1107607,_ZNSt10unique_ptrISt6vectorI11AsyncBufferIhESaIS2_EESt14default_deleteIS4_EE7releaseEv
FNDA:1107682,_ZNSt10unique_ptrISt6vectorI11AsyncBufferIhESaIS2_EESt14default_deleteIS4_EE5resetEPS4_
FNDA:2207913,_ZSt11make_uniqueISt6vectorI11AsyncBufferIhESaIS2_EEJEENSt9_MakeUniqIT_E15__single_objectEDpOT0_
FNF:17
FNH:17
DA:57,2211117
DA:70,2200207
DA:76,2200207
DA:77,2213967
DA:170,2216300
DA:171,2216300
DA:173,2215675
DA:176,2215893
DA:235,2199757
DA:237,2199757
DA:238,2200564
DA:239,1111115
DA:240,2200564
DA:241,2200564
DA:252,1107607
DA:254,1107607
DA:255,1107715
DA:256,1107723
DA:291,555798
DA:294,555798
DA:299,1929823
DA:302,1929823
DA:307,3589519
DA:308,3589519
DA:312,4386250
DA:313,4386250
DA:328,1107607
DA:330,1107607
DA:331,1107690
DA:332,1107679
DA:342,1107682
DA:345,1107682
DA:346,1107701
DA:347,1107704
DA:348,1107712
DA:790,2207913
DA:791,2207913
LF:37
LH:37
end_of_record
SF:/usr/include/c++/6/bits/vector.tcc
FN:540,_ZNSt6vectorI11AsyncBufferIhESaIS1_EE17_M_default_appendEm
FNDA:274426,_ZNSt6vectorI11AsyncBufferIhESaIS1_EE17_M_default_appendEm
FNF:1
FNH:1
DA:540,274426
DA:543,274426
DA:545,548876
DA:546,274438
DA:548,1
DA:549,0
DA:550,0
DA:555,274438
DA:556,274435
DA:557,274436
DA:558,274441
DA:561,274434
DA:563,274434
DA:564,274441
DA:565,274424
DA:567,274422
DA:569,0
DA:571,0
DA:572,0
DA:573,0
DA:574,0
DA:576,274427
DA:577,274421
DA:578,274427
DA:579,274427
DA:580,274427
DA:581,274432
DA:582,274432
DA:583,274432
DA:586,274421
LF:30
LH:23
end_of_record
SF:/usr/include/c++/6/exception
FN:63,_ZNSt9exceptionC2Ev
FNDA:3,_ZNSt9exceptionC2Ev
FNF:1
FNH:1
DA:63,3
LF:1
LH:1
end_of_record
SF:/usr/include/c++/6/ext/new_allocator.h
FN:79,_ZN9__gnu_cxx13new_allocatorI11AsyncBufferIhEEC2Ev
FN:86,_ZN9__gnu_cxx13new_allocatorI11AsyncBufferIhEED2Ev
FN:99,_ZN9__gnu_cxx13new_allocatorI11AsyncBufferIhEE8allocateEmPKv
FN:109,_ZN9__gnu_cxx13new_allocatorI11AsyncBufferIhEE10deallocateEPS2_m
FN:113,_ZNK9__gnu_cxx13new_allocatorI11AsyncBufferIhEE8max_sizeEv
FNDA:2212964,_ZN9__gnu_cxx13new_allocatorI11AsyncBufferIhEEC2Ev
FNDA:2193001,_ZN9__gnu_cxx13new_allocatorI11AsyncBufferIhEED2Ev
FNDA:274426,_ZN9__gnu_cxx13new_allocatorI11AsyncBufferIhEE8allocateEmPKv
FNDA:274448,_ZN9__gnu_cxx13new_allocatorI11AsyncBufferIhEE10deallocateEPS2_m
FNDA:823197,_ZNK9__gnu_cxx13new_allocatorI11AsyncBufferIhEE8max_sizeEv
FNF:5
FNH:5
DA:79,2212964
DA:86,2193001
DA:99,274426
DA:101,274426
DA:102,0
DA:104,274434
DA:109,274448
DA:110,274448
DA:113,823197
DA:114,823197
LF:10
LH:9
end_of_record
SF:/usr/include/c++/6/ext/string_conversions.h
FN:89,_ZN9__gnu_cxx12__to_xstringINSt7__cxx1112basic_stringIcSt11char_traitsIcESaIcEEEcEET_PFiPT0_mPKS8_P13__va_list_tagEmSB_z
FNDA:0,_ZN9__gnu_cxx12__to_xstringINSt7__cxx1112basic_stringIcSt11char_traitsIcESaIcEEEcEET_PFiPT0_mPKS8_P13__va_list_tagEmSB_z
FNF:1
FNH:0
DA:89,0
DA:96,0
DA:99,0
DA:101,0
DA:103,0
DA:105,0
LF:6
LH:0
end_of_record
SF:/usr/include/c++/6/ext/type_traits.h
FN:152,_ZN9__gnu_cxx17__is_null_pointerIcEEbPT_
FNDA:0,_ZN9__gnu_cxx17__is_null_pointerIcEEbPT_
FNF:1
FNH:0
DA:152,0
DA:153,0
LF:2
LH:0
end_of_record
SF:/usr/include/c++/6/initializer_list
FN:66,_ZNSt16initializer_listIP12napi_value__EC1Ev
FN:71,_ZNKSt16initializer_listIP12napi_value__E4sizeEv
FN:71,_ZNKSt16initializer_listIN4Napi23ClassPropertyDescriptorI9DisruptorEEE4sizeEv
FN:75,_ZNKSt16initializer_listIN4Napi23ClassPropertyDescriptorI9DisruptorEEE5beginEv
FN:75,_ZNKSt16initializer_listIP12napi_value__E5beginEv
FNDA:0,_ZNSt16initializer_listIP12napi_value__EC1Ev
FNDA:253,_ZNKSt16initializer_listIN4Napi23ClassPropertyDescriptorI9DisruptorEEE4sizeEv
FNDA:322089,_ZNKSt16initializer_listIP12napi_value__E4sizeEv
FNDA:253,_ZNKSt16initializer_listIN4Napi23ClassPropertyDescriptorI9DisruptorEEE5beginEv
FNDA:322089,_ZNKSt16initializer_listIP12napi_value__E5beginEv
FNF:5
FNH:4
DA:66,0
DA:67,0
DA:71,322342
DA:75,322342
LF:4
LH:2
end_of_record
SF:/usr/include/c++/6/new
FN:146,_ZnwmPv
FNDA:274406,_ZnwmPv
FNF:1
FNH:1
DA:146,274406
DA:147,274406
LF:2
LH:2
end_of_record
SF:/usr/include/c++/6/tuple
FN:58,_ZNSt10_Head_baseILm1ESt14default_deleteISt6vectorI11AsyncBufferIhESaIS3_EEELb1EEC2Ev
FN:58,_ZNSt10_Head_baseILm1E7CloseFDLb1EEC2Ev
FN:95,_ZNSt10_Head_baseILm1E7CloseFDLb1EE7_M_headERS1_
FN:95,_ZNSt10_Head_baseILm1ESt14default_deleteISt6vectorI11AsyncBufferIhESaIS3_EEELb1EE7_M_headERS7_
FN:104,_ZNSt10_Head_baseILm0EPiLb0EEC2Ev
FN:104,_ZNSt10_Head_baseILm0EPSt6vectorI11AsyncBufferIhESaIS2_EELb0EEC2Ev
FN:142,_ZNSt10_Head_baseILm0EPSt6vectorI11AsyncBufferIhESaIS2_EELb0EE7_M_headERS6_
FN:142,_ZNSt10_Head_baseILm0EPiLb0EE7_M_headERS1_
FN:145,_ZNSt10_Head_baseILm0EPiLb0EE7_M_headERKS1_
FN:145,_ZNSt10_Head_baseILm0EPSt6vectorI11AsyncBufferIhESaIS2_EELb0EE7_M_headERKS6_
FN:190,_ZNSt11_Tuple_implILm0EJPi7CloseFDEE7_M_headERS2_
FN:190,_ZNSt11_Tuple_implILm0EJPSt6vectorI11AsyncBufferIhESaIS2_EESt14default_deleteIS4_EEE7_M_headERS8_
FN:193,_ZNSt11_Tuple_implILm0EJPi7CloseFDEE7_M_headERKS2_
FN:193,_ZNSt11_Tuple_implILm0EJPSt6vectorI11AsyncBufferIhESaIS2_EESt14default_deleteIS4_EEE7_M_headERKS8_
FN:201,_ZNSt11_Tuple_implILm0EJPSt6vectorI11AsyncBufferIhESaIS2_EESt14default_deleteIS4_EEEC2Ev
FN:201,_ZNSt11_Tuple_implILm0EJPi7CloseFDEEC2Ev
FN:346,_ZNSt11_Tuple_implILm1EJSt14default_deleteISt6vectorI11AsyncBufferIhESaIS3_EEEEE7_M_headERS7_
FN:346,_ZNSt11_Tuple_implILm1EJ7CloseFDEE7_M_headERS1_
FN:351,_ZNSt11_Tuple_implILm1EJ7CloseFDEEC2Ev
FN:351,_ZNSt11_Tuple_implILm1EJSt14default_deleteISt6vectorI11AsyncBufferIhESaIS3_EEEEEC2Ev
FN:878,_ZNSt5tupleIJPSt6vectorI11AsyncBufferIhESaIS2_EESt14default_deleteIS4_EEEC2IS5_S7_Lb1EEEv
FN:878,_ZNSt5tupleIJPi7CloseFDEEC2IS0_S1_Lb1EEEv
FN:1247,_ZSt12__get_helperILm0EPiJ7CloseFDEERT0_RSt11_Tuple_implIXT_EJS2_DpT1_EE
FN:1247,_ZSt12__get_helperILm1ESt14default_deleteISt6vectorI11AsyncBufferIhESaIS3_EEEJEERT0_RSt11_Tuple_implIXT_EJS7_DpT1_EE
FN:1247,_ZSt12__get_helperILm1E7CloseFDJEERT0_RSt11_Tuple_implIXT_EJS1_DpT1_EE
FN:1247,_ZSt12__get_helperILm0EPSt6vectorI11AsyncBufferIhESaIS2_EEJSt14default_deleteIS4_EEERT0_RSt11_Tuple_implIXT_EJS8_DpT1_EE
FN:1252,_ZSt12__get_helperILm0EPiJ7CloseFDEERKT0_RKSt11_Tuple_implIXT_EJS2_DpT1_EE
FN:1252,_ZSt12__get_helperILm0EPSt6vectorI11AsyncBufferIhESaIS2_EEJSt14default_deleteIS4_EEERKT0_RKSt11_Tuple_implIXT_EJS8_DpT1_EE
FN:1258,_ZSt3getILm0EJPi7CloseFDEERNSt13tuple_elementIXT_ESt5tupleIJDpT0_EEE4typeERS6_
FN:1258,_ZSt3getILm1EJPi7CloseFDEERNSt13tuple_elementIXT_ESt5tupleIJDpT0_EEE4typeERS6_
FN:1258,_ZSt3getILm0EJPSt6vectorI11AsyncBufferIhESaIS2_EESt14default_deleteIS4_EEERNSt13tuple_elementIXT_ESt5tupleIJDpT0_EEE4typeERSC_
FN:1258,_ZSt3getILm1EJPSt6vectorI11AsyncBufferIhESaIS2_EESt14default_deleteIS4_EEERNSt13tuple_elementIXT_ESt5tupleIJDpT0_EEE4typeERSC_
FN:1264,_ZSt3getILm0EJPSt6vectorI11AsyncBufferIhESaIS2_EESt14default_deleteIS4_EEERKNSt13tuple_elementIXT_ESt5tupleIJDpT0_EEE4typeERKSC_
FN:1264,_ZSt3getILm0EJPi7CloseFDEERKNSt13tuple_elementIXT_ESt5tupleIJDpT0_EEE4typeERKS6_
FNDA:2212736,_ZNSt10_Head_baseILm1ESt14default_deleteISt6vectorI11AsyncBufferIhESaIS3_EEELb1EEC2Ev
FNDA:3389,_ZNSt10_Head_baseILm1E7CloseFDLb1EEC2Ev
FNDA:4391616,_ZNSt10_Head_baseILm1ESt14default_deleteISt6vectorI11AsyncBufferIhESaIS3_EEELb1EE7_M_headERS7_
FNDA:3389,_ZNSt10_Head_baseILm1E7CloseFDLb1EE7_M_headERS1_
FNDA:2212053,_ZNSt10_Head_baseILm0EPSt6vectorI11AsyncBufferIhESaIS2_EELb0EEC2Ev
FNDA:3389,_ZNSt10_Head_baseILm0EPiLb0EEC2Ev
FNDA:6565345,_ZNSt10_Head_baseILm0EPSt6vectorI11AsyncBufferIhESaIS2_EELb0EE7_M_headERS6_
FNDA:6778,_ZNSt10_Head_baseILm0EPiLb0EE7_M_headERS1_
FNDA:3584967,_ZNSt10_Head_baseILm0EPSt6vectorI11AsyncBufferIhESaIS2_EELb0EE7_M_headERKS6_
FNDA:6942,_ZNSt10_Head_baseILm0EPiLb0EE7_M_headERKS1_
FNDA:6563838,_ZNSt11_Tuple_implILm0EJPSt6vectorI11AsyncBufferIhESaIS2_EESt14default_deleteIS4_EEE7_M_headERS8_
FNDA:6778,_ZNSt11_Tuple_implILm0EJPi7CloseFDEE7_M_headERS2_
FNDA:3584383,_ZNSt11_Tuple_implILm0EJPSt6vectorI11AsyncBufferIhESaIS2_EESt14default_deleteIS4_EEE7_M_headERKS8_
FNDA:6942,_ZNSt11_Tuple_implILm0EJPi7CloseFDEE7_M_headERKS2_
FNDA:2212806,_ZNSt11_Tuple_implILm0EJPSt6vectorI11AsyncBufferIhESaIS2_EESt14default_deleteIS4_EEEC2Ev
FNDA:3389,_ZNSt11_Tuple_implILm0EJPi7CloseFDEEC2Ev
FNDA:4391087,_ZNSt11_Tuple_implILm1EJSt14default_deleteISt6vectorI11AsyncBufferIhESaIS3_EEEEE7_M_headERS7_
FNDA:3389,_ZNSt11_Tuple_implILm1EJ7CloseFDEE7_M_headERS1_
FNDA:2212729,_ZNSt11_Tuple_implILm1EJSt14default_deleteISt6vectorI11AsyncBufferIhESaIS3_EEEEEC2Ev
FNDA:3389,_ZNSt11_Tuple_implILm1EJ7CloseFDEEC2Ev
FNDA:2212908,_ZNSt5tupleIJPSt6vectorI11AsyncBufferIhESaIS2_EESt14default_deleteIS4_EEEC2IS5_S7_Lb1EEEv
FNDA:3389,_ZNSt5tupleIJPi7CloseFDEEC2IS0_S1_Lb1EEEv
FNDA:4389227,_ZSt12__get_helperILm1ESt14default_deleteISt6vectorI11AsyncBufferIhESaIS3_EEEJEERT0_RSt11_Tuple_implIXT_EJS7_DpT1_EE
FNDA:3389,_ZSt12__get_helperILm1E7CloseFDJEERT0_RSt11_Tuple_implIXT_EJS1_DpT1_EE
FNDA:6565016,_ZSt12__get_helperILm0EPSt6vectorI11AsyncBufferIhESaIS2_EEJSt14default_deleteIS4_EEERT0_RSt11_Tuple_implIXT_EJS8_DpT1_EE
FNDA:6778,_ZSt12__get_helperILm0EPiJ7CloseFDEERT0_RSt11_Tuple_implIXT_EJS2_DpT1_EE
FNDA:3583577,_ZSt12__get_helperILm0EPSt6vectorI11AsyncBufferIhESaIS2_EEJSt14default_deleteIS4_EEERKT0_RKSt11_Tuple_implIXT_EJS8_DpT1_EE
FNDA:6942,_ZSt12__get_helperILm0EPiJ7CloseFDEERKT0_RKSt11_Tuple_implIXT_EJS2_DpT1_EE
FNDA:4385158,_ZSt3getILm1EJPSt6vectorI11AsyncBufferIhESaIS2_EESt14default_deleteIS4_EEERNSt13tuple_elementIXT_ESt5tupleIJDpT0_EEE4typeERSC_
FNDA:3389,_ZSt3getILm1EJPi7CloseFDEERNSt13tuple_elementIXT_ESt5tupleIJDpT0_EEE4typeERS6_
FNDA:6564930,_ZSt3getILm0EJPSt6vectorI11AsyncBufferIhESaIS2_EESt14default_deleteIS4_EEERNSt13tuple_elementIXT_ESt5tupleIJDpT0_EEE4typeERSC_
FNDA:6778,_ZSt3getILm0EJPi7CloseFDEERNSt13tuple_elementIXT_ESt5tupleIJDpT0_EEE4typeERS6_
FNDA:3583420,_ZSt3getILm0EJPSt6vectorI11AsyncBufferIhESaIS2_EESt14default_deleteIS4_EEERKNSt13tuple_elementIXT_ESt5tupleIJDpT0_EEE4typeERKSC_
FNDA:6942,_ZSt3getILm0EJPi7CloseFDEERKNSt13tuple_elementIXT_ESt5tupleIJDpT0_EEE4typeERKS6_
FNF:34
FNH:34
DA:58,2216125
DA:59,2216125
DA:95,4395005
DA:104,2215442
DA:105,2215442
DA:142,6572123
DA:145,3591909
DA:190,6570616
DA:193,3591325
DA:201,2216195
DA:202,2216195
DA:346,4394476
DA:351,2216118
DA:352,2216118
DA:878,2216297
DA:879,2216297
DA:1247,10964410
DA:1248,10964410
DA:1252,3590519
DA:1253,3590519
DA:1258,10960255
DA:1259,10960255
DA:1264,3590362
DA:1265,3590362
LF:24
LH:24
end_of_record
SF:/home/david/shared-memory-disruptor/src/disruptor.cc
FN:47,_ZN9Disruptor4SpinEv
FN:138,_Z12NullCallbackRKN4Napi12CallbackInfoE
FN:142,_Z11GetCallbackRKN4Napi12CallbackInfoEj
FN:160,_ZN11AsyncBufferIhEC2Ev
FN:166,_ZN11AsyncBufferIhE3NewEN4Napi3EnvEPhm
FN:171,_ZN11AsyncBufferIhE3NewEN4Napi3EnvEm
FN:176,_ZN11AsyncBufferIhE7ToValueEN4Napi3EnvE
FN:192,_ZN11AsyncBufferIhE6LengthEv
FN:198,_ZN11AsyncBufferIhEC2EPhm
FN:209,_ZN10AsyncArrayI11AsyncBufferIhEEaSEOS2_
FN:209,_ZN10AsyncArrayI11AsyncBufferIhEED2Ev
FN:212,_ZN10AsyncArrayI11AsyncBufferIhEEC2Ev
FN:217,_ZN10AsyncArrayI11AsyncBufferIhEE3NewEN4Napi3EnvE
FN:222,_ZN10AsyncArrayI11AsyncBufferIhEE3SetEjS1_
FN:232,_ZN10AsyncArrayI11AsyncBufferIhEE7ToValueEN4Napi3EnvE
FN:243,_ZN10AsyncArrayI11AsyncBufferIhEE6LengthEv
FN:255,_ZN12AsyncBooleanC2Ev
FN:260,_ZN12AsyncBoolean3NewEN4Napi3EnvEb
FN:265,_ZN12AsyncBoolean7ToValueEN4Napi3EnvE
FN:270,_ZNK12AsyncBooleancvbEv
FN:276,_ZN12AsyncBooleanC2Eb
FN:288,_Z7ToValueRKN4Napi3EnvEm
FN:293,_Z7ToValueRKN4Napi3EnvERK14AsyncUndefined
FN:299,_ZN20DisruptorAsyncWorkerI11AsyncBufferIhEmmED2Ev
FN:299,_ZN20DisruptorAsyncWorkerI10AsyncArrayI11AsyncBufferIhEEmmED2Ev
FN:299,_ZN20DisruptorAsyncWorkerI10AsyncArrayI11AsyncBufferIhEEm14AsyncUndefinedED2Ev
FN:299,_ZN20DisruptorAsyncWorkerI11AsyncBufferIhEmmED0Ev
FN:299,_ZN20DisruptorAsyncWorkerI12AsyncBoolean14AsyncUndefinedS1_ED0Ev
FN:299,_ZN20DisruptorAsyncWorkerI12AsyncBoolean14AsyncUndefinedS1_ED2Ev
FN:299,_ZN20DisruptorAsyncWorkerI10AsyncArrayI11AsyncBufferIhEEm14AsyncUndefinedED0Ev
FN:299,_ZN20DisruptorAsyncWorkerI10AsyncArrayI11AsyncBufferIhEEmmED0Ev
FN:302,_ZN20DisruptorAsyncWorkerI12AsyncBoolean14AsyncUndefinedS1_EC2EP9DisruptorRKN4Napi8FunctionE
FN:302,_ZN20DisruptorAsyncWorkerI10AsyncArrayI11AsyncBufferIhEEmmEC2EP9DisruptorRKN4Napi8FunctionE
FN:302,_ZN20DisruptorAsyncWorkerI10AsyncArrayI11AsyncBufferIhEEm14AsyncUndefinedEC2EP9DisruptorRKN4Napi8FunctionE
FN:302,_ZN20DisruptorAsyncWorkerI11AsyncBufferIhEmmEC2EP9DisruptorRKN4Napi8FunctionE
FN:314,_ZN20DisruptorAsyncWorkerI11AsyncBufferIhEmmE4OnOKEv
FN:314,_ZN20DisruptorAsyncWorkerI10AsyncArrayI11AsyncBufferIhEEmmE4OnOKEv
FN:314,_ZN20DisruptorAsyncWorkerI12AsyncBoolean14AsyncUndefinedS1_E4OnOKEv
FN:314,_ZN20DisruptorAsyncWorkerI10AsyncArrayI11AsyncBufferIhEEm14AsyncUndefinedE4OnOKEv
FN:347,_ZN7CloseFDclEPi
FN:354,_Z15ThrowErrnoErrorRKN4Napi12CallbackInfoEPKc
FN:365,_ZN9DisruptorC2ERKN4Napi12CallbackInfoE
FN:427,_ZN9DisruptorD2Ev
FN:432,_ZN9Disruptor7ReleaseEv
FN:449,_ZN9Disruptor7ReleaseERKN4Napi12CallbackInfoE
FN:458,_ZN9Disruptor14ConsumeNewSyncIN4Napi5ArrayENS1_6BufferEEET_RKNS1_3EnvEbRm
FN:458,_ZN9Disruptor14ConsumeNewSyncI10AsyncArrayI11AsyncBufferIhEES2_EET_RKN4Napi3EnvEbRm
FN:514,_ZN9Disruptor14ConsumeNewSyncERKN4Napi12CallbackInfoE
FN:520,_ZN21ConsumeNewAsyncWorkerD0Ev
FN:520,_ZN21ConsumeNewAsyncWorkerD2Ev
FN:526,_ZN21ConsumeNewAsyncWorkerC2EP9DisruptorRKN4Napi8FunctionE
FN:537,_ZN21ConsumeNewAsyncWorker7ExecuteEv
FN:544,_ZN21ConsumeNewAsyncWorker5RetryEv
FN:550,_ZN9Disruptor15ConsumeNewAsyncERKN4Napi12CallbackInfoE
FN:555,_ZN9Disruptor10ConsumeNewERKN4Napi12CallbackInfoE
FN:570,_ZN9Disruptor13ConsumeCommitERKN4Napi12CallbackInfoE
FN:575,_ZN9Disruptor13UpdatePendingEmm
FN:581,_ZN9Disruptor13ConsumeCommitEv
FN:597,_ZN9Disruptor16ProduceClaimSyncIN4Napi6BufferEEET_IhERKNS1_3EnvEbRmS8_
FN:597,_ZN9Disruptor16ProduceClaimSyncI11AsyncBufferEET_IhERKN4Napi3EnvEbRmS8_
FN:641,_ZN9Disruptor16ProduceClaimSyncERKN4Napi12CallbackInfoE
FN:648,_ZN23ProduceClaimAsyncWorkerD0Ev
FN:648,_ZN23ProduceClaimAsyncWorkerD2Ev
FN:652,_ZN23ProduceClaimAsyncWorkerC2EP9DisruptorRKN4Napi8FunctionE
FN:662,_ZN23ProduceClaimAsyncWorker7ExecuteEv
FN:670,_ZN23ProduceClaimAsyncWorker5RetryEv
FN:676,_ZN9Disruptor17ProduceClaimAsyncERKN4Napi12CallbackInfoE
FN:681,_ZN9Disruptor12ProduceClaimERKN4Napi12CallbackInfoE
FN:696,_ZN9Disruptor17ProduceGetBuffersI10AsyncArrayI11AsyncBufferIhEES2_EEvRKN4Napi3EnvEmmRT_
FN:696,_ZN9Disruptor17ProduceGetBuffersIN4Napi5ArrayENS1_6BufferEEEvRKNS1_3EnvEmmRT_
FN:728,_ZN9Disruptor20ProduceClaimManySyncIN4Napi5ArrayENS1_6BufferEEET_RKNS1_3EnvEjbRmS8_
FN:728,_ZN9Disruptor20ProduceClaimManySyncI10AsyncArrayI11AsyncBufferIhEES2_EET_RKN4Napi3EnvEjbRmSA_
FN:770,_ZN9Disruptor20ProduceClaimManySyncERKN4Napi12CallbackInfoE
FN:777,_ZN27ProduceClaimManyAsyncWorkerD0Ev
FN:777,_ZN27ProduceClaimManyAsyncWorkerD2Ev
FN:783,_ZN27ProduceClaimManyAsyncWorkerC2EP9DisruptorRKN4Napi8FunctionEj
FN:797,_ZN27ProduceClaimManyAsyncWorker7ExecuteEv
FN:805,_ZN27ProduceClaimManyAsyncWorker5RetryEv
FN:814,_ZN9Disruptor21ProduceClaimManyAsyncERKN4Napi12CallbackInfoEj
FN:820,_ZN9Disruptor21ProduceClaimManyAsyncERKN4Napi12CallbackInfoE
FN:825,_ZN9Disruptor16ProduceClaimManyERKN4Napi12CallbackInfoE
FN:840,_ZN9Disruptor14ProduceRecoverERKN4Napi12CallbackInfoE
FN:859,_ZN9Disruptor17ProduceCommitSyncI12AsyncBooleanEET_RKN4Napi3EnvEmmb
FN:859,_ZN9Disruptor17ProduceCommitSyncIN4Napi7BooleanEEET_RKNS1_3EnvEmmb
FN:876,_ZN9Disruptor13UpdateSeqNextEmm
FN:882,_ZN9Disruptor10GetSeqNextERKN4Napi12CallbackInfoERmS4_
FN:898,_ZN9Disruptor17ProduceCommitSyncERKN4Napi12CallbackInfoE
FN:905,_ZN24ProduceCommitAsyncWorkerD0Ev
FN:905,_ZN24ProduceCommitAsyncWorkerD2Ev
FN:909,_ZN24ProduceCommitAsyncWorkerC2EP9DisruptorRKN4Napi8FunctionEmm
FN:921,_ZN24ProduceCommitAsyncWorker7ExecuteEv
FN:928,_ZN24ProduceCommitAsyncWorker5RetryEv
FN:937,_ZN9Disruptor18ProduceCommitAsyncERKN4Napi12CallbackInfoEmmj
FN:946,_ZN9Disruptor18ProduceCommitAsyncERKN4Napi12CallbackInfoE
FN:953,_ZN9Disruptor13ProduceCommitERKN4Napi12CallbackInfoE
FN:968,_ZN9Disruptor12GetConsumersERKN4Napi12CallbackInfoE
FN:973,_ZN9Disruptor9GetCursorERKN4Napi12CallbackInfoE
FN:978,_ZN9Disruptor7GetNextERKN4Napi12CallbackInfoE
FN:983,_ZN9Disruptor11GetElementsERKN4Napi12CallbackInfoE
FN:988,_ZN9Disruptor11GetConsumerERKN4Napi12CallbackInfoE
FN:993,_ZN9Disruptor21GetPendingSeqConsumerERKN4Napi12CallbackInfoE
FN:998,_ZN9Disruptor19GetPendingSeqCursorERKN4Napi12CallbackInfoE
FN:1003,_ZN9Disruptor17GetPendingSeqNextERKN4Napi12CallbackInfoE
FN:1008,_ZN9Disruptor18GetPendingSeqNextNERKN4Napi12CallbackInfoE
FN:1013,_ZN9Disruptor10InitializeEN4Napi3EnvENS0_6ObjectE
FN:1046,_Z10InitializeN4Napi3EnvENS_6ObjectES1_
FN:1051,_Z17__napi_InitializeP10napi_env__P12napi_value__S2_Pv
FN:1051,_register_disruptor
FNDA:3393341,_ZN9Disruptor4SpinEv
FNDA:1,_Z12NullCallbackRKN4Napi12CallbackInfoE
FNDA:322089,_Z11GetCallbackRKN4Napi12CallbackInfoEj
FNDA:605018,_ZN11AsyncBufferIhEC2Ev
FNDA:275231,_ZN11AsyncBufferIhE3NewEN4Napi3EnvEPhm
FNDA:329804,_ZN11AsyncBufferIhE3NewEN4Napi3EnvEm
FNDA:275261,_ZN11AsyncBufferIhE7ToValueEN4Napi3EnvE
FNDA:330609,_ZN11AsyncBufferIhE6LengthEv
FNDA:605002,_ZN11AsyncBufferIhEC2EPhm
FNDA:1107636,_ZN10AsyncArrayI11AsyncBufferIhEEaSEOS2_
FNDA:2196502,_ZN10AsyncArrayI11AsyncBufferIhEED2Ev
FNDA:2207927,_ZN10AsyncArrayI11AsyncBufferIhEEC2Ev
FNDA:1107702,_ZN10AsyncArrayI11AsyncBufferIhEE3NewEN4Napi3EnvE
FNDA:274407,_ZN10AsyncArrayI11AsyncBufferIhEE3SetEjS1_
FNDA:274455,_ZN10AsyncArrayI11AsyncBufferIhEE7ToValueEN4Napi3EnvE
FNDA:1107683,_ZN10AsyncArrayI11AsyncBufferIhEE6LengthEv
FNDA:1955006,_ZN12AsyncBooleanC2Ev
FNDA:1954924,_ZN12AsyncBoolean3NewEN4Napi3EnvEb
FNDA:46821,_ZN12AsyncBoolean7ToValueEN4Napi3EnvE
FNDA:1954871,_ZNK12AsyncBooleancvbEv
FNDA:1954901,_ZN12AsyncBooleanC2Eb
FNDA:276096,_Z7ToValueRKN4Napi3EnvEm
FNDA:368082,_Z7ToValueRKN4Napi3EnvERK14AsyncUndefined
FNDA:0,_ZN20DisruptorAsyncWorkerI12AsyncBoolean14AsyncUndefinedS1_ED0Ev
FNDA:1955006,_ZN20DisruptorAsyncWorkerI12AsyncBoolean14AsyncUndefinedS1_ED2Ev
FNDA:0,_ZN20DisruptorAsyncWorkerI10AsyncArrayI11AsyncBufferIhEEmmED0Ev
FNDA:276785,_ZN20DisruptorAsyncWorkerI10AsyncArrayI11AsyncBufferIhEEmmED2Ev
FNDA:0,_ZN20DisruptorAsyncWorkerI11AsyncBufferIhEmmED0Ev
FNDA:330609,_ZN20DisruptorAsyncWorkerI11AsyncBufferIhEmmED2Ev
FNDA:0,_ZN20DisruptorAsyncWorkerI10AsyncArrayI11AsyncBufferIhEEm14AsyncUndefinedED0Ev
FNDA:830941,_ZN20DisruptorAsyncWorkerI10AsyncArrayI11AsyncBufferIhEEm14AsyncUndefinedED2Ev
FNDA:1955006,_ZN20DisruptorAsyncWorkerI12AsyncBoolean14AsyncUndefinedS1_EC2EP9DisruptorRKN4Napi8FunctionE
FNDA:276785,_ZN20DisruptorAsyncWorkerI10AsyncArrayI11AsyncBufferIhEEmmEC2EP9DisruptorRKN4Napi8FunctionE
FNDA:330609,_ZN20DisruptorAsyncWorkerI11AsyncBufferIhEmmEC2EP9DisruptorRKN4Napi8FunctionE
FNDA:830941,_ZN20DisruptorAsyncWorkerI10AsyncArrayI11AsyncBufferIhEEm14AsyncUndefinedEC2EP9DisruptorRKN4Napi8FunctionE
FNDA:830941,_ZN20DisruptorAsyncWorkerI10AsyncArrayI11AsyncBufferIhEEm14AsyncUndefinedE4OnOKEv
FNDA:330609,_ZN20DisruptorAsyncWorkerI11AsyncBufferIhEmmE4OnOKEv
FNDA:276785,_ZN20DisruptorAsyncWorkerI10AsyncArrayI11AsyncBufferIhEEmmE4OnOKEv
FNDA:1955006,_ZN20DisruptorAsyncWorkerI12AsyncBoolean14AsyncUndefinedS1_E4OnOKEv
FNDA:3389,_ZN7CloseFDclEPi
FNDA:3,_Z15ThrowErrnoErrorRKN4Napi12CallbackInfoEPKc
FNDA:3389,_ZN9DisruptorC2ERKN4Napi12CallbackInfoE
FNDA:2934,_ZN9DisruptorD2Ev
FNDA:6068,_ZN9Disruptor7ReleaseEv
FNDA:3134,_ZN9Disruptor7ReleaseERKN4Napi12CallbackInfoE
FNDA:830932,_ZN9Disruptor14ConsumeNewSyncI10AsyncArrayI11AsyncBufferIhEES2_EET_RKN4Napi3EnvEbRm
FNDA:630666,_ZN9Disruptor14ConsumeNewSyncIN4Napi5ArrayENS1_6BufferEEET_RKNS1_3EnvEbRm
FNDA:83009,_ZN9Disruptor14ConsumeNewSyncERKN4Napi12CallbackInfoE
FNDA:830941,_ZN21ConsumeNewAsyncWorkerD0Ev
FNDA:830941,_ZN21ConsumeNewAsyncWorkerD2Ev
FNDA:830941,_ZN21ConsumeNewAsyncWorkerC2EP9DisruptorRKN4Napi8FunctionE
FNDA:830938,_ZN21ConsumeNewAsyncWorker7ExecuteEv
FNDA:556501,_ZN21ConsumeNewAsyncWorker5RetryEv
FNDA:274440,_ZN9Disruptor15ConsumeNewAsyncERKN4Napi12CallbackInfoE
FNDA:547657,_ZN9Disruptor10ConsumeNewERKN4Napi12CallbackInfoE
FNDA:630668,_ZN9Disruptor13ConsumeCommitERKN4Napi12CallbackInfoE
FNDA:630645,_ZN9Disruptor13UpdatePendingEmm
FNDA:2092266,_ZN9Disruptor13ConsumeCommitEv
FNDA:330609,_ZN9Disruptor16ProduceClaimSyncI11AsyncBufferEET_IhERKN4Napi3EnvEbRmS8_
FNDA:286070,_ZN9Disruptor16ProduceClaimSyncIN4Napi6BufferEEET_IhERKNS1_3EnvEbRmS8_
FNDA:234181,_ZN9Disruptor16ProduceClaimSyncERKN4Napi12CallbackInfoE
FNDA:330609,_ZN23ProduceClaimAsyncWorkerD0Ev
FNDA:330609,_ZN23ProduceClaimAsyncWorkerD2Ev
FNDA:330609,_ZN23ProduceClaimAsyncWorkerC2EP9DisruptorRKN4Napi8FunctionE
FNDA:330609,_ZN23ProduceClaimAsyncWorker7ExecuteEv
FNDA:329796,_ZN23ProduceClaimAsyncWorker5RetryEv
FNDA:813,_ZN9Disruptor17ProduceClaimAsyncERKN4Napi12CallbackInfoE
FNDA:51889,_ZN9Disruptor12ProduceClaimERKN4Napi12CallbackInfoE
FNDA:9,_ZN9Disruptor17ProduceGetBuffersI10AsyncArrayI11AsyncBufferIhEES2_EEvRKN4Napi3EnvEmmRT_
FNDA:32,_ZN9Disruptor17ProduceGetBuffersIN4Napi5ArrayENS1_6BufferEEEvRKNS1_3EnvEmmRT_
FNDA:276785,_ZN9Disruptor20ProduceClaimManySyncI10AsyncArrayI11AsyncBufferIhEES2_EET_RKN4Napi3EnvEjbRmSA_
FNDA:24,_ZN9Disruptor20ProduceClaimManySyncIN4Napi5ArrayENS1_6BufferEEET_RKNS1_3EnvEjbRmS8_
FNDA:11,_ZN9Disruptor20ProduceClaimManySyncERKN4Napi12CallbackInfoE
FNDA:276785,_ZN27ProduceClaimManyAsyncWorkerD0Ev
FNDA:276785,_ZN27ProduceClaimManyAsyncWorkerD2Ev
FNDA:276785,_ZN27ProduceClaimManyAsyncWorkerC2EP9DisruptorRKN4Napi8FunctionEj
FNDA:276785,_ZN27ProduceClaimManyAsyncWorker7ExecuteEv
FNDA:276770,_ZN27ProduceClaimManyAsyncWorker5RetryEv
FNDA:15,_ZN9Disruptor21ProduceClaimManyAsyncERKN4Napi12CallbackInfoEj
FNDA:11,_ZN9Disruptor21ProduceClaimManyAsyncERKN4Napi12CallbackInfoE
FNDA:13,_ZN9Disruptor16ProduceClaimManyERKN4Napi12CallbackInfoE
FNDA:57,_ZN9Disruptor14ProduceRecoverERKN4Napi12CallbackInfoE
FNDA:1954915,_ZN9Disruptor17ProduceCommitSyncI12AsyncBooleanEET_RKN4Napi3EnvEmmb
FNDA:286072,_ZN9Disruptor17ProduceCommitSyncIN4Napi7BooleanEEET_RKNS1_3EnvEmmb
FNDA:286907,_ZN9Disruptor13UpdateSeqNextEmm
FNDA:286881,_ZN9Disruptor10GetSeqNextERKN4Napi12CallbackInfoERmS4_
FNDA:234182,_ZN9Disruptor17ProduceCommitSyncERKN4Napi12CallbackInfoE
FNDA:1955006,_ZN24ProduceCommitAsyncWorkerD0Ev
FNDA:1955006,_ZN24ProduceCommitAsyncWorkerD2Ev
FNDA:1955006,_ZN24ProduceCommitAsyncWorkerC2EP9DisruptorRKN4Napi8FunctionEmm
FNDA:1954360,_ZN24ProduceCommitAsyncWorker7ExecuteEv
FNDA:1908185,_ZN24ProduceCommitAsyncWorker5RetryEv
FNDA:46821,_ZN9Disruptor18ProduceCommitAsyncERKN4Napi12CallbackInfoEmmj
FNDA:809,_ZN9Disruptor18ProduceCommitAsyncERKN4Napi12CallbackInfoE
FNDA:51890,_ZN9Disruptor13ProduceCommitERKN4Napi12CallbackInfoE
FNDA:9,_ZN9Disruptor12GetConsumersERKN4Napi12CallbackInfoE
FNDA:144,_ZN9Disruptor9GetCursorERKN4Napi12CallbackInfoE
FNDA:144,_ZN9Disruptor7GetNextERKN4Napi12CallbackInfoE
FNDA:1167,_ZN9Disruptor11GetElementsERKN4Napi12CallbackInfoE
FNDA:144,_ZN9Disruptor11GetConsumerERKN4Napi12CallbackInfoE
FNDA:547723,_ZN9Disruptor21GetPendingSeqConsumerERKN4Napi12CallbackInfoE
FNDA:54,_ZN9Disruptor19GetPendingSeqCursorERKN4Napi12CallbackInfoE
FNDA:52742,_ZN9Disruptor17GetPendingSeqNextERKN4Napi12CallbackInfoE
FNDA:52742,_ZN9Disruptor18GetPendingSeqNextNERKN4Napi12CallbackInfoE
FNDA:253,_ZN9Disruptor10InitializeEN4Napi3EnvENS0_6ObjectE
FNDA:253,_Z10InitializeN4Napi3EnvENS_6ObjectES1_
FNDA:253,_register_disruptor
FNDA:253,_Z17__napi_InitializeP10napi_env__P12napi_value__S2_Pv
FNF:108
FNH:104
DA:47,3393341
DA:49,3393341
DA:138,1
DA:140,1
DA:142,322089
DA:144,322089
DA:146,322089
DA:147,322089
DA:149,322088
DA:153,1
DA:160,605018
DA:162,605018
DA:164,605018
DA:166,275231
DA:168,275231
DA:171,329804
DA:173,329804
DA:176,275261
DA:178,275261
DA:180,275261
DA:182,275253
DA:186,8
DA:189,275261
DA:192,330609
DA:194,330609
DA:198,605002
DA:200,605002
DA:202,605002
DA:209,3304138
DA:212,2207927
DA:213,2207927
DA:215,2212503
DA:217,1107702
DA:219,1107702
DA:222,274407
DA:224,274407
DA:226,274430
DA:229,274419
DA:230,274440
DA:232,274455
DA:234,274455
DA:235,274455
DA:236,548903
DA:238,274448
DA:240,274455
DA:243,1107683
DA:245,1107683
DA:255,1955006
DA:256,1955006
DA:258,1955006
DA:260,1954924
DA:262,1954924
DA:265,46821
DA:267,46821
DA:270,1954871
DA:272,1954871
DA:276,1954901
DA:277,1954901
DA:279,1954901
DA:288,276096
DA:290,276096
DA:293,368082
DA:295,368082
DA:299,3393341
DA:302,3393341
DA:307,3393341
DA:309,3393341
DA:314,3393341
DA:316,3393341
DA:318,3071252
DA:321,322089
DA:323,1610445
DA:324,322089
DA:327,644178
DA:329,644178
DA:330,644178
DA:347,3389
DA:349,3389
DA:350,3389
DA:351,3389
DA:354,3
DA:356,3
DA:357,3
DA:358,3
DA:361,6
DA:362,9
DA:365,3389
DA:367,3392
DA:370,3389
DA:371,3389
DA:372,3389
DA:373,3389
DA:374,3389
DA:375,3389
DA:376,3389
DA:380,6778
DA:382,6778
DA:383,3389
DA:385,3
DA:392,6772
DA:393,3386
DA:397,3386
DA:403,3386
DA:406,3386
DA:408,3386
DA:414,3386
DA:415,3386
DA:416,3386
DA:417,3386
DA:418,3386
DA:420,3386
DA:421,3386
DA:423,3386
DA:424,3386
DA:425,3386
DA:427,5868
DA:429,2934
DA:430,2934
DA:432,6068
DA:434,6068
DA:436,3134
DA:438,3134
DA:443,3134
DA:446,6068
DA:449,3134
DA:451,3134
DA:455,3134
DA:458,1461598
DA:465,1461598
DA:467,1461600
DA:468,1461600
DA:470,430611663
DA:472,431242322
DA:473,431242322
DA:474,431242322
DA:475,431242322
DA:477,431242322
DA:479,1260216
DA:481,630108
DA:482,630108
DA:484,630102
DA:485,630082
DA:486,630082
DA:489,430612214
DA:491,1102
DA:493,551
DA:494,551
DA:496,551
DA:498,419
DA:501,419
DA:504,551
DA:505,551
DA:506,551
DA:511,1461555
DA:514,83009
DA:517,83009
DA:520,1661882
DA:526,830941
DA:527,830941
DA:531,830941
DA:533,830941
DA:534,830941
DA:537,830938
DA:540,830938
DA:541,830921
DA:542,830931
DA:544,556501
DA:546,556501
DA:547,556501
DA:550,274440
DA:552,274440
DA:553,274440
DA:555,547657
DA:559,547657
DA:561,547657
DA:563,273229
DA:566,274428
DA:567,274428
DA:570,630668
DA:572,630668
DA:575,630645
DA:577,630645
DA:578,630645
DA:579,630645
DA:581,2092266
DA:583,2092266
DA:585,2092266
DA:587,630671
DA:589,630671
DA:590,630671
DA:593,2092266
DA:597,33935809
DA:602,33648943
DA:604,33935809
DA:606,33935809
DA:608,44388365
DA:610,44087125
DA:612,44087125
DA:614,33634569
DA:615,33634569
DA:619,34237049
DA:620,301240
DA:622,573732
DA:624,286866
DA:625,573732
DA:627,286866
DA:628,286866
DA:629,286866
DA:631,286866
DA:636,329813
DA:637,329813
DA:638,329813
DA:641,234181
DA:644,468362
DA:645,702543
DA:648,661218
DA:652,330609
DA:653,330609
DA:655,330609
DA:657,330609
DA:658,330609
DA:659,330609
DA:662,330609
DA:665,330609
DA:666,661218
DA:667,330609
DA:668,330609
DA:670,329796
DA:672,329796
DA:673,329796
DA:676,813
DA:678,813
DA:679,813
DA:681,51889
DA:685,51889
DA:686,51889
DA:688,51884
DA:691,5
DA:692,5
DA:696,41
DA:701,41
DA:702,41
DA:704,41
DA:706,6
DA:708,3
DA:709,3
DA:711,3
DA:714,3
DA:718,76
DA:720,38
DA:721,38
DA:724,41
DA:725,41
DA:728,276809
DA:734,276809
DA:735,276809
DA:736,276809
DA:738,276783
DA:740,276809
DA:741,276809
DA:743,276809
DA:745,276835
DA:747,276809
DA:749,276809
DA:751,276783
DA:752,276783
DA:756,276835
DA:757,26
DA:759,26
DA:760,26
DA:761,26
DA:762,26
DA:767,276809
DA:770,11
DA:773,22
DA:774,33
DA:777,553570
DA:783,276785
DA:785,276785
DA:790,276785
DA:792,276785
DA:793,276785
DA:794,276785
DA:797,276785
DA:800,830355
DA:801,830355
DA:802,276785
DA:803,276785
DA:805,276770
DA:807,276770
DA:808,276770
DA:814,15
DA:817,15
DA:818,15
DA:820,11
DA:822,11
DA:823,11
DA:825,13
DA:827,13
DA:830,13
DA:831,13
DA:833,9
DA:836,4
DA:837,4
DA:840,57
DA:842,57
DA:843,57
DA:845,57
DA:847,105
DA:848,87
DA:849,30
DA:852,15
DA:855,57
DA:859,621527519
DA:864,621240641
DA:866,621527519
DA:868,286878
DA:873,1954109
DA:876,286907
DA:878,286907
DA:879,286907
DA:880,286907
DA:882,286881
DA:886,286881
DA:888,5
DA:889,5
DA:890,5
DA:893,286876
DA:894,286876
DA:895,286876
DA:898,234182
DA:901,234182
DA:902,234182
DA:905,3910012
DA:909,1955006
DA:912,1955006
DA:916,1955006
DA:918,1955006
DA:921,1954360
DA:924,1954360
DA:925,1954876
DA:926,1954876
DA:928,1908185
DA:930,1908185
DA:931,1908185
DA:937,46821
DA:943,46821
DA:944,46821
DA:946,809
DA:949,809
DA:950,809
DA:951,809
DA:953,51890
DA:956,51890
DA:958,51890
DA:959,51890
DA:961,5878
DA:964,46012
DA:965,46012
DA:968,9
DA:970,9
DA:973,144
DA:975,144
DA:978,144
DA:980,144
DA:983,1167
DA:985,1167
DA:988,144
DA:990,144
DA:993,547723
DA:995,547723
DA:998,54
DA:1000,54
DA:1003,52742
DA:1005,52742
DA:1008,52742
DA:1010,52742
DA:1013,253
DA:1015,506
DA:1017,253
DA:1018,253
DA:1019,253
DA:1020,253
DA:1021,253
DA:1022,253
DA:1023,253
DA:1024,253
DA:1025,253
DA:1026,253
DA:1027,253
DA:1028,253
DA:1029,253
DA:1030,253
DA:1033,253
DA:1034,253
DA:1035,253
DA:1036,253
DA:1037,253
DA:1038,253
DA:1039,253
DA:1040,253
DA:1041,253
DA:1042,253
DA:1043,6578
DA:1044,253
DA:1046,253
DA:1048,253
DA:1049,253
DA:1051,506
LF:409
LH:409
end_of_record
