TN:
SF:/usr/include/c++/9/initializer_list
FN:71,_ZNKSt16initializer_listIN4Napi23ClassPropertyDescriptorI9DisruptorEEE4sizeEv
FNDA:505,_ZNKSt16initializer_listIN4Napi23ClassPropertyDescriptorI9DisruptorEEE4sizeEv
FN:71,_ZNKSt16initializer_listIP12napi_value__E4sizeEv
FNDA:1604280,_ZNKSt16initializer_listIP12napi_value__E4sizeEv
FN:75,_ZNKSt16initializer_listIN4Napi23ClassPropertyDescriptorI9DisruptorEEE5beginEv
FNDA:505,_ZNKSt16initializer_listIN4Napi23ClassPropertyDescriptorI9DisruptorEEE5beginEv
FN:75,_ZNKSt16initializer_listIP12napi_value__E5beginEv
FNDA:1604280,_ZNKSt16initializer_listIP12napi_value__E5beginEv
DA:71,505
DA:71,1604280
DA:75,505
DA:75,1604280
end_of_record
SF:/usr/include/c++/9/bits/exception.h
FN:63,_ZNSt9exceptionC2Ev
FNDA:4,_ZNSt9exceptionC2Ev
DA:63,4
end_of_record
SF:/home/david/shared-memory-disruptor/src/disruptor.cc
FN:52,_ZN9Disruptor4SpinEv
FNDA:2316530,_ZN9Disruptor4SpinEv
FN:160,_Z11GetCallbackRKN4Napi12CallbackInfoEj
FNDA:411062,_Z11GetCallbackRKN4Napi12CallbackInfoEj
FN:179,_ZN10SyncBuffer3NewEN4Napi3EnvEP9Disruptormm
FNDA:1185800,_ZN10SyncBuffer3NewEN4Napi3EnvEP9Disruptormm
FN:198,_ZN11AsyncBufferC2Ev
FNDA:435749,_ZN11AsyncBufferC2Ev
FN:202,_ZN11AsyncBuffer3NewEN4Napi3EnvEP9Disruptormm
FNDA:435749,_ZN11AsyncBuffer3NewEN4Napi3EnvEP9Disruptormm
FN:207,_ZN11AsyncBuffer7ToValueEN4Napi3EnvEP9Disruptor
FNDA:263635,_ZN11AsyncBuffer7ToValueEN4Napi3EnvEP9Disruptor
FN:212,_ZN11AsyncBuffer6LengthEv
FNDA:177079,_ZN11AsyncBuffer6LengthEv
FN:218,_ZN11AsyncBufferC2Emmj
FNDA:871498,_ZN11AsyncBufferC2Emmj
FN:234,_ZN10AsyncArrayI11AsyncBufferEC2Ev
FNDA:2463920,_ZN10AsyncArrayI11AsyncBufferEC2Ev
FN:239,_ZN10AsyncArrayI11AsyncBufferE3NewEN4Napi3EnvE
FNDA:1231960,_ZN10AsyncArrayI11AsyncBufferE3NewEN4Napi3EnvE
FN:244,_ZN10AsyncArrayI11AsyncBufferE3SetEjOS0_
FNDA:258670,_ZN10AsyncArrayI11AsyncBufferE3SetEjOS0_
FN:254,_ZN10AsyncArrayI11AsyncBufferE7ToValueEN4Napi3EnvEP9Disruptor
FNDA:258450,_ZN10AsyncArrayI11AsyncBufferE7ToValueEN4Napi3EnvEP9Disruptor
FN:265,_ZN10AsyncArrayI11AsyncBufferE6LengthEv
FNDA:1231960,_ZN10AsyncArrayI11AsyncBufferE6LengthEv
FN:277,_ZN12AsyncBooleanC2Ev
FNDA:907490,_ZN12AsyncBooleanC2Ev
FN:282,_ZN12AsyncBoolean3NewEN4Napi3EnvEb
FNDA:907490,_ZN12AsyncBoolean3NewEN4Napi3EnvEb
FN:287,_ZN12AsyncBoolean7ToValueEN4Napi3EnvEP9Disruptor
FNDA:147647,_ZN12AsyncBoolean7ToValueEN4Napi3EnvEP9Disruptor
FN:292,_ZNK12AsyncBooleancvbEv
FNDA:907490,_ZNK12AsyncBooleancvbEv
FN:298,_ZN12AsyncBooleanC2Eb
FNDA:907490,_ZN12AsyncBooleanC2Eb
FN:310,_Z7ToValueRKN4Napi3EnvEm
FNDA:268398,_Z7ToValueRKN4Napi3EnvEm
FN:315,_Z7ToValueRKN4Napi3EnvERK14AsyncUndefined
FNDA:553726,_Z7ToValueRKN4Napi3EnvERK14AsyncUndefined
FN:324,_ZN20DisruptorAsyncWorkerI12AsyncBoolean14AsyncUndefinedS1_EC2EP9DisruptorRKN4Napi8FunctionE
FNDA:907490,_ZN20DisruptorAsyncWorkerI12AsyncBoolean14AsyncUndefinedS1_EC2EP9DisruptorRKN4Napi8FunctionE
FN:324,_ZN20DisruptorAsyncWorkerI10AsyncArrayI11AsyncBufferEmmEC2EP9DisruptorRKN4Napi8FunctionE
FNDA:143627,_ZN20DisruptorAsyncWorkerI10AsyncArrayI11AsyncBufferEmmEC2EP9DisruptorRKN4Napi8FunctionE
FN:324,_ZN20DisruptorAsyncWorkerI11AsyncBuffermmEC2EP9DisruptorRKN4Napi8FunctionE
FNDA:177079,_ZN20DisruptorAsyncWorkerI11AsyncBuffermmEC2EP9DisruptorRKN4Napi8FunctionE
FN:324,_ZN20DisruptorAsyncWorkerI10AsyncArrayI11AsyncBufferEm14AsyncUndefinedEC2EP9DisruptorRKN4Napi8FunctionE
FNDA:1088330,_ZN20DisruptorAsyncWorkerI10AsyncArrayI11AsyncBufferEm14AsyncUndefinedEC2EP9DisruptorRKN4Napi8FunctionE
FN:336,_ZN20DisruptorAsyncWorkerI10AsyncArrayI11AsyncBufferEm14AsyncUndefinedE4OnOKEv
FNDA:1088330,_ZN20DisruptorAsyncWorkerI10AsyncArrayI11AsyncBufferEm14AsyncUndefinedE4OnOKEv
FN:336,_ZN20DisruptorAsyncWorkerI11AsyncBuffermmE4OnOKEv
FNDA:177079,_ZN20DisruptorAsyncWorkerI11AsyncBuffermmE4OnOKEv
FN:336,_ZN20DisruptorAsyncWorkerI10AsyncArrayI11AsyncBufferEmmE4OnOKEv
FNDA:143627,_ZN20DisruptorAsyncWorkerI10AsyncArrayI11AsyncBufferEmmE4OnOKEv
FN:336,_ZN20DisruptorAsyncWorkerI12AsyncBoolean14AsyncUndefinedS1_E4OnOKEv
FNDA:907490,_ZN20DisruptorAsyncWorkerI12AsyncBoolean14AsyncUndefinedS1_E4OnOKEv
FN:369,_ZN7CloseFDclEPi
FNDA:3712,_ZN7CloseFDclEPi
FN:376,_ZN9Disruptor15ThrowErrnoErrorERKN4Napi12CallbackInfoEPKc
FNDA:4,_ZN9Disruptor15ThrowErrnoErrorERKN4Napi12CallbackInfoEPKc
FN:395,_ZN9DisruptorC2ERKN4Napi12CallbackInfoE
FNDA:3716,_ZN9DisruptorC2ERKN4Napi12CallbackInfoE
FN:540,_ZZN9DisruptorC4ERKN4Napi12CallbackInfoEENKUlNS0_3EnvEPhE_clES4_S5_
FNDA:3612,_ZZN9DisruptorC4ERKN4Napi12CallbackInfoEENKUlNS0_3EnvEPhE_clES4_S5_
FN:567,_ZN9DisruptorD2Ev
FNDA:3612,_ZN9DisruptorD2Ev
FN:567,_ZN9DisruptorD0Ev
FNDA:3612,_ZN9DisruptorD0Ev
FN:572,_ZN9Disruptor7ReleaseEv
FNDA:6820,_ZN9Disruptor7ReleaseEv
FN:594,_ZN9Disruptor7ReleaseERKN4Napi12CallbackInfoE
FNDA:3208,_ZN9Disruptor7ReleaseERKN4Napi12CallbackInfoE
FN:603,_ZN9Disruptor14ConsumeNewSyncIN4Napi5ArrayE10SyncBufferEET_RKNS1_3EnvEbRm
FNDA:659902,_ZN9Disruptor14ConsumeNewSyncIN4Napi5ArrayE10SyncBufferEET_RKNS1_3EnvEbRm
FN:603,_ZN9Disruptor14ConsumeNewSyncI10AsyncArrayI11AsyncBufferES2_EET_RKN4Napi3EnvEbRm
FNDA:1088330,_ZN9Disruptor14ConsumeNewSyncI10AsyncArrayI11AsyncBufferES2_EET_RKN4Napi3EnvEbRm
FN:647,_ZN9Disruptor14ConsumeNewSyncERKN4Napi12CallbackInfoE
FNDA:12,_ZN9Disruptor14ConsumeNewSyncERKN4Napi12CallbackInfoE
FN:659,_ZN21ConsumeNewAsyncWorkerC2EP9DisruptorRKN4Napi8FunctionE
FNDA:1088330,_ZN21ConsumeNewAsyncWorkerC2EP9DisruptorRKN4Napi8FunctionE
FN:670,_ZN21ConsumeNewAsyncWorker7ExecuteEv
FNDA:1088330,_ZN21ConsumeNewAsyncWorker7ExecuteEv
FN:677,_ZN21ConsumeNewAsyncWorker5RetryEv
FNDA:829901,_ZN21ConsumeNewAsyncWorker5RetryEv
FN:683,_ZN9Disruptor15ConsumeNewAsyncERKN4Napi12CallbackInfoE
FNDA:258432,_ZN9Disruptor15ConsumeNewAsyncERKN4Napi12CallbackInfoE
FN:688,_ZN9Disruptor10ConsumeNewERKN4Napi12CallbackInfoE
FNDA:659890,_ZN9Disruptor10ConsumeNewERKN4Napi12CallbackInfoE
FN:703,_ZN9Disruptor13ConsumeCommitERKN4Napi12CallbackInfoE
FNDA:659905,_ZN9Disruptor13ConsumeCommitERKN4Napi12CallbackInfoE
FN:708,_ZN9Disruptor13UpdatePendingEmm
FNDA:659906,_ZN9Disruptor13UpdatePendingEmm
FN:714,_ZN9Disruptor13ConsumeCommitEv
FNDA:2408140,_ZN9Disruptor13ConsumeCommitEv
FN:730,_ZN9Disruptor16ProduceClaimSyncI10SyncBufferEENT_6BufferERKN4Napi3EnvEbRmS8_
FNDA:520248,_ZN9Disruptor16ProduceClaimSyncI10SyncBufferEENT_6BufferERKN4Napi3EnvEbRmS8_
FN:730,_ZN9Disruptor16ProduceClaimSyncI11AsyncBufferEENT_6BufferERKN4Napi3EnvEbRmS8_
FNDA:177079,_ZN9Disruptor16ProduceClaimSyncI11AsyncBufferEENT_6BufferERKN4Napi3EnvEbRmS8_
FN:771,_ZN9Disruptor16ProduceClaimSyncERKN4Napi12CallbackInfoE
FNDA:807,_ZN9Disruptor16ProduceClaimSyncERKN4Napi12CallbackInfoE
FN:781,_ZN23ProduceClaimAsyncWorkerC2EP9DisruptorRKN4Napi8FunctionE
FNDA:177079,_ZN23ProduceClaimAsyncWorkerC2EP9DisruptorRKN4Napi8FunctionE
FN:791,_ZN23ProduceClaimAsyncWorker7ExecuteEv
FNDA:177079,_ZN23ProduceClaimAsyncWorker7ExecuteEv
FN:799,_ZN23ProduceClaimAsyncWorker5RetryEv
FNDA:172114,_ZN23ProduceClaimAsyncWorker5RetryEv
FN:805,_ZN9Disruptor17ProduceClaimAsyncERKN4Napi12CallbackInfoE
FNDA:4965,_ZN9Disruptor17ProduceClaimAsyncERKN4Napi12CallbackInfoE
FN:810,_ZN9Disruptor12ProduceClaimERKN4Napi12CallbackInfoE
FNDA:519441,_ZN9Disruptor12ProduceClaimERKN4Napi12CallbackInfoE
FN:825,_ZN9Disruptor17ProduceGetBuffersI10AsyncArrayI11AsyncBufferES2_EEvRKN4Napi3EnvEmmRT_
FNDA:9,_ZN9Disruptor17ProduceGetBuffersI10AsyncArrayI11AsyncBufferES2_EEvRKN4Napi3EnvEmmRT_
FN:825,_ZN9Disruptor17ProduceGetBuffersIN4Napi5ArrayE10SyncBufferEEvRKNS1_3EnvEmmRT_
FNDA:45,_ZN9Disruptor17ProduceGetBuffersIN4Napi5ArrayE10SyncBufferEEvRKNS1_3EnvEmmRT_
FN:847,_ZN9Disruptor20ProduceClaimManySyncIN4Napi5ArrayE10SyncBufferEET_RKNS1_3EnvEjbRmS8_
FNDA:35,_ZN9Disruptor20ProduceClaimManySyncIN4Napi5ArrayE10SyncBufferEET_RKNS1_3EnvEjbRmS8_
FN:847,_ZN9Disruptor20ProduceClaimManySyncI10AsyncArrayI11AsyncBufferES2_EET_RKN4Napi3EnvEjbRmS9_
FNDA:143627,_ZN9Disruptor20ProduceClaimManySyncI10AsyncArrayI11AsyncBufferES2_EET_RKN4Napi3EnvEjbRmS9_
FN:889,_ZN9Disruptor20ProduceClaimManySyncERKN4Napi12CallbackInfoE
FNDA:11,_ZN9Disruptor20ProduceClaimManySyncERKN4Napi12CallbackInfoE
FN:902,_ZN27ProduceClaimManyAsyncWorkerC2EP9DisruptorRKN4Napi8FunctionEj
FNDA:143627,_ZN27ProduceClaimManyAsyncWorkerC2EP9DisruptorRKN4Napi8FunctionEj
FN:916,_ZN27ProduceClaimManyAsyncWorker7ExecuteEv
FNDA:143627,_ZN27ProduceClaimManyAsyncWorker7ExecuteEv
FN:924,_ZN27ProduceClaimManyAsyncWorker5RetryEv
FNDA:143609,_ZN27ProduceClaimManyAsyncWorker5RetryEv
FN:933,_ZN9Disruptor21ProduceClaimManyAsyncERKN4Napi12CallbackInfoEj
FNDA:18,_ZN9Disruptor21ProduceClaimManyAsyncERKN4Napi12CallbackInfoEj
FN:939,_ZN9Disruptor21ProduceClaimManyAsyncERKN4Napi12CallbackInfoE
FNDA:11,_ZN9Disruptor21ProduceClaimManyAsyncERKN4Napi12CallbackInfoE
FN:944,_ZN9Disruptor16ProduceClaimManyERKN4Napi12CallbackInfoE
FNDA:24,_ZN9Disruptor16ProduceClaimManyERKN4Napi12CallbackInfoE
FN:959,_ZN9Disruptor14ProduceRecoverERKN4Napi12CallbackInfoE
FNDA:76,_ZN9Disruptor14ProduceRecoverERKN4Napi12CallbackInfoE
FN:978,_ZN9Disruptor17ProduceCommitSyncI12AsyncBooleanEET_RKN4Napi3EnvEmmb
FNDA:907490,_ZN9Disruptor17ProduceCommitSyncI12AsyncBooleanEET_RKN4Napi3EnvEmmb
FN:978,_ZN9Disruptor17ProduceCommitSyncIN4Napi7BooleanEEET_RKNS1_3EnvEmmb
FNDA:520257,_ZN9Disruptor17ProduceCommitSyncIN4Napi7BooleanEEET_RKNS1_3EnvEmmb
FN:998,_ZN9Disruptor13UpdateSeqNextEmm
FNDA:841009,_ZN9Disruptor13UpdateSeqNextEmm
FN:1004,_ZN9Disruptor10GetSeqNextERKN4Napi12CallbackInfoERmS4_
FNDA:521067,_ZN9Disruptor10GetSeqNextERKN4Napi12CallbackInfoERmS4_
FN:1020,_ZN9Disruptor17ProduceCommitSyncERKN4Napi12CallbackInfoE
FNDA:810,_ZN9Disruptor17ProduceCommitSyncERKN4Napi12CallbackInfoE
FN:1031,_ZN24ProduceCommitAsyncWorkerC2EP9DisruptorRKN4Napi8FunctionEmm
FNDA:907490,_ZN24ProduceCommitAsyncWorkerC2EP9DisruptorRKN4Napi8FunctionEmm
FN:1043,_ZN24ProduceCommitAsyncWorker7ExecuteEv
FNDA:907490,_ZN24ProduceCommitAsyncWorker7ExecuteEv
FN:1050,_ZN24ProduceCommitAsyncWorker5RetryEv
FNDA:759843,_ZN24ProduceCommitAsyncWorker5RetryEv
FN:1059,_ZN9Disruptor18ProduceCommitAsyncERKN4Napi12CallbackInfoEmmj
FNDA:147647,_ZN9Disruptor18ProduceCommitAsyncERKN4Napi12CallbackInfoEmmj
FN:1068,_ZN9Disruptor18ProduceCommitAsyncERKN4Napi12CallbackInfoE
FNDA:810,_ZN9Disruptor18ProduceCommitAsyncERKN4Napi12CallbackInfoE
FN:1075,_ZN9Disruptor13ProduceCommitERKN4Napi12CallbackInfoE
FNDA:519447,_ZN9Disruptor13ProduceCommitERKN4Napi12CallbackInfoE
FN:1090,_ZN9Disruptor12GetConsumersERKN4Napi12CallbackInfoE
FNDA:12,_ZN9Disruptor12GetConsumersERKN4Napi12CallbackInfoE
FN:1095,_ZN9Disruptor9GetCursorERKN4Napi12CallbackInfoE
FNDA:197,_ZN9Disruptor9GetCursorERKN4Napi12CallbackInfoE
FN:1100,_ZN9Disruptor7GetNextERKN4Napi12CallbackInfoE
FNDA:197,_ZN9Disruptor7GetNextERKN4Napi12CallbackInfoE
FN:1105,_ZN9Disruptor11GetElementsERKN4Napi12CallbackInfoE
FNDA:1556,_ZN9Disruptor11GetElementsERKN4Napi12CallbackInfoE
FN:1110,_ZN9Disruptor11GetConsumerERKN4Napi12CallbackInfoE
FNDA:197,_ZN9Disruptor11GetConsumerERKN4Napi12CallbackInfoE
FN:1115,_ZN9Disruptor21GetPendingSeqConsumerERKN4Napi12CallbackInfoE
FNDA:659974,_ZN9Disruptor21GetPendingSeqConsumerERKN4Napi12CallbackInfoE
FN:1120,_ZN9Disruptor19GetPendingSeqCursorERKN4Napi12CallbackInfoE
FNDA:72,_ZN9Disruptor19GetPendingSeqCursorERKN4Napi12CallbackInfoE
FN:1125,_ZN9Disruptor17GetPendingSeqNextERKN4Napi12CallbackInfoE
FNDA:520319,_ZN9Disruptor17GetPendingSeqNextERKN4Napi12CallbackInfoE
FN:1130,_ZN9Disruptor20GetPendingSeqNextEndERKN4Napi12CallbackInfoE
FNDA:520319,_ZN9Disruptor20GetPendingSeqNextEndERKN4Napi12CallbackInfoE
FN:1135,_ZN9Disruptor14GetElementSizeERKN4Napi12CallbackInfoE
FNDA:64,_ZN9Disruptor14GetElementSizeERKN4Napi12CallbackInfoE
FN:1140,_ZN9Disruptor10InitializeEN4Napi3EnvENS0_6ObjectE
FNDA:505,_ZN9Disruptor10InitializeEN4Napi3EnvENS0_6ObjectE
FN:1183,_Z10InitializeN4Napi3EnvENS_6ObjectE
FNDA:505,_Z10InitializeN4Napi3EnvENS_6ObjectE
FN:1188,_Z17__napi_InitializeP10napi_env__P12napi_value__
FNDA:505,_Z17__napi_InitializeP10napi_env__P12napi_value__
FN:1188,_register_disruptor
FNDA:253,_register_disruptor
DA:52,2316530
DA:54,2316530
DA:160,411062
DA:162,411062
DA:164,411062
DA:165,411062
DA:167,411062
DA:179,1185800
DA:182,1185800
DA:187,1185800
DA:188,1185800
DA:189,3557390
DA:198,435749
DA:200,435749
DA:202,435749
DA:204,435749
DA:207,263635
DA:209,263635
DA:212,177079
DA:214,177079
DA:218,871498
DA:221,871498
DA:223,871498
DA:234,2463920
DA:235,2463920
DA:237,2463920
DA:239,1231960
DA:241,1231960
DA:244,258670
DA:246,258670
DA:248,258670
DA:251,258670
DA:252,258670
DA:254,258450
DA:256,258450
DA:257,258450
DA:258,517120
DA:260,258670
DA:262,258450
DA:265,1231960
DA:267,1231960
DA:277,907490
DA:278,907490
DA:280,907490
DA:282,907490
DA:284,907490
DA:287,147647
DA:289,147647
DA:292,907490
DA:294,907490
DA:298,907490
DA:299,907490
DA:301,907490
DA:310,268398
DA:312,268398
DA:315,553726
DA:317,553726
DA:324,907490
DA:329,907490
DA:331,907490
DA:324,143627
DA:329,143627
DA:331,143627
DA:324,177079
DA:329,177079
DA:331,177079
DA:324,1088330
DA:329,1088330
DA:331,1088330
DA:336,1088330
DA:338,1088330
DA:340,829901
DA:343,258432
DA:345,1292160
DA:346,258432
DA:349,258432
DA:351,258432
DA:352,516864
DA:336,177079
DA:338,177079
DA:340,172114
DA:343,4965
DA:345,24825
DA:346,4965
DA:349,4965
DA:351,4965
DA:352,9930
DA:336,143627
DA:338,143627
DA:340,143609
DA:343,18
DA:345,90
DA:346,18
DA:349,18
DA:351,18
DA:352,36
DA:336,907490
DA:338,907490
DA:340,759843
DA:343,147647
DA:345,738235
DA:346,147647
DA:349,147647
DA:351,147647
DA:352,295294
DA:369,3712
DA:371,3712
DA:372,3712
DA:373,3712
DA:376,4
DA:379,4
DA:380,4
DA:387,4
DA:391,4
DA:392,8
DA:395,3716
DA:397,3736
DA:400,3716
DA:401,3716
DA:402,3716
DA:403,3716
DA:404,3716
DA:405,3716
DA:406,3716
DA:411,3716
DA:412,3716
DA:416,3716
DA:418,240
DA:419,240
DA:424,3716
DA:426,4
DA:429,3712
DA:435,3712
DA:436,3712
DA:440,3712
DA:446,3712
DA:449,3712
DA:451,3712
DA:456,3712
DA:457,3712
DA:458,3712
DA:459,3712
DA:460,3712
DA:462,3712
DA:463,3712
DA:465,3712
DA:466,3712
DA:508,3712
DA:509,3712
DA:510,3712
DA:511,3712
DA:513,3712
DA:514,3712
DA:515,3712
DA:518,7424
DA:520,6480
DA:521,6480
DA:522,3712
DA:524,2768
DA:525,2768
DA:529,3712
DA:540,3612
DA:541,7224
DA:542,3612
DA:543,7324
DA:546,7424
DA:547,3712
DA:550,3712
DA:552,3712
DA:553,7424
DA:555,3712
DA:556,3712
DA:557,14848
DA:559,3712
DA:560,7424
DA:562,3712
DA:563,3712
DA:564,18560
DA:565,3712
DA:567,3612
DA:570,3612
DA:567,3612
DA:569,3612
DA:570,3612
DA:572,6820
DA:574,6820
DA:575,6820
DA:576,6820
DA:577,6820
DA:579,6820
DA:581,3712
DA:583,3712
DA:588,3712
DA:591,6820
DA:594,3208
DA:596,3208
DA:600,3208
DA:603,1088330
DA:610,1088330
DA:612,829907
DA:614,1088330
DA:615,1088330
DA:616,1088330
DA:617,1088330
DA:619,1088330
DA:621,516094
DA:622,258047
DA:623,258047
DA:624,258047
DA:625,258047
DA:628,830286
DA:630,758
DA:631,379
DA:632,379
DA:634,234
DA:636,379
DA:637,379
DA:638,379
DA:643,829907
DA:644,829907
DA:603,659902
DA:610,659902
DA:612,258422
DA:614,659902
DA:615,659902
DA:616,659902
DA:617,659902
DA:619,659902
DA:621,400766
DA:622,400766
DA:623,400766
DA:624,400766
DA:625,400766
DA:628,259136
DA:630,714
DA:631,714
DA:632,714
DA:634,385
DA:636,714
DA:637,714
DA:638,714
DA:643,258422
DA:644,258422
DA:647,12
DA:650,12
DA:659,1088330
DA:660,1088330
DA:664,1088330
DA:666,1088330
DA:667,1088330
DA:670,1088330
DA:673,1088330
DA:674,1088330
DA:675,1088330
DA:677,829901
DA:679,829901
DA:680,829901
DA:683,258432
DA:685,258432
DA:686,258432
DA:688,659890
DA:692,659890
DA:694,659890
DA:696,401470
DA:699,258420
DA:700,516840
DA:703,659905
DA:705,659905
DA:708,659906
DA:710,659906
DA:711,659906
DA:712,659906
DA:714,2408140
DA:716,2408140
DA:718,2408140
DA:720,659905
DA:723,659905
DA:726,2408140
DA:730,177079
DA:735,172126
DA:737,177079
DA:739,177079
DA:741,189580
DA:743,184611
DA:745,184611
DA:747,172110
DA:748,172110
DA:752,182048
DA:753,4969
DA:755,4953
DA:756,4953
DA:757,4953
DA:758,4953
DA:759,4953
DA:760,4953
DA:765,172126
DA:766,172126
DA:767,172126
DA:768,172126
DA:730,520248
DA:735,4162
DA:737,520248
DA:739,520248
DA:741,3054550
DA:743,2534340
DA:745,2534340
DA:747,42
DA:748,42
DA:752,1040450
DA:753,520206
DA:755,516086
DA:756,516086
DA:757,516086
DA:758,516086
DA:759,516086
DA:760,516086
DA:765,4162
DA:766,4162
DA:767,4162
DA:768,4162
DA:771,807
DA:774,807
DA:781,177079
DA:782,177079
DA:784,177079
DA:786,177079
DA:787,177079
DA:788,177079
DA:791,177079
DA:794,177079
DA:795,177079
DA:796,177079
DA:797,177079
DA:799,172114
DA:801,172114
DA:802,172114
DA:805,4965
DA:807,4965
DA:808,4965
DA:810,519441
DA:814,519441
DA:815,519441
DA:817,515283
DA:820,4158
DA:821,8316
DA:825,9
DA:830,9
DA:831,9
DA:833,9
DA:835,1
DA:836,1
DA:840,8
DA:843,9
DA:844,9
DA:825,45
DA:830,45
DA:831,45
DA:833,45
DA:835,3
DA:836,3
DA:840,42
DA:843,45
DA:844,45
DA:847,143627
DA:853,143618
DA:855,143627
DA:856,143627
DA:858,143627
DA:860,143636
DA:862,143627
DA:864,143627
DA:866,143618
DA:867,143618
DA:871,143636
DA:872,9
DA:874,18
DA:875,9
DA:876,9
DA:877,9
DA:878,9
DA:883,143618
DA:884,143618
DA:885,143618
DA:886,143618
DA:847,35
DA:853,10
DA:855,35
DA:856,35
DA:858,35
DA:860,60
DA:862,35
DA:864,35
DA:866,10
DA:867,10
DA:871,60
DA:872,25
DA:874,25
DA:875,25
DA:876,25
DA:877,25
DA:878,25
DA:883,10
DA:884,10
DA:885,10
DA:886,10
DA:889,11
DA:892,11
DA:893,11
DA:902,143627
DA:904,143627
DA:909,143627
DA:911,143627
DA:912,143627
DA:913,143627
DA:916,143627
DA:919,287254
DA:920,287254
DA:921,143627
DA:922,143627
DA:924,143609
DA:926,143609
DA:927,143609
DA:933,18
DA:936,18
DA:937,18
DA:939,11
DA:941,11
DA:942,11
DA:944,24
DA:946,24
DA:949,24
DA:950,24
DA:952,17
DA:955,7
DA:956,14
DA:959,76
DA:961,76
DA:962,76
DA:964,76
DA:966,140
DA:967,116
DA:968,40
DA:970,20
DA:971,40
DA:974,76
DA:978,907490
DA:983,907490
DA:985,759846
DA:987,907484
DA:989,147638
DA:995,759852
DA:978,520257
DA:983,520257
DA:985,146834
DA:987,520251
DA:989,373417
DA:995,146840
DA:998,841009
DA:1000,841009
DA:1001,841009
DA:1002,841009
DA:1004,521067
DA:1008,521067
DA:1010,12
DA:1011,12
DA:1012,12
DA:1015,521055
DA:1016,521055
DA:1017,521055
DA:1020,810
DA:1023,810
DA:1024,810
DA:1031,907490
DA:1034,907490
DA:1038,907490
DA:1040,907490
DA:1043,907490
DA:1046,907490
DA:1047,907490
DA:1048,907490
DA:1050,759843
DA:1052,759843
DA:1053,759843
DA:1059,147647
DA:1065,147647
DA:1066,147647
DA:1068,810
DA:1071,810
DA:1072,810
DA:1073,810
DA:1075,519447
DA:1078,519447
DA:1080,519447
DA:1081,519447
DA:1083,372610
DA:1086,146837
DA:1087,293674
DA:1090,12
DA:1092,12
DA:1095,197
DA:1097,197
DA:1100,197
DA:1102,197
DA:1105,1556
DA:1107,1556
DA:1110,197
DA:1112,197
DA:1115,659974
DA:1117,659974
DA:1120,72
DA:1122,72
DA:1125,520319
DA:1127,520319
DA:1130,520319
DA:1132,520319
DA:1135,64
DA:1137,64
DA:1140,505
DA:1143,1010
DA:1144,505
DA:1145,253
DA:1149,505
DA:1151,505
DA:1152,505
DA:1153,505
DA:1154,505
DA:1155,505
DA:1156,505
DA:1157,505
DA:1158,505
DA:1159,505
DA:1160,505
DA:1161,505
DA:1162,505
DA:1163,505
DA:1164,505
DA:1165,505
DA:1168,505
DA:1169,505
DA:1170,505
DA:1171,505
DA:1172,505
DA:1173,505
DA:1174,505
DA:1175,505
DA:1176,505
DA:1177,505
DA:1178,505
DA:1180,505
DA:1183,505
DA:1185,505
DA:1188,253
DA:1188,505
end_of_record
SF:/usr/include/c++/9/bits/unordered_set.h
FN:135,_ZNSt13unordered_setIPhSt4hashIS0_ESt8equal_toIS0_ESaIS0_EEC2Ev
FNDA:253,_ZNSt13unordered_setIPhSt4hashIS0_ESt8equal_toIS0_ESaIS0_EEC2Ev
FN:333,_ZNSt13unordered_setIPhSt4hashIS0_ESt8equal_toIS0_ESaIS0_EE3endEv
FNDA:6480,_ZNSt13unordered_setIPhSt4hashIS0_ESt8equal_toIS0_ESaIS0_EE3endEv
FN:376,_ZNSt13unordered_setIPhSt4hashIS0_ESt8equal_toIS0_ESaIS0_EE7emplaceIJRS0_EEESt4pairINSt8__detail14_Node_iteratorIS0_Lb1ELb0EEEbEDpOT_
FNDA:3712,_ZNSt13unordered_setIPhSt4hashIS0_ESt8equal_toIS0_ESaIS0_EE7emplaceIJRS0_EEESt4pairINSt8__detail14_Node_iteratorIS0_Lb1ELb0EEEbEDpOT_
FN:544,_ZNSt13unordered_setIPhSt4hashIS0_ESt8equal_toIS0_ESaIS0_EE5eraseERKS0_
FNDA:3612,_ZNSt13unordered_setIPhSt4hashIS0_ESt8equal_toIS0_ESaIS0_EE5eraseERKS0_
FN:649,_ZNSt13unordered_setIPhSt4hashIS0_ESt8equal_toIS0_ESaIS0_EE4findERKS0_
FNDA:6480,_ZNSt13unordered_setIPhSt4hashIS0_ESt8equal_toIS0_ESaIS0_EE4findERKS0_
DA:135,253
DA:333,6480
DA:334,6480
DA:376,3712
DA:377,3712
DA:544,3612
DA:545,3612
DA:649,6480
DA:650,6480
end_of_record
SF:/usr/include/c++/9/bits/move.h
FN:47,_ZSt11__addressofI11AsyncBufferEPT_RS1_
FNDA:259375,_ZSt11__addressofI11AsyncBufferEPT_RS1_
FN:47,_ZSt11__addressofINSt8__detail10_Hash_nodeIPhLb0EEEEPT_RS4_
FNDA:3612,_ZSt11__addressofINSt8__detail10_Hash_nodeIPhLb0EEEEPT_RS4_
FN:47,_ZSt11__addressofIPNSt8__detail15_Hash_node_baseEEPT_RS3_
FNDA:4,_ZSt11__addressofIPNSt8__detail15_Hash_node_baseEEPT_RS3_
FN:74,_ZSt7forwardIRKPhEOT_RNSt16remove_referenceIS3_E4typeE
FNDA:12203,_ZSt7forwardIRKPhEOT_RNSt16remove_referenceIS3_E4typeE
FN:74,_ZSt7forwardI11AsyncBufferEOT_RNSt16remove_referenceIS1_E4typeE
FNDA:470,_ZSt7forwardI11AsyncBufferEOT_RNSt16remove_referenceIS1_E4typeE
FN:74,_ZSt7forwardIRPSt6vectorI11AsyncBufferSaIS1_EEEOT_RNSt16remove_referenceIS6_E4typeE
FNDA:775305,_ZSt7forwardIRPSt6vectorI11AsyncBufferSaIS1_EEEOT_RNSt16remove_referenceIS6_E4typeE
FN:74,_ZSt7forwardINSt8__detail14_Node_iteratorIPhLb1ELb0EEEEOT_RNSt16remove_referenceIS4_E4typeE
FNDA:7424,_ZSt7forwardINSt8__detail14_Node_iteratorIPhLb1ELb0EEEEOT_RNSt16remove_referenceIS4_E4typeE
FN:74,_ZSt7forwardISt14default_deleteISt6vectorI11AsyncBufferSaIS2_EEEEOT_RNSt16remove_referenceIS6_E4typeE
FNDA:2782570,_ZSt7forwardISt14default_deleteISt6vectorI11AsyncBufferSaIS2_EEEEOT_RNSt16remove_referenceIS6_E4typeE
FN:74,_ZSt7forwardIRPhEOT_RNSt16remove_referenceIS2_E4typeE
FNDA:40473,_ZSt7forwardIRPhEOT_RNSt16remove_referenceIS2_E4typeE
FN:74,_ZSt7forwardIbEOT_RNSt16remove_referenceIS0_E4typeE
FNDA:7424,_ZSt7forwardIbEOT_RNSt16remove_referenceIS0_E4typeE
FN:99,_ZSt4moveIRN4Napi9ReferenceINS0_6ObjectEEEEONSt16remove_referenceIT_E4typeEOS6_
FNDA:4633060,_ZSt4moveIRN4Napi9ReferenceINS0_6ObjectEEEEONSt16remove_referenceIT_E4typeEOS6_
FN:99,_ZSt4moveIRN4Napi9ReferenceINS0_8FunctionEEEEONSt16remove_referenceIT_E4typeEOS6_
FNDA:2320240,_ZSt4moveIRN4Napi9ReferenceINS0_8FunctionEEEEONSt16remove_referenceIT_E4typeEOS6_
FN:99,_ZSt4moveIRN4Napi17FunctionReferenceEEONSt16remove_referenceIT_E4typeEOS4_
FNDA:3712,_ZSt4moveIRN4Napi17FunctionReferenceEEONSt16remove_referenceIT_E4typeEOS4_
FN:99,_ZSt4moveIRNSt7__cxx1112basic_stringIcSt11char_traitsIcESaIcEEEEONSt16remove_referenceIT_E4typeEOS8_
FNDA:8,_ZSt4moveIRNSt7__cxx1112basic_stringIcSt11char_traitsIcESaIcEEEEONSt16remove_referenceIT_E4typeEOS8_
FN:99,_ZSt4moveIRSaIcEEONSt16remove_referenceIT_E4typeEOS3_
FNDA:0,_ZSt4moveIRSaIcEEONSt16remove_referenceIT_E4typeEOS3_
FN:99,_ZSt4moveIRPiEONSt16remove_referenceIT_E4typeEOS3_
FNDA:3712,_ZSt4moveIRPiEONSt16remove_referenceIT_E4typeEOS3_
FN:99,_ZSt4moveIRPSt6vectorI11AsyncBufferSaIS1_EEEONSt16remove_referenceIT_E4typeEOS7_
FNDA:6159800,_ZSt4moveIRPSt6vectorI11AsyncBufferSaIS1_EEEONSt16remove_referenceIT_E4typeEOS7_
FN:99,_ZSt4moveIR11AsyncBufferEONSt16remove_referenceIT_E4typeEOS3_
FNDA:258905,_ZSt4moveIR11AsyncBufferEONSt16remove_referenceIT_E4typeEOS3_
FN:138,_ZSt9addressofIPNSt8__detail15_Hash_node_baseEEPT_RS3_
FNDA:4,_ZSt9addressofIPNSt8__detail15_Hash_node_baseEEPT_RS3_
FN:138,_ZSt9addressofINSt8__detail10_Hash_nodeIPhLb0EEEEPT_RS4_
FNDA:3612,_ZSt9addressofINSt8__detail10_Hash_nodeIPhLb0EEEEPT_RS4_
FN:182,_ZSt4swapIPSt6vectorI11AsyncBufferSaIS1_EEENSt9enable_ifIXsrSt6__and_IJSt6__not_ISt15__is_tuple_likeIT_EESt21is_move_constructibleIS9_ESt18is_move_assignableIS9_EEE5valueEvE4typeERS9_SJ_
FNDA:1231960,_ZSt4swapIPSt6vectorI11AsyncBufferSaIS1_EEENSt9enable_ifIXsrSt6__and_IJSt6__not_ISt15__is_tuple_likeIT_EESt21is_move_constructibleIS9_ESt18is_move_assignableIS9_EEE5valueEvE4typeERS9_SJ_
DA:47,259375
DA:48,259375
DA:47,3612
DA:48,3612
DA:47,4
DA:48,4
DA:74,470
DA:75,470
DA:74,12203
DA:75,12203
DA:74,775305
DA:75,775305
DA:74,7424
DA:75,7424
DA:74,2782570
DA:75,2782570
DA:74,40473
DA:75,40473
DA:74,7424
DA:75,7424
DA:99,258905
DA:100,258905
DA:99,6159800
DA:100,6159800
DA:99,3712
DA:100,3712
DA:99,0
DA:100,0
DA:99,8
DA:100,8
DA:99,3712
DA:100,3712
DA:99,2320240
DA:100,2320240
DA:99,4633060
DA:100,4633060
DA:138,3612
DA:139,3612
DA:138,4
DA:139,4
DA:182,1231960
DA:193,1231960
DA:194,1231960
DA:195,1231960
DA:196,1231960
end_of_record
SF:/usr/include/c++/9/bits/stl_pair.h
FN:341,_ZNSt4pairINSt8__detail14_Node_iteratorIPhLb1ELb0EEEbEC2IS3_bLb1EEEOT_OT0_
FNDA:3712,_ZNSt4pairINSt8__detail14_Node_iteratorIPhLb1ELb0EEEbEC2IS3_bLb1EEEOT_OT0_
FN:524,_ZSt9make_pairINSt8__detail14_Node_iteratorIPhLb1ELb0EEEbESt4pairINSt17__decay_and_stripIT_E6__typeENS5_IT0_E6__typeEEOS6_OS9_
FNDA:3712,_ZSt9make_pairINSt8__detail14_Node_iteratorIPhLb1ELb0EEEbESt4pairINSt17__decay_and_stripIT_E6__typeENS5_IT0_E6__typeEEOS6_OS9_
DA:341,3712
DA:342,3712
DA:524,3712
DA:529,3712
end_of_record
SF:/usr/include/c++/9/bits/basic_string.h
FN:243,_ZNSt7__cxx1112basic_stringIcSt11char_traitsIcESaIcEE16_M_construct_auxIPcEEvT_S7_St12__false_type
FNDA:0,_ZNSt7__cxx1112basic_stringIcSt11char_traitsIcESaIcEE16_M_construct_auxIPcEEvT_S7_St12__false_type
FN:243,_ZNSt7__cxx1112basic_stringIcSt11char_traitsIcESaIcEE16_M_construct_auxIPKcEEvT_S8_St12__false_type
FNDA:0,_ZNSt7__cxx1112basic_stringIcSt11char_traitsIcESaIcEE16_M_construct_auxIPKcEEvT_S8_St12__false_type
FN:263,_ZNSt7__cxx1112basic_stringIcSt11char_traitsIcESaIcEE12_M_constructIPcEEvT_S7_
FNDA:0,_ZNSt7__cxx1112basic_stringIcSt11char_traitsIcESaIcEE12_M_constructIPcEEvT_S7_
FN:263,_ZNSt7__cxx1112basic_stringIcSt11char_traitsIcESaIcEE12_M_constructIPKcEEvT_S8_
FNDA:0,_ZNSt7__cxx1112basic_stringIcSt11char_traitsIcESaIcEE12_M_constructIPKcEEvT_S8_
FN:625,_ZNSt7__cxx1112basic_stringIcSt11char_traitsIcESaIcEEC2IPcvEET_S7_RKS3_
FNDA:0,_ZNSt7__cxx1112basic_stringIcSt11char_traitsIcESaIcEEC2IPcvEET_S7_RKS3_
FN:6097,_ZStplIcSt11char_traitsIcESaIcEENSt7__cxx1112basic_stringIT_T0_T1_EEOS8_S9_
FNDA:4,_ZStplIcSt11char_traitsIcESaIcEENSt7__cxx1112basic_stringIT_T0_T1_EEOS8_S9_
FN:6121,_ZStplIcSt11char_traitsIcESaIcEENSt7__cxx1112basic_stringIT_T0_T1_EEOS8_PKS5_
FNDA:4,_ZStplIcSt11char_traitsIcESaIcEENSt7__cxx1112basic_stringIT_T0_T1_EEOS8_PKS5_
FN:6546,_ZNSt7__cxx119to_stringEi
FNDA:0,_ZNSt7__cxx119to_stringEi
DA:243,0
DA:247,0
DA:248,0
DA:243,0
DA:247,0
DA:248,0
DA:263,0
DA:266,0
DA:267,0
DA:263,0
DA:266,0
DA:267,0
DA:625,0
DA:627,0
DA:628,0
DA:6097,4
DA:6100,4
DA:6101,4
DA:6102,4
DA:6103,0
DA:6104,4
DA:6121,4
DA:6123,4
DA:6546,0
DA:6548,0
end_of_record
SF:/usr/include/c++/9/ext/new_allocator.h
FN:80,_ZN9__gnu_cxx13new_allocatorIPNSt8__detail15_Hash_node_baseEEC2Ev
FNDA:261,_ZN9__gnu_cxx13new_allocatorIPNSt8__detail15_Hash_node_baseEEC2Ev
FN:80,_ZN9__gnu_cxx13new_allocatorIcEC2Ev
FNDA:0,_ZN9__gnu_cxx13new_allocatorIcEC2Ev
FN:80,_ZN9__gnu_cxx13new_allocatorINSt8__detail10_Hash_nodeIPhLb0EEEEC2Ev
FNDA:253,_ZN9__gnu_cxx13new_allocatorINSt8__detail10_Hash_nodeIPhLb0EEEEC2Ev
FN:80,_ZN9__gnu_cxx13new_allocatorIP12napi_value__EC2Ev
FNDA:0,_ZN9__gnu_cxx13new_allocatorIP12napi_value__EC2Ev
FN:80,_ZN9__gnu_cxx13new_allocatorI24napi_property_descriptorEC2Ev
FNDA:505,_ZN9__gnu_cxx13new_allocatorI24napi_property_descriptorEC2Ev
FN:80,_ZN9__gnu_cxx13new_allocatorI11AsyncBufferEC2Ev
FNDA:2463920,_ZN9__gnu_cxx13new_allocatorI11AsyncBufferEC2Ev
FN:83,_ZN9__gnu_cxx13new_allocatorI24napi_property_descriptorEC2ERKS2_
FNDA:1010,_ZN9__gnu_cxx13new_allocatorI24napi_property_descriptorEC2ERKS2_
FN:89,_ZN9__gnu_cxx13new_allocatorI24napi_property_descriptorED2Ev
FNDA:1515,_ZN9__gnu_cxx13new_allocatorI24napi_property_descriptorED2Ev
FN:89,_ZN9__gnu_cxx13new_allocatorI11AsyncBufferED2Ev
FNDA:2463920,_ZN9__gnu_cxx13new_allocatorI11AsyncBufferED2Ev
FN:89,_ZN9__gnu_cxx13new_allocatorIcED2Ev
FNDA:0,_ZN9__gnu_cxx13new_allocatorIcED2Ev
FN:89,_ZN9__gnu_cxx13new_allocatorIPNSt8__detail15_Hash_node_baseEED2Ev
FNDA:261,_ZN9__gnu_cxx13new_allocatorIPNSt8__detail15_Hash_node_baseEED2Ev
FN:89,_ZN9__gnu_cxx13new_allocatorIP12napi_value__ED2Ev
FNDA:0,_ZN9__gnu_cxx13new_allocatorIP12napi_value__ED2Ev
FN:102,_ZN9__gnu_cxx13new_allocatorI24napi_property_descriptorE8allocateEmPKv
FNDA:505,_ZN9__gnu_cxx13new_allocatorI24napi_property_descriptorE8allocateEmPKv
FN:102,_ZN9__gnu_cxx13new_allocatorINSt8__detail10_Hash_nodeIPhLb0EEEE8allocateEmPKv
FNDA:3712,_ZN9__gnu_cxx13new_allocatorINSt8__detail10_Hash_nodeIPhLb0EEEE8allocateEmPKv
FN:102,_ZN9__gnu_cxx13new_allocatorIPNSt8__detail15_Hash_node_baseEE8allocateEmPKv
FNDA:257,_ZN9__gnu_cxx13new_allocatorIPNSt8__detail15_Hash_node_baseEE8allocateEmPKv
FN:102,_ZN9__gnu_cxx13new_allocatorI11AsyncBufferE8allocateEmPKv
FNDA:258670,_ZN9__gnu_cxx13new_allocatorI11AsyncBufferE8allocateEmPKv
FN:119,_ZN9__gnu_cxx13new_allocatorIPNSt8__detail15_Hash_node_baseEE10deallocateEPS3_m
FNDA:4,_ZN9__gnu_cxx13new_allocatorIPNSt8__detail15_Hash_node_baseEE10deallocateEPS3_m
FN:119,_ZN9__gnu_cxx13new_allocatorINSt8__detail10_Hash_nodeIPhLb0EEEE10deallocateEPS4_m
FNDA:3612,_ZN9__gnu_cxx13new_allocatorINSt8__detail10_Hash_nodeIPhLb0EEEE10deallocateEPS4_m
FN:119,_ZN9__gnu_cxx13new_allocatorIP12napi_value__E10deallocateEPS2_m
FNDA:0,_ZN9__gnu_cxx13new_allocatorIP12napi_value__E10deallocateEPS2_m
FN:119,_ZN9__gnu_cxx13new_allocatorI11AsyncBufferE10deallocateEPS1_m
FNDA:258670,_ZN9__gnu_cxx13new_allocatorI11AsyncBufferE10deallocateEPS1_m
FN:119,_ZN9__gnu_cxx13new_allocatorI24napi_property_descriptorE10deallocateEPS1_m
FNDA:505,_ZN9__gnu_cxx13new_allocatorI24napi_property_descriptorE10deallocateEPS1_m
FN:132,_ZNK9__gnu_cxx13new_allocatorIPNSt8__detail15_Hash_node_baseEE8max_sizeEv
FNDA:257,_ZNK9__gnu_cxx13new_allocatorIPNSt8__detail15_Hash_node_baseEE8max_sizeEv
FN:132,_ZNK9__gnu_cxx13new_allocatorI24napi_property_descriptorE8max_sizeEv
FNDA:1010,_ZNK9__gnu_cxx13new_allocatorI24napi_property_descriptorE8max_sizeEv
FN:132,_ZNK9__gnu_cxx13new_allocatorI11AsyncBufferE8max_sizeEv
FNDA:1293350,_ZNK9__gnu_cxx13new_allocatorI11AsyncBufferE8max_sizeEv
FN:132,_ZNK9__gnu_cxx13new_allocatorINSt8__detail10_Hash_nodeIPhLb0EEEE8max_sizeEv
FNDA:3712,_ZNK9__gnu_cxx13new_allocatorINSt8__detail10_Hash_nodeIPhLb0EEEE8max_sizeEv
FN:144,_ZN9__gnu_cxx13new_allocatorINSt8__detail10_Hash_nodeIPhLb0EEEE9constructIS3_JRS3_EEEvPT_DpOT0_
FNDA:3712,_ZN9__gnu_cxx13new_allocatorINSt8__detail10_Hash_nodeIPhLb0EEEE9constructIS3_JRS3_EEEvPT_DpOT0_
FN:144,_ZN9__gnu_cxx13new_allocatorI11AsyncBufferE9constructIS1_JS1_EEEvPT_DpOT0_
FNDA:235,_ZN9__gnu_cxx13new_allocatorI11AsyncBufferE9constructIS1_JS1_EEEvPT_DpOT0_
FN:151,_ZN9__gnu_cxx13new_allocatorINSt8__detail10_Hash_nodeIPhLb0EEEE7destroyIS3_EEvPT_
FNDA:3612,_ZN9__gnu_cxx13new_allocatorINSt8__detail10_Hash_nodeIPhLb0EEEE7destroyIS3_EEvPT_
FN:151,_ZN9__gnu_cxx13new_allocatorI11AsyncBufferE7destroyIS1_EEvPT_
FNDA:235,_ZN9__gnu_cxx13new_allocatorI11AsyncBufferE7destroyIS1_EEvPT_
DA:80,261
DA:80,2463920
DA:80,505
DA:80,0
DA:80,253
DA:80,0
DA:83,1010
DA:89,261
DA:89,2463920
DA:89,1515
DA:89,0
DA:89,0
DA:102,257
DA:104,257
DA:105,0
DA:114,257
DA:102,505
DA:104,505
DA:105,0
DA:114,505
DA:102,258670
DA:104,258670
DA:105,0
DA:114,258670
DA:102,3712
DA:104,3712
DA:105,0
DA:114,3712
DA:119,505
DA:128,505
DA:129,505
DA:119,258670
DA:128,258670
DA:129,258670
DA:119,4
DA:128,4
DA:129,4
DA:119,3612
DA:128,3612
DA:129,3612
DA:119,0
DA:128,0
DA:129,0
DA:132,257
DA:135,257
DA:132,1293350
DA:135,1293350
DA:132,1010
DA:135,1010
DA:132,3712
DA:135,3712
DA:144,235
DA:147,235
DA:144,3712
DA:147,3712
DA:151,235
DA:153,235
DA:151,3612
DA:153,3612
end_of_record
SF:/usr/include/c++/9/ext/type_traits.h
FN:152,_ZN9__gnu_cxx17__is_null_pointerIcEEbPT_
FNDA:0,_ZN9__gnu_cxx17__is_null_pointerIcEEbPT_
FN:152,_ZN9__gnu_cxx17__is_null_pointerIKcEEbPT_
FNDA:0,_ZN9__gnu_cxx17__is_null_pointerIKcEEbPT_
DA:152,0
DA:153,0
DA:152,0
DA:153,0
end_of_record
SF:/usr/include/c++/9/tuple
FN:76,_ZNSt10_Head_baseILm1ESt14default_deleteISt6vectorI11AsyncBufferSaIS2_EEELb1EEC2Ev
FNDA:2463920,_ZNSt10_Head_baseILm1ESt14default_deleteISt6vectorI11AsyncBufferSaIS2_EEELb1EEC2Ev
FN:76,_ZNSt10_Head_baseILm1E7CloseFDLb1EEC2Ev
FNDA:3712,_ZNSt10_Head_baseILm1E7CloseFDLb1EEC2Ev
FN:86,_ZNSt10_Head_baseILm1ESt14default_deleteISt6vectorI11AsyncBufferSaIS2_EEELb1EEC2IS5_EEOT_
FNDA:258435,_ZNSt10_Head_baseILm1ESt14default_deleteISt6vectorI11AsyncBufferSaIS2_EEELb1EEC2IS5_EEOT_
FN:113,_ZNSt10_Head_baseILm1ESt14default_deleteISt6vectorI11AsyncBufferSaIS2_EEELb1EE7_M_headERS6_
FNDA:5186280,_ZNSt10_Head_baseILm1ESt14default_deleteISt6vectorI11AsyncBufferSaIS2_EEELb1EE7_M_headERS6_
FN:113,_ZNSt10_Head_baseILm1E7CloseFDLb1EE7_M_headERS1_
FNDA:3712,_ZNSt10_Head_baseILm1E7CloseFDLb1EE7_M_headERS1_
FN:122,_ZNSt10_Head_baseILm0EPSt6vectorI11AsyncBufferSaIS1_EELb0EEC2Ev
FNDA:2463920,_ZNSt10_Head_baseILm0EPSt6vectorI11AsyncBufferSaIS1_EELb0EEC2Ev
FN:122,_ZNSt10_Head_baseILm0EPiLb0EEC2Ev
FNDA:3712,_ZNSt10_Head_baseILm0EPiLb0EEC2Ev
FN:132,_ZNSt10_Head_baseILm0EPSt6vectorI11AsyncBufferSaIS1_EELb0EEC2IRS4_EEOT_
FNDA:258435,_ZNSt10_Head_baseILm0EPSt6vectorI11AsyncBufferSaIS1_EELb0EEC2IRS4_EEOT_
FN:160,_ZNSt10_Head_baseILm0EPiLb0EE7_M_headERS1_
FNDA:7424,_ZNSt10_Head_baseILm0EPiLb0EE7_M_headERS1_
FN:160,_ZNSt10_Head_baseILm0EPSt6vectorI11AsyncBufferSaIS1_EELb0EE7_M_headERS5_
FNDA:7908630,_ZNSt10_Head_baseILm0EPSt6vectorI11AsyncBufferSaIS1_EELb0EE7_M_headERS5_
FN:163,_ZNSt10_Head_baseILm0EPSt6vectorI11AsyncBufferSaIS1_EELb0EE7_M_headERKS5_
FNDA:4015480,_ZNSt10_Head_baseILm0EPSt6vectorI11AsyncBufferSaIS1_EELb0EE7_M_headERKS5_
FN:163,_ZNSt10_Head_baseILm0EPiLb0EE7_M_headERKS1_
FNDA:3952,_ZNSt10_Head_baseILm0EPiLb0EE7_M_headERKS1_
FN:195,_ZNSt11_Tuple_implILm0EJPSt6vectorI11AsyncBufferSaIS1_EESt14default_deleteIS3_EEE7_M_headERS7_
FNDA:7908630,_ZNSt11_Tuple_implILm0EJPSt6vectorI11AsyncBufferSaIS1_EESt14default_deleteIS3_EEE7_M_headERS7_
FN:195,_ZNSt11_Tuple_implILm0EJPi7CloseFDEE7_M_headERS2_
FNDA:7424,_ZNSt11_Tuple_implILm0EJPi7CloseFDEE7_M_headERS2_
FN:198,_ZNSt11_Tuple_implILm0EJPi7CloseFDEE7_M_headERKS2_
FNDA:3952,_ZNSt11_Tuple_implILm0EJPi7CloseFDEE7_M_headERKS2_
FN:198,_ZNSt11_Tuple_implILm0EJPSt6vectorI11AsyncBufferSaIS1_EESt14default_deleteIS3_EEE7_M_headERKS7_
FNDA:4015480,_ZNSt11_Tuple_implILm0EJPSt6vectorI11AsyncBufferSaIS1_EESt14default_deleteIS3_EEE7_M_headERKS7_
FN:206,_ZNSt11_Tuple_implILm0EJPi7CloseFDEEC2Ev
FNDA:3712,_ZNSt11_Tuple_implILm0EJPi7CloseFDEEC2Ev
FN:206,_ZNSt11_Tuple_implILm0EJPSt6vectorI11AsyncBufferSaIS1_EESt14default_deleteIS3_EEEC2Ev
FNDA:2463920,_ZNSt11_Tuple_implILm0EJPSt6vectorI11AsyncBufferSaIS1_EESt14default_deleteIS3_EEEC2Ev
FN:216,_ZNSt11_Tuple_implILm0EJPSt6vectorI11AsyncBufferSaIS1_EESt14default_deleteIS3_EEEC2IRS4_JS6_EvEEOT_DpOT0_
FNDA:258435,_ZNSt11_Tuple_implILm0EJPSt6vectorI11AsyncBufferSaIS1_EESt14default_deleteIS3_EEEC2IRS4_JS6_EvEEOT_DpOT0_
FN:334,_ZNSt11_Tuple_implILm1EJSt14default_deleteISt6vectorI11AsyncBufferSaIS2_EEEEE7_M_headERS6_
FNDA:5186280,_ZNSt11_Tuple_implILm1EJSt14default_deleteISt6vectorI11AsyncBufferSaIS2_EEEEE7_M_headERS6_
FN:334,_ZNSt11_Tuple_implILm1EJ7CloseFDEE7_M_headERS1_
FNDA:3712,_ZNSt11_Tuple_implILm1EJ7CloseFDEE7_M_headERS1_
FN:339,_ZNSt11_Tuple_implILm1EJ7CloseFDEEC2Ev
FNDA:3712,_ZNSt11_Tuple_implILm1EJ7CloseFDEEC2Ev
FN:339,_ZNSt11_Tuple_implILm1EJSt14default_deleteISt6vectorI11AsyncBufferSaIS2_EEEEEC2Ev
FNDA:2463920,_ZNSt11_Tuple_implILm1EJSt14default_deleteISt6vectorI11AsyncBufferSaIS2_EEEEEC2Ev
FN:348,_ZNSt11_Tuple_implILm1EJSt14default_deleteISt6vectorI11AsyncBufferSaIS2_EEEEEC2IS5_EEOT_
FNDA:258435,_ZNSt11_Tuple_implILm1EJSt14default_deleteISt6vectorI11AsyncBufferSaIS2_EEEEEC2IS5_EEOT_
FN:918,_ZNSt5tupleIJPi7CloseFDEEC2IS0_S1_Lb1EEEv
FNDA:3712,_ZNSt5tupleIJPi7CloseFDEEC2IS0_S1_Lb1EEEv
FN:918,_ZNSt5tupleIJPSt6vectorI11AsyncBufferSaIS1_EESt14default_deleteIS3_EEEC2IS4_S6_Lb1EEEv
FNDA:2463920,_ZNSt5tupleIJPSt6vectorI11AsyncBufferSaIS1_EESt14default_deleteIS3_EEEC2IS4_S6_Lb1EEEv
FN:968,_ZNSt5tupleIJPSt6vectorI11AsyncBufferSaIS1_EESt14default_deleteIS3_EEEC2IRS4_S6_Lb1EEEOT_OT0_
FNDA:258435,_ZNSt5tupleIJPSt6vectorI11AsyncBufferSaIS1_EESt14default_deleteIS3_EEEC2IRS4_S6_Lb1EEEOT_OT0_
FN:1309,_ZSt12__get_helperILm1E7CloseFDJEERT0_RSt11_Tuple_implIXT_EJS1_DpT1_EE
FNDA:3712,_ZSt12__get_helperILm1E7CloseFDJEERT0_RSt11_Tuple_implIXT_EJS1_DpT1_EE
FN:1309,_ZSt12__get_helperILm1ESt14default_deleteISt6vectorI11AsyncBufferSaIS2_EEEJEERT0_RSt11_Tuple_implIXT_EJS6_DpT1_EE
FNDA:5186280,_ZSt12__get_helperILm1ESt14default_deleteISt6vectorI11AsyncBufferSaIS2_EEEJEERT0_RSt11_Tuple_implIXT_EJS6_DpT1_EE
FN:1309,_ZSt12__get_helperILm0EPSt6vectorI11AsyncBufferSaIS1_EEJSt14default_deleteIS3_EEERT0_RSt11_Tuple_implIXT_EJS7_DpT1_EE
FNDA:7908630,_ZSt12__get_helperILm0EPSt6vectorI11AsyncBufferSaIS1_EEJSt14default_deleteIS3_EEERT0_RSt11_Tuple_implIXT_EJS7_DpT1_EE
FN:1309,_ZSt12__get_helperILm0EPiJ7CloseFDEERT0_RSt11_Tuple_implIXT_EJS2_DpT1_EE
FNDA:7424,_ZSt12__get_helperILm0EPiJ7CloseFDEERT0_RSt11_Tuple_implIXT_EJS2_DpT1_EE
FN:1314,_ZSt12__get_helperILm0EPiJ7CloseFDEERKT0_RKSt11_Tuple_implIXT_EJS2_DpT1_EE
FNDA:3952,_ZSt12__get_helperILm0EPiJ7CloseFDEERKT0_RKSt11_Tuple_implIXT_EJS2_DpT1_EE
FN:1314,_ZSt12__get_helperILm0EPSt6vectorI11AsyncBufferSaIS1_EEJSt14default_deleteIS3_EEERKT0_RKSt11_Tuple_implIXT_EJS7_DpT1_EE
FNDA:4015480,_ZSt12__get_helperILm0EPSt6vectorI11AsyncBufferSaIS1_EEJSt14default_deleteIS3_EEERKT0_RKSt11_Tuple_implIXT_EJS7_DpT1_EE
FN:1320,_ZSt3getILm1EJPSt6vectorI11AsyncBufferSaIS1_EESt14default_deleteIS3_EEERNSt13tuple_elementIXT_ESt5tupleIJDpT0_EEE4typeERSB_
FNDA:5186280,_ZSt3getILm1EJPSt6vectorI11AsyncBufferSaIS1_EESt14default_deleteIS3_EEERNSt13tuple_elementIXT_ESt5tupleIJDpT0_EEE4typeERSB_
FN:1320,_ZSt3getILm1EJPi7CloseFDEERNSt13tuple_elementIXT_ESt5tupleIJDpT0_EEE4typeERS6_
FNDA:3712,_ZSt3getILm1EJPi7CloseFDEERNSt13tuple_elementIXT_ESt5tupleIJDpT0_EEE4typeERS6_
FN:1320,_ZSt3getILm0EJPSt6vectorI11AsyncBufferSaIS1_EESt14default_deleteIS3_EEERNSt13tuple_elementIXT_ESt5tupleIJDpT0_EEE4typeERSB_
FNDA:7908630,_ZSt3getILm0EJPSt6vectorI11AsyncBufferSaIS1_EESt14default_deleteIS3_EEERNSt13tuple_elementIXT_ESt5tupleIJDpT0_EEE4typeERSB_
FN:1320,_ZSt3getILm0EJPi7CloseFDEERNSt13tuple_elementIXT_ESt5tupleIJDpT0_EEE4typeERS6_
FNDA:7424,_ZSt3getILm0EJPi7CloseFDEERNSt13tuple_elementIXT_ESt5tupleIJDpT0_EEE4typeERS6_
FN:1326,_ZSt3getILm0EJPSt6vectorI11AsyncBufferSaIS1_EESt14default_deleteIS3_EEERKNSt13tuple_elementIXT_ESt5tupleIJDpT0_EEE4typeERKSB_
FNDA:4015480,_ZSt3getILm0EJPSt6vectorI11AsyncBufferSaIS1_EESt14default_deleteIS3_EEERKNSt13tuple_elementIXT_ESt5tupleIJDpT0_EEE4typeERKSB_
FN:1326,_ZSt3getILm0EJPi7CloseFDEERKNSt13tuple_elementIXT_ESt5tupleIJDpT0_EEE4typeERKS6_
FNDA:3952,_ZSt3getILm0EJPi7CloseFDEERKNSt13tuple_elementIXT_ESt5tupleIJDpT0_EEE4typeERKS6_
DA:76,2463920
DA:77,2463920
DA:76,3712
DA:77,3712
DA:86,258435
DA:87,258435
DA:113,5186280
DA:113,3712
DA:122,2463920
DA:123,2463920
DA:122,3712
DA:123,3712
DA:132,258435
DA:133,258435
DA:160,7908630
DA:160,7424
DA:163,4015480
DA:163,3952
DA:195,7908630
DA:195,7424
DA:198,4015480
DA:198,3952
DA:206,2463920
DA:207,2463920
DA:206,3712
DA:207,3712
DA:216,258435
DA:218,258435
DA:334,5186280
DA:334,3712
DA:339,2463920
DA:340,2463920
DA:339,3712
DA:340,3712
DA:348,258435
DA:349,258435
DA:918,2463920
DA:919,2463920
DA:918,3712
DA:919,3712
DA:968,258435
DA:969,258435
DA:1309,5186280
DA:1310,5186280
DA:1309,3712
DA:1310,3712
DA:1309,7908630
DA:1310,7908630
DA:1309,7424
DA:1310,7424
DA:1314,4015480
DA:1315,4015480
DA:1314,3952
DA:1315,3952
DA:1320,5186280
DA:1321,5186280
DA:1320,3712
DA:1321,3712
DA:1320,7908630
DA:1321,7908630
DA:1320,7424
DA:1321,7424
DA:1326,4015480
DA:1327,4015480
DA:1326,3952
DA:1327,3952
end_of_record
SF:/home/david/shared-memory-disruptor/node_modules/node-addon-api/napi.h
FN:863,_ZN4Napi10TypedArray30TypedArrayTypeForPrimitiveTypeIhEE20napi_typedarray_typev
FNDA:0,_ZN4Napi10TypedArray30TypedArrayTypeForPrimitiveTypeIhEE20napi_typedarray_typev
FN:1641,_ZN4Napi23ClassPropertyDescriptorI9DisruptorEC2E24napi_property_descriptor
FNDA:12625,_ZN4Napi23ClassPropertyDescriptorI9DisruptorEC2E24napi_property_descriptor
FN:1889,_ZN4Napi10ObjectWrapI9DisruptorE10WrapGetterIXadL_ZNS1_19GetPendingSeqCursorERKNS_12CallbackInfoEEEEEPFP12napi_value__P10napi_env__P20napi_callback_info__ENS2_9GetterTagIXT_EEE
FNDA:505,_ZN4Napi10ObjectWrapI9DisruptorE10WrapGetterIXadL_ZNS1_19GetPendingSeqCursorERKNS_12CallbackInfoEEEEEPFP12napi_value__P10napi_env__P20napi_callback_info__ENS2_9GetterTagIXT_EEE
FN:1889,_ZN4Napi10ObjectWrapI9DisruptorE10WrapGetterIXadL_ZNS1_11GetConsumerERKNS_12CallbackInfoEEEEEPFP12napi_value__P10napi_env__P20napi_callback_info__ENS2_9GetterTagIXT_EEE
FNDA:505,_ZN4Napi10ObjectWrapI9DisruptorE10WrapGetterIXadL_ZNS1_11GetConsumerERKNS_12CallbackInfoEEEEEPFP12napi_value__P10napi_env__P20napi_callback_info__ENS2_9GetterTagIXT_EEE
FN:1889,_ZN4Napi10ObjectWrapI9DisruptorE10WrapGetterIXadL_ZNS1_11GetElementsERKNS_12CallbackInfoEEEEEPFP12napi_value__P10napi_env__P20napi_callback_info__ENS2_9GetterTagIXT_EEE
FNDA:505,_ZN4Napi10ObjectWrapI9DisruptorE10WrapGetterIXadL_ZNS1_11GetElementsERKNS_12CallbackInfoEEEEEPFP12napi_value__P10napi_env__P20napi_callback_info__ENS2_9GetterTagIXT_EEE
FN:1889,_ZN4Napi10ObjectWrapI9DisruptorE10WrapGetterIXadL_ZNS1_7GetNextERKNS_12CallbackInfoEEEEEPFP12napi_value__P10napi_env__P20napi_callback_info__ENS2_9GetterTagIXT_EEE
FNDA:505,_ZN4Napi10ObjectWrapI9DisruptorE10WrapGetterIXadL_ZNS1_7GetNextERKNS_12CallbackInfoEEEEEPFP12napi_value__P10napi_env__P20napi_callback_info__ENS2_9GetterTagIXT_EEE
FN:1889,_ZN4Napi10ObjectWrapI9DisruptorE10WrapGetterIXadL_ZNS1_9GetCursorERKNS_12CallbackInfoEEEEEPFP12napi_value__P10napi_env__P20napi_callback_info__ENS2_9GetterTagIXT_EEE
FNDA:505,_ZN4Napi10ObjectWrapI9DisruptorE10WrapGetterIXadL_ZNS1_9GetCursorERKNS_12CallbackInfoEEEEEPFP12napi_value__P10napi_env__P20napi_callback_info__ENS2_9GetterTagIXT_EEE
FN:1889,_ZN4Napi10ObjectWrapI9DisruptorE10WrapGetterIXadL_ZNS1_12GetConsumersERKNS_12CallbackInfoEEEEEPFP12napi_value__P10napi_env__P20napi_callback_info__ENS2_9GetterTagIXT_EEE
FNDA:505,_ZN4Napi10ObjectWrapI9DisruptorE10WrapGetterIXadL_ZNS1_12GetConsumersERKNS_12CallbackInfoEEEEEPFP12napi_value__P10napi_env__P20napi_callback_info__ENS2_9GetterTagIXT_EEE
FN:1889,_ZN4Napi10ObjectWrapI9DisruptorE10WrapGetterIXadL_ZNS1_14GetElementSizeERKNS_12CallbackInfoEEEEEPFP12napi_value__P10napi_env__P20napi_callback_info__ENS2_9GetterTagIXT_EEE
FNDA:505,_ZN4Napi10ObjectWrapI9DisruptorE10WrapGetterIXadL_ZNS1_14GetElementSizeERKNS_12CallbackInfoEEEEEPFP12napi_value__P10napi_env__P20napi_callback_info__ENS2_9GetterTagIXT_EEE
FN:1889,_ZN4Napi10ObjectWrapI9DisruptorE10WrapGetterIXadL_ZNS1_20GetPendingSeqNextEndERKNS_12CallbackInfoEEEEEPFP12napi_value__P10napi_env__P20napi_callback_info__ENS2_9GetterTagIXT_EEE
FNDA:505,_ZN4Napi10ObjectWrapI9DisruptorE10WrapGetterIXadL_ZNS1_20GetPendingSeqNextEndERKNS_12CallbackInfoEEEEEPFP12napi_value__P10napi_env__P20napi_callback_info__ENS2_9GetterTagIXT_EEE
FN:1889,_ZN4Napi10ObjectWrapI9DisruptorE10WrapGetterIXadL_ZNS1_17GetPendingSeqNextERKNS_12CallbackInfoEEEEEPFP12napi_value__P10napi_env__P20napi_callback_info__ENS2_9GetterTagIXT_EEE
FNDA:505,_ZN4Napi10ObjectWrapI9DisruptorE10WrapGetterIXadL_ZNS1_17GetPendingSeqNextERKNS_12CallbackInfoEEEEEPFP12napi_value__P10napi_env__P20napi_callback_info__ENS2_9GetterTagIXT_EEE
FN:1889,_ZN4Napi10ObjectWrapI9DisruptorE10WrapGetterIXadL_ZNS1_21GetPendingSeqConsumerERKNS_12CallbackInfoEEEEEPFP12napi_value__P10napi_env__P20napi_callback_info__ENS2_9GetterTagIXT_EEE
FNDA:505,_ZN4Napi10ObjectWrapI9DisruptorE10WrapGetterIXadL_ZNS1_21GetPendingSeqConsumerERKNS_12CallbackInfoEEEEEPFP12napi_value__P10napi_env__P20napi_callback_info__ENS2_9GetterTagIXT_EEE
FN:1894,_ZN4Napi10ObjectWrapI9DisruptorE10WrapSetterENS2_9SetterTagILMS1_FvRKNS_12CallbackInfoERKNS_5ValueEE0EEE
FNDA:5050,_ZN4Napi10ObjectWrapI9DisruptorE10WrapSetterENS2_9SetterTagILMS1_FvRKNS_12CallbackInfoERKNS_5ValueEE0EEE
DA:863,0
DA:876,0
DA:1641,12625
DA:1889,505
DA:1889,505
DA:1889,505
DA:1889,505
DA:1889,505
DA:1889,505
DA:1889,505
DA:1889,505
DA:1889,505
DA:1889,505
DA:1894,5050
end_of_record
SF:/usr/include/c++/9/bits/functional_hash.h
FN:109,_ZNKSt4hashIPhEclES0_
FNDA:26007,_ZNKSt4hashIPhEclES0_
DA:109,26007
DA:110,26007
end_of_record
SF:/usr/include/c++/9/bits/stl_vector.h
FN:94,_ZNSt12_Vector_baseI24napi_property_descriptorSaIS0_EE17_Vector_impl_dataC2Ev
FNDA:505,_ZNSt12_Vector_baseI24napi_property_descriptorSaIS0_EE17_Vector_impl_dataC2Ev
FN:94,_ZNSt12_Vector_baseIP12napi_value__SaIS1_EE17_Vector_impl_dataC2Ev
FNDA:0,_ZNSt12_Vector_baseIP12napi_value__SaIS1_EE17_Vector_impl_dataC2Ev
FN:94,_ZNSt12_Vector_baseI11AsyncBufferSaIS0_EE17_Vector_impl_dataC2Ev
FNDA:2463920,_ZNSt12_Vector_baseI11AsyncBufferSaIS0_EE17_Vector_impl_dataC2Ev
FN:128,_ZNSt12_Vector_baseIP12napi_value__SaIS1_EE12_Vector_implC2Ev
FNDA:0,_ZNSt12_Vector_baseIP12napi_value__SaIS1_EE12_Vector_implC2Ev
FN:128,_ZNSt12_Vector_baseI11AsyncBufferSaIS0_EE12_Vector_implC2Ev
FNDA:2463920,_ZNSt12_Vector_baseI11AsyncBufferSaIS0_EE12_Vector_implC2Ev
FN:133,_ZNSt12_Vector_baseI24napi_property_descriptorSaIS0_EE12_Vector_implC2ERKS1_
FNDA:505,_ZNSt12_Vector_baseI24napi_property_descriptorSaIS0_EE12_Vector_implC2ERKS1_
FN:273,_ZNSt12_Vector_baseI11AsyncBufferSaIS0_EE19_M_get_Tp_allocatorEv
FNDA:2981260,_ZNSt12_Vector_baseI11AsyncBufferSaIS0_EE19_M_get_Tp_allocatorEv
FN:273,_ZNSt12_Vector_baseIP12napi_value__SaIS1_EE19_M_get_Tp_allocatorEv
FNDA:0,_ZNSt12_Vector_baseIP12napi_value__SaIS1_EE19_M_get_Tp_allocatorEv
FN:273,_ZNSt12_Vector_baseI24napi_property_descriptorSaIS0_EE19_M_get_Tp_allocatorEv
FNDA:1010,_ZNSt12_Vector_baseI24napi_property_descriptorSaIS0_EE19_M_get_Tp_allocatorEv
FN:277,_ZNKSt12_Vector_baseI11AsyncBufferSaIS0_EE19_M_get_Tp_allocatorEv
FNDA:1034680,_ZNKSt12_Vector_baseI11AsyncBufferSaIS0_EE19_M_get_Tp_allocatorEv
FN:285,_ZNSt12_Vector_baseIP12napi_value__SaIS1_EEC2Ev
FNDA:0,_ZNSt12_Vector_baseIP12napi_value__SaIS1_EEC2Ev
FN:285,_ZNSt12_Vector_baseI11AsyncBufferSaIS0_EEC2Ev
FNDA:2463920,_ZNSt12_Vector_baseI11AsyncBufferSaIS0_EEC2Ev
FN:300,_ZNSt12_Vector_baseI24napi_property_descriptorSaIS0_EEC2EmRKS1_
FNDA:505,_ZNSt12_Vector_baseI24napi_property_descriptorSaIS0_EEC2EmRKS1_
FN:330,_ZNSt12_Vector_baseIP12napi_value__SaIS1_EED2Ev
FNDA:0,_ZNSt12_Vector_baseIP12napi_value__SaIS1_EED2Ev
FN:330,_ZNSt12_Vector_baseI11AsyncBufferSaIS0_EED2Ev
FNDA:2463920,_ZNSt12_Vector_baseI11AsyncBufferSaIS0_EED2Ev
FN:330,_ZNSt12_Vector_baseI24napi_property_descriptorSaIS0_EED2Ev
FNDA:505,_ZNSt12_Vector_baseI24napi_property_descriptorSaIS0_EED2Ev
FN:340,_ZNSt12_Vector_baseI11AsyncBufferSaIS0_EE11_M_allocateEm
FNDA:258670,_ZNSt12_Vector_baseI11AsyncBufferSaIS0_EE11_M_allocateEm
FN:340,_ZNSt12_Vector_baseI24napi_property_descriptorSaIS0_EE11_M_allocateEm
FNDA:505,_ZNSt12_Vector_baseI24napi_property_descriptorSaIS0_EE11_M_allocateEm
FN:347,_ZNSt12_Vector_baseIP12napi_value__SaIS1_EE13_M_deallocateEPS1_m
FNDA:0,_ZNSt12_Vector_baseIP12napi_value__SaIS1_EE13_M_deallocateEPS1_m
FN:347,_ZNSt12_Vector_baseI11AsyncBufferSaIS0_EE13_M_deallocateEPS0_m
FNDA:2722590,_ZNSt12_Vector_baseI11AsyncBufferSaIS0_EE13_M_deallocateEPS0_m
FN:347,_ZNSt12_Vector_baseI24napi_property_descriptorSaIS0_EE13_M_deallocateEPS0_m
FNDA:505,_ZNSt12_Vector_baseI24napi_property_descriptorSaIS0_EE13_M_deallocateEPS0_m
FN:356,_ZNSt12_Vector_baseI24napi_property_descriptorSaIS0_EE17_M_create_storageEm
FNDA:505,_ZNSt12_Vector_baseI24napi_property_descriptorSaIS0_EE17_M_create_storageEm
FN:428,_ZNSt6vectorI11AsyncBufferSaIS0_EE19_S_nothrow_relocateESt17integral_constantIbLb1EE
FNDA:258670,_ZNSt6vectorI11AsyncBufferSaIS0_EE19_S_nothrow_relocateESt17integral_constantIbLb1EE
FN:441,_ZNSt6vectorI11AsyncBufferSaIS0_EE15_S_use_relocateEv
FNDA:258670,_ZNSt6vectorI11AsyncBufferSaIS0_EE15_S_use_relocateEv
FN:450,_ZNSt6vectorI11AsyncBufferSaIS0_EE14_S_do_relocateEPS0_S3_S3_RS1_St17integral_constantIbLb1EE
FNDA:258670,_ZNSt6vectorI11AsyncBufferSaIS0_EE14_S_do_relocateEPS0_S3_S3_RS1_St17integral_constantIbLb1EE
FN:462,_ZNSt6vectorI11AsyncBufferSaIS0_EE11_S_relocateEPS0_S3_S3_RS1_
FNDA:258670,_ZNSt6vectorI11AsyncBufferSaIS0_EE11_S_relocateEPS0_S3_S3_RS1_
FN:484,_ZNSt6vectorI11AsyncBufferSaIS0_EEC2Ev
FNDA:2463920,_ZNSt6vectorI11AsyncBufferSaIS0_EEC2Ev
FN:484,_ZNSt6vectorIP12napi_value__SaIS1_EEC2Ev
FNDA:0,_ZNSt6vectorIP12napi_value__SaIS1_EEC2Ev
FN:507,_ZNSt6vectorI24napi_property_descriptorSaIS0_EEC2EmRKS1_
FNDA:505,_ZNSt6vectorI24napi_property_descriptorSaIS0_EEC2EmRKS1_
FN:675,_ZNSt6vectorI24napi_property_descriptorSaIS0_EED2Ev
FNDA:505,_ZNSt6vectorI24napi_property_descriptorSaIS0_EED2Ev
FN:675,_ZNSt6vectorI11AsyncBufferSaIS0_EED2Ev
FNDA:2463920,_ZNSt6vectorI11AsyncBufferSaIS0_EED2Ev
FN:675,_ZNSt6vectorIP12napi_value__SaIS1_EED2Ev
FNDA:0,_ZNSt6vectorIP12napi_value__SaIS1_EED2Ev
FN:915,_ZNKSt6vectorI11AsyncBufferSaIS0_EE4sizeEv
FNDA:3559770,_ZNKSt6vectorI11AsyncBufferSaIS0_EE4sizeEv
FN:915,_ZNKSt6vectorIP12napi_value__SaIS1_EE4sizeEv
FNDA:0,_ZNKSt6vectorIP12napi_value__SaIS1_EE4sizeEv
FN:920,_ZNKSt6vectorI11AsyncBufferSaIS0_EE8max_sizeEv
FNDA:1034680,_ZNKSt6vectorI11AsyncBufferSaIS0_EE8max_sizeEv
FN:934,_ZNSt6vectorI11AsyncBufferSaIS0_EE6resizeEm
FNDA:258670,_ZNSt6vectorI11AsyncBufferSaIS0_EE6resizeEm
FN:1040,_ZNSt6vectorI24napi_property_descriptorSaIS0_EEixEm
FNDA:37875,_ZNSt6vectorI24napi_property_descriptorSaIS0_EEixEm
FN:1040,_ZNSt6vectorI11AsyncBufferSaIS0_EEixEm
FNDA:517340,_ZNSt6vectorI11AsyncBufferSaIS0_EEixEm
FN:1165,_ZNSt6vectorI24napi_property_descriptorSaIS0_EE4dataEv
FNDA:505,_ZNSt6vectorI24napi_property_descriptorSaIS0_EE4dataEv
FN:1169,_ZNKSt6vectorIP12napi_value__SaIS1_EE4dataEv
FNDA:0,_ZNKSt6vectorIP12napi_value__SaIS1_EE4dataEv
FN:1600,_ZNSt6vectorI24napi_property_descriptorSaIS0_EE21_M_default_initializeEm
FNDA:505,_ZNSt6vectorI24napi_property_descriptorSaIS0_EE21_M_default_initializeEm
FN:1753,_ZNKSt6vectorI11AsyncBufferSaIS0_EE12_M_check_lenEmPKc
FNDA:258670,_ZNKSt6vectorI11AsyncBufferSaIS0_EE12_M_check_lenEmPKc
FN:1764,_ZNSt6vectorI24napi_property_descriptorSaIS0_EE17_S_check_init_lenEmRKS1_
FNDA:505,_ZNSt6vectorI24napi_property_descriptorSaIS0_EE17_S_check_init_lenEmRKS1_
FN:1773,_ZNSt6vectorI11AsyncBufferSaIS0_EE11_S_max_sizeERKS1_
FNDA:1034680,_ZNSt6vectorI11AsyncBufferSaIS0_EE11_S_max_sizeERKS1_
FN:1773,_ZNSt6vectorI24napi_property_descriptorSaIS0_EE11_S_max_sizeERKS1_
FNDA:505,_ZNSt6vectorI24napi_property_descriptorSaIS0_EE11_S_max_sizeERKS1_
FN:1789,_ZNSt6vectorI11AsyncBufferSaIS0_EE15_M_erase_at_endEPS0_
FNDA:0,_ZNSt6vectorI11AsyncBufferSaIS0_EE15_M_erase_at_endEPS0_
FN:1840,_ZNKSt6vectorIP12napi_value__SaIS1_EE11_M_data_ptrIS1_EEPT_S6_
FNDA:0,_ZNKSt6vectorIP12napi_value__SaIS1_EE11_M_data_ptrIS1_EEPT_S6_
FN:1840,_ZNKSt6vectorI24napi_property_descriptorSaIS0_EE11_M_data_ptrIS0_EEPT_S5_
FNDA:505,_ZNKSt6vectorI24napi_property_descriptorSaIS0_EE11_M_data_ptrIS0_EEPT_S5_
DA:94,505
DA:95,505
DA:96,505
DA:94,2463920
DA:95,2463920
DA:96,2463920
DA:94,0
DA:95,0
DA:96,0
DA:128,2463920
DA:130,2463920
DA:131,2463920
DA:128,0
DA:130,0
DA:131,0
DA:133,505
DA:134,505
DA:135,505
DA:273,1010
DA:274,1010
DA:273,2981260
DA:274,2981260
DA:273,0
DA:274,0
DA:277,1034680
DA:278,1034680
DA:285,2463920
DA:285,0
DA:300,505
DA:301,505
DA:302,505
DA:330,505
DA:332,505
DA:333,505
DA:334,505
DA:330,2463920
DA:332,2463920
DA:333,2463920
DA:334,2463920
DA:330,0
DA:332,0
DA:333,0
DA:334,0
DA:340,505
DA:343,505
DA:340,258670
DA:343,258670
DA:347,505
DA:350,505
DA:351,505
DA:352,505
DA:347,2722590
DA:350,2722590
DA:351,258670
DA:352,2722590
DA:347,0
DA:350,0
DA:351,0
DA:352,0
DA:356,505
DA:358,505
DA:359,505
DA:360,505
DA:361,505
DA:428,258670
DA:433,258670
DA:441,258670
DA:446,258670
DA:450,258670
DA:453,258670
DA:462,258670
DA:466,258670
DA:484,2463920
DA:484,0
DA:507,505
DA:508,505
DA:509,505
DA:675,505
DA:677,505
DA:678,505
DA:680,505
DA:675,2463920
DA:677,2463920
DA:678,2463920
DA:680,2463920
DA:675,0
DA:677,0
DA:678,0
DA:680,0
DA:915,3559770
DA:916,3559770
DA:915,0
DA:916,0
DA:920,1034680
DA:921,1034680
DA:934,258670
DA:936,258670
DA:937,258670
DA:938,0
DA:939,0
DA:940,258670
DA:1040,37875
DA:1043,37875
DA:1040,517340
DA:1043,517340
DA:1165,505
DA:1166,505
DA:1169,0
DA:1170,0
DA:1600,505
DA:1602,505
DA:1603,505
DA:1604,505
DA:1605,505
DA:1753,258670
DA:1755,258670
DA:1756,0
DA:1758,258670
DA:1759,258670
DA:1764,505
DA:1766,505
DA:1767,0
DA:1769,505
DA:1773,1034680
DA:1778,1034680
DA:1780,1034680
DA:1781,1034680
DA:1773,505
DA:1778,505
DA:1780,505
DA:1781,505
DA:1789,0
DA:1791,0
DA:1793,0
DA:1794,0
DA:1795,0
DA:1798,0
DA:1840,505
DA:1841,505
DA:1840,0
DA:1841,0
end_of_record
SF:/usr/include/c++/9/bits/stl_uninitialized.h
FN:76,_ZNSt20__uninitialized_copyILb0EE13__uninit_copyISt13move_iteratorIP11AsyncBufferES4_EET0_T_S7_S6_
FNDA:0,_ZNSt20__uninitialized_copyILb0EE13__uninit_copyISt13move_iteratorIP11AsyncBufferES4_EET0_T_S7_S6_
FN:115,_ZSt18uninitialized_copyISt13move_iteratorIP11AsyncBufferES2_ET0_T_S5_S4_
FNDA:0,_ZSt18uninitialized_copyISt13move_iteratorIP11AsyncBufferES2_ET0_T_S5_S4_
FN:305,_ZSt22__uninitialized_copy_aISt13move_iteratorIP11AsyncBufferES2_S1_ET0_T_S5_S4_RSaIT1_E
FNDA:0,_ZSt22__uninitialized_copy_aISt13move_iteratorIP11AsyncBufferES2_S1_ET0_T_S5_S4_RSaIT1_E
FN:323,_ZSt34__uninitialized_move_if_noexcept_aIP11AsyncBufferS1_SaIS0_EET0_T_S4_S3_RT1_
FNDA:0,_ZSt34__uninitialized_move_if_noexcept_aIP11AsyncBufferS1_SaIS0_EET0_T_S4_S3_RT1_
FN:539,_ZNSt27__uninitialized_default_n_1ILb0EE18__uninit_default_nIP11AsyncBuffermEET_S4_T0_
FNDA:258670,_ZNSt27__uninitialized_default_n_1ILb0EE18__uninit_default_nIP11AsyncBuffermEET_S4_T0_
FN:561,_ZNSt27__uninitialized_default_n_1ILb1EE18__uninit_default_nIP24napi_property_descriptormEET_S4_T0_
FNDA:505,_ZNSt27__uninitialized_default_n_1ILb1EE18__uninit_default_nIP24napi_property_descriptormEET_S4_T0_
FN:592,_ZSt25__uninitialized_default_nIP24napi_property_descriptormET_S2_T0_
FNDA:505,_ZSt25__uninitialized_default_nIP24napi_property_descriptormET_S2_T0_
FN:592,_ZSt25__uninitialized_default_nIP11AsyncBuffermET_S2_T0_
FNDA:258670,_ZSt25__uninitialized_default_nIP11AsyncBuffermET_S2_T0_
FN:661,_ZSt27__uninitialized_default_n_aIP24napi_property_descriptormS0_ET_S2_T0_RSaIT1_E
FNDA:505,_ZSt27__uninitialized_default_n_aIP24napi_property_descriptormS0_ET_S2_T0_RSaIT1_E
FN:661,_ZSt27__uninitialized_default_n_aIP11AsyncBuffermS0_ET_S2_T0_RSaIT1_E
FNDA:258670,_ZSt27__uninitialized_default_n_aIP11AsyncBuffermS0_ET_S2_T0_RSaIT1_E
FN:905,_ZSt19__relocate_object_aI11AsyncBufferS0_SaIS0_EEvPT_PT0_RT1_
FNDA:235,_ZSt19__relocate_object_aI11AsyncBufferS0_SaIS0_EEvPT_PT0_RT1_
FN:936,_ZSt14__relocate_a_1IP11AsyncBufferS1_SaIS0_EET0_T_S4_S3_RT1_
FNDA:258670,_ZSt14__relocate_a_1IP11AsyncBufferS1_SaIS0_EET0_T_S4_S3_RT1_
FN:958,_ZSt12__relocate_aIP11AsyncBufferS1_SaIS0_EET0_T_S4_S3_RT1_
FNDA:258670,_ZSt12__relocate_aIP11AsyncBufferS1_SaIS0_EET0_T_S4_S3_RT1_
DA:76,0
DA:79,0
DA:82,0
DA:83,0
DA:84,0
DA:86,0
DA:88,0
DA:89,0
DA:115,0
DA:134,0
DA:140,0
DA:305,0
DA:307,0
DA:323,0
DA:329,0
DA:330,0
DA:539,258670
DA:541,258670
DA:544,517340
DA:545,258670
DA:546,258670
DA:548,0
DA:550,0
DA:551,0
DA:561,505
DA:566,505
DA:592,505
DA:597,505
DA:601,505
DA:592,258670
DA:597,258670
DA:601,258670
DA:661,505
DA:663,505
DA:661,258670
DA:663,258670
DA:905,235
DA:912,235
DA:913,235
DA:914,235
DA:936,258670
DA:948,258670
DA:949,258905
DA:950,235
DA:952,258670
DA:958,258670
DA:964,258670
DA:966,258670
end_of_record
SF:/usr/include/c++/9/bits/unique_ptr.h
FN:75,_ZNKSt14default_deleteISt6vectorI11AsyncBufferSaIS1_EEEclEPS3_
FNDA:2463920,_ZNKSt14default_deleteISt6vectorI11AsyncBufferSaIS1_EEEclEPS3_
FN:147,_ZNSt15__uniq_ptr_implISt6vectorI11AsyncBufferSaIS1_EESt14default_deleteIS3_EEC2EPS3_
FNDA:2463920,_ZNSt15__uniq_ptr_implISt6vectorI11AsyncBufferSaIS1_EESt14default_deleteIS3_EEC2EPS3_
FN:147,_ZNSt15__uniq_ptr_implIi7CloseFDEC2EPi
FNDA:3712,_ZNSt15__uniq_ptr_implIi7CloseFDEC2EPi
FN:150,_ZNSt15__uniq_ptr_implISt6vectorI11AsyncBufferSaIS1_EESt14default_deleteIS3_EEC2IS5_EEPS3_OT_
FNDA:258435,_ZNSt15__uniq_ptr_implISt6vectorI11AsyncBufferSaIS1_EESt14default_deleteIS3_EEC2IS5_EEPS3_OT_
FN:153,_ZNSt15__uniq_ptr_implIi7CloseFDE6_M_ptrEv
FNDA:7424,_ZNSt15__uniq_ptr_implIi7CloseFDE6_M_ptrEv
FN:153,_ZNSt15__uniq_ptr_implISt6vectorI11AsyncBufferSaIS1_EESt14default_deleteIS3_EE6_M_ptrEv
FNDA:7908630,_ZNSt15__uniq_ptr_implISt6vectorI11AsyncBufferSaIS1_EESt14default_deleteIS3_EE6_M_ptrEv
FN:154,_ZNKSt15__uniq_ptr_implISt6vectorI11AsyncBufferSaIS1_EESt14default_deleteIS3_EE6_M_ptrEv
FNDA:4015480,_ZNKSt15__uniq_ptr_implISt6vectorI11AsyncBufferSaIS1_EESt14default_deleteIS3_EE6_M_ptrEv
FN:154,_ZNKSt15__uniq_ptr_implIi7CloseFDE6_M_ptrEv
FNDA:3952,_ZNKSt15__uniq_ptr_implIi7CloseFDE6_M_ptrEv
FN:155,_ZNSt15__uniq_ptr_implISt6vectorI11AsyncBufferSaIS1_EESt14default_deleteIS3_EE10_M_deleterEv
FNDA:5186280,_ZNSt15__uniq_ptr_implISt6vectorI11AsyncBufferSaIS1_EESt14default_deleteIS3_EE10_M_deleterEv
FN:155,_ZNSt15__uniq_ptr_implIi7CloseFDE10_M_deleterEv
FNDA:3712,_ZNSt15__uniq_ptr_implIi7CloseFDE10_M_deleterEv
FN:211,_ZNSt10unique_ptrIi7CloseFDEC2IS0_vEEPi
FNDA:3712,_ZNSt10unique_ptrIi7CloseFDEC2IS0_vEEPi
FN:211,_ZNSt10unique_ptrISt6vectorI11AsyncBufferSaIS1_EESt14default_deleteIS3_EEC2IS5_vEEPS3_
FNDA:2463920,_ZNSt10unique_ptrISt6vectorI11AsyncBufferSaIS1_EESt14default_deleteIS3_EEC2IS5_vEEPS3_
FN:257,_ZNSt10unique_ptrISt6vectorI11AsyncBufferSaIS1_EESt14default_deleteIS3_EEC2EOS6_
FNDA:258435,_ZNSt10unique_ptrISt6vectorI11AsyncBufferSaIS1_EESt14default_deleteIS3_EEC2EOS6_
FN:286,_ZNSt10unique_ptrISt6vectorI11AsyncBufferSaIS1_EESt14default_deleteIS3_EED2Ev
FNDA:2722360,_ZNSt10unique_ptrISt6vectorI11AsyncBufferSaIS1_EESt14default_deleteIS3_EED2Ev
FN:286,_ZNSt10unique_ptrIi7CloseFDED2Ev
FNDA:3712,_ZNSt10unique_ptrIi7CloseFDED2Ev
FN:305,_ZNSt10unique_ptrISt6vectorI11AsyncBufferSaIS1_EESt14default_deleteIS3_EEaSEOS6_
FNDA:1231960,_ZNSt10unique_ptrISt6vectorI11AsyncBufferSaIS1_EESt14default_deleteIS3_EEaSEOS6_
FN:344,_ZNKSt10unique_ptrISt6vectorI11AsyncBufferSaIS1_EESt14default_deleteIS3_EEdeEv
FNDA:517340,_ZNKSt10unique_ptrISt6vectorI11AsyncBufferSaIS1_EESt14default_deleteIS3_EEdeEv
FN:344,_ZNKSt10unique_ptrIi7CloseFDEdeEv
FNDA:3952,_ZNKSt10unique_ptrIi7CloseFDEdeEv
FN:352,_ZNKSt10unique_ptrISt6vectorI11AsyncBufferSaIS1_EESt14default_deleteIS3_EEptEv
FNDA:2007750,_ZNKSt10unique_ptrISt6vectorI11AsyncBufferSaIS1_EESt14default_deleteIS3_EEptEv
FN:360,_ZNKSt10unique_ptrIi7CloseFDE3getEv
FNDA:3952,_ZNKSt10unique_ptrIi7CloseFDE3getEv
FN:360,_ZNKSt10unique_ptrISt6vectorI11AsyncBufferSaIS1_EESt14default_deleteIS3_EE3getEv
FNDA:4015480,_ZNKSt10unique_ptrISt6vectorI11AsyncBufferSaIS1_EESt14default_deleteIS3_EE3getEv
FN:365,_ZNSt10unique_ptrISt6vectorI11AsyncBufferSaIS1_EESt14default_deleteIS3_EE11get_deleterEv
FNDA:5186280,_ZNSt10unique_ptrISt6vectorI11AsyncBufferSaIS1_EESt14default_deleteIS3_EE11get_deleterEv
FN:365,_ZNSt10unique_ptrIi7CloseFDE11get_deleterEv
FNDA:3712,_ZNSt10unique_ptrIi7CloseFDE11get_deleterEv
FN:381,_ZNSt10unique_ptrISt6vectorI11AsyncBufferSaIS1_EESt14default_deleteIS3_EE7releaseEv
FNDA:1490400,_ZNSt10unique_ptrISt6vectorI11AsyncBufferSaIS1_EESt14default_deleteIS3_EE7releaseEv
FN:395,_ZNSt10unique_ptrISt6vectorI11AsyncBufferSaIS1_EESt14default_deleteIS3_EE5resetEPS3_
FNDA:1231960,_ZNSt10unique_ptrISt6vectorI11AsyncBufferSaIS1_EESt14default_deleteIS3_EE5resetEPS3_
FN:856,_ZSt11make_uniqueISt6vectorI11AsyncBufferSaIS1_EEJEENSt9_MakeUniqIT_E15__single_objectEDpOT0_
FNDA:2463920,_ZSt11make_uniqueISt6vectorI11AsyncBufferSaIS1_EEJEENSt9_MakeUniqIT_E15__single_objectEDpOT0_
DA:75,2463920
DA:81,2463920
DA:82,2463920
DA:147,2463920
DA:147,3712
DA:150,258435
DA:151,258435
DA:153,7908630
DA:153,7424
DA:154,4015480
DA:154,3952
DA:155,5186280
DA:155,3712
DA:211,2463920
DA:212,2463920
DA:213,2463920
DA:211,3712
DA:212,3712
DA:213,3712
DA:257,258435
DA:258,258435
DA:286,2722360
DA:290,2722360
DA:291,2722360
DA:292,1231960
DA:293,2722360
DA:294,2722360
DA:286,3712
DA:290,3712
DA:291,3712
DA:292,3712
DA:293,3712
DA:294,3712
DA:305,1231960
DA:307,1231960
DA:308,1231960
DA:309,1231960
DA:344,517340
DA:347,517340
DA:344,3952
DA:347,3952
DA:352,2007750
DA:355,2007750
DA:360,4015480
DA:361,4015480
DA:360,3952
DA:361,3952
DA:365,5186280
DA:366,5186280
DA:365,3712
DA:366,3712
DA:381,1490400
DA:383,1490400
DA:384,1490400
DA:385,1490400
DA:395,1231960
DA:400,1231960
DA:401,1231960
DA:402,1231960
DA:403,1231960
DA:856,2463920
DA:857,2463920
end_of_record
SF:/usr/include/c++/9/ext/aligned_buffer.h
FN:102,_ZN9__gnu_cxx16__aligned_bufferIPhE7_M_addrEv
FNDA:25525,_ZN9__gnu_cxx16__aligned_bufferIPhE7_M_addrEv
FN:108,_ZNK9__gnu_cxx16__aligned_bufferIPhE7_M_addrEv
FNDA:12203,_ZNK9__gnu_cxx16__aligned_bufferIPhE7_M_addrEv
FN:114,_ZN9__gnu_cxx16__aligned_bufferIPhE6_M_ptrEv
FNDA:25525,_ZN9__gnu_cxx16__aligned_bufferIPhE6_M_ptrEv
FN:118,_ZNK9__gnu_cxx16__aligned_bufferIPhE6_M_ptrEv
FNDA:12203,_ZNK9__gnu_cxx16__aligned_bufferIPhE6_M_ptrEv
DA:102,25525
DA:104,25525
DA:108,12203
DA:110,12203
DA:114,25525
DA:115,25525
DA:118,12203
DA:119,12203
end_of_record
SF:/usr/include/c++/9/bits/stl_function.h
FN:355,_ZNKSt8equal_toIPhEclERKS0_S3_
FNDA:14232,_ZNKSt8equal_toIPhEclERKS0_S3_
DA:355,14232
DA:356,14232
end_of_record
SF:/usr/include/c++/9/bits/stl_iterator_base_types.h
FN:205,_ZSt19__iterator_categoryIPcENSt15iterator_traitsIT_E17iterator_categoryERKS2_
FNDA:0,_ZSt19__iterator_categoryIPcENSt15iterator_traitsIT_E17iterator_categoryERKS2_
FN:205,_ZSt19__iterator_categoryIPKcENSt15iterator_traitsIT_E17iterator_categoryERKS3_
FNDA:0,_ZSt19__iterator_categoryIPKcENSt15iterator_traitsIT_E17iterator_categoryERKS3_
DA:205,0
DA:206,0
DA:205,0
DA:206,0
end_of_record
SF:/usr/include/c++/9/bits/std_mutex.h
FN:98,_ZNSt5mutex4lockEv
FNDA:11541,_ZNSt5mutex4lockEv
FN:115,_ZNSt5mutex6unlockEv
FNDA:11541,_ZNSt5mutex6unlockEv
FN:158,_ZNSt10lock_guardISt5mutexEC2ERS0_
FNDA:11541,_ZNSt10lock_guardISt5mutexEC2ERS0_
FN:164,_ZNSt10lock_guardISt5mutexED2Ev
FNDA:11541,_ZNSt10lock_guardISt5mutexED2Ev
DA:98,11541
DA:100,11541
DA:103,11541
DA:104,0
DA:105,11541
DA:115,11541
DA:118,11541
DA:119,11541
DA:158,11541
DA:159,11541
DA:164,11541
DA:165,11541
end_of_record
SF:/usr/include/c++/9/bits/ptr_traits.h
FN:145,_ZNSt14pointer_traitsIPNSt8__detail10_Hash_nodeIPhLb0EEEE10pointer_toERS3_
FNDA:3612,_ZNSt14pointer_traitsIPNSt8__detail10_Hash_nodeIPhLb0EEEE10pointer_toERS3_
FN:145,_ZNSt14pointer_traitsIPPNSt8__detail15_Hash_node_baseEE10pointer_toERS2_
FNDA:4,_ZNSt14pointer_traitsIPPNSt8__detail15_Hash_node_baseEE10pointer_toERS2_
FN:155,_ZSt12__to_addressIPNSt8__detail15_Hash_node_baseEEPT_S4_
FNDA:257,_ZSt12__to_addressIPNSt8__detail15_Hash_node_baseEEPT_S4_
FN:155,_ZSt12__to_addressINSt8__detail10_Hash_nodeIPhLb0EEEEPT_S5_
FNDA:3712,_ZSt12__to_addressINSt8__detail10_Hash_nodeIPhLb0EEEEPT_S5_
DA:145,3612
DA:146,3612
DA:145,4
DA:146,4
DA:155,257
DA:158,257
DA:155,3712
DA:158,3712
end_of_record
SF:/usr/include/c++/9/bits/hashtable_policy.h
FN:84,_ZNKSt8__detail9_IdentityclIRKPhEEOT_S6_
FNDA:12203,_ZNKSt8__detail9_IdentityclIRKPhEEOT_S6_
FN:84,_ZNKSt8__detail9_IdentityclIRPhEEOT_S5_
FNDA:18201,_ZNKSt8__detail9_IdentityclIRPhEEOT_S5_
FN:218,_ZNSt8__detail15_Hash_node_baseC2Ev
FNDA:3965,_ZNSt8__detail15_Hash_node_baseC2Ev
FN:236,_ZNSt8__detail21_Hash_node_value_baseIPhE9_M_valptrEv
FNDA:25525,_ZNSt8__detail21_Hash_node_value_baseIPhE9_M_valptrEv
FN:240,_ZNKSt8__detail21_Hash_node_value_baseIPhE9_M_valptrEv
FNDA:12203,_ZNKSt8__detail21_Hash_node_value_baseIPhE9_M_valptrEv
FN:244,_ZNSt8__detail21_Hash_node_value_baseIPhE4_M_vEv
FNDA:18201,_ZNSt8__detail21_Hash_node_value_baseIPhE4_M_vEv
FN:248,_ZNKSt8__detail21_Hash_node_value_baseIPhE4_M_vEv
FNDA:12203,_ZNKSt8__detail21_Hash_node_value_baseIPhE4_M_vEv
FN:282,_ZNKSt8__detail10_Hash_nodeIPhLb0EE7_M_nextEv
FNDA:20558,_ZNKSt8__detail10_Hash_nodeIPhLb0EE7_M_nextEv
FN:294,_ZNSt8__detail19_Node_iterator_baseIPhLb0EEC2EPNS_10_Hash_nodeIS1_Lb0EEE
FNDA:20284,_ZNSt8__detail19_Node_iterator_baseIPhLb0EEC2EPNS_10_Hash_nodeIS1_Lb0EEE
FN:304,_ZNSt8__detaileqIPhLb0EEEbRKNS_19_Node_iterator_baseIT_XT0_EEES6_
FNDA:6480,_ZNSt8__detaileqIPhLb0EEEbRKNS_19_Node_iterator_baseIT_XT0_EEES6_
FN:340,_ZNSt8__detail14_Node_iteratorIPhLb1ELb0EEC2EPNS_10_Hash_nodeIS1_Lb0EEE
FNDA:20284,_ZNSt8__detail14_Node_iteratorIPhLb1ELb0EEC2EPNS_10_Hash_nodeIS1_Lb0EEE
FN:431,_ZNKSt8__detail18_Mod_range_hashingclEmm
FNDA:26264,_ZNKSt8__detail18_Mod_range_hashingclEmm
FN:449,_ZNSt8__detail20_Prime_rehash_policyC2Ef
FNDA:253,_ZNSt8__detail20_Prime_rehash_policyC2Ef
FN:476,_ZNKSt8__detail20_Prime_rehash_policy8_M_stateEv
FNDA:3712,_ZNKSt8__detail20_Prime_rehash_policy8_M_stateEv
FN:484,_ZNSt8__detail20_Prime_rehash_policy8_M_resetEm
FNDA:0,_ZNSt8__detail20_Prime_rehash_policy8_M_resetEm
FN:1096,_ZNSt8__detail21_Hashtable_ebo_helperILi0ESaINS_10_Hash_nodeIPhLb0EEEELb1EEC2Ev
FNDA:253,_ZNSt8__detail21_Hashtable_ebo_helperILi0ESaINS_10_Hash_nodeIPhLb0EEEELb1EEC2Ev
FN:1104,_ZNSt8__detail21_Hashtable_ebo_helperILi0ENS_9_IdentityELb1EE7_S_cgetERKS2_
FNDA:26435,_ZNSt8__detail21_Hashtable_ebo_helperILi0ENS_9_IdentityELb1EE7_S_cgetERKS2_
FN:1104,_ZNSt8__detail21_Hashtable_ebo_helperILi1ESt4hashIPhELb1EE7_S_cgetERKS4_
FNDA:26007,_ZNSt8__detail21_Hashtable_ebo_helperILi1ESt4hashIPhELb1EE7_S_cgetERKS4_
FN:1104,_ZNSt8__detail21_Hashtable_ebo_helperILi2ENS_18_Mod_range_hashingELb1EE7_S_cgetERKS2_
FNDA:26264,_ZNSt8__detail21_Hashtable_ebo_helperILi2ENS_18_Mod_range_hashingELb1EE7_S_cgetERKS2_
FN:1104,_ZNSt8__detail21_Hashtable_ebo_helperILi0ESt8equal_toIPhELb1EE7_S_cgetERKS4_
FNDA:14232,_ZNSt8__detail21_Hashtable_ebo_helperILi0ESt8equal_toIPhELb1EE7_S_cgetERKS4_
FN:1108,_ZNSt8__detail21_Hashtable_ebo_helperILi0ESaINS_10_Hash_nodeIPhLb0EEEELb1EE6_S_getERS5_
FNDA:14909,_ZNSt8__detail21_Hashtable_ebo_helperILi0ESaINS_10_Hash_nodeIPhLb0EEEELb1EE6_S_getERS5_
FN:1108,_ZNSt8__detail21_Hashtable_ebo_helperILi0ENS_9_IdentityELb1EE6_S_getERS2_
FNDA:3969,_ZNSt8__detail21_Hashtable_ebo_helperILi0ENS_9_IdentityELb1EE6_S_getERS2_
FN:1288,_ZNKSt8__detail15_Hash_code_baseIPhS1_NS_9_IdentityESt4hashIS1_ENS_18_Mod_range_hashingENS_20_Default_ranged_hashELb0EE12_M_hash_codeERKS1_
FNDA:13804,_ZNKSt8__detail15_Hash_code_baseIPhS1_NS_9_IdentityESt4hashIS1_ENS_18_Mod_range_hashingENS_20_Default_ranged_hashELb0EE12_M_hash_codeERKS1_
FN:1296,_ZNKSt8__detail15_Hash_code_baseIPhS1_NS_9_IdentityESt4hashIS1_ENS_18_Mod_range_hashingENS_20_Default_ranged_hashELb0EE15_M_bucket_indexERKS1_mm
FNDA:14061,_ZNKSt8__detail15_Hash_code_baseIPhS1_NS_9_IdentityESt4hashIS1_ENS_18_Mod_range_hashingENS_20_Default_ranged_hashELb0EE15_M_bucket_indexERKS1_mm
FN:1300,_ZNKSt8__detail15_Hash_code_baseIPhS1_NS_9_IdentityESt4hashIS1_ENS_18_Mod_range_hashingENS_20_Default_ranged_hashELb0EE15_M_bucket_indexEPKNS_10_Hash_nodeIS1_Lb0EEEm
FNDA:12203,_ZNKSt8__detail15_Hash_code_baseIPhS1_NS_9_IdentityESt4hashIS1_ENS_18_Mod_range_hashingENS_20_Default_ranged_hashELb0EE15_M_bucket_indexEPKNS_10_Hash_nodeIS1_Lb0EEEm
FN:1307,_ZNKSt8__detail15_Hash_code_baseIPhS1_NS_9_IdentityESt4hashIS1_ENS_18_Mod_range_hashingENS_20_Default_ranged_hashELb0EE13_M_store_codeEPNS_10_Hash_nodeIS1_Lb0EEEm
FNDA:3712,_ZNKSt8__detail15_Hash_code_baseIPhS1_NS_9_IdentityESt4hashIS1_ENS_18_Mod_range_hashingENS_20_Default_ranged_hashELb0EE13_M_store_codeEPNS_10_Hash_nodeIS1_Lb0EEEm
FN:1323,_ZNKSt8__detail15_Hash_code_baseIPhS1_NS_9_IdentityESt4hashIS1_ENS_18_Mod_range_hashingENS_20_Default_ranged_hashELb0EE10_M_extractEv
FNDA:26435,_ZNKSt8__detail15_Hash_code_baseIPhS1_NS_9_IdentityESt4hashIS1_ENS_18_Mod_range_hashingENS_20_Default_ranged_hashELb0EE10_M_extractEv
FN:1326,_ZNSt8__detail15_Hash_code_baseIPhS1_NS_9_IdentityESt4hashIS1_ENS_18_Mod_range_hashingENS_20_Default_ranged_hashELb0EE10_M_extractEv
FNDA:3969,_ZNSt8__detail15_Hash_code_baseIPhS1_NS_9_IdentityESt4hashIS1_ENS_18_Mod_range_hashingENS_20_Default_ranged_hashELb0EE10_M_extractEv
FN:1329,_ZNKSt8__detail15_Hash_code_baseIPhS1_NS_9_IdentityESt4hashIS1_ENS_18_Mod_range_hashingENS_20_Default_ranged_hashELb0EE5_M_h1Ev
FNDA:26007,_ZNKSt8__detail15_Hash_code_baseIPhS1_NS_9_IdentityESt4hashIS1_ENS_18_Mod_range_hashingENS_20_Default_ranged_hashELb0EE5_M_h1Ev
FN:1335,_ZNKSt8__detail15_Hash_code_baseIPhS1_NS_9_IdentityESt4hashIS1_ENS_18_Mod_range_hashingENS_20_Default_ranged_hashELb0EE5_M_h2Ev
FNDA:26264,_ZNKSt8__detail15_Hash_code_baseIPhS1_NS_9_IdentityESt4hashIS1_ENS_18_Mod_range_hashingENS_20_Default_ranged_hashELb0EE5_M_h2Ev
FN:1459,_ZNSt8__detail13_Equal_helperIPhS1_NS_9_IdentityESt8equal_toIS1_EmLb0EE9_S_equalsERKS4_RKS2_RKS1_mPNS_10_Hash_nodeIS1_Lb0EEE
FNDA:14232,_ZNSt8__detail13_Equal_helperIPhS1_NS_9_IdentityESt8equal_toIS1_EmLb0EE9_S_equalsERKS4_RKS2_RKS1_mPNS_10_Hash_nodeIS1_Lb0EEE
FN:1829,_ZNKSt8__detail15_Hashtable_baseIPhS1_NS_9_IdentityESt8equal_toIS1_ESt4hashIS1_ENS_18_Mod_range_hashingENS_20_Default_ranged_hashENS_17_Hashtable_traitsILb0ELb1ELb1EEEE9_M_equalsERKS1_mPNS_10_Hash_nodeIS1_Lb0EEE
FNDA:14232,_ZNKSt8__detail15_Hashtable_baseIPhS1_NS_9_IdentityESt8equal_toIS1_ESt4hashIS1_ENS_18_Mod_range_hashingENS_20_Default_ranged_hashENS_17_Hashtable_traitsILb0ELb1ELb1EEEE9_M_equalsERKS1_mPNS_10_Hash_nodeIS1_Lb0EEE
FN:1846,_ZNKSt8__detail15_Hashtable_baseIPhS1_NS_9_IdentityESt8equal_toIS1_ESt4hashIS1_ENS_18_Mod_range_hashingENS_20_Default_ranged_hashENS_17_Hashtable_traitsILb0ELb1ELb1EEEE5_M_eqEv
FNDA:14232,_ZNKSt8__detail15_Hashtable_baseIPhS1_NS_9_IdentityESt8equal_toIS1_ESt4hashIS1_ENS_18_Mod_range_hashingENS_20_Default_ranged_hashENS_17_Hashtable_traitsILb0ELb1ELb1EEEE5_M_eqEv
FN:2036,_ZNSt8__detail16_Hashtable_allocISaINS_10_Hash_nodeIPhLb0EEEEEC2Ev
FNDA:253,_ZNSt8__detail16_Hashtable_allocISaINS_10_Hash_nodeIPhLb0EEEEEC2Ev
FN:2046,_ZNSt8__detail16_Hashtable_allocISaINS_10_Hash_nodeIPhLb0EEEEE17_M_node_allocatorEv
FNDA:14909,_ZNSt8__detail16_Hashtable_allocISaINS_10_Hash_nodeIPhLb0EEEEE17_M_node_allocatorEv
FN:2079,_ZNSt8__detail16_Hashtable_allocISaINS_10_Hash_nodeIPhLb0EEEEE16_M_allocate_nodeIJRS2_EEEPS3_DpOT_
FNDA:3712,_ZNSt8__detail16_Hashtable_allocISaINS_10_Hash_nodeIPhLb0EEEEE16_M_allocate_nodeIJRS2_EEEPS3_DpOT_
FN:2100,_ZNSt8__detail16_Hashtable_allocISaINS_10_Hash_nodeIPhLb0EEEEE18_M_deallocate_nodeEPS3_
FNDA:3612,_ZNSt8__detail16_Hashtable_allocISaINS_10_Hash_nodeIPhLb0EEEEE18_M_deallocate_nodeEPS3_
FN:2108,_ZNSt8__detail16_Hashtable_allocISaINS_10_Hash_nodeIPhLb0EEEEE22_M_deallocate_node_ptrEPS3_
FNDA:3612,_ZNSt8__detail16_Hashtable_allocISaINS_10_Hash_nodeIPhLb0EEEEE22_M_deallocate_node_ptrEPS3_
FN:2130,_ZNSt8__detail16_Hashtable_allocISaINS_10_Hash_nodeIPhLb0EEEEE19_M_allocate_bucketsEm
FNDA:257,_ZNSt8__detail16_Hashtable_allocISaINS_10_Hash_nodeIPhLb0EEEEE19_M_allocate_bucketsEm
FN:2142,_ZNSt8__detail16_Hashtable_allocISaINS_10_Hash_nodeIPhLb0EEEEE21_M_deallocate_bucketsEPPNS_15_Hash_node_baseEm
FNDA:4,_ZNSt8__detail16_Hashtable_allocISaINS_10_Hash_nodeIPhLb0EEEEE21_M_deallocate_bucketsEPPNS_15_Hash_node_baseEm
DA:84,12203
DA:85,12203
DA:84,18201
DA:85,18201
DA:218,3965
DA:236,25525
DA:237,25525
DA:240,12203
DA:241,12203
DA:244,18201
DA:245,18201
DA:248,12203
DA:249,12203
DA:282,20558
DA:283,20558
DA:294,20284
DA:295,20284
DA:304,6480
DA:307,6480
DA:340,20284
DA:341,20284
DA:431,26264
DA:433,26264
DA:449,253
DA:450,253
DA:476,3712
DA:477,3712
DA:484,0
DA:485,0
DA:1096,253
DA:1104,26435
DA:1105,26435
DA:1104,14232
DA:1105,14232
DA:1104,26264
DA:1105,26264
DA:1104,26007
DA:1105,26007
DA:1108,14909
DA:1109,14909
DA:1108,3969
DA:1109,3969
DA:1288,13804
DA:1292,13804
DA:1296,14061
DA:1297,14061
DA:1300,12203
DA:1304,12203
DA:1307,3712
DA:1308,3712
DA:1323,26435
DA:1326,3969
DA:1329,26007
DA:1335,26264
DA:1459,14232
DA:1461,14232
DA:1829,14232
DA:1834,14232
DA:1835,14232
DA:1846,14232
DA:2036,253
DA:2046,14909
DA:2047,14909
DA:2079,3712
DA:2081,3712
DA:2082,3712
DA:2085,3712
DA:2086,3712
DA:2089,3712
DA:2091,0
DA:2093,0
DA:2094,0
DA:2100,3612
DA:2102,3612
DA:2103,3612
DA:2104,3612
DA:2108,3612
DA:2111,3612
DA:2112,3612
DA:2113,3612
DA:2114,3612
DA:2130,257
DA:2132,257
DA:2134,257
DA:2135,257
DA:2136,257
DA:2137,514
DA:2142,4
DA:2146,4
DA:2147,8
DA:2148,4
DA:2149,4
end_of_record
SF:/usr/include/c++/9/bits/stl_iterator.h
FN:1057,_ZNSt13move_iteratorIP11AsyncBufferEC2ES1_
FNDA:0,_ZNSt13move_iteratorIP11AsyncBufferEC2ES1_
FN:1066,_ZNKSt13move_iteratorIP11AsyncBufferE4baseEv
FNDA:0,_ZNKSt13move_iteratorIP11AsyncBufferE4baseEv
FN:1070,_ZNKSt13move_iteratorIP11AsyncBufferEdeEv
FNDA:0,_ZNKSt13move_iteratorIP11AsyncBufferEdeEv
FN:1078,_ZNSt13move_iteratorIP11AsyncBufferEppEv
FNDA:0,_ZNSt13move_iteratorIP11AsyncBufferEppEv
FN:1145,_ZSteqIP11AsyncBufferEbRKSt13move_iteratorIT_ES6_
FNDA:0,_ZSteqIP11AsyncBufferEbRKSt13move_iteratorIT_ES6_
FN:1157,_ZStneIP11AsyncBufferEbRKSt13move_iteratorIT_ES6_
FNDA:0,_ZStneIP11AsyncBufferEbRKSt13move_iteratorIT_ES6_
FN:1242,_ZSt32__make_move_if_noexcept_iteratorI11AsyncBufferSt13move_iteratorIPS0_EET0_PT_
FNDA:0,_ZSt32__make_move_if_noexcept_iteratorI11AsyncBufferSt13move_iteratorIPS0_EET0_PT_
DA:1057,0
DA:1058,0
DA:1066,0
DA:1067,0
DA:1070,0
DA:1071,0
DA:1078,0
DA:1080,0
DA:1081,0
DA:1145,0
DA:1147,0
DA:1157,0
DA:1159,0
DA:1242,0
DA:1243,0
end_of_record
SF:/usr/include/c++/9/bits/alloc_traits.h
FN:443,_ZNSt16allocator_traitsISaIPNSt8__detail15_Hash_node_baseEEE8allocateERS3_m
FNDA:257,_ZNSt16allocator_traitsISaIPNSt8__detail15_Hash_node_baseEEE8allocateERS3_m
FN:443,_ZNSt16allocator_traitsISaI24napi_property_descriptorEE8allocateERS1_m
FNDA:505,_ZNSt16allocator_traitsISaI24napi_property_descriptorEE8allocateERS1_m
FN:443,_ZNSt16allocator_traitsISaI11AsyncBufferEE8allocateERS1_m
FNDA:258670,_ZNSt16allocator_traitsISaI11AsyncBufferEE8allocateERS1_m
FN:443,_ZNSt16allocator_traitsISaINSt8__detail10_Hash_nodeIPhLb0EEEEE8allocateERS4_m
FNDA:3712,_ZNSt16allocator_traitsISaINSt8__detail10_Hash_nodeIPhLb0EEEEE8allocateERS4_m
FN:469,_ZNSt16allocator_traitsISaI24napi_property_descriptorEE10deallocateERS1_PS0_m
FNDA:505,_ZNSt16allocator_traitsISaI24napi_property_descriptorEE10deallocateERS1_PS0_m
FN:469,_ZNSt16allocator_traitsISaI11AsyncBufferEE10deallocateERS1_PS0_m
FNDA:258670,_ZNSt16allocator_traitsISaI11AsyncBufferEE10deallocateERS1_PS0_m
FN:469,_ZNSt16allocator_traitsISaIPNSt8__detail15_Hash_node_baseEEE10deallocateERS3_PS2_m
FNDA:4,_ZNSt16allocator_traitsISaIPNSt8__detail15_Hash_node_baseEEE10deallocateERS3_PS2_m
FN:469,_ZNSt16allocator_traitsISaINSt8__detail10_Hash_nodeIPhLb0EEEEE10deallocateERS4_PS3_m
FNDA:3612,_ZNSt16allocator_traitsISaINSt8__detail10_Hash_nodeIPhLb0EEEEE10deallocateERS4_PS3_m
FN:469,_ZNSt16allocator_traitsISaIP12napi_value__EE10deallocateERS2_PS1_m
FNDA:0,_ZNSt16allocator_traitsISaIP12napi_value__EE10deallocateERS2_PS1_m
FN:482,_ZNSt16allocator_traitsISaI11AsyncBufferEE9constructIS0_JS0_EEEvRS1_PT_DpOT0_
FNDA:235,_ZNSt16allocator_traitsISaI11AsyncBufferEE9constructIS0_JS0_EEEvRS1_PT_DpOT0_
FN:482,_ZNSt16allocator_traitsISaINSt8__detail10_Hash_nodeIPhLb0EEEEE9constructIS2_JRS2_EEEvRS4_PT_DpOT0_
FNDA:3712,_ZNSt16allocator_traitsISaINSt8__detail10_Hash_nodeIPhLb0EEEEE9constructIS2_JRS2_EEEvRS4_PT_DpOT0_
FN:495,_ZNSt16allocator_traitsISaI11AsyncBufferEE7destroyIS0_EEvRS1_PT_
FNDA:235,_ZNSt16allocator_traitsISaI11AsyncBufferEE7destroyIS0_EEvRS1_PT_
FN:495,_ZNSt16allocator_traitsISaINSt8__detail10_Hash_nodeIPhLb0EEEEE7destroyIS2_EEvRS4_PT_
FNDA:3612,_ZNSt16allocator_traitsISaINSt8__detail10_Hash_nodeIPhLb0EEEEE7destroyIS2_EEvRS4_PT_
FN:505,_ZNSt16allocator_traitsISaI11AsyncBufferEE8max_sizeERKS1_
FNDA:1034680,_ZNSt16allocator_traitsISaI11AsyncBufferEE8max_sizeERKS1_
FN:505,_ZNSt16allocator_traitsISaI24napi_property_descriptorEE8max_sizeERKS1_
FNDA:505,_ZNSt16allocator_traitsISaI24napi_property_descriptorEE8max_sizeERKS1_
DA:443,257
DA:444,257
DA:443,505
DA:444,505
DA:443,258670
DA:444,258670
DA:443,3712
DA:444,3712
DA:469,505
DA:470,505
DA:469,258670
DA:470,258670
DA:469,4
DA:470,4
DA:469,3612
DA:470,3612
DA:469,0
DA:470,0
DA:482,235
DA:484,235
DA:482,3712
DA:484,3712
DA:495,235
DA:497,235
DA:495,3612
DA:497,3612
DA:505,1034680
DA:506,1034680
DA:505,505
DA:506,505
end_of_record
SF:/usr/include/c++/9/bits/stl_algobase.h
FN:198,_ZSt3minImERKT_S2_S2_
FNDA:1035180,_ZSt3minImERKT_S2_S2_
FN:222,_ZSt3maxImERKT_S2_S2_
FNDA:258670,_ZSt3maxImERKT_S2_S2_
FN:280,_ZSt12__niter_baseIP24napi_property_descriptorET_S2_
FNDA:505,_ZSt12__niter_baseIP24napi_property_descriptorET_S2_
FN:280,_ZSt12__niter_baseIP11AsyncBufferET_S2_
FNDA:776010,_ZSt12__niter_baseIP11AsyncBufferET_S2_
FN:295,_ZSt12__niter_wrapIP24napi_property_descriptorET_RKS2_S2_
FNDA:505,_ZSt12__niter_wrapIP24napi_property_descriptorET_RKS2_S2_
FN:756,_ZSt10__fill_n_aIP24napi_property_descriptormS0_EN9__gnu_cxx11__enable_ifIXntsrSt11__is_scalarIT1_E7__valueET_E6__typeES7_T0_RKS5_
FNDA:505,_ZSt10__fill_n_aIP24napi_property_descriptormS0_EN9__gnu_cxx11__enable_ifIXntsrSt11__is_scalarIT1_E7__valueET_E6__typeES7_T0_RKS5_
FN:802,_ZSt6fill_nIP24napi_property_descriptormS0_ET_S2_T0_RKT1_
FNDA:505,_ZSt6fill_nIP24napi_property_descriptormS0_ET_S2_T0_RKT1_
DA:198,1035180
DA:203,1035180
DA:204,0
DA:205,1035180
DA:222,258670
DA:227,258670
DA:228,258435
DA:229,235
DA:280,505
DA:282,505
DA:280,776010
DA:282,776010
DA:295,505
DA:296,505
DA:756,505
DA:758,505
DA:759,13130
DA:760,12625
DA:761,505
DA:802,505
DA:808,505
DA:809,505
end_of_record
SF:/usr/include/c++/9/bits/hashtable.h
FN:342,_ZNKSt10_HashtableIPhS0_SaIS0_ENSt8__detail9_IdentityESt8equal_toIS0_ESt4hashIS0_ENS2_18_Mod_range_hashingENS2_20_Default_ranged_hashENS2_20_Prime_rehash_policyENS2_17_Hashtable_traitsILb0ELb1ELb1EEEE21_M_uses_single_bucketEPPNS2_15_Hash_node_baseE
FNDA:257,_ZNKSt10_HashtableIPhS0_SaIS0_ENSt8__detail9_IdentityESt8equal_toIS0_ESt4hashIS0_ENS2_18_Mod_range_hashingENS2_20_Default_ranged_hashENS2_20_Prime_rehash_policyENS2_17_Hashtable_traitsILb0ELb1ELb1EEEE21_M_uses_single_bucketEPPNS2_15_Hash_node_baseE
FN:353,_ZNSt10_HashtableIPhS0_SaIS0_ENSt8__detail9_IdentityESt8equal_toIS0_ESt4hashIS0_ENS2_18_Mod_range_hashingENS2_20_Default_ranged_hashENS2_20_Prime_rehash_policyENS2_17_Hashtable_traitsILb0ELb1ELb1EEEE19_M_allocate_bucketsEm
FNDA:257,_ZNSt10_HashtableIPhS0_SaIS0_ENSt8__detail9_IdentityESt8equal_toIS0_ESt4hashIS0_ENS2_18_Mod_range_hashingENS2_20_Default_ranged_hashENS2_20_Prime_rehash_policyENS2_17_Hashtable_traitsILb0ELb1ELb1EEEE19_M_allocate_bucketsEm
FN:365,_ZNSt10_HashtableIPhS0_SaIS0_ENSt8__detail9_IdentityESt8equal_toIS0_ESt4hashIS0_ENS2_18_Mod_range_hashingENS2_20_Default_ranged_hashENS2_20_Prime_rehash_policyENS2_17_Hashtable_traitsILb0ELb1ELb1EEEE21_M_deallocate_bucketsEPPNS2_15_Hash_node_baseEm
FNDA:257,_ZNSt10_HashtableIPhS0_SaIS0_ENSt8__detail9_IdentityESt8equal_toIS0_ESt4hashIS0_ENS2_18_Mod_range_hashingENS2_20_Default_ranged_hashENS2_20_Prime_rehash_policyENS2_17_Hashtable_traitsILb0ELb1ELb1EEEE21_M_deallocate_bucketsEPPNS2_15_Hash_node_baseEm
FN:374,_ZNSt10_HashtableIPhS0_SaIS0_ENSt8__detail9_IdentityESt8equal_toIS0_ESt4hashIS0_ENS2_18_Mod_range_hashingENS2_20_Default_ranged_hashENS2_20_Prime_rehash_policyENS2_17_Hashtable_traitsILb0ELb1ELb1EEEE21_M_deallocate_bucketsEv
FNDA:257,_ZNSt10_HashtableIPhS0_SaIS0_ENSt8__detail9_IdentityESt8equal_toIS0_ESt4hashIS0_ENS2_18_Mod_range_hashingENS2_20_Default_ranged_hashENS2_20_Prime_rehash_policyENS2_17_Hashtable_traitsILb0ELb1ELb1EEEE21_M_deallocate_bucketsEv
FN:383,_ZNKSt10_HashtableIPhS0_SaIS0_ENSt8__detail9_IdentityESt8equal_toIS0_ESt4hashIS0_ENS2_18_Mod_range_hashingENS2_20_Default_ranged_hashENS2_20_Prime_rehash_policyENS2_17_Hashtable_traitsILb0ELb1ELb1EEEE8_M_beginEv
FNDA:257,_ZNKSt10_HashtableIPhS0_SaIS0_ENSt8__detail9_IdentityESt8equal_toIS0_ESt4hashIS0_ENS2_18_Mod_range_hashingENS2_20_Default_ranged_hashENS2_20_Prime_rehash_policyENS2_17_Hashtable_traitsILb0ELb1ELb1EEEE8_M_beginEv
FN:414,_ZNSt10_HashtableIPhS0_SaIS0_ENSt8__detail9_IdentityESt8equal_toIS0_ESt4hashIS0_ENS2_18_Mod_range_hashingENS2_20_Default_ranged_hashENS2_20_Prime_rehash_policyENS2_17_Hashtable_traitsILb0ELb1ELb1EEEEC2Ev
FNDA:253,_ZNSt10_HashtableIPhS0_SaIS0_ENSt8__detail9_IdentityESt8equal_toIS0_ESt4hashIS0_ENS2_18_Mod_range_hashingENS2_20_Default_ranged_hashENS2_20_Prime_rehash_policyENS2_17_Hashtable_traitsILb0ELb1ELb1EEEEC2Ev
FN:512,_ZNSt10_HashtableIPhS0_SaIS0_ENSt8__detail9_IdentityESt8equal_toIS0_ESt4hashIS0_ENS2_18_Mod_range_hashingENS2_20_Default_ranged_hashENS2_20_Prime_rehash_policyENS2_17_Hashtable_traitsILb0ELb1ELb1EEEE3endEv
FNDA:10192,_ZNSt10_HashtableIPhS0_SaIS0_ENSt8__detail9_IdentityESt8equal_toIS0_ESt4hashIS0_ENS2_18_Mod_range_hashingENS2_20_Default_ranged_hashENS2_20_Prime_rehash_policyENS2_17_Hashtable_traitsILb0ELb1ELb1EEEE3endEv
[...]
DA:75,0
DA:76,0
DA:70,520319
DA:73,520319
DA:74,0
DA:75,0
DA:76,0
DA:123,3612
DA:124,3612
DA:125,3612
DA:126,3612
DA:127,3612
DA:251,505
DA:254,505
DA:255,1010
DA:256,1515
DA:257,505
DA:264,33241400
DA:265,33241400
DA:267,30342600
DA:268,30342600
DA:271,3712
DA:273,3712
DA:274,3712
DA:275,3712
DA:278,963148
DA:280,963148
DA:281,963148
DA:282,963148
DA:285,411062
DA:287,411062
DA:288,411062
DA:289,411062
DA:292,418486
DA:294,418486
DA:295,418486
DA:296,418486
DA:371,3712
DA:372,3712
DA:374,33230300
DA:375,33230300
DA:377,32019200
DA:378,32019200
DA:396,18240900
DA:397,18240900
DA:400,414678
DA:401,414678
DA:404,411062
DA:405,411062
DA:406,0
DA:410,411062
DA:411,411062
DA:412,411062
DA:495,411062
DA:496,411062
DA:537,7432
DA:538,7432
DA:537,15086
DA:538,15086
DA:537,1193220
DA:538,1193220
DA:537,418486
DA:538,418486
DA:537,3716
DA:538,3716
DA:537,4071890
DA:538,4071890
DA:573,1327810
DA:575,1327810
DA:576,1327810
DA:577,1327810
DA:583,1335240
DA:584,1335240
DA:586,526879
DA:587,526879
DA:590,526879
DA:592,526879
DA:593,526879
DA:594,526879
DA:601,4356180
DA:603,4356180
DA:604,4356180
DA:605,4356180
DA:611,4371260
DA:612,4371260
DA:618,14910
DA:619,14910
DA:641,14910
DA:643,14910
DA:644,14910
DA:645,14910
DA:648,176
DA:650,176
DA:651,176
DA:652,176
DA:767,3716
DA:768,3716
DA:813,3716
DA:814,3716
DA:816,0
DA:817,0
DA:824,3716
DA:826,3716
DA:827,3716
DA:829,3716
DA:830,3716
DA:831,3716
DA:832,3716
DA:833,3716
DA:834,7432
DA:931,401913
DA:932,401913
DA:931,505
DA:932,505
DA:931,258670
DA:932,258670
DA:951,401913
DA:961,401913
DA:951,505
DA:961,505
DA:951,258670
DA:961,258670
DA:997,258670
DA:998,258670
DA:999,258670
DA:1003,258670
DA:1004,258670
DA:1006,4633060
DA:1008,4633060
DA:1009,4633060
DA:1010,4633060
DA:1013,3712
DA:1014,3712
DA:1016,23013600
DA:1017,23013600
DA:1027,258670
DA:1028,258670
DA:1107,11136
DA:1109,11136
DA:1110,11136
DA:1111,11136
DA:1133,505
DA:1135,505
DA:1136,505
DA:1137,505
DA:1181,401913
DA:1183,401913
DA:1184,401913
DA:1185,401913
DA:1181,258670
DA:1183,258670
DA:1184,258670
DA:1185,258670
DA:1335,918463
DA:1337,918463
DA:1338,918463
DA:1339,918463
DA:1352,918463
DA:1353,918463
DA:1355,659914
DA:1357,659914
DA:1358,659914
DA:1359,659914
DA:1627,3712
DA:1628,3712
DA:1629,3712
DA:1631,2391720
DA:1632,2391720
DA:1633,2391720
DA:1737,3712
DA:1738,3712
DA:1741,2391720
DA:1742,2391720
DA:1743,2391720
DA:1744,2391720
DA:1745,2391720
DA:1746,2391720
DA:1748,0
DA:1749,0
DA:1751,2391720
DA:1752,2391720
DA:1794,0
DA:1800,0
DA:1801,0
DA:1802,0
DA:1805,0
DA:1794,0
DA:1800,0
DA:1801,0
DA:1802,0
DA:1805,0
DA:1809,0
DA:1810,0
DA:1811,0
DA:1813,0
DA:1814,0
DA:1815,0
DA:1816,0
DA:1817,0
DA:1818,0
DA:1820,0
DA:1821,0
DA:1887,3928740
DA:1888,3928740
DA:1906,1193220
DA:1907,1193220
DA:1910,0
DA:1911,0
DA:1914,1193220
DA:1916,2386440
DA:1917,1193220
DA:1918,1193220
DA:1919,1193220
DA:1922,411062
DA:1926,411062
DA:1936,411062
DA:1942,822124
DA:1943,411062
DA:1944,411062
DA:1945,411062
DA:2022,3712
DA:2027,3712
DA:2028,3712
DA:2029,3712
DA:2036,3712
DA:2037,0
DA:2038,0
DA:2040,7424
DA:2077,3712
DA:2078,3712
DA:2081,2388010
DA:2082,2388010
DA:2083,2388010
DA:2086,3712
DA:2087,3712
DA:2088,3712
DA:2091,519441
DA:2092,519441
DA:2093,519441
DA:2103,519441
DA:2107,519441
DA:2110,519441
DA:2111,519441
DA:2112,519441
DA:2113,519441
DA:2115,519441
DA:2121,0
DA:2123,0
DA:2129,0
DA:2130,0
DA:2132,0
DA:2133,0
DA:2136,0
DA:2137,0
DA:2138,0
DA:2141,0
DA:2142,0
DA:2145,0
DA:2150,0
DA:2152,0
DA:2153,0
DA:2157,0
DA:2158,0
DA:2159,0
DA:2160,0
DA:2161,0
DA:2163,0
DA:2166,0
DA:2169,0
DA:2170,0
DA:2173,4
DA:2174,4
DA:2177,0
DA:2178,0
DA:2184,4
DA:2185,4
DA:2186,4
DA:2190,4
DA:2192,4
DA:2220,0
DA:2221,0
DA:2224,0
DA:2226,0
DA:2234,0
DA:2237,4
DA:2238,8
DA:2239,4
DA:2245,4
DA:2248,4
DA:2249,0
DA:2255,4
DA:2259,0
DA:2260,0
DA:2266,4
DA:2271,4
DA:2272,4
DA:2275,4
DA:2276,4
DA:2278,8
DA:2314,11136
DA:2315,11136
DA:2316,11136
DA:2318,11136
DA:2319,0
DA:2323,11136
DA:2324,11136
DA:2326,11136
DA:2314,2320240
DA:2315,2320240
DA:2316,2320240
DA:2318,2320240
DA:2319,0
DA:2323,2320240
DA:2324,2320240
DA:2326,2320240
DA:2314,4633060
DA:2315,4633060
DA:2316,4633060
DA:2318,4633060
DA:2319,0
DA:2323,4633060
DA:2324,4633060
DA:2326,4633060
DA:2331,11148
DA:2332,11148
DA:2331,3716
DA:2332,3716
DA:2331,3716
DA:2332,3716
DA:2335,11136
DA:2336,11136
DA:2337,11136
DA:2335,2320240
DA:2336,2320240
DA:2337,2320240
DA:2335,4636780
DA:2336,4636780
DA:2337,4636780
DA:2340,21984
DA:2341,21984
DA:2342,0
DA:2343,0
DA:2346,0
DA:2348,21984
DA:2340,4644100
DA:2341,4644100
DA:2342,2316530
DA:2343,2316530
DA:2346,2316530
DA:2348,4644100
DA:2340,9273450
DA:2341,9273450
DA:2342,4636680
DA:2343,4636680
DA:2346,4636680
DA:2348,9273450
DA:2351,2320240
DA:2352,2320240
DA:2353,2320240
DA:2354,2320240
DA:2355,2320240
DA:2356,2320240
DA:2351,4633060
DA:2352,4633060
DA:2353,4633060
DA:2354,4633060
DA:2355,4633060
DA:2356,4633060
DA:2359,11136
DA:2360,11136
DA:2361,11136
DA:2362,11136
DA:2363,11136
DA:2364,11136
DA:2365,11136
DA:2366,11136
DA:2367,11136
DA:2359,3712
DA:2360,3712
DA:2361,3712
DA:2362,3712
DA:2363,3712
DA:2364,3712
DA:2365,3712
DA:2366,3712
DA:2367,3712
DA:2359,3716
DA:2360,3716
DA:2361,3716
DA:2362,3716
DA:2363,3716
DA:2364,3716
DA:2365,3716
DA:2366,3716
DA:2367,3716
DA:2401,0
DA:2402,0
DA:2401,4
DA:2402,4
DA:2406,0
DA:2407,0
DA:2406,3620
DA:2407,3620
DA:2411,1194790
DA:2412,1194790
DA:2413,0
DA:2417,1194790
DA:2418,1194790
DA:2419,1194790
DA:2411,3509750
DA:2412,3509750
DA:2413,0
DA:2417,3509750
DA:2418,3509750
DA:2419,3509750
DA:2411,2731210
DA:2412,2731210
DA:2413,0
DA:2417,2731210
DA:2418,2731210
DA:2419,2731210
DA:2439,10532
DA:2440,10532
DA:2441,3712
DA:2442,3712
DA:2443,3712
DA:2445,10532
DA:2439,31596
DA:2440,31596
DA:2441,11136
DA:2442,11136
DA:2443,11136
DA:2445,31596
DA:2439,3716
DA:2440,3716
DA:2441,0
DA:2442,0
DA:2443,0
DA:2445,3716
DA:2478,11136
DA:2479,11136
DA:2482,4633060
DA:2483,9266120
DA:2486,2320240
DA:2487,4640480
DA:2497,4
DA:2498,4
DA:2500,4633060
DA:2501,4633060
DA:2502,4633060
DA:2522,0
DA:2523,0
DA:2524,0
DA:2621,3716
DA:2622,3716
DA:2628,2320240
DA:2629,2320240
DA:2630,2320240
DA:2641,3712
DA:2642,3712
DA:2643,3712
DA:2670,7424
DA:2672,14848
DA:2673,7424
DA:2674,7424
DA:2675,0
DA:2677,7424
DA:2680,0
DA:2682,0
DA:2683,0
DA:2684,0
DA:2685,0
DA:2687,0
DA:2700,411062
DA:2704,822124
DA:2705,411062
DA:2706,411062
DA:2707,0
DA:2709,411062
DA:2751,4071890
DA:2752,4071890
DA:2753,4071890
DA:2754,4071890
DA:2755,4071890
DA:2756,4071890
DA:2758,4071890
DA:2761,3716
DA:2762,3716
DA:2764,3716
DA:2765,3716
DA:2767,4071890
DA:2769,8143790
DA:2770,4071890
DA:2771,3716
DA:2773,4071890
DA:2786,4478640
DA:2787,4478640
DA:2790,932129
DA:2791,932129
DA:2794,437296
DA:2795,874592
DA:2798,4075610
DA:2799,4075610
DA:2800,0
DA:2802,4075610
DA:2805,0
DA:2806,0
DA:2809,0
DA:2810,0
DA:2811,0
DA:3150,3716
DA:3151,3716
DA:3152,3716
DA:3155,3716
DA:3156,3716
DA:3157,3716
DA:3159,3716
DA:3160,3716
DA:3161,3716
DA:3164,0
DA:3175,0
DA:3164,3616
DA:3167,3616
DA:3168,3616
DA:3171,3616
DA:3172,4
DA:3175,7232
DA:3178,4068180
DA:3180,4068180
DA:3181,4068180
DA:3182,4068180
DA:3187,505
DA:3193,505
DA:3203,13130
DA:3204,12625
DA:3205,12625
DA:3206,12625
DA:3207,0
DA:3210,0
DA:3212,0
DA:3213,0
DA:3214,0
DA:3215,12625
DA:3216,0
DA:3219,0
DA:3221,0
DA:3222,0
DA:3223,0
DA:3228,505
DA:3234,505
DA:3236,505
DA:3241,13130
DA:3242,12625
DA:3244,12625
DA:3245,12625
DA:3246,0
DA:3248,0
DA:3249,0
DA:3250,12625
DA:3251,12625
DA:3252,0
DA:3254,0
DA:3255,0
DA:3256,12625
DA:3257,7575
DA:3258,0
DA:3260,0
DA:3261,0
DA:3262,7575
DA:3263,0
DA:3265,0
DA:3266,0
DA:3271,1010
DA:3275,505
DA:3280,505
DA:3283,505
DA:3284,505
DA:3558,505
DA:3562,505
DA:3563,505
DA:3564,505
DA:3565,505
DA:3566,505
DA:3567,505
DA:3558,505
DA:3562,505
DA:3563,505
DA:3564,505
DA:3565,505
DA:3566,505
DA:3567,505
DA:3558,505
DA:3562,505
DA:3563,505
DA:3564,505
DA:3565,505
DA:3566,505
DA:3567,505
DA:3558,505
DA:3562,505
DA:3563,505
DA:3564,505
DA:3565,505
DA:3566,505
DA:3567,505
DA:3558,505
DA:3562,505
DA:3563,505
DA:3564,505
DA:3565,505
DA:3566,505
DA:3567,505
DA:3572,505
DA:3576,505
DA:3577,505
DA:3578,505
DA:3579,505
DA:3580,505
DA:3581,505
DA:3572,505
DA:3576,505
DA:3577,505
DA:3578,505
DA:3579,505
DA:3580,505
DA:3581,505
DA:3572,505
DA:3576,505
DA:3577,505
DA:3578,505
DA:3579,505
DA:3580,505
DA:3581,505
DA:3572,505
DA:3576,505
DA:3577,505
DA:3578,505
DA:3579,505
DA:3580,505
DA:3581,505
DA:3572,505
DA:3576,505
DA:3577,505
DA:3578,505
DA:3579,505
DA:3580,505
DA:3581,505
DA:3572,505
DA:3576,505
DA:3577,505
DA:3578,505
DA:3579,505
DA:3580,505
DA:3581,505
DA:3572,505
DA:3576,505
DA:3577,505
DA:3578,505
DA:3579,505
DA:3580,505
DA:3581,505
DA:3572,505
DA:3576,505
DA:3577,505
DA:3578,505
DA:3579,505
DA:3580,505
DA:3581,505
DA:3572,505
DA:3576,505
DA:3577,505
DA:3578,505
DA:3579,505
DA:3580,505
DA:3581,505
DA:3572,505
DA:3576,505
DA:3577,505
DA:3578,505
DA:3579,505
DA:3580,505
DA:3581,505
DA:3653,505
DA:3657,505
DA:3658,505
DA:3659,505
DA:3660,505
DA:3661,505
DA:3662,505
DA:3663,505
DA:3653,505
DA:3657,505
DA:3658,505
DA:3659,505
DA:3660,505
DA:3661,505
DA:3662,505
DA:3663,505
DA:3653,505
DA:3657,505
DA:3658,505
DA:3659,505
DA:3660,505
DA:3661,505
DA:3662,505
DA:3663,505
DA:3653,505
DA:3657,505
DA:3658,505
DA:3659,505
DA:3660,505
DA:3661,505
DA:3662,505
DA:3663,505
DA:3653,505
DA:3657,505
DA:3658,505
DA:3659,505
DA:3660,505
DA:3661,505
DA:3662,505
DA:3663,505
DA:3653,505
DA:3657,505
DA:3658,505
DA:3659,505
DA:3660,505
DA:3661,505
DA:3662,505
DA:3663,505
DA:3653,505
DA:3657,505
DA:3658,505
DA:3659,505
DA:3660,505
DA:3661,505
DA:3662,505
DA:3663,505
DA:3653,505
DA:3657,505
DA:3658,505
DA:3659,505
DA:3660,505
DA:3661,505
DA:3662,505
DA:3663,505
DA:3653,505
DA:3657,505
DA:3658,505
DA:3659,505
DA:3660,505
DA:3661,505
DA:3662,505
DA:3663,505
DA:3653,505
DA:3657,505
DA:3658,505
DA:3659,505
DA:3660,505
DA:3661,505
DA:3662,505
DA:3663,505
DA:3727,3612
DA:3730,3716
DA:3734,3716
DA:3735,3716
DA:3737,3716
DA:3738,3716
DA:3739,0
DA:3740,0
DA:3743,3716
DA:3744,7432
DA:3745,3716
DA:3747,3712
DA:3758,7424
DA:3761,3716
DA:3765,0
DA:3768,0
DA:3769,0
DA:3771,0
DA:3772,0
DA:3773,0
DA:3774,0
DA:3775,0
DA:3779,0
DA:3782,0
DA:3783,0
DA:3785,0
DA:3786,0
DA:3787,0
DA:3788,0
DA:3792,0
DA:3795,0
DA:3796,0
DA:3798,0
DA:3799,0
DA:3800,0
DA:3801,0
DA:3805,0
DA:3808,0
DA:3809,0
DA:3811,0
DA:3812,0
DA:3813,0
DA:3814,0
DA:3815,0
DA:3819,0
DA:3822,0
DA:3823,0
DA:3825,0
DA:3826,0
DA:3827,0
DA:3828,0
DA:3829,0
DA:3830,0
DA:3831,0
DA:3835,0
DA:3838,0
DA:3839,0
DA:3841,0
DA:3842,0
DA:3843,0
DA:3844,0
DA:3845,0
DA:3846,0
DA:3850,0
DA:3853,0
DA:3854,0
DA:3856,0
DA:3857,0
DA:3858,0
DA:3859,0
DA:3860,0
DA:3861,0
DA:3865,0
DA:3868,0
DA:3869,0
DA:3871,0
DA:3872,0
DA:3873,0
DA:3874,0
DA:3875,0
DA:3876,0
DA:3877,0
DA:3881,3612
DA:3882,3612
DA:3883,3612
DA:3884,3612
DA:3885,3612
DA:3906,810
DA:3907,810
DA:3912,810
DA:3906,11
DA:3907,11
DA:3912,11
DA:3906,807
DA:3907,807
DA:3912,807
DA:3906,12
DA:3907,12
DA:3912,12
DA:3906,3208
DA:3907,3208
DA:3912,3208
DA:3907,810
DA:3907,11
DA:3907,807
DA:3907,12
DA:3907,3208
DA:3908,4848
DA:3909,4848
DA:3910,4848
DA:3911,9696
DA:3917,659905
DA:3918,659905
DA:3922,659905
DA:3917,519441
DA:3918,519441
DA:3922,519441
DA:3917,807
DA:3918,807
DA:3922,807
DA:3917,24
DA:3918,24
DA:3922,24
DA:3917,11
DA:3918,11
DA:3922,11
DA:3917,519447
DA:3918,519447
DA:3922,519447
DA:3917,810
DA:3918,810
DA:3922,810
DA:3917,76
DA:3918,76
DA:3922,76
DA:3917,659890
DA:3918,659890
DA:3922,659890
DA:3917,12
DA:3918,12
DA:3922,12
DA:3917,72
DA:3918,72
DA:3922,72
DA:3917,659974
DA:3918,659974
DA:3922,659974
DA:3917,520319
DA:3918,520319
DA:3922,520319
DA:3917,520319
DA:3918,520319
DA:3922,520319
DA:3917,64
DA:3918,64
DA:3922,64
DA:3917,12
DA:3918,12
DA:3922,12
DA:3917,197
DA:3918,197
DA:3922,197
DA:3917,197
DA:3918,197
DA:3922,197
DA:3917,1556
DA:3918,1556
DA:3922,1556
DA:3917,197
DA:3918,197
DA:3922,197
DA:3918,659905
DA:3918,519441
DA:3918,807
DA:3918,24
DA:3918,11
DA:3918,519447
DA:3918,810
DA:3918,76
DA:3918,659890
DA:3918,12
DA:3918,72
DA:3918,659974
DA:3918,520319
DA:3918,520319
DA:3918,64
DA:3918,12
DA:3918,197
DA:3918,197
DA:3918,1556
DA:3918,197
DA:3919,8126660
DA:3920,4063330
DA:3921,8126660
DA:3954,2316530
DA:3955,2316530
DA:3956,2316530
DA:3957,2316530
DA:3959,4633070
DA:3960,2316530
DA:3961,2316530
DA:3964,2316530
DA:3982,418486
DA:3983,418486
DA:3984,418486
DA:3985,418486
DA:3987,836972
DA:3988,418486
DA:3989,418486
DA:3992,418486
DA:3998,418486
DA:3999,418486
DA:4002,418486
DA:4004,418486
DA:4005,418486
DA:4006,418486
DA:4026,0
DA:4031,0
DA:4026,0
DA:4027,0
DA:4028,0
DA:4031,0
DA:4064,0
DA:4069,0
DA:4064,0
DA:4065,0
DA:4066,0
DA:4067,0
DA:4069,0
DA:4098,2316530
DA:4099,2316530
DA:4100,2316530
DA:4102,2316530
DA:4103,2316530
DA:4104,2316530
DA:4105,2316530
DA:4107,2316530
DA:4109,2316530
DA:4110,2316530
DA:4113,2316530
DA:4114,2316530
DA:4130,2316530
DA:4133,2316530
DA:4134,0
DA:4137,2316530
DA:4139,2316530
DA:4141,2316530
DA:4143,2316530
DA:4145,2316530
DA:4146,2316530
DA:4174,0
DA:4179,0
DA:4174,2316530
DA:4175,2316530
DA:4176,2316530
DA:4177,2316530
DA:4179,2316530
DA:4181,2316530
DA:4182,2316530
DA:4183,2316530
DA:4212,2727590
DA:4213,2727590
DA:4216,2316530
DA:4217,2316530
DA:4218,2316530
DA:4219,2316530
DA:4226,411062
DA:4227,411062
DA:4230,2316530
DA:4231,2316530
DA:4238,0
DA:4239,0
DA:4240,0
DA:4242,0
DA:4244,0
DA:4245,0
DA:4246,0
DA:4248,0
DA:4250,0
DA:4251,0
DA:4252,0
DA:4254,0
DA:4255,0
DA:4261,2316530
DA:4262,2316530
DA:4263,2316530
DA:4264,2316530
DA:4269,2316530
DA:4272,2316530
DA:4273,0
DA:4274,0
DA:4279,2316530
DA:4281,2316530
DA:4284,2316530
DA:4285,2316530
DA:4286,2316530
DA:4287,2316530
DA:4288,2316530
DA:4289,4633060
DA:4290,2316530
DA:4291,2316530
DA:4292,2316530
DA:4295,0
DA:4297,2316530
DA:4300,2316530
DA:4301,2316530
DA:4303,2316530
end_of_record
SF:/usr/include/c++/9/bits/basic_string.tcc
FN:206,_ZNSt7__cxx1112basic_stringIcSt11char_traitsIcESaIcEE12_M_constructIPcEEvT_S7_St20forward_iterator_tag
FNDA:0,_ZNSt7__cxx1112basic_stringIcSt11char_traitsIcESaIcEE12_M_constructIPcEEvT_S7_St20forward_iterator_tag
FN:206,_ZNSt7__cxx1112basic_stringIcSt11char_traitsIcESaIcEE12_M_constructIPKcEEvT_S8_St20forward_iterator_tag
FNDA:0,_ZNSt7__cxx1112basic_stringIcSt11char_traitsIcESaIcEE12_M_constructIPKcEEvT_S8_St20forward_iterator_tag
DA:206,0
DA:211,0
DA:212,0
DA:215,0
DA:217,0
DA:219,0
DA:220,0
DA:225,0
DA:226,0
DA:228,0
DA:229,0
DA:232,0
DA:233,0
DA:206,0
DA:211,0
DA:212,0
DA:215,0
DA:217,0
DA:219,0
DA:220,0
DA:225,0
DA:226,0
DA:228,0
DA:229,0
DA:232,0
DA:233,0
end_of_record
SF:/usr/include/c++/9/ext/string_conversions.h
FN:99,_ZN9__gnu_cxx12__to_xstringINSt7__cxx1112basic_stringIcSt11char_traitsIcESaIcEEEcEET_PFiPT0_mPKS8_P13__va_list_tagEmSB_z
FNDA:0,_ZN9__gnu_cxx12__to_xstringINSt7__cxx1112basic_stringIcSt11char_traitsIcESaIcEEEcEET_PFiPT0_mPKS8_P13__va_list_tagEmSB_z
DA:99,0
DA:105,0
DA:109,0
DA:111,0
DA:113,0
DA:115,0
end_of_record
SF:/usr/include/c++/9/bits/char_traits.h
FN:329,_ZNSt11char_traitsIcE6lengthEPKc
FNDA:0,_ZNSt11char_traitsIcE6lengthEPKc
FN:361,_ZNSt11char_traitsIcE4copyEPcPKcm
FNDA:0,_ZNSt11char_traitsIcE4copyEPcPKcm
DA:329,0
DA:335,0
DA:361,0
DA:363,0
DA:364,0
DA:365,0
end_of_record
SF:/usr/include/c++/9/bits/vector.tcc
FN:611,_ZNSt6vectorI11AsyncBufferSaIS0_EE17_M_default_appendEm
FNDA:258670,_ZNSt6vectorI11AsyncBufferSaIS0_EE17_M_default_appendEm
DA:611,258670
DA:614,258670
DA:616,258670
DA:617,258670
DA:618,258670
DA:620,258670
DA:621,0
DA:623,258670
DA:626,0
DA:627,0
DA:628,0
DA:633,258670
DA:635,258670
DA:636,258670
DA:640,258670
DA:641,258670
DA:643,0
DA:645,0
DA:646,0
DA:648,258670
DA:649,258670
DA:653,0
DA:656,0
DA:657,0
DA:658,0
DA:659,0
DA:661,0
DA:663,0
DA:665,0
DA:666,0
DA:667,0
DA:668,0
DA:669,0
DA:671,0
DA:672,0
DA:675,258670
DA:676,258670
DA:677,258670
DA:678,258670
DA:679,258670
DA:680,258670
DA:683,258670
end_of_record
SF:/usr/include/c++/9/bits/stl_iterator_base_funcs.h
FN:98,_ZSt10__distanceIPcENSt15iterator_traitsIT_E15difference_typeES2_S2_St26random_access_iterator_tag
FNDA:0,_ZSt10__distanceIPcENSt15iterator_traitsIT_E15difference_typeES2_S2_St26random_access_iterator_tag
FN:98,_ZSt10__distanceIPKcENSt15iterator_traitsIT_E15difference_typeES3_S3_St26random_access_iterator_tag
FNDA:0,_ZSt10__distanceIPKcENSt15iterator_traitsIT_E15difference_typeES3_S3_St26random_access_iterator_tag
FN:138,_ZSt8distanceIPcENSt15iterator_traitsIT_E15difference_typeES2_S2_
FNDA:0,_ZSt8distanceIPcENSt15iterator_traitsIT_E15difference_typeES2_S2_
FN:138,_ZSt8distanceIPKcENSt15iterator_traitsIT_E15difference_typeES3_S3_
FNDA:0,_ZSt8distanceIPKcENSt15iterator_traitsIT_E15difference_typeES3_S3_
DA:98,0
DA:104,0
DA:98,0
DA:104,0
DA:138,0
DA:141,0
DA:142,0
DA:138,0
DA:141,0
DA:142,0
end_of_record
SF:/usr/include/c++/9/bits/stl_construct.h
FN:74,_ZSt10_ConstructI11AsyncBufferJS0_EEvPT_DpOT0_
FNDA:0,_ZSt10_ConstructI11AsyncBufferJS0_EEvPT_DpOT0_
FN:74,_ZSt10_ConstructI11AsyncBufferJEEvPT_DpOT0_
FNDA:258670,_ZSt10_ConstructI11AsyncBufferJEEvPT_DpOT0_
FN:117,_ZNSt12_Destroy_auxILb1EE9__destroyIP24napi_property_descriptorEEvT_S4_
FNDA:505,_ZNSt12_Destroy_auxILb1EE9__destroyIP24napi_property_descriptorEEvT_S4_
FN:117,_ZNSt12_Destroy_auxILb1EE9__destroyIP11AsyncBufferEEvT_S4_
FNDA:2463920,_ZNSt12_Destroy_auxILb1EE9__destroyIP11AsyncBufferEEvT_S4_
FN:117,_ZNSt12_Destroy_auxILb1EE9__destroyIPP12napi_value__EEvT_S5_
FNDA:0,_ZNSt12_Destroy_auxILb1EE9__destroyIPP12napi_value__EEvT_S5_
FN:127,_ZSt8_DestroyIP24napi_property_descriptorEvT_S2_
FNDA:505,_ZSt8_DestroyIP24napi_property_descriptorEvT_S2_
FN:127,_ZSt8_DestroyIP11AsyncBufferEvT_S2_
FNDA:2463920,_ZSt8_DestroyIP11AsyncBufferEvT_S2_
FN:127,_ZSt8_DestroyIPP12napi_value__EvT_S3_
FNDA:0,_ZSt8_DestroyIPP12napi_value__EvT_S3_
FN:203,_ZSt8_DestroyIP24napi_property_descriptorS0_EvT_S2_RSaIT0_E
FNDA:505,_ZSt8_DestroyIP24napi_property_descriptorS0_EvT_S2_RSaIT0_E
FN:203,_ZSt8_DestroyIP11AsyncBufferS0_EvT_S2_RSaIT0_E
FNDA:2463920,_ZSt8_DestroyIP11AsyncBufferS0_EvT_S2_RSaIT0_E
FN:203,_ZSt8_DestroyIPP12napi_value__S1_EvT_S3_RSaIT0_E
FNDA:0,_ZSt8_DestroyIPP12napi_value__S1_EvT_S3_RSaIT0_E
DA:74,0
DA:75,0
DA:74,258670
DA:75,517340
DA:117,505
DA:117,2463920
DA:117,0
DA:127,505
DA:137,505
DA:138,505
DA:127,2463920
DA:137,2463920
DA:138,2463920
DA:127,0
DA:137,0
DA:138,0
DA:203,505
DA:206,505
DA:207,505
DA:203,2463920
DA:206,2463920
DA:207,2463920
DA:203,0
DA:206,0
DA:207,0
end_of_record
SF:/usr/include/c++/9/new
FN:173,_ZnwmPv
FNDA:266329,_ZnwmPv
FN:179,_ZdlPvS_
FNDA:0,_ZdlPvS_
DA:173,266329
DA:174,266329
DA:179,0
end_of_record
SF:/usr/include/x86_64-linux-gnu/c++/9/bits/gthr-default.h
FN:248,_ZL18__gthread_active_pv
FNDA:23082,_ZL18__gthread_active_pv
FN:746,_ZL20__gthread_mutex_lockP15pthread_mutex_t
FNDA:11541,_ZL20__gthread_mutex_lockP15pthread_mutex_t
FN:776,_ZL22__gthread_mutex_unlockP15pthread_mutex_t
FNDA:11541,_ZL22__gthread_mutex_unlockP15pthread_mutex_t
DA:248,23082
DA:252,23082
DA:746,11541
DA:748,11541
DA:749,11541
DA:751,0
DA:776,11541
DA:778,11541
DA:779,11541
DA:781,0
end_of_record
SF:/usr/include/c++/9/bits/allocator.h
FN:138,_ZNSaI11AsyncBufferEC2Ev
FNDA:2463920,_ZNSaI11AsyncBufferEC2Ev
FN:138,_ZNSaI24napi_property_descriptorEC2Ev
FNDA:505,_ZNSaI24napi_property_descriptorEC2Ev
FN:138,_ZNSaIP12napi_value__EC2Ev
FNDA:0,_ZNSaIP12napi_value__EC2Ev
FN:138,_ZNSaINSt8__detail10_Hash_nodeIPhLb0EEEEC2Ev
FNDA:253,_ZNSaINSt8__detail10_Hash_nodeIPhLb0EEEEC2Ev
FN:141,_ZNSaI24napi_property_descriptorEC2ERKS0_
FNDA:1010,_ZNSaI24napi_property_descriptorEC2ERKS0_
FN:151,_ZNSaIPNSt8__detail15_Hash_node_baseEEC2INS_10_Hash_nodeIPhLb0EEEEERKSaIT_E
FNDA:261,_ZNSaIPNSt8__detail15_Hash_node_baseEEC2INS_10_Hash_nodeIPhLb0EEEEERKSaIT_E
FN:153,_ZNSaIPNSt8__detail15_Hash_node_baseEED2Ev
FNDA:261,_ZNSaIPNSt8__detail15_Hash_node_baseEED2Ev
FN:153,_ZNSaI11AsyncBufferED2Ev
FNDA:2463920,_ZNSaI11AsyncBufferED2Ev
FN:153,_ZNSaI24napi_property_descriptorED2Ev
FNDA:1515,_ZNSaI24napi_property_descriptorED2Ev
FN:153,_ZNSaIP12napi_value__ED2Ev
FNDA:0,_ZNSaIP12napi_value__ED2Ev
DA:138,2463920
DA:138,505
DA:138,0
DA:138,253
DA:141,1010
DA:142,1010
DA:151,261
DA:153,261
DA:153,2463920
DA:153,1515
DA:153,0
end_of_record
