TN:
SF:/home/david/shared-memory-disruptor/node_modules/node-addon-api/napi-inl.h
FN:54,_ZN4Napi7details12WrapCallbackIZNS_10ObjectWrapI9DisruptorE33InstanceVoidMethodCallbackWrapperEP10napi_env__P20napi_callback_info__EUlvE_EEP12napi_value__T_
FN:54,_ZN4Napi7details12WrapCallbackIZNS_14RegisterModuleEP10napi_env__P12napi_value__S5_PFvNS_3EnvENS_6ObjectES7_EEUlvE_EES5_T_
FN:54,_ZN4Napi7details12WrapCallbackIZNS0_12CallbackDataIPFvRKNS_12CallbackInfoEEvE7WrapperEP10napi_env__P20napi_callback_info__EUlvE_EEP12napi_value__T_
FN:54,_ZN4Napi7details12WrapCallbackIZNS_11AsyncWorker14OnWorkCompleteEP10napi_env__11napi_statusPvEUlvE_EEP12napi_value__T_
FN:54,_ZN4Napi7details12WrapCallbackIZNS_10ObjectWrapI9DisruptorE29InstanceGetterCallbackWrapperEP10napi_env__P20napi_callback_info__EUlvE_EEP12napi_value__T_
FN:54,_ZN4Napi7details12WrapCallbackIZNS_10ObjectWrapI9DisruptorE29InstanceSetterCallbackWrapperEP10napi_env__P20napi_callback_info__EUlvE_EEP12napi_value__T_
FN:54,_ZN4Napi7details12WrapCallbackIZNS_10ObjectWrapI9DisruptorE26ConstructorCallbackWrapperEP10napi_env__P20napi_callback_info__EUlvE_EEP12napi_value__T_
FN:54,_ZN4Napi7details12WrapCallbackIZNS_10ObjectWrapI9DisruptorE29InstanceMethodCallbackWrapperEP10napi_env__P20napi_callback_info__EUlvE_EEP12napi_value__T_
FN:89,_ZN4Napi7details12CallbackDataIPFvRKNS_12CallbackInfoEEvE7WrapperEP10napi_env__P20napi_callback_info__
FN:90,_ZZN4Napi7details12CallbackDataIPFvRKNS_12CallbackInfoEEvE7WrapperEP10napi_env__P20napi_callback_info__ENKUlvE_clEv
FN:169,_ZN4Napi14RegisterModuleEP10napi_env__P12napi_value__S3_PFvNS_3EnvENS_6ObjectES5_E
FN:173,_ZZN4Napi14RegisterModuleEP10napi_env__P12napi_value__S3_PFvNS_3EnvENS_6ObjectES5_EENKUlvE_clEv
FN:185,_ZN4Napi3EnvC2EP10napi_env__
FN:188,_ZNK4Napi3EnvcvP10napi_env__Ev
FN:199,_ZNK4Napi3Env9UndefinedEv
FN:206,_ZNK4Napi3Env4NullEv
FN:234,_ZN4Napi5ValueC2Ev
FN:237,_ZN4Napi5ValueC2EP10napi_env__P12napi_value__
FN:240,_ZNK4Napi5ValuecvP12napi_value__Ev
FN:259,_ZNK4Napi5Value3EnvEv
FN:267,_ZNK4Napi5Value4TypeEv
FN:339,_ZNK4Napi5Value10IsFunctionEv
FN:355,_ZNK4Napi5Value2AsINS_8FunctionEEET_v
FN:355,_ZNK4Napi5Value2AsINS_7BooleanEEET_v
FN:355,_ZNK4Napi5Value2AsINS_6ObjectEEET_v
FN:355,_ZNK4Napi5Value2AsINS_6StringEEET_v
FN:355,_ZNK4Napi5Value2AsINS_6NumberEEET_v
FN:391,_ZN4Napi7Boolean3NewEP10napi_env__b
FN:401,_ZN4Napi7BooleanC2EP10napi_env__P12napi_value__
FN:404,_ZNK4Napi7BooleancvbEv
FN:408,_ZNK4Napi7Boolean5ValueEv
FN:419,_ZN4Napi6Number3NewEP10napi_env__d
FN:429,_ZN4Napi6NumberC2EP10napi_env__P12napi_value__
FN:436,_ZNK4Napi6NumbercvjEv
FN:459,_ZNK4Napi6Number11Uint32ValueEv
FN:466,_ZNK4Napi6Number10Int64ValueEv
FN:491,_ZN4Napi4NameC2EP10napi_env__P12napi_value__
FN:537,_ZN4Napi6StringC2EP10napi_env__P12napi_value__
FN:540,_ZNK4Napi6StringcvNSt7__cxx1112basic_stringIcSt11char_traitsIcESaIcEEEB5cxx11Ev
FN:548,_ZNK4Napi6String9Utf8ValueB5cxx11Ev
FN:617,_ZN4Napi6Object14PropertyLValueIjEaSINS_5ValueEEERS2_T_
FN:623,_ZN4Napi6Object14PropertyLValueIjEC2ES0_j
FN:626,_ZN4Napi6Object3NewEP10napi_env__
FN:633,_ZN4Napi6ObjectC2Ev
FN:636,_ZN4Napi6ObjectC2EP10napi_env__P12napi_value__
FN:647,_ZN4Napi6ObjectixEj
FN:702,_ZNK4Napi6Object3GetEPKc
FN:723,_ZN4Napi6Object3SetEPKcNS_5ValueE
FN:784,_ZN4Napi6Object3SetEjNS_5ValueE
FN:912,_ZN4Napi5Array3NewEP10napi_env__
FN:929,_ZN4Napi5ArrayC2EP10napi_env__P12napi_value__
FN:932,_ZNK4Napi5Array6LengthEv
FN:1201,_ZN4Napi8Function3NewIPFvRKNS_12CallbackInfoEEEES0_P10napi_env__T_PKcPv
FN:1228,_ZN4Napi8FunctionC2EP10napi_env__P12napi_value__
FN:1263,_ZNK4Napi8Function12MakeCallbackEP12napi_value__RKSt16initializer_listIS2_E
FN:1273,_ZNK4Napi8Function12MakeCallbackEP12napi_value__mPKS2_
FN:1303,_ZN4Napi6BufferIhE3NewEP10napi_env__m
FN:1312,_ZN4Napi6BufferImE3NewEP10napi_env__Pmm
FN:1312,_ZN4Napi6BufferIhE3NewEP10napi_env__Phm
FN:1377,_ZN4Napi6BufferIhEC2Ev
FN:1386,_ZN4Napi6BufferImEC2EP10napi_env__P12napi_value__mPm
FN:1386,_ZN4Napi6BufferIhEC2EP10napi_env__P12napi_value__mPh
FN:1391,_ZNK4Napi6BufferIhE6LengthEv
FN:1403,_ZNK4Napi6BufferIhE10EnsureInfoEv
FN:1421,_ZN4Napi5Error3NewEP10napi_env__
FN:1479,_ZN4Napi5Error3NewEP10napi_env__RKNSt7__cxx1112basic_stringIcSt11char_traitsIcESaIcEEE
FN:1483,_ZN4Napi5Error5FatalEPKcS2_
FN:1490,_ZN4Napi5ErrorC2EP10napi_env__P12napi_value__
FN:1526,_ZNK4Napi5Error7MessageB5cxx11Ev
FN:1543,_ZNK4Napi5Error26ThrowAsJavaScriptExceptionEv
FN:1553,_ZNK4Napi5Error4whatEv
FN:1560,_ZN4Napi5Error3NewIS0_EET_P10napi_env__PKcmPF11napi_statusS4_P12napi_value__S9_PS9_E
FN:1608,_ZN4Napi9ReferenceINS_8FunctionEE3NewERKS1_j
FN:1608,_ZN4Napi9ReferenceINS_6ObjectEE3NewERKS1_j
FN:1625,_ZN4Napi9ReferenceINS_6ObjectEEC2Ev
FN:1629,_ZN4Napi9ReferenceINS_8FunctionEEC2EP10napi_env__P10napi_ref__
FN:1629,_ZN4Napi9ReferenceINS_6ObjectEEC2EP10napi_env__P10napi_ref__
FN:1634,_ZN4Napi9ReferenceINS_8FunctionEED2Ev
FN:1634,_ZN4Napi9ReferenceINS_6ObjectEED2Ev
FN:1645,_ZN4Napi9ReferenceINS_8FunctionEEC2EOS2_
FN:1645,_ZN4Napi9ReferenceINS_6ObjectEEC2EOS2_
FN:1653,_ZN4Napi9ReferenceINS_6ObjectEEaSEOS2_
FN:1700,_ZNK4Napi9ReferenceINS_6ObjectEE7IsEmptyEv
FN:1705,_ZNK4Napi9ReferenceINS_6ObjectEE5ValueEv
FN:1705,_ZNK4Napi9ReferenceINS_8FunctionEE5ValueEv
FN:1733,_ZN4Napi9ReferenceINS_6ObjectEE5ResetEv
FN:1776,_ZN4Napi10PersistentENS_6ObjectE
FN:1780,_ZN4Napi10PersistentENS_8FunctionE
FN:1791,_ZN4Napi15ObjectReferenceC2EP10napi_env__P10napi_ref__
FN:1794,_ZN4Napi15ObjectReferenceC2EONS_9ReferenceINS_6ObjectEEE
FN:1816,_ZNK4Napi15ObjectReference3GetEPKc
FN:1922,_ZN4Napi17FunctionReferenceC2EONS_9ReferenceINS_8FunctionEEE
FN:1968,_ZNK4Napi17FunctionReference12MakeCallbackEP12napi_value__RKSt16initializer_listIS2_E
FN:1994,_ZN4Napi12CallbackInfoC2EP10napi_env__P20napi_callback_info__
FN:2012,_ZN4Napi12CallbackInfoD2Ev
FN:2025,_ZNK4Napi12CallbackInfo3EnvEv
FN:2029,_ZNK4Napi12CallbackInfo6LengthEv
FN:2033,_ZNK4Napi12CallbackInfoixEm
FN:2037,_ZNK4Napi12CallbackInfo4ThisEv
FN:2044,_ZNK4Napi12CallbackInfo4DataEv
FN:2048,_ZN4Napi12CallbackInfo7SetDataEPv
FN:2287,_ZN4Napi10ObjectWrapI9DisruptorEC2ERKNS_12CallbackInfoE
FN:2301,_ZN4Napi10ObjectWrapI9DisruptorE6UnwrapENS_6ObjectE
FN:2309,_ZN4Napi10ObjectWrapI9DisruptorE11DefineClassENS_3EnvEPKcRKSt16initializer_listINS_23ClassPropertyDescriptorIS1_EEEPv
FN:2393,_ZN4Napi10ObjectWrapI9DisruptorE14InstanceMethodEPKcMS1_FvRKNS_12CallbackInfoEE24napi_property_attributesPv
FN:2411,_ZN4Napi10ObjectWrapI9DisruptorE14InstanceMethodEPKcMS1_FNS_5ValueERKNS_12CallbackInfoEE24napi_property_attributesPv
FN:2428,_ZN4Napi10ObjectWrapI9DisruptorE16InstanceAccessorEPKcMS1_FNS_5ValueERKNS_12CallbackInfoEEMS1_FvS8_RKS5_E24napi_property_attributesPv
FN:2470,_ZN4Napi10ObjectWrapI9DisruptorE26ConstructorCallbackWrapperEP10napi_env__P20napi_callback_info__
FN:2483,_ZZN4Napi10ObjectWrapI9DisruptorE26ConstructorCallbackWrapperEP10napi_env__P20napi_callback_info__ENKUlvE_clEv
FN:2547,_ZN4Napi10ObjectWrapI9DisruptorE33InstanceVoidMethodCallbackWrapperEP10napi_env__P20napi_callback_info__
FN:2550,_ZZN4Napi10ObjectWrapI9DisruptorE33InstanceVoidMethodCallbackWrapperEP10napi_env__P20napi_callback_info__ENKUlvE_clEv
FN:2563,_ZN4Napi10ObjectWrapI9DisruptorE29InstanceMethodCallbackWrapperEP10napi_env__P20napi_callback_info__
FN:2566,_ZZN4Napi10ObjectWrapI9DisruptorE29InstanceMethodCallbackWrapperEP10napi_env__P20napi_callback_info__ENKUlvE_clEv
FN:2578,_ZN4Napi10ObjectWrapI9DisruptorE29InstanceGetterCallbackWrapperEP10napi_env__P20napi_callback_info__
FN:2581,_ZZN4Napi10ObjectWrapI9DisruptorE29InstanceGetterCallbackWrapperEP10napi_env__P20napi_callback_info__ENKUlvE_clEv
FN:2593,_ZN4Napi10ObjectWrapI9DisruptorE29InstanceSetterCallbackWrapperEP10napi_env__P20napi_callback_info__
FN:2596,_ZZN4Napi10ObjectWrapI9DisruptorE29InstanceSetterCallbackWrapperEP10napi_env__P20napi_callback_info__ENKUlvE_clEv
FN:2609,_ZN4Napi10ObjectWrapI9DisruptorE16FinalizeCallbackEP10napi_env__PvS5_
FN:2622,_ZN4Napi11HandleScopeC2ENS_3EnvE
FN:2627,_ZN4Napi11HandleScopeD2Ev
FN:2647,_ZN4Napi20EscapableHandleScopeC2ENS_3EnvE
FN:2652,_ZN4Napi20EscapableHandleScopeD2Ev
FN:2664,_ZN4Napi20EscapableHandleScope6EscapeEP12napi_value__
FN:2675,_ZN4Napi11AsyncWorkerC2ERKNS_8FunctionE
FN:2679,_ZN4Napi11AsyncWorkerC2ERKNS_6ObjectERKNS_8FunctionE
FN:2688,_ZN4Napi11AsyncWorkerD0Ev
FN:2688,_ZN4Napi11AsyncWorkerD2Ev
FN:2720,_ZNK4Napi11AsyncWorker3EnvEv
FN:2724,_ZN4Napi11AsyncWorker5QueueEv
FN:2734,_ZN4Napi11AsyncWorker8ReceiverEv
FN:2738,_ZN4Napi11AsyncWorker8CallbackEv
FN:2742,_ZN4Napi11AsyncWorker4OnOKEv
FN:2746,_ZN4Napi11AsyncWorker7OnErrorERKNS_5ErrorE
FN:2750,_ZN4Napi11AsyncWorker8SetErrorERKNSt7__cxx1112basic_stringIcSt11char_traitsIcESaIcEEE
FN:2754,_ZN4Napi11AsyncWorker9OnExecuteEP10napi_env__Pv
FN:2767,_ZN4Napi11AsyncWorker14OnWorkCompleteEP10napi_env__11napi_statusPv
FN:2772,_ZZN4Napi11AsyncWorker14OnWorkCompleteEP10napi_env__11napi_statusPvENKUlvE_clEv
FNDA:36,_ZN4Napi7details12WrapCallbackIZNS_10ObjectWrapI9DisruptorE26ConstructorCallbackWrapperEP10napi_env__P20napi_callback_info__EUlvE_EEP12napi_value__T_
FNDA:0,_ZN4Napi7details12WrapCallbackIZNS_10ObjectWrapI9DisruptorE29InstanceSetterCallbackWrapperEP10napi_env__P20napi_callback_info__EUlvE_EEP12napi_value__T_
FNDA:1182,_ZN4Napi7details12WrapCallbackIZNS_10ObjectWrapI9DisruptorE29InstanceGetterCallbackWrapperEP10napi_env__P20napi_callback_info__EUlvE_EEP12napi_value__T_
FNDA:3243,_ZN4Napi7details12WrapCallbackIZNS_10ObjectWrapI9DisruptorE29InstanceMethodCallbackWrapperEP10napi_env__P20napi_callback_info__EUlvE_EEP12napi_value__T_
FNDA:1656,_ZN4Napi7details12WrapCallbackIZNS_10ObjectWrapI9DisruptorE33InstanceVoidMethodCallbackWrapperEP10napi_env__P20napi_callback_info__EUlvE_EEP12napi_value__T_
FNDA:1,_ZN4Napi7details12WrapCallbackIZNS0_12CallbackDataIPFvRKNS_12CallbackInfoEEvE7WrapperEP10napi_env__P20napi_callback_info__EUlvE_EEP12napi_value__T_
FNDA:988201,_ZN4Napi7details12WrapCallbackIZNS_11AsyncWorker14OnWorkCompleteEP10napi_env__11napi_statusPvEUlvE_EEP12napi_value__T_
FNDA:1,_ZN4Napi7details12WrapCallbackIZNS_14RegisterModuleEP10napi_env__P12napi_value__S5_PFvNS_3EnvENS_6ObjectES7_EEUlvE_EES5_T_
FNDA:1,_ZN4Napi7details12CallbackDataIPFvRKNS_12CallbackInfoEEvE7WrapperEP10napi_env__P20napi_callback_info__
FNDA:1,_ZZN4Napi7details12CallbackDataIPFvRKNS_12CallbackInfoEEvE7WrapperEP10napi_env__P20napi_callback_info__ENKUlvE_clEv
FNDA:1,_ZN4Napi14RegisterModuleEP10napi_env__P12napi_value__S3_PFvNS_3EnvENS_6ObjectES5_E
FNDA:1,_ZZN4Napi14RegisterModuleEP10napi_env__P12napi_value__S3_PFvNS_3EnvENS_6ObjectES5_EENKUlvE_clEv
FNDA:6932851,_ZN4Napi3EnvC2EP10napi_env__
FNDA:5948718,_ZNK4Napi3EnvcvP10napi_env__Ev
FNDA:10,_ZNK4Napi3Env9UndefinedEv
FNDA:1626,_ZNK4Napi3Env4NullEv
FNDA:816,_ZN4Napi5ValueC2Ev
FNDA:3005250,_ZN4Napi5ValueC2EP10napi_env__P12napi_value__
FNDA:5948726,_ZNK4Napi5ValuecvP12napi_value__Ev
FNDA:4947092,_ZNK4Napi5Value3EnvEv
FNDA:1626,_ZNK4Napi5Value4TypeEv
FNDA:1626,_ZNK4Napi5Value10IsFunctionEv
FNDA:72,_ZNK4Napi5Value2AsINS_7BooleanEEET_v
FNDA:2557,_ZNK4Napi5Value2AsINS_6NumberEEET_v
FNDA:1625,_ZNK4Napi5Value2AsINS_8FunctionEEET_v
FNDA:8494,_ZNK4Napi5Value2AsINS_6ObjectEEET_v
FNDA:36,_ZNK4Napi5Value2AsINS_6StringEEET_v
FNDA:2415,_ZN4Napi7Boolean3NewEP10napi_env__b
FNDA:2487,_ZN4Napi7BooleanC2EP10napi_env__P12napi_value__
FNDA:879,_ZNK4Napi7BooleancvbEv
FNDA:879,_ZNK4Napi7Boolean5ValueEv
FNDA:2618,_ZN4Napi6Number3NewEP10napi_env__d
FNDA:5175,_ZN4Napi6NumberC2EP10napi_env__P12napi_value__
FNDA:144,_ZNK4Napi6NumbercvjEv
FNDA:144,_ZNK4Napi6Number11Uint32ValueEv
FNDA:2413,_ZNK4Napi6Number10Int64ValueEv
FNDA:36,_ZN4Napi4NameC2EP10napi_env__P12napi_value__
FNDA:36,_ZN4Napi6StringC2EP10napi_env__P12napi_value__
FNDA:0,_ZNK4Napi6StringcvNSt7__cxx1112basic_stringIcSt11char_traitsIcESaIcEEEB5cxx11Ev
FNDA:36,_ZNK4Napi6String9Utf8ValueB5cxx11Ev
FNDA:6,_ZN4Napi6Object14PropertyLValueIjEaSINS_5ValueEEERS2_T_
FNDA:6,_ZN4Napi6Object14PropertyLValueIjEC2ES0_j
FNDA:988201,_ZN4Napi6Object3NewEP10napi_env__
FNDA:816,_ZN4Napi6ObjectC2Ev
FNDA:2985960,_ZN4Napi6ObjectC2EP10napi_env__P12napi_value__
FNDA:6,_ZN4Napi6ObjectixEj
FNDA:2413,_ZNK4Napi6Object3GetEPKc
FNDA:2415,_ZN4Napi6Object3SetEPKcNS_5ValueE
FNDA:17,_ZN4Napi6Object3SetEjNS_5ValueE
FNDA:27,_ZN4Napi5Array3NewEP10napi_env__
FNDA:27,_ZN4Napi5ArrayC2EP10napi_env__P12napi_value__
FNDA:9,_ZNK4Napi5Array6LengthEv
FNDA:1,_ZN4Napi8Function3NewIPFvRKNS_12CallbackInfoEEEES0_P10napi_env__T_PKcPv
FNDA:989828,_ZN4Napi8FunctionC2EP10napi_env__P12napi_value__
FNDA:1626,_ZNK4Napi8Function12MakeCallbackEP12napi_value__RKSt16initializer_listIS2_E
FNDA:1626,_ZNK4Napi8Function12MakeCallbackEP12napi_value__mPKS2_
FNDA:13,_ZN4Napi6BufferIhE3NewEP10napi_env__m
FNDA:3403,_ZN4Napi6BufferIhE3NewEP10napi_env__Phm
FNDA:6,_ZN4Napi6BufferImE3NewEP10napi_env__Pmm
FNDA:816,_ZN4Napi6BufferIhEC2Ev
FNDA:3416,_ZN4Napi6BufferIhEC2EP10napi_env__P12napi_value__mPh
FNDA:6,_ZN4Napi6BufferImEC2EP10napi_env__P12napi_value__mPm
FNDA:811,_ZNK4Napi6BufferIhE6LengthEv
FNDA:811,_ZNK4Napi6BufferIhE10EnsureInfoEv
FNDA:0,_ZN4Napi5Error3NewEP10napi_env__
FNDA:3,_ZN4Napi5Error3NewEP10napi_env__RKNSt7__cxx1112basic_stringIcSt11char_traitsIcESaIcEEE
FNDA:0,_ZN4Napi5Error5FatalEPKcS2_
FNDA:3,_ZN4Napi5ErrorC2EP10napi_env__P12napi_value__
FNDA:0,_ZNK4Napi5Error7MessageB5cxx11Ev
FNDA:3,_ZNK4Napi5Error26ThrowAsJavaScriptExceptionEv
FNDA:0,_ZNK4Napi5Error4whatEv
FNDA:3,_ZN4Napi5Error3NewIS0_EET_P10napi_env__PKcmPF11napi_statusS4_P12napi_value__S9_PS9_E
FNDA:988201,_ZN4Napi9ReferenceINS_8FunctionEE3NewERKS1_j
FNDA:1976402,_ZN4Napi9ReferenceINS_6ObjectEE3NewERKS1_j
FNDA:36,_ZN4Napi9ReferenceINS_6ObjectEEC2Ev
FNDA:988201,_ZN4Napi9ReferenceINS_8FunctionEEC2EP10napi_env__P10napi_ref__
FNDA:1976441,_ZN4Napi9ReferenceINS_6ObjectEEC2EP10napi_env__P10napi_ref__
FNDA:1976402,_ZN4Napi9ReferenceINS_8FunctionEED2Ev
FNDA:3952874,_ZN4Napi9ReferenceINS_6ObjectEED2Ev
FNDA:988201,_ZN4Napi9ReferenceINS_8FunctionEEC2EOS2_
FNDA:1976402,_ZN4Napi9ReferenceINS_6ObjectEEC2EOS2_
FNDA:36,_ZN4Napi9ReferenceINS_6ObjectEEaSEOS2_
FNDA:3,_ZNK4Napi9ReferenceINS_6ObjectEE7IsEmptyEv
FNDA:988201,_ZNK4Napi9ReferenceINS_8FunctionEE5ValueEv
FNDA:989830,_ZNK4Napi9ReferenceINS_6ObjectEE5ValueEv
FNDA:36,_ZN4Napi9ReferenceINS_6ObjectEE5ResetEv
FNDA:1976402,_ZN4Napi10PersistentENS_6ObjectE
FNDA:988201,_ZN4Napi10PersistentENS_8FunctionE
FNDA:3,_ZN4Napi15ObjectReferenceC2EP10napi_env__P10napi_ref__
FNDA:1976402,_ZN4Napi15ObjectReferenceC2EONS_9ReferenceINS_6ObjectEEE
FNDA:0,_ZNK4Napi15ObjectReference3GetEPKc
FNDA:988201,_ZN4Napi17FunctionReferenceC2EONS_9ReferenceINS_8FunctionEEE
FNDA:1626,_ZNK4Napi17FunctionReference12MakeCallbackEP12napi_value__RKSt16initializer_listIS2_E
FNDA:6118,_ZN4Napi12CallbackInfoC2EP10napi_env__P20napi_callback_info__
FNDA:6118,_ZN4Napi12CallbackInfoD2Ev
FNDA:4475,_ZNK4Napi12CallbackInfo3EnvEv
FNDA:1626,_ZNK4Napi12CallbackInfo6LengthEv
FNDA:4291,_ZNK4Napi12CallbackInfoixEm
FNDA:6150,_ZNK4Napi12CallbackInfo4ThisEv
FNDA:6082,_ZNK4Napi12CallbackInfo4DataEv
FNDA:6082,_ZN4Napi12CallbackInfo7SetDataEPv
FNDA:36,_ZN4Napi10ObjectWrapI9DisruptorEC2ERKNS_12CallbackInfoE
FNDA:6081,_ZN4Napi10ObjectWrapI9DisruptorE6UnwrapENS_6ObjectE
FNDA:1,_ZN4Napi10ObjectWrapI9DisruptorE11DefineClassENS_3EnvEPKcRKSt16initializer_listINS_23ClassPropertyDescriptorIS1_EEEPv
FNDA:5,_ZN4Napi10ObjectWrapI9DisruptorE14InstanceMethodEPKcMS1_FvRKNS_12CallbackInfoEE24napi_property_attributesPv
FNDA:6,_ZN4Napi10ObjectWrapI9DisruptorE14InstanceMethodEPKcMS1_FNS_5ValueERKNS_12CallbackInfoEE24napi_property_attributesPv
FNDA:5,_ZN4Napi10ObjectWrapI9DisruptorE16InstanceAccessorEPKcMS1_FNS_5ValueERKNS_12CallbackInfoEEMS1_FvS8_RKS5_E24napi_property_attributesPv
FNDA:36,_ZN4Napi10ObjectWrapI9DisruptorE26ConstructorCallbackWrapperEP10napi_env__P20napi_callback_info__
FNDA:36,_ZZN4Napi10ObjectWrapI9DisruptorE26ConstructorCallbackWrapperEP10napi_env__P20napi_callback_info__ENKUlvE_clEv
FNDA:1656,_ZN4Napi10ObjectWrapI9DisruptorE33InstanceVoidMethodCallbackWrapperEP10napi_env__P20napi_callback_info__
FNDA:1656,_ZZN4Napi10ObjectWrapI9DisruptorE33InstanceVoidMethodCallbackWrapperEP10napi_env__P20napi_callback_info__ENKUlvE_clEv
FNDA:3243,_ZN4Napi10ObjectWrapI9DisruptorE29InstanceMethodCallbackWrapperEP10napi_env__P20napi_callback_info__
FNDA:3243,_ZZN4Napi10ObjectWrapI9DisruptorE29InstanceMethodCallbackWrapperEP10napi_env__P20napi_callback_info__ENKUlvE_clEv
FNDA:1182,_ZN4Napi10ObjectWrapI9DisruptorE29InstanceGetterCallbackWrapperEP10napi_env__P20napi_callback_info__
FNDA:1182,_ZZN4Napi10ObjectWrapI9DisruptorE29InstanceGetterCallbackWrapperEP10napi_env__P20napi_callback_info__ENKUlvE_clEv
FNDA:0,_ZN4Napi10ObjectWrapI9DisruptorE29InstanceSetterCallbackWrapperEP10napi_env__P20napi_callback_info__
FNDA:0,_ZZN4Napi10ObjectWrapI9DisruptorE29InstanceSetterCallbackWrapperEP10napi_env__P20napi_callback_info__ENKUlvE_clEv
FNDA:28,_ZN4Napi10ObjectWrapI9DisruptorE16FinalizeCallbackEP10napi_env__PvS5_
FNDA:988204,_ZN4Napi11HandleScopeC2ENS_3EnvE
FNDA:988204,_ZN4Napi11HandleScopeD2Ev
FNDA:1626,_ZN4Napi20EscapableHandleScopeC2ENS_3EnvE
FNDA:1626,_ZN4Napi20EscapableHandleScopeD2Ev
FNDA:1626,_ZN4Napi20EscapableHandleScope6EscapeEP12napi_value__
FNDA:988201,_ZN4Napi11AsyncWorkerC2ERKNS_8FunctionE
FNDA:988201,_ZN4Napi11AsyncWorkerC2ERKNS_6ObjectERKNS_8FunctionE
FNDA:0,_ZN4Napi11AsyncWorkerD0Ev
FNDA:988201,_ZN4Napi11AsyncWorkerD2Ev
FNDA:991453,_ZNK4Napi11AsyncWorker3EnvEv
FNDA:988201,_ZN4Napi11AsyncWorker5QueueEv
FNDA:1626,_ZN4Napi11AsyncWorker8ReceiverEv
FNDA:988201,_ZN4Napi11AsyncWorker8CallbackEv
FNDA:0,_ZN4Napi11AsyncWorker4OnOKEv
FNDA:0,_ZN4Napi11AsyncWorker7OnErrorERKNS_5ErrorE
FNDA:0,_ZN4Napi11AsyncWorker8SetErrorERKNSt7__cxx1112basic_stringIcSt11char_traitsIcESaIcEEE
FNDA:988201,_ZN4Napi11AsyncWorker9OnExecuteEP10napi_env__Pv
FNDA:988201,_ZN4Napi11AsyncWorker14OnWorkCompleteEP10napi_env__11napi_statusPv
FNDA:988201,_ZZN4Napi11AsyncWorker14OnWorkCompleteEP10napi_env__11napi_statusPvENKUlvE_clEv
FNF:137
FNH:124
BRDA:57,0,1,33
BRDA:57,0,2,3
BRDA:57,1,4,33
BRDA:57,1,5,0
BRDA:57,5,6,0
BRDA:57,5,7,3
BRDA:57,7,10,-
BRDA:57,7,11,-
BRDA:57,9,12,-
BRDA:57,9,13,-
BRDA:57,12,16,1182
BRDA:57,12,17,0
BRDA:57,13,19,1182
BRDA:57,13,20,0
BRDA:57,15,21,-
BRDA:57,15,22,-
BRDA:57,19,25,3243
BRDA:57,19,26,0
BRDA:57,20,28,3243
BRDA:57,20,29,0
BRDA:57,22,30,-
BRDA:57,22,31,-
BRDA:57,26,34,1656
BRDA:57,26,35,0
BRDA:57,28,36,-
BRDA:57,28,37,-
BRDA:57,31,40,1
BRDA:57,31,41,0
BRDA:57,33,42,-
BRDA:57,33,43,-
BRDA:57,36,46,988201
BRDA:57,36,47,0
BRDA:57,38,48,-
BRDA:57,38,49,-
BRDA:57,41,52,1
BRDA:57,41,53,0
BRDA:57,43,54,-
BRDA:57,43,55,-
BRDA:59,4294967295,1,3
BRDA:59,4294967295,2,0
BRDA:59,4294967295,4,-
BRDA:59,4294967295,5,-
BRDA:59,4294967295,7,-
BRDA:59,4294967295,8,-
BRDA:59,4294967295,10,-
BRDA:59,4294967295,11,-
BRDA:59,4294967295,13,-
BRDA:59,4294967295,14,-
BRDA:59,4294967295,16,-
BRDA:59,4294967295,17,-
BRDA:59,4294967295,19,-
BRDA:59,4294967295,20,-
BRDA:59,4294967295,22,-
BRDA:59,4294967295,23,-
BRDA:91,0,1,1
BRDA:91,0,2,0
BRDA:93,0,1,1
BRDA:93,0,2,0
BRDA:94,0,1,1
BRDA:94,0,2,0
BRDA:95,0,1,1
BRDA:95,0,2,0
BRDA:174,0,2,1
BRDA:174,0,3,0
BRDA:174,1,5,1
BRDA:174,1,6,0
BRDA:176,0,1,1
BRDA:176,0,2,0
BRDA:201,0,1,10
BRDA:201,0,2,0
BRDA:201,1,4,10
BRDA:201,1,5,0
BRDA:202,0,0,0
BRDA:202,0,1,10
BRDA:202,1,4,-
BRDA:202,1,5,-
BRDA:202,2,7,-
BRDA:202,2,8,-
BRDA:203,0,1,10
BRDA:203,0,2,0
BRDA:203,1,4,10
BRDA:203,1,5,0
BRDA:208,0,1,1626
BRDA:208,0,2,0
BRDA:208,1,4,1626
BRDA:208,1,5,0
BRDA:209,0,0,0
BRDA:209,0,1,1626
BRDA:209,1,4,-
BRDA:209,1,5,-
BRDA:209,2,7,-
BRDA:209,2,8,-
BRDA:210,0,1,1626
BRDA:210,0,2,0
BRDA:210,1,4,1626
BRDA:210,1,5,0
BRDA:268,0,0,0
BRDA:268,0,1,1626
BRDA:273,0,1,1626
BRDA:273,0,2,0
BRDA:274,0,0,0
BRDA:274,0,1,1626
BRDA:274,1,4,-
BRDA:274,1,5,-
BRDA:393,0,1,2415
BRDA:393,0,2,0
BRDA:394,0,0,0
BRDA:394,0,1,2415
BRDA:394,1,4,-
BRDA:394,1,5,-
BRDA:395,0,1,2415
BRDA:395,0,2,0
BRDA:410,0,1,879
BRDA:410,0,2,0
BRDA:411,0,0,0
BRDA:411,0,1,879
BRDA:411,1,4,-
BRDA:411,1,5,-
BRDA:421,0,1,2618
BRDA:421,0,2,0
BRDA:422,0,0,0
BRDA:422,0,1,2618
BRDA:422,1,4,-
BRDA:422,1,5,-
BRDA:423,0,1,2618
BRDA:423,0,2,0
BRDA:461,0,1,144
BRDA:461,0,2,0
BRDA:462,0,0,0
BRDA:462,0,1,144
BRDA:462,1,4,-
BRDA:462,1,5,-
BRDA:468,0,1,2413
BRDA:468,0,2,0
BRDA:469,0,0,0
BRDA:469,0,1,2413
BRDA:469,1,4,-
BRDA:469,1,5,-
BRDA:550,0,1,36
BRDA:550,0,2,0
BRDA:551,0,0,0
BRDA:551,0,1,36
BRDA:551,1,4,-
BRDA:551,1,5,-
BRDA:554,4294967295,1,36
BRDA:554,4294967295,2,0
BRDA:555,0,1,36
BRDA:555,0,2,0
BRDA:556,0,2,36
BRDA:556,0,3,0
BRDA:556,1,5,36
BRDA:556,1,6,0
BRDA:557,0,0,0
BRDA:557,0,1,36
BRDA:557,1,4,-
BRDA:557,1,5,-
BRDA:618,0,2,6
BRDA:618,0,3,0
BRDA:624,0,2,6
BRDA:624,0,3,0
BRDA:628,0,1,988201
BRDA:628,0,2,0
BRDA:629,0,0,0
BRDA:629,0,1,988201
BRDA:629,1,4,-
BRDA:629,1,5,-
BRDA:630,0,1,988201
BRDA:630,0,2,0
BRDA:704,0,1,2413
BRDA:704,0,2,0
BRDA:705,0,0,0
BRDA:705,0,1,2413
BRDA:705,1,4,-
BRDA:705,1,5,-
BRDA:706,0,1,2413
BRDA:706,0,2,0
BRDA:724,0,1,2415
BRDA:724,0,2,0
BRDA:724,1,4,2415
BRDA:724,1,5,0
BRDA:725,0,0,0
BRDA:725,0,1,2415
BRDA:725,1,4,-
BRDA:725,1,5,-
BRDA:785,0,1,17
BRDA:785,0,2,0
BRDA:785,1,4,17
BRDA:785,1,5,0
BRDA:786,0,0,0
BRDA:786,0,1,17
BRDA:786,1,4,-
BRDA:786,1,5,-
BRDA:914,0,1,27
BRDA:914,0,2,0
BRDA:915,0,0,0
BRDA:915,0,1,27
BRDA:915,1,4,-
BRDA:915,1,5,-
BRDA:916,0,1,27
BRDA:916,0,2,0
BRDA:934,0,1,9
BRDA:934,0,2,0
BRDA:935,0,0,0
BRDA:935,0,1,9
BRDA:935,1,4,-
BRDA:935,1,5,-
BRDA:1208,0,1,1
BRDA:1208,0,2,0
BRDA:1211,0,1,1
BRDA:1211,0,2,0
BRDA:1213,0,0,0
BRDA:1213,0,1,1
BRDA:1213,1,4,-
BRDA:1213,1,5,-
BRDA:1214,0,1,1
BRDA:1214,0,2,0
BRDA:1276,0,1,1626
BRDA:1276,0,2,0
BRDA:1278,0,0,0
BRDA:1278,0,1,1626
BRDA:1278,1,4,-
BRDA:1278,1,5,-
BRDA:1279,0,1,1626
BRDA:1279,0,2,0
BRDA:1306,0,1,13
BRDA:1306,0,2,0
BRDA:1307,0,0,0
BRDA:1307,0,1,13
BRDA:1307,1,4,-
BRDA:1307,1,5,-
BRDA:1308,0,1,13
BRDA:1308,0,2,0
BRDA:1314,0,1,3403
BRDA:1314,0,2,0
BRDA:1314,1,4,6
BRDA:1314,1,5,0
BRDA:1316,0,0,0
BRDA:1316,0,1,3403
BRDA:1316,1,4,-
BRDA:1316,1,5,-
BRDA:1316,4,8,0
BRDA:1316,4,9,6
BRDA:1316,5,12,-
BRDA:1316,5,13,-
BRDA:1317,0,1,3403
BRDA:1317,0,2,0
BRDA:1317,4,4,6
BRDA:1317,4,5,0
BRDA:1407,0,0,0
BRDA:1407,0,1,811
BRDA:1410,0,1,-
BRDA:1410,0,2,-
BRDA:1411,0,0,-
BRDA:1411,0,1,-
BRDA:1411,1,4,-
BRDA:1411,1,5,-
BRDA:1426,0,1,-
BRDA:1426,0,2,-
BRDA:1427,0,0,-
BRDA:1427,0,1,-
BRDA:1429,0,0,-
BRDA:1429,0,1,-
BRDA:1430,0,0,-
BRDA:1430,0,1,-
BRDA:1431,0,1,-
BRDA:1431,0,2,-
BRDA:1432,0,0,-
BRDA:1432,0,1,-
BRDA:1435,0,0,-
BRDA:1435,0,1,-
BRDA:1439,0,1,-
BRDA:1439,0,2,-
BRDA:1440,0,0,-
BRDA:1440,0,1,-
BRDA:1442,0,0,-
BRDA:1442,0,1,-
BRDA:1443,0,1,-
BRDA:1443,0,2,-
BRDA:1444,0,0,-
BRDA:1444,0,1,-
BRDA:1448,0,1,-
BRDA:1448,0,2,-
BRDA:1453,0,0,-
BRDA:1453,0,1,-
BRDA:1455,0,0,-
BRDA:1455,0,1,-
BRDA:1456,0,0,-
BRDA:1456,0,1,-
BRDA:1461,0,1,-
BRDA:1461,0,2,-
BRDA:1464,0,1,-
BRDA:1464,0,2,-
BRDA:1467,0,0,-
BRDA:1467,0,1,-
BRDA:1472,0,1,-
BRDA:1472,0,2,-
BRDA:1491,4294967295,0,3
BRDA:1491,4294967295,1,0
BRDA:1492,0,1,3
BRDA:1492,0,2,0
BRDA:1496,0,0,0
BRDA:1496,0,1,3
BRDA:1527,0,1,-
BRDA:1527,0,2,-
BRDA:1527,1,3,-
BRDA:1527,1,4,-
BRDA:1527,4,5,-
BRDA:1527,4,6,-
BRDA:1530,0,1,-
BRDA:1530,0,2,-
BRDA:1530,1,4,-
BRDA:1530,1,5,-
BRDA:1530,2,7,-
BRDA:1530,2,8,-
BRDA:1544,0,1,3
BRDA:1544,0,2,0
BRDA:1544,1,4,3
BRDA:1544,1,5,0
BRDA:1545,0,1,3
BRDA:1545,0,2,0
BRDA:1546,0,1,3
BRDA:1546,0,2,0
BRDA:1546,1,4,3
BRDA:1546,1,5,0
BRDA:1546,2,7,3
BRDA:1546,2,8,0
BRDA:1547,0,0,0
BRDA:1547,0,1,3
BRDA:1547,1,4,-
BRDA:1547,1,5,-
BRDA:1565,0,1,3
BRDA:1565,0,2,0
BRDA:1566,0,0,0
BRDA:1566,0,1,3
BRDA:1566,1,4,-
BRDA:1566,1,5,-
BRDA:1569,0,1,3
BRDA:1569,0,2,0
BRDA:1570,0,0,0
BRDA:1570,0,1,3
BRDA:1570,1,4,-
BRDA:1570,1,5,-
BRDA:1572,0,1,3
BRDA:1572,0,2,0
BRDA:1609,0,1,988201
BRDA:1609,0,2,0
BRDA:1609,1,4,988201
BRDA:1609,1,5,0
BRDA:1609,3,7,1976402
BRDA:1609,3,8,0
BRDA:1609,4,10,1976402
BRDA:1609,4,11,0
BRDA:1610,0,1,988201
BRDA:1610,0,2,0
BRDA:1610,1,4,1976402
BRDA:1610,1,5,0
BRDA:1612,0,0,0
BRDA:1612,0,1,988201
BRDA:1612,1,2,0
BRDA:1612,1,3,1976402
BRDA:1617,0,1,988201
BRDA:1617,0,2,0
BRDA:1617,1,4,988201
BRDA:1617,1,5,0
BRDA:1617,2,7,1976402
BRDA:1617,2,8,0
BRDA:1617,3,10,1976402
BRDA:1617,3,11,0
BRDA:1618,0,0,0
BRDA:1618,0,1,988201
BRDA:1618,1,4,-
BRDA:1618,1,5,-
BRDA:1618,4,8,0
BRDA:1618,4,9,1976402
BRDA:1618,5,12,-
BRDA:1618,5,13,-
BRDA:1635,0,0,988201
BRDA:1635,0,1,988201
BRDA:1635,1,2,1976436
BRDA:1635,1,3,1976438
BRDA:1636,0,0,988201
BRDA:1636,0,1,0
BRDA:1636,1,2,1976436
BRDA:1636,1,3,0
BRDA:1706,0,0,0
BRDA:1706,0,1,988201
BRDA:1706,1,2,0
BRDA:1706,1,3,989830
BRDA:1707,0,1,-
BRDA:1707,0,2,-
BRDA:1707,2,4,-
BRDA:1707,2,5,-
BRDA:1711,0,1,988201
BRDA:1711,0,2,0
BRDA:1711,1,4,989830
BRDA:1711,1,5,0
BRDA:1712,0,0,0
BRDA:1712,0,1,988201
BRDA:1712,1,4,-
BRDA:1712,1,5,-
BRDA:1712,4,8,0
BRDA:1712,4,9,989830
BRDA:1712,5,12,-
BRDA:1712,5,13,-
BRDA:1713,0,1,988201
BRDA:1713,0,2,0
BRDA:1713,4,4,989830
BRDA:1713,4,5,0
BRDA:1734,0,0,0
BRDA:1734,0,1,36
BRDA:1735,0,1,-
BRDA:1735,0,2,-
BRDA:1736,0,0,-
BRDA:1736,0,1,-
BRDA:1736,1,4,-
BRDA:1736,1,5,-
BRDA:1777,0,2,1976402
BRDA:1777,0,3,0
BRDA:1781,0,2,988201
BRDA:1781,0,3,0
BRDA:1817,0,1,-
BRDA:1817,0,2,-
BRDA:1817,1,4,-
BRDA:1817,1,5,-
BRDA:1818,0,1,-
BRDA:1818,0,2,-
BRDA:1818,1,4,-
BRDA:1818,1,5,-
BRDA:1818,2,7,-
BRDA:1818,2,8,-
BRDA:1818,3,10,-
BRDA:1818,3,11,-
BRDA:1970,0,1,1626
BRDA:1970,0,2,0
BRDA:1970,1,4,1626
BRDA:1970,1,5,0
BRDA:1971,0,1,1626
BRDA:1971,0,2,0
BRDA:1971,1,4,1626
BRDA:1971,1,5,0
BRDA:1971,2,7,1626
BRDA:1971,2,8,0
BRDA:1971,3,10,1626
BRDA:1971,3,11,0
BRDA:1998,0,1,6118
BRDA:1998,0,2,0
BRDA:1999,0,0,0
BRDA:1999,0,1,6118
BRDA:1999,1,4,-
BRDA:1999,1,5,-
BRDA:2001,0,0,36
BRDA:2001,0,1,6082
BRDA:2004,0,0,36
BRDA:2004,0,1,0
BRDA:2004,3,4,36
BRDA:2004,3,5,0
BRDA:2007,0,1,36
BRDA:2007,0,2,0
BRDA:2008,0,0,0
BRDA:2008,0,1,36
BRDA:2008,1,4,-
BRDA:2008,1,5,-
BRDA:2013,0,0,36
BRDA:2013,0,1,6082
BRDA:2014,0,0,36
BRDA:2014,0,1,0
BRDA:2034,0,0,4291
BRDA:2034,0,1,0
BRDA:2034,1,3,4291
BRDA:2034,1,4,0
BRDA:2034,3,6,-
BRDA:2034,3,7,-
BRDA:2034,4,9,-
BRDA:2034,4,10,-
BRDA:2034,6,11,0
BRDA:2034,6,12,4291
BRDA:2034,9,13,-
BRDA:2034,9,14,-
BRDA:2038,0,0,0
BRDA:2038,0,1,6150
BRDA:2039,0,2,-
BRDA:2039,0,3,-
BRDA:2288,4294967295,1,36
BRDA:2288,4294967295,2,0
BRDA:2288,0,4,36
BRDA:2288,0,5,0
BRDA:2289,0,1,36
BRDA:2289,0,2,0
BRDA:2289,1,4,36
BRDA:2289,1,5,0
BRDA:2293,0,1,36
BRDA:2293,0,2,0
BRDA:2294,0,0,0
BRDA:2294,0,1,36
BRDA:2294,1,4,-
BRDA:2294,1,5,-
BRDA:2297,0,2,36
BRDA:2297,0,3,0
BRDA:2303,0,1,6081
BRDA:2303,0,2,0
BRDA:2303,1,4,6081
BRDA:2303,1,5,0
BRDA:2303,2,7,6081
BRDA:2303,2,8,0
BRDA:2303,3,10,6081
BRDA:2303,3,11,0
BRDA:2304,0,0,0
BRDA:2304,0,1,6081
BRDA:2304,1,4,-
BRDA:2304,1,5,-
BRDA:2304,2,7,-
BRDA:2304,2,8,-
BRDA:2304,3,10,-
BRDA:2304,3,11,-
BRDA:2315,4294967295,2,1
BRDA:2315,4294967295,3,0
BRDA:2315,0,5,1
BRDA:2315,0,6,0
BRDA:2318,0,0,0
BRDA:2318,0,1,1
BRDA:2318,1,4,-
BRDA:2318,1,5,-
BRDA:2318,2,7,-
BRDA:2318,2,8,-
BRDA:2320,0,1,1
BRDA:2320,0,2,0
BRDA:2320,1,4,1
BRDA:2320,1,5,0
BRDA:2400,0,1,5
BRDA:2400,0,2,0
BRDA:2417,0,1,6
BRDA:2417,0,2,0
BRDA:2436,0,1,5
BRDA:2436,0,2,0
BRDA:2474,0,1,36
BRDA:2474,0,2,0
BRDA:2475,0,0,0
BRDA:2475,0,1,36
BRDA:2477,0,0,0
BRDA:2477,0,1,36
BRDA:2478,0,1,-
BRDA:2478,0,2,-
BRDA:2484,0,1,36
BRDA:2484,0,2,0
BRDA:2485,0,1,36
BRDA:2485,0,2,0
BRDA:2485,1,4,33
BRDA:2485,1,5,3
BRDA:2486,0,1,33
BRDA:2486,0,2,0
BRDA:2487,0,1,36
BRDA:2487,0,2,0
BRDA:2551,0,1,1656
BRDA:2551,0,2,0
BRDA:2553,0,1,1656
BRDA:2553,0,2,0
BRDA:2554,0,1,1656
BRDA:2554,0,2,0
BRDA:2555,0,1,1656
BRDA:2555,0,2,0
BRDA:2555,1,4,1656
BRDA:2555,1,5,0
BRDA:2555,2,7,1656
BRDA:2555,2,8,0
BRDA:2557,0,0,0
BRDA:2557,0,1,1656
BRDA:2557,3,3,1656
BRDA:2557,3,4,0
BRDA:2567,0,1,3243
BRDA:2567,0,2,0
BRDA:2569,0,1,3243
BRDA:2569,0,2,0
BRDA:2570,0,1,3243
BRDA:2570,0,2,0
BRDA:2571,0,1,3243
BRDA:2571,0,2,0
BRDA:2571,1,4,3243
BRDA:2571,1,5,0
BRDA:2571,2,7,3243
BRDA:2571,2,8,0
BRDA:2573,0,0,0
BRDA:2573,0,1,3243
BRDA:2573,3,3,3243
BRDA:2573,3,4,0
BRDA:2582,0,1,1182
BRDA:2582,0,2,0
BRDA:2584,0,1,1182
BRDA:2584,0,2,0
BRDA:2585,0,1,1182
BRDA:2585,0,2,0
BRDA:2586,0,1,1182
BRDA:2586,0,2,0
BRDA:2586,1,4,1182
BRDA:2586,1,5,0
BRDA:2586,2,7,1182
BRDA:2586,2,8,0
BRDA:2588,0,0,0
BRDA:2588,0,1,1182
BRDA:2588,3,3,1182
BRDA:2588,3,4,0
BRDA:2597,0,1,-
BRDA:2597,0,2,-
BRDA:2599,0,1,-
BRDA:2599,0,2,-
BRDA:2600,0,1,-
BRDA:2600,0,2,-
BRDA:2601,0,1,-
BRDA:2601,0,2,-
BRDA:2601,1,4,-
BRDA:2601,1,5,-
BRDA:2601,2,7,-
BRDA:2601,2,8,-
BRDA:2603,0,0,-
BRDA:2603,0,1,-
BRDA:2603,3,3,-
BRDA:2603,3,4,-
BRDA:2603,4,6,-
BRDA:2603,4,7,-
BRDA:2611,0,0,28
BRDA:2611,0,1,0
BRDA:2623,4294967295,1,988204
BRDA:2623,4294967295,2,0
BRDA:2624,0,0,0
BRDA:2624,0,1,988204
BRDA:2624,1,4,-
BRDA:2624,1,5,-
BRDA:2648,4294967295,1,1626
BRDA:2648,4294967295,2,0
BRDA:2649,0,0,0
BRDA:2649,0,1,1626
BRDA:2649,1,4,-
BRDA:2649,1,5,-
BRDA:2666,0,1,1626
BRDA:2666,0,2,0
BRDA:2667,0,0,0
BRDA:2667,0,1,1626
BRDA:2667,1,4,-
BRDA:2667,1,5,-
BRDA:2668,0,1,1626
BRDA:2668,0,2,0
BRDA:2676,0,2,988201
BRDA:2676,0,3,0
BRDA:2676,1,5,988201
BRDA:2676,1,6,0
BRDA:2676,2,8,988201
BRDA:2676,2,9,0
BRDA:2682,4294967295,1,988201
BRDA:2682,4294967295,2,0
BRDA:2682,0,5,988201
BRDA:2682,0,6,0
BRDA:2683,4294967295,1,988201
BRDA:2683,4294967295,2,0
BRDA:2685,0,0,0
BRDA:2685,0,1,988201
BRDA:2685,1,4,-
BRDA:2685,1,5,-
BRDA:2689,0,0,988201
BRDA:2689,0,1,0
BRDA:2725,0,1,988201
BRDA:2725,0,2,0
BRDA:2726,0,0,0
BRDA:2726,0,1,988201
BRDA:2726,1,4,-
BRDA:2726,1,5,-
BRDA:2743,0,2,-
BRDA:2743,0,3,-
BRDA:2743,1,5,-
BRDA:2743,1,6,-
BRDA:2743,2,8,-
BRDA:2743,2,9,-
BRDA:2747,0,2,-
BRDA:2747,0,3,-
BRDA:2747,1,5,-
BRDA:2747,1,6,-
BRDA:2747,2,8,-
BRDA:2747,2,9,-
BRDA:2747,3,11,-
BRDA:2747,3,12,-
BRDA:2758,0,1,988201
BRDA:2758,0,2,0
BRDA:2760,4294967295,3,-
BRDA:2760,4294967295,4,-
BRDA:2760,4294967295,6,-
BRDA:2760,4294967295,7,-
BRDA:2765,0,0,-
BRDA:2765,0,1,-
BRDA:2770,0,0,988201
BRDA:2770,0,1,0
BRDA:2771,0,1,988201
BRDA:2771,0,2,0
BRDA:2771,1,4,988201
BRDA:2771,1,5,0
BRDA:2773,0,1,988201
BRDA:2773,0,2,0
BRDA:2777,0,2,-
BRDA:2777,0,3,-
BRDA:2780,0,1,988201
BRDA:2780,0,2,0
BRDA:2782,0,0,988201
BRDA:2782,0,1,0
BRF:700
BRH:233
DA:54,994320
DA:57,994323
DA:58,6
DA:59,3
DA:60,3
DA:89,1
DA:90,1
DA:91,2
DA:93,1
DA:94,1
DA:95,1
DA:96,1
DA:97,1
DA:169,1
DA:173,1
DA:174,1
DA:175,1
DA:176,1
DA:177,1
DA:178,1
DA:179,1
DA:185,6932851
DA:186,6932851
DA:188,5948718
DA:189,5948718
DA:199,10
DA:201,10
DA:202,10
DA:203,10
DA:206,1626
DA:208,1626
DA:209,1626
DA:210,1626
DA:234,816
DA:235,816
DA:237,3005250
DA:238,3005250
DA:240,5948726
DA:241,5948726
DA:259,4947092
DA:260,4947092
DA:267,1626
DA:268,1626
DA:269,0
DA:273,1626
DA:274,1626
DA:275,1626
DA:339,1626
DA:340,1626
DA:355,12784
DA:356,12784
DA:391,2415
DA:393,2415
DA:394,2415
DA:395,2415
DA:401,4974
DA:402,2487
DA:404,879
DA:405,879
DA:408,879
DA:410,879
DA:411,879
DA:412,879
DA:419,2618
DA:421,2618
DA:422,2618
DA:423,2618
DA:429,10350
DA:430,5175
DA:436,144
DA:437,144
DA:459,144
DA:461,144
DA:462,144
DA:463,144
DA:466,2413
DA:468,2413
DA:469,2413
DA:470,2413
DA:491,72
DA:492,36
DA:537,72
DA:538,36
DA:540,0
DA:541,0
DA:548,36
DA:550,36
DA:551,36
DA:553,36
DA:554,36
DA:555,36
DA:556,36
DA:557,36
DA:558,36
DA:617,6
DA:618,6
DA:619,6
DA:623,6
DA:624,6
DA:626,988201
DA:628,988201
DA:629,988201
DA:630,988201
DA:633,1632
DA:634,816
DA:636,5971920
DA:637,2985960
DA:647,6
DA:648,6
DA:702,2413
DA:704,2413
DA:705,2413
DA:706,2413
DA:723,2415
DA:724,2415
DA:725,2415
DA:726,2415
DA:784,17
DA:785,17
DA:786,17
DA:787,17
DA:912,27
DA:914,27
DA:915,27
DA:916,27
DA:929,54
DA:930,27
DA:932,9
DA:934,9
DA:935,9
DA:936,9
DA:1201,1
DA:1208,1
DA:1211,1
DA:1212,1
DA:1213,1
DA:1214,1
DA:1228,1979656
DA:1229,989828
DA:1263,1626
DA:1265,1626
DA:1273,1626
DA:1276,1626
DA:1277,3252
DA:1278,1626
DA:1279,1626
DA:1303,13
DA:1306,13
DA:1307,13
DA:1308,13
DA:1312,3409
DA:1314,3409
DA:1315,3409
DA:1316,3409
DA:1317,3409
DA:1377,1632
DA:1378,816
DA:1386,3422
DA:1387,3422
DA:1388,3422
DA:1391,811
DA:1392,811
DA:1393,811
DA:1403,811
DA:1407,811
DA:1410,0
DA:1411,0
DA:1412,0
DA:1413,0
DA:1415,811
DA:1421,0
DA:1423,0
DA:1426,0
DA:1427,0
DA:1429,0
DA:1430,0
DA:1431,0
DA:1432,0
DA:1435,0
DA:1436,0
DA:1439,0
DA:1440,0
DA:1442,0
DA:1443,0
DA:1444,0
DA:1448,0
DA:1453,0
DA:1455,0
DA:1456,0
DA:1461,0
DA:1462,0
DA:1464,0
DA:1465,0
DA:1467,0
DA:1472,0
DA:1479,3
DA:1480,3
DA:1483,0
DA:1484,0
DA:1490,6
DA:1491,3
DA:1492,3
DA:1496,3
DA:1498,3
DA:1526,0
DA:1527,0
DA:1530,0
DA:1532,0
DA:1540,0
DA:1543,3
DA:1544,6
DA:1545,3
DA:1546,3
DA:1547,3
DA:1549,3
DA:1553,0
DA:1554,0
DA:1560,3
DA:1565,3
DA:1566,3
DA:1569,3
DA:1570,3
DA:1572,3
DA:1608,2964603
DA:1609,2964603
DA:1610,2964603
DA:1612,2964603
DA:1613,0
DA:1617,2964603
DA:1618,2964603
DA:1620,2964603
DA:1625,36
DA:1626,36
DA:1629,2964642
DA:1630,2964642
DA:1631,2964642
DA:1634,5929276
DA:1635,5929276
DA:1636,2964637
DA:1637,2964637
DA:1640,2964637
DA:1642,5929276
DA:1645,2964603
DA:1646,2964603
DA:1647,2964603
DA:1648,2964603
DA:1649,2964603
DA:1650,2964603
DA:1653,36
DA:1654,36
DA:1655,36
DA:1656,36
DA:1657,36
DA:1658,36
DA:1659,36
DA:1660,36
DA:1661,36
DA:1700,3
DA:1701,3
DA:1705,1978031
DA:1706,1978031
DA:1707,0
DA:1711,1978031
DA:1712,1978031
DA:1713,1978031
DA:1733,36
DA:1734,36
DA:1735,0
DA:1736,0
DA:1737,0
DA:1739,36
DA:1776,1976402
DA:1777,1976402
DA:1780,988201
DA:1781,988201
DA:1791,6
DA:1792,3
DA:1794,1976402
DA:1795,1976402
DA:1796,1976402
DA:1816,0
DA:1817,0
DA:1818,0
DA:1922,988201
DA:1923,988201
DA:1924,988201
DA:1968,1626
DA:1970,3252
DA:1971,3252
DA:1994,6118
DA:1995,6118
DA:1996,6118
DA:1997,6118
DA:1998,6118
DA:1999,6118
DA:2001,6118
DA:2004,36
DA:2005,36
DA:2007,36
DA:2008,36
DA:2010,6118
DA:2012,6118
DA:2013,6118
DA:2014,36
DA:2016,6118
DA:2025,4475
DA:2026,4475
DA:2029,1626
DA:2030,1626
DA:2033,4291
DA:2034,4291
DA:2037,6150
DA:2038,6150
DA:2039,0
DA:2041,6150
DA:2044,6082
DA:2045,6082
DA:2048,6082
DA:2049,6082
DA:2050,6082
DA:2287,72
DA:2288,36
DA:2289,36
DA:2292,36
DA:2293,36
DA:2294,36
DA:2296,36
DA:2297,36
DA:2298,36
DA:2301,6081
DA:2303,6081
DA:2304,6081
DA:2305,6081
DA:2309,1
DA:2315,1
DA:2317,1
DA:2318,1
DA:2320,1
DA:2393,5
DA:2400,5
DA:2402,5
DA:2403,5
DA:2404,5
DA:2405,5
DA:2406,5
DA:2407,5
DA:2411,6
DA:2417,6
DA:2419,6
DA:2420,6
DA:2421,6
DA:2422,6
DA:2423,6
DA:2424,6
DA:2428,5
DA:2436,5
DA:2438,5
DA:2439,5
DA:2440,5
DA:2441,5
DA:2442,5
DA:2443,5
DA:2444,5
DA:2470,36
DA:2474,36
DA:2475,36
DA:2477,36
DA:2478,0
DA:2479,0
DA:2483,36
DA:2484,72
DA:2485,36
DA:2486,66
DA:2487,36
DA:2489,36
DA:2547,1656
DA:2550,1656
DA:2551,3312
DA:2553,1656
DA:2554,1656
DA:2555,1656
DA:2556,1656
DA:2557,1656
DA:2558,1656
DA:2559,1656
DA:2563,3243
DA:2566,3243
DA:2567,6486
DA:2569,3243
DA:2570,3243
DA:2571,3243
DA:2572,3243
DA:2573,6486
DA:2574,3243
DA:2578,1182
DA:2581,1182
DA:2582,2364
DA:2584,1182
DA:2585,1182
DA:2586,1182
DA:2587,1182
DA:2588,2364
DA:2589,1182
DA:2593,0
DA:2596,0
DA:2597,0
DA:2599,0
DA:2600,0
DA:2601,0
DA:2602,0
DA:2603,0
DA:2604,0
DA:2605,0
DA:2609,28
DA:2610,28
DA:2611,28
DA:2612,28
DA:2622,1976408
DA:2623,988204
DA:2624,988204
DA:2625,988204
DA:2627,988204
DA:2628,988204
DA:2629,988204
DA:2647,3252
DA:2648,1626
DA:2649,1626
DA:2650,1626
DA:2652,1626
DA:2653,1626
DA:2654,1626
DA:2664,1626
DA:2666,1626
DA:2667,1626
DA:2668,1626
DA:2675,988201
DA:2676,988201
DA:2677,988201
DA:2679,988201
DA:2680,988201
DA:2682,988201
DA:2683,988201
DA:2684,988201
DA:2685,988201
DA:2686,988201
DA:2688,1976402
DA:2689,988201
DA:2690,988201
DA:2691,988201
DA:2693,0
DA:2720,991453
DA:2721,991453
DA:2724,988201
DA:2725,988201
DA:2726,988201
DA:2727,988201
DA:2734,1626
DA:2735,1626
DA:2738,988201
DA:2739,988201
DA:2742,0
DA:2743,0
DA:2744,0
DA:2746,0
DA:2747,0
DA:2748,0
DA:2750,0
DA:2751,0
DA:2752,0
DA:2754,988201
DA:2755,988201
DA:2758,988201
DA:2759,0
DA:2760,0
DA:2765,988201
DA:2767,988201
DA:2769,988201
DA:2770,988201
DA:2771,1976402
DA:2772,988201
DA:2773,988201
DA:2774,988201
DA:2777,0
DA:2779,988201
DA:2780,988201
DA:2782,988201
DA:2783,988201
LF:487
LH:412
end_of_record
SF:/home/david/shared-memory-disruptor/node_modules/node-addon-api/napi.h
FN:900,_ZN4Napi15ObjectReferenceD2Ev
FN:937,_ZN4Napi17FunctionReferenceD2Ev
FN:1062,_ZN4Napi5ErrorD2Ev
FN:1062,_ZN4Napi5ErrorD0Ev
FN:1244,_ZN4Napi23ClassPropertyDescriptorI9DisruptorEC2E24napi_property_descriptor
FN:1279,_ZN4Napi10ObjectWrapI9DisruptorED2Ev
FNDA:1976405,_ZN4Napi15ObjectReferenceD2Ev
FNDA:988201,_ZN4Napi17FunctionReferenceD2Ev
FNDA:0,_ZN4Napi5ErrorD0Ev
FNDA:3,_ZN4Napi5ErrorD2Ev
FNDA:16,_ZN4Napi23ClassPropertyDescriptorI9DisruptorEC2E24napi_property_descriptor
FNDA:31,_ZN4Napi10ObjectWrapI9DisruptorED2Ev
FNF:6
FNH:5
DA:900,3952810
DA:937,1976402
DA:1062,6
DA:1244,16
DA:1279,62
LF:5
LH:5
end_of_record
SF:/usr/include/c++/6/bits/alloc_traits.h
FN:435,_ZNSt16allocator_traitsISaI11AsyncBufferIhEEE8allocateERS2_m
FN:461,_ZNSt16allocator_traitsISaI11AsyncBufferIhEEE10deallocateERS2_PS1_m
FN:495,_ZNSt16allocator_traitsISaI11AsyncBufferIhEEE8max_sizeERKS2_
FNDA:6,_ZNSt16allocator_traitsISaI11AsyncBufferIhEEE8allocateERS2_m
FNDA:6,_ZNSt16allocator_traitsISaI11AsyncBufferIhEEE10deallocateERS2_PS1_m
FNDA:12,_ZNSt16allocator_traitsISaI11AsyncBufferIhEEE8max_sizeERKS2_
FNF:3
FNH:3
DA:435,6
DA:436,6
DA:461,6
DA:462,6
DA:495,12
DA:496,12
LF:6
LH:6
end_of_record
SF:/usr/include/c++/6/bits/allocator.h
FN:131,_ZNSaI11AsyncBufferIhEEC2Ev
FN:139,_ZNSaI11AsyncBufferIhEED2Ev
FNDA:312371,_ZNSaI11AsyncBufferIhEEC2Ev
FNDA:312371,_ZNSaI11AsyncBufferIhEED2Ev
FNF:2
FNH:2
DA:131,624742
DA:139,624742
LF:2
LH:2
end_of_record
SF:/usr/include/c++/6/bits/basic_string.h
FN:107,_ZNSt7__cxx1112basic_stringIcSt11char_traitsIcESaIcEE12_Alloc_hiderD2Ev
FN:192,_ZNSt7__cxx1112basic_stringIcSt11char_traitsIcESaIcEE16_M_construct_auxIPcEEvT_S7_St12__false_type
FN:212,_ZNSt7__cxx1112basic_stringIcSt11char_traitsIcESaIcEE12_M_constructIPcEEvT_S7_
FN:549,_ZNSt7__cxx1112basic_stringIcSt11char_traitsIcESaIcEEC2IPcvEET_S7_RKS3_
FN:5021,_ZStplIcSt11char_traitsIcESaIcEENSt7__cxx1112basic_stringIT_T0_T1_EEOS8_S9_
FN:5045,_ZStplIcSt11char_traitsIcESaIcEENSt7__cxx1112basic_stringIT_T0_T1_EEOS8_PKS5_
FN:5470,_ZNSt7__cxx119to_stringEi
FNDA:0,_ZNSt7__cxx1112basic_stringIcSt11char_traitsIcESaIcEE12_Alloc_hiderD2Ev
FNDA:0,_ZNSt7__cxx1112basic_stringIcSt11char_traitsIcESaIcEE16_M_construct_auxIPcEEvT_S7_St12__false_type
FNDA:0,_ZNSt7__cxx1112basic_stringIcSt11char_traitsIcESaIcEE12_M_constructIPcEEvT_S7_
FNDA:0,_ZNSt7__cxx1112basic_stringIcSt11char_traitsIcESaIcEEC2IPcvEET_S7_RKS3_
FNDA:3,_ZStplIcSt11char_traitsIcESaIcEENSt7__cxx1112basic_stringIT_T0_T1_EEOS8_S9_
FNDA:3,_ZStplIcSt11char_traitsIcESaIcEENSt7__cxx1112basic_stringIT_T0_T1_EEOS8_PKS5_
FNDA:0,_ZNSt7__cxx119to_stringEi
FNF:7
FNH:2
BRDA:196,0,1,-
BRDA:196,0,2,-
BRDA:215,0,1,-
BRDA:215,0,2,-
BRDA:552,4294967295,1,-
BRDA:552,4294967295,2,-
BRDA:5026,4294967295,0,0
BRDA:5026,4294967295,1,3
BRDA:5026,0,3,-
BRDA:5026,0,4,-
BRDA:5028,0,0,0
BRDA:5028,0,1,3
BRF:12
BRH:2
DA:107,0
DA:192,0
DA:196,0
DA:197,0
DA:212,0
DA:215,0
DA:216,0
DA:549,0
DA:551,0
DA:552,0
DA:5021,3
DA:5024,3
DA:5025,3
DA:5026,3
DA:5027,0
DA:5028,3
DA:5045,3
DA:5047,3
DA:5470,0
DA:5472,0
LF:20
LH:7
end_of_record
SF:/usr/include/c++/6/bits/basic_string.tcc
FN:206,_ZNSt7__cxx1112basic_stringIcSt11char_traitsIcESaIcEE12_M_constructIPcEEvT_S7_St20forward_iterator_tag
FNDA:0,_ZNSt7__cxx1112basic_stringIcSt11char_traitsIcESaIcEE12_M_constructIPcEEvT_S7_St20forward_iterator_tag
FNF:1
FNH:0
BRDA:211,0,1,-
BRDA:211,0,2,-
BRDA:211,1,3,-
BRDA:211,1,4,-
BRDA:211,4,5,-
BRDA:211,4,6,-
BRDA:215,0,1,-
BRDA:215,0,2,-
BRDA:217,0,0,-
BRDA:217,0,1,-
BRDA:219,0,1,-
BRDA:219,0,2,-
BRDA:219,1,4,-
BRDA:219,1,5,-
BRDA:220,0,1,-
BRDA:220,0,2,-
BRDA:225,0,1,-
BRDA:225,0,2,-
BRDA:228,4294967295,1,-
BRDA:228,4294967295,2,-
BRDA:232,4294967295,1,-
BRDA:232,4294967295,2,-
BRF:22
BRH:0
DA:206,0
DA:211,0
DA:212,0
DA:215,0
DA:217,0
DA:219,0
DA:220,0
DA:225,0
DA:226,0
DA:228,0
DA:229,0
DA:232,0
DA:233,0
LF:13
LH:0
end_of_record
SF:/usr/include/c++/6/bits/move.h
FN:47,_ZSt11__addressofI11AsyncBufferIhEEPT_RS2_
FN:76,_ZSt7forwardI11AsyncBufferIhEEOT_RNSt16remove_referenceIS2_E4typeE
FN:76,_ZSt7forwardISt14default_deleteISt6vectorI11AsyncBufferIhESaIS3_EEEEOT_RNSt16remove_referenceIS7_E4typeE
FN:101,_ZSt4moveIRNSt7__cxx1112basic_stringIcSt11char_traitsIcESaIcEEEEONSt16remove_referenceIT_E4typeEOS8_
FN:101,_ZSt4moveIRN4Napi9ReferenceINS0_6ObjectEEEEONSt16remove_referenceIT_E4typeEOS6_
FN:101,_ZSt4moveIRN4Napi9ReferenceINS0_8FunctionEEEEONSt16remove_referenceIT_E4typeEOS6_
FN:101,_ZSt4moveIRPSt6vectorI11AsyncBufferIhESaIS2_EEEONSt16remove_referenceIT_E4typeEOS8_
FN:179,_ZSt4swapIPSt6vectorI11AsyncBufferIhESaIS2_EEENSt9enable_ifIXsrSt6__and_IJSt21is_move_constructibleIT_ESt18is_move_assignableIS9_EEE5valueEvE4typeERS9_SG_
FNDA:7,_ZSt11__addressofI11AsyncBufferIhEEPT_RS2_
FNDA:1,_ZSt7forwardI11AsyncBufferIhEEOT_RNSt16remove_referenceIS2_E4typeE
FNDA:312371,_ZSt7forwardISt14default_deleteISt6vectorI11AsyncBufferIhESaIS3_EEEEOT_RNSt16remove_referenceIS7_E4typeE
FNDA:937113,_ZSt4moveIRPSt6vectorI11AsyncBufferIhESaIS2_EEEONSt16remove_referenceIT_E4typeEOS8_
FNDA:6,_ZSt4moveIRNSt7__cxx1112basic_stringIcSt11char_traitsIcESaIcEEEEONSt16remove_referenceIT_E4typeEOS8_
FNDA:988201,_ZSt4moveIRN4Napi9ReferenceINS0_8FunctionEEEEONSt16remove_referenceIT_E4typeEOS6_
FNDA:1976402,_ZSt4moveIRN4Napi9ReferenceINS0_6ObjectEEEEONSt16remove_referenceIT_E4typeEOS6_
FNDA:312371,_ZSt4swapIPSt6vectorI11AsyncBufferIhESaIS2_EEENSt9enable_ifIXsrSt6__and_IJSt21is_move_constructibleIT_ESt18is_move_assignableIS9_EEE5valueEvE4typeERS9_SG_
FNF:8
FNH:8
DA:47,7
DA:50,7
DA:76,312372
DA:77,312372
DA:101,3901722
DA:102,3901722
DA:179,312371
DA:190,312371
DA:191,312371
DA:192,312371
DA:193,312371
LF:11
LH:11
end_of_record
SF:/usr/include/c++/6/bits/stl_algobase.h
FN:219,_ZSt3maxImERKT_S2_S2_
FNDA:6,_ZSt3maxImERKT_S2_S2_
FNF:1
FNH:1
BRDA:224,0,0,5
BRDA:224,0,1,1
BRF:2
BRH:2
DA:219,6
DA:224,6
DA:225,5
DA:226,1
LF:4
LH:4
end_of_record
SF:/usr/include/c++/6/bits/stl_construct.h
FN:74,_ZSt10_ConstructI11AsyncBufferIhEJS1_EEvPT_DpOT0_
FN:74,_ZSt10_ConstructI11AsyncBufferIhEJEEvPT_DpOT0_
FN:112,_ZNSt12_Destroy_auxILb1EE9__destroyIP11AsyncBufferIhEEEvT_S5_
FN:122,_ZSt8_DestroyIP11AsyncBufferIhEEvT_S3_
FN:148,_ZSt8_DestroyIP11AsyncBufferIhES1_EvT_S3_RSaIT0_E
FNDA:1,_ZSt10_ConstructI11AsyncBufferIhEJS1_EEvPT_DpOT0_
FNDA:6,_ZSt10_ConstructI11AsyncBufferIhEJEEvPT_DpOT0_
FNDA:312377,_ZNSt12_Destroy_auxILb1EE9__destroyIP11AsyncBufferIhEEEvT_S5_
FNDA:312377,_ZSt8_DestroyIP11AsyncBufferIhEEvT_S3_
FNDA:312377,_ZSt8_DestroyIP11AsyncBufferIhES1_EvT_S3_RSaIT0_E
FNF:5
FNH:5
BRDA:75,0,2,1
BRDA:75,0,3,0
BRDA:75,3,5,6
BRDA:75,3,6,0
BRF:4
BRH:2
DA:74,7
DA:75,7
DA:112,312377
DA:122,312377
DA:126,312377
DA:128,312377
DA:148,312377
DA:151,312377
DA:152,312377
LF:9
LH:9
end_of_record
SF:/usr/include/c++/6/bits/stl_iterator.h
FN:1032,_ZNSt13move_iteratorIP11AsyncBufferIhEEC2ES2_
FN:1040,_ZNKSt13move_iteratorIP11AsyncBufferIhEE4baseEv
FN:1044,_ZNKSt13move_iteratorIP11AsyncBufferIhEEdeEv
FN:1052,_ZNSt13move_iteratorIP11AsyncBufferIhEEppEv
FN:1119,_ZSteqIP11AsyncBufferIhEEbRKSt13move_iteratorIT_ES7_
FN:1131,_ZStneIP11AsyncBufferIhEEbRKSt13move_iteratorIT_ES7_
FN:1223,_ZSt32__make_move_if_noexcept_iteratorI11AsyncBufferIhESt13move_iteratorIPS1_EET0_PT_
FNDA:12,_ZNSt13move_iteratorIP11AsyncBufferIhEEC2ES2_
FNDA:14,_ZNKSt13move_iteratorIP11AsyncBufferIhEE4baseEv
FNDA:1,_ZNKSt13move_iteratorIP11AsyncBufferIhEEdeEv
FNDA:1,_ZNSt13move_iteratorIP11AsyncBufferIhEEppEv
FNDA:7,_ZSteqIP11AsyncBufferIhEEbRKSt13move_iteratorIT_ES7_
FNDA:7,_ZStneIP11AsyncBufferIhEEbRKSt13move_iteratorIT_ES7_
FNDA:12,_ZSt32__make_move_if_noexcept_iteratorI11AsyncBufferIhESt13move_iteratorIPS1_EET0_PT_
FNF:7
FNH:7
DA:1032,12
DA:1033,12
DA:1040,14
DA:1041,14
DA:1044,1
DA:1045,1
DA:1052,1
DA:1054,1
DA:1055,1
DA:1119,7
DA:1121,7
DA:1131,7
DA:1133,7
DA:1223,12
DA:1224,12
LF:15
LH:15
end_of_record
SF:/usr/include/c++/6/bits/stl_iterator_base_funcs.h
FN:96,_ZSt10__distanceIPcENSt15iterator_traitsIT_E15difference_typeES2_S2_St26random_access_iterator_tag
FN:135,_ZSt8distanceIPcENSt15iterator_traitsIT_E15difference_typeES2_S2_
FNDA:0,_ZSt10__distanceIPcENSt15iterator_traitsIT_E15difference_typeES2_S2_St26random_access_iterator_tag
FNDA:0,_ZSt8distanceIPcENSt15iterator_traitsIT_E15difference_typeES2_S2_
FNF:2
FNH:0
DA:96,0
DA:102,0
DA:135,0
DA:138,0
DA:139,0
LF:5
LH:0
end_of_record
SF:/usr/include/c++/6/bits/stl_iterator_base_types.h
FN:204,_ZSt19__iterator_categoryIPcENSt15iterator_traitsIT_E17iterator_categoryERKS2_
FNDA:0,_ZSt19__iterator_categoryIPcENSt15iterator_traitsIT_E17iterator_categoryERKS2_
FNF:1
FNH:0
DA:204,0
DA:205,0
LF:2
LH:0
end_of_record
SF:/usr/include/c++/6/bits/stl_uninitialized.h
FN:68,_ZNSt20__uninitialized_copyILb0EE13__uninit_copyISt13move_iteratorIP11AsyncBufferIhEES5_EET0_T_S8_S7_
FN:107,_ZSt18uninitialized_copyISt13move_iteratorIP11AsyncBufferIhEES3_ET0_T_S6_S5_
FN:279,_ZSt22__uninitialized_copy_aISt13move_iteratorIP11AsyncBufferIhEES3_S2_ET0_T_S6_S5_RSaIT1_E
FN:297,_ZSt34__uninitialized_move_if_noexcept_aIP11AsyncBufferIhES2_SaIS1_EET0_T_S5_S4_RT1_
FN:513,_ZNSt27__uninitialized_default_n_1ILb0EE18__uninit_default_nIP11AsyncBufferIhEmEET_S5_T0_
FN:566,_ZSt25__uninitialized_default_nIP11AsyncBufferIhEmET_S3_T0_
FN:635,_ZSt27__uninitialized_default_n_aIP11AsyncBufferIhEmS1_ET_S3_T0_RSaIT1_E
FNDA:6,_ZNSt20__uninitialized_copyILb0EE13__uninit_copyISt13move_iteratorIP11AsyncBufferIhEES5_EET0_T_S8_S7_
FNDA:6,_ZSt18uninitialized_copyISt13move_iteratorIP11AsyncBufferIhEES3_ET0_T_S6_S5_
FNDA:6,_ZSt22__uninitialized_copy_aISt13move_iteratorIP11AsyncBufferIhEES3_S2_ET0_T_S6_S5_RSaIT1_E
FNDA:6,_ZSt34__uninitialized_move_if_noexcept_aIP11AsyncBufferIhES2_SaIS1_EET0_T_S5_S4_RT1_
FNDA:6,_ZNSt27__uninitialized_default_n_1ILb0EE18__uninit_default_nIP11AsyncBufferIhEmEET_S5_T0_
FNDA:6,_ZSt25__uninitialized_default_nIP11AsyncBufferIhEmET_S3_T0_
FNDA:6,_ZSt27__uninitialized_default_n_aIP11AsyncBufferIhEmS1_ET_S3_T0_RSaIT1_E
FNF:7
FNH:7
BRDA:74,0,1,7
BRDA:74,0,2,0
BRDA:74,1,3,1
BRDA:74,1,4,6
BRDA:80,4294967295,1,-
BRDA:80,4294967295,2,-
BRDA:518,0,0,6
BRDA:518,0,1,6
BRF:8
BRH:5
DA:68,6
DA:71,6
DA:74,7
DA:75,1
DA:76,6
DA:78,0
DA:80,0
DA:81,0
DA:107,6
DA:120,6
DA:126,6
DA:279,6
DA:281,6
DA:297,6
DA:303,6
DA:304,6
DA:513,6
DA:515,6
DA:518,12
DA:519,6
DA:520,6
DA:566,6
DA:571,6
DA:575,6
DA:635,6
DA:637,6
LF:26
LH:23
end_of_record
SF:/usr/include/c++/6/bits/stl_vector.h
FN:79,_ZNSt12_Vector_baseI11AsyncBufferIhESaIS1_EE12_Vector_implD2Ev
FN:86,_ZNSt12_Vector_baseI11AsyncBufferIhESaIS1_EE12_Vector_implC2Ev
FN:113,_ZNSt12_Vector_baseI11AsyncBufferIhESaIS1_EE19_M_get_Tp_allocatorEv
FN:117,_ZNKSt12_Vector_baseI11AsyncBufferIhESaIS1_EE19_M_get_Tp_allocatorEv
FN:124,_ZNSt12_Vector_baseI11AsyncBufferIhESaIS1_EEC2Ev
FN:159,_ZNSt12_Vector_baseI11AsyncBufferIhESaIS1_EED2Ev
FN:167,_ZNSt12_Vector_baseI11AsyncBufferIhESaIS1_EE11_M_allocateEm
FN:174,_ZNSt12_Vector_baseI11AsyncBufferIhESaIS1_EE13_M_deallocateEPS1_m
FN:255,_ZNSt6vectorI11AsyncBufferIhESaIS1_EEC2Ev
FN:425,_ZNSt6vectorI11AsyncBufferIhESaIS1_EED2Ev
FN:655,_ZNKSt6vectorI11AsyncBufferIhESaIS1_EE4sizeEv
FN:660,_ZNKSt6vectorI11AsyncBufferIhESaIS1_EE8max_sizeEv
FN:674,_ZNSt6vectorI11AsyncBufferIhESaIS1_EE6resizeEm
FN:780,_ZNSt6vectorI11AsyncBufferIhESaIS1_EEixEm
FN:1420,_ZNKSt6vectorI11AsyncBufferIhESaIS1_EE12_M_check_lenEmPKc
FN:1434,_ZNSt6vectorI11AsyncBufferIhESaIS1_EE15_M_erase_at_endEPS1_
FNDA:312371,_ZNSt12_Vector_baseI11AsyncBufferIhESaIS1_EE12_Vector_implD2Ev
FNDA:312371,_ZNSt12_Vector_baseI11AsyncBufferIhESaIS1_EE12_Vector_implC2Ev
FNDA:312389,_ZNSt12_Vector_baseI11AsyncBufferIhESaIS1_EE19_M_get_Tp_allocatorEv
FNDA:12,_ZNKSt12_Vector_baseI11AsyncBufferIhESaIS1_EE19_M_get_Tp_allocatorEv
FNDA:312371,_ZNSt12_Vector_baseI11AsyncBufferIhESaIS1_EEC2Ev
FNDA:312371,_ZNSt12_Vector_baseI11AsyncBufferIhESaIS1_EED2Ev
FNDA:6,_ZNSt12_Vector_baseI11AsyncBufferIhESaIS1_EE11_M_allocateEm
FNDA:312377,_ZNSt12_Vector_baseI11AsyncBufferIhESaIS1_EE13_M_deallocateEPS1_m
FNDA:312371,_ZNSt6vectorI11AsyncBufferIhESaIS1_EEC2Ev
FNDA:312371,_ZNSt6vectorI11AsyncBufferIhESaIS1_EED2Ev
FNDA:312430,_ZNKSt6vectorI11AsyncBufferIhESaIS1_EE4sizeEv
FNDA:12,_ZNKSt6vectorI11AsyncBufferIhESaIS1_EE8max_sizeEv
FNDA:6,_ZNSt6vectorI11AsyncBufferIhESaIS1_EE6resizeEm
FNDA:12,_ZNSt6vectorI11AsyncBufferIhESaIS1_EEixEm
FNDA:6,_ZNKSt6vectorI11AsyncBufferIhESaIS1_EE12_M_check_lenEmPKc
FNDA:0,_ZNSt6vectorI11AsyncBufferIhESaIS1_EE15_M_erase_at_endEPS1_
FNF:16
FNH:15
BRDA:170,0,0,6
BRDA:170,0,1,0
BRDA:177,0,0,6
BRDA:177,0,1,312371
BRDA:676,0,1,6
BRDA:676,0,2,0
BRDA:678,0,1,-
BRDA:678,0,2,-
BRDA:1422,0,2,0
BRDA:1422,0,3,6
BRDA:1426,4294967295,1,6
BRDA:1426,4294967295,2,0
BRDA:1426,0,4,0
BRDA:1426,0,5,6
BRF:14
BRH:7
DA:79,624742
DA:86,312371
DA:87,312371
DA:88,312371
DA:113,312389
DA:114,312389
DA:117,12
DA:118,12
DA:124,312371
DA:125,312371
DA:159,312371
DA:160,312371
DA:161,312371
DA:167,6
DA:170,6
DA:174,312377
DA:177,312377
DA:178,6
DA:179,312377
DA:255,312371
DA:259,312371
DA:425,312371
DA:426,312371
DA:427,624742
DA:655,312430
DA:656,312430
DA:660,12
DA:661,12
DA:674,6
DA:676,6
DA:677,6
DA:678,0
DA:679,0
DA:680,6
DA:780,12
DA:781,12
DA:1420,6
DA:1422,6
DA:1423,0
DA:1425,6
DA:1426,6
DA:1434,0
DA:1436,0
DA:1437,0
DA:1438,0
LF:45
LH:38
end_of_record
SF:/usr/include/c++/6/bits/unique_ptr.h
FN:57,_ZNSt14default_deleteISt6vectorI11AsyncBufferIhESaIS2_EEEC2Ev
FN:70,_ZNKSt14default_deleteISt6vectorI11AsyncBufferIhESaIS2_EEEclEPS4_
FN:158,_ZNSt10unique_ptrISt6vectorI11AsyncBufferIhESaIS2_EESt14default_deleteIS4_EEC2Ev
FN:170,_ZNSt10unique_ptrIi7CloseFDEC2EPi
FN:170,_ZNSt10unique_ptrISt6vectorI11AsyncBufferIhESaIS2_EESt14default_deleteIS4_EEC2EPS4_
FN:235,_ZNSt10unique_ptrISt6vectorI11AsyncBufferIhESaIS2_EESt14default_deleteIS4_EED2Ev
FN:235,_ZNSt10unique_ptrIi7CloseFDED2Ev
FN:252,_ZNSt10unique_ptrISt6vectorI11AsyncBufferIhESaIS2_EESt14default_deleteIS4_EEaSEOS7_
FN:291,_ZNKSt10unique_ptrISt6vectorI11AsyncBufferIhESaIS2_EESt14default_deleteIS4_EEdeEv
FN:291,_ZNKSt10unique_ptrIi7CloseFDEdeEv
FN:299,_ZNKSt10unique_ptrISt6vectorI11AsyncBufferIhESaIS2_EESt14default_deleteIS4_EEptEv
FN:307,_ZNKSt10unique_ptrISt6vectorI11AsyncBufferIhESaIS2_EESt14default_deleteIS4_EE3getEv
FN:307,_ZNKSt10unique_ptrIi7CloseFDE3getEv
FN:312,_ZNSt10unique_ptrIi7CloseFDE11get_deleterEv
FN:312,_ZNSt10unique_ptrISt6vectorI11AsyncBufferIhESaIS2_EESt14default_deleteIS4_EE11get_deleterEv
FN:328,_ZNSt10unique_ptrISt6vectorI11AsyncBufferIhESaIS2_EESt14default_deleteIS4_EE7releaseEv
FN:342,_ZNSt10unique_ptrISt6vectorI11AsyncBufferIhESaIS2_EESt14default_deleteIS4_EE5resetEPS4_
FN:790,_ZSt11make_uniqueISt6vectorI11AsyncBufferIhESaIS2_EEJEENSt9_MakeUniqIT_E15__single_objectEDpOT0_
FNDA:624742,_ZNSt14default_deleteISt6vectorI11AsyncBufferIhESaIS2_EEEC2Ev
FNDA:312371,_ZNKSt14default_deleteISt6vectorI11AsyncBufferIhESaIS2_EEEclEPS4_
FNDA:312371,_ZNSt10unique_ptrISt6vectorI11AsyncBufferIhESaIS2_EESt14default_deleteIS4_EEC2Ev
FNDA:312371,_ZNSt10unique_ptrISt6vectorI11AsyncBufferIhESaIS2_EESt14default_deleteIS4_EEC2EPS4_
FNDA:36,_ZNSt10unique_ptrIi7CloseFDEC2EPi
FNDA:624741,_ZNSt10unique_ptrISt6vectorI11AsyncBufferIhESaIS2_EESt14default_deleteIS4_EED2Ev
FNDA:36,_ZNSt10unique_ptrIi7CloseFDED2Ev
FNDA:312371,_ZNSt10unique_ptrISt6vectorI11AsyncBufferIhESaIS2_EESt14default_deleteIS4_EEaSEOS7_
FNDA:12,_ZNKSt10unique_ptrISt6vectorI11AsyncBufferIhESaIS2_EESt14default_deleteIS4_EEdeEv
FNDA:102,_ZNKSt10unique_ptrIi7CloseFDEdeEv
FNDA:312394,_ZNKSt10unique_ptrISt6vectorI11AsyncBufferIhESaIS2_EESt14default_deleteIS4_EEptEv
FNDA:624777,_ZNKSt10unique_ptrISt6vectorI11AsyncBufferIhESaIS2_EESt14default_deleteIS4_EE3getEv
FNDA:102,_ZNKSt10unique_ptrIi7CloseFDE3getEv
FNDA:937113,_ZNSt10unique_ptrISt6vectorI11AsyncBufferIhESaIS2_EESt14default_deleteIS4_EE11get_deleterEv
FNDA:36,_ZNSt10unique_ptrIi7CloseFDE11get_deleterEv
FNDA:312371,_ZNSt10unique_ptrISt6vectorI11AsyncBufferIhESaIS2_EESt14default_deleteIS4_EE7releaseEv
FNDA:312371,_ZNSt10unique_ptrISt6vectorI11AsyncBufferIhESaIS2_EESt14default_deleteIS4_EE5resetEPS4_
FNDA:312371,_ZSt11make_uniqueISt6vectorI11AsyncBufferIhESaIS2_EEJEENSt9_MakeUniqIT_E15__single_objectEDpOT0_
FNF:18
FNH:18
BRDA:76,0,0,312371
BRDA:76,0,1,0
BRDA:238,4294967295,0,312371
BRDA:238,4294967295,1,312371
BRDA:238,4294967295,2,36
BRDA:238,4294967295,3,0
BRDA:346,4294967295,0,0
BRDA:346,4294967295,1,312371
BRF:8
BRH:5
DA:57,624742
DA:70,312371
DA:76,312371
DA:77,312371
DA:158,312371
DA:159,312371
DA:161,312371
DA:170,312407
DA:171,312407
DA:173,312407
DA:176,312407
DA:235,624777
DA:237,624777
DA:238,624778
DA:239,312407
DA:240,624778
DA:241,624778
DA:252,312371
DA:254,312371
DA:255,312371
DA:256,312371
DA:291,114
DA:294,114
DA:299,312394
DA:302,312394
DA:307,624879
DA:308,624879
DA:312,937149
DA:313,937149
DA:328,312371
DA:330,312371
DA:331,312371
DA:332,312371
DA:342,312371
DA:345,312371
DA:346,312371
DA:347,0
DA:348,312371
DA:790,312371
DA:791,312371
LF:40
LH:39
end_of_record
SF:/usr/include/c++/6/bits/vector.tcc
FN:540,_ZNSt6vectorI11AsyncBufferIhESaIS1_EE17_M_default_appendEm
FNDA:6,_ZNSt6vectorI11AsyncBufferIhESaIS1_EE17_M_default_appendEm
FNF:1
FNH:1
BRDA:543,0,0,6
BRDA:543,0,1,0
BRDA:545,0,0,0
BRDA:545,0,1,6
BRDA:561,4294967295,1,6
BRDA:561,4294967295,2,0
BRDA:565,4294967295,1,6
BRDA:565,4294967295,2,0
BRDA:571,4294967295,1,-
BRDA:571,4294967295,2,-
BRDA:573,4294967295,1,-
BRDA:573,4294967295,2,-
BRF:12
BRH:4
DA:540,6
DA:543,6
DA:545,6
DA:546,6
DA:548,0
DA:549,0
DA:550,0
DA:555,6
DA:556,6
DA:557,6
DA:558,6
DA:561,6
DA:563,6
DA:564,6
DA:565,6
DA:567,6
DA:569,0
DA:571,0
DA:572,0
DA:573,0
DA:574,0
DA:576,6
DA:577,6
DA:578,6
DA:579,6
DA:580,6
DA:581,6
DA:582,6
DA:583,6
DA:586,6
LF:30
LH:22
end_of_record
SF:/usr/include/c++/6/exception
FN:63,_ZNSt9exceptionC2Ev
FNDA:3,_ZNSt9exceptionC2Ev
FNF:1
FNH:1
DA:63,3
LF:1
LH:1
end_of_record
SF:/usr/include/c++/6/ext/new_allocator.h
FN:79,_ZN9__gnu_cxx13new_allocatorI11AsyncBufferIhEEC2Ev
FN:86,_ZN9__gnu_cxx13new_allocatorI11AsyncBufferIhEED2Ev
FN:99,_ZN9__gnu_cxx13new_allocatorI11AsyncBufferIhEE8allocateEmPKv
FN:109,_ZN9__gnu_cxx13new_allocatorI11AsyncBufferIhEE10deallocateEPS2_m
FN:113,_ZNK9__gnu_cxx13new_allocatorI11AsyncBufferIhEE8max_sizeEv
FNDA:312371,_ZN9__gnu_cxx13new_allocatorI11AsyncBufferIhEEC2Ev
FNDA:312371,_ZN9__gnu_cxx13new_allocatorI11AsyncBufferIhEED2Ev
FNDA:6,_ZN9__gnu_cxx13new_allocatorI11AsyncBufferIhEE8allocateEmPKv
FNDA:6,_ZN9__gnu_cxx13new_allocatorI11AsyncBufferIhEE10deallocateEPS2_m
FNDA:18,_ZNK9__gnu_cxx13new_allocatorI11AsyncBufferIhEE8max_sizeEv
FNF:5
FNH:5
BRDA:101,0,1,0
BRDA:101,0,2,6
BRF:2
BRH:1
DA:79,312371
DA:86,312371
DA:99,6
DA:101,6
DA:102,0
DA:104,6
DA:109,6
DA:110,6
DA:113,18
DA:114,18
LF:10
LH:9
end_of_record
SF:/usr/include/c++/6/ext/string_conversions.h
FN:89,_ZN9__gnu_cxx12__to_xstringINSt7__cxx1112basic_stringIcSt11char_traitsIcESaIcEEEcEET_PFiPT0_mPKS8_P13__va_list_tagEmSB_z
FNDA:0,_ZN9__gnu_cxx12__to_xstringINSt7__cxx1112basic_stringIcSt11char_traitsIcESaIcEEEcEET_PFiPT0_mPKS8_P13__va_list_tagEmSB_z
FNF:1
FNH:0
BRDA:101,0,1,-
BRDA:101,0,2,-
BRDA:105,0,2,-
BRDA:105,0,3,-
BRF:4
BRH:0
DA:89,0
DA:96,0
DA:99,0
DA:101,0
DA:103,0
DA:105,0
LF:6
LH:0
end_of_record
SF:/usr/include/c++/6/ext/type_traits.h
FN:152,_ZN9__gnu_cxx17__is_null_pointerIcEEbPT_
FNDA:0,_ZN9__gnu_cxx17__is_null_pointerIcEEbPT_
FNF:1
FNH:0
DA:152,0
DA:153,0
LF:2
LH:0
end_of_record
SF:/usr/include/c++/6/initializer_list
FN:66,_ZNSt16initializer_listIP12napi_value__EC1Ev
FN:71,_ZNKSt16initializer_listIN4Napi23ClassPropertyDescriptorI9DisruptorEEE4sizeEv
FN:71,_ZNKSt16initializer_listIP12napi_value__E4sizeEv
FN:75,_ZNKSt16initializer_listIP12napi_value__E5beginEv
FN:75,_ZNKSt16initializer_listIN4Napi23ClassPropertyDescriptorI9DisruptorEEE5beginEv
FNDA:0,_ZNSt16initializer_listIP12napi_value__EC1Ev
FNDA:1,_ZNKSt16initializer_listIN4Napi23ClassPropertyDescriptorI9DisruptorEEE4sizeEv
FNDA:1626,_ZNKSt16initializer_listIP12napi_value__E4sizeEv
FNDA:1,_ZNKSt16initializer_listIN4Napi23ClassPropertyDescriptorI9DisruptorEEE5beginEv
FNDA:1626,_ZNKSt16initializer_listIP12napi_value__E5beginEv
FNF:5
FNH:4
DA:66,0
DA:67,0
DA:71,3254
DA:75,3254
LF:4
LH:2
end_of_record
SF:/usr/include/c++/6/new
FN:146,_ZnwmPv
FNDA:7,_ZnwmPv
FNF:1
FNH:1
DA:146,7
DA:147,7
LF:2
LH:2
end_of_record
SF:/usr/include/c++/6/tuple
FN:58,_ZNSt10_Head_baseILm1E7CloseFDLb1EEC2Ev
FN:58,_ZNSt10_Head_baseILm1ESt14default_deleteISt6vectorI11AsyncBufferIhESaIS3_EEELb1EEC2Ev
FN:95,_ZNSt10_Head_baseILm1ESt14default_deleteISt6vectorI11AsyncBufferIhESaIS3_EEELb1EE7_M_headERS7_
FN:95,_ZNSt10_Head_baseILm1E7CloseFDLb1EE7_M_headERS1_
FN:104,_ZNSt10_Head_baseILm0EPSt6vectorI11AsyncBufferIhESaIS2_EELb0EEC2Ev
FN:104,_ZNSt10_Head_baseILm0EPiLb0EEC2Ev
FN:142,_ZNSt10_Head_baseILm0EPSt6vectorI11AsyncBufferIhESaIS2_EELb0EE7_M_headERS6_
FN:142,_ZNSt10_Head_baseILm0EPiLb0EE7_M_headERS1_
FN:145,_ZNSt10_Head_baseILm0EPSt6vectorI11AsyncBufferIhESaIS2_EELb0EE7_M_headERKS6_
FN:145,_ZNSt10_Head_baseILm0EPiLb0EE7_M_headERKS1_
FN:190,_ZNSt11_Tuple_implILm0EJPi7CloseFDEE7_M_headERS2_
FN:190,_ZNSt11_Tuple_implILm0EJPSt6vectorI11AsyncBufferIhESaIS2_EESt14default_deleteIS4_EEE7_M_headERS8_
FN:193,_ZNSt11_Tuple_implILm0EJPSt6vectorI11AsyncBufferIhESaIS2_EESt14default_deleteIS4_EEE7_M_headERKS8_
FN:193,_ZNSt11_Tuple_implILm0EJPi7CloseFDEE7_M_headERKS2_
FN:201,_ZNSt11_Tuple_implILm0EJPSt6vectorI11AsyncBufferIhESaIS2_EESt14default_deleteIS4_EEEC2Ev
FN:201,_ZNSt11_Tuple_implILm0EJPi7CloseFDEEC2Ev
FN:346,_ZNSt11_Tuple_implILm1EJSt14default_deleteISt6vectorI11AsyncBufferIhESaIS3_EEEEE7_M_headERS7_
FN:346,_ZNSt11_Tuple_implILm1EJ7CloseFDEE7_M_headERS1_
FN:351,_ZNSt11_Tuple_implILm1EJ7CloseFDEEC2Ev
FN:351,_ZNSt11_Tuple_implILm1EJSt14default_deleteISt6vectorI11AsyncBufferIhESaIS3_EEEEEC2Ev
FN:878,_ZNSt5tupleIJPi7CloseFDEEC2IS0_S1_Lb1EEEv
FN:878,_ZNSt5tupleIJPSt6vectorI11AsyncBufferIhESaIS2_EESt14default_deleteIS4_EEEC2IS5_S7_Lb1EEEv
FN:1247,_ZSt12__get_helperILm1ESt14default_deleteISt6vectorI11AsyncBufferIhESaIS3_EEEJEERT0_RSt11_Tuple_implIXT_EJS7_DpT1_EE
FN:1247,_ZSt12__get_helperILm1E7CloseFDJEERT0_RSt11_Tuple_implIXT_EJS1_DpT1_EE
FN:1247,_ZSt12__get_helperILm0EPSt6vectorI11AsyncBufferIhESaIS2_EEJSt14default_deleteIS4_EEERT0_RSt11_Tuple_implIXT_EJS8_DpT1_EE
FN:1247,_ZSt12__get_helperILm0EPiJ7CloseFDEERT0_RSt11_Tuple_implIXT_EJS2_DpT1_EE
FN:1252,_ZSt12__get_helperILm0EPiJ7CloseFDEERKT0_RKSt11_Tuple_implIXT_EJS2_DpT1_EE
FN:1252,_ZSt12__get_helperILm0EPSt6vectorI11AsyncBufferIhESaIS2_EEJSt14default_deleteIS4_EEERKT0_RKSt11_Tuple_implIXT_EJS8_DpT1_EE
FN:1258,_ZSt3getILm1EJPi7CloseFDEERNSt13tuple_elementIXT_ESt5tupleIJDpT0_EEE4typeERS6_
FN:1258,_ZSt3getILm0EJPi7CloseFDEERNSt13tuple_elementIXT_ESt5tupleIJDpT0_EEE4typeERS6_
FN:1258,_ZSt3getILm0EJPSt6vectorI11AsyncBufferIhESaIS2_EESt14default_deleteIS4_EEERNSt13tuple_elementIXT_ESt5tupleIJDpT0_EEE4typeERSC_
FN:1258,_ZSt3getILm1EJPSt6vectorI11AsyncBufferIhESaIS2_EESt14default_deleteIS4_EEERNSt13tuple_elementIXT_ESt5tupleIJDpT0_EEE4typeERSC_
FN:1264,_ZSt3getILm0EJPSt6vectorI11AsyncBufferIhESaIS2_EESt14default_deleteIS4_EEERKNSt13tuple_elementIXT_ESt5tupleIJDpT0_EEE4typeERKSC_
FN:1264,_ZSt3getILm0EJPi7CloseFDEERKNSt13tuple_elementIXT_ESt5tupleIJDpT0_EEE4typeERKS6_
FNDA:624742,_ZNSt10_Head_baseILm1ESt14default_deleteISt6vectorI11AsyncBufferIhESaIS3_EEELb1EEC2Ev
FNDA:36,_ZNSt10_Head_baseILm1E7CloseFDLb1EEC2Ev
FNDA:937113,_ZNSt10_Head_baseILm1ESt14default_deleteISt6vectorI11AsyncBufferIhESaIS3_EEELb1EE7_M_headERS7_
FNDA:36,_ZNSt10_Head_baseILm1E7CloseFDLb1EE7_M_headERS1_
FNDA:624742,_ZNSt10_Head_baseILm0EPSt6vectorI11AsyncBufferIhESaIS2_EELb0EEC2Ev
FNDA:36,_ZNSt10_Head_baseILm0EPiLb0EEC2Ev
FNDA:1561855,_ZNSt10_Head_baseILm0EPSt6vectorI11AsyncBufferIhESaIS2_EELb0EE7_M_headERS6_
FNDA:72,_ZNSt10_Head_baseILm0EPiLb0EE7_M_headERS1_
FNDA:624777,_ZNSt10_Head_baseILm0EPSt6vectorI11AsyncBufferIhESaIS2_EELb0EE7_M_headERKS6_
FNDA:102,_ZNSt10_Head_baseILm0EPiLb0EE7_M_headERKS1_
FNDA:1561855,_ZNSt11_Tuple_implILm0EJPSt6vectorI11AsyncBufferIhESaIS2_EESt14default_deleteIS4_EEE7_M_headERS8_
FNDA:72,_ZNSt11_Tuple_implILm0EJPi7CloseFDEE7_M_headERS2_
FNDA:624777,_ZNSt11_Tuple_implILm0EJPSt6vectorI11AsyncBufferIhESaIS2_EESt14default_deleteIS4_EEE7_M_headERKS8_
FNDA:102,_ZNSt11_Tuple_implILm0EJPi7CloseFDEE7_M_headERKS2_
FNDA:624742,_ZNSt11_Tuple_implILm0EJPSt6vectorI11AsyncBufferIhESaIS2_EESt14default_deleteIS4_EEEC2Ev
FNDA:36,_ZNSt11_Tuple_implILm0EJPi7CloseFDEEC2Ev
FNDA:937113,_ZNSt11_Tuple_implILm1EJSt14default_deleteISt6vectorI11AsyncBufferIhESaIS3_EEEEE7_M_headERS7_
FNDA:36,_ZNSt11_Tuple_implILm1EJ7CloseFDEE7_M_headERS1_
FNDA:624742,_ZNSt11_Tuple_implILm1EJSt14default_deleteISt6vectorI11AsyncBufferIhESaIS3_EEEEEC2Ev
FNDA:36,_ZNSt11_Tuple_implILm1EJ7CloseFDEEC2Ev
FNDA:624742,_ZNSt5tupleIJPSt6vectorI11AsyncBufferIhESaIS2_EESt14default_deleteIS4_EEEC2IS5_S7_Lb1EEEv
FNDA:36,_ZNSt5tupleIJPi7CloseFDEEC2IS0_S1_Lb1EEEv
FNDA:937111,_ZSt12__get_helperILm1ESt14default_deleteISt6vectorI11AsyncBufferIhESaIS3_EEEJEERT0_RSt11_Tuple_implIXT_EJS7_DpT1_EE
FNDA:36,_ZSt12__get_helperILm1E7CloseFDJEERT0_RSt11_Tuple_implIXT_EJS1_DpT1_EE
FNDA:1561855,_ZSt12__get_helperILm0EPSt6vectorI11AsyncBufferIhESaIS2_EEJSt14default_deleteIS4_EEERT0_RSt11_Tuple_implIXT_EJS8_DpT1_EE
FNDA:72,_ZSt12__get_helperILm0EPiJ7CloseFDEERT0_RSt11_Tuple_implIXT_EJS2_DpT1_EE
FNDA:624777,_ZSt12__get_helperILm0EPSt6vectorI11AsyncBufferIhESaIS2_EEJSt14default_deleteIS4_EEERKT0_RKSt11_Tuple_implIXT_EJS8_DpT1_EE
FNDA:102,_ZSt12__get_helperILm0EPiJ7CloseFDEERKT0_RKSt11_Tuple_implIXT_EJS2_DpT1_EE
FNDA:937113,_ZSt3getILm1EJPSt6vectorI11AsyncBufferIhESaIS2_EESt14default_deleteIS4_EEERNSt13tuple_elementIXT_ESt5tupleIJDpT0_EEE4typeERSC_
FNDA:36,_ZSt3getILm1EJPi7CloseFDEERNSt13tuple_elementIXT_ESt5tupleIJDpT0_EEE4typeERS6_
FNDA:1561855,_ZSt3getILm0EJPSt6vectorI11AsyncBufferIhESaIS2_EESt14default_deleteIS4_EEERNSt13tuple_elementIXT_ESt5tupleIJDpT0_EEE4typeERSC_
FNDA:72,_ZSt3getILm0EJPi7CloseFDEERNSt13tuple_elementIXT_ESt5tupleIJDpT0_EEE4typeERS6_
FNDA:624777,_ZSt3getILm0EJPSt6vectorI11AsyncBufferIhESaIS2_EESt14default_deleteIS4_EEERKNSt13tuple_elementIXT_ESt5tupleIJDpT0_EEE4typeERKSC_
FNDA:102,_ZSt3getILm0EJPi7CloseFDEERKNSt13tuple_elementIXT_ESt5tupleIJDpT0_EEE4typeERKS6_
FNF:34
FNH:34
DA:58,624778
DA:59,624742
DA:95,1874298
DA:104,624778
DA:105,624778
DA:142,3123854
DA:145,1249758
DA:190,3123854
DA:193,1249758
DA:201,624778
DA:202,624778
DA:346,1874298
DA:351,624778
DA:352,624778
DA:878,624778
DA:879,624778
DA:1247,2499074
DA:1248,2499074
DA:1252,624879
DA:1253,624879
DA:1258,2499076
DA:1259,2499076
DA:1264,624879
DA:1265,624879
LF:24
LH:24
end_of_record
SF:/home/david/shared-memory-disruptor/src/disruptor.cc
FN:39,_ZN9Disruptor4SpinEv
FN:96,_Z12NullCallbackRKN4Napi12CallbackInfoE
FN:100,_Z11GetCallbackRKN4Napi12CallbackInfoEj
FN:115,_ZN20DisruptorAsyncWorkerI12AsyncBooleanED0Ev
FN:115,_ZN20DisruptorAsyncWorkerI10AsyncArrayI11AsyncBufferIhEEED2Ev
FN:115,_ZN20DisruptorAsyncWorkerI11AsyncBufferIhEED2Ev
FN:115,_ZN20DisruptorAsyncWorkerI12AsyncBooleanED2Ev
FN:115,_ZN20DisruptorAsyncWorkerI11AsyncBufferIhEED0Ev
FN:115,_ZN20DisruptorAsyncWorkerI10AsyncArrayI11AsyncBufferIhEEED0Ev
FN:118,_ZN20DisruptorAsyncWorkerI11AsyncBufferIhEEC2EP9DisruptorRKN4Napi8FunctionE
FN:118,_ZN20DisruptorAsyncWorkerI12AsyncBooleanEC2EP9DisruptorRKN4Napi8FunctionE
FN:118,_ZN20DisruptorAsyncWorkerI10AsyncArrayI11AsyncBufferIhEEEC2EP9DisruptorRKN4Napi8FunctionE
FN:130,_ZN20DisruptorAsyncWorkerI11AsyncBufferIhEE4OnOKEv
FN:130,_ZN20DisruptorAsyncWorkerI10AsyncArrayI11AsyncBufferIhEEE4OnOKEv
FN:130,_ZN20DisruptorAsyncWorkerI12AsyncBooleanE4OnOKEv
FN:151,_ZN11AsyncBufferIhEC2Ev
FN:153,_ZN11AsyncBufferIhE3NewEN4Napi3EnvEPhm
FN:158,_ZN11AsyncBufferIhE3NewEN4Napi3EnvEm
FN:163,_ZN11AsyncBufferIhE3SetEPKcm
FN:169,_ZN11AsyncBufferIhE7ToValueEN4Napi3EnvE
FN:190,_ZN11AsyncBufferIhE6LengthEv
FN:202,_ZN10AsyncArrayI11AsyncBufferIhEEC2Ev
FN:202,_ZN10AsyncArrayI11AsyncBufferIhEED2Ev
FN:202,_ZN10AsyncArrayI11AsyncBufferIhEEaSEOS2_
FN:204,_ZN10AsyncArrayI11AsyncBufferIhEE3NewEN4Napi3EnvE
FN:209,_ZN10AsyncArrayI11AsyncBufferIhEE3SetEjS1_
FN:219,_ZN10AsyncArrayI11AsyncBufferIhEE7ToValueEN4Napi3EnvE
FN:230,_ZN10AsyncArrayI11AsyncBufferIhEE6LengthEv
FN:240,_ZN12AsyncBoolean3NewEN4Napi3EnvEb
FN:245,_ZN12AsyncBoolean7ToValueEN4Napi3EnvE
FN:250,_ZNK12AsyncBooleancvbEv
FN:260,_ZN11AsyncNumber3NewEN4Napi3EnvEm
FN:268,_ZN7CloseFDclEPi
FN:275,_Z15ThrowErrnoErrorRKN4Napi12CallbackInfoEPKc
FN:286,_ZN9DisruptorC2ERKN4Napi12CallbackInfoE
FN:345,_ZN9DisruptorD2Ev
FN:350,_ZN9Disruptor7ReleaseEv
FN:367,_ZN9Disruptor7ReleaseERKN4Napi12CallbackInfoE
FN:377,_ZN9Disruptor14ConsumeNewSyncIN4Napi5ArrayENS1_6BufferEEET_RKNS1_3EnvEb
FN:377,_ZN9Disruptor14ConsumeNewSyncI10AsyncArrayI11AsyncBufferIhEES2_EET_RKN4Napi3EnvEb
FN:428,_ZN9Disruptor14ConsumeNewSyncERKN4Napi12CallbackInfoE
FN:433,_ZN21ConsumeNewAsyncWorkerD0Ev
FN:433,_ZN21ConsumeNewAsyncWorkerD2Ev
FN:437,_ZN21ConsumeNewAsyncWorkerC2EP9DisruptorRKN4Napi8FunctionE
FN:445,_ZN21ConsumeNewAsyncWorker7ExecuteEv
FN:452,_ZN21ConsumeNewAsyncWorker5RetryEv
FN:458,_ZN9Disruptor15ConsumeNewAsyncERKN4Napi12CallbackInfoE
FN:463,_ZN9Disruptor10ConsumeNewERKN4Napi12CallbackInfoE
FN:475,_ZN9Disruptor13ConsumeCommitERKN4Napi12CallbackInfoE
FN:480,_ZN9Disruptor13UpdatePendingEmm
FN:486,_ZN9Disruptor13ConsumeCommitEv
FN:499,_ZN9Disruptor16ProduceClaimSyncI11AsyncBuffer11AsyncNumberEET_IhERKN4Napi3EnvEb
FN:499,_ZN9Disruptor16ProduceClaimSyncIN4Napi6BufferENS1_6NumberEEET_IhERKNS1_3EnvEb
FN:538,_ZN9Disruptor16ProduceClaimSyncERKN4Napi12CallbackInfoE
FN:543,_ZN23ProduceClaimAsyncWorkerD2Ev
FN:543,_ZN23ProduceClaimAsyncWorkerD0Ev
FN:547,_ZN23ProduceClaimAsyncWorkerC2EP9DisruptorRKN4Napi8FunctionE
FN:554,_ZN23ProduceClaimAsyncWorker7ExecuteEv
FN:561,_ZN23ProduceClaimAsyncWorker5RetryEv
FN:567,_ZN9Disruptor17ProduceClaimAsyncERKN4Napi12CallbackInfoE
FN:572,_ZN9Disruptor12ProduceClaimERKN4Napi12CallbackInfoE
FN:585,_ZN9Disruptor17ProduceCommitSyncI12AsyncBooleanEET_RKN4Napi3EnvEmb
FN:585,_ZN9Disruptor17ProduceCommitSyncIN4Napi7BooleanEEET_RKNS1_3EnvEmb
FN:601,_ZN9Disruptor10GetSeqNextERKN4Napi12CallbackInfoE
FN:606,_ZN9Disruptor17ProduceCommitSyncERKN4Napi12CallbackInfoE
FN:611,_ZN24ProduceCommitAsyncWorkerD2Ev
FN:611,_ZN24ProduceCommitAsyncWorkerD0Ev
FN:615,_ZN24ProduceCommitAsyncWorkerC2EP9DisruptorRKN4Napi8FunctionEm
FN:624,_ZN24ProduceCommitAsyncWorker7ExecuteEv
FN:631,_ZN24ProduceCommitAsyncWorker5RetryEv
FN:640,_ZN9Disruptor18ProduceCommitAsyncERKN4Napi12CallbackInfoEm
FN:646,_ZN9Disruptor18ProduceCommitAsyncERKN4Napi12CallbackInfoE
FN:651,_ZN9Disruptor13ProduceCommitERKN4Napi12CallbackInfoE
FN:665,_ZN9Disruptor12GetConsumersERKN4Napi12CallbackInfoE
FN:670,_ZN9Disruptor9GetCursorERKN4Napi12CallbackInfoE
FN:675,_ZN9Disruptor7GetNextERKN4Napi12CallbackInfoE
FN:680,_ZN9Disruptor11GetElementsERKN4Napi12CallbackInfoE
FN:685,_ZN9Disruptor11GetConsumerERKN4Napi12CallbackInfoE
FN:690,_ZN9Disruptor10InitializeEN4Napi3EnvENS0_6ObjectE
FN:715,_Z10InitializeN4Napi3EnvENS_6ObjectES1_
FN:720,_Z17__napi_InitializeP10napi_env__P12napi_value__S2_Pv
FN:720,_register_disruptor
FNDA:988201,_ZN9Disruptor4SpinEv
FNDA:1,_Z12NullCallbackRKN4Napi12CallbackInfoE
FNDA:1626,_Z11GetCallbackRKN4Napi12CallbackInfoEj
FNDA:0,_ZN20DisruptorAsyncWorkerI12AsyncBooleanED0Ev
FNDA:341943,_ZN20DisruptorAsyncWorkerI12AsyncBooleanED2Ev
FNDA:0,_ZN20DisruptorAsyncWorkerI11AsyncBufferIhEED0Ev
FNDA:333887,_ZN20DisruptorAsyncWorkerI11AsyncBufferIhEED2Ev
FNDA:0,_ZN20DisruptorAsyncWorkerI10AsyncArrayI11AsyncBufferIhEEED0Ev
FNDA:312371,_ZN20DisruptorAsyncWorkerI10AsyncArrayI11AsyncBufferIhEEED2Ev
FNDA:341943,_ZN20DisruptorAsyncWorkerI12AsyncBooleanEC2EP9DisruptorRKN4Napi8FunctionE
FNDA:333887,_ZN20DisruptorAsyncWorkerI11AsyncBufferIhEEC2EP9DisruptorRKN4Napi8FunctionE
FNDA:312371,_ZN20DisruptorAsyncWorkerI10AsyncArrayI11AsyncBufferIhEEEC2EP9DisruptorRKN4Napi8FunctionE
FNDA:312371,_ZN20DisruptorAsyncWorkerI10AsyncArrayI11AsyncBufferIhEEE4OnOKEv
FNDA:333887,_ZN20DisruptorAsyncWorkerI11AsyncBufferIhEE4OnOKEv
FNDA:341943,_ZN20DisruptorAsyncWorkerI12AsyncBooleanE4OnOKEv
FNDA:333893,_ZN11AsyncBufferIhEC2Ev
FNDA:810,_ZN11AsyncBufferIhE3NewEN4Napi3EnvEPhm
FNDA:333083,_ZN11AsyncBufferIhE3NewEN4Napi3EnvEm
FNDA:804,_ZN11AsyncBufferIhE3SetEPKcm
FNDA:816,_ZN11AsyncBufferIhE7ToValueEN4Napi3EnvE
FNDA:333887,_ZN11AsyncBufferIhE6LengthEv
FNDA:312371,_ZN10AsyncArrayI11AsyncBufferIhEEC2Ev
FNDA:312371,_ZN10AsyncArrayI11AsyncBufferIhEEaSEOS2_
FNDA:624741,_ZN10AsyncArrayI11AsyncBufferIhEED2Ev
FNDA:312371,_ZN10AsyncArrayI11AsyncBufferIhEE3NewEN4Napi3EnvE
FNDA:6,_ZN10AsyncArrayI11AsyncBufferIhEE3SetEjS1_
FNDA:11,_ZN10AsyncArrayI11AsyncBufferIhEE7ToValueEN4Napi3EnvE
FNDA:312371,_ZN10AsyncArrayI11AsyncBufferIhEE6LengthEv
FNDA:341943,_ZN12AsyncBoolean3NewEN4Napi3EnvEb
FNDA:805,_ZN12AsyncBoolean7ToValueEN4Napi3EnvE
FNDA:341943,_ZNK12AsyncBooleancvbEv
FNDA:804,_ZN11AsyncNumber3NewEN4Napi3EnvEm
FNDA:36,_ZN7CloseFDclEPi
FNDA:3,_Z15ThrowErrnoErrorRKN4Napi12CallbackInfoEPKc
FNDA:36,_ZN9DisruptorC2ERKN4Napi12CallbackInfoE
FNDA:28,_ZN9DisruptorD2Ev
FNDA:61,_ZN9Disruptor7ReleaseEv
FNDA:33,_ZN9Disruptor7ReleaseERKN4Napi12CallbackInfoE
FNDA:312371,_ZN9Disruptor14ConsumeNewSyncI10AsyncArrayI11AsyncBufferIhEES2_EET_RKN4Napi3EnvEb
FNDA:16,_ZN9Disruptor14ConsumeNewSyncIN4Napi5ArrayENS1_6BufferEEET_RKNS1_3EnvEb
FNDA:7,_ZN9Disruptor14ConsumeNewSyncERKN4Napi12CallbackInfoE
FNDA:312371,_ZN21ConsumeNewAsyncWorkerD0Ev
FNDA:312371,_ZN21ConsumeNewAsyncWorkerD2Ev
FNDA:312371,_ZN21ConsumeNewAsyncWorkerC2EP9DisruptorRKN4Napi8FunctionE
FNDA:312371,_ZN21ConsumeNewAsyncWorker7ExecuteEv
FNDA:312360,_ZN21ConsumeNewAsyncWorker5RetryEv
FNDA:11,_ZN9Disruptor15ConsumeNewAsyncERKN4Napi12CallbackInfoE
FNDA:9,_ZN9Disruptor10ConsumeNewERKN4Napi12CallbackInfoE
FNDA:7,_ZN9Disruptor13ConsumeCommitERKN4Napi12CallbackInfoE
FNDA:14,_ZN9Disruptor13UpdatePendingEmm
FNDA:312394,_ZN9Disruptor13ConsumeCommitEv
FNDA:333887,_ZN9Disruptor16ProduceClaimSyncI11AsyncBuffer11AsyncNumberEET_IhERKN4Napi3EnvEb
FNDA:1617,_ZN9Disruptor16ProduceClaimSyncIN4Napi6BufferENS1_6NumberEEET_IhERKNS1_3EnvEb
FNDA:806,_ZN9Disruptor16ProduceClaimSyncERKN4Napi12CallbackInfoE
FNDA:333887,_ZN23ProduceClaimAsyncWorkerD0Ev
FNDA:333887,_ZN23ProduceClaimAsyncWorkerD2Ev
FNDA:333887,_ZN23ProduceClaimAsyncWorkerC2EP9DisruptorRKN4Napi8FunctionE
FNDA:333887,_ZN23ProduceClaimAsyncWorker7ExecuteEv
FNDA:333077,_ZN23ProduceClaimAsyncWorker5RetryEv
FNDA:810,_ZN9Disruptor17ProduceClaimAsyncERKN4Napi12CallbackInfoE
FNDA:811,_ZN9Disruptor12ProduceClaimERKN4Napi12CallbackInfoE
FNDA:341943,_ZN9Disruptor17ProduceCommitSyncI12AsyncBooleanEET_RKN4Napi3EnvEmb
FNDA:1610,_ZN9Disruptor17ProduceCommitSyncIN4Napi7BooleanEEET_RKNS1_3EnvEmb
FNDA:2413,_ZN9Disruptor10GetSeqNextERKN4Napi12CallbackInfoE
FNDA:803,_ZN9Disruptor17ProduceCommitSyncERKN4Napi12CallbackInfoE
FNDA:341943,_ZN24ProduceCommitAsyncWorkerD0Ev
FNDA:341943,_ZN24ProduceCommitAsyncWorkerD2Ev
FNDA:341943,_ZN24ProduceCommitAsyncWorkerC2EP9DisruptorRKN4Napi8FunctionEm
FNDA:341943,_ZN24ProduceCommitAsyncWorker7ExecuteEv
FNDA:341138,_ZN24ProduceCommitAsyncWorker5RetryEv
FNDA:805,_ZN9Disruptor18ProduceCommitAsyncERKN4Napi12CallbackInfoEm
FNDA:803,_ZN9Disruptor18ProduceCommitAsyncERKN4Napi12CallbackInfoE
FNDA:807,_ZN9Disruptor13ProduceCommitERKN4Napi12CallbackInfoE
FNDA:6,_ZN9Disruptor12GetConsumersERKN4Napi12CallbackInfoE
FNDA:66,_ZN9Disruptor9GetCursorERKN4Napi12CallbackInfoE
FNDA:66,_ZN9Disruptor7GetNextERKN4Napi12CallbackInfoE
FNDA:972,_ZN9Disruptor11GetElementsERKN4Napi12CallbackInfoE
FNDA:72,_ZN9Disruptor11GetConsumerERKN4Napi12CallbackInfoE
FNDA:1,_ZN9Disruptor10InitializeEN4Napi3EnvENS0_6ObjectE
FNDA:1,_Z10InitializeN4Napi3EnvENS_6ObjectES1_
FNDA:1,_register_disruptor
FNDA:1,_Z17__napi_InitializeP10napi_env__P12napi_value__S2_Pv
FNF:82
FNH:79
BRDA:102,0,1,1626
BRDA:102,0,2,0
BRDA:104,0,1,1626
BRDA:104,0,2,0
BRDA:105,0,1,1626
BRDA:105,0,2,0
BRDA:105,1,3,1625
BRDA:105,1,4,1
BRDA:107,0,1,1625
BRDA:107,0,2,0
BRDA:111,0,2,1
BRDA:111,0,3,0
BRDA:111,1,5,1
BRDA:111,1,6,0
BRDA:123,0,2,341943
BRDA:123,0,3,0
BRDA:123,1,5,341943
BRDA:123,1,6,0
BRDA:123,3,11,333887
BRDA:123,3,12,0
BRDA:123,4,14,333887
BRDA:123,4,15,0
BRDA:123,6,20,312371
BRDA:123,6,21,0
BRDA:123,7,23,312371
BRDA:123,7,24,0
BRDA:132,0,1,312361
BRDA:132,0,2,10
BRDA:132,1,3,312360
BRDA:132,1,4,1
BRDA:132,4,5,312360
BRDA:132,4,6,11
BRDA:132,5,8,333078
BRDA:132,5,9,809
BRDA:132,6,10,333077
BRDA:132,6,11,1
BRDA:132,9,12,333077
BRDA:132,9,13,810
BRDA:132,10,15,341139
BRDA:132,10,16,804
BRDA:132,11,17,341138
BRDA:132,11,18,1
BRDA:132,14,19,341138
BRDA:132,14,20,805
BRDA:137,4294967295,1,11
BRDA:137,4294967295,2,0
BRDA:137,0,4,11
BRDA:137,0,5,0
BRDA:137,1,7,11
BRDA:137,1,8,0
BRDA:137,2,10,11
BRDA:137,2,11,0
BRDA:137,3,13,11
BRDA:137,3,14,0
BRDA:137,4,16,11
BRDA:137,4,17,0
BRDA:137,5,19,11
BRDA:137,5,20,0
BRDA:137,6,22,11
BRDA:137,6,23,0
BRDA:137,7,25,11
BRDA:137,7,26,0
BRDA:137,7,28,810
BRDA:137,7,29,0
BRDA:137,13,31,810
BRDA:137,13,32,0
BRDA:137,14,34,810
BRDA:137,14,35,0
BRDA:137,15,37,810
BRDA:137,15,38,0
BRDA:137,16,40,810
BRDA:137,16,41,0
BRDA:137,17,43,810
BRDA:137,17,44,0
BRDA:137,18,46,810
BRDA:137,18,47,0
BRDA:137,19,49,810
BRDA:137,19,50,0
BRDA:137,20,52,810
BRDA:137,20,53,0
BRDA:137,20,55,805
BRDA:137,20,56,0
BRDA:137,26,58,805
BRDA:137,26,59,0
BRDA:137,27,61,805
BRDA:137,27,62,0
BRDA:137,28,64,805
BRDA:137,28,65,0
BRDA:137,29,67,805
BRDA:137,29,68,0
BRDA:137,30,70,805
BRDA:137,30,71,0
BRDA:137,31,73,805
BRDA:137,31,74,0
BRDA:137,32,76,805
BRDA:137,32,77,0
BRDA:137,33,79,805
BRDA:137,33,80,0
BRDA:138,0,1,11
BRDA:138,0,2,0
BRDA:138,1,4,810
BRDA:138,1,5,0
BRDA:138,2,7,805
BRDA:138,2,8,0
BRDA:171,0,1,816
BRDA:171,0,2,0
BRDA:173,0,0,810
BRDA:173,0,1,6
BRDA:175,0,1,810
BRDA:175,0,2,0
BRDA:175,1,4,810
BRDA:175,1,5,0
BRDA:179,0,1,6
BRDA:179,0,2,0
BRDA:179,1,4,6
BRDA:179,1,5,0
BRDA:182,0,0,804
BRDA:182,0,1,12
BRDA:184,0,1,804
BRDA:184,0,2,0
BRDA:184,1,4,804
BRDA:184,1,5,0
BRDA:184,2,7,804
BRDA:184,2,8,0
BRDA:211,0,2,6
BRDA:211,0,3,0
BRDA:222,4294967295,1,11
BRDA:222,4294967295,2,0
BRDA:222,0,4,11
BRDA:222,0,5,0
BRDA:223,1,0,6
BRDA:223,1,1,11
BRDA:225,0,3,6
BRDA:225,0,4,0
BRDA:225,1,6,6
BRDA:225,1,7,0
BRDA:225,2,9,6
BRDA:225,2,10,0
BRDA:282,0,1,3
BRDA:282,0,2,0
BRDA:283,4294967295,1,3
BRDA:283,4294967295,2,0
BRDA:283,0,5,3
BRDA:283,0,6,0
BRDA:283,2,8,-
BRDA:283,2,9,-
BRDA:283,3,12,3
BRDA:283,3,13,0
BRDA:283,4,15,3
BRDA:283,4,16,0
BRDA:283,5,18,3
BRDA:283,5,19,0
BRDA:283,6,21,3
BRDA:283,6,22,0
BRDA:283,7,24,3
BRDA:283,7,25,0
BRDA:283,8,31,3
BRDA:283,8,32,0
BRDA:283,10,40,-
BRDA:283,10,41,-
BRDA:291,4294967295,1,36
BRDA:291,4294967295,2,0
BRDA:291,0,4,36
BRDA:291,0,5,0
BRDA:292,0,1,36
BRDA:292,0,2,0
BRDA:292,1,4,36
BRDA:292,1,5,0
BRDA:292,2,7,36
BRDA:292,2,8,0
BRDA:293,0,1,36
BRDA:293,0,2,0
BRDA:293,1,4,36
BRDA:293,1,5,0
BRDA:293,2,7,36
BRDA:293,2,8,0
BRDA:294,0,1,36
BRDA:294,0,2,0
BRDA:294,1,4,36
BRDA:294,1,5,0
BRDA:294,2,7,36
BRDA:294,2,8,0
BRDA:295,0,1,36
BRDA:295,0,2,0
BRDA:295,1,4,36
BRDA:295,1,5,0
BRDA:295,2,7,36
BRDA:295,2,8,0
BRDA:296,0,1,36
BRDA:296,0,2,0
BRDA:296,1,4,36
BRDA:296,1,5,0
BRDA:296,2,7,36
BRDA:296,2,8,0
BRDA:297,0,1,36
BRDA:297,0,2,0
BRDA:297,1,4,36
BRDA:297,1,5,0
BRDA:297,2,7,36
BRDA:297,2,8,0
BRDA:301,0,0,36
BRDA:301,0,1,0
BRDA:301,3,3,36
BRDA:301,3,4,0
BRDA:301,4,7,36
BRDA:301,4,8,0
BRDA:303,0,1,36
BRDA:303,0,2,0
BRDA:304,4294967295,1,3
BRDA:304,4294967295,2,33
BRDA:306,0,1,0
BRDA:306,0,2,3
BRDA:318,0,0,33
BRDA:318,0,1,0
BRDA:318,1,4,0
BRDA:318,1,5,33
BRDA:318,4,6,0
BRDA:318,4,7,33
BRDA:329,4294967295,0,0
BRDA:329,4294967295,1,33
BRDA:352,0,0,33
BRDA:352,0,1,28
BRDA:356,4294967295,0,0
BRDA:356,4294967295,1,33
BRDA:369,0,1,0
BRDA:369,0,2,33
BRDA:382,1,2,16
BRDA:382,1,3,0
BRDA:384,0,2,16
BRDA:384,0,3,0
BRDA:384,1,5,16
BRDA:384,1,6,0
BRDA:386,0,0,0
BRDA:386,0,1,312366
BRDA:386,2,2,0
BRDA:386,2,3,7
BRDA:393,0,0,2
BRDA:393,0,1,312369
BRDA:393,1,2,4
BRDA:393,1,3,12
BRDA:395,0,2,2
BRDA:395,0,3,0
BRDA:395,1,5,4
BRDA:395,1,6,0
BRDA:395,2,8,4
BRDA:395,2,9,0
BRDA:395,3,11,4
BRDA:395,3,12,0
BRDA:400,0,1,2
BRDA:400,0,2,0
BRDA:400,1,4,4
BRDA:400,1,5,0
BRDA:404,0,0,3
BRDA:404,0,1,312366
BRDA:404,1,2,5
BRDA:404,1,3,7
BRDA:406,0,2,3
BRDA:406,0,3,0
BRDA:406,1,5,5
BRDA:406,1,6,0
BRDA:406,2,8,5
BRDA:406,2,9,0
BRDA:406,3,11,5
BRDA:406,3,12,0
BRDA:411,0,0,1
BRDA:411,0,1,2
BRDA:411,1,2,2
BRDA:411,1,3,3
BRDA:413,0,2,1
BRDA:413,0,3,0
BRDA:413,2,5,2
BRDA:413,2,6,0
BRDA:413,3,8,2
BRDA:413,3,9,0
BRDA:413,4,11,2
BRDA:413,4,12,0
BRDA:419,0,1,3
BRDA:419,0,2,0
BRDA:419,1,4,5
BRDA:419,1,5,0
BRDA:430,0,2,7
BRDA:430,0,3,0
BRDA:448,0,2,312371
BRDA:448,0,3,0
BRDA:454,0,3,312360
BRDA:454,0,4,0
BRDA:454,1,6,312360
BRDA:454,1,7,0
BRDA:454,2,9,312360
BRDA:454,2,10,0
BRDA:460,0,2,11
BRDA:460,0,3,0
BRDA:460,1,5,11
BRDA:460,1,6,0
BRDA:460,2,8,11
BRDA:460,2,9,0
BRDA:465,0,1,9
BRDA:465,0,2,0
BRDA:465,1,4,9
BRDA:465,1,5,0
BRDA:466,0,1,9
BRDA:466,0,2,0
BRDA:466,1,3,5
BRDA:466,1,4,4
BRDA:471,0,1,4
BRDA:471,0,2,0
BRDA:472,0,1,4
BRDA:472,0,2,0
BRDA:472,1,4,4
BRDA:472,1,5,0
BRDA:488,0,0,10
BRDA:488,0,1,312384
BRDA:501,0,0,0
BRDA:501,0,1,333083
BRDA:501,2,2,0
BRDA:501,2,3,7
BRDA:508,1,0,333887
BRDA:508,1,1,804
BRDA:508,4,2,1617
BRDA:508,4,3,1610
BRDA:513,0,0,333092
BRDA:513,0,1,795
BRDA:513,1,2,333083
BRDA:513,1,3,9
BRDA:513,2,4,26
BRDA:513,2,5,1591
BRDA:513,3,6,7
BRDA:513,3,7,19
BRDA:520,0,0,804
BRDA:520,0,1,333083
BRDA:520,1,2,804
BRDA:520,1,3,0
BRDA:520,4,4,804
BRDA:520,4,5,333083
BRDA:520,5,6,1610
BRDA:520,5,7,7
BRDA:520,6,8,1610
BRDA:520,6,9,0
BRDA:520,9,10,1610
BRDA:520,9,11,7
BRDA:523,0,1,1610
BRDA:523,0,2,0
BRDA:526,1,2,1610
BRDA:526,1,3,0
BRDA:528,0,3,1610
BRDA:528,0,4,0
BRDA:528,1,6,1610
BRDA:528,1,7,0
BRDA:528,2,9,1610
BRDA:528,2,10,0
BRDA:540,0,2,806
BRDA:540,0,3,0
BRDA:557,0,2,333887
BRDA:557,0,3,0
BRDA:563,0,3,333077
BRDA:563,0,4,0
BRDA:563,1,6,333077
BRDA:563,1,7,0
BRDA:563,2,9,333077
BRDA:563,2,10,0
BRDA:569,0,2,810
BRDA:569,0,3,0
BRDA:569,1,5,810
BRDA:569,1,6,0
BRDA:569,2,8,810
BRDA:569,2,9,0
BRDA:574,0,1,811
BRDA:574,0,2,0
BRDA:574,1,4,811
BRDA:574,1,5,0
BRDA:575,0,1,811
BRDA:575,0,2,0
BRDA:575,1,3,807
BRDA:575,1,4,4
BRDA:580,0,1,4
BRDA:580,0,2,0
BRDA:581,0,1,4
BRDA:581,0,2,0
BRDA:581,1,4,4
BRDA:581,1,5,0
BRDA:589,0,0,0
BRDA:589,0,1,341140
BRDA:589,2,2,0
BRDA:589,2,3,3
BRDA:591,0,0,803
BRDA:591,0,1,341140
BRDA:591,1,2,1607
BRDA:591,1,3,3
BRDA:603,0,2,2413
BRDA:603,0,3,0
BRDA:603,1,5,2413
BRDA:603,1,6,0
BRDA:603,2,8,2413
BRDA:603,2,9,0
BRDA:603,3,11,2413
BRDA:603,3,12,0
BRDA:608,0,3,803
BRDA:608,0,4,0
BRDA:633,0,3,341138
BRDA:633,0,4,0
BRDA:633,1,6,341138
BRDA:633,1,7,0
BRDA:633,2,9,341138
BRDA:633,2,10,0
BRDA:643,0,2,805
BRDA:643,0,3,0
BRDA:643,1,5,805
BRDA:643,1,6,0
BRDA:643,2,8,805
BRDA:643,2,9,0
BRDA:653,0,1,807
BRDA:653,0,2,0
BRDA:655,0,1,807
BRDA:655,0,2,0
BRDA:655,1,4,807
BRDA:655,1,5,0
BRDA:656,0,1,807
BRDA:656,0,2,0
BRDA:656,1,3,805
BRDA:656,1,4,2
BRDA:661,0,1,2
BRDA:661,0,2,0
BRDA:662,0,1,2
BRDA:662,0,2,0
BRDA:662,1,4,2
BRDA:662,1,5,0
BRDA:667,0,2,6
BRDA:667,0,3,0
BRDA:667,1,5,6
BRDA:667,1,6,0
BRDA:672,0,2,66
BRDA:672,0,3,0
BRDA:672,1,5,66
BRDA:672,1,6,0
BRDA:677,0,2,66
BRDA:677,0,3,0
BRDA:677,1,5,66
BRDA:677,1,6,0
BRDA:682,0,2,972
BRDA:682,0,3,0
BRDA:682,1,5,972
BRDA:682,1,6,0
BRDA:687,0,2,72
BRDA:687,0,3,0
BRDA:687,1,5,72
BRDA:687,1,6,0
BRDA:692,4294967295,1,1
BRDA:692,4294967295,2,0
BRDA:712,1,17,1
BRDA:712,1,18,0
BRF:450
BRH:260
DA:39,988201
DA:41,988201
DA:96,1
DA:98,1
DA:100,1626
DA:102,1626
DA:104,1626
DA:105,1626
DA:107,1626
DA:111,1626
DA:115,1976402
DA:118,988201
DA:123,988201
DA:125,988201
DA:130,988201
DA:132,988201
DA:134,986575
DA:137,3252
DA:138,1626
DA:139,989827
DA:151,333893
DA:153,810
DA:155,810
DA:158,333083
DA:160,333083
DA:163,804
DA:165,804
DA:166,804
DA:167,804
DA:169,816
DA:171,816
DA:173,816
DA:175,810
DA:179,6
DA:182,816
DA:184,804
DA:187,816
DA:190,333887
DA:192,333887
DA:202,2498967
DA:204,312371
DA:206,312371
DA:209,6
DA:211,6
DA:213,6
DA:216,6
DA:217,6
DA:219,11
DA:221,11
DA:222,11
DA:223,17
DA:225,6
DA:227,11
DA:230,312371
DA:232,312371
DA:240,341943
DA:242,341943
DA:245,805
DA:247,805
DA:250,341943
DA:252,341943
DA:260,804
DA:262,804
DA:268,36
DA:270,36
DA:271,36
DA:272,36
DA:275,3
DA:277,3
DA:278,3
DA:279,3
DA:282,3
DA:283,6
DA:286,36
DA:288,39
DA:291,36
DA:292,36
DA:293,36
DA:294,36
DA:295,36
DA:296,36
DA:297,36
DA:301,36
DA:303,72
DA:304,36
DA:306,3
DA:313,66
DA:314,33
DA:318,33
DA:324,33
DA:327,33
DA:329,33
DA:335,33
DA:336,33
DA:337,33
DA:338,33
DA:339,33
DA:341,33
DA:342,33
DA:343,33
DA:345,56
DA:347,28
DA:348,28
DA:350,61
DA:352,61
DA:354,33
DA:356,33
DA:361,33
DA:364,61
DA:367,33
DA:369,33
DA:374,33
DA:377,312387
DA:382,312387
DA:384,312387
DA:386,312373
DA:388,312387
DA:389,312387
DA:390,312387
DA:391,312387
DA:393,312387
DA:395,6
DA:397,6
DA:398,6
DA:400,6
DA:401,6
DA:404,312381
DA:406,8
DA:408,8
DA:409,8
DA:411,8
DA:413,3
DA:416,3
DA:419,8
DA:420,8
DA:425,312387
DA:428,7
DA:430,7
DA:433,1249484
DA:437,312371
DA:438,312371
DA:440,312371
DA:442,312371
DA:445,312371
DA:448,312371
DA:449,312371
DA:450,312371
DA:452,312360
DA:454,312360
DA:455,312360
DA:458,11
DA:460,11
DA:461,11
DA:463,9
DA:465,9
DA:466,9
DA:468,5
DA:471,4
DA:472,9
DA:475,7
DA:477,7
DA:478,7
DA:480,14
DA:482,14
DA:483,14
DA:484,14
DA:486,312394
DA:488,312394
DA:490,10
DA:492,10
DA:493,10
DA:494,10
DA:496,312394
DA:499,335504
DA:501,333090
DA:503,335504
DA:504,335504
DA:506,335504
DA:508,337918
DA:510,335504
DA:511,335504
DA:513,335504
DA:515,333090
DA:516,333090
DA:520,335504
DA:521,2414
DA:523,1610
DA:525,2414
DA:526,2414
DA:528,2414
DA:530,2414
DA:535,334700
DA:538,806
DA:540,806
DA:543,1335548
DA:547,333887
DA:548,333887
DA:549,333887
DA:551,333887
DA:554,333887
DA:557,333887
DA:558,333887
DA:559,333887
DA:561,333077
DA:563,333077
DA:564,333077
DA:567,810
DA:569,810
DA:570,810
DA:572,811
DA:574,811
DA:575,811
DA:577,807
DA:580,4
DA:581,811
DA:585,343553
DA:589,341143
DA:591,343553
DA:593,2410
DA:598,341143
DA:601,2413
DA:603,2413
DA:606,803
DA:608,803
DA:611,1367772
DA:615,341943
DA:617,341943
DA:619,341943
DA:621,341943
DA:624,341943
DA:627,341943
DA:628,341943
DA:629,341943
DA:631,341138
DA:633,341138
DA:634,341138
DA:640,805
DA:643,805
DA:644,805
DA:646,803
DA:648,803
DA:649,803
DA:651,807
DA:653,807
DA:655,807
DA:656,807
DA:658,805
DA:661,2
DA:662,807
DA:665,6
DA:667,6
DA:670,66
DA:672,66
DA:675,66
DA:677,66
DA:680,972
DA:682,972
DA:685,72
DA:687,72
DA:690,1
DA:692,1
DA:694,1
DA:695,1
DA:696,1
DA:697,1
DA:698,1
DA:699,1
DA:700,1
DA:701,1
DA:704,1
DA:705,1
DA:706,1
DA:707,1
DA:708,1
DA:709,1
DA:710,1
DA:711,1
DA:712,2
DA:713,1
DA:715,1
DA:717,1
DA:718,1
DA:720,4
LF:283
LH:283
end_of_record
