TN:
SF:/home/david/shared-memory-disruptor/src/disruptor.cc
FN:47,_ZN9Disruptor4SpinEv
FNDA:3064790,_ZN9Disruptor4SpinEv
FN:149,_Z11GetCallbackRKN4Napi12CallbackInfoEj
FNDA:446149,_Z11GetCallbackRKN4Napi12CallbackInfoEj
FN:167,_ZN11AsyncBufferIhEC2Ev
FNDA:419168,_ZN11AsyncBufferIhEC2Ev
FN:173,_ZN11AsyncBufferIhE3NewEN4Napi3EnvEPhm
FNDA:279552,_ZN11AsyncBufferIhE3NewEN4Napi3EnvEPhm
FN:178,_ZN11AsyncBufferIhE3NewEN4Napi3EnvEm
FNDA:139616,_ZN11AsyncBufferIhE3NewEN4Napi3EnvEm
FN:183,_ZN11AsyncBufferIhE7ToValueEN4Napi3EnvE
FNDA:279564,_ZN11AsyncBufferIhE7ToValueEN4Napi3EnvE
FN:199,_ZN11AsyncBufferIhE6LengthEv
FNDA:144611,_ZN11AsyncBufferIhE6LengthEv
FN:205,_ZN11AsyncBufferIhEC2EPhm
FNDA:419168,_ZN11AsyncBufferIhEC2EPhm
FN:219,_ZN10AsyncArrayI11AsyncBufferIhEEC2Ev
FNDA:2615200,_ZN10AsyncArrayI11AsyncBufferIhEEC2Ev
FN:224,_ZN10AsyncArrayI11AsyncBufferIhEE3NewEN4Napi3EnvE
FNDA:1307600,_ZN10AsyncArrayI11AsyncBufferIhEE3NewEN4Napi3EnvE
FN:229,_ZN10AsyncArrayI11AsyncBufferIhEE3SetEjS1_
FNDA:274557,_ZN10AsyncArrayI11AsyncBufferIhEE3SetEjS1_
FN:239,_ZN10AsyncArrayI11AsyncBufferIhEE7ToValueEN4Napi3EnvE
FNDA:274352,_ZN10AsyncArrayI11AsyncBufferIhEE7ToValueEN4Napi3EnvE
FN:250,_ZN10AsyncArrayI11AsyncBufferIhEE6LengthEv
FNDA:1307600,_ZN10AsyncArrayI11AsyncBufferIhEE6LengthEv
FN:262,_ZN12AsyncBooleanC2Ev
FNDA:1612580,_ZN12AsyncBooleanC2Ev
FN:267,_ZN12AsyncBoolean3NewEN4Napi3EnvEb
FNDA:1612580,_ZN12AsyncBoolean3NewEN4Napi3EnvEb
FN:272,_ZN12AsyncBoolean7ToValueEN4Napi3EnvE
FNDA:166790,_ZN12AsyncBoolean7ToValueEN4Napi3EnvE
FN:277,_ZNK12AsyncBooleancvbEv
FNDA:1612580,_ZNK12AsyncBooleancvbEv
FN:283,_ZN12AsyncBooleanC2Eb
FNDA:1612580,_ZN12AsyncBooleanC2Eb
FN:295,_Z7ToValueRKN4Napi3EnvEm
FNDA:284384,_Z7ToValueRKN4Napi3EnvEm
FN:300,_Z7ToValueRKN4Napi3EnvERK14AsyncUndefined
FNDA:607914,_Z7ToValueRKN4Napi3EnvERK14AsyncUndefined
FN:309,_ZN20DisruptorAsyncWorkerI11AsyncBufferIhEmmEC2EP9DisruptorRKN4Napi8FunctionE
FNDA:144611,_ZN20DisruptorAsyncWorkerI11AsyncBufferIhEmmEC2EP9DisruptorRKN4Napi8FunctionE
FN:309,_ZN20DisruptorAsyncWorkerI10AsyncArrayI11AsyncBufferIhEEm14AsyncUndefinedEC2EP9DisruptorRKN4Napi8FunctionE
FNDA:1175790,_ZN20DisruptorAsyncWorkerI10AsyncArrayI11AsyncBufferIhEEm14AsyncUndefinedEC2EP9DisruptorRKN4Napi8FunctionE
FN:309,_ZN20DisruptorAsyncWorkerI10AsyncArrayI11AsyncBufferIhEEmmEC2EP9DisruptorRKN4Napi8FunctionE
FNDA:131816,_ZN20DisruptorAsyncWorkerI10AsyncArrayI11AsyncBufferIhEEmmEC2EP9DisruptorRKN4Napi8FunctionE
FN:309,_ZN20DisruptorAsyncWorkerI12AsyncBoolean14AsyncUndefinedS1_EC2EP9DisruptorRKN4Napi8FunctionE
FNDA:1612580,_ZN20DisruptorAsyncWorkerI12AsyncBoolean14AsyncUndefinedS1_EC2EP9DisruptorRKN4Napi8FunctionE
FN:321,_ZN20DisruptorAsyncWorkerI12AsyncBoolean14AsyncUndefinedS1_E4OnOKEv
FNDA:1612580,_ZN20DisruptorAsyncWorkerI12AsyncBoolean14AsyncUndefinedS1_E4OnOKEv
FN:321,_ZN20DisruptorAsyncWorkerI10AsyncArrayI11AsyncBufferIhEEmmE4OnOKEv
FNDA:131816,_ZN20DisruptorAsyncWorkerI10AsyncArrayI11AsyncBufferIhEEmmE4OnOKEv
FN:321,_ZN20DisruptorAsyncWorkerI11AsyncBufferIhEmmE4OnOKEv
FNDA:144611,_ZN20DisruptorAsyncWorkerI11AsyncBufferIhEmmE4OnOKEv
FN:321,_ZN20DisruptorAsyncWorkerI10AsyncArrayI11AsyncBufferIhEEm14AsyncUndefinedE4OnOKEv
FNDA:1175790,_ZN20DisruptorAsyncWorkerI10AsyncArrayI11AsyncBufferIhEEm14AsyncUndefinedE4OnOKEv
FN:354,_ZN7CloseFDclEPi
FNDA:3687,_ZN7CloseFDclEPi
FN:361,_ZN9Disruptor15ThrowErrnoErrorERKN4Napi12CallbackInfoEPKcb
FNDA:4,_ZN9Disruptor15ThrowErrnoErrorERKN4Napi12CallbackInfoEPKcb
FN:386,_ZN9DisruptorC2ERKN4Napi12CallbackInfoE
FNDA:3687,_ZN9DisruptorC2ERKN4Napi12CallbackInfoE
FN:448,_ZN9DisruptorD2Ev
FNDA:3183,_ZN9DisruptorD2Ev
FN:448,_ZN9DisruptorD0Ev
FNDA:3183,_ZN9DisruptorD0Ev
FN:453,_ZN9Disruptor7ReleaseEv
FNDA:6391,_ZN9Disruptor7ReleaseEv
FN:470,_ZN9Disruptor7ReleaseERKN4Napi12CallbackInfoE
FNDA:3208,_ZN9Disruptor7ReleaseERKN4Napi12CallbackInfoE
FN:479,_ZN9Disruptor14ConsumeNewSyncI10AsyncArrayI11AsyncBufferIhEES2_EET_RKN4Napi3EnvEbRm
FNDA:1175790,_ZN9Disruptor14ConsumeNewSyncI10AsyncArrayI11AsyncBufferIhEES2_EET_RKN4Napi3EnvEbRm
FN:479,_ZN9Disruptor14ConsumeNewSyncIN4Napi5ArrayENS1_6BufferEEET_RKNS1_3EnvEbRm
FNDA:694082,_ZN9Disruptor14ConsumeNewSyncIN4Napi5ArrayENS1_6BufferEEET_RKNS1_3EnvEbRm
FN:537,_ZN9Disruptor14ConsumeNewSyncERKN4Napi12CallbackInfoE
FNDA:12,_ZN9Disruptor14ConsumeNewSyncERKN4Napi12CallbackInfoE
FN:549,_ZN21ConsumeNewAsyncWorkerC2EP9DisruptorRKN4Napi8FunctionE
FNDA:1175790,_ZN21ConsumeNewAsyncWorkerC2EP9DisruptorRKN4Napi8FunctionE
FN:560,_ZN21ConsumeNewAsyncWorker7ExecuteEv
FNDA:1175790,_ZN21ConsumeNewAsyncWorker7ExecuteEv
FN:567,_ZN21ConsumeNewAsyncWorker5RetryEv
FNDA:901452,_ZN21ConsumeNewAsyncWorker5RetryEv
FN:573,_ZN9Disruptor15ConsumeNewAsyncERKN4Napi12CallbackInfoE
FNDA:274334,_ZN9Disruptor15ConsumeNewAsyncERKN4Napi12CallbackInfoE
FN:578,_ZN9Disruptor10ConsumeNewERKN4Napi12CallbackInfoE
FNDA:694070,_ZN9Disruptor10ConsumeNewERKN4Napi12CallbackInfoE
FN:593,_ZN9Disruptor13ConsumeCommitERKN4Napi12CallbackInfoE
FNDA:694085,_ZN9Disruptor13ConsumeCommitERKN4Napi12CallbackInfoE
FN:598,_ZN9Disruptor13UpdatePendingEmm
FNDA:694086,_ZN9Disruptor13UpdatePendingEmm
FN:604,_ZN9Disruptor13ConsumeCommitEv
FNDA:2563950,_ZN9Disruptor13ConsumeCommitEv
FN:620,_ZN9Disruptor16ProduceClaimSyncI11AsyncBufferEET_IhERKN4Napi3EnvEbRmS8_
FNDA:144611,_ZN9Disruptor16ProduceClaimSyncI11AsyncBufferEET_IhERKN4Napi3EnvEbRmS8_
FN:620,_ZN9Disruptor16ProduceClaimSyncIN4Napi6BufferEEET_IhERKNS1_3EnvEbRmS8_
FNDA:520120,_ZN9Disruptor16ProduceClaimSyncIN4Napi6BufferEEET_IhERKNS1_3EnvEbRmS8_
FN:665,_ZN9Disruptor16ProduceClaimSyncERKN4Napi12CallbackInfoE
FNDA:807,_ZN9Disruptor16ProduceClaimSyncERKN4Napi12CallbackInfoE
FN:676,_ZN23ProduceClaimAsyncWorkerC2EP9DisruptorRKN4Napi8FunctionE
FNDA:144611,_ZN23ProduceClaimAsyncWorkerC2EP9DisruptorRKN4Napi8FunctionE
FN:686,_ZN23ProduceClaimAsyncWorker7ExecuteEv
FNDA:144611,_ZN23ProduceClaimAsyncWorker7ExecuteEv
FN:694,_ZN23ProduceClaimAsyncWorker5RetryEv
FNDA:139604,_ZN23ProduceClaimAsyncWorker5RetryEv
FN:700,_ZN9Disruptor17ProduceClaimAsyncERKN4Napi12CallbackInfoE
FNDA:5007,_ZN9Disruptor17ProduceClaimAsyncERKN4Napi12CallbackInfoE
FN:705,_ZN9Disruptor12ProduceClaimERKN4Napi12CallbackInfoE
FNDA:519313,_ZN9Disruptor12ProduceClaimERKN4Napi12CallbackInfoE
FN:720,_ZN9Disruptor17ProduceGetBuffersI10AsyncArrayI11AsyncBufferIhEES2_EEvRKN4Napi3EnvEmmRT_
FNDA:9,_ZN9Disruptor17ProduceGetBuffersI10AsyncArrayI11AsyncBufferIhEES2_EEvRKN4Napi3EnvEmmRT_
FN:720,_ZN9Disruptor17ProduceGetBuffersIN4Napi5ArrayENS1_6BufferEEEvRKNS1_3EnvEmmRT_
FNDA:45,_ZN9Disruptor17ProduceGetBuffersIN4Napi5ArrayENS1_6BufferEEEvRKNS1_3EnvEmmRT_
FN:752,_ZN9Disruptor20ProduceClaimManySyncIN4Napi5ArrayENS1_6BufferEEET_RKNS1_3EnvEjbRmS8_
FNDA:35,_ZN9Disruptor20ProduceClaimManySyncIN4Napi5ArrayENS1_6BufferEEET_RKNS1_3EnvEjbRmS8_
FN:752,_ZN9Disruptor20ProduceClaimManySyncI10AsyncArrayI11AsyncBufferIhEES2_EET_RKN4Napi3EnvEjbRmSA_
FNDA:131816,_ZN9Disruptor20ProduceClaimManySyncI10AsyncArrayI11AsyncBufferIhEES2_EET_RKN4Napi3EnvEjbRmSA_
FN:794,_ZN9Disruptor20ProduceClaimManySyncERKN4Napi12CallbackInfoE
FNDA:11,_ZN9Disruptor20ProduceClaimManySyncERKN4Napi12CallbackInfoE
FN:807,_ZN27ProduceClaimManyAsyncWorkerC2EP9DisruptorRKN4Napi8FunctionEj
FNDA:131816,_ZN27ProduceClaimManyAsyncWorkerC2EP9DisruptorRKN4Napi8FunctionEj
FN:821,_ZN27ProduceClaimManyAsyncWorker7ExecuteEv
FNDA:131816,_ZN27ProduceClaimManyAsyncWorker7ExecuteEv
FN:829,_ZN27ProduceClaimManyAsyncWorker5RetryEv
FNDA:131798,_ZN27ProduceClaimManyAsyncWorker5RetryEv
FN:838,_ZN9Disruptor21ProduceClaimManyAsyncERKN4Napi12CallbackInfoEj
FNDA:18,_ZN9Disruptor21ProduceClaimManyAsyncERKN4Napi12CallbackInfoEj
FN:844,_ZN9Disruptor21ProduceClaimManyAsyncERKN4Napi12CallbackInfoE
FNDA:11,_ZN9Disruptor21ProduceClaimManyAsyncERKN4Napi12CallbackInfoE
FN:849,_ZN9Disruptor16ProduceClaimManyERKN4Napi12CallbackInfoE
FNDA:24,_ZN9Disruptor16ProduceClaimManyERKN4Napi12CallbackInfoE
FN:864,_ZN9Disruptor14ProduceRecoverERKN4Napi12CallbackInfoE
FNDA:76,_ZN9Disruptor14ProduceRecoverERKN4Napi12CallbackInfoE
FN:883,_ZN9Disruptor17ProduceCommitSyncI12AsyncBooleanEET_RKN4Napi3EnvEmmb
FNDA:1612580,_ZN9Disruptor17ProduceCommitSyncI12AsyncBooleanEET_RKN4Napi3EnvEmmb
FN:883,_ZN9Disruptor17ProduceCommitSyncIN4Napi7BooleanEEET_RKNS1_3EnvEmmb
FNDA:520129,_ZN9Disruptor17ProduceCommitSyncIN4Napi7BooleanEEET_RKNS1_3EnvEmmb
FN:903,_ZN9Disruptor13UpdateSeqNextEmm
FNDA:796602,_ZN9Disruptor13UpdateSeqNextEmm
FN:909,_ZN9Disruptor10GetSeqNextERKN4Napi12CallbackInfoERmS4_
FNDA:520939,_ZN9Disruptor10GetSeqNextERKN4Napi12CallbackInfoERmS4_
FN:925,_ZN9Disruptor17ProduceCommitSyncERKN4Napi12CallbackInfoE
FNDA:810,_ZN9Disruptor17ProduceCommitSyncERKN4Napi12CallbackInfoE
FN:936,_ZN24ProduceCommitAsyncWorkerC2EP9DisruptorRKN4Napi8FunctionEmm
FNDA:1612580,_ZN24ProduceCommitAsyncWorkerC2EP9DisruptorRKN4Napi8FunctionEmm
FN:948,_ZN24ProduceCommitAsyncWorker7ExecuteEv
FNDA:1612580,_ZN24ProduceCommitAsyncWorker7ExecuteEv
FN:955,_ZN24ProduceCommitAsyncWorker5RetryEv
FNDA:1445790,_ZN24ProduceCommitAsyncWorker5RetryEv
FN:964,_ZN9Disruptor18ProduceCommitAsyncERKN4Napi12CallbackInfoEmmj
FNDA:166790,_ZN9Disruptor18ProduceCommitAsyncERKN4Napi12CallbackInfoEmmj
FN:973,_ZN9Disruptor18ProduceCommitAsyncERKN4Napi12CallbackInfoE
FNDA:810,_ZN9Disruptor18ProduceCommitAsyncERKN4Napi12CallbackInfoE
FN:980,_ZN9Disruptor13ProduceCommitERKN4Napi12CallbackInfoE
FNDA:519319,_ZN9Disruptor13ProduceCommitERKN4Napi12CallbackInfoE
FN:995,_ZN9Disruptor12GetConsumersERKN4Napi12CallbackInfoE
FNDA:12,_ZN9Disruptor12GetConsumersERKN4Napi12CallbackInfoE
FN:1000,_ZN9Disruptor9GetCursorERKN4Napi12CallbackInfoE
FNDA:197,_ZN9Disruptor9GetCursorERKN4Napi12CallbackInfoE
FN:1005,_ZN9Disruptor7GetNextERKN4Napi12CallbackInfoE
FNDA:197,_ZN9Disruptor7GetNextERKN4Napi12CallbackInfoE
FN:1010,_ZN9Disruptor11GetElementsERKN4Napi12CallbackInfoE
FNDA:1556,_ZN9Disruptor11GetElementsERKN4Napi12CallbackInfoE
FN:1015,_ZN9Disruptor11GetConsumerERKN4Napi12CallbackInfoE
FNDA:197,_ZN9Disruptor11GetConsumerERKN4Napi12CallbackInfoE
FN:1020,_ZN9Disruptor21GetPendingSeqConsumerERKN4Napi12CallbackInfoE
FNDA:694154,_ZN9Disruptor21GetPendingSeqConsumerERKN4Napi12CallbackInfoE
FN:1025,_ZN9Disruptor19GetPendingSeqCursorERKN4Napi12CallbackInfoE
FNDA:72,_ZN9Disruptor19GetPendingSeqCursorERKN4Napi12CallbackInfoE
FN:1030,_ZN9Disruptor17GetPendingSeqNextERKN4Napi12CallbackInfoE
FNDA:520191,_ZN9Disruptor17GetPendingSeqNextERKN4Napi12CallbackInfoE
FN:1035,_ZN9Disruptor20GetPendingSeqNextEndERKN4Napi12CallbackInfoE
FNDA:520191,_ZN9Disruptor20GetPendingSeqNextEndERKN4Napi12CallbackInfoE
FN:1040,_ZN9Disruptor14GetElementSizeERKN4Napi12CallbackInfoE
FNDA:64,_ZN9Disruptor14GetElementSizeERKN4Napi12CallbackInfoE
FN:1045,_ZN9Disruptor10InitializeEN4Napi3EnvENS0_6ObjectE
FNDA:476,_ZN9Disruptor10InitializeEN4Napi3EnvENS0_6ObjectE
FN:1081,_Z10InitializeN4Napi3EnvENS_6ObjectE
FNDA:476,_Z10InitializeN4Napi3EnvENS_6ObjectE
FN:1086,_Z17__napi_InitializeP10napi_env__P12napi_value__
FNDA:476,_Z17__napi_InitializeP10napi_env__P12napi_value__
FN:1086,_register_disruptor
FNDA:224,_register_disruptor
DA:47,3064790
DA:49,3064790
DA:149,446149
DA:151,446149
DA:153,446149
DA:154,446149
DA:156,446149
DA:167,419168
DA:169,419168
DA:171,419168
DA:173,279552
DA:175,279552
DA:178,139616
DA:180,139616
DA:183,279564
DA:185,279564
DA:187,279564
DA:189,279552
DA:193,12
DA:196,279564
DA:199,144611
DA:201,144611
DA:205,419168
DA:207,419168
DA:209,419168
DA:219,2615200
DA:220,2615200
DA:222,2615200
DA:224,1307600
DA:226,1307600
DA:229,274557
DA:231,274557
DA:233,274557
DA:236,274557
DA:237,274557
DA:239,274352
DA:241,274352
DA:242,274352
DA:243,548909
DA:245,274557
DA:247,274352
DA:250,1307600
DA:252,1307600
DA:262,1612580
DA:263,1612580
DA:265,1612580
DA:267,1612580
DA:269,1612580
DA:272,166790
DA:274,166790
DA:277,1612580
DA:279,1612580
DA:283,1612580
DA:284,1612580
DA:286,1612580
DA:295,284384
DA:297,284384
DA:300,607914
DA:302,607914
DA:309,1612580
DA:314,1612580
DA:316,1612580
DA:309,131816
DA:314,131816
DA:316,131816
DA:309,144611
DA:314,144611
DA:316,144611
DA:309,1175790
DA:314,1175790
DA:316,1175790
DA:321,1175790
DA:323,1175790
DA:325,901452
DA:328,274334
DA:330,1371670
DA:331,274334
DA:334,274334
DA:336,274334
DA:337,548668
DA:321,144611
DA:323,144611
DA:325,139604
DA:328,5007
DA:330,25035
DA:331,5007
DA:334,5007
DA:336,5007
DA:337,10014
DA:321,131816
DA:323,131816
DA:325,131798
DA:328,18
DA:330,90
DA:331,18
DA:334,18
DA:336,18
DA:337,36
DA:321,1612580
DA:323,1612580
DA:325,1445790
DA:328,166790
DA:330,833950
DA:331,166790
DA:334,166790
DA:336,166790
DA:337,333580
DA:354,3687
DA:356,3687
DA:357,3687
DA:358,3687
DA:361,4
DA:368,4
DA:370,4
DA:371,4
DA:373,4
DA:377,4
DA:378,4
DA:379,4
DA:382,4
DA:383,8
DA:386,3687
DA:388,3691
DA:391,3687
DA:392,3687
DA:393,3687
DA:394,3687
DA:395,3687
DA:396,3687
DA:397,3687
DA:401,3687
DA:403,3691
DA:404,3687
DA:406,4
DA:413,3683
DA:414,3683
DA:418,3683
DA:424,3683
DA:427,3683
DA:429,3683
DA:435,3683
DA:436,3683
DA:437,3683
DA:438,3683
DA:439,3683
DA:441,3683
DA:442,3683
DA:444,3683
DA:445,3683
DA:446,3683
DA:448,3183
DA:451,3183
DA:448,3183
DA:450,3183
DA:451,3183
DA:453,6391
DA:455,6391
DA:457,3683
DA:459,3683
DA:464,3683
DA:467,6391
DA:470,3208
DA:472,3208
DA:476,3208
DA:479,1175790
DA:486,1175790
DA:488,901458
DA:490,1175790
DA:491,1175790
DA:492,1175790
DA:493,1175790
DA:495,1175790
DA:497,547932
DA:499,273966
DA:501,273966
DA:502,273966
DA:504,273966
DA:505,273966
DA:506,273966
DA:509,901820
DA:511,724
DA:513,362
DA:515,362
DA:516,362
DA:518,362
DA:520,219
DA:523,219
DA:526,362
DA:527,362
DA:528,362
DA:533,901458
DA:534,901458
DA:479,694082
DA:486,694082
DA:488,274324
DA:490,694082
DA:491,694082
DA:492,694082
DA:493,694082
DA:495,694082
DA:497,419027
DA:499,419027
DA:501,419027
DA:502,419027
DA:504,419027
DA:505,419027
DA:506,419027
DA:509,275055
DA:511,731
DA:513,731
DA:515,731
DA:516,731
DA:518,731
DA:520,377
DA:523,377
DA:526,731
DA:527,731
DA:528,731
DA:533,274324
DA:534,274324
DA:537,12
DA:540,12
DA:549,1175790
DA:550,1175790
DA:554,1175790
DA:556,1175790
DA:557,1175790
DA:560,1175790
DA:563,1175790
DA:564,1175790
DA:565,1175790
DA:567,901452
DA:569,901452
DA:570,901452
DA:573,274334
DA:575,274334
DA:576,274334
DA:578,694070
DA:582,694070
DA:584,694070
DA:586,419748
DA:589,274322
DA:590,548644
DA:593,694085
DA:595,694085
DA:598,694086
DA:600,694086
DA:601,694086
DA:602,694086
DA:604,2563950
DA:606,2563950
DA:608,2563950
DA:610,694085
DA:613,694085
DA:616,2563950
DA:620,144611
DA:625,139616
DA:627,144611
DA:629,144611
DA:631,167032
DA:633,162028
DA:635,162028
DA:637,139607
DA:638,139607
DA:642,149615
DA:643,5004
DA:645,4995
DA:647,4995
DA:648,4995
DA:650,4995
DA:651,4995
DA:652,4995
DA:654,4995
DA:659,139616
DA:660,139616
DA:661,139616
DA:662,139616
DA:620,520120
DA:625,4204
DA:627,520120
DA:629,520120
DA:631,3054120
DA:633,2534030
DA:635,2534030
DA:637,33
DA:638,33
DA:642,1040210
DA:643,520087
DA:645,515916
DA:647,515916
DA:648,515916
DA:650,515916
DA:651,515916
DA:652,515916
DA:654,515916
DA:659,4204
DA:660,4204
DA:661,4204
DA:662,4204
DA:665,807
DA:668,807
DA:669,807
DA:676,144611
DA:677,144611
DA:679,144611
DA:681,144611
DA:682,144611
DA:683,144611
DA:686,144611
DA:689,144611
DA:690,144611
DA:691,144611
DA:692,144611
DA:694,139604
DA:696,139604
DA:697,139604
DA:700,5007
DA:702,5007
DA:703,5007
DA:705,519313
DA:709,519313
DA:710,519313
DA:712,515113
DA:715,4200
DA:716,8400
DA:720,9
DA:725,9
DA:726,9
DA:728,9
DA:730,1
DA:732,1
DA:733,1
DA:735,1
DA:738,1
DA:742,8
DA:744,8
DA:745,8
DA:748,9
DA:749,9
DA:720,45
DA:725,45
DA:726,45
DA:728,45
DA:730,3
DA:732,3
DA:733,3
DA:735,3
DA:738,3
DA:742,42
DA:744,42
DA:745,42
DA:748,45
DA:749,45
DA:752,131816
DA:758,131807
DA:760,131816
DA:761,131816
DA:763,131816
DA:765,131825
DA:767,131816
DA:769,131816
DA:771,131807
DA:772,131807
DA:776,131825
DA:777,9
DA:779,18
DA:780,9
DA:781,9
DA:782,9
DA:783,9
DA:788,131807
DA:789,131807
DA:790,131807
DA:791,131807
DA:752,35
DA:758,10
DA:760,35
DA:761,35
DA:763,35
DA:765,60
DA:767,35
DA:769,35
DA:771,10
DA:772,10
DA:776,60
DA:777,25
DA:779,25
DA:780,25
DA:781,25
DA:782,25
DA:783,25
DA:788,10
DA:789,10
DA:790,10
DA:791,10
DA:794,11
DA:797,11
DA:798,11
DA:807,131816
DA:809,131816
DA:814,131816
DA:816,131816
DA:817,131816
DA:818,131816
DA:821,131816
DA:824,263632
DA:825,263632
DA:826,131816
DA:827,131816
DA:829,131798
DA:831,131798
DA:832,131798
DA:838,18
DA:841,18
DA:842,18
DA:844,11
DA:846,11
DA:847,11
DA:849,24
DA:851,24
DA:854,24
DA:855,24
DA:857,17
DA:860,7
DA:861,14
DA:864,76
DA:866,76
DA:867,76
DA:869,76
DA:871,140
DA:872,116
DA:873,40
DA:875,20
DA:876,40
DA:879,76
DA:883,1612580
DA:888,1612580
DA:890,1445790
DA:892,1612570
DA:894,166781
DA:900,1445800
DA:883,520129
DA:888,520129
DA:890,165977
DA:892,520123
DA:894,354146
DA:900,165983
DA:903,796602
DA:905,796602
DA:906,796602
DA:907,796602
DA:909,520939
DA:913,520939
DA:915,12
DA:916,12
DA:917,12
DA:920,520927
DA:921,520927
DA:922,520927
DA:925,810
DA:928,810
DA:929,810
DA:936,1612580
DA:939,1612580
DA:943,1612580
DA:945,1612580
DA:948,1612580
DA:951,1612580
DA:952,1612580
DA:953,1612580
DA:955,1445790
DA:957,1445790
DA:958,1445790
DA:964,166790
DA:970,166790
DA:971,166790
DA:973,810
DA:976,810
DA:977,810
DA:978,810
DA:980,519319
DA:983,519319
DA:985,519319
DA:986,519319
DA:988,353339
DA:991,165980
DA:992,331960
DA:995,12
DA:997,12
DA:1000,197
DA:1002,197
DA:1005,197
DA:1007,197
DA:1010,1556
DA:1012,1556
DA:1015,197
DA:1017,197
DA:1020,694154
DA:1022,694154
DA:1025,72
DA:1027,72
DA:1030,520191
DA:1032,520191
DA:1035,520191
DA:1037,520191
DA:1040,64
DA:1042,64
DA:1045,476
DA:1047,476
DA:1049,476
DA:1050,476
DA:1051,476
DA:1052,476
DA:1053,476
DA:1054,476
DA:1055,476
DA:1056,476
DA:1057,476
DA:1058,476
DA:1059,476
DA:1060,476
DA:1061,476
DA:1062,476
DA:1063,476
DA:1066,476
DA:1067,476
DA:1068,476
DA:1069,476
DA:1070,476
DA:1071,476
DA:1072,476
DA:1073,476
DA:1074,476
DA:1075,476
DA:1076,476
DA:1078,476
DA:1081,476
DA:1083,476
DA:1086,224
DA:1086,476
end_of_record
SF:/usr/include/c++/9/bits/unique_ptr.h
FN:75,_ZNKSt14default_deleteISt6vectorI11AsyncBufferIhESaIS2_EEEclEPS4_
FNDA:2615200,_ZNKSt14default_deleteISt6vectorI11AsyncBufferIhESaIS2_EEEclEPS4_
FN:147,_ZNSt15__uniq_ptr_implISt6vectorI11AsyncBufferIhESaIS2_EESt14default_deleteIS4_EEC2EPS4_
FNDA:2615200,_ZNSt15__uniq_ptr_implISt6vectorI11AsyncBufferIhESaIS2_EESt14default_deleteIS4_EEC2EPS4_
FN:147,_ZNSt15__uniq_ptr_implIi7CloseFDEC2EPi
FNDA:3687,_ZNSt15__uniq_ptr_implIi7CloseFDEC2EPi
FN:150,_ZNSt15__uniq_ptr_implISt6vectorI11AsyncBufferIhESaIS2_EESt14default_deleteIS4_EEC2IS6_EEPS4_OT_
FNDA:274337,_ZNSt15__uniq_ptr_implISt6vectorI11AsyncBufferIhESaIS2_EESt14default_deleteIS4_EEC2IS6_EEPS4_OT_
FN:153,_ZNSt15__uniq_ptr_implIi7CloseFDE6_M_ptrEv
FNDA:7374,_ZNSt15__uniq_ptr_implIi7CloseFDE6_M_ptrEv
FN:153,_ZNSt15__uniq_ptr_implISt6vectorI11AsyncBufferIhESaIS2_EESt14default_deleteIS4_EE6_M_ptrEv
FNDA:8394290,_ZNSt15__uniq_ptr_implISt6vectorI11AsyncBufferIhESaIS2_EESt14default_deleteIS4_EE6_M_ptrEv
FN:154,_ZNKSt15__uniq_ptr_implISt6vectorI11AsyncBufferIhESaIS2_EESt14default_deleteIS4_EE6_M_ptrEv
FNDA:4262120,_ZNKSt15__uniq_ptr_implISt6vectorI11AsyncBufferIhESaIS2_EESt14default_deleteIS4_EE6_M_ptrEv
FN:154,_ZNKSt15__uniq_ptr_implIi7CloseFDE6_M_ptrEv
FNDA:7610,_ZNKSt15__uniq_ptr_implIi7CloseFDE6_M_ptrEv
FN:155,_ZNSt15__uniq_ptr_implISt6vectorI11AsyncBufferIhESaIS2_EESt14default_deleteIS4_EE10_M_deleterEv
FNDA:5504740,_ZNSt15__uniq_ptr_implISt6vectorI11AsyncBufferIhESaIS2_EESt14default_deleteIS4_EE10_M_deleterEv
FN:155,_ZNSt15__uniq_ptr_implIi7CloseFDE10_M_deleterEv
FNDA:3687,_ZNSt15__uniq_ptr_implIi7CloseFDE10_M_deleterEv
FN:203,_ZNSt10unique_ptrIi7CloseFDEC2IS0_vEEPi
FNDA:3687,_ZNSt10unique_ptrIi7CloseFDEC2IS0_vEEPi
FN:203,_ZNSt10unique_ptrISt6vectorI11AsyncBufferIhESaIS2_EESt14default_deleteIS4_EEC2IS6_vEEPS4_
FNDA:2615200,_ZNSt10unique_ptrISt6vectorI11AsyncBufferIhESaIS2_EESt14default_deleteIS4_EEC2IS6_vEEPS4_
FN:249,_ZNSt10unique_ptrISt6vectorI11AsyncBufferIhESaIS2_EESt14default_deleteIS4_EEC2EOS7_
FNDA:274337,_ZNSt10unique_ptrISt6vectorI11AsyncBufferIhESaIS2_EESt14default_deleteIS4_EEC2EOS7_
FN:278,_ZNSt10unique_ptrISt6vectorI11AsyncBufferIhESaIS2_EESt14default_deleteIS4_EED2Ev
FNDA:2889540,_ZNSt10unique_ptrISt6vectorI11AsyncBufferIhESaIS2_EESt14default_deleteIS4_EED2Ev
FN:278,_ZNSt10unique_ptrIi7CloseFDED2Ev
FNDA:3687,_ZNSt10unique_ptrIi7CloseFDED2Ev
FN:297,_ZNSt10unique_ptrISt6vectorI11AsyncBufferIhESaIS2_EESt14default_deleteIS4_EEaSEOS7_
FNDA:1307600,_ZNSt10unique_ptrISt6vectorI11AsyncBufferIhESaIS2_EESt14default_deleteIS4_EEaSEOS7_
FN:336,_ZNKSt10unique_ptrISt6vectorI11AsyncBufferIhESaIS2_EESt14default_deleteIS4_EEdeEv
FNDA:549114,_ZNKSt10unique_ptrISt6vectorI11AsyncBufferIhESaIS2_EESt14default_deleteIS4_EEdeEv
FN:336,_ZNKSt10unique_ptrIi7CloseFDEdeEv
FNDA:7610,_ZNKSt10unique_ptrIi7CloseFDEdeEv
FN:344,_ZNKSt10unique_ptrISt6vectorI11AsyncBufferIhESaIS2_EESt14default_deleteIS4_EEptEv
FNDA:2131070,_ZNKSt10unique_ptrISt6vectorI11AsyncBufferIhESaIS2_EESt14default_deleteIS4_EEptEv
FN:352,_ZNKSt10unique_ptrIi7CloseFDE3getEv
FNDA:7610,_ZNKSt10unique_ptrIi7CloseFDE3getEv
FN:352,_ZNKSt10unique_ptrISt6vectorI11AsyncBufferIhESaIS2_EESt14default_deleteIS4_EE3getEv
FNDA:4262120,_ZNKSt10unique_ptrISt6vectorI11AsyncBufferIhESaIS2_EESt14default_deleteIS4_EE3getEv
FN:357,_ZNSt10unique_ptrISt6vectorI11AsyncBufferIhESaIS2_EESt14default_deleteIS4_EE11get_deleterEv
FNDA:5504740,_ZNSt10unique_ptrISt6vectorI11AsyncBufferIhESaIS2_EESt14default_deleteIS4_EE11get_deleterEv
FN:357,_ZNSt10unique_ptrIi7CloseFDE11get_deleterEv
FNDA:3687,_ZNSt10unique_ptrIi7CloseFDE11get_deleterEv
FN:373,_ZNSt10unique_ptrISt6vectorI11AsyncBufferIhESaIS2_EESt14default_deleteIS4_EE7releaseEv
FNDA:1581940,_ZNSt10unique_ptrISt6vectorI11AsyncBufferIhESaIS2_EESt14default_deleteIS4_EE7releaseEv
FN:387,_ZNSt10unique_ptrISt6vectorI11AsyncBufferIhESaIS2_EESt14default_deleteIS4_EE5resetEPS4_
FNDA:1307600,_ZNSt10unique_ptrISt6vectorI11AsyncBufferIhESaIS2_EESt14default_deleteIS4_EE5resetEPS4_
FN:848,_ZSt11make_uniqueISt6vectorI11AsyncBufferIhESaIS2_EEJEENSt9_MakeUniqIT_E15__single_objectEDpOT0_
FNDA:2615200,_ZSt11make_uniqueISt6vectorI11AsyncBufferIhESaIS2_EEJEENSt9_MakeUniqIT_E15__single_objectEDpOT0_
DA:75,2615200
DA:81,2615200
DA:82,2615200
DA:147,2615200
DA:147,3687
DA:150,274337
DA:151,274337
DA:153,8394290
DA:153,7374
DA:154,4262120
DA:154,7610
DA:155,5504740
DA:155,3687
DA:203,2615200
DA:204,2615200
DA:205,2615200
DA:203,3687
DA:204,3687
DA:205,3687
DA:249,274337
DA:250,274337
DA:278,2889540
DA:282,2889540
DA:283,2889540
DA:284,1307600
DA:285,2889540
DA:286,2889540
DA:278,3687
DA:282,3687
DA:283,3687
DA:284,3687
DA:285,3687
DA:286,3687
DA:297,1307600
DA:299,1307600
DA:300,1307600
DA:301,1307600
DA:336,549114
DA:339,549114
DA:336,7610
DA:339,7610
DA:344,2131070
DA:347,2131070
DA:352,4262120
DA:353,4262120
DA:352,7610
DA:353,7610
DA:357,5504740
DA:358,5504740
DA:357,3687
DA:358,3687
DA:373,1581940
DA:375,1581940
DA:376,1581940
DA:377,1581940
DA:387,1307600
DA:392,1307600
DA:393,1307600
DA:394,1307600
DA:395,1307600
DA:848,2615200
DA:849,2615200
end_of_record
SF:/usr/include/c++/9/bits/alloc_traits.h
FN:443,_ZNSt16allocator_traitsISaI24napi_property_descriptorEE8allocateERS1_m
FNDA:476,_ZNSt16allocator_traitsISaI24napi_property_descriptorEE8allocateERS1_m
FN:443,_ZNSt16allocator_traitsISaI11AsyncBufferIhEEE8allocateERS2_m
FNDA:274557,_ZNSt16allocator_traitsISaI11AsyncBufferIhEEE8allocateERS2_m
FN:469,_ZNSt16allocator_traitsISaI24napi_property_descriptorEE10deallocateERS1_PS0_m
FNDA:476,_ZNSt16allocator_traitsISaI24napi_property_descriptorEE10deallocateERS1_PS0_m
FN:469,_ZNSt16allocator_traitsISaI11AsyncBufferIhEEE10deallocateERS2_PS1_m
FNDA:274557,_ZNSt16allocator_traitsISaI11AsyncBufferIhEEE10deallocateERS2_PS1_m
FN:469,_ZNSt16allocator_traitsISaIP12napi_value__EE10deallocateERS2_PS1_m
FNDA:0,_ZNSt16allocator_traitsISaIP12napi_value__EE10deallocateERS2_PS1_m
FN:482,_ZNSt16allocator_traitsISaI11AsyncBufferIhEEE9constructIS1_JS1_EEEvRS2_PT_DpOT0_
FNDA:220,_ZNSt16allocator_traitsISaI11AsyncBufferIhEEE9constructIS1_JS1_EEEvRS2_PT_DpOT0_
FN:495,_ZNSt16allocator_traitsISaI11AsyncBufferIhEEE7destroyIS1_EEvRS2_PT_
FNDA:220,_ZNSt16allocator_traitsISaI11AsyncBufferIhEEE7destroyIS1_EEvRS2_PT_
FN:505,_ZNSt16allocator_traitsISaI11AsyncBufferIhEEE8max_sizeERKS2_
FNDA:1098230,_ZNSt16allocator_traitsISaI11AsyncBufferIhEEE8max_sizeERKS2_
FN:505,_ZNSt16allocator_traitsISaI24napi_property_descriptorEE8max_sizeERKS1_
FNDA:476,_ZNSt16allocator_traitsISaI24napi_property_descriptorEE8max_sizeERKS1_
DA:443,476
DA:444,476
DA:443,274557
DA:444,274557
DA:469,476
DA:470,476
DA:469,274557
DA:470,274557
DA:469,0
DA:470,0
DA:482,220
DA:484,220
DA:495,220
DA:497,220
DA:505,1098230
DA:506,1098230
DA:505,476
DA:506,476
end_of_record
SF:/usr/include/c++/9/bits/stl_uninitialized.h
FN:76,_ZNSt20__uninitialized_copyILb0EE13__uninit_copyISt13move_iteratorIP11AsyncBufferIhEES5_EET0_T_S8_S7_
FNDA:0,_ZNSt20__uninitialized_copyILb0EE13__uninit_copyISt13move_iteratorIP11AsyncBufferIhEES5_EET0_T_S8_S7_
FN:115,_ZSt18uninitialized_copyISt13move_iteratorIP11AsyncBufferIhEES3_ET0_T_S6_S5_
FNDA:0,_ZSt18uninitialized_copyISt13move_iteratorIP11AsyncBufferIhEES3_ET0_T_S6_S5_
FN:287,_ZSt22__uninitialized_copy_aISt13move_iteratorIP11AsyncBufferIhEES3_S2_ET0_T_S6_S5_RSaIT1_E
FNDA:0,_ZSt22__uninitialized_copy_aISt13move_iteratorIP11AsyncBufferIhEES3_S2_ET0_T_S6_S5_RSaIT1_E
FN:305,_ZSt34__uninitialized_move_if_noexcept_aIP11AsyncBufferIhES2_SaIS1_EET0_T_S5_S4_RT1_
FNDA:0,_ZSt34__uninitialized_move_if_noexcept_aIP11AsyncBufferIhES2_SaIS1_EET0_T_S5_S4_RT1_
FN:521,_ZNSt27__uninitialized_default_n_1ILb0EE18__uninit_default_nIP11AsyncBufferIhEmEET_S5_T0_
FNDA:274557,_ZNSt27__uninitialized_default_n_1ILb0EE18__uninit_default_nIP11AsyncBufferIhEmEET_S5_T0_
FN:543,_ZNSt27__uninitialized_default_n_1ILb1EE18__uninit_default_nIP24napi_property_descriptormEET_S4_T0_
FNDA:476,_ZNSt27__uninitialized_default_n_1ILb1EE18__uninit_default_nIP24napi_property_descriptormEET_S4_T0_
FN:574,_ZSt25__uninitialized_default_nIP24napi_property_descriptormET_S2_T0_
FNDA:476,_ZSt25__uninitialized_default_nIP24napi_property_descriptormET_S2_T0_
FN:574,_ZSt25__uninitialized_default_nIP11AsyncBufferIhEmET_S3_T0_
FNDA:274557,_ZSt25__uninitialized_default_nIP11AsyncBufferIhEmET_S3_T0_
FN:643,_ZSt27__uninitialized_default_n_aIP24napi_property_descriptormS0_ET_S2_T0_RSaIT1_E
FNDA:476,_ZSt27__uninitialized_default_n_aIP24napi_property_descriptormS0_ET_S2_T0_RSaIT1_E
FN:643,_ZSt27__uninitialized_default_n_aIP11AsyncBufferIhEmS1_ET_S3_T0_RSaIT1_E
FNDA:274557,_ZSt27__uninitialized_default_n_aIP11AsyncBufferIhEmS1_ET_S3_T0_RSaIT1_E
FN:887,_ZSt19__relocate_object_aI11AsyncBufferIhES1_SaIS1_EEvPT_PT0_RT1_
FNDA:220,_ZSt19__relocate_object_aI11AsyncBufferIhES1_SaIS1_EEvPT_PT0_RT1_
FN:918,_ZSt14__relocate_a_1IP11AsyncBufferIhES2_SaIS1_EET0_T_S5_S4_RT1_
FNDA:274557,_ZSt14__relocate_a_1IP11AsyncBufferIhES2_SaIS1_EET0_T_S5_S4_RT1_
FN:940,_ZSt12__relocate_aIP11AsyncBufferIhES2_SaIS1_EET0_T_S5_S4_RT1_
FNDA:274557,_ZSt12__relocate_aIP11AsyncBufferIhES2_SaIS1_EET0_T_S5_S4_RT1_
DA:76,0
DA:79,0
DA:82,0
DA:83,0
DA:84,0
DA:86,0
DA:88,0
DA:89,0
DA:115,0
DA:128,0
DA:134,0
DA:287,0
DA:289,0
DA:305,0
DA:311,0
DA:312,0
DA:521,274557
DA:523,274557
DA:526,549114
DA:527,274557
DA:528,274557
DA:543,476
DA:548,476
DA:574,476
DA:579,476
DA:583,476
DA:574,274557
DA:579,274557
DA:583,274557
DA:643,476
DA:645,476
DA:643,274557
DA:645,274557
DA:887,220
DA:894,220
DA:895,220
DA:896,220
DA:918,274557
DA:930,274557
DA:931,274777
DA:932,220
DA:934,274557
DA:940,274557
DA:946,274557
DA:948,274557
end_of_record
SF:/usr/include/c++/9/bits/exception.h
FN:63,_ZNSt9exceptionC2Ev
FNDA:4,_ZNSt9exceptionC2Ev
DA:63,4
end_of_record
SF:/usr/include/c++/9/new
FN:173,_ZnwmPv
FNDA:274777,_ZnwmPv
DA:173,274777
DA:174,274777
end_of_record
SF:/usr/include/c++/9/ext/string_conversions.h
FN:99,_ZN9__gnu_cxx12__to_xstringINSt7__cxx1112basic_stringIcSt11char_traitsIcESaIcEEEcEET_PFiPT0_mPKS8_P13__va_list_tagEmSB_z
FNDA:0,_ZN9__gnu_cxx12__to_xstringINSt7__cxx1112basic_stringIcSt11char_traitsIcESaIcEEEcEET_PFiPT0_mPKS8_P13__va_list_tagEmSB_z
DA:99,0
DA:105,0
DA:109,0
DA:111,0
DA:113,0
DA:115,0
end_of_record
SF:/usr/include/c++/9/bits/vector.tcc
FN:611,_ZNSt6vectorI11AsyncBufferIhESaIS1_EE17_M_default_appendEm
FNDA:274557,_ZNSt6vectorI11AsyncBufferIhESaIS1_EE17_M_default_appendEm
DA:611,274557
DA:614,274557
DA:616,274557
DA:617,274557
DA:618,274557
DA:620,274557
DA:621,0
DA:623,274557
DA:626,0
DA:627,0
DA:628,0
DA:633,274557
DA:635,274557
DA:636,274557
DA:640,274557
DA:641,274557
DA:643,0
DA:645,0
DA:646,0
DA:648,274557
DA:649,274557
DA:653,0
DA:656,0
DA:657,0
DA:658,0
DA:659,0
DA:661,0
DA:663,0
DA:665,0
DA:666,0
DA:667,0
DA:668,0
DA:669,0
DA:671,0
DA:672,0
DA:675,274557
DA:676,274557
DA:677,274557
DA:678,274557
DA:679,274557
DA:680,274557
DA:683,274557
end_of_record
SF:/usr/include/c++/9/bits/stl_vector.h
FN:94,_ZNSt12_Vector_baseI24napi_property_descriptorSaIS0_EE17_Vector_impl_dataC2Ev
FNDA:476,_ZNSt12_Vector_baseI24napi_property_descriptorSaIS0_EE17_Vector_impl_dataC2Ev
FN:94,_ZNSt12_Vector_baseIP12napi_value__SaIS1_EE17_Vector_impl_dataC2Ev
FNDA:0,_ZNSt12_Vector_baseIP12napi_value__SaIS1_EE17_Vector_impl_dataC2Ev
FN:94,_ZNSt12_Vector_baseI11AsyncBufferIhESaIS1_EE17_Vector_impl_dataC2Ev
FNDA:2615200,_ZNSt12_Vector_baseI11AsyncBufferIhESaIS1_EE17_Vector_impl_dataC2Ev
FN:128,_ZNSt12_Vector_baseIP12napi_value__SaIS1_EE12_Vector_implC2Ev
FNDA:0,_ZNSt12_Vector_baseIP12napi_value__SaIS1_EE12_Vector_implC2Ev
FN:128,_ZNSt12_Vector_baseI11AsyncBufferIhESaIS1_EE12_Vector_implC2Ev
FNDA:2615200,_ZNSt12_Vector_baseI11AsyncBufferIhESaIS1_EE12_Vector_implC2Ev
FN:133,_ZNSt12_Vector_baseI24napi_property_descriptorSaIS0_EE12_Vector_implC2ERKS1_
FNDA:476,_ZNSt12_Vector_baseI24napi_property_descriptorSaIS0_EE12_Vector_implC2ERKS1_
FN:273,_ZNSt12_Vector_baseI11AsyncBufferIhESaIS1_EE19_M_get_Tp_allocatorEv
FNDA:3164320,_ZNSt12_Vector_baseI11AsyncBufferIhESaIS1_EE19_M_get_Tp_allocatorEv
FN:273,_ZNSt12_Vector_baseIP12napi_value__SaIS1_EE19_M_get_Tp_allocatorEv
FNDA:0,_ZNSt12_Vector_baseIP12napi_value__SaIS1_EE19_M_get_Tp_allocatorEv
FN:273,_ZNSt12_Vector_baseI24napi_property_descriptorSaIS0_EE19_M_get_Tp_allocatorEv
FNDA:952,_ZNSt12_Vector_baseI24napi_property_descriptorSaIS0_EE19_M_get_Tp_allocatorEv
FN:277,_ZNKSt12_Vector_baseI11AsyncBufferIhESaIS1_EE19_M_get_Tp_allocatorEv
FNDA:1098230,_ZNKSt12_Vector_baseI11AsyncBufferIhESaIS1_EE19_M_get_Tp_allocatorEv
FN:285,_ZNSt12_Vector_baseIP12napi_value__SaIS1_EEC2Ev
FNDA:0,_ZNSt12_Vector_baseIP12napi_value__SaIS1_EEC2Ev
FN:285,_ZNSt12_Vector_baseI11AsyncBufferIhESaIS1_EEC2Ev
FNDA:2615200,_ZNSt12_Vector_baseI11AsyncBufferIhESaIS1_EEC2Ev
FN:300,_ZNSt12_Vector_baseI24napi_property_descriptorSaIS0_EEC2EmRKS1_
FNDA:476,_ZNSt12_Vector_baseI24napi_property_descriptorSaIS0_EEC2EmRKS1_
FN:330,_ZNSt12_Vector_baseIP12napi_value__SaIS1_EED2Ev
FNDA:0,_ZNSt12_Vector_baseIP12napi_value__SaIS1_EED2Ev
FN:330,_ZNSt12_Vector_baseI11AsyncBufferIhESaIS1_EED2Ev
FNDA:2615200,_ZNSt12_Vector_baseI11AsyncBufferIhESaIS1_EED2Ev
FN:330,_ZNSt12_Vector_baseI24napi_property_descriptorSaIS0_EED2Ev
FNDA:476,_ZNSt12_Vector_baseI24napi_property_descriptorSaIS0_EED2Ev
FN:340,_ZNSt12_Vector_baseI11AsyncBufferIhESaIS1_EE11_M_allocateEm
FNDA:274557,_ZNSt12_Vector_baseI11AsyncBufferIhESaIS1_EE11_M_allocateEm
FN:340,_ZNSt12_Vector_baseI24napi_property_descriptorSaIS0_EE11_M_allocateEm
FNDA:476,_ZNSt12_Vector_baseI24napi_property_descriptorSaIS0_EE11_M_allocateEm
FN:347,_ZNSt12_Vector_baseIP12napi_value__SaIS1_EE13_M_deallocateEPS1_m
FNDA:0,_ZNSt12_Vector_baseIP12napi_value__SaIS1_EE13_M_deallocateEPS1_m
FN:347,_ZNSt12_Vector_baseI11AsyncBufferIhESaIS1_EE13_M_deallocateEPS1_m
FNDA:2889760,_ZNSt12_Vector_baseI11AsyncBufferIhESaIS1_EE13_M_deallocateEPS1_m
FN:347,_ZNSt12_Vector_baseI24napi_property_descriptorSaIS0_EE13_M_deallocateEPS0_m
FNDA:476,_ZNSt12_Vector_baseI24napi_property_descriptorSaIS0_EE13_M_deallocateEPS0_m
FN:356,_ZNSt12_Vector_baseI24napi_property_descriptorSaIS0_EE17_M_create_storageEm
FNDA:476,_ZNSt12_Vector_baseI24napi_property_descriptorSaIS0_EE17_M_create_storageEm
FN:428,_ZNSt6vectorI11AsyncBufferIhESaIS1_EE19_S_nothrow_relocateESt17integral_constantIbLb1EE
FNDA:274557,_ZNSt6vectorI11AsyncBufferIhESaIS1_EE19_S_nothrow_relocateESt17integral_constantIbLb1EE
FN:441,_ZNSt6vectorI11AsyncBufferIhESaIS1_EE15_S_use_relocateEv
FNDA:274557,_ZNSt6vectorI11AsyncBufferIhESaIS1_EE15_S_use_relocateEv
FN:450,_ZNSt6vectorI11AsyncBufferIhESaIS1_EE14_S_do_relocateEPS1_S4_S4_RS2_St17integral_constantIbLb1EE
FNDA:274557,_ZNSt6vectorI11AsyncBufferIhESaIS1_EE14_S_do_relocateEPS1_S4_S4_RS2_St17integral_constantIbLb1EE
FN:462,_ZNSt6vectorI11AsyncBufferIhESaIS1_EE11_S_relocateEPS1_S4_S4_RS2_
FNDA:274557,_ZNSt6vectorI11AsyncBufferIhESaIS1_EE11_S_relocateEPS1_S4_S4_RS2_
FN:484,_ZNSt6vectorI11AsyncBufferIhESaIS1_EEC2Ev
FNDA:2615200,_ZNSt6vectorI11AsyncBufferIhESaIS1_EEC2Ev
FN:484,_ZNSt6vectorIP12napi_value__SaIS1_EEC2Ev
FNDA:0,_ZNSt6vectorIP12napi_value__SaIS1_EEC2Ev
FN:507,_ZNSt6vectorI24napi_property_descriptorSaIS0_EEC2EmRKS1_
FNDA:476,_ZNSt6vectorI24napi_property_descriptorSaIS0_EEC2EmRKS1_
FN:675,_ZNSt6vectorI24napi_property_descriptorSaIS0_EED2Ev
FNDA:476,_ZNSt6vectorI24napi_property_descriptorSaIS0_EED2Ev
FN:675,_ZNSt6vectorI11AsyncBufferIhESaIS1_EED2Ev
FNDA:2615200,_ZNSt6vectorI11AsyncBufferIhESaIS1_EED2Ev
FN:675,_ZNSt6vectorIP12napi_value__SaIS1_EED2Ev
FNDA:0,_ZNSt6vectorIP12napi_value__SaIS1_EED2Ev
FN:915,_ZNKSt6vectorI11AsyncBufferIhESaIS1_EE4sizeEv
FNDA:3778410,_ZNKSt6vectorI11AsyncBufferIhESaIS1_EE4sizeEv
FN:915,_ZNKSt6vectorIP12napi_value__SaIS1_EE4sizeEv
FNDA:0,_ZNKSt6vectorIP12napi_value__SaIS1_EE4sizeEv
FN:920,_ZNKSt6vectorI11AsyncBufferIhESaIS1_EE8max_sizeEv
FNDA:1098230,_ZNKSt6vectorI11AsyncBufferIhESaIS1_EE8max_sizeEv
FN:934,_ZNSt6vectorI11AsyncBufferIhESaIS1_EE6resizeEm
FNDA:274557,_ZNSt6vectorI11AsyncBufferIhESaIS1_EE6resizeEm
FN:1040,_ZNSt6vectorI24napi_property_descriptorSaIS0_EEixEm
FNDA:35700,_ZNSt6vectorI24napi_property_descriptorSaIS0_EEixEm
FN:1040,_ZNSt6vectorI11AsyncBufferIhESaIS1_EEixEm
FNDA:549114,_ZNSt6vectorI11AsyncBufferIhESaIS1_EEixEm
FN:1165,_ZNSt6vectorI24napi_property_descriptorSaIS0_EE4dataEv
FNDA:476,_ZNSt6vectorI24napi_property_descriptorSaIS0_EE4dataEv
FN:1169,_ZNKSt6vectorIP12napi_value__SaIS1_EE4dataEv
FNDA:0,_ZNKSt6vectorIP12napi_value__SaIS1_EE4dataEv
FN:1600,_ZNSt6vectorI24napi_property_descriptorSaIS0_EE21_M_default_initializeEm
FNDA:476,_ZNSt6vectorI24napi_property_descriptorSaIS0_EE21_M_default_initializeEm
FN:1753,_ZNKSt6vectorI11AsyncBufferIhESaIS1_EE12_M_check_lenEmPKc
FNDA:274557,_ZNKSt6vectorI11AsyncBufferIhESaIS1_EE12_M_check_lenEmPKc
FN:1764,_ZNSt6vectorI24napi_property_descriptorSaIS0_EE17_S_check_init_lenEmRKS1_
FNDA:476,_ZNSt6vectorI24napi_property_descriptorSaIS0_EE17_S_check_init_lenEmRKS1_
FN:1773,_ZNSt6vectorI11AsyncBufferIhESaIS1_EE11_S_max_sizeERKS2_
FNDA:1098230,_ZNSt6vectorI11AsyncBufferIhESaIS1_EE11_S_max_sizeERKS2_
FN:1773,_ZNSt6vectorI24napi_property_descriptorSaIS0_EE11_S_max_sizeERKS1_
FNDA:476,_ZNSt6vectorI24napi_property_descriptorSaIS0_EE11_S_max_sizeERKS1_
FN:1789,_ZNSt6vectorI11AsyncBufferIhESaIS1_EE15_M_erase_at_endEPS1_
FNDA:0,_ZNSt6vectorI11AsyncBufferIhESaIS1_EE15_M_erase_at_endEPS1_
FN:1840,_ZNKSt6vectorIP12napi_value__SaIS1_EE11_M_data_ptrIS1_EEPT_S6_
FNDA:0,_ZNKSt6vectorIP12napi_value__SaIS1_EE11_M_data_ptrIS1_EEPT_S6_
FN:1840,_ZNKSt6vectorI24napi_property_descriptorSaIS0_EE11_M_data_ptrIS0_EEPT_S5_
FNDA:476,_ZNKSt6vectorI24napi_property_descriptorSaIS0_EE11_M_data_ptrIS0_EEPT_S5_
DA:94,476
DA:95,476
DA:96,476
DA:94,2615200
DA:95,2615200
DA:96,2615200
DA:94,0
DA:95,0
DA:96,0
DA:128,2615200
DA:130,2615200
DA:131,2615200
DA:128,0
DA:130,0
DA:131,0
DA:133,476
DA:134,476
DA:135,476
DA:273,952
DA:274,952
DA:273,3164320
DA:274,3164320
DA:273,0
DA:274,0
DA:277,1098230
DA:278,1098230
DA:285,2615200
DA:285,0
DA:300,476
DA:301,476
DA:302,476
DA:330,476
DA:332,476
DA:333,476
DA:334,476
DA:330,2615200
DA:332,2615200
DA:333,2615200
DA:334,2615200
DA:330,0
DA:332,0
DA:333,0
DA:334,0
DA:340,476
DA:343,476
DA:340,274557
DA:343,274557
DA:347,476
DA:350,476
DA:351,476
DA:352,476
DA:347,2889760
DA:350,2889760
DA:351,274557
DA:352,2889760
DA:347,0
DA:350,0
DA:351,0
DA:352,0
DA:356,476
DA:358,476
DA:359,476
DA:360,476
DA:361,476
DA:428,274557
DA:433,274557
DA:441,274557
DA:446,274557
DA:450,274557
DA:453,274557
DA:462,274557
DA:466,274557
DA:484,2615200
DA:484,0
DA:507,476
DA:508,476
DA:509,476
DA:675,476
DA:677,476
DA:678,476
DA:680,476
DA:675,2615200
DA:677,2615200
DA:678,2615200
DA:680,2615200
DA:675,0
DA:677,0
DA:678,0
DA:680,0
DA:915,3778410
DA:916,3778410
DA:915,0
DA:916,0
DA:920,1098230
DA:921,1098230
DA:934,274557
DA:936,274557
DA:937,274557
DA:938,0
DA:939,0
DA:940,274557
DA:1040,35700
DA:1043,35700
DA:1040,549114
DA:1043,549114
DA:1165,476
DA:1166,476
DA:1169,0
DA:1170,0
DA:1600,476
DA:1602,476
DA:1603,476
DA:1604,476
DA:1605,476
DA:1753,274557
DA:1755,274557
DA:1756,0
DA:1758,274557
DA:1759,274557
DA:1764,476
DA:1766,476
DA:1767,0
DA:1769,476
DA:1773,1098230
DA:1778,1098230
DA:1780,1098230
DA:1781,1098230
DA:1773,476
DA:1778,476
DA:1780,476
DA:1781,476
DA:1789,0
DA:1791,0
DA:1793,0
DA:1794,0
DA:1795,0
DA:1798,0
DA:1840,476
DA:1841,476
DA:1840,0
DA:1841,0
end_of_record
SF:/usr/include/c++/9/initializer_list
FN:71,_ZNKSt16initializer_listIN4Napi23ClassPropertyDescriptorI9DisruptorEEE4sizeEv
FNDA:476,_ZNKSt16initializer_listIN4Napi23ClassPropertyDescriptorI9DisruptorEEE4sizeEv
FN:71,_ZNKSt16initializer_listIP12napi_value__E4sizeEv
FNDA:446149,_ZNKSt16initializer_listIP12napi_value__E4sizeEv
FN:75,_ZNKSt16initializer_listIN4Napi23ClassPropertyDescriptorI9DisruptorEEE5beginEv
FNDA:476,_ZNKSt16initializer_listIN4Napi23ClassPropertyDescriptorI9DisruptorEEE5beginEv
FN:75,_ZNKSt16initializer_listIP12napi_value__E5beginEv
FNDA:446149,_ZNKSt16initializer_listIP12napi_value__E5beginEv
DA:71,476
DA:71,446149
DA:75,476
DA:75,446149
end_of_record
SF:/usr/include/c++/9/bits/stl_iterator_base_funcs.h
FN:98,_ZSt10__distanceIPcENSt15iterator_traitsIT_E15difference_typeES2_S2_St26random_access_iterator_tag
FNDA:0,_ZSt10__distanceIPcENSt15iterator_traitsIT_E15difference_typeES2_S2_St26random_access_iterator_tag
FN:98,_ZSt10__distanceIPKcENSt15iterator_traitsIT_E15difference_typeES3_S3_St26random_access_iterator_tag
FNDA:0,_ZSt10__distanceIPKcENSt15iterator_traitsIT_E15difference_typeES3_S3_St26random_access_iterator_tag
FN:138,_ZSt8distanceIPcENSt15iterator_traitsIT_E15difference_typeES2_S2_
FNDA:0,_ZSt8distanceIPcENSt15iterator_traitsIT_E15difference_typeES2_S2_
FN:138,_ZSt8distanceIPKcENSt15iterator_traitsIT_E15difference_typeES3_S3_
FNDA:0,_ZSt8distanceIPKcENSt15iterator_traitsIT_E15difference_typeES3_S3_
DA:98,0
DA:104,0
DA:98,0
DA:104,0
DA:138,0
DA:141,0
DA:142,0
DA:138,0
DA:141,0
DA:142,0
end_of_record
SF:/usr/include/c++/9/bits/char_traits.h
FN:329,_ZNSt11char_traitsIcE6lengthEPKc
FNDA:0,_ZNSt11char_traitsIcE6lengthEPKc
FN:361,_ZNSt11char_traitsIcE4copyEPcPKcm
FNDA:0,_ZNSt11char_traitsIcE4copyEPcPKcm
DA:329,0
DA:335,0
DA:361,0
DA:363,0
DA:364,0
DA:365,0
end_of_record
SF:/usr/include/c++/9/bits/move.h
FN:47,_ZSt11__addressofI11AsyncBufferIhEEPT_RS2_
FNDA:275217,_ZSt11__addressofI11AsyncBufferIhEEPT_RS2_
FN:74,_ZSt7forwardI11AsyncBufferIhEEOT_RNSt16remove_referenceIS2_E4typeE
FNDA:440,_ZSt7forwardI11AsyncBufferIhEEOT_RNSt16remove_referenceIS2_E4typeE
FN:74,_ZSt7forwardIRPSt6vectorI11AsyncBufferIhESaIS2_EEEOT_RNSt16remove_referenceIS7_E4typeE
FNDA:823011,_ZSt7forwardIRPSt6vectorI11AsyncBufferIhESaIS2_EEEOT_RNSt16remove_referenceIS7_E4typeE
FN:74,_ZSt7forwardISt14default_deleteISt6vectorI11AsyncBufferIhESaIS3_EEEEOT_RNSt16remove_referenceIS7_E4typeE
FNDA:2953620,_ZSt7forwardISt14default_deleteISt6vectorI11AsyncBufferIhESaIS3_EEEEOT_RNSt16remove_referenceIS7_E4typeE
FN:99,_ZSt4moveIR11AsyncBufferIhEEONSt16remove_referenceIT_E4typeEOS4_
FNDA:274777,_ZSt4moveIR11AsyncBufferIhEEONSt16remove_referenceIT_E4typeEOS4_
FN:99,_ZSt4moveIRPSt6vectorI11AsyncBufferIhESaIS2_EEEONSt16remove_referenceIT_E4typeEOS8_
FNDA:6538010,_ZSt4moveIRPSt6vectorI11AsyncBufferIhESaIS2_EEEONSt16remove_referenceIT_E4typeEOS8_
FN:99,_ZSt4moveIRPiEONSt16remove_referenceIT_E4typeEOS3_
FNDA:3687,_ZSt4moveIRPiEONSt16remove_referenceIT_E4typeEOS3_
FN:99,_ZSt4moveIRSaIcEEONSt16remove_referenceIT_E4typeEOS3_
FNDA:0,_ZSt4moveIRSaIcEEONSt16remove_referenceIT_E4typeEOS3_
FN:99,_ZSt4moveIRNSt7__cxx1112basic_stringIcSt11char_traitsIcESaIcEEEEONSt16remove_referenceIT_E4typeEOS8_
FNDA:8,_ZSt4moveIRNSt7__cxx1112basic_stringIcSt11char_traitsIcESaIcEEEEONSt16remove_referenceIT_E4typeEOS8_
FN:99,_ZSt4moveIRN4Napi9ReferenceINS0_8FunctionEEEEONSt16remove_referenceIT_E4typeEOS6_
FNDA:3064790,_ZSt4moveIRN4Napi9ReferenceINS0_8FunctionEEEEONSt16remove_referenceIT_E4typeEOS6_
FN:99,_ZSt4moveIRN4Napi9ReferenceINS0_6ObjectEEEEONSt16remove_referenceIT_E4typeEOS6_
FNDA:6129590,_ZSt4moveIRN4Napi9ReferenceINS0_6ObjectEEEEONSt16remove_referenceIT_E4typeEOS6_
FN:182,_ZSt4swapIPSt6vectorI11AsyncBufferIhESaIS2_EEENSt9enable_ifIXsrSt6__and_IJSt6__not_ISt15__is_tuple_likeIT_EESt21is_move_constructibleISA_ESt18is_move_assignableISA_EEE5valueEvE4typeERSA_SK_
FNDA:1307600,_ZSt4swapIPSt6vectorI11AsyncBufferIhESaIS2_EEENSt9enable_ifIXsrSt6__and_IJSt6__not_ISt15__is_tuple_likeIT_EESt21is_move_constructibleISA_ESt18is_move_assignableISA_EEE5valueEvE4typeERSA_SK_
DA:47,275217
DA:48,275217
DA:74,440
DA:75,440
DA:74,823011
DA:75,823011
DA:74,2953620
DA:75,2953620
DA:99,274777
DA:100,274777
DA:99,6538010
DA:100,6538010
DA:99,3687
DA:100,3687
DA:99,0
DA:100,0
DA:99,8
DA:100,8
DA:99,3064790
DA:100,3064790
DA:99,6129590
DA:100,6129590
DA:182,1307600
DA:193,1307600
DA:194,1307600
DA:195,1307600
DA:196,1307600
end_of_record
SF:/home/david/shared-memory-disruptor/node_modules/node-addon-api/napi-inl.h
FN:27,_ZN4Napi7detailsL10AttachDataINS_10ObjectWrapI9DisruptorE20AccessorCallbackDataIMS3_FNS_5ValueERKNS_12CallbackInfoEEMS3_FvS9_RKS6_EEEEE11napi_statusP10napi_env__P12napi_value__PT_PFvSJ_PvSO_ESO_
FNDA:4760,_ZN4Napi7detailsL10AttachDataINS_10ObjectWrapI9DisruptorE20AccessorCallbackDataIMS3_FNS_5ValueERKNS_12CallbackInfoEEMS3_FvS9_RKS6_EEEEE11napi_statusP10napi_env__P12napi_value__PT_PFvSJ_PvSO_ESO_
FN:27,_ZN4Napi7detailsL10AttachDataINS_10ObjectWrapI9DisruptorE18MethodCallbackDataIMS3_FvRKNS_12CallbackInfoEEEEEE11napi_statusP10napi_env__P12napi_value__PT_PFvSE_PvSJ_ESJ_
FNDA:2380,_ZN4Napi7detailsL10AttachDataINS_10ObjectWrapI9DisruptorE18MethodCallbackDataIMS3_FvRKNS_12CallbackInfoEEEEEE11napi_statusP10napi_env__P12napi_value__PT_PFvSE_PvSJ_ESJ_
FN:27,_ZN4Napi7detailsL10AttachDataINS_10ObjectWrapI9DisruptorE18MethodCallbackDataIPFvRKNS_12CallbackInfoEEEEEE11napi_statusP10napi_env__P12napi_value__PT_PFvSE_PvSJ_ESJ_
FNDA:0,_ZN4Napi7detailsL10AttachDataINS_10ObjectWrapI9DisruptorE18MethodCallbackDataIPFvRKNS_12CallbackInfoEEEEEE11napi_statusP10napi_env__P12napi_value__PT_PFvSE_PvSJ_ESJ_
FN:27,_ZN4Napi7detailsL10AttachDataINS_10ObjectWrapI9DisruptorE18MethodCallbackDataIMS3_FNS_5ValueERKNS_12CallbackInfoEEEEEE11napi_statusP10napi_env__P12napi_value__PT_PFvSF_PvSK_ESK_
FNDA:4760,_ZN4Napi7detailsL10AttachDataINS_10ObjectWrapI9DisruptorE18MethodCallbackDataIMS3_FNS_5ValueERKNS_12CallbackInfoEEEEEE11napi_statusP10napi_env__P12napi_value__PT_PFvSF_PvSK_ESK_
FN:27,_ZN4Napi7detailsL10AttachDataINS0_12CallbackDataIPFvRKNS_12CallbackInfoEEvEEEE11napi_statusP10napi_env__P12napi_value__PT_PFvSB_PvSG_ESG_
FNDA:0,_ZN4Napi7detailsL10AttachDataINS0_12CallbackDataIPFvRKNS_12CallbackInfoEEvEEEE11napi_statusP10napi_env__P12napi_value__PT_PFvSB_PvSG_ESG_
FN:27,_ZN4Napi7detailsL10AttachDataINS_10ObjectWrapI9DisruptorE18MethodCallbackDataIPFNS_5ValueERKNS_12CallbackInfoEEEEEE11napi_statusP10napi_env__P12napi_value__PT_PFvSF_PvSK_ESK_
FNDA:0,_ZN4Napi7detailsL10AttachDataINS_10ObjectWrapI9DisruptorE18MethodCallbackDataIPFNS_5ValueERKNS_12CallbackInfoEEEEEE11napi_statusP10napi_env__P12napi_value__PT_PFvSF_PvSK_ESK_
FN:27,_ZN4Napi7detailsL10AttachDataINS_10ObjectWrapI9DisruptorE20AccessorCallbackDataIPFNS_5ValueERKNS_12CallbackInfoEEPFvS9_RKS6_EEEEE11napi_statusP10napi_env__P12napi_value__PT_PFvSJ_PvSO_ESO_
FNDA:0,_ZN4Napi7detailsL10AttachDataINS_10ObjectWrapI9DisruptorE20AccessorCallbackDataIPFNS_5ValueERKNS_12CallbackInfoEEPFvS9_RKS6_EEEEE11napi_statusP10napi_env__P12napi_value__PT_PFvSJ_PvSO_ESO_
FN:34,_ZZN4Napi7detailsL10AttachDataINS_10ObjectWrapI9DisruptorE18MethodCallbackDataIPFNS_5ValueERKNS_12CallbackInfoEEEEEE11napi_statusP10napi_env__P12napi_value__PT_PFvSF_PvSK_ESK_ENKUlSF_SK_SK_E_clESF_SK_SK_
FNDA:0,_ZZN4Napi7detailsL10AttachDataINS_10ObjectWrapI9DisruptorE18MethodCallbackDataIPFNS_5ValueERKNS_12CallbackInfoEEEEEE11napi_statusP10napi_env__P12napi_value__PT_PFvSF_PvSK_ESK_ENKUlSF_SK_SK_E_clESF_SK_SK_
FN:34,_ZZN4Napi7detailsL10AttachDataINS_10ObjectWrapI9DisruptorE20AccessorCallbackDataIMS3_FNS_5ValueERKNS_12CallbackInfoEEMS3_FvS9_RKS6_EEEEE11napi_statusP10napi_env__P12napi_value__PT_PFvSJ_PvSO_ESO_ENKUlSJ_SO_SO_E_clESJ_SO_SO_
FNDA:4750,_ZZN4Napi7detailsL10AttachDataINS_10ObjectWrapI9DisruptorE20AccessorCallbackDataIMS3_FNS_5ValueERKNS_12CallbackInfoEEMS3_FvS9_RKS6_EEEEE11napi_statusP10napi_env__P12napi_value__PT_PFvSJ_PvSO_ESO_ENKUlSJ_SO_SO_E_clESJ_SO_SO_
FN:34,_ZZN4Napi7detailsL10AttachDataINS_10ObjectWrapI9DisruptorE18MethodCallbackDataIMS3_FvRKNS_12CallbackInfoEEEEEE11napi_statusP10napi_env__P12napi_value__PT_PFvSE_PvSJ_ESJ_ENKUlSE_SJ_SJ_E_clESE_SJ_SJ_
FNDA:2375,_ZZN4Napi7detailsL10AttachDataINS_10ObjectWrapI9DisruptorE18MethodCallbackDataIMS3_FvRKNS_12CallbackInfoEEEEEE11napi_statusP10napi_env__P12napi_value__PT_PFvSE_PvSJ_ESJ_ENKUlSE_SJ_SJ_E_clESE_SJ_SJ_
FN:34,_ZZN4Napi7detailsL10AttachDataINS_10ObjectWrapI9DisruptorE18MethodCallbackDataIMS3_FNS_5ValueERKNS_12CallbackInfoEEEEEE11napi_statusP10napi_env__P12napi_value__PT_PFvSF_PvSK_ESK_ENKUlSF_SK_SK_E_clESF_SK_SK_
FNDA:4750,_ZZN4Napi7detailsL10AttachDataINS_10ObjectWrapI9DisruptorE18MethodCallbackDataIMS3_FNS_5ValueERKNS_12CallbackInfoEEEEEE11napi_statusP10napi_env__P12napi_value__PT_PFvSF_PvSK_ESK_ENKUlSF_SK_SK_E_clESF_SK_SK_
FN:34,_ZZN4Napi7detailsL10AttachDataINS0_12CallbackDataIPFvRKNS_12CallbackInfoEEvEEEE11napi_statusP10napi_env__P12napi_value__PT_PFvSB_PvSG_ESG_ENKUlSB_SG_SG_E_clESB_SG_SG_
FNDA:0,_ZZN4Napi7detailsL10AttachDataINS0_12CallbackDataIPFvRKNS_12CallbackInfoEEvEEEE11napi_statusP10napi_env__P12napi_value__PT_PFvSB_PvSG_ESG_ENKUlSB_SG_SG_E_clESB_SG_SG_
FN:34,_ZZN4Napi7detailsL10AttachDataINS_10ObjectWrapI9DisruptorE20AccessorCallbackDataIPFNS_5ValueERKNS_12CallbackInfoEEPFvS9_RKS6_EEEEE11napi_statusP10napi_env__P12napi_value__PT_PFvSJ_PvSO_ESO_ENKUlSJ_SO_SO_E_clESJ_SO_SO_
FNDA:0,_ZZN4Napi7detailsL10AttachDataINS_10ObjectWrapI9DisruptorE20AccessorCallbackDataIPFNS_5ValueERKNS_12CallbackInfoEEPFvS9_RKS6_EEEEE11napi_statusP10napi_env__P12napi_value__PT_PFvSJ_PvSO_ESO_ENKUlSJ_SO_SO_E_clESJ_SO_SO_
FN:34,_ZZN4Napi7detailsL10AttachDataINS_10ObjectWrapI9DisruptorE18MethodCallbackDataIPFvRKNS_12CallbackInfoEEEEEE11napi_statusP10napi_env__P12napi_value__PT_PFvSE_PvSJ_ESJ_ENKUlSE_SJ_SJ_E_clESE_SJ_SJ_
FNDA:0,_ZZN4Napi7detailsL10AttachDataINS_10ObjectWrapI9DisruptorE18MethodCallbackDataIPFvRKNS_12CallbackInfoEEEEEE11napi_statusP10napi_env__P12napi_value__PT_PFvSE_PvSJ_ESJ_ENKUlSE_SJ_SJ_E_clESE_SJ_SJ_
FN:70,_ZN4Napi7details12WrapCallbackIZNS_14RegisterModuleEP10napi_env__P12napi_value__PFNS_6ObjectENS_3EnvES6_EEUlvE_EES5_T_
FNDA:476,_ZN4Napi7details12WrapCallbackIZNS_14RegisterModuleEP10napi_env__P12napi_value__PFNS_6ObjectENS_3EnvES6_EEUlvE_EES5_T_
FN:70,_ZN4Napi7details12WrapCallbackIZNS_11AsyncWorker14OnWorkCompleteEP10napi_env__11napi_statusPvEUlvE_EEP12napi_value__T_
FNDA:3064790,_ZN4Napi7details12WrapCallbackIZNS_11AsyncWorker14OnWorkCompleteEP10napi_env__11napi_statusPvEUlvE_EEP12napi_value__T_
FN:70,_ZN4Napi7details12WrapCallbackIZNS_10ObjectWrapI9DisruptorE29InstanceMethodCallbackWrapperEP10napi_env__P20napi_callback_info__EUlvE_EEP12napi_value__T_
FNDA:2428530,_ZN4Napi7details12WrapCallbackIZNS_10ObjectWrapI9DisruptorE29InstanceMethodCallbackWrapperEP10napi_env__P20napi_callback_info__EUlvE_EEP12napi_value__T_
FN:70,_ZN4Napi7details12WrapCallbackIZNS_10ObjectWrapI9DisruptorE33InstanceVoidMethodCallbackWrapperEP10napi_env__P20napi_callback_info__EUlvE_EEP12napi_value__T_
FNDA:4848,_ZN4Napi7details12WrapCallbackIZNS_10ObjectWrapI9DisruptorE33InstanceVoidMethodCallbackWrapperEP10napi_env__P20napi_callback_info__EUlvE_EEP12napi_value__T_
FN:70,_ZN4Napi7details12WrapCallbackIZNS_10ObjectWrapI9DisruptorE29InstanceGetterCallbackWrapperEP10napi_env__P20napi_callback_info__EUlvE_EEP12napi_value__T_
FNDA:1736830,_ZN4Napi7details12WrapCallbackIZNS_10ObjectWrapI9DisruptorE29InstanceGetterCallbackWrapperEP10napi_env__P20napi_callback_info__EUlvE_EEP12napi_value__T_
FN:70,_ZN4Napi7details12WrapCallbackIZNS_10ObjectWrapI9DisruptorE29InstanceSetterCallbackWrapperEP10napi_env__P20napi_callback_info__EUlvE_EEP12napi_value__T_
FNDA:0,_ZN4Napi7details12WrapCallbackIZNS_10ObjectWrapI9DisruptorE29InstanceSetterCallbackWrapperEP10napi_env__P20napi_callback_info__EUlvE_EEP12napi_value__T_
FN:70,_ZN4Napi7details12WrapCallbackIZNS0_12CallbackDataIPFvRKNS_12CallbackInfoEEvE7WrapperEP10napi_env__P20napi_callback_info__EUlvE_EEP12napi_value__T_
FNDA:0,_ZN4Napi7details12WrapCallbackIZNS0_12CallbackDataIPFvRKNS_12CallbackInfoEEvE7WrapperEP10napi_env__P20napi_callback_info__EUlvE_EEP12napi_value__T_
FN:70,_ZN4Napi7details12WrapCallbackIZNS_10ObjectWrapI9DisruptorE27StaticMethodCallbackWrapperEP10napi_env__P20napi_callback_info__EUlvE_EEP12napi_value__T_
FNDA:0,_ZN4Napi7details12WrapCallbackIZNS_10ObjectWrapI9DisruptorE27StaticMethodCallbackWrapperEP10napi_env__P20napi_callback_info__EUlvE_EEP12napi_value__T_
FN:70,_ZN4Napi7details12WrapCallbackIZNS_10ObjectWrapI9DisruptorE31StaticVoidMethodCallbackWrapperEP10napi_env__P20napi_callback_info__EUlvE_EEP12napi_value__T_
FNDA:0,_ZN4Napi7details12WrapCallbackIZNS_10ObjectWrapI9DisruptorE31StaticVoidMethodCallbackWrapperEP10napi_env__P20napi_callback_info__EUlvE_EEP12napi_value__T_
FN:70,_ZN4Napi7details12WrapCallbackIZNS_10ObjectWrapI9DisruptorE26ConstructorCallbackWrapperEP10napi_env__P20napi_callback_info__EUlvE_EEP12napi_value__T_
FNDA:3687,_ZN4Napi7details12WrapCallbackIZNS_10ObjectWrapI9DisruptorE26ConstructorCallbackWrapperEP10napi_env__P20napi_callback_info__EUlvE_EEP12napi_value__T_
FN:70,_ZN4Napi7details12WrapCallbackIZNS_10ObjectWrapI9DisruptorE27StaticGetterCallbackWrapperEP10napi_env__P20napi_callback_info__EUlvE_EEP12napi_value__T_
FNDA:0,_ZN4Napi7details12WrapCallbackIZNS_10ObjectWrapI9DisruptorE27StaticGetterCallbackWrapperEP10napi_env__P20napi_callback_info__EUlvE_EEP12napi_value__T_
FN:70,_ZN4Napi7details12WrapCallbackIZNS_10ObjectWrapI9DisruptorE27StaticSetterCallbackWrapperEP10napi_env__P20napi_callback_info__EUlvE_EEP12napi_value__T_
FNDA:0,_ZN4Napi7details12WrapCallbackIZNS_10ObjectWrapI9DisruptorE27StaticSetterCallbackWrapperEP10napi_env__P20napi_callback_info__EUlvE_EEP12napi_value__T_
FN:105,_ZN4Napi7details12CallbackDataIPFvRKNS_12CallbackInfoEEvE7WrapperEP10napi_env__P20napi_callback_info__
FNDA:0,_ZN4Napi7details12CallbackDataIPFvRKNS_12CallbackInfoEEvE7WrapperEP10napi_env__P20napi_callback_info__
FN:106,_ZZN4Napi7details12CallbackDataIPFvRKNS_12CallbackInfoEEvE7WrapperEP10napi_env__P20napi_callback_info__ENKUlvE_clEv
FNDA:0,_ZZN4Napi7details12CallbackDataIPFvRKNS_12CallbackInfoEEvE7WrapperEP10napi_env__P20napi_callback_info__ENKUlvE_clEv
FN:264,_ZN4Napi14RegisterModuleEP10napi_env__P12napi_value__PFNS_6ObjectENS_3EnvES4_E
FNDA:476,_ZN4Napi14RegisterModuleEP10napi_env__P12napi_value__PFNS_6ObjectENS_3EnvES4_E
FN:267,_ZZN4Napi14RegisterModuleEP10napi_env__P12napi_value__PFNS_6ObjectENS_3EnvES4_EENKUlvE_clEv
FNDA:476,_ZZN4Napi14RegisterModuleEP10napi_env__P12napi_value__PFNS_6ObjectENS_3EnvES4_EENKUlvE_clEv
FN:277,_ZN4Napi3EnvC2EP10napi_env__
FNDA:34918800,_ZN4Napi3EnvC2EP10napi_env__
FN:280,_ZNK4Napi3EnvcvP10napi_env__Ev
FNDA:34948800,_ZNK4Napi3EnvcvP10napi_env__Ev
FN:291,_ZNK4Napi3Env9UndefinedEv
FNDA:1052420,_ZNK4Napi3Env9UndefinedEv
FN:298,_ZNK4Napi3Env4NullEv
FNDA:446149,_ZNK4Napi3Env4NullEv
FN:305,_ZNK4Napi3Env18IsExceptionPendingEv
FNDA:446149,_ZNK4Napi3Env18IsExceptionPendingEv
FN:326,_ZN4Napi5ValueC2Ev
FNDA:279564,_ZN4Napi5ValueC2Ev
FN:329,_ZN4Napi5ValueC2EP10napi_env__P12napi_value__
FNDA:30949700,_ZN4Napi5ValueC2EP10napi_env__P12napi_value__
FN:332,_ZNK4Napi5ValuecvP12napi_value__Ev
FNDA:34138900,_ZNK4Napi5ValuecvP12napi_value__Ev
FN:351,_ZNK4Napi5Value3EnvEv
FNDA:22833500,_ZNK4Napi5Value3EnvEv
FN:355,_ZNK4Napi5Value7IsEmptyEv
FNDA:446153,_ZNK4Napi5Value7IsEmptyEv
FN:359,_ZNK4Napi5Value4TypeEv
FNDA:446149,_ZNK4Napi5Value4TypeEv
FN:453,_ZNK4Napi5Value10IsFunctionEv
FNDA:446149,_ZNK4Napi5Value10IsFunctionEv
FN:495,_ZNK4Napi5Value2AsINS_6StringEEET_v
FNDA:3687,_ZNK4Napi5Value2AsINS_6StringEEET_v
FN:495,_ZNK4Napi5Value2AsINS_8FunctionEEET_v
FNDA:446149,_ZNK4Napi5Value2AsINS_8FunctionEEET_v
FN:495,_ZNK4Napi5Value2AsINS_6NumberEEET_v
FNDA:14970,_ZNK4Napi5Value2AsINS_6NumberEEET_v
FN:495,_ZNK4Napi5Value2AsINS_7BooleanEEET_v
FNDA:7374,_ZNK4Napi5Value2AsINS_7BooleanEEET_v
FN:495,_ZNK4Napi5Value2AsINS_6ObjectEEET_v
FNDA:4170210,_ZNK4Napi5Value2AsINS_6ObjectEEET_v
FN:531,_ZN4Napi7Boolean3NewEP10napi_env__b
FNDA:1381000,_ZN4Napi7Boolean3NewEP10napi_env__b
FN:541,_ZN4Napi7BooleanC2EP10napi_env__P12napi_value__
FNDA:1388380,_ZN4Napi7BooleanC2EP10napi_env__P12napi_value__
FN:544,_ZNK4Napi7BooleancvbEv
FNDA:526693,_ZNK4Napi7BooleancvbEv
FN:548,_ZNK4Napi7Boolean5ValueEv
FNDA:526693,_ZNK4Napi7Boolean5ValueEv
FN:559,_ZN4Napi6Number3NewEP10napi_env__d
FNDA:2019650,_ZN4Napi6Number3NewEP10napi_env__d
FN:569,_ZN4Napi6NumberC2EP10napi_env__P12napi_value__
FNDA:2034620,_ZN4Napi6NumberC2EP10napi_env__P12napi_value__
FN:576,_ZNK4Napi6NumbercvjEv
FNDA:14794,_ZNK4Napi6NumbercvjEv
FN:599,_ZNK4Napi6Number11Uint32ValueEv
FNDA:14794,_ZNK4Napi6Number11Uint32ValueEv
FN:606,_ZNK4Napi6Number10Int64ValueEv
FNDA:176,_ZNK4Napi6Number10Int64ValueEv
FN:728,_ZN4Napi4NameC2EP10napi_env__P12napi_value__
FNDA:3687,_ZN4Napi4NameC2EP10napi_env__P12napi_value__
FN:774,_ZN4Napi6StringC2EP10napi_env__P12napi_value__
FNDA:3687,_ZN4Napi6StringC2EP10napi_env__P12napi_value__
FN:777,_ZNK4Napi6StringcvNSt7__cxx1112basic_stringIcSt11char_traitsIcESaIcEEEEv
FNDA:0,_ZNK4Napi6StringcvNSt7__cxx1112basic_stringIcSt11char_traitsIcESaIcEEEEv
FN:785,_ZNK4Napi6String9Utf8ValueB5cxx11Ev
FNDA:3687,_ZNK4Napi6String9Utf8ValueB5cxx11Ev
FN:892,_ZN4Napi7details11vf_fallbackINS_8FunctionEE4FromEP10napi_env__RKS2_
FNDA:476,_ZN4Napi7details11vf_fallbackINS_8FunctionEE4FromEP10napi_env__RKS2_
FN:892,_ZN4Napi7details11vf_fallbackINS_5ValueEE4FromEP10napi_env__RKS2_
FNDA:274557,_ZN4Napi7details11vf_fallbackINS_5ValueEE4FromEP10napi_env__RKS2_
FN:892,_ZN4Napi7details11vf_fallbackINS_6BufferIhEEE4FromEP10napi_env__RKS3_
FNDA:420183,_ZN4Napi7details11vf_fallbackINS_6BufferIhEEE4FromEP10napi_env__RKS3_
FN:912,_ZN4Napi5Value4FromINS_6BufferIhEEEES0_P10napi_env__RKT_
FNDA:420183,_ZN4Napi5Value4FromINS_6BufferIhEEEES0_P10napi_env__RKT_
FN:912,_ZN4Napi5Value4FromIS0_EES0_P10napi_env__RKT_
FNDA:274557,_ZN4Napi5Value4FromIS0_EES0_P10napi_env__RKT_
FN:912,_ZN4Napi5Value4FromINS_8FunctionEEES0_P10napi_env__RKT_
FNDA:476,_ZN4Napi5Value4FromINS_8FunctionEEES0_P10napi_env__RKT_
FN:958,_ZN4Napi6Object14PropertyLValueIjEaSINS_5ValueEEERS2_T_
FNDA:274557,_ZN4Napi6Object14PropertyLValueIjEaSINS_5ValueEEERS2_T_
FN:964,_ZN4Napi6Object14PropertyLValueIjEC2ES0_j
FNDA:274557,_ZN4Napi6Object14PropertyLValueIjEC2ES0_j
FN:967,_ZN4Napi6Object3NewEP10napi_env__
FNDA:6129590,_ZN4Napi6Object3NewEP10napi_env__
FN:974,_ZN4Napi6ObjectC2Ev
FNDA:279564,_ZN4Napi6ObjectC2Ev
FN:977,_ZN4Napi6ObjectC2EP10napi_env__P12napi_value__
FNDA:23964700,_ZN4Napi6ObjectC2EP10napi_env__P12napi_value__
FN:988,_ZN4Napi6ObjectixEj
FNDA:274557,_ZN4Napi6ObjectixEj
FN:1068,_ZNK4Napi6Object3GetEPKc
FNDA:0,_ZNK4Napi6Object3GetEPKc
FN:1094,_ZN4Napi6Object3SetINS_8FunctionEEEvPKcRKT_
FNDA:476,_ZN4Napi6Object3SetINS_8FunctionEEEvPKcRKT_
FN:1142,_ZN4Napi6Object3SetINS_5ValueEEEvjRKT_
FNDA:274557,_ZN4Napi6Object3SetINS_5ValueEEEvjRKT_
FN:1142,_ZN4Napi6Object3SetINS_6BufferIhEEEEvjRKT_
FNDA:420183,_ZN4Napi6Object3SetINS_6BufferIhEEEEvjRKT_
FN:1296,_ZN4Napi5Array3NewEP10napi_env__
FNDA:968545,_ZN4Napi5Array3NewEP10napi_env__
FN:1313,_ZN4Napi5ArrayC2EP10napi_env__P12napi_value__
FNDA:968545,_ZN4Napi5ArrayC2EP10napi_env__P12napi_value__
FN:1316,_ZNK4Napi5Array6LengthEv
FNDA:694094,_ZNK4Napi5Array6LengthEv
FN:1598,_ZN4Napi10TypedArrayC2Ev
FNDA:279564,_ZN4Napi10TypedArrayC2Ev
FN:1602,_ZN4Napi10TypedArrayC2EP10napi_env__P12napi_value__
FNDA:1221440,_ZN4Napi10TypedArrayC2EP10napi_env__P12napi_value__
FN:1704,_ZN4Napi12TypedArrayOfIhEC2Ev
FNDA:279564,_ZN4Napi12TypedArrayOfIhEC2Ev
FN:1708,_ZN4Napi12TypedArrayOfIhEC2EP10napi_env__P12napi_value__
FNDA:1221440,_ZN4Napi12TypedArrayOfIhEC2EP10napi_env__P12napi_value__
FN:1755,_ZN4NapiL14CreateFunctionINS_10ObjectWrapI9DisruptorE18MethodCallbackDataIPFvRKNS_12CallbackInfoEEEEEE11napi_statusP10napi_env__PKcPFP12napi_value__SD_P20napi_callback_info__EPT_PSH_
FNDA:0,_ZN4NapiL14CreateFunctionINS_10ObjectWrapI9DisruptorE18MethodCallbackDataIPFvRKNS_12CallbackInfoEEEEEE11napi_statusP10napi_env__PKcPFP12napi_value__SD_P20napi_callback_info__EPT_PSH_
FN:1755,_ZN4NapiL14CreateFunctionINS_10ObjectWrapI9DisruptorE18MethodCallbackDataIPFNS_5ValueERKNS_12CallbackInfoEEEEEE11napi_statusP10napi_env__PKcPFP12napi_value__SE_P20napi_callback_info__EPT_PSI_
FNDA:0,_ZN4NapiL14CreateFunctionINS_10ObjectWrapI9DisruptorE18MethodCallbackDataIPFNS_5ValueERKNS_12CallbackInfoEEEEEE11napi_statusP10napi_env__PKcPFP12napi_value__SE_P20napi_callback_info__EPT_PSI_
FN:1755,_ZN4NapiL14CreateFunctionINS_7details12CallbackDataIPFvRKNS_12CallbackInfoEEvEEEE11napi_statusP10napi_env__PKcPFP12napi_value__SB_P20napi_callback_info__EPT_PSF_
FNDA:0,_ZN4NapiL14CreateFunctionINS_7details12CallbackDataIPFvRKNS_12CallbackInfoEEvEEEE11napi_statusP10napi_env__PKcPFP12napi_value__SB_P20napi_callback_info__EPT_PSF_
FN:1770,_ZN4Napi8Function3NewIPFvRKNS_12CallbackInfoEEEES0_P10napi_env__T_PKcPv
FNDA:0,_ZN4Napi8Function3NewIPFvRKNS_12CallbackInfoEEEES0_P10napi_env__T_PKcPv
FN:1803,_ZN4Napi8FunctionC2EP10napi_env__P12napi_value__
FNDA:3511420,_ZN4Napi8FunctionC2EP10napi_env__P12napi_value__
FN:1822,_ZNK4Napi8Function4CallEP12napi_value__RKSt16initializer_listIS2_E
FNDA:0,_ZNK4Napi8Function4CallEP12napi_value__RKSt16initializer_listIS2_E
FN:1826,_ZNK4Napi8Function4CallEP12napi_value__RKSt6vectorIS2_SaIS2_EE
FNDA:0,_ZNK4Napi8Function4CallEP12napi_value__RKSt6vectorIS2_SaIS2_EE
FN:1830,_ZNK4Napi8Function4CallEP12napi_value__mPKS2_
FNDA:0,_ZNK4Napi8Function4CallEP12napi_value__mPKS2_
FN:1838,_ZNK4Napi8Function12MakeCallbackEP12napi_value__RKSt16initializer_listIS2_EP20napi_async_context__
FNDA:446149,_ZNK4Napi8Function12MakeCallbackEP12napi_value__RKSt16initializer_listIS2_EP20napi_async_context__
FN:1852,_ZNK4Napi8Function12MakeCallbackEP12napi_value__mPKS2_P20napi_async_context__
FNDA:446149,_ZNK4Napi8Function12MakeCallbackEP12napi_value__mPKS2_P20napi_async_context__
FN:1919,_ZN4Napi6BufferIhE3NewEP10napi_env__m
FNDA:4216,_ZN4Napi6BufferIhE3NewEP10napi_env__m
FN:1928,_ZN4Napi6BufferIhE3NewEP10napi_env__Phm
FNDA:1217210,_ZN4Napi6BufferIhE3NewEP10napi_env__Phm
FN:1928,_ZN4Napi6BufferImE3NewEP10napi_env__Pmm
FNDA:12,_ZN4Napi6BufferImE3NewEP10napi_env__Pmm
FN:1993,_ZN4Napi6BufferIhEC2Ev
FNDA:279564,_ZN4Napi6BufferIhEC2Ev
FN:2002,_ZN4Napi6BufferImEC2EP10napi_env__P12napi_value__mPm
FNDA:12,_ZN4Napi6BufferImEC2EP10napi_env__P12napi_value__mPm
FN:2002,_ZN4Napi6BufferIhEC2EP10napi_env__P12napi_value__mPh
FNDA:1221420,_ZN4Napi6BufferIhEC2EP10napi_env__P12napi_value__mPh
FN:2007,_ZNK4Napi6BufferIhE6LengthEv
FNDA:519313,_ZNK4Napi6BufferIhE6LengthEv
FN:2019,_ZNK4Napi6BufferIhE10EnsureInfoEv
FNDA:519313,_ZNK4Napi6BufferIhE10EnsureInfoEv
FN:2037,_ZN4Napi5Error3NewEP10napi_env__
FNDA:0,_ZN4Napi5Error3NewEP10napi_env__
FN:2091,_ZN4Napi5Error3NewEP10napi_env__RKNSt7__cxx1112basic_stringIcSt11char_traitsIcESaIcEEE
FNDA:4,_ZN4Napi5Error3NewEP10napi_env__RKNSt7__cxx1112basic_stringIcSt11char_traitsIcESaIcEEE
FN:2095,_ZN4Napi5Error5FatalEPKcS2_
FNDA:0,_ZN4Napi5Error5FatalEPKcS2_
FN:2102,_ZN4Napi5ErrorC2EP10napi_env__P12napi_value__
FNDA:4,_ZN4Napi5ErrorC2EP10napi_env__P12napi_value__
FN:2138,_ZNK4Napi5Error7MessageB5cxx11Ev
FNDA:0,_ZNK4Napi5Error7MessageB5cxx11Ev
FN:2155,_ZNK4Napi5Error26ThrowAsJavaScriptExceptionEv
FNDA:4,_ZNK4Napi5Error26ThrowAsJavaScriptExceptionEv
FN:2177,_ZNK4Napi5Error4whatEv
FNDA:0,_ZNK4Napi5Error4whatEv
FN:2184,_ZN4Napi5Error3NewIS0_EET_P10napi_env__PKcmPF11napi_statusS4_P12napi_value__S9_PS9_E
FNDA:4,_ZN4Napi5Error3NewIS0_EET_P10napi_env__PKcmPF11napi_statusS4_P12napi_value__S9_PS9_E
FN:2232,_ZN4Napi9ReferenceINS_6ObjectEE3NewERKS1_j
FNDA:6129590,_ZN4Napi9ReferenceINS_6ObjectEE3NewERKS1_j
FN:2232,_ZN4Napi9ReferenceINS_8FunctionEE3NewERKS1_j
FNDA:3064790,_ZN4Napi9ReferenceINS_8FunctionEE3NewERKS1_j
FN:2249,_ZN4Napi9ReferenceINS_6ObjectEEC2Ev
FNDA:3687,_ZN4Napi9ReferenceINS_6ObjectEEC2Ev
FN:2253,_ZN4Napi9ReferenceINS_8FunctionEEC2EP10napi_env__P10napi_ref__
FNDA:3064790,_ZN4Napi9ReferenceINS_8FunctionEEC2EP10napi_env__P10napi_ref__
FN:2253,_ZN4Napi9ReferenceINS_6ObjectEEC2EP10napi_env__P10napi_ref__
FNDA:6133280,_ZN4Napi9ReferenceINS_6ObjectEEC2EP10napi_env__P10napi_ref__
FN:2258,_ZN4Napi9ReferenceINS_6ObjectEED2Ev
FNDA:12266000,_ZN4Napi9ReferenceINS_6ObjectEED2Ev
FN:2258,_ZN4Napi9ReferenceINS_8FunctionEED2Ev
FNDA:6129590,_ZN4Napi9ReferenceINS_8FunctionEED2Ev
FN:2269,_ZN4Napi9ReferenceINS_8FunctionEEC2EOS2_
FNDA:3064790,_ZN4Napi9ReferenceINS_8FunctionEEC2EOS2_
FN:2269,_ZN4Napi9ReferenceINS_6ObjectEEC2EOS2_
FNDA:6129590,_ZN4Napi9ReferenceINS_6ObjectEEC2EOS2_
FN:2277,_ZN4Napi9ReferenceINS_6ObjectEEaSEOS2_
FNDA:3687,_ZN4Napi9ReferenceINS_6ObjectEEaSEOS2_
FN:2319,_ZNK4Napi9ReferenceINS_6ObjectEE3EnvEv
FNDA:4,_ZNK4Napi9ReferenceINS_6ObjectEE3EnvEv
FN:2319,_ZNK4Napi9ReferenceINS_8FunctionEE3EnvEv
FNDA:0,_ZNK4Napi9ReferenceINS_8FunctionEE3EnvEv
FN:2324,_ZNK4Napi9ReferenceINS_8FunctionEE7IsEmptyEv
FNDA:0,_ZNK4Napi9ReferenceINS_8FunctionEE7IsEmptyEv
FN:2324,_ZNK4Napi9ReferenceINS_6ObjectEE7IsEmptyEv
FNDA:8,_ZNK4Napi9ReferenceINS_6ObjectEE7IsEmptyEv
FN:2329,_ZNK4Napi9ReferenceINS_8FunctionEE5ValueEv
FNDA:3064790,_ZNK4Napi9ReferenceINS_8FunctionEE5ValueEv
FN:2329,_ZNK4Napi9ReferenceINS_6ObjectEE5ValueEv
FNDA:3510950,_ZNK4Napi9ReferenceINS_6ObjectEE5ValueEv
FN:2357,_ZN4Napi9ReferenceINS_6ObjectEE5ResetEv
FNDA:3687,_ZN4Napi9ReferenceINS_6ObjectEE5ResetEv
FN:2400,_ZN4Napi10PersistentENS_6ObjectE
FNDA:6129590,_ZN4Napi10PersistentENS_6ObjectE
FN:2404,_ZN4Napi10PersistentENS_8FunctionE
FNDA:3064790,_ZN4Napi10PersistentENS_8FunctionE
FN:2415,_ZN4Napi15ObjectReferenceC2EP10napi_env__P10napi_ref__
FNDA:4,_ZN4Napi15ObjectReferenceC2EP10napi_env__P10napi_ref__
FN:2418,_ZN4Napi15ObjectReferenceC2EONS_9ReferenceINS_6ObjectEEE
FNDA:6129590,_ZN4Napi15ObjectReferenceC2EONS_9ReferenceINS_6ObjectEEE
FN:2440,_ZNK4Napi15ObjectReference3GetEPKc
FNDA:0,_ZNK4Napi15ObjectReference3GetEPKc
FN:2546,_ZN4Napi17FunctionReferenceC2EONS_9ReferenceINS_8FunctionEEE
FNDA:3064790,_ZN4Napi17FunctionReferenceC2EONS_9ReferenceINS_8FunctionEEE
FN:2588,_ZNK4Napi17FunctionReference4CallEP12napi_value__RKSt16initializer_listIS2_E
FNDA:0,_ZNK4Napi17FunctionReference4CallEP12napi_value__RKSt16initializer_listIS2_E
FN:2598,_ZNK4Napi17FunctionReference4CallEP12napi_value__RKSt6vectorIS2_SaIS2_EE
FNDA:0,_ZNK4Napi17FunctionReference4CallEP12napi_value__RKSt6vectorIS2_SaIS2_EE
FN:2618,_ZNK4Napi17FunctionReference12MakeCallbackEP12napi_value__RKSt16initializer_listIS2_EP20napi_async_context__
FNDA:446149,_ZNK4Napi17FunctionReference12MakeCallbackEP12napi_value__RKSt16initializer_listIS2_EP20napi_async_context__
FN:2669,_ZN4Napi12CallbackInfoC2EP10napi_env__P20napi_callback_info__
FNDA:4173890,_ZN4Napi12CallbackInfoC2EP10napi_env__P20napi_callback_info__
FN:2687,_ZN4Napi12CallbackInfoD2Ev
FNDA:4173890,_ZN4Napi12CallbackInfoD2Ev
FN:2704,_ZNK4Napi12CallbackInfo3EnvEv
FNDA:4613580,_ZNK4Napi12CallbackInfo3EnvEv
FN:2708,_ZNK4Napi12CallbackInfo6LengthEv
FNDA:967088,_ZNK4Napi12CallbackInfo6LengthEv
FN:2712,_ZNK4Napi12CallbackInfoixEm
FNDA:472180,_ZNK4Napi12CallbackInfoixEm
FN:2716,_ZNK4Napi12CallbackInfo4ThisEv
FNDA:4177580,_ZNK4Napi12CallbackInfo4ThisEv
FN:2723,_ZNK4Napi12CallbackInfo4DataEv
FNDA:4170210,_ZNK4Napi12CallbackInfo4DataEv
FN:2727,_ZN4Napi12CallbackInfo7SetDataEPv
FNDA:4170210,_ZN4Napi12CallbackInfo7SetDataEPv
FN:2966,_ZN4Napi10ObjectWrapI9DisruptorEC2ERKNS_12CallbackInfoE
FNDA:3687,_ZN4Napi10ObjectWrapI9DisruptorEC2ERKNS_12CallbackInfoE
FN:2980,_ZN4Napi10ObjectWrapI9DisruptorED0Ev
FNDA:0,_ZN4Napi10ObjectWrapI9DisruptorED0Ev
FN:2980,_ZN4Napi10ObjectWrapI9DisruptorED2Ev
FNDA:3187,_ZN4Napi10ObjectWrapI9DisruptorED2Ev
FN:2983,_ZN4Napi10ObjectWrapI9DisruptorE6UnwrapENS_6ObjectE
FNDA:4170210,_ZN4Napi10ObjectWrapI9DisruptorE6UnwrapENS_6ObjectE
FN:2992,_ZN4Napi10ObjectWrapI9DisruptorE11DefineClassENS_3EnvEPKcmPK24napi_property_descriptorPv
FNDA:476,_ZN4Napi10ObjectWrapI9DisruptorE11DefineClassENS_3EnvEPKcmPK24napi_property_descriptorPv
FN:3080,_ZN4Napi10ObjectWrapI9DisruptorE11DefineClassENS_3EnvEPKcRKSt16initializer_listINS_23ClassPropertyDescriptorIS1_EEEPv
FNDA:476,_ZN4Napi10ObjectWrapI9DisruptorE11DefineClassENS_3EnvEPKcRKSt16initializer_listINS_23ClassPropertyDescriptorIS1_EEEPv
FN:3208,_ZN4Napi10ObjectWrapI9DisruptorE14InstanceMethodEPKcMS1_FvRKNS_12CallbackInfoEE24napi_property_attributesPv
FNDA:2380,_ZN4Napi10ObjectWrapI9DisruptorE14InstanceMethodEPKcMS1_FvRKNS_12CallbackInfoEE24napi_property_attributesPv
FN:3225,_ZN4Napi10ObjectWrapI9DisruptorE14InstanceMethodEPKcMS1_FNS_5ValueERKNS_12CallbackInfoEE24napi_property_attributesPv
FNDA:4760,_ZN4Napi10ObjectWrapI9DisruptorE14InstanceMethodEPKcMS1_FNS_5ValueERKNS_12CallbackInfoEE24napi_property_attributesPv
FN:3274,_ZN4Napi10ObjectWrapI9DisruptorE16InstanceAccessorEPKcMS1_FNS_5ValueERKNS_12CallbackInfoEEMS1_FvS8_RKS5_E24napi_property_attributesPv
FNDA:4760,_ZN4Napi10ObjectWrapI9DisruptorE16InstanceAccessorEPKcMS1_FNS_5ValueERKNS_12CallbackInfoEEMS1_FvS8_RKS5_E24napi_property_attributesPv
FN:3356,_ZN4Napi10ObjectWrapI9DisruptorE8FinalizeENS_3EnvE
FNDA:3183,_ZN4Napi10ObjectWrapI9DisruptorE8FinalizeENS_3EnvE
FN:3359,_ZN4Napi10ObjectWrapI9DisruptorE26ConstructorCallbackWrapperEP10napi_env__P20napi_callback_info__
FNDA:3687,_ZN4Napi10ObjectWrapI9DisruptorE26ConstructorCallbackWrapperEP10napi_env__P20napi_callback_info__
FN:3373,_ZZN4Napi10ObjectWrapI9DisruptorE26ConstructorCallbackWrapperEP10napi_env__P20napi_callback_info__ENKUlvE_clEv
FNDA:3687,_ZZN4Napi10ObjectWrapI9DisruptorE26ConstructorCallbackWrapperEP10napi_env__P20napi_callback_info__ENKUlvE_clEv
FN:3383,_ZN4Napi10ObjectWrapI9DisruptorE31StaticVoidMethodCallbackWrapperEP10napi_env__P20napi_callback_info__
FNDA:0,_ZN4Napi10ObjectWrapI9DisruptorE31StaticVoidMethodCallbackWrapperEP10napi_env__P20napi_callback_info__
FN:3386,_ZZN4Napi10ObjectWrapI9DisruptorE31StaticVoidMethodCallbackWrapperEP10napi_env__P20napi_callback_info__ENKUlvE_clEv
FNDA:0,_ZZN4Napi10ObjectWrapI9DisruptorE31StaticVoidMethodCallbackWrapperEP10napi_env__P20napi_callback_info__ENKUlvE_clEv
FN:3397,_ZN4Napi10ObjectWrapI9DisruptorE27StaticMethodCallbackWrapperEP10napi_env__P20napi_callback_info__
FNDA:0,_ZN4Napi10ObjectWrapI9DisruptorE27StaticMethodCallbackWrapperEP10napi_env__P20napi_callback_info__
FN:3400,_ZZN4Napi10ObjectWrapI9DisruptorE27StaticMethodCallbackWrapperEP10napi_env__P20napi_callback_info__ENKUlvE_clEv
FNDA:0,_ZZN4Napi10ObjectWrapI9DisruptorE27StaticMethodCallbackWrapperEP10napi_env__P20napi_callback_info__ENKUlvE_clEv
FN:3410,_ZN4Napi10ObjectWrapI9DisruptorE27StaticGetterCallbackWrapperEP10napi_env__P20napi_callback_info__
FNDA:0,_ZN4Napi10ObjectWrapI9DisruptorE27StaticGetterCallbackWrapperEP10napi_env__P20napi_callback_info__
FN:3413,_ZZN4Napi10ObjectWrapI9DisruptorE27StaticGetterCallbackWrapperEP10napi_env__P20napi_callback_info__ENKUlvE_clEv
FNDA:0,_ZZN4Napi10ObjectWrapI9DisruptorE27StaticGetterCallbackWrapperEP10napi_env__P20napi_callback_info__ENKUlvE_clEv
FN:3423,_ZN4Napi10ObjectWrapI9DisruptorE27StaticSetterCallbackWrapperEP10napi_env__P20napi_callback_info__
FNDA:0,_ZN4Napi10ObjectWrapI9DisruptorE27StaticSetterCallbackWrapperEP10napi_env__P20napi_callback_info__
FN:3426,_ZZN4Napi10ObjectWrapI9DisruptorE27StaticSetterCallbackWrapperEP10napi_env__P20napi_callback_info__ENKUlvE_clEv
FNDA:0,_ZZN4Napi10ObjectWrapI9DisruptorE27StaticSetterCallbackWrapperEP10napi_env__P20napi_callback_info__ENKUlvE_clEv
FN:3437,_ZN4Napi10ObjectWrapI9DisruptorE33InstanceVoidMethodCallbackWrapperEP10napi_env__P20napi_callback_info__
FNDA:4848,_ZN4Napi10ObjectWrapI9DisruptorE33InstanceVoidMethodCallbackWrapperEP10napi_env__P20napi_callback_info__
FN:3440,_ZZN4Napi10ObjectWrapI9DisruptorE33InstanceVoidMethodCallbackWrapperEP10napi_env__P20napi_callback_info__ENKUlvE_clEv
FNDA:4848,_ZZN4Napi10ObjectWrapI9DisruptorE33InstanceVoidMethodCallbackWrapperEP10napi_env__P20napi_callback_info__ENKUlvE_clEv
FN:3453,_ZN4Napi10ObjectWrapI9DisruptorE29InstanceMethodCallbackWrapperEP10napi_env__P20napi_callback_info__
FNDA:2428530,_ZN4Napi10ObjectWrapI9DisruptorE29InstanceMethodCallbackWrapperEP10napi_env__P20napi_callback_info__
FN:3456,_ZZN4Napi10ObjectWrapI9DisruptorE29InstanceMethodCallbackWrapperEP10napi_env__P20napi_callback_info__ENKUlvE_clEv
FNDA:2428530,_ZZN4Napi10ObjectWrapI9DisruptorE29InstanceMethodCallbackWrapperEP10napi_env__P20napi_callback_info__ENKUlvE_clEv
FN:3468,_ZN4Napi10ObjectWrapI9DisruptorE29InstanceGetterCallbackWrapperEP10napi_env__P20napi_callback_info__
FNDA:1736830,_ZN4Napi10ObjectWrapI9DisruptorE29InstanceGetterCallbackWrapperEP10napi_env__P20napi_callback_info__
FN:3471,_ZZN4Napi10ObjectWrapI9DisruptorE29InstanceGetterCallbackWrapperEP10napi_env__P20napi_callback_info__ENKUlvE_clEv
FNDA:1736830,_ZZN4Napi10ObjectWrapI9DisruptorE29InstanceGetterCallbackWrapperEP10napi_env__P20napi_callback_info__ENKUlvE_clEv
FN:3483,_ZN4Napi10ObjectWrapI9DisruptorE29InstanceSetterCallbackWrapperEP10napi_env__P20napi_callback_info__
FNDA:0,_ZN4Napi10ObjectWrapI9DisruptorE29InstanceSetterCallbackWrapperEP10napi_env__P20napi_callback_info__
FN:3486,_ZZN4Napi10ObjectWrapI9DisruptorE29InstanceSetterCallbackWrapperEP10napi_env__P20napi_callback_info__ENKUlvE_clEv
FNDA:0,_ZZN4Napi10ObjectWrapI9DisruptorE29InstanceSetterCallbackWrapperEP10napi_env__P20napi_callback_info__ENKUlvE_clEv
FN:3499,_ZN4Napi10ObjectWrapI9DisruptorE16FinalizeCallbackEP10napi_env__PvS5_
FNDA:3183,_ZN4Napi10ObjectWrapI9DisruptorE16FinalizeCallbackEP10napi_env__PvS5_
FN:3513,_ZN4Napi11HandleScopeC2ENS_3EnvE
FNDA:3064800,_ZN4Napi11HandleScopeC2ENS_3EnvE
FN:3518,_ZN4Napi11HandleScopeD2Ev
FNDA:3064800,_ZN4Napi11HandleScopeD2Ev
FN:3541,_ZN4Napi20EscapableHandleScopeC2ENS_3EnvE
FNDA:446149,_ZN4Napi20EscapableHandleScopeC2ENS_3EnvE
FN:3546,_ZN4Napi20EscapableHandleScopeD2Ev
FNDA:446149,_ZN4Napi20EscapableHandleScopeD2Ev
FN:3557,_ZNK4Napi20EscapableHandleScope3EnvEv
FNDA:446149,_ZNK4Napi20EscapableHandleScope3EnvEv
FN:3561,_ZN4Napi20EscapableHandleScope6EscapeEP12napi_value__
FNDA:446149,_ZN4Napi20EscapableHandleScope6EscapeEP12napi_value__
FN:3585,_ZN4Napi13CallbackScopeD2Ev
FNDA:0,_ZN4Napi13CallbackScopeD2Ev
FN:3585,_ZN4Napi13CallbackScopeD0Ev
FNDA:0,_ZN4Napi13CallbackScopeD0Ev
FN:3623,_ZN4Napi12AsyncContextD2Ev
FNDA:0,_ZN4Napi12AsyncContextD2Ev
FN:3623,_ZN4Napi12AsyncContextD0Ev
FNDA:0,_ZN4Napi12AsyncContextD0Ev
FN:3657,_ZN4Napi11AsyncWorkerC2ERKNS_8FunctionE
FNDA:3064790,_ZN4Napi11AsyncWorkerC2ERKNS_8FunctionE
FN:3661,_ZN4Napi11AsyncWorkerC2ERKNS_8FunctionEPKc
FNDA:3064790,_ZN4Napi11AsyncWorkerC2ERKNS_8FunctionEPKc
FN:3666,_ZN4Napi11AsyncWorkerC2ERKNS_8FunctionEPKcRKNS_6ObjectE
FNDA:3064790,_ZN4Napi11AsyncWorkerC2ERKNS_8FunctionEPKcRKNS_6ObjectE
FN:3689,_ZN4Napi11AsyncWorkerC2ERKNS_6ObjectERKNS_8FunctionEPKcS3_
FNDA:3064790,_ZN4Napi11AsyncWorkerC2ERKNS_6ObjectERKNS_8FunctionEPKcS3_
FN:3733,_ZN4Napi11AsyncWorkerD0Ev
FNDA:0,_ZN4Napi11AsyncWorkerD0Ev
FN:3733,_ZN4Napi11AsyncWorkerD2Ev
FNDA:3064790,_ZN4Napi11AsyncWorkerD2Ev
FN:3740,_ZN4Napi11AsyncWorker7DestroyEv
FNDA:3064790,_ZN4Napi11AsyncWorker7DestroyEv
FN:3771,_ZNK4Napi11AsyncWorker3EnvEv
FNDA:3510940,_ZNK4Napi11AsyncWorker3EnvEv
FN:3775,_ZN4Napi11AsyncWorker5QueueEv
FNDA:3064790,_ZN4Napi11AsyncWorker5QueueEv
FN:3785,_ZN4Napi11AsyncWorker8ReceiverEv
FNDA:446149,_ZN4Napi11AsyncWorker8ReceiverEv
FN:3789,_ZN4Napi11AsyncWorker8CallbackEv
FNDA:3064790,_ZN4Napi11AsyncWorker8CallbackEv
FN:3797,_ZN4Napi11AsyncWorker4OnOKEv
FNDA:0,_ZN4Napi11AsyncWorker4OnOKEv
FN:3803,_ZN4Napi11AsyncWorker7OnErrorERKNS_5ErrorE
FNDA:0,_ZN4Napi11AsyncWorker7OnErrorERKNS_5ErrorE
FN:3809,_ZN4Napi11AsyncWorker8SetErrorERKNSt7__cxx1112basic_stringIcSt11char_traitsIcESaIcEEE
FNDA:0,_ZN4Napi11AsyncWorker8SetErrorERKNSt7__cxx1112basic_stringIcSt11char_traitsIcESaIcEEE
FN:3813,_ZN4Napi11AsyncWorker9GetResultENS_3EnvE
FNDA:0,_ZN4Napi11AsyncWorker9GetResultENS_3EnvE
FN:3820,_ZN4Napi11AsyncWorker9OnExecuteEP10napi_env__Pv
FNDA:3064790,_ZN4Napi11AsyncWorker9OnExecuteEP10napi_env__Pv
FN:3833,_ZN4Napi11AsyncWorker14OnWorkCompleteEP10napi_env__11napi_statusPv
FNDA:3064790,_ZN4Napi11AsyncWorker14OnWorkCompleteEP10napi_env__11napi_statusPv
FN:3838,_ZZN4Napi11AsyncWorker14OnWorkCompleteEP10napi_env__11napi_statusPvENKUlvE_clEv
FNDA:3064790,_ZZN4Napi11AsyncWorker14OnWorkCompleteEP10napi_env__11napi_statusPvENKUlvE_clEv
DA:27,0
DA:33,0
DA:34,0
DA:62,0
DA:64,0
DA:27,0
DA:33,0
DA:34,0
DA:62,0
DA:64,0
DA:27,4760
DA:33,4760
DA:34,4760
DA:62,4760
DA:64,4760
DA:27,2380
DA:33,2380
DA:34,2380
DA:62,2380
DA:64,2380
DA:27,4760
DA:33,4760
DA:34,4760
DA:62,4760
DA:64,4760
DA:27,0
DA:33,0
DA:34,0
DA:62,0
DA:64,0
DA:27,0
DA:33,0
DA:34,0
DA:62,0
DA:64,0
DA:34,0
DA:34,0
DA:34,9500
DA:34,4750
DA:34,9500
DA:34,0
DA:34,0
DA:35,11875
DA:70,0
DA:73,0
DA:74,0
DA:75,0
DA:76,0
DA:70,0
DA:73,0
DA:74,0
DA:75,0
DA:76,0
DA:70,3687
DA:73,3687
DA:74,4
DA:75,4
DA:76,4
DA:70,0
DA:73,0
DA:74,0
DA:75,0
DA:76,0
DA:70,0
DA:73,0
DA:74,0
DA:75,0
DA:76,0
DA:70,0
DA:73,0
DA:74,0
DA:75,0
DA:76,0
DA:70,1736830
DA:73,1736830
DA:74,0
DA:75,0
DA:76,0
DA:70,4848
DA:73,4848
DA:74,0
DA:75,0
DA:76,0
DA:70,2428530
DA:73,2428530
DA:74,0
DA:75,0
DA:76,0
DA:70,0
DA:73,0
DA:74,0
DA:75,0
DA:76,0
DA:70,3064790
DA:73,3064790
DA:74,0
DA:75,0
DA:76,0
DA:70,476
DA:73,476
DA:74,0
DA:75,0
DA:76,0
DA:105,0
DA:106,0
DA:107,0
DA:109,0
DA:110,0
DA:111,0
DA:112,0
DA:113,0
DA:264,476
DA:267,476
DA:268,952
DA:269,1428
DA:270,476
DA:277,34918800
DA:278,34918800
DA:280,34948800
DA:281,34948800
DA:291,1052420
DA:293,1052420
DA:294,1052420
DA:295,1052420
DA:298,446149
DA:300,446149
DA:301,446149
DA:302,446149
DA:305,446149
DA:307,446149
DA:308,446149
DA:309,446149
DA:326,279564
DA:327,279564
DA:329,30949700
DA:330,30949700
DA:332,34138900
DA:333,34138900
DA:351,22833500
DA:352,22833500
DA:355,446153
DA:356,446153
DA:359,446149
DA:360,446149
DA:361,0
DA:365,446149
DA:366,446149
DA:367,446149
DA:453,446149
DA:454,446149
DA:495,7374
DA:496,7374
DA:495,14970
DA:496,14970
DA:495,446149
DA:496,446149
DA:495,3687
DA:496,3687
DA:495,4170210
DA:496,4170210
DA:531,1381000
DA:533,1381000
DA:534,1381000
DA:535,1381000
DA:541,1388380
DA:542,1388380
DA:544,526693
DA:545,526693
DA:548,526693
DA:550,526693
DA:551,526693
DA:552,526693
DA:559,2019650
DA:561,2019650
DA:562,2019650
DA:563,2019650
DA:569,2034620
DA:570,2034620
DA:576,14794
DA:577,14794
DA:599,14794
DA:601,14794
DA:602,14794
DA:603,14794
DA:606,176
DA:608,176
DA:609,176
DA:610,176
DA:728,3687
DA:729,3687
DA:774,3687
DA:775,3687
DA:777,0
DA:778,0
DA:785,3687
DA:787,3687
DA:788,3687
DA:790,3687
DA:791,3687
DA:792,3687
DA:793,3687
DA:794,3687
DA:795,7374
DA:892,420183
DA:893,420183
DA:892,476
DA:893,476
DA:892,274557
DA:893,274557
DA:912,420183
DA:922,420183
DA:912,476
DA:922,476
DA:912,274557
DA:922,274557
DA:958,274557
DA:959,274557
DA:960,274557
DA:964,274557
DA:965,274557
DA:967,6129590
DA:969,6129590
DA:970,6129590
DA:971,6129590
DA:974,279564
DA:975,279564
DA:977,23964700
DA:978,23964700
DA:988,274557
DA:989,274557
DA:1068,0
DA:1070,0
DA:1071,0
DA:1072,0
DA:1094,476
DA:1096,476
DA:1097,476
DA:1098,476
DA:1142,420183
DA:1144,420183
DA:1145,420183
DA:1146,420183
DA:1142,274557
DA:1144,274557
DA:1145,274557
DA:1146,274557
DA:1296,968545
DA:1298,968545
DA:1299,968545
DA:1300,968545
DA:1313,968545
DA:1314,968545
DA:1316,694094
DA:1318,694094
DA:1319,694094
DA:1320,694094
DA:1598,279564
DA:1599,279564
DA:1600,279564
DA:1602,1221440
DA:1603,1221440
DA:1604,1221440
DA:1704,279564
DA:1705,279564
DA:1708,1221440
DA:1709,1221440
DA:1710,2442870
DA:1711,1221440
DA:1712,1221440
DA:1713,1221440
DA:1755,0
DA:1761,0
DA:1762,0
DA:1763,0
DA:1766,0
DA:1755,0
DA:1761,0
DA:1762,0
DA:1763,0
DA:1766,0
DA:1755,0
DA:1761,0
DA:1762,0
DA:1763,0
DA:1766,0
DA:1770,0
DA:1776,0
DA:1779,0
DA:1784,0
DA:1785,0
DA:1786,0
DA:1789,0
DA:1803,3511420
DA:1804,3511420
DA:1822,0
DA:1823,0
DA:1826,0
DA:1827,0
DA:1830,0
DA:1832,0
DA:1833,0
DA:1834,0
DA:1835,0
DA:1838,446149
DA:1842,446149
DA:1852,446149
DA:1858,892298
DA:1859,446149
DA:1860,446149
DA:1861,446149
DA:1919,4216
DA:1922,4216
DA:1923,4216
DA:1924,8432
DA:1928,1217210
DA:1930,1217210
DA:1932,1217210
DA:1933,2434410
DA:1928,12
DA:1930,12
DA:1932,12
DA:1933,24
DA:1993,279564
DA:1994,279564
DA:2002,1221420
DA:2003,1221420
DA:2004,1221420
DA:2002,12
DA:2003,12
DA:2004,12
DA:2007,519313
DA:2008,519313
DA:2009,519313
DA:2019,519313
DA:2023,519313
DA:2026,4200
DA:2027,4200
DA:2028,4200
DA:2029,4200
DA:2031,519313
DA:2037,0
DA:2039,0
DA:2042,0
DA:2043,0
DA:2045,0
DA:2046,0
DA:2047,0
DA:2050,0
DA:2051,0
DA:2054,0
DA:2055,0
DA:2057,0
DA:2058,0
DA:2059,0
DA:2063,0
DA:2068,0
DA:2070,0
DA:2071,0
DA:2075,0
DA:2076,0
DA:2077,0
DA:2078,0
DA:2079,0
DA:2081,0
DA:2084,0
DA:2091,4
DA:2092,4
DA:2095,0
DA:2096,0
DA:2102,4
DA:2103,4
DA:2104,4
DA:2108,4
DA:2110,4
DA:2138,0
DA:2139,0
DA:2142,0
DA:2144,0
DA:2152,0
DA:2155,4
DA:2156,8
DA:2157,4
DA:2163,4
DA:2166,4
DA:2167,0
DA:2173,4
DA:2177,0
DA:2178,0
DA:2184,4
DA:2189,4
DA:2190,4
DA:2193,4
DA:2194,4
DA:2196,8
DA:2232,3064790
DA:2233,3064790
DA:2234,3064790
DA:2236,3064790
DA:2237,0
DA:2241,3064790
DA:2242,3064790
DA:2244,3064790
DA:2232,6129590
DA:2233,6129590
DA:2234,6129590
DA:2236,6129590
DA:2237,0
DA:2241,6129590
DA:2242,6129590
DA:2244,6129590
DA:2249,3687
DA:2250,3687
DA:2253,3064790
DA:2254,3064790
DA:2255,3064790
DA:2253,6133280
DA:2254,6133280
DA:2255,6133280
DA:2258,6129590
DA:2259,6129590
DA:2260,3064790
DA:2261,3064790
DA:2264,3064790
DA:2266,6129590
DA:2258,12266000
DA:2259,12266000
DA:2260,6132780
DA:2261,6132780
DA:2264,6132780
DA:2266,12266000
DA:2269,3064790
DA:2270,3064790
DA:2271,3064790
DA:2272,3064790
DA:2273,3064790
DA:2274,3064790
DA:2269,6129590
DA:2270,6129590
DA:2271,6129590
DA:2272,6129590
DA:2273,6129590
DA:2274,6129590
DA:2277,3687
DA:2278,3687
DA:2279,3687
DA:2280,3687
DA:2281,3687
DA:2282,3687
DA:2283,3687
DA:2284,3687
DA:2285,3687
DA:2319,0
DA:2320,0
DA:2319,4
DA:2320,4
DA:2324,0
DA:2325,0
DA:2324,8
DA:2325,8
DA:2329,3064790
DA:2330,3064790
DA:2331,0
DA:2335,3064790
DA:2336,3064790
DA:2337,3064790
DA:2329,3510950
DA:2330,3510950
DA:2331,0
DA:2335,3510950
DA:2336,3510950
DA:2337,3510950
DA:2357,3687
DA:2358,3687
DA:2359,0
DA:2360,0
DA:2361,0
DA:2363,3687
DA:2400,6129590
DA:2401,12259200
DA:2404,3064790
DA:2405,6129590
DA:2415,4
DA:2416,4
DA:2418,6129590
DA:2419,6129590
DA:2420,6129590
DA:2440,0
DA:2441,0
DA:2442,0
DA:2546,3064790
DA:2547,3064790
DA:2548,3064790
DA:2588,0
DA:2590,0
DA:2591,0
DA:2592,0
DA:2593,0
DA:2595,0
DA:2598,0
DA:2600,0
DA:2601,0
DA:2602,0
DA:2603,0
DA:2605,0
DA:2618,446149
DA:2622,892298
DA:2623,446149
DA:2624,446149
DA:2625,0
DA:2627,446149
DA:2669,4173890
DA:2670,4173890
DA:2671,4173890
DA:2672,4173890
DA:2673,4173890
DA:2674,4173890
DA:2676,4173890
DA:2679,3687
DA:2680,3687
DA:2682,3687
DA:2683,3687
DA:2685,4173890
DA:2687,8347790
DA:2688,4173890
DA:2689,3687
DA:2691,4173890
DA:2704,4613580
DA:2705,4613580
DA:2708,967088
DA:2709,967088
DA:2712,472180
DA:2713,944360
DA:2716,4177580
DA:2717,4177580
DA:2718,0
DA:2720,4177580
DA:2723,4170210
DA:2724,4170210
DA:2727,4170210
DA:2728,4170210
DA:2729,4170210
DA:2966,3687
DA:2967,3687
DA:2968,3687
DA:2971,3687
DA:2972,3687
DA:2973,3687
DA:2975,3687
DA:2976,3687
DA:2977,3687
[...]
DA:3585,0
DA:3590,0
DA:3585,0
DA:3586,0
DA:3587,0
DA:3590,0
DA:3623,0
DA:3628,0
DA:3623,0
DA:3624,0
DA:3625,0
DA:3626,0
DA:3628,0
DA:3657,3064790
DA:3658,3064790
DA:3659,3064790
DA:3661,3064790
DA:3662,3064790
DA:3663,3064790
DA:3664,3064790
DA:3666,3064790
DA:3668,3064790
DA:3669,3064790
DA:3672,3064790
DA:3673,3064790
DA:3689,3064790
DA:3692,3064790
DA:3693,0
DA:3696,3064790
DA:3698,3064790
DA:3700,3064790
DA:3702,3064790
DA:3704,3064790
DA:3705,3064790
DA:3733,0
DA:3738,0
DA:3733,3064790
DA:3734,3064790
DA:3735,3064790
DA:3736,3064790
DA:3738,3064790
DA:3740,3064790
DA:3741,3064790
DA:3742,3064790
DA:3771,3510940
DA:3772,3510940
DA:3775,3064790
DA:3776,3064790
DA:3777,3064790
DA:3778,3064790
DA:3785,446149
DA:3786,446149
DA:3789,3064790
DA:3790,3064790
DA:3797,0
DA:3798,0
DA:3799,0
DA:3801,0
DA:3803,0
DA:3804,0
DA:3805,0
DA:3807,0
DA:3809,0
DA:3810,0
DA:3811,0
DA:3813,0
DA:3814,0
DA:3820,3064790
DA:3821,3064790
DA:3824,3064790
DA:3825,0
DA:3826,0
DA:3831,3064790
DA:3833,3064790
DA:3835,3064790
DA:3836,3064790
DA:3837,6129590
DA:3838,3064790
DA:3839,3064790
DA:3840,3064790
DA:3843,0
DA:3845,3064790
DA:3848,3064790
DA:3849,3064790
DA:3851,3064790
end_of_record
SF:/usr/include/c++/9/ext/new_allocator.h
FN:80,_ZN9__gnu_cxx13new_allocatorI11AsyncBufferIhEEC2Ev
FNDA:2615200,_ZN9__gnu_cxx13new_allocatorI11AsyncBufferIhEEC2Ev
FN:80,_ZN9__gnu_cxx13new_allocatorIcEC2Ev
FNDA:0,_ZN9__gnu_cxx13new_allocatorIcEC2Ev
FN:80,_ZN9__gnu_cxx13new_allocatorIP12napi_value__EC2Ev
FNDA:0,_ZN9__gnu_cxx13new_allocatorIP12napi_value__EC2Ev
FN:80,_ZN9__gnu_cxx13new_allocatorI24napi_property_descriptorEC2Ev
FNDA:476,_ZN9__gnu_cxx13new_allocatorI24napi_property_descriptorEC2Ev
FN:83,_ZN9__gnu_cxx13new_allocatorI24napi_property_descriptorEC2ERKS2_
FNDA:952,_ZN9__gnu_cxx13new_allocatorI24napi_property_descriptorEC2ERKS2_
FN:89,_ZN9__gnu_cxx13new_allocatorI11AsyncBufferIhEED2Ev
FNDA:2615200,_ZN9__gnu_cxx13new_allocatorI11AsyncBufferIhEED2Ev
FN:89,_ZN9__gnu_cxx13new_allocatorI24napi_property_descriptorED2Ev
FNDA:1428,_ZN9__gnu_cxx13new_allocatorI24napi_property_descriptorED2Ev
FN:89,_ZN9__gnu_cxx13new_allocatorIP12napi_value__ED2Ev
FNDA:0,_ZN9__gnu_cxx13new_allocatorIP12napi_value__ED2Ev
FN:89,_ZN9__gnu_cxx13new_allocatorIcED2Ev
FNDA:0,_ZN9__gnu_cxx13new_allocatorIcED2Ev
FN:102,_ZN9__gnu_cxx13new_allocatorI11AsyncBufferIhEE8allocateEmPKv
FNDA:274557,_ZN9__gnu_cxx13new_allocatorI11AsyncBufferIhEE8allocateEmPKv
FN:102,_ZN9__gnu_cxx13new_allocatorI24napi_property_descriptorE8allocateEmPKv
FNDA:476,_ZN9__gnu_cxx13new_allocatorI24napi_property_descriptorE8allocateEmPKv
FN:119,_ZN9__gnu_cxx13new_allocatorI24napi_property_descriptorE10deallocateEPS1_m
FNDA:476,_ZN9__gnu_cxx13new_allocatorI24napi_property_descriptorE10deallocateEPS1_m
FN:119,_ZN9__gnu_cxx13new_allocatorI11AsyncBufferIhEE10deallocateEPS2_m
FNDA:274557,_ZN9__gnu_cxx13new_allocatorI11AsyncBufferIhEE10deallocateEPS2_m
FN:119,_ZN9__gnu_cxx13new_allocatorIP12napi_value__E10deallocateEPS2_m
FNDA:0,_ZN9__gnu_cxx13new_allocatorIP12napi_value__E10deallocateEPS2_m
FN:132,_ZNK9__gnu_cxx13new_allocatorI24napi_property_descriptorE8max_sizeEv
FNDA:952,_ZNK9__gnu_cxx13new_allocatorI24napi_property_descriptorE8max_sizeEv
FN:132,_ZNK9__gnu_cxx13new_allocatorI11AsyncBufferIhEE8max_sizeEv
FNDA:1372780,_ZNK9__gnu_cxx13new_allocatorI11AsyncBufferIhEE8max_sizeEv
FN:144,_ZN9__gnu_cxx13new_allocatorI11AsyncBufferIhEE9constructIS2_JS2_EEEvPT_DpOT0_
FNDA:220,_ZN9__gnu_cxx13new_allocatorI11AsyncBufferIhEE9constructIS2_JS2_EEEvPT_DpOT0_
FN:151,_ZN9__gnu_cxx13new_allocatorI11AsyncBufferIhEE7destroyIS2_EEvPT_
FNDA:220,_ZN9__gnu_cxx13new_allocatorI11AsyncBufferIhEE7destroyIS2_EEvPT_
DA:80,2615200
DA:80,476
DA:80,0
DA:80,0
DA:83,952
DA:89,2615200
DA:89,1428
DA:89,0
DA:89,0
DA:102,476
DA:104,476
DA:105,0
DA:114,476
DA:102,274557
DA:104,274557
DA:105,0
DA:114,274557
DA:119,476
DA:128,476
DA:129,476
DA:119,274557
DA:128,274557
DA:129,274557
DA:119,0
DA:128,0
DA:129,0
DA:132,1372780
DA:135,1372780
DA:132,952
DA:135,952
DA:144,220
DA:147,220
DA:151,220
DA:153,220
end_of_record
SF:/usr/include/c++/9/bits/stl_iterator_base_types.h
FN:205,_ZSt19__iterator_categoryIPcENSt15iterator_traitsIT_E17iterator_categoryERKS2_
FNDA:0,_ZSt19__iterator_categoryIPcENSt15iterator_traitsIT_E17iterator_categoryERKS2_
FN:205,_ZSt19__iterator_categoryIPKcENSt15iterator_traitsIT_E17iterator_categoryERKS3_
FNDA:0,_ZSt19__iterator_categoryIPKcENSt15iterator_traitsIT_E17iterator_categoryERKS3_
DA:205,0
DA:206,0
DA:205,0
DA:206,0
end_of_record
SF:/usr/include/c++/9/bits/allocator.h
FN:138,_ZNSaI11AsyncBufferIhEEC2Ev
FNDA:2615200,_ZNSaI11AsyncBufferIhEEC2Ev
FN:138,_ZNSaI24napi_property_descriptorEC2Ev
FNDA:476,_ZNSaI24napi_property_descriptorEC2Ev
FN:138,_ZNSaIP12napi_value__EC2Ev
FNDA:0,_ZNSaIP12napi_value__EC2Ev
FN:141,_ZNSaI24napi_property_descriptorEC2ERKS0_
FNDA:952,_ZNSaI24napi_property_descriptorEC2ERKS0_
FN:153,_ZNSaI11AsyncBufferIhEED2Ev
FNDA:2615200,_ZNSaI11AsyncBufferIhEED2Ev
FN:153,_ZNSaI24napi_property_descriptorED2Ev
FNDA:1428,_ZNSaI24napi_property_descriptorED2Ev
FN:153,_ZNSaIP12napi_value__ED2Ev
FNDA:0,_ZNSaIP12napi_value__ED2Ev
DA:138,2615200
DA:138,476
DA:138,0
DA:141,952
DA:142,952
DA:153,2615200
DA:153,1428
DA:153,0
end_of_record
SF:/usr/include/c++/9/bits/stl_construct.h
FN:74,_ZSt10_ConstructI11AsyncBufferIhEJS1_EEvPT_DpOT0_
FNDA:0,_ZSt10_ConstructI11AsyncBufferIhEJS1_EEvPT_DpOT0_
FN:74,_ZSt10_ConstructI11AsyncBufferIhEJEEvPT_DpOT0_
FNDA:274557,_ZSt10_ConstructI11AsyncBufferIhEJEEvPT_DpOT0_
FN:117,_ZNSt12_Destroy_auxILb1EE9__destroyIP24napi_property_descriptorEEvT_S4_
FNDA:476,_ZNSt12_Destroy_auxILb1EE9__destroyIP24napi_property_descriptorEEvT_S4_
FN:117,_ZNSt12_Destroy_auxILb1EE9__destroyIP11AsyncBufferIhEEEvT_S5_
FNDA:2615200,_ZNSt12_Destroy_auxILb1EE9__destroyIP11AsyncBufferIhEEEvT_S5_
FN:117,_ZNSt12_Destroy_auxILb1EE9__destroyIPP12napi_value__EEvT_S5_
FNDA:0,_ZNSt12_Destroy_auxILb1EE9__destroyIPP12napi_value__EEvT_S5_
FN:127,_ZSt8_DestroyIP24napi_property_descriptorEvT_S2_
FNDA:476,_ZSt8_DestroyIP24napi_property_descriptorEvT_S2_
FN:127,_ZSt8_DestroyIP11AsyncBufferIhEEvT_S3_
FNDA:2615200,_ZSt8_DestroyIP11AsyncBufferIhEEvT_S3_
FN:127,_ZSt8_DestroyIPP12napi_value__EvT_S3_
FNDA:0,_ZSt8_DestroyIPP12napi_value__EvT_S3_
FN:203,_ZSt8_DestroyIP24napi_property_descriptorS0_EvT_S2_RSaIT0_E
FNDA:476,_ZSt8_DestroyIP24napi_property_descriptorS0_EvT_S2_RSaIT0_E
FN:203,_ZSt8_DestroyIP11AsyncBufferIhES1_EvT_S3_RSaIT0_E
FNDA:2615200,_ZSt8_DestroyIP11AsyncBufferIhES1_EvT_S3_RSaIT0_E
FN:203,_ZSt8_DestroyIPP12napi_value__S1_EvT_S3_RSaIT0_E
FNDA:0,_ZSt8_DestroyIPP12napi_value__S1_EvT_S3_RSaIT0_E
DA:74,0
DA:75,0
DA:74,274557
DA:75,274557
DA:117,476
DA:117,2615200
DA:117,0
DA:127,476
DA:137,476
DA:138,476
DA:127,2615200
DA:137,2615200
DA:138,2615200
DA:127,0
DA:137,0
DA:138,0
DA:203,476
DA:206,476
DA:207,476
DA:203,2615200
DA:206,2615200
DA:207,2615200
DA:203,0
DA:206,0
DA:207,0
end_of_record
SF:/usr/include/c++/9/bits/basic_string.tcc
FN:206,_ZNSt7__cxx1112basic_stringIcSt11char_traitsIcESaIcEE12_M_constructIPcEEvT_S7_St20forward_iterator_tag
FNDA:0,_ZNSt7__cxx1112basic_stringIcSt11char_traitsIcESaIcEE12_M_constructIPcEEvT_S7_St20forward_iterator_tag
FN:206,_ZNSt7__cxx1112basic_stringIcSt11char_traitsIcESaIcEE12_M_constructIPKcEEvT_S8_St20forward_iterator_tag
FNDA:0,_ZNSt7__cxx1112basic_stringIcSt11char_traitsIcESaIcEE12_M_constructIPKcEEvT_S8_St20forward_iterator_tag
DA:206,0
DA:211,0
DA:212,0
DA:215,0
DA:217,0
DA:219,0
DA:220,0
DA:225,0
DA:226,0
DA:228,0
DA:229,0
DA:232,0
DA:233,0
DA:206,0
DA:211,0
DA:212,0
DA:215,0
DA:217,0
DA:219,0
DA:220,0
DA:225,0
DA:226,0
DA:228,0
DA:229,0
DA:232,0
DA:233,0
end_of_record
SF:/usr/include/c++/9/ext/type_traits.h
FN:152,_ZN9__gnu_cxx17__is_null_pointerIcEEbPT_
FNDA:0,_ZN9__gnu_cxx17__is_null_pointerIcEEbPT_
FN:152,_ZN9__gnu_cxx17__is_null_pointerIKcEEbPT_
FNDA:0,_ZN9__gnu_cxx17__is_null_pointerIKcEEbPT_
DA:152,0
DA:153,0
DA:152,0
DA:153,0
end_of_record
SF:/usr/include/c++/9/bits/basic_string.h
FN:243,_ZNSt7__cxx1112basic_stringIcSt11char_traitsIcESaIcEE16_M_construct_auxIPcEEvT_S7_St12__false_type
FNDA:0,_ZNSt7__cxx1112basic_stringIcSt11char_traitsIcESaIcEE16_M_construct_auxIPcEEvT_S7_St12__false_type
FN:243,_ZNSt7__cxx1112basic_stringIcSt11char_traitsIcESaIcEE16_M_construct_auxIPKcEEvT_S8_St12__false_type
FNDA:0,_ZNSt7__cxx1112basic_stringIcSt11char_traitsIcESaIcEE16_M_construct_auxIPKcEEvT_S8_St12__false_type
FN:263,_ZNSt7__cxx1112basic_stringIcSt11char_traitsIcESaIcEE12_M_constructIPcEEvT_S7_
FNDA:0,_ZNSt7__cxx1112basic_stringIcSt11char_traitsIcESaIcEE12_M_constructIPcEEvT_S7_
FN:263,_ZNSt7__cxx1112basic_stringIcSt11char_traitsIcESaIcEE12_M_constructIPKcEEvT_S8_
FNDA:0,_ZNSt7__cxx1112basic_stringIcSt11char_traitsIcESaIcEE12_M_constructIPKcEEvT_S8_
FN:625,_ZNSt7__cxx1112basic_stringIcSt11char_traitsIcESaIcEEC2IPcvEET_S7_RKS3_
FNDA:0,_ZNSt7__cxx1112basic_stringIcSt11char_traitsIcESaIcEEC2IPcvEET_S7_RKS3_
FN:6097,_ZStplIcSt11char_traitsIcESaIcEENSt7__cxx1112basic_stringIT_T0_T1_EEOS8_S9_
FNDA:4,_ZStplIcSt11char_traitsIcESaIcEENSt7__cxx1112basic_stringIT_T0_T1_EEOS8_S9_
FN:6121,_ZStplIcSt11char_traitsIcESaIcEENSt7__cxx1112basic_stringIT_T0_T1_EEOS8_PKS5_
FNDA:4,_ZStplIcSt11char_traitsIcESaIcEENSt7__cxx1112basic_stringIT_T0_T1_EEOS8_PKS5_
FN:6546,_ZNSt7__cxx119to_stringEi
FNDA:0,_ZNSt7__cxx119to_stringEi
DA:243,0
DA:247,0
DA:248,0
DA:243,0
DA:247,0
DA:248,0
DA:263,0
DA:266,0
DA:267,0
DA:263,0
DA:266,0
DA:267,0
DA:625,0
DA:627,0
DA:628,0
DA:6097,4
DA:6100,4
DA:6101,4
DA:6102,4
DA:6103,0
DA:6104,4
DA:6121,4
DA:6123,4
DA:6546,0
DA:6548,0
end_of_record
SF:/usr/include/c++/9/bits/stl_iterator.h
FN:1057,_ZNSt13move_iteratorIP11AsyncBufferIhEEC2ES2_
FNDA:0,_ZNSt13move_iteratorIP11AsyncBufferIhEEC2ES2_
FN:1066,_ZNKSt13move_iteratorIP11AsyncBufferIhEE4baseEv
FNDA:0,_ZNKSt13move_iteratorIP11AsyncBufferIhEE4baseEv
FN:1070,_ZNKSt13move_iteratorIP11AsyncBufferIhEEdeEv
FNDA:0,_ZNKSt13move_iteratorIP11AsyncBufferIhEEdeEv
FN:1078,_ZNSt13move_iteratorIP11AsyncBufferIhEEppEv
FNDA:0,_ZNSt13move_iteratorIP11AsyncBufferIhEEppEv
FN:1145,_ZSteqIP11AsyncBufferIhEEbRKSt13move_iteratorIT_ES7_
FNDA:0,_ZSteqIP11AsyncBufferIhEEbRKSt13move_iteratorIT_ES7_
FN:1157,_ZStneIP11AsyncBufferIhEEbRKSt13move_iteratorIT_ES7_
FNDA:0,_ZStneIP11AsyncBufferIhEEbRKSt13move_iteratorIT_ES7_
FN:1242,_ZSt32__make_move_if_noexcept_iteratorI11AsyncBufferIhESt13move_iteratorIPS1_EET0_PT_
FNDA:0,_ZSt32__make_move_if_noexcept_iteratorI11AsyncBufferIhESt13move_iteratorIPS1_EET0_PT_
DA:1057,0
DA:1058,0
DA:1066,0
DA:1067,0
DA:1070,0
DA:1071,0
DA:1078,0
DA:1080,0
DA:1081,0
DA:1145,0
DA:1147,0
DA:1157,0
DA:1159,0
DA:1242,0
DA:1243,0
end_of_record
SF:/home/david/shared-memory-disruptor/node_modules/node-addon-api/napi.h
FN:1573,_ZN4Napi23ClassPropertyDescriptorI9DisruptorEC2E24napi_property_descriptor
FNDA:11900,_ZN4Napi23ClassPropertyDescriptorI9DisruptorEC2E24napi_property_descriptor
DA:1573,11900
end_of_record
SF:/usr/include/c++/9/tuple
FN:76,_ZNSt10_Head_baseILm1ESt14default_deleteISt6vectorI11AsyncBufferIhESaIS3_EEELb1EEC2Ev
FNDA:2615200,_ZNSt10_Head_baseILm1ESt14default_deleteISt6vectorI11AsyncBufferIhESaIS3_EEELb1EEC2Ev
FN:76,_ZNSt10_Head_baseILm1E7CloseFDLb1EEC2Ev
FNDA:3687,_ZNSt10_Head_baseILm1E7CloseFDLb1EEC2Ev
FN:86,_ZNSt10_Head_baseILm1ESt14default_deleteISt6vectorI11AsyncBufferIhESaIS3_EEELb1EEC2IS6_EEOT_
FNDA:274337,_ZNSt10_Head_baseILm1ESt14default_deleteISt6vectorI11AsyncBufferIhESaIS3_EEELb1EEC2IS6_EEOT_
FN:113,_ZNSt10_Head_baseILm1ESt14default_deleteISt6vectorI11AsyncBufferIhESaIS3_EEELb1EE7_M_headERS7_
FNDA:5504740,_ZNSt10_Head_baseILm1ESt14default_deleteISt6vectorI11AsyncBufferIhESaIS3_EEELb1EE7_M_headERS7_
FN:113,_ZNSt10_Head_baseILm1E7CloseFDLb1EE7_M_headERS1_
FNDA:3687,_ZNSt10_Head_baseILm1E7CloseFDLb1EE7_M_headERS1_
FN:122,_ZNSt10_Head_baseILm0EPSt6vectorI11AsyncBufferIhESaIS2_EELb0EEC2Ev
FNDA:2615200,_ZNSt10_Head_baseILm0EPSt6vectorI11AsyncBufferIhESaIS2_EELb0EEC2Ev
FN:122,_ZNSt10_Head_baseILm0EPiLb0EEC2Ev
FNDA:3687,_ZNSt10_Head_baseILm0EPiLb0EEC2Ev
FN:132,_ZNSt10_Head_baseILm0EPSt6vectorI11AsyncBufferIhESaIS2_EELb0EEC2IRS5_EEOT_
FNDA:274337,_ZNSt10_Head_baseILm0EPSt6vectorI11AsyncBufferIhESaIS2_EELb0EEC2IRS5_EEOT_
FN:160,_ZNSt10_Head_baseILm0EPiLb0EE7_M_headERS1_
FNDA:7374,_ZNSt10_Head_baseILm0EPiLb0EE7_M_headERS1_
FN:160,_ZNSt10_Head_baseILm0EPSt6vectorI11AsyncBufferIhESaIS2_EELb0EE7_M_headERS6_
FNDA:8394290,_ZNSt10_Head_baseILm0EPSt6vectorI11AsyncBufferIhESaIS2_EELb0EE7_M_headERS6_
FN:163,_ZNSt10_Head_baseILm0EPSt6vectorI11AsyncBufferIhESaIS2_EELb0EE7_M_headERKS6_
FNDA:4262120,_ZNSt10_Head_baseILm0EPSt6vectorI11AsyncBufferIhESaIS2_EELb0EE7_M_headERKS6_
FN:163,_ZNSt10_Head_baseILm0EPiLb0EE7_M_headERKS1_
FNDA:7610,_ZNSt10_Head_baseILm0EPiLb0EE7_M_headERKS1_
FN:195,_ZNSt11_Tuple_implILm0EJPSt6vectorI11AsyncBufferIhESaIS2_EESt14default_deleteIS4_EEE7_M_headERS8_
FNDA:8394290,_ZNSt11_Tuple_implILm0EJPSt6vectorI11AsyncBufferIhESaIS2_EESt14default_deleteIS4_EEE7_M_headERS8_
FN:195,_ZNSt11_Tuple_implILm0EJPi7CloseFDEE7_M_headERS2_
FNDA:7374,_ZNSt11_Tuple_implILm0EJPi7CloseFDEE7_M_headERS2_
FN:198,_ZNSt11_Tuple_implILm0EJPi7CloseFDEE7_M_headERKS2_
FNDA:7610,_ZNSt11_Tuple_implILm0EJPi7CloseFDEE7_M_headERKS2_
FN:198,_ZNSt11_Tuple_implILm0EJPSt6vectorI11AsyncBufferIhESaIS2_EESt14default_deleteIS4_EEE7_M_headERKS8_
FNDA:4262120,_ZNSt11_Tuple_implILm0EJPSt6vectorI11AsyncBufferIhESaIS2_EESt14default_deleteIS4_EEE7_M_headERKS8_
FN:206,_ZNSt11_Tuple_implILm0EJPi7CloseFDEEC2Ev
FNDA:3687,_ZNSt11_Tuple_implILm0EJPi7CloseFDEEC2Ev
FN:206,_ZNSt11_Tuple_implILm0EJPSt6vectorI11AsyncBufferIhESaIS2_EESt14default_deleteIS4_EEEC2Ev
FNDA:2615200,_ZNSt11_Tuple_implILm0EJPSt6vectorI11AsyncBufferIhESaIS2_EESt14default_deleteIS4_EEEC2Ev
FN:216,_ZNSt11_Tuple_implILm0EJPSt6vectorI11AsyncBufferIhESaIS2_EESt14default_deleteIS4_EEEC2IRS5_JS7_EvEEOT_DpOT0_
FNDA:274337,_ZNSt11_Tuple_implILm0EJPSt6vectorI11AsyncBufferIhESaIS2_EESt14default_deleteIS4_EEEC2IRS5_JS7_EvEEOT_DpOT0_
FN:334,_ZNSt11_Tuple_implILm1EJSt14default_deleteISt6vectorI11AsyncBufferIhESaIS3_EEEEE7_M_headERS7_
FNDA:5504740,_ZNSt11_Tuple_implILm1EJSt14default_deleteISt6vectorI11AsyncBufferIhESaIS3_EEEEE7_M_headERS7_
FN:334,_ZNSt11_Tuple_implILm1EJ7CloseFDEE7_M_headERS1_
FNDA:3687,_ZNSt11_Tuple_implILm1EJ7CloseFDEE7_M_headERS1_
FN:339,_ZNSt11_Tuple_implILm1EJ7CloseFDEEC2Ev
FNDA:3687,_ZNSt11_Tuple_implILm1EJ7CloseFDEEC2Ev
FN:339,_ZNSt11_Tuple_implILm1EJSt14default_deleteISt6vectorI11AsyncBufferIhESaIS3_EEEEEC2Ev
FNDA:2615200,_ZNSt11_Tuple_implILm1EJSt14default_deleteISt6vectorI11AsyncBufferIhESaIS3_EEEEEC2Ev
FN:348,_ZNSt11_Tuple_implILm1EJSt14default_deleteISt6vectorI11AsyncBufferIhESaIS3_EEEEEC2IS6_EEOT_
FNDA:274337,_ZNSt11_Tuple_implILm1EJSt14default_deleteISt6vectorI11AsyncBufferIhESaIS3_EEEEEC2IS6_EEOT_
FN:918,_ZNSt5tupleIJPi7CloseFDEEC2IS0_S1_Lb1EEEv
FNDA:3687,_ZNSt5tupleIJPi7CloseFDEEC2IS0_S1_Lb1EEEv
FN:918,_ZNSt5tupleIJPSt6vectorI11AsyncBufferIhESaIS2_EESt14default_deleteIS4_EEEC2IS5_S7_Lb1EEEv
FNDA:2615200,_ZNSt5tupleIJPSt6vectorI11AsyncBufferIhESaIS2_EESt14default_deleteIS4_EEEC2IS5_S7_Lb1EEEv
FN:968,_ZNSt5tupleIJPSt6vectorI11AsyncBufferIhESaIS2_EESt14default_deleteIS4_EEEC2IRS5_S7_Lb1EEEOT_OT0_
FNDA:274337,_ZNSt5tupleIJPSt6vectorI11AsyncBufferIhESaIS2_EESt14default_deleteIS4_EEEC2IRS5_S7_Lb1EEEOT_OT0_
FN:1309,_ZSt12__get_helperILm1E7CloseFDJEERT0_RSt11_Tuple_implIXT_EJS1_DpT1_EE
FNDA:3687,_ZSt12__get_helperILm1E7CloseFDJEERT0_RSt11_Tuple_implIXT_EJS1_DpT1_EE
FN:1309,_ZSt12__get_helperILm1ESt14default_deleteISt6vectorI11AsyncBufferIhESaIS3_EEEJEERT0_RSt11_Tuple_implIXT_EJS7_DpT1_EE
FNDA:5504740,_ZSt12__get_helperILm1ESt14default_deleteISt6vectorI11AsyncBufferIhESaIS3_EEEJEERT0_RSt11_Tuple_implIXT_EJS7_DpT1_EE
FN:1309,_ZSt12__get_helperILm0EPSt6vectorI11AsyncBufferIhESaIS2_EEJSt14default_deleteIS4_EEERT0_RSt11_Tuple_implIXT_EJS8_DpT1_EE
FNDA:8394290,_ZSt12__get_helperILm0EPSt6vectorI11AsyncBufferIhESaIS2_EEJSt14default_deleteIS4_EEERT0_RSt11_Tuple_implIXT_EJS8_DpT1_EE
FN:1309,_ZSt12__get_helperILm0EPiJ7CloseFDEERT0_RSt11_Tuple_implIXT_EJS2_DpT1_EE
FNDA:7374,_ZSt12__get_helperILm0EPiJ7CloseFDEERT0_RSt11_Tuple_implIXT_EJS2_DpT1_EE
FN:1314,_ZSt12__get_helperILm0EPiJ7CloseFDEERKT0_RKSt11_Tuple_implIXT_EJS2_DpT1_EE
FNDA:7610,_ZSt12__get_helperILm0EPiJ7CloseFDEERKT0_RKSt11_Tuple_implIXT_EJS2_DpT1_EE
FN:1314,_ZSt12__get_helperILm0EPSt6vectorI11AsyncBufferIhESaIS2_EEJSt14default_deleteIS4_EEERKT0_RKSt11_Tuple_implIXT_EJS8_DpT1_EE
FNDA:4262120,_ZSt12__get_helperILm0EPSt6vectorI11AsyncBufferIhESaIS2_EEJSt14default_deleteIS4_EEERKT0_RKSt11_Tuple_implIXT_EJS8_DpT1_EE
FN:1320,_ZSt3getILm1EJPSt6vectorI11AsyncBufferIhESaIS2_EESt14default_deleteIS4_EEERNSt13tuple_elementIXT_ESt5tupleIJDpT0_EEE4typeERSC_
FNDA:5504740,_ZSt3getILm1EJPSt6vectorI11AsyncBufferIhESaIS2_EESt14default_deleteIS4_EEERNSt13tuple_elementIXT_ESt5tupleIJDpT0_EEE4typeERSC_
FN:1320,_ZSt3getILm1EJPi7CloseFDEERNSt13tuple_elementIXT_ESt5tupleIJDpT0_EEE4typeERS6_
FNDA:3687,_ZSt3getILm1EJPi7CloseFDEERNSt13tuple_elementIXT_ESt5tupleIJDpT0_EEE4typeERS6_
FN:1320,_ZSt3getILm0EJPSt6vectorI11AsyncBufferIhESaIS2_EESt14default_deleteIS4_EEERNSt13tuple_elementIXT_ESt5tupleIJDpT0_EEE4typeERSC_
FNDA:8394290,_ZSt3getILm0EJPSt6vectorI11AsyncBufferIhESaIS2_EESt14default_deleteIS4_EEERNSt13tuple_elementIXT_ESt5tupleIJDpT0_EEE4typeERSC_
FN:1320,_ZSt3getILm0EJPi7CloseFDEERNSt13tuple_elementIXT_ESt5tupleIJDpT0_EEE4typeERS6_
FNDA:7374,_ZSt3getILm0EJPi7CloseFDEERNSt13tuple_elementIXT_ESt5tupleIJDpT0_EEE4typeERS6_
FN:1326,_ZSt3getILm0EJPSt6vectorI11AsyncBufferIhESaIS2_EESt14default_deleteIS4_EEERKNSt13tuple_elementIXT_ESt5tupleIJDpT0_EEE4typeERKSC_
FNDA:4262120,_ZSt3getILm0EJPSt6vectorI11AsyncBufferIhESaIS2_EESt14default_deleteIS4_EEERKNSt13tuple_elementIXT_ESt5tupleIJDpT0_EEE4typeERKSC_
FN:1326,_ZSt3getILm0EJPi7CloseFDEERKNSt13tuple_elementIXT_ESt5tupleIJDpT0_EEE4typeERKS6_
FNDA:7610,_ZSt3getILm0EJPi7CloseFDEERKNSt13tuple_elementIXT_ESt5tupleIJDpT0_EEE4typeERKS6_
DA:76,2615200
DA:77,2615200
DA:76,3687
DA:77,3687
DA:86,274337
DA:87,274337
DA:113,5504740
DA:113,3687
DA:122,2615200
DA:123,2615200
DA:122,3687
DA:123,3687
DA:132,274337
DA:133,274337
DA:160,8394290
DA:160,7374
DA:163,4262120
DA:163,7610
DA:195,8394290
DA:195,7374
DA:198,4262120
DA:198,7610
DA:206,2615200
DA:207,2615200
DA:206,3687
DA:207,3687
DA:216,274337
DA:218,274337
DA:334,5504740
DA:334,3687
DA:339,2615200
DA:340,2615200
DA:339,3687
DA:340,3687
DA:348,274337
DA:349,274337
DA:918,2615200
DA:919,2615200
DA:918,3687
DA:919,3687
DA:968,274337
DA:969,274337
DA:1309,5504740
DA:1310,5504740
DA:1309,3687
DA:1310,3687
DA:1309,8394290
DA:1310,8394290
DA:1309,7374
DA:1310,7374
DA:1314,4262120
DA:1315,4262120
DA:1314,7610
DA:1315,7610
DA:1320,5504740
DA:1321,5504740
DA:1320,3687
DA:1321,3687
DA:1320,8394290
DA:1321,8394290
DA:1320,7374
DA:1321,7374
DA:1326,4262120
DA:1327,4262120
DA:1326,7610
DA:1327,7610
end_of_record
SF:/usr/include/c++/9/bits/stl_algobase.h
FN:198,_ZSt3minImERKT_S2_S2_
FNDA:1098700,_ZSt3minImERKT_S2_S2_
FN:222,_ZSt3maxImERKT_S2_S2_
FNDA:274557,_ZSt3maxImERKT_S2_S2_
FN:280,_ZSt12__niter_baseIP24napi_property_descriptorET_S2_
FNDA:476,_ZSt12__niter_baseIP24napi_property_descriptorET_S2_
FN:280,_ZSt12__niter_baseIP11AsyncBufferIhEET_S3_
FNDA:823671,_ZSt12__niter_baseIP11AsyncBufferIhEET_S3_
FN:295,_ZSt12__niter_wrapIP24napi_property_descriptorET_RKS2_S2_
FNDA:476,_ZSt12__niter_wrapIP24napi_property_descriptorET_RKS2_S2_
FN:756,_ZSt10__fill_n_aIP24napi_property_descriptormS0_EN9__gnu_cxx11__enable_ifIXntsrSt11__is_scalarIT1_E7__valueET_E6__typeES7_T0_RKS5_
FNDA:476,_ZSt10__fill_n_aIP24napi_property_descriptormS0_EN9__gnu_cxx11__enable_ifIXntsrSt11__is_scalarIT1_E7__valueET_E6__typeES7_T0_RKS5_
FN:802,_ZSt6fill_nIP24napi_property_descriptormS0_ET_S2_T0_RKT1_
FNDA:476,_ZSt6fill_nIP24napi_property_descriptormS0_ET_S2_T0_RKT1_
DA:198,1098700
DA:203,1098700
DA:204,0
DA:205,1098700
DA:222,274557
DA:227,274557
DA:228,274337
DA:229,220
DA:280,476
DA:282,476
DA:280,823671
DA:282,823671
DA:295,476
DA:296,476
DA:756,476
DA:758,476
DA:759,12376
DA:760,11900
DA:761,476
DA:802,476
DA:808,476
DA:809,476
end_of_record
