TN:
SF:/home/david/shared-memory-disruptor/src/disruptor.cc
FN:75,_ZN9Disruptor4SpinEv
FN:204,_Z11GetCallbackRKN4Napi12CallbackInfoEj
FN:223,_ZN10SyncBuffer3NewEN4Napi3EnvEP9Disruptormm
FN:242,_ZN11AsyncBufferC2Ev
FN:246,_ZN11AsyncBuffer3NewEN4Napi3EnvEP9Disruptormm
FN:251,_ZN11AsyncBuffer7ToValueEN4Napi3EnvEP9Disruptor
FN:256,_ZN11AsyncBuffer6LengthEv
FN:262,_ZN11AsyncBufferC2Emmj
FN:278,_ZN10AsyncArrayI11AsyncBufferEC2Ev
FN:283,_ZN10AsyncArrayI11AsyncBufferE3NewEN4Napi3EnvE
FN:288,_ZN10AsyncArrayI11AsyncBufferE3SetEjOS0_
FN:298,_ZN10AsyncArrayI11AsyncBufferE7ToValueEN4Napi3EnvEP9Disruptor
FN:309,_ZN10AsyncArrayI11AsyncBufferE6LengthEv
FN:321,_ZN12AsyncBooleanC2Ev
FN:326,_ZN12AsyncBoolean3NewEN4Napi3EnvEb
FN:331,_ZN12AsyncBoolean7ToValueEN4Napi3EnvEP9Disruptor
FN:336,_ZNK12AsyncBooleancvbEv
FN:342,_ZN12AsyncBooleanC2Eb
FN:354,_Z7ToValueRKN4Napi3EnvEm
FN:359,_Z7ToValueRKN4Napi3EnvERK14AsyncUndefined
FN:371,_ZN20DisruptorAsyncWorkerI10AsyncArrayI11AsyncBufferEm14AsyncUndefinedS3_EC2EP9DisruptorRKN4Napi8FunctionE
FN:371,_ZN20DisruptorAsyncWorkerI10AsyncArrayI11AsyncBufferEmmbEC2EP9DisruptorRKN4Napi8FunctionE
FN:371,_ZN20DisruptorAsyncWorkerI11AsyncBuffermmbEC2EP9DisruptorRKN4Napi8FunctionE
FN:371,_ZN20DisruptorAsyncWorkerI12AsyncBoolean14AsyncUndefinedS1_S1_EC2EP9DisruptorRKN4Napi8FunctionE
FN:383,_ZN20DisruptorAsyncWorkerI12AsyncBoolean14AsyncUndefinedS1_S1_E4OnOKEv
FN:383,_ZN20DisruptorAsyncWorkerI11AsyncBuffermmbE4OnOKEv
FN:383,_ZN20DisruptorAsyncWorkerI10AsyncArrayI11AsyncBufferEm14AsyncUndefinedS3_E4OnOKEv
FN:383,_ZN20DisruptorAsyncWorkerI10AsyncArrayI11AsyncBufferEmmbE4OnOKEv
FN:418,_ZN7CloseFDclEPi
FN:425,_ZN9Disruptor15ThrowErrnoErrorERKN4Napi12CallbackInfoEPKc
FN:444,_ZN9DisruptorC2ERKN4Napi12CallbackInfoE
FN:595,_ZZN9DisruptorC4ERKN4Napi12CallbackInfoEENKUlNS0_3EnvEPhE_clES4_S5_
FN:622,_ZN9DisruptorD2Ev
FN:622,_ZN9DisruptorD0Ev
FN:627,_ZN9Disruptor7ReleaseEv
FN:649,_ZN9Disruptor7ReleaseERKN4Napi12CallbackInfoE
FN:667,_ZN9Disruptor14ConsumeNewSyncIN4Napi5ArrayE10SyncBufferEET_RKNS1_3EnvEbRm
FN:667,_ZN9Disruptor14ConsumeNewSyncI10AsyncArrayI11AsyncBufferES2_EET_RKN4Napi3EnvEbRm
FN:712,_ZN9Disruptor14ConsumeNewSyncERKN4Napi12CallbackInfoE
FN:722,_ZN21ConsumeNewAsyncWorkerC2EP9DisruptorRKN4Napi8FunctionE
FN:731,_ZN21ConsumeNewAsyncWorker7ExecuteEv
FN:738,_ZN21ConsumeNewAsyncWorker5RetryEv
FN:744,_ZN9Disruptor15ConsumeNewAsyncERKN4Napi12CallbackInfoE
FN:749,_ZN9Disruptor10ConsumeNewERKN4Napi12CallbackInfoE
FN:764,_ZN9Disruptor13ConsumeCommitERKN4Napi12CallbackInfoE
FN:769,_ZN9Disruptor13UpdatePendingEmm
FN:775,_ZN9Disruptor13ConsumeCommitEv
FN:795,_ZN9Disruptor16ProduceClaimSyncI11AsyncBufferEENT_6BufferERKN4Napi3EnvEbRmS8_Rb
FN:795,_ZN9Disruptor16ProduceClaimSyncI10SyncBufferEENT_6BufferERKN4Napi3EnvEbRmS8_Rb
FN:852,_ZN9Disruptor16ProduceClaimSyncERKN4Napi12CallbackInfoE
FN:863,_ZN23ProduceClaimAsyncWorkerC2EP9DisruptorRKN4Napi8FunctionE
FN:874,_ZN23ProduceClaimAsyncWorker7ExecuteEv
FN:882,_ZN23ProduceClaimAsyncWorker5RetryEv
FN:888,_ZN9Disruptor17ProduceClaimAsyncERKN4Napi12CallbackInfoE
FN:893,_ZN9Disruptor12ProduceClaimERKN4Napi12CallbackInfoE
FN:910,_ZN9Disruptor17ProduceGetBuffersIN4Napi5ArrayE10SyncBufferEEvRKNS1_3EnvEmmbRT_
FN:910,_ZN9Disruptor17ProduceGetBuffersI10AsyncArrayI11AsyncBufferES2_EEvRKN4Napi3EnvEmmbRT_
FN:933,_ZN9Disruptor20ProduceClaimManySyncI10AsyncArrayI11AsyncBufferES2_EET_RKN4Napi3EnvEjbRmS9_Rb
FN:933,_ZN9Disruptor20ProduceClaimManySyncIN4Napi5ArrayE10SyncBufferEET_RKNS1_3EnvEjbRmS8_Rb
FN:991,_ZN9Disruptor20ProduceClaimManySyncERKN4Napi12CallbackInfoE
FN:1006,_ZN27ProduceClaimManyAsyncWorkerC2EP9DisruptorRKN4Napi8FunctionEj
FN:1022,_ZN27ProduceClaimManyAsyncWorker7ExecuteEv
FN:1030,_ZN27ProduceClaimManyAsyncWorker5RetryEv
FN:1039,_ZN9Disruptor21ProduceClaimManyAsyncERKN4Napi12CallbackInfoEj
FN:1045,_ZN9Disruptor21ProduceClaimManyAsyncERKN4Napi12CallbackInfoE
FN:1050,_ZN9Disruptor16ProduceClaimManyERKN4Napi12CallbackInfoE
FN:1068,_ZN9Disruptor21ProduceClaimAvailSyncI10AsyncArrayI11AsyncBufferES2_EET_RKN4Napi3EnvEjbRmS9_Rb
FN:1068,_ZN9Disruptor21ProduceClaimAvailSyncIN4Napi5ArrayE10SyncBufferEET_RKNS1_3EnvEjbRmS8_Rb
FN:1118,_ZN9Disruptor21ProduceClaimAvailSyncERKN4Napi12CallbackInfoE
FN:1133,_ZN28ProduceClaimAvailAsyncWorkerC2EP9DisruptorRKN4Napi8FunctionEj
FN:1149,_ZN28ProduceClaimAvailAsyncWorker7ExecuteEv
FN:1157,_ZN28ProduceClaimAvailAsyncWorker5RetryEv
FN:1166,_ZN9Disruptor22ProduceClaimAvailAsyncERKN4Napi12CallbackInfoEj
FN:1173,_ZN9Disruptor22ProduceClaimAvailAsyncERKN4Napi12CallbackInfoE
FN:1178,_ZN9Disruptor17ProduceClaimAvailERKN4Napi12CallbackInfoE
FN:1195,_ZN9Disruptor14ProduceRecoverERKN4Napi12CallbackInfoE
FN:1214,_ZN9Disruptor17ProduceCommitSyncIN4Napi7BooleanEEET_RKNS1_3EnvEmmb
FN:1214,_ZN9Disruptor17ProduceCommitSyncI12AsyncBooleanEET_RKN4Napi3EnvEmmb
FN:1235,_ZN9Disruptor13UpdateSeqNextEmmb
FN:1244,_ZN9Disruptor10GetSeqNextERKN4Napi12CallbackInfoERmS4_
FN:1260,_ZN9Disruptor17ProduceCommitSyncERKN4Napi12CallbackInfoE
FN:1271,_ZN24ProduceCommitAsyncWorkerC2EP9DisruptorRKN4Napi8FunctionEmm
FN:1282,_ZN24ProduceCommitAsyncWorker7ExecuteEv
FN:1289,_ZN24ProduceCommitAsyncWorker5RetryEv
FN:1298,_ZN9Disruptor18ProduceCommitAsyncERKN4Napi12CallbackInfoEmmj
FN:1307,_ZN9Disruptor18ProduceCommitAsyncERKN4Napi12CallbackInfoE
FN:1314,_ZN9Disruptor13ProduceCommitERKN4Napi12CallbackInfoE
FN:1329,_ZN9Disruptor12GetConsumersERKN4Napi12CallbackInfoE
FN:1334,_ZN9Disruptor9GetCursorERKN4Napi12CallbackInfoE
FN:1339,_ZN9Disruptor7GetNextERKN4Napi12CallbackInfoE
FN:1344,_ZN9Disruptor11GetElementsERKN4Napi12CallbackInfoE
FN:1349,_ZN9Disruptor11GetConsumerERKN4Napi12CallbackInfoE
FN:1354,_ZN9Disruptor21GetPendingSeqConsumerERKN4Napi12CallbackInfoE
FN:1359,_ZN9Disruptor19GetPendingSeqCursorERKN4Napi12CallbackInfoE
FN:1364,_ZN9Disruptor17GetPendingSeqNextERKN4Napi12CallbackInfoE
FN:1369,_ZN9Disruptor20GetPendingSeqNextEndERKN4Napi12CallbackInfoE
FN:1374,_ZN9Disruptor23GetAllConsumersIgnoringERKN4Napi12CallbackInfoE
FN:1379,_ZN9Disruptor14GetElementSizeERKN4Napi12CallbackInfoE
FN:1384,_ZN9Disruptor7GetSpinERKN4Napi12CallbackInfoE
FN:1389,_ZN9Disruptor9GetStatusERKN4Napi12CallbackInfoE
FN:1394,_ZN9Disruptor9SetStatusERKN4Napi12CallbackInfoERKNS0_5ValueE
FN:1399,_ZN9Disruptor10InitializeEN4Napi3EnvENS0_6ObjectE
FN:1448,_Z10InitializeN4Napi3EnvENS_6ObjectE
FN:1453,_ZL17__napi_InitializeP10napi_env__P12napi_value__
FN:1453,_register_disruptor
FNDA:2130801,_ZN12AsyncBooleanC2Eb
FNDA:7074862,_ZN9Disruptor10ConsumeNewERKN4Napi12CallbackInfoE
FNDA:5019,_ZN9Disruptor17ProduceClaimAsyncERKN4Napi12CallbackInfoE
FNDA:506,_Z10InitializeN4Napi3EnvENS_6ObjectE
FNDA:2130801,_ZN24ProduceCommitAsyncWorkerC2EP9DisruptorRKN4Napi8FunctionEmm
FNDA:3,_ZN9Disruptor22ProduceClaimAvailAsyncERKN4Napi12CallbackInfoEj
FNDA:355475,_ZN10AsyncArrayI11AsyncBufferE7ToValueEN4Napi3EnvEP9Disruptor
FNDA:222,_ZN9Disruptor7GetNextERKN4Napi12CallbackInfoE
FNDA:1294507,_ZN10AsyncArrayI11AsyncBufferE3NewEN4Napi3EnvE
FNDA:811,_ZN9Disruptor18ProduceCommitAsyncERKN4Napi12CallbackInfoE
FNDA:84312,_ZN9Disruptor17ProduceClaimAvailERKN4Napi12CallbackInfoE
FNDA:72687,_ZN9Disruptor21ProduceClaimAvailSyncI10AsyncArrayI11AsyncBufferES2_EET_RKN4Napi3EnvEjbRmS9_Rb
FNDA:355520,_ZN10AsyncArrayI11AsyncBufferE3SetEjOS0_
FNDA:11,_ZN9Disruptor21ProduceClaimManyAsyncERKN4Napi12CallbackInfoE
FNDA:2224,_ZN9Disruptor17ProduceGetBuffersIN4Napi5ArrayE10SyncBufferEEvRKNS1_3EnvEmmbRT_
FNDA:1074324,_ZN20DisruptorAsyncWorkerI10AsyncArrayI11AsyncBufferEm14AsyncUndefinedS3_EC2EP9DisruptorRKN4Napi8FunctionE
FNDA:147484,_ZN27ProduceClaimManyAsyncWorker5RetryEv
FNDA:2130801,_ZNK12AsyncBooleancvbEv
FNDA:87,_ZN9Disruptor19GetPendingSeqCursorERKN4Napi12CallbackInfoE
FNDA:220183,_ZN20DisruptorAsyncWorkerI10AsyncArrayI11AsyncBufferEmmbEC2EP9DisruptorRKN4Napi8FunctionE
FNDA:7074875,_ZN9Disruptor14ConsumeNewSyncIN4Napi5ArrayE10SyncBufferEET_RKNS1_3EnvEbRm
FNDA:165826,_ZN23ProduceClaimAsyncWorker5RetryEv
FNDA:1094089,_Z7ToValueRKN4Napi3EnvERK14AsyncUndefined
FNDA:526365,_ZN11AsyncBuffer3NewEN4Napi3EnvEP9Disruptormm
FNDA:72687,_ZN28ProduceClaimAvailAsyncWorkerC2EP9DisruptorRKN4Napi8FunctionEj
FNDA:370562,_Z7ToValueRKN4Napi3EnvEm
FNDA:2130801,_ZN20DisruptorAsyncWorkerI12AsyncBoolean14AsyncUndefinedS1_S1_E4OnOKEv
FNDA:995665,_ZN9Disruptor13UpdateSeqNextEmmb
FNDA:127723,_ZN12AsyncBoolean7ToValueEN4Napi3EnvEP9Disruptor
FNDA:1556,_ZN9Disruptor11GetElementsERKN4Napi12CallbackInfoE
FNDA:147496,_ZN27ProduceClaimManyAsyncWorker7ExecuteEv
FNDA:13,_ZN9Disruptor14ConsumeNewSyncERKN4Napi12CallbackInfoE
FNDA:360539,_ZN11AsyncBuffer7ToValueEN4Napi3EnvEP9Disruptor
FNDA:355460,_ZN9Disruptor15ConsumeNewAsyncERKN4Napi12CallbackInfoE
FNDA:2026,_ZN9Disruptor7GetSpinERKN4Napi12CallbackInfoE
FNDA:604649,_ZN9Disruptor23GetAllConsumersIgnoringERKN4Napi12CallbackInfoE
FNDA:604663,_ZN9Disruptor20GetPendingSeqNextEndERKN4Napi12CallbackInfoE
FNDA:3596153,_ZN9Disruptor4SpinEv
FNDA:170845,_ZN23ProduceClaimAsyncWorker7ExecuteEv
FNDA:170845,_ZN20DisruptorAsyncWorkerI11AsyncBuffermmbEC2EP9DisruptorRKN4Napi8FunctionE
FNDA:222,_ZN9Disruptor9GetCursorERKN4Napi12CallbackInfoE
FNDA:2589014,_ZN10AsyncArrayI11AsyncBufferEC2Ev
FNDA:15224079,_ZN9Disruptor13ConsumeCommitEv
FNDA:254,_register_disruptor
FNDA:12036314,_ZN9Disruptor9GetStatusERKN4Napi12CallbackInfoE
FNDA:170845,_ZN23ProduceClaimAsyncWorkerC2EP9DisruptorRKN4Napi8FunctionE
FNDA:506,_ZL17__napi_InitializeP10napi_env__P12napi_value__
FNDA:84314,_ZN9Disruptor21ProduceClaimAvailSyncIN4Napi5ArrayE10SyncBufferEET_RKNS1_3EnvEjbRmS8_Rb
FNDA:2130801,_ZN12AsyncBoolean3NewEN4Napi3EnvEb
FNDA:5763,_ZN7CloseFDclEPi
FNDA:5257,_ZN9Disruptor7ReleaseERKN4Napi12CallbackInfoE
FNDA:147496,_ZN27ProduceClaimManyAsyncWorkerC2EP9DisruptorRKN4Napi8FunctionEj
FNDA:4758,_ZN9DisruptorD2Ev
FNDA:147496,_ZN9Disruptor20ProduceClaimManySyncI10AsyncArrayI11AsyncBufferES2_EET_RKN4Napi3EnvEjbRmS9_Rb
FNDA:807,_ZN9Disruptor16ProduceClaimSyncERKN4Napi12CallbackInfoE
FNDA:170845,_ZN11AsyncBuffer6LengthEv
FNDA:521618,_ZN9Disruptor13ProduceCommitERKN4Napi12CallbackInfoE
FNDA:2003078,_ZN24ProduceCommitAsyncWorker5RetryEv
FNDA:8,_ZN9Disruptor15ThrowErrnoErrorERKN4Napi12CallbackInfoEPKc
FNDA:2104,_ZN9Disruptor14GetElementSizeERKN4Napi12CallbackInfoE
FNDA:170845,_ZN20DisruptorAsyncWorkerI11AsyncBuffermmbE4OnOKEv
FNDA:76,_ZN9Disruptor14ProduceRecoverERKN4Napi12CallbackInfoE
FNDA:5771,_ZN9DisruptorC2ERKN4Napi12CallbackInfoE
FNDA:1074324,_ZN9Disruptor14ConsumeNewSyncI10AsyncArrayI11AsyncBufferES2_EET_RKN4Napi3EnvEbRm
FNDA:51,_ZN9Disruptor20ProduceClaimManySyncIN4Napi5ArrayE10SyncBufferEET_RKNS1_3EnvEjbRmS8_Rb
FNDA:7074880,_ZN9Disruptor13ConsumeCommitERKN4Napi12CallbackInfoE
FNDA:7074962,_ZN9Disruptor21GetPendingSeqConsumerERKN4Napi12CallbackInfoE
FNDA:2130801,_ZN24ProduceCommitAsyncWorker7ExecuteEv
FNDA:718864,_ZN21ConsumeNewAsyncWorker5RetryEv
FNDA:488217,_Z11GetCallbackRKN4Napi12CallbackInfoEj
FNDA:11,_ZN9Disruptor20ProduceClaimManySyncERKN4Napi12CallbackInfoE
FNDA:1054217,_ZN9Disruptor13UpdatePendingEmm
FNDA:222,_ZN9Disruptor11GetConsumerERKN4Napi12CallbackInfoE
FNDA:523240,_ZN9Disruptor10GetSeqNextERKN4Napi12CallbackInfoERmS4_
FNDA:220183,_ZN20DisruptorAsyncWorkerI10AsyncArrayI11AsyncBufferEmmbE4OnOKEv
FNDA:604663,_ZN9Disruptor17GetPendingSeqNextERKN4Napi12CallbackInfoE
FNDA:2130801,_ZN12AsyncBooleanC2Ev
FNDA:1582385,_ZN10SyncBuffer3NewEN4Napi3EnvEP9Disruptormm
FNDA:522429,_ZN9Disruptor17ProduceCommitSyncIN4Napi7BooleanEEET_RKNS1_3EnvEmmb
FNDA:40,_ZN9Disruptor16ProduceClaimManyERKN4Napi12CallbackInfoE
FNDA:1074324,_ZN20DisruptorAsyncWorkerI10AsyncArrayI11AsyncBufferEm14AsyncUndefinedS3_E4OnOKEv
FNDA:1052730,_ZN11AsyncBufferC2Emmj
FNDA:506,_ZN9Disruptor10InitializeEN4Napi3EnvENS0_6ObjectE
FNDA:12,_ZN9Disruptor17ProduceGetBuffersI10AsyncArrayI11AsyncBufferES2_EEvRKN4Napi3EnvEmmbRT_
FNDA:1294507,_ZN10AsyncArrayI11AsyncBufferE6LengthEv
FNDA:10015,_ZN9Disruptor7ReleaseEv
FNDA:2130801,_ZN9Disruptor17ProduceCommitSyncI12AsyncBooleanEET_RKN4Napi3EnvEmmb
FNDA:2130801,_ZN20DisruptorAsyncWorkerI12AsyncBoolean14AsyncUndefinedS1_S1_EC2EP9DisruptorRKN4Napi8FunctionE
FNDA:12,_ZN9Disruptor12GetConsumersERKN4Napi12CallbackInfoE
FNDA:2,_ZN9Disruptor22ProduceClaimAvailAsyncERKN4Napi12CallbackInfoE
FNDA:811,_ZN9Disruptor17ProduceCommitSyncERKN4Napi12CallbackInfoE
FNDA:4758,_ZN9DisruptorD0Ev
FNDA:1074324,_ZN21ConsumeNewAsyncWorkerC2EP9DisruptorRKN4Napi8FunctionE
FNDA:127723,_ZN9Disruptor18ProduceCommitAsyncERKN4Napi12CallbackInfoEmmj
FNDA:72687,_ZN28ProduceClaimAvailAsyncWorker7ExecuteEv
FNDA:520252,_ZN9Disruptor16ProduceClaimSyncI10SyncBufferEENT_6BufferERKN4Napi3EnvEbRmS8_Rb
FNDA:526365,_ZN11AsyncBufferC2Ev
FNDA:11,_ZN9Disruptor9SetStatusERKN4Napi12CallbackInfoERKNS0_5ValueE
FNDA:72684,_ZN28ProduceClaimAvailAsyncWorker5RetryEv
FNDA:2,_ZN9Disruptor21ProduceClaimAvailSyncERKN4Napi12CallbackInfoE
FNDA:12,_ZN9Disruptor21ProduceClaimManyAsyncERKN4Napi12CallbackInfoEj
FNDA:170845,_ZN9Disruptor16ProduceClaimSyncI11AsyncBufferEENT_6BufferERKN4Napi3EnvEbRmS8_Rb
FNDA:4758,_ZZN9DisruptorC4ERKN4Napi12CallbackInfoEENKUlNS0_3EnvEPhE_clES4_S5_
FNDA:519445,_ZN9Disruptor12ProduceClaimERKN4Napi12CallbackInfoE
FNDA:1074324,_ZN21ConsumeNewAsyncWorker7ExecuteEv
FNF:105
FNH:105
DA:75,3596153
DA:77,3596153
DA:204,488217
DA:206,488217
DA:208,488217
DA:209,488217
DA:211,488217
DA:223,1582385
DA:226,4747155
DA:231,1582385
DA:232,3164770
DA:233,3164770
DA:242,526365
DA:244,526365
DA:246,526365
DA:248,526365
DA:251,360539
DA:253,360539
DA:256,170845
DA:258,170845
DA:262,1052730
DA:263,1052730
DA:264,1052730
DA:265,1052730
DA:267,1052730
DA:278,2589014
DA:279,2589014
DA:281,2589014
DA:283,1294507
DA:285,1294507
DA:288,355520
DA:290,355520
DA:292,355520
DA:295,355520
DA:296,355520
DA:298,355475
DA:300,355475
DA:301,355475
DA:302,710995
DA:304,355520
DA:306,355475
DA:309,1294507
DA:311,1294507
DA:321,2130801
DA:322,2130801
DA:324,2130801
DA:326,2130801
DA:328,2130801
DA:331,127723
DA:333,127723
DA:336,2130801
DA:338,2130801
DA:342,2130801
DA:343,2130801
DA:345,2130801
DA:354,370562
DA:356,370562
DA:359,1094089
DA:361,1094089
DA:371,3596153
DA:374,3596153
DA:375,3596153
DA:376,3596153
DA:378,3596153
DA:383,3596153
DA:385,3596153
DA:387,3107936
DA:390,488217
DA:392,3417519
DA:393,488217
DA:396,488217
DA:397,488217
DA:398,488217
DA:399,488217
DA:400,976434
DA:418,5763
DA:420,5763
DA:421,5763
DA:422,5763
DA:425,8
DA:428,8
DA:429,8
DA:436,8
DA:440,8
DA:441,16
DA:444,5771
DA:446,5771
DA:449,5771
DA:450,5771
DA:451,5771
DA:452,5771
DA:453,5771
DA:454,5771
DA:455,5771
DA:460,5771
DA:461,5771
DA:462,5771
DA:465,5771
DA:467,282
DA:468,282
DA:473,5771
DA:475,8
DA:478,5763
DA:486,5763
DA:487,5763
DA:488,5763
DA:492,5763
DA:498,5763
DA:501,5763
DA:503,5763
DA:508,5763
DA:509,5763
DA:510,5763
DA:511,5763
DA:512,5763
DA:513,5763
DA:515,5763
DA:516,5763
DA:518,5763
DA:519,5763
DA:521,5763
DA:563,5763
DA:564,5763
DA:565,5763
DA:566,5763
DA:568,5763
DA:569,5763
DA:570,5763
DA:573,5763
DA:575,9818
DA:576,9818
DA:577,5763
DA:579,4055
DA:580,4055
DA:582,5763
DA:584,5763
DA:591,5763
DA:595,4758
DA:596,4758
DA:597,4758
DA:598,4758
DA:601,5763
DA:602,5763
DA:603,5763
DA:605,5763
DA:607,5763
DA:608,17289
DA:610,5763
DA:611,5763
DA:612,5763
DA:614,5763
DA:615,17289
DA:617,5763
DA:618,5763
DA:619,5763
DA:620,5811
DA:622,9516
DA:624,4758
DA:625,9516
DA:627,10015
DA:629,10015
DA:630,10015
DA:631,10015
DA:632,10015
DA:634,10015
DA:636,5762
DA:638,5762
DA:643,5762
DA:646,10015
DA:649,5257
DA:651,15771
DA:652,6265
DA:653,6265
DA:655,1008
DA:658,5257
DA:662,5257
DA:667,8149199
DA:674,8149199
DA:678,8149199
DA:679,8149199
DA:680,8149199
DA:681,8149199
DA:683,8149199
DA:685,948060
DA:686,948060
DA:687,948060
DA:688,948060
DA:689,948060
DA:690,355318
DA:692,7201139
DA:694,106157
DA:695,106157
DA:696,106157
DA:698,653
DA:700,106157
DA:701,106157
DA:702,106157
DA:703,140
DA:705,7094982
DA:707,7094982
DA:709,7094982
DA:712,13
DA:715,13
DA:722,1074324
DA:723,1074324
DA:725,1074324
DA:727,1074324
DA:728,1074324
DA:731,1074324
DA:734,1074324
DA:735,1074324
DA:736,1074324
DA:738,718864
DA:740,718864
DA:741,718864
DA:744,355460
DA:746,355460
DA:747,355460
DA:749,7074862
DA:752,7074862
DA:753,7074862
DA:755,7074862
DA:757,6719415
DA:760,355447
DA:761,355447
DA:764,7074880
DA:766,7074880
DA:769,1054217
DA:771,1054217
DA:772,1054217
DA:773,1054217
DA:775,15224079
DA:777,15224079
DA:779,15224079
DA:781,1054216
DA:782,1054216
DA:788,1054216
DA:791,15224079
DA:795,691097
DA:805,691097
DA:807,691097
DA:808,691097
DA:810,3236761
DA:812,2711502
DA:814,2711502
DA:816,2711494
DA:818,2711494
DA:820,165838
DA:821,165838
DA:826,691097
DA:828,4
DA:831,1216348
DA:832,525255
DA:834,521039
DA:835,521039
DA:836,521039
DA:837,521039
DA:838,521039
DA:839,521039
DA:840,521039
DA:843,170054
DA:845,170058
DA:846,170058
DA:847,170058
DA:848,170058
DA:849,170058
DA:852,807
DA:856,807
DA:863,170845
DA:864,170845
DA:866,170845
DA:868,170845
DA:869,170845
DA:870,170845
DA:871,170845
DA:874,170845
DA:877,170845
DA:878,170845
DA:879,170845
DA:880,170845
DA:882,165826
DA:884,165826
DA:885,165826
DA:888,5019
DA:890,5019
DA:891,5019
DA:893,519445
DA:897,519445
DA:898,519445
DA:900,519445
DA:902,515233
DA:905,4212
DA:906,4212
DA:910,2236
DA:916,2236
DA:917,2236
DA:919,2236
DA:921,8
DA:922,8
DA:926,2228
DA:929,2236
DA:930,2236
DA:933,147547
DA:944,147547
DA:945,147547
DA:947,147547
DA:948,147547
DA:950,147609
DA:952,147563
DA:954,147563
DA:956,147551
DA:958,147551
DA:960,147501
DA:961,147501
DA:966,147547
DA:968,4
DA:971,147585
DA:972,42
DA:974,42
DA:975,42
DA:976,42
DA:977,42
DA:978,42
DA:979,42
DA:980,9
DA:982,147501
DA:984,147505
DA:985,147505
DA:986,147505
DA:987,147505
DA:988,147505
DA:991,11
DA:995,22
DA:996,33
DA:1006,147496
DA:1008,147496
DA:1014,147496
DA:1016,147496
DA:1017,147496
DA:1018,147496
DA:1019,147496
DA:1022,147496
DA:1025,294992
DA:1026,294992
DA:1027,147496
DA:1028,147496
DA:1030,147484
DA:1032,147484
DA:1033,147484
DA:1039,12
DA:1042,12
DA:1043,12
DA:1045,11
DA:1047,11
DA:1048,11
DA:1050,40
DA:1052,40
DA:1055,40
DA:1056,40
DA:1058,40
DA:1060,39
DA:1063,1
DA:1064,1
DA:1068,157001
DA:1079,157001
DA:1080,157001
DA:1081,157001
DA:1083,420899
DA:1085,263898
DA:1086,263898
DA:1088,262890
DA:1089,262890
DA:1093,157001
DA:1095,5
DA:1098,159170
DA:1099,2174
DA:1101,2174
DA:1102,2174
DA:1103,2174
DA:1104,2174
DA:1105,2174
DA:1106,2174
DA:1107,3
DA:1109,154822
DA:1111,154827
DA:1112,154827
DA:1113,154827
DA:1114,154827
DA:1115,154827
DA:1118,2
DA:1122,4
DA:1123,6
DA:1133,72687
DA:1135,72687
DA:1141,72687
DA:1143,72687
DA:1144,72687
DA:1145,72687
DA:1146,72687
DA:1149,72687
DA:1152,145374
DA:1153,145374
DA:1154,72687
DA:1155,72687
DA:1157,72684
DA:1159,72684
DA:1160,72684
DA:1166,3
DA:1169,3
DA:1170,3
DA:1173,2
DA:1175,2
DA:1176,2
DA:1178,84312
DA:1180,84312
DA:1183,84312
DA:1184,84312
DA:1186,84312
DA:1188,84311
DA:1191,1
DA:1192,1
DA:1195,76
DA:1197,76
DA:1198,76
DA:1200,76
DA:1202,140
DA:1203,116
DA:1204,40
DA:1206,20
DA:1207,40
DA:1210,76
DA:1214,2653230
DA:1219,2653230
DA:1223,2653222
DA:1224,2653222
DA:1226,523228
DA:1229,2129994
DA:1232,2130002
DA:1235,995665
DA:1239,995665
DA:1240,995665
DA:1241,995665
DA:1242,995665
DA:1244,523240
DA:1248,523240
DA:1250,2177
DA:1251,2177
DA:1252,2177
DA:1255,521063
DA:1256,521063
DA:1257,521063
DA:1260,811
DA:1263,811
DA:1264,811
DA:1271,2130801
DA:1274,2130801
DA:1276,2130801
DA:1277,2130801
DA:1279,2130801
DA:1282,2130801
DA:1285,2130801
DA:1286,2130801
DA:1287,2130801
DA:1289,2003078
DA:1291,2003078
DA:1292,2003078
DA:1298,127723
DA:1304,127723
DA:1305,127723
DA:1307,811
DA:1310,811
DA:1311,811
DA:1312,811
DA:1314,521618
DA:1317,521618
DA:1319,521618
DA:1320,521618
DA:1322,394706
DA:1325,126912
DA:1326,126912
DA:1329,12
DA:1331,12
DA:1334,222
DA:1336,222
DA:1339,222
DA:1341,222
DA:1344,1556
DA:1346,1556
DA:1349,222
DA:1351,222
DA:1354,7074962
DA:1356,7074962
DA:1359,87
DA:1361,87
DA:1364,604663
DA:1366,604663
DA:1369,604663
DA:1371,604663
DA:1374,604649
DA:1376,604649
DA:1379,2104
DA:1381,2104
DA:1384,2026
DA:1386,2026
DA:1389,12036314
DA:1391,12036314
DA:1394,11
DA:1396,11
DA:1397,11
DA:1399,506
DA:1402,506
DA:1403,506
DA:1404,254
DA:1406,506
DA:1408,506
DA:1410,506
DA:1411,506
DA:1412,506
DA:1413,506
DA:1414,506
DA:1415,506
DA:1416,506
DA:1417,506
DA:1418,506
DA:1419,506
DA:1420,506
DA:1421,506
DA:1422,506
DA:1423,506
DA:1424,506
DA:1425,506
DA:1426,506
DA:1427,506
DA:1428,506
DA:1429,506
DA:1432,506
DA:1433,506
DA:1434,506
DA:1435,506
DA:1436,506
DA:1437,506
DA:1438,506
DA:1439,506
DA:1440,506
DA:1441,506
DA:1442,506
DA:1445,506
DA:1448,506
DA:1450,506
DA:1453,760
LF:550
LH:550
end_of_record
TN:
SF:lib/disruptor.js
FN:8,check
FN:18,Disruptor2
FN:54,_consumeNew
FN:61,consumeNew
FN:71,_produceClaim
FN:80,produceClaim
FN:90,_produceClaimMany
FN:99,produceClaimMany
FN:109,_produceClaimAvail
FN:118,produceClaimAvail
FN:128,_produceCommit
FN:138,produceCommit
FN:160,DisruptorReadStream
FN:172,__read
FN:195,_read
FN:221,read_again
FN:235,DisruptorWriteStream
FN:247,_write
FN:282,_final
FN:287,_destroy
FN:298,_commit
FN:324,commit_again
FN:328,write_again
FNDA:5771,Disruptor2
FNDA:7074862,consumeNew
FNDA:16,DisruptorWriteStream
FNDA:84312,_produceClaimAvail
FNDA:519445,_produceClaim
FNDA:2012,DisruptorReadStream
FNDA:8200277,check
FNDA:84304,_write
FNDA:6125578,read_again
FNDA:1,commit_again
FNDA:40,_produceClaimMany
FNDA:5,_final
FNDA:521618,_produceCommit
FNDA:7074862,_consumeNew
FNDA:6128592,__read
FNDA:40,produceClaimMany
FNDA:6235515,_read
FNDA:2164,_commit
FNDA:83290,write_again
FNDA:521618,produceCommit
FNDA:519445,produceClaim
FNDA:2024,_destroy
FNDA:84312,produceClaimAvail
FNF:23
FNH:23
BRDA:1,0,0,506
BRDA:8,1,0,8200277
BRDA:11,2,0,7713704
BRDA:18,3,0,5771
BRDA:22,4,0,6529800
BRDA:23,5,0,6529800
BRDA:28,6,0,467557
BRDA:29,7,0,467557
BRDA:34,8,0,27
BRDA:35,9,0,27
BRDA:40,10,0,84308
BRDA:41,11,0,84308
BRDA:46,12,0,469725
BRDA:47,13,0,2163
BRDA:50,14,0,467562
BRDA:54,15,0,7074862
BRDA:61,16,0,7074862
BRDA:64,17,0,545062
BRDA:67,18,0,6529800
BRDA:71,19,0,519445
BRDA:80,20,0,519445
BRDA:83,21,0,51888
BRDA:86,22,0,467557
BRDA:90,23,0,40
BRDA:99,24,0,40
BRDA:102,25,0,13
BRDA:105,26,0,27
BRDA:109,27,0,84312
BRDA:118,28,0,84312
BRDA:121,29,0,4
BRDA:124,30,0,84308
BRDA:128,31,0,521618
BRDA:131,32,0,2171
BRDA:134,33,0,519447
BRDA:138,34,0,521618
BRDA:141,35,0,2171
BRDA:143,36,0,8
BRDA:146,37,0,2163
BRDA:149,38,0,520618
BRDA:149,39,0,519447
BRDA:151,40,0,51885
BRDA:154,41,0,467562
BRDA:160,42,0,2012
BRDA:162,43,0,1
BRDA:165,44,0,2011
BRDA:165,45,0,1
BRDA:168,46,0,2010
BRDA:172,47,0,6128592
BRDA:173,48,0,1
BRDA:176,49,0,6128591
BRDA:179,50,0,6128590
BRDA:182,51,0,1
BRDA:186,52,0,6128591
BRDA:187,53,0,1001
BRDA:192,54,0,6127590
BRDA:195,55,0,6235515
BRDA:196,56,0,107927
BRDA:199,57,0,6127588
BRDA:200,58,0,6126585
BRDA:201,59,0,107926
BRDA:202,60,0,107924
BRDA:205,61,0,6018659
BRDA:205,62,0,1004
BRDA:213,63,0,6017655
BRDA:213,64,0,1
BRDA:215,65,0,6017654
BRDA:221,66,0,6125578
BRDA:222,67,0,6125578
BRDA:225,68,0,2010
BRDA:226,69,0,1001
BRDA:228,70,0,1009
BRDA:235,71,0,16
BRDA:237,72,0,1
BRDA:240,73,0,15
BRDA:240,74,0,1
BRDA:243,75,0,14
BRDA:247,76,0,84304
BRDA:248,77,0,1
BRDA:251,78,0,84303
BRDA:258,79,0,84302
BRDA:259,80,0,1
BRDA:263,81,0,84302
BRDA:264,82,0,1
BRDA:268,83,0,84301
BRDA:269,84,0,2167
BRDA:273,85,0,84301
BRDA:273,86,0,82138
BRDA:274,87,0,1
BRDA:277,88,0,82137
BRDA:279,89,0,2163
BRDA:282,90,0,5
BRDA:287,91,0,14
BRDA:288,92,0,6
BRDA:291,93,0,2
BRDA:293,94,0,12
BRDA:298,95,0,2164
BRDA:299,96,0,1
BRDA:302,97,0,2163
BRDA:306,98,0,2162
BRDA:306,99,0,1
BRDA:310,100,0,2162
BRDA:311,101,0,1
BRDA:315,102,0,2161
BRDA:315,103,0,1
BRDA:318,104,0,2160
BRDA:318,105,0,1153
BRDA:321,106,0,1007
BRDA:324,107,0,1
BRDA:325,108,0,1
BRDA:328,109,0,83290
BRDA:329,110,0,83290
BRF:111
BRH:111
DA:1,506
DA:2,506
DA:3,506
DA:4,506
DA:5,506
DA:6,506
DA:7,506
DA:8,8200277
DA:9,8200277
DA:10,8200277
DA:11,8200277
DA:12,7713704
DA:13,7713704
DA:14,8200277
DA:15,506
DA:16,506
DA:17,506
DA:18,506
DA:19,5771
DA:20,5771
DA:21,5771
DA:22,5771
DA:23,6529800
DA:24,6529800
DA:25,6529800
DA:26,5771
DA:27,5771
DA:28,5771
DA:29,467557
DA:30,467557
DA:31,467557
DA:32,5771
DA:33,5771
DA:34,5771
DA:35,27
DA:36,27
DA:37,27
DA:38,5771
DA:39,5771
DA:40,5771
DA:41,84308
DA:42,84308
DA:43,84308
DA:44,5771
DA:45,5771
DA:46,5771
DA:47,469725
DA:48,2163
DA:49,2163
DA:50,467562
DA:51,5771
DA:52,5771
DA:53,506
DA:54,506
DA:55,7074862
DA:56,7074862
DA:57,7074862
DA:58,7074862
DA:59,7074862
DA:60,506
DA:61,506
DA:62,7074862
DA:63,7074862
DA:64,7074862
DA:65,545062
DA:66,545062
DA:67,6529800
DA:68,6529800
DA:69,7074862
DA:70,506
DA:71,506
DA:72,519445
DA:73,519445
DA:74,519445
DA:75,519445
DA:76,519445
DA:77,519445
DA:78,519445
DA:79,506
DA:80,506
DA:81,519445
DA:82,519445
DA:83,519445
DA:84,51888
DA:85,51888
DA:86,467557
DA:87,467557
DA:88,519445
DA:89,506
DA:90,506
DA:91,40
DA:92,40
DA:93,40
DA:94,40
DA:95,40
DA:96,40
DA:97,40
DA:98,506
DA:99,506
DA:100,40
DA:101,40
DA:102,40
DA:103,13
DA:104,13
DA:105,27
DA:106,27
DA:107,40
DA:108,506
DA:109,506
DA:110,84312
DA:111,84312
DA:112,84312
DA:113,84312
DA:114,84312
DA:115,84312
DA:116,84312
DA:117,506
DA:118,506
DA:119,84312
DA:120,84312
DA:121,84312
DA:122,4
DA:123,4
DA:124,84308
DA:125,84308
DA:126,84312
DA:127,506
DA:128,506
DA:129,521618
DA:130,521618
DA:131,521618
DA:132,2171
DA:133,2171
DA:134,519447
DA:135,519447
DA:136,521618
DA:137,506
DA:138,506
DA:139,521618
DA:140,521618
DA:141,521618
DA:142,2171
DA:143,2171
DA:144,8
DA:145,8
DA:146,2163
DA:147,2163
DA:148,2163
DA:149,519447
DA:150,519447
DA:151,520618
DA:152,51885
DA:153,51885
DA:154,467562
DA:155,467562
DA:156,521618
DA:157,506
DA:158,506
DA:159,506
DA:160,506
DA:161,2012
DA:162,2012
DA:163,1
DA:164,1
DA:165,2012
DA:166,1
DA:167,1
DA:168,2010
DA:169,2010
DA:170,2012
DA:171,506
DA:172,506
DA:173,6128592
DA:174,1
DA:175,1
DA:176,6128591
DA:177,6128591
DA:178,6128591
DA:179,6128592
DA:180,6128590
DA:181,6128590
DA:182,6128592
DA:183,1
DA:184,1
DA:185,1
DA:186,6128591
DA:187,6128592
DA:188,1001
DA:189,1001
DA:190,1001
DA:191,1001
DA:192,6127590
DA:193,6128592
DA:194,506
DA:195,506
DA:196,6235515
DA:197,107927
DA:198,107927
DA:199,6127588
DA:200,6235515
DA:201,6126585
DA:202,107926
DA:203,107924
DA:204,107924
DA:205,6126585
DA:206,1004
DA:207,1004
DA:208,1004
DA:209,1004
DA:210,1004
DA:211,1004
DA:212,1004
DA:213,6018659
DA:214,1
DA:215,6017655
DA:216,6017654
DA:217,6017654
DA:218,6126585
DA:219,6235515
DA:220,506
DA:221,506
DA:222,6125578
DA:223,6125578
DA:224,506
DA:225,506
DA:226,2010
DA:227,1001
DA:228,2010
DA:229,1009
DA:230,1009
DA:231,2010
DA:232,506
DA:233,506
DA:234,506
DA:235,506
DA:236,16
DA:237,16
DA:238,1
DA:239,1
DA:240,16
DA:241,1
DA:242,1
DA:243,14
DA:244,14
DA:245,16
DA:246,506
DA:247,506
DA:248,84304
DA:249,1
DA:250,1
DA:251,84303
DA:252,84303
DA:253,84303
DA:254,84303
DA:255,84303
DA:256,84303
DA:257,84303
DA:258,84304
DA:259,84304
DA:260,1
DA:261,1
DA:262,1
DA:263,84302
DA:264,84304
DA:265,1
DA:266,1
DA:267,1
DA:268,84301
DA:269,84304
DA:270,2167
DA:271,2167
DA:272,2167
DA:273,84304
DA:274,82138
DA:275,1
DA:276,1
DA:277,82137
DA:278,82137
DA:279,2163
DA:280,84304
DA:281,506
DA:282,506
DA:283,5
DA:284,5
DA:285,5
DA:286,506
DA:287,506
DA:288,14
DA:289,6
DA:290,6
DA:291,14
DA:292,2
DA:293,14
DA:294,12
DA:295,12
DA:296,14
DA:297,506
DA:298,506
DA:299,2164
DA:300,1
DA:301,1
DA:302,2163
DA:303,2163
DA:304,2163
DA:305,2163
DA:306,2164
DA:307,1
DA:308,1
DA:309,1
DA:310,2162
DA:311,2164
DA:312,1
DA:313,1
DA:314,1
DA:315,2164
DA:316,1
DA:317,1
DA:318,2164
DA:319,1153
DA:320,1153
DA:321,1007
DA:322,2164
DA:323,506
DA:324,506
DA:325,1
DA:326,1
DA:327,506
DA:328,506
DA:329,83290
DA:330,83290
DA:331,506
DA:332,506
DA:333,506
DA:334,506
DA:335,506
LF:335
LH:335
end_of_record
