TN:
SF:/home/david/shared-memory-disruptor/lib/disruptor.js
FN:4,check
FN:14,(anonymous_1)
FN:18,(anonymous_2)
FN:19,(anonymous_3)
FN:24,(anonymous_4)
FN:25,(anonymous_5)
FN:30,(anonymous_6)
FN:31,(anonymous_7)
FN:36,(anonymous_8)
FN:44,(anonymous_9)
FN:51,(anonymous_10)
FN:61,(anonymous_11)
FN:69,(anonymous_12)
FN:79,(anonymous_13)
FN:87,(anonymous_14)
FN:97,(anonymous_15)
FN:107,(anonymous_16)
FNDA:218891,(anonymous_2)
FNDA:286068,(anonymous_11)
FNDA:11,(anonymous_7)
FNDA:24,(anonymous_13)
FNDA:234180,(anonymous_5)
FNDA:286074,(anonymous_15)
FNDA:286068,(anonymous_12)
FNDA:3464,(anonymous_1)
FNDA:218891,(anonymous_3)
FNDA:11,(anonymous_6)
FNDA:286074,(anonymous_16)
FNDA:455868,(anonymous_10)
FNDA:234183,(anonymous_8)
FNDA:234180,(anonymous_4)
FNDA:455868,(anonymous_9)
FNDA:24,(anonymous_14)
FNDA:1028034,check
FNF:17
FNH:17
BRDA:6,0,0,742119
BRDA:6,0,1,285915
BRDA:37,1,0,2
BRDA:37,1,1,234181
BRDA:53,2,0,236977
BRDA:53,2,1,218891
BRDA:71,3,0,51888
BRDA:71,3,1,234180
BRDA:89,4,0,13
BRDA:89,4,1,11
BRDA:99,5,0,8
BRDA:99,5,1,286066
BRDA:109,6,0,8
BRDA:109,6,1,286066
BRDA:111,7,0,6
BRDA:111,7,1,2
BRDA:119,8,0,51885
BRDA:119,8,1,234181
BRF:18
BRH:18
DA:1,253
DA:2,253
DA:6,1028034
DA:8,742119
DA:16,3464
DA:18,3460
DA:19,218891
DA:20,218891
DA:24,3460
DA:25,234180
DA:26,234180
DA:30,3460
DA:31,11
DA:32,11
DA:36,3460
DA:37,234183
DA:38,2
DA:40,234181
DA:46,455868
DA:53,455868
DA:55,236977
DA:58,218891
DA:63,286068
DA:71,286068
DA:73,51888
DA:76,234180
DA:81,24
DA:89,24
DA:91,13
DA:94,11
DA:99,286074
DA:101,8
DA:104,286066
DA:109,286074
DA:111,8
DA:113,6
DA:116,2
DA:119,286066
DA:121,51885
DA:124,234181
DA:128,253
LF:41
LH:41
end_of_record
TN:
SF:/home/david/shared-memory-disruptor/src/disruptor.cc
FN:47,_ZN9Disruptor4SpinEv
FN:149,_Z11GetCallbackRKN4Napi12CallbackInfoEj
FN:167,_ZN11AsyncBufferIhEC2Ev
FN:173,_ZN11AsyncBufferIhE3NewEN4Napi3EnvEPhm
FN:178,_ZN11AsyncBufferIhE3NewEN4Napi3EnvEm
FN:183,_ZN11AsyncBufferIhE7ToValueEN4Napi3EnvE
FN:199,_ZN11AsyncBufferIhE6LengthEv
FN:205,_ZN11AsyncBufferIhEC2EPhm
FN:219,_ZN10AsyncArrayI11AsyncBufferIhEEC2Ev
FN:224,_ZN10AsyncArrayI11AsyncBufferIhEE3NewEN4Napi3EnvE
FN:229,_ZN10AsyncArrayI11AsyncBufferIhEE3SetEjS1_
FN:239,_ZN10AsyncArrayI11AsyncBufferIhEE7ToValueEN4Napi3EnvE
FN:250,_ZN10AsyncArrayI11AsyncBufferIhEE6LengthEv
FN:262,_ZN12AsyncBooleanC2Ev
FN:267,_ZN12AsyncBoolean3NewEN4Napi3EnvEb
FN:272,_ZN12AsyncBoolean7ToValueEN4Napi3EnvE
FN:277,_ZNK12AsyncBooleancvbEv
FN:283,_ZN12AsyncBooleanC2Eb
FN:295,_Z7ToValueRKN4Napi3EnvEm
FN:300,_Z7ToValueRKN4Napi3EnvERK14AsyncUndefined
FN:309,_ZN20DisruptorAsyncWorkerI11AsyncBufferIhEmmEC2EP9DisruptorRKN4Napi8FunctionE
FN:309,_ZN20DisruptorAsyncWorkerI10AsyncArrayI11AsyncBufferIhEEmmEC2EP9DisruptorRKN4Napi8FunctionE
FN:309,_ZN20DisruptorAsyncWorkerI12AsyncBoolean14AsyncUndefinedS1_EC2EP9DisruptorRKN4Napi8FunctionE
FN:309,_ZN20DisruptorAsyncWorkerI10AsyncArrayI11AsyncBufferIhEEm14AsyncUndefinedEC2EP9DisruptorRKN4Napi8FunctionE
FN:321,_ZN20DisruptorAsyncWorkerI10AsyncArrayI11AsyncBufferIhEEmmE4OnOKEv
FN:321,_ZN20DisruptorAsyncWorkerI10AsyncArrayI11AsyncBufferIhEEm14AsyncUndefinedE4OnOKEv
FN:321,_ZN20DisruptorAsyncWorkerI11AsyncBufferIhEmmE4OnOKEv
FN:321,_ZN20DisruptorAsyncWorkerI12AsyncBoolean14AsyncUndefinedS1_E4OnOKEv
FN:354,_ZN7CloseFDclEPi
FN:361,_ZN9Disruptor15ThrowErrnoErrorERKN4Napi12CallbackInfoEPKcb
FN:386,_ZN9DisruptorC2ERKN4Napi12CallbackInfoE
FN:448,_ZN9DisruptorD2Ev
FN:453,_ZN9Disruptor7ReleaseEv
FN:470,_ZN9Disruptor7ReleaseERKN4Napi12CallbackInfoE
FN:479,_ZN9Disruptor14ConsumeNewSyncIN4Napi5ArrayENS1_6BufferEEET_RKNS1_3EnvEbRm
FN:479,_ZN9Disruptor14ConsumeNewSyncI10AsyncArrayI11AsyncBufferIhEES2_EET_RKN4Napi3EnvEbRm
FN:537,_ZN9Disruptor14ConsumeNewSyncERKN4Napi12CallbackInfoE
FN:549,_ZN21ConsumeNewAsyncWorkerC2EP9DisruptorRKN4Napi8FunctionE
FN:560,_ZN21ConsumeNewAsyncWorker7ExecuteEv
FN:567,_ZN21ConsumeNewAsyncWorker5RetryEv
FN:573,_ZN9Disruptor15ConsumeNewAsyncERKN4Napi12CallbackInfoE
FN:578,_ZN9Disruptor10ConsumeNewERKN4Napi12CallbackInfoE
FN:593,_ZN9Disruptor13ConsumeCommitERKN4Napi12CallbackInfoE
FN:598,_ZN9Disruptor13UpdatePendingEmm
FN:604,_ZN9Disruptor13ConsumeCommitEv
FN:620,_ZN9Disruptor16ProduceClaimSyncIN4Napi6BufferEEET_IhERKNS1_3EnvEbRmS8_
FN:620,_ZN9Disruptor16ProduceClaimSyncI11AsyncBufferEET_IhERKN4Napi3EnvEbRmS8_
FN:665,_ZN9Disruptor16ProduceClaimSyncERKN4Napi12CallbackInfoE
FN:676,_ZN23ProduceClaimAsyncWorkerC2EP9DisruptorRKN4Napi8FunctionE
FN:686,_ZN23ProduceClaimAsyncWorker7ExecuteEv
FN:694,_ZN23ProduceClaimAsyncWorker5RetryEv
FN:700,_ZN9Disruptor17ProduceClaimAsyncERKN4Napi12CallbackInfoE
FN:705,_ZN9Disruptor12ProduceClaimERKN4Napi12CallbackInfoE
FN:720,_ZN9Disruptor17ProduceGetBuffersI10AsyncArrayI11AsyncBufferIhEES2_EEvRKN4Napi3EnvEmmRT_
FN:720,_ZN9Disruptor17ProduceGetBuffersIN4Napi5ArrayENS1_6BufferEEEvRKNS1_3EnvEmmRT_
FN:752,_ZN9Disruptor20ProduceClaimManySyncIN4Napi5ArrayENS1_6BufferEEET_RKNS1_3EnvEjbRmS8_
FN:752,_ZN9Disruptor20ProduceClaimManySyncI10AsyncArrayI11AsyncBufferIhEES2_EET_RKN4Napi3EnvEjbRmSA_
FN:794,_ZN9Disruptor20ProduceClaimManySyncERKN4Napi12CallbackInfoE
FN:807,_ZN27ProduceClaimManyAsyncWorkerC2EP9DisruptorRKN4Napi8FunctionEj
FN:821,_ZN27ProduceClaimManyAsyncWorker7ExecuteEv
FN:829,_ZN27ProduceClaimManyAsyncWorker5RetryEv
FN:838,_ZN9Disruptor21ProduceClaimManyAsyncERKN4Napi12CallbackInfoEj
FN:844,_ZN9Disruptor21ProduceClaimManyAsyncERKN4Napi12CallbackInfoE
FN:849,_ZN9Disruptor16ProduceClaimManyERKN4Napi12CallbackInfoE
FN:864,_ZN9Disruptor14ProduceRecoverERKN4Napi12CallbackInfoE
FN:883,_ZN9Disruptor17ProduceCommitSyncI12AsyncBooleanEET_RKN4Napi3EnvEmmb
FN:883,_ZN9Disruptor17ProduceCommitSyncIN4Napi7BooleanEEET_RKNS1_3EnvEmmb
FN:903,_ZN9Disruptor13UpdateSeqNextEmm
FN:909,_ZN9Disruptor10GetSeqNextERKN4Napi12CallbackInfoERmS4_
FN:925,_ZN9Disruptor17ProduceCommitSyncERKN4Napi12CallbackInfoE
FN:936,_ZN24ProduceCommitAsyncWorkerC2EP9DisruptorRKN4Napi8FunctionEmm
FN:948,_ZN24ProduceCommitAsyncWorker7ExecuteEv
FN:955,_ZN24ProduceCommitAsyncWorker5RetryEv
FN:964,_ZN9Disruptor18ProduceCommitAsyncERKN4Napi12CallbackInfoEmmj
FN:973,_ZN9Disruptor18ProduceCommitAsyncERKN4Napi12CallbackInfoE
FN:980,_ZN9Disruptor13ProduceCommitERKN4Napi12CallbackInfoE
FN:995,_ZN9Disruptor12GetConsumersERKN4Napi12CallbackInfoE
FN:1000,_ZN9Disruptor9GetCursorERKN4Napi12CallbackInfoE
FN:1005,_ZN9Disruptor7GetNextERKN4Napi12CallbackInfoE
FN:1010,_ZN9Disruptor11GetElementsERKN4Napi12CallbackInfoE
FN:1015,_ZN9Disruptor11GetConsumerERKN4Napi12CallbackInfoE
FN:1020,_ZN9Disruptor21GetPendingSeqConsumerERKN4Napi12CallbackInfoE
FN:1025,_ZN9Disruptor19GetPendingSeqCursorERKN4Napi12CallbackInfoE
FN:1030,_ZN9Disruptor17GetPendingSeqNextERKN4Napi12CallbackInfoE
FN:1035,_ZN9Disruptor20GetPendingSeqNextEndERKN4Napi12CallbackInfoE
FN:1040,_ZN9Disruptor14GetElementSizeERKN4Napi12CallbackInfoE
FN:1045,_ZN9Disruptor10InitializeEN4Napi3EnvENS0_6ObjectE
FN:1081,_Z10InitializeN4Napi3EnvENS_6ObjectE
FN:1086,_Z17__napi_InitializeP10napi_env__P12napi_value__
FN:1086,_register_disruptor
FNDA:1019170,_ZN20DisruptorAsyncWorkerI10AsyncArrayI11AsyncBufferIhEEm14AsyncUndefinedEC2EP9DisruptorRKN4Napi8FunctionE
FNDA:1019170,_ZN9Disruptor14ConsumeNewSyncI10AsyncArrayI11AsyncBufferIhEES2_EET_RKN4Napi3EnvEbRm
FNDA:199978,_ZN20DisruptorAsyncWorkerI11AsyncBufferIhEmmE4OnOKEv
FNDA:661963,_ZN9Disruptor13UpdatePendingEmm
FNDA:169461,_ZN9Disruptor20ProduceClaimManySyncI10AsyncArrayI11AsyncBufferIhEES2_EET_RKN4Napi3EnvEjbRmSA_
FNDA:149932,_ZN12AsyncBoolean7ToValueEN4Napi3EnvE
FNDA:810,_ZN9Disruptor17ProduceCommitSyncERKN4Napi12CallbackInfoE
FNDA:11,_ZN9Disruptor21ProduceClaimManyAsyncERKN4Napi12CallbackInfoE
FNDA:149932,_ZN9Disruptor18ProduceCommitAsyncERKN4Napi12CallbackInfoEmmj
FNDA:397299,_Z11GetCallbackRKN4Napi12CallbackInfoEj
FNDA:505,_ZN9Disruptor10InitializeEN4Napi3EnvENS0_6ObjectE
FNDA:1104929,_ZN20DisruptorAsyncWorkerI12AsyncBoolean14AsyncUndefinedS1_EC2EP9DisruptorRKN4Napi8FunctionE
FNDA:12,_ZN9Disruptor12GetConsumersERKN4Napi12CallbackInfoE
FNDA:2343091,_ZN9Disruptor13ConsumeCommitEv
FNDA:520319,_ZN9Disruptor17GetPendingSeqNextERKN4Napi12CallbackInfoE
FNDA:169461,_ZN27ProduceClaimManyAsyncWorkerC2EP9DisruptorRKN4Napi8FunctionEj
FNDA:521067,_ZN9Disruptor10GetSeqNextERKN4Napi12CallbackInfoERmS4_
FNDA:661959,_ZN9Disruptor14ConsumeNewSyncIN4Napi5ArrayENS1_6BufferEEET_RKNS1_3EnvEbRm
FNDA:242130,_ZN10AsyncArrayI11AsyncBufferIhEE7ToValueEN4Napi3EnvE
FNDA:1019170,_ZN21ConsumeNewAsyncWorker7ExecuteEv
FNDA:3179,_ZN9DisruptorD2Ev
FNDA:520257,_ZN9Disruptor17ProduceCommitSyncIN4Napi7BooleanEEET_RKNS1_3EnvEmmb
FNDA:35,_ZN9Disruptor20ProduceClaimManySyncIN4Napi5ArrayENS1_6BufferEEET_RKNS1_3EnvEjbRmS8_
FNDA:242112,_ZN9Disruptor15ConsumeNewAsyncERKN4Napi12CallbackInfoE
FNDA:64,_ZN9Disruptor14GetElementSizeERKN4Napi12CallbackInfoE
FNDA:1104929,_ZN24ProduceCommitAsyncWorker7ExecuteEv
FNDA:541976,_Z7ToValueRKN4Napi3EnvERK14AsyncUndefined
FNDA:3716,_ZN9DisruptorC2ERKN4Napi12CallbackInfoE
FNDA:2493538,_ZN9Disruptor4SpinEv
FNDA:169443,_ZN27ProduceClaimManyAsyncWorker5RetryEv
FNDA:1188631,_ZN10AsyncArrayI11AsyncBufferIhEE6LengthEv
FNDA:1104929,_ZN12AsyncBoolean3NewEN4Napi3EnvEb
FNDA:520319,_ZN9Disruptor20GetPendingSeqNextEndERKN4Napi12CallbackInfoE
FNDA:519447,_ZN9Disruptor13ProduceCommitERKN4Napi12CallbackInfoE
FNDA:442309,_ZN11AsyncBufferIhEC2EPhm
FNDA:954997,_ZN24ProduceCommitAsyncWorker5RetryEv
FNDA:1556,_ZN9Disruptor11GetElementsERKN4Napi12CallbackInfoE
FNDA:1104929,_ZN20DisruptorAsyncWorkerI12AsyncBoolean14AsyncUndefinedS1_E4OnOKEv
FNDA:253,_register_disruptor
FNDA:247568,_ZN11AsyncBufferIhE7ToValueEN4Napi3EnvE
FNDA:199978,_ZN23ProduceClaimAsyncWorkerC2EP9DisruptorRKN4Napi8FunctionE
FNDA:199978,_ZN11AsyncBufferIhE6LengthEv
FNDA:18,_ZN9Disruptor21ProduceClaimManyAsyncERKN4Napi12CallbackInfoEj
FNDA:1104929,_ZN12AsyncBooleanC2Eb
FNDA:6387,_ZN9Disruptor7ReleaseEv
FNDA:11,_ZN9Disruptor20ProduceClaimManySyncERKN4Napi12CallbackInfoE
FNDA:199978,_ZN9Disruptor16ProduceClaimSyncI11AsyncBufferEET_IhERKN4Napi3EnvEbRmS8_
FNDA:194753,_ZN11AsyncBufferIhE3NewEN4Napi3EnvEm
FNDA:169461,_ZN27ProduceClaimManyAsyncWorker7ExecuteEv
FNDA:4,_ZN9Disruptor15ThrowErrnoErrorERKN4Napi12CallbackInfoEPKcb
FNDA:662031,_ZN9Disruptor21GetPendingSeqConsumerERKN4Napi12CallbackInfoE
FNDA:889742,_ZN9Disruptor13UpdateSeqNextEmm
FNDA:2377262,_ZN10AsyncArrayI11AsyncBufferIhEEC2Ev
FNDA:1188631,_ZN10AsyncArrayI11AsyncBufferIhEE3NewEN4Napi3EnvE
FNDA:1104929,_ZN12AsyncBooleanC2Ev
FNDA:169461,_ZN20DisruptorAsyncWorkerI10AsyncArrayI11AsyncBufferIhEEmmEC2EP9DisruptorRKN4Napi8FunctionE
FNDA:1104929,_ZNK12AsyncBooleancvbEv
FNDA:76,_ZN9Disruptor14ProduceRecoverERKN4Napi12CallbackInfoE
FNDA:505,_Z10InitializeN4Napi3EnvENS_6ObjectE
FNDA:199978,_ZN23ProduceClaimAsyncWorker7ExecuteEv
FNDA:3716,_ZN7CloseFDclEPi
FNDA:520248,_ZN9Disruptor16ProduceClaimSyncIN4Napi6BufferEEET_IhERKNS1_3EnvEbRmS8_
FNDA:519441,_ZN9Disruptor12ProduceClaimERKN4Napi12CallbackInfoE
FNDA:199978,_ZN20DisruptorAsyncWorkerI11AsyncBufferIhEmmEC2EP9DisruptorRKN4Napi8FunctionE
FNDA:661947,_ZN9Disruptor10ConsumeNewERKN4Napi12CallbackInfoE
FNDA:1104929,_ZN24ProduceCommitAsyncWorkerC2EP9DisruptorRKN4Napi8FunctionEmm
FNDA:252622,_Z7ToValueRKN4Napi3EnvEm
FNDA:24,_ZN9Disruptor16ProduceClaimManyERKN4Napi12CallbackInfoE
FNDA:12,_ZN9Disruptor14ConsumeNewSyncERKN4Napi12CallbackInfoE
FNDA:197,_ZN9Disruptor9GetCursorERKN4Napi12CallbackInfoE
FNDA:3208,_ZN9Disruptor7ReleaseERKN4Napi12CallbackInfoE
FNDA:45,_ZN9Disruptor17ProduceGetBuffersIN4Napi5ArrayENS1_6BufferEEEvRKNS1_3EnvEmmRT_
FNDA:442309,_ZN11AsyncBufferIhEC2Ev
FNDA:1019170,_ZN21ConsumeNewAsyncWorkerC2EP9DisruptorRKN4Napi8FunctionE
FNDA:197,_ZN9Disruptor11GetConsumerERKN4Napi12CallbackInfoE
FNDA:9,_ZN9Disruptor17ProduceGetBuffersI10AsyncArrayI11AsyncBufferIhEES2_EEvRKN4Napi3EnvEmmRT_
FNDA:807,_ZN9Disruptor16ProduceClaimSyncERKN4Napi12CallbackInfoE
FNDA:247556,_ZN11AsyncBufferIhE3NewEN4Napi3EnvEPhm
FNDA:194741,_ZN23ProduceClaimAsyncWorker5RetryEv
FNDA:810,_ZN9Disruptor18ProduceCommitAsyncERKN4Napi12CallbackInfoE
FNDA:1019170,_ZN20DisruptorAsyncWorkerI10AsyncArrayI11AsyncBufferIhEEm14AsyncUndefinedE4OnOKEv
FNDA:5237,_ZN9Disruptor17ProduceClaimAsyncERKN4Napi12CallbackInfoE
FNDA:72,_ZN9Disruptor19GetPendingSeqCursorERKN4Napi12CallbackInfoE
FNDA:169461,_ZN20DisruptorAsyncWorkerI10AsyncArrayI11AsyncBufferIhEEmmE4OnOKEv
FNDA:242331,_ZN10AsyncArrayI11AsyncBufferIhEE3SetEjS1_
FNDA:1104929,_ZN9Disruptor17ProduceCommitSyncI12AsyncBooleanEET_RKN4Napi3EnvEmmb
FNDA:505,_Z17__napi_InitializeP10napi_env__P12napi_value__
FNDA:777058,_ZN21ConsumeNewAsyncWorker5RetryEv
FNDA:661962,_ZN9Disruptor13ConsumeCommitERKN4Napi12CallbackInfoE
FNDA:197,_ZN9Disruptor7GetNextERKN4Napi12CallbackInfoE
FNF:90
FNH:90
DA:47,2493538
DA:49,2493538
DA:149,397299
DA:151,397299
DA:153,397299
DA:154,397299
DA:156,397299
DA:167,442309
DA:169,442309
DA:171,442309
DA:173,247556
DA:175,247556
DA:178,194753
DA:180,194753
DA:183,247568
DA:185,247568
DA:187,247568
DA:189,247556
DA:193,12
DA:196,247568
DA:199,199978
DA:201,199978
DA:205,442309
DA:207,442309
DA:209,442309
DA:219,2377262
DA:220,2377262
DA:222,2377262
DA:224,1188631
DA:226,1188631
DA:229,242331
DA:231,242331
DA:233,242331
DA:236,242331
DA:237,242331
DA:239,242130
DA:241,242130
DA:242,242130
DA:243,484461
DA:245,242331
DA:247,242130
DA:250,1188631
DA:252,1188631
DA:262,1104929
DA:263,1104929
DA:265,1104929
DA:267,1104929
DA:269,1104929
DA:272,149932
DA:274,149932
DA:277,1104929
DA:279,1104929
DA:283,1104929
DA:284,1104929
DA:286,1104929
DA:295,252622
DA:297,252622
DA:300,541976
DA:302,541976
DA:309,2493538
DA:314,2493538
DA:316,2493538
DA:317,1104929
DA:322,1104929
DA:324,1104929
DA:325,169461
DA:330,169461
DA:332,169461
DA:333,199978
DA:338,199978
DA:340,199978
DA:341,1019170
DA:346,1019170
DA:348,1019170
DA:353,2493538
DA:355,2493538
DA:357,2096239
DA:360,397299
DA:362,1986495
DA:363,397299
DA:366,397299
DA:368,397299
DA:369,794598
DA:372,1019170
DA:374,1019170
DA:376,777058
DA:379,242112
DA:381,1210560
DA:382,242112
DA:385,242112
DA:387,242112
DA:388,484224
DA:391,199978
DA:393,199978
DA:395,194741
DA:398,5237
DA:400,26185
DA:401,5237
DA:404,5237
DA:406,5237
DA:407,10474
DA:410,169461
DA:412,169461
DA:414,169443
DA:417,18
DA:419,90
DA:420,18
DA:423,18
DA:425,18
DA:426,36
DA:429,1104929
DA:431,1104929
DA:433,954997
DA:436,149932
DA:438,749660
DA:439,149932
DA:442,149932
DA:444,149932
DA:445,299864
DA:462,3716
DA:464,3716
DA:465,3716
DA:466,3716
DA:469,4
DA:476,4
DA:478,4
DA:479,4
DA:481,4
DA:485,4
DA:486,4
DA:487,4
DA:490,4
DA:491,12
DA:494,3716
DA:496,3720
DA:499,3716
DA:500,3716
DA:501,3716
DA:502,3716
DA:503,3716
DA:504,3716
DA:505,3716
DA:509,3716
DA:511,3720
DA:512,3716
DA:514,4
DA:521,7424
DA:522,3712
DA:526,3712
DA:532,3712
DA:535,3712
DA:537,3712
DA:543,3712
DA:544,3712
DA:545,3712
DA:546,3712
DA:547,3712
DA:549,3712
DA:550,3712
DA:552,3712
DA:553,3712
DA:554,3712
DA:556,3179
DA:558,3179
DA:559,3179
DA:561,6387
DA:563,6387
DA:565,3279
DA:567,3279
DA:572,3279
DA:575,6387
DA:578,3208
DA:580,3208
DA:584,3208
DA:587,1681129
DA:594,1681129
DA:596,1019166
DA:598,1681129
DA:599,1681129
DA:600,1681129
DA:601,1681129
DA:603,1681129
DA:605,902604
DA:607,660870
DA:609,660870
DA:610,660870
DA:612,660870
DA:613,660870
DA:614,660870
DA:617,1020259
DA:619,1465
DA:621,1093
DA:623,1093
DA:624,1093
DA:626,1093
DA:628,600
DA:631,600
DA:634,1093
DA:635,1093
DA:636,1093
DA:641,1019166
DA:642,1019166
DA:644,1019170
DA:651,1019170
DA:653,777064
DA:655,1019170
DA:656,1019170
DA:657,1019170
DA:658,1019170
DA:660,1019170
DA:662,483468
DA:664,241734
DA:666,241734
DA:667,241734
DA:669,241734
DA:670,241734
DA:671,241734
DA:674,777436
DA:676,744
DA:678,372
DA:680,372
DA:681,372
DA:683,372
DA:685,215
DA:688,215
DA:691,372
DA:692,372
DA:693,372
DA:698,777064
DA:699,777064
DA:701,661959
DA:708,661959
DA:710,242102
DA:712,661959
DA:713,661959
DA:714,661959
DA:715,661959
DA:717,661959
DA:719,419136
DA:721,419136
DA:723,419136
DA:724,419136
DA:726,419136
DA:727,419136
DA:728,419136
DA:731,242823
DA:733,721
DA:735,721
DA:737,721
DA:738,721
DA:740,721
DA:742,385
DA:745,385
DA:748,721
DA:749,721
DA:750,721
DA:755,242102
DA:756,242102
DA:759,12
DA:762,12
DA:771,1019170
DA:772,1019170
DA:776,1019170
DA:778,1019170
DA:779,1019170
DA:782,1019170
DA:785,1019170
DA:786,1019170
DA:787,1019170
DA:789,777058
DA:791,777058
DA:792,777058
DA:795,242112
DA:797,242112
DA:798,242112
DA:800,661947
DA:804,661947
DA:806,661947
DA:808,419847
DA:811,242100
DA:812,242100
DA:815,661962
DA:817,661962
DA:820,661963
DA:822,661963
DA:823,661963
DA:824,661963
DA:826,2343091
DA:828,2343091
DA:830,2343091
DA:832,661962
DA:835,661962
DA:838,2343091
DA:842,720226
DA:847,199187
DA:849,720226
DA:851,720226
DA:853,3269632
DA:855,2744179
DA:857,2744179
DA:859,194773
DA:860,194773
DA:864,1245679
DA:865,525453
DA:867,526264
DA:869,521039
DA:870,521039
DA:872,521039
DA:873,521039
DA:874,521039
DA:876,521039
DA:881,199187
DA:882,199187
DA:883,199187
DA:884,199187
DA:886,199978
DA:891,194753
DA:893,199978
DA:895,199978
DA:897,215039
DA:899,209801
DA:901,209801
DA:903,194740
DA:904,194740
DA:908,205216
DA:909,5238
DA:911,10450
DA:913,5225
DA:914,5225
DA:916,5225
DA:917,5225
DA:918,5225
DA:920,5225
DA:925,194753
DA:926,194753
DA:927,194753
DA:928,194753
DA:930,520248
DA:935,4434
DA:937,520248
DA:939,520248
DA:941,3054593
DA:943,2534378
DA:945,2534378
DA:947,33
DA:948,33
DA:952,1040463
DA:953,520215
DA:955,515814
DA:957,515814
DA:958,515814
DA:960,515814
DA:961,515814
DA:962,515814
DA:964,515814
DA:969,4434
DA:970,4434
DA:971,4434
DA:972,4434
DA:975,807
DA:978,807
DA:979,807
DA:986,199978
DA:987,199978
DA:989,199978
DA:991,199978
DA:992,199978
DA:993,199978
DA:996,199978
DA:999,199978
DA:1000,199978
DA:1001,199978
DA:1002,199978
DA:1004,194741
DA:1006,194741
DA:1007,194741
DA:1010,5237
DA:1012,5237
DA:1013,5237
DA:1015,519441
DA:1019,519441
DA:1020,519441
DA:1022,515011
DA:1025,4430
DA:1026,4430
DA:1030,54
DA:1035,54
DA:1036,54
DA:1038,54
DA:1040,4
DA:1042,4
DA:1043,4
DA:1045,4
DA:1048,4
DA:1052,50
DA:1054,50
DA:1055,50
DA:1058,54
DA:1059,54
DA:1060,9
DA:1065,9
DA:1066,9
DA:1068,9
DA:1070,1
DA:1072,1
DA:1073,1
DA:1075,1
DA:1078,1
DA:1082,8
DA:1084,8
DA:1085,8
DA:1088,9
DA:1089,9
DA:1090,45
DA:1095,45
DA:1096,45
DA:1098,45
DA:1100,3
DA:1102,3
DA:1103,3
DA:1105,3
DA:1108,3
DA:1112,42
DA:1114,42
DA:1115,42
DA:1118,45
DA:1119,45
DA:1122,169496
DA:1128,169462
DA:1130,169496
DA:1131,169496
DA:1133,169496
DA:1135,169530
DA:1137,169496
DA:1139,169496
DA:1141,169462
DA:1142,169462
DA:1146,169530
DA:1147,34
DA:1149,43
DA:1150,34
DA:1151,34
DA:1152,34
DA:1153,34
DA:1158,169462
DA:1159,169462
DA:1160,169462
DA:1161,169462
DA:1163,169461
DA:1169,169452
DA:1171,169461
DA:1172,169461
DA:1174,169461
DA:1176,169470
DA:1178,169461
DA:1180,169461
DA:1182,169452
DA:1183,169452
DA:1187,169470
DA:1188,9
DA:1190,18
DA:1191,9
DA:1192,9
DA:1193,9
DA:1194,9
DA:1199,169452
DA:1200,169452
DA:1201,169452
DA:1202,169452
DA:1204,35
DA:1210,10
DA:1212,35
DA:1213,35
DA:1215,35
DA:1217,60
DA:1219,35
DA:1221,35
DA:1223,10
DA:1224,10
DA:1228,60
DA:1229,25
DA:1231,25
DA:1232,25
DA:1233,25
DA:1234,25
DA:1235,25
DA:1240,10
DA:1241,10
DA:1242,10
DA:1243,10
DA:1246,11
DA:1249,11
DA:1250,11
DA:1259,169461
DA:1261,169461
DA:1266,169461
DA:1268,169461
DA:1269,169461
DA:1270,169461
DA:1273,169461
DA:1276,338922
DA:1277,338922
DA:1278,169461
DA:1279,169461
DA:1281,169443
DA:1283,169443
DA:1284,169443
DA:1290,18
DA:1293,18
DA:1294,18
DA:1296,11
DA:1298,11
DA:1299,11
DA:1301,24
DA:1303,24
DA:1306,24
DA:1307,24
DA:1309,17
DA:1312,7
DA:1313,7
DA:1316,76
DA:1318,76
DA:1319,76
DA:1321,76
DA:1323,140
DA:1324,116
DA:1325,40
DA:1327,20
DA:1328,40
DA:1331,76
DA:1335,1625186
DA:1340,1625186
DA:1342,1104119
DA:1344,1625174
DA:1346,521055
DA:1352,1104131
DA:1354,1104929
DA:1359,1104929
DA:1361,955000
DA:1363,1104923
DA:1365,149923
DA:1371,955006
DA:1373,520257
DA:1378,520257
DA:1380,149119
DA:1382,520251
DA:1384,371132
DA:1390,149125
DA:1393,889742
DA:1395,889742
DA:1396,889742
DA:1397,889742
DA:1399,521067
DA:1403,521067
DA:1405,12
DA:1406,12
DA:1407,12
DA:1410,521055
DA:1411,521055
DA:1412,521055
DA:1415,810
DA:1418,810
DA:1419,810
DA:1426,1104929
DA:1429,1104929
DA:1433,1104929
DA:1435,1104929
DA:1438,1104929
DA:1441,1104929
DA:1442,1104929
DA:1443,1104929
DA:1445,954997
DA:1447,954997
DA:1448,954997
DA:1454,149932
DA:1460,149932
DA:1461,149932
DA:1463,810
DA:1466,810
DA:1467,810
DA:1468,810
DA:1470,519447
DA:1473,519447
DA:1475,519447
DA:1476,519447
DA:1478,370325
DA:1481,149122
DA:1482,149122
DA:1485,12
DA:1487,12
DA:1490,197
DA:1492,197
DA:1495,197
DA:1497,197
DA:1500,1556
DA:1502,1556
DA:1505,197
DA:1507,197
DA:1510,662031
DA:1512,662031
DA:1515,72
DA:1517,72
DA:1520,520319
DA:1522,520319
DA:1525,520319
DA:1527,520319
DA:1530,64
DA:1532,64
DA:1535,505
DA:1537,505
DA:1539,505
DA:1540,505
DA:1541,505
DA:1542,505
DA:1543,505
DA:1544,505
DA:1545,505
DA:1546,505
DA:1547,505
DA:1548,505
DA:1549,505
DA:1550,505
DA:1551,505
DA:1552,505
DA:1553,505
DA:1556,505
DA:1557,505
DA:1558,505
DA:1559,505
DA:1560,505
DA:1561,505
DA:1562,505
DA:1563,505
DA:1564,505
DA:1565,505
DA:1566,505
DA:1568,505
DA:1571,505
DA:1573,505
DA:1576,758
LF:640
LH:640
end_of_record
